#
# A fatal error has been detected by the Java Runtime Environment:
#
#  EXCEPTION_ACCESS_VIOLATION (0xc0000005) at pc=0x00007ffdd3f624b9, pid=4564, tid=2224
#
# JRE version: Java(TM) SE Runtime Environment (8.0_65-b17) (build 1.8.0_65-b17)
# Java VM: Java HotSpot(TM) 64-Bit Server VM (25.65-b01 mixed mode windows-amd64 compressed oops)
# Problematic frame:
# C  [glfw.dll+0x24b9]
#
# Failed to write core dump. Minidumps are not enabled by default on client versions of Windows
#
# If you would like to submit a bug report, please visit:
#   http://bugreport.java.com/bugreport/crash.jsp
# The crash happened outside the Java Virtual Machine in native code.
# See problematic frame for where to report the bug.
#

---------------  T H R E A D  ---------------

Current thread (0x000000001e2af800):  JavaThread "CLIENT" [_thread_in_native, id=2224, stack(0x000000001efb0000,0x000000001f0b0000)]

siginfo: ExceptionCode=0xc0000005, reading address 0x0000000000000000

Registers:
RAX=0x0000000000000000, RBX=0x000000001ba6ff50, RCX=0x0000000000000000, RDX=0x0000000000000000
RSP=0x000000001f0af3c0, RBP=0x000000001f0af478, RSI=0x0000000000000108, RDI=0x0000000000467b80
R8 =0x000000001f0af3b8, R9 =0x000000001f0af478, R10=0x0000000000000000, R11=0x0000000000000246
R12=0x0000000000000000, R13=0x000000001ba6ff50, R14=0x000000001f0af4b0, R15=0x000000001e2af800
RIP=0x00007ffdd3f624b9, EFLAGS=0x0000000000010283

Top of Stack: (sp=0x000000001f0af3c0)
0x000000001f0af3c0:   000000001e2af800 000000001e2af800
0x000000001f0af3d0:   000000001e2af800 000000001e2af800
0x000000001f0af3e0:   00000000000007ce 000000000266dfcc
0x000000001f0af3f0:   000000001ba6ff50 0000000070615005
0x000000001f0af400:   000000001ba16ce0 000000000264e1e0
0x000000001f0af410:   000000000000000e 000000001e2af800
0x000000001f0af420:   000000001ba8e710 000000007052aea4
0x000000001f0af430:   000000001e2af800 000000001f0af438
0x000000001f0af440:   0000000000000000 000000001f0af4b0
0x000000001f0af450:   000000001ba706f0 0000000000000000
0x000000001f0af460:   000000001ba6ff50 0000000000000000
0x000000001f0af470:   000000001f0af498 000000001f0af4f8
0x000000001f0af480:   0000000002657d8d 00000006c2804010
0x000000001f0af490:   00000000026642f8 0000000000467b80
0x000000001f0af4a0:   00000000026578a0 00007ffdd3f62420
0x000000001f0af4b0:   0000000000000001 000000001f0af4b8 

Instructions: (pc=0x00007ffdd3f624b9)
0x00007ffdd3f62499:   48 8b cf e8 1f 3a 00 00 48 39 3d f0 d5 02 00 48
0x00007ffdd3f624a9:   8d 0d e9 d5 02 00 48 8b 5c 24 30 74 08 48 8b 09
0x00007ffdd3f624b9:   48 39 39 75 f8 48 8b 07 48 89 01 48 8b cf 48 83
0x00007ffdd3f624c9:   c4 20 5f e9 5b fe 00 00 48 83 c4 20 5f c3 cc cc 


Register to memory mapping:

RAX=0x0000000000000000 is an unknown value
RBX={method} {0x000000001ba6ff58} 'invokePV' '(JJ)V' in 'org/lwjgl/system/JNI'
RCX=0x0000000000000000 is an unknown value
RDX=0x0000000000000000 is an unknown value
RSP=0x000000001f0af3c0 is pointing into the stack for thread: 0x000000001e2af800
RBP=0x000000001f0af478 is pointing into the stack for thread: 0x000000001e2af800
RSI=0x0000000000000108 is an unknown value
RDI=0x0000000000467b80 is an unknown value
R8 =0x000000001f0af3b8 is pointing into the stack for thread: 0x000000001e2af800
R9 =0x000000001f0af478 is pointing into the stack for thread: 0x000000001e2af800
R10=0x0000000000000000 is an unknown value
R11=0x0000000000000246 is an unknown value
R12=0x0000000000000000 is an unknown value
R13={method} {0x000000001ba6ff58} 'invokePV' '(JJ)V' in 'org/lwjgl/system/JNI'
R14=0x000000001f0af4b0 is pointing into the stack for thread: 0x000000001e2af800
R15=0x000000001e2af800 is a thread


Stack: [0x000000001efb0000,0x000000001f0b0000],  sp=0x000000001f0af3c0,  free space=1020k
Native frames: (J=compiled Java code, j=interpreted, Vv=VM code, C=native code)
C  [glfw.dll+0x24b9]
C  0x000000000266dfcc

Java frames: (J=compiled Java code, j=interpreted, Vv=VM code)
j  org.lwjgl.system.JNI.invokePV(JJ)V+0
j  org.lwjgl.glfw.GLFW.glfwDestroyCursor(J)V+20
j  main.client.Window.destroyWindow()V+9
j  main.coreEngine.Engine.stop()V+70
j  main.client.Window.update()V+33
j  main.client.renderEngine.RenderEngine.render()V+38
j  main.client.ClientThread.tick()V+12
j  main.coreEngine.TickableThread.run()V+469
v  ~StubRoutines::call_stub

---------------  P R O C E S S  ---------------

Java Threads: ( => current thread )
  0x000000001e2b0800 JavaThread "SERVER" [_thread_in_Java, id=1088, stack(0x000000001f0b0000,0x000000001f1b0000)]
=>0x000000001e2af800 JavaThread "CLIENT" [_thread_in_native, id=2224, stack(0x000000001efb0000,0x000000001f0b0000)]
  0x000000001e1b0000 JavaThread "Service Thread" daemon [_thread_blocked, id=7360, stack(0x000000001edb0000,0x000000001eeb0000)]
  0x000000001e112800 JavaThread "C1 CompilerThread3" daemon [_thread_blocked, id=7488, stack(0x000000001ecb0000,0x000000001edb0000)]
  0x000000001e10a000 JavaThread "C2 CompilerThread2" daemon [_thread_blocked, id=5676, stack(0x000000001ebb0000,0x000000001ecb0000)]
  0x000000001e109000 JavaThread "C2 CompilerThread1" daemon [_thread_blocked, id=5324, stack(0x000000001eab0000,0x000000001ebb0000)]
  0x000000001e10d800 JavaThread "C2 CompilerThread0" daemon [_thread_blocked, id=5880, stack(0x000000001e9b0000,0x000000001eab0000)]
  0x000000001e0f2800 JavaThread "JDWP Command Reader" daemon [_thread_in_native, id=9712, stack(0x000000001e8b0000,0x000000001e9b0000)]
  0x000000001e0ef800 JavaThread "JDWP Event Helper Thread" daemon [_thread_blocked, id=13040, stack(0x000000001e7b0000,0x000000001e8b0000)]
  0x000000001e0e0000 JavaThread "JDWP Transport Listener: dt_socket" daemon [_thread_blocked, id=7540, stack(0x000000001e6b0000,0x000000001e7b0000)]
  0x000000001e0d7000 JavaThread "Attach Listener" daemon [_thread_blocked, id=7480, stack(0x000000001e5b0000,0x000000001e6b0000)]
  0x000000001e0d5800 JavaThread "Signal Dispatcher" daemon [_thread_blocked, id=13560, stack(0x000000001e4b0000,0x000000001e5b0000)]
  0x000000000264a000 JavaThread "Finalizer" daemon [_thread_blocked, id=7548, stack(0x000000001ded0000,0x000000001dfd0000)]
  0x000000001bfed000 JavaThread "Reference Handler" daemon [_thread_blocked, id=9880, stack(0x000000001ddd0000,0x000000001ded0000)]
  0x00000000023be000 JavaThread "main" [_thread_in_Java, id=2236, stack(0x0000000002450000,0x0000000002550000)]

Other Threads:
  0x000000001bfe8800 VMThread [stack: 0x000000001dcd0000,0x000000001ddd0000] [id=3836]
  0x000000001e1b9800 WatcherThread [stack: 0x000000001eeb0000,0x000000001efb0000] [id=8504]

VM state:not at safepoint (normal execution)

VM Mutex/Monitor currently owned by a thread: None

Heap:
 PSYoungGen      total 580096K, used 155986K [0x000000076b800000, 0x0000000793b80000, 0x00000007c0000000)
  eden space 572928K, 27% used [0x000000076b800000,0x0000000775024a50,0x000000078e780000)
  from space 7168K, 2% used [0x0000000792d80000,0x0000000792db0000,0x0000000793480000)
  to   space 6656K, 0% used [0x0000000793500000,0x0000000793500000,0x0000000793b80000)
 ParOldGen       total 173568K, used 18045K [0x00000006c2800000, 0x00000006cd180000, 0x000000076b800000)
  object space 173568K, 10% used [0x00000006c2800000,0x00000006c399f5c0,0x00000006cd180000)
 Metaspace       used 8345K, capacity 8710K, committed 8960K, reserved 1056768K
  class space    used 660K, capacity 690K, committed 768K, reserved 1048576K

Card table byte_map: [0x0000000011a10000,0x0000000012200000] byte_map_base: 0x000000000e3fc000

Marking Bits: (ParMarkBitMap*) 0x0000000070c0a5b0
 Begin Bits: [0x0000000012f50000, 0x0000000016eb0000)
 End Bits:   [0x0000000016eb0000, 0x000000001ae10000)

Polling page: 0x0000000000ca0000

CodeCache: size=245760Kb used=3961Kb max_used=3972Kb free=241798Kb
 bounds [0x0000000002650000, 0x0000000002a40000, 0x0000000011650000]
 total_blobs=1416 nmethods=760 adapters=577
 compilation: enabled

Compilation events (10 events):
Event: 3.986 Thread 0x000000001e112800  760       3       main.client.Window::getWidth (20 bytes)
Event: 3.986 Thread 0x000000001e112800 nmethod 760 0x0000000002a2e410 code [0x0000000002a2e580, 0x0000000002a2e7d8]
Event: 3.986 Thread 0x000000001e112800  761       3       main.client.Window::getHeight (21 bytes)
Event: 3.986 Thread 0x000000001e112800 nmethod 761 0x0000000002a2e890 code [0x0000000002a2ea00, 0x0000000002a2ec58]
Event: 3.986 Thread 0x000000001e112800  758       3       org.lwjgl.glfw.GLFW::glfwGetCursorPos (37 bytes)
Event: 3.987 Thread 0x000000001e112800 nmethod 758 0x0000000002a2ed10 code [0x0000000002a2ef60, 0x0000000002a2fd38]
Event: 3.987 Thread 0x000000001e112800  759       3       main.coreEngine.util.maths.Vector3f::add (72 bytes)
Event: 3.987 Thread 0x000000001e112800 nmethod 759 0x0000000002a30650 code [0x0000000002a307e0, 0x0000000002a30c30]
Event: 4.051 Thread 0x000000001e10a000  762       4       org.lwjgl.opengl.GL::getCapabilities (26 bytes)
Event: 4.053 Thread 0x000000001e10a000 nmethod 762 0x0000000002a33c90 code [0x0000000002a33de0, 0x0000000002a33f58]

GC Heap History (10 events):
Event: 2.305 GC heap before
{Heap before GC invocations=13 (full 0):
 PSYoungGen      total 418304K, used 410784K [0x000000076b800000, 0x0000000785800000, 0x00000007c0000000)
  eden space 410624K, 100% used [0x000000076b800000,0x0000000784900000,0x0000000784900000)
  from space 7680K, 2% used [0x0000000785080000,0x00000007850a8000,0x0000000785800000)
  to   space 7680K, 0% used [0x0000000784900000,0x0000000784900000,0x0000000785080000)
 ParOldGen       total 173568K, used 17957K [0x00000006c2800000, 0x00000006cd180000, 0x000000076b800000)
  object space 173568K, 10% used [0x00000006c2800000,0x00000006c39895c0,0x00000006cd180000)
 Metaspace       used 8303K, capacity 8710K, committed 8960K, reserved 1056768K
  class space    used 660K, capacity 690K, committed 768K, reserved 1048576K
Event: 2.306 GC heap after
Heap after GC invocations=13 (full 0):
 PSYoungGen      total 418304K, used 192K [0x000000076b800000, 0x0000000794900000, 0x00000007c0000000)
  eden space 410624K, 0% used [0x000000076b800000,0x000000076b800000,0x0000000784900000)
  from space 7680K, 2% used [0x0000000784900000,0x0000000784930000,0x0000000785080000)
  to   space 7680K, 0% used [0x0000000794180000,0x0000000794180000,0x0000000794900000)
 ParOldGen       total 173568K, used 18013K [0x00000006c2800000, 0x00000006cd180000, 0x000000076b800000)
  object space 173568K, 10% used [0x00000006c2800000,0x00000006c39975c0,0x00000006cd180000)
 Metaspace       used 8303K, capacity 8710K, committed 8960K, reserved 1056768K
  class space    used 660K, capacity 690K, committed 768K, reserved 1048576K
}
Event: 2.606 GC heap before
{Heap before GC invocations=14 (full 0):
 PSYoungGen      total 418304K, used 410816K [0x000000076b800000, 0x0000000794900000, 0x00000007c0000000)
  eden space 410624K, 100% used [0x000000076b800000,0x0000000784900000,0x0000000784900000)
  from space 7680K, 2% used [0x0000000784900000,0x0000000784930000,0x0000000785080000)
  to   space 7680K, 0% used [0x0000000794180000,0x0000000794180000,0x0000000794900000)
 ParOldGen       total 173568K, used 18013K [0x00000006c2800000, 0x00000006cd180000, 0x000000076b800000)
  object space 173568K, 10% used [0x00000006c2800000,0x00000006c39975c0,0x00000006cd180000)
 Metaspace       used 8308K, capacity 8710K, committed 8960K, reserved 1056768K
  class space    used 660K, capacity 690K, committed 768K, reserved 1048576K
Event: 2.607 GC heap after
Heap after GC invocations=14 (full 0):
 PSYoungGen      total 665088K, used 160K [0x000000076b800000, 0x0000000794900000, 0x00000007c0000000)
  eden space 657408K, 0% used [0x000000076b800000,0x000000076b800000,0x0000000793a00000)
  from space 7680K, 2% used [0x0000000794180000,0x00000007941a8000,0x0000000794900000)
  to   space 7680K, 0% used [0x0000000793a00000,0x0000000793a00000,0x0000000794180000)
 ParOldGen       total 173568K, used 18013K [0x00000006c2800000, 0x00000006cd180000, 0x000000076b800000)
  object space 173568K, 10% used [0x00000006c2800000,0x00000006c39975c0,0x00000006cd180000)
 Metaspace       used 8308K, capacity 8710K, committed 8960K, reserved 1056768K
  class space    used 660K, capacity 690K, committed 768K, reserved 1048576K
}
Event: 3.121 GC heap before
{Heap before GC invocations=15 (full 0):
 PSYoungGen      total 665088K, used 657568K [0x000000076b800000, 0x0000000794900000, 0x00000007c0000000)
  eden space 657408K, 100% used [0x000000076b800000,0x0000000793a00000,0x0000000793a00000)
  from space 7680K, 2% used [0x0000000794180000,0x00000007941a8000,0x0000000794900000)
  to   space 7680K, 0% used [0x0000000793a00000,0x0000000793a00000,0x0000000794180000)
 ParOldGen       total 173568K, used 18013K [0x00000006c2800000, 0x00000006cd180000, 0x000000076b800000)
  object space 173568K, 10% used [0x00000006c2800000,0x00000006c39975c0,0x00000006cd180000)
 Metaspace       used 8330K, capacity 8710K, committed 8960K, reserved 1056768K
  class space    used 660K, capacity 690K, committed 768K, reserved 1048576K
Event: 3.121 GC heap after
Heap after GC invocations=15 (full 0):
 PSYoungGen      total 628224K, used 160K [0x000000076b800000, 0x0000000794200000, 0x00000007c0000000)
  eden space 627712K, 0% used [0x000000076b800000,0x000000076b800000,0x0000000791d00000)
  from space 512K, 31% used [0x0000000793a00000,0x0000000793a28000,0x0000000793a80000)
  to   space 7168K, 0% used [0x0000000793b00000,0x0000000793b00000,0x0000000794200000)
 ParOldGen       total 173568K, used 18021K [0x00000006c2800000, 0x00000006cd180000, 0x000000076b800000)
  object space 173568K, 10% used [0x00000006c2800000,0x00000006c39995c0,0x00000006cd180000)
 Metaspace       used 8330K, capacity 8710K, committed 8960K, reserved 1056768K
  class space    used 660K, capacity 690K, committed 768K, reserved 1048576K
}
Event: 3.631 GC heap before
{Heap before GC invocations=16 (full 0):
 PSYoungGen      total 628224K, used 627872K [0x000000076b800000, 0x0000000794200000, 0x00000007c0000000)
  eden space 627712K, 100% used [0x000000076b800000,0x0000000791d00000,0x0000000791d00000)
  from space 512K, 31% used [0x0000000793a00000,0x0000000793a28000,0x0000000793a80000)
  to   space 7168K, 0% used [0x0000000793b00000,0x0000000793b00000,0x0000000794200000)
 ParOldGen       total 173568K, used 18021K [0x00000006c2800000, 0x00000006cd180000, 0x000000076b800000)
  object space 173568K, 10% used [0x00000006c2800000,0x00000006c39995c0,0x00000006cd180000)
 Metaspace       used 8337K, capacity 8710K, committed 8960K, reserved 1056768K
  class space    used 660K, capacity 690K, committed 768K, reserved 1048576K
Event: 3.632 GC heap after
Heap after GC invocations=16 (full 0):
 PSYoungGen      total 600064K, used 160K [0x000000076b800000, 0x0000000793b80000, 0x00000007c0000000)
  eden space 599552K, 0% used [0x000000076b800000,0x000000076b800000,0x0000000790180000)
  from space 512K, 31% used [0x0000000793b00000,0x0000000793b28000,0x0000000793b80000)
  to   space 7168K, 0% used [0x0000000792d80000,0x0000000792d80000,0x0000000793480000)
 ParOldGen       total 173568K, used 18045K [0x00000006c2800000, 0x00000006cd180000, 0x000000076b800000)
  object space 173568K, 10% used [0x00000006c2800000,0x00000006c399f5c0,0x00000006cd180000)
 Metaspace       used 8337K, capacity 8710K, committed 8960K, reserved 1056768K
  class space    used 660K, capacity 690K, committed 768K, reserved 1048576K
}
Event: 4.093 GC heap before
{Heap before GC invocations=17 (full 0):
 PSYoungGen      total 600064K, used 599712K [0x000000076b800000, 0x0000000793b80000, 0x00000007c0000000)
  eden space 599552K, 100% used [0x000000076b800000,0x0000000790180000,0x0000000790180000)
  from space 512K, 31% used [0x0000000793b00000,0x0000000793b28000,0x0000000793b80000)
  to   space 7168K, 0% used [0x0000000792d80000,0x0000000792d80000,0x0000000793480000)
 ParOldGen       total 173568K, used 18045K [0x00000006c2800000, 0x00000006cd180000, 0x000000076b800000)
  object space 173568K, 10% used [0x00000006c2800000,0x00000006c399f5c0,0x00000006cd180000)
 Metaspace       used 8345K, capacity 8710K, committed 8960K, reserved 1056768K
  class space    used 660K, capacity 690K, committed 768K, reserved 1048576K
Event: 4.094 GC heap after
Heap after GC invocations=17 (full 0):
 PSYoungGen      total 580096K, used 192K [0x000000076b800000, 0x0000000793b80000, 0x00000007c0000000)
  eden space 572928K, 0% used [0x000000076b800000,0x000000076b800000,0x000000078e780000)
  from space 7168K, 2% used [0x0000000792d80000,0x0000000792db0000,0x0000000793480000)
  to   space 6656K, 0% used [0x0000000793500000,0x0000000793500000,0x0000000793b80000)
 ParOldGen       total 173568K, used 18045K [0x00000006c2800000, 0x00000006cd180000, 0x000000076b800000)
  object space 173568K, 10% used [0x00000006c2800000,0x00000006c399f5c0,0x00000006cd180000)
 Metaspace       used 8345K, capacity 8710K, committed 8960K, reserved 1056768K
  class space    used 660K, capacity 690K, committed 768K, reserved 1048576K
}

Deoptimization events (10 events):
Event: 1.382 Thread 0x000000001e2af800 Uncommon trap: reason=array_check action=maybe_recompile pc=0x00000000029164c0 method=java.util.AbstractCollection.toArray([Ljava/lang/Object;)[Ljava/lang/Object; @ 119
Event: 1.382 Thread 0x000000001e2af800 Uncommon trap: reason=array_check action=maybe_recompile pc=0x00000000029164c0 method=java.util.AbstractCollection.toArray([Ljava/lang/Object;)[Ljava/lang/Object; @ 119
Event: 1.382 Thread 0x000000001e2af800 Uncommon trap: reason=array_check action=maybe_recompile pc=0x00000000029164c0 method=java.util.AbstractCollection.toArray([Ljava/lang/Object;)[Ljava/lang/Object; @ 119
Event: 1.454 Thread 0x000000001e2af800 Uncommon trap: reason=unstable_if action=reinterpret pc=0x000000000292f5dc method=sun.misc.FloatingDecimal.readJavaFormatString(Ljava/lang/String;)Lsun/misc/FloatingDecimal$ASCIIToBinaryConverter; @ 445
Event: 1.454 Thread 0x000000001e2af800 Uncommon trap: reason=unstable_if action=reinterpret pc=0x0000000002922464 method=sun.misc.FloatingDecimal$ASCIIToBinaryBuffer.floatValue()F @ 190
Event: 1.734 Thread 0x000000001e2af800 Uncommon trap: reason=unstable_if action=reinterpret pc=0x000000000298db90 method=main.client.renderEngine.mesh.Mesh.compile(Ljava/util/List;)Lmain/client/renderEngine/mesh/Mesh; @ 101
Event: 1.824 Thread 0x000000001e2af800 Uncommon trap: reason=unstable_if action=reinterpret pc=0x00000000029e69e8 method=main.client.renderEngine.mesh.Mesh.compile(Ljava/util/List;)Lmain/client/renderEngine/mesh/Mesh; @ 797
Event: 1.837 Thread 0x000000001e2af800 Uncommon trap: reason=unstable_if action=reinterpret pc=0x00000000029020d0 method=main.coreEngine.TickableThread.run()V @ 461
Event: 1.845 Thread 0x000000001e2b0800 Uncommon trap: reason=unstable_if action=reinterpret pc=0x00000000029020d0 method=main.coreEngine.TickableThread.run()V @ 461
Event: 1.862 Thread 0x00000000023be000 Uncommon trap: reason=unstable_if action=reinterpret pc=0x0000000002992104 method=main.coreEngine.Engine.start()V @ 163

Internal exceptions (8 events):
Event: 0.036 Thread 0x00000000023be000 Exception <a 'java/lang/NoSuchMethodError': Method sun.misc.Unsafe.defineClass(Ljava/lang/String;[BII)Ljava/lang/Class; name or signature does not match> (0x000000076b80da30) thrown at [C:\workspace\8-2-build-windows-amd64-cygwin\jdk8u65\4987\hotspot\src\s!^¦M£¢?
Event: 0.036 Thread 0x00000000023be000 Exception <a 'java/lang/NoSuchMethodError': Method sun.misc.Unsafe.prefetchRead(Ljava/lang/Object;J)V name or signature does not match> (0x000000076b80dd18) thrown at [C:\workspace\8-2-build-windows-amd64-cygwin\jdk8u65\4987\hotspot\src\share\vm\prims\jni.™ˆpŒ`à?
Event: 0.512 Thread 0x000000001e2af800 Exception <a 'java/security/PrivilegedActionException'> (0x000000076b99ddd8) thrown at [C:\workspace\8-2-build-windows-amd64-cygwin\jdk8u65\4987\hotspot\src\share\vm\prims\jvm.cpp, line 1386]
Event: 0.512 Thread 0x000000001e2af800 Exception <a 'java/security/PrivilegedActionException'> (0x000000076b99e1d0) thrown at [C:\workspace\8-2-build-windows-amd64-cygwin\jdk8u65\4987\hotspot\src\share\vm\prims\jvm.cpp, line 1386]
Event: 0.513 Thread 0x000000001e2af800 Exception <a 'java/security/PrivilegedActionException'> (0x000000076b9a23e8) thrown at [C:\workspace\8-2-build-windows-amd64-cygwin\jdk8u65\4987\hotspot\src\share\vm\prims\jvm.cpp, line 1386]
Event: 0.513 Thread 0x000000001e2af800 Exception <a 'java/security/PrivilegedActionException'> (0x000000076b9a27e0) thrown at [C:\workspace\8-2-build-windows-amd64-cygwin\jdk8u65\4987\hotspot\src\share\vm\prims\jvm.cpp, line 1386]
Event: 0.520 Thread 0x000000001e2af800 Implicit null exception at 0x00000000027aabf9 to 0x00000000027aafb9
Event: 1.238 Thread 0x00000000023be000 Implicit null exception at 0x00000000027b623c to 0x00000000027b6809

Events (10 events):
Event: 2.606 Executing VM operation: ParallelGCFailedAllocation
Event: 2.607 Executing VM operation: ParallelGCFailedAllocation done
Event: 3.120 Executing VM operation: ParallelGCFailedAllocation
Event: 3.121 Executing VM operation: ParallelGCFailedAllocation done
Event: 3.631 Executing VM operation: ParallelGCFailedAllocation
Event: 3.632 Executing VM operation: ParallelGCFailedAllocation done
Event: 4.088 Executing VM operation: EnableBiasedLocking
Event: 4.088 Executing VM operation: EnableBiasedLocking done
Event: 4.093 Executing VM operation: ParallelGCFailedAllocation
Event: 4.094 Executing VM operation: ParallelGCFailedAllocation done


Dynamic libraries:
0x00007ff67ba00000 - 0x00007ff67ba37000 	C:\Program Files\Java\jdk1.8.0_65\bin\java.exe
0x00007ffde4980000 - 0x00007ffde4b41000 	C:\WINDOWS\SYSTEM32\ntdll.dll
0x00007ffde42a0000 - 0x00007ffde434d000 	C:\WINDOWS\system32\KERNEL32.DLL
0x00007ffde19f0000 - 0x00007ffde1bd8000 	C:\WINDOWS\system32\KERNELBASE.dll
0x00007ffde1e70000 - 0x00007ffde1f17000 	C:\WINDOWS\system32\ADVAPI32.dll
0x00007ffde3800000 - 0x00007ffde389d000 	C:\WINDOWS\system32\msvcrt.dll
0x00007ffde1e10000 - 0x00007ffde1e6b000 	C:\WINDOWS\system32\sechost.dll
0x00007ffde3bd0000 - 0x00007ffde3cec000 	C:\WINDOWS\system32\RPCRT4.dll
0x00007ffde3fe0000 - 0x00007ffde4136000 	C:\WINDOWS\system32\USER32.dll
0x00007ffde3cf0000 - 0x00007ffde3e76000 	C:\WINDOWS\system32\GDI32.dll
0x00007ffddd690000 - 0x00007ffddd904000 	C:\WINDOWS\WinSxS\amd64_microsoft.windows.common-controls_6595b64144ccf1df_6.0.10586.0_none_8c15ae12515e1c22\COMCTL32.dll
0x00007ffde3950000 - 0x00007ffde3bcd000 	C:\WINDOWS\system32\combase.dll
0x00007ffde1cf0000 - 0x00007ffde1d5a000 	C:\WINDOWS\system32\bcryptPrimitives.dll
0x00007ffde1dc0000 - 0x00007ffde1dfb000 	C:\WINDOWS\system32\IMM32.DLL
0x0000000070c90000 - 0x0000000070d62000 	C:\Program Files\Java\jdk1.8.0_65\jre\bin\msvcr100.dll
0x0000000070400000 - 0x0000000070c89000 	C:\Program Files\Java\jdk1.8.0_65\jre\bin\server\jvm.dll
0x00007ffde4290000 - 0x00007ffde4298000 	C:\WINDOWS\system32\PSAPI.DLL
0x00007ffdd8550000 - 0x00007ffdd8559000 	C:\WINDOWS\SYSTEM32\WSOCK32.dll
0x00007ffddf730000 - 0x00007ffddf753000 	C:\WINDOWS\SYSTEM32\WINMM.dll
0x00007ffddd9c0000 - 0x00007ffddd9ca000 	C:\WINDOWS\SYSTEM32\VERSION.dll
0x00007ffde4470000 - 0x00007ffde44db000 	C:\WINDOWS\system32\WS2_32.dll
0x00007ffddf6d0000 - 0x00007ffddf6fc000 	C:\WINDOWS\SYSTEM32\WINMMBASE.dll
0x00007ffde1be0000 - 0x00007ffde1c23000 	C:\WINDOWS\system32\cfgmgr32.dll
0x00000000703f0000 - 0x00000000703ff000 	C:\Program Files\Java\jdk1.8.0_65\jre\bin\verify.dll
0x00000000703c0000 - 0x00000000703e9000 	C:\Program Files\Java\jdk1.8.0_65\jre\bin\java.dll
0x0000000070380000 - 0x00000000703b5000 	C:\Program Files\Java\jdk1.8.0_65\jre\bin\jdwp.dll
0x0000000070370000 - 0x0000000070378000 	C:\Program Files\Java\jdk1.8.0_65\jre\bin\npt.dll
0x0000000070350000 - 0x0000000070366000 	C:\Program Files\Java\jdk1.8.0_65\jre\bin\zip.dll
0x00007ffde1f80000 - 0x00007ffde34dc000 	C:\WINDOWS\system32\SHELL32.dll
0x00007ffde11d0000 - 0x00007ffde1815000 	C:\WINDOWS\system32\windows.storage.dll
0x00007ffde36b0000 - 0x00007ffde3702000 	C:\WINDOWS\system32\shlwapi.dll
0x00007ffde0fb0000 - 0x00007ffde0fbf000 	C:\WINDOWS\system32\kernel.appcore.dll
0x00007ffde1c30000 - 0x00007ffde1ce5000 	C:\WINDOWS\system32\shcore.dll
0x00007ffde0fc0000 - 0x00007ffde100b000 	C:\WINDOWS\system32\powrprof.dll
0x00007ffde0f80000 - 0x00007ffde0f94000 	C:\WINDOWS\system32\profapi.dll
0x0000000070340000 - 0x0000000070349000 	C:\Program Files\Java\jdk1.8.0_65\jre\bin\dt_socket.dll
0x00007ffde08b0000 - 0x00007ffde090c000 	C:\WINDOWS\system32\mswsock.dll
0x00007ffdd43a0000 - 0x00007ffdd4428000 	D:\Code\Java\Projects\WireEngine20\lib\native\lwjgl.dll
0x00007ffde0a80000 - 0x00007ffde0a8b000 	C:\WINDOWS\SYSTEM32\CRYPTBASE.DLL
0x00007ffdd4610000 - 0x00007ffdd4652000 	D:\Code\Java\Projects\WireEngine20\lib\native\jemalloc.dll
0x00007ffdd3f60000 - 0x00007ffdd3f98000 	D:\Code\Java\Projects\WireEngine20\lib\native\glfw.dll
0x00007ffddf850000 - 0x00007ffddf8e6000 	C:\WINDOWS\system32\uxtheme.dll
0x00007ffdde650000 - 0x00007ffdde672000 	C:\WINDOWS\SYSTEM32\dwmapi.dll
0x00007ffdc8b70000 - 0x00007ffdc8c99000 	C:\WINDOWS\SYSTEM32\opengl32.dll
0x00007ffdcfb70000 - 0x00007ffdcfb9e000 	C:\WINDOWS\SYSTEM32\GLU32.dll
0x00007ffdc68b0000 - 0x00007ffdc69aa000 	C:\WINDOWS\SYSTEM32\DDRAW.dll
0x00007ffdd47a0000 - 0x00007ffdd47a8000 	C:\WINDOWS\SYSTEM32\DCIMAN32.dll
0x00007ffde3e80000 - 0x00007ffde3fda000 	C:\WINDOWS\system32\MSCTF.dll
0x00007ffdcb820000 - 0x00007ffdcb869000 	C:\Program Files (x86)\TeamViewer\tv_x64.dll
0x00007ffde4140000 - 0x00007ffde4283000 	C:\WINDOWS\system32\ole32.dll
0x000000006e3c0000 - 0x0000000070109000 	C:\WINDOWS\SYSTEM32\nvoglv64.DLL
0x00007ffde4550000 - 0x00007ffde4979000 	C:\WINDOWS\system32\SETUPAPI.dll
0x00007ffddf2f0000 - 0x00007ffddf303000 	C:\WINDOWS\SYSTEM32\WTSAPI32.dll
0x00007ffddf9a0000 - 0x00007ffddf9c7000 	C:\WINDOWS\SYSTEM32\DEVOBJ.dll
0x00007ffde1170000 - 0x00007ffde11c5000 	C:\WINDOWS\system32\WINTRUST.dll
0x00007ffde0fa0000 - 0x00007ffde0fb0000 	C:\WINDOWS\system32\MSASN1.dll
0x00007ffde1820000 - 0x00007ffde19e7000 	C:\WINDOWS\system32\CRYPT32.dll
0x00007ffde04d0000 - 0x00007ffde0501000 	C:\WINDOWS\SYSTEM32\ntmarta.dll
0x00007ffde0220000 - 0x00007ffde0276000 	C:\WINDOWS\SYSTEM32\WINSTA.dll
0x00007ffde38a0000 - 0x00007ffde3947000 	C:\WINDOWS\system32\clbcatq.dll
0x00007ffdddd50000 - 0x00007ffdddd75000 	C:\Program Files (x86)\Samsung\Easy Printer Manager\SmartScreenPrint\CDAKEYMonitor64.dll
0x00007ffde3730000 - 0x00007ffde37f1000 	C:\WINDOWS\system32\OLEAUT32.dll
0x00007ffdb9de0000 - 0x00007ffdb9f6c000 	C:\WINDOWS\SYSTEM32\dbghelp.dll

VM Arguments:
jvm_args: -agentlib:jdwp=transport=dt_socket,address=127.0.0.1:61517,suspend=y,server=n -Djava.library.path=lib/native/ -Dfile.encoding=UTF-8 
java_command: main.Main
java_class_path (initial): C:\Program Files\Java\jdk1.8.0_65\jre\lib\charsets.jar;C:\Program Files\Java\jdk1.8.0_65\jre\lib\deploy.jar;C:\Program Files\Java\jdk1.8.0_65\jre\lib\ext\access-bridge-64.jar;C:\Program Files\Java\jdk1.8.0_65\jre\lib\ext\cldrdata.jar;C:\Program Files\Java\jdk1.8.0_65\jre\lib\ext\dnsns.jar;C:\Program Files\Java\jdk1.8.0_65\jre\lib\ext\jaccess.jar;C:\Program Files\Java\jdk1.8.0_65\jre\lib\ext\jfxrt.jar;C:\Program Files\Java\jdk1.8.0_65\jre\lib\ext\localedata.jar;C:\Program Files\Java\jdk1.8.0_65\jre\lib\ext\nashorn.jar;C:\Program Files\Java\jdk1.8.0_65\jre\lib\ext\sunec.jar;C:\Program Files\Java\jdk1.8.0_65\jre\lib\ext\sunjce_provider.jar;C:\Program Files\Java\jdk1.8.0_65\jre\lib\ext\sunmscapi.jar;C:\Program Files\Java\jdk1.8.0_65\jre\lib\ext\sunpkcs11.jar;C:\Program Files\Java\jdk1.8.0_65\jre\lib\ext\zipfs.jar;C:\Program Files\Java\jdk1.8.0_65\jre\lib\javaws.jar;C:\Program Files\Java\jdk1.8.0_65\jre\lib\jce.jar;C:\Program Files\Java\jdk1.8.0_65\jre\lib\jfr.jar;C:\Program Files\Java\jdk1.8.0_65\jre\lib\jfxswt.jar;C:\Program Files\Java\jdk1.8.0_65\jre\lib\jsse.jar;C:\Program Files\Java\jdk1.8.0_65\jre\lib\management-agent.jar;C:\Program Files\Java\jdk1.8.0_65\jre\lib\plugin.jar;C:\Program Files\Java\jdk1.8.0_65\jre\lib\resources.jar;C:\Program Files\Java\jdk1.8.0_65\jre\lib\rt.jar;D:\Code\Java\Projects\WireEngine20\out\production\WireEngine20;D:\Code\Java\Projects\WireEngine20\lib\jar\lwjgl.jar;D:\Code\Java\Projects\WireEngine20\lib\jar\slick-util.jar;D:\Program Files (x86)\JetBrains\IntelliJ IDEA 2016.1\lib\idea_rt.jar
Launcher Type: SUN_STANDARD

Environment Variables:
JAVA_HOME=C:\Program Files\Java\jdk1.8.0_65
PATH=C:\ProgramData\Oracle\Java\javapath;C:\Program Files (x86)\Razer Chroma SDK\bin;C:\Program Files\Razer Chroma SDK\bin;C:\Program Files (x86)\NVIDIA Corporation\PhysX\Common;C:\Program Files (x86)\Intel\iCLS Client\;C:\Program Files\Intel\iCLS Client\;C:\Windows\system32;C:\Windows;C:\Windows\System32\Wbem;C:\Windows\System32\WindowsPowerShell\v1.0\;C:\Program Files\Intel\Intel(R) Management Engine Components\DAL;C:\Program Files (x86)\Intel\Intel(R) Management Engine Components\DAL;C:\Program Files\Intel\Intel(R) Management Engine Components\IPT;C:\Program Files (x86)\Intel\Intel(R) Management Engine Components\IPT;C:\Program Files\Java\jre1.8.0_65\bin;C:\MinGW\bin;C:\WINDOWS\system32;C:\WINDOWS;C:\WINDOWS\System32\Wbem;C:\WINDOWS\System32\WindowsPowerShell\v1.0\;D:\Program Files (x86)\CMake\bin;D:\Program Files\Programs\Python\Python35-32;D:\Program Files\Programs\Python\Python35-32\Scripts;C:\Program Files (x86)\Skype\Phone\;D:\Program Files\Programs\Python\Python35-32\Scripts\;D:\Program Files\Programs\Python\Python35-32\
USERNAME=Kelan
OS=Windows_NT
PROCESSOR_IDENTIFIER=Intel64 Family 6 Model 60 Stepping 3, GenuineIntel



---------------  S Y S T E M  ---------------

OS: Windows 10.0 , 64 bit Build 10586 (10.0.10586.0)

CPU:total 8 (4 cores per cpu, 2 threads per core) family 6 model 60 stepping 3, cmov, cx8, fxsr, mmx, sse, sse2, sse3, ssse3, sse4.1, sse4.2, popcnt, avx, avx2, aes, clmul, erms, lzcnt, ht, tsc, tscinvbit, bmi1, bmi2

Memory: 4k page, physical 16609500k(643972k free), swap 33386716k(13059860k free)

vm_info: Java HotSpot(TM) 64-Bit Server VM (25.65-b01) for windows-amd64 JRE (1.8.0_65-b17), built on Oct  6 2015 16:39:20 by "java_re" with MS VC++ 10.0 (VS2010)

time: Thu Apr 14 14:11:55 2016
elapsed time: 4 seconds (0d 0h 0m 4s)

