#
# A fatal error has been detected by the Java Runtime Environment:
#
#  EXCEPTION_ACCESS_VIOLATION (0xc0000005) at pc=0x00007ffdd45924b9, pid=1040, tid=7096
#
# JRE version: Java(TM) SE Runtime Environment (8.0_65-b17) (build 1.8.0_65-b17)
# Java VM: Java HotSpot(TM) 64-Bit Server VM (25.65-b01 mixed mode windows-amd64 compressed oops)
# Problematic frame:
# C  [glfw.dll+0x24b9]
#
# Failed to write core dump. Minidumps are not enabled by default on client versions of Windows
#
# If you would like to submit a bug report, please visit:
#   http://bugreport.java.com/bugreport/crash.jsp
# The crash happened outside the Java Virtual Machine in native code.
# See problematic frame for where to report the bug.
#

---------------  T H R E A D  ---------------

Current thread (0x000000001e1f8000):  JavaThread "CLIENT" [_thread_in_native, id=7096, stack(0x000000001ef10000,0x000000001f010000)]

siginfo: ExceptionCode=0xc0000005, reading address 0x0000000000000000

Registers:
RAX=0x0000000000000000, RBX=0x000000001baa7888, RCX=0x0000000000000000, RDX=0x0000000000000000
RSP=0x000000001f00efb0, RBP=0x000000001f00f060, RSI=0x0000000000000108, RDI=0x000000000056ed60
R8 =0x000000001f00efa8, R9 =0x000000001f00f060, R10=0x0000000000000000, R11=0x0000000000000246
R12=0x0000000000000000, R13=0x000000001baa7888, R14=0x000000001f00f098, R15=0x000000001e1f8000
RIP=0x00007ffdd45924b9, EFLAGS=0x0000000000010287

Top of Stack: (sp=0x000000001f00efb0)
0x000000001f00efb0:   000000001e1f8000 000000001e1f8000
0x000000001f00efc0:   000000001bac1608 000000007052d610
0x000000001f00efd0:   00000000000000a0 00000000026adfcc
0x000000001f00efe0:   000000001baa7888 000000000268eb50
0x000000001f00eff0:   000000000000000e 000000001e1f8000
0x000000001f00f000:   000000001bac1608 000000007052aea4
0x000000001f00f010:   000000001e1f8000 000000001e1f8000
0x000000001f00f020:   000000001f00f020 0000000000000000
0x000000001f00f030:   000000001f00f098 000000001baa8028
0x000000001f00f040:   0000000000000000 000000001baa7888
0x000000001f00f050:   0000000000000000 000000001f00f080
0x000000001f00f060:   000000001f00f0e0 0000000002697d8d
0x000000001f00f070:   00000006c2806140 00000000026a42f8
0x000000001f00f080:   000000000056ed60 00000000026978a0
0x000000001f00f090:   00007ffdd4592420 0000000000000001
0x000000001f00f0a0:   000000001f00f0a0 000000001bac15dc 

Instructions: (pc=0x00007ffdd45924b9)
0x00007ffdd4592499:   48 8b cf e8 1f 3a 00 00 48 39 3d f0 d5 02 00 48
0x00007ffdd45924a9:   8d 0d e9 d5 02 00 48 8b 5c 24 30 74 08 48 8b 09
0x00007ffdd45924b9:   48 39 39 75 f8 48 8b 07 48 89 01 48 8b cf 48 83
0x00007ffdd45924c9:   c4 20 5f e9 5b fe 00 00 48 83 c4 20 5f c3 cc cc 


Register to memory mapping:

RAX=0x0000000000000000 is an unknown value
RBX={method} {0x000000001baa7890} 'invokePV' '(JJ)V' in 'org/lwjgl/system/JNI'
RCX=0x0000000000000000 is an unknown value
RDX=0x0000000000000000 is an unknown value
RSP=0x000000001f00efb0 is pointing into the stack for thread: 0x000000001e1f8000
RBP=0x000000001f00f060 is pointing into the stack for thread: 0x000000001e1f8000
RSI=0x0000000000000108 is an unknown value
RDI=0x000000000056ed60 is an unknown value
R8 =0x000000001f00efa8 is pointing into the stack for thread: 0x000000001e1f8000
R9 =0x000000001f00f060 is pointing into the stack for thread: 0x000000001e1f8000
R10=0x0000000000000000 is an unknown value
R11=0x0000000000000246 is an unknown value
R12=0x0000000000000000 is an unknown value
R13={method} {0x000000001baa7890} 'invokePV' '(JJ)V' in 'org/lwjgl/system/JNI'
R14=0x000000001f00f098 is pointing into the stack for thread: 0x000000001e1f8000
R15=0x000000001e1f8000 is a thread


Stack: [0x000000001ef10000,0x000000001f010000],  sp=0x000000001f00efb0,  free space=1019k
Native frames: (J=compiled Java code, j=interpreted, Vv=VM code, C=native code)
C  [glfw.dll+0x24b9]
C  0x00000000026adfcc

Java frames: (J=compiled Java code, j=interpreted, Vv=VM code)
j  org.lwjgl.system.JNI.invokePV(JJ)V+0
j  org.lwjgl.glfw.GLFW.glfwDestroyCursor(J)V+20
j  main.client.Window.destroyWindow()V+9
j  main.coreEngine.Engine.stop()V+70
j  main.client.Window.update()V+43
j  main.client.renderEngine.RenderEngine.render()V+32
j  main.client.ClientThread.tick()V+12
J 430% C1 main.coreEngine.TickableThread.run()V (481 bytes) @ 0x00000000028da95c [0x00000000028d6080+0x48dc]
v  ~StubRoutines::call_stub

---------------  P R O C E S S  ---------------

Java Threads: ( => current thread )
  0x000000001e21a000 JavaThread "SERVER" [_thread_in_Java, id=1816, stack(0x000000001f010000,0x000000001f110000)]
=>0x000000001e1f8000 JavaThread "CLIENT" [_thread_in_native, id=7096, stack(0x000000001ef10000,0x000000001f010000)]
  0x000000001e05e000 JavaThread "Service Thread" daemon [_thread_blocked, id=9876, stack(0x000000001ed10000,0x000000001ee10000)]
  0x000000001e071000 JavaThread "C1 CompilerThread3" daemon [_thread_blocked, id=5188, stack(0x000000001ec10000,0x000000001ed10000)]
  0x000000001e070800 JavaThread "C2 CompilerThread2" daemon [_thread_blocked, id=11344, stack(0x000000001eb10000,0x000000001ec10000)]
  0x000000001e067800 JavaThread "C2 CompilerThread1" daemon [_thread_blocked, id=4020, stack(0x000000001ea10000,0x000000001eb10000)]
  0x000000001e06b800 JavaThread "C2 CompilerThread0" daemon [_thread_blocked, id=8676, stack(0x000000001e910000,0x000000001ea10000)]
  0x000000001e051800 JavaThread "JDWP Command Reader" daemon [_thread_in_native, id=12352, stack(0x000000001e810000,0x000000001e910000)]
  0x000000001e04e800 JavaThread "JDWP Event Helper Thread" daemon [_thread_blocked, id=9972, stack(0x000000001e710000,0x000000001e810000)]
  0x000000001e04c000 JavaThread "JDWP Transport Listener: dt_socket" daemon [_thread_blocked, id=12996, stack(0x000000001e610000,0x000000001e710000)]
  0x000000001e036800 JavaThread "Attach Listener" daemon [_thread_blocked, id=11876, stack(0x000000001e510000,0x000000001e610000)]
  0x000000001e035800 JavaThread "Signal Dispatcher" daemon [_thread_blocked, id=1532, stack(0x000000001e410000,0x000000001e510000)]
  0x000000000268a000 JavaThread "Finalizer" daemon [_thread_blocked, id=1516, stack(0x000000001df10000,0x000000001e010000)]
  0x0000000002683000 JavaThread "Reference Handler" daemon [_thread_blocked, id=11008, stack(0x000000001de10000,0x000000001df10000)]
  0x000000000099e000 JavaThread "main" [_thread_in_Java, id=13272, stack(0x0000000002490000,0x0000000002590000)]

Other Threads:
  0x000000001c029800 VMThread [stack: 0x000000001dd10000,0x000000001de10000] [id=9156]
  0x000000001e128000 WatcherThread [stack: 0x000000001ee10000,0x000000001ef10000] [id=12988]

VM state:not at safepoint (normal execution)

VM Mutex/Monitor currently owned by a thread: None

Heap:
 PSYoungGen      total 230912K, used 204606K [0x000000076b800000, 0x000000078b400000, 0x00000007c0000000)
  eden space 230400K, 88% used [0x000000076b800000,0x0000000777fb7b40,0x0000000779900000)
  from space 512K, 18% used [0x000000078b380000,0x000000078b398000,0x000000078b400000)
  to   space 2560K, 0% used [0x000000078af00000,0x000000078af00000,0x000000078b180000)
 ParOldGen       total 173568K, used 1216K [0x00000006c2800000, 0x00000006cd180000, 0x000000076b800000)
  object space 173568K, 0% used [0x00000006c2800000,0x00000006c2930050,0x00000006cd180000)
 Metaspace       used 7957K, capacity 8486K, committed 8704K, reserved 1056768K
  class space    used 642K, capacity 658K, committed 768K, reserved 1048576K

Card table byte_map: [0x0000000011a50000,0x0000000012240000] byte_map_base: 0x000000000e43c000

Marking Bits: (ParMarkBitMap*) 0x0000000070c0a5b0
 Begin Bits: [0x0000000012f90000, 0x0000000016ef0000)
 End Bits:   [0x0000000016ef0000, 0x000000001ae50000)

Polling page: 0x00000000009a0000

CodeCache: size=245760Kb used=2544Kb max_used=2557Kb free=243215Kb
 bounds [0x0000000002690000, 0x0000000002920000, 0x0000000011690000]
 total_blobs=1112 nmethods=469 adapters=564
 compilation: enabled

Compilation events (10 events):
Event: 0.909 Thread 0x000000001e071000  466   !   3       java.lang.ref.Finalizer::remove (94 bytes)
Event: 0.909 Thread 0x000000001e071000 nmethod 466 0x00000000028f8990 code [0x00000000028f8b20, 0x00000000028f9030]
Event: 0.909 Thread 0x000000001e071000  465       3       java.util.zip.ZipFile$ZipFileInflaterInputStream::finalize (5 bytes)
Event: 0.909 Thread 0x000000001e071000 nmethod 465 0x00000000028f85d0 code [0x00000000028f8740, 0x00000000028f88e8]
Event: 1.020 Thread 0x000000001e06b800  468       4       java.util.ArrayList::set (20 bytes)
Event: 1.021 Thread 0x000000001e06b800 nmethod 468 0x00000000028f5090 code [0x00000000028f51e0, 0x00000000028f5358]
Event: 1.337 Thread 0x000000001e067800  469       4       java.util.ArrayList::get (11 bytes)
Event: 1.338 Thread 0x000000001e067800 nmethod 469 0x00000000028f4d10 code [0x00000000028f4e60, 0x00000000028f4f78]
Event: 1.546 Thread 0x000000001e071000  470       3       org.lwjgl.opengl.GLChecks::ensureBufferObject (73 bytes)
Event: 1.546 Thread 0x000000001e071000 nmethod 470 0x00000000028f49d0 code [0x00000000028f4b20, 0x00000000028f4c70]

GC Heap History (10 events):
Event: 0.575 GC heap before
{Heap before GC invocations=6 (full 0):
 PSYoungGen      total 140800K, used 131620K [0x000000076b800000, 0x000000077ba00000, 0x00000007c0000000)
  eden space 130048K, 100% used [0x000000076b800000,0x0000000773700000,0x0000000773700000)
  from space 10752K, 14% used [0x0000000773700000,0x0000000773889370,0x0000000774180000)
  to   space 2048K, 0% used [0x000000077b800000,0x000000077b800000,0x000000077ba00000)
 ParOldGen       total 173568K, used 32K [0x00000006c2800000, 0x00000006cd180000, 0x000000076b800000)
  object space 173568K, 0% used [0x00000006c2800000,0x00000006c2808000,0x00000006cd180000)
 Metaspace       used 6820K, capacity 7398K, committed 7552K, reserved 1056768K
  class space    used 578K, capacity 594K, committed 640K, reserved 1048576K
Event: 0.577 GC heap after
Heap after GC invocations=6 (full 0):
 PSYoungGen      total 261632K, used 2017K [0x000000076b800000, 0x000000077bb00000, 0x00000007c0000000)
  eden space 259584K, 0% used [0x000000076b800000,0x000000076b800000,0x000000077b580000)
  from space 2048K, 98% used [0x000000077b800000,0x000000077b9f8790,0x000000077ba00000)
  to   space 2560K, 0% used [0x000000077b580000,0x000000077b580000,0x000000077b800000)
 ParOldGen       total 173568K, used 40K [0x00000006c2800000, 0x00000006cd180000, 0x000000076b800000)
  object space 173568K, 0% used [0x00000006c2800000,0x00000006c280a000,0x00000006cd180000)
 Metaspace       used 6820K, capacity 7398K, committed 7552K, reserved 1056768K
  class space    used 578K, capacity 594K, committed 640K, reserved 1048576K
}
Event: 0.907 GC heap before
{Heap before GC invocations=7 (full 0):
 PSYoungGen      total 261632K, used 261601K [0x000000076b800000, 0x000000077bb00000, 0x00000007c0000000)
  eden space 259584K, 100% used [0x000000076b800000,0x000000077b580000,0x000000077b580000)
  from space 2048K, 98% used [0x000000077b800000,0x000000077b9f8790,0x000000077ba00000)
  to   space 2560K, 0% used [0x000000077b580000,0x000000077b580000,0x000000077b800000)
 ParOldGen       total 173568K, used 40K [0x00000006c2800000, 0x00000006cd180000, 0x000000076b800000)
  object space 173568K, 0% used [0x00000006c2800000,0x00000006c280a000,0x00000006cd180000)
 Metaspace       used 7955K, capacity 8486K, committed 8704K, reserved 1056768K
  class space    used 642K, capacity 658K, committed 768K, reserved 1048576K
Event: 0.908 GC heap after
Heap after GC invocations=7 (full 0):
 PSYoungGen      total 262144K, used 1275K [0x000000076b800000, 0x000000078b800000, 0x00000007c0000000)
  eden space 259584K, 0% used [0x000000076b800000,0x000000076b800000,0x000000077b580000)
  from space 2560K, 49% used [0x000000077b580000,0x000000077b6bee28,0x000000077b800000)
  to   space 2560K, 0% used [0x000000078b580000,0x000000078b580000,0x000000078b800000)
 ParOldGen       total 173568K, used 680K [0x00000006c2800000, 0x00000006cd180000, 0x000000076b800000)
  object space 173568K, 0% used [0x00000006c2800000,0x00000006c28aa050,0x00000006cd180000)
 Metaspace       used 7955K, capacity 8486K, committed 8704K, reserved 1056768K
  class space    used 642K, capacity 658K, committed 768K, reserved 1048576K
}
Event: 1.106 GC heap before
{Heap before GC invocations=8 (full 0):
 PSYoungGen      total 262144K, used 260859K [0x000000076b800000, 0x000000078b800000, 0x00000007c0000000)
  eden space 259584K, 100% used [0x000000076b800000,0x000000077b580000,0x000000077b580000)
  from space 2560K, 49% used [0x000000077b580000,0x000000077b6bee28,0x000000077b800000)
  to   space 2560K, 0% used [0x000000078b580000,0x000000078b580000,0x000000078b800000)
 ParOldGen       total 173568K, used 680K [0x00000006c2800000, 0x00000006cd180000, 0x000000076b800000)
  object space 173568K, 0% used [0x00000006c2800000,0x00000006c28aa050,0x00000006cd180000)
 Metaspace       used 7956K, capacity 8486K, committed 8704K, reserved 1056768K
  class space    used 642K, capacity 658K, committed 768K, reserved 1048576K
Event: 1.106 GC heap after
Heap after GC invocations=8 (full 0):
 PSYoungGen      total 250368K, used 544K [0x000000076b800000, 0x000000078b680000, 0x00000007c0000000)
  eden space 249344K, 0% used [0x000000076b800000,0x000000076b800000,0x000000077ab80000)
  from space 1024K, 53% used [0x000000078b580000,0x000000078b608000,0x000000078b680000)
  to   space 2560K, 0% used [0x000000078b180000,0x000000078b180000,0x000000078b400000)
 ParOldGen       total 173568K, used 680K [0x00000006c2800000, 0x00000006cd180000, 0x000000076b800000)
  object space 173568K, 0% used [0x00000006c2800000,0x00000006c28aa050,0x00000006cd180000)
 Metaspace       used 7956K, capacity 8486K, committed 8704K, reserved 1056768K
  class space    used 642K, capacity 658K, committed 768K, reserved 1048576K
}
Event: 1.313 GC heap before
{Heap before GC invocations=9 (full 0):
 PSYoungGen      total 250368K, used 249888K [0x000000076b800000, 0x000000078b680000, 0x00000007c0000000)
  eden space 249344K, 100% used [0x000000076b800000,0x000000077ab80000,0x000000077ab80000)
  from space 1024K, 53% used [0x000000078b580000,0x000000078b608000,0x000000078b680000)
  to   space 2560K, 0% used [0x000000078b180000,0x000000078b180000,0x000000078b400000)
 ParOldGen       total 173568K, used 680K [0x00000006c2800000, 0x00000006cd180000, 0x000000076b800000)
  object space 173568K, 0% used [0x00000006c2800000,0x00000006c28aa050,0x00000006cd180000)
 Metaspace       used 7956K, capacity 8486K, committed 8704K, reserved 1056768K
  class space    used 642K, capacity 658K, committed 768K, reserved 1048576K
Event: 1.314 GC heap after
Heap after GC invocations=9 (full 0):
 PSYoungGen      total 240128K, used 256K [0x000000076b800000, 0x000000078b600000, 0x00000007c0000000)
  eden space 239616K, 0% used [0x000000076b800000,0x000000076b800000,0x000000077a200000)
  from space 512K, 50% used [0x000000078b180000,0x000000078b1c0000,0x000000078b200000)
  to   space 2560K, 0% used [0x000000078b380000,0x000000078b380000,0x000000078b600000)
 ParOldGen       total 173568K, used 1040K [0x00000006c2800000, 0x00000006cd180000, 0x000000076b800000)
  object space 173568K, 0% used [0x00000006c2800000,0x00000006c2904050,0x00000006cd180000)
 Metaspace       used 7956K, capacity 8486K, committed 8704K, reserved 1056768K
  class space    used 642K, capacity 658K, committed 768K, reserved 1048576K
}
Event: 1.515 GC heap before
{Heap before GC invocations=10 (full 0):
 PSYoungGen      total 240128K, used 239872K [0x000000076b800000, 0x000000078b600000, 0x00000007c0000000)
  eden space 239616K, 100% used [0x000000076b800000,0x000000077a200000,0x000000077a200000)
  from space 512K, 50% used [0x000000078b180000,0x000000078b1c0000,0x000000078b200000)
  to   space 2560K, 0% used [0x000000078b380000,0x000000078b380000,0x000000078b600000)
 ParOldGen       total 173568K, used 1040K [0x00000006c2800000, 0x00000006cd180000, 0x000000076b800000)
  object space 173568K, 0% used [0x00000006c2800000,0x00000006c2904050,0x00000006cd180000)
 Metaspace       used 7956K, capacity 8486K, committed 8704K, reserved 1056768K
  class space    used 642K, capacity 658K, committed 768K, reserved 1048576K
Event: 1.516 GC heap after
Heap after GC invocations=10 (full 0):
 PSYoungGen      total 230912K, used 96K [0x000000076b800000, 0x000000078b400000, 0x00000007c0000000)
  eden space 230400K, 0% used [0x000000076b800000,0x000000076b800000,0x0000000779900000)
  from space 512K, 18% used [0x000000078b380000,0x000000078b398000,0x000000078b400000)
  to   space 2560K, 0% used [0x000000078af00000,0x000000078af00000,0x000000078b180000)
 ParOldGen       total 173568K, used 1216K [0x00000006c2800000, 0x00000006cd180000, 0x000000076b800000)
  object space 173568K, 0% used [0x00000006c2800000,0x00000006c2930050,0x00000006cd180000)
 Metaspace       used 7956K, capacity 8486K, committed 8704K, reserved 1056768K
  class space    used 642K, capacity 658K, committed 768K, reserved 1048576K
}

Deoptimization events (10 events):
Event: 0.133 Thread 0x000000001e1f8000 Uncommon trap: reason=bimorphic action=maybe_recompile pc=0x00000000027d5634 method=java.util.HashMap.getNode(ILjava/lang/Object;)Ljava/util/HashMap$Node; @ 126
Event: 0.360 Thread 0x000000001e1f8000 Uncommon trap: reason=bimorphic action=maybe_recompile pc=0x00000000027d5634 method=java.util.HashMap.getNode(ILjava/lang/Object;)Ljava/util/HashMap$Node; @ 126
Event: 0.361 Thread 0x000000001e1f8000 Uncommon trap: reason=bimorphic action=maybe_recompile pc=0x00000000027d5634 method=java.util.HashMap.getNode(ILjava/lang/Object;)Ljava/util/HashMap$Node; @ 126
Event: 0.365 Thread 0x000000001e1f8000 Uncommon trap: reason=unstable_if action=reinterpret pc=0x00000000027cc4d8 method=java.util.HashMap.keySet()Ljava/util/Set; @ 6
Event: 0.641 Thread 0x000000001e1f8000 Uncommon trap: reason=unstable_if action=reinterpret pc=0x00000000027c9e84 method=java.util.HashMap.clear()V @ 16
Event: 0.641 Thread 0x000000001e1f8000 Uncommon trap: reason=unstable_if action=reinterpret pc=0x00000000027cb418 method=java.util.HashMap.clear()V @ 16
Event: 0.641 Thread 0x000000000099e000 Uncommon trap: reason=unstable_if action=reinterpret pc=0x00000000027f292c method=main.coreEngine.TickableThread.invoke(Ljava/lang/String;[Ljava/lang/Object;)V @ 53
Event: 0.641 Thread 0x000000001e21a000 Uncommon trap: reason=unstable_if action=reinterpret pc=0x00000000027f7b74 method=main.coreEngine.TickableThread.run()V @ 58
Event: 0.700 Thread 0x000000000099e000 Uncommon trap: reason=unstable_if action=reinterpret pc=0x00000000028ef2b4 method=main.coreEngine.Engine.start()V @ 163
Event: 0.758 Thread 0x000000001e21a000 Uncommon trap: reason=unstable_if action=reinterpret pc=0x00000000028fb0e0 method=main.coreEngine.TickableThread.run()V @ 461

Internal exceptions (8 events):
Event: 0.023 Thread 0x000000000099e000 Exception <a 'java/lang/NoSuchMethodError': Method sun.misc.Unsafe.defineClass(Ljava/lang/String;[BII)Ljava/lang/Class; name or signature does not match> (0x000000076b80d818) thrown at [C:\workspace\8-2-build-windows-amd64-cygwin\jdk8u65\4987\hotspot\src\s	èù˜v)ó?
Event: 0.023 Thread 0x000000000099e000 Exception <a 'java/lang/NoSuchMethodError': Method sun.misc.Unsafe.prefetchRead(Ljava/lang/Object;J)V name or signature does not match> (0x000000076b80db00) thrown at [C:\workspace\8-2-build-windows-amd64-cygwin\jdk8u65\4987\hotspot\src\share\vm\prims\jni.[·4ΩUJ√?
Event: 0.151 Thread 0x000000001e1f8000 Exception <a 'java/lang/ArrayIndexOutOfBoundsException': -1> (0x000000076c6fbcc0) thrown at [C:\workspace\8-2-build-windows-amd64-cygwin\jdk8u65\4987\hotspot\src\share\vm\interpreter\interpreterRuntime.cpp, line 366]
Event: 0.361 Thread 0x000000001e1f8000 Exception <a 'java/security/PrivilegedActionException'> (0x000000076c23f790) thrown at [C:\workspace\8-2-build-windows-amd64-cygwin\jdk8u65\4987\hotspot\src\share\vm\prims\jvm.cpp, line 1386]
Event: 0.361 Thread 0x000000001e1f8000 Exception <a 'java/security/PrivilegedActionException'> (0x000000076c23fb88) thrown at [C:\workspace\8-2-build-windows-amd64-cygwin\jdk8u65\4987\hotspot\src\share\vm\prims\jvm.cpp, line 1386]
Event: 0.361 Thread 0x000000001e1f8000 Exception <a 'java/security/PrivilegedActionException'> (0x000000076c243da0) thrown at [C:\workspace\8-2-build-windows-amd64-cygwin\jdk8u65\4987\hotspot\src\share\vm\prims\jvm.cpp, line 1386]
Event: 0.361 Thread 0x000000001e1f8000 Exception <a 'java/security/PrivilegedActionException'> (0x000000076c244198) thrown at [C:\workspace\8-2-build-windows-amd64-cygwin\jdk8u65\4987\hotspot\src\share\vm\prims\jvm.cpp, line 1386]
Event: 0.641 Thread 0x000000000099e000 Implicit null exception at 0x00000000027f2344 to 0x00000000027f2905

Events (10 events):
Event: 0.872 Thread 0x000000001e21a000 DEOPT PACKING pc=0x00000000029059e1 sp=0x000000001f10f1b0
Event: 0.872 Thread 0x000000001e21a000 DEOPT UNPACKING pc=0x00000000026d787f sp=0x000000001f10efe0 mode 0
Event: 0.907 Executing VM operation: ParallelGCFailedAllocation
Event: 0.908 Executing VM operation: ParallelGCFailedAllocation done
Event: 1.105 Executing VM operation: ParallelGCFailedAllocation
Event: 1.106 Executing VM operation: ParallelGCFailedAllocation done
Event: 1.313 Executing VM operation: ParallelGCFailedAllocation
Event: 1.314 Executing VM operation: ParallelGCFailedAllocation done
Event: 1.515 Executing VM operation: ParallelGCFailedAllocation
Event: 1.516 Executing VM operation: ParallelGCFailedAllocation done


Dynamic libraries:
0x00007ff7d2c20000 - 0x00007ff7d2c57000 	C:\Program Files\Java\jdk1.8.0_65\bin\java.exe
0x00007ffde4980000 - 0x00007ffde4b41000 	C:\WINDOWS\SYSTEM32\ntdll.dll
0x00007ffde42a0000 - 0x00007ffde434d000 	C:\WINDOWS\system32\KERNEL32.DLL
0x00007ffde19f0000 - 0x00007ffde1bd8000 	C:\WINDOWS\system32\KERNELBASE.dll
0x00007ffde1e70000 - 0x00007ffde1f17000 	C:\WINDOWS\system32\ADVAPI32.dll
0x00007ffde3800000 - 0x00007ffde389d000 	C:\WINDOWS\system32\msvcrt.dll
0x00007ffde1e10000 - 0x00007ffde1e6b000 	C:\WINDOWS\system32\sechost.dll
0x00007ffde3bd0000 - 0x00007ffde3cec000 	C:\WINDOWS\system32\RPCRT4.dll
0x00007ffde3fe0000 - 0x00007ffde4136000 	C:\WINDOWS\system32\USER32.dll
0x00007ffde3cf0000 - 0x00007ffde3e76000 	C:\WINDOWS\system32\GDI32.dll
0x00007ffddd690000 - 0x00007ffddd904000 	C:\WINDOWS\WinSxS\amd64_microsoft.windows.common-controls_6595b64144ccf1df_6.0.10586.0_none_8c15ae12515e1c22\COMCTL32.dll
0x00007ffde3950000 - 0x00007ffde3bcd000 	C:\WINDOWS\system32\combase.dll
0x00007ffde1cf0000 - 0x00007ffde1d5a000 	C:\WINDOWS\system32\bcryptPrimitives.dll
0x00007ffde1dc0000 - 0x00007ffde1dfb000 	C:\WINDOWS\system32\IMM32.DLL
0x0000000070c90000 - 0x0000000070d62000 	C:\Program Files\Java\jdk1.8.0_65\jre\bin\msvcr100.dll
0x0000000070400000 - 0x0000000070c89000 	C:\Program Files\Java\jdk1.8.0_65\jre\bin\server\jvm.dll
0x00007ffde4290000 - 0x00007ffde4298000 	C:\WINDOWS\system32\PSAPI.DLL
0x00007ffdd8550000 - 0x00007ffdd8559000 	C:\WINDOWS\SYSTEM32\WSOCK32.dll
0x00007ffddd9c0000 - 0x00007ffddd9ca000 	C:\WINDOWS\SYSTEM32\VERSION.dll
0x00007ffddf730000 - 0x00007ffddf753000 	C:\WINDOWS\SYSTEM32\WINMM.dll
0x00007ffde4470000 - 0x00007ffde44db000 	C:\WINDOWS\system32\WS2_32.dll
0x00007ffddf6d0000 - 0x00007ffddf6fc000 	C:\WINDOWS\SYSTEM32\WINMMBASE.dll
0x00007ffde1be0000 - 0x00007ffde1c23000 	C:\WINDOWS\system32\cfgmgr32.dll
0x00000000703f0000 - 0x00000000703ff000 	C:\Program Files\Java\jdk1.8.0_65\jre\bin\verify.dll
0x00000000703c0000 - 0x00000000703e9000 	C:\Program Files\Java\jdk1.8.0_65\jre\bin\java.dll
0x0000000070310000 - 0x0000000070345000 	C:\Program Files\Java\jdk1.8.0_65\jre\bin\jdwp.dll
0x00000000703b0000 - 0x00000000703b8000 	C:\Program Files\Java\jdk1.8.0_65\jre\bin\npt.dll
0x0000000070350000 - 0x0000000070366000 	C:\Program Files\Java\jdk1.8.0_65\jre\bin\zip.dll
0x00007ffde1f80000 - 0x00007ffde34dc000 	C:\WINDOWS\system32\SHELL32.dll
0x00007ffde11d0000 - 0x00007ffde1815000 	C:\WINDOWS\system32\windows.storage.dll
0x00007ffde36b0000 - 0x00007ffde3702000 	C:\WINDOWS\system32\shlwapi.dll
0x00007ffde0fb0000 - 0x00007ffde0fbf000 	C:\WINDOWS\system32\kernel.appcore.dll
0x00007ffde1c30000 - 0x00007ffde1ce5000 	C:\WINDOWS\system32\shcore.dll
0x00007ffde0fc0000 - 0x00007ffde100b000 	C:\WINDOWS\system32\powrprof.dll
0x00007ffde0f80000 - 0x00007ffde0f94000 	C:\WINDOWS\system32\profapi.dll
0x00000000703a0000 - 0x00000000703a9000 	C:\Program Files\Java\jdk1.8.0_65\jre\bin\dt_socket.dll
0x00007ffde08b0000 - 0x00007ffde090c000 	C:\WINDOWS\system32\mswsock.dll
0x00007ffdd46c0000 - 0x00007ffdd4748000 	D:\Code\Java\Projects\WireEngine20\lib\native\lwjgl.dll
0x00007ffde0a80000 - 0x00007ffde0a8b000 	C:\WINDOWS\SYSTEM32\CRYPTBASE.DLL
0x00007ffdd45d0000 - 0x00007ffdd4612000 	D:\Code\Java\Projects\WireEngine20\lib\native\jemalloc.dll
0x00007ffdd4590000 - 0x00007ffdd45c8000 	D:\Code\Java\Projects\WireEngine20\lib\native\glfw.dll
0x00007ffddf850000 - 0x00007ffddf8e6000 	C:\WINDOWS\system32\uxtheme.dll
0x00007ffdde650000 - 0x00007ffdde672000 	C:\WINDOWS\SYSTEM32\dwmapi.dll
0x00007ffdc9d10000 - 0x00007ffdc9e39000 	C:\WINDOWS\SYSTEM32\opengl32.dll
0x00007ffdcc690000 - 0x00007ffdcc6be000 	C:\WINDOWS\SYSTEM32\GLU32.dll
0x00007ffdc8ba0000 - 0x00007ffdc8c9a000 	C:\WINDOWS\SYSTEM32\DDRAW.dll
0x00007ffdd3d80000 - 0x00007ffdd3d88000 	C:\WINDOWS\SYSTEM32\DCIMAN32.dll
0x00007ffde3e80000 - 0x00007ffde3fda000 	C:\WINDOWS\system32\MSCTF.dll
0x00007ffdc3f50000 - 0x00007ffdc3f99000 	C:\Program Files (x86)\TeamViewer\tv_x64.dll
0x00007ffde4140000 - 0x00007ffde4283000 	C:\WINDOWS\system32\ole32.dll
0x000000006e5c0000 - 0x0000000070309000 	C:\WINDOWS\SYSTEM32\nvoglv64.DLL
0x00007ffde4550000 - 0x00007ffde4979000 	C:\WINDOWS\system32\SETUPAPI.dll
0x00007ffddf2f0000 - 0x00007ffddf303000 	C:\WINDOWS\SYSTEM32\WTSAPI32.dll
0x00007ffddf9a0000 - 0x00007ffddf9c7000 	C:\WINDOWS\SYSTEM32\DEVOBJ.dll
0x00007ffde1170000 - 0x00007ffde11c5000 	C:\WINDOWS\system32\WINTRUST.dll
0x00007ffde0fa0000 - 0x00007ffde0fb0000 	C:\WINDOWS\system32\MSASN1.dll
0x00007ffde1820000 - 0x00007ffde19e7000 	C:\WINDOWS\system32\CRYPT32.dll
0x00007ffde04d0000 - 0x00007ffde0501000 	C:\WINDOWS\SYSTEM32\ntmarta.dll
0x00007ffde0220000 - 0x00007ffde0276000 	C:\WINDOWS\SYSTEM32\WINSTA.dll
0x00007ffde38a0000 - 0x00007ffde3947000 	C:\WINDOWS\system32\clbcatq.dll
0x00007ffdb9de0000 - 0x00007ffdb9f6c000 	C:\WINDOWS\SYSTEM32\dbghelp.dll

VM Arguments:
jvm_args: -agentlib:jdwp=transport=dt_socket,address=127.0.0.1:62407,suspend=y,server=n -Djava.library.path=lib/native/ -Dfile.encoding=UTF-8 
java_command: main.Main
java_class_path (initial): C:\Program Files\Java\jdk1.8.0_65\jre\lib\charsets.jar;C:\Program Files\Java\jdk1.8.0_65\jre\lib\deploy.jar;C:\Program Files\Java\jdk1.8.0_65\jre\lib\ext\access-bridge-64.jar;C:\Program Files\Java\jdk1.8.0_65\jre\lib\ext\cldrdata.jar;C:\Program Files\Java\jdk1.8.0_65\jre\lib\ext\dnsns.jar;C:\Program Files\Java\jdk1.8.0_65\jre\lib\ext\jaccess.jar;C:\Program Files\Java\jdk1.8.0_65\jre\lib\ext\jfxrt.jar;C:\Program Files\Java\jdk1.8.0_65\jre\lib\ext\localedata.jar;C:\Program Files\Java\jdk1.8.0_65\jre\lib\ext\nashorn.jar;C:\Program Files\Java\jdk1.8.0_65\jre\lib\ext\sunec.jar;C:\Program Files\Java\jdk1.8.0_65\jre\lib\ext\sunjce_provider.jar;C:\Program Files\Java\jdk1.8.0_65\jre\lib\ext\sunmscapi.jar;C:\Program Files\Java\jdk1.8.0_65\jre\lib\ext\sunpkcs11.jar;C:\Program Files\Java\jdk1.8.0_65\jre\lib\ext\zipfs.jar;C:\Program Files\Java\jdk1.8.0_65\jre\lib\javaws.jar;C:\Program Files\Java\jdk1.8.0_65\jre\lib\jce.jar;C:\Program Files\Java\jdk1.8.0_65\jre\lib\jfr.jar;C:\Program Files\Java\jdk1.8.0_65\jre\lib\jfxswt.jar;C:\Program Files\Java\jdk1.8.0_65\jre\lib\jsse.jar;C:\Program Files\Java\jdk1.8.0_65\jre\lib\management-agent.jar;C:\Program Files\Java\jdk1.8.0_65\jre\lib\plugin.jar;C:\Program Files\Java\jdk1.8.0_65\jre\lib\resources.jar;C:\Program Files\Java\jdk1.8.0_65\jre\lib\rt.jar;D:\Code\Java\Projects\WireEngine20\out\production\WireEngine20;D:\Code\Java\Projects\WireEngine20\lib\jar\lwjgl.jar;D:\Program Files (x86)\JetBrains\IntelliJ IDEA 2016.1\lib\idea_rt.jar
Launcher Type: SUN_STANDARD

Environment Variables:
JAVA_HOME=C:\Program Files\Java\jdk1.8.0_65
PATH=C:\ProgramData\Oracle\Java\javapath;C:\Program Files (x86)\Razer Chroma SDK\bin;C:\Program Files\Razer Chroma SDK\bin;C:\Program Files (x86)\NVIDIA Corporation\PhysX\Common;C:\Program Files (x86)\Intel\iCLS Client\;C:\Program Files\Intel\iCLS Client\;C:\Windows\system32;C:\Windows;C:\Windows\System32\Wbem;C:\Windows\System32\WindowsPowerShell\v1.0\;C:\Program Files\Intel\Intel(R) Management Engine Components\DAL;C:\Program Files (x86)\Intel\Intel(R) Management Engine Components\DAL;C:\Program Files\Intel\Intel(R) Management Engine Components\IPT;C:\Program Files (x86)\Intel\Intel(R) Management Engine Components\IPT;C:\Program Files\Java\jre1.8.0_65\bin;C:\MinGW\bin;C:\WINDOWS\system32;C:\WINDOWS;C:\WINDOWS\System32\Wbem;C:\WINDOWS\System32\WindowsPowerShell\v1.0\;D:\Program Files (x86)\CMake\bin;D:\Program Files\Programs\Python\Python35-32;D:\Program Files\Programs\Python\Python35-32\Scripts;C:\Program Files (x86)\Skype\Phone\;D:\Program Files\Programs\Python\Python35-32\Scripts\;D:\Program Files\Programs\Python\Python35-32\
USERNAME=Kelan
OS=Windows_NT
PROCESSOR_IDENTIFIER=Intel64 Family 6 Model 60 Stepping 3, GenuineIntel



---------------  S Y S T E M  ---------------

OS: Windows 10.0 , 64 bit Build 10586 (10.0.10586.0)

CPU:total 8 (4 cores per cpu, 2 threads per core) family 6 model 60 stepping 3, cmov, cx8, fxsr, mmx, sse, sse2, sse3, ssse3, sse4.1, sse4.2, popcnt, avx, avx2, aes, clmul, erms, lzcnt, ht, tsc, tscinvbit, bmi1, bmi2

Memory: 4k page, physical 16609500k(5090760k free), swap 33386716k(19074564k free)

vm_info: Java HotSpot(TM) 64-Bit Server VM (25.65-b01) for windows-amd64 JRE (1.8.0_65-b17), built on Oct  6 2015 16:39:20 by "java_re" with MS VC++ 10.0 (VS2010)

time: Sat Apr 09 18:45:28 2016
elapsed time: 1 seconds (0d 0h 0m 1s)

