#
# A fatal error has been detected by the Java Runtime Environment:
#
#  EXCEPTION_ACCESS_VIOLATION (0xc0000005) at pc=0x00007ffdd3ed24b9, pid=13492, tid=11836
#
# JRE version: Java(TM) SE Runtime Environment (8.0_65-b17) (build 1.8.0_65-b17)
# Java VM: Java HotSpot(TM) 64-Bit Server VM (25.65-b01 mixed mode windows-amd64 compressed oops)
# Problematic frame:
# C  [glfw.dll+0x24b9]
#
# Failed to write core dump. Minidumps are not enabled by default on client versions of Windows
#
# If you would like to submit a bug report, please visit:
#   http://bugreport.java.com/bugreport/crash.jsp
# The crash happened outside the Java Virtual Machine in native code.
# See problematic frame for where to report the bug.
#

---------------  T H R E A D  ---------------

Current thread (0x000000001e254000):  JavaThread "CLIENT" [_thread_in_native, id=11836, stack(0x000000001ef70000,0x000000001f070000)]

siginfo: ExceptionCode=0xc0000005, reading address 0x0000000000000000

Registers:
RAX=0x0000000000000000, RBX=0x000000001ba4f0a8, RCX=0x0000000000000000, RDX=0x0000000000000000
RSP=0x000000001f06f3b0, RBP=0x000000001f06f440, RSI=0x0000000000000108, RDI=0x00000000006e8a60
R8 =0x000000001f06f3a8, R9 =0x000000001f06f440, R10=0x0000000000000000, R11=0x0000000000000246
R12=0x0000000000000000, R13=0x000000001f06f458, R14=0x000000001f06f430, R15=0x000000001e254000
RIP=0x00007ffdd3ed24b9, EFLAGS=0x0000000000010287

Top of Stack: (sp=0x000000001f06f3b0)
0x000000001f06f3b0:   0000000000000000 0000000000000108
0x000000001f06f3c0:   000000001b9f3f00 000000000262ecc0
0x000000001f06f3d0:   0000000000001301 0000000002a1f64a
0x000000001f06f3e0:   000000001ba4f0a8 000000007052aea4
0x000000001f06f3f0:   000000001e254000 000000001e254000
0x000000001f06f400:   000000001e254000 0000000000000000
0x000000001f06f410:   000000001e2330a0 00000000704b5eba
0x000000001f06f420:   000000001f06f9a8 000000001f06f4b8
0x000000001f06f430:   00000006c2806108 0000000000001300
0x000000001f06f440:   000000001f06f4b8 0000000002637d8d
0x000000001f06f450:   0000000002637d8d 00000000006e8a60
0x000000001f06f460:   00000000026378a0 00007ffdd3ed2420
0x000000001f06f470:   0000000000000001 000000001f06f478
0x000000001f06f480:   000000001ba6b99c 000000001f06f4e0
0x000000001f06f490:   000000001ba6d980 0000000000000000
0x000000001f06f4a0:   000000001ba6b9c8 000000001f06f458 

Instructions: (pc=0x00007ffdd3ed24b9)
0x00007ffdd3ed2499:   48 8b cf e8 1f 3a 00 00 48 39 3d f0 d5 02 00 48
0x00007ffdd3ed24a9:   8d 0d e9 d5 02 00 48 8b 5c 24 30 74 08 48 8b 09
0x00007ffdd3ed24b9:   48 39 39 75 f8 48 8b 07 48 89 01 48 8b cf 48 83
0x00007ffdd3ed24c9:   c4 20 5f e9 5b fe 00 00 48 83 c4 20 5f c3 cc cc 


Register to memory mapping:

RAX=0x0000000000000000 is an unknown value
RBX={method} {0x000000001ba4f0b0} 'invokePV' '(JJ)V' in 'org/lwjgl/system/JNI'
RCX=0x0000000000000000 is an unknown value
RDX=0x0000000000000000 is an unknown value
RSP=0x000000001f06f3b0 is pointing into the stack for thread: 0x000000001e254000
RBP=0x000000001f06f440 is pointing into the stack for thread: 0x000000001e254000
RSI=0x0000000000000108 is an unknown value
RDI=0x00000000006e8a60 is an unknown value
R8 =0x000000001f06f3a8 is pointing into the stack for thread: 0x000000001e254000
R9 =0x000000001f06f440 is pointing into the stack for thread: 0x000000001e254000
R10=0x0000000000000000 is an unknown value
R11=0x0000000000000246 is an unknown value
R12=0x0000000000000000 is an unknown value
R13=0x000000001f06f458 is pointing into the stack for thread: 0x000000001e254000
R14=0x000000001f06f430 is pointing into the stack for thread: 0x000000001e254000
R15=0x000000001e254000 is a thread


Stack: [0x000000001ef70000,0x000000001f070000],  sp=0x000000001f06f3b0,  free space=1020k
Native frames: (J=compiled Java code, j=interpreted, Vv=VM code, C=native code)
C  [glfw.dll+0x24b9]
C  0x0000000002a1f64a

Java frames: (J=compiled Java code, j=interpreted, Vv=VM code)
J 787  org.lwjgl.system.JNI.invokePV(JJ)V (0 bytes) @ 0x0000000002a1f5c4 [0x0000000002a1f580+0x44]
j  org.lwjgl.glfw.GLFW.glfwDestroyCursor(J)V+20
j  main.client.Window.destroyWindow()V+9
j  main.coreEngine.Engine.stop()V+70
j  main.client.Window.update()V+33
j  main.client.renderEngine.RenderEngine.render()V+38
J 791 C1 main.client.ClientThread.tick()V (16 bytes) @ 0x0000000002a1ed34 [0x0000000002a1e880+0x4b4]
j  main.coreEngine.TickableThread.run()V+469
v  ~StubRoutines::call_stub

---------------  P R O C E S S  ---------------

Java Threads: ( => current thread )
  0x000000001e255000 JavaThread "SERVER" [_thread_in_Java, id=13016, stack(0x000000001f070000,0x000000001f170000)]
=>0x000000001e254000 JavaThread "CLIENT" [_thread_in_native, id=11836, stack(0x000000001ef70000,0x000000001f070000)]
  0x000000001e166000 JavaThread "Service Thread" daemon [_thread_blocked, id=396, stack(0x000000001ed70000,0x000000001ee70000)]
  0x000000001e0d0800 JavaThread "C1 CompilerThread3" daemon [_thread_blocked, id=10280, stack(0x000000001ec70000,0x000000001ed70000)]
  0x000000001e0cf800 JavaThread "C2 CompilerThread2" daemon [_thread_blocked, id=5652, stack(0x000000001eb70000,0x000000001ec70000)]
  0x000000001e0c7000 JavaThread "C2 CompilerThread1" daemon [_thread_blocked, id=6328, stack(0x000000001ea70000,0x000000001eb70000)]
  0x000000001e0cb000 JavaThread "C2 CompilerThread0" daemon [_thread_blocked, id=12244, stack(0x000000001e970000,0x000000001ea70000)]
  0x000000001e0ba000 JavaThread "JDWP Command Reader" daemon [_thread_in_native, id=7060, stack(0x000000001e870000,0x000000001e970000)]
  0x000000001e0af800 JavaThread "JDWP Event Helper Thread" daemon [_thread_blocked, id=10104, stack(0x000000001e770000,0x000000001e870000)]
  0x000000001e0ab800 JavaThread "JDWP Transport Listener: dt_socket" daemon [_thread_blocked, id=1856, stack(0x000000001e670000,0x000000001e770000)]
  0x000000001e096000 JavaThread "Attach Listener" daemon [_thread_blocked, id=12468, stack(0x000000001e570000,0x000000001e670000)]
  0x000000001e094800 JavaThread "Signal Dispatcher" daemon [_thread_blocked, id=13824, stack(0x000000001e470000,0x000000001e570000)]
  0x000000000262a000 JavaThread "Finalizer" daemon [_thread_blocked, id=11768, stack(0x000000001de90000,0x000000001df90000)]
  0x0000000002623000 JavaThread "Reference Handler" daemon [_thread_blocked, id=8880, stack(0x000000001dd90000,0x000000001de90000)]
  0x000000000242e000 JavaThread "main" [_thread_in_Java, id=9868, stack(0x0000000002430000,0x0000000002530000)]

Other Threads:
  0x000000001bfc9800 VMThread [stack: 0x000000001dc90000,0x000000001dd90000] [id=11572]
  0x000000001e170000 WatcherThread [stack: 0x000000001ee70000,0x000000001ef70000] [id=10636]

VM state:not at safepoint (normal execution)

VM Mutex/Monitor currently owned by a thread: None

Heap:
 PSYoungGen      total 828928K, used 214616K [0x000000076b800000, 0x00000007bde80000, 0x00000007c0000000)
  eden space 828416K, 25% used [0x000000076b800000,0x000000077895e070,0x000000079e100000)
  from space 512K, 43% used [0x00000007bde00000,0x00000007bde38000,0x00000007bde80000)
  to   space 10240K, 0% used [0x00000007bca80000,0x00000007bca80000,0x00000007bd480000)
 ParOldGen       total 173568K, used 32025K [0x00000006c2800000, 0x00000006cd180000, 0x000000076b800000)
  object space 173568K, 18% used [0x00000006c2800000,0x00000006c4746768,0x00000006cd180000)
 Metaspace       used 8342K, capacity 8710K, committed 8960K, reserved 1056768K
  class space    used 659K, capacity 690K, committed 768K, reserved 1048576K

Card table byte_map: [0x00000000119f0000,0x00000000121e0000] byte_map_base: 0x000000000e3dc000

Marking Bits: (ParMarkBitMap*) 0x0000000070c0a5b0
 Begin Bits: [0x0000000012f30000, 0x0000000016e90000)
 End Bits:   [0x0000000016e90000, 0x000000001adf0000)

Polling page: 0x00000000006a0000

CodeCache: size=245760Kb used=4045Kb max_used=4056Kb free=241714Kb
 bounds [0x0000000002630000, 0x0000000002a30000, 0x0000000011630000]
 total_blobs=1456 nmethods=800 adapters=577
 compilation: enabled

Compilation events (10 events):
Event: 5.892 Thread 0x000000001e0d0800  798       1       main.client.InputHandler::keyDown (6 bytes)
Event: 5.892 Thread 0x000000001e0d0800 nmethod 798 0x0000000002a25c90 code [0x0000000002a25de0, 0x0000000002a25f10]
Event: 5.959 Thread 0x000000001e0c7000  799       4       java.nio.Bits::byteOrder (20 bytes)
Event: 5.959 Thread 0x000000001e0c7000 nmethod 799 0x0000000002a1e010 code [0x0000000002a1e140, 0x0000000002a1e198]
Event: 6.575 Thread 0x000000001e0cb000  800       4       main.coreEngine.util.maths.Vector3f::<init> (5 bytes)
Event: 6.576 Thread 0x000000001e0cb000 nmethod 800 0x0000000002a28c10 code [0x0000000002a28d40, 0x0000000002a28d98]
Event: 7.009 Thread 0x000000001e0d0800  801       3       main.coreEngine.util.maths.Vector3f::scale (32 bytes)
Event: 7.009 Thread 0x000000001e0d0800 nmethod 801 0x0000000002a288d0 code [0x0000000002a28a20, 0x0000000002a28b90]
Event: 7.042 Thread 0x000000001e0cf800  802       4       org.lwjgl.opengl.GL::getCapabilities (26 bytes)
Event: 7.043 Thread 0x000000001e0cf800 nmethod 802 0x0000000002a26e50 code [0x0000000002a26fa0, 0x0000000002a27118]

GC Heap History (10 events):
Event: 4.540 GC heap before
{Heap before GC invocations=16 (full 0):
 PSYoungGen      total 1063936K, used 1050848K [0x000000076b800000, 0x00000007bff80000, 0x00000007c0000000)
  eden space 1050624K, 100% used [0x000000076b800000,0x00000007aba00000,0x00000007aba00000)
  from space 13312K, 1% used [0x00000007aba00000,0x00000007aba38000,0x00000007ac700000)
  to   space 12800K, 0% used [0x00000007bf300000,0x00000007bf300000,0x00000007bff80000)
 ParOldGen       total 173568K, used 32017K [0x00000006c2800000, 0x00000006cd180000, 0x000000076b800000)
  object space 173568K, 18% used [0x00000006c2800000,0x00000006c4744768,0x00000006cd180000)
 Metaspace       used 8328K, capacity 8710K, committed 8960K, reserved 1056768K
  class space    used 659K, capacity 690K, committed 768K, reserved 1048576K
Event: 4.541 GC heap after
Heap after GC invocations=16 (full 0):
 PSYoungGen      total 1001984K, used 192K [0x000000076b800000, 0x00000007bf380000, 0x00000007c0000000)
  eden space 1001472K, 0% used [0x000000076b800000,0x000000076b800000,0x00000007a8a00000)
  from space 512K, 37% used [0x00000007bf300000,0x00000007bf330000,0x00000007bf380000)
  to   space 12288K, 0% used [0x00000007bdb80000,0x00000007bdb80000,0x00000007be780000)
 ParOldGen       total 173568K, used 32017K [0x00000006c2800000, 0x00000006cd180000, 0x000000076b800000)
  object space 173568K, 18% used [0x00000006c2800000,0x00000006c4744768,0x00000006cd180000)
 Metaspace       used 8328K, capacity 8710K, committed 8960K, reserved 1056768K
  class space    used 659K, capacity 690K, committed 768K, reserved 1048576K
}
Event: 5.398 GC heap before
{Heap before GC invocations=17 (full 0):
 PSYoungGen      total 1001984K, used 1001664K [0x000000076b800000, 0x00000007bf380000, 0x00000007c0000000)
  eden space 1001472K, 100% used [0x000000076b800000,0x00000007a8a00000,0x00000007a8a00000)
  from space 512K, 37% used [0x00000007bf300000,0x00000007bf330000,0x00000007bf380000)
  to   space 12288K, 0% used [0x00000007bdb80000,0x00000007bdb80000,0x00000007be780000)
 ParOldGen       total 173568K, used 32017K [0x00000006c2800000, 0x00000006cd180000, 0x000000076b800000)
  object space 173568K, 18% used [0x00000006c2800000,0x00000006c4744768,0x00000006cd180000)
 Metaspace       used 8336K, capacity 8710K, committed 8960K, reserved 1056768K
  class space    used 659K, capacity 690K, committed 768K, reserved 1048576K
Event: 5.398 GC heap after
Heap after GC invocations=17 (full 0):
 PSYoungGen      total 967168K, used 224K [0x000000076b800000, 0x00000007bf380000, 0x00000007c0000000)
  eden space 954880K, 0% used [0x000000076b800000,0x000000076b800000,0x00000007a5c80000)
  from space 12288K, 1% used [0x00000007bdb80000,0x00000007bdbb8000,0x00000007be780000)
  to   space 11776K, 0% used [0x00000007be800000,0x00000007be800000,0x00000007bf380000)
 ParOldGen       total 173568K, used 32017K [0x00000006c2800000, 0x00000006cd180000, 0x000000076b800000)
  object space 173568K, 18% used [0x00000006c2800000,0x00000006c4744768,0x00000006cd180000)
 Metaspace       used 8336K, capacity 8710K, committed 8960K, reserved 1056768K
  class space    used 659K, capacity 690K, committed 768K, reserved 1048576K
}
Event: 6.106 GC heap before
{Heap before GC invocations=18 (full 0):
 PSYoungGen      total 967168K, used 955104K [0x000000076b800000, 0x00000007bf380000, 0x00000007c0000000)
  eden space 954880K, 100% used [0x000000076b800000,0x00000007a5c80000,0x00000007a5c80000)
  from space 12288K, 1% used [0x00000007bdb80000,0x00000007bdbb8000,0x00000007be780000)
  to   space 11776K, 0% used [0x00000007be800000,0x00000007be800000,0x00000007bf380000)
 ParOldGen       total 173568K, used 32017K [0x00000006c2800000, 0x00000006cd180000, 0x000000076b800000)
  object space 173568K, 18% used [0x00000006c2800000,0x00000006c4744768,0x00000006cd180000)
 Metaspace       used 8341K, capacity 8710K, committed 8960K, reserved 1056768K
  class space    used 659K, capacity 690K, committed 768K, reserved 1048576K
Event: 6.107 GC heap after
Heap after GC invocations=18 (full 0):
 PSYoungGen      total 910848K, used 224K [0x000000076b800000, 0x00000007be880000, 0x00000007c0000000)
  eden space 910336K, 0% used [0x000000076b800000,0x000000076b800000,0x00000007a3100000)
  from space 512K, 43% used [0x00000007be800000,0x00000007be838000,0x00000007be880000)
  to   space 11264K, 0% used [0x00000007bd280000,0x00000007bd280000,0x00000007bdd80000)
 ParOldGen       total 173568K, used 32017K [0x00000006c2800000, 0x00000006cd180000, 0x000000076b800000)
  object space 173568K, 18% used [0x00000006c2800000,0x00000006c4744768,0x00000006cd180000)
 Metaspace       used 8341K, capacity 8710K, committed 8960K, reserved 1056768K
  class space    used 659K, capacity 690K, committed 768K, reserved 1048576K
}
Event: 6.791 GC heap before
{Heap before GC invocations=19 (full 0):
 PSYoungGen      total 910848K, used 910560K [0x000000076b800000, 0x00000007be880000, 0x00000007c0000000)
  eden space 910336K, 100% used [0x000000076b800000,0x00000007a3100000,0x00000007a3100000)
  from space 512K, 43% used [0x00000007be800000,0x00000007be838000,0x00000007be880000)
  to   space 11264K, 0% used [0x00000007bd280000,0x00000007bd280000,0x00000007bdd80000)
 ParOldGen       total 173568K, used 32017K [0x00000006c2800000, 0x00000006cd180000, 0x000000076b800000)
  object space 173568K, 18% used [0x00000006c2800000,0x00000006c4744768,0x00000006cd180000)
 Metaspace       used 8341K, capacity 8710K, committed 8960K, reserved 1056768K
  class space    used 659K, capacity 690K, committed 768K, reserved 1048576K
Event: 6.792 GC heap after
Heap after GC invocations=19 (full 0):
 PSYoungGen      total 879616K, used 192K [0x000000076b800000, 0x00000007be880000, 0x00000007c0000000)
  eden space 868352K, 0% used [0x000000076b800000,0x000000076b800000,0x00000007a0800000)
  from space 11264K, 1% used [0x00000007bd280000,0x00000007bd2b0000,0x00000007bdd80000)
  to   space 10752K, 0% used [0x00000007bde00000,0x00000007bde00000,0x00000007be880000)
 ParOldGen       total 173568K, used 32025K [0x00000006c2800000, 0x00000006cd180000, 0x000000076b800000)
  object space 173568K, 18% used [0x00000006c2800000,0x00000006c4746768,0x00000006cd180000)
 Metaspace       used 8341K, capacity 8710K, committed 8960K, reserved 1056768K
  class space    used 659K, capacity 690K, committed 768K, reserved 1048576K
}
Event: 7.443 GC heap before
{Heap before GC invocations=20 (full 0):
 PSYoungGen      total 879616K, used 868544K [0x000000076b800000, 0x00000007be880000, 0x00000007c0000000)
  eden space 868352K, 100% used [0x000000076b800000,0x00000007a0800000,0x00000007a0800000)
  from space 11264K, 1% used [0x00000007bd280000,0x00000007bd2b0000,0x00000007bdd80000)
  to   space 10752K, 0% used [0x00000007bde00000,0x00000007bde00000,0x00000007be880000)
 ParOldGen       total 173568K, used 32025K [0x00000006c2800000, 0x00000006cd180000, 0x000000076b800000)
  object space 173568K, 18% used [0x00000006c2800000,0x00000006c4746768,0x00000006cd180000)
 Metaspace       used 8342K, capacity 8710K, committed 8960K, reserved 1056768K
  class space    used 659K, capacity 690K, committed 768K, reserved 1048576K
Event: 7.444 GC heap after
Heap after GC invocations=20 (full 0):
 PSYoungGen      total 828928K, used 224K [0x000000076b800000, 0x00000007bde80000, 0x00000007c0000000)
  eden space 828416K, 0% used [0x000000076b800000,0x000000076b800000,0x000000079e100000)
  from space 512K, 43% used [0x00000007bde00000,0x00000007bde38000,0x00000007bde80000)
  to   space 10240K, 0% used [0x00000007bca80000,0x00000007bca80000,0x00000007bd480000)
 ParOldGen       total 173568K, used 32025K [0x00000006c2800000, 0x00000006cd180000, 0x000000076b800000)
  object space 173568K, 18% used [0x00000006c2800000,0x00000006c4746768,0x00000006cd180000)
 Metaspace       used 8342K, capacity 8710K, committed 8960K, reserved 1056768K
  class space    used 659K, capacity 690K, committed 768K, reserved 1048576K
}

Deoptimization events (10 events):
Event: 1.191 Thread 0x000000001e254000 Uncommon trap: reason=class_check action=maybe_recompile pc=0x000000000295bd08 method=java.util.HashMap.putVal(ILjava/lang/Object;Ljava/lang/Object;ZZ)Ljava/lang/Object; @ 203
Event: 1.192 Thread 0x000000001e254000 Uncommon trap: reason=class_check action=maybe_recompile pc=0x000000000295bd08 method=java.util.HashMap.putVal(ILjava/lang/Object;Ljava/lang/Object;ZZ)Ljava/lang/Object; @ 203
Event: 1.202 Thread 0x000000001e254000 Uncommon trap: reason=class_check action=maybe_recompile pc=0x000000000295bd08 method=java.util.HashMap.putVal(ILjava/lang/Object;Ljava/lang/Object;ZZ)Ljava/lang/Object; @ 203
Event: 1.225 Thread 0x000000001e254000 Uncommon trap: reason=unstable_if action=reinterpret pc=0x0000000002988b38 method=main.client.renderEngine.mesh.Mesh.compile(ILjava/util/List;)Lmain/client/renderEngine/mesh/Mesh; @ 102
Event: 1.258 Thread 0x000000001e254000 Uncommon trap: reason=unstable_if action=reinterpret pc=0x000000000299d030 method=main.client.renderEngine.mesh.Mesh.compile(ILjava/util/List;)Lmain/client/renderEngine/mesh/Mesh; @ 219
Event: 1.318 Thread 0x000000001e254000 Uncommon trap: reason=unstable_if action=reinterpret pc=0x00000000029b6f28 method=main.client.renderEngine.mesh.Mesh.compile(ILjava/util/List;)Lmain/client/renderEngine/mesh/Mesh; @ 553
Event: 1.335 Thread 0x000000001e254000 Uncommon trap: reason=unstable_if action=reinterpret pc=0x00000000029458f0 method=main.client.renderEngine.mesh.Vertex.hashCode()I @ 27
Event: 1.381 Thread 0x000000001e254000 Uncommon trap: reason=unstable_if action=reinterpret pc=0x00000000028f792c method=main.coreEngine.TickableThread.run()V @ 461
Event: 1.389 Thread 0x000000001e255000 Uncommon trap: reason=unstable_if action=reinterpret pc=0x00000000028f792c method=main.coreEngine.TickableThread.run()V @ 461
Event: 1.397 Thread 0x000000000242e000 Uncommon trap: reason=unstable_if action=reinterpret pc=0x00000000029b1ec4 method=main.coreEngine.Engine.start()V @ 163

Internal exceptions (9 events):
Event: 0.025 Thread 0x000000000242e000 Exception <a 'java/lang/NoSuchMethodError': Method sun.misc.Unsafe.defineClass(Ljava/lang/String;[BII)Ljava/lang/Class; name or signature does not match> (0x000000076b80da30) thrown at [C:\workspace\8-2-build-windows-amd64-cygwin\jdk8u65\4987\hotspot\src\sÃoþ§¥Â™?
Event: 0.025 Thread 0x000000000242e000 Exception <a 'java/lang/NoSuchMethodError': Method sun.misc.Unsafe.prefetchRead(Ljava/lang/Object;J)V name or signature does not match> (0x000000076b80dd18) thrown at [C:\workspace\8-2-build-windows-amd64-cygwin\jdk8u65\4987\hotspot\src\share\vm\prims\jni.)Ô‰÷JÙ?
Event: 0.395 Thread 0x000000001e254000 Implicit null exception at 0x0000000002780b0f to 0x0000000002780e71
Event: 0.396 Thread 0x000000001e254000 Exception <a 'java/security/PrivilegedActionException'> (0x000000076cfd4d48) thrown at [C:\workspace\8-2-build-windows-amd64-cygwin\jdk8u65\4987\hotspot\src\share\vm\prims\jvm.cpp, line 1386]
Event: 0.396 Thread 0x000000001e254000 Exception <a 'java/security/PrivilegedActionException'> (0x000000076cfd5140) thrown at [C:\workspace\8-2-build-windows-amd64-cygwin\jdk8u65\4987\hotspot\src\share\vm\prims\jvm.cpp, line 1386]
Event: 0.396 Thread 0x000000001e254000 Exception <a 'java/security/PrivilegedActionException'> (0x000000076cfd9358) thrown at [C:\workspace\8-2-build-windows-amd64-cygwin\jdk8u65\4987\hotspot\src\share\vm\prims\jvm.cpp, line 1386]
Event: 0.396 Thread 0x000000001e254000 Exception <a 'java/security/PrivilegedActionException'> (0x000000076cfd9750) thrown at [C:\workspace\8-2-build-windows-amd64-cygwin\jdk8u65\4987\hotspot\src\share\vm\prims\jvm.cpp, line 1386]
Event: 0.785 Thread 0x000000000242e000 Implicit null exception at 0x000000000279367c to 0x0000000002793c49
Event: 1.118 Thread 0x000000001e254000 Implicit null exception at 0x0000000002946fa4 to 0x000000000294751d

Events (10 events):
Event: 4.658 Thread 0x000000001e254000 DEOPT PACKING pc=0x00000000029feaaa sp=0x000000001f06f560
Event: 4.659 Thread 0x000000001e254000 DEOPT UNPACKING pc=0x000000000267787f sp=0x000000001f06f288 mode 0
Event: 5.398 Executing VM operation: ParallelGCFailedAllocation
Event: 5.398 Executing VM operation: ParallelGCFailedAllocation done
Event: 6.106 Executing VM operation: ParallelGCFailedAllocation
Event: 6.107 Executing VM operation: ParallelGCFailedAllocation done
Event: 6.791 Executing VM operation: ParallelGCFailedAllocation
Event: 6.792 Executing VM operation: ParallelGCFailedAllocation done
Event: 7.443 Executing VM operation: ParallelGCFailedAllocation
Event: 7.444 Executing VM operation: ParallelGCFailedAllocation done


Dynamic libraries:
0x00007ff76c070000 - 0x00007ff76c0a7000 	C:\Program Files\Java\jdk1.8.0_65\bin\java.exe
0x00007ffde4980000 - 0x00007ffde4b41000 	C:\WINDOWS\SYSTEM32\ntdll.dll
0x00007ffde42a0000 - 0x00007ffde434d000 	C:\WINDOWS\system32\KERNEL32.DLL
0x00007ffde19f0000 - 0x00007ffde1bd8000 	C:\WINDOWS\system32\KERNELBASE.dll
0x00007ffde1e70000 - 0x00007ffde1f17000 	C:\WINDOWS\system32\ADVAPI32.dll
0x00007ffde3800000 - 0x00007ffde389d000 	C:\WINDOWS\system32\msvcrt.dll
0x00007ffde1e10000 - 0x00007ffde1e6b000 	C:\WINDOWS\system32\sechost.dll
0x00007ffde3bd0000 - 0x00007ffde3cec000 	C:\WINDOWS\system32\RPCRT4.dll
0x00007ffde3fe0000 - 0x00007ffde4136000 	C:\WINDOWS\system32\USER32.dll
0x00007ffde3cf0000 - 0x00007ffde3e76000 	C:\WINDOWS\system32\GDI32.dll
0x00007ffddd690000 - 0x00007ffddd904000 	C:\WINDOWS\WinSxS\amd64_microsoft.windows.common-controls_6595b64144ccf1df_6.0.10586.0_none_8c15ae12515e1c22\COMCTL32.dll
0x00007ffde3950000 - 0x00007ffde3bcd000 	C:\WINDOWS\system32\combase.dll
0x00007ffde1cf0000 - 0x00007ffde1d5a000 	C:\WINDOWS\system32\bcryptPrimitives.dll
0x00007ffde1dc0000 - 0x00007ffde1dfb000 	C:\WINDOWS\system32\IMM32.DLL
0x0000000070c90000 - 0x0000000070d62000 	C:\Program Files\Java\jdk1.8.0_65\jre\bin\msvcr100.dll
0x0000000070400000 - 0x0000000070c89000 	C:\Program Files\Java\jdk1.8.0_65\jre\bin\server\jvm.dll
0x00007ffde4290000 - 0x00007ffde4298000 	C:\WINDOWS\system32\PSAPI.DLL
0x00007ffddf730000 - 0x00007ffddf753000 	C:\WINDOWS\SYSTEM32\WINMM.dll
0x00007ffdd8550000 - 0x00007ffdd8559000 	C:\WINDOWS\SYSTEM32\WSOCK32.dll
0x00007ffddd9c0000 - 0x00007ffddd9ca000 	C:\WINDOWS\SYSTEM32\VERSION.dll
0x00007ffde4470000 - 0x00007ffde44db000 	C:\WINDOWS\system32\WS2_32.dll
0x00007ffddf6d0000 - 0x00007ffddf6fc000 	C:\WINDOWS\SYSTEM32\WINMMBASE.dll
0x00007ffde1be0000 - 0x00007ffde1c23000 	C:\WINDOWS\system32\cfgmgr32.dll
0x00000000703f0000 - 0x00000000703ff000 	C:\Program Files\Java\jdk1.8.0_65\jre\bin\verify.dll
0x00000000703c0000 - 0x00000000703e9000 	C:\Program Files\Java\jdk1.8.0_65\jre\bin\java.dll
0x0000000070380000 - 0x00000000703b5000 	C:\Program Files\Java\jdk1.8.0_65\jre\bin\jdwp.dll
0x0000000070370000 - 0x0000000070378000 	C:\Program Files\Java\jdk1.8.0_65\jre\bin\npt.dll
0x0000000070350000 - 0x0000000070366000 	C:\Program Files\Java\jdk1.8.0_65\jre\bin\zip.dll
0x00007ffde1f80000 - 0x00007ffde34dc000 	C:\WINDOWS\system32\SHELL32.dll
0x00007ffde11d0000 - 0x00007ffde1815000 	C:\WINDOWS\system32\windows.storage.dll
0x00007ffde36b0000 - 0x00007ffde3702000 	C:\WINDOWS\system32\shlwapi.dll
0x00007ffde0fb0000 - 0x00007ffde0fbf000 	C:\WINDOWS\system32\kernel.appcore.dll
0x00007ffde1c30000 - 0x00007ffde1ce5000 	C:\WINDOWS\system32\shcore.dll
0x00007ffde0fc0000 - 0x00007ffde100b000 	C:\WINDOWS\system32\powrprof.dll
0x00007ffde0f80000 - 0x00007ffde0f94000 	C:\WINDOWS\system32\profapi.dll
0x0000000070340000 - 0x0000000070349000 	C:\Program Files\Java\jdk1.8.0_65\jre\bin\dt_socket.dll
0x00007ffde08b0000 - 0x00007ffde090c000 	C:\WINDOWS\system32\mswsock.dll
0x00007ffdd3f10000 - 0x00007ffdd3f98000 	D:\Code\Java\Projects\WireEngine20\lib\native\lwjgl.dll
0x00007ffde0a80000 - 0x00007ffde0a8b000 	C:\WINDOWS\SYSTEM32\CRYPTBASE.DLL
0x00007ffddc3c0000 - 0x00007ffddc402000 	D:\Code\Java\Projects\WireEngine20\lib\native\jemalloc.dll
0x00007ffdd3ed0000 - 0x00007ffdd3f08000 	D:\Code\Java\Projects\WireEngine20\lib\native\glfw.dll
0x00007ffddf850000 - 0x00007ffddf8e6000 	C:\WINDOWS\system32\uxtheme.dll
0x00007ffdde650000 - 0x00007ffdde672000 	C:\WINDOWS\SYSTEM32\dwmapi.dll
0x00007ffdc9d10000 - 0x00007ffdc9e39000 	C:\WINDOWS\SYSTEM32\opengl32.dll
0x00007ffdcfb20000 - 0x00007ffdcfb4e000 	C:\WINDOWS\SYSTEM32\GLU32.dll
0x00007ffdcc520000 - 0x00007ffdcc61a000 	C:\WINDOWS\SYSTEM32\DDRAW.dll
0x00007ffdd96b0000 - 0x00007ffdd96b8000 	C:\WINDOWS\SYSTEM32\DCIMAN32.dll
0x00007ffde3e80000 - 0x00007ffde3fda000 	C:\WINDOWS\system32\MSCTF.dll
0x00007ffdd2dd0000 - 0x00007ffdd2e19000 	C:\Program Files (x86)\TeamViewer\tv_x64.dll
0x00007ffde4140000 - 0x00007ffde4283000 	C:\WINDOWS\system32\ole32.dll
0x000000006e5f0000 - 0x0000000070339000 	C:\WINDOWS\SYSTEM32\nvoglv64.DLL
0x00007ffde4550000 - 0x00007ffde4979000 	C:\WINDOWS\system32\SETUPAPI.dll
0x00007ffddf2f0000 - 0x00007ffddf303000 	C:\WINDOWS\SYSTEM32\WTSAPI32.dll
0x00007ffddf9a0000 - 0x00007ffddf9c7000 	C:\WINDOWS\SYSTEM32\DEVOBJ.dll
0x00007ffde1170000 - 0x00007ffde11c5000 	C:\WINDOWS\system32\WINTRUST.dll
0x00007ffde0fa0000 - 0x00007ffde0fb0000 	C:\WINDOWS\system32\MSASN1.dll
0x00007ffde1820000 - 0x00007ffde19e7000 	C:\WINDOWS\system32\CRYPT32.dll
0x00007ffde04d0000 - 0x00007ffde0501000 	C:\WINDOWS\SYSTEM32\ntmarta.dll
0x00007ffde0220000 - 0x00007ffde0276000 	C:\WINDOWS\SYSTEM32\WINSTA.dll
0x00007ffde38a0000 - 0x00007ffde3947000 	C:\WINDOWS\system32\clbcatq.dll
0x00007ffddc360000 - 0x00007ffddc385000 	C:\Program Files (x86)\Samsung\Easy Printer Manager\SmartScreenPrint\CDAKEYMonitor64.dll
0x00007ffde3730000 - 0x00007ffde37f1000 	C:\WINDOWS\system32\OLEAUT32.dll
0x00007ffdb9de0000 - 0x00007ffdb9f6c000 	C:\WINDOWS\SYSTEM32\dbghelp.dll

VM Arguments:
jvm_args: -agentlib:jdwp=transport=dt_socket,address=127.0.0.1:63605,suspend=y,server=n -Djava.library.path=lib/native/ -Dfile.encoding=UTF-8 
java_command: main.Main
java_class_path (initial): C:\Program Files\Java\jdk1.8.0_65\jre\lib\charsets.jar;C:\Program Files\Java\jdk1.8.0_65\jre\lib\deploy.jar;C:\Program Files\Java\jdk1.8.0_65\jre\lib\ext\access-bridge-64.jar;C:\Program Files\Java\jdk1.8.0_65\jre\lib\ext\cldrdata.jar;C:\Program Files\Java\jdk1.8.0_65\jre\lib\ext\dnsns.jar;C:\Program Files\Java\jdk1.8.0_65\jre\lib\ext\jaccess.jar;C:\Program Files\Java\jdk1.8.0_65\jre\lib\ext\jfxrt.jar;C:\Program Files\Java\jdk1.8.0_65\jre\lib\ext\localedata.jar;C:\Program Files\Java\jdk1.8.0_65\jre\lib\ext\nashorn.jar;C:\Program Files\Java\jdk1.8.0_65\jre\lib\ext\sunec.jar;C:\Program Files\Java\jdk1.8.0_65\jre\lib\ext\sunjce_provider.jar;C:\Program Files\Java\jdk1.8.0_65\jre\lib\ext\sunmscapi.jar;C:\Program Files\Java\jdk1.8.0_65\jre\lib\ext\sunpkcs11.jar;C:\Program Files\Java\jdk1.8.0_65\jre\lib\ext\zipfs.jar;C:\Program Files\Java\jdk1.8.0_65\jre\lib\javaws.jar;C:\Program Files\Java\jdk1.8.0_65\jre\lib\jce.jar;C:\Program Files\Java\jdk1.8.0_65\jre\lib\jfr.jar;C:\Program Files\Java\jdk1.8.0_65\jre\lib\jfxswt.jar;C:\Program Files\Java\jdk1.8.0_65\jre\lib\jsse.jar;C:\Program Files\Java\jdk1.8.0_65\jre\lib\management-agent.jar;C:\Program Files\Java\jdk1.8.0_65\jre\lib\plugin.jar;C:\Program Files\Java\jdk1.8.0_65\jre\lib\resources.jar;C:\Program Files\Java\jdk1.8.0_65\jre\lib\rt.jar;D:\Code\Java\Projects\WireEngine20\out\production\WireEngine20;D:\Code\Java\Projects\WireEngine20\lib\jar\lwjgl.jar;D:\Code\Java\Projects\WireEngine20\lib\jar\slick-util.jar;D:\Program Files (x86)\JetBrains\IntelliJ IDEA 2016.1\lib\idea_rt.jar
Launcher Type: SUN_STANDARD

Environment Variables:
JAVA_HOME=C:\Program Files\Java\jdk1.8.0_65
PATH=C:\ProgramData\Oracle\Java\javapath;C:\Program Files (x86)\Razer Chroma SDK\bin;C:\Program Files\Razer Chroma SDK\bin;C:\Program Files (x86)\NVIDIA Corporation\PhysX\Common;C:\Program Files (x86)\Intel\iCLS Client\;C:\Program Files\Intel\iCLS Client\;C:\Windows\system32;C:\Windows;C:\Windows\System32\Wbem;C:\Windows\System32\WindowsPowerShell\v1.0\;C:\Program Files\Intel\Intel(R) Management Engine Components\DAL;C:\Program Files (x86)\Intel\Intel(R) Management Engine Components\DAL;C:\Program Files\Intel\Intel(R) Management Engine Components\IPT;C:\Program Files (x86)\Intel\Intel(R) Management Engine Components\IPT;C:\Program Files\Java\jre1.8.0_65\bin;C:\MinGW\bin;C:\WINDOWS\system32;C:\WINDOWS;C:\WINDOWS\System32\Wbem;C:\WINDOWS\System32\WindowsPowerShell\v1.0\;D:\Program Files (x86)\CMake\bin;D:\Program Files\Programs\Python\Python35-32;D:\Program Files\Programs\Python\Python35-32\Scripts;C:\Program Files (x86)\Skype\Phone\;D:\Program Files\Programs\Python\Python35-32\Scripts\;D:\Program Files\Programs\Python\Python35-32\
USERNAME=Kelan
OS=Windows_NT
PROCESSOR_IDENTIFIER=Intel64 Family 6 Model 60 Stepping 3, GenuineIntel



---------------  S Y S T E M  ---------------

OS: Windows 10.0 , 64 bit Build 10586 (10.0.10586.0)

CPU:total 8 (4 cores per cpu, 2 threads per core) family 6 model 60 stepping 3, cmov, cx8, fxsr, mmx, sse, sse2, sse3, ssse3, sse4.1, sse4.2, popcnt, avx, avx2, aes, clmul, erms, lzcnt, ht, tsc, tscinvbit, bmi1, bmi2

Memory: 4k page, physical 16609500k(2378104k free), swap 33386716k(16018864k free)

vm_info: Java HotSpot(TM) 64-Bit Server VM (25.65-b01) for windows-amd64 JRE (1.8.0_65-b17), built on Oct  6 2015 16:39:20 by "java_re" with MS VC++ 10.0 (VS2010)

time: Tue Apr 12 14:02:08 2016
elapsed time: 7 seconds (0d 0h 0m 7s)

