#
# A fatal error has been detected by the Java Runtime Environment:
#
#  EXCEPTION_ACCESS_VIOLATION (0xc0000005) at pc=0x00007ffd11dd24b9, pid=12552, tid=5364
#
# JRE version: Java(TM) SE Runtime Environment (8.0_65-b17) (build 1.8.0_65-b17)
# Java VM: Java HotSpot(TM) 64-Bit Server VM (25.65-b01 mixed mode windows-amd64 compressed oops)
# Problematic frame:
# C  [glfw.dll+0x24b9]
#
# Failed to write core dump. Minidumps are not enabled by default on client versions of Windows
#
# If you would like to submit a bug report, please visit:
#   http://bugreport.java.com/bugreport/crash.jsp
# The crash happened outside the Java Virtual Machine in native code.
# See problematic frame for where to report the bug.
#

---------------  T H R E A D  ---------------

Current thread (0x000000001e2c7800):  JavaThread "CLIENT" [_thread_in_native, id=5364, stack(0x000000001efe0000,0x000000001f0e0000)]

siginfo: ExceptionCode=0xc0000005, reading address 0x0000000000000000

Registers:
RAX=0x0000000000000000, RBX=0x000000001bab0868, RCX=0x0000000000000000, RDX=0x0000000000000000
RSP=0x000000001f0df0d0, RBP=0x000000001f0df188, RSI=0x0000000000000108, RDI=0x00000000007bf750
R8 =0x000000001f0df0c8, R9 =0x000000001f0df188, R10=0x0000000000000000, R11=0x0000000000000246
R12=0x0000000000000000, R13=0x000000001bab0868, R14=0x000000001f0df1c0, R15=0x000000001e2c7800
RIP=0x00007ffd11dd24b9, EFLAGS=0x0000000000010283

Top of Stack: (sp=0x000000001f0df0d0)
0x000000001f0df0d0:   000000001e2c7800 000000001e2c7800
0x000000001f0df0e0:   000000001e2c7800 000000001e2c7800
0x000000001f0df0f0:   00000000000006e2 00000000026adfcc
0x000000001f0df100:   000000001bab0868 000000005a975005
0x000000001f0df110:   000000001ba55ef0 000000001c0328f0
0x000000001f0df120:   000000000000000e 000000001e2c7800
0x000000001f0df130:   000000001bace710 000000005a88aea4
0x000000001f0df140:   000000001e2c7800 000000001f0df148
0x000000001f0df150:   0000000000000000 000000001f0df1c0
0x000000001f0df160:   000000001bab1008 0000000000000000
0x000000001f0df170:   000000001bab0868 0000000000000000
0x000000001f0df180:   000000001f0df1a8 000000001f0df208
0x000000001f0df190:   0000000002697d8d 00000006c2808218
0x000000001f0df1a0:   00000000026a42f8 00000000007bf750
0x000000001f0df1b0:   00000000026978a0 00007ffd11dd2420
0x000000001f0df1c0:   0000000000000001 000000001f0df1c8 

Instructions: (pc=0x00007ffd11dd24b9)
0x00007ffd11dd2499:   48 8b cf e8 1f 3a 00 00 48 39 3d f0 d5 02 00 48
0x00007ffd11dd24a9:   8d 0d e9 d5 02 00 48 8b 5c 24 30 74 08 48 8b 09
0x00007ffd11dd24b9:   48 39 39 75 f8 48 8b 07 48 89 01 48 8b cf 48 83
0x00007ffd11dd24c9:   c4 20 5f e9 5b fe 00 00 48 83 c4 20 5f c3 cc cc 


Register to memory mapping:

RAX=0x0000000000000000 is an unknown value
RBX={method} {0x000000001bab0870} 'invokePV' '(JJ)V' in 'org/lwjgl/system/JNI'
RCX=0x0000000000000000 is an unknown value
RDX=0x0000000000000000 is an unknown value
RSP=0x000000001f0df0d0 is pointing into the stack for thread: 0x000000001e2c7800
RBP=0x000000001f0df188 is pointing into the stack for thread: 0x000000001e2c7800
RSI=0x0000000000000108 is an unknown value
RDI=0x00000000007bf750 is an unknown value
R8 =0x000000001f0df0c8 is pointing into the stack for thread: 0x000000001e2c7800
R9 =0x000000001f0df188 is pointing into the stack for thread: 0x000000001e2c7800
R10=0x0000000000000000 is an unknown value
R11=0x0000000000000246 is an unknown value
R12=0x0000000000000000 is an unknown value
R13={method} {0x000000001bab0870} 'invokePV' '(JJ)V' in 'org/lwjgl/system/JNI'
R14=0x000000001f0df1c0 is pointing into the stack for thread: 0x000000001e2c7800
R15=0x000000001e2c7800 is a thread


Stack: [0x000000001efe0000,0x000000001f0e0000],  sp=0x000000001f0df0d0,  free space=1020k
Native frames: (J=compiled Java code, j=interpreted, Vv=VM code, C=native code)
C  [glfw.dll+0x24b9]
C  0x00000000026adfcc

Java frames: (J=compiled Java code, j=interpreted, Vv=VM code)
j  org.lwjgl.system.JNI.invokePV(JJ)V+0
j  org.lwjgl.glfw.GLFW.glfwDestroyCursor(J)V+20
j  main.client.Window.destroyWindow()V+9
j  main.coreEngine.Engine.stop()V+70
j  main.client.Window.update()V+33
j  main.client.renderEngine.RenderEngine.render()V+38
j  main.client.ClientThread.tick()V+12
j  main.coreEngine.TickableThread.run()V+469
v  ~StubRoutines::call_stub

---------------  P R O C E S S  ---------------

Java Threads: ( => current thread )
  0x000000001e2c8800 JavaThread "SERVER" [_thread_in_Java, id=13316, stack(0x000000001f0e0000,0x000000001f1e0000)]
=>0x000000001e2c7800 JavaThread "CLIENT" [_thread_in_native, id=5364, stack(0x000000001efe0000,0x000000001f0e0000)]
  0x000000001e1d9000 JavaThread "Service Thread" daemon [_thread_blocked, id=10148, stack(0x000000001ede0000,0x000000001eee0000)]
  0x000000001e142800 JavaThread "C1 CompilerThread3" daemon [_thread_blocked, id=7204, stack(0x000000001ece0000,0x000000001ede0000)]
  0x000000001e13b800 JavaThread "C2 CompilerThread2" daemon [_thread_blocked, id=13432, stack(0x000000001ebe0000,0x000000001ece0000)]
  0x000000001e139000 JavaThread "C2 CompilerThread1" daemon [_thread_blocked, id=12284, stack(0x000000001eae0000,0x000000001ebe0000)]
  0x000000001e13f800 JavaThread "C2 CompilerThread0" daemon [_thread_blocked, id=14284, stack(0x000000001e9e0000,0x000000001eae0000)]
  0x000000001e124800 JavaThread "JDWP Command Reader" daemon [_thread_in_native, id=9960, stack(0x000000001e8e0000,0x000000001e9e0000)]
  0x000000001c03e800 JavaThread "JDWP Event Helper Thread" daemon [_thread_blocked, id=5768, stack(0x000000001e7e0000,0x000000001e8e0000)]
  0x000000001c03d800 JavaThread "JDWP Transport Listener: dt_socket" daemon [_thread_blocked, id=8612, stack(0x000000001e6e0000,0x000000001e7e0000)]
  0x000000001e10f000 JavaThread "Attach Listener" daemon [_thread_blocked, id=9892, stack(0x000000001e5e0000,0x000000001e6e0000)]
  0x000000001e10e000 JavaThread "Signal Dispatcher" daemon [_thread_blocked, id=4544, stack(0x000000001e4e0000,0x000000001e5e0000)]
  0x000000000268b000 JavaThread "Finalizer" daemon [_thread_blocked, id=1344, stack(0x000000001df00000,0x000000001e000000)]
  0x000000001c02d000 JavaThread "Reference Handler" daemon [_thread_blocked, id=13744, stack(0x000000001de00000,0x000000001df00000)]
  0x000000000258e000 JavaThread "main" [_thread_in_Java, id=2644, stack(0x00000000023e0000,0x00000000024e0000)]

Other Threads:
  0x000000001c028800 VMThread [stack: 0x000000001dd00000,0x000000001de00000] [id=11540]
  0x000000001e1f2800 WatcherThread [stack: 0x000000001eee0000,0x000000001efe0000] [id=9568]

VM state:not at safepoint (normal execution)

VM Mutex/Monitor currently owned by a thread: None

Heap:
 PSYoungGen      total 367616K, used 325511K [0x000000076b800000, 0x0000000784f80000, 0x00000007c0000000)
  eden space 365568K, 88% used [0x000000076b800000,0x000000077f5a9c60,0x0000000781d00000)
  from space 2048K, 10% used [0x0000000784b80000,0x0000000784bb8000,0x0000000784d80000)
  to   space 2048K, 0% used [0x0000000784d80000,0x0000000784d80000,0x0000000784f80000)
 ParOldGen       total 173568K, used 1376K [0x00000006c2800000, 0x00000006cd180000, 0x000000076b800000)
  object space 173568K, 0% used [0x00000006c2800000,0x00000006c2958070,0x00000006cd180000)
 Metaspace       used 8208K, capacity 8646K, committed 8960K, reserved 1056768K
  class space    used 654K, capacity 690K, committed 768K, reserved 1048576K

Card table byte_map: [0x0000000011a50000,0x0000000012240000] byte_map_base: 0x000000000e43c000

Marking Bits: (ParMarkBitMap*) 0x000000005af6a5b0
 Begin Bits: [0x0000000012f90000, 0x0000000016ef0000)
 End Bits:   [0x0000000016ef0000, 0x000000001ae50000)

Polling page: 0x0000000000770000

CodeCache: size=245760Kb used=2817Kb max_used=2817Kb free=242942Kb
 bounds [0x0000000002690000, 0x0000000002960000, 0x0000000011690000]
 total_blobs=1243 nmethods=588 adapters=576
 compilation: enabled

Compilation events (10 events):
Event: 1.923 Thread 0x000000001e142800  583       3       org.lwjgl.glfw.GLFW::glfwGetCursorPos (37 bytes)
Event: 1.924 Thread 0x000000001e142800 nmethod 583 0x000000000294c610 code [0x000000000294c860, 0x000000000294d638]
Event: 1.924 Thread 0x000000001e142800  584       3       java.lang.StringBuilder::<init> (6 bytes)
Event: 1.924 Thread 0x000000001e142800 nmethod 584 0x000000000294df50 code [0x000000000294e0c0, 0x000000000294e370]
Event: 2.006 Thread 0x000000001e142800  585       3       sun.misc.FloatingDecimal$BinaryToASCIIBuffer::developLongDigits (304 bytes)
Event: 2.007 Thread 0x000000001e142800 nmethod 585 0x000000000294e490 code [0x000000000294e660, 0x000000000294ef90]
Event: 2.072 Thread 0x000000001e142800  586       3       java.lang.StringBuilder::append (9 bytes)
Event: 2.073 Thread 0x000000001e142800 nmethod 586 0x000000000294f610 code [0x000000000294f7a0, 0x000000000294fb98]
Event: 2.073 Thread 0x000000001e142800  587       3       java.util.Arrays::rangeCheck (74 bytes)
Event: 2.073 Thread 0x000000001e142800 nmethod 587 0x000000000294fd10 code [0x000000000294ff80, 0x0000000002950cc8]

GC Heap History (10 events):
Event: 1.050 GC heap before
{Heap before GC invocations=9 (full 0):
 PSYoungGen      total 262144K, used 260993K [0x000000076b800000, 0x000000077ba00000, 0x00000007c0000000)
  eden space 260096K, 100% used [0x000000076b800000,0x000000077b600000,0x000000077b600000)
  from space 2048K, 43% used [0x000000077b800000,0x000000077b8e0560,0x000000077ba00000)
  to   space 2048K, 0% used [0x000000077b600000,0x000000077b600000,0x000000077b800000)
 ParOldGen       total 173568K, used 836K [0x00000006c2800000, 0x00000006cd180000, 0x000000076b800000)
  object space 173568K, 0% used [0x00000006c2800000,0x00000006c28d1060,0x00000006cd180000)
 Metaspace       used 8144K, capacity 8646K, committed 8960K, reserved 1056768K
  class space    used 654K, capacity 690K, committed 768K, reserved 1048576K
Event: 1.051 GC heap after
Heap after GC invocations=9 (full 0):
 PSYoungGen      total 262144K, used 480K [0x000000076b800000, 0x0000000785280000, 0x00000007c0000000)
  eden space 260096K, 0% used [0x000000076b800000,0x000000076b800000,0x000000077b600000)
  from space 2048K, 23% used [0x000000077b600000,0x000000077b678000,0x000000077b800000)
  to   space 2048K, 0% used [0x0000000785080000,0x0000000785080000,0x0000000785280000)
 ParOldGen       total 173568K, used 996K [0x00000006c2800000, 0x00000006cd180000, 0x000000076b800000)
  object space 173568K, 0% used [0x00000006c2800000,0x00000006c28f9060,0x00000006cd180000)
 Metaspace       used 8144K, capacity 8646K, committed 8960K, reserved 1056768K
  class space    used 654K, capacity 690K, committed 768K, reserved 1048576K
}
Event: 1.165 GC heap before
{Heap before GC invocations=10 (full 0):
 PSYoungGen      total 262144K, used 260576K [0x000000076b800000, 0x0000000785280000, 0x00000007c0000000)
  eden space 260096K, 100% used [0x000000076b800000,0x000000077b600000,0x000000077b600000)
  from space 2048K, 23% used [0x000000077b600000,0x000000077b678000,0x000000077b800000)
  to   space 2048K, 0% used [0x0000000785080000,0x0000000785080000,0x0000000785280000)
 ParOldGen       total 173568K, used 996K [0x00000006c2800000, 0x00000006cd180000, 0x000000076b800000)
  object space 173568K, 0% used [0x00000006c2800000,0x00000006c28f9060,0x00000006cd180000)
 Metaspace       used 8156K, capacity 8646K, committed 8960K, reserved 1056768K
  class space    used 654K, capacity 690K, committed 768K, reserved 1048576K
Event: 1.165 GC heap after
Heap after GC invocations=10 (full 0):
 PSYoungGen      total 418304K, used 256K [0x000000076b800000, 0x0000000785280000, 0x00000007c0000000)
  eden space 416256K, 0% used [0x000000076b800000,0x000000076b800000,0x0000000784e80000)
  from space 2048K, 12% used [0x0000000785080000,0x00000007850c0000,0x0000000785280000)
  to   space 2048K, 0% used [0x0000000784e80000,0x0000000784e80000,0x0000000785080000)
 ParOldGen       total 173568K, used 1248K [0x00000006c2800000, 0x00000006cd180000, 0x000000076b800000)
  object space 173568K, 0% used [0x00000006c2800000,0x00000006c2938070,0x00000006cd180000)
 Metaspace       used 8156K, capacity 8646K, committed 8960K, reserved 1056768K
  class space    used 654K, capacity 690K, committed 768K, reserved 1048576K
}
Event: 1.478 GC heap before
{Heap before GC invocations=11 (full 0):
 PSYoungGen      total 418304K, used 416512K [0x000000076b800000, 0x0000000785280000, 0x00000007c0000000)
  eden space 416256K, 100% used [0x000000076b800000,0x0000000784e80000,0x0000000784e80000)
  from space 2048K, 12% used [0x0000000785080000,0x00000007850c0000,0x0000000785280000)
  to   space 2048K, 0% used [0x0000000784e80000,0x0000000784e80000,0x0000000785080000)
 ParOldGen       total 173568K, used 1248K [0x00000006c2800000, 0x00000006cd180000, 0x000000076b800000)
  object space 173568K, 0% used [0x00000006c2800000,0x00000006c2938070,0x00000006cd180000)
 Metaspace       used 8176K, capacity 8646K, committed 8960K, reserved 1056768K
  class space    used 654K, capacity 690K, committed 768K, reserved 1048576K
Event: 1.479 GC heap after
Heap after GC invocations=11 (full 0):
 PSYoungGen      total 398848K, used 224K [0x000000076b800000, 0x0000000785100000, 0x00000007c0000000)
  eden space 398336K, 0% used [0x000000076b800000,0x000000076b800000,0x0000000783d00000)
  from space 512K, 43% used [0x0000000784e80000,0x0000000784eb8000,0x0000000784f00000)
  to   space 2048K, 0% used [0x0000000784f00000,0x0000000784f00000,0x0000000785100000)
 ParOldGen       total 173568K, used 1352K [0x00000006c2800000, 0x00000006cd180000, 0x000000076b800000)
  object space 173568K, 0% used [0x00000006c2800000,0x00000006c2952070,0x00000006cd180000)
 Metaspace       used 8176K, capacity 8646K, committed 8960K, reserved 1056768K
  class space    used 654K, capacity 690K, committed 768K, reserved 1048576K
}
Event: 1.775 GC heap before
{Heap before GC invocations=12 (full 0):
 PSYoungGen      total 398848K, used 398560K [0x000000076b800000, 0x0000000785100000, 0x00000007c0000000)
  eden space 398336K, 100% used [0x000000076b800000,0x0000000783d00000,0x0000000783d00000)
  from space 512K, 43% used [0x0000000784e80000,0x0000000784eb8000,0x0000000784f00000)
  to   space 2048K, 0% used [0x0000000784f00000,0x0000000784f00000,0x0000000785100000)
 ParOldGen       total 173568K, used 1352K [0x00000006c2800000, 0x00000006cd180000, 0x000000076b800000)
  object space 173568K, 0% used [0x00000006c2800000,0x00000006c2952070,0x00000006cd180000)
 Metaspace       used 8185K, capacity 8646K, committed 8960K, reserved 1056768K
  class space    used 654K, capacity 690K, committed 768K, reserved 1048576K
Event: 1.775 GC heap after
Heap after GC invocations=12 (full 0):
 PSYoungGen      total 381952K, used 224K [0x000000076b800000, 0x0000000784f80000, 0x00000007c0000000)
  eden space 381440K, 0% used [0x000000076b800000,0x000000076b800000,0x0000000782c80000)
  from space 512K, 43% used [0x0000000784f00000,0x0000000784f38000,0x0000000784f80000)
  to   space 2048K, 0% used [0x0000000784b80000,0x0000000784b80000,0x0000000784d80000)
 ParOldGen       total 173568K, used 1360K [0x00000006c2800000, 0x00000006cd180000, 0x000000076b800000)
  object space 173568K, 0% used [0x00000006c2800000,0x00000006c2954070,0x00000006cd180000)
 Metaspace       used 8185K, capacity 8646K, committed 8960K, reserved 1056768K
  class space    used 654K, capacity 690K, committed 768K, reserved 1048576K
}
Event: 2.037 GC heap before
{Heap before GC invocations=13 (full 0):
 PSYoungGen      total 381952K, used 381664K [0x000000076b800000, 0x0000000784f80000, 0x00000007c0000000)
  eden space 381440K, 100% used [0x000000076b800000,0x0000000782c80000,0x0000000782c80000)
  from space 512K, 43% used [0x0000000784f00000,0x0000000784f38000,0x0000000784f80000)
  to   space 2048K, 0% used [0x0000000784b80000,0x0000000784b80000,0x0000000784d80000)
 ParOldGen       total 173568K, used 1360K [0x00000006c2800000, 0x00000006cd180000, 0x000000076b800000)
  object space 173568K, 0% used [0x00000006c2800000,0x00000006c2954070,0x00000006cd180000)
 Metaspace       used 8206K, capacity 8646K, committed 8960K, reserved 1056768K
  class space    used 654K, capacity 690K, committed 768K, reserved 1048576K
Event: 2.038 GC heap after
Heap after GC invocations=13 (full 0):
 PSYoungGen      total 367616K, used 224K [0x000000076b800000, 0x0000000784f80000, 0x00000007c0000000)
  eden space 365568K, 0% used [0x000000076b800000,0x000000076b800000,0x0000000781d00000)
  from space 2048K, 10% used [0x0000000784b80000,0x0000000784bb8000,0x0000000784d80000)
  to   space 2048K, 0% used [0x0000000784d80000,0x0000000784d80000,0x0000000784f80000)
 ParOldGen       total 173568K, used 1376K [0x00000006c2800000, 0x00000006cd180000, 0x000000076b800000)
  object space 173568K, 0% used [0x00000006c2800000,0x00000006c2958070,0x00000006cd180000)
 Metaspace       used 8206K, capacity 8646K, committed 8960K, reserved 1056768K
  class space    used 654K, capacity 690K, committed 768K, reserved 1048576K
}

Deoptimization events (10 events):
Event: 0.137 Thread 0x000000001e2c7800 Uncommon trap: reason=bimorphic action=maybe_recompile pc=0x00000000027daef8 method=java.util.HashMap.getNode(ILjava/lang/Object;)Ljava/util/HashMap$Node; @ 126
Event: 0.382 Thread 0x000000001e2c7800 Uncommon trap: reason=bimorphic action=maybe_recompile pc=0x00000000027daef8 method=java.util.HashMap.getNode(ILjava/lang/Object;)Ljava/util/HashMap$Node; @ 126
Event: 0.383 Thread 0x000000001e2c7800 Uncommon trap: reason=bimorphic action=maybe_recompile pc=0x00000000027daef8 method=java.util.HashMap.getNode(ILjava/lang/Object;)Ljava/util/HashMap$Node; @ 126
Event: 0.387 Thread 0x000000001e2c7800 Uncommon trap: reason=unstable_if action=reinterpret pc=0x00000000027d3e18 method=java.util.HashMap.keySet()Ljava/util/Set; @ 6
Event: 0.823 Thread 0x000000001e2c7800 Uncommon trap: reason=unstable_if action=reinterpret pc=0x00000000027d21c4 method=java.util.HashMap.clear()V @ 16
Event: 0.824 Thread 0x000000001e2c7800 Uncommon trap: reason=unstable_if action=reinterpret pc=0x00000000027d1298 method=java.util.HashMap.clear()V @ 16
Event: 0.824 Thread 0x000000000258e000 Uncommon trap: reason=unstable_if action=reinterpret pc=0x00000000027f3e70 method=main.coreEngine.TickableThread.invoke(Ljava/lang/String;[Ljava/lang/Object;)V @ 53
Event: 0.824 Thread 0x000000001e2c8800 Uncommon trap: reason=unstable_if action=reinterpret pc=0x00000000028305b4 method=main.coreEngine.TickableThread.run()V @ 58
Event: 0.858 Thread 0x000000000258e000 Uncommon trap: reason=unstable_if action=reinterpret pc=0x00000000028ee67c method=main.coreEngine.Engine.start()V @ 163
Event: 0.900 Thread 0x000000001e2c8800 Uncommon trap: reason=unstable_if action=reinterpret pc=0x00000000028fcd34 method=main.coreEngine.TickableThread.run()V @ 461

Internal exceptions (7 events):
Event: 0.032 Thread 0x000000000258e000 Exception <a 'java/lang/NoSuchMethodError': Method sun.misc.Unsafe.defineClass(Ljava/lang/String;[BII)Ljava/lang/Class; name or signature does not match> (0x000000076b80d8f8) thrown at [C:\workspace\8-2-build-windows-amd64-cygwin\jdk8u65\4987\hotspot\src\sˆ„ù_? ?
Event: 0.032 Thread 0x000000000258e000 Exception <a 'java/lang/NoSuchMethodError': Method sun.misc.Unsafe.prefetchRead(Ljava/lang/Object;J)V name or signature does not match> (0x000000076b80dbe0) thrown at [C:\workspace\8-2-build-windows-amd64-cygwin\jdk8u65\4987\hotspot\src\share\vm\prims\jni.ip»+|Ø?
Event: 0.383 Thread 0x000000001e2c7800 Exception <a 'java/security/PrivilegedActionException'> (0x000000076d110920) thrown at [C:\workspace\8-2-build-windows-amd64-cygwin\jdk8u65\4987\hotspot\src\share\vm\prims\jvm.cpp, line 1386]
Event: 0.383 Thread 0x000000001e2c7800 Exception <a 'java/security/PrivilegedActionException'> (0x000000076d110d18) thrown at [C:\workspace\8-2-build-windows-amd64-cygwin\jdk8u65\4987\hotspot\src\share\vm\prims\jvm.cpp, line 1386]
Event: 0.383 Thread 0x000000001e2c7800 Exception <a 'java/security/PrivilegedActionException'> (0x000000076d114f30) thrown at [C:\workspace\8-2-build-windows-amd64-cygwin\jdk8u65\4987\hotspot\src\share\vm\prims\jvm.cpp, line 1386]
Event: 0.383 Thread 0x000000001e2c7800 Exception <a 'java/security/PrivilegedActionException'> (0x000000076d115328) thrown at [C:\workspace\8-2-build-windows-amd64-cygwin\jdk8u65\4987\hotspot\src\share\vm\prims\jvm.cpp, line 1386]
Event: 0.824 Thread 0x000000000258e000 Implicit null exception at 0x00000000027f387c to 0x00000000027f3e49

Events (10 events):
Event: 1.050 Executing VM operation: ParallelGCFailedAllocation
Event: 1.051 Executing VM operation: ParallelGCFailedAllocation done
Event: 1.165 Executing VM operation: ParallelGCFailedAllocation
Event: 1.165 Executing VM operation: ParallelGCFailedAllocation done
Event: 1.478 Executing VM operation: ParallelGCFailedAllocation
Event: 1.479 Executing VM operation: ParallelGCFailedAllocation done
Event: 1.774 Executing VM operation: ParallelGCFailedAllocation
Event: 1.775 Executing VM operation: ParallelGCFailedAllocation done
Event: 2.037 Executing VM operation: ParallelGCFailedAllocation
Event: 2.038 Executing VM operation: ParallelGCFailedAllocation done


Dynamic libraries:
0x00007ff75d350000 - 0x00007ff75d387000 	C:\Program Files\Java\jdk1.8.0_65\bin\java.exe
0x00007ffd2b8f0000 - 0x00007ffd2bab1000 	C:\WINDOWS\SYSTEM32\ntdll.dll
0x00007ffd29160000 - 0x00007ffd2920d000 	C:\WINDOWS\system32\KERNEL32.DLL
0x00007ffd28890000 - 0x00007ffd28a78000 	C:\WINDOWS\system32\KERNELBASE.dll
0x00007ffd296a0000 - 0x00007ffd29747000 	C:\WINDOWS\system32\ADVAPI32.dll
0x00007ffd29430000 - 0x00007ffd294cd000 	C:\WINDOWS\system32\msvcrt.dll
0x00007ffd29510000 - 0x00007ffd2956b000 	C:\WINDOWS\system32\sechost.dll
0x00007ffd29580000 - 0x00007ffd2969c000 	C:\WINDOWS\system32\RPCRT4.dll
0x00007ffd28e50000 - 0x00007ffd28fa6000 	C:\WINDOWS\system32\USER32.dll
0x00007ffd299d0000 - 0x00007ffd29b56000 	C:\WINDOWS\system32\GDI32.dll
0x00007ffd24690000 - 0x00007ffd24904000 	C:\WINDOWS\WinSxS\amd64_microsoft.windows.common-controls_6595b64144ccf1df_6.0.10586.0_none_8c15ae12515e1c22\COMCTL32.dll
0x00007ffd29750000 - 0x00007ffd299cd000 	C:\WINDOWS\system32\combase.dll
0x00007ffd27f80000 - 0x00007ffd27fea000 	C:\WINDOWS\system32\bcryptPrimitives.dll
0x00007ffd294d0000 - 0x00007ffd2950b000 	C:\WINDOWS\system32\IMM32.DLL
0x000000005b5d0000 - 0x000000005b6a2000 	C:\Program Files\Java\jdk1.8.0_65\jre\bin\msvcr100.dll
0x000000005a760000 - 0x000000005afe9000 	C:\Program Files\Java\jdk1.8.0_65\jre\bin\server\jvm.dll
0x00007ffd29b60000 - 0x00007ffd29b68000 	C:\WINDOWS\system32\PSAPI.DLL
0x00007ffd1e6b0000 - 0x00007ffd1e6b9000 	C:\WINDOWS\SYSTEM32\WSOCK32.dll
0x00007ffd26170000 - 0x00007ffd26193000 	C:\WINDOWS\SYSTEM32\WINMM.dll
0x00007ffd249f0000 - 0x00007ffd249fa000 	C:\WINDOWS\SYSTEM32\VERSION.dll
0x00007ffd29cd0000 - 0x00007ffd29d3b000 	C:\WINDOWS\system32\WS2_32.dll
0x0000000000b80000 - 0x0000000000bac000 	C:\WINDOWS\SYSTEM32\WINMMBASE.dll
0x00007ffd28a80000 - 0x00007ffd28ac3000 	C:\WINDOWS\system32\cfgmgr32.dll
0x000000005b5c0000 - 0x000000005b5cf000 	C:\Program Files\Java\jdk1.8.0_65\jre\bin\verify.dll
0x000000005b590000 - 0x000000005b5b9000 	C:\Program Files\Java\jdk1.8.0_65\jre\bin\java.dll
0x000000005b4e0000 - 0x000000005b515000 	C:\Program Files\Java\jdk1.8.0_65\jre\bin\jdwp.dll
0x000000005b580000 - 0x000000005b588000 	C:\Program Files\Java\jdk1.8.0_65\jre\bin\npt.dll
0x000000005b520000 - 0x000000005b536000 	C:\Program Files\Java\jdk1.8.0_65\jre\bin\zip.dll
0x00007ffd2a2c0000 - 0x00007ffd2b81c000 	C:\WINDOWS\system32\SHELL32.dll
0x00007ffd28070000 - 0x00007ffd286b5000 	C:\WINDOWS\system32\windows.storage.dll
0x00007ffd2a250000 - 0x00007ffd2a2a2000 	C:\WINDOWS\system32\shlwapi.dll
0x00007ffd27f70000 - 0x00007ffd27f7f000 	C:\WINDOWS\system32\kernel.appcore.dll
0x00007ffd28c10000 - 0x00007ffd28cc5000 	C:\WINDOWS\system32\shcore.dll
0x00007ffd27ef0000 - 0x00007ffd27f3b000 	C:\WINDOWS\system32\powrprof.dll
0x00007ffd27f40000 - 0x00007ffd27f54000 	C:\WINDOWS\system32\profapi.dll
0x000000005b570000 - 0x000000005b579000 	C:\Program Files\Java\jdk1.8.0_65\jre\bin\dt_socket.dll
0x00007ffd27820000 - 0x00007ffd2787c000 	C:\WINDOWS\system32\mswsock.dll
0x00007ffd0c4b0000 - 0x00007ffd0c538000 	D:\Code\Java\Projects\WireEngine20\lib\native\lwjgl.dll
0x00007ffd279f0000 - 0x00007ffd279fb000 	C:\WINDOWS\SYSTEM32\CRYPTBASE.DLL
0x00007ffd0f000000 - 0x00007ffd0f042000 	D:\Code\Java\Projects\WireEngine20\lib\native\jemalloc.dll
0x00007ffd11dd0000 - 0x00007ffd11e08000 	D:\Code\Java\Projects\WireEngine20\lib\native\glfw.dll
0x00007ffd26870000 - 0x00007ffd26906000 	C:\WINDOWS\system32\uxtheme.dll
0x00007ffd25f20000 - 0x00007ffd25f42000 	C:\WINDOWS\SYSTEM32\dwmapi.dll
0x00007ffd18b80000 - 0x00007ffd18ca9000 	C:\WINDOWS\SYSTEM32\opengl32.dll
0x00007ffd1c880000 - 0x00007ffd1c8ae000 	C:\WINDOWS\SYSTEM32\GLU32.dll
0x00007ffd18a80000 - 0x00007ffd18b7a000 	C:\WINDOWS\SYSTEM32\DDRAW.dll
0x00007ffd1d2d0000 - 0x00007ffd1d2d8000 	C:\WINDOWS\SYSTEM32\DCIMAN32.dll
0x00007ffd29b70000 - 0x00007ffd29cca000 	C:\WINDOWS\system32\MSCTF.dll
0x00007ffd15240000 - 0x00007ffd15289000 	C:\Program Files (x86)\TeamViewer\tv_x64.dll
0x00007ffd29210000 - 0x00007ffd29353000 	C:\WINDOWS\system32\ole32.dll
0x0000000058a10000 - 0x000000005a759000 	C:\WINDOWS\SYSTEM32\nvoglv64.DLL
0x00007ffd29d60000 - 0x00007ffd2a189000 	C:\WINDOWS\system32\SETUPAPI.dll
0x00007ffd25f70000 - 0x00007ffd25f83000 	C:\WINDOWS\SYSTEM32\WTSAPI32.dll
0x00007ffd269c0000 - 0x00007ffd269e7000 	C:\WINDOWS\SYSTEM32\DEVOBJ.dll
0x00007ffd27ff0000 - 0x00007ffd28045000 	C:\WINDOWS\system32\WINTRUST.dll
0x00007ffd27f60000 - 0x00007ffd27f70000 	C:\WINDOWS\system32\MSASN1.dll
0x00007ffd286c0000 - 0x00007ffd28887000 	C:\WINDOWS\system32\CRYPT32.dll
0x00007ffd27440000 - 0x00007ffd27471000 	C:\WINDOWS\SYSTEM32\ntmarta.dll
0x00007ffd27190000 - 0x00007ffd271e6000 	C:\WINDOWS\SYSTEM32\WINSTA.dll
0x00007ffd2b840000 - 0x00007ffd2b8e7000 	C:\WINDOWS\system32\clbcatq.dll
0x00007ffd231a0000 - 0x00007ffd231c5000 	C:\Program Files (x86)\Samsung\Easy Printer Manager\SmartScreenPrint\CDAKEYMonitor64.dll
0x00007ffd29360000 - 0x00007ffd29421000 	C:\WINDOWS\system32\OLEAUT32.dll
0x00007ffd238a0000 - 0x00007ffd23a2c000 	C:\WINDOWS\SYSTEM32\dbghelp.dll

VM Arguments:
jvm_args: -agentlib:jdwp=transport=dt_socket,address=127.0.0.1:65443,suspend=y,server=n -Djava.library.path=lib/native/ -Dfile.encoding=UTF-8 
java_command: main.Main
java_class_path (initial): C:\Program Files\Java\jdk1.8.0_65\jre\lib\charsets.jar;C:\Program Files\Java\jdk1.8.0_65\jre\lib\deploy.jar;C:\Program Files\Java\jdk1.8.0_65\jre\lib\ext\access-bridge-64.jar;C:\Program Files\Java\jdk1.8.0_65\jre\lib\ext\cldrdata.jar;C:\Program Files\Java\jdk1.8.0_65\jre\lib\ext\dnsns.jar;C:\Program Files\Java\jdk1.8.0_65\jre\lib\ext\jaccess.jar;C:\Program Files\Java\jdk1.8.0_65\jre\lib\ext\jfxrt.jar;C:\Program Files\Java\jdk1.8.0_65\jre\lib\ext\localedata.jar;C:\Program Files\Java\jdk1.8.0_65\jre\lib\ext\nashorn.jar;C:\Program Files\Java\jdk1.8.0_65\jre\lib\ext\sunec.jar;C:\Program Files\Java\jdk1.8.0_65\jre\lib\ext\sunjce_provider.jar;C:\Program Files\Java\jdk1.8.0_65\jre\lib\ext\sunmscapi.jar;C:\Program Files\Java\jdk1.8.0_65\jre\lib\ext\sunpkcs11.jar;C:\Program Files\Java\jdk1.8.0_65\jre\lib\ext\zipfs.jar;C:\Program Files\Java\jdk1.8.0_65\jre\lib\javaws.jar;C:\Program Files\Java\jdk1.8.0_65\jre\lib\jce.jar;C:\Program Files\Java\jdk1.8.0_65\jre\lib\jfr.jar;C:\Program Files\Java\jdk1.8.0_65\jre\lib\jfxswt.jar;C:\Program Files\Java\jdk1.8.0_65\jre\lib\jsse.jar;C:\Program Files\Java\jdk1.8.0_65\jre\lib\management-agent.jar;C:\Program Files\Java\jdk1.8.0_65\jre\lib\plugin.jar;C:\Program Files\Java\jdk1.8.0_65\jre\lib\resources.jar;C:\Program Files\Java\jdk1.8.0_65\jre\lib\rt.jar;D:\Code\Java\Projects\WireEngine20\out\production\WireEngine20;D:\Code\Java\Projects\WireEngine20\lib\jar\lwjgl.jar;D:\Code\Java\Projects\WireEngine20\lib\jar\slick-util.jar;D:\Program Files (x86)\JetBrains\IntelliJ IDEA 2016.1\lib\idea_rt.jar
Launcher Type: SUN_STANDARD

Environment Variables:
JAVA_HOME=C:\Program Files\Java\jdk1.8.0_65
PATH=C:\ProgramData\Oracle\Java\javapath;C:\Program Files (x86)\Razer Chroma SDK\bin;C:\Program Files\Razer Chroma SDK\bin;C:\Program Files (x86)\NVIDIA Corporation\PhysX\Common;C:\Program Files (x86)\Intel\iCLS Client\;C:\Program Files\Intel\iCLS Client\;C:\Windows\system32;C:\Windows;C:\Windows\System32\Wbem;C:\Windows\System32\WindowsPowerShell\v1.0\;C:\Program Files\Intel\Intel(R) Management Engine Components\DAL;C:\Program Files (x86)\Intel\Intel(R) Management Engine Components\DAL;C:\Program Files\Intel\Intel(R) Management Engine Components\IPT;C:\Program Files (x86)\Intel\Intel(R) Management Engine Components\IPT;C:\Program Files\Java\jre1.8.0_65\bin;C:\MinGW\bin;C:\WINDOWS\system32;C:\WINDOWS;C:\WINDOWS\System32\Wbem;C:\WINDOWS\System32\WindowsPowerShell\v1.0\;D:\Program Files (x86)\CMake\bin;D:\Program Files\Programs\Python\Python35-32;D:\Program Files\Programs\Python\Python35-32\Scripts;C:\Program Files (x86)\Skype\Phone\;D:\Program Files\Programs\Python\Python35-32\Scripts\;D:\Program Files\Programs\Python\Python35-32\
USERNAME=Kelan
OS=Windows_NT
PROCESSOR_IDENTIFIER=Intel64 Family 6 Model 60 Stepping 3, GenuineIntel



---------------  S Y S T E M  ---------------

OS: Windows 10.0 , 64 bit Build 10586 (10.0.10586.0)

CPU:total 8 (4 cores per cpu, 2 threads per core) family 6 model 60 stepping 3, cmov, cx8, fxsr, mmx, sse, sse2, sse3, ssse3, sse4.1, sse4.2, popcnt, avx, avx2, aes, clmul, erms, lzcnt, ht, tsc, tscinvbit, bmi1, bmi2

Memory: 4k page, physical 16609500k(8761996k free), swap 33386716k(22646484k free)

vm_info: Java HotSpot(TM) 64-Bit Server VM (25.65-b01) for windows-amd64 JRE (1.8.0_65-b17), built on Oct  6 2015 16:39:20 by "java_re" with MS VC++ 10.0 (VS2010)

time: Fri Apr 15 22:41:00 2016
elapsed time: 2 seconds (0d 0h 0m 2s)

