#
# A fatal error has been detected by the Java Runtime Environment:
#
#  EXCEPTION_ACCESS_VIOLATION (0xc0000005) at pc=0x00007ffdd3df24b9, pid=12152, tid=11576
#
# JRE version: Java(TM) SE Runtime Environment (8.0_65-b17) (build 1.8.0_65-b17)
# Java VM: Java HotSpot(TM) 64-Bit Server VM (25.65-b01 mixed mode windows-amd64 compressed oops)
# Problematic frame:
# C  [glfw.dll+0x24b9]
#
# Failed to write core dump. Minidumps are not enabled by default on client versions of Windows
#
# If you would like to submit a bug report, please visit:
#   http://bugreport.java.com/bugreport/crash.jsp
# The crash happened outside the Java Virtual Machine in native code.
# See problematic frame for where to report the bug.
#

---------------  T H R E A D  ---------------

Current thread (0x000000001e1e2000):  JavaThread "CLIENT" [_thread_in_native, id=11576, stack(0x000000001eed0000,0x000000001efd0000)]

siginfo: ExceptionCode=0xc0000005, reading address 0x0000000000000000

Registers:
RAX=0x0000000000000000, RBX=0x000000001b987888, RCX=0x0000000000000000, RDX=0x0000000000000000
RSP=0x000000001efcebf0, RBP=0x000000001efceca0, RSI=0x0000000000000108, RDI=0x0000000000623e50
R8 =0x000000001efcebe8, R9 =0x000000001efceca0, R10=0x0000000000000000, R11=0x0000000000000246
R12=0x0000000000000000, R13=0x000000001b987888, R14=0x000000001efcecd8, R15=0x000000001e1e2000
RIP=0x00007ffdd3df24b9, EFLAGS=0x0000000000010283

Top of Stack: (sp=0x000000001efcebf0)
0x000000001efcebf0:   000000001e1e2000 000000001e1e2000
0x000000001efcec00:   000000001b9a1608 000000007052d610
0x000000001efcec10:   0000000000000183 000000000258dfcc
0x000000001efcec20:   000000001b987888 000000001bf105b0
0x000000001efcec30:   000000000000000e 000000001e1e2000
0x000000001efcec40:   000000001b9a1608 000000007052aea4
0x000000001efcec50:   000000001e1e2000 000000001e1e2000
0x000000001efcec60:   000000001efcec60 0000000000000000
0x000000001efcec70:   000000001efcecd8 000000001b988028
0x000000001efcec80:   0000000000000000 000000001b987888
0x000000001efcec90:   0000000000000000 000000001efcecc0
0x000000001efceca0:   000000001efced20 0000000002577d8d
0x000000001efcecb0:   00000006c28125c8 00000000025842f8
0x000000001efcecc0:   0000000000623e50 00000000025778a0
0x000000001efcecd0:   00007ffdd3df2420 0000000000000001
0x000000001efcece0:   000000001efcece0 000000001b9a15dc 

Instructions: (pc=0x00007ffdd3df24b9)
0x00007ffdd3df2499:   48 8b cf e8 1f 3a 00 00 48 39 3d f0 d5 02 00 48
0x00007ffdd3df24a9:   8d 0d e9 d5 02 00 48 8b 5c 24 30 74 08 48 8b 09
0x00007ffdd3df24b9:   48 39 39 75 f8 48 8b 07 48 89 01 48 8b cf 48 83
0x00007ffdd3df24c9:   c4 20 5f e9 5b fe 00 00 48 83 c4 20 5f c3 cc cc 


Register to memory mapping:

RAX=0x0000000000000000 is an unknown value
RBX={method} {0x000000001b987890} 'invokePV' '(JJ)V' in 'org/lwjgl/system/JNI'
RCX=0x0000000000000000 is an unknown value
RDX=0x0000000000000000 is an unknown value
RSP=0x000000001efcebf0 is pointing into the stack for thread: 0x000000001e1e2000
RBP=0x000000001efceca0 is pointing into the stack for thread: 0x000000001e1e2000
RSI=0x0000000000000108 is an unknown value
RDI=0x0000000000623e50 is an unknown value
R8 =0x000000001efcebe8 is pointing into the stack for thread: 0x000000001e1e2000
R9 =0x000000001efceca0 is pointing into the stack for thread: 0x000000001e1e2000
R10=0x0000000000000000 is an unknown value
R11=0x0000000000000246 is an unknown value
R12=0x0000000000000000 is an unknown value
R13={method} {0x000000001b987890} 'invokePV' '(JJ)V' in 'org/lwjgl/system/JNI'
R14=0x000000001efcecd8 is pointing into the stack for thread: 0x000000001e1e2000
R15=0x000000001e1e2000 is a thread


Stack: [0x000000001eed0000,0x000000001efd0000],  sp=0x000000001efcebf0,  free space=1018k
Native frames: (J=compiled Java code, j=interpreted, Vv=VM code, C=native code)
C  [glfw.dll+0x24b9]
C  0x000000000258dfcc

Java frames: (J=compiled Java code, j=interpreted, Vv=VM code)
j  org.lwjgl.system.JNI.invokePV(JJ)V+0
j  org.lwjgl.glfw.GLFW.glfwDestroyCursor(J)V+20
j  main.client.Window.destroyWindow()V+9
j  main.coreEngine.Engine.stop()V+70
j  main.client.Window.update()V+43
j  main.client.renderEngine.RenderEngine.render()V+29
j  main.client.ClientThread.tick()V+12
J 437% C1 main.coreEngine.TickableThread.run()V (481 bytes) @ 0x00000000027ce45c [0x00000000027c9b80+0x48dc]
v  ~StubRoutines::call_stub

---------------  P R O C E S S  ---------------

Java Threads: ( => current thread )
  0x000000001e1e4000 JavaThread "SERVER" [_thread_in_Java, id=1340, stack(0x000000001efd0000,0x000000001f0d0000)]
=>0x000000001e1e2000 JavaThread "CLIENT" [_thread_in_native, id=11576, stack(0x000000001eed0000,0x000000001efd0000)]
  0x000000001e0bf000 JavaThread "Service Thread" daemon [_thread_blocked, id=2500, stack(0x000000001ecd0000,0x000000001edd0000)]
  0x000000001e031800 JavaThread "C1 CompilerThread3" daemon [_thread_blocked, id=872, stack(0x000000001ebd0000,0x000000001ecd0000)]
  0x000000001e028800 JavaThread "C2 CompilerThread2" daemon [_thread_blocked, id=8188, stack(0x000000001ead0000,0x000000001ebd0000)]
  0x000000001e028000 JavaThread "C2 CompilerThread1" daemon [_thread_blocked, id=7632, stack(0x000000001e9d0000,0x000000001ead0000)]
  0x000000001e02c800 JavaThread "C2 CompilerThread0" daemon [_thread_blocked, id=5072, stack(0x000000001e8d0000,0x000000001e9d0000)]
  0x000000001e012800 JavaThread "JDWP Command Reader" daemon [_thread_in_native, id=12808, stack(0x000000001e7d0000,0x000000001e8d0000)]
  0x000000001e00f800 JavaThread "JDWP Event Helper Thread" daemon [_thread_blocked, id=9276, stack(0x000000001e6d0000,0x000000001e7d0000)]
  0x000000001e000000 JavaThread "JDWP Transport Listener: dt_socket" daemon [_thread_blocked, id=8880, stack(0x000000001e5d0000,0x000000001e6d0000)]
  0x000000001dff7000 JavaThread "Attach Listener" daemon [_thread_blocked, id=11116, stack(0x000000001e4d0000,0x000000001e5d0000)]
  0x000000001dff5800 JavaThread "Signal Dispatcher" daemon [_thread_blocked, id=700, stack(0x000000001e3d0000,0x000000001e4d0000)]
  0x00000000024ea000 JavaThread "Finalizer" daemon [_thread_blocked, id=5560, stack(0x000000001ddf0000,0x000000001def0000)]
  0x000000001bf0d000 JavaThread "Reference Handler" daemon [_thread_blocked, id=5908, stack(0x000000001dcf0000,0x000000001ddf0000)]
  0x000000000256e000 JavaThread "main" [_thread_in_Java, id=2160, stack(0x00000000022c0000,0x00000000023c0000)]

Other Threads:
  0x000000001bf08800 VMThread [stack: 0x000000001dbf0000,0x000000001dcf0000] [id=10144]
  0x000000001e0e7000 WatcherThread [stack: 0x000000001edd0000,0x000000001eed0000] [id=468]

VM state:not at safepoint (normal execution)

VM Mutex/Monitor currently owned by a thread: None

Heap:
 PSYoungGen      total 147968K, used 58648K [0x000000076b800000, 0x0000000779880000, 0x00000007c0000000)
  eden space 146432K, 40% used [0x000000076b800000,0x000000076f1363b0,0x0000000774700000)
  from space 1536K, 4% used [0x0000000779580000,0x0000000779590000,0x0000000779700000)
  to   space 1536K, 0% used [0x0000000779700000,0x0000000779700000,0x0000000779880000)
 ParOldGen       total 173568K, used 1358K [0x00000006c2800000, 0x00000006cd180000, 0x000000076b800000)
  object space 173568K, 0% used [0x00000006c2800000,0x00000006c2953a60,0x00000006cd180000)
 Metaspace       used 7967K, capacity 8550K, committed 8704K, reserved 1056768K
  class space    used 642K, capacity 658K, committed 768K, reserved 1048576K

Card table byte_map: [0x0000000011930000,0x0000000012120000] byte_map_base: 0x000000000e31c000

Marking Bits: (ParMarkBitMap*) 0x0000000070c0a5b0
 Begin Bits: [0x0000000012e70000, 0x0000000016dd0000)
 End Bits:   [0x0000000016dd0000, 0x000000001ad30000)

Polling page: 0x00000000023c0000

CodeCache: size=245760Kb used=2616Kb max_used=2636Kb free=243143Kb
 bounds [0x0000000002570000, 0x0000000002810000, 0x0000000011570000]
 total_blobs=1127 nmethods=484 adapters=564
 compilation: enabled

Compilation events (10 events):
Event: 2.289 Thread 0x000000001e031800  480       3       java.lang.Enum::equals (11 bytes)
Event: 2.289 Thread 0x000000001e031800 nmethod 480 0x00000000027e4510 code [0x00000000027e4660, 0x00000000027e4810]
Event: 2.295 Thread 0x000000001e031800  481   !   3       main.coreEngine.TickableThread::scheduleTick (25 bytes)
Event: 2.295 Thread 0x000000001e031800 nmethod 481 0x00000000027e3fd0 code [0x00000000027e4140, 0x00000000027e4450]
Event: 2.522 Thread 0x000000001e028000  482       4       java.lang.ThreadLocal::get (38 bytes)
Event: 2.522 Thread 0x000000001e028800  483       4       java.lang.ThreadLocal$ThreadLocalMap::getEntry (42 bytes)
Event: 2.523 Thread 0x000000001e028000 nmethod 482 0x00000000027f9690 code [0x00000000027f97e0, 0x00000000027f9998]
Event: 2.523 Thread 0x000000001e028800 nmethod 483 0x00000000027f9210 code [0x00000000027f9360, 0x00000000027f94d8]
Event: 2.572 Thread 0x000000001e031800  484       3       main.client.Window::resetKeys (29 bytes)
Event: 2.573 Thread 0x000000001e031800 nmethod 484 0x00000000027e3a90 code [0x00000000027e3c00, 0x00000000027e3ec8]

GC Heap History (10 events):
Event: 2.290 GC heap before
{Heap before GC invocations=19 (full 0):
 PSYoungGen      total 174592K, used 174112K [0x000000076b800000, 0x0000000779a80000, 0x00000007c0000000)
  eden space 174080K, 100% used [0x000000076b800000,0x0000000776200000,0x0000000776200000)
  from space 512K, 6% used [0x0000000779a00000,0x0000000779a08000,0x0000000779a80000)
  to   space 1536K, 0% used [0x0000000779780000,0x0000000779780000,0x0000000779900000)
 ParOldGen       total 173568K, used 1358K [0x00000006c2800000, 0x00000006cd180000, 0x000000076b800000)
  object space 173568K, 0% used [0x00000006c2800000,0x00000006c2953a60,0x00000006cd180000)
 Metaspace       used 7966K, capacity 8550K, committed 8704K, reserved 1056768K
  class space    used 642K, capacity 658K, committed 768K, reserved 1048576K
Event: 2.291 GC heap after
Heap after GC invocations=19 (full 0):
 PSYoungGen      total 169472K, used 64K [0x000000076b800000, 0x0000000779a80000, 0x00000007c0000000)
  eden space 167936K, 0% used [0x000000076b800000,0x000000076b800000,0x0000000775c00000)
  from space 1536K, 4% used [0x0000000779780000,0x0000000779790000,0x0000000779900000)
  to   space 1536K, 0% used [0x0000000779900000,0x0000000779900000,0x0000000779a80000)
 ParOldGen       total 173568K, used 1358K [0x00000006c2800000, 0x00000006cd180000, 0x000000076b800000)
  object space 173568K, 0% used [0x00000006c2800000,0x00000006c2953a60,0x00000006cd180000)
 Metaspace       used 7966K, capacity 8550K, committed 8704K, reserved 1056768K
  class space    used 642K, capacity 658K, committed 768K, reserved 1048576K
}
Event: 2.422 GC heap before
{Heap before GC invocations=20 (full 0):
 PSYoungGen      total 169472K, used 168000K [0x000000076b800000, 0x0000000779a80000, 0x00000007c0000000)
  eden space 167936K, 100% used [0x000000076b800000,0x0000000775c00000,0x0000000775c00000)
  from space 1536K, 4% used [0x0000000779780000,0x0000000779790000,0x0000000779900000)
  to   space 1536K, 0% used [0x0000000779900000,0x0000000779900000,0x0000000779a80000)
 ParOldGen       total 173568K, used 1358K [0x00000006c2800000, 0x00000006cd180000, 0x000000076b800000)
  object space 173568K, 0% used [0x00000006c2800000,0x00000006c2953a60,0x00000006cd180000)
 Metaspace       used 7966K, capacity 8550K, committed 8704K, reserved 1056768K
  class space    used 642K, capacity 658K, committed 768K, reserved 1048576K
Event: 2.423 GC heap after
Heap after GC invocations=20 (full 0):
 PSYoungGen      total 162816K, used 64K [0x000000076b800000, 0x0000000779980000, 0x00000007c0000000)
  eden space 162304K, 0% used [0x000000076b800000,0x000000076b800000,0x0000000775680000)
  from space 512K, 12% used [0x0000000779900000,0x0000000779910000,0x0000000779980000)
  to   space 1536K, 0% used [0x0000000779680000,0x0000000779680000,0x0000000779800000)
 ParOldGen       total 173568K, used 1358K [0x00000006c2800000, 0x00000006cd180000, 0x000000076b800000)
  object space 173568K, 0% used [0x00000006c2800000,0x00000006c2953a60,0x00000006cd180000)
 Metaspace       used 7966K, capacity 8550K, committed 8704K, reserved 1056768K
  class space    used 642K, capacity 658K, committed 768K, reserved 1048576K
}
Event: 2.568 GC heap before
{Heap before GC invocations=21 (full 0):
 PSYoungGen      total 162816K, used 162368K [0x000000076b800000, 0x0000000779980000, 0x00000007c0000000)
  eden space 162304K, 100% used [0x000000076b800000,0x0000000775680000,0x0000000775680000)
  from space 512K, 12% used [0x0000000779900000,0x0000000779910000,0x0000000779980000)
  to   space 1536K, 0% used [0x0000000779680000,0x0000000779680000,0x0000000779800000)
 ParOldGen       total 173568K, used 1358K [0x00000006c2800000, 0x00000006cd180000, 0x000000076b800000)
  object space 173568K, 0% used [0x00000006c2800000,0x00000006c2953a60,0x00000006cd180000)
 Metaspace       used 7966K, capacity 8550K, committed 8704K, reserved 1056768K
  class space    used 642K, capacity 658K, committed 768K, reserved 1048576K
Event: 2.568 GC heap after
Heap after GC invocations=21 (full 0):
 PSYoungGen      total 158208K, used 96K [0x000000076b800000, 0x0000000779980000, 0x00000007c0000000)
  eden space 156672K, 0% used [0x000000076b800000,0x000000076b800000,0x0000000775100000)
  from space 1536K, 6% used [0x0000000779680000,0x0000000779698000,0x0000000779800000)
  to   space 1536K, 0% used [0x0000000779800000,0x0000000779800000,0x0000000779980000)
 ParOldGen       total 173568K, used 1358K [0x00000006c2800000, 0x00000006cd180000, 0x000000076b800000)
  object space 173568K, 0% used [0x00000006c2800000,0x00000006c2953a60,0x00000006cd180000)
 Metaspace       used 7966K, capacity 8550K, committed 8704K, reserved 1056768K
  class space    used 642K, capacity 658K, committed 768K, reserved 1048576K
}
Event: 2.685 GC heap before
{Heap before GC invocations=22 (full 0):
 PSYoungGen      total 158208K, used 156768K [0x000000076b800000, 0x0000000779980000, 0x00000007c0000000)
  eden space 156672K, 100% used [0x000000076b800000,0x0000000775100000,0x0000000775100000)
  from space 1536K, 6% used [0x0000000779680000,0x0000000779698000,0x0000000779800000)
  to   space 1536K, 0% used [0x0000000779800000,0x0000000779800000,0x0000000779980000)
 ParOldGen       total 173568K, used 1358K [0x00000006c2800000, 0x00000006cd180000, 0x000000076b800000)
  object space 173568K, 0% used [0x00000006c2800000,0x00000006c2953a60,0x00000006cd180000)
 Metaspace       used 7967K, capacity 8550K, committed 8704K, reserved 1056768K
  class space    used 642K, capacity 658K, committed 768K, reserved 1048576K
Event: 2.686 GC heap after
Heap after GC invocations=22 (full 0):
 PSYoungGen      total 152064K, used 64K [0x000000076b800000, 0x0000000779880000, 0x00000007c0000000)
  eden space 151552K, 0% used [0x000000076b800000,0x000000076b800000,0x0000000774c00000)
  from space 512K, 12% used [0x0000000779800000,0x0000000779810000,0x0000000779880000)
  to   space 1536K, 0% used [0x0000000779580000,0x0000000779580000,0x0000000779700000)
 ParOldGen       total 173568K, used 1358K [0x00000006c2800000, 0x00000006cd180000, 0x000000076b800000)
  object space 173568K, 0% used [0x00000006c2800000,0x00000006c2953a60,0x00000006cd180000)
 Metaspace       used 7967K, capacity 8550K, committed 8704K, reserved 1056768K
  class space    used 642K, capacity 658K, committed 768K, reserved 1048576K
}
Event: 2.853 GC heap before
{Heap before GC invocations=23 (full 0):
 PSYoungGen      total 152064K, used 151616K [0x000000076b800000, 0x0000000779880000, 0x00000007c0000000)
  eden space 151552K, 100% used [0x000000076b800000,0x0000000774c00000,0x0000000774c00000)
  from space 512K, 12% used [0x0000000779800000,0x0000000779810000,0x0000000779880000)
  to   space 1536K, 0% used [0x0000000779580000,0x0000000779580000,0x0000000779700000)
 ParOldGen       total 173568K, used 1358K [0x00000006c2800000, 0x00000006cd180000, 0x000000076b800000)
  object space 173568K, 0% used [0x00000006c2800000,0x00000006c2953a60,0x00000006cd180000)
 Metaspace       used 7967K, capacity 8550K, committed 8704K, reserved 1056768K
  class space    used 642K, capacity 658K, committed 768K, reserved 1048576K
Event: 2.854 GC heap after
Heap after GC invocations=23 (full 0):
 PSYoungGen      total 147968K, used 64K [0x000000076b800000, 0x0000000779880000, 0x00000007c0000000)
  eden space 146432K, 0% used [0x000000076b800000,0x000000076b800000,0x0000000774700000)
  from space 1536K, 4% used [0x0000000779580000,0x0000000779590000,0x0000000779700000)
  to   space 1536K, 0% used [0x0000000779700000,0x0000000779700000,0x0000000779880000)
 ParOldGen       total 173568K, used 1358K [0x00000006c2800000, 0x00000006cd180000, 0x000000076b800000)
  object space 173568K, 0% used [0x00000006c2800000,0x00000006c2953a60,0x00000006cd180000)
 Metaspace       used 7967K, capacity 8550K, committed 8704K, reserved 1056768K
  class space    used 642K, capacity 658K, committed 768K, reserved 1048576K
}

Deoptimization events (10 events):
Event: 0.133 Thread 0x000000001e1e2000 Uncommon trap: reason=bimorphic action=maybe_recompile pc=0x00000000026b7234 method=java.util.HashMap.getNode(ILjava/lang/Object;)Ljava/util/HashMap$Node; @ 126
Event: 0.409 Thread 0x000000001e1e2000 Uncommon trap: reason=bimorphic action=maybe_recompile pc=0x00000000026b7234 method=java.util.HashMap.getNode(ILjava/lang/Object;)Ljava/util/HashMap$Node; @ 126
Event: 0.410 Thread 0x000000001e1e2000 Uncommon trap: reason=bimorphic action=maybe_recompile pc=0x00000000026b7234 method=java.util.HashMap.getNode(ILjava/lang/Object;)Ljava/util/HashMap$Node; @ 126
Event: 0.415 Thread 0x000000001e1e2000 Uncommon trap: reason=unstable_if action=reinterpret pc=0x00000000026ab918 method=java.util.HashMap.keySet()Ljava/util/Set; @ 6
Event: 0.855 Thread 0x000000001e1e2000 Uncommon trap: reason=unstable_if action=reinterpret pc=0x00000000026ab684 method=java.util.HashMap.clear()V @ 16
Event: 0.855 Thread 0x000000001e1e2000 Uncommon trap: reason=unstable_if action=reinterpret pc=0x00000000026aa358 method=java.util.HashMap.clear()V @ 16
Event: 0.855 Thread 0x000000000256e000 Uncommon trap: reason=unstable_if action=reinterpret pc=0x00000000026de2f0 method=main.coreEngine.TickableThread.invoke(Ljava/lang/String;[Ljava/lang/Object;)V @ 53
Event: 0.855 Thread 0x000000001e1e4000 Uncommon trap: reason=unstable_if action=reinterpret pc=0x00000000026e2034 method=main.coreEngine.TickableThread.run()V @ 58
Event: 0.887 Thread 0x000000000256e000 Uncommon trap: reason=unstable_if action=reinterpret pc=0x00000000027dfed0 method=main.coreEngine.Engine.start()V @ 163
Event: 0.945 Thread 0x000000001e1e4000 Uncommon trap: reason=unstable_if action=reinterpret pc=0x00000000027e9d04 method=main.coreEngine.TickableThread.run()V @ 461

Internal exceptions (8 events):
Event: 0.028 Thread 0x000000000256e000 Exception <a 'java/lang/NoSuchMethodError': Method sun.misc.Unsafe.defineClass(Ljava/lang/String;[BII)Ljava/lang/Class; name or signature does not match> (0x000000076b80d9b8) thrown at [C:\workspace\8-2-build-windows-amd64-cygwin\jdk8u65\4987\hotspot\src\sqÊý²¬œ?
Event: 0.028 Thread 0x000000000256e000 Exception <a 'java/lang/NoSuchMethodError': Method sun.misc.Unsafe.prefetchRead(Ljava/lang/Object;J)V name or signature does not match> (0x000000076b80dca0) thrown at [C:\workspace\8-2-build-windows-amd64-cygwin\jdk8u65\4987\hotspot\src\share\vm\prims\jni.Àä’¶ÉÃ?
Event: 0.149 Thread 0x000000001e1e2000 Exception <a 'java/lang/ArrayIndexOutOfBoundsException': -1> (0x000000076cfa8bb0) thrown at [C:\workspace\8-2-build-windows-amd64-cygwin\jdk8u65\4987\hotspot\src\share\vm\interpreter\interpreterRuntime.cpp, line 366]
Event: 0.410 Thread 0x000000001e1e2000 Exception <a 'java/security/PrivilegedActionException'> (0x000000076b957a08) thrown at [C:\workspace\8-2-build-windows-amd64-cygwin\jdk8u65\4987\hotspot\src\share\vm\prims\jvm.cpp, line 1386]
Event: 0.410 Thread 0x000000001e1e2000 Exception <a 'java/security/PrivilegedActionException'> (0x000000076b957e00) thrown at [C:\workspace\8-2-build-windows-amd64-cygwin\jdk8u65\4987\hotspot\src\share\vm\prims\jvm.cpp, line 1386]
Event: 0.410 Thread 0x000000001e1e2000 Exception <a 'java/security/PrivilegedActionException'> (0x000000076b95c018) thrown at [C:\workspace\8-2-build-windows-amd64-cygwin\jdk8u65\4987\hotspot\src\share\vm\prims\jvm.cpp, line 1386]
Event: 0.410 Thread 0x000000001e1e2000 Exception <a 'java/security/PrivilegedActionException'> (0x000000076b95c410) thrown at [C:\workspace\8-2-build-windows-amd64-cygwin\jdk8u65\4987\hotspot\src\share\vm\prims\jvm.cpp, line 1386]
Event: 0.855 Thread 0x000000000256e000 Implicit null exception at 0x00000000026ddcfc to 0x00000000026de2c9

Events (10 events):
Event: 2.290 Executing VM operation: ParallelGCFailedAllocation
Event: 2.291 Executing VM operation: ParallelGCFailedAllocation done
Event: 2.422 Executing VM operation: ParallelGCFailedAllocation
Event: 2.423 Executing VM operation: ParallelGCFailedAllocation done
Event: 2.568 Executing VM operation: ParallelGCFailedAllocation
Event: 2.568 Executing VM operation: ParallelGCFailedAllocation done
Event: 2.685 Executing VM operation: ParallelGCFailedAllocation
Event: 2.686 Executing VM operation: ParallelGCFailedAllocation done
Event: 2.853 Executing VM operation: ParallelGCFailedAllocation
Event: 2.854 Executing VM operation: ParallelGCFailedAllocation done


Dynamic libraries:
0x00007ff7d2c20000 - 0x00007ff7d2c57000 	C:\Program Files\Java\jdk1.8.0_65\bin\java.exe
0x00007ffde4980000 - 0x00007ffde4b41000 	C:\WINDOWS\SYSTEM32\ntdll.dll
0x00007ffde42a0000 - 0x00007ffde434d000 	C:\WINDOWS\system32\KERNEL32.DLL
0x00007ffde19f0000 - 0x00007ffde1bd8000 	C:\WINDOWS\system32\KERNELBASE.dll
0x00007ffde1e70000 - 0x00007ffde1f17000 	C:\WINDOWS\system32\ADVAPI32.dll
0x00007ffde3800000 - 0x00007ffde389d000 	C:\WINDOWS\system32\msvcrt.dll
0x00007ffde1e10000 - 0x00007ffde1e6b000 	C:\WINDOWS\system32\sechost.dll
0x00007ffde3bd0000 - 0x00007ffde3cec000 	C:\WINDOWS\system32\RPCRT4.dll
0x00007ffde3fe0000 - 0x00007ffde4136000 	C:\WINDOWS\system32\USER32.dll
0x00007ffde3cf0000 - 0x00007ffde3e76000 	C:\WINDOWS\system32\GDI32.dll
0x00007ffddd690000 - 0x00007ffddd904000 	C:\WINDOWS\WinSxS\amd64_microsoft.windows.common-controls_6595b64144ccf1df_6.0.10586.0_none_8c15ae12515e1c22\COMCTL32.dll
0x00007ffde3950000 - 0x00007ffde3bcd000 	C:\WINDOWS\system32\combase.dll
0x00007ffde1cf0000 - 0x00007ffde1d5a000 	C:\WINDOWS\system32\bcryptPrimitives.dll
0x00007ffde1dc0000 - 0x00007ffde1dfb000 	C:\WINDOWS\system32\IMM32.DLL
0x0000000070c90000 - 0x0000000070d62000 	C:\Program Files\Java\jdk1.8.0_65\jre\bin\msvcr100.dll
0x0000000070400000 - 0x0000000070c89000 	C:\Program Files\Java\jdk1.8.0_65\jre\bin\server\jvm.dll
0x00007ffde4290000 - 0x00007ffde4298000 	C:\WINDOWS\system32\PSAPI.DLL
0x00007ffdd8550000 - 0x00007ffdd8559000 	C:\WINDOWS\SYSTEM32\WSOCK32.dll
0x00007ffddf730000 - 0x00007ffddf753000 	C:\WINDOWS\SYSTEM32\WINMM.dll
0x00007ffddd9c0000 - 0x00007ffddd9ca000 	C:\WINDOWS\SYSTEM32\VERSION.dll
0x00007ffde4470000 - 0x00007ffde44db000 	C:\WINDOWS\system32\WS2_32.dll
0x00007ffddf6d0000 - 0x00007ffddf6fc000 	C:\WINDOWS\SYSTEM32\WINMMBASE.dll
0x00007ffde1be0000 - 0x00007ffde1c23000 	C:\WINDOWS\system32\cfgmgr32.dll
0x00000000703f0000 - 0x00000000703ff000 	C:\Program Files\Java\jdk1.8.0_65\jre\bin\verify.dll
0x00000000703c0000 - 0x00000000703e9000 	C:\Program Files\Java\jdk1.8.0_65\jre\bin\java.dll
0x0000000070380000 - 0x00000000703b5000 	C:\Program Files\Java\jdk1.8.0_65\jre\bin\jdwp.dll
0x0000000070370000 - 0x0000000070378000 	C:\Program Files\Java\jdk1.8.0_65\jre\bin\npt.dll
0x0000000070350000 - 0x0000000070366000 	C:\Program Files\Java\jdk1.8.0_65\jre\bin\zip.dll
0x00007ffde1f80000 - 0x00007ffde34dc000 	C:\WINDOWS\system32\SHELL32.dll
0x00007ffde11d0000 - 0x00007ffde1815000 	C:\WINDOWS\system32\windows.storage.dll
0x00007ffde36b0000 - 0x00007ffde3702000 	C:\WINDOWS\system32\shlwapi.dll
0x00007ffde0fb0000 - 0x00007ffde0fbf000 	C:\WINDOWS\system32\kernel.appcore.dll
0x00007ffde1c30000 - 0x00007ffde1ce5000 	C:\WINDOWS\system32\shcore.dll
0x00007ffde0fc0000 - 0x00007ffde100b000 	C:\WINDOWS\system32\powrprof.dll
0x00007ffde0f80000 - 0x00007ffde0f94000 	C:\WINDOWS\system32\profapi.dll
0x0000000070340000 - 0x0000000070349000 	C:\Program Files\Java\jdk1.8.0_65\jre\bin\dt_socket.dll
0x00007ffde08b0000 - 0x00007ffde090c000 	C:\WINDOWS\system32\mswsock.dll
0x00007ffdd2a90000 - 0x00007ffdd2b18000 	D:\Code\Java\Projects\WireEngine20\lib\native\lwjgl.dll
0x00007ffde0a80000 - 0x00007ffde0a8b000 	C:\WINDOWS\SYSTEM32\CRYPTBASE.DLL
0x00007ffdd4190000 - 0x00007ffdd41d2000 	D:\Code\Java\Projects\WireEngine20\lib\native\jemalloc.dll
0x00007ffdd3df0000 - 0x00007ffdd3e28000 	D:\Code\Java\Projects\WireEngine20\lib\native\glfw.dll
0x00007ffddf850000 - 0x00007ffddf8e6000 	C:\WINDOWS\system32\uxtheme.dll
0x00007ffdde650000 - 0x00007ffdde672000 	C:\WINDOWS\SYSTEM32\dwmapi.dll
0x00007ffdc9d10000 - 0x00007ffdc9e39000 	C:\WINDOWS\SYSTEM32\opengl32.dll
0x00007ffdc8ba0000 - 0x00007ffdc8c9a000 	C:\WINDOWS\SYSTEM32\DDRAW.dll
0x00007ffdcc690000 - 0x00007ffdcc6be000 	C:\WINDOWS\SYSTEM32\GLU32.dll
0x00007ffdd3d80000 - 0x00007ffdd3d88000 	C:\WINDOWS\SYSTEM32\DCIMAN32.dll
0x00007ffde3e80000 - 0x00007ffde3fda000 	C:\WINDOWS\system32\MSCTF.dll
0x00007ffdc3f50000 - 0x00007ffdc3f99000 	C:\Program Files (x86)\TeamViewer\tv_x64.dll
0x00007ffde4140000 - 0x00007ffde4283000 	C:\WINDOWS\system32\ole32.dll
0x000000006e5f0000 - 0x0000000070339000 	C:\WINDOWS\SYSTEM32\nvoglv64.DLL
0x00007ffde4550000 - 0x00007ffde4979000 	C:\WINDOWS\system32\SETUPAPI.dll
0x00007ffddf2f0000 - 0x00007ffddf303000 	C:\WINDOWS\SYSTEM32\WTSAPI32.dll
0x00007ffddf9a0000 - 0x00007ffddf9c7000 	C:\WINDOWS\SYSTEM32\DEVOBJ.dll
0x00007ffde1170000 - 0x00007ffde11c5000 	C:\WINDOWS\system32\WINTRUST.dll
0x00007ffde0fa0000 - 0x00007ffde0fb0000 	C:\WINDOWS\system32\MSASN1.dll
0x00007ffde1820000 - 0x00007ffde19e7000 	C:\WINDOWS\system32\CRYPT32.dll
0x00007ffde04d0000 - 0x00007ffde0501000 	C:\WINDOWS\SYSTEM32\ntmarta.dll
0x00007ffde0220000 - 0x00007ffde0276000 	C:\WINDOWS\SYSTEM32\WINSTA.dll
0x00007ffde38a0000 - 0x00007ffde3947000 	C:\WINDOWS\system32\clbcatq.dll
0x00007ffdb9de0000 - 0x00007ffdb9f6c000 	C:\WINDOWS\SYSTEM32\dbghelp.dll

VM Arguments:
jvm_args: -agentlib:jdwp=transport=dt_socket,address=127.0.0.1:61488,suspend=y,server=n -Djava.library.path=lib/native/ -Dfile.encoding=UTF-8 
java_command: main.Main
java_class_path (initial): C:\Program Files\Java\jdk1.8.0_65\jre\lib\charsets.jar;C:\Program Files\Java\jdk1.8.0_65\jre\lib\deploy.jar;C:\Program Files\Java\jdk1.8.0_65\jre\lib\ext\access-bridge-64.jar;C:\Program Files\Java\jdk1.8.0_65\jre\lib\ext\cldrdata.jar;C:\Program Files\Java\jdk1.8.0_65\jre\lib\ext\dnsns.jar;C:\Program Files\Java\jdk1.8.0_65\jre\lib\ext\jaccess.jar;C:\Program Files\Java\jdk1.8.0_65\jre\lib\ext\jfxrt.jar;C:\Program Files\Java\jdk1.8.0_65\jre\lib\ext\localedata.jar;C:\Program Files\Java\jdk1.8.0_65\jre\lib\ext\nashorn.jar;C:\Program Files\Java\jdk1.8.0_65\jre\lib\ext\sunec.jar;C:\Program Files\Java\jdk1.8.0_65\jre\lib\ext\sunjce_provider.jar;C:\Program Files\Java\jdk1.8.0_65\jre\lib\ext\sunmscapi.jar;C:\Program Files\Java\jdk1.8.0_65\jre\lib\ext\sunpkcs11.jar;C:\Program Files\Java\jdk1.8.0_65\jre\lib\ext\zipfs.jar;C:\Program Files\Java\jdk1.8.0_65\jre\lib\javaws.jar;C:\Program Files\Java\jdk1.8.0_65\jre\lib\jce.jar;C:\Program Files\Java\jdk1.8.0_65\jre\lib\jfr.jar;C:\Program Files\Java\jdk1.8.0_65\jre\lib\jfxswt.jar;C:\Program Files\Java\jdk1.8.0_65\jre\lib\jsse.jar;C:\Program Files\Java\jdk1.8.0_65\jre\lib\management-agent.jar;C:\Program Files\Java\jdk1.8.0_65\jre\lib\plugin.jar;C:\Program Files\Java\jdk1.8.0_65\jre\lib\resources.jar;C:\Program Files\Java\jdk1.8.0_65\jre\lib\rt.jar;D:\Code\Java\Projects\WireEngine20\out\production\WireEngine20;D:\Code\Java\Projects\WireEngine20\lib\jar\lwjgl.jar;D:\Program Files (x86)\JetBrains\IntelliJ IDEA 2016.1\lib\idea_rt.jar
Launcher Type: SUN_STANDARD

Environment Variables:
JAVA_HOME=C:\Program Files\Java\jdk1.8.0_65
PATH=C:\ProgramData\Oracle\Java\javapath;C:\Program Files (x86)\Razer Chroma SDK\bin;C:\Program Files\Razer Chroma SDK\bin;C:\Program Files (x86)\NVIDIA Corporation\PhysX\Common;C:\Program Files (x86)\Intel\iCLS Client\;C:\Program Files\Intel\iCLS Client\;C:\Windows\system32;C:\Windows;C:\Windows\System32\Wbem;C:\Windows\System32\WindowsPowerShell\v1.0\;C:\Program Files\Intel\Intel(R) Management Engine Components\DAL;C:\Program Files (x86)\Intel\Intel(R) Management Engine Components\DAL;C:\Program Files\Intel\Intel(R) Management Engine Components\IPT;C:\Program Files (x86)\Intel\Intel(R) Management Engine Components\IPT;C:\Program Files\Java\jre1.8.0_65\bin;C:\MinGW\bin;C:\WINDOWS\system32;C:\WINDOWS;C:\WINDOWS\System32\Wbem;C:\WINDOWS\System32\WindowsPowerShell\v1.0\;D:\Program Files (x86)\CMake\bin;D:\Program Files\Programs\Python\Python35-32;D:\Program Files\Programs\Python\Python35-32\Scripts;C:\Program Files (x86)\Skype\Phone\;D:\Program Files\Programs\Python\Python35-32\Scripts\;D:\Program Files\Programs\Python\Python35-32\
USERNAME=Kelan
OS=Windows_NT
PROCESSOR_IDENTIFIER=Intel64 Family 6 Model 60 Stepping 3, GenuineIntel



---------------  S Y S T E M  ---------------

OS: Windows 10.0 , 64 bit Build 10586 (10.0.10586.0)

CPU:total 8 (4 cores per cpu, 2 threads per core) family 6 model 60 stepping 3, cmov, cx8, fxsr, mmx, sse, sse2, sse3, ssse3, sse4.1, sse4.2, popcnt, avx, avx2, aes, clmul, erms, lzcnt, ht, tsc, tscinvbit, bmi1, bmi2

Memory: 4k page, physical 16609500k(5389952k free), swap 33386716k(19512036k free)

vm_info: Java HotSpot(TM) 64-Bit Server VM (25.65-b01) for windows-amd64 JRE (1.8.0_65-b17), built on Oct  6 2015 16:39:20 by "java_re" with MS VC++ 10.0 (VS2010)

time: Sat Apr 09 16:44:38 2016
elapsed time: 2 seconds (0d 0h 0m 2s)

