#
# A fatal error has been detected by the Java Runtime Environment:
#
#  EXCEPTION_ACCESS_VIOLATION (0xc0000005) at pc=0x00007ffdcf9f24b9, pid=10596, tid=14260
#
# JRE version: Java(TM) SE Runtime Environment (8.0_65-b17) (build 1.8.0_65-b17)
# Java VM: Java HotSpot(TM) 64-Bit Server VM (25.65-b01 mixed mode windows-amd64 compressed oops)
# Problematic frame:
# C  [glfw.dll+0x24b9]
#
# Failed to write core dump. Minidumps are not enabled by default on client versions of Windows
#
# If you would like to submit a bug report, please visit:
#   http://bugreport.java.com/bugreport/crash.jsp
# The crash happened outside the Java Virtual Machine in native code.
# See problematic frame for where to report the bug.
#

---------------  T H R E A D  ---------------

Current thread (0x000000001e2bf800):  JavaThread "CLIENT" [_thread_in_native, id=14260, stack(0x000000001efe0000,0x000000001f0e0000)]

siginfo: ExceptionCode=0xc0000005, reading address 0x0000000000000000

Registers:
RAX=0x0000000000000000, RBX=0x000000001ba9ec50, RCX=0x0000000000000000, RDX=0x0000000000000000
RSP=0x000000001f0def50, RBP=0x000000001f0df000, RSI=0x0000000000000108, RDI=0x000000000053e030
R8 =0x000000001f0def48, R9 =0x000000001f0df000, R10=0x0000000000000000, R11=0x0000000000000246
R12=0x0000000000000000, R13=0x000000001ba9ec50, R14=0x000000001f0df038, R15=0x000000001e2bf800
RIP=0x00007ffdcf9f24b9, EFLAGS=0x0000000000010283

Top of Stack: (sp=0x000000001f0def50)
0x000000001f0def50:   000000001e2bf800 000000001e2bf800
0x000000001f0def60:   000000001bab8ab8 000000007052d610
0x000000001f0def70:   0000000000000208 000000000269dfcc
0x000000001f0def80:   000000001ba9ec50 000000001c021270
0x000000001f0def90:   000000000000000e 000000001e2bf800
0x000000001f0defa0:   000000001bab8ab8 000000007052aea4
0x000000001f0defb0:   000000001e2bf800 000000001e2bf800
0x000000001f0defc0:   000000001f0defc0 0000000000000000
0x000000001f0defd0:   000000001f0df038 000000001ba9f3f0
0x000000001f0defe0:   0000000000000000 000000001ba9ec50
0x000000001f0deff0:   0000000000000000 000000001f0df020
0x000000001f0df000:   000000001f0df080 0000000002687d8d
0x000000001f0df010:   00000006c288c8f8 00000000026942f8
0x000000001f0df020:   000000000053e030 00000000026878a0
0x000000001f0df030:   00007ffdcf9f2420 0000000000000001
0x000000001f0df040:   000000001f0df040 000000001bab8a8c 

Instructions: (pc=0x00007ffdcf9f24b9)
0x00007ffdcf9f2499:   48 8b cf e8 1f 3a 00 00 48 39 3d f0 d5 02 00 48
0x00007ffdcf9f24a9:   8d 0d e9 d5 02 00 48 8b 5c 24 30 74 08 48 8b 09
0x00007ffdcf9f24b9:   48 39 39 75 f8 48 8b 07 48 89 01 48 8b cf 48 83
0x00007ffdcf9f24c9:   c4 20 5f e9 5b fe 00 00 48 83 c4 20 5f c3 cc cc 


Register to memory mapping:

RAX=0x0000000000000000 is an unknown value
RBX={method} {0x000000001ba9ec58} 'invokePV' '(JJ)V' in 'org/lwjgl/system/JNI'
RCX=0x0000000000000000 is an unknown value
RDX=0x0000000000000000 is an unknown value
RSP=0x000000001f0def50 is pointing into the stack for thread: 0x000000001e2bf800
RBP=0x000000001f0df000 is pointing into the stack for thread: 0x000000001e2bf800
RSI=0x0000000000000108 is an unknown value
RDI=0x000000000053e030 is an unknown value
R8 =0x000000001f0def48 is pointing into the stack for thread: 0x000000001e2bf800
R9 =0x000000001f0df000 is pointing into the stack for thread: 0x000000001e2bf800
R10=0x0000000000000000 is an unknown value
R11=0x0000000000000246 is an unknown value
R12=0x0000000000000000 is an unknown value
R13={method} {0x000000001ba9ec58} 'invokePV' '(JJ)V' in 'org/lwjgl/system/JNI'
R14=0x000000001f0df038 is pointing into the stack for thread: 0x000000001e2bf800
R15=0x000000001e2bf800 is a thread


Stack: [0x000000001efe0000,0x000000001f0e0000],  sp=0x000000001f0def50,  free space=1019k
Native frames: (J=compiled Java code, j=interpreted, Vv=VM code, C=native code)
C  [glfw.dll+0x24b9]
C  0x000000000269dfcc

Java frames: (J=compiled Java code, j=interpreted, Vv=VM code)
j  org.lwjgl.system.JNI.invokePV(JJ)V+0
j  org.lwjgl.glfw.GLFW.glfwDestroyCursor(J)V+20
j  main.client.Window.destroyWindow()V+9
j  main.coreEngine.Engine.stop()V+70
j  main.client.Window.update()V+43
j  main.client.renderEngine.RenderEngine.render()V+32
j  main.client.ClientThread.tick()V+12
J 440% C1 main.coreEngine.TickableThread.run()V (481 bytes) @ 0x00000000028df15c [0x00000000028da880+0x48dc]
v  ~StubRoutines::call_stub

---------------  P R O C E S S  ---------------

Java Threads: ( => current thread )
  0x000000001e2c0000 JavaThread "SERVER" [_thread_in_Java, id=13136, stack(0x000000001f0e0000,0x000000001f1e0000)]
=>0x000000001e2bf800 JavaThread "CLIENT" [_thread_in_native, id=14260, stack(0x000000001efe0000,0x000000001f0e0000)]
  0x000000001e1d2800 JavaThread "Service Thread" daemon [_thread_blocked, id=6944, stack(0x000000001ede0000,0x000000001eee0000)]
  0x000000001e143000 JavaThread "C1 CompilerThread3" daemon [_thread_blocked, id=2720, stack(0x000000001ece0000,0x000000001ede0000)]
  0x000000001e136000 JavaThread "C2 CompilerThread2" daemon [_thread_blocked, id=6664, stack(0x000000001ebe0000,0x000000001ece0000)]
  0x000000001e135800 JavaThread "C2 CompilerThread1" daemon [_thread_blocked, id=13808, stack(0x000000001eae0000,0x000000001ebe0000)]
  0x000000001e13a800 JavaThread "C2 CompilerThread0" daemon [_thread_blocked, id=6064, stack(0x000000001e9e0000,0x000000001eae0000)]
  0x000000001e120000 JavaThread "JDWP Command Reader" daemon [_thread_in_native, id=1724, stack(0x000000001e8e0000,0x000000001e9e0000)]
  0x000000001e11f000 JavaThread "JDWP Event Helper Thread" daemon [_thread_blocked, id=9608, stack(0x000000001e7e0000,0x000000001e8e0000)]
  0x000000001e111800 JavaThread "JDWP Transport Listener: dt_socket" daemon [_thread_blocked, id=11520, stack(0x000000001e6e0000,0x000000001e7e0000)]
  0x000000001e107800 JavaThread "Attach Listener" daemon [_thread_blocked, id=7548, stack(0x000000001e5e0000,0x000000001e6e0000)]
  0x000000001e106800 JavaThread "Signal Dispatcher" daemon [_thread_blocked, id=7492, stack(0x000000001e4e0000,0x000000001e5e0000)]
  0x000000000267b800 JavaThread "Finalizer" daemon [_thread_blocked, id=7468, stack(0x000000001df00000,0x000000001e000000)]
  0x000000001c01d800 JavaThread "Reference Handler" daemon [_thread_blocked, id=10508, stack(0x000000001de00000,0x000000001df00000)]
  0x00000000024ae000 JavaThread "main" [_thread_in_Java, id=4104, stack(0x0000000002390000,0x0000000002490000)]

Other Threads:
  0x000000001c019000 VMThread [stack: 0x000000001dd00000,0x000000001de00000] [id=10488]
  0x000000001e1f6000 WatcherThread [stack: 0x000000001eee0000,0x000000001efe0000] [id=14076]

VM state:not at safepoint (normal execution)

VM Mutex/Monitor currently owned by a thread: None

Heap:
 PSYoungGen      total 398336K, used 8168K [0x000000076b800000, 0x000000078af80000, 0x00000007c0000000)
  eden space 397824K, 2% used [0x000000076b800000,0x000000076bfda070,0x0000000783c80000)
  from space 512K, 25% used [0x000000078af00000,0x000000078af20000,0x000000078af80000)
  to   space 2048K, 0% used [0x000000078ab80000,0x000000078ab80000,0x000000078ad80000)
 ParOldGen       total 173568K, used 1744K [0x00000006c2800000, 0x00000006cd180000, 0x000000076b800000)
  object space 173568K, 1% used [0x00000006c2800000,0x00000006c29b4260,0x00000006cd180000)
 Metaspace       used 8046K, capacity 8582K, committed 8704K, reserved 1056768K
  class space    used 646K, capacity 690K, committed 768K, reserved 1048576K

Card table byte_map: [0x0000000011a40000,0x0000000012230000] byte_map_base: 0x000000000e42c000

Marking Bits: (ParMarkBitMap*) 0x0000000070c0a5b0
 Begin Bits: [0x0000000012f80000, 0x0000000016ee0000)
 End Bits:   [0x0000000016ee0000, 0x000000001ae40000)

Polling page: 0x0000000000950000

CodeCache: size=245760Kb used=2675Kb max_used=2675Kb free=243084Kb
 bounds [0x0000000002680000, 0x0000000002920000, 0x0000000011680000]
 total_blobs=1164 nmethods=518 adapters=567
 compilation: enabled

Compilation events (10 events):
Event: 2.220 Thread 0x000000001e143000  511       3       java.nio.DirectByteBuffer::asFloatBuffer (151 bytes)
Event: 2.220 Thread 0x000000001e143000 nmethod 511 0x000000000291a790 code [0x000000000291a940, 0x000000000291aff8]
Event: 2.220 Thread 0x000000001e143000  512       3       java.nio.DirectFloatBufferU::<init> (30 bytes)
Event: 2.221 Thread 0x000000001e143000 nmethod 512 0x000000000291b350 code [0x000000000291b4e0, 0x000000000291b8b8]
Event: 2.222 Thread 0x000000001e143000  513       3       main.coreEngine.Engine::getGame (28 bytes)
Event: 2.222 Thread 0x000000001e143000 nmethod 513 0x000000000291bad0 code [0x000000000291bc80, 0x000000000291c2e8]
Event: 2.255 Thread 0x000000001e143000  515       3       main.coreEngine.sceneGraph.Node::tick (75 bytes)
Event: 2.256 Thread 0x000000001e143000 nmethod 515 0x000000000291c550 code [0x000000000291c760, 0x000000000291d198]
Event: 2.256 Thread 0x000000001e143000  514   !   3       main.coreEngine.TickableThread::scheduleTick (25 bytes)
Event: 2.256 Thread 0x000000001e143000 nmethod 514 0x000000000291d510 code [0x000000000291d680, 0x000000000291d990]

GC Heap History (10 events):
Event: 1.521 GC heap before
{Heap before GC invocations=10 (full 0):
 PSYoungGen      total 496128K, used 495872K [0x000000076b800000, 0x000000078b480000, 0x00000007c0000000)
  eden space 495616K, 100% used [0x000000076b800000,0x0000000789c00000,0x0000000789c00000)
  from space 512K, 50% used [0x000000078b200000,0x000000078b240000,0x000000078b280000)
  to   space 2048K, 0% used [0x000000078b280000,0x000000078b280000,0x000000078b480000)
 ParOldGen       total 173568K, used 1568K [0x00000006c2800000, 0x00000006cd180000, 0x000000076b800000)
  object space 173568K, 0% used [0x00000006c2800000,0x00000006c2988240,0x00000006cd180000)
 Metaspace       used 8028K, capacity 8582K, committed 8704K, reserved 1056768K
  class space    used 646K, capacity 690K, committed 768K, reserved 1048576K
Event: 1.521 GC heap after
Heap after GC invocations=10 (full 0):
 PSYoungGen      total 474624K, used 96K [0x000000076b800000, 0x000000078b300000, 0x00000007c0000000)
  eden space 474112K, 0% used [0x000000076b800000,0x000000076b800000,0x0000000788700000)
  from space 512K, 18% used [0x000000078b280000,0x000000078b298000,0x000000078b300000)
  to   space 2560K, 0% used [0x000000078ae00000,0x000000078ae00000,0x000000078b080000)
 ParOldGen       total 173568K, used 1744K [0x00000006c2800000, 0x00000006cd180000, 0x000000076b800000)
  object space 173568K, 1% used [0x00000006c2800000,0x00000006c29b4260,0x00000006cd180000)
 Metaspace       used 8028K, capacity 8582K, committed 8704K, reserved 1056768K
  class space    used 646K, capacity 690K, committed 768K, reserved 1048576K
}
Event: 1.749 GC heap before
{Heap before GC invocations=11 (full 0):
 PSYoungGen      total 474624K, used 474208K [0x000000076b800000, 0x000000078b300000, 0x00000007c0000000)
  eden space 474112K, 100% used [0x000000076b800000,0x0000000788700000,0x0000000788700000)
  from space 512K, 18% used [0x000000078b280000,0x000000078b298000,0x000000078b300000)
  to   space 2560K, 0% used [0x000000078ae00000,0x000000078ae00000,0x000000078b080000)
 ParOldGen       total 173568K, used 1744K [0x00000006c2800000, 0x00000006cd180000, 0x000000076b800000)
  object space 173568K, 1% used [0x00000006c2800000,0x00000006c29b4260,0x00000006cd180000)
 Metaspace       used 8031K, capacity 8582K, committed 8704K, reserved 1056768K
  class space    used 646K, capacity 690K, committed 768K, reserved 1048576K
Event: 1.749 GC heap after
Heap after GC invocations=11 (full 0):
 PSYoungGen      total 456192K, used 192K [0x000000076b800000, 0x000000078b300000, 0x00000007c0000000)
  eden space 453632K, 0% used [0x000000076b800000,0x000000076b800000,0x0000000787300000)
  from space 2560K, 7% used [0x000000078ae00000,0x000000078ae30000,0x000000078b080000)
  to   space 2560K, 0% used [0x000000078b080000,0x000000078b080000,0x000000078b300000)
 ParOldGen       total 173568K, used 1744K [0x00000006c2800000, 0x00000006cd180000, 0x000000076b800000)
  object space 173568K, 1% used [0x00000006c2800000,0x00000006c29b4260,0x00000006cd180000)
 Metaspace       used 8031K, capacity 8582K, committed 8704K, reserved 1056768K
  class space    used 646K, capacity 690K, committed 768K, reserved 1048576K
}
Event: 1.940 GC heap before
{Heap before GC invocations=12 (full 0):
 PSYoungGen      total 456192K, used 453824K [0x000000076b800000, 0x000000078b300000, 0x00000007c0000000)
  eden space 453632K, 100% used [0x000000076b800000,0x0000000787300000,0x0000000787300000)
  from space 2560K, 7% used [0x000000078ae00000,0x000000078ae30000,0x000000078b080000)
  to   space 2560K, 0% used [0x000000078b080000,0x000000078b080000,0x000000078b300000)
 ParOldGen       total 173568K, used 1744K [0x00000006c2800000, 0x00000006cd180000, 0x000000076b800000)
  object space 173568K, 1% used [0x00000006c2800000,0x00000006c29b4260,0x00000006cd180000)
 Metaspace       used 8034K, capacity 8582K, committed 8704K, reserved 1056768K
  class space    used 646K, capacity 690K, committed 768K, reserved 1048576K
Event: 1.941 GC heap after
Heap after GC invocations=12 (full 0):
 PSYoungGen      total 434688K, used 128K [0x000000076b800000, 0x000000078b100000, 0x00000007c0000000)
  eden space 434176K, 0% used [0x000000076b800000,0x000000076b800000,0x0000000786000000)
  from space 512K, 25% used [0x000000078b080000,0x000000078b0a0000,0x000000078b100000)
  to   space 2560K, 0% used [0x000000078ac00000,0x000000078ac00000,0x000000078ae80000)
 ParOldGen       total 173568K, used 1744K [0x00000006c2800000, 0x00000006cd180000, 0x000000076b800000)
  object space 173568K, 1% used [0x00000006c2800000,0x00000006c29b4260,0x00000006cd180000)
 Metaspace       used 8034K, capacity 8582K, committed 8704K, reserved 1056768K
  class space    used 646K, capacity 690K, committed 768K, reserved 1048576K
}
Event: 2.138 GC heap before
{Heap before GC invocations=13 (full 0):
 PSYoungGen      total 434688K, used 434304K [0x000000076b800000, 0x000000078b100000, 0x00000007c0000000)
  eden space 434176K, 100% used [0x000000076b800000,0x0000000786000000,0x0000000786000000)
  from space 512K, 25% used [0x000000078b080000,0x000000078b0a0000,0x000000078b100000)
  to   space 2560K, 0% used [0x000000078ac00000,0x000000078ac00000,0x000000078ae80000)
 ParOldGen       total 173568K, used 1744K [0x00000006c2800000, 0x00000006cd180000, 0x000000076b800000)
  object space 173568K, 1% used [0x00000006c2800000,0x00000006c29b4260,0x00000006cd180000)
 Metaspace       used 8035K, capacity 8582K, committed 8704K, reserved 1056768K
  class space    used 646K, capacity 690K, committed 768K, reserved 1048576K
Event: 2.139 GC heap after
Heap after GC invocations=13 (full 0):
 PSYoungGen      total 418304K, used 160K [0x000000076b800000, 0x000000078b100000, 0x00000007c0000000)
  eden space 415744K, 0% used [0x000000076b800000,0x000000076b800000,0x0000000784e00000)
  from space 2560K, 6% used [0x000000078ac00000,0x000000078ac28000,0x000000078ae80000)
  to   space 2048K, 0% used [0x000000078af00000,0x000000078af00000,0x000000078b100000)
 ParOldGen       total 173568K, used 1744K [0x00000006c2800000, 0x00000006cd180000, 0x000000076b800000)
  object space 173568K, 1% used [0x00000006c2800000,0x00000006c29b4260,0x00000006cd180000)
 Metaspace       used 8035K, capacity 8582K, committed 8704K, reserved 1056768K
  class space    used 646K, capacity 690K, committed 768K, reserved 1048576K
}
Event: 2.311 GC heap before
{Heap before GC invocations=14 (full 0):
 PSYoungGen      total 418304K, used 415904K [0x000000076b800000, 0x000000078b100000, 0x00000007c0000000)
  eden space 415744K, 100% used [0x000000076b800000,0x0000000784e00000,0x0000000784e00000)
  from space 2560K, 6% used [0x000000078ac00000,0x000000078ac28000,0x000000078ae80000)
  to   space 2048K, 0% used [0x000000078af00000,0x000000078af00000,0x000000078b100000)
 ParOldGen       total 173568K, used 1744K [0x00000006c2800000, 0x00000006cd180000, 0x000000076b800000)
  object space 173568K, 1% used [0x00000006c2800000,0x00000006c29b4260,0x00000006cd180000)
 Metaspace       used 8045K, capacity 8582K, committed 8704K, reserved 1056768K
  class space    used 646K, capacity 690K, committed 768K, reserved 1048576K
Event: 2.312 GC heap after
Heap after GC invocations=14 (full 0):
 PSYoungGen      total 398336K, used 128K [0x000000076b800000, 0x000000078af80000, 0x00000007c0000000)
  eden space 397824K, 0% used [0x000000076b800000,0x000000076b800000,0x0000000783c80000)
  from space 512K, 25% used [0x000000078af00000,0x000000078af20000,0x000000078af80000)
  to   space 2048K, 0% used [0x000000078ab80000,0x000000078ab80000,0x000000078ad80000)
 ParOldGen       total 173568K, used 1744K [0x00000006c2800000, 0x00000006cd180000, 0x000000076b800000)
  object space 173568K, 1% used [0x00000006c2800000,0x00000006c29b4260,0x00000006cd180000)
 Metaspace       used 8045K, capacity 8582K, committed 8704K, reserved 1056768K
  class space    used 646K, capacity 690K, committed 768K, reserved 1048576K
}

Deoptimization events (10 events):
Event: 0.439 Thread 0x000000001e2bf800 Uncommon trap: reason=unstable_if action=reinterpret pc=0x00000000027cd780 method=java.util.HashMap.containsKey(Ljava/lang/Object;)Z @ 9
Event: 0.439 Thread 0x000000001e2bf800 Uncommon trap: reason=bimorphic action=maybe_recompile pc=0x00000000027d0378 method=java.util.HashMap.getNode(ILjava/lang/Object;)Ljava/util/HashMap$Node; @ 126
Event: 0.440 Thread 0x000000001e2bf800 Uncommon trap: reason=bimorphic action=maybe_recompile pc=0x00000000027d0378 method=java.util.HashMap.getNode(ILjava/lang/Object;)Ljava/util/HashMap$Node; @ 126
Event: 0.444 Thread 0x000000001e2bf800 Uncommon trap: reason=unstable_if action=reinterpret pc=0x00000000027c0ad8 method=java.util.HashMap.keySet()Ljava/util/Set; @ 6
Event: 0.818 Thread 0x000000001e2bf800 Uncommon trap: reason=unstable_if action=reinterpret pc=0x00000000027c0d84 method=java.util.HashMap.clear()V @ 16
Event: 0.818 Thread 0x000000001e2bf800 Uncommon trap: reason=unstable_if action=reinterpret pc=0x00000000027bfb58 method=java.util.HashMap.clear()V @ 16
Event: 0.818 Thread 0x00000000024ae000 Uncommon trap: reason=unstable_if action=reinterpret pc=0x00000000027f26ac method=main.coreEngine.TickableThread.invoke(Ljava/lang/String;[Ljava/lang/Object;)V @ 53
Event: 0.818 Thread 0x000000001e2c0000 Uncommon trap: reason=unstable_if action=reinterpret pc=0x00000000027f63e0 method=main.coreEngine.TickableThread.run()V @ 58
Event: 0.847 Thread 0x00000000024ae000 Uncommon trap: reason=unstable_if action=reinterpret pc=0x00000000028f1534 method=main.coreEngine.Engine.start()V @ 163
Event: 0.905 Thread 0x000000001e2c0000 Uncommon trap: reason=unstable_if action=reinterpret pc=0x00000000028fc038 method=main.coreEngine.TickableThread.run()V @ 461

Internal exceptions (9 events):
Event: 0.023 Thread 0x00000000024ae000 Exception <a 'java/lang/NoSuchMethodError': Method sun.misc.Unsafe.defineClass(Ljava/lang/String;[BII)Ljava/lang/Class; name or signature does not match> (0x000000076b80d9b8) thrown at [C:\workspace\8-2-build-windows-amd64-cygwin\jdk8u65\4987\hotspot\src\sÕEmqú—?
Event: 0.023 Thread 0x00000000024ae000 Exception <a 'java/lang/NoSuchMethodError': Method sun.misc.Unsafe.prefetchRead(Ljava/lang/Object;J)V name or signature does not match> (0x000000076b80dca0) thrown at [C:\workspace\8-2-build-windows-amd64-cygwin\jdk8u65\4987\hotspot\src\share\vm\prims\jni.e]—ÉÃ?
Event: 0.155 Thread 0x000000001e2bf800 Exception <a 'java/lang/ArrayIndexOutOfBoundsException': -1> (0x000000076c85bf50) thrown at [C:\workspace\8-2-build-windows-amd64-cygwin\jdk8u65\4987\hotspot\src\share\vm\interpreter\interpreterRuntime.cpp, line 366]
Event: 0.439 Thread 0x000000001e2bf800 Implicit null exception at 0x00000000027cd40f to 0x00000000027cd771
Event: 0.439 Thread 0x000000001e2bf800 Exception <a 'java/security/PrivilegedActionException'> (0x000000076f3e91a0) thrown at [C:\workspace\8-2-build-windows-amd64-cygwin\jdk8u65\4987\hotspot\src\share\vm\prims\jvm.cpp, line 1386]
Event: 0.439 Thread 0x000000001e2bf800 Exception <a 'java/security/PrivilegedActionException'> (0x000000076f3e9598) thrown at [C:\workspace\8-2-build-windows-amd64-cygwin\jdk8u65\4987\hotspot\src\share\vm\prims\jvm.cpp, line 1386]
Event: 0.440 Thread 0x000000001e2bf800 Exception <a 'java/security/PrivilegedActionException'> (0x000000076f3ed7b0) thrown at [C:\workspace\8-2-build-windows-amd64-cygwin\jdk8u65\4987\hotspot\src\share\vm\prims\jvm.cpp, line 1386]
Event: 0.440 Thread 0x000000001e2bf800 Exception <a 'java/security/PrivilegedActionException'> (0x000000076f3edba8) thrown at [C:\workspace\8-2-build-windows-amd64-cygwin\jdk8u65\4987\hotspot\src\share\vm\prims\jvm.cpp, line 1386]
Event: 0.818 Thread 0x00000000024ae000 Implicit null exception at 0x00000000027f20c4 to 0x00000000027f2685

Events (10 events):
Event: 1.521 Executing VM operation: ParallelGCFailedAllocation
Event: 1.521 Executing VM operation: ParallelGCFailedAllocation done
Event: 1.749 Executing VM operation: ParallelGCFailedAllocation
Event: 1.749 Executing VM operation: ParallelGCFailedAllocation done
Event: 1.940 Executing VM operation: ParallelGCFailedAllocation
Event: 1.941 Executing VM operation: ParallelGCFailedAllocation done
Event: 2.138 Executing VM operation: ParallelGCFailedAllocation
Event: 2.139 Executing VM operation: ParallelGCFailedAllocation done
Event: 2.311 Executing VM operation: ParallelGCFailedAllocation
Event: 2.312 Executing VM operation: ParallelGCFailedAllocation done


Dynamic libraries:
0x00007ff75ee90000 - 0x00007ff75eec7000 	C:\Program Files\Java\jdk1.8.0_65\bin\java.exe
0x00007ffde4980000 - 0x00007ffde4b41000 	C:\WINDOWS\SYSTEM32\ntdll.dll
0x00007ffde42a0000 - 0x00007ffde434d000 	C:\WINDOWS\system32\KERNEL32.DLL
0x00007ffde19f0000 - 0x00007ffde1bd8000 	C:\WINDOWS\system32\KERNELBASE.dll
0x00007ffde1e70000 - 0x00007ffde1f17000 	C:\WINDOWS\system32\ADVAPI32.dll
0x00007ffde3800000 - 0x00007ffde389d000 	C:\WINDOWS\system32\msvcrt.dll
0x00007ffde1e10000 - 0x00007ffde1e6b000 	C:\WINDOWS\system32\sechost.dll
0x00007ffde3bd0000 - 0x00007ffde3cec000 	C:\WINDOWS\system32\RPCRT4.dll
0x00007ffde3fe0000 - 0x00007ffde4136000 	C:\WINDOWS\system32\USER32.dll
0x00007ffde3cf0000 - 0x00007ffde3e76000 	C:\WINDOWS\system32\GDI32.dll
0x00007ffddd690000 - 0x00007ffddd904000 	C:\WINDOWS\WinSxS\amd64_microsoft.windows.common-controls_6595b64144ccf1df_6.0.10586.0_none_8c15ae12515e1c22\COMCTL32.dll
0x00007ffde3950000 - 0x00007ffde3bcd000 	C:\WINDOWS\system32\combase.dll
0x00007ffde1cf0000 - 0x00007ffde1d5a000 	C:\WINDOWS\system32\bcryptPrimitives.dll
0x00007ffde1dc0000 - 0x00007ffde1dfb000 	C:\WINDOWS\system32\IMM32.DLL
0x0000000070c90000 - 0x0000000070d62000 	C:\Program Files\Java\jdk1.8.0_65\jre\bin\msvcr100.dll
0x0000000070400000 - 0x0000000070c89000 	C:\Program Files\Java\jdk1.8.0_65\jre\bin\server\jvm.dll
0x00007ffde4290000 - 0x00007ffde4298000 	C:\WINDOWS\system32\PSAPI.DLL
0x00007ffdd8550000 - 0x00007ffdd8559000 	C:\WINDOWS\SYSTEM32\WSOCK32.dll
0x00007ffddd9c0000 - 0x00007ffddd9ca000 	C:\WINDOWS\SYSTEM32\VERSION.dll
0x00007ffddf730000 - 0x00007ffddf753000 	C:\WINDOWS\SYSTEM32\WINMM.dll
0x00007ffde4470000 - 0x00007ffde44db000 	C:\WINDOWS\system32\WS2_32.dll
0x00007ffddf6d0000 - 0x00007ffddf6fc000 	C:\WINDOWS\SYSTEM32\WINMMBASE.dll
0x00007ffde1be0000 - 0x00007ffde1c23000 	C:\WINDOWS\system32\cfgmgr32.dll
0x00000000703f0000 - 0x00000000703ff000 	C:\Program Files\Java\jdk1.8.0_65\jre\bin\verify.dll
0x00000000703c0000 - 0x00000000703e9000 	C:\Program Files\Java\jdk1.8.0_65\jre\bin\java.dll
0x0000000070380000 - 0x00000000703b5000 	C:\Program Files\Java\jdk1.8.0_65\jre\bin\jdwp.dll
0x0000000070370000 - 0x0000000070378000 	C:\Program Files\Java\jdk1.8.0_65\jre\bin\npt.dll
0x0000000070350000 - 0x0000000070366000 	C:\Program Files\Java\jdk1.8.0_65\jre\bin\zip.dll
0x00007ffde1f80000 - 0x00007ffde34dc000 	C:\WINDOWS\system32\SHELL32.dll
0x00007ffde11d0000 - 0x00007ffde1815000 	C:\WINDOWS\system32\windows.storage.dll
0x00007ffde36b0000 - 0x00007ffde3702000 	C:\WINDOWS\system32\shlwapi.dll
0x00007ffde0fb0000 - 0x00007ffde0fbf000 	C:\WINDOWS\system32\kernel.appcore.dll
0x00007ffde1c30000 - 0x00007ffde1ce5000 	C:\WINDOWS\system32\shcore.dll
0x00007ffde0fc0000 - 0x00007ffde100b000 	C:\WINDOWS\system32\powrprof.dll
0x00007ffde0f80000 - 0x00007ffde0f94000 	C:\WINDOWS\system32\profapi.dll
0x0000000070340000 - 0x0000000070349000 	C:\Program Files\Java\jdk1.8.0_65\jre\bin\dt_socket.dll
0x00007ffde08b0000 - 0x00007ffde090c000 	C:\WINDOWS\system32\mswsock.dll
0x00007ffdcf260000 - 0x00007ffdcf2e8000 	D:\Code\Java\Projects\WireEngine20\lib\native\lwjgl.dll
0x00007ffde0a80000 - 0x00007ffde0a8b000 	C:\WINDOWS\SYSTEM32\CRYPTBASE.DLL
0x00007ffdd40a0000 - 0x00007ffdd40e2000 	D:\Code\Java\Projects\WireEngine20\lib\native\jemalloc.dll
0x00007ffdcf9f0000 - 0x00007ffdcfa28000 	D:\Code\Java\Projects\WireEngine20\lib\native\glfw.dll
0x00007ffddf850000 - 0x00007ffddf8e6000 	C:\WINDOWS\system32\uxtheme.dll
0x00007ffdde650000 - 0x00007ffdde672000 	C:\WINDOWS\SYSTEM32\dwmapi.dll
0x00007ffdc8b70000 - 0x00007ffdc8c99000 	C:\WINDOWS\SYSTEM32\opengl32.dll
0x00007ffdcd0c0000 - 0x00007ffdcd0ee000 	C:\WINDOWS\SYSTEM32\GLU32.dll
0x00007ffdc6920000 - 0x00007ffdc6a1a000 	C:\WINDOWS\SYSTEM32\DDRAW.dll
0x00007ffddaa30000 - 0x00007ffddaa38000 	C:\WINDOWS\SYSTEM32\DCIMAN32.dll
0x00007ffde3e80000 - 0x00007ffde3fda000 	C:\WINDOWS\system32\MSCTF.dll
0x00007ffdc9cc0000 - 0x00007ffdc9d09000 	C:\Program Files (x86)\TeamViewer\tv_x64.dll
0x00007ffde4140000 - 0x00007ffde4283000 	C:\WINDOWS\system32\ole32.dll
0x000000006e5f0000 - 0x0000000070339000 	C:\WINDOWS\SYSTEM32\nvoglv64.DLL
0x00007ffde4550000 - 0x00007ffde4979000 	C:\WINDOWS\system32\SETUPAPI.dll
0x00007ffddf2f0000 - 0x00007ffddf303000 	C:\WINDOWS\SYSTEM32\WTSAPI32.dll
0x00007ffddf9a0000 - 0x00007ffddf9c7000 	C:\WINDOWS\SYSTEM32\DEVOBJ.dll
0x00007ffde1170000 - 0x00007ffde11c5000 	C:\WINDOWS\system32\WINTRUST.dll
0x00007ffde0fa0000 - 0x00007ffde0fb0000 	C:\WINDOWS\system32\MSASN1.dll
0x00007ffde1820000 - 0x00007ffde19e7000 	C:\WINDOWS\system32\CRYPT32.dll
0x00007ffde04d0000 - 0x00007ffde0501000 	C:\WINDOWS\SYSTEM32\ntmarta.dll
0x00007ffde0220000 - 0x00007ffde0276000 	C:\WINDOWS\SYSTEM32\WINSTA.dll
0x00007ffde38a0000 - 0x00007ffde3947000 	C:\WINDOWS\system32\clbcatq.dll
0x00007ffdb9de0000 - 0x00007ffdb9f6c000 	C:\WINDOWS\SYSTEM32\dbghelp.dll

VM Arguments:
jvm_args: -agentlib:jdwp=transport=dt_socket,address=127.0.0.1:49404,suspend=y,server=n -Djava.library.path=lib/native/ -Dfile.encoding=UTF-8 
java_command: main.Main
java_class_path (initial): C:\Program Files\Java\jdk1.8.0_65\jre\lib\charsets.jar;C:\Program Files\Java\jdk1.8.0_65\jre\lib\deploy.jar;C:\Program Files\Java\jdk1.8.0_65\jre\lib\ext\access-bridge-64.jar;C:\Program Files\Java\jdk1.8.0_65\jre\lib\ext\cldrdata.jar;C:\Program Files\Java\jdk1.8.0_65\jre\lib\ext\dnsns.jar;C:\Program Files\Java\jdk1.8.0_65\jre\lib\ext\jaccess.jar;C:\Program Files\Java\jdk1.8.0_65\jre\lib\ext\jfxrt.jar;C:\Program Files\Java\jdk1.8.0_65\jre\lib\ext\localedata.jar;C:\Program Files\Java\jdk1.8.0_65\jre\lib\ext\nashorn.jar;C:\Program Files\Java\jdk1.8.0_65\jre\lib\ext\sunec.jar;C:\Program Files\Java\jdk1.8.0_65\jre\lib\ext\sunjce_provider.jar;C:\Program Files\Java\jdk1.8.0_65\jre\lib\ext\sunmscapi.jar;C:\Program Files\Java\jdk1.8.0_65\jre\lib\ext\sunpkcs11.jar;C:\Program Files\Java\jdk1.8.0_65\jre\lib\ext\zipfs.jar;C:\Program Files\Java\jdk1.8.0_65\jre\lib\javaws.jar;C:\Program Files\Java\jdk1.8.0_65\jre\lib\jce.jar;C:\Program Files\Java\jdk1.8.0_65\jre\lib\jfr.jar;C:\Program Files\Java\jdk1.8.0_65\jre\lib\jfxswt.jar;C:\Program Files\Java\jdk1.8.0_65\jre\lib\jsse.jar;C:\Program Files\Java\jdk1.8.0_65\jre\lib\management-agent.jar;C:\Program Files\Java\jdk1.8.0_65\jre\lib\plugin.jar;C:\Program Files\Java\jdk1.8.0_65\jre\lib\resources.jar;C:\Program Files\Java\jdk1.8.0_65\jre\lib\rt.jar;D:\Code\Java\Projects\WireEngine20\out\production\WireEngine20;D:\Code\Java\Projects\WireEngine20\lib\jar\lwjgl.jar;D:\Program Files (x86)\JetBrains\IntelliJ IDEA 2016.1\lib\idea_rt.jar
Launcher Type: SUN_STANDARD

Environment Variables:
JAVA_HOME=C:\Program Files\Java\jdk1.8.0_65
PATH=C:\ProgramData\Oracle\Java\javapath;C:\Program Files (x86)\Razer Chroma SDK\bin;C:\Program Files\Razer Chroma SDK\bin;C:\Program Files (x86)\NVIDIA Corporation\PhysX\Common;C:\Program Files (x86)\Intel\iCLS Client\;C:\Program Files\Intel\iCLS Client\;C:\Windows\system32;C:\Windows;C:\Windows\System32\Wbem;C:\Windows\System32\WindowsPowerShell\v1.0\;C:\Program Files\Intel\Intel(R) Management Engine Components\DAL;C:\Program Files (x86)\Intel\Intel(R) Management Engine Components\DAL;C:\Program Files\Intel\Intel(R) Management Engine Components\IPT;C:\Program Files (x86)\Intel\Intel(R) Management Engine Components\IPT;C:\Program Files\Java\jre1.8.0_65\bin;C:\MinGW\bin;C:\WINDOWS\system32;C:\WINDOWS;C:\WINDOWS\System32\Wbem;C:\WINDOWS\System32\WindowsPowerShell\v1.0\;D:\Program Files (x86)\CMake\bin;D:\Program Files\Programs\Python\Python35-32;D:\Program Files\Programs\Python\Python35-32\Scripts;C:\Program Files (x86)\Skype\Phone\;D:\Program Files\Programs\Python\Python35-32\Scripts\;D:\Program Files\Programs\Python\Python35-32\
USERNAME=Kelan
OS=Windows_NT
PROCESSOR_IDENTIFIER=Intel64 Family 6 Model 60 Stepping 3, GenuineIntel



---------------  S Y S T E M  ---------------

OS: Windows 10.0 , 64 bit Build 10586 (10.0.10586.0)

CPU:total 8 (4 cores per cpu, 2 threads per core) family 6 model 60 stepping 3, cmov, cx8, fxsr, mmx, sse, sse2, sse3, ssse3, sse4.1, sse4.2, popcnt, avx, avx2, aes, clmul, erms, lzcnt, ht, tsc, tscinvbit, bmi1, bmi2

Memory: 4k page, physical 16609500k(4279480k free), swap 33386716k(18508920k free)

vm_info: Java HotSpot(TM) 64-Bit Server VM (25.65-b01) for windows-amd64 JRE (1.8.0_65-b17), built on Oct  6 2015 16:39:20 by "java_re" with MS VC++ 10.0 (VS2010)

time: Sun Apr 10 11:59:13 2016
elapsed time: 2 seconds (0d 0h 0m 2s)

