#
# A fatal error has been detected by the Java Runtime Environment:
#
#  EXCEPTION_ACCESS_VIOLATION (0xc0000005) at pc=0x00007ffddc3d24b9, pid=12636, tid=7184
#
# JRE version: Java(TM) SE Runtime Environment (8.0_65-b17) (build 1.8.0_65-b17)
# Java VM: Java HotSpot(TM) 64-Bit Server VM (25.65-b01 mixed mode windows-amd64 compressed oops)
# Problematic frame:
# C  [glfw.dll+0x24b9]
#
# Failed to write core dump. Minidumps are not enabled by default on client versions of Windows
#
# If you would like to submit a bug report, please visit:
#   http://bugreport.java.com/bugreport/crash.jsp
# The crash happened outside the Java Virtual Machine in native code.
# See problematic frame for where to report the bug.
#

---------------  T H R E A D  ---------------

Current thread (0x000000001e21c000):  JavaThread "CLIENT" [_thread_in_native, id=7184, stack(0x000000001ef40000,0x000000001f040000)]

siginfo: ExceptionCode=0xc0000005, reading address 0x0000000000000000

Registers:
RAX=0x0000000000000000, RBX=0x000000001ba11d98, RCX=0x0000000000000000, RDX=0x0000000000000000
RSP=0x000000001f03f220, RBP=0x000000001f03f2d0, RSI=0x0000000000000108, RDI=0x00000000005af6b0
R8 =0x000000001f03f218, R9 =0x000000001f03f2d0, R10=0x0000000000000000, R11=0x0000000000000246
R12=0x0000000000000000, R13=0x000000001ba11d98, R14=0x000000001f03f308, R15=0x000000001e21c000
RIP=0x00007ffddc3d24b9, EFLAGS=0x0000000000010287

Top of Stack: (sp=0x000000001f03f220)
0x000000001f03f220:   000000001e21c000 000000001e21c000
0x000000001f03f230:   000000001ba2e710 000000007052d610
0x000000001f03f240:   000000000000015d 000000000261dfcc
0x000000001f03f250:   000000001ba11d98 0000000000ffed90
0x000000001f03f260:   000000000000000e 000000001e21c000
0x000000001f03f270:   000000001ba2e710 000000007052aea4
0x000000001f03f280:   000000001e21c000 000000001e21c000
0x000000001f03f290:   000000001f03f290 0000000000000000
0x000000001f03f2a0:   000000001f03f308 000000001ba12538
0x000000001f03f2b0:   0000000000000000 000000001ba11d98
0x000000001f03f2c0:   0000000000000000 000000001f03f2f0
0x000000001f03f2d0:   000000001f03f350 0000000002607d8d
0x000000001f03f2e0:   00000006c2806128 00000000026142f8
0x000000001f03f2f0:   00000000005af6b0 00000000026078a0
0x000000001f03f300:   00007ffddc3d2420 0000000000000001
0x000000001f03f310:   000000001f03f310 000000001ba2e6e4 

Instructions: (pc=0x00007ffddc3d24b9)
0x00007ffddc3d2499:   48 8b cf e8 1f 3a 00 00 48 39 3d f0 d5 02 00 48
0x00007ffddc3d24a9:   8d 0d e9 d5 02 00 48 8b 5c 24 30 74 08 48 8b 09
0x00007ffddc3d24b9:   48 39 39 75 f8 48 8b 07 48 89 01 48 8b cf 48 83
0x00007ffddc3d24c9:   c4 20 5f e9 5b fe 00 00 48 83 c4 20 5f c3 cc cc 


Register to memory mapping:

RAX=0x0000000000000000 is an unknown value
RBX={method} {0x000000001ba11da0} 'invokePV' '(JJ)V' in 'org/lwjgl/system/JNI'
RCX=0x0000000000000000 is an unknown value
RDX=0x0000000000000000 is an unknown value
RSP=0x000000001f03f220 is pointing into the stack for thread: 0x000000001e21c000
RBP=0x000000001f03f2d0 is pointing into the stack for thread: 0x000000001e21c000
RSI=0x0000000000000108 is an unknown value
RDI=0x00000000005af6b0 is an unknown value
R8 =0x000000001f03f218 is pointing into the stack for thread: 0x000000001e21c000
R9 =0x000000001f03f2d0 is pointing into the stack for thread: 0x000000001e21c000
R10=0x0000000000000000 is an unknown value
R11=0x0000000000000246 is an unknown value
R12=0x0000000000000000 is an unknown value
R13={method} {0x000000001ba11da0} 'invokePV' '(JJ)V' in 'org/lwjgl/system/JNI'
R14=0x000000001f03f308 is pointing into the stack for thread: 0x000000001e21c000
R15=0x000000001e21c000 is a thread


Stack: [0x000000001ef40000,0x000000001f040000],  sp=0x000000001f03f220,  free space=1020k
Native frames: (J=compiled Java code, j=interpreted, Vv=VM code, C=native code)
C  [glfw.dll+0x24b9]
C  0x000000000261dfcc

Java frames: (J=compiled Java code, j=interpreted, Vv=VM code)
j  org.lwjgl.system.JNI.invokePV(JJ)V+0
j  org.lwjgl.glfw.GLFW.glfwDestroyCursor(J)V+20
j  main.client.Window.destroyWindow()V+9
j  main.coreEngine.Engine.stop()V+70
j  main.client.Window.update()V+43
j  main.client.renderEngine.RenderEngine.render()V+29
j  main.client.ClientThread.tick()V+4
J 409% C1 main.coreEngine.TickableThread.run()V (512 bytes) @ 0x00000000028532fc [0x000000000284e960+0x499c]
v  ~StubRoutines::call_stub

---------------  P R O C E S S  ---------------

Java Threads: ( => current thread )
  0x000000001e21d000 JavaThread "SERVER" [_thread_in_Java, id=2172, stack(0x000000001f040000,0x000000001f140000)]
=>0x000000001e21c000 JavaThread "CLIENT" [_thread_in_native, id=7184, stack(0x000000001ef40000,0x000000001f040000)]
  0x000000001e12e000 JavaThread "Service Thread" daemon [_thread_blocked, id=14100, stack(0x000000001ed40000,0x000000001ee40000)]
  0x000000001e0a0800 JavaThread "C1 CompilerThread3" daemon [_thread_blocked, id=9068, stack(0x000000001ec40000,0x000000001ed40000)]
  0x000000001e09f800 JavaThread "C2 CompilerThread2" daemon [_thread_blocked, id=11896, stack(0x000000001eb40000,0x000000001ec40000)]
  0x000000001e097000 JavaThread "C2 CompilerThread1" daemon [_thread_blocked, id=5092, stack(0x000000001ea40000,0x000000001eb40000)]
  0x000000001e09b000 JavaThread "C2 CompilerThread0" daemon [_thread_blocked, id=4292, stack(0x000000001e940000,0x000000001ea40000)]
  0x000000001e081000 JavaThread "JDWP Command Reader" daemon [_thread_in_native, id=3836, stack(0x000000001e840000,0x000000001e940000)]
  0x000000001e07d800 JavaThread "JDWP Event Helper Thread" daemon [_thread_blocked, id=11248, stack(0x000000001e740000,0x000000001e840000)]
  0x000000001e07b800 JavaThread "JDWP Transport Listener: dt_socket" daemon [_thread_blocked, id=6856, stack(0x000000001e640000,0x000000001e740000)]
  0x000000001e066000 JavaThread "Attach Listener" daemon [_thread_blocked, id=14032, stack(0x000000001e540000,0x000000001e640000)]
  0x000000001e064800 JavaThread "Signal Dispatcher" daemon [_thread_blocked, id=13616, stack(0x000000001e440000,0x000000001e540000)]
  0x0000000000ffa000 JavaThread "Finalizer" daemon [_thread_blocked, id=4820, stack(0x000000001de60000,0x000000001df60000)]
  0x0000000000ff3000 JavaThread "Reference Handler" daemon [_thread_blocked, id=2928, stack(0x000000001dd60000,0x000000001de60000)]
  0x00000000009be000 JavaThread "main" [_thread_blocked, id=4676, stack(0x0000000000e00000,0x0000000000f00000)]

Other Threads:
  0x000000001bf99800 VMThread [stack: 0x000000001dc60000,0x000000001dd60000] [id=12528]
  0x000000001e140000 WatcherThread [stack: 0x000000001ee40000,0x000000001ef40000] [id=9424]

VM state:not at safepoint (normal execution)

VM Mutex/Monitor currently owned by a thread: None

Heap:
 PSYoungGen      total 130048K, used 129597K [0x000000076b800000, 0x0000000785f80000, 0x00000007c0000000)
  eden space 129536K, 99% used [0x000000076b800000,0x000000077367f558,0x0000000773680000)
  from space 512K, 12% used [0x0000000785f00000,0x0000000785f10000,0x0000000785f80000)
  to   space 1024K, 0% used [0x0000000785d80000,0x0000000785d80000,0x0000000785e80000)
 ParOldGen       total 173568K, used 1252K [0x00000006c2800000, 0x00000006cd180000, 0x000000076b800000)
  object space 173568K, 0% used [0x00000006c2800000,0x00000006c2939060,0x00000006cd180000)
 Metaspace       used 7626K, capacity 8390K, committed 8576K, reserved 1056768K
  class space    used 592K, capacity 626K, committed 640K, reserved 1048576K

Card table byte_map: [0x00000000119c0000,0x00000000121b0000] byte_map_base: 0x000000000e3ac000

Marking Bits: (ParMarkBitMap*) 0x0000000070c0a5b0
 Begin Bits: [0x0000000012f00000, 0x0000000016e60000)
 End Bits:   [0x0000000016e60000, 0x000000001adc0000)

Polling page: 0x0000000000550000

CodeCache: size=245760Kb used=2518Kb max_used=2518Kb free=243241Kb
 bounds [0x0000000002600000, 0x0000000002880000, 0x0000000011600000]
 total_blobs=1090 nmethods=451 adapters=560
 compilation: enabled

Compilation events (10 events):
Event: 2.030 Thread 0x000000001e0a0800  445       3       org.lwjgl.opengl.GL11::glVertex2f (25 bytes)
Event: 2.031 Thread 0x000000001e0a0800 nmethod 445 0x0000000002872210 code [0x0000000002872420, 0x0000000002872ca8]
Event: 2.346 Thread 0x000000001e0a0800  447       3       org.lwjgl.glfw.GLFW::getInstance (4 bytes)
Event: 2.347 Thread 0x000000001e0a0800 nmethod 447 0x0000000002871b50 code [0x0000000002871ca0, 0x0000000002871dd0]
Event: 2.413 Thread 0x000000001e0a0800  448       3       java.lang.Enum::equals (11 bytes)
Event: 2.414 Thread 0x000000001e0a0800 nmethod 448 0x00000000028717d0 code [0x0000000002871920, 0x0000000002871ad0]
Event: 2.697 Thread 0x000000001e0a0800  449       3       main.client.Window::resetKeys (29 bytes)
Event: 2.697 Thread 0x000000001e0a0800 nmethod 449 0x0000000002871290 code [0x0000000002871400, 0x00000000028716c8]
Event: 3.097 Thread 0x000000001e0a0800  451       3       org.lwjgl.opengl.GL11::glClearColor (18 bytes)
Event: 3.097 Thread 0x000000001e0a0800 nmethod 451 0x0000000002868750 code [0x0000000002868940, 0x0000000002869058]

GC Heap History (10 events):
Event: 3.218 GC heap before
{Heap before GC invocations=26 (full 0):
 PSYoungGen      total 154112K, used 152640K [0x000000076b800000, 0x0000000786180000, 0x00000007c0000000)
  eden space 152576K, 100% used [0x000000076b800000,0x0000000774d00000,0x0000000774d00000)
  from space 1536K, 4% used [0x0000000785e80000,0x0000000785e90000,0x0000000786000000)
  to   space 1536K, 0% used [0x0000000786000000,0x0000000786000000,0x0000000786180000)
 ParOldGen       total 173568K, used 1236K [0x00000006c2800000, 0x00000006cd180000, 0x000000076b800000)
  object space 173568K, 0% used [0x00000006c2800000,0x00000006c2935060,0x00000006cd180000)
 Metaspace       used 7626K, capacity 8390K, committed 8576K, reserved 1056768K
  class space    used 592K, capacity 626K, committed 640K, reserved 1048576K
Event: 3.219 GC heap after
Heap after GC invocations=26 (full 0):
 PSYoungGen      total 147968K, used 0K [0x000000076b800000, 0x0000000786080000, 0x00000007c0000000)
  eden space 147456K, 0% used [0x000000076b800000,0x000000076b800000,0x0000000774800000)
  from space 512K, 0% used [0x0000000786000000,0x0000000786000000,0x0000000786080000)
  to   space 1536K, 0% used [0x0000000785d80000,0x0000000785d80000,0x0000000785f00000)
 ParOldGen       total 173568K, used 1252K [0x00000006c2800000, 0x00000006cd180000, 0x000000076b800000)
  object space 173568K, 0% used [0x00000006c2800000,0x00000006c2939060,0x00000006cd180000)
 Metaspace       used 7626K, capacity 8390K, committed 8576K, reserved 1056768K
  class space    used 592K, capacity 626K, committed 640K, reserved 1048576K
}
Event: 3.300 GC heap before
{Heap before GC invocations=27 (full 0):
 PSYoungGen      total 147968K, used 147456K [0x000000076b800000, 0x0000000786080000, 0x00000007c0000000)
  eden space 147456K, 100% used [0x000000076b800000,0x0000000774800000,0x0000000774800000)
  from space 512K, 0% used [0x0000000786000000,0x0000000786000000,0x0000000786080000)
  to   space 1536K, 0% used [0x0000000785d80000,0x0000000785d80000,0x0000000785f00000)
 ParOldGen       total 173568K, used 1252K [0x00000006c2800000, 0x00000006cd180000, 0x000000076b800000)
  object space 173568K, 0% used [0x00000006c2800000,0x00000006c2939060,0x00000006cd180000)
 Metaspace       used 7626K, capacity 8390K, committed 8576K, reserved 1056768K
  class space    used 592K, capacity 626K, committed 640K, reserved 1048576K
Event: 3.301 GC heap after
Heap after GC invocations=27 (full 0):
 PSYoungGen      total 144384K, used 64K [0x000000076b800000, 0x0000000786080000, 0x00000007c0000000)
  eden space 142848K, 0% used [0x000000076b800000,0x000000076b800000,0x0000000774380000)
  from space 1536K, 4% used [0x0000000785d80000,0x0000000785d90000,0x0000000785f00000)
  to   space 1024K, 0% used [0x0000000785f80000,0x0000000785f80000,0x0000000786080000)
 ParOldGen       total 173568K, used 1252K [0x00000006c2800000, 0x00000006cd180000, 0x000000076b800000)
  object space 173568K, 0% used [0x00000006c2800000,0x00000006c2939060,0x00000006cd180000)
 Metaspace       used 7626K, capacity 8390K, committed 8576K, reserved 1056768K
  class space    used 592K, capacity 626K, committed 640K, reserved 1048576K
}
Event: 3.379 GC heap before
{Heap before GC invocations=28 (full 0):
 PSYoungGen      total 144384K, used 142912K [0x000000076b800000, 0x0000000786080000, 0x00000007c0000000)
  eden space 142848K, 100% used [0x000000076b800000,0x0000000774380000,0x0000000774380000)
  from space 1536K, 4% used [0x0000000785d80000,0x0000000785d90000,0x0000000785f00000)
  to   space 1024K, 0% used [0x0000000785f80000,0x0000000785f80000,0x0000000786080000)
 ParOldGen       total 173568K, used 1252K [0x00000006c2800000, 0x00000006cd180000, 0x000000076b800000)
  object space 173568K, 0% used [0x00000006c2800000,0x00000006c2939060,0x00000006cd180000)
 Metaspace       used 7626K, capacity 8390K, committed 8576K, reserved 1056768K
  class space    used 592K, capacity 626K, committed 640K, reserved 1048576K
Event: 3.380 GC heap after
Heap after GC invocations=28 (full 0):
 PSYoungGen      total 138752K, used 64K [0x000000076b800000, 0x0000000786000000, 0x00000007c0000000)
  eden space 138240K, 0% used [0x000000076b800000,0x000000076b800000,0x0000000773f00000)
  from space 512K, 12% used [0x0000000785f80000,0x0000000785f90000,0x0000000786000000)
  to   space 1024K, 0% used [0x0000000785e00000,0x0000000785e00000,0x0000000785f00000)
 ParOldGen       total 173568K, used 1252K [0x00000006c2800000, 0x00000006cd180000, 0x000000076b800000)
  object space 173568K, 0% used [0x00000006c2800000,0x00000006c2939060,0x00000006cd180000)
 Metaspace       used 7626K, capacity 8390K, committed 8576K, reserved 1056768K
  class space    used 592K, capacity 626K, committed 640K, reserved 1048576K
}
Event: 3.456 GC heap before
{Heap before GC invocations=29 (full 0):
 PSYoungGen      total 138752K, used 138304K [0x000000076b800000, 0x0000000786000000, 0x00000007c0000000)
  eden space 138240K, 100% used [0x000000076b800000,0x0000000773f00000,0x0000000773f00000)
  from space 512K, 12% used [0x0000000785f80000,0x0000000785f90000,0x0000000786000000)
  to   space 1024K, 0% used [0x0000000785e00000,0x0000000785e00000,0x0000000785f00000)
 ParOldGen       total 173568K, used 1252K [0x00000006c2800000, 0x00000006cd180000, 0x000000076b800000)
  object space 173568K, 0% used [0x00000006c2800000,0x00000006c2939060,0x00000006cd180000)
 Metaspace       used 7626K, capacity 8390K, committed 8576K, reserved 1056768K
  class space    used 592K, capacity 626K, committed 640K, reserved 1048576K
Event: 3.456 GC heap after
Heap after GC invocations=29 (full 0):
 PSYoungGen      total 134656K, used 64K [0x000000076b800000, 0x0000000786000000, 0x00000007c0000000)
  eden space 133632K, 0% used [0x000000076b800000,0x000000076b800000,0x0000000773a80000)
  from space 1024K, 6% used [0x0000000785e00000,0x0000000785e10000,0x0000000785f00000)
  to   space 1024K, 0% used [0x0000000785f00000,0x0000000785f00000,0x0000000786000000)
 ParOldGen       total 173568K, used 1252K [0x00000006c2800000, 0x00000006cd180000, 0x000000076b800000)
  object space 173568K, 0% used [0x00000006c2800000,0x00000006c2939060,0x00000006cd180000)
 Metaspace       used 7626K, capacity 8390K, committed 8576K, reserved 1056768K
  class space    used 592K, capacity 626K, committed 640K, reserved 1048576K
}
Event: 3.533 GC heap before
{Heap before GC invocations=30 (full 0):
 PSYoungGen      total 134656K, used 133696K [0x000000076b800000, 0x0000000786000000, 0x00000007c0000000)
  eden space 133632K, 100% used [0x000000076b800000,0x0000000773a80000,0x0000000773a80000)
  from space 1024K, 6% used [0x0000000785e00000,0x0000000785e10000,0x0000000785f00000)
  to   space 1024K, 0% used [0x0000000785f00000,0x0000000785f00000,0x0000000786000000)
 ParOldGen       total 173568K, used 1252K [0x00000006c2800000, 0x00000006cd180000, 0x000000076b800000)
  object space 173568K, 0% used [0x00000006c2800000,0x00000006c2939060,0x00000006cd180000)
 Metaspace       used 7626K, capacity 8390K, committed 8576K, reserved 1056768K
  class space    used 592K, capacity 626K, committed 640K, reserved 1048576K
Event: 3.534 GC heap after
Heap after GC invocations=30 (full 0):
 PSYoungGen      total 130048K, used 64K [0x000000076b800000, 0x0000000785f80000, 0x00000007c0000000)
  eden space 129536K, 0% used [0x000000076b800000,0x000000076b800000,0x0000000773680000)
  from space 512K, 12% used [0x0000000785f00000,0x0000000785f10000,0x0000000785f80000)
  to   space 1024K, 0% used [0x0000000785d80000,0x0000000785d80000,0x0000000785e80000)
 ParOldGen       total 173568K, used 1252K [0x00000006c2800000, 0x00000006cd180000, 0x000000076b800000)
  object space 173568K, 0% used [0x00000006c2800000,0x00000006c2939060,0x00000006cd180000)
 Metaspace       used 7626K, capacity 8390K, committed 8576K, reserved 1056768K
  class space    used 592K, capacity 626K, committed 640K, reserved 1048576K
}

Deoptimization events (10 events):
Event: 0.164 Thread 0x000000001e21c000 Uncommon trap: reason=bimorphic action=maybe_recompile pc=0x000000000274e47c method=java.util.HashMap.getNode(ILjava/lang/Object;)Ljava/util/HashMap$Node; @ 59
Event: 0.164 Thread 0x000000001e21c000 Uncommon trap: reason=bimorphic action=maybe_recompile pc=0x000000000274e47c method=java.util.HashMap.getNode(ILjava/lang/Object;)Ljava/util/HashMap$Node; @ 59
Event: 0.164 Thread 0x000000001e21c000 Uncommon trap: reason=bimorphic action=maybe_recompile pc=0x000000000274e47c method=java.util.HashMap.getNode(ILjava/lang/Object;)Ljava/util/HashMap$Node; @ 59
Event: 0.456 Thread 0x000000001e21c000 Uncommon trap: reason=unstable_if action=reinterpret pc=0x000000000273cc10 method=java.util.HashMap.containsKey(Ljava/lang/Object;)Z @ 9
Event: 0.462 Thread 0x000000001e21c000 Uncommon trap: reason=unstable_if action=reinterpret pc=0x0000000002729d98 method=java.util.HashMap.keySet()Ljava/util/Set; @ 6
Event: 0.977 Thread 0x000000001e21c000 Uncommon trap: reason=unstable_if action=reinterpret pc=0x00000000027283c4 method=java.util.HashMap.clear()V @ 16
Event: 0.977 Thread 0x000000001e21c000 Uncommon trap: reason=unstable_if action=reinterpret pc=0x000000000272cc98 method=java.util.HashMap.clear()V @ 16
Event: 0.977 Thread 0x00000000009be000 Uncommon trap: reason=unstable_if action=reinterpret pc=0x000000000274c2b8 method=main.coreEngine.TickableThread.invoke(Ljava/lang/String;[Ljava/lang/Object;)V @ 53
Event: 0.978 Thread 0x000000001e21d000 Uncommon trap: reason=unstable_if action=reinterpret pc=0x0000000002770f0c method=main.coreEngine.TickableThread.run()V @ 62
Event: 1.097 Thread 0x000000001e21d000 Uncommon trap: reason=predicate action=maybe_recompile pc=0x000000000286bdc0 method=main.coreEngine.TickableThread.run()V @ 480

Internal exceptions (9 events):
Event: 0.036 Thread 0x00000000009be000 Exception <a 'java/lang/NoSuchMethodError': Method sun.misc.Unsafe.defineClass(Ljava/lang/String;[BII)Ljava/lang/Class; name or signature does not match> (0x000000076b80d9b8) thrown at [C:\workspace\8-2-build-windows-amd64-cygwin\jdk8u65\4987\hotspot\src\sy6õ#I¢?
Event: 0.036 Thread 0x00000000009be000 Exception <a 'java/lang/NoSuchMethodError': Method sun.misc.Unsafe.prefetchRead(Ljava/lang/Object;J)V name or signature does not match> (0x000000076b80dca0) thrown at [C:\workspace\8-2-build-windows-amd64-cygwin\jdk8u65\4987\hotspot\src\share\vm\prims\jni.ùœ|dn½Ç?
Event: 0.185 Thread 0x000000001e21c000 Exception <a 'java/lang/ArrayIndexOutOfBoundsException': -1> (0x000000076da5a788) thrown at [C:\workspace\8-2-build-windows-amd64-cygwin\jdk8u65\4987\hotspot\src\share\vm\interpreter\interpreterRuntime.cpp, line 366]
Event: 0.456 Thread 0x000000001e21c000 Implicit null exception at 0x000000000273c8d9 to 0x000000000273cc04
Event: 0.456 Thread 0x000000001e21c000 Exception <a 'java/security/PrivilegedActionException'> (0x000000077029b858) thrown at [C:\workspace\8-2-build-windows-amd64-cygwin\jdk8u65\4987\hotspot\src\share\vm\prims\jvm.cpp, line 1386]
Event: 0.457 Thread 0x000000001e21c000 Exception <a 'java/security/PrivilegedActionException'> (0x000000077029bc50) thrown at [C:\workspace\8-2-build-windows-amd64-cygwin\jdk8u65\4987\hotspot\src\share\vm\prims\jvm.cpp, line 1386]
Event: 0.457 Thread 0x000000001e21c000 Exception <a 'java/security/PrivilegedActionException'> (0x000000077029fe68) thrown at [C:\workspace\8-2-build-windows-amd64-cygwin\jdk8u65\4987\hotspot\src\share\vm\prims\jvm.cpp, line 1386]
Event: 0.457 Thread 0x000000001e21c000 Exception <a 'java/security/PrivilegedActionException'> (0x00000007702a0260) thrown at [C:\workspace\8-2-build-windows-amd64-cygwin\jdk8u65\4987\hotspot\src\share\vm\prims\jvm.cpp, line 1386]
Event: 0.977 Thread 0x00000000009be000 Implicit null exception at 0x000000000274bd84 to 0x000000000274c29b

Events (10 events):
Event: 3.218 Executing VM operation: ParallelGCFailedAllocation
Event: 3.219 Executing VM operation: ParallelGCFailedAllocation done
Event: 3.300 Executing VM operation: ParallelGCFailedAllocation
Event: 3.301 Executing VM operation: ParallelGCFailedAllocation done
Event: 3.379 Executing VM operation: ParallelGCFailedAllocation
Event: 3.380 Executing VM operation: ParallelGCFailedAllocation done
Event: 3.456 Executing VM operation: ParallelGCFailedAllocation
Event: 3.456 Executing VM operation: ParallelGCFailedAllocation done
Event: 3.533 Executing VM operation: ParallelGCFailedAllocation
Event: 3.534 Executing VM operation: ParallelGCFailedAllocation done


Dynamic libraries:
0x00007ff6dfd70000 - 0x00007ff6dfda7000 	C:\Program Files\Java\jdk1.8.0_65\bin\java.exe
0x00007ffde4980000 - 0x00007ffde4b41000 	C:\WINDOWS\SYSTEM32\ntdll.dll
0x00007ffde42a0000 - 0x00007ffde434d000 	C:\WINDOWS\system32\KERNEL32.DLL
0x00007ffde19f0000 - 0x00007ffde1bd8000 	C:\WINDOWS\system32\KERNELBASE.dll
0x00007ffde1e70000 - 0x00007ffde1f17000 	C:\WINDOWS\system32\ADVAPI32.dll
0x00007ffde3800000 - 0x00007ffde389d000 	C:\WINDOWS\system32\msvcrt.dll
0x00007ffde1e10000 - 0x00007ffde1e6b000 	C:\WINDOWS\system32\sechost.dll
0x00007ffde3bd0000 - 0x00007ffde3cec000 	C:\WINDOWS\system32\RPCRT4.dll
0x00007ffde3fe0000 - 0x00007ffde4136000 	C:\WINDOWS\system32\USER32.dll
0x00007ffde3cf0000 - 0x00007ffde3e76000 	C:\WINDOWS\system32\GDI32.dll
0x00007ffddd690000 - 0x00007ffddd904000 	C:\WINDOWS\WinSxS\amd64_microsoft.windows.common-controls_6595b64144ccf1df_6.0.10586.0_none_8c15ae12515e1c22\COMCTL32.dll
0x00007ffde3950000 - 0x00007ffde3bcd000 	C:\WINDOWS\system32\combase.dll
0x00007ffde1cf0000 - 0x00007ffde1d5a000 	C:\WINDOWS\system32\bcryptPrimitives.dll
0x00007ffde1dc0000 - 0x00007ffde1dfb000 	C:\WINDOWS\system32\IMM32.DLL
0x0000000070c90000 - 0x0000000070d62000 	C:\Program Files\Java\jdk1.8.0_65\jre\bin\msvcr100.dll
0x0000000070400000 - 0x0000000070c89000 	C:\Program Files\Java\jdk1.8.0_65\jre\bin\server\jvm.dll
0x00007ffde4290000 - 0x00007ffde4298000 	C:\WINDOWS\system32\PSAPI.DLL
0x00007ffdd8550000 - 0x00007ffdd8559000 	C:\WINDOWS\SYSTEM32\WSOCK32.dll
0x00007ffde4470000 - 0x00007ffde44db000 	C:\WINDOWS\system32\WS2_32.dll
0x00007ffddf730000 - 0x00007ffddf753000 	C:\WINDOWS\SYSTEM32\WINMM.dll
0x00007ffddd9c0000 - 0x00007ffddd9ca000 	C:\WINDOWS\SYSTEM32\VERSION.dll
0x00007ffddf6d0000 - 0x00007ffddf6fc000 	C:\WINDOWS\SYSTEM32\WINMMBASE.dll
0x00007ffde1be0000 - 0x00007ffde1c23000 	C:\WINDOWS\system32\cfgmgr32.dll
0x00000000703f0000 - 0x00000000703ff000 	C:\Program Files\Java\jdk1.8.0_65\jre\bin\verify.dll
0x00000000703c0000 - 0x00000000703e9000 	C:\Program Files\Java\jdk1.8.0_65\jre\bin\java.dll
0x0000000070380000 - 0x00000000703b5000 	C:\Program Files\Java\jdk1.8.0_65\jre\bin\jdwp.dll
0x0000000070370000 - 0x0000000070378000 	C:\Program Files\Java\jdk1.8.0_65\jre\bin\npt.dll
0x0000000070350000 - 0x0000000070366000 	C:\Program Files\Java\jdk1.8.0_65\jre\bin\zip.dll
0x00007ffde1f80000 - 0x00007ffde34dc000 	C:\WINDOWS\system32\SHELL32.dll
0x00007ffde11d0000 - 0x00007ffde1815000 	C:\WINDOWS\system32\windows.storage.dll
0x00007ffde36b0000 - 0x00007ffde3702000 	C:\WINDOWS\system32\shlwapi.dll
0x00007ffde0fb0000 - 0x00007ffde0fbf000 	C:\WINDOWS\system32\kernel.appcore.dll
0x00007ffde1c30000 - 0x00007ffde1ce5000 	C:\WINDOWS\system32\shcore.dll
0x00007ffde0fc0000 - 0x00007ffde100b000 	C:\WINDOWS\system32\powrprof.dll
0x00007ffde0f80000 - 0x00007ffde0f94000 	C:\WINDOWS\system32\profapi.dll
0x0000000070340000 - 0x0000000070349000 	C:\Program Files\Java\jdk1.8.0_65\jre\bin\dt_socket.dll
0x00007ffde08b0000 - 0x00007ffde090c000 	C:\WINDOWS\system32\mswsock.dll
0x00007ffdcd790000 - 0x00007ffdcd818000 	D:\Code\Java\Projects\WireEngine20\lib\native\lwjgl.dll
0x00007ffde0a80000 - 0x00007ffde0a8b000 	C:\WINDOWS\SYSTEM32\CRYPTBASE.DLL
0x00007ffdddd00000 - 0x00007ffdddd42000 	D:\Code\Java\Projects\WireEngine20\lib\native\jemalloc.dll
0x00007ffddc3d0000 - 0x00007ffddc408000 	D:\Code\Java\Projects\WireEngine20\lib\native\glfw.dll
0x00007ffddf850000 - 0x00007ffddf8e6000 	C:\WINDOWS\system32\uxtheme.dll
0x00007ffdde650000 - 0x00007ffdde672000 	C:\WINDOWS\SYSTEM32\dwmapi.dll
0x00007ffdc8b70000 - 0x00007ffdc8c99000 	C:\WINDOWS\SYSTEM32\opengl32.dll
0x00007ffdc77b0000 - 0x00007ffdc78aa000 	C:\WINDOWS\SYSTEM32\DDRAW.dll
0x00007ffdcc690000 - 0x00007ffdcc6be000 	C:\WINDOWS\SYSTEM32\GLU32.dll
0x00007ffddbd10000 - 0x00007ffddbd18000 	C:\WINDOWS\SYSTEM32\DCIMAN32.dll
0x00007ffde3e80000 - 0x00007ffde3fda000 	C:\WINDOWS\system32\MSCTF.dll
0x00007ffdc4490000 - 0x00007ffdc44d9000 	C:\Program Files (x86)\TeamViewer\tv_x64.dll
0x00007ffde4140000 - 0x00007ffde4283000 	C:\WINDOWS\system32\ole32.dll
0x000000006e5f0000 - 0x0000000070339000 	C:\WINDOWS\SYSTEM32\nvoglv64.DLL
0x00007ffde4550000 - 0x00007ffde4979000 	C:\WINDOWS\system32\SETUPAPI.dll
0x00007ffddf2f0000 - 0x00007ffddf303000 	C:\WINDOWS\SYSTEM32\WTSAPI32.dll
0x00007ffddf9a0000 - 0x00007ffddf9c7000 	C:\WINDOWS\SYSTEM32\DEVOBJ.dll
0x00007ffde1170000 - 0x00007ffde11c5000 	C:\WINDOWS\system32\WINTRUST.dll
0x00007ffde0fa0000 - 0x00007ffde0fb0000 	C:\WINDOWS\system32\MSASN1.dll
0x00007ffde1820000 - 0x00007ffde19e7000 	C:\WINDOWS\system32\CRYPT32.dll
0x00007ffde04d0000 - 0x00007ffde0501000 	C:\WINDOWS\SYSTEM32\ntmarta.dll
0x00007ffde0220000 - 0x00007ffde0276000 	C:\WINDOWS\SYSTEM32\WINSTA.dll
0x00007ffde38a0000 - 0x00007ffde3947000 	C:\WINDOWS\system32\clbcatq.dll
0x00007ffdb9de0000 - 0x00007ffdb9f6c000 	C:\WINDOWS\SYSTEM32\dbghelp.dll

VM Arguments:
jvm_args: -agentlib:jdwp=transport=dt_socket,address=127.0.0.1:57097,suspend=y,server=n -Djava.library.path=lib/native/ -Dfile.encoding=UTF-8 
java_command: main.Main
java_class_path (initial): C:\Program Files\Java\jdk1.8.0_65\jre\lib\charsets.jar;C:\Program Files\Java\jdk1.8.0_65\jre\lib\deploy.jar;C:\Program Files\Java\jdk1.8.0_65\jre\lib\ext\access-bridge-64.jar;C:\Program Files\Java\jdk1.8.0_65\jre\lib\ext\cldrdata.jar;C:\Program Files\Java\jdk1.8.0_65\jre\lib\ext\dnsns.jar;C:\Program Files\Java\jdk1.8.0_65\jre\lib\ext\jaccess.jar;C:\Program Files\Java\jdk1.8.0_65\jre\lib\ext\jfxrt.jar;C:\Program Files\Java\jdk1.8.0_65\jre\lib\ext\localedata.jar;C:\Program Files\Java\jdk1.8.0_65\jre\lib\ext\nashorn.jar;C:\Program Files\Java\jdk1.8.0_65\jre\lib\ext\sunec.jar;C:\Program Files\Java\jdk1.8.0_65\jre\lib\ext\sunjce_provider.jar;C:\Program Files\Java\jdk1.8.0_65\jre\lib\ext\sunmscapi.jar;C:\Program Files\Java\jdk1.8.0_65\jre\lib\ext\sunpkcs11.jar;C:\Program Files\Java\jdk1.8.0_65\jre\lib\ext\zipfs.jar;C:\Program Files\Java\jdk1.8.0_65\jre\lib\javaws.jar;C:\Program Files\Java\jdk1.8.0_65\jre\lib\jce.jar;C:\Program Files\Java\jdk1.8.0_65\jre\lib\jfr.jar;C:\Program Files\Java\jdk1.8.0_65\jre\lib\jfxswt.jar;C:\Program Files\Java\jdk1.8.0_65\jre\lib\jsse.jar;C:\Program Files\Java\jdk1.8.0_65\jre\lib\management-agent.jar;C:\Program Files\Java\jdk1.8.0_65\jre\lib\plugin.jar;C:\Program Files\Java\jdk1.8.0_65\jre\lib\resources.jar;C:\Program Files\Java\jdk1.8.0_65\jre\lib\rt.jar;D:\Code\Java\Projects\WireEngine20\out\production\WireEngine20;D:\Code\Java\Projects\WireEngine20\lib\jar\lwjgl.jar;D:\Program Files (x86)\JetBrains\IntelliJ IDEA 2016.1\lib\idea_rt.jar
Launcher Type: SUN_STANDARD

Environment Variables:
JAVA_HOME=C:\Program Files\Java\jdk1.8.0_65
PATH=C:\ProgramData\Oracle\Java\javapath;C:\Program Files (x86)\Razer Chroma SDK\bin;C:\Program Files\Razer Chroma SDK\bin;C:\Program Files (x86)\NVIDIA Corporation\PhysX\Common;C:\Program Files (x86)\Intel\iCLS Client\;C:\Program Files\Intel\iCLS Client\;C:\Windows\system32;C:\Windows;C:\Windows\System32\Wbem;C:\Windows\System32\WindowsPowerShell\v1.0\;C:\Program Files\Intel\Intel(R) Management Engine Components\DAL;C:\Program Files (x86)\Intel\Intel(R) Management Engine Components\DAL;C:\Program Files\Intel\Intel(R) Management Engine Components\IPT;C:\Program Files (x86)\Intel\Intel(R) Management Engine Components\IPT;C:\Program Files\Java\jre1.8.0_65\bin;C:\MinGW\bin;C:\WINDOWS\system32;C:\WINDOWS;C:\WINDOWS\System32\Wbem;C:\WINDOWS\System32\WindowsPowerShell\v1.0\;D:\Program Files (x86)\CMake\bin;D:\Program Files\Programs\Python\Python35-32;D:\Program Files\Programs\Python\Python35-32\Scripts;C:\Program Files (x86)\Skype\Phone\;D:\Program Files\Programs\Python\Python35-32\Scripts\;D:\Program Files\Programs\Python\Python35-32\
USERNAME=Kelan
OS=Windows_NT
PROCESSOR_IDENTIFIER=Intel64 Family 6 Model 60 Stepping 3, GenuineIntel



---------------  S Y S T E M  ---------------

OS: Windows 10.0 , 64 bit Build 10586 (10.0.10586.0)

CPU:total 8 (4 cores per cpu, 2 threads per core) family 6 model 60 stepping 3, cmov, cx8, fxsr, mmx, sse, sse2, sse3, ssse3, sse4.1, sse4.2, popcnt, avx, avx2, aes, clmul, erms, lzcnt, ht, tsc, tscinvbit, bmi1, bmi2

Memory: 4k page, physical 16609500k(6789672k free), swap 33386716k(21135348k free)

vm_info: Java HotSpot(TM) 64-Bit Server VM (25.65-b01) for windows-amd64 JRE (1.8.0_65-b17), built on Oct  6 2015 16:39:20 by "java_re" with MS VC++ 10.0 (VS2010)

time: Thu Apr 07 17:32:06 2016
elapsed time: 3 seconds (0d 0h 0m 3s)

