#
# A fatal error has been detected by the Java Runtime Environment:
#
#  EXCEPTION_ACCESS_VIOLATION (0xc0000005) at pc=0x00007ffdd3df24b9, pid=3464, tid=6300
#
# JRE version: Java(TM) SE Runtime Environment (8.0_65-b17) (build 1.8.0_65-b17)
# Java VM: Java HotSpot(TM) 64-Bit Server VM (25.65-b01 mixed mode windows-amd64 compressed oops)
# Problematic frame:
# C  [glfw.dll+0x24b9]
#
# Failed to write core dump. Minidumps are not enabled by default on client versions of Windows
#
# If you would like to submit a bug report, please visit:
#   http://bugreport.java.com/bugreport/crash.jsp
# The crash happened outside the Java Virtual Machine in native code.
# See problematic frame for where to report the bug.
#

---------------  T H R E A D  ---------------

Current thread (0x000000001e28a800):  JavaThread "CLIENT" [_thread_in_native, id=6300, stack(0x000000001efa0000,0x000000001f0a0000)]

siginfo: ExceptionCode=0xc0000005, reading address 0x0000000000000000

Registers:
RAX=0x0000000000000000, RBX=0x000000001ba56d70, RCX=0x0000000000000000, RDX=0x0000000000000000
RSP=0x000000001f09eef0, RBP=0x000000001f09efa0, RSI=0x0000000000000108, RDI=0x0000000000457fc0
R8 =0x000000001f09eee8, R9 =0x000000001f09efa0, R10=0x0000000000000000, R11=0x0000000000000246
R12=0x0000000000000000, R13=0x000000001ba56d70, R14=0x000000001f09efd8, R15=0x000000001e28a800
RIP=0x00007ffdd3df24b9, EFLAGS=0x0000000000010283

Top of Stack: (sp=0x000000001f09eef0)
0x000000001f09eef0:   000000001e28a800 000000001e28a800
0x000000001f09ef00:   000000001ba70ce0 000000007052d610
0x000000001f09ef10:   0000000000000295 000000000265dfcc
0x000000001f09ef20:   000000001ba56d70 000000000263d920
0x000000001f09ef30:   000000000000000e 000000001e28a800
0x000000001f09ef40:   000000001ba70ce0 000000007052aea4
0x000000001f09ef50:   000000001e28a800 000000001e28a800
0x000000001f09ef60:   000000001f09ef60 0000000000000000
0x000000001f09ef70:   000000001f09efd8 000000001ba57510
0x000000001f09ef80:   0000000000000000 000000001ba56d70
0x000000001f09ef90:   0000000000000000 000000001f09efc0
0x000000001f09efa0:   000000001f09f020 0000000002647d8d
0x000000001f09efb0:   00000006c2806380 00000000026542f8
0x000000001f09efc0:   0000000000457fc0 00000000026478a0
0x000000001f09efd0:   00007ffdd3df2420 0000000000000001
0x000000001f09efe0:   000000001f09efe0 000000001ba70cb4 

Instructions: (pc=0x00007ffdd3df24b9)
0x00007ffdd3df2499:   48 8b cf e8 1f 3a 00 00 48 39 3d f0 d5 02 00 48
0x00007ffdd3df24a9:   8d 0d e9 d5 02 00 48 8b 5c 24 30 74 08 48 8b 09
0x00007ffdd3df24b9:   48 39 39 75 f8 48 8b 07 48 89 01 48 8b cf 48 83
0x00007ffdd3df24c9:   c4 20 5f e9 5b fe 00 00 48 83 c4 20 5f c3 cc cc 


Register to memory mapping:

RAX=0x0000000000000000 is an unknown value
RBX={method} {0x000000001ba56d78} 'invokePV' '(JJ)V' in 'org/lwjgl/system/JNI'
RCX=0x0000000000000000 is an unknown value
RDX=0x0000000000000000 is an unknown value
RSP=0x000000001f09eef0 is pointing into the stack for thread: 0x000000001e28a800
RBP=0x000000001f09efa0 is pointing into the stack for thread: 0x000000001e28a800
RSI=0x0000000000000108 is an unknown value
RDI=0x0000000000457fc0 is an unknown value
R8 =0x000000001f09eee8 is pointing into the stack for thread: 0x000000001e28a800
R9 =0x000000001f09efa0 is pointing into the stack for thread: 0x000000001e28a800
R10=0x0000000000000000 is an unknown value
R11=0x0000000000000246 is an unknown value
R12=0x0000000000000000 is an unknown value
R13={method} {0x000000001ba56d78} 'invokePV' '(JJ)V' in 'org/lwjgl/system/JNI'
R14=0x000000001f09efd8 is pointing into the stack for thread: 0x000000001e28a800
R15=0x000000001e28a800 is a thread


Stack: [0x000000001efa0000,0x000000001f0a0000],  sp=0x000000001f09eef0,  free space=1019k
Native frames: (J=compiled Java code, j=interpreted, Vv=VM code, C=native code)
C  [glfw.dll+0x24b9]
C  0x000000000265dfcc

Java frames: (J=compiled Java code, j=interpreted, Vv=VM code)
j  org.lwjgl.system.JNI.invokePV(JJ)V+0
j  org.lwjgl.glfw.GLFW.glfwDestroyCursor(J)V+20
j  main.client.Window.destroyWindow()V+9
j  main.coreEngine.Engine.stop()V+70
j  main.client.Window.update()V+43
j  main.client.renderEngine.RenderEngine.render()V+29
j  main.client.ClientThread.tick()V+12
J 429% C1 main.coreEngine.TickableThread.run()V (481 bytes) @ 0x000000000289ab9c [0x00000000028962c0+0x48dc]
v  ~StubRoutines::call_stub

---------------  P R O C E S S  ---------------

Java Threads: ( => current thread )
  0x000000001e28b000 JavaThread "SERVER" [_thread_in_Java, id=14216, stack(0x000000001f0a0000,0x000000001f1a0000)]
=>0x000000001e28a800 JavaThread "CLIENT" [_thread_in_native, id=6300, stack(0x000000001efa0000,0x000000001f0a0000)]
  0x000000001e19a000 JavaThread "Service Thread" daemon [_thread_blocked, id=7136, stack(0x000000001eda0000,0x000000001eea0000)]
  0x000000001e103800 JavaThread "C1 CompilerThread3" daemon [_thread_blocked, id=9176, stack(0x000000001eca0000,0x000000001eda0000)]
  0x000000001e0f7000 JavaThread "C2 CompilerThread2" daemon [_thread_blocked, id=11788, stack(0x000000001eba0000,0x000000001eca0000)]
  0x000000001e0f6000 JavaThread "C2 CompilerThread1" daemon [_thread_blocked, id=6680, stack(0x000000001eaa0000,0x000000001eba0000)]
  0x000000001e0fa800 JavaThread "C2 CompilerThread0" daemon [_thread_blocked, id=12144, stack(0x000000001e9a0000,0x000000001eaa0000)]
  0x000000001e0e0800 JavaThread "JDWP Command Reader" daemon [_thread_in_native, id=1048, stack(0x000000001e8a0000,0x000000001e9a0000)]
  0x000000001e0df800 JavaThread "JDWP Event Helper Thread" daemon [_thread_blocked, id=11476, stack(0x000000001e7a0000,0x000000001e8a0000)]
  0x000000001e0d9800 JavaThread "JDWP Transport Listener: dt_socket" daemon [_thread_blocked, id=14236, stack(0x000000001e6a0000,0x000000001e7a0000)]
  0x000000001e0cf800 JavaThread "Attach Listener" daemon [_thread_blocked, id=4800, stack(0x000000001e5a0000,0x000000001e6a0000)]
  0x000000001e0ce800 JavaThread "Signal Dispatcher" daemon [_thread_blocked, id=1852, stack(0x000000001e4a0000,0x000000001e5a0000)]
  0x000000000263c800 JavaThread "Finalizer" daemon [_thread_blocked, id=10372, stack(0x000000001dec0000,0x000000001dfc0000)]
  0x0000000002636000 JavaThread "Reference Handler" daemon [_thread_blocked, id=14312, stack(0x000000001ddc0000,0x000000001dec0000)]
  0x000000000239e000 JavaThread "main" [_thread_in_Java, id=7048, stack(0x0000000002440000,0x0000000002540000)]

Other Threads:
  0x000000001bfd9000 VMThread [stack: 0x000000001dcc0000,0x000000001ddc0000] [id=8508]
  0x000000001e1a6000 WatcherThread [stack: 0x000000001eea0000,0x000000001efa0000] [id=7784]

VM state:not at safepoint (normal execution)

VM Mutex/Monitor currently owned by a thread: None

Heap:
 PSYoungGen      total 94208K, used 19714K [0x000000076b800000, 0x000000077a600000, 0x00000007c0000000)
  eden space 93696K, 20% used [0x000000076b800000,0x000000076cb30828,0x0000000771380000)
  from space 512K, 12% used [0x000000077a580000,0x000000077a590000,0x000000077a600000)
  to   space 1024K, 0% used [0x000000077a400000,0x000000077a400000,0x000000077a500000)
 ParOldGen       total 173568K, used 2155K [0x00000006c2800000, 0x00000006cd180000, 0x000000076b800000)
  object space 173568K, 1% used [0x00000006c2800000,0x00000006c2a1ad48,0x00000006cd180000)
 Metaspace       used 7985K, capacity 8550K, committed 8704K, reserved 1056768K
  class space    used 642K, capacity 658K, committed 768K, reserved 1048576K

Card table byte_map: [0x0000000011a00000,0x00000000121f0000] byte_map_base: 0x000000000e3ec000

Marking Bits: (ParMarkBitMap*) 0x0000000070c0a5b0
 Begin Bits: [0x0000000012f40000, 0x0000000016ea0000)
 End Bits:   [0x0000000016ea0000, 0x000000001ae00000)

Polling page: 0x00000000007e0000

CodeCache: size=245760Kb used=2691Kb max_used=2691Kb free=243068Kb
 bounds [0x0000000002640000, 0x00000000028f0000, 0x0000000011640000]
 total_blobs=1140 nmethods=497 adapters=564
 compilation: enabled

Compilation events (10 events):
Event: 2.918 Thread 0x000000001e103800  492       3       main.coreEngine.sceneGraph.Node::render (75 bytes)
Event: 2.918 Thread 0x000000001e103800 nmethod 492 0x00000000028e0510 code [0x00000000028e0720, 0x00000000028e1158]
Event: 2.918 Thread 0x000000001e103800  493       1       main.client.ClientThread::getRenderEngine (5 bytes)
Event: 2.918 Thread 0x000000001e103800 nmethod 493 0x00000000028d2810 code [0x00000000028d2960, 0x00000000028d2a70]
Event: 2.918 Thread 0x000000001e103800  494       1       main.client.renderEngine.RenderEngine$ModelData::getMesh (5 bytes)
Event: 2.918 Thread 0x000000001e103800 nmethod 494 0x00000000028dda10 code [0x00000000028ddb60, 0x00000000028ddc70]
Event: 2.933 Thread 0x000000001e103800  495       3       main.coreEngine.sceneGraph.Node::tick (75 bytes)
Event: 2.933 Thread 0x000000001e103800 nmethod 495 0x00000000028e14d0 code [0x00000000028e16e0, 0x00000000028e2118]
Event: 3.984 Thread 0x000000001e103800  496       3       org.lwjgl.opengl.GL11::glClearColor (18 bytes)
Event: 3.985 Thread 0x000000001e103800 nmethod 496 0x00000000028e2490 code [0x00000000028e2680, 0x00000000028e2d98]

GC Heap History (10 events):
Event: 4.415 GC heap before
{Heap before GC invocations=32 (full 0):
 PSYoungGen      total 109056K, used 108096K [0x000000076b800000, 0x000000077a780000, 0x00000007c0000000)
  eden space 108032K, 100% used [0x000000076b800000,0x0000000772180000,0x0000000772180000)
  from space 1024K, 6% used [0x000000077a580000,0x000000077a590000,0x000000077a680000)
  to   space 1024K, 0% used [0x000000077a680000,0x000000077a680000,0x000000077a780000)
 ParOldGen       total 173568K, used 2155K [0x00000006c2800000, 0x00000006cd180000, 0x000000076b800000)
  object space 173568K, 1% used [0x00000006c2800000,0x00000006c2a1ad48,0x00000006cd180000)
 Metaspace       used 7985K, capacity 8550K, committed 8704K, reserved 1056768K
  class space    used 642K, capacity 658K, committed 768K, reserved 1048576K
Event: 4.415 GC heap after
Heap after GC invocations=32 (full 0):
 PSYoungGen      total 105472K, used 64K [0x000000076b800000, 0x000000077a700000, 0x00000007c0000000)
  eden space 104960K, 0% used [0x000000076b800000,0x000000076b800000,0x0000000771e80000)
  from space 512K, 12% used [0x000000077a680000,0x000000077a690000,0x000000077a700000)
  to   space 1024K, 0% used [0x000000077a500000,0x000000077a500000,0x000000077a600000)
 ParOldGen       total 173568K, used 2155K [0x00000006c2800000, 0x00000006cd180000, 0x000000076b800000)
  object space 173568K, 1% used [0x00000006c2800000,0x00000006c2a1ad48,0x00000006cd180000)
 Metaspace       used 7985K, capacity 8550K, committed 8704K, reserved 1056768K
  class space    used 642K, capacity 658K, committed 768K, reserved 1048576K
}
Event: 4.528 GC heap before
{Heap before GC invocations=33 (full 0):
 PSYoungGen      total 105472K, used 105024K [0x000000076b800000, 0x000000077a700000, 0x00000007c0000000)
  eden space 104960K, 100% used [0x000000076b800000,0x0000000771e80000,0x0000000771e80000)
  from space 512K, 12% used [0x000000077a680000,0x000000077a690000,0x000000077a700000)
  to   space 1024K, 0% used [0x000000077a500000,0x000000077a500000,0x000000077a600000)
 ParOldGen       total 173568K, used 2155K [0x00000006c2800000, 0x00000006cd180000, 0x000000076b800000)
  object space 173568K, 1% used [0x00000006c2800000,0x00000006c2a1ad48,0x00000006cd180000)
 Metaspace       used 7985K, capacity 8550K, committed 8704K, reserved 1056768K
  class space    used 642K, capacity 658K, committed 768K, reserved 1048576K
Event: 4.529 GC heap after
Heap after GC invocations=33 (full 0):
 PSYoungGen      total 102912K, used 96K [0x000000076b800000, 0x000000077a700000, 0x00000007c0000000)
  eden space 101888K, 0% used [0x000000076b800000,0x000000076b800000,0x0000000771b80000)
  from space 1024K, 9% used [0x000000077a500000,0x000000077a518000,0x000000077a600000)
  to   space 1024K, 0% used [0x000000077a600000,0x000000077a600000,0x000000077a700000)
 ParOldGen       total 173568K, used 2155K [0x00000006c2800000, 0x00000006cd180000, 0x000000076b800000)
  object space 173568K, 1% used [0x00000006c2800000,0x00000006c2a1ad48,0x00000006cd180000)
 Metaspace       used 7985K, capacity 8550K, committed 8704K, reserved 1056768K
  class space    used 642K, capacity 658K, committed 768K, reserved 1048576K
}
Event: 4.605 GC heap before
{Heap before GC invocations=34 (full 0):
 PSYoungGen      total 102912K, used 101984K [0x000000076b800000, 0x000000077a700000, 0x00000007c0000000)
  eden space 101888K, 100% used [0x000000076b800000,0x0000000771b80000,0x0000000771b80000)
  from space 1024K, 9% used [0x000000077a500000,0x000000077a518000,0x000000077a600000)
  to   space 1024K, 0% used [0x000000077a600000,0x000000077a600000,0x000000077a700000)
 ParOldGen       total 173568K, used 2155K [0x00000006c2800000, 0x00000006cd180000, 0x000000076b800000)
  object space 173568K, 1% used [0x00000006c2800000,0x00000006c2a1ad48,0x00000006cd180000)
 Metaspace       used 7985K, capacity 8550K, committed 8704K, reserved 1056768K
  class space    used 642K, capacity 658K, committed 768K, reserved 1048576K
Event: 4.606 GC heap after
Heap after GC invocations=34 (full 0):
 PSYoungGen      total 99328K, used 64K [0x000000076b800000, 0x000000077a680000, 0x00000007c0000000)
  eden space 98816K, 0% used [0x000000076b800000,0x000000076b800000,0x0000000771880000)
  from space 512K, 12% used [0x000000077a600000,0x000000077a610000,0x000000077a680000)
  to   space 1024K, 0% used [0x000000077a480000,0x000000077a480000,0x000000077a580000)
 ParOldGen       total 173568K, used 2155K [0x00000006c2800000, 0x00000006cd180000, 0x000000076b800000)
  object space 173568K, 1% used [0x00000006c2800000,0x00000006c2a1ad48,0x00000006cd180000)
 Metaspace       used 7985K, capacity 8550K, committed 8704K, reserved 1056768K
  class space    used 642K, capacity 658K, committed 768K, reserved 1048576K
}
Event: 4.711 GC heap before
{Heap before GC invocations=35 (full 0):
 PSYoungGen      total 99328K, used 98880K [0x000000076b800000, 0x000000077a680000, 0x00000007c0000000)
  eden space 98816K, 100% used [0x000000076b800000,0x0000000771880000,0x0000000771880000)
  from space 512K, 12% used [0x000000077a600000,0x000000077a610000,0x000000077a680000)
  to   space 1024K, 0% used [0x000000077a480000,0x000000077a480000,0x000000077a580000)
 ParOldGen       total 173568K, used 2155K [0x00000006c2800000, 0x00000006cd180000, 0x000000076b800000)
  object space 173568K, 1% used [0x00000006c2800000,0x00000006c2a1ad48,0x00000006cd180000)
 Metaspace       used 7985K, capacity 8550K, committed 8704K, reserved 1056768K
  class space    used 642K, capacity 658K, committed 768K, reserved 1048576K
Event: 4.712 GC heap after
Heap after GC invocations=35 (full 0):
 PSYoungGen      total 97280K, used 64K [0x000000076b800000, 0x000000077a680000, 0x00000007c0000000)
  eden space 96256K, 0% used [0x000000076b800000,0x000000076b800000,0x0000000771600000)
  from space 1024K, 6% used [0x000000077a480000,0x000000077a490000,0x000000077a580000)
  to   space 1024K, 0% used [0x000000077a580000,0x000000077a580000,0x000000077a680000)
 ParOldGen       total 173568K, used 2155K [0x00000006c2800000, 0x00000006cd180000, 0x000000076b800000)
  object space 173568K, 1% used [0x00000006c2800000,0x00000006c2a1ad48,0x00000006cd180000)
 Metaspace       used 7985K, capacity 8550K, committed 8704K, reserved 1056768K
  class space    used 642K, capacity 658K, committed 768K, reserved 1048576K
}
Event: 4.829 GC heap before
{Heap before GC invocations=36 (full 0):
 PSYoungGen      total 97280K, used 96320K [0x000000076b800000, 0x000000077a680000, 0x00000007c0000000)
  eden space 96256K, 100% used [0x000000076b800000,0x0000000771600000,0x0000000771600000)
  from space 1024K, 6% used [0x000000077a480000,0x000000077a490000,0x000000077a580000)
  to   space 1024K, 0% used [0x000000077a580000,0x000000077a580000,0x000000077a680000)
 ParOldGen       total 173568K, used 2155K [0x00000006c2800000, 0x00000006cd180000, 0x000000076b800000)
  object space 173568K, 1% used [0x00000006c2800000,0x00000006c2a1ad48,0x00000006cd180000)
 Metaspace       used 7985K, capacity 8550K, committed 8704K, reserved 1056768K
  class space    used 642K, capacity 658K, committed 768K, reserved 1048576K
Event: 4.829 GC heap after
Heap after GC invocations=36 (full 0):
 PSYoungGen      total 94208K, used 64K [0x000000076b800000, 0x000000077a600000, 0x00000007c0000000)
  eden space 93696K, 0% used [0x000000076b800000,0x000000076b800000,0x0000000771380000)
  from space 512K, 12% used [0x000000077a580000,0x000000077a590000,0x000000077a600000)
  to   space 1024K, 0% used [0x000000077a400000,0x000000077a400000,0x000000077a500000)
 ParOldGen       total 173568K, used 2155K [0x00000006c2800000, 0x00000006cd180000, 0x000000076b800000)
  object space 173568K, 1% used [0x00000006c2800000,0x00000006c2a1ad48,0x00000006cd180000)
 Metaspace       used 7985K, capacity 8550K, committed 8704K, reserved 1056768K
  class space    used 642K, capacity 658K, committed 768K, reserved 1048576K
}

Deoptimization events (10 events):
Event: 0.135 Thread 0x000000001e28a800 Uncommon trap: reason=bimorphic action=maybe_recompile pc=0x0000000002782ab4 method=java.util.HashMap.getNode(ILjava/lang/Object;)Ljava/util/HashMap$Node; @ 126
Event: 0.453 Thread 0x000000001e28a800 Uncommon trap: reason=bimorphic action=maybe_recompile pc=0x0000000002782ab4 method=java.util.HashMap.getNode(ILjava/lang/Object;)Ljava/util/HashMap$Node; @ 126
Event: 0.453 Thread 0x000000001e28a800 Uncommon trap: reason=bimorphic action=maybe_recompile pc=0x0000000002782ab4 method=java.util.HashMap.getNode(ILjava/lang/Object;)Ljava/util/HashMap$Node; @ 126
Event: 0.459 Thread 0x000000001e28a800 Uncommon trap: reason=unstable_if action=reinterpret pc=0x000000000277ba58 method=java.util.HashMap.keySet()Ljava/util/Set; @ 6
Event: 0.792 Thread 0x000000001e28a800 Uncommon trap: reason=unstable_if action=reinterpret pc=0x000000000277aa84 method=java.util.HashMap.clear()V @ 16
Event: 0.792 Thread 0x000000001e28a800 Uncommon trap: reason=unstable_if action=reinterpret pc=0x000000000277c098 method=java.util.HashMap.clear()V @ 16
Event: 0.792 Thread 0x000000000239e000 Uncommon trap: reason=unstable_if action=reinterpret pc=0x00000000027ae1b0 method=main.coreEngine.TickableThread.invoke(Ljava/lang/String;[Ljava/lang/Object;)V @ 53
Event: 0.792 Thread 0x000000001e28b000 Uncommon trap: reason=unstable_if action=reinterpret pc=0x00000000027acab4 method=main.coreEngine.TickableThread.run()V @ 58
Event: 0.825 Thread 0x000000000239e000 Uncommon trap: reason=unstable_if action=reinterpret pc=0x00000000028b6f74 method=main.coreEngine.Engine.start()V @ 163
Event: 0.883 Thread 0x000000001e28b000 Uncommon trap: reason=unstable_if action=reinterpret pc=0x00000000028c207c method=main.coreEngine.TickableThread.run()V @ 461

Internal exceptions (8 events):
Event: 0.023 Thread 0x000000000239e000 Exception <a 'java/lang/NoSuchMethodError': Method sun.misc.Unsafe.defineClass(Ljava/lang/String;[BII)Ljava/lang/Class; name or signature does not match> (0x000000076b80d9b8) thrown at [C:\workspace\8-2-build-windows-amd64-cygwin\jdk8u65\4987\hotspot\src\sÿÐüv|—?
Event: 0.023 Thread 0x000000000239e000 Exception <a 'java/lang/NoSuchMethodError': Method sun.misc.Unsafe.prefetchRead(Ljava/lang/Object;J)V name or signature does not match> (0x000000076b80dca0) thrown at [C:\workspace\8-2-build-windows-amd64-cygwin\jdk8u65\4987\hotspot\src\share\vm\prims\jni.OŸÏòotÃ?
Event: 0.152 Thread 0x000000001e28a800 Exception <a 'java/lang/ArrayIndexOutOfBoundsException': -1> (0x000000076cad29e0) thrown at [C:\workspace\8-2-build-windows-amd64-cygwin\jdk8u65\4987\hotspot\src\share\vm\interpreter\interpreterRuntime.cpp, line 366]
Event: 0.453 Thread 0x000000001e28a800 Exception <a 'java/security/PrivilegedActionException'> (0x0000000770306910) thrown at [C:\workspace\8-2-build-windows-amd64-cygwin\jdk8u65\4987\hotspot\src\share\vm\prims\jvm.cpp, line 1386]
Event: 0.453 Thread 0x000000001e28a800 Exception <a 'java/security/PrivilegedActionException'> (0x0000000770306d08) thrown at [C:\workspace\8-2-build-windows-amd64-cygwin\jdk8u65\4987\hotspot\src\share\vm\prims\jvm.cpp, line 1386]
Event: 0.454 Thread 0x000000001e28a800 Exception <a 'java/security/PrivilegedActionException'> (0x000000077030af20) thrown at [C:\workspace\8-2-build-windows-amd64-cygwin\jdk8u65\4987\hotspot\src\share\vm\prims\jvm.cpp, line 1386]
Event: 0.454 Thread 0x000000001e28a800 Exception <a 'java/security/PrivilegedActionException'> (0x000000077030b318) thrown at [C:\workspace\8-2-build-windows-amd64-cygwin\jdk8u65\4987\hotspot\src\share\vm\prims\jvm.cpp, line 1386]
Event: 0.792 Thread 0x000000000239e000 Implicit null exception at 0x00000000027adbbc to 0x00000000027ae189

Events (10 events):
Event: 4.415 Executing VM operation: ParallelGCFailedAllocation
Event: 4.415 Executing VM operation: ParallelGCFailedAllocation done
Event: 4.528 Executing VM operation: ParallelGCFailedAllocation
Event: 4.529 Executing VM operation: ParallelGCFailedAllocation done
Event: 4.605 Executing VM operation: ParallelGCFailedAllocation
Event: 4.606 Executing VM operation: ParallelGCFailedAllocation done
Event: 4.711 Executing VM operation: ParallelGCFailedAllocation
Event: 4.712 Executing VM operation: ParallelGCFailedAllocation done
Event: 4.829 Executing VM operation: ParallelGCFailedAllocation
Event: 4.829 Executing VM operation: ParallelGCFailedAllocation done


Dynamic libraries:
0x00007ff7d2c20000 - 0x00007ff7d2c57000 	C:\Program Files\Java\jdk1.8.0_65\bin\java.exe
0x00007ffde4980000 - 0x00007ffde4b41000 	C:\WINDOWS\SYSTEM32\ntdll.dll
0x00007ffde42a0000 - 0x00007ffde434d000 	C:\WINDOWS\system32\KERNEL32.DLL
0x00007ffde19f0000 - 0x00007ffde1bd8000 	C:\WINDOWS\system32\KERNELBASE.dll
0x00007ffde1e70000 - 0x00007ffde1f17000 	C:\WINDOWS\system32\ADVAPI32.dll
0x00007ffde3800000 - 0x00007ffde389d000 	C:\WINDOWS\system32\msvcrt.dll
0x00007ffde1e10000 - 0x00007ffde1e6b000 	C:\WINDOWS\system32\sechost.dll
0x00007ffde3bd0000 - 0x00007ffde3cec000 	C:\WINDOWS\system32\RPCRT4.dll
0x00007ffde3fe0000 - 0x00007ffde4136000 	C:\WINDOWS\system32\USER32.dll
0x00007ffde3cf0000 - 0x00007ffde3e76000 	C:\WINDOWS\system32\GDI32.dll
0x00007ffddd690000 - 0x00007ffddd904000 	C:\WINDOWS\WinSxS\amd64_microsoft.windows.common-controls_6595b64144ccf1df_6.0.10586.0_none_8c15ae12515e1c22\COMCTL32.dll
0x00007ffde3950000 - 0x00007ffde3bcd000 	C:\WINDOWS\system32\combase.dll
0x00007ffde1cf0000 - 0x00007ffde1d5a000 	C:\WINDOWS\system32\bcryptPrimitives.dll
0x00007ffde1dc0000 - 0x00007ffde1dfb000 	C:\WINDOWS\system32\IMM32.DLL
0x0000000070c90000 - 0x0000000070d62000 	C:\Program Files\Java\jdk1.8.0_65\jre\bin\msvcr100.dll
0x0000000070400000 - 0x0000000070c89000 	C:\Program Files\Java\jdk1.8.0_65\jre\bin\server\jvm.dll
0x00007ffde4290000 - 0x00007ffde4298000 	C:\WINDOWS\system32\PSAPI.DLL
0x00007ffddf730000 - 0x00007ffddf753000 	C:\WINDOWS\SYSTEM32\WINMM.dll
0x00007ffdd8550000 - 0x00007ffdd8559000 	C:\WINDOWS\SYSTEM32\WSOCK32.dll
0x00007ffddd9c0000 - 0x00007ffddd9ca000 	C:\WINDOWS\SYSTEM32\VERSION.dll
0x00007ffde4470000 - 0x00007ffde44db000 	C:\WINDOWS\system32\WS2_32.dll
0x00000000022e0000 - 0x000000000230c000 	C:\WINDOWS\SYSTEM32\WINMMBASE.dll
0x00007ffde1be0000 - 0x00007ffde1c23000 	C:\WINDOWS\system32\cfgmgr32.dll
0x00000000703f0000 - 0x00000000703ff000 	C:\Program Files\Java\jdk1.8.0_65\jre\bin\verify.dll
0x00000000703c0000 - 0x00000000703e9000 	C:\Program Files\Java\jdk1.8.0_65\jre\bin\java.dll
0x0000000070380000 - 0x00000000703b5000 	C:\Program Files\Java\jdk1.8.0_65\jre\bin\jdwp.dll
0x0000000070370000 - 0x0000000070378000 	C:\Program Files\Java\jdk1.8.0_65\jre\bin\npt.dll
0x0000000070350000 - 0x0000000070366000 	C:\Program Files\Java\jdk1.8.0_65\jre\bin\zip.dll
0x00007ffde1f80000 - 0x00007ffde34dc000 	C:\WINDOWS\system32\SHELL32.dll
0x00007ffde11d0000 - 0x00007ffde1815000 	C:\WINDOWS\system32\windows.storage.dll
0x00007ffde36b0000 - 0x00007ffde3702000 	C:\WINDOWS\system32\shlwapi.dll
0x00007ffde0fb0000 - 0x00007ffde0fbf000 	C:\WINDOWS\system32\kernel.appcore.dll
0x00007ffde1c30000 - 0x00007ffde1ce5000 	C:\WINDOWS\system32\shcore.dll
0x00007ffde0fc0000 - 0x00007ffde100b000 	C:\WINDOWS\system32\powrprof.dll
0x00007ffde0f80000 - 0x00007ffde0f94000 	C:\WINDOWS\system32\profapi.dll
0x0000000070340000 - 0x0000000070349000 	C:\Program Files\Java\jdk1.8.0_65\jre\bin\dt_socket.dll
0x00007ffde08b0000 - 0x00007ffde090c000 	C:\WINDOWS\system32\mswsock.dll
0x00007ffdcfcf0000 - 0x00007ffdcfd78000 	D:\Code\Java\Projects\WireEngine20\lib\native\lwjgl.dll
0x00007ffde0a80000 - 0x00007ffde0a8b000 	C:\WINDOWS\SYSTEM32\CRYPTBASE.DLL
0x00007ffdd4190000 - 0x00007ffdd41d2000 	D:\Code\Java\Projects\WireEngine20\lib\native\jemalloc.dll
0x00007ffdd3df0000 - 0x00007ffdd3e28000 	D:\Code\Java\Projects\WireEngine20\lib\native\glfw.dll
0x00007ffddf850000 - 0x00007ffddf8e6000 	C:\WINDOWS\system32\uxtheme.dll
0x00007ffdde650000 - 0x00007ffdde672000 	C:\WINDOWS\SYSTEM32\dwmapi.dll
0x00007ffdc9d10000 - 0x00007ffdc9e39000 	C:\WINDOWS\SYSTEM32\opengl32.dll
0x00007ffdc8ba0000 - 0x00007ffdc8c9a000 	C:\WINDOWS\SYSTEM32\DDRAW.dll
0x00007ffdcc690000 - 0x00007ffdcc6be000 	C:\WINDOWS\SYSTEM32\GLU32.dll
0x00007ffdd3d80000 - 0x00007ffdd3d88000 	C:\WINDOWS\SYSTEM32\DCIMAN32.dll
0x00007ffde3e80000 - 0x00007ffde3fda000 	C:\WINDOWS\system32\MSCTF.dll
0x00007ffdc3f50000 - 0x00007ffdc3f99000 	C:\Program Files (x86)\TeamViewer\tv_x64.dll
0x00007ffde4140000 - 0x00007ffde4283000 	C:\WINDOWS\system32\ole32.dll
0x000000006e5f0000 - 0x0000000070339000 	C:\WINDOWS\SYSTEM32\nvoglv64.DLL
0x00007ffde4550000 - 0x00007ffde4979000 	C:\WINDOWS\system32\SETUPAPI.dll
0x00007ffddf2f0000 - 0x00007ffddf303000 	C:\WINDOWS\SYSTEM32\WTSAPI32.dll
0x00007ffddf9a0000 - 0x00007ffddf9c7000 	C:\WINDOWS\SYSTEM32\DEVOBJ.dll
0x00007ffde1170000 - 0x00007ffde11c5000 	C:\WINDOWS\system32\WINTRUST.dll
0x00007ffde0fa0000 - 0x00007ffde0fb0000 	C:\WINDOWS\system32\MSASN1.dll
0x00007ffde1820000 - 0x00007ffde19e7000 	C:\WINDOWS\system32\CRYPT32.dll
0x00007ffde04d0000 - 0x00007ffde0501000 	C:\WINDOWS\SYSTEM32\ntmarta.dll
0x00007ffde0220000 - 0x00007ffde0276000 	C:\WINDOWS\SYSTEM32\WINSTA.dll
0x00007ffde38a0000 - 0x00007ffde3947000 	C:\WINDOWS\system32\clbcatq.dll
0x00007ffdb9de0000 - 0x00007ffdb9f6c000 	C:\WINDOWS\SYSTEM32\dbghelp.dll

VM Arguments:
jvm_args: -agentlib:jdwp=transport=dt_socket,address=127.0.0.1:61073,suspend=y,server=n -Djava.library.path=lib/native/ -Dfile.encoding=UTF-8 
java_command: main.Main
java_class_path (initial): C:\Program Files\Java\jdk1.8.0_65\jre\lib\charsets.jar;C:\Program Files\Java\jdk1.8.0_65\jre\lib\deploy.jar;C:\Program Files\Java\jdk1.8.0_65\jre\lib\ext\access-bridge-64.jar;C:\Program Files\Java\jdk1.8.0_65\jre\lib\ext\cldrdata.jar;C:\Program Files\Java\jdk1.8.0_65\jre\lib\ext\dnsns.jar;C:\Program Files\Java\jdk1.8.0_65\jre\lib\ext\jaccess.jar;C:\Program Files\Java\jdk1.8.0_65\jre\lib\ext\jfxrt.jar;C:\Program Files\Java\jdk1.8.0_65\jre\lib\ext\localedata.jar;C:\Program Files\Java\jdk1.8.0_65\jre\lib\ext\nashorn.jar;C:\Program Files\Java\jdk1.8.0_65\jre\lib\ext\sunec.jar;C:\Program Files\Java\jdk1.8.0_65\jre\lib\ext\sunjce_provider.jar;C:\Program Files\Java\jdk1.8.0_65\jre\lib\ext\sunmscapi.jar;C:\Program Files\Java\jdk1.8.0_65\jre\lib\ext\sunpkcs11.jar;C:\Program Files\Java\jdk1.8.0_65\jre\lib\ext\zipfs.jar;C:\Program Files\Java\jdk1.8.0_65\jre\lib\javaws.jar;C:\Program Files\Java\jdk1.8.0_65\jre\lib\jce.jar;C:\Program Files\Java\jdk1.8.0_65\jre\lib\jfr.jar;C:\Program Files\Java\jdk1.8.0_65\jre\lib\jfxswt.jar;C:\Program Files\Java\jdk1.8.0_65\jre\lib\jsse.jar;C:\Program Files\Java\jdk1.8.0_65\jre\lib\management-agent.jar;C:\Program Files\Java\jdk1.8.0_65\jre\lib\plugin.jar;C:\Program Files\Java\jdk1.8.0_65\jre\lib\resources.jar;C:\Program Files\Java\jdk1.8.0_65\jre\lib\rt.jar;D:\Code\Java\Projects\WireEngine20\out\production\WireEngine20;D:\Code\Java\Projects\WireEngine20\lib\jar\lwjgl.jar;D:\Program Files (x86)\JetBrains\IntelliJ IDEA 2016.1\lib\idea_rt.jar
Launcher Type: SUN_STANDARD

Environment Variables:
JAVA_HOME=C:\Program Files\Java\jdk1.8.0_65
PATH=C:\ProgramData\Oracle\Java\javapath;C:\Program Files (x86)\Razer Chroma SDK\bin;C:\Program Files\Razer Chroma SDK\bin;C:\Program Files (x86)\NVIDIA Corporation\PhysX\Common;C:\Program Files (x86)\Intel\iCLS Client\;C:\Program Files\Intel\iCLS Client\;C:\Windows\system32;C:\Windows;C:\Windows\System32\Wbem;C:\Windows\System32\WindowsPowerShell\v1.0\;C:\Program Files\Intel\Intel(R) Management Engine Components\DAL;C:\Program Files (x86)\Intel\Intel(R) Management Engine Components\DAL;C:\Program Files\Intel\Intel(R) Management Engine Components\IPT;C:\Program Files (x86)\Intel\Intel(R) Management Engine Components\IPT;C:\Program Files\Java\jre1.8.0_65\bin;C:\MinGW\bin;C:\WINDOWS\system32;C:\WINDOWS;C:\WINDOWS\System32\Wbem;C:\WINDOWS\System32\WindowsPowerShell\v1.0\;D:\Program Files (x86)\CMake\bin;D:\Program Files\Programs\Python\Python35-32;D:\Program Files\Programs\Python\Python35-32\Scripts;C:\Program Files (x86)\Skype\Phone\;D:\Program Files\Programs\Python\Python35-32\Scripts\;D:\Program Files\Programs\Python\Python35-32\
USERNAME=Kelan
OS=Windows_NT
PROCESSOR_IDENTIFIER=Intel64 Family 6 Model 60 Stepping 3, GenuineIntel



---------------  S Y S T E M  ---------------

OS: Windows 10.0 , 64 bit Build 10586 (10.0.10586.0)

CPU:total 8 (4 cores per cpu, 2 threads per core) family 6 model 60 stepping 3, cmov, cx8, fxsr, mmx, sse, sse2, sse3, ssse3, sse4.1, sse4.2, popcnt, avx, avx2, aes, clmul, erms, lzcnt, ht, tsc, tscinvbit, bmi1, bmi2

Memory: 4k page, physical 16609500k(5316164k free), swap 33386716k(19517760k free)

vm_info: Java HotSpot(TM) 64-Bit Server VM (25.65-b01) for windows-amd64 JRE (1.8.0_65-b17), built on Oct  6 2015 16:39:20 by "java_re" with MS VC++ 10.0 (VS2010)

time: Sat Apr 09 16:13:11 2016
elapsed time: 4 seconds (0d 0h 0m 4s)

