#
# A fatal error has been detected by the Java Runtime Environment:
#
#  EXCEPTION_ACCESS_VIOLATION (0xc0000005) at pc=0x00007ffdbbf124b9, pid=14196, tid=3532
#
# JRE version: Java(TM) SE Runtime Environment (8.0_65-b17) (build 1.8.0_65-b17)
# Java VM: Java HotSpot(TM) 64-Bit Server VM (25.65-b01 mixed mode windows-amd64 compressed oops)
# Problematic frame:
# C  [glfw.dll+0x24b9]
#
# Failed to write core dump. Minidumps are not enabled by default on client versions of Windows
#
# If you would like to submit a bug report, please visit:
#   http://bugreport.java.com/bugreport/crash.jsp
# The crash happened outside the Java Virtual Machine in native code.
# See problematic frame for where to report the bug.
#

---------------  T H R E A D  ---------------

Current thread (0x000000001e200000):  JavaThread "CLIENT" [_thread_in_native, id=3532, stack(0x000000001ef00000,0x000000001f000000)]

siginfo: ExceptionCode=0xc0000005, reading address 0x0000000000000000

Registers:
RAX=0x0000000000000000, RBX=0x000000001b9bec50, RCX=0x0000000000000000, RDX=0x0000000000000000
RSP=0x000000001effed60, RBP=0x000000001effee10, RSI=0x0000000000000108, RDI=0x00000000004f71b0
R8 =0x000000001effed58, R9 =0x000000001effee10, R10=0x0000000000000000, R11=0x0000000000000246
R12=0x0000000000000000, R13=0x000000001b9bec50, R14=0x000000001effee48, R15=0x000000001e200000
RIP=0x00007ffdbbf124b9, EFLAGS=0x0000000000010287

Top of Stack: (sp=0x000000001effed60)
0x000000001effed60:   000000001e200000 000000001e200000
0x000000001effed70:   000000001b9d8ab8 000000007052d610
0x000000001effed80:   000000000000026b 000000000256dfcc
0x000000001effed90:   000000001b9bec50 000000001bf402b0
0x000000001effeda0:   000000000000000e 000000001e200000
0x000000001effedb0:   000000001b9d8ab8 000000007052aea4
0x000000001effedc0:   000000001e200000 000000001e200000
0x000000001effedd0:   000000001effedd0 0000000000000000
0x000000001effede0:   000000001effee48 000000001b9bf3f0
0x000000001effedf0:   0000000000000000 000000001b9bec50
0x000000001effee00:   0000000000000000 000000001effee30
0x000000001effee10:   000000001effee90 0000000002557d8d
0x000000001effee20:   00000006c2804000 00000000025642f8
0x000000001effee30:   00000000004f71b0 00000000025578a0
0x000000001effee40:   00007ffdbbf12420 0000000000000001
0x000000001effee50:   000000001effee50 000000001b9d8a8c 

Instructions: (pc=0x00007ffdbbf124b9)
0x00007ffdbbf12499:   48 8b cf e8 1f 3a 00 00 48 39 3d f0 d5 02 00 48
0x00007ffdbbf124a9:   8d 0d e9 d5 02 00 48 8b 5c 24 30 74 08 48 8b 09
0x00007ffdbbf124b9:   48 39 39 75 f8 48 8b 07 48 89 01 48 8b cf 48 83
0x00007ffdbbf124c9:   c4 20 5f e9 5b fe 00 00 48 83 c4 20 5f c3 cc cc 


Register to memory mapping:

RAX=0x0000000000000000 is an unknown value
RBX={method} {0x000000001b9bec58} 'invokePV' '(JJ)V' in 'org/lwjgl/system/JNI'
RCX=0x0000000000000000 is an unknown value
RDX=0x0000000000000000 is an unknown value
RSP=0x000000001effed60 is pointing into the stack for thread: 0x000000001e200000
RBP=0x000000001effee10 is pointing into the stack for thread: 0x000000001e200000
RSI=0x0000000000000108 is an unknown value
RDI=0x00000000004f71b0 is an unknown value
R8 =0x000000001effed58 is pointing into the stack for thread: 0x000000001e200000
R9 =0x000000001effee10 is pointing into the stack for thread: 0x000000001e200000
R10=0x0000000000000000 is an unknown value
R11=0x0000000000000246 is an unknown value
R12=0x0000000000000000 is an unknown value
R13={method} {0x000000001b9bec58} 'invokePV' '(JJ)V' in 'org/lwjgl/system/JNI'
R14=0x000000001effee48 is pointing into the stack for thread: 0x000000001e200000
R15=0x000000001e200000 is a thread


Stack: [0x000000001ef00000,0x000000001f000000],  sp=0x000000001effed60,  free space=1019k
Native frames: (J=compiled Java code, j=interpreted, Vv=VM code, C=native code)
C  [glfw.dll+0x24b9]
C  0x000000000256dfcc

Java frames: (J=compiled Java code, j=interpreted, Vv=VM code)
j  org.lwjgl.system.JNI.invokePV(JJ)V+0
j  org.lwjgl.glfw.GLFW.glfwDestroyCursor(J)V+20
j  main.client.Window.destroyWindow()V+9
j  main.coreEngine.Engine.stop()V+70
j  main.client.Window.update()V+43
j  main.client.renderEngine.RenderEngine.render()V+35
j  main.client.ClientThread.tick()V+12
J 461% C1 main.coreEngine.TickableThread.run()V (481 bytes) @ 0x00000000027b6c9c [0x00000000027b23c0+0x48dc]
v  ~StubRoutines::call_stub

---------------  P R O C E S S  ---------------

Java Threads: ( => current thread )
  0x000000001e201000 JavaThread "SERVER" [_thread_in_Java, id=7092, stack(0x000000001f000000,0x000000001f100000)]
=>0x000000001e200000 JavaThread "CLIENT" [_thread_in_native, id=3532, stack(0x000000001ef00000,0x000000001f000000)]
  0x000000001e0ef000 JavaThread "Service Thread" daemon [_thread_blocked, id=4116, stack(0x000000001ed00000,0x000000001ee00000)]
  0x000000001e061800 JavaThread "C1 CompilerThread3" daemon [_thread_blocked, id=7820, stack(0x000000001ec00000,0x000000001ed00000)]
  0x000000001e053800 JavaThread "C2 CompilerThread2" daemon [_thread_blocked, id=13976, stack(0x000000001eb00000,0x000000001ec00000)]
  0x000000001e052800 JavaThread "C2 CompilerThread1" daemon [_thread_blocked, id=13476, stack(0x000000001ea00000,0x000000001eb00000)]
  0x000000001e05c800 JavaThread "C2 CompilerThread0" daemon [_thread_blocked, id=1184, stack(0x000000001e900000,0x000000001ea00000)]
  0x000000001e042800 JavaThread "JDWP Command Reader" daemon [_thread_in_native, id=12436, stack(0x000000001e800000,0x000000001e900000)]
  0x000000001e03f000 JavaThread "JDWP Event Helper Thread" daemon [_thread_blocked, id=13948, stack(0x000000001e700000,0x000000001e800000)]
  0x000000001e031800 JavaThread "JDWP Transport Listener: dt_socket" daemon [_thread_blocked, id=2164, stack(0x000000001e600000,0x000000001e700000)]
  0x000000001e027800 JavaThread "Attach Listener" daemon [_thread_blocked, id=9684, stack(0x000000001e500000,0x000000001e600000)]
  0x000000001e026000 JavaThread "Signal Dispatcher" daemon [_thread_blocked, id=1704, stack(0x000000001e400000,0x000000001e500000)]
  0x000000000254a000 JavaThread "Finalizer" daemon [_thread_blocked, id=9044, stack(0x000000001de20000,0x000000001df20000)]
  0x0000000002543000 JavaThread "Reference Handler" daemon [_thread_blocked, id=4428, stack(0x000000001dd20000,0x000000001de20000)]
  0x00000000022ee000 JavaThread "main" [_thread_in_Java, id=8000, stack(0x0000000002350000,0x0000000002450000)]

Other Threads:
  0x000000001bf39800 VMThread [stack: 0x000000001dc20000,0x000000001dd20000] [id=6132]
  0x000000001e111000 WatcherThread [stack: 0x000000001ee00000,0x000000001ef00000] [id=9824]

VM state:not at safepoint (normal execution)

VM Mutex/Monitor currently owned by a thread: None

Heap:
 PSYoungGen      total 149504K, used 78763K [0x000000076b800000, 0x000000078ab80000, 0x00000007c0000000)
  eden space 148992K, 52% used [0x000000076b800000,0x00000007704dae68,0x0000000774980000)
  from space 512K, 12% used [0x000000078ab00000,0x000000078ab10000,0x000000078ab80000)
  to   space 1536K, 0% used [0x000000078a880000,0x000000078a880000,0x000000078aa00000)
 ParOldGen       total 173568K, used 1509K [0x00000006c2800000, 0x00000006cd180000, 0x000000076b800000)
  object space 173568K, 0% used [0x00000006c2800000,0x00000006c2979720,0x00000006cd180000)
 Metaspace       used 8074K, capacity 8646K, committed 8960K, reserved 1056768K
  class space    used 646K, capacity 690K, committed 768K, reserved 1048576K

Card table byte_map: [0x0000000011910000,0x0000000012100000] byte_map_base: 0x000000000e2fc000

Marking Bits: (ParMarkBitMap*) 0x0000000070c0a5b0
 Begin Bits: [0x0000000012e50000, 0x0000000016db0000)
 End Bits:   [0x0000000016db0000, 0x000000001ad10000)

Polling page: 0x00000000022c0000

CodeCache: size=245760Kb used=2820Kb max_used=2820Kb free=242939Kb
 bounds [0x0000000002550000, 0x0000000002820000, 0x0000000011550000]
 total_blobs=1196 nmethods=550 adapters=567
 compilation: enabled

Compilation events (10 events):
Event: 2.654 Thread 0x000000001e061800  545       3       org.lwjgl.opengl.GL11::glEnableClientState (24 bytes)
Event: 2.655 Thread 0x000000001e061800 nmethod 545 0x000000000280fcd0 code [0x000000000280fee0, 0x0000000002810768]
Event: 2.655 Thread 0x000000001e061800  547       3       org.lwjgl.opengl.GL11::glDisableClientState (24 bytes)
Event: 2.655 Thread 0x000000001e061800 nmethod 547 0x0000000002810d10 code [0x0000000002810f20, 0x00000000028117a8]
Event: 2.782 Thread 0x000000001e061800  548       3       main.client.Window::resetKeys (29 bytes)
Event: 2.782 Thread 0x000000001e061800 nmethod 548 0x0000000002811d50 code [0x0000000002811ec0, 0x0000000002812188]
Event: 2.832 Thread 0x000000001e061800  549       3       java.nio.DirectIntBufferU::ix (10 bytes)
Event: 2.832 Thread 0x000000001e061800 nmethod 549 0x0000000002812290 code [0x00000000028123e0, 0x0000000002812550]
Event: 2.832 Thread 0x000000001e061800  550       3       main.coreEngine.util.maths.Matrix4f::<init> (10 bytes)
Event: 2.832 Thread 0x000000001e061800 nmethod 550 0x00000000028125d0 code [0x0000000002812740, 0x00000000028129e8]

GC Heap History (10 events):
Event: 2.601 GC heap before
{Heap before GC invocations=18 (full 0):
 PSYoungGen      total 179712K, used 177888K [0x000000076b800000, 0x000000078af80000, 0x00000007c0000000)
  eden space 177664K, 100% used [0x000000076b800000,0x0000000776580000,0x0000000776580000)
  from space 2048K, 10% used [0x000000078ab80000,0x000000078abb8000,0x000000078ad80000)
  to   space 2048K, 0% used [0x000000078ad80000,0x000000078ad80000,0x000000078af80000)
 ParOldGen       total 173568K, used 1485K [0x00000006c2800000, 0x00000006cd180000, 0x000000076b800000)
  object space 173568K, 0% used [0x00000006c2800000,0x00000006c2973720,0x00000006cd180000)
 Metaspace       used 8060K, capacity 8646K, committed 8960K, reserved 1056768K
  class space    used 646K, capacity 690K, committed 768K, reserved 1048576K
Event: 2.602 GC heap after
Heap after GC invocations=18 (full 0):
 PSYoungGen      total 172032K, used 160K [0x000000076b800000, 0x000000078ae00000, 0x00000007c0000000)
  eden space 171520K, 0% used [0x000000076b800000,0x000000076b800000,0x0000000775f80000)
  from space 512K, 31% used [0x000000078ad80000,0x000000078ada8000,0x000000078ae00000)
  to   space 2048K, 0% used [0x000000078aa00000,0x000000078aa00000,0x000000078ac00000)
 ParOldGen       total 173568K, used 1485K [0x00000006c2800000, 0x00000006cd180000, 0x000000076b800000)
  object space 173568K, 0% used [0x00000006c2800000,0x00000006c2973720,0x00000006cd180000)
 Metaspace       used 8060K, capacity 8646K, committed 8960K, reserved 1056768K
  class space    used 646K, capacity 690K, committed 768K, reserved 1048576K
}
Event: 2.693 GC heap before
{Heap before GC invocations=19 (full 0):
 PSYoungGen      total 172032K, used 171680K [0x000000076b800000, 0x000000078ae00000, 0x00000007c0000000)
  eden space 171520K, 100% used [0x000000076b800000,0x0000000775f80000,0x0000000775f80000)
  from space 512K, 31% used [0x000000078ad80000,0x000000078ada8000,0x000000078ae00000)
  to   space 2048K, 0% used [0x000000078aa00000,0x000000078aa00000,0x000000078ac00000)
 ParOldGen       total 173568K, used 1485K [0x00000006c2800000, 0x00000006cd180000, 0x000000076b800000)
  object space 173568K, 0% used [0x00000006c2800000,0x00000006c2973720,0x00000006cd180000)
 Metaspace       used 8073K, capacity 8646K, committed 8960K, reserved 1056768K
  class space    used 646K, capacity 690K, committed 768K, reserved 1048576K
Event: 2.693 GC heap after
Heap after GC invocations=19 (full 0):
 PSYoungGen      total 167424K, used 128K [0x000000076b800000, 0x000000078ae00000, 0x00000007c0000000)
  eden space 165376K, 0% used [0x000000076b800000,0x000000076b800000,0x0000000775980000)
  from space 2048K, 6% used [0x000000078aa00000,0x000000078aa20000,0x000000078ac00000)
  to   space 2048K, 0% used [0x000000078ac00000,0x000000078ac00000,0x000000078ae00000)
 ParOldGen       total 173568K, used 1493K [0x00000006c2800000, 0x00000006cd180000, 0x000000076b800000)
  object space 173568K, 0% used [0x00000006c2800000,0x00000006c2975720,0x00000006cd180000)
 Metaspace       used 8073K, capacity 8646K, committed 8960K, reserved 1056768K
  class space    used 646K, capacity 690K, committed 768K, reserved 1048576K
}
Event: 2.804 GC heap before
{Heap before GC invocations=20 (full 0):
 PSYoungGen      total 167424K, used 165504K [0x000000076b800000, 0x000000078ae00000, 0x00000007c0000000)
  eden space 165376K, 100% used [0x000000076b800000,0x0000000775980000,0x0000000775980000)
  from space 2048K, 6% used [0x000000078aa00000,0x000000078aa20000,0x000000078ac00000)
  to   space 2048K, 0% used [0x000000078ac00000,0x000000078ac00000,0x000000078ae00000)
 ParOldGen       total 173568K, used 1493K [0x00000006c2800000, 0x00000006cd180000, 0x000000076b800000)
  object space 173568K, 0% used [0x00000006c2800000,0x00000006c2975720,0x00000006cd180000)
 Metaspace       used 8074K, capacity 8646K, committed 8960K, reserved 1056768K
  class space    used 646K, capacity 690K, committed 768K, reserved 1048576K
Event: 2.804 GC heap after
Heap after GC invocations=20 (full 0):
 PSYoungGen      total 160256K, used 192K [0x000000076b800000, 0x000000078ac80000, 0x00000007c0000000)
  eden space 159744K, 0% used [0x000000076b800000,0x000000076b800000,0x0000000775400000)
  from space 512K, 37% used [0x000000078ac00000,0x000000078ac30000,0x000000078ac80000)
  to   space 2048K, 0% used [0x000000078a880000,0x000000078a880000,0x000000078aa80000)
 ParOldGen       total 173568K, used 1501K [0x00000006c2800000, 0x00000006cd180000, 0x000000076b800000)
  object space 173568K, 0% used [0x00000006c2800000,0x00000006c2977720,0x00000006cd180000)
 Metaspace       used 8074K, capacity 8646K, committed 8960K, reserved 1056768K
  class space    used 646K, capacity 690K, committed 768K, reserved 1048576K
}
Event: 2.904 GC heap before
{Heap before GC invocations=21 (full 0):
 PSYoungGen      total 160256K, used 159936K [0x000000076b800000, 0x000000078ac80000, 0x00000007c0000000)
  eden space 159744K, 100% used [0x000000076b800000,0x0000000775400000,0x0000000775400000)
  from space 512K, 37% used [0x000000078ac00000,0x000000078ac30000,0x000000078ac80000)
  to   space 2048K, 0% used [0x000000078a880000,0x000000078a880000,0x000000078aa80000)
 ParOldGen       total 173568K, used 1501K [0x00000006c2800000, 0x00000006cd180000, 0x000000076b800000)
  object space 173568K, 0% used [0x00000006c2800000,0x00000006c2977720,0x00000006cd180000)
 Metaspace       used 8074K, capacity 8646K, committed 8960K, reserved 1056768K
  class space    used 646K, capacity 690K, committed 768K, reserved 1048576K
Event: 2.904 GC heap after
Heap after GC invocations=21 (full 0):
 PSYoungGen      total 156160K, used 96K [0x000000076b800000, 0x000000078ac80000, 0x00000007c0000000)
  eden space 154112K, 0% used [0x000000076b800000,0x000000076b800000,0x0000000774e80000)
  from space 2048K, 4% used [0x000000078a880000,0x000000078a898000,0x000000078aa80000)
  to   space 1536K, 0% used [0x000000078ab00000,0x000000078ab00000,0x000000078ac80000)
 ParOldGen       total 173568K, used 1501K [0x00000006c2800000, 0x00000006cd180000, 0x000000076b800000)
  object space 173568K, 0% used [0x00000006c2800000,0x00000006c2977720,0x00000006cd180000)
 Metaspace       used 8074K, capacity 8646K, committed 8960K, reserved 1056768K
  class space    used 646K, capacity 690K, committed 768K, reserved 1048576K
}
Event: 2.997 GC heap before
{Heap before GC invocations=22 (full 0):
 PSYoungGen      total 156160K, used 154208K [0x000000076b800000, 0x000000078ac80000, 0x00000007c0000000)
  eden space 154112K, 100% used [0x000000076b800000,0x0000000774e80000,0x0000000774e80000)
  from space 2048K, 4% used [0x000000078a880000,0x000000078a898000,0x000000078aa80000)
  to   space 1536K, 0% used [0x000000078ab00000,0x000000078ab00000,0x000000078ac80000)
 ParOldGen       total 173568K, used 1501K [0x00000006c2800000, 0x00000006cd180000, 0x000000076b800000)
  object space 173568K, 0% used [0x00000006c2800000,0x00000006c2977720,0x00000006cd180000)
 Metaspace       used 8074K, capacity 8646K, committed 8960K, reserved 1056768K
  class space    used 646K, capacity 690K, committed 768K, reserved 1048576K
Event: 2.999 GC heap after
Heap after GC invocations=22 (full 0):
 PSYoungGen      total 149504K, used 64K [0x000000076b800000, 0x000000078ab80000, 0x00000007c0000000)
  eden space 148992K, 0% used [0x000000076b800000,0x000000076b800000,0x0000000774980000)
  from space 512K, 12% used [0x000000078ab00000,0x000000078ab10000,0x000000078ab80000)
  to   space 1536K, 0% used [0x000000078a880000,0x000000078a880000,0x000000078aa00000)
 ParOldGen       total 173568K, used 1509K [0x00000006c2800000, 0x00000006cd180000, 0x000000076b800000)
  object space 173568K, 0% used [0x00000006c2800000,0x00000006c2979720,0x00000006cd180000)
 Metaspace       used 8074K, capacity 8646K, committed 8960K, reserved 1056768K
  class space    used 646K, capacity 690K, committed 768K, reserved 1048576K
}

Deoptimization events (10 events):
Event: 0.167 Thread 0x000000001e200000 Uncommon trap: reason=bimorphic action=maybe_recompile pc=0x00000000026a0a78 method=java.util.HashMap.getNode(ILjava/lang/Object;)Ljava/util/HashMap$Node; @ 126
Event: 0.490 Thread 0x000000001e200000 Uncommon trap: reason=bimorphic action=maybe_recompile pc=0x00000000026a0a78 method=java.util.HashMap.getNode(ILjava/lang/Object;)Ljava/util/HashMap$Node; @ 126
Event: 0.491 Thread 0x000000001e200000 Uncommon trap: reason=bimorphic action=maybe_recompile pc=0x00000000026a0a78 method=java.util.HashMap.getNode(ILjava/lang/Object;)Ljava/util/HashMap$Node; @ 126
Event: 0.497 Thread 0x000000001e200000 Uncommon trap: reason=unstable_if action=reinterpret pc=0x0000000002686818 method=java.util.HashMap.keySet()Ljava/util/Set; @ 6
Event: 1.050 Thread 0x000000001e200000 Uncommon trap: reason=unstable_if action=reinterpret pc=0x0000000002695604 method=java.util.HashMap.clear()V @ 16
Event: 1.050 Thread 0x000000001e200000 Uncommon trap: reason=unstable_if action=reinterpret pc=0x0000000002699198 method=java.util.HashMap.clear()V @ 16
Event: 1.050 Thread 0x00000000022ee000 Uncommon trap: reason=unstable_if action=reinterpret pc=0x00000000026cb730 method=main.coreEngine.TickableThread.invoke(Ljava/lang/String;[Ljava/lang/Object;)V @ 53
Event: 1.050 Thread 0x000000001e201000 Uncommon trap: reason=unstable_if action=reinterpret pc=0x00000000026ca064 method=main.coreEngine.TickableThread.run()V @ 58
Event: 1.083 Thread 0x00000000022ee000 Uncommon trap: reason=unstable_if action=reinterpret pc=0x00000000027c70d0 method=main.coreEngine.Engine.start()V @ 163
Event: 1.158 Thread 0x000000001e201000 Uncommon trap: reason=unstable_if action=reinterpret pc=0x00000000027d7644 method=main.coreEngine.TickableThread.run()V @ 461

Internal exceptions (8 events):
Event: 0.034 Thread 0x00000000022ee000 Exception <a 'java/lang/NoSuchMethodError': Method sun.misc.Unsafe.defineClass(Ljava/lang/String;[BII)Ljava/lang/Class; name or signature does not match> (0x000000076b80d9b8) thrown at [C:\workspace\8-2-build-windows-amd64-cygwin\jdk8u65\4987\hotspot\src\s·3ßÂD—¡?
Event: 0.034 Thread 0x00000000022ee000 Exception <a 'java/lang/NoSuchMethodError': Method sun.misc.Unsafe.prefetchRead(Ljava/lang/Object;J)V name or signature does not match> (0x000000076b80dca0) thrown at [C:\workspace\8-2-build-windows-amd64-cygwin\jdk8u65\4987\hotspot\src\share\vm\prims\jni.¯‚‡ÈÇ?
Event: 0.186 Thread 0x000000001e200000 Exception <a 'java/lang/ArrayIndexOutOfBoundsException': -1> (0x000000076c731d40) thrown at [C:\workspace\8-2-build-windows-amd64-cygwin\jdk8u65\4987\hotspot\src\share\vm\interpreter\interpreterRuntime.cpp, line 366]
Event: 0.491 Thread 0x000000001e200000 Exception <a 'java/security/PrivilegedActionException'> (0x000000076f3e8f60) thrown at [C:\workspace\8-2-build-windows-amd64-cygwin\jdk8u65\4987\hotspot\src\share\vm\prims\jvm.cpp, line 1386]
Event: 0.491 Thread 0x000000001e200000 Exception <a 'java/security/PrivilegedActionException'> (0x000000076f3e9358) thrown at [C:\workspace\8-2-build-windows-amd64-cygwin\jdk8u65\4987\hotspot\src\share\vm\prims\jvm.cpp, line 1386]
Event: 0.491 Thread 0x000000001e200000 Exception <a 'java/security/PrivilegedActionException'> (0x000000076f3ed570) thrown at [C:\workspace\8-2-build-windows-amd64-cygwin\jdk8u65\4987\hotspot\src\share\vm\prims\jvm.cpp, line 1386]
Event: 0.492 Thread 0x000000001e200000 Exception <a 'java/security/PrivilegedActionException'> (0x000000076f3ed968) thrown at [C:\workspace\8-2-build-windows-amd64-cygwin\jdk8u65\4987\hotspot\src\share\vm\prims\jvm.cpp, line 1386]
Event: 1.050 Thread 0x00000000022ee000 Implicit null exception at 0x00000000026cb13c to 0x00000000026cb709

Events (10 events):
Event: 2.601 Executing VM operation: ParallelGCFailedAllocation
Event: 2.602 Executing VM operation: ParallelGCFailedAllocation done
Event: 2.693 Executing VM operation: ParallelGCFailedAllocation
Event: 2.693 Executing VM operation: ParallelGCFailedAllocation done
Event: 2.804 Executing VM operation: ParallelGCFailedAllocation
Event: 2.804 Executing VM operation: ParallelGCFailedAllocation done
Event: 2.904 Executing VM operation: ParallelGCFailedAllocation
Event: 2.904 Executing VM operation: ParallelGCFailedAllocation done
Event: 2.997 Executing VM operation: ParallelGCFailedAllocation
Event: 2.999 Executing VM operation: ParallelGCFailedAllocation done


Dynamic libraries:
0x00007ff75ee90000 - 0x00007ff75eec7000 	C:\Program Files\Java\jdk1.8.0_65\bin\java.exe
0x00007ffde4980000 - 0x00007ffde4b41000 	C:\WINDOWS\SYSTEM32\ntdll.dll
0x00007ffde42a0000 - 0x00007ffde434d000 	C:\WINDOWS\system32\KERNEL32.DLL
0x00007ffde19f0000 - 0x00007ffde1bd8000 	C:\WINDOWS\system32\KERNELBASE.dll
0x00007ffde1e70000 - 0x00007ffde1f17000 	C:\WINDOWS\system32\ADVAPI32.dll
0x00007ffde3800000 - 0x00007ffde389d000 	C:\WINDOWS\system32\msvcrt.dll
0x00007ffde1e10000 - 0x00007ffde1e6b000 	C:\WINDOWS\system32\sechost.dll
0x00007ffde3bd0000 - 0x00007ffde3cec000 	C:\WINDOWS\system32\RPCRT4.dll
0x00007ffde3fe0000 - 0x00007ffde4136000 	C:\WINDOWS\system32\USER32.dll
0x00007ffde3cf0000 - 0x00007ffde3e76000 	C:\WINDOWS\system32\GDI32.dll
0x00007ffddd690000 - 0x00007ffddd904000 	C:\WINDOWS\WinSxS\amd64_microsoft.windows.common-controls_6595b64144ccf1df_6.0.10586.0_none_8c15ae12515e1c22\COMCTL32.dll
0x00007ffde3950000 - 0x00007ffde3bcd000 	C:\WINDOWS\system32\combase.dll
0x00007ffde1cf0000 - 0x00007ffde1d5a000 	C:\WINDOWS\system32\bcryptPrimitives.dll
0x00007ffde1dc0000 - 0x00007ffde1dfb000 	C:\WINDOWS\system32\IMM32.DLL
0x0000000070c90000 - 0x0000000070d62000 	C:\Program Files\Java\jdk1.8.0_65\jre\bin\msvcr100.dll
0x0000000070400000 - 0x0000000070c89000 	C:\Program Files\Java\jdk1.8.0_65\jre\bin\server\jvm.dll
0x00007ffde4290000 - 0x00007ffde4298000 	C:\WINDOWS\system32\PSAPI.DLL
0x00007ffdd8550000 - 0x00007ffdd8559000 	C:\WINDOWS\SYSTEM32\WSOCK32.dll
0x00007ffddf730000 - 0x00007ffddf753000 	C:\WINDOWS\SYSTEM32\WINMM.dll
0x00007ffddd9c0000 - 0x00007ffddd9ca000 	C:\WINDOWS\SYSTEM32\VERSION.dll
0x00007ffde4470000 - 0x00007ffde44db000 	C:\WINDOWS\system32\WS2_32.dll
0x00000000022f0000 - 0x000000000231c000 	C:\WINDOWS\SYSTEM32\WINMMBASE.dll
0x00007ffde1be0000 - 0x00007ffde1c23000 	C:\WINDOWS\system32\cfgmgr32.dll
0x00000000703f0000 - 0x00000000703ff000 	C:\Program Files\Java\jdk1.8.0_65\jre\bin\verify.dll
0x00000000703c0000 - 0x00000000703e9000 	C:\Program Files\Java\jdk1.8.0_65\jre\bin\java.dll
0x0000000070380000 - 0x00000000703b5000 	C:\Program Files\Java\jdk1.8.0_65\jre\bin\jdwp.dll
0x0000000070370000 - 0x0000000070378000 	C:\Program Files\Java\jdk1.8.0_65\jre\bin\npt.dll
0x0000000070350000 - 0x0000000070366000 	C:\Program Files\Java\jdk1.8.0_65\jre\bin\zip.dll
0x00007ffde1f80000 - 0x00007ffde34dc000 	C:\WINDOWS\system32\SHELL32.dll
0x00007ffde11d0000 - 0x00007ffde1815000 	C:\WINDOWS\system32\windows.storage.dll
0x00007ffde36b0000 - 0x00007ffde3702000 	C:\WINDOWS\system32\shlwapi.dll
0x00007ffde0fb0000 - 0x00007ffde0fbf000 	C:\WINDOWS\system32\kernel.appcore.dll
0x00007ffde1c30000 - 0x00007ffde1ce5000 	C:\WINDOWS\system32\shcore.dll
0x00007ffde0fc0000 - 0x00007ffde100b000 	C:\WINDOWS\system32\powrprof.dll
0x00007ffde0f80000 - 0x00007ffde0f94000 	C:\WINDOWS\system32\profapi.dll
0x0000000070340000 - 0x0000000070349000 	C:\Program Files\Java\jdk1.8.0_65\jre\bin\dt_socket.dll
0x00007ffde08b0000 - 0x00007ffde090c000 	C:\WINDOWS\system32\mswsock.dll
0x00007ffdb7a50000 - 0x00007ffdb7ad8000 	D:\Code\Java\Projects\WireEngine20\lib\native\lwjgl.dll
0x00007ffde0a80000 - 0x00007ffde0a8b000 	C:\WINDOWS\SYSTEM32\CRYPTBASE.DLL
0x00007ffdbfbb0000 - 0x00007ffdbfbf2000 	D:\Code\Java\Projects\WireEngine20\lib\native\jemalloc.dll
0x00007ffdbbf10000 - 0x00007ffdbbf48000 	D:\Code\Java\Projects\WireEngine20\lib\native\glfw.dll
0x00007ffddf850000 - 0x00007ffddf8e6000 	C:\WINDOWS\system32\uxtheme.dll
0x00007ffdde650000 - 0x00007ffdde672000 	C:\WINDOWS\SYSTEM32\dwmapi.dll
0x00007ffdc8b70000 - 0x00007ffdc8c99000 	C:\WINDOWS\SYSTEM32\opengl32.dll
0x00007ffdcd0c0000 - 0x00007ffdcd0ee000 	C:\WINDOWS\SYSTEM32\GLU32.dll
0x00007ffdc6920000 - 0x00007ffdc6a1a000 	C:\WINDOWS\SYSTEM32\DDRAW.dll
0x00007ffddaa30000 - 0x00007ffddaa38000 	C:\WINDOWS\SYSTEM32\DCIMAN32.dll
0x00007ffde3e80000 - 0x00007ffde3fda000 	C:\WINDOWS\system32\MSCTF.dll
0x00007ffdc9cc0000 - 0x00007ffdc9d09000 	C:\Program Files (x86)\TeamViewer\tv_x64.dll
0x00007ffde4140000 - 0x00007ffde4283000 	C:\WINDOWS\system32\ole32.dll
0x000000006e5f0000 - 0x0000000070339000 	C:\WINDOWS\SYSTEM32\nvoglv64.DLL
0x00007ffde4550000 - 0x00007ffde4979000 	C:\WINDOWS\system32\SETUPAPI.dll
0x00007ffddf2f0000 - 0x00007ffddf303000 	C:\WINDOWS\SYSTEM32\WTSAPI32.dll
0x00007ffddf9a0000 - 0x00007ffddf9c7000 	C:\WINDOWS\SYSTEM32\DEVOBJ.dll
0x00007ffde1170000 - 0x00007ffde11c5000 	C:\WINDOWS\system32\WINTRUST.dll
0x00007ffde0fa0000 - 0x00007ffde0fb0000 	C:\WINDOWS\system32\MSASN1.dll
0x00007ffde1820000 - 0x00007ffde19e7000 	C:\WINDOWS\system32\CRYPT32.dll
0x00007ffde04d0000 - 0x00007ffde0501000 	C:\WINDOWS\SYSTEM32\ntmarta.dll
0x00007ffde0220000 - 0x00007ffde0276000 	C:\WINDOWS\SYSTEM32\WINSTA.dll
0x00007ffde38a0000 - 0x00007ffde3947000 	C:\WINDOWS\system32\clbcatq.dll
0x00007ffdb9de0000 - 0x00007ffdb9f6c000 	C:\WINDOWS\SYSTEM32\dbghelp.dll

VM Arguments:
jvm_args: -agentlib:jdwp=transport=dt_socket,address=127.0.0.1:54794,suspend=y,server=n -Djava.library.path=lib/native/ -Dfile.encoding=UTF-8 
java_command: main.Main
java_class_path (initial): C:\Program Files\Java\jdk1.8.0_65\jre\lib\charsets.jar;C:\Program Files\Java\jdk1.8.0_65\jre\lib\deploy.jar;C:\Program Files\Java\jdk1.8.0_65\jre\lib\ext\access-bridge-64.jar;C:\Program Files\Java\jdk1.8.0_65\jre\lib\ext\cldrdata.jar;C:\Program Files\Java\jdk1.8.0_65\jre\lib\ext\dnsns.jar;C:\Program Files\Java\jdk1.8.0_65\jre\lib\ext\jaccess.jar;C:\Program Files\Java\jdk1.8.0_65\jre\lib\ext\jfxrt.jar;C:\Program Files\Java\jdk1.8.0_65\jre\lib\ext\localedata.jar;C:\Program Files\Java\jdk1.8.0_65\jre\lib\ext\nashorn.jar;C:\Program Files\Java\jdk1.8.0_65\jre\lib\ext\sunec.jar;C:\Program Files\Java\jdk1.8.0_65\jre\lib\ext\sunjce_provider.jar;C:\Program Files\Java\jdk1.8.0_65\jre\lib\ext\sunmscapi.jar;C:\Program Files\Java\jdk1.8.0_65\jre\lib\ext\sunpkcs11.jar;C:\Program Files\Java\jdk1.8.0_65\jre\lib\ext\zipfs.jar;C:\Program Files\Java\jdk1.8.0_65\jre\lib\javaws.jar;C:\Program Files\Java\jdk1.8.0_65\jre\lib\jce.jar;C:\Program Files\Java\jdk1.8.0_65\jre\lib\jfr.jar;C:\Program Files\Java\jdk1.8.0_65\jre\lib\jfxswt.jar;C:\Program Files\Java\jdk1.8.0_65\jre\lib\jsse.jar;C:\Program Files\Java\jdk1.8.0_65\jre\lib\management-agent.jar;C:\Program Files\Java\jdk1.8.0_65\jre\lib\plugin.jar;C:\Program Files\Java\jdk1.8.0_65\jre\lib\resources.jar;C:\Program Files\Java\jdk1.8.0_65\jre\lib\rt.jar;D:\Code\Java\Projects\WireEngine20\out\production\WireEngine20;D:\Code\Java\Projects\WireEngine20\lib\jar\lwjgl.jar;D:\Program Files (x86)\JetBrains\IntelliJ IDEA 2016.1\lib\idea_rt.jar
Launcher Type: SUN_STANDARD

Environment Variables:
JAVA_HOME=C:\Program Files\Java\jdk1.8.0_65
PATH=C:\ProgramData\Oracle\Java\javapath;C:\Program Files (x86)\Razer Chroma SDK\bin;C:\Program Files\Razer Chroma SDK\bin;C:\Program Files (x86)\NVIDIA Corporation\PhysX\Common;C:\Program Files (x86)\Intel\iCLS Client\;C:\Program Files\Intel\iCLS Client\;C:\Windows\system32;C:\Windows;C:\Windows\System32\Wbem;C:\Windows\System32\WindowsPowerShell\v1.0\;C:\Program Files\Intel\Intel(R) Management Engine Components\DAL;C:\Program Files (x86)\Intel\Intel(R) Management Engine Components\DAL;C:\Program Files\Intel\Intel(R) Management Engine Components\IPT;C:\Program Files (x86)\Intel\Intel(R) Management Engine Components\IPT;C:\Program Files\Java\jre1.8.0_65\bin;C:\MinGW\bin;C:\WINDOWS\system32;C:\WINDOWS;C:\WINDOWS\System32\Wbem;C:\WINDOWS\System32\WindowsPowerShell\v1.0\;D:\Program Files (x86)\CMake\bin;D:\Program Files\Programs\Python\Python35-32;D:\Program Files\Programs\Python\Python35-32\Scripts;C:\Program Files (x86)\Skype\Phone\;D:\Program Files\Programs\Python\Python35-32\Scripts\;D:\Program Files\Programs\Python\Python35-32\
USERNAME=Kelan
OS=Windows_NT
PROCESSOR_IDENTIFIER=Intel64 Family 6 Model 60 Stepping 3, GenuineIntel



---------------  S Y S T E M  ---------------

OS: Windows 10.0 , 64 bit Build 10586 (10.0.10586.0)

CPU:total 8 (4 cores per cpu, 2 threads per core) family 6 model 60 stepping 3, cmov, cx8, fxsr, mmx, sse, sse2, sse3, ssse3, sse4.1, sse4.2, popcnt, avx, avx2, aes, clmul, erms, lzcnt, ht, tsc, tscinvbit, bmi1, bmi2

Memory: 4k page, physical 16609500k(3787440k free), swap 33386716k(16180640k free)

vm_info: Java HotSpot(TM) 64-Bit Server VM (25.65-b01) for windows-amd64 JRE (1.8.0_65-b17), built on Oct  6 2015 16:39:20 by "java_re" with MS VC++ 10.0 (VS2010)

time: Sun Apr 10 22:43:35 2016
elapsed time: 3 seconds (0d 0h 0m 3s)

