#
# A fatal error has been detected by the Java Runtime Environment:
#
#  EXCEPTION_ACCESS_VIOLATION (0xc0000005) at pc=0x00007ffdc0fe24b9, pid=12884, tid=14080
#
# JRE version: Java(TM) SE Runtime Environment (8.0_65-b17) (build 1.8.0_65-b17)
# Java VM: Java HotSpot(TM) 64-Bit Server VM (25.65-b01 mixed mode windows-amd64 compressed oops)
# Problematic frame:
# C  [glfw.dll+0x24b9]
#
# Failed to write core dump. Minidumps are not enabled by default on client versions of Windows
#
# If you would like to submit a bug report, please visit:
#   http://bugreport.java.com/bugreport/crash.jsp
# The crash happened outside the Java Virtual Machine in native code.
# See problematic frame for where to report the bug.
#

---------------  T H R E A D  ---------------

Current thread (0x000000001e2be000):  JavaThread "CLIENT" [_thread_in_native, id=14080, stack(0x000000001efd0000,0x000000001f0d0000)]

siginfo: ExceptionCode=0xc0000005, reading address 0x0000000000000000

Registers:
RAX=0x0000000000000000, RBX=0x000000001ba97888, RCX=0x0000000000000000, RDX=0x0000000000000000
RSP=0x000000001f0cebb0, RBP=0x000000001f0cec60, RSI=0x0000000000000108, RDI=0x00000000004dad20
R8 =0x000000001f0ceba8, R9 =0x000000001f0cec60, R10=0x0000000000000000, R11=0x0000000000000246
R12=0x0000000000000000, R13=0x000000001ba97888, R14=0x000000001f0cec98, R15=0x000000001e2be000
RIP=0x00007ffdc0fe24b9, EFLAGS=0x0000000000010283

Top of Stack: (sp=0x000000001f0cebb0)
0x000000001f0cebb0:   000000001e2be000 000000001e2be000
0x000000001f0cebc0:   000000001bab1608 000000007052d610
0x000000001f0cebd0:   0000000000000133 000000000269dfcc
0x000000001f0cebe0:   000000001ba97888 000000001bea5e30
0x000000001f0cebf0:   000000000000000e 000000001e2be000
0x000000001f0cec00:   000000001bab1608 000000007052aea4
0x000000001f0cec10:   000000001e2be000 000000001e2be000
0x000000001f0cec20:   000000001f0cec20 0000000000000000
0x000000001f0cec30:   000000001f0cec98 000000001ba98028
0x000000001f0cec40:   0000000000000000 000000001ba97888
0x000000001f0cec50:   0000000000000000 000000001f0cec80
0x000000001f0cec60:   000000001f0cece0 0000000002687d8d
0x000000001f0cec70:   00000006c2804260 00000000026942f8
0x000000001f0cec80:   00000000004dad20 00000000026878a0
0x000000001f0cec90:   00007ffdc0fe2420 0000000000000001
0x000000001f0ceca0:   000000001f0ceca0 000000001bab15dc 

Instructions: (pc=0x00007ffdc0fe24b9)
0x00007ffdc0fe2499:   48 8b cf e8 1f 3a 00 00 48 39 3d f0 d5 02 00 48
0x00007ffdc0fe24a9:   8d 0d e9 d5 02 00 48 8b 5c 24 30 74 08 48 8b 09
0x00007ffdc0fe24b9:   48 39 39 75 f8 48 8b 07 48 89 01 48 8b cf 48 83
0x00007ffdc0fe24c9:   c4 20 5f e9 5b fe 00 00 48 83 c4 20 5f c3 cc cc 


Register to memory mapping:

RAX=0x0000000000000000 is an unknown value
RBX={method} {0x000000001ba97890} 'invokePV' '(JJ)V' in 'org/lwjgl/system/JNI'
RCX=0x0000000000000000 is an unknown value
RDX=0x0000000000000000 is an unknown value
RSP=0x000000001f0cebb0 is pointing into the stack for thread: 0x000000001e2be000
RBP=0x000000001f0cec60 is pointing into the stack for thread: 0x000000001e2be000
RSI=0x0000000000000108 is an unknown value
RDI=0x00000000004dad20 is an unknown value
R8 =0x000000001f0ceba8 is pointing into the stack for thread: 0x000000001e2be000
R9 =0x000000001f0cec60 is pointing into the stack for thread: 0x000000001e2be000
R10=0x0000000000000000 is an unknown value
R11=0x0000000000000246 is an unknown value
R12=0x0000000000000000 is an unknown value
R13={method} {0x000000001ba97890} 'invokePV' '(JJ)V' in 'org/lwjgl/system/JNI'
R14=0x000000001f0cec98 is pointing into the stack for thread: 0x000000001e2be000
R15=0x000000001e2be000 is a thread


Stack: [0x000000001efd0000,0x000000001f0d0000],  sp=0x000000001f0cebb0,  free space=1018k
Native frames: (J=compiled Java code, j=interpreted, Vv=VM code, C=native code)
C  [glfw.dll+0x24b9]
C  0x000000000269dfcc

Java frames: (J=compiled Java code, j=interpreted, Vv=VM code)
j  org.lwjgl.system.JNI.invokePV(JJ)V+0
j  org.lwjgl.glfw.GLFW.glfwDestroyCursor(J)V+20
j  main.client.Window.destroyWindow()V+9
j  main.coreEngine.Engine.stop()V+70
j  main.client.Window.update()V+43
j  main.client.renderEngine.RenderEngine.render()V+29
j  main.client.ClientThread.tick()V+12
J 438% C1 main.coreEngine.TickableThread.run()V (481 bytes) @ 0x00000000028d195c [0x00000000028cd080+0x48dc]
v  ~StubRoutines::call_stub

---------------  P R O C E S S  ---------------

Java Threads: ( => current thread )
  0x000000001e2e0000 JavaThread "SERVER" [_thread_in_Java, id=8696, stack(0x000000001f0d0000,0x000000001f1d0000)]
=>0x000000001e2be000 JavaThread "CLIENT" [_thread_in_native, id=14080, stack(0x000000001efd0000,0x000000001f0d0000)]
  0x000000001e189800 JavaThread "Service Thread" daemon [_thread_blocked, id=7044, stack(0x000000001edd0000,0x000000001eed0000)]
  0x000000001e132800 JavaThread "C1 CompilerThread3" daemon [_thread_blocked, id=1484, stack(0x000000001ecd0000,0x000000001edd0000)]
  0x000000001e129800 JavaThread "C2 CompilerThread2" daemon [_thread_blocked, id=6740, stack(0x000000001ebd0000,0x000000001ecd0000)]
  0x000000001e129000 JavaThread "C2 CompilerThread1" daemon [_thread_blocked, id=9364, stack(0x000000001ead0000,0x000000001ebd0000)]
  0x000000001e12e000 JavaThread "C2 CompilerThread0" daemon [_thread_blocked, id=4812, stack(0x000000001e9d0000,0x000000001ead0000)]
  0x000000001e113800 JavaThread "JDWP Command Reader" daemon [_thread_in_native, id=13788, stack(0x000000001e8d0000,0x000000001e9d0000)]
  0x000000001e10e000 JavaThread "JDWP Event Helper Thread" daemon [_thread_blocked, id=6972, stack(0x000000001e7d0000,0x000000001e8d0000)]
  0x000000001e10c000 JavaThread "JDWP Transport Listener: dt_socket" daemon [_thread_blocked, id=7768, stack(0x000000001e6d0000,0x000000001e7d0000)]
  0x000000001e0f7000 JavaThread "Attach Listener" daemon [_thread_blocked, id=14228, stack(0x000000001e5d0000,0x000000001e6d0000)]
  0x000000001e0f6000 JavaThread "Signal Dispatcher" daemon [_thread_blocked, id=2164, stack(0x000000001e4d0000,0x000000001e5d0000)]
  0x000000000267b800 JavaThread "Finalizer" daemon [_thread_blocked, id=4872, stack(0x000000001def0000,0x000000001dff0000)]
  0x0000000002675000 JavaThread "Reference Handler" daemon [_thread_blocked, id=6988, stack(0x000000001ddf0000,0x000000001def0000)]
  0x00000000005ce000 JavaThread "main" [_thread_in_Java, id=8300, stack(0x0000000002480000,0x0000000002580000)]

Other Threads:
  0x000000001c019000 VMThread [stack: 0x000000001dcf0000,0x000000001ddf0000] [id=11428]
  0x000000001e1d9800 WatcherThread [stack: 0x000000001eed0000,0x000000001efd0000] [id=11616]

VM state:not at safepoint (normal execution)

VM Mutex/Monitor currently owned by a thread: None

Heap:
 PSYoungGen      total 224256K, used 164496K [0x000000076b800000, 0x000000078b400000, 0x00000007c0000000)
  eden space 221696K, 74% used [0x000000076b800000,0x0000000775894228,0x0000000779080000)
  from space 2560K, 2% used [0x000000078af00000,0x000000078af10000,0x000000078b180000)
  to   space 2560K, 0% used [0x000000078b180000,0x000000078b180000,0x000000078b400000)
 ParOldGen       total 173568K, used 1308K [0x00000006c2800000, 0x00000006cd180000, 0x000000076b800000)
  object space 173568K, 0% used [0x00000006c2800000,0x00000006c29471f8,0x00000006cd180000)
 Metaspace       used 7957K, capacity 8486K, committed 8704K, reserved 1056768K
  class space    used 642K, capacity 658K, committed 768K, reserved 1048576K

Card table byte_map: [0x0000000011a40000,0x0000000012230000] byte_map_base: 0x000000000e42c000

Marking Bits: (ParMarkBitMap*) 0x0000000070c0a5b0
 Begin Bits: [0x0000000012f80000, 0x0000000016ee0000)
 End Bits:   [0x0000000016ee0000, 0x000000001ae40000)

Polling page: 0x0000000000490000

CodeCache: size=245760Kb used=2548Kb max_used=2566Kb free=243211Kb
 bounds [0x0000000002680000, 0x0000000002910000, 0x0000000011680000]
 total_blobs=1115 nmethods=472 adapters=564
 compilation: enabled

Compilation events (10 events):
Event: 0.828 Thread 0x000000001e129000  468       4       java.util.ArrayList::get (11 bytes)
Event: 0.828 Thread 0x000000001e132800  469       3       org.lwjgl.opengl.GL11::getInstance (7 bytes)
Event: 0.828 Thread 0x000000001e132800 nmethod 469 0x00000000028e24d0 code [0x00000000028e26a0, 0x00000000028e2cc8]
Event: 0.828 Thread 0x000000001e132800  470       3       org.lwjgl.opengl.GL11::getInstance (11 bytes)
Event: 0.829 Thread 0x000000001e132800 nmethod 470 0x00000000028df810 code [0x00000000028df9a0, 0x00000000028dfc68]
Event: 0.829 Thread 0x000000001e129000 nmethod 468 0x00000000028df490 code [0x00000000028df5e0, 0x00000000028df6f8]
Event: 0.945 Thread 0x000000001e129800  472       4       java.util.ArrayList::set (20 bytes)
Event: 0.946 Thread 0x000000001e129800 nmethod 472 0x00000000028ffb90 code [0x00000000028ffce0, 0x00000000028ffe58]
Event: 1.461 Thread 0x000000001e132800  473       3       org.lwjgl.opengl.GLChecks::ensureBufferObject (73 bytes)
Event: 1.462 Thread 0x000000001e132800 nmethod 473 0x00000000028ff850 code [0x00000000028ff9a0, 0x00000000028ffaf0]

GC Heap History (10 events):
Event: 0.854 GC heap before
{Heap before GC invocations=7 (full 0):
 PSYoungGen      total 261632K, used 261620K [0x000000076b800000, 0x000000077bb00000, 0x00000007c0000000)
  eden space 259584K, 100% used [0x000000076b800000,0x000000077b580000,0x000000077b580000)
  from space 2048K, 99% used [0x000000077b800000,0x000000077b9fd338,0x000000077ba00000)
  to   space 2560K, 0% used [0x000000077b580000,0x000000077b580000,0x000000077b800000)
 ParOldGen       total 173568K, used 140K [0x00000006c2800000, 0x00000006cd180000, 0x000000076b800000)
  object space 173568K, 0% used [0x00000006c2800000,0x00000006c2823188,0x00000006cd180000)
 Metaspace       used 7955K, capacity 8486K, committed 8704K, reserved 1056768K
  class space    used 642K, capacity 658K, committed 768K, reserved 1048576K
Event: 0.856 GC heap after
Heap after GC invocations=7 (full 0):
 PSYoungGen      total 262144K, used 961K [0x000000076b800000, 0x000000078b800000, 0x00000007c0000000)
  eden space 259584K, 0% used [0x000000076b800000,0x000000076b800000,0x000000077b580000)
  from space 2560K, 37% used [0x000000077b580000,0x000000077b670560,0x000000077b800000)
  to   space 2560K, 0% used [0x000000078b580000,0x000000078b580000,0x000000078b800000)
 ParOldGen       total 173568K, used 768K [0x00000006c2800000, 0x00000006cd180000, 0x000000076b800000)
  object space 173568K, 0% used [0x00000006c2800000,0x00000006c28c01e8,0x00000006cd180000)
 Metaspace       used 7955K, capacity 8486K, committed 8704K, reserved 1056768K
  class space    used 642K, capacity 658K, committed 768K, reserved 1048576K
}
Event: 1.050 GC heap before
{Heap before GC invocations=8 (full 0):
 PSYoungGen      total 262144K, used 260545K [0x000000076b800000, 0x000000078b800000, 0x00000007c0000000)
  eden space 259584K, 100% used [0x000000076b800000,0x000000077b580000,0x000000077b580000)
  from space 2560K, 37% used [0x000000077b580000,0x000000077b670560,0x000000077b800000)
  to   space 2560K, 0% used [0x000000078b580000,0x000000078b580000,0x000000078b800000)
 ParOldGen       total 173568K, used 768K [0x00000006c2800000, 0x00000006cd180000, 0x000000076b800000)
  object space 173568K, 0% used [0x00000006c2800000,0x00000006c28c01e8,0x00000006cd180000)
 Metaspace       used 7956K, capacity 8486K, committed 8704K, reserved 1056768K
  class space    used 642K, capacity 658K, committed 768K, reserved 1048576K
Event: 1.051 GC heap after
Heap after GC invocations=8 (full 0):
 PSYoungGen      total 250368K, used 576K [0x000000076b800000, 0x000000078b680000, 0x00000007c0000000)
  eden space 249344K, 0% used [0x000000076b800000,0x000000076b800000,0x000000077ab80000)
  from space 1024K, 56% used [0x000000078b580000,0x000000078b610000,0x000000078b680000)
  to   space 2560K, 0% used [0x000000078b180000,0x000000078b180000,0x000000078b400000)
 ParOldGen       total 173568K, used 768K [0x00000006c2800000, 0x00000006cd180000, 0x000000076b800000)
  object space 173568K, 0% used [0x00000006c2800000,0x00000006c28c01e8,0x00000006cd180000)
 Metaspace       used 7956K, capacity 8486K, committed 8704K, reserved 1056768K
  class space    used 642K, capacity 658K, committed 768K, reserved 1048576K
}
Event: 1.245 GC heap before
{Heap before GC invocations=9 (full 0):
 PSYoungGen      total 250368K, used 249920K [0x000000076b800000, 0x000000078b680000, 0x00000007c0000000)
  eden space 249344K, 100% used [0x000000076b800000,0x000000077ab80000,0x000000077ab80000)
  from space 1024K, 56% used [0x000000078b580000,0x000000078b610000,0x000000078b680000)
  to   space 2560K, 0% used [0x000000078b180000,0x000000078b180000,0x000000078b400000)
 ParOldGen       total 173568K, used 768K [0x00000006c2800000, 0x00000006cd180000, 0x000000076b800000)
  object space 173568K, 0% used [0x00000006c2800000,0x00000006c28c01e8,0x00000006cd180000)
 Metaspace       used 7956K, capacity 8486K, committed 8704K, reserved 1056768K
  class space    used 642K, capacity 658K, committed 768K, reserved 1048576K
Event: 1.246 GC heap after
Heap after GC invocations=9 (full 0):
 PSYoungGen      total 240128K, used 256K [0x000000076b800000, 0x000000078b600000, 0x00000007c0000000)
  eden space 239616K, 0% used [0x000000076b800000,0x000000076b800000,0x000000077a200000)
  from space 512K, 50% used [0x000000078b180000,0x000000078b1c0000,0x000000078b200000)
  to   space 2560K, 0% used [0x000000078b380000,0x000000078b380000,0x000000078b600000)
 ParOldGen       total 173568K, used 1184K [0x00000006c2800000, 0x00000006cd180000, 0x000000076b800000)
  object space 173568K, 0% used [0x00000006c2800000,0x00000006c29281e8,0x00000006cd180000)
 Metaspace       used 7956K, capacity 8486K, committed 8704K, reserved 1056768K
  class space    used 642K, capacity 658K, committed 768K, reserved 1048576K
}
Event: 1.422 GC heap before
{Heap before GC invocations=10 (full 0):
 PSYoungGen      total 240128K, used 239872K [0x000000076b800000, 0x000000078b600000, 0x00000007c0000000)
  eden space 239616K, 100% used [0x000000076b800000,0x000000077a200000,0x000000077a200000)
  from space 512K, 50% used [0x000000078b180000,0x000000078b1c0000,0x000000078b200000)
  to   space 2560K, 0% used [0x000000078b380000,0x000000078b380000,0x000000078b600000)
 ParOldGen       total 173568K, used 1184K [0x00000006c2800000, 0x00000006cd180000, 0x000000076b800000)
  object space 173568K, 0% used [0x00000006c2800000,0x00000006c29281e8,0x00000006cd180000)
 Metaspace       used 7956K, capacity 8486K, committed 8704K, reserved 1056768K
  class space    used 642K, capacity 658K, committed 768K, reserved 1048576K
Event: 1.422 GC heap after
Heap after GC invocations=10 (full 0):
 PSYoungGen      total 230912K, used 96K [0x000000076b800000, 0x000000078b400000, 0x00000007c0000000)
  eden space 230400K, 0% used [0x000000076b800000,0x000000076b800000,0x0000000779900000)
  from space 512K, 18% used [0x000000078b380000,0x000000078b398000,0x000000078b400000)
  to   space 2560K, 0% used [0x000000078af00000,0x000000078af00000,0x000000078b180000)
 ParOldGen       total 173568K, used 1308K [0x00000006c2800000, 0x00000006cd180000, 0x000000076b800000)
  object space 173568K, 0% used [0x00000006c2800000,0x00000006c29471f8,0x00000006cd180000)
 Metaspace       used 7956K, capacity 8486K, committed 8704K, reserved 1056768K
  class space    used 642K, capacity 658K, committed 768K, reserved 1048576K
}
Event: 1.588 GC heap before
{Heap before GC invocations=11 (full 0):
 PSYoungGen      total 230912K, used 230496K [0x000000076b800000, 0x000000078b400000, 0x00000007c0000000)
  eden space 230400K, 100% used [0x000000076b800000,0x0000000779900000,0x0000000779900000)
  from space 512K, 18% used [0x000000078b380000,0x000000078b398000,0x000000078b400000)
  to   space 2560K, 0% used [0x000000078af00000,0x000000078af00000,0x000000078b180000)
 ParOldGen       total 173568K, used 1308K [0x00000006c2800000, 0x00000006cd180000, 0x000000076b800000)
  object space 173568K, 0% used [0x00000006c2800000,0x00000006c29471f8,0x00000006cd180000)
 Metaspace       used 7956K, capacity 8486K, committed 8704K, reserved 1056768K
  class space    used 642K, capacity 658K, committed 768K, reserved 1048576K
Event: 1.589 GC heap after
Heap after GC invocations=11 (full 0):
 PSYoungGen      total 224256K, used 64K [0x000000076b800000, 0x000000078b400000, 0x00000007c0000000)
  eden space 221696K, 0% used [0x000000076b800000,0x000000076b800000,0x0000000779080000)
  from space 2560K, 2% used [0x000000078af00000,0x000000078af10000,0x000000078b180000)
  to   space 2560K, 0% used [0x000000078b180000,0x000000078b180000,0x000000078b400000)
 ParOldGen       total 173568K, used 1308K [0x00000006c2800000, 0x00000006cd180000, 0x000000076b800000)
  object space 173568K, 0% used [0x00000006c2800000,0x00000006c29471f8,0x00000006cd180000)
 Metaspace       used 7956K, capacity 8486K, committed 8704K, reserved 1056768K
  class space    used 642K, capacity 658K, committed 768K, reserved 1048576K
}

Deoptimization events (10 events):
Event: 0.137 Thread 0x000000001e2be000 Uncommon trap: reason=bimorphic action=maybe_recompile pc=0x00000000027c7934 method=java.util.HashMap.getNode(ILjava/lang/Object;)Ljava/util/HashMap$Node; @ 126
Event: 0.355 Thread 0x000000001e2be000 Uncommon trap: reason=bimorphic action=maybe_recompile pc=0x00000000027c7934 method=java.util.HashMap.getNode(ILjava/lang/Object;)Ljava/util/HashMap$Node; @ 126
Event: 0.356 Thread 0x000000001e2be000 Uncommon trap: reason=bimorphic action=maybe_recompile pc=0x00000000027c7934 method=java.util.HashMap.getNode(ILjava/lang/Object;)Ljava/util/HashMap$Node; @ 126
Event: 0.360 Thread 0x000000001e2be000 Uncommon trap: reason=unstable_if action=reinterpret pc=0x00000000027bcb98 method=java.util.HashMap.keySet()Ljava/util/Set; @ 6
Event: 0.609 Thread 0x000000001e2be000 Uncommon trap: reason=unstable_if action=reinterpret pc=0x00000000027ba0c4 method=java.util.HashMap.clear()V @ 16
Event: 0.609 Thread 0x000000001e2be000 Uncommon trap: reason=unstable_if action=reinterpret pc=0x00000000027bab58 method=java.util.HashMap.clear()V @ 16
Event: 0.609 Thread 0x00000000005ce000 Uncommon trap: reason=unstable_if action=reinterpret pc=0x00000000027e1a6c method=main.coreEngine.TickableThread.invoke(Ljava/lang/String;[Ljava/lang/Object;)V @ 53
Event: 0.609 Thread 0x000000001e2e0000 Uncommon trap: reason=unstable_if action=reinterpret pc=0x00000000027ea3a0 method=main.coreEngine.TickableThread.run()V @ 58
Event: 0.649 Thread 0x00000000005ce000 Uncommon trap: reason=unstable_if action=reinterpret pc=0x00000000028e1630 method=main.coreEngine.Engine.start()V @ 163
Event: 0.716 Thread 0x000000001e2e0000 Uncommon trap: reason=unstable_if action=reinterpret pc=0x00000000028eebc4 method=main.coreEngine.TickableThread.run()V @ 461

Internal exceptions (8 events):
Event: 0.025 Thread 0x00000000005ce000 Exception <a 'java/lang/NoSuchMethodError': Method sun.misc.Unsafe.defineClass(Ljava/lang/String;[BII)Ljava/lang/Class; name or signature does not match> (0x000000076b80d880) thrown at [C:\workspace\8-2-build-windows-amd64-cygwin\jdk8u65\4987\hotspot\src\sﬁqÄΩÂô?
Event: 0.025 Thread 0x00000000005ce000 Exception <a 'java/lang/NoSuchMethodError': Method sun.misc.Unsafe.prefetchRead(Ljava/lang/Object;J)V name or signature does not match> (0x000000076b80db68) thrown at [C:\workspace\8-2-build-windows-amd64-cygwin\jdk8u65\4987\hotspot\src\share\vm\prims\jni.t;Ñùe`√?
Event: 0.151 Thread 0x000000001e2be000 Exception <a 'java/lang/ArrayIndexOutOfBoundsException': -1> (0x000000076cbe98e8) thrown at [C:\workspace\8-2-build-windows-amd64-cygwin\jdk8u65\4987\hotspot\src\share\vm\interpreter\interpreterRuntime.cpp, line 366]
Event: 0.355 Thread 0x000000001e2be000 Exception <a 'java/security/PrivilegedActionException'> (0x000000076cc31b50) thrown at [C:\workspace\8-2-build-windows-amd64-cygwin\jdk8u65\4987\hotspot\src\share\vm\prims\jvm.cpp, line 1386]
Event: 0.355 Thread 0x000000001e2be000 Exception <a 'java/security/PrivilegedActionException'> (0x000000076cc31f48) thrown at [C:\workspace\8-2-build-windows-amd64-cygwin\jdk8u65\4987\hotspot\src\share\vm\prims\jvm.cpp, line 1386]
Event: 0.356 Thread 0x000000001e2be000 Exception <a 'java/security/PrivilegedActionException'> (0x000000076cc36160) thrown at [C:\workspace\8-2-build-windows-amd64-cygwin\jdk8u65\4987\hotspot\src\share\vm\prims\jvm.cpp, line 1386]
Event: 0.356 Thread 0x000000001e2be000 Exception <a 'java/security/PrivilegedActionException'> (0x000000076cc36558) thrown at [C:\workspace\8-2-build-windows-amd64-cygwin\jdk8u65\4987\hotspot\src\share\vm\prims\jvm.cpp, line 1386]
Event: 0.609 Thread 0x00000000005ce000 Implicit null exception at 0x00000000027e1484 to 0x00000000027e1a45

Events (10 events):
Event: 0.854 Executing VM operation: ParallelGCFailedAllocation
Event: 0.856 Executing VM operation: ParallelGCFailedAllocation done
Event: 1.050 Executing VM operation: ParallelGCFailedAllocation
Event: 1.051 Executing VM operation: ParallelGCFailedAllocation done
Event: 1.245 Executing VM operation: ParallelGCFailedAllocation
Event: 1.246 Executing VM operation: ParallelGCFailedAllocation done
Event: 1.421 Executing VM operation: ParallelGCFailedAllocation
Event: 1.422 Executing VM operation: ParallelGCFailedAllocation done
Event: 1.588 Executing VM operation: ParallelGCFailedAllocation
Event: 1.589 Executing VM operation: ParallelGCFailedAllocation done


Dynamic libraries:
0x00007ff7d2c20000 - 0x00007ff7d2c57000 	C:\Program Files\Java\jdk1.8.0_65\bin\java.exe
0x00007ffde4980000 - 0x00007ffde4b41000 	C:\WINDOWS\SYSTEM32\ntdll.dll
0x00007ffde42a0000 - 0x00007ffde434d000 	C:\WINDOWS\system32\KERNEL32.DLL
0x00007ffde19f0000 - 0x00007ffde1bd8000 	C:\WINDOWS\system32\KERNELBASE.dll
0x00007ffde1e70000 - 0x00007ffde1f17000 	C:\WINDOWS\system32\ADVAPI32.dll
0x00007ffde3800000 - 0x00007ffde389d000 	C:\WINDOWS\system32\msvcrt.dll
0x00007ffde1e10000 - 0x00007ffde1e6b000 	C:\WINDOWS\system32\sechost.dll
0x00007ffde3bd0000 - 0x00007ffde3cec000 	C:\WINDOWS\system32\RPCRT4.dll
0x00007ffde3fe0000 - 0x00007ffde4136000 	C:\WINDOWS\system32\USER32.dll
0x00007ffde3cf0000 - 0x00007ffde3e76000 	C:\WINDOWS\system32\GDI32.dll
0x00007ffddd690000 - 0x00007ffddd904000 	C:\WINDOWS\WinSxS\amd64_microsoft.windows.common-controls_6595b64144ccf1df_6.0.10586.0_none_8c15ae12515e1c22\COMCTL32.dll
0x00007ffde3950000 - 0x00007ffde3bcd000 	C:\WINDOWS\system32\combase.dll
0x00007ffde1cf0000 - 0x00007ffde1d5a000 	C:\WINDOWS\system32\bcryptPrimitives.dll
0x00007ffde1dc0000 - 0x00007ffde1dfb000 	C:\WINDOWS\system32\IMM32.DLL
0x0000000070c90000 - 0x0000000070d62000 	C:\Program Files\Java\jdk1.8.0_65\jre\bin\msvcr100.dll
0x0000000070400000 - 0x0000000070c89000 	C:\Program Files\Java\jdk1.8.0_65\jre\bin\server\jvm.dll
0x00007ffde4290000 - 0x00007ffde4298000 	C:\WINDOWS\system32\PSAPI.DLL
0x00007ffdd8550000 - 0x00007ffdd8559000 	C:\WINDOWS\SYSTEM32\WSOCK32.dll
0x00007ffddf730000 - 0x00007ffddf753000 	C:\WINDOWS\SYSTEM32\WINMM.dll
0x00007ffde4470000 - 0x00007ffde44db000 	C:\WINDOWS\system32\WS2_32.dll
0x00007ffddf6d0000 - 0x00007ffddf6fc000 	C:\WINDOWS\SYSTEM32\WINMMBASE.dll
0x00007ffde1be0000 - 0x00007ffde1c23000 	C:\WINDOWS\system32\cfgmgr32.dll
0x00007ffddd9c0000 - 0x00007ffddd9ca000 	C:\WINDOWS\SYSTEM32\VERSION.dll
0x00000000703f0000 - 0x00000000703ff000 	C:\Program Files\Java\jdk1.8.0_65\jre\bin\verify.dll
0x00000000703c0000 - 0x00000000703e9000 	C:\Program Files\Java\jdk1.8.0_65\jre\bin\java.dll
0x0000000070380000 - 0x00000000703b5000 	C:\Program Files\Java\jdk1.8.0_65\jre\bin\jdwp.dll
0x0000000070370000 - 0x0000000070378000 	C:\Program Files\Java\jdk1.8.0_65\jre\bin\npt.dll
0x0000000070350000 - 0x0000000070366000 	C:\Program Files\Java\jdk1.8.0_65\jre\bin\zip.dll
0x00007ffde1f80000 - 0x00007ffde34dc000 	C:\WINDOWS\system32\SHELL32.dll
0x00007ffde11d0000 - 0x00007ffde1815000 	C:\WINDOWS\system32\windows.storage.dll
0x00007ffde36b0000 - 0x00007ffde3702000 	C:\WINDOWS\system32\shlwapi.dll
0x00007ffde0fb0000 - 0x00007ffde0fbf000 	C:\WINDOWS\system32\kernel.appcore.dll
0x00007ffde1c30000 - 0x00007ffde1ce5000 	C:\WINDOWS\system32\shcore.dll
0x00007ffde0fc0000 - 0x00007ffde100b000 	C:\WINDOWS\system32\powrprof.dll
0x00007ffde0f80000 - 0x00007ffde0f94000 	C:\WINDOWS\system32\profapi.dll
0x0000000070340000 - 0x0000000070349000 	C:\Program Files\Java\jdk1.8.0_65\jre\bin\dt_socket.dll
0x00007ffde08b0000 - 0x00007ffde090c000 	C:\WINDOWS\system32\mswsock.dll
0x00007ffdc1020000 - 0x00007ffdc10a8000 	D:\Code\Java\Projects\WireEngine20\lib\native\lwjgl.dll
0x00007ffde0a80000 - 0x00007ffde0a8b000 	C:\WINDOWS\SYSTEM32\CRYPTBASE.DLL
0x00007ffdd4700000 - 0x00007ffdd4742000 	D:\Code\Java\Projects\WireEngine20\lib\native\jemalloc.dll
0x00007ffdc0fe0000 - 0x00007ffdc1018000 	D:\Code\Java\Projects\WireEngine20\lib\native\glfw.dll
0x00007ffddf850000 - 0x00007ffddf8e6000 	C:\WINDOWS\system32\uxtheme.dll
0x00007ffdde650000 - 0x00007ffdde672000 	C:\WINDOWS\SYSTEM32\dwmapi.dll
0x00007ffdc9d10000 - 0x00007ffdc9e39000 	C:\WINDOWS\SYSTEM32\opengl32.dll
0x00007ffdcc690000 - 0x00007ffdcc6be000 	C:\WINDOWS\SYSTEM32\GLU32.dll
0x00007ffdc8ba0000 - 0x00007ffdc8c9a000 	C:\WINDOWS\SYSTEM32\DDRAW.dll
0x00007ffdd3d80000 - 0x00007ffdd3d88000 	C:\WINDOWS\SYSTEM32\DCIMAN32.dll
0x00007ffde3e80000 - 0x00007ffde3fda000 	C:\WINDOWS\system32\MSCTF.dll
0x00007ffdc3f50000 - 0x00007ffdc3f99000 	C:\Program Files (x86)\TeamViewer\tv_x64.dll
0x00007ffde4140000 - 0x00007ffde4283000 	C:\WINDOWS\system32\ole32.dll
0x000000006e5f0000 - 0x0000000070339000 	C:\WINDOWS\SYSTEM32\nvoglv64.DLL
0x00007ffde4550000 - 0x00007ffde4979000 	C:\WINDOWS\system32\SETUPAPI.dll
0x00007ffddf2f0000 - 0x00007ffddf303000 	C:\WINDOWS\SYSTEM32\WTSAPI32.dll
0x00007ffddf9a0000 - 0x00007ffddf9c7000 	C:\WINDOWS\SYSTEM32\DEVOBJ.dll
0x00007ffde1170000 - 0x00007ffde11c5000 	C:\WINDOWS\system32\WINTRUST.dll
0x00007ffde0fa0000 - 0x00007ffde0fb0000 	C:\WINDOWS\system32\MSASN1.dll
0x00007ffde1820000 - 0x00007ffde19e7000 	C:\WINDOWS\system32\CRYPT32.dll
0x00007ffde04d0000 - 0x00007ffde0501000 	C:\WINDOWS\SYSTEM32\ntmarta.dll
0x00007ffde0220000 - 0x00007ffde0276000 	C:\WINDOWS\SYSTEM32\WINSTA.dll
0x00007ffde38a0000 - 0x00007ffde3947000 	C:\WINDOWS\system32\clbcatq.dll
0x00007ffdb9de0000 - 0x00007ffdb9f6c000 	C:\WINDOWS\SYSTEM32\dbghelp.dll

VM Arguments:
jvm_args: -agentlib:jdwp=transport=dt_socket,address=127.0.0.1:61757,suspend=y,server=n -Djava.library.path=lib/native/ -Dfile.encoding=UTF-8 
java_command: main.Main
java_class_path (initial): C:\Program Files\Java\jdk1.8.0_65\jre\lib\charsets.jar;C:\Program Files\Java\jdk1.8.0_65\jre\lib\deploy.jar;C:\Program Files\Java\jdk1.8.0_65\jre\lib\ext\access-bridge-64.jar;C:\Program Files\Java\jdk1.8.0_65\jre\lib\ext\cldrdata.jar;C:\Program Files\Java\jdk1.8.0_65\jre\lib\ext\dnsns.jar;C:\Program Files\Java\jdk1.8.0_65\jre\lib\ext\jaccess.jar;C:\Program Files\Java\jdk1.8.0_65\jre\lib\ext\jfxrt.jar;C:\Program Files\Java\jdk1.8.0_65\jre\lib\ext\localedata.jar;C:\Program Files\Java\jdk1.8.0_65\jre\lib\ext\nashorn.jar;C:\Program Files\Java\jdk1.8.0_65\jre\lib\ext\sunec.jar;C:\Program Files\Java\jdk1.8.0_65\jre\lib\ext\sunjce_provider.jar;C:\Program Files\Java\jdk1.8.0_65\jre\lib\ext\sunmscapi.jar;C:\Program Files\Java\jdk1.8.0_65\jre\lib\ext\sunpkcs11.jar;C:\Program Files\Java\jdk1.8.0_65\jre\lib\ext\zipfs.jar;C:\Program Files\Java\jdk1.8.0_65\jre\lib\javaws.jar;C:\Program Files\Java\jdk1.8.0_65\jre\lib\jce.jar;C:\Program Files\Java\jdk1.8.0_65\jre\lib\jfr.jar;C:\Program Files\Java\jdk1.8.0_65\jre\lib\jfxswt.jar;C:\Program Files\Java\jdk1.8.0_65\jre\lib\jsse.jar;C:\Program Files\Java\jdk1.8.0_65\jre\lib\management-agent.jar;C:\Program Files\Java\jdk1.8.0_65\jre\lib\plugin.jar;C:\Program Files\Java\jdk1.8.0_65\jre\lib\resources.jar;C:\Program Files\Java\jdk1.8.0_65\jre\lib\rt.jar;D:\Code\Java\Projects\WireEngine20\out\production\WireEngine20;D:\Code\Java\Projects\WireEngine20\lib\jar\lwjgl.jar;D:\Program Files (x86)\JetBrains\IntelliJ IDEA 2016.1\lib\idea_rt.jar
Launcher Type: SUN_STANDARD

Environment Variables:
JAVA_HOME=C:\Program Files\Java\jdk1.8.0_65
PATH=C:\ProgramData\Oracle\Java\javapath;C:\Program Files (x86)\Razer Chroma SDK\bin;C:\Program Files\Razer Chroma SDK\bin;C:\Program Files (x86)\NVIDIA Corporation\PhysX\Common;C:\Program Files (x86)\Intel\iCLS Client\;C:\Program Files\Intel\iCLS Client\;C:\Windows\system32;C:\Windows;C:\Windows\System32\Wbem;C:\Windows\System32\WindowsPowerShell\v1.0\;C:\Program Files\Intel\Intel(R) Management Engine Components\DAL;C:\Program Files (x86)\Intel\Intel(R) Management Engine Components\DAL;C:\Program Files\Intel\Intel(R) Management Engine Components\IPT;C:\Program Files (x86)\Intel\Intel(R) Management Engine Components\IPT;C:\Program Files\Java\jre1.8.0_65\bin;C:\MinGW\bin;C:\WINDOWS\system32;C:\WINDOWS;C:\WINDOWS\System32\Wbem;C:\WINDOWS\System32\WindowsPowerShell\v1.0\;D:\Program Files (x86)\CMake\bin;D:\Program Files\Programs\Python\Python35-32;D:\Program Files\Programs\Python\Python35-32\Scripts;C:\Program Files (x86)\Skype\Phone\;D:\Program Files\Programs\Python\Python35-32\Scripts\;D:\Program Files\Programs\Python\Python35-32\
USERNAME=Kelan
OS=Windows_NT
PROCESSOR_IDENTIFIER=Intel64 Family 6 Model 60 Stepping 3, GenuineIntel



---------------  S Y S T E M  ---------------

OS: Windows 10.0 , 64 bit Build 10586 (10.0.10586.0)

CPU:total 8 (4 cores per cpu, 2 threads per core) family 6 model 60 stepping 3, cmov, cx8, fxsr, mmx, sse, sse2, sse3, ssse3, sse4.1, sse4.2, popcnt, avx, avx2, aes, clmul, erms, lzcnt, ht, tsc, tscinvbit, bmi1, bmi2

Memory: 4k page, physical 16609500k(5347516k free), swap 33386716k(19330424k free)

vm_info: Java HotSpot(TM) 64-Bit Server VM (25.65-b01) for windows-amd64 JRE (1.8.0_65-b17), built on Oct  6 2015 16:39:20 by "java_re" with MS VC++ 10.0 (VS2010)

time: Sat Apr 09 16:54:25 2016
elapsed time: 1 seconds (0d 0h 0m 1s)

