#
# A fatal error has been detected by the Java Runtime Environment:
#
#  EXCEPTION_ACCESS_VIOLATION (0xc0000005) at pc=0x00007ffdd3df24b9, pid=14224, tid=5280
#
# JRE version: Java(TM) SE Runtime Environment (8.0_65-b17) (build 1.8.0_65-b17)
# Java VM: Java HotSpot(TM) 64-Bit Server VM (25.65-b01 mixed mode windows-amd64 compressed oops)
# Problematic frame:
# C  [glfw.dll+0x24b9]
#
# Failed to write core dump. Minidumps are not enabled by default on client versions of Windows
#
# If you would like to submit a bug report, please visit:
#   http://bugreport.java.com/bugreport/crash.jsp
# The crash happened outside the Java Virtual Machine in native code.
# See problematic frame for where to report the bug.
#

---------------  T H R E A D  ---------------

Current thread (0x000000001e1b6000):  JavaThread "CLIENT" [_thread_in_native, id=5280, stack(0x000000001eec0000,0x000000001efc0000)]

siginfo: ExceptionCode=0xc0000005, reading address 0x0000000000000000

Registers:
RAX=0x0000000000000000, RBX=0x000000001b976d70, RCX=0x0000000000000000, RDX=0x0000000000000000
RSP=0x000000001efbed30, RBP=0x000000001efbede0, RSI=0x0000000000000108, RDI=0x0000000000a26d60
R8 =0x000000001efbed28, R9 =0x000000001efbede0, R10=0x0000000000000000, R11=0x0000000000000246
R12=0x0000000000000000, R13=0x000000001b976d70, R14=0x000000001efbee18, R15=0x000000001e1b6000
RIP=0x00007ffdd3df24b9, EFLAGS=0x0000000000010287

Top of Stack: (sp=0x000000001efbed30)
0x000000001efbed30:   000000001e1b6000 000000001e1b6000
0x000000001efbed40:   000000001b990ce0 000000007052d610
0x000000001efbed50:   0000000000000088 000000000252dfcc
0x000000001efbed60:   000000001b976d70 000000001bf01680
0x000000001efbed70:   000000000000000e 000000001e1b6000
0x000000001efbed80:   000000001b990ce0 000000007052aea4
0x000000001efbed90:   000000001e1b6000 000000001e1b6000
0x000000001efbeda0:   000000001efbeda0 0000000000000000
0x000000001efbedb0:   000000001efbee18 000000001b977510
0x000000001efbedc0:   0000000000000000 000000001b976d70
0x000000001efbedd0:   0000000000000000 000000001efbee00
0x000000001efbede0:   000000001efbee60 0000000002517d8d
0x000000001efbedf0:   00000006c2804368 00000000025242f8
0x000000001efbee00:   0000000000a26d60 00000000025178a0
0x000000001efbee10:   00007ffdd3df2420 0000000000000001
0x000000001efbee20:   000000001efbee20 000000001b990cb4 

Instructions: (pc=0x00007ffdd3df24b9)
0x00007ffdd3df2499:   48 8b cf e8 1f 3a 00 00 48 39 3d f0 d5 02 00 48
0x00007ffdd3df24a9:   8d 0d e9 d5 02 00 48 8b 5c 24 30 74 08 48 8b 09
0x00007ffdd3df24b9:   48 39 39 75 f8 48 8b 07 48 89 01 48 8b cf 48 83
0x00007ffdd3df24c9:   c4 20 5f e9 5b fe 00 00 48 83 c4 20 5f c3 cc cc 


Register to memory mapping:

RAX=0x0000000000000000 is an unknown value
RBX={method} {0x000000001b976d78} 'invokePV' '(JJ)V' in 'org/lwjgl/system/JNI'
RCX=0x0000000000000000 is an unknown value
RDX=0x0000000000000000 is an unknown value
RSP=0x000000001efbed30 is pointing into the stack for thread: 0x000000001e1b6000
RBP=0x000000001efbede0 is pointing into the stack for thread: 0x000000001e1b6000
RSI=0x0000000000000108 is an unknown value
RDI=0x0000000000a26d60 is an unknown value
R8 =0x000000001efbed28 is pointing into the stack for thread: 0x000000001e1b6000
R9 =0x000000001efbede0 is pointing into the stack for thread: 0x000000001e1b6000
R10=0x0000000000000000 is an unknown value
R11=0x0000000000000246 is an unknown value
R12=0x0000000000000000 is an unknown value
R13={method} {0x000000001b976d78} 'invokePV' '(JJ)V' in 'org/lwjgl/system/JNI'
R14=0x000000001efbee18 is pointing into the stack for thread: 0x000000001e1b6000
R15=0x000000001e1b6000 is a thread


Stack: [0x000000001eec0000,0x000000001efc0000],  sp=0x000000001efbed30,  free space=1019k
Native frames: (J=compiled Java code, j=interpreted, Vv=VM code, C=native code)
C  [glfw.dll+0x24b9]
C  0x000000000252dfcc

Java frames: (J=compiled Java code, j=interpreted, Vv=VM code)
j  org.lwjgl.system.JNI.invokePV(JJ)V+0
j  org.lwjgl.glfw.GLFW.glfwDestroyCursor(J)V+20
j  main.client.Window.destroyWindow()V+9
j  main.coreEngine.Engine.stop()V+70
j  main.client.Window.update()V+43
j  main.client.renderEngine.RenderEngine.render()V+29
j  main.client.ClientThread.tick()V+12
J 429% C1 main.coreEngine.TickableThread.run()V (481 bytes) @ 0x000000000276759c [0x0000000002762cc0+0x48dc]
v  ~StubRoutines::call_stub

---------------  P R O C E S S  ---------------

Java Threads: ( => current thread )
  0x000000001e1b7000 JavaThread "SERVER" [_thread_in_Java, id=13924, stack(0x000000001efc0000,0x000000001f0c0000)]
=>0x000000001e1b6000 JavaThread "CLIENT" [_thread_in_native, id=5280, stack(0x000000001eec0000,0x000000001efc0000)]
  0x000000001e0b9800 JavaThread "Service Thread" daemon [_thread_blocked, id=7308, stack(0x000000001ecc0000,0x000000001edc0000)]
  0x000000001e024000 JavaThread "C1 CompilerThread3" daemon [_thread_blocked, id=12032, stack(0x000000001ebc0000,0x000000001ecc0000)]
  0x000000001e017000 JavaThread "C2 CompilerThread2" daemon [_thread_blocked, id=4232, stack(0x000000001eac0000,0x000000001ebc0000)]
  0x000000001e016000 JavaThread "C2 CompilerThread1" daemon [_thread_blocked, id=2376, stack(0x000000001e9c0000,0x000000001eac0000)]
  0x000000001e01b000 JavaThread "C2 CompilerThread0" daemon [_thread_blocked, id=8764, stack(0x000000001e8c0000,0x000000001e9c0000)]
  0x000000001e000000 JavaThread "JDWP Command Reader" daemon [_thread_in_native, id=12644, stack(0x000000001e7c0000,0x000000001e8c0000)]
  0x000000001dfff000 JavaThread "JDWP Event Helper Thread" daemon [_thread_blocked, id=12416, stack(0x000000001e6c0000,0x000000001e7c0000)]
  0x000000001dff1800 JavaThread "JDWP Transport Listener: dt_socket" daemon [_thread_blocked, id=9844, stack(0x000000001e5c0000,0x000000001e6c0000)]
  0x000000001dfe7800 JavaThread "Attach Listener" daemon [_thread_blocked, id=7304, stack(0x000000001e4c0000,0x000000001e5c0000)]
  0x000000001dfe6800 JavaThread "Signal Dispatcher" daemon [_thread_blocked, id=7900, stack(0x000000001e3c0000,0x000000001e4c0000)]
  0x000000000250b000 JavaThread "Finalizer" daemon [_thread_blocked, id=7956, stack(0x000000001ddd0000,0x000000001ded0000)]
  0x000000001befd800 JavaThread "Reference Handler" daemon [_thread_blocked, id=2236, stack(0x000000001dcd0000,0x000000001ddd0000)]
  0x00000000009ae000 JavaThread "main" [_thread_in_Java, id=10192, stack(0x0000000002310000,0x0000000002410000)]

Other Threads:
  0x000000001bef9000 VMThread [stack: 0x000000001dbd0000,0x000000001dcd0000] [id=12560]
  0x000000001e0c4000 WatcherThread [stack: 0x000000001edc0000,0x000000001eec0000] [id=13228]

VM state:not at safepoint (normal execution)

VM Mutex/Monitor currently owned by a thread: None

Heap:
 PSYoungGen      total 222208K, used 7458K [0x000000076b800000, 0x000000077b580000, 0x00000007c0000000)
  eden space 221696K, 3% used [0x000000076b800000,0x000000076bf28a30,0x0000000779080000)
  from space 512K, 25% used [0x000000077b500000,0x000000077b520000,0x000000077b580000)
  to   space 2560K, 0% used [0x000000077b080000,0x000000077b080000,0x000000077b300000)
 ParOldGen       total 173568K, used 1244K [0x00000006c2800000, 0x00000006cd180000, 0x000000076b800000)
  object space 173568K, 0% used [0x00000006c2800000,0x00000006c2937060,0x00000006cd180000)
 Metaspace       used 7949K, capacity 8486K, committed 8704K, reserved 1056768K
  class space    used 642K, capacity 658K, committed 768K, reserved 1048576K

Card table byte_map: [0x00000000118d0000,0x00000000120c0000] byte_map_base: 0x000000000e2bc000

Marking Bits: (ParMarkBitMap*) 0x0000000070c0a5b0
 Begin Bits: [0x0000000012e10000, 0x0000000016d70000)
 End Bits:   [0x0000000016d70000, 0x000000001acd0000)

Polling page: 0x0000000000970000

CodeCache: size=245760Kb used=2591Kb max_used=2610Kb free=243168Kb
 bounds [0x0000000002510000, 0x00000000027b0000, 0x0000000011510000]
 total_blobs=1109 nmethods=466 adapters=564
 compilation: enabled

Compilation events (10 events):
Event: 0.931 Thread 0x000000001e024000 nmethod 461 0x000000000276fb10 code [0x000000000276fc80, 0x000000000276fee8]
Event: 0.937 Thread 0x000000001e017000 nmethod 458% 0x000000000279c090 code [0x000000000279c4c0, 0x000000000279fe68]
Event: 0.938 Thread 0x000000001e01b000  462       4       java.util.ArrayList::get (11 bytes)
Event: 0.938 Thread 0x000000001e024000  463       3       org.lwjgl.opengl.GL11::getInstance (7 bytes)
Event: 0.939 Thread 0x000000001e024000 nmethod 463 0x000000000276f010 code [0x000000000276f1e0, 0x000000000276f808]
Event: 0.939 Thread 0x000000001e024000  464       3       org.lwjgl.opengl.GL11::getInstance (11 bytes)
Event: 0.939 Thread 0x000000001e024000 nmethod 464 0x0000000002785a50 code [0x0000000002785be0, 0x0000000002785ea8]
Event: 0.939 Thread 0x000000001e01b000 nmethod 462 0x000000000277b250 code [0x000000000277b3a0, 0x000000000277b4b8]
Event: 1.055 Thread 0x000000001e017000  466       4       java.util.ArrayList::set (20 bytes)
Event: 1.056 Thread 0x000000001e017000 nmethod 466 0x0000000002782890 code [0x00000000027829e0, 0x0000000002782b58]

GC Heap History (10 events):
Event: 0.582 GC heap before
{Heap before GC invocations=6 (full 0):
 PSYoungGen      total 140800K, used 132144K [0x000000076b800000, 0x000000077ba00000, 0x00000007c0000000)
  eden space 130048K, 100% used [0x000000076b800000,0x0000000773700000,0x0000000773700000)
  from space 10752K, 19% used [0x0000000773700000,0x000000077390c218,0x0000000774180000)
  to   space 2048K, 0% used [0x000000077b800000,0x000000077b800000,0x000000077ba00000)
 ParOldGen       total 173568K, used 24K [0x00000006c2800000, 0x00000006cd180000, 0x000000076b800000)
  object space 173568K, 0% used [0x00000006c2800000,0x00000006c2806000,0x00000006cd180000)
 Metaspace       used 7362K, capacity 7942K, committed 8064K, reserved 1056768K
  class space    used 598K, capacity 626K, committed 640K, reserved 1048576K
Event: 0.584 GC heap after
Heap after GC invocations=6 (full 0):
 PSYoungGen      total 261632K, used 1750K [0x000000076b800000, 0x000000077bb00000, 0x00000007c0000000)
  eden space 259584K, 0% used [0x000000076b800000,0x000000076b800000,0x000000077b580000)
  from space 2048K, 85% used [0x000000077b800000,0x000000077b9b5bb0,0x000000077ba00000)
  to   space 2560K, 0% used [0x000000077b580000,0x000000077b580000,0x000000077b800000)
 ParOldGen       total 173568K, used 32K [0x00000006c2800000, 0x00000006cd180000, 0x000000076b800000)
  object space 173568K, 0% used [0x00000006c2800000,0x00000006c2808000,0x00000006cd180000)
 Metaspace       used 7362K, capacity 7942K, committed 8064K, reserved 1056768K
  class space    used 598K, capacity 626K, committed 640K, reserved 1048576K
}
Event: 0.966 GC heap before
{Heap before GC invocations=7 (full 0):
 PSYoungGen      total 261632K, used 261334K [0x000000076b800000, 0x000000077bb00000, 0x00000007c0000000)
  eden space 259584K, 100% used [0x000000076b800000,0x000000077b580000,0x000000077b580000)
  from space 2048K, 85% used [0x000000077b800000,0x000000077b9b5bb0,0x000000077ba00000)
  to   space 2560K, 0% used [0x000000077b580000,0x000000077b580000,0x000000077b800000)
 ParOldGen       total 173568K, used 32K [0x00000006c2800000, 0x00000006cd180000, 0x000000076b800000)
  object space 173568K, 0% used [0x00000006c2800000,0x00000006c2808000,0x00000006cd180000)
 Metaspace       used 7949K, capacity 8486K, committed 8704K, reserved 1056768K
  class space    used 642K, capacity 658K, committed 768K, reserved 1048576K
Event: 0.967 GC heap after
Heap after GC invocations=7 (full 0):
 PSYoungGen      total 250880K, used 1070K [0x000000076b800000, 0x000000077b880000, 0x00000007c0000000)
  eden space 249344K, 0% used [0x000000076b800000,0x000000076b800000,0x000000077ab80000)
  from space 1536K, 69% used [0x000000077b580000,0x000000077b68ba88,0x000000077b700000)
  to   space 1536K, 0% used [0x000000077b700000,0x000000077b700000,0x000000077b880000)
 ParOldGen       total 173568K, used 668K [0x00000006c2800000, 0x00000006cd180000, 0x000000076b800000)
  object space 173568K, 0% used [0x00000006c2800000,0x00000006c28a7060,0x00000006cd180000)
 Metaspace       used 7949K, capacity 8486K, committed 8704K, reserved 1056768K
  class space    used 642K, capacity 658K, committed 768K, reserved 1048576K
}
Event: 1.154 GC heap before
{Heap before GC invocations=8 (full 0):
 PSYoungGen      total 250880K, used 250414K [0x000000076b800000, 0x000000077b880000, 0x00000007c0000000)
  eden space 249344K, 100% used [0x000000076b800000,0x000000077ab80000,0x000000077ab80000)
  from space 1536K, 69% used [0x000000077b580000,0x000000077b68ba88,0x000000077b700000)
  to   space 1536K, 0% used [0x000000077b700000,0x000000077b700000,0x000000077b880000)
 ParOldGen       total 173568K, used 668K [0x00000006c2800000, 0x00000006cd180000, 0x000000076b800000)
  object space 173568K, 0% used [0x00000006c2800000,0x00000006c28a7060,0x00000006cd180000)
 Metaspace       used 7949K, capacity 8486K, committed 8704K, reserved 1056768K
  class space    used 642K, capacity 658K, committed 768K, reserved 1048576K
Event: 1.155 GC heap after
Heap after GC invocations=8 (full 0):
 PSYoungGen      total 240128K, used 512K [0x000000076b800000, 0x000000077b780000, 0x00000007c0000000)
  eden space 239616K, 0% used [0x000000076b800000,0x000000076b800000,0x000000077a200000)
  from space 512K, 100% used [0x000000077b700000,0x000000077b780000,0x000000077b780000)
  to   space 2560K, 0% used [0x000000077b280000,0x000000077b280000,0x000000077b500000)
 ParOldGen       total 173568K, used 804K [0x00000006c2800000, 0x00000006cd180000, 0x000000076b800000)
  object space 173568K, 0% used [0x00000006c2800000,0x00000006c28c9060,0x00000006cd180000)
 Metaspace       used 7949K, capacity 8486K, committed 8704K, reserved 1056768K
  class space    used 642K, capacity 658K, committed 768K, reserved 1048576K
}
Event: 1.326 GC heap before
{Heap before GC invocations=9 (full 0):
 PSYoungGen      total 240128K, used 240128K [0x000000076b800000, 0x000000077b780000, 0x00000007c0000000)
  eden space 239616K, 100% used [0x000000076b800000,0x000000077a200000,0x000000077a200000)
  from space 512K, 100% used [0x000000077b700000,0x000000077b780000,0x000000077b780000)
  to   space 2560K, 0% used [0x000000077b280000,0x000000077b280000,0x000000077b500000)
 ParOldGen       total 173568K, used 804K [0x00000006c2800000, 0x00000006cd180000, 0x000000076b800000)
  object space 173568K, 0% used [0x00000006c2800000,0x00000006c28c9060,0x00000006cd180000)
 Metaspace       used 7949K, capacity 8486K, committed 8704K, reserved 1056768K
  class space    used 642K, capacity 658K, committed 768K, reserved 1048576K
Event: 1.327 GC heap after
Heap after GC invocations=9 (full 0):
 PSYoungGen      total 232960K, used 224K [0x000000076b800000, 0x000000077b780000, 0x00000007c0000000)
  eden space 230400K, 0% used [0x000000076b800000,0x000000076b800000,0x0000000779900000)
  from space 2560K, 8% used [0x000000077b280000,0x000000077b2b8000,0x000000077b500000)
  to   space 2560K, 0% used [0x000000077b500000,0x000000077b500000,0x000000077b780000)
 ParOldGen       total 173568K, used 1116K [0x00000006c2800000, 0x00000006cd180000, 0x000000076b800000)
  object space 173568K, 0% used [0x00000006c2800000,0x00000006c2917060,0x00000006cd180000)
 Metaspace       used 7949K, capacity 8486K, committed 8704K, reserved 1056768K
  class space    used 642K, capacity 658K, committed 768K, reserved 1048576K
}
Event: 1.531 GC heap before
{Heap before GC invocations=10 (full 0):
 PSYoungGen      total 232960K, used 230624K [0x000000076b800000, 0x000000077b780000, 0x00000007c0000000)
  eden space 230400K, 100% used [0x000000076b800000,0x0000000779900000,0x0000000779900000)
  from space 2560K, 8% used [0x000000077b280000,0x000000077b2b8000,0x000000077b500000)
  to   space 2560K, 0% used [0x000000077b500000,0x000000077b500000,0x000000077b780000)
 ParOldGen       total 173568K, used 1116K [0x00000006c2800000, 0x00000006cd180000, 0x000000076b800000)
  object space 173568K, 0% used [0x00000006c2800000,0x00000006c2917060,0x00000006cd180000)
 Metaspace       used 7949K, capacity 8486K, committed 8704K, reserved 1056768K
  class space    used 642K, capacity 658K, committed 768K, reserved 1048576K
Event: 1.532 GC heap after
Heap after GC invocations=10 (full 0):
 PSYoungGen      total 222208K, used 128K [0x000000076b800000, 0x000000077b580000, 0x00000007c0000000)
  eden space 221696K, 0% used [0x000000076b800000,0x000000076b800000,0x0000000779080000)
  from space 512K, 25% used [0x000000077b500000,0x000000077b520000,0x000000077b580000)
  to   space 2560K, 0% used [0x000000077b080000,0x000000077b080000,0x000000077b300000)
 ParOldGen       total 173568K, used 1244K [0x00000006c2800000, 0x00000006cd180000, 0x000000076b800000)
  object space 173568K, 0% used [0x00000006c2800000,0x00000006c2937060,0x00000006cd180000)
 Metaspace       used 7949K, capacity 8486K, committed 8704K, reserved 1056768K
  class space    used 642K, capacity 658K, committed 768K, reserved 1048576K
}

Deoptimization events (10 events):
Event: 0.336 Thread 0x000000001e1b6000 Uncommon trap: reason=bimorphic action=maybe_recompile pc=0x0000000002657674 method=java.util.HashMap.getNode(ILjava/lang/Object;)Ljava/util/HashMap$Node; @ 126
Event: 0.337 Thread 0x000000001e1b6000 Uncommon trap: reason=bimorphic action=maybe_recompile pc=0x0000000002657674 method=java.util.HashMap.getNode(ILjava/lang/Object;)Ljava/util/HashMap$Node; @ 126
Event: 0.344 Thread 0x000000001e1b6000 Uncommon trap: reason=unstable_if action=reinterpret pc=0x000000000264a058 method=java.util.HashMap.keySet()Ljava/util/Set; @ 6
Event: 0.689 Thread 0x000000001e1b6000 Uncommon trap: reason=unstable_if action=reinterpret pc=0x000000000264f204 method=java.util.HashMap.clear()V @ 16
Event: 0.689 Thread 0x000000001e1b6000 Uncommon trap: reason=unstable_if action=reinterpret pc=0x0000000002649e18 method=java.util.HashMap.clear()V @ 16
Event: 0.689 Thread 0x000000001e1b6000 Uncommon trap: reason=unstable_if action=reinterpret pc=0x000000000267d618 method=java.util.HashMap.clear()V @ 16
Event: 0.689 Thread 0x00000000009ae000 Uncommon trap: reason=unstable_if action=reinterpret pc=0x000000000267ecf0 method=main.coreEngine.TickableThread.invoke(Ljava/lang/String;[Ljava/lang/Object;)V @ 53
Event: 0.689 Thread 0x000000001e1b7000 Uncommon trap: reason=unstable_if action=reinterpret pc=0x000000000267d5f4 method=main.coreEngine.TickableThread.run()V @ 58
Event: 0.746 Thread 0x00000000009ae000 Uncommon trap: reason=unstable_if action=reinterpret pc=0x000000000277ce70 method=main.coreEngine.Engine.start()V @ 163
Event: 0.821 Thread 0x000000001e1b7000 Uncommon trap: reason=unstable_if action=reinterpret pc=0x0000000002787f60 method=main.coreEngine.TickableThread.run()V @ 461

Internal exceptions (9 events):
Event: 0.024 Thread 0x00000000009ae000 Exception <a 'java/lang/NoSuchMethodError': Method sun.misc.Unsafe.defineClass(Ljava/lang/String;[BII)Ljava/lang/Class; name or signature does not match> (0x000000076b80d9b8) thrown at [C:\workspace\8-2-build-windows-amd64-cygwin\jdk8u65\4987\hotspot\src\sqÚ3”ò?
Event: 0.024 Thread 0x00000000009ae000 Exception <a 'java/lang/NoSuchMethodError': Method sun.misc.Unsafe.prefetchRead(Ljava/lang/Object;J)V name or signature does not match> (0x000000076b80dca0) thrown at [C:\workspace\8-2-build-windows-amd64-cygwin\jdk8u65\4987\hotspot\src\share\vm\prims\jni.û›Ë¬du√?
Event: 0.152 Thread 0x000000001e1b6000 Exception <a 'java/lang/ArrayIndexOutOfBoundsException': -1> (0x000000076e7005a8) thrown at [C:\workspace\8-2-build-windows-amd64-cygwin\jdk8u65\4987\hotspot\src\share\vm\interpreter\interpreterRuntime.cpp, line 366]
Event: 0.336 Thread 0x000000001e1b6000 Implicit null exception at 0x000000000265d2d9 to 0x000000000265d675
Event: 0.337 Thread 0x000000001e1b6000 Exception <a 'java/security/PrivilegedActionException'> (0x000000076d0c1630) thrown at [C:\workspace\8-2-build-windows-amd64-cygwin\jdk8u65\4987\hotspot\src\share\vm\prims\jvm.cpp, line 1386]
Event: 0.337 Thread 0x000000001e1b6000 Exception <a 'java/security/PrivilegedActionException'> (0x000000076d0c1a28) thrown at [C:\workspace\8-2-build-windows-amd64-cygwin\jdk8u65\4987\hotspot\src\share\vm\prims\jvm.cpp, line 1386]
Event: 0.337 Thread 0x000000001e1b6000 Exception <a 'java/security/PrivilegedActionException'> (0x000000076d0c5c40) thrown at [C:\workspace\8-2-build-windows-amd64-cygwin\jdk8u65\4987\hotspot\src\share\vm\prims\jvm.cpp, line 1386]
Event: 0.337 Thread 0x000000001e1b6000 Exception <a 'java/security/PrivilegedActionException'> (0x000000076d0c6038) thrown at [C:\workspace\8-2-build-windows-amd64-cygwin\jdk8u65\4987\hotspot\src\share\vm\prims\jvm.cpp, line 1386]
Event: 0.689 Thread 0x00000000009ae000 Implicit null exception at 0x000000000267e6fc to 0x000000000267ecc9

Events (10 events):
Event: 0.937 Thread 0x000000001e1b7000 DEOPT PACKING pc=0x00000000027927a1 sp=0x000000001f0bf380
Event: 0.937 Thread 0x000000001e1b7000 DEOPT UNPACKING pc=0x000000000255787f sp=0x000000001f0bf1b0 mode 0
Event: 0.966 Executing VM operation: ParallelGCFailedAllocation
Event: 0.967 Executing VM operation: ParallelGCFailedAllocation done
Event: 1.154 Executing VM operation: ParallelGCFailedAllocation
Event: 1.155 Executing VM operation: ParallelGCFailedAllocation done
Event: 1.326 Executing VM operation: ParallelGCFailedAllocation
Event: 1.327 Executing VM operation: ParallelGCFailedAllocation done
Event: 1.531 Executing VM operation: ParallelGCFailedAllocation
Event: 1.532 Executing VM operation: ParallelGCFailedAllocation done


Dynamic libraries:
0x00007ff7d2c20000 - 0x00007ff7d2c57000 	C:\Program Files\Java\jdk1.8.0_65\bin\java.exe
0x00007ffde4980000 - 0x00007ffde4b41000 	C:\WINDOWS\SYSTEM32\ntdll.dll
0x00007ffde42a0000 - 0x00007ffde434d000 	C:\WINDOWS\system32\KERNEL32.DLL
0x00007ffde19f0000 - 0x00007ffde1bd8000 	C:\WINDOWS\system32\KERNELBASE.dll
0x00007ffde1e70000 - 0x00007ffde1f17000 	C:\WINDOWS\system32\ADVAPI32.dll
0x00007ffde3800000 - 0x00007ffde389d000 	C:\WINDOWS\system32\msvcrt.dll
0x00007ffde1e10000 - 0x00007ffde1e6b000 	C:\WINDOWS\system32\sechost.dll
0x00007ffde3bd0000 - 0x00007ffde3cec000 	C:\WINDOWS\system32\RPCRT4.dll
0x00007ffde3fe0000 - 0x00007ffde4136000 	C:\WINDOWS\system32\USER32.dll
0x00007ffde3cf0000 - 0x00007ffde3e76000 	C:\WINDOWS\system32\GDI32.dll
0x00007ffddd690000 - 0x00007ffddd904000 	C:\WINDOWS\WinSxS\amd64_microsoft.windows.common-controls_6595b64144ccf1df_6.0.10586.0_none_8c15ae12515e1c22\COMCTL32.dll
0x00007ffde3950000 - 0x00007ffde3bcd000 	C:\WINDOWS\system32\combase.dll
0x00007ffde1cf0000 - 0x00007ffde1d5a000 	C:\WINDOWS\system32\bcryptPrimitives.dll
0x00007ffde1dc0000 - 0x00007ffde1dfb000 	C:\WINDOWS\system32\IMM32.DLL
0x0000000070c90000 - 0x0000000070d62000 	C:\Program Files\Java\jdk1.8.0_65\jre\bin\msvcr100.dll
0x0000000070400000 - 0x0000000070c89000 	C:\Program Files\Java\jdk1.8.0_65\jre\bin\server\jvm.dll
0x00007ffde4290000 - 0x00007ffde4298000 	C:\WINDOWS\system32\PSAPI.DLL
0x00007ffdd8550000 - 0x00007ffdd8559000 	C:\WINDOWS\SYSTEM32\WSOCK32.dll
0x00007ffddd9c0000 - 0x00007ffddd9ca000 	C:\WINDOWS\SYSTEM32\VERSION.dll
0x00007ffddf730000 - 0x00007ffddf753000 	C:\WINDOWS\SYSTEM32\WINMM.dll
0x00007ffde4470000 - 0x00007ffde44db000 	C:\WINDOWS\system32\WS2_32.dll
0x00007ffddf6d0000 - 0x00007ffddf6fc000 	C:\WINDOWS\SYSTEM32\WINMMBASE.dll
0x00007ffde1be0000 - 0x00007ffde1c23000 	C:\WINDOWS\system32\cfgmgr32.dll
0x00000000703f0000 - 0x00000000703ff000 	C:\Program Files\Java\jdk1.8.0_65\jre\bin\verify.dll
0x00000000703c0000 - 0x00000000703e9000 	C:\Program Files\Java\jdk1.8.0_65\jre\bin\java.dll
0x0000000070380000 - 0x00000000703b5000 	C:\Program Files\Java\jdk1.8.0_65\jre\bin\jdwp.dll
0x0000000070370000 - 0x0000000070378000 	C:\Program Files\Java\jdk1.8.0_65\jre\bin\npt.dll
0x0000000070350000 - 0x0000000070366000 	C:\Program Files\Java\jdk1.8.0_65\jre\bin\zip.dll
0x00007ffde1f80000 - 0x00007ffde34dc000 	C:\WINDOWS\system32\SHELL32.dll
0x00007ffde11d0000 - 0x00007ffde1815000 	C:\WINDOWS\system32\windows.storage.dll
0x00007ffde36b0000 - 0x00007ffde3702000 	C:\WINDOWS\system32\shlwapi.dll
0x00007ffde0fb0000 - 0x00007ffde0fbf000 	C:\WINDOWS\system32\kernel.appcore.dll
0x00007ffde1c30000 - 0x00007ffde1ce5000 	C:\WINDOWS\system32\shcore.dll
0x00007ffde0fc0000 - 0x00007ffde100b000 	C:\WINDOWS\system32\powrprof.dll
0x00007ffde0f80000 - 0x00007ffde0f94000 	C:\WINDOWS\system32\profapi.dll
0x0000000070340000 - 0x0000000070349000 	C:\Program Files\Java\jdk1.8.0_65\jre\bin\dt_socket.dll
0x00007ffde08b0000 - 0x00007ffde090c000 	C:\WINDOWS\system32\mswsock.dll
0x00007ffdd2a90000 - 0x00007ffdd2b18000 	D:\Code\Java\Projects\WireEngine20\lib\native\lwjgl.dll
0x00007ffde0a80000 - 0x00007ffde0a8b000 	C:\WINDOWS\SYSTEM32\CRYPTBASE.DLL
0x00007ffdd4190000 - 0x00007ffdd41d2000 	D:\Code\Java\Projects\WireEngine20\lib\native\jemalloc.dll
0x00007ffdd3df0000 - 0x00007ffdd3e28000 	D:\Code\Java\Projects\WireEngine20\lib\native\glfw.dll
0x00007ffddf850000 - 0x00007ffddf8e6000 	C:\WINDOWS\system32\uxtheme.dll
0x00007ffdde650000 - 0x00007ffdde672000 	C:\WINDOWS\SYSTEM32\dwmapi.dll
0x00007ffdc9d10000 - 0x00007ffdc9e39000 	C:\WINDOWS\SYSTEM32\opengl32.dll
0x00007ffdcc690000 - 0x00007ffdcc6be000 	C:\WINDOWS\SYSTEM32\GLU32.dll
0x00007ffdc8ba0000 - 0x00007ffdc8c9a000 	C:\WINDOWS\SYSTEM32\DDRAW.dll
0x00007ffdd3d80000 - 0x00007ffdd3d88000 	C:\WINDOWS\SYSTEM32\DCIMAN32.dll
0x00007ffde3e80000 - 0x00007ffde3fda000 	C:\WINDOWS\system32\MSCTF.dll
0x00007ffdc3f50000 - 0x00007ffdc3f99000 	C:\Program Files (x86)\TeamViewer\tv_x64.dll
0x00007ffde4140000 - 0x00007ffde4283000 	C:\WINDOWS\system32\ole32.dll
0x000000006e5f0000 - 0x0000000070339000 	C:\WINDOWS\SYSTEM32\nvoglv64.DLL
0x00007ffde4550000 - 0x00007ffde4979000 	C:\WINDOWS\system32\SETUPAPI.dll
0x00007ffddf2f0000 - 0x00007ffddf303000 	C:\WINDOWS\SYSTEM32\WTSAPI32.dll
0x00007ffddf9a0000 - 0x00007ffddf9c7000 	C:\WINDOWS\SYSTEM32\DEVOBJ.dll
0x00007ffde1170000 - 0x00007ffde11c5000 	C:\WINDOWS\system32\WINTRUST.dll
0x00007ffde0fa0000 - 0x00007ffde0fb0000 	C:\WINDOWS\system32\MSASN1.dll
0x00007ffde1820000 - 0x00007ffde19e7000 	C:\WINDOWS\system32\CRYPT32.dll
0x00007ffde04d0000 - 0x00007ffde0501000 	C:\WINDOWS\SYSTEM32\ntmarta.dll
0x00007ffde0220000 - 0x00007ffde0276000 	C:\WINDOWS\SYSTEM32\WINSTA.dll
0x00007ffde38a0000 - 0x00007ffde3947000 	C:\WINDOWS\system32\clbcatq.dll
0x00007ffdb9de0000 - 0x00007ffdb9f6c000 	C:\WINDOWS\SYSTEM32\dbghelp.dll

VM Arguments:
jvm_args: -agentlib:jdwp=transport=dt_socket,address=127.0.0.1:61512,suspend=y,server=n -Djava.library.path=lib/native/ -Dfile.encoding=UTF-8 
java_command: main.Main
java_class_path (initial): C:\Program Files\Java\jdk1.8.0_65\jre\lib\charsets.jar;C:\Program Files\Java\jdk1.8.0_65\jre\lib\deploy.jar;C:\Program Files\Java\jdk1.8.0_65\jre\lib\ext\access-bridge-64.jar;C:\Program Files\Java\jdk1.8.0_65\jre\lib\ext\cldrdata.jar;C:\Program Files\Java\jdk1.8.0_65\jre\lib\ext\dnsns.jar;C:\Program Files\Java\jdk1.8.0_65\jre\lib\ext\jaccess.jar;C:\Program Files\Java\jdk1.8.0_65\jre\lib\ext\jfxrt.jar;C:\Program Files\Java\jdk1.8.0_65\jre\lib\ext\localedata.jar;C:\Program Files\Java\jdk1.8.0_65\jre\lib\ext\nashorn.jar;C:\Program Files\Java\jdk1.8.0_65\jre\lib\ext\sunec.jar;C:\Program Files\Java\jdk1.8.0_65\jre\lib\ext\sunjce_provider.jar;C:\Program Files\Java\jdk1.8.0_65\jre\lib\ext\sunmscapi.jar;C:\Program Files\Java\jdk1.8.0_65\jre\lib\ext\sunpkcs11.jar;C:\Program Files\Java\jdk1.8.0_65\jre\lib\ext\zipfs.jar;C:\Program Files\Java\jdk1.8.0_65\jre\lib\javaws.jar;C:\Program Files\Java\jdk1.8.0_65\jre\lib\jce.jar;C:\Program Files\Java\jdk1.8.0_65\jre\lib\jfr.jar;C:\Program Files\Java\jdk1.8.0_65\jre\lib\jfxswt.jar;C:\Program Files\Java\jdk1.8.0_65\jre\lib\jsse.jar;C:\Program Files\Java\jdk1.8.0_65\jre\lib\management-agent.jar;C:\Program Files\Java\jdk1.8.0_65\jre\lib\plugin.jar;C:\Program Files\Java\jdk1.8.0_65\jre\lib\resources.jar;C:\Program Files\Java\jdk1.8.0_65\jre\lib\rt.jar;D:\Code\Java\Projects\WireEngine20\out\production\WireEngine20;D:\Code\Java\Projects\WireEngine20\lib\jar\lwjgl.jar;D:\Program Files (x86)\JetBrains\IntelliJ IDEA 2016.1\lib\idea_rt.jar
Launcher Type: SUN_STANDARD

Environment Variables:
JAVA_HOME=C:\Program Files\Java\jdk1.8.0_65
PATH=C:\ProgramData\Oracle\Java\javapath;C:\Program Files (x86)\Razer Chroma SDK\bin;C:\Program Files\Razer Chroma SDK\bin;C:\Program Files (x86)\NVIDIA Corporation\PhysX\Common;C:\Program Files (x86)\Intel\iCLS Client\;C:\Program Files\Intel\iCLS Client\;C:\Windows\system32;C:\Windows;C:\Windows\System32\Wbem;C:\Windows\System32\WindowsPowerShell\v1.0\;C:\Program Files\Intel\Intel(R) Management Engine Components\DAL;C:\Program Files (x86)\Intel\Intel(R) Management Engine Components\DAL;C:\Program Files\Intel\Intel(R) Management Engine Components\IPT;C:\Program Files (x86)\Intel\Intel(R) Management Engine Components\IPT;C:\Program Files\Java\jre1.8.0_65\bin;C:\MinGW\bin;C:\WINDOWS\system32;C:\WINDOWS;C:\WINDOWS\System32\Wbem;C:\WINDOWS\System32\WindowsPowerShell\v1.0\;D:\Program Files (x86)\CMake\bin;D:\Program Files\Programs\Python\Python35-32;D:\Program Files\Programs\Python\Python35-32\Scripts;C:\Program Files (x86)\Skype\Phone\;D:\Program Files\Programs\Python\Python35-32\Scripts\;D:\Program Files\Programs\Python\Python35-32\
USERNAME=Kelan
OS=Windows_NT
PROCESSOR_IDENTIFIER=Intel64 Family 6 Model 60 Stepping 3, GenuineIntel



---------------  S Y S T E M  ---------------

OS: Windows 10.0 , 64 bit Build 10586 (10.0.10586.0)

CPU:total 8 (4 cores per cpu, 2 threads per core) family 6 model 60 stepping 3, cmov, cx8, fxsr, mmx, sse, sse2, sse3, ssse3, sse4.1, sse4.2, popcnt, avx, avx2, aes, clmul, erms, lzcnt, ht, tsc, tscinvbit, bmi1, bmi2

Memory: 4k page, physical 16609500k(5445496k free), swap 33386716k(19486876k free)

vm_info: Java HotSpot(TM) 64-Bit Server VM (25.65-b01) for windows-amd64 JRE (1.8.0_65-b17), built on Oct  6 2015 16:39:20 by "java_re" with MS VC++ 10.0 (VS2010)

time: Sat Apr 09 16:45:09 2016
elapsed time: 1 seconds (0d 0h 0m 1s)

