#
# A fatal error has been detected by the Java Runtime Environment:
#
#  EXCEPTION_ACCESS_VIOLATION (0xc0000005) at pc=0x00007ffb31d024b9, pid=9000, tid=1444
#
# JRE version: Java(TM) SE Runtime Environment (8.0_65-b17) (build 1.8.0_65-b17)
# Java VM: Java HotSpot(TM) 64-Bit Server VM (25.65-b01 mixed mode windows-amd64 compressed oops)
# Problematic frame:
# C  [glfw.dll+0x24b9]
#
# Failed to write core dump. Minidumps are not enabled by default on client versions of Windows
#
# If you would like to submit a bug report, please visit:
#   http://bugreport.java.com/bugreport/crash.jsp
# The crash happened outside the Java Virtual Machine in native code.
# See problematic frame for where to report the bug.
#

---------------  T H R E A D  ---------------

Current thread (0x000000001e245000):  JavaThread "CLIENT" [_thread_in_native, id=1444, stack(0x000000001ef50000,0x000000001f050000)]

siginfo: ExceptionCode=0xc0000005, reading address 0x0000000000000000

Registers:
RAX=0x0000000000000000, RBX=0x000000001ba23030, RCX=0x0000000000000000, RDX=0x0000000000000000
RSP=0x000000001f04ee10, RBP=0x000000001f04eec8, RSI=0x0000000000000108, RDI=0x0000000000602270
R8 =0x000000001f04ee08, R9 =0x000000001f04eec8, R10=0x0000000000000000, R11=0x0000000000000246
R12=0x0000000000000000, R13=0x000000001ba23030, R14=0x000000001f04ef00, R15=0x000000001e245000
RIP=0x00007ffb31d024b9, EFLAGS=0x0000000000010287

Top of Stack: (sp=0x000000001f04ee10)
0x000000001f04ee10:   000000001e245000 000000001e245000
0x000000001f04ee20:   000000001e245000 000000001e245000
0x000000001f04ee30:   0000000000000c57 000000000261dfcc
0x000000001f04ee40:   000000001ba23030 000000006c7b5005
0x000000001f04ee50:   000000001b9c7bc8 000000001bfa2350
0x000000001f04ee60:   000000000000000e 000000001e245000
0x000000001f04ee70:   000000001ba3f0e8 000000006c6caea4
0x000000001f04ee80:   000000001e245000 000000001f04ee88
0x000000001f04ee90:   0000000000000000 000000001f04ef00
0x000000001f04eea0:   000000001ba237d0 0000000000000000
0x000000001f04eeb0:   000000001ba23030 0000000000000000
0x000000001f04eec0:   000000001f04eee8 000000001f04ef48
0x000000001f04eed0:   0000000002607d8d 00000006c2806098
0x000000001f04eee0:   00000000026142f8 0000000000602270
0x000000001f04eef0:   00000000026078a0 00007ffb31d02420
0x000000001f04ef00:   0000000000000001 000000001f04ef08 

Instructions: (pc=0x00007ffb31d024b9)
0x00007ffb31d02499:   48 8b cf e8 1f 3a 00 00 48 39 3d f0 d5 02 00 48
0x00007ffb31d024a9:   8d 0d e9 d5 02 00 48 8b 5c 24 30 74 08 48 8b 09
0x00007ffb31d024b9:   48 39 39 75 f8 48 8b 07 48 89 01 48 8b cf 48 83
0x00007ffb31d024c9:   c4 20 5f e9 5b fe 00 00 48 83 c4 20 5f c3 cc cc 


Register to memory mapping:

RAX=0x0000000000000000 is an unknown value
RBX={method} {0x000000001ba23038} 'invokePV' '(JJ)V' in 'org/lwjgl/system/JNI'
RCX=0x0000000000000000 is an unknown value
RDX=0x0000000000000000 is an unknown value
RSP=0x000000001f04ee10 is pointing into the stack for thread: 0x000000001e245000
RBP=0x000000001f04eec8 is pointing into the stack for thread: 0x000000001e245000
RSI=0x0000000000000108 is an unknown value
RDI=0x0000000000602270 is an unknown value
R8 =0x000000001f04ee08 is pointing into the stack for thread: 0x000000001e245000
R9 =0x000000001f04eec8 is pointing into the stack for thread: 0x000000001e245000
R10=0x0000000000000000 is an unknown value
R11=0x0000000000000246 is an unknown value
R12=0x0000000000000000 is an unknown value
R13={method} {0x000000001ba23038} 'invokePV' '(JJ)V' in 'org/lwjgl/system/JNI'
R14=0x000000001f04ef00 is pointing into the stack for thread: 0x000000001e245000
R15=0x000000001e245000 is a thread


Stack: [0x000000001ef50000,0x000000001f050000],  sp=0x000000001f04ee10,  free space=1019k
Native frames: (J=compiled Java code, j=interpreted, Vv=VM code, C=native code)
C  [glfw.dll+0x24b9]
C  0x000000000261dfcc

Java frames: (J=compiled Java code, j=interpreted, Vv=VM code)
j  org.lwjgl.system.JNI.invokePV(JJ)V+0
j  org.lwjgl.glfw.GLFW.glfwDestroyCursor(J)V+20
j  main.client.Window.destroyWindow()V+9
j  main.coreEngine.Engine.stop()V+70
j  main.client.Window.update()V+33
j  main.client.renderEngine.RenderEngine.render()V+38
j  main.client.ClientThread.tick()V+12
j  main.coreEngine.TickableThread.run()V+469
v  ~StubRoutines::call_stub

---------------  P R O C E S S  ---------------

Java Threads: ( => current thread )
  0x000000001e247000 JavaThread "SERVER" [_thread_in_Java, id=5476, stack(0x000000001f050000,0x000000001f150000)]
=>0x000000001e245000 JavaThread "CLIENT" [_thread_in_native, id=1444, stack(0x000000001ef50000,0x000000001f050000)]
  0x000000001e148000 JavaThread "Service Thread" daemon [_thread_blocked, id=10808, stack(0x000000001ed50000,0x000000001ee50000)]
  0x000000001e0b1800 JavaThread "C1 CompilerThread3" daemon [_thread_blocked, id=6192, stack(0x000000001ec50000,0x000000001ed50000)]
  0x000000001e0ab000 JavaThread "C2 CompilerThread2" daemon [_thread_blocked, id=10036, stack(0x000000001eb50000,0x000000001ec50000)]
  0x000000001e0a8000 JavaThread "C2 CompilerThread1" daemon [_thread_blocked, id=8472, stack(0x000000001ea50000,0x000000001eb50000)]
  0x000000001e0ae800 JavaThread "C2 CompilerThread0" daemon [_thread_blocked, id=11388, stack(0x000000001e950000,0x000000001ea50000)]
  0x000000001e094800 JavaThread "JDWP Command Reader" daemon [_thread_in_native, id=10124, stack(0x000000001e850000,0x000000001e950000)]
  0x000000001bfae800 JavaThread "JDWP Event Helper Thread" daemon [_thread_blocked, id=10172, stack(0x000000001e750000,0x000000001e850000)]
  0x000000001bfad800 JavaThread "JDWP Transport Listener: dt_socket" daemon [_thread_blocked, id=11268, stack(0x000000001e650000,0x000000001e750000)]
  0x000000001e07f000 JavaThread "Attach Listener" daemon [_thread_blocked, id=7344, stack(0x000000001e550000,0x000000001e650000)]
  0x000000001e07e000 JavaThread "Signal Dispatcher" daemon [_thread_blocked, id=8604, stack(0x000000001e450000,0x000000001e550000)]
  0x0000000000efb000 JavaThread "Finalizer" daemon [_thread_blocked, id=10604, stack(0x000000001de70000,0x000000001df70000)]
  0x000000001bf9d000 JavaThread "Reference Handler" daemon [_thread_blocked, id=10872, stack(0x000000001dd70000,0x000000001de70000)]
  0x0000000000dfe000 JavaThread "main" [_thread_in_Java, id=6844, stack(0x0000000000cd0000,0x0000000000dd0000)]

Other Threads:
  0x000000001bf98800 VMThread [stack: 0x000000001dc70000,0x000000001dd70000] [id=9472]
  0x000000001e16a000 WatcherThread [stack: 0x000000001ee50000,0x000000001ef50000] [id=7920]

VM state:not at safepoint (normal execution)

VM Mutex/Monitor currently owned by a thread: None

Heap:
 PSYoungGen      total 1058304K, used 941969K [0x000000076b800000, 0x00000007ace00000, 0x00000007c0000000)
  eden space 1046528K, 89% used [0x000000076b800000,0x00000007a4fac7a0,0x00000007ab600000)
  from space 11776K, 1% used [0x00000007ac280000,0x00000007ac2b8000,0x00000007ace00000)
  to   space 12288K, 0% used [0x00000007ab600000,0x00000007ab600000,0x00000007ac200000)
 ParOldGen       total 173568K, used 30864K [0x00000006c2800000, 0x00000006cd180000, 0x000000076b800000)
  object space 173568K, 17% used [0x00000006c2800000,0x00000006c4624250,0x00000006cd180000)
 Metaspace       used 8380K, capacity 8774K, committed 8960K, reserved 1056768K
  class space    used 661K, capacity 690K, committed 768K, reserved 1048576K

Card table byte_map: [0x00000000119c0000,0x00000000121b0000] byte_map_base: 0x000000000e3ac000

Marking Bits: (ParMarkBitMap*) 0x000000006cdaa5b0
 Begin Bits: [0x0000000012f00000, 0x0000000016e60000)
 End Bits:   [0x0000000016e60000, 0x000000001adc0000)

Polling page: 0x0000000000dd0000

CodeCache: size=245760Kb used=4438Kb max_used=4449Kb free=241321Kb
 bounds [0x0000000002600000, 0x0000000002a60000, 0x0000000011600000]
 total_blobs=1472 nmethods=814 adapters=579
 compilation: enabled

Compilation events (10 events):
Event: 3.579 Thread 0x000000001e0b1800  814       3       main.coreEngine.sceneGraph.components.ControllerComponent::tick (1 bytes)
Event: 3.579 Thread 0x000000001e0b1800 nmethod 814 0x0000000002a4e9d0 code [0x0000000002a4eb20, 0x0000000002a4ec70]
Event: 3.594 Thread 0x000000001e0b1800  815       3       main.coreEngine.sceneGraph.components.CameraComponent::input (1 bytes)
Event: 3.594 Thread 0x000000001e0b1800 nmethod 815 0x0000000002a4ed10 code [0x0000000002a4ee60, 0x0000000002a4efb0]
Event: 3.594 Thread 0x000000001e0b1800  816       3       main.coreEngine.sceneGraph.components.ControllerComponent::input (675 bytes)
Event: 3.598 Thread 0x000000001e0b1800 nmethod 816 0x0000000002a4f050 code [0x0000000002a4f860, 0x0000000002a560f8]
Event: 3.660 Thread 0x000000001e0a8000  817       4       java.nio.Bits::byteOrder (20 bytes)
Event: 3.661 Thread 0x000000001e0a8000 nmethod 817 0x0000000002906a50 code [0x0000000002906b80, 0x0000000002906bd8]
Event: 3.777 Thread 0x000000001e0ab000  818       4       java.nio.Buffer::limit (62 bytes)
Event: 3.777 Thread 0x000000001e0ab000 nmethod 818 0x0000000002a59f90 code [0x0000000002a5a0e0, 0x0000000002a5a1b8]

GC Heap History (10 events):
Event: 1.311 GC heap before
{Heap before GC invocations=10 (full 0):
 PSYoungGen      total 262144K, used 262123K [0x000000076b800000, 0x0000000785a80000, 0x00000007c0000000)
  eden space 260096K, 100% used [0x000000076b800000,0x000000077b600000,0x000000077b600000)
  from space 2048K, 99% used [0x000000077b600000,0x000000077b7faf60,0x000000077b800000)
  to   space 6144K, 0% used [0x0000000785480000,0x0000000785480000,0x0000000785a80000)
 ParOldGen       total 173568K, used 10588K [0x00000006c2800000, 0x00000006cd180000, 0x000000076b800000)
  object space 173568K, 6% used [0x00000006c2800000,0x00000006c3257060,0x00000006cd180000)
 Metaspace       used 8229K, capacity 8646K, committed 8960K, reserved 1056768K
  class space    used 655K, capacity 690K, committed 768K, reserved 1048576K
Event: 1.329 GC heap after
Heap after GC invocations=10 (full 0):
 PSYoungGen      total 414720K, used 6130K [0x000000076b800000, 0x0000000786980000, 0x00000007c0000000)
  eden space 408576K, 0% used [0x000000076b800000,0x000000076b800000,0x0000000784700000)
  from space 6144K, 99% used [0x0000000785480000,0x0000000785a7c988,0x0000000785a80000)
  to   space 13824K, 0% used [0x0000000784700000,0x0000000784700000,0x0000000785480000)
 ParOldGen       total 173568K, used 27712K [0x00000006c2800000, 0x00000006cd180000, 0x000000076b800000)
  object space 173568K, 15% used [0x00000006c2800000,0x00000006c4310070,0x00000006cd180000)
 Metaspace       used 8229K, capacity 8646K, committed 8960K, reserved 1056768K
  class space    used 655K, capacity 690K, committed 768K, reserved 1048576K
}
Event: 1.635 GC heap before
{Heap before GC invocations=11 (full 0):
 PSYoungGen      total 414720K, used 414706K [0x000000076b800000, 0x0000000786980000, 0x00000007c0000000)
  eden space 408576K, 100% used [0x000000076b800000,0x0000000784700000,0x0000000784700000)
  from space 6144K, 99% used [0x0000000785480000,0x0000000785a7c988,0x0000000785a80000)
  to   space 13824K, 0% used [0x0000000784700000,0x0000000784700000,0x0000000785480000)
 ParOldGen       total 173568K, used 27712K [0x00000006c2800000, 0x00000006cd180000, 0x000000076b800000)
  object space 173568K, 15% used [0x00000006c2800000,0x00000006c4310070,0x00000006cd180000)
 Metaspace       used 8320K, capacity 8710K, committed 8960K, reserved 1056768K
  class space    used 661K, capacity 690K, committed 768K, reserved 1048576K
Event: 1.641 GC heap after
Heap after GC invocations=11 (full 0):
 PSYoungGen      total 422400K, used 224K [0x000000076b800000, 0x0000000795080000, 0x00000007c0000000)
  eden space 408576K, 0% used [0x000000076b800000,0x000000076b800000,0x0000000784700000)
  from space 13824K, 1% used [0x0000000784700000,0x0000000784738000,0x0000000785480000)
  to   space 13312K, 0% used [0x0000000794380000,0x0000000794380000,0x0000000795080000)
 ParOldGen       total 173568K, used 30792K [0x00000006c2800000, 0x00000006cd180000, 0x000000076b800000)
  object space 173568K, 17% used [0x00000006c2800000,0x00000006c4612250,0x00000006cd180000)
 Metaspace       used 8320K, capacity 8710K, committed 8960K, reserved 1056768K
  class space    used 661K, capacity 690K, committed 768K, reserved 1048576K
}
Event: 1.982 GC heap before
{Heap before GC invocations=12 (full 0):
 PSYoungGen      total 422400K, used 408800K [0x000000076b800000, 0x0000000795080000, 0x00000007c0000000)
  eden space 408576K, 100% used [0x000000076b800000,0x0000000784700000,0x0000000784700000)
  from space 13824K, 1% used [0x0000000784700000,0x0000000784738000,0x0000000785480000)
  to   space 13312K, 0% used [0x0000000794380000,0x0000000794380000,0x0000000795080000)
 ParOldGen       total 173568K, used 30792K [0x00000006c2800000, 0x00000006cd180000, 0x000000076b800000)
  object space 173568K, 17% used [0x00000006c2800000,0x00000006c4612250,0x00000006cd180000)
 Metaspace       used 8348K, capacity 8774K, committed 8960K, reserved 1056768K
  class space    used 661K, capacity 690K, committed 768K, reserved 1048576K
Event: 1.983 GC heap after
Heap after GC invocations=12 (full 0):
 PSYoungGen      total 667136K, used 192K [0x000000076b800000, 0x0000000795080000, 0x00000007c0000000)
  eden space 653824K, 0% used [0x000000076b800000,0x000000076b800000,0x0000000793680000)
  from space 13312K, 1% used [0x0000000794380000,0x00000007943b0000,0x0000000795080000)
  to   space 13312K, 0% used [0x0000000793680000,0x0000000793680000,0x0000000794380000)
 ParOldGen       total 173568K, used 30832K [0x00000006c2800000, 0x00000006cd180000, 0x000000076b800000)
  object space 173568K, 17% used [0x00000006c2800000,0x00000006c461c250,0x00000006cd180000)
 Metaspace       used 8348K, capacity 8774K, committed 8960K, reserved 1056768K
  class space    used 661K, capacity 690K, committed 768K, reserved 1048576K
}
Event: 2.493 GC heap before
{Heap before GC invocations=13 (full 0):
 PSYoungGen      total 667136K, used 654016K [0x000000076b800000, 0x0000000795080000, 0x00000007c0000000)
  eden space 653824K, 100% used [0x000000076b800000,0x0000000793680000,0x0000000793680000)
  from space 13312K, 1% used [0x0000000794380000,0x00000007943b0000,0x0000000795080000)
  to   space 13312K, 0% used [0x0000000793680000,0x0000000793680000,0x0000000794380000)
 ParOldGen       total 173568K, used 30832K [0x00000006c2800000, 0x00000006cd180000, 0x000000076b800000)
  object space 173568K, 17% used [0x00000006c2800000,0x00000006c461c250,0x00000006cd180000)
 Metaspace       used 8362K, capacity 8774K, committed 8960K, reserved 1056768K
  class space    used 661K, capacity 690K, committed 768K, reserved 1048576K
Event: 2.494 GC heap after
Heap after GC invocations=13 (full 0):
 PSYoungGen      total 667136K, used 160K [0x000000076b800000, 0x00000007acf00000, 0x00000007c0000000)
  eden space 653824K, 0% used [0x000000076b800000,0x000000076b800000,0x0000000793680000)
  from space 13312K, 1% used [0x0000000793680000,0x00000007936a8000,0x0000000794380000)
  to   space 12800K, 0% used [0x00000007ac280000,0x00000007ac280000,0x00000007acf00000)
 ParOldGen       total 173568K, used 30840K [0x00000006c2800000, 0x00000006cd180000, 0x000000076b800000)
  object space 173568K, 17% used [0x00000006c2800000,0x00000006c461e250,0x00000006cd180000)
 Metaspace       used 8362K, capacity 8774K, committed 8960K, reserved 1056768K
  class space    used 661K, capacity 690K, committed 768K, reserved 1048576K
}
Event: 3.036 GC heap before
{Heap before GC invocations=14 (full 0):
 PSYoungGen      total 667136K, used 653984K [0x000000076b800000, 0x00000007acf00000, 0x00000007c0000000)
  eden space 653824K, 100% used [0x000000076b800000,0x0000000793680000,0x0000000793680000)
  from space 13312K, 1% used [0x0000000793680000,0x00000007936a8000,0x0000000794380000)
  to   space 12800K, 0% used [0x00000007ac280000,0x00000007ac280000,0x00000007acf00000)
 ParOldGen       total 173568K, used 30840K [0x00000006c2800000, 0x00000006cd180000, 0x000000076b800000)
  object space 173568K, 17% used [0x00000006c2800000,0x00000006c461e250,0x00000006cd180000)
 Metaspace       used 8368K, capacity 8774K, committed 8960K, reserved 1056768K
  class space    used 661K, capacity 690K, committed 768K, reserved 1048576K
Event: 3.037 GC heap after
Heap after GC invocations=14 (full 0):
 PSYoungGen      total 1058304K, used 224K [0x000000076b800000, 0x00000007ace00000, 0x00000007c0000000)
  eden space 1046528K, 0% used [0x000000076b800000,0x000000076b800000,0x00000007ab600000)
  from space 11776K, 1% used [0x00000007ac280000,0x00000007ac2b8000,0x00000007ace00000)
  to   space 12288K, 0% used [0x00000007ab600000,0x00000007ab600000,0x00000007ac200000)
 ParOldGen       total 173568K, used 30864K [0x00000006c2800000, 0x00000006cd180000, 0x000000076b800000)
  object space 173568K, 17% used [0x00000006c2800000,0x00000006c4624250,0x00000006cd180000)
 Metaspace       used 8368K, capacity 8774K, committed 8960K, reserved 1056768K
  class space    used 661K, capacity 690K, committed 768K, reserved 1048576K
}

Deoptimization events (10 events):
Event: 1.385 Thread 0x000000001e245000 Uncommon trap: reason=class_check action=maybe_recompile pc=0x00000000028c01c4 method=sun.misc.FloatingDecimal.parseFloat(Ljava/lang/String;)F @ 4
Event: 1.385 Thread 0x000000001e245000 Uncommon trap: reason=class_check action=maybe_recompile pc=0x00000000028c01c4 method=sun.misc.FloatingDecimal.parseFloat(Ljava/lang/String;)F @ 4
Event: 1.385 Thread 0x000000001e245000 Uncommon trap: reason=class_check action=maybe_recompile pc=0x00000000028c01c4 method=sun.misc.FloatingDecimal.parseFloat(Ljava/lang/String;)F @ 4
Event: 1.385 Thread 0x000000001e245000 Uncommon trap: reason=class_check action=maybe_recompile pc=0x00000000028c01c4 method=sun.misc.FloatingDecimal.parseFloat(Ljava/lang/String;)F @ 4
Event: 1.386 Thread 0x000000001e245000 Uncommon trap: reason=unstable_if action=reinterpret pc=0x000000000291a340 method=main.client.renderEngine.mesh.MeshBuilder.processFace(Ljava/lang/String;Lmain/client/renderEngine/mesh/MeshBuilder;)Z @ 114
Event: 1.388 Thread 0x000000001e245000 Uncommon trap: reason=bimorphic action=maybe_recompile pc=0x000000000274fc40 method=java.util.HashMap.getNode(ILjava/lang/Object;)Ljava/util/HashMap$Node; @ 126
Event: 1.454 Thread 0x000000001e245000 Uncommon trap: reason=unstable_if action=reinterpret pc=0x00000000028c962c method=main.coreEngine.TickableThread.run()V @ 461
Event: 1.462 Thread 0x000000001e245000 Uncommon trap: reason=unstable_if action=reinterpret pc=0x00000000029233b0 method=java.lang.Integer.valueOf(I)Ljava/lang/Integer; @ 10
Event: 1.462 Thread 0x000000001e247000 Uncommon trap: reason=unstable_if action=reinterpret pc=0x00000000028c962c method=main.coreEngine.TickableThread.run()V @ 461
Event: 1.470 Thread 0x0000000000dfe000 Uncommon trap: reason=unstable_if action=reinterpret pc=0x00000000029df6e4 method=main.coreEngine.Engine.start()V @ 163

Internal exceptions (9 events):
Event: 0.026 Thread 0x0000000000dfe000 Exception <a 'java/lang/NoSuchMethodError': Method sun.misc.Unsafe.defineClass(Ljava/lang/String;[BII)Ljava/lang/Class; name or signature does not match> (0x000000076b80d700) thrown at [C:\workspace\8-2-build-windows-amd64-cygwin\jdk8u65\4987\hotspot\src\s2Q|ßÌçö?
Event: 0.026 Thread 0x0000000000dfe000 Exception <a 'java/lang/NoSuchMethodError': Method sun.misc.Unsafe.prefetchRead(Ljava/lang/Object;J)V name or signature does not match> (0x000000076b80d9e8) thrown at [C:\workspace\8-2-build-windows-amd64-cygwin\jdk8u65\4987\hotspot\src\share\vm\prims\jni.÷à3ﬁñ⁄?
Event: 0.406 Thread 0x000000001e245000 Implicit null exception at 0x000000000275850f to 0x0000000002758875
Event: 0.407 Thread 0x000000001e245000 Exception <a 'java/security/PrivilegedActionException'> (0x000000076d369500) thrown at [C:\workspace\8-2-build-windows-amd64-cygwin\jdk8u65\4987\hotspot\src\share\vm\prims\jvm.cpp, line 1386]
Event: 0.407 Thread 0x000000001e245000 Exception <a 'java/security/PrivilegedActionException'> (0x000000076d3698f8) thrown at [C:\workspace\8-2-build-windows-amd64-cygwin\jdk8u65\4987\hotspot\src\share\vm\prims\jvm.cpp, line 1386]
Event: 0.408 Thread 0x000000001e245000 Exception <a 'java/security/PrivilegedActionException'> (0x000000076d36db10) thrown at [C:\workspace\8-2-build-windows-amd64-cygwin\jdk8u65\4987\hotspot\src\share\vm\prims\jvm.cpp, line 1386]
Event: 0.408 Thread 0x000000001e245000 Exception <a 'java/security/PrivilegedActionException'> (0x000000076d36df08) thrown at [C:\workspace\8-2-build-windows-amd64-cygwin\jdk8u65\4987\hotspot\src\share\vm\prims\jvm.cpp, line 1386]
Event: 0.879 Thread 0x0000000000dfe000 Implicit null exception at 0x0000000002764a04 to 0x0000000002764f95
Event: 1.181 Thread 0x000000001e245000 Implicit null exception at 0x000000000291f034 to 0x0000000002920c71

Events (10 events):
Event: 1.470 Thread 0x0000000000dfe000 DEOPT PACKING pc=0x00000000029df6e4 sp=0x0000000000dcf480
Event: 1.470 Thread 0x0000000000dfe000 DEOPT UNPACKING pc=0x000000000264582a sp=0x0000000000dcf448 mode 2
Event: 1.635 Executing VM operation: ParallelGCFailedAllocation
Event: 1.641 Executing VM operation: ParallelGCFailedAllocation done
Event: 1.982 Executing VM operation: ParallelGCFailedAllocation
Event: 1.983 Executing VM operation: ParallelGCFailedAllocation done
Event: 2.493 Executing VM operation: ParallelGCFailedAllocation
Event: 2.494 Executing VM operation: ParallelGCFailedAllocation done
Event: 3.036 Executing VM operation: ParallelGCFailedAllocation
Event: 3.037 Executing VM operation: ParallelGCFailedAllocation done


Dynamic libraries:
0x00007ff603aa0000 - 0x00007ff603ad7000 	C:\Program Files\Java\jdk1.8.0_65\bin\java.exe
0x00007ffb48720000 - 0x00007ffb488e1000 	C:\WINDOWS\SYSTEM32\ntdll.dll
0x00007ffb48170000 - 0x00007ffb4821d000 	C:\WINDOWS\system32\KERNEL32.DLL
0x00007ffb45560000 - 0x00007ffb45748000 	C:\WINDOWS\system32\KERNELBASE.dll
0x00007ffb47a50000 - 0x00007ffb47af7000 	C:\WINDOWS\system32\ADVAPI32.dll
0x00007ffb480d0000 - 0x00007ffb4816d000 	C:\WINDOWS\system32\msvcrt.dll
0x00007ffb47b00000 - 0x00007ffb47b5b000 	C:\WINDOWS\system32\sechost.dll
0x00007ffb47700000 - 0x00007ffb4781c000 	C:\WINDOWS\system32\RPCRT4.dll
0x00007ffb485c0000 - 0x00007ffb48716000 	C:\WINDOWS\system32\USER32.dll
0x00007ffb48220000 - 0x00007ffb483a6000 	C:\WINDOWS\system32\GDI32.dll
0x00007ffb41530000 - 0x00007ffb417a4000 	C:\WINDOWS\WinSxS\amd64_microsoft.windows.common-controls_6595b64144ccf1df_6.0.10586.0_none_8c15ae12515e1c22\COMCTL32.dll
0x00007ffb45b00000 - 0x00007ffb45d7d000 	C:\WINDOWS\system32\combase.dll
0x00007ffb45920000 - 0x00007ffb4598a000 	C:\WINDOWS\system32\bcryptPrimitives.dll
0x00007ffb45f90000 - 0x00007ffb45fcb000 	C:\WINDOWS\system32\IMM32.DLL
0x000000006ce30000 - 0x000000006cf02000 	C:\Program Files\Java\jdk1.8.0_65\jre\bin\msvcr100.dll
0x000000006c5a0000 - 0x000000006ce29000 	C:\Program Files\Java\jdk1.8.0_65\jre\bin\server\jvm.dll
0x00007ffb475a0000 - 0x00007ffb475a8000 	C:\WINDOWS\system32\PSAPI.DLL
0x00007ffb3c060000 - 0x00007ffb3c069000 	C:\WINDOWS\SYSTEM32\WSOCK32.dll
0x00007ffb418d0000 - 0x00007ffb418da000 	C:\WINDOWS\SYSTEM32\VERSION.dll
0x00007ffb42fa0000 - 0x00007ffb42fc3000 	C:\WINDOWS\SYSTEM32\WINMM.dll
0x00007ffb48420000 - 0x00007ffb4848b000 	C:\WINDOWS\system32\WS2_32.dll
0x0000000000f80000 - 0x0000000000fac000 	C:\WINDOWS\SYSTEM32\WINMMBASE.dll
0x00007ffb45ab0000 - 0x00007ffb45af3000 	C:\WINDOWS\system32\cfgmgr32.dll
0x000000006c590000 - 0x000000006c59f000 	C:\Program Files\Java\jdk1.8.0_65\jre\bin\verify.dll
0x000000006c560000 - 0x000000006c589000 	C:\Program Files\Java\jdk1.8.0_65\jre\bin\java.dll
0x000000006c520000 - 0x000000006c555000 	C:\Program Files\Java\jdk1.8.0_65\jre\bin\jdwp.dll
0x000000006c510000 - 0x000000006c518000 	C:\Program Files\Java\jdk1.8.0_65\jre\bin\npt.dll
0x000000006c4f0000 - 0x000000006c506000 	C:\Program Files\Java\jdk1.8.0_65\jre\bin\zip.dll
0x00007ffb45fd0000 - 0x00007ffb4752c000 	C:\WINDOWS\system32\SHELL32.dll
0x00007ffb44ef0000 - 0x00007ffb45535000 	C:\WINDOWS\system32\windows.storage.dll
0x00007ffb483c0000 - 0x00007ffb48412000 	C:\WINDOWS\system32\shlwapi.dll
0x00007ffb44da0000 - 0x00007ffb44daf000 	C:\WINDOWS\system32\kernel.appcore.dll
0x00007ffb459f0000 - 0x00007ffb45aa5000 	C:\WINDOWS\system32\shcore.dll
0x00007ffb44d50000 - 0x00007ffb44d9b000 	C:\WINDOWS\system32\powrprof.dll
0x00007ffb44d20000 - 0x00007ffb44d34000 	C:\WINDOWS\system32\profapi.dll
0x000000006c4e0000 - 0x000000006c4e9000 	C:\Program Files\Java\jdk1.8.0_65\jre\bin\dt_socket.dll
0x00007ffb44650000 - 0x00007ffb446ac000 	C:\WINDOWS\system32\mswsock.dll
0x00007ffb31d90000 - 0x00007ffb31e18000 	D:\Code\Java\Projects\WireEngine20\lib\native\lwjgl.dll
0x00007ffb44820000 - 0x00007ffb4482b000 	C:\WINDOWS\SYSTEM32\CRYPTBASE.DLL
0x00007ffb31d40000 - 0x00007ffb31d82000 	D:\Code\Java\Projects\WireEngine20\lib\native\jemalloc.dll
0x00007ffb31d00000 - 0x00007ffb31d38000 	D:\Code\Java\Projects\WireEngine20\lib\native\glfw.dll
0x00007ffb436a0000 - 0x00007ffb43736000 	C:\WINDOWS\system32\uxtheme.dll
0x00007ffb42950000 - 0x00007ffb42972000 	C:\WINDOWS\SYSTEM32\dwmapi.dll
0x00007ffb2da30000 - 0x00007ffb2db59000 	C:\WINDOWS\SYSTEM32\opengl32.dll
0x00007ffb3a050000 - 0x00007ffb3a07e000 	C:\WINDOWS\SYSTEM32\GLU32.dll
0x00007ffb2fd50000 - 0x00007ffb2fe4a000 	C:\WINDOWS\SYSTEM32\DDRAW.dll
0x00007ffb40230000 - 0x00007ffb40238000 	C:\WINDOWS\SYSTEM32\DCIMAN32.dll
0x00007ffb478f0000 - 0x00007ffb47a4a000 	C:\WINDOWS\system32\MSCTF.dll
0x00007ffb2cbb0000 - 0x00007ffb2cbf9000 	C:\Program Files (x86)\TeamViewer\tv_x64.dll
0x00007ffb475b0000 - 0x00007ffb476f3000 	C:\WINDOWS\system32\ole32.dll
0x000000006a790000 - 0x000000006c4d9000 	C:\WINDOWS\SYSTEM32\nvoglv64.DLL
0x00007ffb47c20000 - 0x00007ffb48049000 	C:\WINDOWS\system32\SETUPAPI.dll
0x00007ffb42d00000 - 0x00007ffb42d13000 	C:\WINDOWS\SYSTEM32\WTSAPI32.dll
0x00007ffb437f0000 - 0x00007ffb43817000 	C:\WINDOWS\SYSTEM32\DEVOBJ.dll
0x00007ffb45990000 - 0x00007ffb459e5000 	C:\WINDOWS\system32\WINTRUST.dll
0x00007ffb44d40000 - 0x00007ffb44d50000 	C:\WINDOWS\system32\MSASN1.dll
0x00007ffb45750000 - 0x00007ffb45917000 	C:\WINDOWS\system32\CRYPT32.dll
0x00007ffb44270000 - 0x00007ffb442a1000 	C:\WINDOWS\SYSTEM32\ntmarta.dll
0x00007ffb43fc0000 - 0x00007ffb44016000 	C:\WINDOWS\SYSTEM32\WINSTA.dll
0x00007ffb47b70000 - 0x00007ffb47c17000 	C:\WINDOWS\system32\clbcatq.dll
0x00007ffb3d0b0000 - 0x00007ffb3d0d5000 	C:\Program Files (x86)\Samsung\Easy Printer Manager\SmartScreenPrint\CDAKEYMonitor64.dll
0x00007ffb47820000 - 0x00007ffb478e1000 	C:\WINDOWS\system32\OLEAUT32.dll
0x00007ffb2ca20000 - 0x00007ffb2cbac000 	C:\WINDOWS\SYSTEM32\dbghelp.dll

VM Arguments:
jvm_args: -agentlib:jdwp=transport=dt_socket,address=127.0.0.1:61922,suspend=y,server=n -Djava.library.path=lib/native/ -Dfile.encoding=UTF-8 
java_command: main.Main
java_class_path (initial): C:\Program Files\Java\jdk1.8.0_65\jre\lib\charsets.jar;C:\Program Files\Java\jdk1.8.0_65\jre\lib\deploy.jar;C:\Program Files\Java\jdk1.8.0_65\jre\lib\ext\access-bridge-64.jar;C:\Program Files\Java\jdk1.8.0_65\jre\lib\ext\cldrdata.jar;C:\Program Files\Java\jdk1.8.0_65\jre\lib\ext\dnsns.jar;C:\Program Files\Java\jdk1.8.0_65\jre\lib\ext\jaccess.jar;C:\Program Files\Java\jdk1.8.0_65\jre\lib\ext\jfxrt.jar;C:\Program Files\Java\jdk1.8.0_65\jre\lib\ext\localedata.jar;C:\Program Files\Java\jdk1.8.0_65\jre\lib\ext\nashorn.jar;C:\Program Files\Java\jdk1.8.0_65\jre\lib\ext\sunec.jar;C:\Program Files\Java\jdk1.8.0_65\jre\lib\ext\sunjce_provider.jar;C:\Program Files\Java\jdk1.8.0_65\jre\lib\ext\sunmscapi.jar;C:\Program Files\Java\jdk1.8.0_65\jre\lib\ext\sunpkcs11.jar;C:\Program Files\Java\jdk1.8.0_65\jre\lib\ext\zipfs.jar;C:\Program Files\Java\jdk1.8.0_65\jre\lib\javaws.jar;C:\Program Files\Java\jdk1.8.0_65\jre\lib\jce.jar;C:\Program Files\Java\jdk1.8.0_65\jre\lib\jfr.jar;C:\Program Files\Java\jdk1.8.0_65\jre\lib\jfxswt.jar;C:\Program Files\Java\jdk1.8.0_65\jre\lib\jsse.jar;C:\Program Files\Java\jdk1.8.0_65\jre\lib\management-agent.jar;C:\Program Files\Java\jdk1.8.0_65\jre\lib\plugin.jar;C:\Program Files\Java\jdk1.8.0_65\jre\lib\resources.jar;C:\Program Files\Java\jdk1.8.0_65\jre\lib\rt.jar;D:\Code\Java\Projects\WireEngine20\out\production\WireEngine20;D:\Code\Java\Projects\WireEngine20\lib\jar\lwjgl.jar;D:\Code\Java\Projects\WireEngine20\lib\jar\slick-util.jar;D:\Program Files (x86)\JetBrains\IntelliJ IDEA 2016.1\lib\idea_rt.jar
Launcher Type: SUN_STANDARD

Environment Variables:
JAVA_HOME=C:\Program Files\Java\jdk1.8.0_65
PATH=C:\ProgramData\Oracle\Java\javapath;C:\Program Files (x86)\Razer Chroma SDK\bin;C:\Program Files\Razer Chroma SDK\bin;C:\Program Files (x86)\NVIDIA Corporation\PhysX\Common;C:\Program Files (x86)\Intel\iCLS Client\;C:\Program Files\Intel\iCLS Client\;C:\Windows\system32;C:\Windows;C:\Windows\System32\Wbem;C:\Windows\System32\WindowsPowerShell\v1.0\;C:\Program Files\Intel\Intel(R) Management Engine Components\DAL;C:\Program Files (x86)\Intel\Intel(R) Management Engine Components\DAL;C:\Program Files\Intel\Intel(R) Management Engine Components\IPT;C:\Program Files (x86)\Intel\Intel(R) Management Engine Components\IPT;C:\Program Files\Java\jre1.8.0_65\bin;C:\MinGW\bin;C:\WINDOWS\system32;C:\WINDOWS;C:\WINDOWS\System32\Wbem;C:\WINDOWS\System32\WindowsPowerShell\v1.0\;D:\Program Files (x86)\CMake\bin;D:\Program Files\Programs\Python\Python35-32;D:\Program Files\Programs\Python\Python35-32\Scripts;C:\Program Files (x86)\Skype\Phone\;D:\Program Files\Programs\Python\Python35-32\Scripts\;D:\Program Files\Programs\Python\Python35-32\
USERNAME=Kelan
OS=Windows_NT
PROCESSOR_IDENTIFIER=Intel64 Family 6 Model 60 Stepping 3, GenuineIntel



---------------  S Y S T E M  ---------------

OS: Windows 10.0 , 64 bit Build 10586 (10.0.10586.0)

CPU:total 8 (4 cores per cpu, 2 threads per core) family 6 model 60 stepping 3, cmov, cx8, fxsr, mmx, sse, sse2, sse3, ssse3, sse4.1, sse4.2, popcnt, avx, avx2, aes, clmul, erms, lzcnt, ht, tsc, tscinvbit, bmi1, bmi2

Memory: 4k page, physical 16609500k(7884792k free), swap 33386716k(22605044k free)

vm_info: Java HotSpot(TM) 64-Bit Server VM (25.65-b01) for windows-amd64 JRE (1.8.0_65-b17), built on Oct  6 2015 16:39:20 by "java_re" with MS VC++ 10.0 (VS2010)

time: Tue Apr 19 13:34:08 2016
elapsed time: 3 seconds (0d 0h 0m 3s)

