#
# A fatal error has been detected by the Java Runtime Environment:
#
#  EXCEPTION_ACCESS_VIOLATION (0xc0000005) at pc=0x00007ffb41b124b9, pid=3752, tid=7912
#
# JRE version: Java(TM) SE Runtime Environment (8.0_65-b17) (build 1.8.0_65-b17)
# Java VM: Java HotSpot(TM) 64-Bit Server VM (25.65-b01 mixed mode windows-amd64 compressed oops)
# Problematic frame:
# C  [glfw.dll+0x24b9]
#
# Failed to write core dump. Minidumps are not enabled by default on client versions of Windows
#
# If you would like to submit a bug report, please visit:
#   http://bugreport.java.com/bugreport/crash.jsp
# The crash happened outside the Java Virtual Machine in native code.
# See problematic frame for where to report the bug.
#

---------------  T H R E A D  ---------------

Current thread (0x000000001e342000):  JavaThread "CLIENT" [_thread_in_native, id=7912, stack(0x000000001f040000,0x000000001f140000)]

siginfo: ExceptionCode=0xc0000005, reading address 0x0000000000000000

Registers:
RAX=0x0000000000000000, RBX=0x000000001baf2bd8, RCX=0x0000000000000000, RDX=0x0000000000000000
RSP=0x000000001f13ec70, RBP=0x000000001f13ed00, RSI=0x0000000000000108, RDI=0x0000000000573250
R8 =0x000000001f13ec68, R9 =0x000000001f13ed00, R10=0x0000000000000000, R11=0x0000000000000246
R12=0x0000000000000000, R13=0x000000001f13ed18, R14=0x000000001f13ecf0, R15=0x000000001e342000
RIP=0x00007ffb41b124b9, EFLAGS=0x0000000000010283

Top of Stack: (sp=0x000000001f13ec70)
0x000000001f13ec70:   0000000000000000 0000000000000108
0x000000001f13ec80:   000000001ba97980 00000000025ee830
0x000000001f13ec90:   0000000000003118 0000000002b3904a
0x000000001f13eca0:   000000001baf2bd8 000000006c71aea4
0x000000001f13ecb0:   000000001e342000 000000001e342000
0x000000001f13ecc0:   000000001e342000 0000000000000000
0x000000001f13ecd0:   000000001e31f360 000000006c6a5eba
0x000000001f13ece0:   000000001f13f448 000000001f13ed78
0x000000001f13ecf0:   00000006c282df48 0000000000003117
0x000000001f13ed00:   000000001f13ed78 00000000026d7d8d
0x000000001f13ed10:   00000000026d7d8d 0000000000573250
0x000000001f13ed20:   00000000026d78a0 00007ffb41b12420
0x000000001f13ed30:   0000000000000001 000000001f13ed38
0x000000001f13ed40:   000000001bb0ec8c 000000001f13eda0
0x000000001f13ed50:   000000001bb10c70 0000000000000000
0x000000001f13ed60:   000000001bb0ecb8 000000001f13ed18 

Instructions: (pc=0x00007ffb41b124b9)
0x00007ffb41b12499:   48 8b cf e8 1f 3a 00 00 48 39 3d f0 d5 02 00 48
0x00007ffb41b124a9:   8d 0d e9 d5 02 00 48 8b 5c 24 30 74 08 48 8b 09
0x00007ffb41b124b9:   48 39 39 75 f8 48 8b 07 48 89 01 48 8b cf 48 83
0x00007ffb41b124c9:   c4 20 5f e9 5b fe 00 00 48 83 c4 20 5f c3 cc cc 


Register to memory mapping:

RAX=0x0000000000000000 is an unknown value
RBX={method} {0x000000001baf2be0} 'invokePV' '(JJ)V' in 'org/lwjgl/system/JNI'
RCX=0x0000000000000000 is an unknown value
RDX=0x0000000000000000 is an unknown value
RSP=0x000000001f13ec70 is pointing into the stack for thread: 0x000000001e342000
RBP=0x000000001f13ed00 is pointing into the stack for thread: 0x000000001e342000
RSI=0x0000000000000108 is an unknown value
RDI=0x0000000000573250 is an unknown value
R8 =0x000000001f13ec68 is pointing into the stack for thread: 0x000000001e342000
R9 =0x000000001f13ed00 is pointing into the stack for thread: 0x000000001e342000
R10=0x0000000000000000 is an unknown value
R11=0x0000000000000246 is an unknown value
R12=0x0000000000000000 is an unknown value
R13=0x000000001f13ed18 is pointing into the stack for thread: 0x000000001e342000
R14=0x000000001f13ecf0 is pointing into the stack for thread: 0x000000001e342000
R15=0x000000001e342000 is a thread


Stack: [0x000000001f040000,0x000000001f140000],  sp=0x000000001f13ec70,  free space=1019k
Native frames: (J=compiled Java code, j=interpreted, Vv=VM code, C=native code)
C  [glfw.dll+0x24b9]
C  0x0000000002b3904a

Java frames: (J=compiled Java code, j=interpreted, Vv=VM code)
J 833  org.lwjgl.system.JNI.invokePV(JJ)V (0 bytes) @ 0x0000000002b38fc4 [0x0000000002b38f80+0x44]
j  org.lwjgl.glfw.GLFW.glfwDestroyCursor(J)V+20
j  main.client.Window.destroyWindow()V+9
j  main.coreEngine.Engine.stop()V+70
J 875 C1 main.client.Window.update()V (37 bytes) @ 0x0000000002b5926c [0x0000000002b58dc0+0x4ac]
J 852 C1 main.client.renderEngine.RenderEngine.render()V (60 bytes) @ 0x0000000002b4579c [0x0000000002b44660+0x113c]
J 837 C1 main.client.ClientThread.tick()V (16 bytes) @ 0x0000000002b37df4 [0x0000000002b37940+0x4b4]
j  main.coreEngine.TickableThread.run()V+469
v  ~StubRoutines::call_stub

---------------  P R O C E S S  ---------------

Java Threads: ( => current thread )
  0x000000001e344000 JavaThread "SERVER" [_thread_in_Java, id=6192, stack(0x000000001f140000,0x000000001f240000)]
=>0x000000001e342000 JavaThread "CLIENT" [_thread_in_native, id=7912, stack(0x000000001f040000,0x000000001f140000)]
  0x000000001e239000 JavaThread "Service Thread" daemon [_thread_blocked, id=3748, stack(0x000000001ee40000,0x000000001ef40000)]
  0x000000001e1a2800 JavaThread "C1 CompilerThread3" daemon [_thread_blocked, id=2476, stack(0x000000001ed40000,0x000000001ee40000)]
  0x000000001e199800 JavaThread "C2 CompilerThread2" daemon [_thread_blocked, id=8936, stack(0x000000001ec40000,0x000000001ed40000)]
  0x000000001e199000 JavaThread "C2 CompilerThread1" daemon [_thread_blocked, id=6696, stack(0x000000001eb40000,0x000000001ec40000)]
  0x000000001e19e000 JavaThread "C2 CompilerThread0" daemon [_thread_blocked, id=12248, stack(0x000000001ea40000,0x000000001eb40000)]
  0x000000001e183800 JavaThread "JDWP Command Reader" daemon [_thread_in_native, id=6064, stack(0x000000001e940000,0x000000001ea40000)]
  0x000000001e17e800 JavaThread "JDWP Event Helper Thread" daemon [_thread_blocked, id=3976, stack(0x000000001e840000,0x000000001e940000)]
  0x000000001e17b800 JavaThread "JDWP Transport Listener: dt_socket" daemon [_thread_blocked, id=3768, stack(0x000000001e740000,0x000000001e840000)]
  0x000000001e167000 JavaThread "Attach Listener" daemon [_thread_blocked, id=3832, stack(0x000000001e640000,0x000000001e740000)]
  0x000000001e166000 JavaThread "Signal Dispatcher" daemon [_thread_blocked, id=8056, stack(0x000000001e540000,0x000000001e640000)]
  0x00000000025eb000 JavaThread "Finalizer" daemon [_thread_blocked, id=11892, stack(0x000000001df60000,0x000000001e060000)]
  0x000000001c06d000 JavaThread "Reference Handler" daemon [_thread_blocked, id=10872, stack(0x000000001de60000,0x000000001df60000)]
  0x00000000026ce000 JavaThread "main" [_thread_in_Java, id=7204, stack(0x0000000002320000,0x0000000002420000)]

Other Threads:
  0x000000001c068800 VMThread [stack: 0x000000001dd60000,0x000000001de60000] [id=7400]
  0x000000001e254000 WatcherThread [stack: 0x000000001ef40000,0x000000001f040000] [id=8076]

VM state:not at safepoint (normal execution)

VM Mutex/Monitor currently owned by a thread: None

Heap:
 PSYoungGen      total 74240K, used 42217K [0x000000076b800000, 0x00000007b9080000, 0x00000007c0000000)
  eden space 73728K, 56% used [0x000000076b800000,0x000000076e102668,0x0000000770000000)
  from space 512K, 43% used [0x00000007b8f80000,0x00000007b8fb8000,0x00000007b9000000)
  to   space 512K, 0% used [0x00000007b9000000,0x00000007b9000000,0x00000007b9080000)
 ParOldGen       total 173568K, used 13021K [0x00000006c2800000, 0x00000006cd180000, 0x000000076b800000)
  object space 173568K, 7% used [0x00000006c2800000,0x00000006c34b77e0,0x00000006cd180000)
 Metaspace       used 8400K, capacity 8774K, committed 8960K, reserved 1056768K
  class space    used 662K, capacity 690K, committed 768K, reserved 1048576K

Card table byte_map: [0x0000000011a90000,0x0000000012280000] byte_map_base: 0x000000000e47c000

Marking Bits: (ParMarkBitMap*) 0x000000006cdfa5b0
 Begin Bits: [0x0000000012fd0000, 0x0000000016f30000)
 End Bits:   [0x0000000016f30000, 0x000000001ae90000)

Polling page: 0x0000000000990000

CodeCache: size=245760Kb used=4695Kb max_used=4711Kb free=241064Kb
 bounds [0x00000000026d0000, 0x0000000002b70000, 0x00000000116d0000]
 total_blobs=1539 nmethods=881 adapters=579
 compilation: enabled

Compilation events (10 events):
Event: 13.319 Thread 0x000000001e1a2800  882       1       main.coreEngine.sceneGraph.components.ControllerComponent::render (1 bytes)
Event: 13.319 Thread 0x000000001e1a2800 nmethod 882 0x0000000002b60810 code [0x0000000002b60960, 0x0000000002b60a70]
Event: 16.518 Thread 0x000000001e199000  883       4       main.coreEngine.util.maths.Matrix4f::translate (166 bytes)
Event: 16.520 Thread 0x000000001e199000 nmethod 883 0x0000000002b603d0 code [0x0000000002b60520, 0x0000000002b606d8]
Event: 16.535 Thread 0x000000001e19e000  884       4       main.coreEngine.sceneGraph.Node::render (75 bytes)
Event: 16.542 Thread 0x000000001e199800  885       4       main.coreEngine.sceneGraph.Node::tick (75 bytes)
Event: 16.550 Thread 0x000000001e19e000 nmethod 884 0x0000000002b67050 code [0x0000000002b67280, 0x0000000002b686a8]
Event: 16.556 Thread 0x000000001e199800 nmethod 885 0x0000000002b69c90 code [0x0000000002b69ec0, 0x0000000002b6b2e8]
Event: 16.902 Thread 0x000000001e199000  886       4       main.coreEngine.sceneGraph.Node::input (75 bytes)
Event: 16.913 Thread 0x000000001e199000 nmethod 886 0x0000000002b6c8d0 code [0x0000000002b6cb00, 0x0000000002b6df28]

GC Heap History (10 events):
Event: 17.902 GC heap before
{Heap before GC invocations=73 (full 0):
 PSYoungGen      total 83968K, used 83680K [0x000000076b800000, 0x00000007b9080000, 0x00000007c0000000)
  eden space 83456K, 100% used [0x000000076b800000,0x0000000770980000,0x0000000770980000)
  from space 512K, 43% used [0x00000007b9000000,0x00000007b9038000,0x00000007b9080000)
  to   space 512K, 0% used [0x00000007b8f80000,0x00000007b8f80000,0x00000007b9000000)
 ParOldGen       total 173568K, used 12949K [0x00000006c2800000, 0x00000006cd180000, 0x000000076b800000)
  object space 173568K, 7% used [0x00000006c2800000,0x00000006c34a57e0,0x00000006cd180000)
 Metaspace       used 8400K, capacity 8774K, committed 8960K, reserved 1056768K
  class space    used 662K, capacity 690K, committed 768K, reserved 1048576K
Event: 17.902 GC heap after
Heap after GC invocations=73 (full 0):
 PSYoungGen      total 81920K, used 192K [0x000000076b800000, 0x00000007b9080000, 0x00000007c0000000)
  eden space 81408K, 0% used [0x000000076b800000,0x000000076b800000,0x0000000770780000)
  from space 512K, 37% used [0x00000007b8f80000,0x00000007b8fb0000,0x00000007b9000000)
  to   space 512K, 0% used [0x00000007b9000000,0x00000007b9000000,0x00000007b9080000)
 ParOldGen       total 173568K, used 12949K [0x00000006c2800000, 0x00000006cd180000, 0x000000076b800000)
  object space 173568K, 7% used [0x00000006c2800000,0x00000006c34a57e0,0x00000006cd180000)
 Metaspace       used 8400K, capacity 8774K, committed 8960K, reserved 1056768K
  class space    used 662K, capacity 690K, committed 768K, reserved 1048576K
}
Event: 17.991 GC heap before
{Heap before GC invocations=74 (full 0):
 PSYoungGen      total 81920K, used 81600K [0x000000076b800000, 0x00000007b9080000, 0x00000007c0000000)
  eden space 81408K, 100% used [0x000000076b800000,0x0000000770780000,0x0000000770780000)
  from space 512K, 37% used [0x00000007b8f80000,0x00000007b8fb0000,0x00000007b9000000)
  to   space 512K, 0% used [0x00000007b9000000,0x00000007b9000000,0x00000007b9080000)
 ParOldGen       total 173568K, used 12949K [0x00000006c2800000, 0x00000006cd180000, 0x000000076b800000)
  object space 173568K, 7% used [0x00000006c2800000,0x00000006c34a57e0,0x00000006cd180000)
 Metaspace       used 8400K, capacity 8774K, committed 8960K, reserved 1056768K
  class space    used 662K, capacity 690K, committed 768K, reserved 1048576K
Event: 17.992 GC heap after
Heap after GC invocations=74 (full 0):
 PSYoungGen      total 79872K, used 224K [0x000000076b800000, 0x00000007b9080000, 0x00000007c0000000)
  eden space 79360K, 0% used [0x000000076b800000,0x000000076b800000,0x0000000770580000)
  from space 512K, 43% used [0x00000007b9000000,0x00000007b9038000,0x00000007b9080000)
  to   space 512K, 0% used [0x00000007b8f80000,0x00000007b8f80000,0x00000007b9000000)
 ParOldGen       total 173568K, used 12981K [0x00000006c2800000, 0x00000006cd180000, 0x000000076b800000)
  object space 173568K, 7% used [0x00000006c2800000,0x00000006c34ad7e0,0x00000006cd180000)
 Metaspace       used 8400K, capacity 8774K, committed 8960K, reserved 1056768K
  class space    used 662K, capacity 690K, committed 768K, reserved 1048576K
}
Event: 18.070 GC heap before
{Heap before GC invocations=75 (full 0):
 PSYoungGen      total 79872K, used 79584K [0x000000076b800000, 0x00000007b9080000, 0x00000007c0000000)
  eden space 79360K, 100% used [0x000000076b800000,0x0000000770580000,0x0000000770580000)
  from space 512K, 43% used [0x00000007b9000000,0x00000007b9038000,0x00000007b9080000)
  to   space 512K, 0% used [0x00000007b8f80000,0x00000007b8f80000,0x00000007b9000000)
 ParOldGen       total 173568K, used 12981K [0x00000006c2800000, 0x00000006cd180000, 0x000000076b800000)
  object space 173568K, 7% used [0x00000006c2800000,0x00000006c34ad7e0,0x00000006cd180000)
 Metaspace       used 8400K, capacity 8774K, committed 8960K, reserved 1056768K
  class space    used 662K, capacity 690K, committed 768K, reserved 1048576K
Event: 18.071 GC heap after
Heap after GC invocations=75 (full 0):
 PSYoungGen      total 77824K, used 224K [0x000000076b800000, 0x00000007b9080000, 0x00000007c0000000)
  eden space 77312K, 0% used [0x000000076b800000,0x000000076b800000,0x0000000770380000)
  from space 512K, 43% used [0x00000007b8f80000,0x00000007b8fb8000,0x00000007b9000000)
  to   space 512K, 0% used [0x00000007b9000000,0x00000007b9000000,0x00000007b9080000)
 ParOldGen       total 173568K, used 12981K [0x00000006c2800000, 0x00000006cd180000, 0x000000076b800000)
  object space 173568K, 7% used [0x00000006c2800000,0x00000006c34ad7e0,0x00000006cd180000)
 Metaspace       used 8400K, capacity 8774K, committed 8960K, reserved 1056768K
  class space    used 662K, capacity 690K, committed 768K, reserved 1048576K
}
Event: 18.152 GC heap before
{Heap before GC invocations=76 (full 0):
 PSYoungGen      total 77824K, used 77536K [0x000000076b800000, 0x00000007b9080000, 0x00000007c0000000)
  eden space 77312K, 100% used [0x000000076b800000,0x0000000770380000,0x0000000770380000)
  from space 512K, 43% used [0x00000007b8f80000,0x00000007b8fb8000,0x00000007b9000000)
  to   space 512K, 0% used [0x00000007b9000000,0x00000007b9000000,0x00000007b9080000)
 ParOldGen       total 173568K, used 12981K [0x00000006c2800000, 0x00000006cd180000, 0x000000076b800000)
  object space 173568K, 7% used [0x00000006c2800000,0x00000006c34ad7e0,0x00000006cd180000)
 Metaspace       used 8400K, capacity 8774K, committed 8960K, reserved 1056768K
  class space    used 662K, capacity 690K, committed 768K, reserved 1048576K
Event: 18.152 GC heap after
Heap after GC invocations=76 (full 0):
 PSYoungGen      total 75776K, used 224K [0x000000076b800000, 0x00000007b9080000, 0x00000007c0000000)
  eden space 75264K, 0% used [0x000000076b800000,0x000000076b800000,0x0000000770180000)
  from space 512K, 43% used [0x00000007b9000000,0x00000007b9038000,0x00000007b9080000)
  to   space 512K, 0% used [0x00000007b8f80000,0x00000007b8f80000,0x00000007b9000000)
 ParOldGen       total 173568K, used 12981K [0x00000006c2800000, 0x00000006cd180000, 0x000000076b800000)
  object space 173568K, 7% used [0x00000006c2800000,0x00000006c34ad7e0,0x00000006cd180000)
 Metaspace       used 8400K, capacity 8774K, committed 8960K, reserved 1056768K
  class space    used 662K, capacity 690K, committed 768K, reserved 1048576K
}
Event: 18.221 GC heap before
{Heap before GC invocations=77 (full 0):
 PSYoungGen      total 75776K, used 75488K [0x000000076b800000, 0x00000007b9080000, 0x00000007c0000000)
  eden space 75264K, 100% used [0x000000076b800000,0x0000000770180000,0x0000000770180000)
  from space 512K, 43% used [0x00000007b9000000,0x00000007b9038000,0x00000007b9080000)
  to   space 512K, 0% used [0x00000007b8f80000,0x00000007b8f80000,0x00000007b9000000)
 ParOldGen       total 173568K, used 12981K [0x00000006c2800000, 0x00000006cd180000, 0x000000076b800000)
  object space 173568K, 7% used [0x00000006c2800000,0x00000006c34ad7e0,0x00000006cd180000)
 Metaspace       used 8400K, capacity 8774K, committed 8960K, reserved 1056768K
  class space    used 662K, capacity 690K, committed 768K, reserved 1048576K
Event: 18.221 GC heap after
Heap after GC invocations=77 (full 0):
 PSYoungGen      total 74240K, used 224K [0x000000076b800000, 0x00000007b9080000, 0x00000007c0000000)
  eden space 73728K, 0% used [0x000000076b800000,0x000000076b800000,0x0000000770000000)
  from space 512K, 43% used [0x00000007b8f80000,0x00000007b8fb8000,0x00000007b9000000)
  to   space 512K, 0% used [0x00000007b9000000,0x00000007b9000000,0x00000007b9080000)
 ParOldGen       total 173568K, used 13021K [0x00000006c2800000, 0x00000006cd180000, 0x000000076b800000)
  object space 173568K, 7% used [0x00000006c2800000,0x00000006c34b77e0,0x00000006cd180000)
 Metaspace       used 8400K, capacity 8774K, committed 8960K, reserved 1056768K
  class space    used 662K, capacity 690K, committed 768K, reserved 1048576K
}

Deoptimization events (10 events):
Event: 1.451 Thread 0x000000001e342000 Uncommon trap: reason=unstable_if action=reinterpret pc=0x0000000002a494d4 method=main.client.renderEngine.mesh.Mesh.compile(Ljava/util/List;)Lmain/client/renderEngine/mesh/Mesh; @ 52
Event: 1.483 Thread 0x000000001e342000 Uncommon trap: reason=unstable_if action=reinterpret pc=0x0000000002a50750 method=main.client.renderEngine.mesh.Mesh.compile(Ljava/util/List;)Lmain/client/renderEngine/mesh/Mesh; @ 202
Event: 1.536 Thread 0x000000001e342000 Uncommon trap: reason=unstable_if action=reinterpret pc=0x0000000002a92ec8 method=main.client.renderEngine.mesh.Mesh.compile(Ljava/util/List;)Lmain/client/renderEngine/mesh/Mesh; @ 536
Event: 1.550 Thread 0x000000001e342000 Uncommon trap: reason=unstable_if action=reinterpret pc=0x00000000029a0c38 method=sun.misc.FloatingDecimal.readJavaFormatString(Ljava/lang/String;)Lsun/misc/FloatingDecimal$ASCIIToBinaryConverter; @ 235
Event: 1.551 Thread 0x000000001e342000 Uncommon trap: reason=unstable_if action=reinterpret pc=0x00000000029ecb9c method=main.client.renderEngine.mesh.MeshBuilder.processFace(Ljava/lang/String;Lmain/client/renderEngine/mesh/MeshBuilder;)Z @ 114
Event: 1.554 Thread 0x000000001e342000 Uncommon trap: reason=bimorphic action=maybe_recompile pc=0x0000000002824700 method=java.util.HashMap.getNode(ILjava/lang/Object;)Ljava/util/HashMap$Node; @ 126
Event: 1.601 Thread 0x000000001e342000 Uncommon trap: reason=unstable_if action=reinterpret pc=0x00000000029aeeb4 method=main.coreEngine.TickableThread.run()V @ 461
Event: 1.609 Thread 0x000000001e342000 Uncommon trap: reason=unstable_if action=reinterpret pc=0x00000000029f20b0 method=java.lang.Integer.valueOf(I)Ljava/lang/Integer; @ 10
Event: 1.609 Thread 0x000000001e344000 Uncommon trap: reason=unstable_if action=reinterpret pc=0x00000000029aeeb4 method=main.coreEngine.TickableThread.run()V @ 461
Event: 1.617 Thread 0x00000000026ce000 Uncommon trap: reason=unstable_if action=reinterpret pc=0x0000000002ab3610 method=main.coreEngine.Engine.start()V @ 163

Internal exceptions (8 events):
Event: 0.025 Thread 0x00000000026ce000 Exception <a 'java/lang/NoSuchMethodError': Method sun.misc.Unsafe.defineClass(Ljava/lang/String;[BII)Ljava/lang/Class; name or signature does not match> (0x000000076b80da30) thrown at [C:\workspace\8-2-build-windows-amd64-cygwin\jdk8u65\4987\hotspot\src\s{OØ=9‹™?
Event: 0.025 Thread 0x00000000026ce000 Exception <a 'java/lang/NoSuchMethodError': Method sun.misc.Unsafe.prefetchRead(Ljava/lang/Object;J)V name or signature does not match> (0x000000076b80dd18) thrown at [C:\workspace\8-2-build-windows-amd64-cygwin\jdk8u65\4987\hotspot\src\share\vm\prims\jni.Œ”“à?
Event: 0.518 Thread 0x000000001e342000 Exception <a 'java/security/PrivilegedActionException'> (0x000000076c4dbe30) thrown at [C:\workspace\8-2-build-windows-amd64-cygwin\jdk8u65\4987\hotspot\src\share\vm\prims\jvm.cpp, line 1386]
Event: 0.518 Thread 0x000000001e342000 Exception <a 'java/security/PrivilegedActionException'> (0x000000076c4dc228) thrown at [C:\workspace\8-2-build-windows-amd64-cygwin\jdk8u65\4987\hotspot\src\share\vm\prims\jvm.cpp, line 1386]
Event: 0.519 Thread 0x000000001e342000 Exception <a 'java/security/PrivilegedActionException'> (0x000000076c4e0440) thrown at [C:\workspace\8-2-build-windows-amd64-cygwin\jdk8u65\4987\hotspot\src\share\vm\prims\jvm.cpp, line 1386]
Event: 0.519 Thread 0x000000001e342000 Exception <a 'java/security/PrivilegedActionException'> (0x000000076c4e0838) thrown at [C:\workspace\8-2-build-windows-amd64-cygwin\jdk8u65\4987\hotspot\src\share\vm\prims\jvm.cpp, line 1386]
Event: 0.523 Thread 0x000000001e342000 Implicit null exception at 0x0000000002822b79 to 0x0000000002822f3d
Event: 1.029 Thread 0x00000000026ce000 Implicit null exception at 0x00000000028334bc to 0x0000000002833a89

Events (10 events):
Event: 17.901 Executing VM operation: ParallelGCFailedAllocation
Event: 17.902 Executing VM operation: ParallelGCFailedAllocation done
Event: 17.991 Executing VM operation: ParallelGCFailedAllocation
Event: 17.992 Executing VM operation: ParallelGCFailedAllocation done
Event: 18.070 Executing VM operation: ParallelGCFailedAllocation
Event: 18.071 Executing VM operation: ParallelGCFailedAllocation done
Event: 18.152 Executing VM operation: ParallelGCFailedAllocation
Event: 18.152 Executing VM operation: ParallelGCFailedAllocation done
Event: 18.221 Executing VM operation: ParallelGCFailedAllocation
Event: 18.221 Executing VM operation: ParallelGCFailedAllocation done


Dynamic libraries:
0x00007ff665e60000 - 0x00007ff665e97000 	C:\Program Files\Java\jdk1.8.0_65\bin\java.exe
0x00007ffb48720000 - 0x00007ffb488e1000 	C:\WINDOWS\SYSTEM32\ntdll.dll
0x00007ffb48170000 - 0x00007ffb4821d000 	C:\WINDOWS\system32\KERNEL32.DLL
0x00007ffb45560000 - 0x00007ffb45748000 	C:\WINDOWS\system32\KERNELBASE.dll
0x00007ffb47a50000 - 0x00007ffb47af7000 	C:\WINDOWS\system32\ADVAPI32.dll
0x00007ffb480d0000 - 0x00007ffb4816d000 	C:\WINDOWS\system32\msvcrt.dll
0x00007ffb47b00000 - 0x00007ffb47b5b000 	C:\WINDOWS\system32\sechost.dll
0x00007ffb47700000 - 0x00007ffb4781c000 	C:\WINDOWS\system32\RPCRT4.dll
0x00007ffb485c0000 - 0x00007ffb48716000 	C:\WINDOWS\system32\USER32.dll
0x00007ffb48220000 - 0x00007ffb483a6000 	C:\WINDOWS\system32\GDI32.dll
0x00007ffb41530000 - 0x00007ffb417a4000 	C:\WINDOWS\WinSxS\amd64_microsoft.windows.common-controls_6595b64144ccf1df_6.0.10586.0_none_8c15ae12515e1c22\COMCTL32.dll
0x00007ffb45b00000 - 0x00007ffb45d7d000 	C:\WINDOWS\system32\combase.dll
0x00007ffb45920000 - 0x00007ffb4598a000 	C:\WINDOWS\system32\bcryptPrimitives.dll
0x00007ffb45f90000 - 0x00007ffb45fcb000 	C:\WINDOWS\system32\IMM32.DLL
0x000000006ce80000 - 0x000000006cf52000 	C:\Program Files\Java\jdk1.8.0_65\jre\bin\msvcr100.dll
0x000000006c5f0000 - 0x000000006ce79000 	C:\Program Files\Java\jdk1.8.0_65\jre\bin\server\jvm.dll
0x00007ffb475a0000 - 0x00007ffb475a8000 	C:\WINDOWS\system32\PSAPI.DLL
0x00007ffb3c060000 - 0x00007ffb3c069000 	C:\WINDOWS\SYSTEM32\WSOCK32.dll
0x00007ffb42fa0000 - 0x00007ffb42fc3000 	C:\WINDOWS\SYSTEM32\WINMM.dll
0x00007ffb418d0000 - 0x00007ffb418da000 	C:\WINDOWS\SYSTEM32\VERSION.dll
0x00007ffb48420000 - 0x00007ffb4848b000 	C:\WINDOWS\system32\WS2_32.dll
0x00007ffb42f40000 - 0x00007ffb42f6c000 	C:\WINDOWS\SYSTEM32\WINMMBASE.dll
0x00007ffb45ab0000 - 0x00007ffb45af3000 	C:\WINDOWS\system32\cfgmgr32.dll
0x000000006c5e0000 - 0x000000006c5ef000 	C:\Program Files\Java\jdk1.8.0_65\jre\bin\verify.dll
0x000000006c5b0000 - 0x000000006c5d9000 	C:\Program Files\Java\jdk1.8.0_65\jre\bin\java.dll
0x000000006c570000 - 0x000000006c5a5000 	C:\Program Files\Java\jdk1.8.0_65\jre\bin\jdwp.dll
0x000000006c560000 - 0x000000006c568000 	C:\Program Files\Java\jdk1.8.0_65\jre\bin\npt.dll
0x000000006c540000 - 0x000000006c556000 	C:\Program Files\Java\jdk1.8.0_65\jre\bin\zip.dll
0x00007ffb45fd0000 - 0x00007ffb4752c000 	C:\WINDOWS\system32\SHELL32.dll
0x00007ffb44ef0000 - 0x00007ffb45535000 	C:\WINDOWS\system32\windows.storage.dll
0x00007ffb483c0000 - 0x00007ffb48412000 	C:\WINDOWS\system32\shlwapi.dll
0x00007ffb44da0000 - 0x00007ffb44daf000 	C:\WINDOWS\system32\kernel.appcore.dll
0x00007ffb459f0000 - 0x00007ffb45aa5000 	C:\WINDOWS\system32\shcore.dll
0x00007ffb44d50000 - 0x00007ffb44d9b000 	C:\WINDOWS\system32\powrprof.dll
0x00007ffb44d20000 - 0x00007ffb44d34000 	C:\WINDOWS\system32\profapi.dll
0x000000006c530000 - 0x000000006c539000 	C:\Program Files\Java\jdk1.8.0_65\jre\bin\dt_socket.dll
0x00007ffb44650000 - 0x00007ffb446ac000 	C:\WINDOWS\system32\mswsock.dll
0x00007ffb41b70000 - 0x00007ffb41bf8000 	D:\Code\Java\Projects\WireEngine20\lib\native\lwjgl.dll
0x00007ffb44820000 - 0x00007ffb4482b000 	C:\WINDOWS\SYSTEM32\CRYPTBASE.DLL
0x00007ffb3fd60000 - 0x00007ffb3fda2000 	D:\Code\Java\Projects\WireEngine20\lib\native\jemalloc.dll
0x00007ffb41b10000 - 0x00007ffb41b48000 	D:\Code\Java\Projects\WireEngine20\lib\native\glfw.dll
0x00007ffb436a0000 - 0x00007ffb43736000 	C:\WINDOWS\system32\uxtheme.dll
0x00007ffb42950000 - 0x00007ffb42972000 	C:\WINDOWS\SYSTEM32\dwmapi.dll
0x00007ffb275e0000 - 0x00007ffb27709000 	C:\WINDOWS\SYSTEM32\opengl32.dll
0x00007ffb3c6f0000 - 0x00007ffb3c71e000 	C:\WINDOWS\SYSTEM32\GLU32.dll
0x00007ffb26dd0000 - 0x00007ffb26eca000 	C:\WINDOWS\SYSTEM32\DDRAW.dll
0x00007ffb3f5a0000 - 0x00007ffb3f5a8000 	C:\WINDOWS\SYSTEM32\DCIMAN32.dll
0x00007ffb478f0000 - 0x00007ffb47a4a000 	C:\WINDOWS\system32\MSCTF.dll
0x00007ffb2cbb0000 - 0x00007ffb2cbf9000 	C:\Program Files (x86)\TeamViewer\tv_x64.dll
0x00007ffb475b0000 - 0x00007ffb476f3000 	C:\WINDOWS\system32\ole32.dll
0x000000006a7e0000 - 0x000000006c529000 	C:\WINDOWS\SYSTEM32\nvoglv64.DLL
0x00007ffb47c20000 - 0x00007ffb48049000 	C:\WINDOWS\system32\SETUPAPI.dll
0x00007ffb42d00000 - 0x00007ffb42d13000 	C:\WINDOWS\SYSTEM32\WTSAPI32.dll
0x00007ffb437f0000 - 0x00007ffb43817000 	C:\WINDOWS\SYSTEM32\DEVOBJ.dll
0x00007ffb45990000 - 0x00007ffb459e5000 	C:\WINDOWS\system32\WINTRUST.dll
0x00007ffb44d40000 - 0x00007ffb44d50000 	C:\WINDOWS\system32\MSASN1.dll
0x00007ffb45750000 - 0x00007ffb45917000 	C:\WINDOWS\system32\CRYPT32.dll
0x00007ffb44270000 - 0x00007ffb442a1000 	C:\WINDOWS\SYSTEM32\ntmarta.dll
0x00007ffb43fc0000 - 0x00007ffb44016000 	C:\WINDOWS\SYSTEM32\WINSTA.dll
0x00007ffb47b70000 - 0x00007ffb47c17000 	C:\WINDOWS\system32\clbcatq.dll
0x00007ffb3f6b0000 - 0x00007ffb3f6d5000 	C:\Program Files (x86)\Samsung\Easy Printer Manager\SmartScreenPrint\CDAKEYMonitor64.dll
0x00007ffb47820000 - 0x00007ffb478e1000 	C:\WINDOWS\system32\OLEAUT32.dll
0x00007ffb2ca20000 - 0x00007ffb2cbac000 	C:\WINDOWS\SYSTEM32\dbghelp.dll

VM Arguments:
jvm_args: -agentlib:jdwp=transport=dt_socket,address=127.0.0.1:55914,suspend=y,server=n -Djava.library.path=lib/native/ -Dfile.encoding=UTF-8 
java_command: main.Main
java_class_path (initial): C:\Program Files\Java\jdk1.8.0_65\jre\lib\charsets.jar;C:\Program Files\Java\jdk1.8.0_65\jre\lib\deploy.jar;C:\Program Files\Java\jdk1.8.0_65\jre\lib\ext\access-bridge-64.jar;C:\Program Files\Java\jdk1.8.0_65\jre\lib\ext\cldrdata.jar;C:\Program Files\Java\jdk1.8.0_65\jre\lib\ext\dnsns.jar;C:\Program Files\Java\jdk1.8.0_65\jre\lib\ext\jaccess.jar;C:\Program Files\Java\jdk1.8.0_65\jre\lib\ext\jfxrt.jar;C:\Program Files\Java\jdk1.8.0_65\jre\lib\ext\localedata.jar;C:\Program Files\Java\jdk1.8.0_65\jre\lib\ext\nashorn.jar;C:\Program Files\Java\jdk1.8.0_65\jre\lib\ext\sunec.jar;C:\Program Files\Java\jdk1.8.0_65\jre\lib\ext\sunjce_provider.jar;C:\Program Files\Java\jdk1.8.0_65\jre\lib\ext\sunmscapi.jar;C:\Program Files\Java\jdk1.8.0_65\jre\lib\ext\sunpkcs11.jar;C:\Program Files\Java\jdk1.8.0_65\jre\lib\ext\zipfs.jar;C:\Program Files\Java\jdk1.8.0_65\jre\lib\javaws.jar;C:\Program Files\Java\jdk1.8.0_65\jre\lib\jce.jar;C:\Program Files\Java\jdk1.8.0_65\jre\lib\jfr.jar;C:\Program Files\Java\jdk1.8.0_65\jre\lib\jfxswt.jar;C:\Program Files\Java\jdk1.8.0_65\jre\lib\jsse.jar;C:\Program Files\Java\jdk1.8.0_65\jre\lib\management-agent.jar;C:\Program Files\Java\jdk1.8.0_65\jre\lib\plugin.jar;C:\Program Files\Java\jdk1.8.0_65\jre\lib\resources.jar;C:\Program Files\Java\jdk1.8.0_65\jre\lib\rt.jar;D:\Code\Java\Projects\WireEngine20\out\production\WireEngine20;D:\Code\Java\Projects\WireEngine20\lib\jar\lwjgl.jar;D:\Code\Java\Projects\WireEngine20\lib\jar\slick-util.jar;D:\Program Files (x86)\JetBrains\IntelliJ IDEA 2016.1\lib\idea_rt.jar
Launcher Type: SUN_STANDARD

Environment Variables:
JAVA_HOME=C:\Program Files\Java\jdk1.8.0_65
PATH=C:\ProgramData\Oracle\Java\javapath;C:\Program Files (x86)\Razer Chroma SDK\bin;C:\Program Files\Razer Chroma SDK\bin;C:\Program Files (x86)\NVIDIA Corporation\PhysX\Common;C:\Program Files (x86)\Intel\iCLS Client\;C:\Program Files\Intel\iCLS Client\;C:\Windows\system32;C:\Windows;C:\Windows\System32\Wbem;C:\Windows\System32\WindowsPowerShell\v1.0\;C:\Program Files\Intel\Intel(R) Management Engine Components\DAL;C:\Program Files (x86)\Intel\Intel(R) Management Engine Components\DAL;C:\Program Files\Intel\Intel(R) Management Engine Components\IPT;C:\Program Files (x86)\Intel\Intel(R) Management Engine Components\IPT;C:\Program Files\Java\jre1.8.0_65\bin;C:\MinGW\bin;C:\WINDOWS\system32;C:\WINDOWS;C:\WINDOWS\System32\Wbem;C:\WINDOWS\System32\WindowsPowerShell\v1.0\;D:\Program Files (x86)\CMake\bin;D:\Program Files\Programs\Python\Python35-32;D:\Program Files\Programs\Python\Python35-32\Scripts;C:\Program Files (x86)\Skype\Phone\;D:\Program Files\Programs\Python\Python35-32\Scripts\;D:\Program Files\Programs\Python\Python35-32\
USERNAME=Kelan
OS=Windows_NT
PROCESSOR_IDENTIFIER=Intel64 Family 6 Model 60 Stepping 3, GenuineIntel



---------------  S Y S T E M  ---------------

OS: Windows 10.0 , 64 bit Build 10586 (10.0.10586.0)

CPU:total 8 (4 cores per cpu, 2 threads per core) family 6 model 60 stepping 3, cmov, cx8, fxsr, mmx, sse, sse2, sse3, ssse3, sse4.1, sse4.2, popcnt, avx, avx2, aes, clmul, erms, lzcnt, ht, tsc, tscinvbit, bmi1, bmi2

Memory: 4k page, physical 16609500k(9275820k free), swap 33386716k(23823896k free)

vm_info: Java HotSpot(TM) 64-Bit Server VM (25.65-b01) for windows-amd64 JRE (1.8.0_65-b17), built on Oct  6 2015 16:39:20 by "java_re" with MS VC++ 10.0 (VS2010)

time: Mon Apr 18 13:33:57 2016
elapsed time: 18 seconds (0d 0h 0m 18s)

