#
# A fatal error has been detected by the Java Runtime Environment:
#
#  EXCEPTION_ACCESS_VIOLATION (0xc0000005) at pc=0x00007ffdd3e624b9, pid=4896, tid=8992
#
# JRE version: Java(TM) SE Runtime Environment (8.0_65-b17) (build 1.8.0_65-b17)
# Java VM: Java HotSpot(TM) 64-Bit Server VM (25.65-b01 mixed mode windows-amd64 compressed oops)
# Problematic frame:
# C  [glfw.dll+0x24b9]
#
# Failed to write core dump. Minidumps are not enabled by default on client versions of Windows
#
# If you would like to submit a bug report, please visit:
#   http://bugreport.java.com/bugreport/crash.jsp
# The crash happened outside the Java Virtual Machine in native code.
# See problematic frame for where to report the bug.
#

---------------  T H R E A D  ---------------

Current thread (0x000000001e1e7000):  JavaThread "CLIENT" [_thread_in_native, id=8992, stack(0x000000001ef00000,0x000000001f000000)]

siginfo: ExceptionCode=0xc0000005, reading address 0x0000000000000000

Registers:
RAX=0x0000000000000000, RBX=0x000000001b9af240, RCX=0x0000000000000000, RDX=0x0000000000000000
RSP=0x000000001effef50, RBP=0x000000001efff008, RSI=0x0000000000000108, RDI=0x00000000005fea00
R8 =0x000000001effef48, R9 =0x000000001efff008, R10=0x0000000000000000, R11=0x0000000000000246
R12=0x0000000000000000, R13=0x000000001b9af240, R14=0x000000001efff040, R15=0x000000001e1e7000
RIP=0x00007ffdd3e624b9, EFLAGS=0x0000000000010287

Top of Stack: (sp=0x000000001effef50)
0x000000001effef50:   000000001e1e7000 000000001e1e7000
0x000000001effef60:   000000001e1e7000 000000001e1e7000
0x000000001effef70:   000000000000059c 000000000255dfcc
0x000000001effef80:   000000001b9af240 0000000070615005
0x000000001effef90:   000000001b955180 000000001bf31490
0x000000001effefa0:   000000000000000e 000000001e1e7000
0x000000001effefb0:   000000001b9cb9c8 000000007052aea4
0x000000001effefc0:   000000001e1e7000 000000001effefc8
0x000000001effefd0:   0000000000000000 000000001efff040
0x000000001effefe0:   000000001b9af9e0 0000000000000000
0x000000001effeff0:   000000001b9af240 0000000000000000
0x000000001efff000:   000000001efff028 000000001efff088
0x000000001efff010:   0000000002547d8d 00000006c28060e0
0x000000001efff020:   00000000025542f8 00000000005fea00
0x000000001efff030:   00000000025478a0 00007ffdd3e62420
0x000000001efff040:   0000000000000001 000000001efff048 

Instructions: (pc=0x00007ffdd3e624b9)
0x00007ffdd3e62499:   48 8b cf e8 1f 3a 00 00 48 39 3d f0 d5 02 00 48
0x00007ffdd3e624a9:   8d 0d e9 d5 02 00 48 8b 5c 24 30 74 08 48 8b 09
0x00007ffdd3e624b9:   48 39 39 75 f8 48 8b 07 48 89 01 48 8b cf 48 83
0x00007ffdd3e624c9:   c4 20 5f e9 5b fe 00 00 48 83 c4 20 5f c3 cc cc 


Register to memory mapping:

RAX=0x0000000000000000 is an unknown value
RBX={method} {0x000000001b9af248} 'invokePV' '(JJ)V' in 'org/lwjgl/system/JNI'
RCX=0x0000000000000000 is an unknown value
RDX=0x0000000000000000 is an unknown value
RSP=0x000000001effef50 is pointing into the stack for thread: 0x000000001e1e7000
RBP=0x000000001efff008 is pointing into the stack for thread: 0x000000001e1e7000
RSI=0x0000000000000108 is an unknown value
RDI=0x00000000005fea00 is an unknown value
R8 =0x000000001effef48 is pointing into the stack for thread: 0x000000001e1e7000
R9 =0x000000001efff008 is pointing into the stack for thread: 0x000000001e1e7000
R10=0x0000000000000000 is an unknown value
R11=0x0000000000000246 is an unknown value
R12=0x0000000000000000 is an unknown value
R13={method} {0x000000001b9af248} 'invokePV' '(JJ)V' in 'org/lwjgl/system/JNI'
R14=0x000000001efff040 is pointing into the stack for thread: 0x000000001e1e7000
R15=0x000000001e1e7000 is a thread


Stack: [0x000000001ef00000,0x000000001f000000],  sp=0x000000001effef50,  free space=1019k
Native frames: (J=compiled Java code, j=interpreted, Vv=VM code, C=native code)
C  [glfw.dll+0x24b9]
C  0x000000000255dfcc

Java frames: (J=compiled Java code, j=interpreted, Vv=VM code)
j  org.lwjgl.system.JNI.invokePV(JJ)V+0
j  org.lwjgl.glfw.GLFW.glfwDestroyCursor(J)V+20
j  main.client.Window.destroyWindow()V+9
j  main.coreEngine.Engine.stop()V+70
j  main.client.Window.update()V+33
j  main.client.renderEngine.RenderEngine.render()V+38
j  main.client.ClientThread.tick()V+12
j  main.coreEngine.TickableThread.run()V+469
v  ~StubRoutines::call_stub

---------------  P R O C E S S  ---------------

Java Threads: ( => current thread )
  0x000000001e200000 JavaThread "SERVER" [_thread_in_Java, id=11748, stack(0x000000001f000000,0x000000001f100000)]
=>0x000000001e1e7000 JavaThread "CLIENT" [_thread_in_native, id=8992, stack(0x000000001ef00000,0x000000001f000000)]
  0x000000001e054800 JavaThread "Service Thread" daemon [_thread_blocked, id=12036, stack(0x000000001ed00000,0x000000001ee00000)]
  0x000000001e064800 JavaThread "C1 CompilerThread3" daemon [_thread_blocked, id=8492, stack(0x000000001ec00000,0x000000001ed00000)]
  0x000000001e05a000 JavaThread "C2 CompilerThread2" daemon [_thread_blocked, id=13576, stack(0x000000001eb00000,0x000000001ec00000)]
  0x000000001e057000 JavaThread "C2 CompilerThread1" daemon [_thread_blocked, id=1656, stack(0x000000001ea00000,0x000000001eb00000)]
  0x000000001e05d800 JavaThread "C2 CompilerThread0" daemon [_thread_blocked, id=1948, stack(0x000000001e900000,0x000000001ea00000)]
  0x000000001e043800 JavaThread "JDWP Command Reader" daemon [_thread_in_native, id=1276, stack(0x000000001e800000,0x000000001e900000)]
  0x000000001e040000 JavaThread "JDWP Event Helper Thread" daemon [_thread_blocked, id=13068, stack(0x000000001e700000,0x000000001e800000)]
  0x000000001bf3e000 JavaThread "JDWP Transport Listener: dt_socket" daemon [_thread_blocked, id=8860, stack(0x000000001e600000,0x000000001e700000)]
  0x000000001e02f800 JavaThread "Attach Listener" daemon [_thread_blocked, id=10724, stack(0x000000001e500000,0x000000001e600000)]
  0x000000001e02e800 JavaThread "Signal Dispatcher" daemon [_thread_blocked, id=9988, stack(0x000000001e400000,0x000000001e500000)]
  0x000000000252b000 JavaThread "Finalizer" daemon [_thread_blocked, id=9272, stack(0x000000001de10000,0x000000001df10000)]
  0x0000000002523000 JavaThread "Reference Handler" daemon [_thread_blocked, id=8188, stack(0x000000001dd10000,0x000000001de10000)]
  0x000000000098e000 JavaThread "main" [_thread_in_Java, id=13460, stack(0x0000000002320000,0x0000000002420000)]

Other Threads:
  0x000000001bf29800 VMThread [stack: 0x000000001dc10000,0x000000001dd10000] [id=2596]
  0x000000001e111800 WatcherThread [stack: 0x000000001ee00000,0x000000001ef00000] [id=7628]

VM state:not at safepoint (normal execution)

VM Mutex/Monitor currently owned by a thread: None

Heap:
 PSYoungGen      total 143872K, used 27617K [0x000000076b800000, 0x000000077ac80000, 0x00000007c0000000)
  eden space 143360K, 19% used [0x000000076b800000,0x000000076d2d8670,0x0000000774400000)
  from space 512K, 25% used [0x000000077ac00000,0x000000077ac20000,0x000000077ac80000)
  to   space 1536K, 0% used [0x000000077a980000,0x000000077a980000,0x000000077ab00000)
 ParOldGen       total 173568K, used 1518K [0x00000006c2800000, 0x00000006cd180000, 0x000000076b800000)
  object space 173568K, 0% used [0x00000006c2800000,0x00000006c297b9c0,0x00000006cd180000)
 Metaspace       used 8252K, capacity 8710K, committed 8960K, reserved 1056768K
  class space    used 658K, capacity 690K, committed 768K, reserved 1048576K

Card table byte_map: [0x0000000011900000,0x00000000120f0000] byte_map_base: 0x000000000e2ec000

Marking Bits: (ParMarkBitMap*) 0x0000000070c0a5b0
 Begin Bits: [0x0000000012e40000, 0x0000000016da0000)
 End Bits:   [0x0000000016da0000, 0x000000001ad00000)

Polling page: 0x0000000000970000

CodeCache: size=245760Kb used=3016Kb max_used=3016Kb free=242743Kb
 bounds [0x0000000002540000, 0x0000000002840000, 0x0000000011540000]
 total_blobs=1281 nmethods=627 adapters=575
 compilation: enabled

Compilation events (10 events):
Event: 2.537 Thread 0x000000001e064800  624       3       org.lwjgl.BufferUtils::createDoubleBuffer (10 bytes)
Event: 2.538 Thread 0x000000001e064800 nmethod 624 0x0000000002832950 code [0x0000000002832b00, 0x00000000028330a8]
Event: 2.538 Thread 0x000000001e064800  625       3       org.lwjgl.system.MemoryUtil::memAddressSafe (13 bytes)
Event: 2.538 Thread 0x000000001e064800 nmethod 625 0x0000000002833410 code [0x00000000028335a0, 0x0000000002833970]
Event: 2.538 Thread 0x000000001e064800  626       3       org.lwjgl.system.MemoryUtil::memAddress (9 bytes)
Event: 2.538 Thread 0x000000001e064800 nmethod 626 0x0000000002833b10 code [0x0000000002833c80, 0x0000000002833f90]
Event: 2.538 Thread 0x000000001e064800  627       3       org.lwjgl.system.MemoryUtil::memAddress (10 bytes)
Event: 2.538 Thread 0x000000001e064800 nmethod 627 0x0000000002834110 code [0x0000000002834280, 0x0000000002834490]
Event: 2.538 Thread 0x000000001e064800  628       3       java.nio.DirectDoubleBufferU::get (16 bytes)
Event: 2.538 Thread 0x000000001e064800 nmethod 628 0x0000000002834590 code [0x0000000002834700, 0x0000000002834970]

GC Heap History (10 events):
Event: 2.193 GC heap before
{Heap before GC invocations=20 (full 0):
 PSYoungGen      total 173056K, used 171232K [0x000000076b800000, 0x000000077b000000, 0x00000007c0000000)
  eden space 171008K, 100% used [0x000000076b800000,0x0000000775f00000,0x0000000775f00000)
  from space 2048K, 10% used [0x000000077ac00000,0x000000077ac38000,0x000000077ae00000)
  to   space 2048K, 0% used [0x000000077ae00000,0x000000077ae00000,0x000000077b000000)
 ParOldGen       total 173568K, used 1518K [0x00000006c2800000, 0x00000006cd180000, 0x000000076b800000)
  object space 173568K, 0% used [0x00000006c2800000,0x00000006c297b9c0,0x00000006cd180000)
 Metaspace       used 8244K, capacity 8710K, committed 8960K, reserved 1056768K
  class space    used 658K, capacity 690K, committed 768K, reserved 1048576K
Event: 2.194 GC heap after
Heap after GC invocations=20 (full 0):
 PSYoungGen      total 165376K, used 160K [0x000000076b800000, 0x000000077ae80000, 0x00000007c0000000)
  eden space 164864K, 0% used [0x000000076b800000,0x000000076b800000,0x0000000775900000)
  from space 512K, 31% used [0x000000077ae00000,0x000000077ae28000,0x000000077ae80000)
  to   space 2048K, 0% used [0x000000077aa80000,0x000000077aa80000,0x000000077ac80000)
 ParOldGen       total 173568K, used 1518K [0x00000006c2800000, 0x00000006cd180000, 0x000000076b800000)
  object space 173568K, 0% used [0x00000006c2800000,0x00000006c297b9c0,0x00000006cd180000)
 Metaspace       used 8244K, capacity 8710K, committed 8960K, reserved 1056768K
  class space    used 658K, capacity 690K, committed 768K, reserved 1048576K
}
Event: 2.276 GC heap before
{Heap before GC invocations=21 (full 0):
 PSYoungGen      total 165376K, used 165024K [0x000000076b800000, 0x000000077ae80000, 0x00000007c0000000)
  eden space 164864K, 100% used [0x000000076b800000,0x0000000775900000,0x0000000775900000)
  from space 512K, 31% used [0x000000077ae00000,0x000000077ae28000,0x000000077ae80000)
  to   space 2048K, 0% used [0x000000077aa80000,0x000000077aa80000,0x000000077ac80000)
 ParOldGen       total 173568K, used 1518K [0x00000006c2800000, 0x00000006cd180000, 0x000000076b800000)
  object space 173568K, 0% used [0x00000006c2800000,0x00000006c297b9c0,0x00000006cd180000)
 Metaspace       used 8245K, capacity 8710K, committed 8960K, reserved 1056768K
  class space    used 658K, capacity 690K, committed 768K, reserved 1048576K
Event: 2.276 GC heap after
Heap after GC invocations=21 (full 0):
 PSYoungGen      total 161280K, used 160K [0x000000076b800000, 0x000000077ae80000, 0x00000007c0000000)
  eden space 159232K, 0% used [0x000000076b800000,0x000000076b800000,0x0000000775380000)
  from space 2048K, 7% used [0x000000077aa80000,0x000000077aaa8000,0x000000077ac80000)
  to   space 1536K, 0% used [0x000000077ad00000,0x000000077ad00000,0x000000077ae80000)
 ParOldGen       total 173568K, used 1518K [0x00000006c2800000, 0x00000006cd180000, 0x000000076b800000)
  object space 173568K, 0% used [0x00000006c2800000,0x00000006c297b9c0,0x00000006cd180000)
 Metaspace       used 8245K, capacity 8710K, committed 8960K, reserved 1056768K
  class space    used 658K, capacity 690K, committed 768K, reserved 1048576K
}
Event: 2.347 GC heap before
{Heap before GC invocations=22 (full 0):
 PSYoungGen      total 161280K, used 159392K [0x000000076b800000, 0x000000077ae80000, 0x00000007c0000000)
  eden space 159232K, 100% used [0x000000076b800000,0x0000000775380000,0x0000000775380000)
  from space 2048K, 7% used [0x000000077aa80000,0x000000077aaa8000,0x000000077ac80000)
  to   space 1536K, 0% used [0x000000077ad00000,0x000000077ad00000,0x000000077ae80000)
 ParOldGen       total 173568K, used 1518K [0x00000006c2800000, 0x00000006cd180000, 0x000000076b800000)
  object space 173568K, 0% used [0x00000006c2800000,0x00000006c297b9c0,0x00000006cd180000)
 Metaspace       used 8246K, capacity 8710K, committed 8960K, reserved 1056768K
  class space    used 658K, capacity 690K, committed 768K, reserved 1048576K
Event: 2.348 GC heap after
Heap after GC invocations=22 (full 0):
 PSYoungGen      total 154112K, used 192K [0x000000076b800000, 0x000000077ad80000, 0x00000007c0000000)
  eden space 153600K, 0% used [0x000000076b800000,0x000000076b800000,0x0000000774e00000)
  from space 512K, 37% used [0x000000077ad00000,0x000000077ad30000,0x000000077ad80000)
  to   space 1536K, 0% used [0x000000077aa80000,0x000000077aa80000,0x000000077ac00000)
 ParOldGen       total 173568K, used 1518K [0x00000006c2800000, 0x00000006cd180000, 0x000000076b800000)
  object space 173568K, 0% used [0x00000006c2800000,0x00000006c297b9c0,0x00000006cd180000)
 Metaspace       used 8246K, capacity 8710K, committed 8960K, reserved 1056768K
  class space    used 658K, capacity 690K, committed 768K, reserved 1048576K
}
Event: 2.465 GC heap before
{Heap before GC invocations=23 (full 0):
 PSYoungGen      total 154112K, used 153792K [0x000000076b800000, 0x000000077ad80000, 0x00000007c0000000)
  eden space 153600K, 100% used [0x000000076b800000,0x0000000774e00000,0x0000000774e00000)
  from space 512K, 37% used [0x000000077ad00000,0x000000077ad30000,0x000000077ad80000)
  to   space 1536K, 0% used [0x000000077aa80000,0x000000077aa80000,0x000000077ac00000)
 ParOldGen       total 173568K, used 1518K [0x00000006c2800000, 0x00000006cd180000, 0x000000076b800000)
  object space 173568K, 0% used [0x00000006c2800000,0x00000006c297b9c0,0x00000006cd180000)
 Metaspace       used 8250K, capacity 8710K, committed 8960K, reserved 1056768K
  class space    used 658K, capacity 690K, committed 768K, reserved 1048576K
Event: 2.466 GC heap after
Heap after GC invocations=23 (full 0):
 PSYoungGen      total 150016K, used 160K [0x000000076b800000, 0x000000077ad80000, 0x00000007c0000000)
  eden space 148480K, 0% used [0x000000076b800000,0x000000076b800000,0x0000000774900000)
  from space 1536K, 10% used [0x000000077aa80000,0x000000077aaa8000,0x000000077ac00000)
  to   space 1536K, 0% used [0x000000077ac00000,0x000000077ac00000,0x000000077ad80000)
 ParOldGen       total 173568K, used 1518K [0x00000006c2800000, 0x00000006cd180000, 0x000000076b800000)
  object space 173568K, 0% used [0x00000006c2800000,0x00000006c297b9c0,0x00000006cd180000)
 Metaspace       used 8250K, capacity 8710K, committed 8960K, reserved 1056768K
  class space    used 658K, capacity 690K, committed 768K, reserved 1048576K
}
Event: 2.529 GC heap before
{Heap before GC invocations=24 (full 0):
 PSYoungGen      total 150016K, used 148640K [0x000000076b800000, 0x000000077ad80000, 0x00000007c0000000)
  eden space 148480K, 100% used [0x000000076b800000,0x0000000774900000,0x0000000774900000)
  from space 1536K, 10% used [0x000000077aa80000,0x000000077aaa8000,0x000000077ac00000)
  to   space 1536K, 0% used [0x000000077ac00000,0x000000077ac00000,0x000000077ad80000)
 ParOldGen       total 173568K, used 1518K [0x00000006c2800000, 0x00000006cd180000, 0x000000076b800000)
  object space 173568K, 0% used [0x00000006c2800000,0x00000006c297b9c0,0x00000006cd180000)
 Metaspace       used 8250K, capacity 8710K, committed 8960K, reserved 1056768K
  class space    used 658K, capacity 690K, committed 768K, reserved 1048576K
Event: 2.529 GC heap after
Heap after GC invocations=24 (full 0):
 PSYoungGen      total 143872K, used 128K [0x000000076b800000, 0x000000077ac80000, 0x00000007c0000000)
  eden space 143360K, 0% used [0x000000076b800000,0x000000076b800000,0x0000000774400000)
  from space 512K, 25% used [0x000000077ac00000,0x000000077ac20000,0x000000077ac80000)
  to   space 1536K, 0% used [0x000000077a980000,0x000000077a980000,0x000000077ab00000)
 ParOldGen       total 173568K, used 1518K [0x00000006c2800000, 0x00000006cd180000, 0x000000076b800000)
  object space 173568K, 0% used [0x00000006c2800000,0x00000006c297b9c0,0x00000006cd180000)
 Metaspace       used 8250K, capacity 8710K, committed 8960K, reserved 1056768K
  class space    used 658K, capacity 690K, committed 768K, reserved 1048576K
}

Deoptimization events (10 events):
Event: 0.396 Thread 0x000000001e1e7000 Uncommon trap: reason=bimorphic action=maybe_recompile pc=0x000000000268fbb8 method=java.util.HashMap.getNode(ILjava/lang/Object;)Ljava/util/HashMap$Node; @ 126
Event: 0.401 Thread 0x000000001e1e7000 Uncommon trap: reason=unstable_if action=reinterpret pc=0x0000000002677ed8 method=java.util.HashMap.keySet()Ljava/util/Set; @ 6
Event: 0.786 Thread 0x000000001e1e7000 Uncommon trap: reason=unstable_if action=reinterpret pc=0x0000000002685844 method=java.util.HashMap.clear()V @ 16
Event: 0.786 Thread 0x000000001e1e7000 Uncommon trap: reason=unstable_if action=reinterpret pc=0x0000000002686598 method=java.util.HashMap.clear()V @ 16
Event: 0.786 Thread 0x000000000098e000 Uncommon trap: reason=unstable_if action=reinterpret pc=0x00000000026a8ff0 method=main.coreEngine.TickableThread.invoke(Ljava/lang/String;[Ljava/lang/Object;)V @ 53
Event: 0.786 Thread 0x000000001e200000 Uncommon trap: reason=unstable_if action=reinterpret pc=0x00000000026e8ab4 method=main.coreEngine.TickableThread.run()V @ 58
Event: 0.811 Thread 0x000000001e1e7000 Uncommon trap: reason=bimorphic action=maybe_recompile pc=0x0000000002696a4c method=java.util.HashMap.getNode(ILjava/lang/Object;)Ljava/util/HashMap$Node; @ 126
Event: 0.811 Thread 0x000000001e1e7000 Uncommon trap: reason=bimorphic action=maybe_recompile pc=0x000000000268fbb8 method=java.util.HashMap.getNode(ILjava/lang/Object;)Ljava/util/HashMap$Node; @ 126
Event: 0.884 Thread 0x000000001e200000 Uncommon trap: reason=unstable_if action=reinterpret pc=0x00000000027f7c6c method=main.coreEngine.TickableThread.run()V @ 461
Event: 0.893 Thread 0x000000000098e000 Uncommon trap: reason=unstable_if action=reinterpret pc=0x00000000027f2468 method=main.coreEngine.Engine.start()V @ 163

Internal exceptions (7 events):
Event: 0.021 Thread 0x000000000098e000 Exception <a 'java/lang/NoSuchMethodError': Method sun.misc.Unsafe.defineClass(Ljava/lang/String;[BII)Ljava/lang/Class; name or signature does not match> (0x000000076b80d890) thrown at [C:\workspace\8-2-build-windows-amd64-cygwin\jdk8u65\4987\hotspot\src\sï5¼w–?
Event: 0.022 Thread 0x000000000098e000 Exception <a 'java/lang/NoSuchMethodError': Method sun.misc.Unsafe.prefetchRead(Ljava/lang/Object;J)V name or signature does not match> (0x000000076b80db78) thrown at [C:\workspace\8-2-build-windows-amd64-cygwin\jdk8u65\4987\hotspot\src\share\vm\prims\jni.	Mà‚£MÙ?
Event: 0.395 Thread 0x000000001e1e7000 Exception <a 'java/security/PrivilegedActionException'> (0x000000076daee7e0) thrown at [C:\workspace\8-2-build-windows-amd64-cygwin\jdk8u65\4987\hotspot\src\share\vm\prims\jvm.cpp, line 1386]
Event: 0.395 Thread 0x000000001e1e7000 Exception <a 'java/security/PrivilegedActionException'> (0x000000076daeebd8) thrown at [C:\workspace\8-2-build-windows-amd64-cygwin\jdk8u65\4987\hotspot\src\share\vm\prims\jvm.cpp, line 1386]
Event: 0.396 Thread 0x000000001e1e7000 Exception <a 'java/security/PrivilegedActionException'> (0x000000076daf2df0) thrown at [C:\workspace\8-2-build-windows-amd64-cygwin\jdk8u65\4987\hotspot\src\share\vm\prims\jvm.cpp, line 1386]
Event: 0.396 Thread 0x000000001e1e7000 Exception <a 'java/security/PrivilegedActionException'> (0x000000076daf31e8) thrown at [C:\workspace\8-2-build-windows-amd64-cygwin\jdk8u65\4987\hotspot\src\share\vm\prims\jvm.cpp, line 1386]
Event: 0.786 Thread 0x000000000098e000 Implicit null exception at 0x00000000026a89fc to 0x00000000026a8fc9

Events (10 events):
Event: 2.193 Executing VM operation: ParallelGCFailedAllocation
Event: 2.194 Executing VM operation: ParallelGCFailedAllocation done
Event: 2.276 Executing VM operation: ParallelGCFailedAllocation
Event: 2.277 Executing VM operation: ParallelGCFailedAllocation done
Event: 2.347 Executing VM operation: ParallelGCFailedAllocation
Event: 2.348 Executing VM operation: ParallelGCFailedAllocation done
Event: 2.465 Executing VM operation: ParallelGCFailedAllocation
Event: 2.466 Executing VM operation: ParallelGCFailedAllocation done
Event: 2.529 Executing VM operation: ParallelGCFailedAllocation
Event: 2.529 Executing VM operation: ParallelGCFailedAllocation done


Dynamic libraries:
0x00007ff67ba00000 - 0x00007ff67ba37000 	C:\Program Files\Java\jdk1.8.0_65\bin\java.exe
0x00007ffde4980000 - 0x00007ffde4b41000 	C:\WINDOWS\SYSTEM32\ntdll.dll
0x00007ffde42a0000 - 0x00007ffde434d000 	C:\WINDOWS\system32\KERNEL32.DLL
0x00007ffde19f0000 - 0x00007ffde1bd8000 	C:\WINDOWS\system32\KERNELBASE.dll
0x00007ffde1e70000 - 0x00007ffde1f17000 	C:\WINDOWS\system32\ADVAPI32.dll
0x00007ffde3800000 - 0x00007ffde389d000 	C:\WINDOWS\system32\msvcrt.dll
0x00007ffde1e10000 - 0x00007ffde1e6b000 	C:\WINDOWS\system32\sechost.dll
0x00007ffde3bd0000 - 0x00007ffde3cec000 	C:\WINDOWS\system32\RPCRT4.dll
0x00007ffde3fe0000 - 0x00007ffde4136000 	C:\WINDOWS\system32\USER32.dll
0x00007ffde3cf0000 - 0x00007ffde3e76000 	C:\WINDOWS\system32\GDI32.dll
0x00007ffddd690000 - 0x00007ffddd904000 	C:\WINDOWS\WinSxS\amd64_microsoft.windows.common-controls_6595b64144ccf1df_6.0.10586.0_none_8c15ae12515e1c22\COMCTL32.dll
0x00007ffde3950000 - 0x00007ffde3bcd000 	C:\WINDOWS\system32\combase.dll
0x00007ffde1cf0000 - 0x00007ffde1d5a000 	C:\WINDOWS\system32\bcryptPrimitives.dll
0x00007ffde1dc0000 - 0x00007ffde1dfb000 	C:\WINDOWS\system32\IMM32.DLL
0x0000000070c90000 - 0x0000000070d62000 	C:\Program Files\Java\jdk1.8.0_65\jre\bin\msvcr100.dll
0x0000000070400000 - 0x0000000070c89000 	C:\Program Files\Java\jdk1.8.0_65\jre\bin\server\jvm.dll
0x00007ffde4290000 - 0x00007ffde4298000 	C:\WINDOWS\system32\PSAPI.DLL
0x00007ffdd8550000 - 0x00007ffdd8559000 	C:\WINDOWS\SYSTEM32\WSOCK32.dll
0x00007ffddf730000 - 0x00007ffddf753000 	C:\WINDOWS\SYSTEM32\WINMM.dll
0x00007ffddd9c0000 - 0x00007ffddd9ca000 	C:\WINDOWS\SYSTEM32\VERSION.dll
0x00007ffde4470000 - 0x00007ffde44db000 	C:\WINDOWS\system32\WS2_32.dll
0x00000000009d0000 - 0x00000000009fc000 	C:\WINDOWS\SYSTEM32\WINMMBASE.dll
0x00007ffde1be0000 - 0x00007ffde1c23000 	C:\WINDOWS\system32\cfgmgr32.dll
0x00000000703f0000 - 0x00000000703ff000 	C:\Program Files\Java\jdk1.8.0_65\jre\bin\verify.dll
0x00000000703c0000 - 0x00000000703e9000 	C:\Program Files\Java\jdk1.8.0_65\jre\bin\java.dll
0x0000000070380000 - 0x00000000703b5000 	C:\Program Files\Java\jdk1.8.0_65\jre\bin\jdwp.dll
0x0000000070370000 - 0x0000000070378000 	C:\Program Files\Java\jdk1.8.0_65\jre\bin\npt.dll
0x0000000070350000 - 0x0000000070366000 	C:\Program Files\Java\jdk1.8.0_65\jre\bin\zip.dll
0x00007ffde1f80000 - 0x00007ffde34dc000 	C:\WINDOWS\system32\SHELL32.dll
0x00007ffde11d0000 - 0x00007ffde1815000 	C:\WINDOWS\system32\windows.storage.dll
0x00007ffde36b0000 - 0x00007ffde3702000 	C:\WINDOWS\system32\shlwapi.dll
0x00007ffde0fb0000 - 0x00007ffde0fbf000 	C:\WINDOWS\system32\kernel.appcore.dll
0x00007ffde1c30000 - 0x00007ffde1ce5000 	C:\WINDOWS\system32\shcore.dll
0x00007ffde0fc0000 - 0x00007ffde100b000 	C:\WINDOWS\system32\powrprof.dll
0x00007ffde0f80000 - 0x00007ffde0f94000 	C:\WINDOWS\system32\profapi.dll
0x0000000070340000 - 0x0000000070349000 	C:\Program Files\Java\jdk1.8.0_65\jre\bin\dt_socket.dll
0x00007ffde08b0000 - 0x00007ffde090c000 	C:\WINDOWS\system32\mswsock.dll
0x00007ffdcfc70000 - 0x00007ffdcfcf8000 	D:\Code\Java\Projects\WireEngine20\lib\native\lwjgl.dll
0x00007ffde0a80000 - 0x00007ffde0a8b000 	C:\WINDOWS\SYSTEM32\CRYPTBASE.DLL
0x00007ffdd45f0000 - 0x00007ffdd4632000 	D:\Code\Java\Projects\WireEngine20\lib\native\jemalloc.dll
0x00007ffdd3e60000 - 0x00007ffdd3e98000 	D:\Code\Java\Projects\WireEngine20\lib\native\glfw.dll
0x00007ffddf850000 - 0x00007ffddf8e6000 	C:\WINDOWS\system32\uxtheme.dll
0x00007ffdde650000 - 0x00007ffdde672000 	C:\WINDOWS\SYSTEM32\dwmapi.dll
0x00007ffdc8b70000 - 0x00007ffdc8c99000 	C:\WINDOWS\SYSTEM32\opengl32.dll
0x00007ffdcfb70000 - 0x00007ffdcfb9e000 	C:\WINDOWS\SYSTEM32\GLU32.dll
0x00007ffdc68b0000 - 0x00007ffdc69aa000 	C:\WINDOWS\SYSTEM32\DDRAW.dll
0x00007ffdd47a0000 - 0x00007ffdd47a8000 	C:\WINDOWS\SYSTEM32\DCIMAN32.dll
0x00007ffde3e80000 - 0x00007ffde3fda000 	C:\WINDOWS\system32\MSCTF.dll
0x00007ffdcb820000 - 0x00007ffdcb869000 	C:\Program Files (x86)\TeamViewer\tv_x64.dll
0x00007ffde4140000 - 0x00007ffde4283000 	C:\WINDOWS\system32\ole32.dll
0x000000006e3c0000 - 0x0000000070109000 	C:\WINDOWS\SYSTEM32\nvoglv64.DLL
0x00007ffde4550000 - 0x00007ffde4979000 	C:\WINDOWS\system32\SETUPAPI.dll
0x00007ffddf2f0000 - 0x00007ffddf303000 	C:\WINDOWS\SYSTEM32\WTSAPI32.dll
0x00007ffddf9a0000 - 0x00007ffddf9c7000 	C:\WINDOWS\SYSTEM32\DEVOBJ.dll
0x00007ffde1170000 - 0x00007ffde11c5000 	C:\WINDOWS\system32\WINTRUST.dll
0x00007ffde0fa0000 - 0x00007ffde0fb0000 	C:\WINDOWS\system32\MSASN1.dll
0x00007ffde1820000 - 0x00007ffde19e7000 	C:\WINDOWS\system32\CRYPT32.dll
0x00007ffde04d0000 - 0x00007ffde0501000 	C:\WINDOWS\SYSTEM32\ntmarta.dll
0x00007ffde0220000 - 0x00007ffde0276000 	C:\WINDOWS\SYSTEM32\WINSTA.dll
0x00007ffde38a0000 - 0x00007ffde3947000 	C:\WINDOWS\system32\clbcatq.dll
0x00007ffdddd50000 - 0x00007ffdddd75000 	C:\Program Files (x86)\Samsung\Easy Printer Manager\SmartScreenPrint\CDAKEYMonitor64.dll
0x00007ffde3730000 - 0x00007ffde37f1000 	C:\WINDOWS\system32\OLEAUT32.dll
0x00007ffdb9de0000 - 0x00007ffdb9f6c000 	C:\WINDOWS\SYSTEM32\dbghelp.dll

VM Arguments:
jvm_args: -agentlib:jdwp=transport=dt_socket,address=127.0.0.1:63624,suspend=y,server=n -Djava.library.path=lib/native/ -Dfile.encoding=UTF-8 
java_command: main.Main
java_class_path (initial): C:\Program Files\Java\jdk1.8.0_65\jre\lib\charsets.jar;C:\Program Files\Java\jdk1.8.0_65\jre\lib\deploy.jar;C:\Program Files\Java\jdk1.8.0_65\jre\lib\ext\access-bridge-64.jar;C:\Program Files\Java\jdk1.8.0_65\jre\lib\ext\cldrdata.jar;C:\Program Files\Java\jdk1.8.0_65\jre\lib\ext\dnsns.jar;C:\Program Files\Java\jdk1.8.0_65\jre\lib\ext\jaccess.jar;C:\Program Files\Java\jdk1.8.0_65\jre\lib\ext\jfxrt.jar;C:\Program Files\Java\jdk1.8.0_65\jre\lib\ext\localedata.jar;C:\Program Files\Java\jdk1.8.0_65\jre\lib\ext\nashorn.jar;C:\Program Files\Java\jdk1.8.0_65\jre\lib\ext\sunec.jar;C:\Program Files\Java\jdk1.8.0_65\jre\lib\ext\sunjce_provider.jar;C:\Program Files\Java\jdk1.8.0_65\jre\lib\ext\sunmscapi.jar;C:\Program Files\Java\jdk1.8.0_65\jre\lib\ext\sunpkcs11.jar;C:\Program Files\Java\jdk1.8.0_65\jre\lib\ext\zipfs.jar;C:\Program Files\Java\jdk1.8.0_65\jre\lib\javaws.jar;C:\Program Files\Java\jdk1.8.0_65\jre\lib\jce.jar;C:\Program Files\Java\jdk1.8.0_65\jre\lib\jfr.jar;C:\Program Files\Java\jdk1.8.0_65\jre\lib\jfxswt.jar;C:\Program Files\Java\jdk1.8.0_65\jre\lib\jsse.jar;C:\Program Files\Java\jdk1.8.0_65\jre\lib\management-agent.jar;C:\Program Files\Java\jdk1.8.0_65\jre\lib\plugin.jar;C:\Program Files\Java\jdk1.8.0_65\jre\lib\resources.jar;C:\Program Files\Java\jdk1.8.0_65\jre\lib\rt.jar;D:\Code\Java\Projects\WireEngine20\out\production\WireEngine20;D:\Code\Java\Projects\WireEngine20\lib\jar\lwjgl.jar;D:\Code\Java\Projects\WireEngine20\lib\jar\slick-util.jar;D:\Program Files (x86)\JetBrains\IntelliJ IDEA 2016.1\lib\idea_rt.jar
Launcher Type: SUN_STANDARD

Environment Variables:
JAVA_HOME=C:\Program Files\Java\jdk1.8.0_65
PATH=C:\ProgramData\Oracle\Java\javapath;C:\Program Files (x86)\Razer Chroma SDK\bin;C:\Program Files\Razer Chroma SDK\bin;C:\Program Files (x86)\NVIDIA Corporation\PhysX\Common;C:\Program Files (x86)\Intel\iCLS Client\;C:\Program Files\Intel\iCLS Client\;C:\Windows\system32;C:\Windows;C:\Windows\System32\Wbem;C:\Windows\System32\WindowsPowerShell\v1.0\;C:\Program Files\Intel\Intel(R) Management Engine Components\DAL;C:\Program Files (x86)\Intel\Intel(R) Management Engine Components\DAL;C:\Program Files\Intel\Intel(R) Management Engine Components\IPT;C:\Program Files (x86)\Intel\Intel(R) Management Engine Components\IPT;C:\Program Files\Java\jre1.8.0_65\bin;C:\MinGW\bin;C:\WINDOWS\system32;C:\WINDOWS;C:\WINDOWS\System32\Wbem;C:\WINDOWS\System32\WindowsPowerShell\v1.0\;D:\Program Files (x86)\CMake\bin;D:\Program Files\Programs\Python\Python35-32;D:\Program Files\Programs\Python\Python35-32\Scripts;C:\Program Files (x86)\Skype\Phone\;D:\Program Files\Programs\Python\Python35-32\Scripts\;D:\Program Files\Programs\Python\Python35-32\
USERNAME=Kelan
OS=Windows_NT
PROCESSOR_IDENTIFIER=Intel64 Family 6 Model 60 Stepping 3, GenuineIntel



---------------  S Y S T E M  ---------------

OS: Windows 10.0 , 64 bit Build 10586 (10.0.10586.0)

CPU:total 8 (4 cores per cpu, 2 threads per core) family 6 model 60 stepping 3, cmov, cx8, fxsr, mmx, sse, sse2, sse3, ssse3, sse4.1, sse4.2, popcnt, avx, avx2, aes, clmul, erms, lzcnt, ht, tsc, tscinvbit, bmi1, bmi2

Memory: 4k page, physical 16609500k(1123620k free), swap 33386716k(13801420k free)

vm_info: Java HotSpot(TM) 64-Bit Server VM (25.65-b01) for windows-amd64 JRE (1.8.0_65-b17), built on Oct  6 2015 16:39:20 by "java_re" with MS VC++ 10.0 (VS2010)

time: Thu Apr 14 15:00:17 2016
elapsed time: 2 seconds (0d 0h 0m 2s)

