#
# A fatal error has been detected by the Java Runtime Environment:
#
#  EXCEPTION_ACCESS_VIOLATION (0xc0000005) at pc=0x00007ffd0eeb24b9, pid=2648, tid=1164
#
# JRE version: Java(TM) SE Runtime Environment (8.0_65-b17) (build 1.8.0_65-b17)
# Java VM: Java HotSpot(TM) 64-Bit Server VM (25.65-b01 mixed mode windows-amd64 compressed oops)
# Problematic frame:
# C  [glfw.dll+0x24b9]
#
# Failed to write core dump. Minidumps are not enabled by default on client versions of Windows
#
# If you would like to submit a bug report, please visit:
#   http://bugreport.java.com/bugreport/crash.jsp
# The crash happened outside the Java Virtual Machine in native code.
# See problematic frame for where to report the bug.
#

---------------  T H R E A D  ---------------

Current thread (0x000000001e2f2800):  JavaThread "CLIENT" [_thread_in_native, id=1164, stack(0x000000001f000000,0x000000001f100000)]

siginfo: ExceptionCode=0xc0000005, reading address 0x0000000000000000

Registers:
RAX=0x0000000000000000, RBX=0x000000001bb80868, RCX=0x0000000000000000, RDX=0x0000000000000000
RSP=0x000000001f0ff020, RBP=0x000000001f0ff0b0, RSI=0x0000000000000108, RDI=0x00000000006277d0
R8 =0x000000001f0ff018, R9 =0x000000001f0ff0b0, R10=0x0000000000000000, R11=0x0000000000000246
R12=0x0000000000000000, R13=0x000000001f0ff0c8, R14=0x000000001f0ff0a0, R15=0x000000001e2f2800
RIP=0x00007ffd0eeb24b9, EFLAGS=0x0000000000010287

Top of Stack: (sp=0x000000001f0ff020)
0x000000001f0ff020:   0000000000000000 0000000000000108
0x000000001f0ff030:   000000001bb25fe8 000000001c101960
0x000000001f0ff040:   00000000000048dc 0000000002b3f60a
0x000000001f0ff050:   000000001bb80868 000000005a88aea4
0x000000001f0ff060:   000000001e2f2800 000000001e2f2800
0x000000001f0ff070:   000000001e2f2800 0000000000000000
0x000000001f0ff080:   000000001e2da2a0 000000005a815eba
0x000000001f0ff090:   000000001f0ff7d8 000000001f0ff128
0x000000001f0ff0a0:   00000006c28061d8 00000000000048db
0x000000001f0ff0b0:   000000001f0ff128 0000000002767d8d
0x000000001f0ff0c0:   0000000002767d8d 00000000006277d0
0x000000001f0ff0d0:   00000000027678a0 00007ffd0eeb2420
0x000000001f0ff0e0:   0000000000000001 000000001f0ff0e8
0x000000001f0ff0f0:   000000001bb9e6e4 000000001f0ff150
0x000000001f0ff100:   000000001bba06c8 0000000000000000
0x000000001f0ff110:   000000001bb9e710 000000001f0ff0c8 

Instructions: (pc=0x00007ffd0eeb24b9)
0x00007ffd0eeb2499:   48 8b cf e8 1f 3a 00 00 48 39 3d f0 d5 02 00 48
0x00007ffd0eeb24a9:   8d 0d e9 d5 02 00 48 8b 5c 24 30 74 08 48 8b 09
0x00007ffd0eeb24b9:   48 39 39 75 f8 48 8b 07 48 89 01 48 8b cf 48 83
0x00007ffd0eeb24c9:   c4 20 5f e9 5b fe 00 00 48 83 c4 20 5f c3 cc cc 


Register to memory mapping:

RAX=0x0000000000000000 is an unknown value
RBX={method} {0x000000001bb80870} 'invokePV' '(JJ)V' in 'org/lwjgl/system/JNI'
RCX=0x0000000000000000 is an unknown value
RDX=0x0000000000000000 is an unknown value
RSP=0x000000001f0ff020 is pointing into the stack for thread: 0x000000001e2f2800
RBP=0x000000001f0ff0b0 is pointing into the stack for thread: 0x000000001e2f2800
RSI=0x0000000000000108 is an unknown value
RDI=0x00000000006277d0 is an unknown value
R8 =0x000000001f0ff018 is pointing into the stack for thread: 0x000000001e2f2800
R9 =0x000000001f0ff0b0 is pointing into the stack for thread: 0x000000001e2f2800
R10=0x0000000000000000 is an unknown value
R11=0x0000000000000246 is an unknown value
R12=0x0000000000000000 is an unknown value
R13=0x000000001f0ff0c8 is pointing into the stack for thread: 0x000000001e2f2800
R14=0x000000001f0ff0a0 is pointing into the stack for thread: 0x000000001e2f2800
R15=0x000000001e2f2800 is a thread


Stack: [0x000000001f000000,0x000000001f100000],  sp=0x000000001f0ff020,  free space=1020k
Native frames: (J=compiled Java code, j=interpreted, Vv=VM code, C=native code)
C  [glfw.dll+0x24b9]
C  0x0000000002b3f60a

Java frames: (J=compiled Java code, j=interpreted, Vv=VM code)
J 790  org.lwjgl.system.JNI.invokePV(JJ)V (0 bytes) @ 0x0000000002b3f584 [0x0000000002b3f540+0x44]
j  org.lwjgl.glfw.GLFW.glfwDestroyCursor(J)V+20
j  main.client.Window.destroyWindow()V+9
j  main.coreEngine.Engine.stop()V+70
J 830 C1 main.client.Window.update()V (37 bytes) @ 0x0000000002b56dac [0x0000000002b56900+0x4ac]
J 804 C1 main.client.renderEngine.RenderEngine.render()V (51 bytes) @ 0x0000000002b4bebc [0x0000000002b4ad80+0x113c]
J 841% C2 main.coreEngine.TickableThread.run()V (500 bytes) @ 0x0000000002b67d68 [0x0000000002b67c40+0x128]
v  ~StubRoutines::call_stub

---------------  P R O C E S S  ---------------

Java Threads: ( => current thread )
  0x000000001e2f4000 JavaThread "SERVER" [_thread_in_Java, id=1004, stack(0x000000001f100000,0x000000001f200000)]
=>0x000000001e2f2800 JavaThread "CLIENT" [_thread_in_native, id=1164, stack(0x000000001f000000,0x000000001f100000)]
  0x000000001e1f8800 JavaThread "Service Thread" daemon [_thread_blocked, id=4552, stack(0x000000001ee00000,0x000000001ef00000)]
  0x000000001e163000 JavaThread "C1 CompilerThread3" daemon [_thread_blocked, id=14008, stack(0x000000001ed00000,0x000000001ee00000)]
  0x000000001e15a000 JavaThread "C2 CompilerThread2" daemon [_thread_blocked, id=5052, stack(0x000000001ec00000,0x000000001ed00000)]
  0x000000001e159000 JavaThread "C2 CompilerThread1" daemon [_thread_blocked, id=14020, stack(0x000000001eb00000,0x000000001ec00000)]
  0x000000001e15e000 JavaThread "C2 CompilerThread0" daemon [_thread_blocked, id=12284, stack(0x000000001ea00000,0x000000001eb00000)]
  0x000000001e13f800 JavaThread "JDWP Command Reader" daemon [_thread_in_native, id=11516, stack(0x000000001e900000,0x000000001ea00000)]
  0x000000001e13e800 JavaThread "JDWP Event Helper Thread" daemon [_thread_blocked, id=8956, stack(0x000000001e800000,0x000000001e900000)]
  0x000000001e13c800 JavaThread "JDWP Transport Listener: dt_socket" daemon [_thread_blocked, id=12744, stack(0x000000001e700000,0x000000001e800000)]
  0x000000001e127800 JavaThread "Attach Listener" daemon [_thread_blocked, id=1400, stack(0x000000001e600000,0x000000001e700000)]
  0x000000001e126000 JavaThread "Signal Dispatcher" daemon [_thread_blocked, id=4012, stack(0x000000001e500000,0x000000001e600000)]
  0x000000000267b000 JavaThread "Finalizer" daemon [_thread_blocked, id=7780, stack(0x000000001e000000,0x000000001e100000)]
  0x000000001c0fd000 JavaThread "Reference Handler" daemon [_thread_blocked, id=12732, stack(0x000000001df00000,0x000000001e000000)]
  0x000000000275e000 JavaThread "main" [_thread_in_Java, id=7508, stack(0x0000000002400000,0x0000000002500000)]

Other Threads:
  0x000000001c0f9000 VMThread [stack: 0x000000001de00000,0x000000001df00000] [id=6492]
  0x000000001e213800 WatcherThread [stack: 0x000000001ef00000,0x000000001f000000] [id=4364]

VM state:not at safepoint (normal execution)

VM Mutex/Monitor currently owned by a thread: None

Heap:
 PSYoungGen      total 73728K, used 64538K [0x000000076b800000, 0x00000007b9100000, 0x00000007c0000000)
  eden space 73216K, 87% used [0x000000076b800000,0x000000076f6cebf8,0x000000076ff80000)
  from space 512K, 43% used [0x00000007b9080000,0x00000007b90b8000,0x00000007b9100000)
  to   space 512K, 0% used [0x00000007b9000000,0x00000007b9000000,0x00000007b9080000)
 ParOldGen       total 173568K, used 12086K [0x00000006c2800000, 0x00000006cd180000, 0x000000076b800000)
  object space 173568K, 6% used [0x00000006c2800000,0x00000006c33cd9c8,0x00000006cd180000)
 Metaspace       used 8340K, capacity 8774K, committed 8960K, reserved 1056768K
  class space    used 659K, capacity 690K, committed 768K, reserved 1048576K

Card table byte_map: [0x0000000011b20000,0x0000000012310000] byte_map_base: 0x000000000e50c000

Marking Bits: (ParMarkBitMap*) 0x000000005af6a5b0
 Begin Bits: [0x0000000013060000, 0x0000000016fc0000)
 End Bits:   [0x0000000016fc0000, 0x000000001af20000)

Polling page: 0x0000000000970000

CodeCache: size=245760Kb used=4170Kb max_used=4192Kb free=241589Kb
 bounds [0x0000000002760000, 0x0000000002b90000, 0x0000000011760000]
 total_blobs=1489 nmethods=833 adapters=577
 compilation: enabled

Compilation events (10 events):
Event: 29.731 Thread 0x000000001e15e000  854   !   4       main.coreEngine.TickableThread::scheduleTick (25 bytes)
Event: 29.732 Thread 0x000000001e15e000 nmethod 854 0x000000000287ce50 code [0x000000000287cf80, 0x000000000287d178]
Event: 31.151 Thread 0x000000001e15a000  855       4       main.coreEngine.sceneGraph.components.ModelComponent::render (29 bytes)
Event: 31.151 Thread 0x000000001e159000  856       4       main.coreEngine.sceneGraph.Transformation::getMatrix (113 bytes)
Event: 31.152 Thread 0x000000001e15a000 nmethod 855 0x00000000028a6a10 code [0x00000000028a6b60, 0x00000000028a6d88]
Event: 31.155 Thread 0x000000001e159000 nmethod 856 0x00000000028ab9d0 code [0x00000000028abbc0, 0x00000000028ac148]
Event: 31.851 Thread 0x000000001e15e000  857       4       main.client.renderEngine.mesh.Mesh::draw (102 bytes)
Event: 31.868 Thread 0x000000001e15a000  858       4       main.client.renderEngine.RenderEngine::send (24 bytes)
Event: 31.872 Thread 0x000000001e15a000 nmethod 858 0x000000000288f710 code [0x000000000288f880, 0x000000000288fe98]
Event: 31.875 Thread 0x000000001e15e000 nmethod 857 0x0000000002b7b090 code [0x0000000002b7b500, 0x0000000002b7e1f0]

GC Heap History (10 events):
Event: 43.781 GC heap before
{Heap before GC invocations=532 (full 0):
 PSYoungGen      total 54272K, used 53952K [0x000000076b800000, 0x00000007b9100000, 0x00000007c0000000)
  eden space 53760K, 100% used [0x000000076b800000,0x000000076ec80000,0x000000076ec80000)
  from space 512K, 37% used [0x00000007b9000000,0x00000007b9030000,0x00000007b9080000)
  to   space 512K, 0% used [0x00000007b9080000,0x00000007b9080000,0x00000007b9100000)
 ParOldGen       total 173568K, used 12086K [0x00000006c2800000, 0x00000006cd180000, 0x000000076b800000)
  object space 173568K, 6% used [0x00000006c2800000,0x00000006c33cd9c8,0x00000006cd180000)
 Metaspace       used 8340K, capacity 8774K, committed 8960K, reserved 1056768K
  class space    used 659K, capacity 690K, committed 768K, reserved 1048576K
Event: 43.782 GC heap after
Heap after GC invocations=532 (full 0):
 PSYoungGen      total 53248K, used 192K [0x000000076b800000, 0x00000007b9100000, 0x00000007c0000000)
  eden space 52736K, 0% used [0x000000076b800000,0x000000076b800000,0x000000076eb80000)
  from space 512K, 37% used [0x00000007b9080000,0x00000007b90b0000,0x00000007b9100000)
  to   space 512K, 0% used [0x00000007b9000000,0x00000007b9000000,0x00000007b9080000)
 ParOldGen       total 173568K, used 12086K [0x00000006c2800000, 0x00000006cd180000, 0x000000076b800000)
  object space 173568K, 6% used [0x00000006c2800000,0x00000006c33cd9c8,0x00000006cd180000)
 Metaspace       used 8340K, capacity 8774K, committed 8960K, reserved 1056768K
  class space    used 659K, capacity 690K, committed 768K, reserved 1048576K
}
Event: 43.825 GC heap before
{Heap before GC invocations=533 (full 0):
 PSYoungGen      total 53248K, used 52928K [0x000000076b800000, 0x00000007b9100000, 0x00000007c0000000)
  eden space 52736K, 100% used [0x000000076b800000,0x000000076eb80000,0x000000076eb80000)
  from space 512K, 37% used [0x00000007b9080000,0x00000007b90b0000,0x00000007b9100000)
  to   space 512K, 0% used [0x00000007b9000000,0x00000007b9000000,0x00000007b9080000)
 ParOldGen       total 173568K, used 12086K [0x00000006c2800000, 0x00000006cd180000, 0x000000076b800000)
  object space 173568K, 6% used [0x00000006c2800000,0x00000006c33cd9c8,0x00000006cd180000)
 Metaspace       used 8340K, capacity 8774K, committed 8960K, reserved 1056768K
  class space    used 659K, capacity 690K, committed 768K, reserved 1048576K
Event: 43.825 GC heap after
Heap after GC invocations=533 (full 0):
 PSYoungGen      total 64000K, used 224K [0x000000076b800000, 0x00000007b9100000, 0x00000007c0000000)
  eden space 63488K, 0% used [0x000000076b800000,0x000000076b800000,0x000000076f600000)
  from space 512K, 43% used [0x00000007b9000000,0x00000007b9038000,0x00000007b9080000)
  to   space 512K, 0% used [0x00000007b9080000,0x00000007b9080000,0x00000007b9100000)
 ParOldGen       total 173568K, used 12086K [0x00000006c2800000, 0x00000006cd180000, 0x000000076b800000)
  object space 173568K, 6% used [0x00000006c2800000,0x00000006c33cd9c8,0x00000006cd180000)
 Metaspace       used 8340K, capacity 8774K, committed 8960K, reserved 1056768K
  class space    used 659K, capacity 690K, committed 768K, reserved 1048576K
}
Event: 43.894 GC heap before
{Heap before GC invocations=534 (full 0):
 PSYoungGen      total 64000K, used 63712K [0x000000076b800000, 0x00000007b9100000, 0x00000007c0000000)
  eden space 63488K, 100% used [0x000000076b800000,0x000000076f600000,0x000000076f600000)
  from space 512K, 43% used [0x00000007b9000000,0x00000007b9038000,0x00000007b9080000)
  to   space 512K, 0% used [0x00000007b9080000,0x00000007b9080000,0x00000007b9100000)
 ParOldGen       total 173568K, used 12086K [0x00000006c2800000, 0x00000006cd180000, 0x000000076b800000)
  object space 173568K, 6% used [0x00000006c2800000,0x00000006c33cd9c8,0x00000006cd180000)
 Metaspace       used 8340K, capacity 8774K, committed 8960K, reserved 1056768K
  class space    used 659K, capacity 690K, committed 768K, reserved 1048576K
Event: 43.894 GC heap after
Heap after GC invocations=534 (full 0):
 PSYoungGen      total 62464K, used 192K [0x000000076b800000, 0x00000007b9100000, 0x00000007c0000000)
  eden space 61952K, 0% used [0x000000076b800000,0x000000076b800000,0x000000076f480000)
  from space 512K, 37% used [0x00000007b9080000,0x00000007b90b0000,0x00000007b9100000)
  to   space 512K, 0% used [0x00000007b9000000,0x00000007b9000000,0x00000007b9080000)
 ParOldGen       total 173568K, used 12086K [0x00000006c2800000, 0x00000006cd180000, 0x000000076b800000)
  object space 173568K, 6% used [0x00000006c2800000,0x00000006c33cd9c8,0x00000006cd180000)
 Metaspace       used 8340K, capacity 8774K, committed 8960K, reserved 1056768K
  class space    used 659K, capacity 690K, committed 768K, reserved 1048576K
}
Event: 43.940 GC heap before
{Heap before GC invocations=535 (full 0):
 PSYoungGen      total 62464K, used 62144K [0x000000076b800000, 0x00000007b9100000, 0x00000007c0000000)
  eden space 61952K, 100% used [0x000000076b800000,0x000000076f480000,0x000000076f480000)
  from space 512K, 37% used [0x00000007b9080000,0x00000007b90b0000,0x00000007b9100000)
  to   space 512K, 0% used [0x00000007b9000000,0x00000007b9000000,0x00000007b9080000)
 ParOldGen       total 173568K, used 12086K [0x00000006c2800000, 0x00000006cd180000, 0x000000076b800000)
  object space 173568K, 6% used [0x00000006c2800000,0x00000006c33cd9c8,0x00000006cd180000)
 Metaspace       used 8340K, capacity 8774K, committed 8960K, reserved 1056768K
  class space    used 659K, capacity 690K, committed 768K, reserved 1048576K
Event: 43.941 GC heap after
Heap after GC invocations=535 (full 0):
 PSYoungGen      total 75264K, used 192K [0x000000076b800000, 0x00000007b9100000, 0x00000007c0000000)
  eden space 74752K, 0% used [0x000000076b800000,0x000000076b800000,0x0000000770100000)
  from space 512K, 37% used [0x00000007b9000000,0x00000007b9030000,0x00000007b9080000)
  to   space 512K, 0% used [0x00000007b9080000,0x00000007b9080000,0x00000007b9100000)
 ParOldGen       total 173568K, used 12086K [0x00000006c2800000, 0x00000006cd180000, 0x000000076b800000)
  object space 173568K, 6% used [0x00000006c2800000,0x00000006c33cd9c8,0x00000006cd180000)
 Metaspace       used 8340K, capacity 8774K, committed 8960K, reserved 1056768K
  class space    used 659K, capacity 690K, committed 768K, reserved 1048576K
}
Event: 43.997 GC heap before
{Heap before GC invocations=536 (full 0):
 PSYoungGen      total 75264K, used 74944K [0x000000076b800000, 0x00000007b9100000, 0x00000007c0000000)
  eden space 74752K, 100% used [0x000000076b800000,0x0000000770100000,0x0000000770100000)
  from space 512K, 37% used [0x00000007b9000000,0x00000007b9030000,0x00000007b9080000)
  to   space 512K, 0% used [0x00000007b9080000,0x00000007b9080000,0x00000007b9100000)
 ParOldGen       total 173568K, used 12086K [0x00000006c2800000, 0x00000006cd180000, 0x000000076b800000)
  object space 173568K, 6% used [0x00000006c2800000,0x00000006c33cd9c8,0x00000006cd180000)
 Metaspace       used 8340K, capacity 8774K, committed 8960K, reserved 1056768K
  class space    used 659K, capacity 690K, committed 768K, reserved 1048576K
Event: 43.997 GC heap after
Heap after GC invocations=536 (full 0):
 PSYoungGen      total 73728K, used 224K [0x000000076b800000, 0x00000007b9100000, 0x00000007c0000000)
  eden space 73216K, 0% used [0x000000076b800000,0x000000076b800000,0x000000076ff80000)
  from space 512K, 43% used [0x00000007b9080000,0x00000007b90b8000,0x00000007b9100000)
  to   space 512K, 0% used [0x00000007b9000000,0x00000007b9000000,0x00000007b9080000)
 ParOldGen       total 173568K, used 12086K [0x00000006c2800000, 0x00000006cd180000, 0x000000076b800000)
  object space 173568K, 6% used [0x00000006c2800000,0x00000006c33cd9c8,0x00000006cd180000)
 Metaspace       used 8340K, capacity 8774K, committed 8960K, reserved 1056768K
  class space    used 659K, capacity 690K, committed 768K, reserved 1048576K
}

Deoptimization events (10 events):
Event: 0.810 Thread 0x000000001e2f2800 Uncommon trap: reason=array_check action=maybe_recompile pc=0x0000000002a0e4c0 method=java.util.AbstractCollection.toArray([Ljava/lang/Object;)[Ljava/lang/Object; @ 119
Event: 0.812 Thread 0x000000001e2f2800 Uncommon trap: reason=unstable_if action=reinterpret pc=0x00000000029edb70 method=sun.misc.FloatingDecimal.readJavaFormatString(Ljava/lang/String;)Lsun/misc/FloatingDecimal$ASCIIToBinaryConverter; @ 327
Event: 0.906 Thread 0x000000001e2f2800 Uncommon trap: reason=unstable_if action=reinterpret pc=0x0000000002a2d618 method=sun.misc.FloatingDecimal.readJavaFormatString(Ljava/lang/String;)Lsun/misc/FloatingDecimal$ASCIIToBinaryConverter; @ 445
Event: 0.906 Thread 0x000000001e2f2800 Uncommon trap: reason=unstable_if action=reinterpret pc=0x0000000002a181a4 method=sun.misc.FloatingDecimal$ASCIIToBinaryBuffer.floatValue()F @ 190
Event: 1.214 Thread 0x000000001e2f2800 Uncommon trap: reason=unstable_if action=reinterpret pc=0x0000000002a92b8c method=main.client.renderEngine.mesh.Mesh.compile(Ljava/util/List;)Lmain/client/renderEngine/mesh/Mesh; @ 52
Event: 1.276 Thread 0x000000001e2f2800 Uncommon trap: reason=unstable_if action=reinterpret pc=0x0000000002ac70d8 method=main.client.renderEngine.mesh.Mesh.compile(Ljava/util/List;)Lmain/client/renderEngine/mesh/Mesh; @ 536
Event: 1.280 Thread 0x000000001e2f2800 Uncommon trap: reason=unstable_if action=reinterpret pc=0x0000000002a9b144 method=main.client.renderEngine.mesh.Mesh.compile(Ljava/util/List;)Lmain/client/renderEngine/mesh/Mesh; @ 52
Event: 1.289 Thread 0x000000001e2f2800 Uncommon trap: reason=unstable_if action=reinterpret pc=0x0000000002a3c238 method=main.coreEngine.TickableThread.run()V @ 461
Event: 1.298 Thread 0x000000001e2f4000 Uncommon trap: reason=unstable_if action=reinterpret pc=0x0000000002a3c238 method=main.coreEngine.TickableThread.run()V @ 461
Event: 1.306 Thread 0x000000000275e000 Uncommon trap: reason=unstable_if action=reinterpret pc=0x0000000002a8dde4 method=main.coreEngine.Engine.start()V @ 163

Internal exceptions (8 events):
Event: 0.030 Thread 0x000000000275e000 Exception <a 'java/lang/NoSuchMethodError': Method sun.misc.Unsafe.defineClass(Ljava/lang/String;[BII)Ljava/lang/Class; name or signature does not match> (0x000000076b80d838) thrown at [C:\workspace\8-2-build-windows-amd64-cygwin\jdk8u65\4987\hotspot\src\sŸ6@æÆž?
Event: 0.030 Thread 0x000000000275e000 Exception <a 'java/lang/NoSuchMethodError': Method sun.misc.Unsafe.prefetchRead(Ljava/lang/Object;J)V name or signature does not match> (0x000000076b80db20) thrown at [C:\workspace\8-2-build-windows-amd64-cygwin\jdk8u65\4987\hotspot\src\share\vm\prims\jni.ÿ/WñYÛ?
Event: 0.427 Thread 0x000000001e2f2800 Implicit null exception at 0x00000000028afccf to 0x00000000028b0031
Event: 0.428 Thread 0x000000001e2f2800 Exception <a 'java/security/PrivilegedActionException'> (0x000000076ba97298) thrown at [C:\workspace\8-2-build-windows-amd64-cygwin\jdk8u65\4987\hotspot\src\share\vm\prims\jvm.cpp, line 1386]
Event: 0.428 Thread 0x000000001e2f2800 Exception <a 'java/security/PrivilegedActionException'> (0x000000076ba97690) thrown at [C:\workspace\8-2-build-windows-amd64-cygwin\jdk8u65\4987\hotspot\src\share\vm\prims\jvm.cpp, line 1386]
Event: 0.428 Thread 0x000000001e2f2800 Exception <a 'java/security/PrivilegedActionException'> (0x000000076ba9b8a8) thrown at [C:\workspace\8-2-build-windows-amd64-cygwin\jdk8u65\4987\hotspot\src\share\vm\prims\jvm.cpp, line 1386]
Event: 0.428 Thread 0x000000001e2f2800 Exception <a 'java/security/PrivilegedActionException'> (0x000000076ba9bca0) thrown at [C:\workspace\8-2-build-windows-amd64-cygwin\jdk8u65\4987\hotspot\src\share\vm\prims\jvm.cpp, line 1386]
Event: 0.751 Thread 0x000000000275e000 Implicit null exception at 0x00000000028c4abc to 0x00000000028c5089

Events (10 events):
Event: 43.781 Executing VM operation: ParallelGCFailedAllocation
Event: 43.782 Executing VM operation: ParallelGCFailedAllocation done
Event: 43.824 Executing VM operation: ParallelGCFailedAllocation
Event: 43.825 Executing VM operation: ParallelGCFailedAllocation done
Event: 43.894 Executing VM operation: ParallelGCFailedAllocation
Event: 43.894 Executing VM operation: ParallelGCFailedAllocation done
Event: 43.940 Executing VM operation: ParallelGCFailedAllocation
Event: 43.941 Executing VM operation: ParallelGCFailedAllocation done
Event: 43.997 Executing VM operation: ParallelGCFailedAllocation
Event: 43.997 Executing VM operation: ParallelGCFailedAllocation done


Dynamic libraries:
0x00007ff75d350000 - 0x00007ff75d387000 	C:\Program Files\Java\jdk1.8.0_65\bin\java.exe
0x00007ffd2b8f0000 - 0x00007ffd2bab1000 	C:\WINDOWS\SYSTEM32\ntdll.dll
0x00007ffd29160000 - 0x00007ffd2920d000 	C:\WINDOWS\system32\KERNEL32.DLL
0x00007ffd28890000 - 0x00007ffd28a78000 	C:\WINDOWS\system32\KERNELBASE.dll
0x00007ffd296a0000 - 0x00007ffd29747000 	C:\WINDOWS\system32\ADVAPI32.dll
0x00007ffd29430000 - 0x00007ffd294cd000 	C:\WINDOWS\system32\msvcrt.dll
0x00007ffd29510000 - 0x00007ffd2956b000 	C:\WINDOWS\system32\sechost.dll
0x00007ffd29580000 - 0x00007ffd2969c000 	C:\WINDOWS\system32\RPCRT4.dll
0x00007ffd28e50000 - 0x00007ffd28fa6000 	C:\WINDOWS\system32\USER32.dll
0x00007ffd299d0000 - 0x00007ffd29b56000 	C:\WINDOWS\system32\GDI32.dll
0x00007ffd24690000 - 0x00007ffd24904000 	C:\WINDOWS\WinSxS\amd64_microsoft.windows.common-controls_6595b64144ccf1df_6.0.10586.0_none_8c15ae12515e1c22\COMCTL32.dll
0x00007ffd29750000 - 0x00007ffd299cd000 	C:\WINDOWS\system32\combase.dll
0x00007ffd27f80000 - 0x00007ffd27fea000 	C:\WINDOWS\system32\bcryptPrimitives.dll
0x00007ffd294d0000 - 0x00007ffd2950b000 	C:\WINDOWS\system32\IMM32.DLL
0x000000005b5d0000 - 0x000000005b6a2000 	C:\Program Files\Java\jdk1.8.0_65\jre\bin\msvcr100.dll
0x000000005a760000 - 0x000000005afe9000 	C:\Program Files\Java\jdk1.8.0_65\jre\bin\server\jvm.dll
0x00007ffd29b60000 - 0x00007ffd29b68000 	C:\WINDOWS\system32\PSAPI.DLL
0x00007ffd26170000 - 0x00007ffd26193000 	C:\WINDOWS\SYSTEM32\WINMM.dll
0x00007ffd1e6b0000 - 0x00007ffd1e6b9000 	C:\WINDOWS\SYSTEM32\WSOCK32.dll
0x00007ffd249f0000 - 0x00007ffd249fa000 	C:\WINDOWS\SYSTEM32\VERSION.dll
0x00007ffd29cd0000 - 0x00007ffd29d3b000 	C:\WINDOWS\system32\WS2_32.dll
0x00007ffd26110000 - 0x00007ffd2613c000 	C:\WINDOWS\SYSTEM32\WINMMBASE.dll
0x00007ffd28a80000 - 0x00007ffd28ac3000 	C:\WINDOWS\system32\cfgmgr32.dll
0x000000005b5c0000 - 0x000000005b5cf000 	C:\Program Files\Java\jdk1.8.0_65\jre\bin\verify.dll
0x000000005b590000 - 0x000000005b5b9000 	C:\Program Files\Java\jdk1.8.0_65\jre\bin\java.dll
0x000000005b550000 - 0x000000005b585000 	C:\Program Files\Java\jdk1.8.0_65\jre\bin\jdwp.dll
0x000000005b540000 - 0x000000005b548000 	C:\Program Files\Java\jdk1.8.0_65\jre\bin\npt.dll
0x000000005b520000 - 0x000000005b536000 	C:\Program Files\Java\jdk1.8.0_65\jre\bin\zip.dll
0x00007ffd2a2c0000 - 0x00007ffd2b81c000 	C:\WINDOWS\system32\SHELL32.dll
0x00007ffd28070000 - 0x00007ffd286b5000 	C:\WINDOWS\system32\windows.storage.dll
0x00007ffd2a250000 - 0x00007ffd2a2a2000 	C:\WINDOWS\system32\shlwapi.dll
0x00007ffd27f70000 - 0x00007ffd27f7f000 	C:\WINDOWS\system32\kernel.appcore.dll
0x00007ffd28c10000 - 0x00007ffd28cc5000 	C:\WINDOWS\system32\shcore.dll
0x00007ffd27ef0000 - 0x00007ffd27f3b000 	C:\WINDOWS\system32\powrprof.dll
0x00007ffd27f40000 - 0x00007ffd27f54000 	C:\WINDOWS\system32\profapi.dll
0x000000005b510000 - 0x000000005b519000 	C:\Program Files\Java\jdk1.8.0_65\jre\bin\dt_socket.dll
0x00007ffd27820000 - 0x00007ffd2787c000 	C:\WINDOWS\system32\mswsock.dll
0x00007ffd0dd80000 - 0x00007ffd0de08000 	D:\Code\Java\Projects\WireEngine20\lib\native\lwjgl.dll
0x00007ffd279f0000 - 0x00007ffd279fb000 	C:\WINDOWS\SYSTEM32\CRYPTBASE.DLL
0x00007ffd0e080000 - 0x00007ffd0e0c2000 	D:\Code\Java\Projects\WireEngine20\lib\native\jemalloc.dll
0x00007ffd0eeb0000 - 0x00007ffd0eee8000 	D:\Code\Java\Projects\WireEngine20\lib\native\glfw.dll
0x00007ffd26870000 - 0x00007ffd26906000 	C:\WINDOWS\system32\uxtheme.dll
0x00007ffd25f20000 - 0x00007ffd25f42000 	C:\WINDOWS\SYSTEM32\dwmapi.dll
0x00007ffd18b80000 - 0x00007ffd18ca9000 	C:\WINDOWS\SYSTEM32\opengl32.dll
0x00007ffd18a80000 - 0x00007ffd18b7a000 	C:\WINDOWS\SYSTEM32\DDRAW.dll
0x00007ffd1c880000 - 0x00007ffd1c8ae000 	C:\WINDOWS\SYSTEM32\GLU32.dll
0x00007ffd1d2d0000 - 0x00007ffd1d2d8000 	C:\WINDOWS\SYSTEM32\DCIMAN32.dll
0x00007ffd29b70000 - 0x00007ffd29cca000 	C:\WINDOWS\system32\MSCTF.dll
0x00007ffd15240000 - 0x00007ffd15289000 	C:\Program Files (x86)\TeamViewer\tv_x64.dll
0x00007ffd29210000 - 0x00007ffd29353000 	C:\WINDOWS\system32\ole32.dll
0x0000000058a10000 - 0x000000005a759000 	C:\WINDOWS\SYSTEM32\nvoglv64.DLL
0x00007ffd29d60000 - 0x00007ffd2a189000 	C:\WINDOWS\system32\SETUPAPI.dll
0x00007ffd25f70000 - 0x00007ffd25f83000 	C:\WINDOWS\SYSTEM32\WTSAPI32.dll
0x00007ffd269c0000 - 0x00007ffd269e7000 	C:\WINDOWS\SYSTEM32\DEVOBJ.dll
0x00007ffd27ff0000 - 0x00007ffd28045000 	C:\WINDOWS\system32\WINTRUST.dll
0x00007ffd27f60000 - 0x00007ffd27f70000 	C:\WINDOWS\system32\MSASN1.dll
0x00007ffd286c0000 - 0x00007ffd28887000 	C:\WINDOWS\system32\CRYPT32.dll
0x00007ffd27440000 - 0x00007ffd27471000 	C:\WINDOWS\SYSTEM32\ntmarta.dll
0x00007ffd27190000 - 0x00007ffd271e6000 	C:\WINDOWS\SYSTEM32\WINSTA.dll
0x00007ffd2b840000 - 0x00007ffd2b8e7000 	C:\WINDOWS\system32\clbcatq.dll
0x00007ffd231a0000 - 0x00007ffd231c5000 	C:\Program Files (x86)\Samsung\Easy Printer Manager\SmartScreenPrint\CDAKEYMonitor64.dll
0x00007ffd29360000 - 0x00007ffd29421000 	C:\WINDOWS\system32\OLEAUT32.dll
0x00007ffd238a0000 - 0x00007ffd23a2c000 	C:\WINDOWS\SYSTEM32\dbghelp.dll

VM Arguments:
jvm_args: -agentlib:jdwp=transport=dt_socket,address=127.0.0.1:49529,suspend=y,server=n -Djava.library.path=lib/native/ -Dfile.encoding=UTF-8 
java_command: main.Main
java_class_path (initial): C:\Program Files\Java\jdk1.8.0_65\jre\lib\charsets.jar;C:\Program Files\Java\jdk1.8.0_65\jre\lib\deploy.jar;C:\Program Files\Java\jdk1.8.0_65\jre\lib\ext\access-bridge-64.jar;C:\Program Files\Java\jdk1.8.0_65\jre\lib\ext\cldrdata.jar;C:\Program Files\Java\jdk1.8.0_65\jre\lib\ext\dnsns.jar;C:\Program Files\Java\jdk1.8.0_65\jre\lib\ext\jaccess.jar;C:\Program Files\Java\jdk1.8.0_65\jre\lib\ext\jfxrt.jar;C:\Program Files\Java\jdk1.8.0_65\jre\lib\ext\localedata.jar;C:\Program Files\Java\jdk1.8.0_65\jre\lib\ext\nashorn.jar;C:\Program Files\Java\jdk1.8.0_65\jre\lib\ext\sunec.jar;C:\Program Files\Java\jdk1.8.0_65\jre\lib\ext\sunjce_provider.jar;C:\Program Files\Java\jdk1.8.0_65\jre\lib\ext\sunmscapi.jar;C:\Program Files\Java\jdk1.8.0_65\jre\lib\ext\sunpkcs11.jar;C:\Program Files\Java\jdk1.8.0_65\jre\lib\ext\zipfs.jar;C:\Program Files\Java\jdk1.8.0_65\jre\lib\javaws.jar;C:\Program Files\Java\jdk1.8.0_65\jre\lib\jce.jar;C:\Program Files\Java\jdk1.8.0_65\jre\lib\jfr.jar;C:\Program Files\Java\jdk1.8.0_65\jre\lib\jfxswt.jar;C:\Program Files\Java\jdk1.8.0_65\jre\lib\jsse.jar;C:\Program Files\Java\jdk1.8.0_65\jre\lib\management-agent.jar;C:\Program Files\Java\jdk1.8.0_65\jre\lib\plugin.jar;C:\Program Files\Java\jdk1.8.0_65\jre\lib\resources.jar;C:\Program Files\Java\jdk1.8.0_65\jre\lib\rt.jar;D:\Code\Java\Projects\WireEngine20\out\production\WireEngine20;D:\Code\Java\Projects\WireEngine20\lib\jar\lwjgl.jar;D:\Code\Java\Projects\WireEngine20\lib\jar\slick-util.jar;D:\Program Files (x86)\JetBrains\IntelliJ IDEA 2016.1\lib\idea_rt.jar
Launcher Type: SUN_STANDARD

Environment Variables:
JAVA_HOME=C:\Program Files\Java\jdk1.8.0_65
PATH=C:\ProgramData\Oracle\Java\javapath;C:\Program Files (x86)\Razer Chroma SDK\bin;C:\Program Files\Razer Chroma SDK\bin;C:\Program Files (x86)\NVIDIA Corporation\PhysX\Common;C:\Program Files (x86)\Intel\iCLS Client\;C:\Program Files\Intel\iCLS Client\;C:\Windows\system32;C:\Windows;C:\Windows\System32\Wbem;C:\Windows\System32\WindowsPowerShell\v1.0\;C:\Program Files\Intel\Intel(R) Management Engine Components\DAL;C:\Program Files (x86)\Intel\Intel(R) Management Engine Components\DAL;C:\Program Files\Intel\Intel(R) Management Engine Components\IPT;C:\Program Files (x86)\Intel\Intel(R) Management Engine Components\IPT;C:\Program Files\Java\jre1.8.0_65\bin;C:\MinGW\bin;C:\WINDOWS\system32;C:\WINDOWS;C:\WINDOWS\System32\Wbem;C:\WINDOWS\System32\WindowsPowerShell\v1.0\;D:\Program Files (x86)\CMake\bin;D:\Program Files\Programs\Python\Python35-32;D:\Program Files\Programs\Python\Python35-32\Scripts;C:\Program Files (x86)\Skype\Phone\;D:\Program Files\Programs\Python\Python35-32\Scripts\;D:\Program Files\Programs\Python\Python35-32\
USERNAME=Kelan
OS=Windows_NT
PROCESSOR_IDENTIFIER=Intel64 Family 6 Model 60 Stepping 3, GenuineIntel



---------------  S Y S T E M  ---------------

OS: Windows 10.0 , 64 bit Build 10586 (10.0.10586.0)

CPU:total 8 (4 cores per cpu, 2 threads per core) family 6 model 60 stepping 3, cmov, cx8, fxsr, mmx, sse, sse2, sse3, ssse3, sse4.1, sse4.2, popcnt, avx, avx2, aes, clmul, erms, lzcnt, ht, tsc, tscinvbit, bmi1, bmi2

Memory: 4k page, physical 16609500k(8247944k free), swap 33386716k(21666616k free)

vm_info: Java HotSpot(TM) 64-Bit Server VM (25.65-b01) for windows-amd64 JRE (1.8.0_65-b17), built on Oct  6 2015 16:39:20 by "java_re" with MS VC++ 10.0 (VS2010)

time: Fri Apr 15 23:02:05 2016
elapsed time: 44 seconds (0d 0h 0m 44s)

