#
# A fatal error has been detected by the Java Runtime Environment:
#
#  EXCEPTION_ACCESS_VIOLATION (0xc0000005) at pc=0x00007ffdd9dc24b9, pid=14044, tid=1648
#
# JRE version: Java(TM) SE Runtime Environment (8.0_65-b17) (build 1.8.0_65-b17)
# Java VM: Java HotSpot(TM) 64-Bit Server VM (25.65-b01 mixed mode windows-amd64 compressed oops)
# Problematic frame:
# C  [glfw.dll+0x24b9]
#
# Failed to write core dump. Minidumps are not enabled by default on client versions of Windows
#
# If you would like to submit a bug report, please visit:
#   http://bugreport.java.com/bugreport/crash.jsp
# The crash happened outside the Java Virtual Machine in native code.
# See problematic frame for where to report the bug.
#

---------------  T H R E A D  ---------------

Current thread (0x000000001e1d8000):  JavaThread "CLIENT" [_thread_in_native, id=1648, stack(0x000000001eef0000,0x000000001eff0000)]

siginfo: ExceptionCode=0xc0000005, reading address 0x0000000000000000

Registers:
RAX=0x0000000000000000, RBX=0x000000001b9bd260, RCX=0x0000000000000000, RDX=0x0000000000000000
RSP=0x000000001efeebc0, RBP=0x000000001efeec50, RSI=0x0000000000000108, RDI=0x000000000080ca20
R8 =0x000000001efeebb8, R9 =0x000000001efeec50, R10=0x0000000000000000, R11=0x0000000000000246
R12=0x0000000000000000, R13=0x000000001efeec68, R14=0x000000001efeec40, R15=0x000000001e1d8000
RIP=0x00007ffdd9dc24b9, EFLAGS=0x0000000000010283

Top of Stack: (sp=0x000000001efeebc0)
0x000000001efeebc0:   0000000000000000 0000000000000108
0x000000001efeebd0:   000000001b9625a0 000000001bf417a0
0x000000001efeebe0:   00000000000007e9 000000000281570a
0x000000001efeebf0:   000000001b9bd260 000000007052aea4
0x000000001efeec00:   000000001e1d8000 000000001e1d8000
0x000000001efeec10:   000000001e1d8000 0000000000000000
0x000000001efeec20:   000000001e1a8f50 00000000704b5eba
0x000000001efeec30:   000000001efef3c8 000000001efeecc8
0x000000001efeec40:   00000006c2802020 00000000000007e8
0x000000001efeec50:   000000001efeecc8 0000000002557d8d
0x000000001efeec60:   0000000002557d8d 000000000080ca20
0x000000001efeec70:   00000000025578a0 00007ffdd9dc2420
0x000000001efeec80:   0000000000000001 000000001efeec88
0x000000001efeec90:   000000001b9d7054 000000001efeecf0
0x000000001efeeca0:   000000001b9d9018 0000000000000000
0x000000001efeecb0:   000000001b9d7080 000000001efeec68 

Instructions: (pc=0x00007ffdd9dc24b9)
0x00007ffdd9dc2499:   48 8b cf e8 1f 3a 00 00 48 39 3d f0 d5 02 00 48
0x00007ffdd9dc24a9:   8d 0d e9 d5 02 00 48 8b 5c 24 30 74 08 48 8b 09
0x00007ffdd9dc24b9:   48 39 39 75 f8 48 8b 07 48 89 01 48 8b cf 48 83
0x00007ffdd9dc24c9:   c4 20 5f e9 5b fe 00 00 48 83 c4 20 5f c3 cc cc 


Register to memory mapping:

RAX=0x0000000000000000 is an unknown value
RBX={method} {0x000000001b9bd268} 'invokePV' '(JJ)V' in 'org/lwjgl/system/JNI'
RCX=0x0000000000000000 is an unknown value
RDX=0x0000000000000000 is an unknown value
RSP=0x000000001efeebc0 is pointing into the stack for thread: 0x000000001e1d8000
RBP=0x000000001efeec50 is pointing into the stack for thread: 0x000000001e1d8000
RSI=0x0000000000000108 is an unknown value
RDI=0x000000000080ca20 is an unknown value
R8 =0x000000001efeebb8 is pointing into the stack for thread: 0x000000001e1d8000
R9 =0x000000001efeec50 is pointing into the stack for thread: 0x000000001e1d8000
R10=0x0000000000000000 is an unknown value
R11=0x0000000000000246 is an unknown value
R12=0x0000000000000000 is an unknown value
R13=0x000000001efeec68 is pointing into the stack for thread: 0x000000001e1d8000
R14=0x000000001efeec40 is pointing into the stack for thread: 0x000000001e1d8000
R15=0x000000001e1d8000 is a thread


Stack: [0x000000001eef0000,0x000000001eff0000],  sp=0x000000001efeebc0,  free space=1018k
Native frames: (J=compiled Java code, j=interpreted, Vv=VM code, C=native code)
C  [glfw.dll+0x24b9]
C  0x000000000281570a

Java frames: (J=compiled Java code, j=interpreted, Vv=VM code)
J 558  org.lwjgl.system.JNI.invokePV(JJ)V (0 bytes) @ 0x0000000002815684 [0x0000000002815640+0x44]
j  org.lwjgl.glfw.GLFW.glfwDestroyCursor(J)V+20
j  main.client.Window.destroyWindow()V+9
j  main.coreEngine.Engine.stop()V+70
j  main.client.Window.update()V+43
J 577 C1 main.client.renderEngine.RenderEngine.render()V (45 bytes) @ 0x00000000028306ac [0x000000000282fb60+0xb4c]
J 560 C1 main.client.ClientThread.tick()V (64 bytes) @ 0x0000000002817a74 [0x0000000002817540+0x534]
J 441% C1 main.coreEngine.TickableThread.run()V (481 bytes) @ 0x00000000027b05dc [0x00000000027abd00+0x48dc]
v  ~StubRoutines::call_stub

---------------  P R O C E S S  ---------------

Java Threads: ( => current thread )
  0x000000001e1d9000 JavaThread "SERVER" [_thread_in_Java, id=5844, stack(0x000000001eff0000,0x000000001f0f0000)]
=>0x000000001e1d8000 JavaThread "CLIENT" [_thread_in_native, id=1648, stack(0x000000001eef0000,0x000000001eff0000)]
  0x000000001e09d000 JavaThread "Service Thread" daemon [_thread_blocked, id=4624, stack(0x000000001ecf0000,0x000000001edf0000)]
  0x000000001e053000 JavaThread "C1 CompilerThread3" daemon [_thread_blocked, id=12048, stack(0x000000001ebf0000,0x000000001ecf0000)]
  0x000000001e046000 JavaThread "C2 CompilerThread2" daemon [_thread_blocked, id=7636, stack(0x000000001eaf0000,0x000000001ebf0000)]
  0x000000001e045800 JavaThread "C2 CompilerThread1" daemon [_thread_blocked, id=5480, stack(0x000000001e9f0000,0x000000001eaf0000)]
  0x000000001e04a800 JavaThread "C2 CompilerThread0" daemon [_thread_blocked, id=13420, stack(0x000000001e8f0000,0x000000001e9f0000)]
  0x000000001e030000 JavaThread "JDWP Command Reader" daemon [_thread_in_native, id=8536, stack(0x000000001e7f0000,0x000000001e8f0000)]
  0x000000001e02f000 JavaThread "JDWP Event Helper Thread" daemon [_thread_blocked, id=9380, stack(0x000000001e6f0000,0x000000001e7f0000)]
  0x000000001e02d000 JavaThread "JDWP Transport Listener: dt_socket" daemon [_thread_blocked, id=14076, stack(0x000000001e5f0000,0x000000001e6f0000)]
  0x000000001e017800 JavaThread "Attach Listener" daemon [_thread_blocked, id=2556, stack(0x000000001e4f0000,0x000000001e5f0000)]
  0x000000001e016800 JavaThread "Signal Dispatcher" daemon [_thread_blocked, id=1884, stack(0x000000001e3f0000,0x000000001e4f0000)]
  0x000000000254b800 JavaThread "Finalizer" daemon [_thread_blocked, id=13316, stack(0x000000001de10000,0x000000001df10000)]
  0x000000001bf3d800 JavaThread "Reference Handler" daemon [_thread_blocked, id=5132, stack(0x000000001dd10000,0x000000001de10000)]
  0x0000000000b7e000 JavaThread "main" [_thread_in_Java, id=13616, stack(0x0000000002340000,0x0000000002440000)]

Other Threads:
  0x000000001bf39000 VMThread [stack: 0x000000001dc10000,0x000000001dd10000] [id=13884]
  0x000000001e0a2800 WatcherThread [stack: 0x000000001edf0000,0x000000001eef0000] [id=6300]

VM state:not at safepoint (normal execution)

VM Mutex/Monitor currently owned by a thread: None

Heap:
 PSYoungGen      total 45568K, used 19452K [0x000000076b800000, 0x000000078a500000, 0x00000007c0000000)
  eden space 45056K, 43% used [0x000000076b800000,0x000000076caf72f8,0x000000076e400000)
  from space 512K, 6% used [0x000000078a400000,0x000000078a408000,0x000000078a480000)
  to   space 512K, 0% used [0x000000078a480000,0x000000078a480000,0x000000078a500000)
 ParOldGen       total 173568K, used 1591K [0x00000006c2800000, 0x00000006cd180000, 0x000000076b800000)
  object space 173568K, 0% used [0x00000006c2800000,0x00000006c298dc20,0x00000006cd180000)
 Metaspace       used 8085K, capacity 8614K, committed 8960K, reserved 1056768K
  class space    used 644K, capacity 658K, committed 768K, reserved 1048576K

Card table byte_map: [0x0000000011910000,0x0000000012100000] byte_map_base: 0x000000000e2fc000

Marking Bits: (ParMarkBitMap*) 0x0000000070c0a5b0
 Begin Bits: [0x0000000012e50000, 0x0000000016db0000)
 End Bits:   [0x0000000016db0000, 0x000000001ad10000)

Polling page: 0x0000000000b50000

CodeCache: size=245760Kb used=2936Kb max_used=2950Kb free=242823Kb
 bounds [0x0000000002550000, 0x0000000002840000, 0x0000000011550000]
 total_blobs=1209 nmethods=563 adapters=567
 compilation: enabled

Compilation events (10 events):
Event: 7.270 Thread 0x000000001e053000  580       3       main.client.Window::getAspect (9 bytes)
Event: 7.270 Thread 0x000000001e053000 nmethod 580 0x0000000002651b90 code [0x0000000002651d40, 0x0000000002652198]
Event: 7.270 Thread 0x000000001e053000  581       3       main.client.Window::getWidth (20 bytes)
Event: 7.270 Thread 0x000000001e053000 nmethod 581 0x000000000264f110 code [0x000000000264f280, 0x000000000264f4d8]
Event: 7.279 Thread 0x000000001e053000  582       3       main.coreEngine.sceneGraph.components.ModelComponent::tick (1 bytes)
Event: 7.279 Thread 0x000000001e053000 nmethod 582 0x000000000265c250 code [0x000000000265c3a0, 0x000000000265c4f0]
Event: 7.279 Thread 0x000000001e053000  583       3       main.coreEngine.util.maths.Vector3f::add (72 bytes)
Event: 7.279 Thread 0x000000001e053000 nmethod 583 0x0000000002650a10 code [0x0000000002650ba0, 0x0000000002650ff0]
Event: 7.852 Thread 0x000000001e04a800  585       4       org.lwjgl.opengl.GL::getCapabilities (26 bytes)
Event: 7.854 Thread 0x000000001e04a800 nmethod 585 0x0000000002668d90 code [0x0000000002668ee0, 0x0000000002669058]

GC Heap History (10 events):
Event: 8.565 GC heap before
{Heap before GC invocations=99 (full 0):
 PSYoungGen      total 48128K, used 47744K [0x000000076b800000, 0x000000078a500000, 0x00000007c0000000)
  eden space 47616K, 100% used [0x000000076b800000,0x000000076e680000,0x000000076e680000)
  from space 512K, 25% used [0x000000078a480000,0x000000078a4a0000,0x000000078a500000)
  to   space 512K, 0% used [0x000000078a400000,0x000000078a400000,0x000000078a480000)
 ParOldGen       total 173568K, used 1583K [0x00000006c2800000, 0x00000006cd180000, 0x000000076b800000)
  object space 173568K, 0% used [0x00000006c2800000,0x00000006c298bc20,0x00000006cd180000)
 Metaspace       used 8085K, capacity 8614K, committed 8960K, reserved 1056768K
  class space    used 644K, capacity 658K, committed 768K, reserved 1048576K
Event: 8.566 GC heap after
Heap after GC invocations=99 (full 0):
 PSYoungGen      total 47616K, used 128K [0x000000076b800000, 0x000000078a500000, 0x00000007c0000000)
  eden space 47104K, 0% used [0x000000076b800000,0x000000076b800000,0x000000076e600000)
  from space 512K, 25% used [0x000000078a400000,0x000000078a420000,0x000000078a480000)
  to   space 512K, 0% used [0x000000078a480000,0x000000078a480000,0x000000078a500000)
 ParOldGen       total 173568K, used 1583K [0x00000006c2800000, 0x00000006cd180000, 0x000000076b800000)
  object space 173568K, 0% used [0x00000006c2800000,0x00000006c298bc20,0x00000006cd180000)
 Metaspace       used 8085K, capacity 8614K, committed 8960K, reserved 1056768K
  class space    used 644K, capacity 658K, committed 768K, reserved 1048576K
}
Event: 8.615 GC heap before
{Heap before GC invocations=100 (full 0):
 PSYoungGen      total 47616K, used 47232K [0x000000076b800000, 0x000000078a500000, 0x00000007c0000000)
  eden space 47104K, 100% used [0x000000076b800000,0x000000076e600000,0x000000076e600000)
  from space 512K, 25% used [0x000000078a400000,0x000000078a420000,0x000000078a480000)
  to   space 512K, 0% used [0x000000078a480000,0x000000078a480000,0x000000078a500000)
 ParOldGen       total 173568K, used 1583K [0x00000006c2800000, 0x00000006cd180000, 0x000000076b800000)
  object space 173568K, 0% used [0x00000006c2800000,0x00000006c298bc20,0x00000006cd180000)
 Metaspace       used 8085K, capacity 8614K, committed 8960K, reserved 1056768K
  class space    used 644K, capacity 658K, committed 768K, reserved 1048576K
Event: 8.615 GC heap after
Heap after GC invocations=100 (full 0):
 PSYoungGen      total 47104K, used 160K [0x000000076b800000, 0x000000078a500000, 0x00000007c0000000)
  eden space 46592K, 0% used [0x000000076b800000,0x000000076b800000,0x000000076e580000)
  from space 512K, 31% used [0x000000078a480000,0x000000078a4a8000,0x000000078a500000)
  to   space 512K, 0% used [0x000000078a400000,0x000000078a400000,0x000000078a480000)
 ParOldGen       total 173568K, used 1583K [0x00000006c2800000, 0x00000006cd180000, 0x000000076b800000)
  object space 173568K, 0% used [0x00000006c2800000,0x00000006c298bc20,0x00000006cd180000)
 Metaspace       used 8085K, capacity 8614K, committed 8960K, reserved 1056768K
  class space    used 644K, capacity 658K, committed 768K, reserved 1048576K
}
Event: 8.664 GC heap before
{Heap before GC invocations=101 (full 0):
 PSYoungGen      total 47104K, used 46752K [0x000000076b800000, 0x000000078a500000, 0x00000007c0000000)
  eden space 46592K, 100% used [0x000000076b800000,0x000000076e580000,0x000000076e580000)
  from space 512K, 31% used [0x000000078a480000,0x000000078a4a8000,0x000000078a500000)
  to   space 512K, 0% used [0x000000078a400000,0x000000078a400000,0x000000078a480000)
 ParOldGen       total 173568K, used 1583K [0x00000006c2800000, 0x00000006cd180000, 0x000000076b800000)
  object space 173568K, 0% used [0x00000006c2800000,0x00000006c298bc20,0x00000006cd180000)
 Metaspace       used 8085K, capacity 8614K, committed 8960K, reserved 1056768K
  class space    used 644K, capacity 658K, committed 768K, reserved 1048576K
Event: 8.665 GC heap after
Heap after GC invocations=101 (full 0):
 PSYoungGen      total 46592K, used 96K [0x000000076b800000, 0x000000078a500000, 0x00000007c0000000)
  eden space 46080K, 0% used [0x000000076b800000,0x000000076b800000,0x000000076e500000)
  from space 512K, 18% used [0x000000078a400000,0x000000078a418000,0x000000078a480000)
  to   space 512K, 0% used [0x000000078a480000,0x000000078a480000,0x000000078a500000)
 ParOldGen       total 173568K, used 1583K [0x00000006c2800000, 0x00000006cd180000, 0x000000076b800000)
  object space 173568K, 0% used [0x00000006c2800000,0x00000006c298bc20,0x00000006cd180000)
 Metaspace       used 8085K, capacity 8614K, committed 8960K, reserved 1056768K
  class space    used 644K, capacity 658K, committed 768K, reserved 1048576K
}
Event: 8.702 GC heap before
{Heap before GC invocations=102 (full 0):
 PSYoungGen      total 46592K, used 46176K [0x000000076b800000, 0x000000078a500000, 0x00000007c0000000)
  eden space 46080K, 100% used [0x000000076b800000,0x000000076e500000,0x000000076e500000)
  from space 512K, 18% used [0x000000078a400000,0x000000078a418000,0x000000078a480000)
  to   space 512K, 0% used [0x000000078a480000,0x000000078a480000,0x000000078a500000)
 ParOldGen       total 173568K, used 1583K [0x00000006c2800000, 0x00000006cd180000, 0x000000076b800000)
  object space 173568K, 0% used [0x00000006c2800000,0x00000006c298bc20,0x00000006cd180000)
 Metaspace       used 8085K, capacity 8614K, committed 8960K, reserved 1056768K
  class space    used 644K, capacity 658K, committed 768K, reserved 1048576K
Event: 8.702 GC heap after
Heap after GC invocations=102 (full 0):
 PSYoungGen      total 46080K, used 128K [0x000000076b800000, 0x000000078a500000, 0x00000007c0000000)
  eden space 45568K, 0% used [0x000000076b800000,0x000000076b800000,0x000000076e480000)
  from space 512K, 25% used [0x000000078a480000,0x000000078a4a0000,0x000000078a500000)
  to   space 512K, 0% used [0x000000078a400000,0x000000078a400000,0x000000078a480000)
 ParOldGen       total 173568K, used 1583K [0x00000006c2800000, 0x00000006cd180000, 0x000000076b800000)
  object space 173568K, 0% used [0x00000006c2800000,0x00000006c298bc20,0x00000006cd180000)
 Metaspace       used 8085K, capacity 8614K, committed 8960K, reserved 1056768K
  class space    used 644K, capacity 658K, committed 768K, reserved 1048576K
}
Event: 8.750 GC heap before
{Heap before GC invocations=103 (full 0):
 PSYoungGen      total 46080K, used 45696K [0x000000076b800000, 0x000000078a500000, 0x00000007c0000000)
  eden space 45568K, 100% used [0x000000076b800000,0x000000076e480000,0x000000076e480000)
  from space 512K, 25% used [0x000000078a480000,0x000000078a4a0000,0x000000078a500000)
  to   space 512K, 0% used [0x000000078a400000,0x000000078a400000,0x000000078a480000)
 ParOldGen       total 173568K, used 1583K [0x00000006c2800000, 0x00000006cd180000, 0x000000076b800000)
  object space 173568K, 0% used [0x00000006c2800000,0x00000006c298bc20,0x00000006cd180000)
 Metaspace       used 8085K, capacity 8614K, committed 8960K, reserved 1056768K
  class space    used 644K, capacity 658K, committed 768K, reserved 1048576K
Event: 8.750 GC heap after
Heap after GC invocations=103 (full 0):
 PSYoungGen      total 45568K, used 32K [0x000000076b800000, 0x000000078a500000, 0x00000007c0000000)
  eden space 45056K, 0% used [0x000000076b800000,0x000000076b800000,0x000000076e400000)
  from space 512K, 6% used [0x000000078a400000,0x000000078a408000,0x000000078a480000)
  to   space 512K, 0% used [0x000000078a480000,0x000000078a480000,0x000000078a500000)
 ParOldGen       total 173568K, used 1591K [0x00000006c2800000, 0x00000006cd180000, 0x000000076b800000)
  object space 173568K, 0% used [0x00000006c2800000,0x00000006c298dc20,0x00000006cd180000)
 Metaspace       used 8085K, capacity 8614K, committed 8960K, reserved 1056768K
  class space    used 644K, capacity 658K, committed 768K, reserved 1048576K
}

Deoptimization events (10 events):
Event: 0.134 Thread 0x000000001e1d8000 Uncommon trap: reason=bimorphic action=maybe_recompile pc=0x000000000269bb74 method=java.util.HashMap.getNode(ILjava/lang/Object;)Ljava/util/HashMap$Node; @ 126
Event: 0.436 Thread 0x000000001e1d8000 Uncommon trap: reason=bimorphic action=maybe_recompile pc=0x000000000269bb74 method=java.util.HashMap.getNode(ILjava/lang/Object;)Ljava/util/HashMap$Node; @ 126
Event: 0.437 Thread 0x000000001e1d8000 Uncommon trap: reason=bimorphic action=maybe_recompile pc=0x000000000269bb74 method=java.util.HashMap.getNode(ILjava/lang/Object;)Ljava/util/HashMap$Node; @ 126
Event: 0.442 Thread 0x000000001e1d8000 Uncommon trap: reason=unstable_if action=reinterpret pc=0x0000000002683f58 method=java.util.HashMap.keySet()Ljava/util/Set; @ 6
Event: 0.868 Thread 0x000000001e1d8000 Uncommon trap: reason=unstable_if action=reinterpret pc=0x000000000268ea84 method=java.util.HashMap.clear()V @ 16
Event: 0.868 Thread 0x000000001e1d8000 Uncommon trap: reason=unstable_if action=reinterpret pc=0x000000000268c5d8 method=java.util.HashMap.clear()V @ 16
Event: 0.868 Thread 0x0000000000b7e000 Uncommon trap: reason=unstable_if action=reinterpret pc=0x00000000026c396c method=main.coreEngine.TickableThread.invoke(Ljava/lang/String;[Ljava/lang/Object;)V @ 53
Event: 0.868 Thread 0x000000001e1d9000 Uncommon trap: reason=unstable_if action=reinterpret pc=0x00000000026c2274 method=main.coreEngine.TickableThread.run()V @ 58
Event: 0.912 Thread 0x0000000000b7e000 Uncommon trap: reason=unstable_if action=reinterpret pc=0x00000000027bb174 method=main.coreEngine.Engine.start()V @ 163
Event: 0.962 Thread 0x000000001e1d9000 Uncommon trap: reason=unstable_if action=reinterpret pc=0x00000000027cff64 method=main.coreEngine.TickableThread.run()V @ 461

Internal exceptions (8 events):
Event: 0.023 Thread 0x0000000000b7e000 Exception <a 'java/lang/NoSuchMethodError': Method sun.misc.Unsafe.defineClass(Ljava/lang/String;[BII)Ljava/lang/Class; name or signature does not match> (0x000000076b80d880) thrown at [C:\workspace\8-2-build-windows-amd64-cygwin\jdk8u65\4987\hotspot\src\sâ˝fúıó?
Event: 0.023 Thread 0x0000000000b7e000 Exception <a 'java/lang/NoSuchMethodError': Method sun.misc.Unsafe.prefetchRead(Ljava/lang/Object;J)V name or signature does not match> (0x000000076b80db68) thrown at [C:\workspace\8-2-build-windows-amd64-cygwin\jdk8u65\4987\hotspot\src\share\vm\prims\jni.∂Åæ√?
Event: 0.149 Thread 0x000000001e1d8000 Exception <a 'java/lang/ArrayIndexOutOfBoundsException': -1> (0x000000076e33b6d0) thrown at [C:\workspace\8-2-build-windows-amd64-cygwin\jdk8u65\4987\hotspot\src\share\vm\interpreter\interpreterRuntime.cpp, line 366]
Event: 0.437 Thread 0x000000001e1d8000 Exception <a 'java/security/PrivilegedActionException'> (0x0000000771411dc8) thrown at [C:\workspace\8-2-build-windows-amd64-cygwin\jdk8u65\4987\hotspot\src\share\vm\prims\jvm.cpp, line 1386]
Event: 0.437 Thread 0x000000001e1d8000 Exception <a 'java/security/PrivilegedActionException'> (0x00000007714121c0) thrown at [C:\workspace\8-2-build-windows-amd64-cygwin\jdk8u65\4987\hotspot\src\share\vm\prims\jvm.cpp, line 1386]
Event: 0.437 Thread 0x000000001e1d8000 Exception <a 'java/security/PrivilegedActionException'> (0x00000007714163d8) thrown at [C:\workspace\8-2-build-windows-amd64-cygwin\jdk8u65\4987\hotspot\src\share\vm\prims\jvm.cpp, line 1386]
Event: 0.437 Thread 0x000000001e1d8000 Exception <a 'java/security/PrivilegedActionException'> (0x00000007714167d0) thrown at [C:\workspace\8-2-build-windows-amd64-cygwin\jdk8u65\4987\hotspot\src\share\vm\prims\jvm.cpp, line 1386]
Event: 0.868 Thread 0x0000000000b7e000 Implicit null exception at 0x00000000026c3384 to 0x00000000026c3945

Events (10 events):
Event: 8.565 Executing VM operation: ParallelGCFailedAllocation
Event: 8.566 Executing VM operation: ParallelGCFailedAllocation done
Event: 8.615 Executing VM operation: ParallelGCFailedAllocation
Event: 8.616 Executing VM operation: ParallelGCFailedAllocation done
Event: 8.664 Executing VM operation: ParallelGCFailedAllocation
Event: 8.665 Executing VM operation: ParallelGCFailedAllocation done
Event: 8.702 Executing VM operation: ParallelGCFailedAllocation
Event: 8.702 Executing VM operation: ParallelGCFailedAllocation done
Event: 8.750 Executing VM operation: ParallelGCFailedAllocation
Event: 8.750 Executing VM operation: ParallelGCFailedAllocation done


Dynamic libraries:
0x00007ff75ee90000 - 0x00007ff75eec7000 	C:\Program Files\Java\jdk1.8.0_65\bin\java.exe
0x00007ffde4980000 - 0x00007ffde4b41000 	C:\WINDOWS\SYSTEM32\ntdll.dll
0x00007ffde42a0000 - 0x00007ffde434d000 	C:\WINDOWS\system32\KERNEL32.DLL
0x00007ffde19f0000 - 0x00007ffde1bd8000 	C:\WINDOWS\system32\KERNELBASE.dll
0x00007ffde1e70000 - 0x00007ffde1f17000 	C:\WINDOWS\system32\ADVAPI32.dll
0x00007ffde3800000 - 0x00007ffde389d000 	C:\WINDOWS\system32\msvcrt.dll
0x00007ffde1e10000 - 0x00007ffde1e6b000 	C:\WINDOWS\system32\sechost.dll
0x00007ffde3bd0000 - 0x00007ffde3cec000 	C:\WINDOWS\system32\RPCRT4.dll
0x00007ffde3fe0000 - 0x00007ffde4136000 	C:\WINDOWS\system32\USER32.dll
0x00007ffde3cf0000 - 0x00007ffde3e76000 	C:\WINDOWS\system32\GDI32.dll
0x00007ffddd690000 - 0x00007ffddd904000 	C:\WINDOWS\WinSxS\amd64_microsoft.windows.common-controls_6595b64144ccf1df_6.0.10586.0_none_8c15ae12515e1c22\COMCTL32.dll
0x00007ffde3950000 - 0x00007ffde3bcd000 	C:\WINDOWS\system32\combase.dll
0x00007ffde1cf0000 - 0x00007ffde1d5a000 	C:\WINDOWS\system32\bcryptPrimitives.dll
0x00007ffde1dc0000 - 0x00007ffde1dfb000 	C:\WINDOWS\system32\IMM32.DLL
0x0000000070c90000 - 0x0000000070d62000 	C:\Program Files\Java\jdk1.8.0_65\jre\bin\msvcr100.dll
0x0000000070400000 - 0x0000000070c89000 	C:\Program Files\Java\jdk1.8.0_65\jre\bin\server\jvm.dll
0x00007ffde4290000 - 0x00007ffde4298000 	C:\WINDOWS\system32\PSAPI.DLL
0x00007ffdd8550000 - 0x00007ffdd8559000 	C:\WINDOWS\SYSTEM32\WSOCK32.dll
0x00007ffddf730000 - 0x00007ffddf753000 	C:\WINDOWS\SYSTEM32\WINMM.dll
0x00007ffddd9c0000 - 0x00007ffddd9ca000 	C:\WINDOWS\SYSTEM32\VERSION.dll
0x00007ffde4470000 - 0x00007ffde44db000 	C:\WINDOWS\system32\WS2_32.dll
0x0000000002310000 - 0x000000000233c000 	C:\WINDOWS\SYSTEM32\WINMMBASE.dll
0x00007ffde1be0000 - 0x00007ffde1c23000 	C:\WINDOWS\system32\cfgmgr32.dll
0x00000000703f0000 - 0x00000000703ff000 	C:\Program Files\Java\jdk1.8.0_65\jre\bin\verify.dll
0x00000000703c0000 - 0x00000000703e9000 	C:\Program Files\Java\jdk1.8.0_65\jre\bin\java.dll
0x0000000070310000 - 0x0000000070345000 	C:\Program Files\Java\jdk1.8.0_65\jre\bin\jdwp.dll
0x0000000070390000 - 0x0000000070398000 	C:\Program Files\Java\jdk1.8.0_65\jre\bin\npt.dll
0x00000000703a0000 - 0x00000000703b6000 	C:\Program Files\Java\jdk1.8.0_65\jre\bin\zip.dll
0x00007ffde1f80000 - 0x00007ffde34dc000 	C:\WINDOWS\system32\SHELL32.dll
0x00007ffde11d0000 - 0x00007ffde1815000 	C:\WINDOWS\system32\windows.storage.dll
0x00007ffde36b0000 - 0x00007ffde3702000 	C:\WINDOWS\system32\shlwapi.dll
0x00007ffde0fb0000 - 0x00007ffde0fbf000 	C:\WINDOWS\system32\kernel.appcore.dll
0x00007ffde1c30000 - 0x00007ffde1ce5000 	C:\WINDOWS\system32\shcore.dll
0x00007ffde0fc0000 - 0x00007ffde100b000 	C:\WINDOWS\system32\powrprof.dll
0x00007ffde0f80000 - 0x00007ffde0f94000 	C:\WINDOWS\system32\profapi.dll
0x0000000070380000 - 0x0000000070389000 	C:\Program Files\Java\jdk1.8.0_65\jre\bin\dt_socket.dll
0x00007ffde08b0000 - 0x00007ffde090c000 	C:\WINDOWS\system32\mswsock.dll
0x00007ffdd4080000 - 0x00007ffdd4108000 	D:\Code\Java\Projects\WireEngine20\lib\native\lwjgl.dll
0x00007ffde0a80000 - 0x00007ffde0a8b000 	C:\WINDOWS\SYSTEM32\CRYPTBASE.DLL
0x00007ffdcfa40000 - 0x00007ffdcfa82000 	D:\Code\Java\Projects\WireEngine20\lib\native\jemalloc.dll
0x00007ffdd9dc0000 - 0x00007ffdd9df8000 	D:\Code\Java\Projects\WireEngine20\lib\native\glfw.dll
0x00007ffddf850000 - 0x00007ffddf8e6000 	C:\WINDOWS\system32\uxtheme.dll
0x00007ffdde650000 - 0x00007ffdde672000 	C:\WINDOWS\SYSTEM32\dwmapi.dll
0x00007ffdc8b70000 - 0x00007ffdc8c99000 	C:\WINDOWS\SYSTEM32\opengl32.dll
0x00007ffdcd0c0000 - 0x00007ffdcd0ee000 	C:\WINDOWS\SYSTEM32\GLU32.dll
0x00007ffdc6920000 - 0x00007ffdc6a1a000 	C:\WINDOWS\SYSTEM32\DDRAW.dll
0x00007ffddaa30000 - 0x00007ffddaa38000 	C:\WINDOWS\SYSTEM32\DCIMAN32.dll
0x00007ffde3e80000 - 0x00007ffde3fda000 	C:\WINDOWS\system32\MSCTF.dll
0x00007ffdc9cc0000 - 0x00007ffdc9d09000 	C:\Program Files (x86)\TeamViewer\tv_x64.dll
0x00007ffde4140000 - 0x00007ffde4283000 	C:\WINDOWS\system32\ole32.dll
0x000000006e5c0000 - 0x0000000070309000 	C:\WINDOWS\SYSTEM32\nvoglv64.DLL
0x00007ffde4550000 - 0x00007ffde4979000 	C:\WINDOWS\system32\SETUPAPI.dll
0x00007ffddf2f0000 - 0x00007ffddf303000 	C:\WINDOWS\SYSTEM32\WTSAPI32.dll
0x00007ffddf9a0000 - 0x00007ffddf9c7000 	C:\WINDOWS\SYSTEM32\DEVOBJ.dll
0x00007ffde1170000 - 0x00007ffde11c5000 	C:\WINDOWS\system32\WINTRUST.dll
0x00007ffde0fa0000 - 0x00007ffde0fb0000 	C:\WINDOWS\system32\MSASN1.dll
0x00007ffde1820000 - 0x00007ffde19e7000 	C:\WINDOWS\system32\CRYPT32.dll
0x00007ffde04d0000 - 0x00007ffde0501000 	C:\WINDOWS\SYSTEM32\ntmarta.dll
0x00007ffde0220000 - 0x00007ffde0276000 	C:\WINDOWS\SYSTEM32\WINSTA.dll
0x00007ffde38a0000 - 0x00007ffde3947000 	C:\WINDOWS\system32\clbcatq.dll
0x00007ffdb9de0000 - 0x00007ffdb9f6c000 	C:\WINDOWS\SYSTEM32\dbghelp.dll

VM Arguments:
jvm_args: -agentlib:jdwp=transport=dt_socket,address=127.0.0.1:65187,suspend=y,server=n -Djava.library.path=lib/native/ -Dfile.encoding=UTF-8 
java_command: main.Main
java_class_path (initial): C:\Program Files\Java\jdk1.8.0_65\jre\lib\charsets.jar;C:\Program Files\Java\jdk1.8.0_65\jre\lib\deploy.jar;C:\Program Files\Java\jdk1.8.0_65\jre\lib\ext\access-bridge-64.jar;C:\Program Files\Java\jdk1.8.0_65\jre\lib\ext\cldrdata.jar;C:\Program Files\Java\jdk1.8.0_65\jre\lib\ext\dnsns.jar;C:\Program Files\Java\jdk1.8.0_65\jre\lib\ext\jaccess.jar;C:\Program Files\Java\jdk1.8.0_65\jre\lib\ext\jfxrt.jar;C:\Program Files\Java\jdk1.8.0_65\jre\lib\ext\localedata.jar;C:\Program Files\Java\jdk1.8.0_65\jre\lib\ext\nashorn.jar;C:\Program Files\Java\jdk1.8.0_65\jre\lib\ext\sunec.jar;C:\Program Files\Java\jdk1.8.0_65\jre\lib\ext\sunjce_provider.jar;C:\Program Files\Java\jdk1.8.0_65\jre\lib\ext\sunmscapi.jar;C:\Program Files\Java\jdk1.8.0_65\jre\lib\ext\sunpkcs11.jar;C:\Program Files\Java\jdk1.8.0_65\jre\lib\ext\zipfs.jar;C:\Program Files\Java\jdk1.8.0_65\jre\lib\javaws.jar;C:\Program Files\Java\jdk1.8.0_65\jre\lib\jce.jar;C:\Program Files\Java\jdk1.8.0_65\jre\lib\jfr.jar;C:\Program Files\Java\jdk1.8.0_65\jre\lib\jfxswt.jar;C:\Program Files\Java\jdk1.8.0_65\jre\lib\jsse.jar;C:\Program Files\Java\jdk1.8.0_65\jre\lib\management-agent.jar;C:\Program Files\Java\jdk1.8.0_65\jre\lib\plugin.jar;C:\Program Files\Java\jdk1.8.0_65\jre\lib\resources.jar;C:\Program Files\Java\jdk1.8.0_65\jre\lib\rt.jar;D:\Code\Java\Projects\WireEngine20\out\production\WireEngine20;D:\Code\Java\Projects\WireEngine20\lib\jar\lwjgl.jar;D:\Program Files (x86)\JetBrains\IntelliJ IDEA 2016.1\lib\idea_rt.jar
Launcher Type: SUN_STANDARD

Environment Variables:
JAVA_HOME=C:\Program Files\Java\jdk1.8.0_65
PATH=C:\ProgramData\Oracle\Java\javapath;C:\Program Files (x86)\Razer Chroma SDK\bin;C:\Program Files\Razer Chroma SDK\bin;C:\Program Files (x86)\NVIDIA Corporation\PhysX\Common;C:\Program Files (x86)\Intel\iCLS Client\;C:\Program Files\Intel\iCLS Client\;C:\Windows\system32;C:\Windows;C:\Windows\System32\Wbem;C:\Windows\System32\WindowsPowerShell\v1.0\;C:\Program Files\Intel\Intel(R) Management Engine Components\DAL;C:\Program Files (x86)\Intel\Intel(R) Management Engine Components\DAL;C:\Program Files\Intel\Intel(R) Management Engine Components\IPT;C:\Program Files (x86)\Intel\Intel(R) Management Engine Components\IPT;C:\Program Files\Java\jre1.8.0_65\bin;C:\MinGW\bin;C:\WINDOWS\system32;C:\WINDOWS;C:\WINDOWS\System32\Wbem;C:\WINDOWS\System32\WindowsPowerShell\v1.0\;D:\Program Files (x86)\CMake\bin;D:\Program Files\Programs\Python\Python35-32;D:\Program Files\Programs\Python\Python35-32\Scripts;C:\Program Files (x86)\Skype\Phone\;D:\Program Files\Programs\Python\Python35-32\Scripts\;D:\Program Files\Programs\Python\Python35-32\
USERNAME=Kelan
OS=Windows_NT
PROCESSOR_IDENTIFIER=Intel64 Family 6 Model 60 Stepping 3, GenuineIntel



---------------  S Y S T E M  ---------------

OS: Windows 10.0 , 64 bit Build 10586 (10.0.10586.0)

CPU:total 8 (4 cores per cpu, 2 threads per core) family 6 model 60 stepping 3, cmov, cx8, fxsr, mmx, sse, sse2, sse3, ssse3, sse4.1, sse4.2, popcnt, avx, avx2, aes, clmul, erms, lzcnt, ht, tsc, tscinvbit, bmi1, bmi2

Memory: 4k page, physical 16609500k(4915052k free), swap 33386716k(18978412k free)

vm_info: Java HotSpot(TM) 64-Bit Server VM (25.65-b01) for windows-amd64 JRE (1.8.0_65-b17), built on Oct  6 2015 16:39:20 by "java_re" with MS VC++ 10.0 (VS2010)

time: Sun Apr 10 11:00:41 2016
elapsed time: 8 seconds (0d 0h 0m 8s)

