#
# A fatal error has been detected by the Java Runtime Environment:
#
#  EXCEPTION_ACCESS_VIOLATION (0xc0000005) at pc=0x00007ffdd45924b9, pid=2740, tid=4220
#
# JRE version: Java(TM) SE Runtime Environment (8.0_65-b17) (build 1.8.0_65-b17)
# Java VM: Java HotSpot(TM) 64-Bit Server VM (25.65-b01 mixed mode windows-amd64 compressed oops)
# Problematic frame:
# C  [glfw.dll+0x24b9]
#
# Failed to write core dump. Minidumps are not enabled by default on client versions of Windows
#
# If you would like to submit a bug report, please visit:
#   http://bugreport.java.com/bugreport/crash.jsp
# The crash happened outside the Java Virtual Machine in native code.
# See problematic frame for where to report the bug.
#

---------------  T H R E A D  ---------------

Current thread (0x000000001e1b5800):  JavaThread "CLIENT" [_thread_in_native, id=4220, stack(0x000000001eed0000,0x000000001efd0000)]

siginfo: ExceptionCode=0xc0000005, reading address 0x0000000000000000

Registers:
RAX=0x0000000000000000, RBX=0x000000001b986d70, RCX=0x0000000000000000, RDX=0x0000000000000000
RSP=0x000000001efcf1d0, RBP=0x000000001efcf280, RSI=0x0000000000000108, RDI=0x000000000081bc90
R8 =0x000000001efcf1c8, R9 =0x000000001efcf280, R10=0x0000000000000000, R11=0x0000000000000246
R12=0x0000000000000000, R13=0x000000001b986d70, R14=0x000000001efcf2b8, R15=0x000000001e1b5800
RIP=0x00007ffdd45924b9, EFLAGS=0x0000000000010283

Top of Stack: (sp=0x000000001efcf1d0)
0x000000001efcf1d0:   000000001e1b5800 000000001e1b5800
0x000000001efcf1e0:   000000001b9a0ce0 000000007052d610
0x000000001efcf1f0:   0000000000000129 000000000258dfcc
0x000000001efcf200:   000000001b986d70 000000001bf10630
0x000000001efcf210:   000000000000000e 000000001e1b5800
0x000000001efcf220:   000000001b9a0ce0 000000007052aea4
0x000000001efcf230:   000000001e1b5800 000000001e1b5800
0x000000001efcf240:   000000001efcf240 0000000000000000
0x000000001efcf250:   000000001efcf2b8 000000001b987510
0x000000001efcf260:   0000000000000000 000000001b986d70
0x000000001efcf270:   0000000000000000 000000001efcf2a0
0x000000001efcf280:   000000001efcf300 0000000002577d8d
0x000000001efcf290:   00000006c2804128 00000000025842f8
0x000000001efcf2a0:   000000000081bc90 00000000025778a0
0x000000001efcf2b0:   00007ffdd4592420 0000000000000001
0x000000001efcf2c0:   000000001efcf2c0 000000001b9a0cb4 

Instructions: (pc=0x00007ffdd45924b9)
0x00007ffdd4592499:   48 8b cf e8 1f 3a 00 00 48 39 3d f0 d5 02 00 48
0x00007ffdd45924a9:   8d 0d e9 d5 02 00 48 8b 5c 24 30 74 08 48 8b 09
0x00007ffdd45924b9:   48 39 39 75 f8 48 8b 07 48 89 01 48 8b cf 48 83
0x00007ffdd45924c9:   c4 20 5f e9 5b fe 00 00 48 83 c4 20 5f c3 cc cc 


Register to memory mapping:

RAX=0x0000000000000000 is an unknown value
RBX={method} {0x000000001b986d78} 'invokePV' '(JJ)V' in 'org/lwjgl/system/JNI'
RCX=0x0000000000000000 is an unknown value
RDX=0x0000000000000000 is an unknown value
RSP=0x000000001efcf1d0 is pointing into the stack for thread: 0x000000001e1b5800
RBP=0x000000001efcf280 is pointing into the stack for thread: 0x000000001e1b5800
RSI=0x0000000000000108 is an unknown value
RDI=0x000000000081bc90 is an unknown value
R8 =0x000000001efcf1c8 is pointing into the stack for thread: 0x000000001e1b5800
R9 =0x000000001efcf280 is pointing into the stack for thread: 0x000000001e1b5800
R10=0x0000000000000000 is an unknown value
R11=0x0000000000000246 is an unknown value
R12=0x0000000000000000 is an unknown value
R13={method} {0x000000001b986d78} 'invokePV' '(JJ)V' in 'org/lwjgl/system/JNI'
R14=0x000000001efcf2b8 is pointing into the stack for thread: 0x000000001e1b5800
R15=0x000000001e1b5800 is a thread


Stack: [0x000000001eed0000,0x000000001efd0000],  sp=0x000000001efcf1d0,  free space=1020k
Native frames: (J=compiled Java code, j=interpreted, Vv=VM code, C=native code)
C  [glfw.dll+0x24b9]
C  0x000000000258dfcc

Java frames: (J=compiled Java code, j=interpreted, Vv=VM code)
j  org.lwjgl.system.JNI.invokePV(JJ)V+0
j  org.lwjgl.glfw.GLFW.glfwDestroyCursor(J)V+20
j  main.client.Window.destroyWindow()V+9
j  main.coreEngine.Engine.stop()V+70
j  main.client.Window.update()V+43
j  main.client.renderEngine.RenderEngine.render()V+32
j  main.client.ClientThread.tick()V+12
J 437% C1 main.coreEngine.TickableThread.run()V (481 bytes) @ 0x00000000027c999c [0x00000000027c50c0+0x48dc]
v  ~StubRoutines::call_stub

---------------  P R O C E S S  ---------------

Java Threads: ( => current thread )
  0x000000001e1b6000 JavaThread "SERVER" [_thread_in_Java, id=7776, stack(0x000000001efd0000,0x000000001f0d0000)]
=>0x000000001e1b5800 JavaThread "CLIENT" [_thread_in_native, id=4220, stack(0x000000001eed0000,0x000000001efd0000)]
  0x000000001e0bf000 JavaThread "Service Thread" daemon [_thread_blocked, id=10820, stack(0x000000001ecd0000,0x000000001edd0000)]
  0x000000001e031800 JavaThread "C1 CompilerThread3" daemon [_thread_blocked, id=1544, stack(0x000000001ebd0000,0x000000001ecd0000)]
  0x000000001e028800 JavaThread "C2 CompilerThread2" daemon [_thread_blocked, id=8828, stack(0x000000001ead0000,0x000000001ebd0000)]
  0x000000001e027800 JavaThread "C2 CompilerThread1" daemon [_thread_blocked, id=2844, stack(0x000000001e9d0000,0x000000001ead0000)]
  0x000000001e02c800 JavaThread "C2 CompilerThread0" daemon [_thread_blocked, id=12160, stack(0x000000001e8d0000,0x000000001e9d0000)]
  0x000000001e012000 JavaThread "JDWP Command Reader" daemon [_thread_in_native, id=11788, stack(0x000000001e7d0000,0x000000001e8d0000)]
  0x000000001e00f000 JavaThread "JDWP Event Helper Thread" daemon [_thread_blocked, id=13964, stack(0x000000001e6d0000,0x000000001e7d0000)]
  0x000000001e001800 JavaThread "JDWP Transport Listener: dt_socket" daemon [_thread_blocked, id=10268, stack(0x000000001e5d0000,0x000000001e6d0000)]
  0x000000001dff6800 JavaThread "Attach Listener" daemon [_thread_blocked, id=12064, stack(0x000000001e4d0000,0x000000001e5d0000)]
  0x000000001dff5800 JavaThread "Signal Dispatcher" daemon [_thread_blocked, id=5512, stack(0x000000001e3d0000,0x000000001e4d0000)]
  0x000000000256a000 JavaThread "Finalizer" daemon [_thread_blocked, id=1552, stack(0x000000001ddf0000,0x000000001def0000)]
  0x0000000002563000 JavaThread "Reference Handler" daemon [_thread_blocked, id=13788, stack(0x000000001dcf0000,0x000000001ddf0000)]
  0x0000000000c3e000 JavaThread "main" [_thread_in_Java, id=3512, stack(0x0000000002370000,0x0000000002470000)]

Other Threads:
  0x000000001bf09800 VMThread [stack: 0x000000001dbf0000,0x000000001dcf0000] [id=13208]
  0x000000001e0e8800 WatcherThread [stack: 0x000000001edd0000,0x000000001eed0000] [id=904]

VM state:not at safepoint (normal execution)

VM Mutex/Monitor currently owned by a thread: None

Heap:
 PSYoungGen      total 214016K, used 140436K [0x000000076b800000, 0x000000078b180000, 0x00000007c0000000)
  eden space 213504K, 65% used [0x000000076b800000,0x0000000774115350,0x0000000778880000)
  from space 512K, 12% used [0x000000078b100000,0x000000078b110000,0x000000078b180000)
  to   space 2560K, 0% used [0x000000078ac80000,0x000000078ac80000,0x000000078af00000)
 ParOldGen       total 173568K, used 1216K [0x00000006c2800000, 0x00000006cd180000, 0x000000076b800000)
  object space 173568K, 0% used [0x00000006c2800000,0x00000006c2930070,0x00000006cd180000)
 Metaspace       used 7973K, capacity 8550K, committed 8704K, reserved 1056768K
  class space    used 642K, capacity 658K, committed 768K, reserved 1048576K

Card table byte_map: [0x0000000011930000,0x0000000012120000] byte_map_base: 0x000000000e31c000

Marking Bits: (ParMarkBitMap*) 0x0000000070c0a5b0
 Begin Bits: [0x0000000012e70000, 0x0000000016dd0000)
 End Bits:   [0x0000000016dd0000, 0x000000001ad30000)

Polling page: 0x0000000000ba0000

CodeCache: size=245760Kb used=2586Kb max_used=2599Kb free=243173Kb
 bounds [0x0000000002570000, 0x0000000002810000, 0x0000000011570000]
 total_blobs=1119 nmethods=476 adapters=564
 compilation: enabled

Compilation events (10 events):
Event: 1.030 Thread 0x000000001e031800  471       3       org.lwjgl.opengl.GL11::getInstance (7 bytes)
Event: 1.030 Thread 0x000000001e031800 nmethod 471 0x00000000027e3350 code [0x00000000027e3520, 0x00000000027e3b48]
Event: 1.030 Thread 0x000000001e031800  472       3       org.lwjgl.opengl.GL11::getInstance (11 bytes)
Event: 1.030 Thread 0x000000001e031800 nmethod 472 0x00000000027e2d50 code [0x00000000027e2ee0, 0x00000000027e31a8]
Event: 1.146 Thread 0x000000001e028800  474       4       java.util.ArrayList::set (20 bytes)
Event: 1.147 Thread 0x000000001e028800 nmethod 474 0x00000000027dfb90 code [0x00000000027dfce0, 0x00000000027dfe58]
Event: 1.346 Thread 0x000000001e027800  475       4       java.util.ArrayList::get (11 bytes)
Event: 1.347 Thread 0x000000001e027800 nmethod 475 0x00000000027df810 code [0x00000000027df960, 0x00000000027dfa78]
Event: 1.663 Thread 0x000000001e031800  476       3       org.lwjgl.opengl.GLChecks::ensureBufferObject (73 bytes)
Event: 1.663 Thread 0x000000001e031800 nmethod 476 0x00000000027df4d0 code [0x00000000027df620, 0x00000000027df770]

GC Heap History (10 events):
Event: 1.113 GC heap before
{Heap before GC invocations=8 (full 0):
 PSYoungGen      total 262144K, used 260883K [0x000000076b800000, 0x000000078b700000, 0x00000007c0000000)
  eden space 259584K, 100% used [0x000000076b800000,0x000000077b580000,0x000000077b580000)
  from space 2560K, 50% used [0x000000077b580000,0x000000077b6c4e88,0x000000077b800000)
  to   space 2048K, 0% used [0x000000078b500000,0x000000078b500000,0x000000078b700000)
 ParOldGen       total 173568K, used 660K [0x00000006c2800000, 0x00000006cd180000, 0x000000076b800000)
  object space 173568K, 0% used [0x00000006c2800000,0x00000006c28a5060,0x00000006cd180000)
 Metaspace       used 7972K, capacity 8550K, committed 8704K, reserved 1056768K
  class space    used 642K, capacity 658K, committed 768K, reserved 1048576K
Event: 1.114 GC heap after
Heap after GC invocations=8 (full 0):
 PSYoungGen      total 250368K, used 640K [0x000000076b800000, 0x000000078b600000, 0x00000007c0000000)
  eden space 249344K, 0% used [0x000000076b800000,0x000000076b800000,0x000000077ab80000)
  from space 1024K, 62% used [0x000000078b500000,0x000000078b5a0000,0x000000078b600000)
  to   space 2048K, 0% used [0x000000078b200000,0x000000078b200000,0x000000078b400000)
 ParOldGen       total 173568K, used 668K [0x00000006c2800000, 0x00000006cd180000, 0x000000076b800000)
  object space 173568K, 0% used [0x00000006c2800000,0x00000006c28a7060,0x00000006cd180000)
 Metaspace       used 7972K, capacity 8550K, committed 8704K, reserved 1056768K
  class space    used 642K, capacity 658K, committed 768K, reserved 1048576K
}
Event: 1.328 GC heap before
{Heap before GC invocations=9 (full 0):
 PSYoungGen      total 250368K, used 249984K [0x000000076b800000, 0x000000078b600000, 0x00000007c0000000)
  eden space 249344K, 100% used [0x000000076b800000,0x000000077ab80000,0x000000077ab80000)
  from space 1024K, 62% used [0x000000078b500000,0x000000078b5a0000,0x000000078b600000)
  to   space 2048K, 0% used [0x000000078b200000,0x000000078b200000,0x000000078b400000)
 ParOldGen       total 173568K, used 668K [0x00000006c2800000, 0x00000006cd180000, 0x000000076b800000)
  object space 173568K, 0% used [0x00000006c2800000,0x00000006c28a7060,0x00000006cd180000)
 Metaspace       used 7972K, capacity 8550K, committed 8704K, reserved 1056768K
  class space    used 642K, capacity 658K, committed 768K, reserved 1048576K
Event: 1.329 GC heap after
Heap after GC invocations=9 (full 0):
 PSYoungGen      total 240128K, used 256K [0x000000076b800000, 0x000000078b580000, 0x00000007c0000000)
  eden space 239616K, 0% used [0x000000076b800000,0x000000076b800000,0x000000077a200000)
  from space 512K, 50% used [0x000000078b200000,0x000000078b240000,0x000000078b280000)
  to   space 2560K, 0% used [0x000000078b300000,0x000000078b300000,0x000000078b580000)
 ParOldGen       total 173568K, used 1020K [0x00000006c2800000, 0x00000006cd180000, 0x000000076b800000)
  object space 173568K, 0% used [0x00000006c2800000,0x00000006c28ff060,0x00000006cd180000)
 Metaspace       used 7972K, capacity 8550K, committed 8704K, reserved 1056768K
  class space    used 642K, capacity 658K, committed 768K, reserved 1048576K
}
Event: 1.518 GC heap before
{Heap before GC invocations=10 (full 0):
 PSYoungGen      total 240128K, used 239872K [0x000000076b800000, 0x000000078b580000, 0x00000007c0000000)
  eden space 239616K, 100% used [0x000000076b800000,0x000000077a200000,0x000000077a200000)
  from space 512K, 50% used [0x000000078b200000,0x000000078b240000,0x000000078b280000)
  to   space 2560K, 0% used [0x000000078b300000,0x000000078b300000,0x000000078b580000)
 ParOldGen       total 173568K, used 1020K [0x00000006c2800000, 0x00000006cd180000, 0x000000076b800000)
  object space 173568K, 0% used [0x00000006c2800000,0x00000006c28ff060,0x00000006cd180000)
 Metaspace       used 7972K, capacity 8550K, committed 8704K, reserved 1056768K
  class space    used 642K, capacity 658K, committed 768K, reserved 1048576K
Event: 1.519 GC heap after
Heap after GC invocations=10 (full 0):
 PSYoungGen      total 230912K, used 96K [0x000000076b800000, 0x000000078b380000, 0x00000007c0000000)
  eden space 230400K, 0% used [0x000000076b800000,0x000000076b800000,0x0000000779900000)
  from space 512K, 18% used [0x000000078b300000,0x000000078b318000,0x000000078b380000)
  to   space 2560K, 0% used [0x000000078ae80000,0x000000078ae80000,0x000000078b100000)
 ParOldGen       total 173568K, used 1216K [0x00000006c2800000, 0x00000006cd180000, 0x000000076b800000)
  object space 173568K, 0% used [0x00000006c2800000,0x00000006c2930070,0x00000006cd180000)
 Metaspace       used 7972K, capacity 8550K, committed 8704K, reserved 1056768K
  class space    used 642K, capacity 658K, committed 768K, reserved 1048576K
}
Event: 1.700 GC heap before
{Heap before GC invocations=11 (full 0):
 PSYoungGen      total 230912K, used 230496K [0x000000076b800000, 0x000000078b380000, 0x00000007c0000000)
  eden space 230400K, 100% used [0x000000076b800000,0x0000000779900000,0x0000000779900000)
  from space 512K, 18% used [0x000000078b300000,0x000000078b318000,0x000000078b380000)
  to   space 2560K, 0% used [0x000000078ae80000,0x000000078ae80000,0x000000078b100000)
 ParOldGen       total 173568K, used 1216K [0x00000006c2800000, 0x00000006cd180000, 0x000000076b800000)
  object space 173568K, 0% used [0x00000006c2800000,0x00000006c2930070,0x00000006cd180000)
 Metaspace       used 7973K, capacity 8550K, committed 8704K, reserved 1056768K
  class space    used 642K, capacity 658K, committed 768K, reserved 1048576K
Event: 1.700 GC heap after
Heap after GC invocations=11 (full 0):
 PSYoungGen      total 224256K, used 64K [0x000000076b800000, 0x000000078b380000, 0x00000007c0000000)
  eden space 221696K, 0% used [0x000000076b800000,0x000000076b800000,0x0000000779080000)
  from space 2560K, 2% used [0x000000078ae80000,0x000000078ae90000,0x000000078b100000)
  to   space 2560K, 0% used [0x000000078b100000,0x000000078b100000,0x000000078b380000)
 ParOldGen       total 173568K, used 1216K [0x00000006c2800000, 0x00000006cd180000, 0x000000076b800000)
  object space 173568K, 0% used [0x00000006c2800000,0x00000006c2930070,0x00000006cd180000)
 Metaspace       used 7973K, capacity 8550K, committed 8704K, reserved 1056768K
  class space    used 642K, capacity 658K, committed 768K, reserved 1048576K
}
Event: 1.871 GC heap before
{Heap before GC invocations=12 (full 0):
 PSYoungGen      total 224256K, used 221760K [0x000000076b800000, 0x000000078b380000, 0x00000007c0000000)
  eden space 221696K, 100% used [0x000000076b800000,0x0000000779080000,0x0000000779080000)
  from space 2560K, 2% used [0x000000078ae80000,0x000000078ae90000,0x000000078b100000)
  to   space 2560K, 0% used [0x000000078b100000,0x000000078b100000,0x000000078b380000)
 ParOldGen       total 173568K, used 1216K [0x00000006c2800000, 0x00000006cd180000, 0x000000076b800000)
  object space 173568K, 0% used [0x00000006c2800000,0x00000006c2930070,0x00000006cd180000)
 Metaspace       used 7973K, capacity 8550K, committed 8704K, reserved 1056768K
  class space    used 642K, capacity 658K, committed 768K, reserved 1048576K
Event: 1.871 GC heap after
Heap after GC invocations=12 (full 0):
 PSYoungGen      total 214016K, used 64K [0x000000076b800000, 0x000000078b180000, 0x00000007c0000000)
  eden space 213504K, 0% used [0x000000076b800000,0x000000076b800000,0x0000000778880000)
  from space 512K, 12% used [0x000000078b100000,0x000000078b110000,0x000000078b180000)
  to   space 2560K, 0% used [0x000000078ac80000,0x000000078ac80000,0x000000078af00000)
 ParOldGen       total 173568K, used 1216K [0x00000006c2800000, 0x00000006cd180000, 0x000000076b800000)
  object space 173568K, 0% used [0x00000006c2800000,0x00000006c2930070,0x00000006cd180000)
 Metaspace       used 7973K, capacity 8550K, committed 8704K, reserved 1056768K
  class space    used 642K, capacity 658K, committed 768K, reserved 1048576K
}

Deoptimization events (10 events):
Event: 0.136 Thread 0x000000001e1b5800 Uncommon trap: reason=bimorphic action=maybe_recompile pc=0x00000000026b7334 method=java.util.HashMap.getNode(ILjava/lang/Object;)Ljava/util/HashMap$Node; @ 126
Event: 0.406 Thread 0x000000001e1b5800 Uncommon trap: reason=bimorphic action=maybe_recompile pc=0x00000000026b7334 method=java.util.HashMap.getNode(ILjava/lang/Object;)Ljava/util/HashMap$Node; @ 126
Event: 0.407 Thread 0x000000001e1b5800 Uncommon trap: reason=bimorphic action=maybe_recompile pc=0x00000000026b7334 method=java.util.HashMap.getNode(ILjava/lang/Object;)Ljava/util/HashMap$Node; @ 126
Event: 0.411 Thread 0x000000001e1b5800 Uncommon trap: reason=unstable_if action=reinterpret pc=0x00000000026adfd8 method=java.util.HashMap.keySet()Ljava/util/Set; @ 6
Event: 0.797 Thread 0x000000001e1b5800 Uncommon trap: reason=unstable_if action=reinterpret pc=0x00000000026ab084 method=java.util.HashMap.clear()V @ 16
Event: 0.797 Thread 0x000000001e1b5800 Uncommon trap: reason=unstable_if action=reinterpret pc=0x00000000026ae218 method=java.util.HashMap.clear()V @ 16
Event: 0.797 Thread 0x0000000000c3e000 Uncommon trap: reason=unstable_if action=reinterpret pc=0x00000000026db3b0 method=main.coreEngine.TickableThread.invoke(Ljava/lang/String;[Ljava/lang/Object;)V @ 53
Event: 0.798 Thread 0x000000001e1b6000 Uncommon trap: reason=unstable_if action=reinterpret pc=0x00000000026e09f4 method=main.coreEngine.TickableThread.run()V @ 58
Event: 0.830 Thread 0x0000000000c3e000 Uncommon trap: reason=unstable_if action=reinterpret pc=0x00000000027dbed0 method=main.coreEngine.Engine.start()V @ 163
Event: 0.872 Thread 0x000000001e1b6000 Uncommon trap: reason=unstable_if action=reinterpret pc=0x00000000027e5d70 method=main.coreEngine.TickableThread.run()V @ 461

Internal exceptions (8 events):
Event: 0.029 Thread 0x0000000000c3e000 Exception <a 'java/lang/NoSuchMethodError': Method sun.misc.Unsafe.defineClass(Ljava/lang/String;[BII)Ljava/lang/Class; name or signature does not match> (0x000000076b80d9b8) thrown at [C:\workspace\8-2-build-windows-amd64-cygwin\jdk8u65\4987\hotspot\src\sﬂ‚o·æŸù?
Event: 0.029 Thread 0x0000000000c3e000 Exception <a 'java/lang/NoSuchMethodError': Method sun.misc.Unsafe.prefetchRead(Ljava/lang/Object;J)V name or signature does not match> (0x000000076b80dca0) thrown at [C:\workspace\8-2-build-windows-amd64-cygwin\jdk8u65\4987\hotspot\src\share\vm\prims\jni.¥Î‹Ωeƒ√?
Event: 0.154 Thread 0x000000001e1b5800 Exception <a 'java/lang/ArrayIndexOutOfBoundsException': -1> (0x000000076caca418) thrown at [C:\workspace\8-2-build-windows-amd64-cygwin\jdk8u65\4987\hotspot\src\share\vm\interpreter\interpreterRuntime.cpp, line 366]
Event: 0.406 Thread 0x000000001e1b5800 Exception <a 'java/security/PrivilegedActionException'> (0x000000076d8bb058) thrown at [C:\workspace\8-2-build-windows-amd64-cygwin\jdk8u65\4987\hotspot\src\share\vm\prims\jvm.cpp, line 1386]
Event: 0.406 Thread 0x000000001e1b5800 Exception <a 'java/security/PrivilegedActionException'> (0x000000076d8bb450) thrown at [C:\workspace\8-2-build-windows-amd64-cygwin\jdk8u65\4987\hotspot\src\share\vm\prims\jvm.cpp, line 1386]
Event: 0.407 Thread 0x000000001e1b5800 Exception <a 'java/security/PrivilegedActionException'> (0x000000076d8bf668) thrown at [C:\workspace\8-2-build-windows-amd64-cygwin\jdk8u65\4987\hotspot\src\share\vm\prims\jvm.cpp, line 1386]
Event: 0.407 Thread 0x000000001e1b5800 Exception <a 'java/security/PrivilegedActionException'> (0x000000076d8bfa60) thrown at [C:\workspace\8-2-build-windows-amd64-cygwin\jdk8u65\4987\hotspot\src\share\vm\prims\jvm.cpp, line 1386]
Event: 0.797 Thread 0x0000000000c3e000 Implicit null exception at 0x00000000026dadbc to 0x00000000026db389

Events (10 events):
Event: 1.113 Executing VM operation: ParallelGCFailedAllocation
Event: 1.114 Executing VM operation: ParallelGCFailedAllocation done
Event: 1.328 Executing VM operation: ParallelGCFailedAllocation
Event: 1.329 Executing VM operation: ParallelGCFailedAllocation done
Event: 1.518 Executing VM operation: ParallelGCFailedAllocation
Event: 1.519 Executing VM operation: ParallelGCFailedAllocation done
Event: 1.700 Executing VM operation: ParallelGCFailedAllocation
Event: 1.701 Executing VM operation: ParallelGCFailedAllocation done
Event: 1.871 Executing VM operation: ParallelGCFailedAllocation
Event: 1.871 Executing VM operation: ParallelGCFailedAllocation done


Dynamic libraries:
0x00007ff7d2c20000 - 0x00007ff7d2c57000 	C:\Program Files\Java\jdk1.8.0_65\bin\java.exe
0x00007ffde4980000 - 0x00007ffde4b41000 	C:\WINDOWS\SYSTEM32\ntdll.dll
0x00007ffde42a0000 - 0x00007ffde434d000 	C:\WINDOWS\system32\KERNEL32.DLL
0x00007ffde19f0000 - 0x00007ffde1bd8000 	C:\WINDOWS\system32\KERNELBASE.dll
0x00007ffde1e70000 - 0x00007ffde1f17000 	C:\WINDOWS\system32\ADVAPI32.dll
0x00007ffde3800000 - 0x00007ffde389d000 	C:\WINDOWS\system32\msvcrt.dll
0x00007ffde1e10000 - 0x00007ffde1e6b000 	C:\WINDOWS\system32\sechost.dll
0x00007ffde3bd0000 - 0x00007ffde3cec000 	C:\WINDOWS\system32\RPCRT4.dll
0x00007ffde3fe0000 - 0x00007ffde4136000 	C:\WINDOWS\system32\USER32.dll
0x00007ffde3cf0000 - 0x00007ffde3e76000 	C:\WINDOWS\system32\GDI32.dll
0x00007ffddd690000 - 0x00007ffddd904000 	C:\WINDOWS\WinSxS\amd64_microsoft.windows.common-controls_6595b64144ccf1df_6.0.10586.0_none_8c15ae12515e1c22\COMCTL32.dll
0x00007ffde3950000 - 0x00007ffde3bcd000 	C:\WINDOWS\system32\combase.dll
0x00007ffde1cf0000 - 0x00007ffde1d5a000 	C:\WINDOWS\system32\bcryptPrimitives.dll
0x00007ffde1dc0000 - 0x00007ffde1dfb000 	C:\WINDOWS\system32\IMM32.DLL
0x0000000070c90000 - 0x0000000070d62000 	C:\Program Files\Java\jdk1.8.0_65\jre\bin\msvcr100.dll
0x0000000070400000 - 0x0000000070c89000 	C:\Program Files\Java\jdk1.8.0_65\jre\bin\server\jvm.dll
0x00007ffde4290000 - 0x00007ffde4298000 	C:\WINDOWS\system32\PSAPI.DLL
0x00007ffdd8550000 - 0x00007ffdd8559000 	C:\WINDOWS\SYSTEM32\WSOCK32.dll
0x00007ffddf730000 - 0x00007ffddf753000 	C:\WINDOWS\SYSTEM32\WINMM.dll
0x00007ffddd9c0000 - 0x00007ffddd9ca000 	C:\WINDOWS\SYSTEM32\VERSION.dll
0x00007ffde4470000 - 0x00007ffde44db000 	C:\WINDOWS\system32\WS2_32.dll
0x00007ffddf6d0000 - 0x00007ffddf6fc000 	C:\WINDOWS\SYSTEM32\WINMMBASE.dll
0x00007ffde1be0000 - 0x00007ffde1c23000 	C:\WINDOWS\system32\cfgmgr32.dll
0x00000000703f0000 - 0x00000000703ff000 	C:\Program Files\Java\jdk1.8.0_65\jre\bin\verify.dll
0x00000000703c0000 - 0x00000000703e9000 	C:\Program Files\Java\jdk1.8.0_65\jre\bin\java.dll
0x0000000070380000 - 0x00000000703b5000 	C:\Program Files\Java\jdk1.8.0_65\jre\bin\jdwp.dll
0x0000000070370000 - 0x0000000070378000 	C:\Program Files\Java\jdk1.8.0_65\jre\bin\npt.dll
0x0000000070350000 - 0x0000000070366000 	C:\Program Files\Java\jdk1.8.0_65\jre\bin\zip.dll
0x00007ffde1f80000 - 0x00007ffde34dc000 	C:\WINDOWS\system32\SHELL32.dll
0x00007ffde11d0000 - 0x00007ffde1815000 	C:\WINDOWS\system32\windows.storage.dll
0x00007ffde36b0000 - 0x00007ffde3702000 	C:\WINDOWS\system32\shlwapi.dll
0x00007ffde0fb0000 - 0x00007ffde0fbf000 	C:\WINDOWS\system32\kernel.appcore.dll
0x00007ffde1c30000 - 0x00007ffde1ce5000 	C:\WINDOWS\system32\shcore.dll
0x00007ffde0fc0000 - 0x00007ffde100b000 	C:\WINDOWS\system32\powrprof.dll
0x00007ffde0f80000 - 0x00007ffde0f94000 	C:\WINDOWS\system32\profapi.dll
0x0000000070340000 - 0x0000000070349000 	C:\Program Files\Java\jdk1.8.0_65\jre\bin\dt_socket.dll
0x00007ffde08b0000 - 0x00007ffde090c000 	C:\WINDOWS\system32\mswsock.dll
0x00007ffdd46c0000 - 0x00007ffdd4748000 	D:\Code\Java\Projects\WireEngine20\lib\native\lwjgl.dll
0x00007ffde0a80000 - 0x00007ffde0a8b000 	C:\WINDOWS\SYSTEM32\CRYPTBASE.DLL
0x00007ffdd45d0000 - 0x00007ffdd4612000 	D:\Code\Java\Projects\WireEngine20\lib\native\jemalloc.dll
0x00007ffdd4590000 - 0x00007ffdd45c8000 	D:\Code\Java\Projects\WireEngine20\lib\native\glfw.dll
0x00007ffddf850000 - 0x00007ffddf8e6000 	C:\WINDOWS\system32\uxtheme.dll
0x00007ffdde650000 - 0x00007ffdde672000 	C:\WINDOWS\SYSTEM32\dwmapi.dll
0x00007ffdc9d10000 - 0x00007ffdc9e39000 	C:\WINDOWS\SYSTEM32\opengl32.dll
0x00007ffdcc690000 - 0x00007ffdcc6be000 	C:\WINDOWS\SYSTEM32\GLU32.dll
0x00007ffdc8ba0000 - 0x00007ffdc8c9a000 	C:\WINDOWS\SYSTEM32\DDRAW.dll
0x00007ffdd3d80000 - 0x00007ffdd3d88000 	C:\WINDOWS\SYSTEM32\DCIMAN32.dll
0x00007ffde3e80000 - 0x00007ffde3fda000 	C:\WINDOWS\system32\MSCTF.dll
0x00007ffdc3f50000 - 0x00007ffdc3f99000 	C:\Program Files (x86)\TeamViewer\tv_x64.dll
0x00007ffde4140000 - 0x00007ffde4283000 	C:\WINDOWS\system32\ole32.dll
0x000000006e5f0000 - 0x0000000070339000 	C:\WINDOWS\SYSTEM32\nvoglv64.DLL
0x00007ffde4550000 - 0x00007ffde4979000 	C:\WINDOWS\system32\SETUPAPI.dll
0x00007ffddf2f0000 - 0x00007ffddf303000 	C:\WINDOWS\SYSTEM32\WTSAPI32.dll
0x00007ffddf9a0000 - 0x00007ffddf9c7000 	C:\WINDOWS\SYSTEM32\DEVOBJ.dll
0x00007ffde1170000 - 0x00007ffde11c5000 	C:\WINDOWS\system32\WINTRUST.dll
0x00007ffde0fa0000 - 0x00007ffde0fb0000 	C:\WINDOWS\system32\MSASN1.dll
0x00007ffde1820000 - 0x00007ffde19e7000 	C:\WINDOWS\system32\CRYPT32.dll
0x00007ffde04d0000 - 0x00007ffde0501000 	C:\WINDOWS\SYSTEM32\ntmarta.dll
0x00007ffde0220000 - 0x00007ffde0276000 	C:\WINDOWS\SYSTEM32\WINSTA.dll
0x00007ffde38a0000 - 0x00007ffde3947000 	C:\WINDOWS\system32\clbcatq.dll
0x00007ffdb9de0000 - 0x00007ffdb9f6c000 	C:\WINDOWS\SYSTEM32\dbghelp.dll

VM Arguments:
jvm_args: -agentlib:jdwp=transport=dt_socket,address=127.0.0.1:62499,suspend=y,server=n -Djava.library.path=lib/native/ -Dfile.encoding=UTF-8 
java_command: main.Main
java_class_path (initial): C:\Program Files\Java\jdk1.8.0_65\jre\lib\charsets.jar;C:\Program Files\Java\jdk1.8.0_65\jre\lib\deploy.jar;C:\Program Files\Java\jdk1.8.0_65\jre\lib\ext\access-bridge-64.jar;C:\Program Files\Java\jdk1.8.0_65\jre\lib\ext\cldrdata.jar;C:\Program Files\Java\jdk1.8.0_65\jre\lib\ext\dnsns.jar;C:\Program Files\Java\jdk1.8.0_65\jre\lib\ext\jaccess.jar;C:\Program Files\Java\jdk1.8.0_65\jre\lib\ext\jfxrt.jar;C:\Program Files\Java\jdk1.8.0_65\jre\lib\ext\localedata.jar;C:\Program Files\Java\jdk1.8.0_65\jre\lib\ext\nashorn.jar;C:\Program Files\Java\jdk1.8.0_65\jre\lib\ext\sunec.jar;C:\Program Files\Java\jdk1.8.0_65\jre\lib\ext\sunjce_provider.jar;C:\Program Files\Java\jdk1.8.0_65\jre\lib\ext\sunmscapi.jar;C:\Program Files\Java\jdk1.8.0_65\jre\lib\ext\sunpkcs11.jar;C:\Program Files\Java\jdk1.8.0_65\jre\lib\ext\zipfs.jar;C:\Program Files\Java\jdk1.8.0_65\jre\lib\javaws.jar;C:\Program Files\Java\jdk1.8.0_65\jre\lib\jce.jar;C:\Program Files\Java\jdk1.8.0_65\jre\lib\jfr.jar;C:\Program Files\Java\jdk1.8.0_65\jre\lib\jfxswt.jar;C:\Program Files\Java\jdk1.8.0_65\jre\lib\jsse.jar;C:\Program Files\Java\jdk1.8.0_65\jre\lib\management-agent.jar;C:\Program Files\Java\jdk1.8.0_65\jre\lib\plugin.jar;C:\Program Files\Java\jdk1.8.0_65\jre\lib\resources.jar;C:\Program Files\Java\jdk1.8.0_65\jre\lib\rt.jar;D:\Code\Java\Projects\WireEngine20\out\production\WireEngine20;D:\Code\Java\Projects\WireEngine20\lib\jar\lwjgl.jar;D:\Program Files (x86)\JetBrains\IntelliJ IDEA 2016.1\lib\idea_rt.jar
Launcher Type: SUN_STANDARD

Environment Variables:
JAVA_HOME=C:\Program Files\Java\jdk1.8.0_65
PATH=C:\ProgramData\Oracle\Java\javapath;C:\Program Files (x86)\Razer Chroma SDK\bin;C:\Program Files\Razer Chroma SDK\bin;C:\Program Files (x86)\NVIDIA Corporation\PhysX\Common;C:\Program Files (x86)\Intel\iCLS Client\;C:\Program Files\Intel\iCLS Client\;C:\Windows\system32;C:\Windows;C:\Windows\System32\Wbem;C:\Windows\System32\WindowsPowerShell\v1.0\;C:\Program Files\Intel\Intel(R) Management Engine Components\DAL;C:\Program Files (x86)\Intel\Intel(R) Management Engine Components\DAL;C:\Program Files\Intel\Intel(R) Management Engine Components\IPT;C:\Program Files (x86)\Intel\Intel(R) Management Engine Components\IPT;C:\Program Files\Java\jre1.8.0_65\bin;C:\MinGW\bin;C:\WINDOWS\system32;C:\WINDOWS;C:\WINDOWS\System32\Wbem;C:\WINDOWS\System32\WindowsPowerShell\v1.0\;D:\Program Files (x86)\CMake\bin;D:\Program Files\Programs\Python\Python35-32;D:\Program Files\Programs\Python\Python35-32\Scripts;C:\Program Files (x86)\Skype\Phone\;D:\Program Files\Programs\Python\Python35-32\Scripts\;D:\Program Files\Programs\Python\Python35-32\
USERNAME=Kelan
OS=Windows_NT
PROCESSOR_IDENTIFIER=Intel64 Family 6 Model 60 Stepping 3, GenuineIntel



---------------  S Y S T E M  ---------------

OS: Windows 10.0 , 64 bit Build 10586 (10.0.10586.0)

CPU:total 8 (4 cores per cpu, 2 threads per core) family 6 model 60 stepping 3, cmov, cx8, fxsr, mmx, sse, sse2, sse3, ssse3, sse4.1, sse4.2, popcnt, avx, avx2, aes, clmul, erms, lzcnt, ht, tsc, tscinvbit, bmi1, bmi2

Memory: 4k page, physical 16609500k(4876852k free), swap 33386716k(18869708k free)

vm_info: Java HotSpot(TM) 64-Bit Server VM (25.65-b01) for windows-amd64 JRE (1.8.0_65-b17), built on Oct  6 2015 16:39:20 by "java_re" with MS VC++ 10.0 (VS2010)

time: Sat Apr 09 18:55:02 2016
elapsed time: 1 seconds (0d 0h 0m 1s)

