#
# A fatal error has been detected by the Java Runtime Environment:
#
#  EXCEPTION_ACCESS_VIOLATION (0xc0000005) at pc=0x00007ffb31d024b9, pid=7760, tid=3808
#
# JRE version: Java(TM) SE Runtime Environment (8.0_65-b17) (build 1.8.0_65-b17)
# Java VM: Java HotSpot(TM) 64-Bit Server VM (25.65-b01 mixed mode windows-amd64 compressed oops)
# Problematic frame:
# C  [glfw.dll+0x24b9]
#
# Failed to write core dump. Minidumps are not enabled by default on client versions of Windows
#
# If you would like to submit a bug report, please visit:
#   http://bugreport.java.com/bugreport/crash.jsp
# The crash happened outside the Java Virtual Machine in native code.
# See problematic frame for where to report the bug.
#

---------------  T H R E A D  ---------------

Current thread (0x000000001e278000):  JavaThread "CLIENT" [_thread_in_native, id=3808, stack(0x000000001ef80000,0x000000001f080000)]

siginfo: ExceptionCode=0xc0000005, reading address 0x0000000000000000

Registers:
RAX=0x0000000000000000, RBX=0x000000001ba43030, RCX=0x0000000000000000, RDX=0x0000000000000000
RSP=0x000000001f07ef40, RBP=0x000000001f07efd0, RSI=0x0000000000000108, RDI=0x00000000005cc750
R8 =0x000000001f07ef38, R9 =0x000000001f07efd0, R10=0x0000000000000000, R11=0x0000000000000246
R12=0x0000000000000000, R13=0x000000001f07efe8, R14=0x000000001f07efc0, R15=0x000000001e278000
RIP=0x00007ffb31d024b9, EFLAGS=0x0000000000010283

Top of Stack: (sp=0x000000001f07ef40)
0x000000001f07ef40:   0000000000000000 0000000000000108
0x000000001f07ef50:   000000001b9e7c10 000000001bfc1a00
0x000000001f07ef60:   000000000000481a 0000000002a8da0a
0x000000001f07ef70:   000000001ba43030 000000006c6caea4
0x000000001f07ef80:   000000001e278000 000000001e278000
0x000000001f07ef90:   000000001e278000 0000000000000000
0x000000001f07efa0:   000000001e1e27a0 000000006c655eba
0x000000001f07efb0:   000000001f07f6c8 000000001f07f048
0x000000001f07efc0:   00000006c28062e0 0000000000004819
0x000000001f07efd0:   000000001f07f048 0000000002627d8d
0x000000001f07efe0:   0000000002627d8d 00000000005cc750
0x000000001f07eff0:   00000000026278a0 00007ffb31d02420
0x000000001f07f000:   0000000000000001 000000001f07f008
0x000000001f07f010:   000000001ba5f0bc 000000001f07f070
0x000000001f07f020:   000000001ba610a0 0000000000000000
0x000000001f07f030:   000000001ba5f0e8 000000001f07efe8 

Instructions: (pc=0x00007ffb31d024b9)
0x00007ffb31d02499:   48 8b cf e8 1f 3a 00 00 48 39 3d f0 d5 02 00 48
0x00007ffb31d024a9:   8d 0d e9 d5 02 00 48 8b 5c 24 30 74 08 48 8b 09
0x00007ffb31d024b9:   48 39 39 75 f8 48 8b 07 48 89 01 48 8b cf 48 83
0x00007ffb31d024c9:   c4 20 5f e9 5b fe 00 00 48 83 c4 20 5f c3 cc cc 


Register to memory mapping:

RAX=0x0000000000000000 is an unknown value
RBX={method} {0x000000001ba43038} 'invokePV' '(JJ)V' in 'org/lwjgl/system/JNI'
RCX=0x0000000000000000 is an unknown value
RDX=0x0000000000000000 is an unknown value
RSP=0x000000001f07ef40 is pointing into the stack for thread: 0x000000001e278000
RBP=0x000000001f07efd0 is pointing into the stack for thread: 0x000000001e278000
RSI=0x0000000000000108 is an unknown value
RDI=0x00000000005cc750 is an unknown value
R8 =0x000000001f07ef38 is pointing into the stack for thread: 0x000000001e278000
R9 =0x000000001f07efd0 is pointing into the stack for thread: 0x000000001e278000
R10=0x0000000000000000 is an unknown value
R11=0x0000000000000246 is an unknown value
R12=0x0000000000000000 is an unknown value
R13=0x000000001f07efe8 is pointing into the stack for thread: 0x000000001e278000
R14=0x000000001f07efc0 is pointing into the stack for thread: 0x000000001e278000
R15=0x000000001e278000 is a thread


Stack: [0x000000001ef80000,0x000000001f080000],  sp=0x000000001f07ef40,  free space=1019k
Native frames: (J=compiled Java code, j=interpreted, Vv=VM code, C=native code)
C  [glfw.dll+0x24b9]
C  0x0000000002a8da0a

Java frames: (J=compiled Java code, j=interpreted, Vv=VM code)
J 818  org.lwjgl.system.JNI.invokePV(JJ)V (0 bytes) @ 0x0000000002a8d984 [0x0000000002a8d940+0x44]
j  org.lwjgl.glfw.GLFW.glfwDestroyCursor(J)V+20
j  main.client.Window.destroyWindow()V+9
j  main.coreEngine.Engine.stop()V+70
J 859 C1 main.client.Window.update()V (37 bytes) @ 0x0000000002aaa92c [0x0000000002aaa480+0x4ac]
J 836 C1 main.client.renderEngine.RenderEngine.render()V (60 bytes) @ 0x0000000002aa601c [0x0000000002aa4ee0+0x113c]
J 870% C2 main.coreEngine.TickableThread.run()V (500 bytes) @ 0x0000000002acb7e8 [0x0000000002acb6c0+0x128]
v  ~StubRoutines::call_stub

---------------  P R O C E S S  ---------------

Java Threads: ( => current thread )
  0x000000001e27a000 JavaThread "SERVER" [_thread_in_Java, id=11648, stack(0x000000001f080000,0x000000001f180000)]
=>0x000000001e278000 JavaThread "CLIENT" [_thread_in_native, id=3808, stack(0x000000001ef80000,0x000000001f080000)]
  0x000000001e0fa000 JavaThread "Service Thread" daemon [_thread_blocked, id=1860, stack(0x000000001ed80000,0x000000001ee80000)]
  0x000000001e0e3000 JavaThread "C1 CompilerThread3" daemon [_thread_blocked, id=5976, stack(0x000000001ec80000,0x000000001ed80000)]
  0x000000001e0da000 JavaThread "C2 CompilerThread2" daemon [_thread_blocked, id=1364, stack(0x000000001eb80000,0x000000001ec80000)]
  0x000000001e0d9000 JavaThread "C2 CompilerThread1" daemon [_thread_blocked, id=8008, stack(0x000000001ea80000,0x000000001eb80000)]
  0x000000001e0de000 JavaThread "C2 CompilerThread0" daemon [_thread_blocked, id=2284, stack(0x000000001e980000,0x000000001ea80000)]
  0x000000001e0c4000 JavaThread "JDWP Command Reader" daemon [_thread_in_native, id=12248, stack(0x000000001e880000,0x000000001e980000)]
  0x000000001e0c1000 JavaThread "JDWP Event Helper Thread" daemon [_thread_blocked, id=5328, stack(0x000000001e780000,0x000000001e880000)]
  0x000000001e0b3000 JavaThread "JDWP Transport Listener: dt_socket" daemon [_thread_blocked, id=3496, stack(0x000000001e680000,0x000000001e780000)]
  0x000000001e0a7800 JavaThread "Attach Listener" daemon [_thread_blocked, id=8896, stack(0x000000001e580000,0x000000001e680000)]
  0x000000001e0a6000 JavaThread "Signal Dispatcher" daemon [_thread_blocked, id=4028, stack(0x000000001e480000,0x000000001e580000)]
  0x000000000254a000 JavaThread "Finalizer" daemon [_thread_blocked, id=5344, stack(0x000000001dea0000,0x000000001dfa0000)]
  0x0000000002543800 JavaThread "Reference Handler" daemon [_thread_blocked, id=5944, stack(0x000000001dda0000,0x000000001dea0000)]
  0x000000000261e000 JavaThread "main" [_thread_in_Java, id=8952, stack(0x0000000002320000,0x0000000002420000)]

Other Threads:
  0x000000001bfb9800 VMThread [stack: 0x000000001dca0000,0x000000001dda0000] [id=8696]
  0x000000001e19e000 WatcherThread [stack: 0x000000001ee80000,0x000000001ef80000] [id=12448]

VM state:not at safepoint (normal execution)

VM Mutex/Monitor currently owned by a thread: None

Heap:
 PSYoungGen      total 77824K, used 58030K [0x000000076b800000, 0x00000007a9800000, 0x00000007c0000000)
  eden space 77312K, 74% used [0x000000076b800000,0x000000076f083b30,0x0000000770380000)
  from space 512K, 31% used [0x00000007a9780000,0x00000007a97a8000,0x00000007a9800000)
  to   space 512K, 0% used [0x00000007a9700000,0x00000007a9700000,0x00000007a9780000)
 ParOldGen       total 173568K, used 18387K [0x00000006c2800000, 0x00000006cd180000, 0x000000076b800000)
  object space 173568K, 10% used [0x00000006c2800000,0x00000006c39f4f50,0x00000006cd180000)
 Metaspace       used 8401K, capacity 8774K, committed 8960K, reserved 1056768K
  class space    used 662K, capacity 690K, committed 768K, reserved 1048576K

Card table byte_map: [0x00000000119e0000,0x00000000121d0000] byte_map_base: 0x000000000e3cc000

Marking Bits: (ParMarkBitMap*) 0x000000006cdaa5b0
 Begin Bits: [0x0000000012f20000, 0x0000000016e80000)
 End Bits:   [0x0000000016e80000, 0x000000001ade0000)

Polling page: 0x0000000000560000

CodeCache: size=245760Kb used=4790Kb max_used=4808Kb free=240969Kb
 bounds [0x0000000002620000, 0x0000000002ae0000, 0x0000000011620000]
 total_blobs=1515 nmethods=857 adapters=579
 compilation: enabled

Compilation events (10 events):
Event: 31.341 Thread 0x000000001e0de000 nmethod 880 0x0000000002738cd0 code [0x0000000002738e20, 0x0000000002739048]
Event: 31.344 Thread 0x000000001e0da000 nmethod 881 0x0000000002766e10 code [0x0000000002767000, 0x0000000002767588]
Event: 32.040 Thread 0x000000001e0d9000  882       4       main.client.renderEngine.mesh.Mesh::draw (102 bytes)
Event: 32.057 Thread 0x000000001e0e3000  883   !   3       sun.misc.URLClassPath$FileLoader::getResource (164 bytes)
Event: 32.057 Thread 0x000000001e0de000  885       4       main.client.renderEngine.RenderEngine::send (24 bytes)
Event: 32.059 Thread 0x000000001e0e3000 nmethod 883 0x0000000002abd250 code [0x0000000002abd580, 0x0000000002abee48]
Event: 32.059 Thread 0x000000001e0e3000  884       3       java.net.URLClassLoader::getAndVerifyPackage (109 bytes)
Event: 32.060 Thread 0x000000001e0e3000 nmethod 884 0x0000000002ac8d90 code [0x0000000002ac9080, 0x0000000002aca768]
Event: 32.062 Thread 0x000000001e0d9000 nmethod 882 0x0000000002ad43d0 code [0x0000000002ad47e0, 0x0000000002ad6e08]
Event: 32.062 Thread 0x000000001e0de000 nmethod 885 0x0000000002753cd0 code [0x0000000002753e40, 0x00000000027544b8]

GC Heap History (10 events):
Event: 43.638 GC heap before
{Heap before GC invocations=510 (full 0):
 PSYoungGen      total 47104K, used 46784K [0x000000076b800000, 0x00000007a9800000, 0x00000007c0000000)
  eden space 46592K, 100% used [0x000000076b800000,0x000000076e580000,0x000000076e580000)
  from space 512K, 37% used [0x00000007a9700000,0x00000007a9730000,0x00000007a9780000)
  to   space 512K, 0% used [0x00000007a9780000,0x00000007a9780000,0x00000007a9800000)
 ParOldGen       total 173568K, used 18387K [0x00000006c2800000, 0x00000006cd180000, 0x000000076b800000)
  object space 173568K, 10% used [0x00000006c2800000,0x00000006c39f4f50,0x00000006cd180000)
 Metaspace       used 8401K, capacity 8774K, committed 8960K, reserved 1056768K
  class space    used 662K, capacity 690K, committed 768K, reserved 1048576K
Event: 43.639 GC heap after
Heap after GC invocations=510 (full 0):
 PSYoungGen      total 56832K, used 224K [0x000000076b800000, 0x00000007a9800000, 0x00000007c0000000)
  eden space 56320K, 0% used [0x000000076b800000,0x000000076b800000,0x000000076ef00000)
  from space 512K, 43% used [0x00000007a9780000,0x00000007a97b8000,0x00000007a9800000)
  to   space 512K, 0% used [0x00000007a9700000,0x00000007a9700000,0x00000007a9780000)
 ParOldGen       total 173568K, used 18387K [0x00000006c2800000, 0x00000006cd180000, 0x000000076b800000)
  object space 173568K, 10% used [0x00000006c2800000,0x00000006c39f4f50,0x00000006cd180000)
 Metaspace       used 8401K, capacity 8774K, committed 8960K, reserved 1056768K
  class space    used 662K, capacity 690K, committed 768K, reserved 1048576K
}
Event: 43.696 GC heap before
{Heap before GC invocations=511 (full 0):
 PSYoungGen      total 56832K, used 56544K [0x000000076b800000, 0x00000007a9800000, 0x00000007c0000000)
  eden space 56320K, 100% used [0x000000076b800000,0x000000076ef00000,0x000000076ef00000)
  from space 512K, 43% used [0x00000007a9780000,0x00000007a97b8000,0x00000007a9800000)
  to   space 512K, 0% used [0x00000007a9700000,0x00000007a9700000,0x00000007a9780000)
 ParOldGen       total 173568K, used 18387K [0x00000006c2800000, 0x00000006cd180000, 0x000000076b800000)
  object space 173568K, 10% used [0x00000006c2800000,0x00000006c39f4f50,0x00000006cd180000)
 Metaspace       used 8401K, capacity 8774K, committed 8960K, reserved 1056768K
  class space    used 662K, capacity 690K, committed 768K, reserved 1048576K
Event: 43.697 GC heap after
Heap after GC invocations=511 (full 0):
 PSYoungGen      total 68096K, used 224K [0x000000076b800000, 0x00000007a9800000, 0x00000007c0000000)
  eden space 67584K, 0% used [0x000000076b800000,0x000000076b800000,0x000000076fa00000)
  from space 512K, 43% used [0x00000007a9700000,0x00000007a9738000,0x00000007a9780000)
  to   space 512K, 0% used [0x00000007a9780000,0x00000007a9780000,0x00000007a9800000)
 ParOldGen       total 173568K, used 18387K [0x00000006c2800000, 0x00000006cd180000, 0x000000076b800000)
  object space 173568K, 10% used [0x00000006c2800000,0x00000006c39f4f50,0x00000006cd180000)
 Metaspace       used 8401K, capacity 8774K, committed 8960K, reserved 1056768K
  class space    used 662K, capacity 690K, committed 768K, reserved 1048576K
}
Event: 43.761 GC heap before
{Heap before GC invocations=512 (full 0):
 PSYoungGen      total 68096K, used 67808K [0x000000076b800000, 0x00000007a9800000, 0x00000007c0000000)
  eden space 67584K, 100% used [0x000000076b800000,0x000000076fa00000,0x000000076fa00000)
  from space 512K, 43% used [0x00000007a9700000,0x00000007a9738000,0x00000007a9780000)
  to   space 512K, 0% used [0x00000007a9780000,0x00000007a9780000,0x00000007a9800000)
 ParOldGen       total 173568K, used 18387K [0x00000006c2800000, 0x00000006cd180000, 0x000000076b800000)
  object space 173568K, 10% used [0x00000006c2800000,0x00000006c39f4f50,0x00000006cd180000)
 Metaspace       used 8401K, capacity 8774K, committed 8960K, reserved 1056768K
  class space    used 662K, capacity 690K, committed 768K, reserved 1048576K
Event: 43.761 GC heap after
Heap after GC invocations=512 (full 0):
 PSYoungGen      total 81920K, used 224K [0x000000076b800000, 0x00000007a9800000, 0x00000007c0000000)
  eden space 81408K, 0% used [0x000000076b800000,0x000000076b800000,0x0000000770780000)
  from space 512K, 43% used [0x00000007a9780000,0x00000007a97b8000,0x00000007a9800000)
  to   space 512K, 0% used [0x00000007a9700000,0x00000007a9700000,0x00000007a9780000)
 ParOldGen       total 173568K, used 18387K [0x00000006c2800000, 0x00000006cd180000, 0x000000076b800000)
  object space 173568K, 10% used [0x00000006c2800000,0x00000006c39f4f50,0x00000006cd180000)
 Metaspace       used 8401K, capacity 8774K, committed 8960K, reserved 1056768K
  class space    used 662K, capacity 690K, committed 768K, reserved 1048576K
}
Event: 43.859 GC heap before
{Heap before GC invocations=513 (full 0):
 PSYoungGen      total 81920K, used 81632K [0x000000076b800000, 0x00000007a9800000, 0x00000007c0000000)
  eden space 81408K, 100% used [0x000000076b800000,0x0000000770780000,0x0000000770780000)
  from space 512K, 43% used [0x00000007a9780000,0x00000007a97b8000,0x00000007a9800000)
  to   space 512K, 0% used [0x00000007a9700000,0x00000007a9700000,0x00000007a9780000)
 ParOldGen       total 173568K, used 18387K [0x00000006c2800000, 0x00000006cd180000, 0x000000076b800000)
  object space 173568K, 10% used [0x00000006c2800000,0x00000006c39f4f50,0x00000006cd180000)
 Metaspace       used 8401K, capacity 8774K, committed 8960K, reserved 1056768K
  class space    used 662K, capacity 690K, committed 768K, reserved 1048576K
Event: 43.859 GC heap after
Heap after GC invocations=513 (full 0):
 PSYoungGen      total 79872K, used 192K [0x000000076b800000, 0x00000007a9800000, 0x00000007c0000000)
  eden space 79360K, 0% used [0x000000076b800000,0x000000076b800000,0x0000000770580000)
  from space 512K, 37% used [0x00000007a9700000,0x00000007a9730000,0x00000007a9780000)
  to   space 512K, 0% used [0x00000007a9780000,0x00000007a9780000,0x00000007a9800000)
 ParOldGen       total 173568K, used 18387K [0x00000006c2800000, 0x00000006cd180000, 0x000000076b800000)
  object space 173568K, 10% used [0x00000006c2800000,0x00000006c39f4f50,0x00000006cd180000)
 Metaspace       used 8401K, capacity 8774K, committed 8960K, reserved 1056768K
  class space    used 662K, capacity 690K, committed 768K, reserved 1048576K
}
Event: 43.937 GC heap before
{Heap before GC invocations=514 (full 0):
 PSYoungGen      total 79872K, used 79552K [0x000000076b800000, 0x00000007a9800000, 0x00000007c0000000)
  eden space 79360K, 100% used [0x000000076b800000,0x0000000770580000,0x0000000770580000)
  from space 512K, 37% used [0x00000007a9700000,0x00000007a9730000,0x00000007a9780000)
  to   space 512K, 0% used [0x00000007a9780000,0x00000007a9780000,0x00000007a9800000)
 ParOldGen       total 173568K, used 18387K [0x00000006c2800000, 0x00000006cd180000, 0x000000076b800000)
  object space 173568K, 10% used [0x00000006c2800000,0x00000006c39f4f50,0x00000006cd180000)
 Metaspace       used 8401K, capacity 8774K, committed 8960K, reserved 1056768K
  class space    used 662K, capacity 690K, committed 768K, reserved 1048576K
Event: 43.937 GC heap after
Heap after GC invocations=514 (full 0):
 PSYoungGen      total 77824K, used 160K [0x000000076b800000, 0x00000007a9800000, 0x00000007c0000000)
  eden space 77312K, 0% used [0x000000076b800000,0x000000076b800000,0x0000000770380000)
  from space 512K, 31% used [0x00000007a9780000,0x00000007a97a8000,0x00000007a9800000)
  to   space 512K, 0% used [0x00000007a9700000,0x00000007a9700000,0x00000007a9780000)
 ParOldGen       total 173568K, used 18387K [0x00000006c2800000, 0x00000006cd180000, 0x000000076b800000)
  object space 173568K, 10% used [0x00000006c2800000,0x00000006c39f4f50,0x00000006cd180000)
 Metaspace       used 8401K, capacity 8774K, committed 8960K, reserved 1056768K
  class space    used 662K, capacity 690K, committed 768K, reserved 1048576K
}

Deoptimization events (10 events):
Event: 1.323 Thread 0x000000001e278000 Uncommon trap: reason=class_check action=maybe_recompile pc=0x00000000028e3e84 method=sun.misc.FloatingDecimal.parseFloat(Ljava/lang/String;)F @ 4
Event: 1.323 Thread 0x000000001e278000 Uncommon trap: reason=class_check action=maybe_recompile pc=0x00000000028e3e84 method=sun.misc.FloatingDecimal.parseFloat(Ljava/lang/String;)F @ 4
Event: 1.323 Thread 0x000000001e278000 Uncommon trap: reason=class_check action=maybe_recompile pc=0x00000000028e3e84 method=sun.misc.FloatingDecimal.parseFloat(Ljava/lang/String;)F @ 4
Event: 1.323 Thread 0x000000001e278000 Uncommon trap: reason=class_check action=maybe_recompile pc=0x00000000028e3e84 method=sun.misc.FloatingDecimal.parseFloat(Ljava/lang/String;)F @ 4
Event: 1.323 Thread 0x000000001e278000 Uncommon trap: reason=unstable_if action=reinterpret pc=0x0000000002947764 method=main.client.renderEngine.mesh.MeshBuilder.processFace(Ljava/lang/String;Lmain/client/renderEngine/mesh/MeshBuilder;)Z @ 114
Event: 1.325 Thread 0x000000001e278000 Uncommon trap: reason=bimorphic action=maybe_recompile pc=0x0000000002774400 method=java.util.HashMap.getNode(ILjava/lang/Object;)Ljava/util/HashMap$Node; @ 126
Event: 1.394 Thread 0x000000001e278000 Uncommon trap: reason=unstable_if action=reinterpret pc=0x0000000002903ee4 method=main.coreEngine.TickableThread.run()V @ 461
Event: 1.402 Thread 0x000000001e27a000 Uncommon trap: reason=unstable_if action=reinterpret pc=0x0000000002903ee4 method=main.coreEngine.TickableThread.run()V @ 461
Event: 1.402 Thread 0x000000001e278000 Uncommon trap: reason=unstable_if action=reinterpret pc=0x000000000294cbf0 method=java.lang.Integer.valueOf(I)Ljava/lang/Integer; @ 10
Event: 1.410 Thread 0x000000000261e000 Uncommon trap: reason=unstable_if action=reinterpret pc=0x0000000002a11b24 method=main.coreEngine.Engine.start()V @ 163

Internal exceptions (7 events):
Event: 0.029 Thread 0x000000000261e000 Exception <a 'java/lang/NoSuchMethodError': Method sun.misc.Unsafe.defineClass(Ljava/lang/String;[BII)Ljava/lang/Class; name or signature does not match> (0x000000076b80d890) thrown at [C:\workspace\8-2-build-windows-amd64-cygwin\jdk8u65\4987\hotspot\src\s◊=ãÑPù?
Event: 0.029 Thread 0x000000000261e000 Exception <a 'java/lang/NoSuchMethodError': Method sun.misc.Unsafe.prefetchRead(Ljava/lang/Object;J)V name or signature does not match> (0x000000076b80db78) thrown at [C:\workspace\8-2-build-windows-amd64-cygwin\jdk8u65\4987\hotspot\src\share\vm\prims\jni.®ö§≠˚◊?
Event: 0.375 Thread 0x000000001e278000 Exception <a 'java/security/PrivilegedActionException'> (0x000000076d8c3ca8) thrown at [C:\workspace\8-2-build-windows-amd64-cygwin\jdk8u65\4987\hotspot\src\share\vm\prims\jvm.cpp, line 1386]
Event: 0.375 Thread 0x000000001e278000 Exception <a 'java/security/PrivilegedActionException'> (0x000000076d8c40a0) thrown at [C:\workspace\8-2-build-windows-amd64-cygwin\jdk8u65\4987\hotspot\src\share\vm\prims\jvm.cpp, line 1386]
Event: 0.375 Thread 0x000000001e278000 Exception <a 'java/security/PrivilegedActionException'> (0x000000076d8c82b8) thrown at [C:\workspace\8-2-build-windows-amd64-cygwin\jdk8u65\4987\hotspot\src\share\vm\prims\jvm.cpp, line 1386]
Event: 0.375 Thread 0x000000001e278000 Exception <a 'java/security/PrivilegedActionException'> (0x000000076d8c86b0) thrown at [C:\workspace\8-2-build-windows-amd64-cygwin\jdk8u65\4987\hotspot\src\share\vm\prims\jvm.cpp, line 1386]
Event: 0.769 Thread 0x000000000261e000 Implicit null exception at 0x00000000027865fc to 0x0000000002786bc9

Events (10 events):
Event: 43.638 Executing VM operation: ParallelGCFailedAllocation
Event: 43.639 Executing VM operation: ParallelGCFailedAllocation done
Event: 43.696 Executing VM operation: ParallelGCFailedAllocation
Event: 43.697 Executing VM operation: ParallelGCFailedAllocation done
Event: 43.761 Executing VM operation: ParallelGCFailedAllocation
Event: 43.761 Executing VM operation: ParallelGCFailedAllocation done
Event: 43.858 Executing VM operation: ParallelGCFailedAllocation
Event: 43.859 Executing VM operation: ParallelGCFailedAllocation done
Event: 43.937 Executing VM operation: ParallelGCFailedAllocation
Event: 43.937 Executing VM operation: ParallelGCFailedAllocation done


Dynamic libraries:
0x00007ff603aa0000 - 0x00007ff603ad7000 	C:\Program Files\Java\jdk1.8.0_65\bin\java.exe
0x00007ffb48720000 - 0x00007ffb488e1000 	C:\WINDOWS\SYSTEM32\ntdll.dll
0x00007ffb48170000 - 0x00007ffb4821d000 	C:\WINDOWS\system32\KERNEL32.DLL
0x00007ffb45560000 - 0x00007ffb45748000 	C:\WINDOWS\system32\KERNELBASE.dll
0x00007ffb47a50000 - 0x00007ffb47af7000 	C:\WINDOWS\system32\ADVAPI32.dll
0x00007ffb480d0000 - 0x00007ffb4816d000 	C:\WINDOWS\system32\msvcrt.dll
0x00007ffb47b00000 - 0x00007ffb47b5b000 	C:\WINDOWS\system32\sechost.dll
0x00007ffb47700000 - 0x00007ffb4781c000 	C:\WINDOWS\system32\RPCRT4.dll
0x00007ffb485c0000 - 0x00007ffb48716000 	C:\WINDOWS\system32\USER32.dll
0x00007ffb48220000 - 0x00007ffb483a6000 	C:\WINDOWS\system32\GDI32.dll
0x00007ffb41530000 - 0x00007ffb417a4000 	C:\WINDOWS\WinSxS\amd64_microsoft.windows.common-controls_6595b64144ccf1df_6.0.10586.0_none_8c15ae12515e1c22\COMCTL32.dll
0x00007ffb45b00000 - 0x00007ffb45d7d000 	C:\WINDOWS\system32\combase.dll
0x00007ffb45920000 - 0x00007ffb4598a000 	C:\WINDOWS\system32\bcryptPrimitives.dll
0x00007ffb45f90000 - 0x00007ffb45fcb000 	C:\WINDOWS\system32\IMM32.DLL
0x000000006ce30000 - 0x000000006cf02000 	C:\Program Files\Java\jdk1.8.0_65\jre\bin\msvcr100.dll
0x000000006c5a0000 - 0x000000006ce29000 	C:\Program Files\Java\jdk1.8.0_65\jre\bin\server\jvm.dll
0x00007ffb475a0000 - 0x00007ffb475a8000 	C:\WINDOWS\system32\PSAPI.DLL
0x00007ffb3c060000 - 0x00007ffb3c069000 	C:\WINDOWS\SYSTEM32\WSOCK32.dll
0x00007ffb42fa0000 - 0x00007ffb42fc3000 	C:\WINDOWS\SYSTEM32\WINMM.dll
0x00007ffb418d0000 - 0x00007ffb418da000 	C:\WINDOWS\SYSTEM32\VERSION.dll
0x00007ffb48420000 - 0x00007ffb4848b000 	C:\WINDOWS\system32\WS2_32.dll
0x00000000007d0000 - 0x00000000007fc000 	C:\WINDOWS\SYSTEM32\WINMMBASE.dll
0x00007ffb45ab0000 - 0x00007ffb45af3000 	C:\WINDOWS\system32\cfgmgr32.dll
0x000000006c590000 - 0x000000006c59f000 	C:\Program Files\Java\jdk1.8.0_65\jre\bin\verify.dll
0x000000006c560000 - 0x000000006c589000 	C:\Program Files\Java\jdk1.8.0_65\jre\bin\java.dll
0x000000006c520000 - 0x000000006c555000 	C:\Program Files\Java\jdk1.8.0_65\jre\bin\jdwp.dll
0x000000006c510000 - 0x000000006c518000 	C:\Program Files\Java\jdk1.8.0_65\jre\bin\npt.dll
0x000000006c4f0000 - 0x000000006c506000 	C:\Program Files\Java\jdk1.8.0_65\jre\bin\zip.dll
0x00007ffb45fd0000 - 0x00007ffb4752c000 	C:\WINDOWS\system32\SHELL32.dll
0x00007ffb44ef0000 - 0x00007ffb45535000 	C:\WINDOWS\system32\windows.storage.dll
0x00007ffb483c0000 - 0x00007ffb48412000 	C:\WINDOWS\system32\shlwapi.dll
0x00007ffb44da0000 - 0x00007ffb44daf000 	C:\WINDOWS\system32\kernel.appcore.dll
0x00007ffb459f0000 - 0x00007ffb45aa5000 	C:\WINDOWS\system32\shcore.dll
0x00007ffb44d50000 - 0x00007ffb44d9b000 	C:\WINDOWS\system32\powrprof.dll
0x00007ffb44d20000 - 0x00007ffb44d34000 	C:\WINDOWS\system32\profapi.dll
0x000000006c4e0000 - 0x000000006c4e9000 	C:\Program Files\Java\jdk1.8.0_65\jre\bin\dt_socket.dll
0x00007ffb44650000 - 0x00007ffb446ac000 	C:\WINDOWS\system32\mswsock.dll
0x00007ffb31d90000 - 0x00007ffb31e18000 	D:\Code\Java\Projects\WireEngine20\lib\native\lwjgl.dll
0x00007ffb44820000 - 0x00007ffb4482b000 	C:\WINDOWS\SYSTEM32\CRYPTBASE.DLL
0x00007ffb31d40000 - 0x00007ffb31d82000 	D:\Code\Java\Projects\WireEngine20\lib\native\jemalloc.dll
0x00007ffb31d00000 - 0x00007ffb31d38000 	D:\Code\Java\Projects\WireEngine20\lib\native\glfw.dll
0x00007ffb436a0000 - 0x00007ffb43736000 	C:\WINDOWS\system32\uxtheme.dll
0x00007ffb42950000 - 0x00007ffb42972000 	C:\WINDOWS\SYSTEM32\dwmapi.dll
0x00007ffb2da30000 - 0x00007ffb2db59000 	C:\WINDOWS\SYSTEM32\opengl32.dll
0x00007ffb3a050000 - 0x00007ffb3a07e000 	C:\WINDOWS\SYSTEM32\GLU32.dll
0x00007ffb2fd50000 - 0x00007ffb2fe4a000 	C:\WINDOWS\SYSTEM32\DDRAW.dll
0x00007ffb40230000 - 0x00007ffb40238000 	C:\WINDOWS\SYSTEM32\DCIMAN32.dll
0x00007ffb478f0000 - 0x00007ffb47a4a000 	C:\WINDOWS\system32\MSCTF.dll
0x00007ffb2cbb0000 - 0x00007ffb2cbf9000 	C:\Program Files (x86)\TeamViewer\tv_x64.dll
0x00007ffb475b0000 - 0x00007ffb476f3000 	C:\WINDOWS\system32\ole32.dll
0x000000006a790000 - 0x000000006c4d9000 	C:\WINDOWS\SYSTEM32\nvoglv64.DLL
0x00007ffb47c20000 - 0x00007ffb48049000 	C:\WINDOWS\system32\SETUPAPI.dll
0x00007ffb42d00000 - 0x00007ffb42d13000 	C:\WINDOWS\SYSTEM32\WTSAPI32.dll
0x00007ffb437f0000 - 0x00007ffb43817000 	C:\WINDOWS\SYSTEM32\DEVOBJ.dll
0x00007ffb45990000 - 0x00007ffb459e5000 	C:\WINDOWS\system32\WINTRUST.dll
0x00007ffb44d40000 - 0x00007ffb44d50000 	C:\WINDOWS\system32\MSASN1.dll
0x00007ffb45750000 - 0x00007ffb45917000 	C:\WINDOWS\system32\CRYPT32.dll
0x00007ffb44270000 - 0x00007ffb442a1000 	C:\WINDOWS\SYSTEM32\ntmarta.dll
0x00007ffb43fc0000 - 0x00007ffb44016000 	C:\WINDOWS\SYSTEM32\WINSTA.dll
0x00007ffb47b70000 - 0x00007ffb47c17000 	C:\WINDOWS\system32\clbcatq.dll
0x00007ffb3d0b0000 - 0x00007ffb3d0d5000 	C:\Program Files (x86)\Samsung\Easy Printer Manager\SmartScreenPrint\CDAKEYMonitor64.dll
0x00007ffb47820000 - 0x00007ffb478e1000 	C:\WINDOWS\system32\OLEAUT32.dll
0x00007ffb2ca20000 - 0x00007ffb2cbac000 	C:\WINDOWS\SYSTEM32\dbghelp.dll

VM Arguments:
jvm_args: -agentlib:jdwp=transport=dt_socket,address=127.0.0.1:62838,suspend=y,server=n -Djava.library.path=lib/native/ -Dfile.encoding=UTF-8 
java_command: main.Main
java_class_path (initial): C:\Program Files\Java\jdk1.8.0_65\jre\lib\charsets.jar;C:\Program Files\Java\jdk1.8.0_65\jre\lib\deploy.jar;C:\Program Files\Java\jdk1.8.0_65\jre\lib\ext\access-bridge-64.jar;C:\Program Files\Java\jdk1.8.0_65\jre\lib\ext\cldrdata.jar;C:\Program Files\Java\jdk1.8.0_65\jre\lib\ext\dnsns.jar;C:\Program Files\Java\jdk1.8.0_65\jre\lib\ext\jaccess.jar;C:\Program Files\Java\jdk1.8.0_65\jre\lib\ext\jfxrt.jar;C:\Program Files\Java\jdk1.8.0_65\jre\lib\ext\localedata.jar;C:\Program Files\Java\jdk1.8.0_65\jre\lib\ext\nashorn.jar;C:\Program Files\Java\jdk1.8.0_65\jre\lib\ext\sunec.jar;C:\Program Files\Java\jdk1.8.0_65\jre\lib\ext\sunjce_provider.jar;C:\Program Files\Java\jdk1.8.0_65\jre\lib\ext\sunmscapi.jar;C:\Program Files\Java\jdk1.8.0_65\jre\lib\ext\sunpkcs11.jar;C:\Program Files\Java\jdk1.8.0_65\jre\lib\ext\zipfs.jar;C:\Program Files\Java\jdk1.8.0_65\jre\lib\javaws.jar;C:\Program Files\Java\jdk1.8.0_65\jre\lib\jce.jar;C:\Program Files\Java\jdk1.8.0_65\jre\lib\jfr.jar;C:\Program Files\Java\jdk1.8.0_65\jre\lib\jfxswt.jar;C:\Program Files\Java\jdk1.8.0_65\jre\lib\jsse.jar;C:\Program Files\Java\jdk1.8.0_65\jre\lib\management-agent.jar;C:\Program Files\Java\jdk1.8.0_65\jre\lib\plugin.jar;C:\Program Files\Java\jdk1.8.0_65\jre\lib\resources.jar;C:\Program Files\Java\jdk1.8.0_65\jre\lib\rt.jar;D:\Code\Java\Projects\WireEngine20\out\production\WireEngine20;D:\Code\Java\Projects\WireEngine20\lib\jar\lwjgl.jar;D:\Code\Java\Projects\WireEngine20\lib\jar\slick-util.jar;D:\Program Files (x86)\JetBrains\IntelliJ IDEA 2016.1\lib\idea_rt.jar
Launcher Type: SUN_STANDARD

Environment Variables:
JAVA_HOME=C:\Program Files\Java\jdk1.8.0_65
PATH=C:\ProgramData\Oracle\Java\javapath;C:\Program Files (x86)\Razer Chroma SDK\bin;C:\Program Files\Razer Chroma SDK\bin;C:\Program Files (x86)\NVIDIA Corporation\PhysX\Common;C:\Program Files (x86)\Intel\iCLS Client\;C:\Program Files\Intel\iCLS Client\;C:\Windows\system32;C:\Windows;C:\Windows\System32\Wbem;C:\Windows\System32\WindowsPowerShell\v1.0\;C:\Program Files\Intel\Intel(R) Management Engine Components\DAL;C:\Program Files (x86)\Intel\Intel(R) Management Engine Components\DAL;C:\Program Files\Intel\Intel(R) Management Engine Components\IPT;C:\Program Files (x86)\Intel\Intel(R) Management Engine Components\IPT;C:\Program Files\Java\jre1.8.0_65\bin;C:\MinGW\bin;C:\WINDOWS\system32;C:\WINDOWS;C:\WINDOWS\System32\Wbem;C:\WINDOWS\System32\WindowsPowerShell\v1.0\;D:\Program Files (x86)\CMake\bin;D:\Program Files\Programs\Python\Python35-32;D:\Program Files\Programs\Python\Python35-32\Scripts;C:\Program Files (x86)\Skype\Phone\;D:\Program Files\Programs\Python\Python35-32\Scripts\;D:\Program Files\Programs\Python\Python35-32\
USERNAME=Kelan
OS=Windows_NT
PROCESSOR_IDENTIFIER=Intel64 Family 6 Model 60 Stepping 3, GenuineIntel



---------------  S Y S T E M  ---------------

OS: Windows 10.0 , 64 bit Build 10586 (10.0.10586.0)

CPU:total 8 (4 cores per cpu, 2 threads per core) family 6 model 60 stepping 3, cmov, cx8, fxsr, mmx, sse, sse2, sse3, ssse3, sse4.1, sse4.2, popcnt, avx, avx2, aes, clmul, erms, lzcnt, ht, tsc, tscinvbit, bmi1, bmi2

Memory: 4k page, physical 16609500k(8616844k free), swap 33386716k(22281808k free)

vm_info: Java HotSpot(TM) 64-Bit Server VM (25.65-b01) for windows-amd64 JRE (1.8.0_65-b17), built on Oct  6 2015 16:39:20 by "java_re" with MS VC++ 10.0 (VS2010)

time: Tue Apr 19 14:45:39 2016
elapsed time: 44 seconds (0d 0h 0m 44s)

