#
# A fatal error has been detected by the Java Runtime Environment:
#
#  EXCEPTION_ACCESS_VIOLATION (0xc0000005) at pc=0x00007ffb3fbb24b9, pid=10936, tid=1860
#
# JRE version: Java(TM) SE Runtime Environment (8.0_65-b17) (build 1.8.0_65-b17)
# Java VM: Java HotSpot(TM) 64-Bit Server VM (25.65-b01 mixed mode windows-amd64 compressed oops)
# Problematic frame:
# C  [glfw.dll+0x24b9]
#
# Failed to write core dump. Minidumps are not enabled by default on client versions of Windows
#
# If you would like to submit a bug report, please visit:
#   http://bugreport.java.com/bugreport/crash.jsp
# The crash happened outside the Java Virtual Machine in native code.
# See problematic frame for where to report the bug.
#

---------------  T H R E A D  ---------------

Current thread (0x000000001e28a800):  JavaThread "CLIENT" [_thread_in_native, id=1860, stack(0x000000001ef90000,0x000000001f090000)]

siginfo: ExceptionCode=0xc0000005, reading address 0x0000000000000000

Registers:
RAX=0x0000000000000000, RBX=0x000000001ba43f40, RCX=0x0000000000000000, RDX=0x0000000000000000
RSP=0x000000001f08f130, RBP=0x000000001f08f1e8, RSI=0x0000000000000108, RDI=0x0000000000539930
R8 =0x000000001f08f128, R9 =0x000000001f08f1e8, R10=0x0000000000000000, R11=0x0000000000000246
R12=0x0000000000000000, R13=0x000000001ba43f40, R14=0x000000001f08f220, R15=0x000000001e28a800
RIP=0x00007ffb3fbb24b9, EFLAGS=0x0000000000010283

Top of Stack: (sp=0x000000001f08f130)
0x000000001f08f130:   000000001e28a800 000000001e28a800
0x000000001f08f140:   000000001e28a800 000000001e28a800
0x000000001f08f150:   00000000000010b2 000000000263dfcc
0x000000001f08f160:   000000001ba43f40 000000006c805005
0x000000001f08f170:   000000001b9e7e58 000000001bfc16e0
0x000000001f08f180:   000000000000000e 000000001e28a800
0x000000001f08f190:   000000001ba5ffd8 000000006c71aea4
0x000000001f08f1a0:   000000001e28a800 000000001f08f1a8
0x000000001f08f1b0:   0000000000000000 000000001f08f220
0x000000001f08f1c0:   000000001ba446e0 0000000000000000
0x000000001f08f1d0:   000000001ba43f40 0000000000000000
0x000000001f08f1e0:   000000001f08f208 000000001f08f268
0x000000001f08f1f0:   0000000002627d8d 00000006c28060c8
0x000000001f08f200:   00000000026342f8 0000000000539930
0x000000001f08f210:   00000000026278a0 00007ffb3fbb2420
0x000000001f08f220:   0000000000000001 000000001f08f228 

Instructions: (pc=0x00007ffb3fbb24b9)
0x00007ffb3fbb2499:   48 8b cf e8 1f 3a 00 00 48 39 3d f0 d5 02 00 48
0x00007ffb3fbb24a9:   8d 0d e9 d5 02 00 48 8b 5c 24 30 74 08 48 8b 09
0x00007ffb3fbb24b9:   48 39 39 75 f8 48 8b 07 48 89 01 48 8b cf 48 83
0x00007ffb3fbb24c9:   c4 20 5f e9 5b fe 00 00 48 83 c4 20 5f c3 cc cc 


Register to memory mapping:

RAX=0x0000000000000000 is an unknown value
RBX={method} {0x000000001ba43f48} 'invokePV' '(JJ)V' in 'org/lwjgl/system/JNI'
RCX=0x0000000000000000 is an unknown value
RDX=0x0000000000000000 is an unknown value
RSP=0x000000001f08f130 is pointing into the stack for thread: 0x000000001e28a800
RBP=0x000000001f08f1e8 is pointing into the stack for thread: 0x000000001e28a800
RSI=0x0000000000000108 is an unknown value
RDI=0x0000000000539930 is an unknown value
R8 =0x000000001f08f128 is pointing into the stack for thread: 0x000000001e28a800
R9 =0x000000001f08f1e8 is pointing into the stack for thread: 0x000000001e28a800
R10=0x0000000000000000 is an unknown value
R11=0x0000000000000246 is an unknown value
R12=0x0000000000000000 is an unknown value
R13={method} {0x000000001ba43f48} 'invokePV' '(JJ)V' in 'org/lwjgl/system/JNI'
R14=0x000000001f08f220 is pointing into the stack for thread: 0x000000001e28a800
R15=0x000000001e28a800 is a thread


Stack: [0x000000001ef90000,0x000000001f090000],  sp=0x000000001f08f130,  free space=1020k
Native frames: (J=compiled Java code, j=interpreted, Vv=VM code, C=native code)
C  [glfw.dll+0x24b9]
C  0x000000000263dfcc

Java frames: (J=compiled Java code, j=interpreted, Vv=VM code)
j  org.lwjgl.system.JNI.invokePV(JJ)V+0
j  org.lwjgl.glfw.GLFW.glfwDestroyCursor(J)V+20
j  main.client.Window.destroyWindow()V+9
j  main.coreEngine.Engine.stop()V+70
j  main.client.Window.update()V+33
j  main.client.renderEngine.RenderEngine.render()V+32
j  main.client.ClientThread.tick()V+12
j  main.coreEngine.TickableThread.run()V+469
v  ~StubRoutines::call_stub

---------------  P R O C E S S  ---------------

Java Threads: ( => current thread )
  0x000000001e28c000 JavaThread "SERVER" [_thread_in_Java, id=8748, stack(0x000000001f090000,0x000000001f190000)]
=>0x000000001e28a800 JavaThread "CLIENT" [_thread_in_native, id=1860, stack(0x000000001ef90000,0x000000001f090000)]
  0x000000001e18d800 JavaThread "Service Thread" daemon [_thread_blocked, id=9448, stack(0x000000001ed90000,0x000000001ee90000)]
  0x000000001e0f3000 JavaThread "C1 CompilerThread3" daemon [_thread_blocked, id=2696, stack(0x000000001ec90000,0x000000001ed90000)]
  0x000000001e0e6000 JavaThread "C2 CompilerThread2" daemon [_thread_blocked, id=4476, stack(0x000000001eb90000,0x000000001ec90000)]
  0x000000001e0e5800 JavaThread "C2 CompilerThread1" daemon [_thread_blocked, id=14508, stack(0x000000001ea90000,0x000000001eb90000)]
  0x000000001e0ea800 JavaThread "C2 CompilerThread0" daemon [_thread_blocked, id=11404, stack(0x000000001e990000,0x000000001ea90000)]
  0x000000001e0d0000 JavaThread "JDWP Command Reader" daemon [_thread_in_native, id=12608, stack(0x000000001e890000,0x000000001e990000)]
  0x000000001e0cf000 JavaThread "JDWP Event Helper Thread" daemon [_thread_blocked, id=8300, stack(0x000000001e790000,0x000000001e890000)]
  0x000000001e0cd000 JavaThread "JDWP Transport Listener: dt_socket" daemon [_thread_blocked, id=14444, stack(0x000000001e690000,0x000000001e790000)]
  0x000000001e0b7800 JavaThread "Attach Listener" daemon [_thread_blocked, id=1172, stack(0x000000001e590000,0x000000001e690000)]
  0x000000001e0b6800 JavaThread "Signal Dispatcher" daemon [_thread_blocked, id=6848, stack(0x000000001e490000,0x000000001e590000)]
  0x000000000259b800 JavaThread "Finalizer" daemon [_thread_blocked, id=6572, stack(0x000000001deb0000,0x000000001dfb0000)]
  0x000000001bfbd800 JavaThread "Reference Handler" daemon [_thread_blocked, id=10076, stack(0x000000001ddb0000,0x000000001deb0000)]
  0x00000000009ae000 JavaThread "main" [_thread_in_Java, id=11212, stack(0x0000000000c00000,0x0000000000d00000)]

Other Threads:
  0x000000001bfb9000 VMThread [stack: 0x000000001dcb0000,0x000000001ddb0000] [id=14652]
  0x000000001e1a9000 WatcherThread [stack: 0x000000001ee90000,0x000000001ef90000] [id=2584]

VM state:not at safepoint (normal execution)

VM Mutex/Monitor currently owned by a thread: None

Heap:
 PSYoungGen      total 1081856K, used 1001070K [0x000000076b800000, 0x00000007bb500000, 0x00000007c0000000)
  eden space 1081344K, 92% used [0x000000076b800000,0x00000007a896b978,0x00000007ad800000)
  from space 512K, 37% used [0x00000007bb480000,0x00000007bb4b0000,0x00000007bb500000)
  to   space 6656K, 0% used [0x00000007ba800000,0x00000007ba800000,0x00000007bae80000)
 ParOldGen       total 173568K, used 13768K [0x00000006c2800000, 0x00000006cd180000, 0x000000076b800000)
  object space 173568K, 7% used [0x00000006c2800000,0x00000006c3572178,0x00000006cd180000)
 Metaspace       used 8390K, capacity 8774K, committed 8960K, reserved 1056768K
  class space    used 662K, capacity 690K, committed 768K, reserved 1048576K

Card table byte_map: [0x00000000119e0000,0x00000000121d0000] byte_map_base: 0x000000000e3cc000

Marking Bits: (ParMarkBitMap*) 0x000000006cdfa5b0
 Begin Bits: [0x0000000012f20000, 0x0000000016e80000)
 End Bits:   [0x0000000016e80000, 0x000000001ade0000)

Polling page: 0x0000000000990000

CodeCache: size=245760Kb used=4664Kb max_used=4675Kb free=241095Kb
 bounds [0x0000000002620000, 0x0000000002ac0000, 0x0000000011620000]
 total_blobs=1488 nmethods=830 adapters=579
 compilation: enabled

Compilation events (10 events):
Event: 5.147 Thread 0x000000001e0f3000  827       3       main.coreEngine.util.maths.MathUtil::cotf (9 bytes)
Event: 5.147 Thread 0x000000001e0f3000 nmethod 827 0x0000000002ab2010 code [0x0000000002ab21a0, 0x0000000002ab2650]
Event: 5.147 Thread 0x000000001e0f3000  829       3       main.client.renderEngine.shader.AbstractShaderProgram::useProgram (16 bytes)
Event: 5.147 Thread 0x000000001e0f3000 nmethod 829 0x0000000002ab1090 code [0x0000000002ab1280, 0x0000000002ab1a38]
Event: 5.147 Thread 0x000000001e0f3000  830       3       org.lwjgl.opengl.GL20::glUseProgram (13 bytes)
Event: 5.147 Thread 0x000000001e0f3000 nmethod 830 0x0000000002ab0310 code [0x0000000002ab0500, 0x0000000002ab0bf8]
Event: 5.246 Thread 0x000000001e0e5800  831       4       main.client.InputHandler::resetKeyboard (25 bytes)
Event: 5.247 Thread 0x000000001e0e5800 nmethod 831 0x0000000002ab0050 code [0x0000000002ab0180, 0x0000000002ab0238]
Event: 5.263 Thread 0x000000001e0f3000  832       1       org.lwjgl.glfw.GLFW::getInstance (4 bytes)
Event: 5.263 Thread 0x000000001e0f3000 nmethod 832 0x0000000002aafd90 code [0x0000000002aafee0, 0x0000000002aaffd0]

GC Heap History (10 events):
Event: 2.590 GC heap before
{Heap before GC invocations=12 (full 0):
 PSYoungGen      total 828416K, used 820448K [0x000000076b800000, 0x00000007bca00000, 0x00000007c0000000)
  eden space 820224K, 100% used [0x000000076b800000,0x000000079d900000,0x000000079d900000)
  from space 8192K, 2% used [0x000000079d900000,0x000000079d938000,0x000000079e100000)
  to   space 8192K, 0% used [0x00000007bc200000,0x00000007bc200000,0x00000007bca00000)
 ParOldGen       total 173568K, used 13696K [0x00000006c2800000, 0x00000006cd180000, 0x000000076b800000)
  object space 173568K, 7% used [0x00000006c2800000,0x00000006c3560178,0x00000006cd180000)
 Metaspace       used 8369K, capacity 8774K, committed 8960K, reserved 1056768K
  class space    used 662K, capacity 690K, committed 768K, reserved 1048576K
Event: 2.590 GC heap after
Heap after GC invocations=12 (full 0):
 PSYoungGen      total 1319936K, used 192K [0x000000076b800000, 0x00000007bc900000, 0x00000007c0000000)
  eden space 1312768K, 0% used [0x000000076b800000,0x000000076b800000,0x00000007bba00000)
  from space 7168K, 2% used [0x00000007bc200000,0x00000007bc230000,0x00000007bc900000)
  to   space 7680K, 0% used [0x00000007bba00000,0x00000007bba00000,0x00000007bc180000)
 ParOldGen       total 173568K, used 13712K [0x00000006c2800000, 0x00000006cd180000, 0x000000076b800000)
  object space 173568K, 7% used [0x00000006c2800000,0x00000006c3564178,0x00000006cd180000)
 Metaspace       used 8369K, capacity 8774K, committed 8960K, reserved 1056768K
  class space    used 662K, capacity 690K, committed 768K, reserved 1048576K
}
Event: 3.254 GC heap before
{Heap before GC invocations=13 (full 0):
 PSYoungGen      total 1319936K, used 1312960K [0x000000076b800000, 0x00000007bc900000, 0x00000007c0000000)
  eden space 1312768K, 100% used [0x000000076b800000,0x00000007bba00000,0x00000007bba00000)
  from space 7168K, 2% used [0x00000007bc200000,0x00000007bc230000,0x00000007bc900000)
  to   space 7680K, 0% used [0x00000007bba00000,0x00000007bba00000,0x00000007bc180000)
 ParOldGen       total 173568K, used 13712K [0x00000006c2800000, 0x00000006cd180000, 0x000000076b800000)
  object space 173568K, 7% used [0x00000006c2800000,0x00000006c3564178,0x00000006cd180000)
 Metaspace       used 8372K, capacity 8774K, committed 8960K, reserved 1056768K
  class space    used 662K, capacity 690K, committed 768K, reserved 1048576K
Event: 3.254 GC heap after
Heap after GC invocations=13 (full 0):
 PSYoungGen      total 1250816K, used 224K [0x000000076b800000, 0x00000007bc280000, 0x00000007c0000000)
  eden space 1250304K, 0% used [0x000000076b800000,0x000000076b800000,0x00000007b7d00000)
  from space 512K, 43% used [0x00000007bba00000,0x00000007bba38000,0x00000007bba80000)
  to   space 7680K, 0% used [0x00000007bbb00000,0x00000007bbb00000,0x00000007bc280000)
 ParOldGen       total 173568K, used 13712K [0x00000006c2800000, 0x00000006cd180000, 0x000000076b800000)
  object space 173568K, 7% used [0x00000006c2800000,0x00000006c3564178,0x00000006cd180000)
 Metaspace       used 8372K, capacity 8774K, committed 8960K, reserved 1056768K
  class space    used 662K, capacity 690K, committed 768K, reserved 1048576K
}
Event: 3.860 GC heap before
{Heap before GC invocations=14 (full 0):
 PSYoungGen      total 1250816K, used 1250528K [0x000000076b800000, 0x00000007bc280000, 0x00000007c0000000)
  eden space 1250304K, 100% used [0x000000076b800000,0x00000007b7d00000,0x00000007b7d00000)
  from space 512K, 43% used [0x00000007bba00000,0x00000007bba38000,0x00000007bba80000)
  to   space 7680K, 0% used [0x00000007bbb00000,0x00000007bbb00000,0x00000007bc280000)
 ParOldGen       total 173568K, used 13712K [0x00000006c2800000, 0x00000006cd180000, 0x000000076b800000)
  object space 173568K, 7% used [0x00000006c2800000,0x00000006c3564178,0x00000006cd180000)
 Metaspace       used 8377K, capacity 8774K, committed 8960K, reserved 1056768K
  class space    used 662K, capacity 690K, committed 768K, reserved 1048576K
Event: 3.860 GC heap after
Heap after GC invocations=14 (full 0):
 PSYoungGen      total 1191424K, used 192K [0x000000076b800000, 0x00000007bbb80000, 0x00000007c0000000)
  eden space 1190912K, 0% used [0x000000076b800000,0x000000076b800000,0x00000007b4300000)
  from space 512K, 37% used [0x00000007bbb00000,0x00000007bbb30000,0x00000007bbb80000)
  to   space 7168K, 0% used [0x00000007bad80000,0x00000007bad80000,0x00000007bb480000)
 ParOldGen       total 173568K, used 13712K [0x00000006c2800000, 0x00000006cd180000, 0x000000076b800000)
  object space 173568K, 7% used [0x00000006c2800000,0x00000006c3564178,0x00000006cd180000)
 Metaspace       used 8377K, capacity 8774K, committed 8960K, reserved 1056768K
  class space    used 662K, capacity 690K, committed 768K, reserved 1048576K
}
Event: 4.404 GC heap before
{Heap before GC invocations=15 (full 0):
 PSYoungGen      total 1191424K, used 1191104K [0x000000076b800000, 0x00000007bbb80000, 0x00000007c0000000)
  eden space 1190912K, 100% used [0x000000076b800000,0x00000007b4300000,0x00000007b4300000)
  from space 512K, 37% used [0x00000007bbb00000,0x00000007bbb30000,0x00000007bbb80000)
  to   space 7168K, 0% used [0x00000007bad80000,0x00000007bad80000,0x00000007bb480000)
 ParOldGen       total 173568K, used 13712K [0x00000006c2800000, 0x00000006cd180000, 0x000000076b800000)
  object space 173568K, 7% used [0x00000006c2800000,0x00000006c3564178,0x00000006cd180000)
 Metaspace       used 8386K, capacity 8774K, committed 8960K, reserved 1056768K
  class space    used 662K, capacity 690K, committed 768K, reserved 1048576K
Event: 4.405 GC heap after
Heap after GC invocations=15 (full 0):
 PSYoungGen      total 1141760K, used 224K [0x000000076b800000, 0x00000007bbb80000, 0x00000007c0000000)
  eden space 1134592K, 0% used [0x000000076b800000,0x000000076b800000,0x00000007b0c00000)
  from space 7168K, 3% used [0x00000007bad80000,0x00000007badb8000,0x00000007bb480000)
  to   space 7168K, 0% used [0x00000007bb480000,0x00000007bb480000,0x00000007bbb80000)
 ParOldGen       total 173568K, used 13752K [0x00000006c2800000, 0x00000006cd180000, 0x000000076b800000)
  object space 173568K, 7% used [0x00000006c2800000,0x00000006c356e178,0x00000006cd180000)
 Metaspace       used 8386K, capacity 8774K, committed 8960K, reserved 1056768K
  class space    used 662K, capacity 690K, committed 768K, reserved 1048576K
}
Event: 4.914 GC heap before
{Heap before GC invocations=16 (full 0):
 PSYoungGen      total 1141760K, used 1134816K [0x000000076b800000, 0x00000007bbb80000, 0x00000007c0000000)
  eden space 1134592K, 100% used [0x000000076b800000,0x00000007b0c00000,0x00000007b0c00000)
  from space 7168K, 3% used [0x00000007bad80000,0x00000007badb8000,0x00000007bb480000)
  to   space 7168K, 0% used [0x00000007bb480000,0x00000007bb480000,0x00000007bbb80000)
 ParOldGen       total 173568K, used 13752K [0x00000006c2800000, 0x00000006cd180000, 0x000000076b800000)
  object space 173568K, 7% used [0x00000006c2800000,0x00000006c356e178,0x00000006cd180000)
 Metaspace       used 8389K, capacity 8774K, committed 8960K, reserved 1056768K
  class space    used 662K, capacity 690K, committed 768K, reserved 1048576K
Event: 4.915 GC heap after
Heap after GC invocations=16 (full 0):
 PSYoungGen      total 1081856K, used 192K [0x000000076b800000, 0x00000007bb500000, 0x00000007c0000000)
  eden space 1081344K, 0% used [0x000000076b800000,0x000000076b800000,0x00000007ad800000)
  from space 512K, 37% used [0x00000007bb480000,0x00000007bb4b0000,0x00000007bb500000)
  to   space 6656K, 0% used [0x00000007ba800000,0x00000007ba800000,0x00000007bae80000)
 ParOldGen       total 173568K, used 13768K [0x00000006c2800000, 0x00000006cd180000, 0x000000076b800000)
  object space 173568K, 7% used [0x00000006c2800000,0x00000006c3572178,0x00000006cd180000)
 Metaspace       used 8389K, capacity 8774K, committed 8960K, reserved 1056768K
  class space    used 662K, capacity 690K, committed 768K, reserved 1048576K
}

Deoptimization events (10 events):
Event: 1.462 Thread 0x000000001e28a800 Uncommon trap: reason=class_check action=maybe_recompile pc=0x00000000028eeac4 method=sun.misc.FloatingDecimal.parseFloat(Ljava/lang/String;)F @ 4
Event: 1.462 Thread 0x000000001e28a800 Uncommon trap: reason=class_check action=maybe_recompile pc=0x00000000028eeac4 method=sun.misc.FloatingDecimal.parseFloat(Ljava/lang/String;)F @ 4
Event: 1.462 Thread 0x000000001e28a800 Uncommon trap: reason=class_check action=maybe_recompile pc=0x00000000028eeac4 method=sun.misc.FloatingDecimal.parseFloat(Ljava/lang/String;)F @ 4
Event: 1.462 Thread 0x000000001e28a800 Uncommon trap: reason=class_check action=maybe_recompile pc=0x00000000028eeac4 method=sun.misc.FloatingDecimal.parseFloat(Ljava/lang/String;)F @ 4
Event: 1.463 Thread 0x000000001e28a800 Uncommon trap: reason=unstable_if action=reinterpret pc=0x0000000002968fbc method=main.client.renderEngine.mesh.MeshBuilder.processFace(Ljava/lang/String;Lmain/client/renderEngine/mesh/MeshBuilder;)Z @ 114
Event: 1.466 Thread 0x000000001e28a800 Uncommon trap: reason=bimorphic action=maybe_recompile pc=0x0000000002772400 method=java.util.HashMap.getNode(ILjava/lang/Object;)Ljava/util/HashMap$Node; @ 126
Event: 1.528 Thread 0x000000001e28a800 Uncommon trap: reason=unstable_if action=reinterpret pc=0x00000000028f0dd0 method=main.coreEngine.TickableThread.run()V @ 461
Event: 1.537 Thread 0x000000001e28c000 Uncommon trap: reason=unstable_if action=reinterpret pc=0x00000000028f0dd0 method=main.coreEngine.TickableThread.run()V @ 461
Event: 1.537 Thread 0x000000001e28a800 Uncommon trap: reason=unstable_if action=reinterpret pc=0x0000000002961bb0 method=java.lang.Integer.valueOf(I)Ljava/lang/Integer; @ 10
Event: 1.545 Thread 0x00000000009ae000 Uncommon trap: reason=unstable_if action=reinterpret pc=0x0000000002a1e0a4 method=main.coreEngine.Engine.start()V @ 163

Internal exceptions (8 events):
Event: 0.025 Thread 0x00000000009ae000 Exception <a 'java/lang/NoSuchMethodError': Method sun.misc.Unsafe.defineClass(Ljava/lang/String;[BII)Ljava/lang/Class; name or signature does not match> (0x000000076b80d890) thrown at [C:\workspace\8-2-build-windows-amd64-cygwin\jdk8u65\4987\hotspot\src\sόΣQ?
Event: 0.026 Thread 0x00000000009ae000 Exception <a 'java/lang/NoSuchMethodError': Method sun.misc.Unsafe.prefetchRead(Ljava/lang/Object;J)V name or signature does not match> (0x000000076b80db78) thrown at [C:\workspace\8-2-build-windows-amd64-cygwin\jdk8u65\4987\hotspot\src\share\vm\prims\jni.4}υΕά?
Event: 0.450 Thread 0x000000001e28a800 Exception <a 'java/security/PrivilegedActionException'> (0x000000076e390a88) thrown at [C:\workspace\8-2-build-windows-amd64-cygwin\jdk8u65\4987\hotspot\src\share\vm\prims\jvm.cpp, line 1386]
Event: 0.450 Thread 0x000000001e28a800 Exception <a 'java/security/PrivilegedActionException'> (0x000000076e390e80) thrown at [C:\workspace\8-2-build-windows-amd64-cygwin\jdk8u65\4987\hotspot\src\share\vm\prims\jvm.cpp, line 1386]
Event: 0.450 Thread 0x000000001e28a800 Exception <a 'java/security/PrivilegedActionException'> (0x000000076e395098) thrown at [C:\workspace\8-2-build-windows-amd64-cygwin\jdk8u65\4987\hotspot\src\share\vm\prims\jvm.cpp, line 1386]
Event: 0.450 Thread 0x000000001e28a800 Exception <a 'java/security/PrivilegedActionException'> (0x000000076e395490) thrown at [C:\workspace\8-2-build-windows-amd64-cygwin\jdk8u65\4987\hotspot\src\share\vm\prims\jvm.cpp, line 1386]
Event: 0.457 Thread 0x000000001e28a800 Implicit null exception at 0x000000000276e7f9 to 0x000000000276ebbd
Event: 0.879 Thread 0x00000000009ae000 Implicit null exception at 0x00000000027807fc to 0x0000000002780dc9

Events (10 events):
Event: 3.859 Executing VM operation: ParallelGCFailedAllocation
Event: 3.860 Executing VM operation: ParallelGCFailedAllocation done
Event: 4.092 Executing VM operation: EnableBiasedLocking
Event: 4.092 Executing VM operation: EnableBiasedLocking done
Event: 4.404 Executing VM operation: ParallelGCFailedAllocation
Event: 4.405 Executing VM operation: ParallelGCFailedAllocation done
Event: 4.914 Executing VM operation: ParallelGCFailedAllocation
Event: 4.915 Executing VM operation: ParallelGCFailedAllocation done
Event: 5.246 Thread 0x000000001e28a800 DEOPT PACKING pc=0x0000000002a89bea sp=0x000000001f08f2b0
Event: 5.246 Thread 0x000000001e28a800 DEOPT UNPACKING pc=0x000000000266787f sp=0x000000001f08efd8 mode 0


Dynamic libraries:
0x00007ff642f60000 - 0x00007ff642f97000 	C:\Program Files\Java\jdk1.8.0_65\bin\java.exe
0x00007ffb48720000 - 0x00007ffb488e1000 	C:\WINDOWS\SYSTEM32\ntdll.dll
0x00007ffb48170000 - 0x00007ffb4821d000 	C:\WINDOWS\system32\KERNEL32.DLL
0x00007ffb45560000 - 0x00007ffb45748000 	C:\WINDOWS\system32\KERNELBASE.dll
0x00007ffb47a50000 - 0x00007ffb47af7000 	C:\WINDOWS\system32\ADVAPI32.dll
0x00007ffb480d0000 - 0x00007ffb4816d000 	C:\WINDOWS\system32\msvcrt.dll
0x00007ffb47b00000 - 0x00007ffb47b5b000 	C:\WINDOWS\system32\sechost.dll
0x00007ffb47700000 - 0x00007ffb4781c000 	C:\WINDOWS\system32\RPCRT4.dll
0x00007ffb485c0000 - 0x00007ffb48716000 	C:\WINDOWS\system32\USER32.dll
0x00007ffb48220000 - 0x00007ffb483a6000 	C:\WINDOWS\system32\GDI32.dll
0x00007ffb41530000 - 0x00007ffb417a4000 	C:\WINDOWS\WinSxS\amd64_microsoft.windows.common-controls_6595b64144ccf1df_6.0.10586.0_none_8c15ae12515e1c22\COMCTL32.dll
0x00007ffb45b00000 - 0x00007ffb45d7d000 	C:\WINDOWS\system32\combase.dll
0x00007ffb45920000 - 0x00007ffb4598a000 	C:\WINDOWS\system32\bcryptPrimitives.dll
0x00007ffb45f90000 - 0x00007ffb45fcb000 	C:\WINDOWS\system32\IMM32.DLL
0x000000006ce80000 - 0x000000006cf52000 	C:\Program Files\Java\jdk1.8.0_65\jre\bin\msvcr100.dll
0x000000006c5f0000 - 0x000000006ce79000 	C:\Program Files\Java\jdk1.8.0_65\jre\bin\server\jvm.dll
0x00007ffb475a0000 - 0x00007ffb475a8000 	C:\WINDOWS\system32\PSAPI.DLL
0x00007ffb3c060000 - 0x00007ffb3c069000 	C:\WINDOWS\SYSTEM32\WSOCK32.dll
0x00007ffb42fa0000 - 0x00007ffb42fc3000 	C:\WINDOWS\SYSTEM32\WINMM.dll
0x00007ffb418d0000 - 0x00007ffb418da000 	C:\WINDOWS\SYSTEM32\VERSION.dll
0x00007ffb48420000 - 0x00007ffb4848b000 	C:\WINDOWS\system32\WS2_32.dll
0x00007ffb42f40000 - 0x00007ffb42f6c000 	C:\WINDOWS\SYSTEM32\WINMMBASE.dll
0x00007ffb45ab0000 - 0x00007ffb45af3000 	C:\WINDOWS\system32\cfgmgr32.dll
0x000000006c5e0000 - 0x000000006c5ef000 	C:\Program Files\Java\jdk1.8.0_65\jre\bin\verify.dll
0x000000006c5b0000 - 0x000000006c5d9000 	C:\Program Files\Java\jdk1.8.0_65\jre\bin\java.dll
0x000000006c2c0000 - 0x000000006c2f5000 	C:\Program Files\Java\jdk1.8.0_65\jre\bin\jdwp.dll
0x000000006c5a0000 - 0x000000006c5a8000 	C:\Program Files\Java\jdk1.8.0_65\jre\bin\npt.dll
0x000000006c580000 - 0x000000006c596000 	C:\Program Files\Java\jdk1.8.0_65\jre\bin\zip.dll
0x00007ffb45fd0000 - 0x00007ffb4752c000 	C:\WINDOWS\system32\SHELL32.dll
0x00007ffb44ef0000 - 0x00007ffb45535000 	C:\WINDOWS\system32\windows.storage.dll
0x00007ffb483c0000 - 0x00007ffb48412000 	C:\WINDOWS\system32\shlwapi.dll
0x00007ffb44da0000 - 0x00007ffb44daf000 	C:\WINDOWS\system32\kernel.appcore.dll
0x00007ffb459f0000 - 0x00007ffb45aa5000 	C:\WINDOWS\system32\shcore.dll
0x00007ffb44d50000 - 0x00007ffb44d9b000 	C:\WINDOWS\system32\powrprof.dll
0x00007ffb44d20000 - 0x00007ffb44d34000 	C:\WINDOWS\system32\profapi.dll
0x000000006c570000 - 0x000000006c579000 	C:\Program Files\Java\jdk1.8.0_65\jre\bin\dt_socket.dll
0x00007ffb44650000 - 0x00007ffb446ac000 	C:\WINDOWS\system32\mswsock.dll
0x00007ffb3fbf0000 - 0x00007ffb3fc78000 	D:\Code\Java\Projects\WireEngine20\lib\native\lwjgl.dll
0x00007ffb44820000 - 0x00007ffb4482b000 	C:\WINDOWS\SYSTEM32\CRYPTBASE.DLL
0x00007ffb3d2c0000 - 0x00007ffb3d302000 	D:\Code\Java\Projects\WireEngine20\lib\native\jemalloc.dll
0x00007ffb3fbb0000 - 0x00007ffb3fbe8000 	D:\Code\Java\Projects\WireEngine20\lib\native\glfw.dll
0x00007ffb436a0000 - 0x00007ffb43736000 	C:\WINDOWS\system32\uxtheme.dll
0x00007ffb42950000 - 0x00007ffb42972000 	C:\WINDOWS\SYSTEM32\dwmapi.dll
0x00007ffb27a80000 - 0x00007ffb27ba9000 	C:\WINDOWS\SYSTEM32\opengl32.dll
0x00007ffb31350000 - 0x00007ffb3137e000 	C:\WINDOWS\SYSTEM32\GLU32.dll
0x00007ffb27980000 - 0x00007ffb27a7a000 	C:\WINDOWS\SYSTEM32\DDRAW.dll
0x00007ffb41bb0000 - 0x00007ffb41bb8000 	C:\WINDOWS\SYSTEM32\DCIMAN32.dll
0x00007ffb478f0000 - 0x00007ffb47a4a000 	C:\WINDOWS\system32\MSCTF.dll
0x00007ffb2f580000 - 0x00007ffb2f5c9000 	C:\Program Files (x86)\TeamViewer\tv_x64.dll
0x00007ffb475b0000 - 0x00007ffb476f3000 	C:\WINDOWS\system32\ole32.dll
0x000000006a570000 - 0x000000006c2b9000 	C:\WINDOWS\SYSTEM32\nvoglv64.DLL
0x00007ffb47c20000 - 0x00007ffb48049000 	C:\WINDOWS\system32\SETUPAPI.dll
0x00007ffb42d00000 - 0x00007ffb42d13000 	C:\WINDOWS\SYSTEM32\WTSAPI32.dll
0x00007ffb437f0000 - 0x00007ffb43817000 	C:\WINDOWS\SYSTEM32\DEVOBJ.dll
0x00007ffb45990000 - 0x00007ffb459e5000 	C:\WINDOWS\system32\WINTRUST.dll
0x00007ffb44d40000 - 0x00007ffb44d50000 	C:\WINDOWS\system32\MSASN1.dll
0x00007ffb45750000 - 0x00007ffb45917000 	C:\WINDOWS\system32\CRYPT32.dll
0x00007ffb44270000 - 0x00007ffb442a1000 	C:\WINDOWS\SYSTEM32\ntmarta.dll
0x00007ffb43fc0000 - 0x00007ffb44016000 	C:\WINDOWS\SYSTEM32\WINSTA.dll
0x00007ffb47b70000 - 0x00007ffb47c17000 	C:\WINDOWS\system32\clbcatq.dll
0x00007ffb3f340000 - 0x00007ffb3f365000 	C:\Program Files (x86)\Samsung\Easy Printer Manager\SmartScreenPrint\CDAKEYMonitor64.dll
0x00007ffb47820000 - 0x00007ffb478e1000 	C:\WINDOWS\system32\OLEAUT32.dll
0x00007ffb2ca20000 - 0x00007ffb2cbac000 	C:\WINDOWS\SYSTEM32\dbghelp.dll

VM Arguments:
jvm_args: -agentlib:jdwp=transport=dt_socket,address=127.0.0.1:52356,suspend=y,server=n -Djava.library.path=lib/native/ -Dfile.encoding=UTF-8 
java_command: main.Main
java_class_path (initial): C:\Program Files\Java\jdk1.8.0_65\jre\lib\charsets.jar;C:\Program Files\Java\jdk1.8.0_65\jre\lib\deploy.jar;C:\Program Files\Java\jdk1.8.0_65\jre\lib\ext\access-bridge-64.jar;C:\Program Files\Java\jdk1.8.0_65\jre\lib\ext\cldrdata.jar;C:\Program Files\Java\jdk1.8.0_65\jre\lib\ext\dnsns.jar;C:\Program Files\Java\jdk1.8.0_65\jre\lib\ext\jaccess.jar;C:\Program Files\Java\jdk1.8.0_65\jre\lib\ext\jfxrt.jar;C:\Program Files\Java\jdk1.8.0_65\jre\lib\ext\localedata.jar;C:\Program Files\Java\jdk1.8.0_65\jre\lib\ext\nashorn.jar;C:\Program Files\Java\jdk1.8.0_65\jre\lib\ext\sunec.jar;C:\Program Files\Java\jdk1.8.0_65\jre\lib\ext\sunjce_provider.jar;C:\Program Files\Java\jdk1.8.0_65\jre\lib\ext\sunmscapi.jar;C:\Program Files\Java\jdk1.8.0_65\jre\lib\ext\sunpkcs11.jar;C:\Program Files\Java\jdk1.8.0_65\jre\lib\ext\zipfs.jar;C:\Program Files\Java\jdk1.8.0_65\jre\lib\javaws.jar;C:\Program Files\Java\jdk1.8.0_65\jre\lib\jce.jar;C:\Program Files\Java\jdk1.8.0_65\jre\lib\jfr.jar;C:\Program Files\Java\jdk1.8.0_65\jre\lib\jfxswt.jar;C:\Program Files\Java\jdk1.8.0_65\jre\lib\jsse.jar;C:\Program Files\Java\jdk1.8.0_65\jre\lib\management-agent.jar;C:\Program Files\Java\jdk1.8.0_65\jre\lib\plugin.jar;C:\Program Files\Java\jdk1.8.0_65\jre\lib\resources.jar;C:\Program Files\Java\jdk1.8.0_65\jre\lib\rt.jar;D:\Code\Java\Projects\WireEngine20\out\production\WireEngine20;D:\Code\Java\Projects\WireEngine20\lib\jar\lwjgl.jar;D:\Code\Java\Projects\WireEngine20\lib\jar\slick-util.jar;D:\Program Files (x86)\JetBrains\IntelliJ IDEA 2016.1\lib\idea_rt.jar
Launcher Type: SUN_STANDARD

Environment Variables:
JAVA_HOME=C:\Program Files\Java\jdk1.8.0_65
PATH=C:\ProgramData\Oracle\Java\javapath;C:\Program Files (x86)\Razer Chroma SDK\bin;C:\Program Files\Razer Chroma SDK\bin;C:\Program Files (x86)\NVIDIA Corporation\PhysX\Common;C:\Program Files (x86)\Intel\iCLS Client\;C:\Program Files\Intel\iCLS Client\;C:\Windows\system32;C:\Windows;C:\Windows\System32\Wbem;C:\Windows\System32\WindowsPowerShell\v1.0\;C:\Program Files\Intel\Intel(R) Management Engine Components\DAL;C:\Program Files (x86)\Intel\Intel(R) Management Engine Components\DAL;C:\Program Files\Intel\Intel(R) Management Engine Components\IPT;C:\Program Files (x86)\Intel\Intel(R) Management Engine Components\IPT;C:\Program Files\Java\jre1.8.0_65\bin;C:\MinGW\bin;C:\WINDOWS\system32;C:\WINDOWS;C:\WINDOWS\System32\Wbem;C:\WINDOWS\System32\WindowsPowerShell\v1.0\;D:\Program Files (x86)\CMake\bin;D:\Program Files\Programs\Python\Python35-32;D:\Program Files\Programs\Python\Python35-32\Scripts;C:\Program Files (x86)\Skype\Phone\;D:\Program Files\Programs\Python\Python35-32\Scripts\;D:\Program Files\Programs\Python\Python35-32\
USERNAME=Kelan
OS=Windows_NT
PROCESSOR_IDENTIFIER=Intel64 Family 6 Model 60 Stepping 3, GenuineIntel



---------------  S Y S T E M  ---------------

OS: Windows 10.0 , 64 bit Build 10586 (10.0.10586.0)

CPU:total 8 (4 cores per cpu, 2 threads per core) family 6 model 60 stepping 3, cmov, cx8, fxsr, mmx, sse, sse2, sse3, ssse3, sse4.1, sse4.2, popcnt, avx, avx2, aes, clmul, erms, lzcnt, ht, tsc, tscinvbit, bmi1, bmi2

Memory: 4k page, physical 16609500k(6042088k free), swap 33386716k(19638056k free)

vm_info: Java HotSpot(TM) 64-Bit Server VM (25.65-b01) for windows-amd64 JRE (1.8.0_65-b17), built on Oct  6 2015 16:39:20 by "java_re" with MS VC++ 10.0 (VS2010)

time: Wed Apr 20 13:38:07 2016
elapsed time: 5 seconds (0d 0h 0m 5s)

