#
# A fatal error has been detected by the Java Runtime Environment:
#
#  EXCEPTION_ACCESS_VIOLATION (0xc0000005) at pc=0x00007ffdbbf124b9, pid=13304, tid=4084
#
# JRE version: Java(TM) SE Runtime Environment (8.0_65-b17) (build 1.8.0_65-b17)
# Java VM: Java HotSpot(TM) 64-Bit Server VM (25.65-b01 mixed mode windows-amd64 compressed oops)
# Problematic frame:
# C  [glfw.dll+0x24b9]
#
# Failed to write core dump. Minidumps are not enabled by default on client versions of Windows
#
# If you would like to submit a bug report, please visit:
#   http://bugreport.java.com/bugreport/crash.jsp
# The crash happened outside the Java Virtual Machine in native code.
# See problematic frame for where to report the bug.
#

---------------  T H R E A D  ---------------

Current thread (0x000000001e24f800):  JavaThread "CLIENT" [_thread_in_native, id=4084, stack(0x000000001ef50000,0x000000001f050000)]

siginfo: ExceptionCode=0xc0000005, reading address 0x0000000000000000

Registers:
RAX=0x0000000000000000, RBX=0x000000001ba1ec50, RCX=0x0000000000000000, RDX=0x0000000000000000
RSP=0x000000001f04ef70, RBP=0x000000001f04f028, RSI=0x0000000000000108, RDI=0x000000000053d600
R8 =0x000000001f04ef68, R9 =0x000000001f04f028, R10=0x0000000000000000, R11=0x0000000000000246
R12=0x0000000000000000, R13=0x000000001ba1ec50, R14=0x000000001f04f060, R15=0x000000001e24f800
RIP=0x00007ffdbbf124b9, EFLAGS=0x0000000000010287

Top of Stack: (sp=0x000000001f04ef70)
0x000000001f04ef70:   000000001e24f800 000000001e24f800
0x000000001f04ef80:   000000001e24f800 000000001e24f800
0x000000001f04ef90:   00000000000001ed 000000000261dfcc
0x000000001f04efa0:   000000001ba1ec50 0000000070615005
0x000000001f04efb0:   000000001b9c54b0 0000000000fce590
0x000000001f04efc0:   000000000000000e 000000001e24f800
0x000000001f04efd0:   000000001ba38ab8 000000007052aea4
0x000000001f04efe0:   000000001e24f800 000000001f04efe8
0x000000001f04eff0:   0000000000000000 000000001f04f060
0x000000001f04f000:   000000001ba1f3f0 0000000000000000
0x000000001f04f010:   000000001ba1ec50 0000000000000000
0x000000001f04f020:   000000001f04f048 000000001f04f0a8
0x000000001f04f030:   0000000002607d8d 00000006c2804188
0x000000001f04f040:   00000000026142f8 000000000053d600
0x000000001f04f050:   00000000026078a0 00007ffdbbf12420
0x000000001f04f060:   0000000000000001 000000001f04f068 

Instructions: (pc=0x00007ffdbbf124b9)
0x00007ffdbbf12499:   48 8b cf e8 1f 3a 00 00 48 39 3d f0 d5 02 00 48
0x00007ffdbbf124a9:   8d 0d e9 d5 02 00 48 8b 5c 24 30 74 08 48 8b 09
0x00007ffdbbf124b9:   48 39 39 75 f8 48 8b 07 48 89 01 48 8b cf 48 83
0x00007ffdbbf124c9:   c4 20 5f e9 5b fe 00 00 48 83 c4 20 5f c3 cc cc 


Register to memory mapping:

RAX=0x0000000000000000 is an unknown value
RBX={method} {0x000000001ba1ec58} 'invokePV' '(JJ)V' in 'org/lwjgl/system/JNI'
RCX=0x0000000000000000 is an unknown value
RDX=0x0000000000000000 is an unknown value
RSP=0x000000001f04ef70 is pointing into the stack for thread: 0x000000001e24f800
RBP=0x000000001f04f028 is pointing into the stack for thread: 0x000000001e24f800
RSI=0x0000000000000108 is an unknown value
RDI=0x000000000053d600 is an unknown value
R8 =0x000000001f04ef68 is pointing into the stack for thread: 0x000000001e24f800
R9 =0x000000001f04f028 is pointing into the stack for thread: 0x000000001e24f800
R10=0x0000000000000000 is an unknown value
R11=0x0000000000000246 is an unknown value
R12=0x0000000000000000 is an unknown value
R13={method} {0x000000001ba1ec58} 'invokePV' '(JJ)V' in 'org/lwjgl/system/JNI'
R14=0x000000001f04f060 is pointing into the stack for thread: 0x000000001e24f800
R15=0x000000001e24f800 is a thread


Stack: [0x000000001ef50000,0x000000001f050000],  sp=0x000000001f04ef70,  free space=1019k
Native frames: (J=compiled Java code, j=interpreted, Vv=VM code, C=native code)
C  [glfw.dll+0x24b9]
C  0x000000000261dfcc

Java frames: (J=compiled Java code, j=interpreted, Vv=VM code)
j  org.lwjgl.system.JNI.invokePV(JJ)V+0
j  org.lwjgl.glfw.GLFW.glfwDestroyCursor(J)V+20
j  main.client.Window.destroyWindow()V+9
j  main.coreEngine.Engine.stop()V+70
j  main.client.Window.update()V+43
j  main.client.renderEngine.RenderEngine.render()V+35
j  main.client.ClientThread.tick()V+12
j  main.coreEngine.TickableThread.run()V+465
v  ~StubRoutines::call_stub

---------------  P R O C E S S  ---------------

Java Threads: ( => current thread )
  0x000000001e251800 JavaThread "SERVER" [_thread_in_Java, id=11732, stack(0x000000001f050000,0x000000001f150000)]
=>0x000000001e24f800 JavaThread "CLIENT" [_thread_in_native, id=4084, stack(0x000000001ef50000,0x000000001f050000)]
  0x000000001e142000 JavaThread "Service Thread" daemon [_thread_blocked, id=1008, stack(0x000000001ed50000,0x000000001ee50000)]
  0x000000001e0b3800 JavaThread "C1 CompilerThread3" daemon [_thread_blocked, id=10228, stack(0x000000001ec50000,0x000000001ed50000)]
  0x000000001e0aa800 JavaThread "C2 CompilerThread2" daemon [_thread_blocked, id=7780, stack(0x000000001eb50000,0x000000001ec50000)]
  0x000000001e0aa000 JavaThread "C2 CompilerThread1" daemon [_thread_blocked, id=13672, stack(0x000000001ea50000,0x000000001eb50000)]
  0x000000001e0ae800 JavaThread "C2 CompilerThread0" daemon [_thread_blocked, id=9060, stack(0x000000001e950000,0x000000001ea50000)]
  0x000000001e093800 JavaThread "JDWP Command Reader" daemon [_thread_in_native, id=13244, stack(0x000000001e850000,0x000000001e950000)]
  0x000000001e08e000 JavaThread "JDWP Event Helper Thread" daemon [_thread_blocked, id=9816, stack(0x000000001e750000,0x000000001e850000)]
  0x000000001e081000 JavaThread "JDWP Transport Listener: dt_socket" daemon [_thread_blocked, id=11512, stack(0x000000001e650000,0x000000001e750000)]
  0x000000001e077000 JavaThread "Attach Listener" daemon [_thread_blocked, id=13864, stack(0x000000001e550000,0x000000001e650000)]
  0x000000001e076000 JavaThread "Signal Dispatcher" daemon [_thread_blocked, id=12032, stack(0x000000001e450000,0x000000001e550000)]
  0x0000000000fca800 JavaThread "Finalizer" daemon [_thread_blocked, id=3716, stack(0x000000001de70000,0x000000001df70000)]
  0x0000000000fc4000 JavaThread "Reference Handler" daemon [_thread_blocked, id=1192, stack(0x000000001dd70000,0x000000001de70000)]
  0x0000000000ece000 JavaThread "main" [_thread_in_Java, id=4440, stack(0x0000000000d50000,0x0000000000e50000)]

Other Threads:
  0x000000001bf99800 VMThread [stack: 0x000000001dc70000,0x000000001dd70000] [id=364]
  0x000000001e15d000 WatcherThread [stack: 0x000000001ee50000,0x000000001ef50000] [id=1048]

VM state:not at safepoint (normal execution)

VM Mutex/Monitor currently owned by a thread: None

Heap:
 PSYoungGen      total 832000K, used 339457K [0x000000076b800000, 0x00000007bce80000, 0x00000007c0000000)
  eden space 825856K, 41% used [0x000000076b800000,0x0000000780358638,0x000000079de80000)
  from space 6144K, 2% used [0x000000079de80000,0x000000079dea8000,0x000000079e480000)
  to   space 6144K, 0% used [0x00000007bc880000,0x00000007bc880000,0x00000007bce80000)
 ParOldGen       total 173568K, used 9668K [0x00000006c2800000, 0x00000006cd180000, 0x000000076b800000)
  object space 173568K, 5% used [0x00000006c2800000,0x00000006c3171060,0x00000006cd180000)
 Metaspace       used 8257K, capacity 8646K, committed 8960K, reserved 1056768K
  class space    used 655K, capacity 690K, committed 768K, reserved 1048576K

Card table byte_map: [0x00000000119c0000,0x00000000121b0000] byte_map_base: 0x000000000e3ac000

Marking Bits: (ParMarkBitMap*) 0x0000000070c0a5b0
 Begin Bits: [0x0000000012f00000, 0x0000000016e60000)
 End Bits:   [0x0000000016e60000, 0x000000001adc0000)

Polling page: 0x0000000000910000

CodeCache: size=245760Kb used=3950Kb max_used=3953Kb free=241809Kb
 bounds [0x0000000002600000, 0x00000000029f0000, 0x0000000011600000]
 total_blobs=1374 nmethods=721 adapters=574
 compilation: enabled

Compilation events (10 events):
Event: 2.836 Thread 0x000000001e0aa000  717       4       java.lang.ThreadLocal::get (38 bytes)
Event: 2.836 Thread 0x000000001e0aa800  718       4       java.lang.ThreadLocal$ThreadLocalMap::getEntry (42 bytes)
Event: 2.837 Thread 0x000000001e0aa800 nmethod 718 0x00000000029cfd10 code [0x00000000029cfe60, 0x00000000029cffd8]
Event: 2.838 Thread 0x000000001e0aa000 nmethod 717 0x00000000029cf7d0 code [0x00000000029cf920, 0x00000000029cfad8]
Event: 2.853 Thread 0x000000001e0b3800  719       3       main.coreEngine.util.maths.Matrix4f::setIdentity (5 bytes)
Event: 2.853 Thread 0x000000001e0b3800 nmethod 719 0x00000000029cf450 code [0x00000000029cf5c0, 0x00000000029cf748]
Event: 2.853 Thread 0x000000001e0b3800  720       3       main.coreEngine.util.maths.Matrix4f::setIdentity (82 bytes)
Event: 2.853 Thread 0x000000001e0b3800 nmethod 720 0x00000000029e0f10 code [0x00000000029e1060, 0x00000000029e1210]
Event: 2.886 Thread 0x000000001e0b3800  721       3       java.nio.ByteBuffer::<init> (45 bytes)
Event: 2.887 Thread 0x000000001e0b3800 nmethod 721 0x00000000029e0a10 code [0x00000000029e0b80, 0x00000000029e0e08]

GC Heap History (10 events):
Event: 1.109 GC heap before
{Heap before GC invocations=7 (full 0):
 PSYoungGen      total 262144K, used 261946K [0x000000076b800000, 0x000000077ba00000, 0x00000007c0000000)
  eden space 260096K, 100% used [0x000000076b800000,0x000000077b600000,0x000000077b600000)
  from space 2048K, 90% used [0x000000077b800000,0x000000077b9ceaf8,0x000000077ba00000)
  to   space 2048K, 0% used [0x000000077b600000,0x000000077b600000,0x000000077b800000)
 ParOldGen       total 173568K, used 32K [0x00000006c2800000, 0x00000006cd180000, 0x000000076b800000)
  object space 173568K, 0% used [0x00000006c2800000,0x00000006c2808000,0x00000006cd180000)
 Metaspace       used 8147K, capacity 8550K, committed 8704K, reserved 1056768K
  class space    used 649K, capacity 658K, committed 768K, reserved 1048576K
Event: 1.112 GC heap after
Heap after GC invocations=7 (full 0):
 PSYoungGen      total 262144K, used 2006K [0x000000076b800000, 0x000000078b900000, 0x00000007c0000000)
  eden space 260096K, 0% used [0x000000076b800000,0x000000076b800000,0x000000077b600000)
  from space 2048K, 97% used [0x000000077b600000,0x000000077b7f5b80,0x000000077b800000)
  to   space 2560K, 0% used [0x000000078b680000,0x000000078b680000,0x000000078b900000)
 ParOldGen       total 173568K, used 684K [0x00000006c2800000, 0x00000006cd180000, 0x000000076b800000)
  object space 173568K, 0% used [0x00000006c2800000,0x00000006c28ab060,0x00000006cd180000)
 Metaspace       used 8147K, capacity 8550K, committed 8704K, reserved 1056768K
  class space    used 649K, capacity 658K, committed 768K, reserved 1048576K
}
Event: 1.287 GC heap before
{Heap before GC invocations=8 (full 0):
 PSYoungGen      total 262144K, used 262102K [0x000000076b800000, 0x000000078b900000, 0x00000007c0000000)
  eden space 260096K, 100% used [0x000000076b800000,0x000000077b600000,0x000000077b600000)
  from space 2048K, 97% used [0x000000077b600000,0x000000077b7f5b80,0x000000077b800000)
  to   space 2560K, 0% used [0x000000078b680000,0x000000078b680000,0x000000078b900000)
 ParOldGen       total 173568K, used 684K [0x00000006c2800000, 0x00000006cd180000, 0x000000076b800000)
  object space 173568K, 0% used [0x00000006c2800000,0x00000006c28ab060,0x00000006cd180000)
 Metaspace       used 8184K, capacity 8550K, committed 8704K, reserved 1056768K
  class space    used 651K, capacity 658K, committed 768K, reserved 1048576K
Event: 1.296 GC heap after
Heap after GC invocations=8 (full 0):
 PSYoungGen      total 518656K, used 2538K [0x000000076b800000, 0x000000078c100000, 0x00000007c0000000)
  eden space 516096K, 0% used [0x000000076b800000,0x000000076b800000,0x000000078b000000)
  from space 2560K, 99% used [0x000000078b680000,0x000000078b8faad8,0x000000078b900000)
  to   space 6656K, 0% used [0x000000078b000000,0x000000078b000000,0x000000078b680000)
 ParOldGen       total 173568K, used 8708K [0x00000006c2800000, 0x00000006cd180000, 0x000000076b800000)
  object space 173568K, 5% used [0x00000006c2800000,0x00000006c3081060,0x00000006cd180000)
 Metaspace       used 8184K, capacity 8550K, committed 8704K, reserved 1056768K
  class space    used 651K, capacity 658K, committed 768K, reserved 1048576K
}
Event: 1.733 GC heap before
{Heap before GC invocations=9 (full 0):
 PSYoungGen      total 518656K, used 518634K [0x000000076b800000, 0x000000078c100000, 0x00000007c0000000)
  eden space 516096K, 100% used [0x000000076b800000,0x000000078b000000,0x000000078b000000)
  from space 2560K, 99% used [0x000000078b680000,0x000000078b8faad8,0x000000078b900000)
  to   space 6656K, 0% used [0x000000078b000000,0x000000078b000000,0x000000078b680000)
 ParOldGen       total 173568K, used 8708K [0x00000006c2800000, 0x00000006cd180000, 0x000000076b800000)
  object space 173568K, 5% used [0x00000006c2800000,0x00000006c3081060,0x00000006cd180000)
 Metaspace       used 8250K, capacity 8646K, committed 8960K, reserved 1056768K
  class space    used 655K, capacity 690K, committed 768K, reserved 1048576K
Event: 1.736 GC heap after
Heap after GC invocations=9 (full 0):
 PSYoungGen      total 522752K, used 704K [0x000000076b800000, 0x000000079eb80000, 0x00000007c0000000)
  eden space 516096K, 0% used [0x000000076b800000,0x000000076b800000,0x000000078b000000)
  from space 6656K, 10% used [0x000000078b000000,0x000000078b0b0000,0x000000078b680000)
  to   space 6656K, 0% used [0x000000079e500000,0x000000079e500000,0x000000079eb80000)
 ParOldGen       total 173568K, used 9044K [0x00000006c2800000, 0x00000006cd180000, 0x000000076b800000)
  object space 173568K, 5% used [0x00000006c2800000,0x00000006c30d5060,0x00000006cd180000)
 Metaspace       used 8250K, capacity 8646K, committed 8960K, reserved 1056768K
  class space    used 655K, capacity 690K, committed 768K, reserved 1048576K
}
Event: 2.154 GC heap before
{Heap before GC invocations=10 (full 0):
 PSYoungGen      total 522752K, used 516800K [0x000000076b800000, 0x000000079eb80000, 0x00000007c0000000)
  eden space 516096K, 100% used [0x000000076b800000,0x000000078b000000,0x000000078b000000)
  from space 6656K, 10% used [0x000000078b000000,0x000000078b0b0000,0x000000078b680000)
  to   space 6656K, 0% used [0x000000079e500000,0x000000079e500000,0x000000079eb80000)
 ParOldGen       total 173568K, used 9044K [0x00000006c2800000, 0x00000006cd180000, 0x000000076b800000)
  object space 173568K, 5% used [0x00000006c2800000,0x00000006c30d5060,0x00000006cd180000)
 Metaspace       used 8251K, capacity 8646K, committed 8960K, reserved 1056768K
  class space    used 655K, capacity 690K, committed 768K, reserved 1048576K
Event: 2.156 GC heap after
Heap after GC invocations=10 (full 0):
 PSYoungGen      total 831488K, used 160K [0x000000076b800000, 0x000000079ea80000, 0x00000007c0000000)
  eden space 825856K, 0% used [0x000000076b800000,0x000000076b800000,0x000000079de80000)
  from space 5632K, 2% used [0x000000079e500000,0x000000079e528000,0x000000079ea80000)
  to   space 6144K, 0% used [0x000000079de80000,0x000000079de80000,0x000000079e480000)
 ParOldGen       total 173568K, used 9628K [0x00000006c2800000, 0x00000006cd180000, 0x000000076b800000)
  object space 173568K, 5% used [0x00000006c2800000,0x00000006c3167060,0x00000006cd180000)
 Metaspace       used 8251K, capacity 8646K, committed 8960K, reserved 1056768K
  class space    used 655K, capacity 690K, committed 768K, reserved 1048576K
}
Event: 2.787 GC heap before
{Heap before GC invocations=11 (full 0):
 PSYoungGen      total 831488K, used 826016K [0x000000076b800000, 0x000000079ea80000, 0x00000007c0000000)
  eden space 825856K, 100% used [0x000000076b800000,0x000000079de80000,0x000000079de80000)
  from space 5632K, 2% used [0x000000079e500000,0x000000079e528000,0x000000079ea80000)
  to   space 6144K, 0% used [0x000000079de80000,0x000000079de80000,0x000000079e480000)
 ParOldGen       total 173568K, used 9628K [0x00000006c2800000, 0x00000006cd180000, 0x000000076b800000)
  object space 173568K, 5% used [0x00000006c2800000,0x00000006c3167060,0x00000006cd180000)
 Metaspace       used 8256K, capacity 8646K, committed 8960K, reserved 1056768K
  class space    used 655K, capacity 690K, committed 768K, reserved 1048576K
Event: 2.788 GC heap after
Heap after GC invocations=11 (full 0):
 PSYoungGen      total 832000K, used 160K [0x000000076b800000, 0x00000007bce80000, 0x00000007c0000000)
  eden space 825856K, 0% used [0x000000076b800000,0x000000076b800000,0x000000079de80000)
  from space 6144K, 2% used [0x000000079de80000,0x000000079dea8000,0x000000079e480000)
  to   space 6144K, 0% used [0x00000007bc880000,0x00000007bc880000,0x00000007bce80000)
 ParOldGen       total 173568K, used 9668K [0x00000006c2800000, 0x00000006cd180000, 0x000000076b800000)
  object space 173568K, 5% used [0x00000006c2800000,0x00000006c3171060,0x00000006cd180000)
 Metaspace       used 8256K, capacity 8646K, committed 8960K, reserved 1056768K
  class space    used 655K, capacity 690K, committed 768K, reserved 1048576K
}

Deoptimization events (10 events):
Event: 1.406 Thread 0x000000001e24f800 Uncommon trap: reason=bimorphic action=maybe_recompile pc=0x0000000002751118 method=java.util.HashMap.getNode(ILjava/lang/Object;)Ljava/util/HashMap$Node; @ 126
Event: 1.406 Thread 0x000000001e24f800 Uncommon trap: reason=class_check action=maybe_recompile pc=0x0000000002953444 method=java.util.HashMap.putVal(ILjava/lang/Object;Ljava/lang/Object;ZZ)Ljava/lang/Object; @ 203
Event: 1.437 Thread 0x000000001e24f800 Uncommon trap: reason=class_check action=maybe_recompile pc=0x0000000002953444 method=java.util.HashMap.putVal(ILjava/lang/Object;Ljava/lang/Object;ZZ)Ljava/lang/Object; @ 203
Event: 1.460 Thread 0x000000001e24f800 Uncommon trap: reason=class_check action=maybe_recompile pc=0x0000000002953444 method=java.util.HashMap.putVal(ILjava/lang/Object;Ljava/lang/Object;ZZ)Ljava/lang/Object; @ 203
Event: 1.487 Thread 0x000000001e24f800 Uncommon trap: reason=unstable_if action=reinterpret pc=0x000000000299076c method=main.client.renderEngine.mesh.Mesh.compile(ILjava/util/List;)Lmain/client/renderEngine/mesh/Mesh; @ 102
Event: 1.529 Thread 0x000000001e24f800 Uncommon trap: reason=unstable_if action=reinterpret pc=0x00000000029a46c8 method=main.client.renderEngine.mesh.Mesh.compile(ILjava/util/List;)Lmain/client/renderEngine/mesh/Mesh; @ 219
Event: 1.590 Thread 0x000000001e24f800 Uncommon trap: reason=unstable_if action=reinterpret pc=0x00000000029b8c40 method=main.client.renderEngine.mesh.Mesh.compile(ILjava/util/List;)Lmain/client/renderEngine/mesh/Mesh; @ 559
Event: 1.613 Thread 0x000000001e24f800 Uncommon trap: reason=unstable_if action=reinterpret pc=0x00000000028e8fe4 method=main.coreEngine.TickableThread.run()V @ 461
Event: 1.621 Thread 0x000000001e251800 Uncommon trap: reason=unstable_if action=reinterpret pc=0x00000000028e8fe4 method=main.coreEngine.TickableThread.run()V @ 461
Event: 1.629 Thread 0x0000000000ece000 Uncommon trap: reason=unstable_if action=reinterpret pc=0x00000000029cb8d4 method=main.coreEngine.Engine.start()V @ 163

Internal exceptions (9 events):
Event: 0.030 Thread 0x0000000000ece000 Exception <a 'java/lang/NoSuchMethodError': Method sun.misc.Unsafe.defineClass(Ljava/lang/String;[BII)Ljava/lang/Class; name or signature does not match> (0x000000076b80d9b8) thrown at [C:\workspace\8-2-build-windows-amd64-cygwin\jdk8u65\4987\hotspot\src\sCqvåŸ?
Event: 0.030 Thread 0x0000000000ece000 Exception <a 'java/lang/NoSuchMethodError': Method sun.misc.Unsafe.prefetchRead(Ljava/lang/Object;J)V name or signature does not match> (0x000000076b80dca0) thrown at [C:\workspace\8-2-build-windows-amd64-cygwin\jdk8u65\4987\hotspot\src\share\vm\prims\jni.©FåÊuÆ?
Event: 0.175 Thread 0x000000001e24f800 Exception <a 'java/lang/ArrayIndexOutOfBoundsException': -1> (0x000000076e0ddf90) thrown at [C:\workspace\8-2-build-windows-amd64-cygwin\jdk8u65\4987\hotspot\src\share\vm\interpreter\interpreterRuntime.cpp, line 366]
Event: 0.440 Thread 0x000000001e24f800 Exception <a 'java/security/PrivilegedActionException'> (0x000000076babf2c0) thrown at [C:\workspace\8-2-build-windows-amd64-cygwin\jdk8u65\4987\hotspot\src\share\vm\prims\jvm.cpp, line 1386]
Event: 0.440 Thread 0x000000001e24f800 Exception <a 'java/security/PrivilegedActionException'> (0x000000076babf6b8) thrown at [C:\workspace\8-2-build-windows-amd64-cygwin\jdk8u65\4987\hotspot\src\share\vm\prims\jvm.cpp, line 1386]
Event: 0.441 Thread 0x000000001e24f800 Exception <a 'java/security/PrivilegedActionException'> (0x000000076bac38d0) thrown at [C:\workspace\8-2-build-windows-amd64-cygwin\jdk8u65\4987\hotspot\src\share\vm\prims\jvm.cpp, line 1386]
Event: 0.441 Thread 0x000000001e24f800 Exception <a 'java/security/PrivilegedActionException'> (0x000000076bac3cc8) thrown at [C:\workspace\8-2-build-windows-amd64-cygwin\jdk8u65\4987\hotspot\src\share\vm\prims\jvm.cpp, line 1386]
Event: 0.998 Thread 0x0000000000ece000 Implicit null exception at 0x000000000277a2fc to 0x000000000277a8c9
Event: 1.366 Thread 0x000000001e24f800 Implicit null exception at 0x0000000002931efc to 0x00000000029323e5

Events (10 events):
Event: 1.638 Thread 0x0000000000ece000 DEOPT PACKING pc=0x00000000029bea32 sp=0x0000000000e4f310
Event: 1.638 Thread 0x0000000000ece000 DEOPT UNPACKING pc=0x000000000264787f sp=0x0000000000e4f0e0 mode 0
Event: 1.706 Thread 0x000000001e251800 DEOPT PACKING pc=0x00000000029c734b sp=0x000000001f14eda0
Event: 1.706 Thread 0x000000001e251800 DEOPT UNPACKING pc=0x000000000264787f sp=0x000000001f14ebd0 mode 0
Event: 1.733 Executing VM operation: ParallelGCFailedAllocation
Event: 1.736 Executing VM operation: ParallelGCFailedAllocation done
Event: 2.154 Executing VM operation: ParallelGCFailedAllocation
Event: 2.156 Executing VM operation: ParallelGCFailedAllocation done
Event: 2.787 Executing VM operation: ParallelGCFailedAllocation
Event: 2.788 Executing VM operation: ParallelGCFailedAllocation done


Dynamic libraries:
0x00007ff75ee90000 - 0x00007ff75eec7000 	C:\Program Files\Java\jdk1.8.0_65\bin\java.exe
0x00007ffde4980000 - 0x00007ffde4b41000 	C:\WINDOWS\SYSTEM32\ntdll.dll
0x00007ffde42a0000 - 0x00007ffde434d000 	C:\WINDOWS\system32\KERNEL32.DLL
0x00007ffde19f0000 - 0x00007ffde1bd8000 	C:\WINDOWS\system32\KERNELBASE.dll
0x00007ffde1e70000 - 0x00007ffde1f17000 	C:\WINDOWS\system32\ADVAPI32.dll
0x00007ffde3800000 - 0x00007ffde389d000 	C:\WINDOWS\system32\msvcrt.dll
0x00007ffde1e10000 - 0x00007ffde1e6b000 	C:\WINDOWS\system32\sechost.dll
0x00007ffde3bd0000 - 0x00007ffde3cec000 	C:\WINDOWS\system32\RPCRT4.dll
0x00007ffde3fe0000 - 0x00007ffde4136000 	C:\WINDOWS\system32\USER32.dll
0x00007ffde3cf0000 - 0x00007ffde3e76000 	C:\WINDOWS\system32\GDI32.dll
0x00007ffddd690000 - 0x00007ffddd904000 	C:\WINDOWS\WinSxS\amd64_microsoft.windows.common-controls_6595b64144ccf1df_6.0.10586.0_none_8c15ae12515e1c22\COMCTL32.dll
0x00007ffde3950000 - 0x00007ffde3bcd000 	C:\WINDOWS\system32\combase.dll
0x00007ffde1cf0000 - 0x00007ffde1d5a000 	C:\WINDOWS\system32\bcryptPrimitives.dll
0x00007ffde1dc0000 - 0x00007ffde1dfb000 	C:\WINDOWS\system32\IMM32.DLL
0x0000000070c90000 - 0x0000000070d62000 	C:\Program Files\Java\jdk1.8.0_65\jre\bin\msvcr100.dll
0x0000000070400000 - 0x0000000070c89000 	C:\Program Files\Java\jdk1.8.0_65\jre\bin\server\jvm.dll
0x00007ffde4290000 - 0x00007ffde4298000 	C:\WINDOWS\system32\PSAPI.DLL
0x00007ffdd8550000 - 0x00007ffdd8559000 	C:\WINDOWS\SYSTEM32\WSOCK32.dll
0x00007ffddf730000 - 0x00007ffddf753000 	C:\WINDOWS\SYSTEM32\WINMM.dll
0x00007ffde4470000 - 0x00007ffde44db000 	C:\WINDOWS\system32\WS2_32.dll
0x00007ffddd9c0000 - 0x00007ffddd9ca000 	C:\WINDOWS\SYSTEM32\VERSION.dll
0x00007ffddf6d0000 - 0x00007ffddf6fc000 	C:\WINDOWS\SYSTEM32\WINMMBASE.dll
0x00007ffde1be0000 - 0x00007ffde1c23000 	C:\WINDOWS\system32\cfgmgr32.dll
0x00000000703f0000 - 0x00000000703ff000 	C:\Program Files\Java\jdk1.8.0_65\jre\bin\verify.dll
0x00000000703c0000 - 0x00000000703e9000 	C:\Program Files\Java\jdk1.8.0_65\jre\bin\java.dll
0x0000000070380000 - 0x00000000703b5000 	C:\Program Files\Java\jdk1.8.0_65\jre\bin\jdwp.dll
0x0000000070370000 - 0x0000000070378000 	C:\Program Files\Java\jdk1.8.0_65\jre\bin\npt.dll
0x0000000070350000 - 0x0000000070366000 	C:\Program Files\Java\jdk1.8.0_65\jre\bin\zip.dll
0x00007ffde1f80000 - 0x00007ffde34dc000 	C:\WINDOWS\system32\SHELL32.dll
0x00007ffde11d0000 - 0x00007ffde1815000 	C:\WINDOWS\system32\windows.storage.dll
0x00007ffde36b0000 - 0x00007ffde3702000 	C:\WINDOWS\system32\shlwapi.dll
0x00007ffde0fb0000 - 0x00007ffde0fbf000 	C:\WINDOWS\system32\kernel.appcore.dll
0x00007ffde1c30000 - 0x00007ffde1ce5000 	C:\WINDOWS\system32\shcore.dll
0x00007ffde0fc0000 - 0x00007ffde100b000 	C:\WINDOWS\system32\powrprof.dll
0x00007ffde0f80000 - 0x00007ffde0f94000 	C:\WINDOWS\system32\profapi.dll
0x0000000070340000 - 0x0000000070349000 	C:\Program Files\Java\jdk1.8.0_65\jre\bin\dt_socket.dll
0x00007ffde08b0000 - 0x00007ffde090c000 	C:\WINDOWS\system32\mswsock.dll
0x00007ffdb7a50000 - 0x00007ffdb7ad8000 	D:\Code\Java\Projects\WireEngine20\lib\native\lwjgl.dll
0x00007ffde0a80000 - 0x00007ffde0a8b000 	C:\WINDOWS\SYSTEM32\CRYPTBASE.DLL
0x00007ffdbfbb0000 - 0x00007ffdbfbf2000 	D:\Code\Java\Projects\WireEngine20\lib\native\jemalloc.dll
0x00007ffdbbf10000 - 0x00007ffdbbf48000 	D:\Code\Java\Projects\WireEngine20\lib\native\glfw.dll
0x00007ffddf850000 - 0x00007ffddf8e6000 	C:\WINDOWS\system32\uxtheme.dll
0x00007ffdde650000 - 0x00007ffdde672000 	C:\WINDOWS\SYSTEM32\dwmapi.dll
0x00007ffdc8b70000 - 0x00007ffdc8c99000 	C:\WINDOWS\SYSTEM32\opengl32.dll
0x00007ffdcd0c0000 - 0x00007ffdcd0ee000 	C:\WINDOWS\SYSTEM32\GLU32.dll
0x00007ffdc6920000 - 0x00007ffdc6a1a000 	C:\WINDOWS\SYSTEM32\DDRAW.dll
0x00007ffddaa30000 - 0x00007ffddaa38000 	C:\WINDOWS\SYSTEM32\DCIMAN32.dll
0x00007ffde3e80000 - 0x00007ffde3fda000 	C:\WINDOWS\system32\MSCTF.dll
0x00007ffdc9cc0000 - 0x00007ffdc9d09000 	C:\Program Files (x86)\TeamViewer\tv_x64.dll
0x00007ffde4140000 - 0x00007ffde4283000 	C:\WINDOWS\system32\ole32.dll
0x000000006e5f0000 - 0x0000000070339000 	C:\WINDOWS\SYSTEM32\nvoglv64.DLL
0x00007ffde4550000 - 0x00007ffde4979000 	C:\WINDOWS\system32\SETUPAPI.dll
0x00007ffddf2f0000 - 0x00007ffddf303000 	C:\WINDOWS\SYSTEM32\WTSAPI32.dll
0x00007ffddf9a0000 - 0x00007ffddf9c7000 	C:\WINDOWS\SYSTEM32\DEVOBJ.dll
0x00007ffde1170000 - 0x00007ffde11c5000 	C:\WINDOWS\system32\WINTRUST.dll
0x00007ffde0fa0000 - 0x00007ffde0fb0000 	C:\WINDOWS\system32\MSASN1.dll
0x00007ffde1820000 - 0x00007ffde19e7000 	C:\WINDOWS\system32\CRYPT32.dll
0x00007ffde04d0000 - 0x00007ffde0501000 	C:\WINDOWS\SYSTEM32\ntmarta.dll
0x00007ffde0220000 - 0x00007ffde0276000 	C:\WINDOWS\SYSTEM32\WINSTA.dll
0x00007ffde38a0000 - 0x00007ffde3947000 	C:\WINDOWS\system32\clbcatq.dll
0x00007ffdb9de0000 - 0x00007ffdb9f6c000 	C:\WINDOWS\SYSTEM32\dbghelp.dll

VM Arguments:
jvm_args: -agentlib:jdwp=transport=dt_socket,address=127.0.0.1:54834,suspend=y,server=n -Djava.library.path=lib/native/ -Dfile.encoding=UTF-8 
java_command: main.Main
java_class_path (initial): C:\Program Files\Java\jdk1.8.0_65\jre\lib\charsets.jar;C:\Program Files\Java\jdk1.8.0_65\jre\lib\deploy.jar;C:\Program Files\Java\jdk1.8.0_65\jre\lib\ext\access-bridge-64.jar;C:\Program Files\Java\jdk1.8.0_65\jre\lib\ext\cldrdata.jar;C:\Program Files\Java\jdk1.8.0_65\jre\lib\ext\dnsns.jar;C:\Program Files\Java\jdk1.8.0_65\jre\lib\ext\jaccess.jar;C:\Program Files\Java\jdk1.8.0_65\jre\lib\ext\jfxrt.jar;C:\Program Files\Java\jdk1.8.0_65\jre\lib\ext\localedata.jar;C:\Program Files\Java\jdk1.8.0_65\jre\lib\ext\nashorn.jar;C:\Program Files\Java\jdk1.8.0_65\jre\lib\ext\sunec.jar;C:\Program Files\Java\jdk1.8.0_65\jre\lib\ext\sunjce_provider.jar;C:\Program Files\Java\jdk1.8.0_65\jre\lib\ext\sunmscapi.jar;C:\Program Files\Java\jdk1.8.0_65\jre\lib\ext\sunpkcs11.jar;C:\Program Files\Java\jdk1.8.0_65\jre\lib\ext\zipfs.jar;C:\Program Files\Java\jdk1.8.0_65\jre\lib\javaws.jar;C:\Program Files\Java\jdk1.8.0_65\jre\lib\jce.jar;C:\Program Files\Java\jdk1.8.0_65\jre\lib\jfr.jar;C:\Program Files\Java\jdk1.8.0_65\jre\lib\jfxswt.jar;C:\Program Files\Java\jdk1.8.0_65\jre\lib\jsse.jar;C:\Program Files\Java\jdk1.8.0_65\jre\lib\management-agent.jar;C:\Program Files\Java\jdk1.8.0_65\jre\lib\plugin.jar;C:\Program Files\Java\jdk1.8.0_65\jre\lib\resources.jar;C:\Program Files\Java\jdk1.8.0_65\jre\lib\rt.jar;D:\Code\Java\Projects\WireEngine20\out\production\WireEngine20;D:\Code\Java\Projects\WireEngine20\lib\jar\lwjgl.jar;D:\Program Files (x86)\JetBrains\IntelliJ IDEA 2016.1\lib\idea_rt.jar
Launcher Type: SUN_STANDARD

Environment Variables:
JAVA_HOME=C:\Program Files\Java\jdk1.8.0_65
PATH=C:\ProgramData\Oracle\Java\javapath;C:\Program Files (x86)\Razer Chroma SDK\bin;C:\Program Files\Razer Chroma SDK\bin;C:\Program Files (x86)\NVIDIA Corporation\PhysX\Common;C:\Program Files (x86)\Intel\iCLS Client\;C:\Program Files\Intel\iCLS Client\;C:\Windows\system32;C:\Windows;C:\Windows\System32\Wbem;C:\Windows\System32\WindowsPowerShell\v1.0\;C:\Program Files\Intel\Intel(R) Management Engine Components\DAL;C:\Program Files (x86)\Intel\Intel(R) Management Engine Components\DAL;C:\Program Files\Intel\Intel(R) Management Engine Components\IPT;C:\Program Files (x86)\Intel\Intel(R) Management Engine Components\IPT;C:\Program Files\Java\jre1.8.0_65\bin;C:\MinGW\bin;C:\WINDOWS\system32;C:\WINDOWS;C:\WINDOWS\System32\Wbem;C:\WINDOWS\System32\WindowsPowerShell\v1.0\;D:\Program Files (x86)\CMake\bin;D:\Program Files\Programs\Python\Python35-32;D:\Program Files\Programs\Python\Python35-32\Scripts;C:\Program Files (x86)\Skype\Phone\;D:\Program Files\Programs\Python\Python35-32\Scripts\;D:\Program Files\Programs\Python\Python35-32\
USERNAME=Kelan
OS=Windows_NT
PROCESSOR_IDENTIFIER=Intel64 Family 6 Model 60 Stepping 3, GenuineIntel



---------------  S Y S T E M  ---------------

OS: Windows 10.0 , 64 bit Build 10586 (10.0.10586.0)

CPU:total 8 (4 cores per cpu, 2 threads per core) family 6 model 60 stepping 3, cmov, cx8, fxsr, mmx, sse, sse2, sse3, ssse3, sse4.1, sse4.2, popcnt, avx, avx2, aes, clmul, erms, lzcnt, ht, tsc, tscinvbit, bmi1, bmi2

Memory: 4k page, physical 16609500k(3106540k free), swap 33386716k(15244760k free)

vm_info: Java HotSpot(TM) 64-Bit Server VM (25.65-b01) for windows-amd64 JRE (1.8.0_65-b17), built on Oct  6 2015 16:39:20 by "java_re" with MS VC++ 10.0 (VS2010)

time: Sun Apr 10 22:45:58 2016
elapsed time: 3 seconds (0d 0h 0m 3s)

