#
# A fatal error has been detected by the Java Runtime Environment:
#
#  EXCEPTION_ACCESS_VIOLATION (0xc0000005) at pc=0x00007ffdd3e624b9, pid=12300, tid=10660
#
# JRE version: Java(TM) SE Runtime Environment (8.0_65-b17) (build 1.8.0_65-b17)
# Java VM: Java HotSpot(TM) 64-Bit Server VM (25.65-b01 mixed mode windows-amd64 compressed oops)
# Problematic frame:
# C  [glfw.dll+0x24b9]
#
# Failed to write core dump. Minidumps are not enabled by default on client versions of Windows
#
# If you would like to submit a bug report, please visit:
#   http://bugreport.java.com/bugreport/crash.jsp
# The crash happened outside the Java Virtual Machine in native code.
# See problematic frame for where to report the bug.
#

---------------  T H R E A D  ---------------

Current thread (0x000000001e20f000):  JavaThread "CLIENT" [_thread_in_native, id=10660, stack(0x000000001ef20000,0x000000001f020000)]

siginfo: ExceptionCode=0xc0000005, reading address 0x0000000000000000

Registers:
RAX=0x0000000000000000, RBX=0x000000001b9af240, RCX=0x0000000000000000, RDX=0x0000000000000000
RSP=0x000000001f01f270, RBP=0x000000001f01f328, RSI=0x0000000000000108, RDI=0x00000000004bb4e0
R8 =0x000000001f01f268, R9 =0x000000001f01f328, R10=0x0000000000000000, R11=0x0000000000000246
R12=0x0000000000000000, R13=0x000000001b9af240, R14=0x000000001f01f360, R15=0x000000001e20f000
RIP=0x00007ffdd3e624b9, EFLAGS=0x0000000000010283

Top of Stack: (sp=0x000000001f01f270)
0x000000001f01f270:   000000001e20f000 000000001e20f000
0x000000001f01f280:   000000001e20f000 000000001e20f000
0x000000001f01f290:   00000000000003ef 00000000025adfcc
0x000000001f01f2a0:   000000001b9af240 0000000070615005
0x000000001f01f2b0:   000000001b9550c8 000000000258e800
0x000000001f01f2c0:   000000000000000e 000000001e20f000
0x000000001f01f2d0:   000000001b9cb9c8 000000007052aea4
0x000000001f01f2e0:   000000001e20f000 000000001f01f2e8
0x000000001f01f2f0:   0000000000000000 000000001f01f360
0x000000001f01f300:   000000001b9af9e0 0000000000000000
0x000000001f01f310:   000000001b9af240 0000000000000000
0x000000001f01f320:   000000001f01f348 000000001f01f3a8
0x000000001f01f330:   0000000002597d8d 00000006c2806118
0x000000001f01f340:   00000000025a42f8 00000000004bb4e0
0x000000001f01f350:   00000000025978a0 00007ffdd3e62420
0x000000001f01f360:   0000000000000001 000000001f01f368 

Instructions: (pc=0x00007ffdd3e624b9)
0x00007ffdd3e62499:   48 8b cf e8 1f 3a 00 00 48 39 3d f0 d5 02 00 48
0x00007ffdd3e624a9:   8d 0d e9 d5 02 00 48 8b 5c 24 30 74 08 48 8b 09
0x00007ffdd3e624b9:   48 39 39 75 f8 48 8b 07 48 89 01 48 8b cf 48 83
0x00007ffdd3e624c9:   c4 20 5f e9 5b fe 00 00 48 83 c4 20 5f c3 cc cc 


Register to memory mapping:

RAX=0x0000000000000000 is an unknown value
RBX={method} {0x000000001b9af248} 'invokePV' '(JJ)V' in 'org/lwjgl/system/JNI'
RCX=0x0000000000000000 is an unknown value
RDX=0x0000000000000000 is an unknown value
RSP=0x000000001f01f270 is pointing into the stack for thread: 0x000000001e20f000
RBP=0x000000001f01f328 is pointing into the stack for thread: 0x000000001e20f000
RSI=0x0000000000000108 is an unknown value
RDI=0x00000000004bb4e0 is an unknown value
R8 =0x000000001f01f268 is pointing into the stack for thread: 0x000000001e20f000
R9 =0x000000001f01f328 is pointing into the stack for thread: 0x000000001e20f000
R10=0x0000000000000000 is an unknown value
R11=0x0000000000000246 is an unknown value
R12=0x0000000000000000 is an unknown value
R13={method} {0x000000001b9af248} 'invokePV' '(JJ)V' in 'org/lwjgl/system/JNI'
R14=0x000000001f01f360 is pointing into the stack for thread: 0x000000001e20f000
R15=0x000000001e20f000 is a thread


Stack: [0x000000001ef20000,0x000000001f020000],  sp=0x000000001f01f270,  free space=1020k
Native frames: (J=compiled Java code, j=interpreted, Vv=VM code, C=native code)
C  [glfw.dll+0x24b9]
C  0x00000000025adfcc

Java frames: (J=compiled Java code, j=interpreted, Vv=VM code)
j  org.lwjgl.system.JNI.invokePV(JJ)V+0
j  org.lwjgl.glfw.GLFW.glfwDestroyCursor(J)V+20
j  main.client.Window.destroyWindow()V+9
j  main.coreEngine.Engine.stop()V+70
j  main.client.Window.update()V+33
j  main.client.renderEngine.RenderEngine.render()V+38
j  main.client.ClientThread.tick()V+12
j  main.coreEngine.TickableThread.run()V+469
v  ~StubRoutines::call_stub

---------------  P R O C E S S  ---------------

Java Threads: ( => current thread )
  0x000000001e20f800 JavaThread "SERVER" [_thread_in_Java, id=12516, stack(0x000000001f020000,0x000000001f120000)]
=>0x000000001e20f000 JavaThread "CLIENT" [_thread_in_native, id=10660, stack(0x000000001ef20000,0x000000001f020000)]
  0x000000001e117800 JavaThread "Service Thread" daemon [_thread_blocked, id=5804, stack(0x000000001ed20000,0x000000001ee20000)]
  0x000000001e085000 JavaThread "C1 CompilerThread3" daemon [_thread_blocked, id=3832, stack(0x000000001ec20000,0x000000001ed20000)]
  0x000000001e07a000 JavaThread "C2 CompilerThread2" daemon [_thread_blocked, id=9400, stack(0x000000001eb20000,0x000000001ec20000)]
  0x000000001e079800 JavaThread "C2 CompilerThread1" daemon [_thread_blocked, id=12932, stack(0x000000001ea20000,0x000000001eb20000)]
  0x000000001e07e000 JavaThread "C2 CompilerThread0" daemon [_thread_blocked, id=368, stack(0x000000001e920000,0x000000001ea20000)]
  0x000000001e064000 JavaThread "JDWP Command Reader" daemon [_thread_in_native, id=6960, stack(0x000000001e820000,0x000000001e920000)]
  0x000000001e063000 JavaThread "JDWP Event Helper Thread" daemon [_thread_blocked, id=7612, stack(0x000000001e720000,0x000000001e820000)]
  0x000000001e055800 JavaThread "JDWP Transport Listener: dt_socket" daemon [_thread_blocked, id=9436, stack(0x000000001e620000,0x000000001e720000)]
  0x000000001e048000 JavaThread "Attach Listener" daemon [_thread_blocked, id=7768, stack(0x000000001e520000,0x000000001e620000)]
  0x000000001e047000 JavaThread "Signal Dispatcher" daemon [_thread_blocked, id=1188, stack(0x000000001e420000,0x000000001e520000)]
  0x000000000258a800 JavaThread "Finalizer" daemon [_thread_blocked, id=11004, stack(0x000000001de30000,0x000000001df30000)]
  0x0000000002584000 JavaThread "Reference Handler" daemon [_thread_blocked, id=8920, stack(0x000000001dd30000,0x000000001de30000)]
  0x00000000009ae000 JavaThread "main" [_thread_in_Java, id=12304, stack(0x0000000002390000,0x0000000002490000)]

Other Threads:
  0x000000001bf29800 VMThread [stack: 0x000000001dc30000,0x000000001dd30000] [id=5184]
  0x000000001e122800 WatcherThread [stack: 0x000000001ee20000,0x000000001ef20000] [id=12052]

VM state:not at safepoint (normal execution)

VM Mutex/Monitor currently owned by a thread: None

Heap:
 PSYoungGen      total 230400K, used 168172K [0x000000076b800000, 0x0000000784e00000, 0x00000007c0000000)
  eden space 229888K, 73% used [0x000000076b800000,0x0000000775c23030,0x0000000779880000)
  from space 512K, 18% used [0x0000000784d80000,0x0000000784d98000,0x0000000784e00000)
  to   space 2048K, 0% used [0x0000000784a00000,0x0000000784a00000,0x0000000784c00000)
 ParOldGen       total 173568K, used 1268K [0x00000006c2800000, 0x00000006cd180000, 0x000000076b800000)
  object space 173568K, 0% used [0x00000006c2800000,0x00000006c293d080,0x00000006cd180000)
 Metaspace       used 8114K, capacity 8646K, committed 8960K, reserved 1056768K
  class space    used 651K, capacity 690K, committed 768K, reserved 1048576K

Card table byte_map: [0x0000000011950000,0x0000000012140000] byte_map_base: 0x000000000e33c000

Marking Bits: (ParMarkBitMap*) 0x0000000070c0a5b0
 Begin Bits: [0x0000000012e90000, 0x0000000016df0000)
 End Bits:   [0x0000000016df0000, 0x000000001ad50000)

Polling page: 0x00000000009e0000

CodeCache: size=245760Kb used=2617Kb max_used=2622Kb free=243142Kb
 bounds [0x0000000002590000, 0x0000000002830000, 0x0000000011590000]
 total_blobs=1191 nmethods=542 adapters=570
 compilation: enabled

Compilation events (10 events):
Event: 1.751 Thread 0x000000001e085000  538  s    3       java.nio.Bits::unreserveMemory (58 bytes)
Event: 1.751 Thread 0x000000001e085000 nmethod 538 0x000000000281ce90 code [0x000000000281d000, 0x000000000281d390]
Event: 1.835 Thread 0x000000001e07e000  539       4       java.lang.ThreadLocal::get (38 bytes)
Event: 1.835 Thread 0x000000001e079800  540       4       java.lang.ThreadLocal$ThreadLocalMap::getEntry (42 bytes)
Event: 1.835 Thread 0x000000001e079800 nmethod 540 0x00000000028201d0 code [0x0000000002820320, 0x0000000002820498]
Event: 1.836 Thread 0x000000001e07e000 nmethod 539 0x000000000281e790 code [0x000000000281e8e0, 0x000000000281ea98]
Event: 1.868 Thread 0x000000001e085000  542   !   3       java.nio.Bits::reserveMemory (165 bytes)
Event: 1.868 Thread 0x000000001e085000 nmethod 542 0x000000000281ef90 code [0x000000000281f1a0, 0x000000000281fd58]
Event: 1.868 Thread 0x000000001e085000  543       3       java.nio.DirectByteBuffer$Deallocator::<init> (41 bytes)
Event: 1.868 Thread 0x000000001e085000 nmethod 543 0x000000000281e010 code [0x000000000281e180, 0x000000000281e350]

GC Heap History (10 events):
Event: 0.890 GC heap before
{Heap before GC invocations=8 (full 0):
 PSYoungGen      total 131584K, used 130773K [0x000000076b800000, 0x000000077b900000, 0x00000007c0000000)
  eden space 129536K, 100% used [0x000000076b800000,0x0000000773680000,0x0000000773680000)
  from space 2048K, 60% used [0x0000000773680000,0x00000007737b5510,0x0000000773880000)
  to   space 2048K, 0% used [0x000000077b700000,0x000000077b700000,0x000000077b900000)
 ParOldGen       total 173568K, used 652K [0x00000006c2800000, 0x00000006cd180000, 0x000000076b800000)
  object space 173568K, 0% used [0x00000006c2800000,0x00000006c28a3060,0x00000006cd180000)
 Metaspace       used 8091K, capacity 8646K, committed 8960K, reserved 1056768K
  class space    used 651K, capacity 690K, committed 768K, reserved 1048576K
Event: 0.891 GC heap after
Heap after GC invocations=8 (full 0):
 PSYoungGen      total 261120K, used 1106K [0x000000076b800000, 0x000000077b900000, 0x00000007c0000000)
  eden space 259072K, 0% used [0x000000076b800000,0x000000076b800000,0x000000077b500000)
  from space 2048K, 54% used [0x000000077b700000,0x000000077b814b98,0x000000077b900000)
  to   space 2048K, 0% used [0x000000077b500000,0x000000077b500000,0x000000077b700000)
 ParOldGen       total 173568K, used 788K [0x00000006c2800000, 0x00000006cd180000, 0x000000076b800000)
  object space 173568K, 0% used [0x00000006c2800000,0x00000006c28c5060,0x00000006cd180000)
 Metaspace       used 8091K, capacity 8646K, committed 8960K, reserved 1056768K
  class space    used 651K, capacity 690K, committed 768K, reserved 1048576K
}
Event: 1.122 GC heap before
{Heap before GC invocations=9 (full 0):
 PSYoungGen      total 261120K, used 260178K [0x000000076b800000, 0x000000077b900000, 0x00000007c0000000)
  eden space 259072K, 100% used [0x000000076b800000,0x000000077b500000,0x000000077b500000)
  from space 2048K, 54% used [0x000000077b700000,0x000000077b814b98,0x000000077b900000)
  to   space 2048K, 0% used [0x000000077b500000,0x000000077b500000,0x000000077b700000)
 ParOldGen       total 173568K, used 788K [0x00000006c2800000, 0x00000006cd180000, 0x000000076b800000)
  object space 173568K, 0% used [0x00000006c2800000,0x00000006c28c5060,0x00000006cd180000)
 Metaspace       used 8096K, capacity 8646K, committed 8960K, reserved 1056768K
  class space    used 651K, capacity 690K, committed 768K, reserved 1048576K
Event: 1.123 GC heap after
Heap after GC invocations=9 (full 0):
 PSYoungGen      total 261120K, used 352K [0x000000076b800000, 0x0000000785100000, 0x00000007c0000000)
  eden space 259072K, 0% used [0x000000076b800000,0x000000076b800000,0x000000077b500000)
  from space 2048K, 17% used [0x000000077b500000,0x000000077b558000,0x000000077b700000)
  to   space 2048K, 0% used [0x0000000784f00000,0x0000000784f00000,0x0000000785100000)
 ParOldGen       total 173568K, used 988K [0x00000006c2800000, 0x00000006cd180000, 0x000000076b800000)
  object space 173568K, 0% used [0x00000006c2800000,0x00000006c28f7060,0x00000006cd180000)
 Metaspace       used 8096K, capacity 8646K, committed 8960K, reserved 1056768K
  class space    used 651K, capacity 690K, committed 768K, reserved 1048576K
}
Event: 1.334 GC heap before
{Heap before GC invocations=10 (full 0):
 PSYoungGen      total 261120K, used 259424K [0x000000076b800000, 0x0000000785100000, 0x00000007c0000000)
  eden space 259072K, 100% used [0x000000076b800000,0x000000077b500000,0x000000077b500000)
  from space 2048K, 17% used [0x000000077b500000,0x000000077b558000,0x000000077b700000)
  to   space 2048K, 0% used [0x0000000784f00000,0x0000000784f00000,0x0000000785100000)
 ParOldGen       total 173568K, used 988K [0x00000006c2800000, 0x00000006cd180000, 0x000000076b800000)
  object space 173568K, 0% used [0x00000006c2800000,0x00000006c28f7060,0x00000006cd180000)
 Metaspace       used 8097K, capacity 8646K, committed 8960K, reserved 1056768K
  class space    used 651K, capacity 690K, committed 768K, reserved 1048576K
Event: 1.334 GC heap after
Heap after GC invocations=10 (full 0):
 PSYoungGen      total 249344K, used 192K [0x000000076b800000, 0x0000000784f80000, 0x00000007c0000000)
  eden space 248832K, 0% used [0x000000076b800000,0x000000076b800000,0x000000077ab00000)
  from space 512K, 37% used [0x0000000784f00000,0x0000000784f30000,0x0000000784f80000)
  to   space 2048K, 0% used [0x0000000784b80000,0x0000000784b80000,0x0000000784d80000)
 ParOldGen       total 173568K, used 1252K [0x00000006c2800000, 0x00000006cd180000, 0x000000076b800000)
  object space 173568K, 0% used [0x00000006c2800000,0x00000006c2939080,0x00000006cd180000)
 Metaspace       used 8097K, capacity 8646K, committed 8960K, reserved 1056768K
  class space    used 651K, capacity 690K, committed 768K, reserved 1048576K
}
Event: 1.536 GC heap before
{Heap before GC invocations=11 (full 0):
 PSYoungGen      total 249344K, used 249024K [0x000000076b800000, 0x0000000784f80000, 0x00000007c0000000)
  eden space 248832K, 100% used [0x000000076b800000,0x000000077ab00000,0x000000077ab00000)
  from space 512K, 37% used [0x0000000784f00000,0x0000000784f30000,0x0000000784f80000)
  to   space 2048K, 0% used [0x0000000784b80000,0x0000000784b80000,0x0000000784d80000)
 ParOldGen       total 173568K, used 1252K [0x00000006c2800000, 0x00000006cd180000, 0x000000076b800000)
  object space 173568K, 0% used [0x00000006c2800000,0x00000006c2939080,0x00000006cd180000)
 Metaspace       used 8108K, capacity 8646K, committed 8960K, reserved 1056768K
  class space    used 651K, capacity 690K, committed 768K, reserved 1048576K
Event: 1.536 GC heap after
Heap after GC invocations=11 (full 0):
 PSYoungGen      total 241152K, used 224K [0x000000076b800000, 0x0000000784f80000, 0x00000007c0000000)
  eden space 239104K, 0% used [0x000000076b800000,0x000000076b800000,0x000000077a180000)
  from space 2048K, 10% used [0x0000000784b80000,0x0000000784bb8000,0x0000000784d80000)
  to   space 2048K, 0% used [0x0000000784d80000,0x0000000784d80000,0x0000000784f80000)
 ParOldGen       total 173568K, used 1268K [0x00000006c2800000, 0x00000006cd180000, 0x000000076b800000)
  object space 173568K, 0% used [0x00000006c2800000,0x00000006c293d080,0x00000006cd180000)
 Metaspace       used 8108K, capacity 8646K, committed 8960K, reserved 1056768K
  class space    used 651K, capacity 690K, committed 768K, reserved 1048576K
}
Event: 1.750 GC heap before
{Heap before GC invocations=12 (full 0):
 PSYoungGen      total 241152K, used 239328K [0x000000076b800000, 0x0000000784f80000, 0x00000007c0000000)
  eden space 239104K, 100% used [0x000000076b800000,0x000000077a180000,0x000000077a180000)
  from space 2048K, 10% used [0x0000000784b80000,0x0000000784bb8000,0x0000000784d80000)
  to   space 2048K, 0% used [0x0000000784d80000,0x0000000784d80000,0x0000000784f80000)
 ParOldGen       total 173568K, used 1268K [0x00000006c2800000, 0x00000006cd180000, 0x000000076b800000)
  object space 173568K, 0% used [0x00000006c2800000,0x00000006c293d080,0x00000006cd180000)
 Metaspace       used 8112K, capacity 8646K, committed 8960K, reserved 1056768K
  class space    used 651K, capacity 690K, committed 768K, reserved 1048576K
Event: 1.750 GC heap after
Heap after GC invocations=12 (full 0):
 PSYoungGen      total 230400K, used 96K [0x000000076b800000, 0x0000000784e00000, 0x00000007c0000000)
  eden space 229888K, 0% used [0x000000076b800000,0x000000076b800000,0x0000000779880000)
  from space 512K, 18% used [0x0000000784d80000,0x0000000784d98000,0x0000000784e00000)
  to   space 2048K, 0% used [0x0000000784a00000,0x0000000784a00000,0x0000000784c00000)
 ParOldGen       total 173568K, used 1268K [0x00000006c2800000, 0x00000006cd180000, 0x000000076b800000)
  object space 173568K, 0% used [0x00000006c2800000,0x00000006c293d080,0x00000006cd180000)
 Metaspace       used 8112K, capacity 8646K, committed 8960K, reserved 1056768K
  class space    used 651K, capacity 690K, committed 768K, reserved 1048576K
}

Deoptimization events (10 events):
Event: 0.399 Thread 0x000000001e20f000 Uncommon trap: reason=bimorphic action=maybe_recompile pc=0x00000000026e09c0 method=java.util.HashMap.getNode(ILjava/lang/Object;)Ljava/util/HashMap$Node; @ 126
Event: 0.400 Thread 0x000000001e20f000 Uncommon trap: reason=bimorphic action=maybe_recompile pc=0x00000000026e09c0 method=java.util.HashMap.getNode(ILjava/lang/Object;)Ljava/util/HashMap$Node; @ 126
Event: 0.406 Thread 0x000000001e20f000 Uncommon trap: reason=unstable_if action=reinterpret pc=0x00000000026d5118 method=java.util.HashMap.keySet()Ljava/util/Set; @ 6
Event: 0.796 Thread 0x000000001e20f000 Uncommon trap: reason=unstable_if action=reinterpret pc=0x00000000026d4e84 method=java.util.HashMap.clear()V @ 16
Event: 0.796 Thread 0x000000001e20f000 Uncommon trap: reason=unstable_if action=reinterpret pc=0x00000000026da088 method=java.util.HashMap$HashIterator.<init>(Ljava/util/HashMap;)V @ 38
Event: 0.796 Thread 0x00000000009ae000 Uncommon trap: reason=unstable_if action=reinterpret pc=0x00000000026f0730 method=main.coreEngine.TickableThread.invoke(Ljava/lang/String;[Ljava/lang/Object;)V @ 53
Event: 0.796 Thread 0x000000001e20f000 Uncommon trap: reason=unstable_if action=reinterpret pc=0x00000000026d5358 method=java.util.HashMap.clear()V @ 16
Event: 0.796 Thread 0x000000001e20f800 Uncommon trap: reason=unstable_if action=reinterpret pc=0x0000000002732e34 method=main.coreEngine.TickableThread.run()V @ 58
Event: 0.833 Thread 0x00000000009ae000 Uncommon trap: reason=unstable_if action=reinterpret pc=0x00000000027f6c30 method=main.coreEngine.Engine.start()V @ 163
Event: 0.891 Thread 0x000000001e20f800 Uncommon trap: reason=unstable_if action=reinterpret pc=0x0000000002805374 method=main.coreEngine.TickableThread.run()V @ 461

Internal exceptions (8 events):
Event: 0.022 Thread 0x00000000009ae000 Exception <a 'java/lang/NoSuchMethodError': Method sun.misc.Unsafe.defineClass(Ljava/lang/String;[BII)Ljava/lang/Class; name or signature does not match> (0x000000076b80da30) thrown at [C:\workspace\8-2-build-windows-amd64-cygwin\jdk8u65\4987\hotspot\src\s&Þ€ï‡–?
Event: 0.022 Thread 0x00000000009ae000 Exception <a 'java/lang/NoSuchMethodError': Method sun.misc.Unsafe.prefetchRead(Ljava/lang/Object;J)V name or signature does not match> (0x000000076b80dd18) thrown at [C:\workspace\8-2-build-windows-amd64-cygwin\jdk8u65\4987\hotspot\src\share\vm\prims\jni.R°–A‚Ù?
Event: 0.399 Thread 0x000000001e20f000 Implicit null exception at 0x00000000026e200f to 0x00000000026e2371
Event: 0.399 Thread 0x000000001e20f000 Exception <a 'java/security/PrivilegedActionException'> (0x000000076e254ef0) thrown at [C:\workspace\8-2-build-windows-amd64-cygwin\jdk8u65\4987\hotspot\src\share\vm\prims\jvm.cpp, line 1386]
Event: 0.399 Thread 0x000000001e20f000 Exception <a 'java/security/PrivilegedActionException'> (0x000000076e2552e8) thrown at [C:\workspace\8-2-build-windows-amd64-cygwin\jdk8u65\4987\hotspot\src\share\vm\prims\jvm.cpp, line 1386]
Event: 0.400 Thread 0x000000001e20f000 Exception <a 'java/security/PrivilegedActionException'> (0x000000076e259500) thrown at [C:\workspace\8-2-build-windows-amd64-cygwin\jdk8u65\4987\hotspot\src\share\vm\prims\jvm.cpp, line 1386]
Event: 0.400 Thread 0x000000001e20f000 Exception <a 'java/security/PrivilegedActionException'> (0x000000076e2598f8) thrown at [C:\workspace\8-2-build-windows-amd64-cygwin\jdk8u65\4987\hotspot\src\share\vm\prims\jvm.cpp, line 1386]
Event: 0.796 Thread 0x00000000009ae000 Implicit null exception at 0x00000000026f013c to 0x00000000026f0709

Events (10 events):
Event: 0.891 Thread 0x000000001e20f800 DEOPT PACKING pc=0x0000000002805374 sp=0x000000001f11efc0
Event: 0.891 Thread 0x000000001e20f800 DEOPT UNPACKING pc=0x00000000025d582a sp=0x000000001f11f020 mode 2
Event: 1.122 Executing VM operation: ParallelGCFailedAllocation
Event: 1.123 Executing VM operation: ParallelGCFailedAllocation done
Event: 1.334 Executing VM operation: ParallelGCFailedAllocation
Event: 1.334 Executing VM operation: ParallelGCFailedAllocation done
Event: 1.536 Executing VM operation: ParallelGCFailedAllocation
Event: 1.537 Executing VM operation: ParallelGCFailedAllocation done
Event: 1.750 Executing VM operation: ParallelGCFailedAllocation
Event: 1.751 Executing VM operation: ParallelGCFailedAllocation done


Dynamic libraries:
0x00007ff67ba00000 - 0x00007ff67ba37000 	C:\Program Files\Java\jdk1.8.0_65\bin\java.exe
0x00007ffde4980000 - 0x00007ffde4b41000 	C:\WINDOWS\SYSTEM32\ntdll.dll
0x00007ffde42a0000 - 0x00007ffde434d000 	C:\WINDOWS\system32\KERNEL32.DLL
0x00007ffde19f0000 - 0x00007ffde1bd8000 	C:\WINDOWS\system32\KERNELBASE.dll
0x00007ffde1e70000 - 0x00007ffde1f17000 	C:\WINDOWS\system32\ADVAPI32.dll
0x00007ffde3800000 - 0x00007ffde389d000 	C:\WINDOWS\system32\msvcrt.dll
0x00007ffde1e10000 - 0x00007ffde1e6b000 	C:\WINDOWS\system32\sechost.dll
0x00007ffde3bd0000 - 0x00007ffde3cec000 	C:\WINDOWS\system32\RPCRT4.dll
0x00007ffde3fe0000 - 0x00007ffde4136000 	C:\WINDOWS\system32\USER32.dll
0x00007ffde3cf0000 - 0x00007ffde3e76000 	C:\WINDOWS\system32\GDI32.dll
0x00007ffddd690000 - 0x00007ffddd904000 	C:\WINDOWS\WinSxS\amd64_microsoft.windows.common-controls_6595b64144ccf1df_6.0.10586.0_none_8c15ae12515e1c22\COMCTL32.dll
0x00007ffde3950000 - 0x00007ffde3bcd000 	C:\WINDOWS\system32\combase.dll
0x00007ffde1cf0000 - 0x00007ffde1d5a000 	C:\WINDOWS\system32\bcryptPrimitives.dll
0x00007ffde1dc0000 - 0x00007ffde1dfb000 	C:\WINDOWS\system32\IMM32.DLL
0x0000000070c90000 - 0x0000000070d62000 	C:\Program Files\Java\jdk1.8.0_65\jre\bin\msvcr100.dll
0x0000000070400000 - 0x0000000070c89000 	C:\Program Files\Java\jdk1.8.0_65\jre\bin\server\jvm.dll
0x00007ffde4290000 - 0x00007ffde4298000 	C:\WINDOWS\system32\PSAPI.DLL
0x00007ffdd8550000 - 0x00007ffdd8559000 	C:\WINDOWS\SYSTEM32\WSOCK32.dll
0x00007ffddf730000 - 0x00007ffddf753000 	C:\WINDOWS\SYSTEM32\WINMM.dll
0x00007ffddd9c0000 - 0x00007ffddd9ca000 	C:\WINDOWS\SYSTEM32\VERSION.dll
0x00007ffde4470000 - 0x00007ffde44db000 	C:\WINDOWS\system32\WS2_32.dll
0x00000000009b0000 - 0x00000000009dc000 	C:\WINDOWS\SYSTEM32\WINMMBASE.dll
0x00007ffde1be0000 - 0x00007ffde1c23000 	C:\WINDOWS\system32\cfgmgr32.dll
0x00000000703f0000 - 0x00000000703ff000 	C:\Program Files\Java\jdk1.8.0_65\jre\bin\verify.dll
0x00000000703c0000 - 0x00000000703e9000 	C:\Program Files\Java\jdk1.8.0_65\jre\bin\java.dll
0x0000000070380000 - 0x00000000703b5000 	C:\Program Files\Java\jdk1.8.0_65\jre\bin\jdwp.dll
0x0000000070370000 - 0x0000000070378000 	C:\Program Files\Java\jdk1.8.0_65\jre\bin\npt.dll
0x0000000070350000 - 0x0000000070366000 	C:\Program Files\Java\jdk1.8.0_65\jre\bin\zip.dll
0x00007ffde1f80000 - 0x00007ffde34dc000 	C:\WINDOWS\system32\SHELL32.dll
0x00007ffde11d0000 - 0x00007ffde1815000 	C:\WINDOWS\system32\windows.storage.dll
0x00007ffde36b0000 - 0x00007ffde3702000 	C:\WINDOWS\system32\shlwapi.dll
0x00007ffde0fb0000 - 0x00007ffde0fbf000 	C:\WINDOWS\system32\kernel.appcore.dll
0x00007ffde1c30000 - 0x00007ffde1ce5000 	C:\WINDOWS\system32\shcore.dll
0x00007ffde0fc0000 - 0x00007ffde100b000 	C:\WINDOWS\system32\powrprof.dll
0x00007ffde0f80000 - 0x00007ffde0f94000 	C:\WINDOWS\system32\profapi.dll
0x0000000070340000 - 0x0000000070349000 	C:\Program Files\Java\jdk1.8.0_65\jre\bin\dt_socket.dll
0x00007ffde08b0000 - 0x00007ffde090c000 	C:\WINDOWS\system32\mswsock.dll
0x00007ffdcfc70000 - 0x00007ffdcfcf8000 	D:\Code\Java\Projects\WireEngine20\lib\native\lwjgl.dll
0x00007ffde0a80000 - 0x00007ffde0a8b000 	C:\WINDOWS\SYSTEM32\CRYPTBASE.DLL
0x00007ffdd4610000 - 0x00007ffdd4652000 	D:\Code\Java\Projects\WireEngine20\lib\native\jemalloc.dll
0x00007ffdd3e60000 - 0x00007ffdd3e98000 	D:\Code\Java\Projects\WireEngine20\lib\native\glfw.dll
0x00007ffddf850000 - 0x00007ffddf8e6000 	C:\WINDOWS\system32\uxtheme.dll
0x00007ffdde650000 - 0x00007ffdde672000 	C:\WINDOWS\SYSTEM32\dwmapi.dll
0x00007ffdc8b70000 - 0x00007ffdc8c99000 	C:\WINDOWS\SYSTEM32\opengl32.dll
0x00007ffdcfb70000 - 0x00007ffdcfb9e000 	C:\WINDOWS\SYSTEM32\GLU32.dll
0x00007ffdc68b0000 - 0x00007ffdc69aa000 	C:\WINDOWS\SYSTEM32\DDRAW.dll
0x00007ffdd47a0000 - 0x00007ffdd47a8000 	C:\WINDOWS\SYSTEM32\DCIMAN32.dll
0x00007ffde3e80000 - 0x00007ffde3fda000 	C:\WINDOWS\system32\MSCTF.dll
0x00007ffdcb820000 - 0x00007ffdcb869000 	C:\Program Files (x86)\TeamViewer\tv_x64.dll
0x00007ffde4140000 - 0x00007ffde4283000 	C:\WINDOWS\system32\ole32.dll
0x000000006e3c0000 - 0x0000000070109000 	C:\WINDOWS\SYSTEM32\nvoglv64.DLL
0x00007ffde4550000 - 0x00007ffde4979000 	C:\WINDOWS\system32\SETUPAPI.dll
0x00007ffddf2f0000 - 0x00007ffddf303000 	C:\WINDOWS\SYSTEM32\WTSAPI32.dll
0x00007ffddf9a0000 - 0x00007ffddf9c7000 	C:\WINDOWS\SYSTEM32\DEVOBJ.dll
0x00007ffde1170000 - 0x00007ffde11c5000 	C:\WINDOWS\system32\WINTRUST.dll
0x00007ffde0fa0000 - 0x00007ffde0fb0000 	C:\WINDOWS\system32\MSASN1.dll
0x00007ffde1820000 - 0x00007ffde19e7000 	C:\WINDOWS\system32\CRYPT32.dll
0x00007ffde04d0000 - 0x00007ffde0501000 	C:\WINDOWS\SYSTEM32\ntmarta.dll
0x00007ffde0220000 - 0x00007ffde0276000 	C:\WINDOWS\SYSTEM32\WINSTA.dll
0x00007ffde38a0000 - 0x00007ffde3947000 	C:\WINDOWS\system32\clbcatq.dll
0x00007ffdddd50000 - 0x00007ffdddd75000 	C:\Program Files (x86)\Samsung\Easy Printer Manager\SmartScreenPrint\CDAKEYMonitor64.dll
0x00007ffde3730000 - 0x00007ffde37f1000 	C:\WINDOWS\system32\OLEAUT32.dll
0x00007ffdb9de0000 - 0x00007ffdb9f6c000 	C:\WINDOWS\SYSTEM32\dbghelp.dll

VM Arguments:
jvm_args: -agentlib:jdwp=transport=dt_socket,address=127.0.0.1:63744,suspend=y,server=n -Djava.library.path=lib/native/ -Dfile.encoding=UTF-8 
java_command: main.Main
java_class_path (initial): C:\Program Files\Java\jdk1.8.0_65\jre\lib\charsets.jar;C:\Program Files\Java\jdk1.8.0_65\jre\lib\deploy.jar;C:\Program Files\Java\jdk1.8.0_65\jre\lib\ext\access-bridge-64.jar;C:\Program Files\Java\jdk1.8.0_65\jre\lib\ext\cldrdata.jar;C:\Program Files\Java\jdk1.8.0_65\jre\lib\ext\dnsns.jar;C:\Program Files\Java\jdk1.8.0_65\jre\lib\ext\jaccess.jar;C:\Program Files\Java\jdk1.8.0_65\jre\lib\ext\jfxrt.jar;C:\Program Files\Java\jdk1.8.0_65\jre\lib\ext\localedata.jar;C:\Program Files\Java\jdk1.8.0_65\jre\lib\ext\nashorn.jar;C:\Program Files\Java\jdk1.8.0_65\jre\lib\ext\sunec.jar;C:\Program Files\Java\jdk1.8.0_65\jre\lib\ext\sunjce_provider.jar;C:\Program Files\Java\jdk1.8.0_65\jre\lib\ext\sunmscapi.jar;C:\Program Files\Java\jdk1.8.0_65\jre\lib\ext\sunpkcs11.jar;C:\Program Files\Java\jdk1.8.0_65\jre\lib\ext\zipfs.jar;C:\Program Files\Java\jdk1.8.0_65\jre\lib\javaws.jar;C:\Program Files\Java\jdk1.8.0_65\jre\lib\jce.jar;C:\Program Files\Java\jdk1.8.0_65\jre\lib\jfr.jar;C:\Program Files\Java\jdk1.8.0_65\jre\lib\jfxswt.jar;C:\Program Files\Java\jdk1.8.0_65\jre\lib\jsse.jar;C:\Program Files\Java\jdk1.8.0_65\jre\lib\management-agent.jar;C:\Program Files\Java\jdk1.8.0_65\jre\lib\plugin.jar;C:\Program Files\Java\jdk1.8.0_65\jre\lib\resources.jar;C:\Program Files\Java\jdk1.8.0_65\jre\lib\rt.jar;D:\Code\Java\Projects\WireEngine20\out\production\WireEngine20;D:\Code\Java\Projects\WireEngine20\lib\jar\lwjgl.jar;D:\Code\Java\Projects\WireEngine20\lib\jar\slick-util.jar;D:\Program Files (x86)\JetBrains\IntelliJ IDEA 2016.1\lib\idea_rt.jar
Launcher Type: SUN_STANDARD

Environment Variables:
JAVA_HOME=C:\Program Files\Java\jdk1.8.0_65
PATH=C:\ProgramData\Oracle\Java\javapath;C:\Program Files (x86)\Razer Chroma SDK\bin;C:\Program Files\Razer Chroma SDK\bin;C:\Program Files (x86)\NVIDIA Corporation\PhysX\Common;C:\Program Files (x86)\Intel\iCLS Client\;C:\Program Files\Intel\iCLS Client\;C:\Windows\system32;C:\Windows;C:\Windows\System32\Wbem;C:\Windows\System32\WindowsPowerShell\v1.0\;C:\Program Files\Intel\Intel(R) Management Engine Components\DAL;C:\Program Files (x86)\Intel\Intel(R) Management Engine Components\DAL;C:\Program Files\Intel\Intel(R) Management Engine Components\IPT;C:\Program Files (x86)\Intel\Intel(R) Management Engine Components\IPT;C:\Program Files\Java\jre1.8.0_65\bin;C:\MinGW\bin;C:\WINDOWS\system32;C:\WINDOWS;C:\WINDOWS\System32\Wbem;C:\WINDOWS\System32\WindowsPowerShell\v1.0\;D:\Program Files (x86)\CMake\bin;D:\Program Files\Programs\Python\Python35-32;D:\Program Files\Programs\Python\Python35-32\Scripts;C:\Program Files (x86)\Skype\Phone\;D:\Program Files\Programs\Python\Python35-32\Scripts\;D:\Program Files\Programs\Python\Python35-32\
USERNAME=Kelan
OS=Windows_NT
PROCESSOR_IDENTIFIER=Intel64 Family 6 Model 60 Stepping 3, GenuineIntel



---------------  S Y S T E M  ---------------

OS: Windows 10.0 , 64 bit Build 10586 (10.0.10586.0)

CPU:total 8 (4 cores per cpu, 2 threads per core) family 6 model 60 stepping 3, cmov, cx8, fxsr, mmx, sse, sse2, sse3, ssse3, sse4.1, sse4.2, popcnt, avx, avx2, aes, clmul, erms, lzcnt, ht, tsc, tscinvbit, bmi1, bmi2

Memory: 4k page, physical 16609500k(1509120k free), swap 33386716k(13636556k free)

vm_info: Java HotSpot(TM) 64-Bit Server VM (25.65-b01) for windows-amd64 JRE (1.8.0_65-b17), built on Oct  6 2015 16:39:20 by "java_re" with MS VC++ 10.0 (VS2010)

time: Thu Apr 14 15:02:46 2016
elapsed time: 1 seconds (0d 0h 0m 1s)

