#
# A fatal error has been detected by the Java Runtime Environment:
#
#  EXCEPTION_ACCESS_VIOLATION (0xc0000005) at pc=0x00007ffdd40d24b9, pid=11428, tid=13360
#
# JRE version: Java(TM) SE Runtime Environment (8.0_65-b17) (build 1.8.0_65-b17)
# Java VM: Java HotSpot(TM) 64-Bit Server VM (25.65-b01 mixed mode windows-amd64 compressed oops)
# Problematic frame:
# C  [glfw.dll+0x24b9]
#
# Failed to write core dump. Minidumps are not enabled by default on client versions of Windows
#
# If you would like to submit a bug report, please visit:
#   http://bugreport.java.com/bugreport/crash.jsp
# The crash happened outside the Java Virtual Machine in native code.
# See problematic frame for where to report the bug.
#

---------------  T H R E A D  ---------------

Current thread (0x000000001e21c800):  JavaThread "CLIENT" [_thread_in_native, id=13360, stack(0x000000001ef40000,0x000000001f040000)]

siginfo: ExceptionCode=0xc0000005, reading address 0x0000000000000000

Registers:
RAX=0x0000000000000000, RBX=0x000000001b9fec50, RCX=0x0000000000000000, RDX=0x0000000000000000
RSP=0x000000001f03ec20, RBP=0x000000001f03ecb0, RSI=0x0000000000000108, RDI=0x00000000004bbfe0
R8 =0x000000001f03ec18, R9 =0x000000001f03ecb0, R10=0x0000000000000000, R11=0x0000000000000246
R12=0x0000000000000000, R13=0x000000001f03ecc8, R14=0x000000001f03eca0, R15=0x000000001e21c800
RIP=0x00007ffdd40d24b9, EFLAGS=0x0000000000010283

Top of Stack: (sp=0x000000001f03ec20)
0x000000001f03ec20:   0000000000000000 0000000000000108
0x000000001f03ec30:   000000001b9a53e8 000000001bf81660
0x000000001f03ec40:   000000000000230e 000000000289e88a
0x000000001f03ec50:   000000001b9fec50 000000007052aea4
0x000000001f03ec60:   000000001e21c800 000000001e21c800
0x000000001f03ec70:   000000001e21c800 0000000000000000
0x000000001f03ec80:   000000001e20d2c0 00000000704b5eba
0x000000001f03ec90:   000000001f03f538 000000001f03ed28
0x000000001f03eca0:   00000006c2804170 000000000000230d
0x000000001f03ecb0:   000000001f03ed28 00000000025e7d8d
0x000000001f03ecc0:   00000000025e7d8d 00000000004bbfe0
0x000000001f03ecd0:   00000000025e78a0 00007ffdd40d2420
0x000000001f03ece0:   0000000000000001 000000001f03ece8
0x000000001f03ecf0:   000000001ba18a8c 000000001f03ed50
0x000000001f03ed00:   000000001ba1aa50 0000000000000000
0x000000001f03ed10:   000000001ba18ab8 000000001f03ecc8 

Instructions: (pc=0x00007ffdd40d24b9)
0x00007ffdd40d2499:   48 8b cf e8 1f 3a 00 00 48 39 3d f0 d5 02 00 48
0x00007ffdd40d24a9:   8d 0d e9 d5 02 00 48 8b 5c 24 30 74 08 48 8b 09
0x00007ffdd40d24b9:   48 39 39 75 f8 48 8b 07 48 89 01 48 8b cf 48 83
0x00007ffdd40d24c9:   c4 20 5f e9 5b fe 00 00 48 83 c4 20 5f c3 cc cc 


Register to memory mapping:

RAX=0x0000000000000000 is an unknown value
RBX={method} {0x000000001b9fec58} 'invokePV' '(JJ)V' in 'org/lwjgl/system/JNI'
RCX=0x0000000000000000 is an unknown value
RDX=0x0000000000000000 is an unknown value
RSP=0x000000001f03ec20 is pointing into the stack for thread: 0x000000001e21c800
RBP=0x000000001f03ecb0 is pointing into the stack for thread: 0x000000001e21c800
RSI=0x0000000000000108 is an unknown value
RDI=0x00000000004bbfe0 is an unknown value
R8 =0x000000001f03ec18 is pointing into the stack for thread: 0x000000001e21c800
R9 =0x000000001f03ecb0 is pointing into the stack for thread: 0x000000001e21c800
R10=0x0000000000000000 is an unknown value
R11=0x0000000000000246 is an unknown value
R12=0x0000000000000000 is an unknown value
R13=0x000000001f03ecc8 is pointing into the stack for thread: 0x000000001e21c800
R14=0x000000001f03eca0 is pointing into the stack for thread: 0x000000001e21c800
R15=0x000000001e21c800 is a thread


Stack: [0x000000001ef40000,0x000000001f040000],  sp=0x000000001f03ec20,  free space=1019k
Native frames: (J=compiled Java code, j=interpreted, Vv=VM code, C=native code)
C  [glfw.dll+0x24b9]
C  0x000000000289e88a

Java frames: (J=compiled Java code, j=interpreted, Vv=VM code)
J 560  org.lwjgl.system.JNI.invokePV(JJ)V (0 bytes) @ 0x000000000289e804 [0x000000000289e7c0+0x44]
j  org.lwjgl.glfw.GLFW.glfwDestroyCursor(J)V+20
j  main.client.Window.destroyWindow()V+9
j  main.coreEngine.Engine.stop()V+70
J 610 C1 main.client.Window.update()V (47 bytes) @ 0x00000000028d4594 [0x00000000028d3c40+0x954]
J 587 C1 main.client.renderEngine.RenderEngine.render()V (51 bytes) @ 0x00000000028b37ac [0x00000000028b2820+0xf8c]
J 563 C1 main.client.ClientThread.tick()V (64 bytes) @ 0x000000000289f834 [0x000000000289f300+0x534]
J 435% C1 main.coreEngine.TickableThread.run()V (481 bytes) @ 0x0000000002846d5c [0x0000000002842480+0x48dc]
v  ~StubRoutines::call_stub

---------------  P R O C E S S  ---------------

Java Threads: ( => current thread )
  0x000000001e21e000 JavaThread "SERVER" [_thread_in_Java, id=7988, stack(0x000000001f040000,0x000000001f140000)]
=>0x000000001e21c800 JavaThread "CLIENT" [_thread_in_native, id=13360, stack(0x000000001ef40000,0x000000001f040000)]
  0x000000001e126000 JavaThread "Service Thread" daemon [_thread_blocked, id=8716, stack(0x000000001ed40000,0x000000001ee40000)]
  0x000000001e0a3800 JavaThread "C1 CompilerThread3" daemon [_thread_blocked, id=1380, stack(0x000000001ec40000,0x000000001ed40000)]
  0x000000001e098800 JavaThread "C2 CompilerThread2" daemon [_thread_blocked, id=252, stack(0x000000001eb40000,0x000000001ec40000)]
  0x000000001e097800 JavaThread "C2 CompilerThread1" daemon [_thread_blocked, id=9692, stack(0x000000001ea40000,0x000000001eb40000)]
  0x000000001e09c800 JavaThread "C2 CompilerThread0" daemon [_thread_blocked, id=7528, stack(0x000000001e940000,0x000000001ea40000)]
  0x000000001e082000 JavaThread "JDWP Command Reader" daemon [_thread_in_native, id=12488, stack(0x000000001e840000,0x000000001e940000)]
  0x000000001e07f000 JavaThread "JDWP Event Helper Thread" daemon [_thread_blocked, id=13716, stack(0x000000001e740000,0x000000001e840000)]
  0x000000001e071800 JavaThread "JDWP Transport Listener: dt_socket" daemon [_thread_blocked, id=1688, stack(0x000000001e640000,0x000000001e740000)]
  0x000000001e067800 JavaThread "Attach Listener" daemon [_thread_blocked, id=8320, stack(0x000000001e540000,0x000000001e640000)]
  0x000000001e066000 JavaThread "Signal Dispatcher" daemon [_thread_blocked, id=7504, stack(0x000000001e440000,0x000000001e540000)]
  0x00000000025db000 JavaThread "Finalizer" daemon [_thread_blocked, id=8728, stack(0x000000001de60000,0x000000001df60000)]
  0x00000000025d3000 JavaThread "Reference Handler" daemon [_thread_blocked, id=8652, stack(0x000000001dd60000,0x000000001de60000)]
  0x000000000239e000 JavaThread "main" [_thread_in_Java, id=6824, stack(0x00000000023e0000,0x00000000024e0000)]

Other Threads:
  0x000000001bf79800 VMThread [stack: 0x000000001dc60000,0x000000001dd60000] [id=3132]
  0x000000001e14f800 WatcherThread [stack: 0x000000001ee40000,0x000000001ef40000] [id=10796]

VM state:not at safepoint (normal execution)

VM Mutex/Monitor currently owned by a thread: None

Heap:
 PSYoungGen      total 46592K, used 18368K [0x000000076b800000, 0x0000000784000000, 0x00000007c0000000)
  eden space 46080K, 39% used [0x000000076b800000,0x000000076c9e8278,0x000000076e500000)
  from space 512K, 6% used [0x0000000783f80000,0x0000000783f88000,0x0000000784000000)
  to   space 512K, 0% used [0x0000000783f00000,0x0000000783f00000,0x0000000783f80000)
 ParOldGen       total 173568K, used 1580K [0x00000006c2800000, 0x00000006cd180000, 0x000000076b800000)
  object space 173568K, 0% used [0x00000006c2800000,0x00000006c298b060,0x00000006cd180000)
 Metaspace       used 8095K, capacity 8646K, committed 8960K, reserved 1056768K
  class space    used 646K, capacity 690K, committed 768K, reserved 1048576K

Card table byte_map: [0x00000000119a0000,0x0000000012190000] byte_map_base: 0x000000000e38c000

Marking Bits: (ParMarkBitMap*) 0x0000000070c0a5b0
 Begin Bits: [0x0000000012ee0000, 0x0000000016e40000)
 End Bits:   [0x0000000016e40000, 0x000000001ada0000)

Polling page: 0x0000000000460000

CodeCache: size=245760Kb used=2971Kb max_used=3014Kb free=242788Kb
 bounds [0x00000000025e0000, 0x00000000028e0000, 0x00000000115e0000]
 total_blobs=1242 nmethods=596 adapters=567
 compilation: enabled

Compilation events (10 events):
Event: 30.274 Thread 0x000000001e09c800  624  s    4       java.nio.Bits::unreserveMemory (58 bytes)
Event: 30.275 Thread 0x000000001e09c800 nmethod 624 0x0000000002723390 code [0x00000000027234e0, 0x00000000027237b8]
Event: 30.415 Thread 0x000000001e098800  625       4       java.nio.DirectByteBuffer$Deallocator::<init> (9 bytes)
Event: 30.416 Thread 0x000000001e098800 nmethod 625 0x00000000026f9210 code [0x00000000026f9340, 0x00000000026f93b8]
Event: 30.465 Thread 0x000000001e097800  626       4       main.coreEngine.sceneGraph.Node::render (75 bytes)
Event: 30.476 Thread 0x000000001e09c800  627       4       main.coreEngine.sceneGraph.Node::tick (75 bytes)
Event: 30.491 Thread 0x000000001e09c800 nmethod 627 0x0000000002750410 code [0x0000000002750680, 0x0000000002751be8]
Event: 30.496 Thread 0x000000001e097800 nmethod 626 0x000000000274abd0 code [0x000000000274afa0, 0x000000000274d9e0]
Event: 30.582 Thread 0x000000001e098800  628   !   4       sun.misc.Cleaner::clean (35 bytes)
Event: 30.585 Thread 0x000000001e098800 nmethod 628 0x000000000272e110 code [0x000000000272e2a0, 0x000000000272e9a8]

GC Heap History (10 events):
Event: 37.346 GC heap before
{Heap before GC invocations=580 (full 0):
 PSYoungGen      total 49664K, used 49344K [0x000000076b800000, 0x0000000784000000, 0x00000007c0000000)
  eden space 49152K, 100% used [0x000000076b800000,0x000000076e800000,0x000000076e800000)
  from space 512K, 37% used [0x0000000783f00000,0x0000000783f30000,0x0000000783f80000)
  to   space 512K, 0% used [0x0000000783f80000,0x0000000783f80000,0x0000000784000000)
 ParOldGen       total 173568K, used 1556K [0x00000006c2800000, 0x00000006cd180000, 0x000000076b800000)
  object space 173568K, 0% used [0x00000006c2800000,0x00000006c2985060,0x00000006cd180000)
 Metaspace       used 8094K, capacity 8646K, committed 8960K, reserved 1056768K
  class space    used 646K, capacity 690K, committed 768K, reserved 1048576K
Event: 37.347 GC heap after
Heap after GC invocations=580 (full 0):
 PSYoungGen      total 48640K, used 128K [0x000000076b800000, 0x0000000784000000, 0x00000007c0000000)
  eden space 48128K, 0% used [0x000000076b800000,0x000000076b800000,0x000000076e700000)
  from space 512K, 25% used [0x0000000783f80000,0x0000000783fa0000,0x0000000784000000)
  to   space 512K, 0% used [0x0000000783f00000,0x0000000783f00000,0x0000000783f80000)
 ParOldGen       total 173568K, used 1556K [0x00000006c2800000, 0x00000006cd180000, 0x000000076b800000)
  object space 173568K, 0% used [0x00000006c2800000,0x00000006c2985060,0x00000006cd180000)
 Metaspace       used 8094K, capacity 8646K, committed 8960K, reserved 1056768K
  class space    used 646K, capacity 690K, committed 768K, reserved 1048576K
}
Event: 37.400 GC heap before
{Heap before GC invocations=581 (full 0):
 PSYoungGen      total 48640K, used 48256K [0x000000076b800000, 0x0000000784000000, 0x00000007c0000000)
  eden space 48128K, 100% used [0x000000076b800000,0x000000076e700000,0x000000076e700000)
  from space 512K, 25% used [0x0000000783f80000,0x0000000783fa0000,0x0000000784000000)
  to   space 512K, 0% used [0x0000000783f00000,0x0000000783f00000,0x0000000783f80000)
 ParOldGen       total 173568K, used 1556K [0x00000006c2800000, 0x00000006cd180000, 0x000000076b800000)
  object space 173568K, 0% used [0x00000006c2800000,0x00000006c2985060,0x00000006cd180000)
 Metaspace       used 8094K, capacity 8646K, committed 8960K, reserved 1056768K
  class space    used 646K, capacity 690K, committed 768K, reserved 1048576K
Event: 37.401 GC heap after
Heap after GC invocations=581 (full 0):
 PSYoungGen      total 48128K, used 160K [0x000000076b800000, 0x0000000784000000, 0x00000007c0000000)
  eden space 47616K, 0% used [0x000000076b800000,0x000000076b800000,0x000000076e680000)
  from space 512K, 31% used [0x0000000783f00000,0x0000000783f28000,0x0000000783f80000)
  to   space 512K, 0% used [0x0000000783f80000,0x0000000783f80000,0x0000000784000000)
 ParOldGen       total 173568K, used 1556K [0x00000006c2800000, 0x00000006cd180000, 0x000000076b800000)
  object space 173568K, 0% used [0x00000006c2800000,0x00000006c2985060,0x00000006cd180000)
 Metaspace       used 8094K, capacity 8646K, committed 8960K, reserved 1056768K
  class space    used 646K, capacity 690K, committed 768K, reserved 1048576K
}
Event: 37.451 GC heap before
{Heap before GC invocations=582 (full 0):
 PSYoungGen      total 48128K, used 47776K [0x000000076b800000, 0x0000000784000000, 0x00000007c0000000)
  eden space 47616K, 100% used [0x000000076b800000,0x000000076e680000,0x000000076e680000)
  from space 512K, 31% used [0x0000000783f00000,0x0000000783f28000,0x0000000783f80000)
  to   space 512K, 0% used [0x0000000783f80000,0x0000000783f80000,0x0000000784000000)
 ParOldGen       total 173568K, used 1556K [0x00000006c2800000, 0x00000006cd180000, 0x000000076b800000)
  object space 173568K, 0% used [0x00000006c2800000,0x00000006c2985060,0x00000006cd180000)
 Metaspace       used 8094K, capacity 8646K, committed 8960K, reserved 1056768K
  class space    used 646K, capacity 690K, committed 768K, reserved 1048576K
Event: 37.452 GC heap after
Heap after GC invocations=582 (full 0):
 PSYoungGen      total 47616K, used 128K [0x000000076b800000, 0x0000000784000000, 0x00000007c0000000)
  eden space 47104K, 0% used [0x000000076b800000,0x000000076b800000,0x000000076e600000)
  from space 512K, 25% used [0x0000000783f80000,0x0000000783fa0000,0x0000000784000000)
  to   space 512K, 0% used [0x0000000783f00000,0x0000000783f00000,0x0000000783f80000)
 ParOldGen       total 173568K, used 1556K [0x00000006c2800000, 0x00000006cd180000, 0x000000076b800000)
  object space 173568K, 0% used [0x00000006c2800000,0x00000006c2985060,0x00000006cd180000)
 Metaspace       used 8094K, capacity 8646K, committed 8960K, reserved 1056768K
  class space    used 646K, capacity 690K, committed 768K, reserved 1048576K
}
Event: 37.510 GC heap before
{Heap before GC invocations=583 (full 0):
 PSYoungGen      total 47616K, used 47232K [0x000000076b800000, 0x0000000784000000, 0x00000007c0000000)
  eden space 47104K, 100% used [0x000000076b800000,0x000000076e600000,0x000000076e600000)
  from space 512K, 25% used [0x0000000783f80000,0x0000000783fa0000,0x0000000784000000)
  to   space 512K, 0% used [0x0000000783f00000,0x0000000783f00000,0x0000000783f80000)
 ParOldGen       total 173568K, used 1556K [0x00000006c2800000, 0x00000006cd180000, 0x000000076b800000)
  object space 173568K, 0% used [0x00000006c2800000,0x00000006c2985060,0x00000006cd180000)
 Metaspace       used 8094K, capacity 8646K, committed 8960K, reserved 1056768K
  class space    used 646K, capacity 690K, committed 768K, reserved 1048576K
Event: 37.511 GC heap after
Heap after GC invocations=583 (full 0):
 PSYoungGen      total 47104K, used 32K [0x000000076b800000, 0x0000000784000000, 0x00000007c0000000)
  eden space 46592K, 0% used [0x000000076b800000,0x000000076b800000,0x000000076e580000)
  from space 512K, 6% used [0x0000000783f00000,0x0000000783f08000,0x0000000783f80000)
  to   space 512K, 0% used [0x0000000783f80000,0x0000000783f80000,0x0000000784000000)
 ParOldGen       total 173568K, used 1580K [0x00000006c2800000, 0x00000006cd180000, 0x000000076b800000)
  object space 173568K, 0% used [0x00000006c2800000,0x00000006c298b060,0x00000006cd180000)
 Metaspace       used 8094K, capacity 8646K, committed 8960K, reserved 1056768K
  class space    used 646K, capacity 690K, committed 768K, reserved 1048576K
}
Event: 37.558 GC heap before
{Heap before GC invocations=584 (full 0):
 PSYoungGen      total 47104K, used 46624K [0x000000076b800000, 0x0000000784000000, 0x00000007c0000000)
  eden space 46592K, 100% used [0x000000076b800000,0x000000076e580000,0x000000076e580000)
  from space 512K, 6% used [0x0000000783f00000,0x0000000783f08000,0x0000000783f80000)
  to   space 512K, 0% used [0x0000000783f80000,0x0000000783f80000,0x0000000784000000)
 ParOldGen       total 173568K, used 1580K [0x00000006c2800000, 0x00000006cd180000, 0x000000076b800000)
  object space 173568K, 0% used [0x00000006c2800000,0x00000006c298b060,0x00000006cd180000)
 Metaspace       used 8094K, capacity 8646K, committed 8960K, reserved 1056768K
  class space    used 646K, capacity 690K, committed 768K, reserved 1048576K
Event: 37.558 GC heap after
Heap after GC invocations=584 (full 0):
 PSYoungGen      total 46592K, used 32K [0x000000076b800000, 0x0000000784000000, 0x00000007c0000000)
  eden space 46080K, 0% used [0x000000076b800000,0x000000076b800000,0x000000076e500000)
  from space 512K, 6% used [0x0000000783f80000,0x0000000783f88000,0x0000000784000000)
  to   space 512K, 0% used [0x0000000783f00000,0x0000000783f00000,0x0000000783f80000)
 ParOldGen       total 173568K, used 1580K [0x00000006c2800000, 0x00000006cd180000, 0x000000076b800000)
  object space 173568K, 0% used [0x00000006c2800000,0x00000006c298b060,0x00000006cd180000)
 Metaspace       used 8094K, capacity 8646K, committed 8960K, reserved 1056768K
  class space    used 646K, capacity 690K, committed 768K, reserved 1048576K
}

Deoptimization events (10 events):
Event: 0.131 Thread 0x000000001e21c800 Uncommon trap: reason=unstable_if action=reinterpret pc=0x00000000027213a4 method=java.util.HashMap$HashIterator.<init>(Ljava/util/HashMap;)V @ 38
Event: 0.139 Thread 0x000000001e21c800 Uncommon trap: reason=bimorphic action=maybe_recompile pc=0x000000000272a7c0 method=java.util.HashMap.getNode(ILjava/lang/Object;)Ljava/util/HashMap$Node; @ 126
Event: 0.361 Thread 0x000000001e21c800 Uncommon trap: reason=bimorphic action=maybe_recompile pc=0x000000000272a7c0 method=java.util.HashMap.getNode(ILjava/lang/Object;)Ljava/util/HashMap$Node; @ 126
Event: 0.362 Thread 0x000000001e21c800 Uncommon trap: reason=bimorphic action=maybe_recompile pc=0x000000000272a7c0 method=java.util.HashMap.getNode(ILjava/lang/Object;)Ljava/util/HashMap$Node; @ 126
Event: 0.367 Thread 0x000000001e21c800 Uncommon trap: reason=unstable_if action=reinterpret pc=0x0000000002722e18 method=java.util.HashMap.keySet()Ljava/util/Set; @ 6
Event: 0.589 Thread 0x000000001e21c800 Uncommon trap: reason=unstable_if action=reinterpret pc=0x0000000002721684 method=java.util.HashMap.clear()V @ 16
Event: 0.589 Thread 0x000000001e21c800 Uncommon trap: reason=unstable_if action=reinterpret pc=0x0000000002723058 method=java.util.HashMap.clear()V @ 16
Event: 0.589 Thread 0x000000000239e000 Uncommon trap: reason=unstable_if action=reinterpret pc=0x000000000273b7ac method=main.coreEngine.TickableThread.invoke(Ljava/lang/String;[Ljava/lang/Object;)V @ 53
Event: 0.589 Thread 0x000000001e21e000 Uncommon trap: reason=unstable_if action=reinterpret pc=0x000000000276d2b4 method=main.coreEngine.TickableThread.run()V @ 58
Event: 0.693 Thread 0x000000001e21e000 Uncommon trap: reason=predicate action=maybe_recompile pc=0x00000000028605c0 method=main.coreEngine.TickableThread.run()V @ 464

Internal exceptions (8 events):
Event: 0.029 Thread 0x000000000239e000 Exception <a 'java/lang/NoSuchMethodError': Method sun.misc.Unsafe.defineClass(Ljava/lang/String;[BII)Ljava/lang/Class; name or signature does not match> (0x000000076b80d9b8) thrown at [C:\workspace\8-2-build-windows-amd64-cygwin\jdk8u65\4987\hotspot\src\sÃ∏'˘ù?
Event: 0.029 Thread 0x000000000239e000 Exception <a 'java/lang/NoSuchMethodError': Method sun.misc.Unsafe.prefetchRead(Ljava/lang/Object;J)V name or signature does not match> (0x000000076b80dca0) thrown at [C:\workspace\8-2-build-windows-amd64-cygwin\jdk8u65\4987\hotspot\src\share\vm\prims\jni.)L ¸ƒ?
Event: 0.156 Thread 0x000000001e21c800 Exception <a 'java/lang/ArrayIndexOutOfBoundsException': -1> (0x000000076c5be9e8) thrown at [C:\workspace\8-2-build-windows-amd64-cygwin\jdk8u65\4987\hotspot\src\share\vm\interpreter\interpreterRuntime.cpp, line 366]
Event: 0.362 Thread 0x000000001e21c800 Exception <a 'java/security/PrivilegedActionException'> (0x000000076b9791e8) thrown at [C:\workspace\8-2-build-windows-amd64-cygwin\jdk8u65\4987\hotspot\src\share\vm\prims\jvm.cpp, line 1386]
Event: 0.362 Thread 0x000000001e21c800 Exception <a 'java/security/PrivilegedActionException'> (0x000000076b9795e0) thrown at [C:\workspace\8-2-build-windows-amd64-cygwin\jdk8u65\4987\hotspot\src\share\vm\prims\jvm.cpp, line 1386]
Event: 0.362 Thread 0x000000001e21c800 Exception <a 'java/security/PrivilegedActionException'> (0x000000076b97d7f8) thrown at [C:\workspace\8-2-build-windows-amd64-cygwin\jdk8u65\4987\hotspot\src\share\vm\prims\jvm.cpp, line 1386]
Event: 0.362 Thread 0x000000001e21c800 Exception <a 'java/security/PrivilegedActionException'> (0x000000076b97dbf0) thrown at [C:\workspace\8-2-build-windows-amd64-cygwin\jdk8u65\4987\hotspot\src\share\vm\prims\jvm.cpp, line 1386]
Event: 0.589 Thread 0x000000000239e000 Implicit null exception at 0x000000000273b1c4 to 0x000000000273b785

Events (10 events):
Event: 37.346 Executing VM operation: ParallelGCFailedAllocation
Event: 37.347 Executing VM operation: ParallelGCFailedAllocation done
Event: 37.400 Executing VM operation: ParallelGCFailedAllocation
Event: 37.401 Executing VM operation: ParallelGCFailedAllocation done
Event: 37.451 Executing VM operation: ParallelGCFailedAllocation
Event: 37.452 Executing VM operation: ParallelGCFailedAllocation done
Event: 37.510 Executing VM operation: ParallelGCFailedAllocation
Event: 37.511 Executing VM operation: ParallelGCFailedAllocation done
Event: 37.558 Executing VM operation: ParallelGCFailedAllocation
Event: 37.558 Executing VM operation: ParallelGCFailedAllocation done


Dynamic libraries:
0x00007ff75ee90000 - 0x00007ff75eec7000 	C:\Program Files\Java\jdk1.8.0_65\bin\java.exe
0x00007ffde4980000 - 0x00007ffde4b41000 	C:\WINDOWS\SYSTEM32\ntdll.dll
0x00007ffde42a0000 - 0x00007ffde434d000 	C:\WINDOWS\system32\KERNEL32.DLL
0x00007ffde19f0000 - 0x00007ffde1bd8000 	C:\WINDOWS\system32\KERNELBASE.dll
0x00007ffde1e70000 - 0x00007ffde1f17000 	C:\WINDOWS\system32\ADVAPI32.dll
0x00007ffde3800000 - 0x00007ffde389d000 	C:\WINDOWS\system32\msvcrt.dll
0x00007ffde1e10000 - 0x00007ffde1e6b000 	C:\WINDOWS\system32\sechost.dll
0x00007ffde3bd0000 - 0x00007ffde3cec000 	C:\WINDOWS\system32\RPCRT4.dll
0x00007ffde3fe0000 - 0x00007ffde4136000 	C:\WINDOWS\system32\USER32.dll
0x00007ffde3cf0000 - 0x00007ffde3e76000 	C:\WINDOWS\system32\GDI32.dll
0x00007ffddd690000 - 0x00007ffddd904000 	C:\WINDOWS\WinSxS\amd64_microsoft.windows.common-controls_6595b64144ccf1df_6.0.10586.0_none_8c15ae12515e1c22\COMCTL32.dll
0x00007ffde3950000 - 0x00007ffde3bcd000 	C:\WINDOWS\system32\combase.dll
0x00007ffde1cf0000 - 0x00007ffde1d5a000 	C:\WINDOWS\system32\bcryptPrimitives.dll
0x00007ffde1dc0000 - 0x00007ffde1dfb000 	C:\WINDOWS\system32\IMM32.DLL
0x0000000070c90000 - 0x0000000070d62000 	C:\Program Files\Java\jdk1.8.0_65\jre\bin\msvcr100.dll
0x0000000070400000 - 0x0000000070c89000 	C:\Program Files\Java\jdk1.8.0_65\jre\bin\server\jvm.dll
0x00007ffde4290000 - 0x00007ffde4298000 	C:\WINDOWS\system32\PSAPI.DLL
0x00007ffdd8550000 - 0x00007ffdd8559000 	C:\WINDOWS\SYSTEM32\WSOCK32.dll
0x00007ffddf730000 - 0x00007ffddf753000 	C:\WINDOWS\SYSTEM32\WINMM.dll
0x00007ffddd9c0000 - 0x00007ffddd9ca000 	C:\WINDOWS\SYSTEM32\VERSION.dll
0x00007ffde4470000 - 0x00007ffde44db000 	C:\WINDOWS\system32\WS2_32.dll
0x00007ffddf6d0000 - 0x00007ffddf6fc000 	C:\WINDOWS\SYSTEM32\WINMMBASE.dll
0x00007ffde1be0000 - 0x00007ffde1c23000 	C:\WINDOWS\system32\cfgmgr32.dll
0x00000000703f0000 - 0x00000000703ff000 	C:\Program Files\Java\jdk1.8.0_65\jre\bin\verify.dll
0x00000000703c0000 - 0x00000000703e9000 	C:\Program Files\Java\jdk1.8.0_65\jre\bin\java.dll
0x0000000070380000 - 0x00000000703b5000 	C:\Program Files\Java\jdk1.8.0_65\jre\bin\jdwp.dll
0x0000000070370000 - 0x0000000070378000 	C:\Program Files\Java\jdk1.8.0_65\jre\bin\npt.dll
0x0000000070350000 - 0x0000000070366000 	C:\Program Files\Java\jdk1.8.0_65\jre\bin\zip.dll
0x00007ffde1f80000 - 0x00007ffde34dc000 	C:\WINDOWS\system32\SHELL32.dll
0x00007ffde11d0000 - 0x00007ffde1815000 	C:\WINDOWS\system32\windows.storage.dll
0x00007ffde36b0000 - 0x00007ffde3702000 	C:\WINDOWS\system32\shlwapi.dll
0x00007ffde0fb0000 - 0x00007ffde0fbf000 	C:\WINDOWS\system32\kernel.appcore.dll
0x00007ffde1c30000 - 0x00007ffde1ce5000 	C:\WINDOWS\system32\shcore.dll
0x00007ffde0fc0000 - 0x00007ffde100b000 	C:\WINDOWS\system32\powrprof.dll
0x00007ffde0f80000 - 0x00007ffde0f94000 	C:\WINDOWS\system32\profapi.dll
0x0000000070340000 - 0x0000000070349000 	C:\Program Files\Java\jdk1.8.0_65\jre\bin\dt_socket.dll
0x00007ffde08b0000 - 0x00007ffde090c000 	C:\WINDOWS\system32\mswsock.dll
0x00007ffdcf260000 - 0x00007ffdcf2e8000 	D:\Code\Java\Projects\WireEngine20\lib\native\lwjgl.dll
0x00007ffde0a80000 - 0x00007ffde0a8b000 	C:\WINDOWS\SYSTEM32\CRYPTBASE.DLL
0x00007ffdc2750000 - 0x00007ffdc2792000 	D:\Code\Java\Projects\WireEngine20\lib\native\jemalloc.dll
0x00007ffdd40d0000 - 0x00007ffdd4108000 	D:\Code\Java\Projects\WireEngine20\lib\native\glfw.dll
0x00007ffddf850000 - 0x00007ffddf8e6000 	C:\WINDOWS\system32\uxtheme.dll
0x00007ffdde650000 - 0x00007ffdde672000 	C:\WINDOWS\SYSTEM32\dwmapi.dll
0x00007ffdc8b70000 - 0x00007ffdc8c99000 	C:\WINDOWS\SYSTEM32\opengl32.dll
0x00007ffdc6920000 - 0x00007ffdc6a1a000 	C:\WINDOWS\SYSTEM32\DDRAW.dll
0x00007ffdcd0c0000 - 0x00007ffdcd0ee000 	C:\WINDOWS\SYSTEM32\GLU32.dll
0x00007ffddaa30000 - 0x00007ffddaa38000 	C:\WINDOWS\SYSTEM32\DCIMAN32.dll
0x00007ffde3e80000 - 0x00007ffde3fda000 	C:\WINDOWS\system32\MSCTF.dll
0x00007ffdc9cc0000 - 0x00007ffdc9d09000 	C:\Program Files (x86)\TeamViewer\tv_x64.dll
0x00007ffde4140000 - 0x00007ffde4283000 	C:\WINDOWS\system32\ole32.dll
0x000000006e5f0000 - 0x0000000070339000 	C:\WINDOWS\SYSTEM32\nvoglv64.DLL
0x00007ffde4550000 - 0x00007ffde4979000 	C:\WINDOWS\system32\SETUPAPI.dll
0x00007ffddf2f0000 - 0x00007ffddf303000 	C:\WINDOWS\SYSTEM32\WTSAPI32.dll
0x00007ffddf9a0000 - 0x00007ffddf9c7000 	C:\WINDOWS\SYSTEM32\DEVOBJ.dll
0x00007ffde1170000 - 0x00007ffde11c5000 	C:\WINDOWS\system32\WINTRUST.dll
0x00007ffde0fa0000 - 0x00007ffde0fb0000 	C:\WINDOWS\system32\MSASN1.dll
0x00007ffde1820000 - 0x00007ffde19e7000 	C:\WINDOWS\system32\CRYPT32.dll
0x00007ffde04d0000 - 0x00007ffde0501000 	C:\WINDOWS\SYSTEM32\ntmarta.dll
0x00007ffde0220000 - 0x00007ffde0276000 	C:\WINDOWS\SYSTEM32\WINSTA.dll
0x00007ffde38a0000 - 0x00007ffde3947000 	C:\WINDOWS\system32\clbcatq.dll
0x00007ffdb9de0000 - 0x00007ffdb9f6c000 	C:\WINDOWS\SYSTEM32\dbghelp.dll

VM Arguments:
jvm_args: -agentlib:jdwp=transport=dt_socket,address=127.0.0.1:51981,suspend=y,server=n -Djava.library.path=lib/native/ -Dfile.encoding=UTF-8 
java_command: main.Main
java_class_path (initial): C:\Program Files\Java\jdk1.8.0_65\jre\lib\charsets.jar;C:\Program Files\Java\jdk1.8.0_65\jre\lib\deploy.jar;C:\Program Files\Java\jdk1.8.0_65\jre\lib\ext\access-bridge-64.jar;C:\Program Files\Java\jdk1.8.0_65\jre\lib\ext\cldrdata.jar;C:\Program Files\Java\jdk1.8.0_65\jre\lib\ext\dnsns.jar;C:\Program Files\Java\jdk1.8.0_65\jre\lib\ext\jaccess.jar;C:\Program Files\Java\jdk1.8.0_65\jre\lib\ext\jfxrt.jar;C:\Program Files\Java\jdk1.8.0_65\jre\lib\ext\localedata.jar;C:\Program Files\Java\jdk1.8.0_65\jre\lib\ext\nashorn.jar;C:\Program Files\Java\jdk1.8.0_65\jre\lib\ext\sunec.jar;C:\Program Files\Java\jdk1.8.0_65\jre\lib\ext\sunjce_provider.jar;C:\Program Files\Java\jdk1.8.0_65\jre\lib\ext\sunmscapi.jar;C:\Program Files\Java\jdk1.8.0_65\jre\lib\ext\sunpkcs11.jar;C:\Program Files\Java\jdk1.8.0_65\jre\lib\ext\zipfs.jar;C:\Program Files\Java\jdk1.8.0_65\jre\lib\javaws.jar;C:\Program Files\Java\jdk1.8.0_65\jre\lib\jce.jar;C:\Program Files\Java\jdk1.8.0_65\jre\lib\jfr.jar;C:\Program Files\Java\jdk1.8.0_65\jre\lib\jfxswt.jar;C:\Program Files\Java\jdk1.8.0_65\jre\lib\jsse.jar;C:\Program Files\Java\jdk1.8.0_65\jre\lib\management-agent.jar;C:\Program Files\Java\jdk1.8.0_65\jre\lib\plugin.jar;C:\Program Files\Java\jdk1.8.0_65\jre\lib\resources.jar;C:\Program Files\Java\jdk1.8.0_65\jre\lib\rt.jar;D:\Code\Java\Projects\WireEngine20\out\production\WireEngine20;D:\Code\Java\Projects\WireEngine20\lib\jar\lwjgl.jar;D:\Program Files (x86)\JetBrains\IntelliJ IDEA 2016.1\lib\idea_rt.jar
Launcher Type: SUN_STANDARD

Environment Variables:
JAVA_HOME=C:\Program Files\Java\jdk1.8.0_65
PATH=C:\ProgramData\Oracle\Java\javapath;C:\Program Files (x86)\Razer Chroma SDK\bin;C:\Program Files\Razer Chroma SDK\bin;C:\Program Files (x86)\NVIDIA Corporation\PhysX\Common;C:\Program Files (x86)\Intel\iCLS Client\;C:\Program Files\Intel\iCLS Client\;C:\Windows\system32;C:\Windows;C:\Windows\System32\Wbem;C:\Windows\System32\WindowsPowerShell\v1.0\;C:\Program Files\Intel\Intel(R) Management Engine Components\DAL;C:\Program Files (x86)\Intel\Intel(R) Management Engine Components\DAL;C:\Program Files\Intel\Intel(R) Management Engine Components\IPT;C:\Program Files (x86)\Intel\Intel(R) Management Engine Components\IPT;C:\Program Files\Java\jre1.8.0_65\bin;C:\MinGW\bin;C:\WINDOWS\system32;C:\WINDOWS;C:\WINDOWS\System32\Wbem;C:\WINDOWS\System32\WindowsPowerShell\v1.0\;D:\Program Files (x86)\CMake\bin;D:\Program Files\Programs\Python\Python35-32;D:\Program Files\Programs\Python\Python35-32\Scripts;C:\Program Files (x86)\Skype\Phone\;D:\Program Files\Programs\Python\Python35-32\Scripts\;D:\Program Files\Programs\Python\Python35-32\
USERNAME=Kelan
OS=Windows_NT
PROCESSOR_IDENTIFIER=Intel64 Family 6 Model 60 Stepping 3, GenuineIntel



---------------  S Y S T E M  ---------------

OS: Windows 10.0 , 64 bit Build 10586 (10.0.10586.0)

CPU:total 8 (4 cores per cpu, 2 threads per core) family 6 model 60 stepping 3, cmov, cx8, fxsr, mmx, sse, sse2, sse3, ssse3, sse4.1, sse4.2, popcnt, avx, avx2, aes, clmul, erms, lzcnt, ht, tsc, tscinvbit, bmi1, bmi2

Memory: 4k page, physical 16609500k(4070412k free), swap 33386716k(18126888k free)

vm_info: Java HotSpot(TM) 64-Bit Server VM (25.65-b01) for windows-amd64 JRE (1.8.0_65-b17), built on Oct  6 2015 16:39:20 by "java_re" with MS VC++ 10.0 (VS2010)

time: Sun Apr 10 15:58:09 2016
elapsed time: 37 seconds (0d 0h 0m 37s)

