#
# A fatal error has been detected by the Java Runtime Environment:
#
#  EXCEPTION_ACCESS_VIOLATION (0xc0000005) at pc=0x00007ffdc0f924b9, pid=2276, tid=2588
#
# JRE version: Java(TM) SE Runtime Environment (8.0_65-b17) (build 1.8.0_65-b17)
# Java VM: Java HotSpot(TM) 64-Bit Server VM (25.65-b01 mixed mode windows-amd64 compressed oops)
# Problematic frame:
# C  [glfw.dll+0x24b9]
#
# Failed to write core dump. Minidumps are not enabled by default on client versions of Windows
#
# If you would like to submit a bug report, please visit:
#   http://bugreport.java.com/bugreport/crash.jsp
# The crash happened outside the Java Virtual Machine in native code.
# See problematic frame for where to report the bug.
#

---------------  T H R E A D  ---------------

Current thread (0x000000001e219800):  JavaThread "CLIENT" [_thread_in_native, id=2588, stack(0x000000001ef20000,0x000000001f020000)]

siginfo: ExceptionCode=0xc0000005, reading address 0x0000000000000000

Registers:
RAX=0x0000000000000000, RBX=0x000000001b9d7888, RCX=0x0000000000000000, RDX=0x0000000000000000
RSP=0x000000001f01ef20, RBP=0x000000001f01efd0, RSI=0x0000000000000108, RDI=0x000000000055f8b0
R8 =0x000000001f01ef18, R9 =0x000000001f01efd0, R10=0x0000000000000000, R11=0x0000000000000246
R12=0x0000000000000000, R13=0x000000001b9d7888, R14=0x000000001f01f008, R15=0x000000001e219800
RIP=0x00007ffdc0f924b9, EFLAGS=0x0000000000010287

Top of Stack: (sp=0x000000001f01ef20)
0x000000001f01ef20:   000000001e219800 000000001e219800
0x000000001f01ef30:   000000001b9f1608 000000007052d610
0x000000001f01ef40:   0000000000000111 000000000258dfcc
0x000000001f01ef50:   000000001b9d7888 000000001bf62410
0x000000001f01ef60:   000000000000000e 000000001e219800
0x000000001f01ef70:   000000001b9f1608 000000007052aea4
0x000000001f01ef80:   000000001e219800 000000001e219800
0x000000001f01ef90:   000000001f01ef90 0000000000000000
0x000000001f01efa0:   000000001f01f008 000000001b9d8028
0x000000001f01efb0:   0000000000000000 000000001b9d7888
0x000000001f01efc0:   0000000000000000 000000001f01eff0
0x000000001f01efd0:   000000001f01f050 0000000002577d8d
0x000000001f01efe0:   00000006c2806150 00000000025842f8
0x000000001f01eff0:   000000000055f8b0 00000000025778a0
0x000000001f01f000:   00007ffdc0f92420 0000000000000001
0x000000001f01f010:   000000001f01f010 000000001b9f15dc 

Instructions: (pc=0x00007ffdc0f924b9)
0x00007ffdc0f92499:   48 8b cf e8 1f 3a 00 00 48 39 3d f0 d5 02 00 48
0x00007ffdc0f924a9:   8d 0d e9 d5 02 00 48 8b 5c 24 30 74 08 48 8b 09
0x00007ffdc0f924b9:   48 39 39 75 f8 48 8b 07 48 89 01 48 8b cf 48 83
0x00007ffdc0f924c9:   c4 20 5f e9 5b fe 00 00 48 83 c4 20 5f c3 cc cc 


Register to memory mapping:

RAX=0x0000000000000000 is an unknown value
RBX={method} {0x000000001b9d7890} 'invokePV' '(JJ)V' in 'org/lwjgl/system/JNI'
RCX=0x0000000000000000 is an unknown value
RDX=0x0000000000000000 is an unknown value
RSP=0x000000001f01ef20 is pointing into the stack for thread: 0x000000001e219800
RBP=0x000000001f01efd0 is pointing into the stack for thread: 0x000000001e219800
RSI=0x0000000000000108 is an unknown value
RDI=0x000000000055f8b0 is an unknown value
R8 =0x000000001f01ef18 is pointing into the stack for thread: 0x000000001e219800
R9 =0x000000001f01efd0 is pointing into the stack for thread: 0x000000001e219800
R10=0x0000000000000000 is an unknown value
R11=0x0000000000000246 is an unknown value
R12=0x0000000000000000 is an unknown value
R13={method} {0x000000001b9d7890} 'invokePV' '(JJ)V' in 'org/lwjgl/system/JNI'
R14=0x000000001f01f008 is pointing into the stack for thread: 0x000000001e219800
R15=0x000000001e219800 is a thread


Stack: [0x000000001ef20000,0x000000001f020000],  sp=0x000000001f01ef20,  free space=1019k
Native frames: (J=compiled Java code, j=interpreted, Vv=VM code, C=native code)
C  [glfw.dll+0x24b9]
C  0x000000000258dfcc

Java frames: (J=compiled Java code, j=interpreted, Vv=VM code)
j  org.lwjgl.system.JNI.invokePV(JJ)V+0
j  org.lwjgl.glfw.GLFW.glfwDestroyCursor(J)V+20
j  main.client.Window.destroyWindow()V+9
j  main.coreEngine.Engine.stop()V+70
j  main.client.Window.update()V+43
j  main.client.renderEngine.RenderEngine.render()V+29
j  main.client.ClientThread.tick()V+12
J 428% C1 main.coreEngine.TickableThread.run()V (481 bytes) @ 0x00000000027c781c [0x00000000027c2f40+0x48dc]
v  ~StubRoutines::call_stub

---------------  P R O C E S S  ---------------

Java Threads: ( => current thread )
  0x000000001e207000 JavaThread "SERVER" [_thread_in_Java, id=8584, stack(0x000000001f020000,0x000000001f120000)]
=>0x000000001e219800 JavaThread "CLIENT" [_thread_in_native, id=2588, stack(0x000000001ef20000,0x000000001f020000)]
  0x000000001e112800 JavaThread "Service Thread" daemon [_thread_blocked, id=13848, stack(0x000000001ed20000,0x000000001ee20000)]
  0x000000001e084000 JavaThread "C1 CompilerThread3" daemon [_thread_blocked, id=4736, stack(0x000000001ec20000,0x000000001ed20000)]
  0x000000001e077000 JavaThread "C2 CompilerThread2" daemon [_thread_blocked, id=4228, stack(0x000000001eb20000,0x000000001ec20000)]
  0x000000001e076000 JavaThread "C2 CompilerThread1" daemon [_thread_blocked, id=11552, stack(0x000000001ea20000,0x000000001eb20000)]
  0x000000001e07b000 JavaThread "C2 CompilerThread0" daemon [_thread_blocked, id=14148, stack(0x000000001e920000,0x000000001ea20000)]
  0x000000001e060800 JavaThread "JDWP Command Reader" daemon [_thread_in_native, id=12712, stack(0x000000001e820000,0x000000001e920000)]
  0x000000001bf6e800 JavaThread "JDWP Event Helper Thread" daemon [_thread_blocked, id=11340, stack(0x000000001e720000,0x000000001e820000)]
  0x000000001e05e800 JavaThread "JDWP Transport Listener: dt_socket" daemon [_thread_blocked, id=11508, stack(0x000000001e620000,0x000000001e720000)]
  0x000000001e04e800 JavaThread "Attach Listener" daemon [_thread_blocked, id=8844, stack(0x000000001e520000,0x000000001e620000)]
  0x000000001e04d800 JavaThread "Signal Dispatcher" daemon [_thread_blocked, id=1140, stack(0x000000001e420000,0x000000001e520000)]
  0x000000000256c000 JavaThread "Finalizer" daemon [_thread_blocked, id=13432, stack(0x000000001de40000,0x000000001df40000)]
  0x000000001bf5d000 JavaThread "Reference Handler" daemon [_thread_blocked, id=4864, stack(0x000000001dd40000,0x000000001de40000)]
  0x000000000246e000 JavaThread "main" [_thread_in_Java, id=2736, stack(0x0000000002350000,0x0000000002450000)]

Other Threads:
  0x000000001bf58800 VMThread [stack: 0x000000001dc40000,0x000000001dd40000] [id=7560]
  0x000000001e13a000 WatcherThread [stack: 0x000000001ee20000,0x000000001ef20000] [id=6344]

VM state:not at safepoint (normal execution)

VM Mutex/Monitor currently owned by a thread: None

Heap:
 PSYoungGen      total 112640K, used 14689K [0x000000076b800000, 0x000000078a600000, 0x00000007c0000000)
  eden space 111616K, 13% used [0x000000076b800000,0x000000076c640660,0x0000000772500000)
  from space 1024K, 9% used [0x000000078a400000,0x000000078a418000,0x000000078a500000)
  to   space 1024K, 0% used [0x000000078a500000,0x000000078a500000,0x000000078a600000)
 ParOldGen       total 173568K, used 1650K [0x00000006c2800000, 0x00000006cd180000, 0x000000076b800000)
  object space 173568K, 0% used [0x00000006c2800000,0x00000006c299caf8,0x00000006cd180000)
 Metaspace       used 7959K, capacity 8486K, committed 8704K, reserved 1056768K
  class space    used 642K, capacity 658K, committed 768K, reserved 1048576K

Card table byte_map: [0x0000000011930000,0x0000000012120000] byte_map_base: 0x000000000e31c000

Marking Bits: (ParMarkBitMap*) 0x0000000070c0a5b0
 Begin Bits: [0x0000000012e70000, 0x0000000016dd0000)
 End Bits:   [0x0000000016dd0000, 0x000000001ad30000)

Polling page: 0x00000000007a0000

CodeCache: size=245760Kb used=2582Kb max_used=2592Kb free=243177Kb
 bounds [0x0000000002570000, 0x0000000002800000, 0x0000000011570000]
 total_blobs=1120 nmethods=477 adapters=564
 compilation: enabled

Compilation events (10 events):
Event: 2.234 Thread 0x000000001e084000  473       3       java.lang.Enum::equals (11 bytes)
Event: 2.234 Thread 0x000000001e084000 nmethod 473 0x00000000027f3ed0 code [0x00000000027f4020, 0x00000000027f41d0]
Event: 2.236 Thread 0x000000001e084000  474   !   3       main.coreEngine.TickableThread::scheduleTick (25 bytes)
Event: 2.236 Thread 0x000000001e084000 nmethod 474 0x00000000027f3990 code [0x00000000027f3b00, 0x00000000027f3e10]
Event: 2.467 Thread 0x000000001e076000  475       4       java.lang.ThreadLocal::get (38 bytes)
Event: 2.467 Thread 0x000000001e07b000  476       4       java.lang.ThreadLocal$ThreadLocalMap::getEntry (42 bytes)
Event: 2.468 Thread 0x000000001e07b000 nmethod 476 0x00000000027f0790 code [0x00000000027f08e0, 0x00000000027f0a58]
Event: 2.468 Thread 0x000000001e076000 nmethod 475 0x00000000027f1b90 code [0x00000000027f1ce0, 0x00000000027f1e98]
Event: 2.517 Thread 0x000000001e084000  477       3       main.client.Window::resetKeys (29 bytes)
Event: 2.517 Thread 0x000000001e084000 nmethod 477 0x00000000027f1650 code [0x00000000027f17c0, 0x00000000027f1a88]

GC Heap History (10 events):
Event: 2.518 GC heap before
{Heap before GC invocations=27 (full 0):
 PSYoungGen      total 131072K, used 130624K [0x000000076b800000, 0x000000078a780000, 0x00000007c0000000)
  eden space 130560K, 100% used [0x000000076b800000,0x0000000773780000,0x0000000773780000)
  from space 512K, 12% used [0x000000078a700000,0x000000078a710000,0x000000078a780000)
  to   space 1536K, 0% used [0x000000078a480000,0x000000078a480000,0x000000078a600000)
 ParOldGen       total 173568K, used 1642K [0x00000006c2800000, 0x00000006cd180000, 0x000000076b800000)
  object space 173568K, 0% used [0x00000006c2800000,0x00000006c299aaf8,0x00000006cd180000)
 Metaspace       used 7959K, capacity 8486K, committed 8704K, reserved 1056768K
  class space    used 642K, capacity 658K, committed 768K, reserved 1048576K
Event: 2.519 GC heap after
Heap after GC invocations=27 (full 0):
 PSYoungGen      total 128000K, used 96K [0x000000076b800000, 0x000000078a780000, 0x00000007c0000000)
  eden space 126464K, 0% used [0x000000076b800000,0x000000076b800000,0x0000000773380000)
  from space 1536K, 6% used [0x000000078a480000,0x000000078a498000,0x000000078a600000)
  to   space 1536K, 0% used [0x000000078a600000,0x000000078a600000,0x000000078a780000)
 ParOldGen       total 173568K, used 1642K [0x00000006c2800000, 0x00000006cd180000, 0x000000076b800000)
  object space 173568K, 0% used [0x00000006c2800000,0x00000006c299aaf8,0x00000006cd180000)
 Metaspace       used 7959K, capacity 8486K, committed 8704K, reserved 1056768K
  class space    used 642K, capacity 658K, committed 768K, reserved 1048576K
}
Event: 2.572 GC heap before
{Heap before GC invocations=28 (full 0):
 PSYoungGen      total 128000K, used 126560K [0x000000076b800000, 0x000000078a780000, 0x00000007c0000000)
  eden space 126464K, 100% used [0x000000076b800000,0x0000000773380000,0x0000000773380000)
  from space 1536K, 6% used [0x000000078a480000,0x000000078a498000,0x000000078a600000)
  to   space 1536K, 0% used [0x000000078a600000,0x000000078a600000,0x000000078a780000)
 ParOldGen       total 173568K, used 1642K [0x00000006c2800000, 0x00000006cd180000, 0x000000076b800000)
  object space 173568K, 0% used [0x00000006c2800000,0x00000006c299aaf8,0x00000006cd180000)
 Metaspace       used 7959K, capacity 8486K, committed 8704K, reserved 1056768K
  class space    used 642K, capacity 658K, committed 768K, reserved 1048576K
Event: 2.573 GC heap after
Heap after GC invocations=28 (full 0):
 PSYoungGen      total 122880K, used 64K [0x000000076b800000, 0x000000078a680000, 0x00000007c0000000)
  eden space 122368K, 0% used [0x000000076b800000,0x000000076b800000,0x0000000772f80000)
  from space 512K, 12% used [0x000000078a600000,0x000000078a610000,0x000000078a680000)
  to   space 1536K, 0% used [0x000000078a380000,0x000000078a380000,0x000000078a500000)
 ParOldGen       total 173568K, used 1642K [0x00000006c2800000, 0x00000006cd180000, 0x000000076b800000)
  object space 173568K, 0% used [0x00000006c2800000,0x00000006c299aaf8,0x00000006cd180000)
 Metaspace       used 7959K, capacity 8486K, committed 8704K, reserved 1056768K
  class space    used 642K, capacity 658K, committed 768K, reserved 1048576K
}
Event: 2.625 GC heap before
{Heap before GC invocations=29 (full 0):
 PSYoungGen      total 122880K, used 122432K [0x000000076b800000, 0x000000078a680000, 0x00000007c0000000)
  eden space 122368K, 100% used [0x000000076b800000,0x0000000772f80000,0x0000000772f80000)
  from space 512K, 12% used [0x000000078a600000,0x000000078a610000,0x000000078a680000)
  to   space 1536K, 0% used [0x000000078a380000,0x000000078a380000,0x000000078a500000)
 ParOldGen       total 173568K, used 1642K [0x00000006c2800000, 0x00000006cd180000, 0x000000076b800000)
  object space 173568K, 0% used [0x00000006c2800000,0x00000006c299aaf8,0x00000006cd180000)
 Metaspace       used 7959K, capacity 8486K, committed 8704K, reserved 1056768K
  class space    used 642K, capacity 658K, committed 768K, reserved 1048576K
Event: 2.625 GC heap after
Heap after GC invocations=29 (full 0):
 PSYoungGen      total 120320K, used 64K [0x000000076b800000, 0x000000078a680000, 0x00000007c0000000)
  eden space 118784K, 0% used [0x000000076b800000,0x000000076b800000,0x0000000772c00000)
  from space 1536K, 4% used [0x000000078a380000,0x000000078a390000,0x000000078a500000)
  to   space 1024K, 0% used [0x000000078a580000,0x000000078a580000,0x000000078a680000)
 ParOldGen       total 173568K, used 1642K [0x00000006c2800000, 0x00000006cd180000, 0x000000076b800000)
  object space 173568K, 0% used [0x00000006c2800000,0x00000006c299aaf8,0x00000006cd180000)
 Metaspace       used 7959K, capacity 8486K, committed 8704K, reserved 1056768K
  class space    used 642K, capacity 658K, committed 768K, reserved 1048576K
}
Event: 2.675 GC heap before
{Heap before GC invocations=30 (full 0):
 PSYoungGen      total 120320K, used 118848K [0x000000076b800000, 0x000000078a680000, 0x00000007c0000000)
  eden space 118784K, 100% used [0x000000076b800000,0x0000000772c00000,0x0000000772c00000)
  from space 1536K, 4% used [0x000000078a380000,0x000000078a390000,0x000000078a500000)
  to   space 1024K, 0% used [0x000000078a580000,0x000000078a580000,0x000000078a680000)
 ParOldGen       total 173568K, used 1642K [0x00000006c2800000, 0x00000006cd180000, 0x000000076b800000)
  object space 173568K, 0% used [0x00000006c2800000,0x00000006c299aaf8,0x00000006cd180000)
 Metaspace       used 7959K, capacity 8486K, committed 8704K, reserved 1056768K
  class space    used 642K, capacity 658K, committed 768K, reserved 1048576K
Event: 2.676 GC heap after
Heap after GC invocations=30 (full 0):
 PSYoungGen      total 115712K, used 32K [0x000000076b800000, 0x000000078a600000, 0x00000007c0000000)
  eden space 115200K, 0% used [0x000000076b800000,0x000000076b800000,0x0000000772880000)
  from space 512K, 6% used [0x000000078a580000,0x000000078a588000,0x000000078a600000)
  to   space 1024K, 0% used [0x000000078a400000,0x000000078a400000,0x000000078a500000)
 ParOldGen       total 173568K, used 1650K [0x00000006c2800000, 0x00000006cd180000, 0x000000076b800000)
  object space 173568K, 0% used [0x00000006c2800000,0x00000006c299caf8,0x00000006cd180000)
 Metaspace       used 7959K, capacity 8486K, committed 8704K, reserved 1056768K
  class space    used 642K, capacity 658K, committed 768K, reserved 1048576K
}
Event: 2.725 GC heap before
{Heap before GC invocations=31 (full 0):
 PSYoungGen      total 115712K, used 115232K [0x000000076b800000, 0x000000078a600000, 0x00000007c0000000)
  eden space 115200K, 100% used [0x000000076b800000,0x0000000772880000,0x0000000772880000)
  from space 512K, 6% used [0x000000078a580000,0x000000078a588000,0x000000078a600000)
  to   space 1024K, 0% used [0x000000078a400000,0x000000078a400000,0x000000078a500000)
 ParOldGen       total 173568K, used 1650K [0x00000006c2800000, 0x00000006cd180000, 0x000000076b800000)
  object space 173568K, 0% used [0x00000006c2800000,0x00000006c299caf8,0x00000006cd180000)
 Metaspace       used 7959K, capacity 8486K, committed 8704K, reserved 1056768K
  class space    used 642K, capacity 658K, committed 768K, reserved 1048576K
Event: 2.726 GC heap after
Heap after GC invocations=31 (full 0):
 PSYoungGen      total 112640K, used 96K [0x000000076b800000, 0x000000078a600000, 0x00000007c0000000)
  eden space 111616K, 0% used [0x000000076b800000,0x000000076b800000,0x0000000772500000)
  from space 1024K, 9% used [0x000000078a400000,0x000000078a418000,0x000000078a500000)
  to   space 1024K, 0% used [0x000000078a500000,0x000000078a500000,0x000000078a600000)
 ParOldGen       total 173568K, used 1650K [0x00000006c2800000, 0x00000006cd180000, 0x000000076b800000)
  object space 173568K, 0% used [0x00000006c2800000,0x00000006c299caf8,0x00000006cd180000)
 Metaspace       used 7959K, capacity 8486K, committed 8704K, reserved 1056768K
  class space    used 642K, capacity 658K, committed 768K, reserved 1048576K
}

Deoptimization events (10 events):
Event: 0.121 Thread 0x000000001e219800 Uncommon trap: reason=unstable_if action=reinterpret pc=0x00000000026aac64 method=java.util.HashMap$HashIterator.<init>(Ljava/util/HashMap;)V @ 38
Event: 0.128 Thread 0x000000001e219800 Uncommon trap: reason=bimorphic action=maybe_recompile pc=0x00000000026b74f4 method=java.util.HashMap.getNode(ILjava/lang/Object;)Ljava/util/HashMap$Node; @ 126
Event: 0.400 Thread 0x000000001e219800 Uncommon trap: reason=bimorphic action=maybe_recompile pc=0x00000000026b74f4 method=java.util.HashMap.getNode(ILjava/lang/Object;)Ljava/util/HashMap$Node; @ 126
Event: 0.401 Thread 0x000000001e219800 Uncommon trap: reason=bimorphic action=maybe_recompile pc=0x00000000026b74f4 method=java.util.HashMap.getNode(ILjava/lang/Object;)Ljava/util/HashMap$Node; @ 126
Event: 0.407 Thread 0x000000001e219800 Uncommon trap: reason=unstable_if action=reinterpret pc=0x00000000026abe98 method=java.util.HashMap.keySet()Ljava/util/Set; @ 6
Event: 0.794 Thread 0x000000001e219800 Uncommon trap: reason=unstable_if action=reinterpret pc=0x00000000026aaf44 method=java.util.HashMap.clear()V @ 16
Event: 0.795 Thread 0x000000001e219800 Uncommon trap: reason=unstable_if action=reinterpret pc=0x00000000026ab1d8 method=java.util.HashMap.clear()V @ 16
Event: 0.795 Thread 0x000000000246e000 Uncommon trap: reason=unstable_if action=reinterpret pc=0x00000000026de488 method=main.coreEngine.TickableThread.invoke(Ljava/lang/String;[Ljava/lang/Object;)V @ 53
Event: 0.795 Thread 0x000000001e207000 Uncommon trap: reason=unstable_if action=reinterpret pc=0x00000000026db3b4 method=main.coreEngine.TickableThread.run()V @ 58
Event: 0.902 Thread 0x000000001e207000 Uncommon trap: reason=unstable_if action=reinterpret pc=0x00000000027e004c method=main.coreEngine.TickableThread.run()V @ 461

Internal exceptions (8 events):
Event: 0.021 Thread 0x000000000246e000 Exception <a 'java/lang/NoSuchMethodError': Method sun.misc.Unsafe.defineClass(Ljava/lang/String;[BII)Ljava/lang/Class; name or signature does not match> (0x000000076b80d9b8) thrown at [C:\workspace\8-2-build-windows-amd64-cygwin\jdk8u65\4987\hotspot\src\s(ììAÄ•?
Event: 0.021 Thread 0x000000000246e000 Exception <a 'java/lang/NoSuchMethodError': Method sun.misc.Unsafe.prefetchRead(Ljava/lang/Object;J)V name or signature does not match> (0x000000076b80dca0) thrown at [C:\workspace\8-2-build-windows-amd64-cygwin\jdk8u65\4987\hotspot\src\share\vm\prims\jni.°Æ`tÂ?
Event: 0.144 Thread 0x000000001e219800 Exception <a 'java/lang/ArrayIndexOutOfBoundsException': -1> (0x000000076c9939f8) thrown at [C:\workspace\8-2-build-windows-amd64-cygwin\jdk8u65\4987\hotspot\src\share\vm\interpreter\interpreterRuntime.cpp, line 366]
Event: 0.401 Thread 0x000000001e219800 Exception <a 'java/security/PrivilegedActionException'> (0x000000076eeeef00) thrown at [C:\workspace\8-2-build-windows-amd64-cygwin\jdk8u65\4987\hotspot\src\share\vm\prims\jvm.cpp, line 1386]
Event: 0.401 Thread 0x000000001e219800 Exception <a 'java/security/PrivilegedActionException'> (0x000000076eeef2f8) thrown at [C:\workspace\8-2-build-windows-amd64-cygwin\jdk8u65\4987\hotspot\src\share\vm\prims\jvm.cpp, line 1386]
Event: 0.401 Thread 0x000000001e219800 Exception <a 'java/security/PrivilegedActionException'> (0x000000076eef35a0) thrown at [C:\workspace\8-2-build-windows-amd64-cygwin\jdk8u65\4987\hotspot\src\share\vm\prims\jvm.cpp, line 1386]
Event: 0.401 Thread 0x000000001e219800 Exception <a 'java/security/PrivilegedActionException'> (0x000000076eef3998) thrown at [C:\workspace\8-2-build-windows-amd64-cygwin\jdk8u65\4987\hotspot\src\share\vm\prims\jvm.cpp, line 1386]
Event: 0.795 Thread 0x000000000246e000 Implicit null exception at 0x00000000026dde88 to 0x00000000026de461

Events (10 events):
Event: 2.518 Executing VM operation: ParallelGCFailedAllocation
Event: 2.519 Executing VM operation: ParallelGCFailedAllocation done
Event: 2.572 Executing VM operation: ParallelGCFailedAllocation
Event: 2.573 Executing VM operation: ParallelGCFailedAllocation done
Event: 2.625 Executing VM operation: ParallelGCFailedAllocation
Event: 2.625 Executing VM operation: ParallelGCFailedAllocation done
Event: 2.675 Executing VM operation: ParallelGCFailedAllocation
Event: 2.676 Executing VM operation: ParallelGCFailedAllocation done
Event: 2.725 Executing VM operation: ParallelGCFailedAllocation
Event: 2.726 Executing VM operation: ParallelGCFailedAllocation done


Dynamic libraries:
0x00007ff7d2c20000 - 0x00007ff7d2c57000 	C:\Program Files\Java\jdk1.8.0_65\bin\java.exe
0x00007ffde4980000 - 0x00007ffde4b41000 	C:\WINDOWS\SYSTEM32\ntdll.dll
0x00007ffde42a0000 - 0x00007ffde434d000 	C:\WINDOWS\system32\KERNEL32.DLL
0x00007ffde19f0000 - 0x00007ffde1bd8000 	C:\WINDOWS\system32\KERNELBASE.dll
0x00007ffde1e70000 - 0x00007ffde1f17000 	C:\WINDOWS\system32\ADVAPI32.dll
0x00007ffde3800000 - 0x00007ffde389d000 	C:\WINDOWS\system32\msvcrt.dll
0x00007ffde1e10000 - 0x00007ffde1e6b000 	C:\WINDOWS\system32\sechost.dll
0x00007ffde3bd0000 - 0x00007ffde3cec000 	C:\WINDOWS\system32\RPCRT4.dll
0x00007ffde3fe0000 - 0x00007ffde4136000 	C:\WINDOWS\system32\USER32.dll
0x00007ffde3cf0000 - 0x00007ffde3e76000 	C:\WINDOWS\system32\GDI32.dll
0x00007ffddd690000 - 0x00007ffddd904000 	C:\WINDOWS\WinSxS\amd64_microsoft.windows.common-controls_6595b64144ccf1df_6.0.10586.0_none_8c15ae12515e1c22\COMCTL32.dll
0x00007ffde3950000 - 0x00007ffde3bcd000 	C:\WINDOWS\system32\combase.dll
0x00007ffde1cf0000 - 0x00007ffde1d5a000 	C:\WINDOWS\system32\bcryptPrimitives.dll
0x00007ffde1dc0000 - 0x00007ffde1dfb000 	C:\WINDOWS\system32\IMM32.DLL
0x0000000070c90000 - 0x0000000070d62000 	C:\Program Files\Java\jdk1.8.0_65\jre\bin\msvcr100.dll
0x0000000070400000 - 0x0000000070c89000 	C:\Program Files\Java\jdk1.8.0_65\jre\bin\server\jvm.dll
0x00007ffde4290000 - 0x00007ffde4298000 	C:\WINDOWS\system32\PSAPI.DLL
0x00007ffdd8550000 - 0x00007ffdd8559000 	C:\WINDOWS\SYSTEM32\WSOCK32.dll
0x00007ffddf730000 - 0x00007ffddf753000 	C:\WINDOWS\SYSTEM32\WINMM.dll
0x00007ffddd9c0000 - 0x00007ffddd9ca000 	C:\WINDOWS\SYSTEM32\VERSION.dll
0x00007ffde4470000 - 0x00007ffde44db000 	C:\WINDOWS\system32\WS2_32.dll
0x0000000002320000 - 0x000000000234c000 	C:\WINDOWS\SYSTEM32\WINMMBASE.dll
0x00007ffde1be0000 - 0x00007ffde1c23000 	C:\WINDOWS\system32\cfgmgr32.dll
0x00000000703f0000 - 0x00000000703ff000 	C:\Program Files\Java\jdk1.8.0_65\jre\bin\verify.dll
0x00000000703c0000 - 0x00000000703e9000 	C:\Program Files\Java\jdk1.8.0_65\jre\bin\java.dll
0x0000000070380000 - 0x00000000703b5000 	C:\Program Files\Java\jdk1.8.0_65\jre\bin\jdwp.dll
0x0000000070370000 - 0x0000000070378000 	C:\Program Files\Java\jdk1.8.0_65\jre\bin\npt.dll
0x0000000070350000 - 0x0000000070366000 	C:\Program Files\Java\jdk1.8.0_65\jre\bin\zip.dll
0x00007ffde1f80000 - 0x00007ffde34dc000 	C:\WINDOWS\system32\SHELL32.dll
0x00007ffde11d0000 - 0x00007ffde1815000 	C:\WINDOWS\system32\windows.storage.dll
0x00007ffde36b0000 - 0x00007ffde3702000 	C:\WINDOWS\system32\shlwapi.dll
0x00007ffde0fb0000 - 0x00007ffde0fbf000 	C:\WINDOWS\system32\kernel.appcore.dll
0x00007ffde1c30000 - 0x00007ffde1ce5000 	C:\WINDOWS\system32\shcore.dll
0x00007ffde0fc0000 - 0x00007ffde100b000 	C:\WINDOWS\system32\powrprof.dll
0x00007ffde0f80000 - 0x00007ffde0f94000 	C:\WINDOWS\system32\profapi.dll
0x0000000070340000 - 0x0000000070349000 	C:\Program Files\Java\jdk1.8.0_65\jre\bin\dt_socket.dll
0x00007ffde08b0000 - 0x00007ffde090c000 	C:\WINDOWS\system32\mswsock.dll
0x00007ffdc1020000 - 0x00007ffdc10a8000 	D:\Code\Java\Projects\WireEngine20\lib\native\lwjgl.dll
0x00007ffde0a80000 - 0x00007ffde0a8b000 	C:\WINDOWS\SYSTEM32\CRYPTBASE.DLL
0x00007ffdc0fd0000 - 0x00007ffdc1012000 	D:\Code\Java\Projects\WireEngine20\lib\native\jemalloc.dll
0x00007ffdc0f90000 - 0x00007ffdc0fc8000 	D:\Code\Java\Projects\WireEngine20\lib\native\glfw.dll
0x00007ffddf850000 - 0x00007ffddf8e6000 	C:\WINDOWS\system32\uxtheme.dll
0x00007ffdde650000 - 0x00007ffdde672000 	C:\WINDOWS\SYSTEM32\dwmapi.dll
0x00007ffdc9d10000 - 0x00007ffdc9e39000 	C:\WINDOWS\SYSTEM32\opengl32.dll
0x00007ffdc8ba0000 - 0x00007ffdc8c9a000 	C:\WINDOWS\SYSTEM32\DDRAW.dll
0x00007ffdcc690000 - 0x00007ffdcc6be000 	C:\WINDOWS\SYSTEM32\GLU32.dll
0x00007ffdd3d80000 - 0x00007ffdd3d88000 	C:\WINDOWS\SYSTEM32\DCIMAN32.dll
0x00007ffde3e80000 - 0x00007ffde3fda000 	C:\WINDOWS\system32\MSCTF.dll
0x00007ffdc3f50000 - 0x00007ffdc3f99000 	C:\Program Files (x86)\TeamViewer\tv_x64.dll
0x00007ffde4140000 - 0x00007ffde4283000 	C:\WINDOWS\system32\ole32.dll
0x000000006e5f0000 - 0x0000000070339000 	C:\WINDOWS\SYSTEM32\nvoglv64.DLL
0x00007ffde4550000 - 0x00007ffde4979000 	C:\WINDOWS\system32\SETUPAPI.dll
0x00007ffddf2f0000 - 0x00007ffddf303000 	C:\WINDOWS\SYSTEM32\WTSAPI32.dll
0x00007ffddf9a0000 - 0x00007ffddf9c7000 	C:\WINDOWS\SYSTEM32\DEVOBJ.dll
0x00007ffde1170000 - 0x00007ffde11c5000 	C:\WINDOWS\system32\WINTRUST.dll
0x00007ffde0fa0000 - 0x00007ffde0fb0000 	C:\WINDOWS\system32\MSASN1.dll
0x00007ffde1820000 - 0x00007ffde19e7000 	C:\WINDOWS\system32\CRYPT32.dll
0x00007ffde04d0000 - 0x00007ffde0501000 	C:\WINDOWS\SYSTEM32\ntmarta.dll
0x00007ffde0220000 - 0x00007ffde0276000 	C:\WINDOWS\SYSTEM32\WINSTA.dll
0x00007ffde38a0000 - 0x00007ffde3947000 	C:\WINDOWS\system32\clbcatq.dll
0x00007ffdb9de0000 - 0x00007ffdb9f6c000 	C:\WINDOWS\SYSTEM32\dbghelp.dll

VM Arguments:
jvm_args: -agentlib:jdwp=transport=dt_socket,address=127.0.0.1:61770,suspend=y,server=n -Djava.library.path=lib/native/ -Dfile.encoding=UTF-8 
java_command: main.Main
java_class_path (initial): C:\Program Files\Java\jdk1.8.0_65\jre\lib\charsets.jar;C:\Program Files\Java\jdk1.8.0_65\jre\lib\deploy.jar;C:\Program Files\Java\jdk1.8.0_65\jre\lib\ext\access-bridge-64.jar;C:\Program Files\Java\jdk1.8.0_65\jre\lib\ext\cldrdata.jar;C:\Program Files\Java\jdk1.8.0_65\jre\lib\ext\dnsns.jar;C:\Program Files\Java\jdk1.8.0_65\jre\lib\ext\jaccess.jar;C:\Program Files\Java\jdk1.8.0_65\jre\lib\ext\jfxrt.jar;C:\Program Files\Java\jdk1.8.0_65\jre\lib\ext\localedata.jar;C:\Program Files\Java\jdk1.8.0_65\jre\lib\ext\nashorn.jar;C:\Program Files\Java\jdk1.8.0_65\jre\lib\ext\sunec.jar;C:\Program Files\Java\jdk1.8.0_65\jre\lib\ext\sunjce_provider.jar;C:\Program Files\Java\jdk1.8.0_65\jre\lib\ext\sunmscapi.jar;C:\Program Files\Java\jdk1.8.0_65\jre\lib\ext\sunpkcs11.jar;C:\Program Files\Java\jdk1.8.0_65\jre\lib\ext\zipfs.jar;C:\Program Files\Java\jdk1.8.0_65\jre\lib\javaws.jar;C:\Program Files\Java\jdk1.8.0_65\jre\lib\jce.jar;C:\Program Files\Java\jdk1.8.0_65\jre\lib\jfr.jar;C:\Program Files\Java\jdk1.8.0_65\jre\lib\jfxswt.jar;C:\Program Files\Java\jdk1.8.0_65\jre\lib\jsse.jar;C:\Program Files\Java\jdk1.8.0_65\jre\lib\management-agent.jar;C:\Program Files\Java\jdk1.8.0_65\jre\lib\plugin.jar;C:\Program Files\Java\jdk1.8.0_65\jre\lib\resources.jar;C:\Program Files\Java\jdk1.8.0_65\jre\lib\rt.jar;D:\Code\Java\Projects\WireEngine20\out\production\WireEngine20;D:\Code\Java\Projects\WireEngine20\lib\jar\lwjgl.jar;D:\Program Files (x86)\JetBrains\IntelliJ IDEA 2016.1\lib\idea_rt.jar
Launcher Type: SUN_STANDARD

Environment Variables:
JAVA_HOME=C:\Program Files\Java\jdk1.8.0_65
PATH=C:\ProgramData\Oracle\Java\javapath;C:\Program Files (x86)\Razer Chroma SDK\bin;C:\Program Files\Razer Chroma SDK\bin;C:\Program Files (x86)\NVIDIA Corporation\PhysX\Common;C:\Program Files (x86)\Intel\iCLS Client\;C:\Program Files\Intel\iCLS Client\;C:\Windows\system32;C:\Windows;C:\Windows\System32\Wbem;C:\Windows\System32\WindowsPowerShell\v1.0\;C:\Program Files\Intel\Intel(R) Management Engine Components\DAL;C:\Program Files (x86)\Intel\Intel(R) Management Engine Components\DAL;C:\Program Files\Intel\Intel(R) Management Engine Components\IPT;C:\Program Files (x86)\Intel\Intel(R) Management Engine Components\IPT;C:\Program Files\Java\jre1.8.0_65\bin;C:\MinGW\bin;C:\WINDOWS\system32;C:\WINDOWS;C:\WINDOWS\System32\Wbem;C:\WINDOWS\System32\WindowsPowerShell\v1.0\;D:\Program Files (x86)\CMake\bin;D:\Program Files\Programs\Python\Python35-32;D:\Program Files\Programs\Python\Python35-32\Scripts;C:\Program Files (x86)\Skype\Phone\;D:\Program Files\Programs\Python\Python35-32\Scripts\;D:\Program Files\Programs\Python\Python35-32\
USERNAME=Kelan
OS=Windows_NT
PROCESSOR_IDENTIFIER=Intel64 Family 6 Model 60 Stepping 3, GenuineIntel



---------------  S Y S T E M  ---------------

OS: Windows 10.0 , 64 bit Build 10586 (10.0.10586.0)

CPU:total 8 (4 cores per cpu, 2 threads per core) family 6 model 60 stepping 3, cmov, cx8, fxsr, mmx, sse, sse2, sse3, ssse3, sse4.1, sse4.2, popcnt, avx, avx2, aes, clmul, erms, lzcnt, ht, tsc, tscinvbit, bmi1, bmi2

Memory: 4k page, physical 16609500k(5349412k free), swap 33386716k(19338668k free)

vm_info: Java HotSpot(TM) 64-Bit Server VM (25.65-b01) for windows-amd64 JRE (1.8.0_65-b17), built on Oct  6 2015 16:39:20 by "java_re" with MS VC++ 10.0 (VS2010)

time: Sat Apr 09 16:55:10 2016
elapsed time: 2 seconds (0d 0h 0m 2s)

