#
# A fatal error has been detected by the Java Runtime Environment:
#
#  EXCEPTION_ACCESS_VIOLATION (0xc0000005) at pc=0x00007ffddc3d24b9, pid=6664, tid=5092
#
# JRE version: Java(TM) SE Runtime Environment (8.0_65-b17) (build 1.8.0_65-b17)
# Java VM: Java HotSpot(TM) 64-Bit Server VM (25.65-b01 mixed mode windows-amd64 compressed oops)
# Problematic frame:
# C  [glfw.dll+0x24b9]
#
# Failed to write core dump. Minidumps are not enabled by default on client versions of Windows
#
# If you would like to submit a bug report, please visit:
#   http://bugreport.java.com/bugreport/crash.jsp
# The crash happened outside the Java Virtual Machine in native code.
# See problematic frame for where to report the bug.
#

---------------  T H R E A D  ---------------

Current thread (0x000000001e247000):  JavaThread "CLIENT" [_thread_in_native, id=5092, stack(0x000000001edf0000,0x000000001eef0000)]

siginfo: ExceptionCode=0xc0000005, reading address 0x0000000000000000

Registers:
RAX=0x0000000000000000, RBX=0x000000001bb02d38, RCX=0x0000000000000000, RDX=0x0000000000000000
RSP=0x000000001eeef1b0, RBP=0x000000001eeef260, RSI=0x0000000000000108, RDI=0x00000000004e1cc0
R8 =0x000000001eeef1a8, R9 =0x000000001eeef260, R10=0x0000000000000000, R11=0x0000000000000246
R12=0x0000000000000000, R13=0x000000001bb02d38, R14=0x000000001eeef298, R15=0x000000001e247000
RIP=0x00007ffddc3d24b9, EFLAGS=0x0000000000010283

Top of Stack: (sp=0x000000001eeef1b0)
0x000000001eeef1b0:   000000001e247000 000000001e247000
0x000000001eeef1c0:   000000001bb1e710 000000007052d610
0x000000001eeef1d0:   000000000000013d 0000000002705e34
0x000000001eeef1e0:   000000001bb02d38 000000001e15b380
0x000000001eeef1f0:   000000000000000e 000000001e247000
0x000000001eeef200:   000000001bb1e710 000000007052aea4
0x000000001eeef210:   000000001e247000 000000001e247000
0x000000001eeef220:   000000001eeef220 0000000000000000
0x000000001eeef230:   000000001eeef298 000000001bb02ed0
0x000000001eeef240:   0000000000000000 000000001bb02d38
0x000000001eeef250:   0000000000000000 000000001eeef280
0x000000001eeef260:   000000001eeef2e0 00000000026f7ced
0x000000001eeef270:   00000006c2808190 00000000026ff978
0x000000001eeef280:   00000000004e1cc0 00000000026f7800
0x000000001eeef290:   00007ffddc3d2420 0000000000000001
0x000000001eeef2a0:   000000001eeef2a0 000000001bb1e6e4 

Instructions: (pc=0x00007ffddc3d24b9)
0x00007ffddc3d2499:   48 8b cf e8 1f 3a 00 00 48 39 3d f0 d5 02 00 48
0x00007ffddc3d24a9:   8d 0d e9 d5 02 00 48 8b 5c 24 30 74 08 48 8b 09
0x00007ffddc3d24b9:   48 39 39 75 f8 48 8b 07 48 89 01 48 8b cf 48 83
0x00007ffddc3d24c9:   c4 20 5f e9 5b fe 00 00 48 83 c4 20 5f c3 cc cc 


Register to memory mapping:

RAX=0x0000000000000000 is an unknown value
RBX={method} {0x000000001bb02d40} 'invokePV' '(JJ)V' in 'org/lwjgl/system/JNI'
RCX=0x0000000000000000 is an unknown value
RDX=0x0000000000000000 is an unknown value
RSP=0x000000001eeef1b0 is pointing into the stack for thread: 0x000000001e247000
RBP=0x000000001eeef260 is pointing into the stack for thread: 0x000000001e247000
RSI=0x0000000000000108 is an unknown value
RDI=0x00000000004e1cc0 is an unknown value
R8 =0x000000001eeef1a8 is pointing into the stack for thread: 0x000000001e247000
R9 =0x000000001eeef260 is pointing into the stack for thread: 0x000000001e247000
R10=0x0000000000000000 is an unknown value
R11=0x0000000000000246 is an unknown value
R12=0x0000000000000000 is an unknown value
R13={method} {0x000000001bb02d40} 'invokePV' '(JJ)V' in 'org/lwjgl/system/JNI'
R14=0x000000001eeef298 is pointing into the stack for thread: 0x000000001e247000
R15=0x000000001e247000 is a thread


Stack: [0x000000001edf0000,0x000000001eef0000],  sp=0x000000001eeef1b0,  free space=1020k
Native frames: (J=compiled Java code, j=interpreted, Vv=VM code, C=native code)
C  [glfw.dll+0x24b9]
C  0x0000000002705e34

Java frames: (J=compiled Java code, j=interpreted, Vv=VM code)
j  org.lwjgl.system.JNI.invokePV(JJ)V+0
j  org.lwjgl.glfw.GLFW.glfwDestroyCursor(J)V+20
j  main.client.Window.destroyWindow()V+9
j  main.coreEngine.Engine.stop()V+70
j  main.client.Window.update()V+43
j  main.client.renderEngine.RenderEngine.render()V+29
j  main.client.ClientThread.tick()V+4
J 413% C1 main.coreEngine.TickableThread.run()V (512 bytes) @ 0x000000000293a31c [0x0000000002935a40+0x48dc]
v  ~StubRoutines::call_stub

---------------  P R O C E S S  ---------------

Java Threads: ( => current thread )
  0x000000001e24a800 JavaThread "SERVER" [_thread_in_Java, id=4708, stack(0x000000001eef0000,0x000000001eff0000)]
=>0x000000001e247000 JavaThread "CLIENT" [_thread_in_native, id=5092, stack(0x000000001edf0000,0x000000001eef0000)]
  0x000000001e20b000 JavaThread "Monitor Ctrl-Break" daemon [_thread_in_native, id=4820, stack(0x000000001ec70000,0x000000001ed70000)]
  0x000000001e139800 JavaThread "Service Thread" daemon [_thread_blocked, id=12528, stack(0x000000001ea70000,0x000000001eb70000)]
  0x000000001e0b2800 JavaThread "C1 CompilerThread3" daemon [_thread_blocked, id=10784, stack(0x000000001e970000,0x000000001ea70000)]
  0x000000001e09c800 JavaThread "C2 CompilerThread2" daemon [_thread_blocked, id=6956, stack(0x000000001e870000,0x000000001e970000)]
  0x000000001e09b800 JavaThread "C2 CompilerThread1" daemon [_thread_blocked, id=14236, stack(0x000000001e770000,0x000000001e870000)]
  0x000000001e098000 JavaThread "C2 CompilerThread0" daemon [_thread_blocked, id=5740, stack(0x000000001e670000,0x000000001e770000)]
  0x000000001e096000 JavaThread "Attach Listener" daemon [_thread_blocked, id=13232, stack(0x000000001e570000,0x000000001e670000)]
  0x000000001e095000 JavaThread "Signal Dispatcher" daemon [_thread_blocked, id=7684, stack(0x000000001e470000,0x000000001e570000)]
  0x00000000026ea800 JavaThread "Finalizer" daemon [_thread_blocked, id=11624, stack(0x000000001df70000,0x000000001e070000)]
  0x00000000026e4000 JavaThread "Reference Handler" daemon [_thread_blocked, id=6740, stack(0x000000001de70000,0x000000001df70000)]
  0x00000000025ee000 JavaThread "main" [_thread_blocked, id=7376, stack(0x0000000002400000,0x0000000002500000)]

Other Threads:
  0x000000001c089800 VMThread [stack: 0x000000001dd70000,0x000000001de70000] [id=11456]
  0x000000001e15d000 WatcherThread [stack: 0x000000001eb70000,0x000000001ec70000] [id=2928]

VM state:not at safepoint (normal execution)

VM Mutex/Monitor currently owned by a thread: None

Heap:
 PSYoungGen      total 439296K, used 113089K [0x000000076b800000, 0x000000079e600000, 0x00000007c0000000)
  eden space 435712K, 25% used [0x000000076b800000,0x0000000772668488,0x0000000786180000)
  from space 3584K, 0% used [0x000000079df00000,0x000000079df08000,0x000000079e280000)
  to   space 3584K, 0% used [0x000000079e280000,0x000000079e280000,0x000000079e600000)
 ParOldGen       total 173568K, used 1184K [0x00000006c2800000, 0x00000006cd180000, 0x000000076b800000)
  object space 173568K, 0% used [0x00000006c2800000,0x00000006c2928070,0x00000006cd180000)
 Metaspace       used 7806K, capacity 8422K, committed 8704K, reserved 1056768K
  class space    used 622K, capacity 658K, committed 768K, reserved 1048576K

Card table byte_map: [0x0000000011ab0000,0x00000000122a0000] byte_map_base: 0x000000000e49c000

Marking Bits: (ParMarkBitMap*) 0x0000000070c0a5b0
 Begin Bits: [0x0000000012ff0000, 0x0000000016f50000)
 End Bits:   [0x0000000016f50000, 0x000000001aeb0000)

Polling page: 0x0000000000490000

CodeCache: size=245760Kb used=2480Kb max_used=2480Kb free=243279Kb
 bounds [0x00000000026f0000, 0x0000000002960000, 0x00000000116f0000]
 total_blobs=1119 nmethods=463 adapters=569
 compilation: enabled

Compilation events (10 events):
Event: 2.294 Thread 0x000000001e0b2800  457       3       org.lwjgl.opengl.GL11::getInstance (7 bytes)
Event: 2.294 Thread 0x000000001e0b2800 nmethod 457 0x000000000294ea50 code [0x000000000294ec20, 0x000000000294f228]
Event: 2.294 Thread 0x000000001e0b2800  458       3       org.lwjgl.opengl.GL11::getInstance (11 bytes)
Event: 2.294 Thread 0x000000001e0b2800 nmethod 458 0x000000000294e4d0 code [0x000000000294e640, 0x000000000294e8e8]
Event: 2.311 Thread 0x000000001e0b2800  459       3       java.lang.Enum::equals (11 bytes)
Event: 2.311 Thread 0x000000001e0b2800 nmethod 459 0x000000000294e150 code [0x000000000294e2a0, 0x000000000294e450]
Event: 2.594 Thread 0x000000001e0b2800  460       3       main.client.Window::resetKeys (29 bytes)
Event: 2.594 Thread 0x000000001e0b2800 nmethod 460 0x000000000294dc10 code [0x000000000294dd80, 0x000000000294e048]
Event: 2.994 Thread 0x000000001e0b2800  462       3       org.lwjgl.opengl.GL11::glClearColor (18 bytes)
Event: 2.995 Thread 0x000000001e0b2800 nmethod 462 0x000000000294cb10 code [0x000000000294cce0, 0x000000000294d3d8]

GC Heap History (10 events):
Event: 1.965 GC heap before
{Heap before GC invocations=9 (full 0):
 PSYoungGen      total 523776K, used 520224K [0x000000076b800000, 0x000000078bb00000, 0x00000007c0000000)
  eden space 520192K, 100% used [0x000000076b800000,0x000000078b400000,0x000000078b400000)
  from space 3584K, 0% used [0x000000078b780000,0x000000078b788000,0x000000078bb00000)
  to   space 3584K, 0% used [0x000000078b400000,0x000000078b400000,0x000000078b780000)
 ParOldGen       total 173568K, used 1144K [0x00000006c2800000, 0x00000006cd180000, 0x000000076b800000)
  object space 173568K, 0% used [0x00000006c2800000,0x00000006c291e070,0x00000006cd180000)
 Metaspace       used 7804K, capacity 8422K, committed 8704K, reserved 1056768K
  class space    used 622K, capacity 658K, committed 768K, reserved 1048576K
Event: 1.966 GC heap after
Heap after GC invocations=9 (full 0):
 PSYoungGen      total 523776K, used 64K [0x000000076b800000, 0x000000079ec00000, 0x00000007c0000000)
  eden space 520192K, 0% used [0x000000076b800000,0x000000076b800000,0x000000078b400000)
  from space 3584K, 1% used [0x000000078b400000,0x000000078b410000,0x000000078b780000)
  to   space 3584K, 0% used [0x000000079e880000,0x000000079e880000,0x000000079ec00000)
 ParOldGen       total 173568K, used 1152K [0x00000006c2800000, 0x00000006cd180000, 0x000000076b800000)
  object space 173568K, 0% used [0x00000006c2800000,0x00000006c2920070,0x00000006cd180000)
 Metaspace       used 7804K, capacity 8422K, committed 8704K, reserved 1056768K
  class space    used 622K, capacity 658K, committed 768K, reserved 1048576K
}
Event: 2.278 GC heap before
{Heap before GC invocations=10 (full 0):
 PSYoungGen      total 523776K, used 520256K [0x000000076b800000, 0x000000079ec00000, 0x00000007c0000000)
  eden space 520192K, 100% used [0x000000076b800000,0x000000078b400000,0x000000078b400000)
  from space 3584K, 1% used [0x000000078b400000,0x000000078b410000,0x000000078b780000)
  to   space 3584K, 0% used [0x000000079e880000,0x000000079e880000,0x000000079ec00000)
 ParOldGen       total 173568K, used 1152K [0x00000006c2800000, 0x00000006cd180000, 0x000000076b800000)
  object space 173568K, 0% used [0x00000006c2800000,0x00000006c2920070,0x00000006cd180000)
 Metaspace       used 7804K, capacity 8422K, committed 8704K, reserved 1056768K
  class space    used 622K, capacity 658K, committed 768K, reserved 1048576K
Event: 2.279 GC heap after
Heap after GC invocations=10 (full 0):
 PSYoungGen      total 497664K, used 96K [0x000000076b800000, 0x000000079e900000, 0x00000007c0000000)
  eden space 497152K, 0% used [0x000000076b800000,0x000000076b800000,0x0000000789d80000)
  from space 512K, 18% used [0x000000079e880000,0x000000079e898000,0x000000079e900000)
  to   space 3584K, 0% used [0x000000079e200000,0x000000079e200000,0x000000079e580000)
 ParOldGen       total 173568K, used 1160K [0x00000006c2800000, 0x00000006cd180000, 0x000000076b800000)
  object space 173568K, 0% used [0x00000006c2800000,0x00000006c2922070,0x00000006cd180000)
 Metaspace       used 7804K, capacity 8422K, committed 8704K, reserved 1056768K
  class space    used 622K, capacity 658K, committed 768K, reserved 1048576K
}
Event: 2.551 GC heap before
{Heap before GC invocations=11 (full 0):
 PSYoungGen      total 497664K, used 497248K [0x000000076b800000, 0x000000079e900000, 0x00000007c0000000)
  eden space 497152K, 100% used [0x000000076b800000,0x0000000789d80000,0x0000000789d80000)
  from space 512K, 18% used [0x000000079e880000,0x000000079e898000,0x000000079e900000)
  to   space 3584K, 0% used [0x000000079e200000,0x000000079e200000,0x000000079e580000)
 ParOldGen       total 173568K, used 1160K [0x00000006c2800000, 0x00000006cd180000, 0x000000076b800000)
  object space 173568K, 0% used [0x00000006c2800000,0x00000006c2922070,0x00000006cd180000)
 Metaspace       used 7805K, capacity 8422K, committed 8704K, reserved 1056768K
  class space    used 622K, capacity 658K, committed 768K, reserved 1048576K
Event: 2.551 GC heap after
Heap after GC invocations=11 (full 0):
 PSYoungGen      total 479232K, used 32K [0x000000076b800000, 0x000000079e900000, 0x00000007c0000000)
  eden space 475648K, 0% used [0x000000076b800000,0x000000076b800000,0x0000000788880000)
  from space 3584K, 0% used [0x000000079e200000,0x000000079e208000,0x000000079e580000)
  to   space 3584K, 0% used [0x000000079e580000,0x000000079e580000,0x000000079e900000)
 ParOldGen       total 173568K, used 1184K [0x00000006c2800000, 0x00000006cd180000, 0x000000076b800000)
  object space 173568K, 0% used [0x00000006c2800000,0x00000006c2928070,0x00000006cd180000)
 Metaspace       used 7805K, capacity 8422K, committed 8704K, reserved 1056768K
  class space    used 622K, capacity 658K, committed 768K, reserved 1048576K
}
Event: 2.827 GC heap before
{Heap before GC invocations=12 (full 0):
 PSYoungGen      total 479232K, used 475680K [0x000000076b800000, 0x000000079e900000, 0x00000007c0000000)
  eden space 475648K, 100% used [0x000000076b800000,0x0000000788880000,0x0000000788880000)
  from space 3584K, 0% used [0x000000079e200000,0x000000079e208000,0x000000079e580000)
  to   space 3584K, 0% used [0x000000079e580000,0x000000079e580000,0x000000079e900000)
 ParOldGen       total 173568K, used 1184K [0x00000006c2800000, 0x00000006cd180000, 0x000000076b800000)
  object space 173568K, 0% used [0x00000006c2800000,0x00000006c2928070,0x00000006cd180000)
 Metaspace       used 7806K, capacity 8422K, committed 8704K, reserved 1056768K
  class space    used 622K, capacity 658K, committed 768K, reserved 1048576K
Event: 2.827 GC heap after
Heap after GC invocations=12 (full 0):
 PSYoungGen      total 455680K, used 32K [0x000000076b800000, 0x000000079e600000, 0x00000007c0000000)
  eden space 455168K, 0% used [0x000000076b800000,0x000000076b800000,0x0000000787480000)
  from space 512K, 6% used [0x000000079e580000,0x000000079e588000,0x000000079e600000)
  to   space 3584K, 0% used [0x000000079df00000,0x000000079df00000,0x000000079e280000)
 ParOldGen       total 173568K, used 1184K [0x00000006c2800000, 0x00000006cd180000, 0x000000076b800000)
  object space 173568K, 0% used [0x00000006c2800000,0x00000006c2928070,0x00000006cd180000)
 Metaspace       used 7806K, capacity 8422K, committed 8704K, reserved 1056768K
  class space    used 622K, capacity 658K, committed 768K, reserved 1048576K
}
Event: 3.084 GC heap before
{Heap before GC invocations=13 (full 0):
 PSYoungGen      total 455680K, used 455200K [0x000000076b800000, 0x000000079e600000, 0x00000007c0000000)
  eden space 455168K, 100% used [0x000000076b800000,0x0000000787480000,0x0000000787480000)
  from space 512K, 6% used [0x000000079e580000,0x000000079e588000,0x000000079e600000)
  to   space 3584K, 0% used [0x000000079df00000,0x000000079df00000,0x000000079e280000)
 ParOldGen       total 173568K, used 1184K [0x00000006c2800000, 0x00000006cd180000, 0x000000076b800000)
  object space 173568K, 0% used [0x00000006c2800000,0x00000006c2928070,0x00000006cd180000)
 Metaspace       used 7806K, capacity 8422K, committed 8704K, reserved 1056768K
  class space    used 622K, capacity 658K, committed 768K, reserved 1048576K
Event: 3.084 GC heap after
Heap after GC invocations=13 (full 0):
 PSYoungGen      total 439296K, used 32K [0x000000076b800000, 0x000000079e600000, 0x00000007c0000000)
  eden space 435712K, 0% used [0x000000076b800000,0x000000076b800000,0x0000000786180000)
  from space 3584K, 0% used [0x000000079df00000,0x000000079df08000,0x000000079e280000)
  to   space 3584K, 0% used [0x000000079e280000,0x000000079e280000,0x000000079e600000)
 ParOldGen       total 173568K, used 1184K [0x00000006c2800000, 0x00000006cd180000, 0x000000076b800000)
  object space 173568K, 0% used [0x00000006c2800000,0x00000006c2928070,0x00000006cd180000)
 Metaspace       used 7806K, capacity 8422K, committed 8704K, reserved 1056768K
  class space    used 622K, capacity 658K, committed 768K, reserved 1048576K
}

Deoptimization events (10 events):
Event: 0.414 Thread 0x000000001e247000 Uncommon trap: reason=bimorphic action=maybe_recompile pc=0x000000000287dda4 method=java.util.HashMap.getNode(ILjava/lang/Object;)Ljava/util/HashMap$Node; @ 126
Event: 0.419 Thread 0x000000001e247000 Uncommon trap: reason=unstable_if action=reinterpret pc=0x0000000002832b48 method=java.util.HashMap.containsKey(Ljava/lang/Object;)Z @ 9
Event: 0.419 Thread 0x000000001e247000 Uncommon trap: reason=unstable_if action=reinterpret pc=0x000000000281f958 method=java.util.HashMap.keySet()Ljava/util/Set; @ 6
Event: 0.868 Thread 0x000000001e247000 Uncommon trap: reason=unstable_if action=reinterpret pc=0x0000000002822858 method=java.util.HashMap.clear()V @ 16
Event: 0.868 Thread 0x000000001e247000 Uncommon trap: reason=unstable_if action=reinterpret pc=0x000000000282cfc0 method=java.util.HashMap$HashIterator.<init>(Ljava/util/HashMap;)V @ 38
Event: 0.868 Thread 0x000000001e247000 Uncommon trap: reason=unstable_if action=reinterpret pc=0x000000000281da58 method=java.util.HashMap.clear()V @ 16
Event: 0.868 Thread 0x00000000025ee000 Uncommon trap: reason=unstable_if action=reinterpret pc=0x0000000002834408 method=java.util.HashMap.containsKey(Ljava/lang/Object;)Z @ 9
Event: 0.868 Thread 0x000000001e247000 Uncommon trap: reason=unstable_if action=reinterpret pc=0x000000000281d3f0 method=java.util.HashMap$HashIterator.<init>(Ljava/util/HashMap;)V @ 38
Event: 0.868 Thread 0x000000001e24a800 Uncommon trap: reason=unstable_if action=reinterpret pc=0x0000000002851a88 method=java.util.HashMap$HashIterator.<init>(Ljava/util/HashMap;)V @ 38
Event: 0.961 Thread 0x000000001e24a800 Uncommon trap: reason=predicate action=maybe_recompile pc=0x0000000002952270 method=main.coreEngine.TickableThread.run()V @ 480

Internal exceptions (10 events):
Event: 0.028 Thread 0x00000000025ee000 Exception <a 'java/lang/NoSuchMethodError': Method sun.misc.Unsafe.defineClass(Ljava/lang/String;[BII)Ljava/lang/Class; name or signature does not match> (0x000000076b80dc08) thrown at [C:\workspace\8-2-build-windows-amd64-cygwin\jdk8u65\4987\hotspot\src\s^Á–K◊ù?
Event: 0.028 Thread 0x00000000025ee000 Exception <a 'java/lang/NoSuchMethodError': Method sun.misc.Unsafe.prefetchRead(Ljava/lang/Object;J)V name or signature does not match> (0x000000076b80def0) thrown at [C:\workspace\8-2-build-windows-amd64-cygwin\jdk8u65\4987\hotspot\src\share\vm\prims\jni.J≈IÎ•¬?
Event: 0.146 Thread 0x000000001e247000 Exception <a 'java/lang/ArrayIndexOutOfBoundsException': -1> (0x000000076c584de8) thrown at [C:\workspace\8-2-build-windows-amd64-cygwin\jdk8u65\4987\hotspot\src\share\vm\interpreter\interpreterRuntime.cpp, line 366]
Event: 0.413 Thread 0x000000001e247000 Implicit null exception at 0x00000000028270d7 to 0x0000000002827449
Event: 0.414 Thread 0x000000001e247000 Exception <a 'java/security/PrivilegedActionException'> (0x000000076c5fd700) thrown at [C:\workspace\8-2-build-windows-amd64-cygwin\jdk8u65\4987\hotspot\src\share\vm\prims\jvm.cpp, line 1386]
Event: 0.414 Thread 0x000000001e247000 Exception <a 'java/security/PrivilegedActionException'> (0x000000076c5fdaf8) thrown at [C:\workspace\8-2-build-windows-amd64-cygwin\jdk8u65\4987\hotspot\src\share\vm\prims\jvm.cpp, line 1386]
Event: 0.415 Thread 0x000000001e247000 Exception <a 'java/security/PrivilegedActionException'> (0x000000076c601d10) thrown at [C:\workspace\8-2-build-windows-amd64-cygwin\jdk8u65\4987\hotspot\src\share\vm\prims\jvm.cpp, line 1386]
Event: 0.415 Thread 0x000000001e247000 Exception <a 'java/security/PrivilegedActionException'> (0x000000076c602108) thrown at [C:\workspace\8-2-build-windows-amd64-cygwin\jdk8u65\4987\hotspot\src\share\vm\prims\jvm.cpp, line 1386]
Event: 0.419 Thread 0x000000001e247000 Implicit null exception at 0x00000000028327f4 to 0x0000000002832b3d
Event: 0.868 Thread 0x00000000025ee000 Implicit null exception at 0x0000000002834134 to 0x00000000028343f4

Events (10 events):
Event: 1.965 Executing VM operation: ParallelGCFailedAllocation
Event: 1.966 Executing VM operation: ParallelGCFailedAllocation done
Event: 2.278 Executing VM operation: ParallelGCFailedAllocation
Event: 2.279 Executing VM operation: ParallelGCFailedAllocation done
Event: 2.551 Executing VM operation: ParallelGCFailedAllocation
Event: 2.551 Executing VM operation: ParallelGCFailedAllocation done
Event: 2.827 Executing VM operation: ParallelGCFailedAllocation
Event: 2.827 Executing VM operation: ParallelGCFailedAllocation done
Event: 3.084 Executing VM operation: ParallelGCFailedAllocation
Event: 3.084 Executing VM operation: ParallelGCFailedAllocation done


Dynamic libraries:
0x00007ff6dfd70000 - 0x00007ff6dfda7000 	C:\Program Files\Java\jdk1.8.0_65\bin\java.exe
0x00007ffde4980000 - 0x00007ffde4b41000 	C:\WINDOWS\SYSTEM32\ntdll.dll
0x00007ffde42a0000 - 0x00007ffde434d000 	C:\WINDOWS\system32\KERNEL32.DLL
0x00007ffde19f0000 - 0x00007ffde1bd8000 	C:\WINDOWS\system32\KERNELBASE.dll
0x00007ffde1e70000 - 0x00007ffde1f17000 	C:\WINDOWS\system32\ADVAPI32.dll
0x00007ffde3800000 - 0x00007ffde389d000 	C:\WINDOWS\system32\msvcrt.dll
0x00007ffde1e10000 - 0x00007ffde1e6b000 	C:\WINDOWS\system32\sechost.dll
0x00007ffde3bd0000 - 0x00007ffde3cec000 	C:\WINDOWS\system32\RPCRT4.dll
0x00007ffde3fe0000 - 0x00007ffde4136000 	C:\WINDOWS\system32\USER32.dll
0x00007ffde3cf0000 - 0x00007ffde3e76000 	C:\WINDOWS\system32\GDI32.dll
0x00007ffddd690000 - 0x00007ffddd904000 	C:\WINDOWS\WinSxS\amd64_microsoft.windows.common-controls_6595b64144ccf1df_6.0.10586.0_none_8c15ae12515e1c22\COMCTL32.dll
0x00007ffde3950000 - 0x00007ffde3bcd000 	C:\WINDOWS\system32\combase.dll
0x00007ffde1cf0000 - 0x00007ffde1d5a000 	C:\WINDOWS\system32\bcryptPrimitives.dll
0x00007ffde1dc0000 - 0x00007ffde1dfb000 	C:\WINDOWS\system32\IMM32.DLL
0x0000000070c90000 - 0x0000000070d62000 	C:\Program Files\Java\jdk1.8.0_65\jre\bin\msvcr100.dll
0x0000000070400000 - 0x0000000070c89000 	C:\Program Files\Java\jdk1.8.0_65\jre\bin\server\jvm.dll
0x00007ffde4290000 - 0x00007ffde4298000 	C:\WINDOWS\system32\PSAPI.DLL
0x00007ffdd8550000 - 0x00007ffdd8559000 	C:\WINDOWS\SYSTEM32\WSOCK32.dll
0x00007ffddf730000 - 0x00007ffddf753000 	C:\WINDOWS\SYSTEM32\WINMM.dll
0x00007ffddd9c0000 - 0x00007ffddd9ca000 	C:\WINDOWS\SYSTEM32\VERSION.dll
0x00007ffde4470000 - 0x00007ffde44db000 	C:\WINDOWS\system32\WS2_32.dll
0x00007ffddf6d0000 - 0x00007ffddf6fc000 	C:\WINDOWS\SYSTEM32\WINMMBASE.dll
0x00007ffde1be0000 - 0x00007ffde1c23000 	C:\WINDOWS\system32\cfgmgr32.dll
0x00000000703f0000 - 0x00000000703ff000 	C:\Program Files\Java\jdk1.8.0_65\jre\bin\verify.dll
0x00000000703c0000 - 0x00000000703e9000 	C:\Program Files\Java\jdk1.8.0_65\jre\bin\java.dll
0x0000000070350000 - 0x0000000070366000 	C:\Program Files\Java\jdk1.8.0_65\jre\bin\zip.dll
0x00007ffde1f80000 - 0x00007ffde34dc000 	C:\WINDOWS\system32\SHELL32.dll
0x00007ffde11d0000 - 0x00007ffde1815000 	C:\WINDOWS\system32\windows.storage.dll
0x00007ffde36b0000 - 0x00007ffde3702000 	C:\WINDOWS\system32\shlwapi.dll
0x00007ffde0fb0000 - 0x00007ffde0fbf000 	C:\WINDOWS\system32\kernel.appcore.dll
0x00007ffde1c30000 - 0x00007ffde1ce5000 	C:\WINDOWS\system32\shcore.dll
0x00007ffde0fc0000 - 0x00007ffde100b000 	C:\WINDOWS\system32\powrprof.dll
0x00007ffde0f80000 - 0x00007ffde0f94000 	C:\WINDOWS\system32\profapi.dll
0x00007ffddc3c0000 - 0x00007ffddc3d0000 	D:\Program Files (x86)\JetBrains\IntelliJ IDEA 2016.1\bin\breakgen64.dll
0x000000006e5d0000 - 0x000000006e5ea000 	C:\Program Files\Java\jdk1.8.0_65\jre\bin\net.dll
0x00007ffde08b0000 - 0x00007ffde090c000 	C:\WINDOWS\system32\mswsock.dll
0x00007ffdcd790000 - 0x00007ffdcd818000 	D:\Code\Java\Projects\WireEngine20\lib\native\lwjgl.dll
0x00007ffde0a80000 - 0x00007ffde0a8b000 	C:\WINDOWS\SYSTEM32\CRYPTBASE.DLL
0x00007ffdddd00000 - 0x00007ffdddd42000 	D:\Code\Java\Projects\WireEngine20\lib\native\jemalloc.dll
0x00007ffddc3d0000 - 0x00007ffddc408000 	D:\Code\Java\Projects\WireEngine20\lib\native\glfw.dll
0x00007ffddf850000 - 0x00007ffddf8e6000 	C:\WINDOWS\system32\uxtheme.dll
0x00007ffdde650000 - 0x00007ffdde672000 	C:\WINDOWS\SYSTEM32\dwmapi.dll
0x00007ffdc8b70000 - 0x00007ffdc8c99000 	C:\WINDOWS\SYSTEM32\opengl32.dll
0x00007ffdcc690000 - 0x00007ffdcc6be000 	C:\WINDOWS\SYSTEM32\GLU32.dll
0x00007ffdc77b0000 - 0x00007ffdc78aa000 	C:\WINDOWS\SYSTEM32\DDRAW.dll
0x00007ffddbd10000 - 0x00007ffddbd18000 	C:\WINDOWS\SYSTEM32\DCIMAN32.dll
0x00007ffde3e80000 - 0x00007ffde3fda000 	C:\WINDOWS\system32\MSCTF.dll
0x00007ffdc4490000 - 0x00007ffdc44d9000 	C:\Program Files (x86)\TeamViewer\tv_x64.dll
0x00007ffde4140000 - 0x00007ffde4283000 	C:\WINDOWS\system32\ole32.dll
0x000000006e5f0000 - 0x0000000070339000 	C:\WINDOWS\SYSTEM32\nvoglv64.DLL
0x00007ffde4550000 - 0x00007ffde4979000 	C:\WINDOWS\system32\SETUPAPI.dll
0x00007ffddf2f0000 - 0x00007ffddf303000 	C:\WINDOWS\SYSTEM32\WTSAPI32.dll
0x00007ffddf9a0000 - 0x00007ffddf9c7000 	C:\WINDOWS\SYSTEM32\DEVOBJ.dll
0x00007ffde1170000 - 0x00007ffde11c5000 	C:\WINDOWS\system32\WINTRUST.dll
0x00007ffde0fa0000 - 0x00007ffde0fb0000 	C:\WINDOWS\system32\MSASN1.dll
0x00007ffde1820000 - 0x00007ffde19e7000 	C:\WINDOWS\system32\CRYPT32.dll
0x00007ffde04d0000 - 0x00007ffde0501000 	C:\WINDOWS\SYSTEM32\ntmarta.dll
0x00007ffde0220000 - 0x00007ffde0276000 	C:\WINDOWS\SYSTEM32\WINSTA.dll
0x00007ffde38a0000 - 0x00007ffde3947000 	C:\WINDOWS\system32\clbcatq.dll
0x00007ffdb9de0000 - 0x00007ffdb9f6c000 	C:\WINDOWS\SYSTEM32\dbghelp.dll

VM Arguments:
jvm_args: -Djava.library.path=lib/native/ -Didea.launcher.port=7533 -Didea.launcher.bin.path=D:\Program Files (x86)\JetBrains\IntelliJ IDEA 2016.1\bin -Dfile.encoding=UTF-8 
java_command: com.intellij.rt.execution.application.AppMain main.Main
java_class_path (initial): C:\Program Files\Java\jdk1.8.0_65\jre\lib\charsets.jar;C:\Program Files\Java\jdk1.8.0_65\jre\lib\deploy.jar;C:\Program Files\Java\jdk1.8.0_65\jre\lib\ext\access-bridge-64.jar;C:\Program Files\Java\jdk1.8.0_65\jre\lib\ext\cldrdata.jar;C:\Program Files\Java\jdk1.8.0_65\jre\lib\ext\dnsns.jar;C:\Program Files\Java\jdk1.8.0_65\jre\lib\ext\jaccess.jar;C:\Program Files\Java\jdk1.8.0_65\jre\lib\ext\jfxrt.jar;C:\Program Files\Java\jdk1.8.0_65\jre\lib\ext\localedata.jar;C:\Program Files\Java\jdk1.8.0_65\jre\lib\ext\nashorn.jar;C:\Program Files\Java\jdk1.8.0_65\jre\lib\ext\sunec.jar;C:\Program Files\Java\jdk1.8.0_65\jre\lib\ext\sunjce_provider.jar;C:\Program Files\Java\jdk1.8.0_65\jre\lib\ext\sunmscapi.jar;C:\Program Files\Java\jdk1.8.0_65\jre\lib\ext\sunpkcs11.jar;C:\Program Files\Java\jdk1.8.0_65\jre\lib\ext\zipfs.jar;C:\Program Files\Java\jdk1.8.0_65\jre\lib\javaws.jar;C:\Program Files\Java\jdk1.8.0_65\jre\lib\jce.jar;C:\Program Files\Java\jdk1.8.0_65\jre\lib\jfr.jar;C:\Program Files\Java\jdk1.8.0_65\jre\lib\jfxswt.jar;C:\Program Files\Java\jdk1.8.0_65\jre\lib\jsse.jar;C:\Program Files\Java\jdk1.8.0_65\jre\lib\management-agent.jar;C:\Program Files\Java\jdk1.8.0_65\jre\lib\plugin.jar;C:\Program Files\Java\jdk1.8.0_65\jre\lib\resources.jar;C:\Program Files\Java\jdk1.8.0_65\jre\lib\rt.jar;D:\Code\Java\Projects\WireEngine20\out\production\WireEngine20;D:\Code\Java\Projects\WireEngine20\lib\jar\lwjgl.jar;D:\Program Files (x86)\JetBrains\IntelliJ IDEA 2016.1\lib\idea_rt.jar
Launcher Type: SUN_STANDARD

Environment Variables:
JAVA_HOME=C:\Program Files\Java\jdk1.8.0_65
PATH=C:\ProgramData\Oracle\Java\javapath;C:\Program Files (x86)\Razer Chroma SDK\bin;C:\Program Files\Razer Chroma SDK\bin;C:\Program Files (x86)\NVIDIA Corporation\PhysX\Common;C:\Program Files (x86)\Intel\iCLS Client\;C:\Program Files\Intel\iCLS Client\;C:\Windows\system32;C:\Windows;C:\Windows\System32\Wbem;C:\Windows\System32\WindowsPowerShell\v1.0\;C:\Program Files\Intel\Intel(R) Management Engine Components\DAL;C:\Program Files (x86)\Intel\Intel(R) Management Engine Components\DAL;C:\Program Files\Intel\Intel(R) Management Engine Components\IPT;C:\Program Files (x86)\Intel\Intel(R) Management Engine Components\IPT;C:\Program Files\Java\jre1.8.0_65\bin;C:\MinGW\bin;C:\WINDOWS\system32;C:\WINDOWS;C:\WINDOWS\System32\Wbem;C:\WINDOWS\System32\WindowsPowerShell\v1.0\;D:\Program Files (x86)\CMake\bin;D:\Program Files\Programs\Python\Python35-32;D:\Program Files\Programs\Python\Python35-32\Scripts;C:\Program Files (x86)\Skype\Phone\;D:\Program Files\Programs\Python\Python35-32\Scripts\;D:\Program Files\Programs\Python\Python35-32\
USERNAME=Kelan
OS=Windows_NT
PROCESSOR_IDENTIFIER=Intel64 Family 6 Model 60 Stepping 3, GenuineIntel



---------------  S Y S T E M  ---------------

OS: Windows 10.0 , 64 bit Build 10586 (10.0.10586.0)

CPU:total 8 (4 cores per cpu, 2 threads per core) family 6 model 60 stepping 3, cmov, cx8, fxsr, mmx, sse, sse2, sse3, ssse3, sse4.1, sse4.2, popcnt, avx, avx2, aes, clmul, erms, lzcnt, ht, tsc, tscinvbit, bmi1, bmi2

Memory: 4k page, physical 16609500k(6563276k free), swap 33386716k(20819468k free)

vm_info: Java HotSpot(TM) 64-Bit Server VM (25.65-b01) for windows-amd64 JRE (1.8.0_65-b17), built on Oct  6 2015 16:39:20 by "java_re" with MS VC++ 10.0 (VS2010)

time: Thu Apr 07 17:16:46 2016
elapsed time: 3 seconds (0d 0h 0m 3s)

