#
# A fatal error has been detected by the Java Runtime Environment:
#
#  EXCEPTION_ACCESS_VIOLATION (0xc0000005) at pc=0x00007ffdd3dd24b9, pid=3984, tid=6688
#
# JRE version: Java(TM) SE Runtime Environment (8.0_65-b17) (build 1.8.0_65-b17)
# Java VM: Java HotSpot(TM) 64-Bit Server VM (25.65-b01 mixed mode windows-amd64 compressed oops)
# Problematic frame:
# C  [glfw.dll+0x24b9]
#
# Failed to write core dump. Minidumps are not enabled by default on client versions of Windows
#
# If you would like to submit a bug report, please visit:
#   http://bugreport.java.com/bugreport/crash.jsp
# The crash happened outside the Java Virtual Machine in native code.
# See problematic frame for where to report the bug.
#

---------------  T H R E A D  ---------------

Current thread (0x000000001e1e9000):  JavaThread "CLIENT" [_thread_in_native, id=6688, stack(0x000000001ef00000,0x000000001f000000)]

siginfo: ExceptionCode=0xc0000005, reading address 0x0000000000000000

Registers:
RAX=0x0000000000000000, RBX=0x000000001b9cf0a8, RCX=0x0000000000000000, RDX=0x0000000000000000
RSP=0x000000001effea20, RBP=0x000000001effeab0, RSI=0x0000000000000108, RDI=0x000000000044db20
R8 =0x000000001effea18, R9 =0x000000001effeab0, R10=0x0000000000000000, R11=0x0000000000000246
R12=0x0000000000000000, R13=0x000000001effeac8, R14=0x000000001effeaa0, R15=0x000000001e1e9000
RIP=0x00007ffdd3dd24b9, EFLAGS=0x0000000000010283

Top of Stack: (sp=0x000000001effea20)
0x000000001effea20:   0000000000000000 0000000000000108
0x000000001effea30:   000000001b973e30 00000000025ada10
0x000000001effea40:   0000000000001517 00000000029afd4a
0x000000001effea50:   000000001b9cf0a8 000000007052aea4
0x000000001effea60:   000000001e1e9000 000000001e1e9000
0x000000001effea70:   000000001e1e9000 0000000000000000
0x000000001effea80:   000000001e1b7540 00000000704b5eba
0x000000001effea90:   000000001efff188 000000001effeb28
0x000000001effeaa0:   00000006c280a218 0000000000001516
0x000000001effeab0:   000000001effeb28 00000000025b7d8d
0x000000001effeac0:   00000000025b7d8d 000000000044db20
0x000000001effead0:   00000000025b78a0 00007ffdd3dd2420
0x000000001effeae0:   0000000000000001 000000001effeae8
0x000000001effeaf0:   000000001b9eb99c 000000001effeb50
0x000000001effeb00:   000000001b9ed980 0000000000000000
0x000000001effeb10:   000000001b9eb9c8 000000001effeac8 

Instructions: (pc=0x00007ffdd3dd24b9)
0x00007ffdd3dd2499:   48 8b cf e8 1f 3a 00 00 48 39 3d f0 d5 02 00 48
0x00007ffdd3dd24a9:   8d 0d e9 d5 02 00 48 8b 5c 24 30 74 08 48 8b 09
0x00007ffdd3dd24b9:   48 39 39 75 f8 48 8b 07 48 89 01 48 8b cf 48 83
0x00007ffdd3dd24c9:   c4 20 5f e9 5b fe 00 00 48 83 c4 20 5f c3 cc cc 


Register to memory mapping:

RAX=0x0000000000000000 is an unknown value
RBX={method} {0x000000001b9cf0b0} 'invokePV' '(JJ)V' in 'org/lwjgl/system/JNI'
RCX=0x0000000000000000 is an unknown value
RDX=0x0000000000000000 is an unknown value
RSP=0x000000001effea20 is pointing into the stack for thread: 0x000000001e1e9000
RBP=0x000000001effeab0 is pointing into the stack for thread: 0x000000001e1e9000
RSI=0x0000000000000108 is an unknown value
RDI=0x000000000044db20 is an unknown value
R8 =0x000000001effea18 is pointing into the stack for thread: 0x000000001e1e9000
R9 =0x000000001effeab0 is pointing into the stack for thread: 0x000000001e1e9000
R10=0x0000000000000000 is an unknown value
R11=0x0000000000000246 is an unknown value
R12=0x0000000000000000 is an unknown value
R13=0x000000001effeac8 is pointing into the stack for thread: 0x000000001e1e9000
R14=0x000000001effeaa0 is pointing into the stack for thread: 0x000000001e1e9000
R15=0x000000001e1e9000 is a thread


Stack: [0x000000001ef00000,0x000000001f000000],  sp=0x000000001effea20,  free space=1018k
Native frames: (J=compiled Java code, j=interpreted, Vv=VM code, C=native code)
C  [glfw.dll+0x24b9]
C  0x00000000029afd4a

Java frames: (J=compiled Java code, j=interpreted, Vv=VM code)
J 796  org.lwjgl.system.JNI.invokePV(JJ)V (0 bytes) @ 0x00000000029afcc4 [0x00000000029afc80+0x44]
j  org.lwjgl.glfw.GLFW.glfwDestroyCursor(J)V+20
j  main.client.Window.destroyWindow()V+9
j  main.coreEngine.Engine.stop()V+70
j  main.client.Window.update()V+33
J 815 C1 main.client.renderEngine.RenderEngine.render()V (51 bytes) @ 0x00000000029c33ec [0x00000000029c2460+0xf8c]
J 801 C1 main.client.ClientThread.tick()V (16 bytes) @ 0x00000000029b17dc [0x00000000029b0f80+0x85c]
j  main.coreEngine.TickableThread.run()V+469
v  ~StubRoutines::call_stub

---------------  P R O C E S S  ---------------

Java Threads: ( => current thread )
  0x000000001e1e9800 JavaThread "SERVER" [_thread_in_Java, id=8128, stack(0x000000001f000000,0x000000001f100000)]
=>0x000000001e1e9000 JavaThread "CLIENT" [_thread_in_native, id=6688, stack(0x000000001ef00000,0x000000001f000000)]
  0x000000001e101800 JavaThread "Service Thread" daemon [_thread_blocked, id=2584, stack(0x000000001ed00000,0x000000001ee00000)]
  0x000000001e064000 JavaThread "C1 CompilerThread3" daemon [_thread_blocked, id=424, stack(0x000000001ec00000,0x000000001ed00000)]
  0x000000001e057000 JavaThread "C2 CompilerThread2" daemon [_thread_blocked, id=10604, stack(0x000000001eb00000,0x000000001ec00000)]
  0x000000001e056000 JavaThread "C2 CompilerThread1" daemon [_thread_blocked, id=11620, stack(0x000000001ea00000,0x000000001eb00000)]
  0x000000001e05b000 JavaThread "C2 CompilerThread0" daemon [_thread_blocked, id=8308, stack(0x000000001e900000,0x000000001ea00000)]
  0x000000001e041000 JavaThread "JDWP Command Reader" daemon [_thread_in_native, id=4060, stack(0x000000001e800000,0x000000001e900000)]
  0x000000001e040000 JavaThread "JDWP Event Helper Thread" daemon [_thread_blocked, id=2880, stack(0x000000001e700000,0x000000001e800000)]
  0x000000001bf5d800 JavaThread "JDWP Transport Listener: dt_socket" daemon [_thread_blocked, id=3944, stack(0x000000001e600000,0x000000001e700000)]
  0x000000001e02f800 JavaThread "Attach Listener" daemon [_thread_blocked, id=13520, stack(0x000000001e500000,0x000000001e600000)]
  0x000000001e02e800 JavaThread "Signal Dispatcher" daemon [_thread_blocked, id=9092, stack(0x000000001e400000,0x000000001e500000)]
  0x00000000025ac800 JavaThread "Finalizer" daemon [_thread_blocked, id=9712, stack(0x000000001de20000,0x000000001df20000)]
  0x00000000025a6000 JavaThread "Reference Handler" daemon [_thread_blocked, id=7832, stack(0x000000001dd20000,0x000000001de20000)]
  0x00000000024ae000 JavaThread "main" [_thread_in_Java, id=10428, stack(0x0000000002320000,0x0000000002420000)]

Other Threads:
  0x000000001bf49000 VMThread [stack: 0x000000001dc20000,0x000000001dd20000] [id=10012]
  0x000000001e10c800 WatcherThread [stack: 0x000000001ee00000,0x000000001ef00000] [id=7464]

VM state:not at safepoint (normal execution)

VM Mutex/Monitor currently owned by a thread: None

Heap:
 PSYoungGen      total 793600K, used 415557K [0x000000076b800000, 0x00000007be380000, 0x00000007c0000000)
  eden space 784896K, 52% used [0x000000076b800000,0x0000000784da94d0,0x000000079b680000)
  from space 8704K, 1% used [0x00000007bd280000,0x00000007bd2a8000,0x00000007bdb00000)
  to   space 8192K, 0% used [0x00000007bdb80000,0x00000007bdb80000,0x00000007be380000)
 ParOldGen       total 173568K, used 29588K [0x00000006c2800000, 0x00000006cd180000, 0x000000076b800000)
  object space 173568K, 17% used [0x00000006c2800000,0x00000006c44e5280,0x00000006cd180000)
 Metaspace       used 8321K, capacity 8710K, committed 8960K, reserved 1056768K
  class space    used 658K, capacity 690K, committed 768K, reserved 1048576K

Card table byte_map: [0x0000000011970000,0x0000000012160000] byte_map_base: 0x000000000e35c000

Marking Bits: (ParMarkBitMap*) 0x0000000070c0a5b0
 Begin Bits: [0x0000000012eb0000, 0x0000000016e10000)
 End Bits:   [0x0000000016e10000, 0x000000001ad70000)

Polling page: 0x0000000000960000

CodeCache: size=245760Kb used=4178Kb max_used=4178Kb free=241581Kb
 bounds [0x00000000025b0000, 0x00000000029d0000, 0x00000000115b0000]
 total_blobs=1474 nmethods=820 adapters=575
 compilation: enabled

Compilation events (10 events):
Event: 7.714 Thread 0x000000001e064000  816       3       org.lwjgl.opengl.GL11::glClearColor (18 bytes)
Event: 7.715 Thread 0x000000001e064000 nmethod 816 0x00000000029c5910 code [0x00000000029c5b00, 0x00000000029c6218]
Event: 7.730 Thread 0x000000001e064000  818       3       main.coreEngine.sceneGraph.components.CameraComponent::tick (1 bytes)
Event: 7.730 Thread 0x000000001e064000 nmethod 818 0x00000000029c6750 code [0x00000000029c68a0, 0x00000000029c69f0]
Event: 7.730 Thread 0x000000001e064000  819       3       main.coreEngine.sceneGraph.components.ControllerComponent::tick (1 bytes)
Event: 7.730 Thread 0x000000001e064000 nmethod 819 0x00000000029c6a90 code [0x00000000029c6be0, 0x00000000029c6d30]
Event: 7.730 Thread 0x000000001e064000  820       3       main.client.Window::isCloseRequested (16 bytes)
Event: 7.731 Thread 0x000000001e064000 nmethod 820 0x00000000029c6dd0 code [0x00000000029c6f80, 0x00000000029c73b8]
Event: 7.731 Thread 0x000000001e064000  821       3       org.lwjgl.glfw.GLFW::glfwWindowShouldClose (24 bytes)
Event: 7.731 Thread 0x000000001e064000 nmethod 821 0x00000000029c7610 code [0x00000000029c77a0, 0x00000000029c7af8]

GC Heap History (10 events):
Event: 5.016 GC heap before
{Heap before GC invocations=17 (full 0):
 PSYoungGen      total 995840K, used 995552K [0x000000076b800000, 0x00000007bf580000, 0x00000007c0000000)
  eden space 995328K, 100% used [0x000000076b800000,0x00000007a8400000,0x00000007a8400000)
  from space 512K, 43% used [0x00000007bf500000,0x00000007bf538000,0x00000007bf580000)
  to   space 10752K, 0% used [0x00000007be080000,0x00000007be080000,0x00000007beb00000)
 ParOldGen       total 173568K, used 29572K [0x00000006c2800000, 0x00000006cd180000, 0x000000076b800000)
  object space 173568K, 17% used [0x00000006c2800000,0x00000006c44e1280,0x00000006cd180000)
 Metaspace       used 8303K, capacity 8710K, committed 8960K, reserved 1056768K
  class space    used 658K, capacity 690K, committed 768K, reserved 1048576K
Event: 5.017 GC heap after
Heap after GC invocations=17 (full 0):
 PSYoungGen      total 959488K, used 224K [0x000000076b800000, 0x00000007bf580000, 0x00000007c0000000)
  eden space 948736K, 0% used [0x000000076b800000,0x000000076b800000,0x00000007a5680000)
  from space 10752K, 2% used [0x00000007be080000,0x00000007be0b8000,0x00000007beb00000)
  to   space 10240K, 0% used [0x00000007beb80000,0x00000007beb80000,0x00000007bf580000)
 ParOldGen       total 173568K, used 29572K [0x00000006c2800000, 0x00000006cd180000, 0x000000076b800000)
  object space 173568K, 17% used [0x00000006c2800000,0x00000006c44e1280,0x00000006cd180000)
 Metaspace       used 8303K, capacity 8710K, committed 8960K, reserved 1056768K
  class space    used 658K, capacity 690K, committed 768K, reserved 1048576K
}
Event: 5.738 GC heap before
{Heap before GC invocations=18 (full 0):
 PSYoungGen      total 959488K, used 948960K [0x000000076b800000, 0x00000007bf580000, 0x00000007c0000000)
  eden space 948736K, 100% used [0x000000076b800000,0x00000007a5680000,0x00000007a5680000)
  from space 10752K, 2% used [0x00000007be080000,0x00000007be0b8000,0x00000007beb00000)
  to   space 10240K, 0% used [0x00000007beb80000,0x00000007beb80000,0x00000007bf580000)
 ParOldGen       total 173568K, used 29572K [0x00000006c2800000, 0x00000006cd180000, 0x000000076b800000)
  object space 173568K, 17% used [0x00000006c2800000,0x00000006c44e1280,0x00000006cd180000)
 Metaspace       used 8314K, capacity 8710K, committed 8960K, reserved 1056768K
  class space    used 658K, capacity 690K, committed 768K, reserved 1048576K
Event: 5.739 GC heap after
Heap after GC invocations=18 (full 0):
 PSYoungGen      total 905216K, used 224K [0x000000076b800000, 0x00000007bec00000, 0x00000007c0000000)
  eden space 904704K, 0% used [0x000000076b800000,0x000000076b800000,0x00000007a2b80000)
  from space 512K, 43% used [0x00000007beb80000,0x00000007bebb8000,0x00000007bec00000)
  to   space 9728K, 0% used [0x00000007bd900000,0x00000007bd900000,0x00000007be280000)
 ParOldGen       total 173568K, used 29572K [0x00000006c2800000, 0x00000006cd180000, 0x000000076b800000)
  object space 173568K, 17% used [0x00000006c2800000,0x00000006c44e1280,0x00000006cd180000)
 Metaspace       used 8314K, capacity 8710K, committed 8960K, reserved 1056768K
  class space    used 658K, capacity 690K, committed 768K, reserved 1048576K
}
Event: 6.401 GC heap before
{Heap before GC invocations=19 (full 0):
 PSYoungGen      total 905216K, used 904928K [0x000000076b800000, 0x00000007bec00000, 0x00000007c0000000)
  eden space 904704K, 100% used [0x000000076b800000,0x00000007a2b80000,0x00000007a2b80000)
  from space 512K, 43% used [0x00000007beb80000,0x00000007bebb8000,0x00000007bec00000)
  to   space 9728K, 0% used [0x00000007bd900000,0x00000007bd900000,0x00000007be280000)
 ParOldGen       total 173568K, used 29572K [0x00000006c2800000, 0x00000006cd180000, 0x000000076b800000)
  object space 173568K, 17% used [0x00000006c2800000,0x00000006c44e1280,0x00000006cd180000)
 Metaspace       used 8314K, capacity 8710K, committed 8960K, reserved 1056768K
  class space    used 658K, capacity 690K, committed 768K, reserved 1048576K
Event: 6.401 GC heap after
Heap after GC invocations=19 (full 0):
 PSYoungGen      total 872448K, used 224K [0x000000076b800000, 0x00000007bec00000, 0x00000007c0000000)
  eden space 862720K, 0% used [0x000000076b800000,0x000000076b800000,0x00000007a0280000)
  from space 9728K, 2% used [0x00000007bd900000,0x00000007bd938000,0x00000007be280000)
  to   space 9216K, 0% used [0x00000007be300000,0x00000007be300000,0x00000007bec00000)
 ParOldGen       total 173568K, used 29588K [0x00000006c2800000, 0x00000006cd180000, 0x000000076b800000)
  object space 173568K, 17% used [0x00000006c2800000,0x00000006c44e5280,0x00000006cd180000)
 Metaspace       used 8314K, capacity 8710K, committed 8960K, reserved 1056768K
  class space    used 658K, capacity 690K, committed 768K, reserved 1048576K
}
Event: 7.034 GC heap before
{Heap before GC invocations=20 (full 0):
 PSYoungGen      total 872448K, used 862944K [0x000000076b800000, 0x00000007bec00000, 0x00000007c0000000)
  eden space 862720K, 100% used [0x000000076b800000,0x00000007a0280000,0x00000007a0280000)
  from space 9728K, 2% used [0x00000007bd900000,0x00000007bd938000,0x00000007be280000)
  to   space 9216K, 0% used [0x00000007be300000,0x00000007be300000,0x00000007bec00000)
 ParOldGen       total 173568K, used 29588K [0x00000006c2800000, 0x00000006cd180000, 0x000000076b800000)
  object space 173568K, 17% used [0x00000006c2800000,0x00000006c44e5280,0x00000006cd180000)
 Metaspace       used 8314K, capacity 8710K, committed 8960K, reserved 1056768K
  class space    used 658K, capacity 690K, committed 768K, reserved 1048576K
Event: 7.034 GC heap after
Heap after GC invocations=20 (full 0):
 PSYoungGen      total 823296K, used 224K [0x000000076b800000, 0x00000007be380000, 0x00000007c0000000)
  eden space 822784K, 0% used [0x000000076b800000,0x000000076b800000,0x000000079db80000)
  from space 512K, 43% used [0x00000007be300000,0x00000007be338000,0x00000007be380000)
  to   space 8704K, 0% used [0x00000007bd280000,0x00000007bd280000,0x00000007bdb00000)
 ParOldGen       total 173568K, used 29588K [0x00000006c2800000, 0x00000006cd180000, 0x000000076b800000)
  object space 173568K, 17% used [0x00000006c2800000,0x00000006c44e5280,0x00000006cd180000)
 Metaspace       used 8314K, capacity 8710K, committed 8960K, reserved 1056768K
  class space    used 658K, capacity 690K, committed 768K, reserved 1048576K
}
Event: 7.646 GC heap before
{Heap before GC invocations=21 (full 0):
 PSYoungGen      total 823296K, used 823008K [0x000000076b800000, 0x00000007be380000, 0x00000007c0000000)
  eden space 822784K, 100% used [0x000000076b800000,0x000000079db80000,0x000000079db80000)
  from space 512K, 43% used [0x00000007be300000,0x00000007be338000,0x00000007be380000)
  to   space 8704K, 0% used [0x00000007bd280000,0x00000007bd280000,0x00000007bdb00000)
 ParOldGen       total 173568K, used 29588K [0x00000006c2800000, 0x00000006cd180000, 0x000000076b800000)
  object space 173568K, 17% used [0x00000006c2800000,0x00000006c44e5280,0x00000006cd180000)
 Metaspace       used 8314K, capacity 8710K, committed 8960K, reserved 1056768K
  class space    used 658K, capacity 690K, committed 768K, reserved 1048576K
Event: 7.647 GC heap after
Heap after GC invocations=21 (full 0):
 PSYoungGen      total 793600K, used 160K [0x000000076b800000, 0x00000007be380000, 0x00000007c0000000)
  eden space 784896K, 0% used [0x000000076b800000,0x000000076b800000,0x000000079b680000)
  from space 8704K, 1% used [0x00000007bd280000,0x00000007bd2a8000,0x00000007bdb00000)
  to   space 8192K, 0% used [0x00000007bdb80000,0x00000007bdb80000,0x00000007be380000)
 ParOldGen       total 173568K, used 29588K [0x00000006c2800000, 0x00000006cd180000, 0x000000076b800000)
  object space 173568K, 17% used [0x00000006c2800000,0x00000006c44e5280,0x00000006cd180000)
 Metaspace       used 8314K, capacity 8710K, committed 8960K, reserved 1056768K
  class space    used 658K, capacity 690K, committed 768K, reserved 1048576K
}

Deoptimization events (10 events):
Event: 1.148 Thread 0x000000001e1e9000 Uncommon trap: reason=unstable_if action=reinterpret pc=0x00000000028d1590 method=java.util.HashMap.getNode(ILjava/lang/Object;)Ljava/util/HashMap$Node; @ 129
Event: 1.148 Thread 0x000000001e1e9000 Uncommon trap: reason=class_check action=maybe_recompile pc=0x00000000028ecf48 method=java.util.HashMap.putVal(ILjava/lang/Object;Ljava/lang/Object;ZZ)Ljava/lang/Object; @ 203
Event: 1.205 Thread 0x000000001e1e9000 Uncommon trap: reason=class_check action=maybe_recompile pc=0x00000000028ecf48 method=java.util.HashMap.putVal(ILjava/lang/Object;Ljava/lang/Object;ZZ)Ljava/lang/Object; @ 203
Event: 1.243 Thread 0x000000001e1e9000 Uncommon trap: reason=unstable_if action=reinterpret pc=0x000000000291db78 method=main.client.renderEngine.mesh.Mesh.compile(ILjava/util/List;)Lmain/client/renderEngine/mesh/Mesh; @ 102
Event: 1.273 Thread 0x000000001e1e9000 Uncommon trap: reason=unstable_if action=reinterpret pc=0x0000000002932070 method=main.client.renderEngine.mesh.Mesh.compile(ILjava/util/List;)Lmain/client/renderEngine/mesh/Mesh; @ 219
Event: 1.320 Thread 0x000000001e1e9000 Uncommon trap: reason=unstable_if action=reinterpret pc=0x0000000002946ae8 method=main.client.renderEngine.mesh.Mesh.compile(ILjava/util/List;)Lmain/client/renderEngine/mesh/Mesh; @ 553
Event: 1.329 Thread 0x000000001e1e9000 Uncommon trap: reason=unstable_if action=reinterpret pc=0x00000000028da870 method=main.client.renderEngine.mesh.Vertex.hashCode()I @ 27
Event: 1.339 Thread 0x000000001e1e9000 Uncommon trap: reason=unstable_if action=reinterpret pc=0x000000000288acf4 method=main.coreEngine.TickableThread.run()V @ 461
Event: 1.347 Thread 0x000000001e1e9800 Uncommon trap: reason=unstable_if action=reinterpret pc=0x000000000288acf4 method=main.coreEngine.TickableThread.run()V @ 461
Event: 1.355 Thread 0x00000000024ae000 Uncommon trap: reason=unstable_if action=reinterpret pc=0x000000000291b9b0 method=main.coreEngine.Engine.start()V @ 163

Internal exceptions (9 events):
Event: 0.022 Thread 0x00000000024ae000 Exception <a 'java/lang/NoSuchMethodError': Method sun.misc.Unsafe.defineClass(Ljava/lang/String;[BII)Ljava/lang/Class; name or signature does not match> (0x000000076b80d8f8) thrown at [C:\workspace\8-2-build-windows-amd64-cygwin\jdk8u65\4987\hotspot\src\s€–ej1ñ?
Event: 0.022 Thread 0x00000000024ae000 Exception <a 'java/lang/NoSuchMethodError': Method sun.misc.Unsafe.prefetchRead(Ljava/lang/Object;J)V name or signature does not match> (0x000000076b80dbe0) thrown at [C:\workspace\8-2-build-windows-amd64-cygwin\jdk8u65\4987\hotspot\src\share\vm\prims\jni.≤Q:ÏmΩŸ?
Event: 0.402 Thread 0x000000001e1e9000 Implicit null exception at 0x000000000270018f to 0x00000000027004f5
Event: 0.403 Thread 0x000000001e1e9000 Exception <a 'java/security/PrivilegedActionException'> (0x000000076b94de88) thrown at [C:\workspace\8-2-build-windows-amd64-cygwin\jdk8u65\4987\hotspot\src\share\vm\prims\jvm.cpp, line 1386]
Event: 0.403 Thread 0x000000001e1e9000 Exception <a 'java/security/PrivilegedActionException'> (0x000000076b94e280) thrown at [C:\workspace\8-2-build-windows-amd64-cygwin\jdk8u65\4987\hotspot\src\share\vm\prims\jvm.cpp, line 1386]
Event: 0.404 Thread 0x000000001e1e9000 Exception <a 'java/security/PrivilegedActionException'> (0x000000076b952498) thrown at [C:\workspace\8-2-build-windows-amd64-cygwin\jdk8u65\4987\hotspot\src\share\vm\prims\jvm.cpp, line 1386]
Event: 0.404 Thread 0x000000001e1e9000 Exception <a 'java/security/PrivilegedActionException'> (0x000000076b952890) thrown at [C:\workspace\8-2-build-windows-amd64-cygwin\jdk8u65\4987\hotspot\src\share\vm\prims\jvm.cpp, line 1386]
Event: 0.747 Thread 0x00000000024ae000 Implicit null exception at 0x000000000271387c to 0x0000000002713e49
Event: 1.126 Thread 0x000000001e1e9000 Implicit null exception at 0x00000000028d4ca4 to 0x00000000028d521d

Events (10 events):
Event: 5.016 Executing VM operation: ParallelGCFailedAllocation
Event: 5.017 Executing VM operation: ParallelGCFailedAllocation done
Event: 5.738 Executing VM operation: ParallelGCFailedAllocation
Event: 5.739 Executing VM operation: ParallelGCFailedAllocation done
Event: 6.401 Executing VM operation: ParallelGCFailedAllocation
Event: 6.401 Executing VM operation: ParallelGCFailedAllocation done
Event: 7.033 Executing VM operation: ParallelGCFailedAllocation
Event: 7.034 Executing VM operation: ParallelGCFailedAllocation done
Event: 7.646 Executing VM operation: ParallelGCFailedAllocation
Event: 7.647 Executing VM operation: ParallelGCFailedAllocation done


Dynamic libraries:
0x00007ff76c070000 - 0x00007ff76c0a7000 	C:\Program Files\Java\jdk1.8.0_65\bin\java.exe
0x00007ffde4980000 - 0x00007ffde4b41000 	C:\WINDOWS\SYSTEM32\ntdll.dll
0x00007ffde42a0000 - 0x00007ffde434d000 	C:\WINDOWS\system32\KERNEL32.DLL
0x00007ffde19f0000 - 0x00007ffde1bd8000 	C:\WINDOWS\system32\KERNELBASE.dll
0x00007ffde1e70000 - 0x00007ffde1f17000 	C:\WINDOWS\system32\ADVAPI32.dll
0x00007ffde3800000 - 0x00007ffde389d000 	C:\WINDOWS\system32\msvcrt.dll
0x00007ffde1e10000 - 0x00007ffde1e6b000 	C:\WINDOWS\system32\sechost.dll
0x00007ffde3bd0000 - 0x00007ffde3cec000 	C:\WINDOWS\system32\RPCRT4.dll
0x00007ffde3fe0000 - 0x00007ffde4136000 	C:\WINDOWS\system32\USER32.dll
0x00007ffde3cf0000 - 0x00007ffde3e76000 	C:\WINDOWS\system32\GDI32.dll
0x00007ffddd690000 - 0x00007ffddd904000 	C:\WINDOWS\WinSxS\amd64_microsoft.windows.common-controls_6595b64144ccf1df_6.0.10586.0_none_8c15ae12515e1c22\COMCTL32.dll
0x00007ffde3950000 - 0x00007ffde3bcd000 	C:\WINDOWS\system32\combase.dll
0x00007ffde1cf0000 - 0x00007ffde1d5a000 	C:\WINDOWS\system32\bcryptPrimitives.dll
0x00007ffde1dc0000 - 0x00007ffde1dfb000 	C:\WINDOWS\system32\IMM32.DLL
0x0000000070c90000 - 0x0000000070d62000 	C:\Program Files\Java\jdk1.8.0_65\jre\bin\msvcr100.dll
0x0000000070400000 - 0x0000000070c89000 	C:\Program Files\Java\jdk1.8.0_65\jre\bin\server\jvm.dll
0x00007ffde4290000 - 0x00007ffde4298000 	C:\WINDOWS\system32\PSAPI.DLL
0x00007ffdd8550000 - 0x00007ffdd8559000 	C:\WINDOWS\SYSTEM32\WSOCK32.dll
0x00007ffddf730000 - 0x00007ffddf753000 	C:\WINDOWS\SYSTEM32\WINMM.dll
0x00007ffddd9c0000 - 0x00007ffddd9ca000 	C:\WINDOWS\SYSTEM32\VERSION.dll
0x00007ffde4470000 - 0x00007ffde44db000 	C:\WINDOWS\system32\WS2_32.dll
0x00000000009c0000 - 0x00000000009ec000 	C:\WINDOWS\SYSTEM32\WINMMBASE.dll
0x00007ffde1be0000 - 0x00007ffde1c23000 	C:\WINDOWS\system32\cfgmgr32.dll
0x00000000703f0000 - 0x00000000703ff000 	C:\Program Files\Java\jdk1.8.0_65\jre\bin\verify.dll
0x00000000703c0000 - 0x00000000703e9000 	C:\Program Files\Java\jdk1.8.0_65\jre\bin\java.dll
0x0000000070310000 - 0x0000000070345000 	C:\Program Files\Java\jdk1.8.0_65\jre\bin\jdwp.dll
0x00000000702f0000 - 0x00000000702f8000 	C:\Program Files\Java\jdk1.8.0_65\jre\bin\npt.dll
0x00000000703a0000 - 0x00000000703b6000 	C:\Program Files\Java\jdk1.8.0_65\jre\bin\zip.dll
0x00007ffde1f80000 - 0x00007ffde34dc000 	C:\WINDOWS\system32\SHELL32.dll
0x00007ffde11d0000 - 0x00007ffde1815000 	C:\WINDOWS\system32\windows.storage.dll
0x00007ffde36b0000 - 0x00007ffde3702000 	C:\WINDOWS\system32\shlwapi.dll
0x00007ffde0fb0000 - 0x00007ffde0fbf000 	C:\WINDOWS\system32\kernel.appcore.dll
0x00007ffde1c30000 - 0x00007ffde1ce5000 	C:\WINDOWS\system32\shcore.dll
0x00007ffde0fc0000 - 0x00007ffde100b000 	C:\WINDOWS\system32\powrprof.dll
0x00007ffde0f80000 - 0x00007ffde0f94000 	C:\WINDOWS\system32\profapi.dll
0x0000000070300000 - 0x0000000070309000 	C:\Program Files\Java\jdk1.8.0_65\jre\bin\dt_socket.dll
0x00007ffde08b0000 - 0x00007ffde090c000 	C:\WINDOWS\system32\mswsock.dll
0x00007ffdc5f30000 - 0x00007ffdc5fb8000 	D:\Code\Java\Projects\WireEngine20\lib\native\lwjgl.dll
0x00007ffde0a80000 - 0x00007ffde0a8b000 	C:\WINDOWS\SYSTEM32\CRYPTBASE.DLL
0x00007ffdd3060000 - 0x00007ffdd30a2000 	D:\Code\Java\Projects\WireEngine20\lib\native\jemalloc.dll
0x00007ffdd3dd0000 - 0x00007ffdd3e08000 	D:\Code\Java\Projects\WireEngine20\lib\native\glfw.dll
0x00007ffddf850000 - 0x00007ffddf8e6000 	C:\WINDOWS\system32\uxtheme.dll
0x00007ffdde650000 - 0x00007ffdde672000 	C:\WINDOWS\SYSTEM32\dwmapi.dll
0x00007ffdc9d10000 - 0x00007ffdc9e39000 	C:\WINDOWS\SYSTEM32\opengl32.dll
0x00007ffdcfb20000 - 0x00007ffdcfb4e000 	C:\WINDOWS\SYSTEM32\GLU32.dll
0x00007ffdcc520000 - 0x00007ffdcc61a000 	C:\WINDOWS\SYSTEM32\DDRAW.dll
0x00007ffdd96b0000 - 0x00007ffdd96b8000 	C:\WINDOWS\SYSTEM32\DCIMAN32.dll
0x00007ffde3e80000 - 0x00007ffde3fda000 	C:\WINDOWS\system32\MSCTF.dll
0x00007ffdd2dd0000 - 0x00007ffdd2e19000 	C:\Program Files (x86)\TeamViewer\tv_x64.dll
0x00007ffde4140000 - 0x00007ffde4283000 	C:\WINDOWS\system32\ole32.dll
0x000000006e5a0000 - 0x00000000702e9000 	C:\WINDOWS\SYSTEM32\nvoglv64.DLL
0x00007ffde4550000 - 0x00007ffde4979000 	C:\WINDOWS\system32\SETUPAPI.dll
0x00007ffddf2f0000 - 0x00007ffddf303000 	C:\WINDOWS\SYSTEM32\WTSAPI32.dll
0x00007ffddf9a0000 - 0x00007ffddf9c7000 	C:\WINDOWS\SYSTEM32\DEVOBJ.dll
0x00007ffde1170000 - 0x00007ffde11c5000 	C:\WINDOWS\system32\WINTRUST.dll
0x00007ffde0fa0000 - 0x00007ffde0fb0000 	C:\WINDOWS\system32\MSASN1.dll
0x00007ffde1820000 - 0x00007ffde19e7000 	C:\WINDOWS\system32\CRYPT32.dll
0x00007ffde04d0000 - 0x00007ffde0501000 	C:\WINDOWS\SYSTEM32\ntmarta.dll
0x00007ffde0220000 - 0x00007ffde0276000 	C:\WINDOWS\SYSTEM32\WINSTA.dll
0x00007ffde38a0000 - 0x00007ffde3947000 	C:\WINDOWS\system32\clbcatq.dll
0x00007ffddc360000 - 0x00007ffddc385000 	C:\Program Files (x86)\Samsung\Easy Printer Manager\SmartScreenPrint\CDAKEYMonitor64.dll
0x00007ffde3730000 - 0x00007ffde37f1000 	C:\WINDOWS\system32\OLEAUT32.dll
0x00007ffdb9de0000 - 0x00007ffdb9f6c000 	C:\WINDOWS\SYSTEM32\dbghelp.dll

VM Arguments:
jvm_args: -agentlib:jdwp=transport=dt_socket,address=127.0.0.1:62537,suspend=y,server=n -Djava.library.path=lib/native/ -Dfile.encoding=UTF-8 
java_command: main.Main
java_class_path (initial): C:\Program Files\Java\jdk1.8.0_65\jre\lib\charsets.jar;C:\Program Files\Java\jdk1.8.0_65\jre\lib\deploy.jar;C:\Program Files\Java\jdk1.8.0_65\jre\lib\ext\access-bridge-64.jar;C:\Program Files\Java\jdk1.8.0_65\jre\lib\ext\cldrdata.jar;C:\Program Files\Java\jdk1.8.0_65\jre\lib\ext\dnsns.jar;C:\Program Files\Java\jdk1.8.0_65\jre\lib\ext\jaccess.jar;C:\Program Files\Java\jdk1.8.0_65\jre\lib\ext\jfxrt.jar;C:\Program Files\Java\jdk1.8.0_65\jre\lib\ext\localedata.jar;C:\Program Files\Java\jdk1.8.0_65\jre\lib\ext\nashorn.jar;C:\Program Files\Java\jdk1.8.0_65\jre\lib\ext\sunec.jar;C:\Program Files\Java\jdk1.8.0_65\jre\lib\ext\sunjce_provider.jar;C:\Program Files\Java\jdk1.8.0_65\jre\lib\ext\sunmscapi.jar;C:\Program Files\Java\jdk1.8.0_65\jre\lib\ext\sunpkcs11.jar;C:\Program Files\Java\jdk1.8.0_65\jre\lib\ext\zipfs.jar;C:\Program Files\Java\jdk1.8.0_65\jre\lib\javaws.jar;C:\Program Files\Java\jdk1.8.0_65\jre\lib\jce.jar;C:\Program Files\Java\jdk1.8.0_65\jre\lib\jfr.jar;C:\Program Files\Java\jdk1.8.0_65\jre\lib\jfxswt.jar;C:\Program Files\Java\jdk1.8.0_65\jre\lib\jsse.jar;C:\Program Files\Java\jdk1.8.0_65\jre\lib\management-agent.jar;C:\Program Files\Java\jdk1.8.0_65\jre\lib\plugin.jar;C:\Program Files\Java\jdk1.8.0_65\jre\lib\resources.jar;C:\Program Files\Java\jdk1.8.0_65\jre\lib\rt.jar;D:\Code\Java\Projects\WireEngine20\out\production\WireEngine20;D:\Code\Java\Projects\WireEngine20\lib\jar\lwjgl.jar;D:\Code\Java\Projects\WireEngine20\lib\jar\slick-util.jar;D:\Program Files (x86)\JetBrains\IntelliJ IDEA 2016.1\lib\idea_rt.jar
Launcher Type: SUN_STANDARD

Environment Variables:
JAVA_HOME=C:\Program Files\Java\jdk1.8.0_65
PATH=C:\ProgramData\Oracle\Java\javapath;C:\Program Files (x86)\Razer Chroma SDK\bin;C:\Program Files\Razer Chroma SDK\bin;C:\Program Files (x86)\NVIDIA Corporation\PhysX\Common;C:\Program Files (x86)\Intel\iCLS Client\;C:\Program Files\Intel\iCLS Client\;C:\Windows\system32;C:\Windows;C:\Windows\System32\Wbem;C:\Windows\System32\WindowsPowerShell\v1.0\;C:\Program Files\Intel\Intel(R) Management Engine Components\DAL;C:\Program Files (x86)\Intel\Intel(R) Management Engine Components\DAL;C:\Program Files\Intel\Intel(R) Management Engine Components\IPT;C:\Program Files (x86)\Intel\Intel(R) Management Engine Components\IPT;C:\Program Files\Java\jre1.8.0_65\bin;C:\MinGW\bin;C:\WINDOWS\system32;C:\WINDOWS;C:\WINDOWS\System32\Wbem;C:\WINDOWS\System32\WindowsPowerShell\v1.0\;D:\Program Files (x86)\CMake\bin;D:\Program Files\Programs\Python\Python35-32;D:\Program Files\Programs\Python\Python35-32\Scripts;C:\Program Files (x86)\Skype\Phone\;D:\Program Files\Programs\Python\Python35-32\Scripts\;D:\Program Files\Programs\Python\Python35-32\
USERNAME=Kelan
OS=Windows_NT
PROCESSOR_IDENTIFIER=Intel64 Family 6 Model 60 Stepping 3, GenuineIntel



---------------  S Y S T E M  ---------------

OS: Windows 10.0 , 64 bit Build 10586 (10.0.10586.0)

CPU:total 8 (4 cores per cpu, 2 threads per core) family 6 model 60 stepping 3, cmov, cx8, fxsr, mmx, sse, sse2, sse3, ssse3, sse4.1, sse4.2, popcnt, avx, avx2, aes, clmul, erms, lzcnt, ht, tsc, tscinvbit, bmi1, bmi2

Memory: 4k page, physical 16609500k(2435824k free), swap 33386716k(16697988k free)

vm_info: Java HotSpot(TM) 64-Bit Server VM (25.65-b01) for windows-amd64 JRE (1.8.0_65-b17), built on Oct  6 2015 16:39:20 by "java_re" with MS VC++ 10.0 (VS2010)

time: Tue Apr 12 13:13:19 2016
elapsed time: 8 seconds (0d 0h 0m 8s)

