#
# A fatal error has been detected by the Java Runtime Environment:
#
#  EXCEPTION_ACCESS_VIOLATION (0xc0000005) at pc=0x00007ffdcf9f24b9, pid=14068, tid=5600
#
# JRE version: Java(TM) SE Runtime Environment (8.0_65-b17) (build 1.8.0_65-b17)
# Java VM: Java HotSpot(TM) 64-Bit Server VM (25.65-b01 mixed mode windows-amd64 compressed oops)
# Problematic frame:
# C  [glfw.dll+0x24b9]
#
# Failed to write core dump. Minidumps are not enabled by default on client versions of Windows
#
# If you would like to submit a bug report, please visit:
#   http://bugreport.java.com/bugreport/crash.jsp
# The crash happened outside the Java Virtual Machine in native code.
# See problematic frame for where to report the bug.
#

---------------  T H R E A D  ---------------

Current thread (0x000000001e1e9000):  JavaThread "CLIENT" [_thread_in_native, id=5600, stack(0x000000001ed80000,0x000000001ee80000)]

siginfo: ExceptionCode=0xc0000005, reading address 0x0000000000000000

Registers:
RAX=0x0000000000000000, RBX=0x000000001b9bf2d8, RCX=0x0000000000000000, RDX=0x0000000000000000
RSP=0x000000001ee7f190, RBP=0x000000001ee7f240, RSI=0x0000000000000108, RDI=0x0000000000680840
R8 =0x000000001ee7f188, R9 =0x000000001ee7f240, R10=0x0000000000000000, R11=0x0000000000000246
R12=0x0000000000000000, R13=0x000000001b9bf2d8, R14=0x000000001ee7f278, R15=0x000000001e1e9000
RIP=0x00007ffdcf9f24b9, EFLAGS=0x0000000000010287

Top of Stack: (sp=0x000000001ee7f190)
0x000000001ee7f190:   000000001e1e9000 000000001e1e9000
0x000000001ee7f1a0:   000000001b9d87b8 000000007052d610
0x000000001ee7f1b0:   00000000000001dd 0000000002565e34
0x000000001ee7f1c0:   000000001b9bf2d8 000000001e0f8d80
0x000000001ee7f1d0:   000000000000000e 000000001e1e9000
0x000000001ee7f1e0:   000000001b9d87b8 000000007052aea4
0x000000001ee7f1f0:   000000001e1e9000 000000001e1e9000
0x000000001ee7f200:   000000001ee7f200 0000000000000000
0x000000001ee7f210:   000000001ee7f278 000000001b9bf470
0x000000001ee7f220:   0000000000000000 000000001b9bf2d8
0x000000001ee7f230:   0000000000000000 000000001ee7f260
0x000000001ee7f240:   000000001ee7f2c0 0000000002557ced
0x000000001ee7f250:   00000006c2806738 000000000255f978
0x000000001ee7f260:   0000000000680840 0000000002557800
0x000000001ee7f270:   00007ffdcf9f2420 0000000000000001
0x000000001ee7f280:   000000001ee7f280 000000001b9d878c 

Instructions: (pc=0x00007ffdcf9f24b9)
0x00007ffdcf9f2499:   48 8b cf e8 1f 3a 00 00 48 39 3d f0 d5 02 00 48
0x00007ffdcf9f24a9:   8d 0d e9 d5 02 00 48 8b 5c 24 30 74 08 48 8b 09
0x00007ffdcf9f24b9:   48 39 39 75 f8 48 8b 07 48 89 01 48 8b cf 48 83
0x00007ffdcf9f24c9:   c4 20 5f e9 5b fe 00 00 48 83 c4 20 5f c3 cc cc 


Register to memory mapping:

RAX=0x0000000000000000 is an unknown value
RBX={method} {0x000000001b9bf2e0} 'invokePV' '(JJ)V' in 'org/lwjgl/system/JNI'
RCX=0x0000000000000000 is an unknown value
RDX=0x0000000000000000 is an unknown value
RSP=0x000000001ee7f190 is pointing into the stack for thread: 0x000000001e1e9000
RBP=0x000000001ee7f240 is pointing into the stack for thread: 0x000000001e1e9000
RSI=0x0000000000000108 is an unknown value
RDI=0x0000000000680840 is an unknown value
R8 =0x000000001ee7f188 is pointing into the stack for thread: 0x000000001e1e9000
R9 =0x000000001ee7f240 is pointing into the stack for thread: 0x000000001e1e9000
R10=0x0000000000000000 is an unknown value
R11=0x0000000000000246 is an unknown value
R12=0x0000000000000000 is an unknown value
R13={method} {0x000000001b9bf2e0} 'invokePV' '(JJ)V' in 'org/lwjgl/system/JNI'
R14=0x000000001ee7f278 is pointing into the stack for thread: 0x000000001e1e9000
R15=0x000000001e1e9000 is a thread


Stack: [0x000000001ed80000,0x000000001ee80000],  sp=0x000000001ee7f190,  free space=1020k
Native frames: (J=compiled Java code, j=interpreted, Vv=VM code, C=native code)
C  [glfw.dll+0x24b9]
C  0x0000000002565e34

Java frames: (J=compiled Java code, j=interpreted, Vv=VM code)
j  org.lwjgl.system.JNI.invokePV(JJ)V+0
j  org.lwjgl.glfw.GLFW.glfwDestroyCursor(J)V+20
j  main.client.Window.destroyWindow()V+9
j  main.coreEngine.Engine.stop()V+70
j  main.client.Window.update()V+43
j  main.client.renderEngine.RenderEngine.render()V+32
j  main.client.ClientThread.tick()V+12
J 434% C1 main.coreEngine.TickableThread.run()V (481 bytes) @ 0x000000000279fa3c [0x000000000279b220+0x481c]
v  ~StubRoutines::call_stub

---------------  P R O C E S S  ---------------

Java Threads: ( => current thread )
  0x000000001e1e6800 JavaThread "SERVER" [_thread_in_Java, id=1884, stack(0x000000001ee80000,0x000000001ef80000)]
=>0x000000001e1e9000 JavaThread "CLIENT" [_thread_in_native, id=5600, stack(0x000000001ed80000,0x000000001ee80000)]
  0x000000001e1a2000 JavaThread "Monitor Ctrl-Break" daemon [_thread_in_native, id=13180, stack(0x000000001ec50000,0x000000001ed50000)]
  0x000000001e0d8000 JavaThread "Service Thread" daemon [_thread_blocked, id=11136, stack(0x000000001ea10000,0x000000001eb10000)]
  0x000000001e050800 JavaThread "C1 CompilerThread3" daemon [_thread_blocked, id=7460, stack(0x000000001e910000,0x000000001ea10000)]
  0x000000001e04c000 JavaThread "C2 CompilerThread2" daemon [_thread_blocked, id=8232, stack(0x000000001e810000,0x000000001e910000)]
  0x000000001e03e800 JavaThread "C2 CompilerThread1" daemon [_thread_blocked, id=10680, stack(0x000000001e710000,0x000000001e810000)]
  0x000000001e03b000 JavaThread "C2 CompilerThread0" daemon [_thread_blocked, id=9716, stack(0x000000001e610000,0x000000001e710000)]
  0x000000001e035000 JavaThread "Attach Listener" daemon [_thread_blocked, id=11164, stack(0x000000001e510000,0x000000001e610000)]
  0x000000001e034000 JavaThread "Signal Dispatcher" daemon [_thread_blocked, id=6280, stack(0x000000001e410000,0x000000001e510000)]
  0x000000000254a800 JavaThread "Finalizer" daemon [_thread_blocked, id=4756, stack(0x000000001de30000,0x000000001df30000)]
  0x0000000002544000 JavaThread "Reference Handler" daemon [_thread_blocked, id=12804, stack(0x000000001dd30000,0x000000001de30000)]
  0x000000000243e000 JavaThread "main" [_thread_in_Java, id=4224, stack(0x00000000022e0000,0x00000000023e0000)]

Other Threads:
  0x000000001bf39000 VMThread [stack: 0x000000001dc30000,0x000000001dd30000] [id=2032]
  0x000000001e0fb800 WatcherThread [stack: 0x000000001eb10000,0x000000001ec10000] [id=6712]

VM state:not at safepoint (normal execution)

VM Mutex/Monitor currently owned by a thread: None

Heap:
 PSYoungGen      total 231424K, used 55348K [0x000000076b800000, 0x000000078b500000, 0x00000007c0000000)
  eden space 230912K, 23% used [0x000000076b800000,0x000000076eddd308,0x0000000779980000)
  from space 512K, 37% used [0x000000078b480000,0x000000078b4b0000,0x000000078b500000)
  to   space 3584K, 0% used [0x000000078ae00000,0x000000078ae00000,0x000000078b180000)
 ParOldGen       total 173568K, used 1196K [0x00000006c2800000, 0x00000006cd180000, 0x000000076b800000)
  object space 173568K, 0% used [0x00000006c2800000,0x00000006c292b060,0x00000006cd180000)
 Metaspace       used 8219K, capacity 8614K, committed 8704K, reserved 1056768K
  class space    used 675K, capacity 722K, committed 768K, reserved 1048576K

Card table byte_map: [0x0000000011910000,0x0000000012100000] byte_map_base: 0x000000000e2fc000

Marking Bits: (ParMarkBitMap*) 0x0000000070c0a5b0
 Begin Bits: [0x0000000012e50000, 0x0000000016db0000)
 End Bits:   [0x0000000016db0000, 0x000000001ad10000)

Polling page: 0x0000000000ca0000

CodeCache: size=245760Kb used=2576Kb max_used=2576Kb free=243183Kb
 bounds [0x0000000002550000, 0x00000000027e0000, 0x0000000011550000]
 total_blobs=1165 nmethods=502 adapters=576
 compilation: enabled

Compilation events (10 events):
Event: 1.900 Thread 0x000000001e050800  498       3       org.lwjgl.system.MemoryUtil::memAddressSafe (13 bytes)
Event: 1.901 Thread 0x000000001e050800 nmethod 498 0x00000000027d43d0 code [0x00000000027d4560, 0x00000000027d4930]
Event: 1.901 Thread 0x000000001e050800  499       1       main.coreEngine.sceneGraph.Transformation::getPosition (5 bytes)
Event: 1.901 Thread 0x000000001e050800 nmethod 499 0x00000000027d4ad0 code [0x00000000027d4c20, 0x00000000027d4d30]
Event: 2.033 Thread 0x000000001e050800  500       3       main.coreEngine.util.maths.Vector::<init> (5 bytes)
Event: 2.034 Thread 0x000000001e050800 nmethod 500 0x00000000027d4d90 code [0x00000000027d4ee0, 0x00000000027d5090]
Event: 2.126 Thread 0x000000001e050800  502       3       main.coreEngine.sceneGraph.Node::tick (75 bytes)
Event: 2.126 Thread 0x000000001e050800 nmethod 502 0x00000000027d5150 code [0x00000000027d5360, 0x00000000027d5d78]
Event: 2.126 Thread 0x000000001e050800  501   !   3       main.coreEngine.TickableThread::scheduleTick (25 bytes)
Event: 2.126 Thread 0x000000001e050800 nmethod 501 0x00000000027d60d0 code [0x00000000027d6220, 0x00000000027d6510]

GC Heap History (10 events):
Event: 1.248 GC heap before
{Heap before GC invocations=6 (full 0):
 PSYoungGen      total 140800K, used 131312K [0x000000076b800000, 0x000000077be00000, 0x00000007c0000000)
  eden space 130048K, 100% used [0x000000076b800000,0x0000000773700000,0x0000000773700000)
  from space 10752K, 11% used [0x0000000773700000,0x000000077383c010,0x0000000774180000)
  to   space 4096K, 0% used [0x000000077ba00000,0x000000077ba00000,0x000000077be00000)
 ParOldGen       total 173568K, used 24K [0x00000006c2800000, 0x00000006cd180000, 0x000000076b800000)
  object space 173568K, 0% used [0x00000006c2800000,0x00000006c2806000,0x00000006cd180000)
 Metaspace       used 8213K, capacity 8614K, committed 8704K, reserved 1056768K
  class space    used 675K, capacity 722K, committed 768K, reserved 1048576K
Event: 1.249 GC heap after
Heap after GC invocations=6 (full 0):
 PSYoungGen      total 263168K, used 1296K [0x000000076b800000, 0x000000077bd00000, 0x00000007c0000000)
  eden space 260096K, 0% used [0x000000076b800000,0x000000076b800000,0x000000077b600000)
  from space 3072K, 42% used [0x000000077ba00000,0x000000077bb44010,0x000000077bd00000)
  to   space 3584K, 0% used [0x000000077b600000,0x000000077b600000,0x000000077b980000)
 ParOldGen       total 173568K, used 24K [0x00000006c2800000, 0x00000006cd180000, 0x000000076b800000)
  object space 173568K, 0% used [0x00000006c2800000,0x00000006c2806000,0x00000006cd180000)
 Metaspace       used 8213K, capacity 8614K, committed 8704K, reserved 1056768K
  class space    used 675K, capacity 722K, committed 768K, reserved 1048576K
}
Event: 1.441 GC heap before
{Heap before GC invocations=7 (full 0):
 PSYoungGen      total 263168K, used 261392K [0x000000076b800000, 0x000000077bd00000, 0x00000007c0000000)
  eden space 260096K, 100% used [0x000000076b800000,0x000000077b600000,0x000000077b600000)
  from space 3072K, 42% used [0x000000077ba00000,0x000000077bb44010,0x000000077bd00000)
  to   space 3584K, 0% used [0x000000077b600000,0x000000077b600000,0x000000077b980000)
 ParOldGen       total 173568K, used 24K [0x00000006c2800000, 0x00000006cd180000, 0x000000076b800000)
  object space 173568K, 0% used [0x00000006c2800000,0x00000006c2806000,0x00000006cd180000)
 Metaspace       used 8213K, capacity 8614K, committed 8704K, reserved 1056768K
  class space    used 675K, capacity 722K, committed 768K, reserved 1048576K
Event: 1.443 GC heap after
Heap after GC invocations=7 (full 0):
 PSYoungGen      total 263680K, used 128K [0x000000076b800000, 0x000000078bb00000, 0x00000007c0000000)
  eden space 260096K, 0% used [0x000000076b800000,0x000000076b800000,0x000000077b600000)
  from space 3584K, 3% used [0x000000077b600000,0x000000077b620000,0x000000077b980000)
  to   space 3584K, 0% used [0x000000078b780000,0x000000078b780000,0x000000078bb00000)
 ParOldGen       total 173568K, used 1188K [0x00000006c2800000, 0x00000006cd180000, 0x000000076b800000)
  object space 173568K, 0% used [0x00000006c2800000,0x00000006c2929060,0x00000006cd180000)
 Metaspace       used 8213K, capacity 8614K, committed 8704K, reserved 1056768K
  class space    used 675K, capacity 722K, committed 768K, reserved 1048576K
}
Event: 1.709 GC heap before
{Heap before GC invocations=8 (full 0):
 PSYoungGen      total 263680K, used 260224K [0x000000076b800000, 0x000000078bb00000, 0x00000007c0000000)
  eden space 260096K, 100% used [0x000000076b800000,0x000000077b600000,0x000000077b600000)
  from space 3584K, 3% used [0x000000077b600000,0x000000077b620000,0x000000077b980000)
  to   space 3584K, 0% used [0x000000078b780000,0x000000078b780000,0x000000078bb00000)
 ParOldGen       total 173568K, used 1188K [0x00000006c2800000, 0x00000006cd180000, 0x000000076b800000)
  object space 173568K, 0% used [0x00000006c2800000,0x00000006c2929060,0x00000006cd180000)
 Metaspace       used 8216K, capacity 8614K, committed 8704K, reserved 1056768K
  class space    used 675K, capacity 722K, committed 768K, reserved 1048576K
Event: 1.709 GC heap after
Heap after GC invocations=8 (full 0):
 PSYoungGen      total 250368K, used 192K [0x000000076b800000, 0x000000078b800000, 0x00000007c0000000)
  eden space 249856K, 0% used [0x000000076b800000,0x000000076b800000,0x000000077ac00000)
  from space 512K, 37% used [0x000000078b780000,0x000000078b7b0000,0x000000078b800000)
  to   space 3584K, 0% used [0x000000078b100000,0x000000078b100000,0x000000078b480000)
 ParOldGen       total 173568K, used 1196K [0x00000006c2800000, 0x00000006cd180000, 0x000000076b800000)
  object space 173568K, 0% used [0x00000006c2800000,0x00000006c292b060,0x00000006cd180000)
 Metaspace       used 8216K, capacity 8614K, committed 8704K, reserved 1056768K
  class space    used 675K, capacity 722K, committed 768K, reserved 1048576K
}
Event: 1.892 GC heap before
{Heap before GC invocations=9 (full 0):
 PSYoungGen      total 250368K, used 250048K [0x000000076b800000, 0x000000078b800000, 0x00000007c0000000)
  eden space 249856K, 100% used [0x000000076b800000,0x000000077ac00000,0x000000077ac00000)
  from space 512K, 37% used [0x000000078b780000,0x000000078b7b0000,0x000000078b800000)
  to   space 3584K, 0% used [0x000000078b100000,0x000000078b100000,0x000000078b480000)
 ParOldGen       total 173568K, used 1196K [0x00000006c2800000, 0x00000006cd180000, 0x000000076b800000)
  object space 173568K, 0% used [0x00000006c2800000,0x00000006c292b060,0x00000006cd180000)
 Metaspace       used 8216K, capacity 8614K, committed 8704K, reserved 1056768K
  class space    used 675K, capacity 722K, committed 768K, reserved 1048576K
Event: 1.893 GC heap after
Heap after GC invocations=9 (full 0):
 PSYoungGen      total 243712K, used 192K [0x000000076b800000, 0x000000078b800000, 0x00000007c0000000)
  eden space 240128K, 0% used [0x000000076b800000,0x000000076b800000,0x000000077a280000)
  from space 3584K, 5% used [0x000000078b100000,0x000000078b130000,0x000000078b480000)
  to   space 3584K, 0% used [0x000000078b480000,0x000000078b480000,0x000000078b800000)
 ParOldGen       total 173568K, used 1196K [0x00000006c2800000, 0x00000006cd180000, 0x000000076b800000)
  object space 173568K, 0% used [0x00000006c2800000,0x00000006c292b060,0x00000006cd180000)
 Metaspace       used 8216K, capacity 8614K, committed 8704K, reserved 1056768K
  class space    used 675K, capacity 722K, committed 768K, reserved 1048576K
}
Event: 2.115 GC heap before
{Heap before GC invocations=10 (full 0):
 PSYoungGen      total 243712K, used 240320K [0x000000076b800000, 0x000000078b800000, 0x00000007c0000000)
  eden space 240128K, 100% used [0x000000076b800000,0x000000077a280000,0x000000077a280000)
  from space 3584K, 5% used [0x000000078b100000,0x000000078b130000,0x000000078b480000)
  to   space 3584K, 0% used [0x000000078b480000,0x000000078b480000,0x000000078b800000)
 ParOldGen       total 173568K, used 1196K [0x00000006c2800000, 0x00000006cd180000, 0x000000076b800000)
  object space 173568K, 0% used [0x00000006c2800000,0x00000006c292b060,0x00000006cd180000)
 Metaspace       used 8218K, capacity 8614K, committed 8704K, reserved 1056768K
  class space    used 675K, capacity 722K, committed 768K, reserved 1048576K
Event: 2.115 GC heap after
Heap after GC invocations=10 (full 0):
 PSYoungGen      total 231424K, used 192K [0x000000076b800000, 0x000000078b500000, 0x00000007c0000000)
  eden space 230912K, 0% used [0x000000076b800000,0x000000076b800000,0x0000000779980000)
  from space 512K, 37% used [0x000000078b480000,0x000000078b4b0000,0x000000078b500000)
  to   space 3584K, 0% used [0x000000078ae00000,0x000000078ae00000,0x000000078b180000)
 ParOldGen       total 173568K, used 1196K [0x00000006c2800000, 0x00000006cd180000, 0x000000076b800000)
  object space 173568K, 0% used [0x00000006c2800000,0x00000006c292b060,0x00000006cd180000)
 Metaspace       used 8218K, capacity 8614K, committed 8704K, reserved 1056768K
  class space    used 675K, capacity 722K, committed 768K, reserved 1048576K
}

Deoptimization events (10 events):
Event: 0.358 Thread 0x000000001e1e9000 Uncommon trap: reason=bimorphic action=maybe_recompile pc=0x00000000026a24ac method=java.util.HashMap.getNode(ILjava/lang/Object;)Ljava/util/HashMap$Node; @ 126
Event: 0.358 Thread 0x000000001e1e9000 Uncommon trap: reason=bimorphic action=maybe_recompile pc=0x00000000026a24ac method=java.util.HashMap.getNode(ILjava/lang/Object;)Ljava/util/HashMap$Node; @ 126
Event: 0.361 Thread 0x000000001e1e9000 Uncommon trap: reason=unstable_if action=reinterpret pc=0x000000000269f62c method=java.util.HashMap.containsKey(Ljava/lang/Object;)Z @ 9
Event: 0.362 Thread 0x000000001e1e9000 Uncommon trap: reason=unstable_if action=reinterpret pc=0x000000000269bc18 method=java.util.HashMap.keySet()Ljava/util/Set; @ 6
Event: 0.684 Thread 0x000000001e1e9000 Uncommon trap: reason=unstable_if action=reinterpret pc=0x0000000002698518 method=java.util.HashMap.clear()V @ 16
Event: 0.684 Thread 0x000000001e1e9000 Uncommon trap: reason=unstable_if action=reinterpret pc=0x00000000026987d8 method=java.util.HashMap.clear()V @ 16
Event: 0.684 Thread 0x000000000243e000 Uncommon trap: reason=unstable_if action=reinterpret pc=0x00000000026bcee0 method=java.util.HashMap.containsKey(Ljava/lang/Object;)Z @ 9
Event: 0.684 Thread 0x000000001e1e6800 Uncommon trap: reason=unstable_if action=reinterpret pc=0x00000000026bab80 method=main.coreEngine.TickableThread.run()V @ 58
Event: 0.726 Thread 0x000000000243e000 Uncommon trap: reason=unstable_if action=reinterpret pc=0x00000000027ad39c method=main.coreEngine.Engine.start()V @ 163
Event: 0.776 Thread 0x000000001e1e6800 Uncommon trap: reason=unstable_if action=reinterpret pc=0x00000000027bb45c method=main.coreEngine.TickableThread.run()V @ 461

Internal exceptions (10 events):
Event: 0.022 Thread 0x000000000243e000 Exception <a 'java/lang/NoSuchMethodError': Method sun.misc.Unsafe.defineClass(Ljava/lang/String;[BII)Ljava/lang/Class; name or signature does not match> (0x000000076b80dc08) thrown at [C:\workspace\8-2-build-windows-amd64-cygwin\jdk8u65\4987\hotspot\src\s%c!Mã%–?
Event: 0.022 Thread 0x000000000243e000 Exception <a 'java/lang/NoSuchMethodError': Method sun.misc.Unsafe.prefetchRead(Ljava/lang/Object;J)V name or signature does not match> (0x000000076b80def0) thrown at [C:\workspace\8-2-build-windows-amd64-cygwin\jdk8u65\4987\hotspot\src\share\vm\prims\jni.þ»b$	=Â?
Event: 0.142 Thread 0x000000001e1e9000 Exception <a 'java/lang/ArrayIndexOutOfBoundsException': -1> (0x000000076c6ebdc0) thrown at [C:\workspace\8-2-build-windows-amd64-cygwin\jdk8u65\4987\hotspot\src\share\vm\interpreter\interpreterRuntime.cpp, line 366]
Event: 0.358 Thread 0x000000001e1e9000 Implicit null exception at 0x00000000026a2c0d to 0x00000000026a2f05
Event: 0.358 Thread 0x000000001e1e9000 Exception <a 'java/security/PrivilegedActionException'> (0x000000076c766248) thrown at [C:\workspace\8-2-build-windows-amd64-cygwin\jdk8u65\4987\hotspot\src\share\vm\prims\jvm.cpp, line 1386]
Event: 0.358 Thread 0x000000001e1e9000 Exception <a 'java/security/PrivilegedActionException'> (0x000000076c766640) thrown at [C:\workspace\8-2-build-windows-amd64-cygwin\jdk8u65\4987\hotspot\src\share\vm\prims\jvm.cpp, line 1386]
Event: 0.359 Thread 0x000000001e1e9000 Exception <a 'java/security/PrivilegedActionException'> (0x000000076c76a858) thrown at [C:\workspace\8-2-build-windows-amd64-cygwin\jdk8u65\4987\hotspot\src\share\vm\prims\jvm.cpp, line 1386]
Event: 0.359 Thread 0x000000001e1e9000 Exception <a 'java/security/PrivilegedActionException'> (0x000000076c76ac50) thrown at [C:\workspace\8-2-build-windows-amd64-cygwin\jdk8u65\4987\hotspot\src\share\vm\prims\jvm.cpp, line 1386]
Event: 0.361 Thread 0x000000001e1e9000 Implicit null exception at 0x000000000269f354 to 0x000000000269f621
Event: 0.684 Thread 0x000000000243e000 Implicit null exception at 0x00000000026bcbff to 0x00000000026bcecc

Events (10 events):
Event: 1.248 Executing VM operation: ParallelGCFailedAllocation
Event: 1.249 Executing VM operation: ParallelGCFailedAllocation done
Event: 1.441 Executing VM operation: ParallelGCFailedAllocation
Event: 1.443 Executing VM operation: ParallelGCFailedAllocation done
Event: 1.709 Executing VM operation: ParallelGCFailedAllocation
Event: 1.709 Executing VM operation: ParallelGCFailedAllocation done
Event: 1.892 Executing VM operation: ParallelGCFailedAllocation
Event: 1.893 Executing VM operation: ParallelGCFailedAllocation done
Event: 2.115 Executing VM operation: ParallelGCFailedAllocation
Event: 2.115 Executing VM operation: ParallelGCFailedAllocation done


Dynamic libraries:
0x00007ff75ee90000 - 0x00007ff75eec7000 	C:\Program Files\Java\jdk1.8.0_65\bin\java.exe
0x00007ffde4980000 - 0x00007ffde4b41000 	C:\WINDOWS\SYSTEM32\ntdll.dll
0x00007ffde42a0000 - 0x00007ffde434d000 	C:\WINDOWS\system32\KERNEL32.DLL
0x00007ffde19f0000 - 0x00007ffde1bd8000 	C:\WINDOWS\system32\KERNELBASE.dll
0x00007ffde1e70000 - 0x00007ffde1f17000 	C:\WINDOWS\system32\ADVAPI32.dll
0x00007ffde3800000 - 0x00007ffde389d000 	C:\WINDOWS\system32\msvcrt.dll
0x00007ffde1e10000 - 0x00007ffde1e6b000 	C:\WINDOWS\system32\sechost.dll
0x00007ffde3bd0000 - 0x00007ffde3cec000 	C:\WINDOWS\system32\RPCRT4.dll
0x00007ffde3fe0000 - 0x00007ffde4136000 	C:\WINDOWS\system32\USER32.dll
0x00007ffde3cf0000 - 0x00007ffde3e76000 	C:\WINDOWS\system32\GDI32.dll
0x00007ffddd690000 - 0x00007ffddd904000 	C:\WINDOWS\WinSxS\amd64_microsoft.windows.common-controls_6595b64144ccf1df_6.0.10586.0_none_8c15ae12515e1c22\COMCTL32.dll
0x00007ffde3950000 - 0x00007ffde3bcd000 	C:\WINDOWS\system32\combase.dll
0x00007ffde1cf0000 - 0x00007ffde1d5a000 	C:\WINDOWS\system32\bcryptPrimitives.dll
0x00007ffde1dc0000 - 0x00007ffde1dfb000 	C:\WINDOWS\system32\IMM32.DLL
0x0000000070c90000 - 0x0000000070d62000 	C:\Program Files\Java\jdk1.8.0_65\jre\bin\msvcr100.dll
0x0000000070400000 - 0x0000000070c89000 	C:\Program Files\Java\jdk1.8.0_65\jre\bin\server\jvm.dll
0x00007ffde4290000 - 0x00007ffde4298000 	C:\WINDOWS\system32\PSAPI.DLL
0x00007ffdd8550000 - 0x00007ffdd8559000 	C:\WINDOWS\SYSTEM32\WSOCK32.dll
0x00007ffddd9c0000 - 0x00007ffddd9ca000 	C:\WINDOWS\SYSTEM32\VERSION.dll
0x00007ffddf730000 - 0x00007ffddf753000 	C:\WINDOWS\SYSTEM32\WINMM.dll
0x00007ffde4470000 - 0x00007ffde44db000 	C:\WINDOWS\system32\WS2_32.dll
0x00007ffddf6d0000 - 0x00007ffddf6fc000 	C:\WINDOWS\SYSTEM32\WINMMBASE.dll
0x00007ffde1be0000 - 0x00007ffde1c23000 	C:\WINDOWS\system32\cfgmgr32.dll
0x00000000703f0000 - 0x00000000703ff000 	C:\Program Files\Java\jdk1.8.0_65\jre\bin\verify.dll
0x00000000703c0000 - 0x00000000703e9000 	C:\Program Files\Java\jdk1.8.0_65\jre\bin\java.dll
0x0000000070350000 - 0x0000000070366000 	C:\Program Files\Java\jdk1.8.0_65\jre\bin\zip.dll
0x00007ffde1f80000 - 0x00007ffde34dc000 	C:\WINDOWS\system32\SHELL32.dll
0x00007ffde11d0000 - 0x00007ffde1815000 	C:\WINDOWS\system32\windows.storage.dll
0x00007ffde36b0000 - 0x00007ffde3702000 	C:\WINDOWS\system32\shlwapi.dll
0x00007ffde0fb0000 - 0x00007ffde0fbf000 	C:\WINDOWS\system32\kernel.appcore.dll
0x00007ffde1c30000 - 0x00007ffde1ce5000 	C:\WINDOWS\system32\shcore.dll
0x00007ffde0fc0000 - 0x00007ffde100b000 	C:\WINDOWS\system32\powrprof.dll
0x00007ffde0f80000 - 0x00007ffde0f94000 	C:\WINDOWS\system32\profapi.dll
0x00007ffddf7d0000 - 0x00007ffddf7e0000 	D:\Program Files (x86)\JetBrains\IntelliJ IDEA 2016.1\bin\breakgen64.dll
0x00000000703a0000 - 0x00000000703ba000 	C:\Program Files\Java\jdk1.8.0_65\jre\bin\net.dll
0x00007ffde08b0000 - 0x00007ffde090c000 	C:\WINDOWS\system32\mswsock.dll
0x00007ffdcf260000 - 0x00007ffdcf2e8000 	D:\Code\Java\Projects\WireEngine20\lib\native\lwjgl.dll
0x00007ffde0a80000 - 0x00007ffde0a8b000 	C:\WINDOWS\SYSTEM32\CRYPTBASE.DLL
0x00007ffdd40a0000 - 0x00007ffdd40e2000 	D:\Code\Java\Projects\WireEngine20\lib\native\jemalloc.dll
0x00007ffdcf9f0000 - 0x00007ffdcfa28000 	D:\Code\Java\Projects\WireEngine20\lib\native\glfw.dll
0x00007ffddf850000 - 0x00007ffddf8e6000 	C:\WINDOWS\system32\uxtheme.dll
0x00007ffdde650000 - 0x00007ffdde672000 	C:\WINDOWS\SYSTEM32\dwmapi.dll
0x00007ffdc8b70000 - 0x00007ffdc8c99000 	C:\WINDOWS\SYSTEM32\opengl32.dll
0x00007ffdcd0c0000 - 0x00007ffdcd0ee000 	C:\WINDOWS\SYSTEM32\GLU32.dll
0x00007ffdc6920000 - 0x00007ffdc6a1a000 	C:\WINDOWS\SYSTEM32\DDRAW.dll
0x00007ffddaa30000 - 0x00007ffddaa38000 	C:\WINDOWS\SYSTEM32\DCIMAN32.dll
0x00007ffde3e80000 - 0x00007ffde3fda000 	C:\WINDOWS\system32\MSCTF.dll
0x00007ffdc9cc0000 - 0x00007ffdc9d09000 	C:\Program Files (x86)\TeamViewer\tv_x64.dll
0x00007ffde4140000 - 0x00007ffde4283000 	C:\WINDOWS\system32\ole32.dll
0x000000006e600000 - 0x0000000070349000 	C:\WINDOWS\SYSTEM32\nvoglv64.DLL
0x00007ffde4550000 - 0x00007ffde4979000 	C:\WINDOWS\system32\SETUPAPI.dll
0x00007ffddf2f0000 - 0x00007ffddf303000 	C:\WINDOWS\SYSTEM32\WTSAPI32.dll
0x00007ffddf9a0000 - 0x00007ffddf9c7000 	C:\WINDOWS\SYSTEM32\DEVOBJ.dll
0x00007ffde1170000 - 0x00007ffde11c5000 	C:\WINDOWS\system32\WINTRUST.dll
0x00007ffde0fa0000 - 0x00007ffde0fb0000 	C:\WINDOWS\system32\MSASN1.dll
0x00007ffde1820000 - 0x00007ffde19e7000 	C:\WINDOWS\system32\CRYPT32.dll
0x00007ffde04d0000 - 0x00007ffde0501000 	C:\WINDOWS\SYSTEM32\ntmarta.dll
0x00007ffde0220000 - 0x00007ffde0276000 	C:\WINDOWS\SYSTEM32\WINSTA.dll
0x00007ffde38a0000 - 0x00007ffde3947000 	C:\WINDOWS\system32\clbcatq.dll
0x00007ffdb9de0000 - 0x00007ffdb9f6c000 	C:\WINDOWS\SYSTEM32\dbghelp.dll

VM Arguments:
jvm_args: -Djava.library.path=lib/native/ -Didea.launcher.port=7533 -Didea.launcher.bin.path=D:\Program Files (x86)\JetBrains\IntelliJ IDEA 2016.1\bin -Dfile.encoding=UTF-8 
java_command: com.intellij.rt.execution.application.AppMain main.Main
java_class_path (initial): C:\Program Files\Java\jdk1.8.0_65\jre\lib\charsets.jar;C:\Program Files\Java\jdk1.8.0_65\jre\lib\deploy.jar;C:\Program Files\Java\jdk1.8.0_65\jre\lib\ext\access-bridge-64.jar;C:\Program Files\Java\jdk1.8.0_65\jre\lib\ext\cldrdata.jar;C:\Program Files\Java\jdk1.8.0_65\jre\lib\ext\dnsns.jar;C:\Program Files\Java\jdk1.8.0_65\jre\lib\ext\jaccess.jar;C:\Program Files\Java\jdk1.8.0_65\jre\lib\ext\jfxrt.jar;C:\Program Files\Java\jdk1.8.0_65\jre\lib\ext\localedata.jar;C:\Program Files\Java\jdk1.8.0_65\jre\lib\ext\nashorn.jar;C:\Program Files\Java\jdk1.8.0_65\jre\lib\ext\sunec.jar;C:\Program Files\Java\jdk1.8.0_65\jre\lib\ext\sunjce_provider.jar;C:\Program Files\Java\jdk1.8.0_65\jre\lib\ext\sunmscapi.jar;C:\Program Files\Java\jdk1.8.0_65\jre\lib\ext\sunpkcs11.jar;C:\Program Files\Java\jdk1.8.0_65\jre\lib\ext\zipfs.jar;C:\Program Files\Java\jdk1.8.0_65\jre\lib\javaws.jar;C:\Program Files\Java\jdk1.8.0_65\jre\lib\jce.jar;C:\Program Files\Java\jdk1.8.0_65\jre\lib\jfr.jar;C:\Program Files\Java\jdk1.8.0_65\jre\lib\jfxswt.jar;C:\Program Files\Java\jdk1.8.0_65\jre\lib\jsse.jar;C:\Program Files\Java\jdk1.8.0_65\jre\lib\management-agent.jar;C:\Program Files\Java\jdk1.8.0_65\jre\lib\plugin.jar;C:\Program Files\Java\jdk1.8.0_65\jre\lib\resources.jar;C:\Program Files\Java\jdk1.8.0_65\jre\lib\rt.jar;D:\Code\Java\Projects\WireEngine20\out\production\WireEngine20;D:\Code\Java\Projects\WireEngine20\lib\jar\lwjgl.jar;D:\Program Files (x86)\JetBrains\IntelliJ IDEA 2016.1\lib\idea_rt.jar
Launcher Type: SUN_STANDARD

Environment Variables:
JAVA_HOME=C:\Program Files\Java\jdk1.8.0_65
PATH=C:\ProgramData\Oracle\Java\javapath;C:\Program Files (x86)\Razer Chroma SDK\bin;C:\Program Files\Razer Chroma SDK\bin;C:\Program Files (x86)\NVIDIA Corporation\PhysX\Common;C:\Program Files (x86)\Intel\iCLS Client\;C:\Program Files\Intel\iCLS Client\;C:\Windows\system32;C:\Windows;C:\Windows\System32\Wbem;C:\Windows\System32\WindowsPowerShell\v1.0\;C:\Program Files\Intel\Intel(R) Management Engine Components\DAL;C:\Program Files (x86)\Intel\Intel(R) Management Engine Components\DAL;C:\Program Files\Intel\Intel(R) Management Engine Components\IPT;C:\Program Files (x86)\Intel\Intel(R) Management Engine Components\IPT;C:\Program Files\Java\jre1.8.0_65\bin;C:\MinGW\bin;C:\WINDOWS\system32;C:\WINDOWS;C:\WINDOWS\System32\Wbem;C:\WINDOWS\System32\WindowsPowerShell\v1.0\;D:\Program Files (x86)\CMake\bin;D:\Program Files\Programs\Python\Python35-32;D:\Program Files\Programs\Python\Python35-32\Scripts;C:\Program Files (x86)\Skype\Phone\;D:\Program Files\Programs\Python\Python35-32\Scripts\;D:\Program Files\Programs\Python\Python35-32\
USERNAME=Kelan
OS=Windows_NT
PROCESSOR_IDENTIFIER=Intel64 Family 6 Model 60 Stepping 3, GenuineIntel



---------------  S Y S T E M  ---------------

OS: Windows 10.0 , 64 bit Build 10586 (10.0.10586.0)

CPU:total 8 (4 cores per cpu, 2 threads per core) family 6 model 60 stepping 3, cmov, cx8, fxsr, mmx, sse, sse2, sse3, ssse3, sse4.1, sse4.2, popcnt, avx, avx2, aes, clmul, erms, lzcnt, ht, tsc, tscinvbit, bmi1, bmi2

Memory: 4k page, physical 16609500k(4646792k free), swap 33386716k(18656936k free)

vm_info: Java HotSpot(TM) 64-Bit Server VM (25.65-b01) for windows-amd64 JRE (1.8.0_65-b17), built on Oct  6 2015 16:39:20 by "java_re" with MS VC++ 10.0 (VS2010)

time: Sun Apr 10 11:52:16 2016
elapsed time: 2 seconds (0d 0h 0m 2s)

