#
# A fatal error has been detected by the Java Runtime Environment:
#
#  EXCEPTION_ACCESS_VIOLATION (0xc0000005) at pc=0x00007ffdd9dc24b9, pid=9528, tid=6776
#
# JRE version: Java(TM) SE Runtime Environment (8.0_65-b17) (build 1.8.0_65-b17)
# Java VM: Java HotSpot(TM) 64-Bit Server VM (25.65-b01 mixed mode windows-amd64 compressed oops)
# Problematic frame:
# C  [glfw.dll+0x24b9]
#
# Failed to write core dump. Minidumps are not enabled by default on client versions of Windows
#
# If you would like to submit a bug report, please visit:
#   http://bugreport.java.com/bugreport/crash.jsp
# The crash happened outside the Java Virtual Machine in native code.
# See problematic frame for where to report the bug.
#

---------------  T H R E A D  ---------------

Current thread (0x000000001e282000):  JavaThread "CLIENT" [_thread_in_native, id=6776, stack(0x000000001efa0000,0x000000001f0a0000)]

siginfo: ExceptionCode=0xc0000005, reading address 0x0000000000000000

Registers:
RAX=0x0000000000000000, RBX=0x000000001ba7ced0, RCX=0x0000000000000000, RDX=0x0000000000000000
RSP=0x000000001f09ee00, RBP=0x000000001f09eeb0, RSI=0x0000000000000108, RDI=0x00000000005adf40
R8 =0x000000001f09edf8, R9 =0x000000001f09eeb0, R10=0x0000000000000000, R11=0x0000000000000246
R12=0x0000000000000000, R13=0x000000001ba7ced0, R14=0x000000001f09eee8, R15=0x000000001e282000
RIP=0x00007ffdd9dc24b9, EFLAGS=0x0000000000010287

Top of Stack: (sp=0x000000001f09ee00)
0x000000001f09ee00:   000000001e282000 000000001e282000
0x000000001f09ee10:   000000001ba96c98 000000007052d610
0x000000001f09ee20:   000000000000021f 000000000267dfcc
0x000000001f09ee30:   000000001ba7ced0 000000001c000310
0x000000001f09ee40:   000000000000000e 000000001e282000
0x000000001f09ee50:   000000001ba96c98 000000007052aea4
0x000000001f09ee60:   000000001e282000 000000001e282000
0x000000001f09ee70:   000000001f09ee70 0000000000000000
0x000000001f09ee80:   000000001f09eee8 000000001ba7d670
0x000000001f09ee90:   0000000000000000 000000001ba7ced0
0x000000001f09eea0:   0000000000000000 000000001f09eed0
0x000000001f09eeb0:   000000001f09ef30 0000000002667d8d
0x000000001f09eec0:   00000006c280e208 00000000026742f8
0x000000001f09eed0:   00000000005adf40 00000000026678a0
0x000000001f09eee0:   00007ffdd9dc2420 0000000000000001
0x000000001f09eef0:   000000001f09eef0 000000001ba96c6c 

Instructions: (pc=0x00007ffdd9dc24b9)
0x00007ffdd9dc2499:   48 8b cf e8 1f 3a 00 00 48 39 3d f0 d5 02 00 48
0x00007ffdd9dc24a9:   8d 0d e9 d5 02 00 48 8b 5c 24 30 74 08 48 8b 09
0x00007ffdd9dc24b9:   48 39 39 75 f8 48 8b 07 48 89 01 48 8b cf 48 83
0x00007ffdd9dc24c9:   c4 20 5f e9 5b fe 00 00 48 83 c4 20 5f c3 cc cc 


Register to memory mapping:

RAX=0x0000000000000000 is an unknown value
RBX={method} {0x000000001ba7ced8} 'invokePV' '(JJ)V' in 'org/lwjgl/system/JNI'
RCX=0x0000000000000000 is an unknown value
RDX=0x0000000000000000 is an unknown value
RSP=0x000000001f09ee00 is pointing into the stack for thread: 0x000000001e282000
RBP=0x000000001f09eeb0 is pointing into the stack for thread: 0x000000001e282000
RSI=0x0000000000000108 is an unknown value
RDI=0x00000000005adf40 is an unknown value
R8 =0x000000001f09edf8 is pointing into the stack for thread: 0x000000001e282000
R9 =0x000000001f09eeb0 is pointing into the stack for thread: 0x000000001e282000
R10=0x0000000000000000 is an unknown value
R11=0x0000000000000246 is an unknown value
R12=0x0000000000000000 is an unknown value
R13={method} {0x000000001ba7ced8} 'invokePV' '(JJ)V' in 'org/lwjgl/system/JNI'
R14=0x000000001f09eee8 is pointing into the stack for thread: 0x000000001e282000
R15=0x000000001e282000 is a thread


Stack: [0x000000001efa0000,0x000000001f0a0000],  sp=0x000000001f09ee00,  free space=1019k
Native frames: (J=compiled Java code, j=interpreted, Vv=VM code, C=native code)
C  [glfw.dll+0x24b9]
C  0x000000000267dfcc

Java frames: (J=compiled Java code, j=interpreted, Vv=VM code)
j  org.lwjgl.system.JNI.invokePV(JJ)V+0
j  org.lwjgl.glfw.GLFW.glfwDestroyCursor(J)V+20
j  main.client.Window.destroyWindow()V+9
j  main.coreEngine.Engine.stop()V+70
j  main.client.Window.update()V+43
j  main.client.renderEngine.RenderEngine.render()V+32
j  main.client.ClientThread.tick()V+12
J 436% C1 main.coreEngine.TickableThread.run()V (481 bytes) @ 0x00000000028b8bdc [0x00000000028b4300+0x48dc]
v  ~StubRoutines::call_stub

---------------  P R O C E S S  ---------------

Java Threads: ( => current thread )
  0x000000001e282800 JavaThread "SERVER" [_thread_in_Java, id=9044, stack(0x000000001f0a0000,0x000000001f1a0000)]
=>0x000000001e282000 JavaThread "CLIENT" [_thread_in_native, id=6776, stack(0x000000001efa0000,0x000000001f0a0000)]
  0x000000001e14f000 JavaThread "Service Thread" daemon [_thread_blocked, id=6888, stack(0x000000001eda0000,0x000000001eea0000)]
  0x000000001e101800 JavaThread "C1 CompilerThread3" daemon [_thread_blocked, id=6024, stack(0x000000001eca0000,0x000000001eda0000)]
  0x000000001e0f3000 JavaThread "C2 CompilerThread2" daemon [_thread_blocked, id=13564, stack(0x000000001eba0000,0x000000001eca0000)]
  0x000000001e0f2800 JavaThread "C2 CompilerThread1" daemon [_thread_blocked, id=9924, stack(0x000000001eaa0000,0x000000001eba0000)]
  0x000000001e0fc800 JavaThread "C2 CompilerThread0" daemon [_thread_blocked, id=2188, stack(0x000000001e9a0000,0x000000001eaa0000)]
  0x000000001e0e2000 JavaThread "JDWP Command Reader" daemon [_thread_in_native, id=1544, stack(0x000000001e8a0000,0x000000001e9a0000)]
  0x000000001e0df000 JavaThread "JDWP Event Helper Thread" daemon [_thread_blocked, id=7188, stack(0x000000001e7a0000,0x000000001e8a0000)]
  0x000000001e0d1800 JavaThread "JDWP Transport Listener: dt_socket" daemon [_thread_blocked, id=11112, stack(0x000000001e6a0000,0x000000001e7a0000)]
  0x000000001e0c7800 JavaThread "Attach Listener" daemon [_thread_blocked, id=13736, stack(0x000000001e5a0000,0x000000001e6a0000)]
  0x000000001e0c6000 JavaThread "Signal Dispatcher" daemon [_thread_blocked, id=8256, stack(0x000000001e4a0000,0x000000001e5a0000)]
  0x000000000265a000 JavaThread "Finalizer" daemon [_thread_blocked, id=13160, stack(0x000000001dec0000,0x000000001dfc0000)]
  0x0000000002653000 JavaThread "Reference Handler" daemon [_thread_blocked, id=6236, stack(0x000000001ddc0000,0x000000001dec0000)]
  0x0000000000a0e000 JavaThread "main" [_thread_in_Java, id=12628, stack(0x0000000002460000,0x0000000002560000)]

Other Threads:
  0x000000001bff9800 VMThread [stack: 0x000000001dcc0000,0x000000001ddc0000] [id=13644]
  0x000000001e1a7800 WatcherThread [stack: 0x000000001eea0000,0x000000001efa0000] [id=5876]

VM state:not at safepoint (normal execution)

VM Mutex/Monitor currently owned by a thread: None

Heap:
 PSYoungGen      total 170496K, used 68873K [0x000000076b800000, 0x000000077c280000, 0x00000007c0000000)
  eden space 168960K, 40% used [0x000000076b800000,0x000000076fb1a740,0x0000000775d00000)
  from space 1536K, 10% used [0x000000077bf80000,0x000000077bfa8000,0x000000077c100000)
  to   space 1536K, 0% used [0x000000077c100000,0x000000077c100000,0x000000077c280000)
 ParOldGen       total 173568K, used 1260K [0x00000006c2800000, 0x00000006cd180000, 0x000000076b800000)
  object space 173568K, 0% used [0x00000006c2800000,0x00000006c293b060,0x00000006cd180000)
 Metaspace       used 8039K, capacity 8550K, committed 8704K, reserved 1056768K
  class space    used 644K, capacity 658K, committed 768K, reserved 1048576K

Card table byte_map: [0x0000000011a20000,0x0000000012210000] byte_map_base: 0x000000000e40c000

Marking Bits: (ParMarkBitMap*) 0x0000000070c0a5b0
 Begin Bits: [0x0000000012f60000, 0x0000000016ec0000)
 End Bits:   [0x0000000016ec0000, 0x000000001ae20000)

Polling page: 0x0000000000550000

CodeCache: size=245760Kb used=2663Kb max_used=2663Kb free=243096Kb
 bounds [0x0000000002660000, 0x0000000002900000, 0x0000000011660000]
 total_blobs=1159 nmethods=513 adapters=567
 compilation: enabled

Compilation events (10 events):
Event: 2.900 Thread 0x000000001e101800  508       3       java.nio.ByteBuffer::<init> (45 bytes)
Event: 2.901 Thread 0x000000001e101800 nmethod 508 0x00000000028f9350 code [0x00000000028f94c0, 0x00000000028f9748]
Event: 2.917 Thread 0x000000001e101800  509       3       java.nio.DirectByteBuffer::address (5 bytes)
Event: 2.917 Thread 0x000000001e101800 nmethod 509 0x00000000028f9050 code [0x00000000028f91a0, 0x00000000028f92f0]
Event: 2.951 Thread 0x000000001e101800  511       3       java.nio.MappedByteBuffer::<init> (15 bytes)
Event: 2.951 Thread 0x000000001e101800 nmethod 511 0x00000000028f8810 code [0x00000000028f8980, 0x00000000028f8be8]
Event: 2.951 Thread 0x000000001e101800  512       3       java.nio.ByteBuffer::<init> (12 bytes)
Event: 2.951 Thread 0x000000001e101800 nmethod 512 0x00000000028f83d0 code [0x00000000028f8540, 0x00000000028f8708]
Event: 2.984 Thread 0x000000001e101800  513       3       java.nio.DirectIntBufferU::ix (10 bytes)
Event: 2.984 Thread 0x000000001e101800 nmethod 513 0x00000000028fb6d0 code [0x00000000028fb820, 0x00000000028fb990]

GC Heap History (10 events):
Event: 2.433 GC heap before
{Heap before GC invocations=17 (full 0):
 PSYoungGen      total 203264K, used 202912K [0x000000076b800000, 0x000000077c480000, 0x00000007c0000000)
  eden space 202752K, 100% used [0x000000076b800000,0x0000000777e00000,0x0000000777e00000)
  from space 512K, 31% used [0x000000077c400000,0x000000077c428000,0x000000077c480000)
  to   space 1536K, 0% used [0x000000077c180000,0x000000077c180000,0x000000077c300000)
 ParOldGen       total 173568K, used 1260K [0x00000006c2800000, 0x00000006cd180000, 0x000000076b800000)
  object space 173568K, 0% used [0x00000006c2800000,0x00000006c293b060,0x00000006cd180000)
 Metaspace       used 8036K, capacity 8550K, committed 8704K, reserved 1056768K
  class space    used 644K, capacity 658K, committed 768K, reserved 1048576K
Event: 2.433 GC heap after
Heap after GC invocations=17 (full 0):
 PSYoungGen      total 197120K, used 160K [0x000000076b800000, 0x000000077c480000, 0x00000007c0000000)
  eden space 195584K, 0% used [0x000000076b800000,0x000000076b800000,0x0000000777700000)
  from space 1536K, 10% used [0x000000077c180000,0x000000077c1a8000,0x000000077c300000)
  to   space 1536K, 0% used [0x000000077c300000,0x000000077c300000,0x000000077c480000)
 ParOldGen       total 173568K, used 1260K [0x00000006c2800000, 0x00000006cd180000, 0x000000076b800000)
  object space 173568K, 0% used [0x00000006c2800000,0x00000006c293b060,0x00000006cd180000)
 Metaspace       used 8036K, capacity 8550K, committed 8704K, reserved 1056768K
  class space    used 644K, capacity 658K, committed 768K, reserved 1048576K
}
Event: 2.593 GC heap before
{Heap before GC invocations=18 (full 0):
 PSYoungGen      total 197120K, used 195744K [0x000000076b800000, 0x000000077c480000, 0x00000007c0000000)
  eden space 195584K, 100% used [0x000000076b800000,0x0000000777700000,0x0000000777700000)
  from space 1536K, 10% used [0x000000077c180000,0x000000077c1a8000,0x000000077c300000)
  to   space 1536K, 0% used [0x000000077c300000,0x000000077c300000,0x000000077c480000)
 ParOldGen       total 173568K, used 1260K [0x00000006c2800000, 0x00000006cd180000, 0x000000076b800000)
  object space 173568K, 0% used [0x00000006c2800000,0x00000006c293b060,0x00000006cd180000)
 Metaspace       used 8037K, capacity 8550K, committed 8704K, reserved 1056768K
  class space    used 644K, capacity 658K, committed 768K, reserved 1048576K
Event: 2.593 GC heap after
Heap after GC invocations=18 (full 0):
 PSYoungGen      total 188928K, used 160K [0x000000076b800000, 0x000000077c380000, 0x00000007c0000000)
  eden space 188416K, 0% used [0x000000076b800000,0x000000076b800000,0x0000000777000000)
  from space 512K, 31% used [0x000000077c300000,0x000000077c328000,0x000000077c380000)
  to   space 1536K, 0% used [0x000000077c080000,0x000000077c080000,0x000000077c200000)
 ParOldGen       total 173568K, used 1260K [0x00000006c2800000, 0x00000006cd180000, 0x000000076b800000)
  object space 173568K, 0% used [0x00000006c2800000,0x00000006c293b060,0x00000006cd180000)
 Metaspace       used 8037K, capacity 8550K, committed 8704K, reserved 1056768K
  class space    used 644K, capacity 658K, committed 768K, reserved 1048576K
}
Event: 2.772 GC heap before
{Heap before GC invocations=19 (full 0):
 PSYoungGen      total 188928K, used 188576K [0x000000076b800000, 0x000000077c380000, 0x00000007c0000000)
  eden space 188416K, 100% used [0x000000076b800000,0x0000000777000000,0x0000000777000000)
  from space 512K, 31% used [0x000000077c300000,0x000000077c328000,0x000000077c380000)
  to   space 1536K, 0% used [0x000000077c080000,0x000000077c080000,0x000000077c200000)
 ParOldGen       total 173568K, used 1260K [0x00000006c2800000, 0x00000006cd180000, 0x000000076b800000)
  object space 173568K, 0% used [0x00000006c2800000,0x00000006c293b060,0x00000006cd180000)
 Metaspace       used 8037K, capacity 8550K, committed 8704K, reserved 1056768K
  class space    used 644K, capacity 658K, committed 768K, reserved 1048576K
Event: 2.773 GC heap after
Heap after GC invocations=19 (full 0):
 PSYoungGen      total 183296K, used 160K [0x000000076b800000, 0x000000077c380000, 0x00000007c0000000)
  eden space 181760K, 0% used [0x000000076b800000,0x000000076b800000,0x0000000776980000)
  from space 1536K, 10% used [0x000000077c080000,0x000000077c0a8000,0x000000077c200000)
  to   space 1536K, 0% used [0x000000077c200000,0x000000077c200000,0x000000077c380000)
 ParOldGen       total 173568K, used 1260K [0x00000006c2800000, 0x00000006cd180000, 0x000000076b800000)
  object space 173568K, 0% used [0x00000006c2800000,0x00000006c293b060,0x00000006cd180000)
 Metaspace       used 8037K, capacity 8550K, committed 8704K, reserved 1056768K
  class space    used 644K, capacity 658K, committed 768K, reserved 1048576K
}
Event: 2.909 GC heap before
{Heap before GC invocations=20 (full 0):
 PSYoungGen      total 183296K, used 181920K [0x000000076b800000, 0x000000077c380000, 0x00000007c0000000)
  eden space 181760K, 100% used [0x000000076b800000,0x0000000776980000,0x0000000776980000)
  from space 1536K, 10% used [0x000000077c080000,0x000000077c0a8000,0x000000077c200000)
  to   space 1536K, 0% used [0x000000077c200000,0x000000077c200000,0x000000077c380000)
 ParOldGen       total 173568K, used 1260K [0x00000006c2800000, 0x00000006cd180000, 0x000000076b800000)
  object space 173568K, 0% used [0x00000006c2800000,0x00000006c293b060,0x00000006cd180000)
 Metaspace       used 8037K, capacity 8550K, committed 8704K, reserved 1056768K
  class space    used 644K, capacity 658K, committed 768K, reserved 1048576K
Event: 2.910 GC heap after
Heap after GC invocations=20 (full 0):
 PSYoungGen      total 175616K, used 128K [0x000000076b800000, 0x000000077c280000, 0x00000007c0000000)
  eden space 175104K, 0% used [0x000000076b800000,0x000000076b800000,0x0000000776300000)
  from space 512K, 25% used [0x000000077c200000,0x000000077c220000,0x000000077c280000)
  to   space 1536K, 0% used [0x000000077bf80000,0x000000077bf80000,0x000000077c100000)
 ParOldGen       total 173568K, used 1260K [0x00000006c2800000, 0x00000006cd180000, 0x000000076b800000)
  object space 173568K, 0% used [0x00000006c2800000,0x00000006c293b060,0x00000006cd180000)
 Metaspace       used 8037K, capacity 8550K, committed 8704K, reserved 1056768K
  class space    used 644K, capacity 658K, committed 768K, reserved 1048576K
}
Event: 3.038 GC heap before
{Heap before GC invocations=21 (full 0):
 PSYoungGen      total 175616K, used 175232K [0x000000076b800000, 0x000000077c280000, 0x00000007c0000000)
  eden space 175104K, 100% used [0x000000076b800000,0x0000000776300000,0x0000000776300000)
  from space 512K, 25% used [0x000000077c200000,0x000000077c220000,0x000000077c280000)
  to   space 1536K, 0% used [0x000000077bf80000,0x000000077bf80000,0x000000077c100000)
 ParOldGen       total 173568K, used 1260K [0x00000006c2800000, 0x00000006cd180000, 0x000000076b800000)
  object space 173568K, 0% used [0x00000006c2800000,0x00000006c293b060,0x00000006cd180000)
 Metaspace       used 8038K, capacity 8550K, committed 8704K, reserved 1056768K
  class space    used 644K, capacity 658K, committed 768K, reserved 1048576K
Event: 3.038 GC heap after
Heap after GC invocations=21 (full 0):
 PSYoungGen      total 170496K, used 160K [0x000000076b800000, 0x000000077c280000, 0x00000007c0000000)
  eden space 168960K, 0% used [0x000000076b800000,0x000000076b800000,0x0000000775d00000)
  from space 1536K, 10% used [0x000000077bf80000,0x000000077bfa8000,0x000000077c100000)
  to   space 1536K, 0% used [0x000000077c100000,0x000000077c100000,0x000000077c280000)
 ParOldGen       total 173568K, used 1260K [0x00000006c2800000, 0x00000006cd180000, 0x000000076b800000)
  object space 173568K, 0% used [0x00000006c2800000,0x00000006c293b060,0x00000006cd180000)
 Metaspace       used 8038K, capacity 8550K, committed 8704K, reserved 1056768K
  class space    used 644K, capacity 658K, committed 768K, reserved 1048576K
}

Deoptimization events (10 events):
Event: 0.447 Thread 0x000000001e282000 Uncommon trap: reason=unstable_if action=reinterpret pc=0x00000000027ac784 method=java.util.HashMap.containsKey(Ljava/lang/Object;)Z @ 9
Event: 0.447 Thread 0x000000001e282000 Uncommon trap: reason=bimorphic action=maybe_recompile pc=0x00000000027a4734 method=java.util.HashMap.getNode(ILjava/lang/Object;)Ljava/util/HashMap$Node; @ 126
Event: 0.448 Thread 0x000000001e282000 Uncommon trap: reason=bimorphic action=maybe_recompile pc=0x00000000027a4734 method=java.util.HashMap.getNode(ILjava/lang/Object;)Ljava/util/HashMap$Node; @ 126
Event: 0.454 Thread 0x000000001e282000 Uncommon trap: reason=unstable_if action=reinterpret pc=0x000000000279cdd8 method=java.util.HashMap.keySet()Ljava/util/Set; @ 6
Event: 0.927 Thread 0x000000001e282000 Uncommon trap: reason=unstable_if action=reinterpret pc=0x000000000279cb44 method=java.util.HashMap.clear()V @ 16
Event: 0.927 Thread 0x000000001e282000 Uncommon trap: reason=unstable_if action=reinterpret pc=0x000000000279c498 method=java.util.HashMap.clear()V @ 16
Event: 0.927 Thread 0x0000000000a0e000 Uncommon trap: reason=unstable_if action=reinterpret pc=0x00000000027c8cb0 method=main.coreEngine.TickableThread.invoke(Ljava/lang/String;[Ljava/lang/Object;)V @ 53
Event: 0.927 Thread 0x000000001e282800 Uncommon trap: reason=unstable_if action=reinterpret pc=0x00000000027c75e4 method=main.coreEngine.TickableThread.run()V @ 58
Event: 0.987 Thread 0x0000000000a0e000 Uncommon trap: reason=unstable_if action=reinterpret pc=0x00000000028cebb4 method=main.coreEngine.Engine.start()V @ 163
Event: 1.012 Thread 0x000000001e282800 Uncommon trap: reason=unstable_if action=reinterpret pc=0x00000000028d8f74 method=main.coreEngine.TickableThread.run()V @ 461

Internal exceptions (9 events):
Event: 0.025 Thread 0x0000000000a0e000 Exception <a 'java/lang/NoSuchMethodError': Method sun.misc.Unsafe.defineClass(Ljava/lang/String;[BII)Ljava/lang/Class; name or signature does not match> (0x000000076b80d9b8) thrown at [C:\workspace\8-2-build-windows-amd64-cygwin\jdk8u65\4987\hotspot\src\sè∞7áUô?
Event: 0.025 Thread 0x0000000000a0e000 Exception <a 'java/lang/NoSuchMethodError': Method sun.misc.Unsafe.prefetchRead(Ljava/lang/Object;J)V name or signature does not match> (0x000000076b80dca0) thrown at [C:\workspace\8-2-build-windows-amd64-cygwin\jdk8u65\4987\hotspot\src\share\vm\prims\jni.‘qj’Éƒ?
Event: 0.160 Thread 0x000000001e282000 Exception <a 'java/lang/ArrayIndexOutOfBoundsException': -1> (0x000000076c99e678) thrown at [C:\workspace\8-2-build-windows-amd64-cygwin\jdk8u65\4987\hotspot\src\share\vm\interpreter\interpreterRuntime.cpp, line 366]
Event: 0.447 Thread 0x000000001e282000 Implicit null exception at 0x00000000027ac3d9 to 0x00000000027ac775
Event: 0.448 Thread 0x000000001e282000 Exception <a 'java/security/PrivilegedActionException'> (0x0000000772079bb0) thrown at [C:\workspace\8-2-build-windows-amd64-cygwin\jdk8u65\4987\hotspot\src\share\vm\prims\jvm.cpp, line 1386]
Event: 0.448 Thread 0x000000001e282000 Exception <a 'java/security/PrivilegedActionException'> (0x0000000772079fa8) thrown at [C:\workspace\8-2-build-windows-amd64-cygwin\jdk8u65\4987\hotspot\src\share\vm\prims\jvm.cpp, line 1386]
Event: 0.448 Thread 0x000000001e282000 Exception <a 'java/security/PrivilegedActionException'> (0x000000077207e1c0) thrown at [C:\workspace\8-2-build-windows-amd64-cygwin\jdk8u65\4987\hotspot\src\share\vm\prims\jvm.cpp, line 1386]
Event: 0.448 Thread 0x000000001e282000 Exception <a 'java/security/PrivilegedActionException'> (0x000000077207e5b8) thrown at [C:\workspace\8-2-build-windows-amd64-cygwin\jdk8u65\4987\hotspot\src\share\vm\prims\jvm.cpp, line 1386]
Event: 0.927 Thread 0x0000000000a0e000 Implicit null exception at 0x00000000027c86bc to 0x00000000027c8c89

Events (10 events):
Event: 2.433 Executing VM operation: ParallelGCFailedAllocation
Event: 2.433 Executing VM operation: ParallelGCFailedAllocation done
Event: 2.593 Executing VM operation: ParallelGCFailedAllocation
Event: 2.593 Executing VM operation: ParallelGCFailedAllocation done
Event: 2.772 Executing VM operation: ParallelGCFailedAllocation
Event: 2.773 Executing VM operation: ParallelGCFailedAllocation done
Event: 2.909 Executing VM operation: ParallelGCFailedAllocation
Event: 2.910 Executing VM operation: ParallelGCFailedAllocation done
Event: 3.038 Executing VM operation: ParallelGCFailedAllocation
Event: 3.038 Executing VM operation: ParallelGCFailedAllocation done


Dynamic libraries:
0x00007ff75ee90000 - 0x00007ff75eec7000 	C:\Program Files\Java\jdk1.8.0_65\bin\java.exe
0x00007ffde4980000 - 0x00007ffde4b41000 	C:\WINDOWS\SYSTEM32\ntdll.dll
0x00007ffde42a0000 - 0x00007ffde434d000 	C:\WINDOWS\system32\KERNEL32.DLL
0x00007ffde19f0000 - 0x00007ffde1bd8000 	C:\WINDOWS\system32\KERNELBASE.dll
0x00007ffde1e70000 - 0x00007ffde1f17000 	C:\WINDOWS\system32\ADVAPI32.dll
0x00007ffde3800000 - 0x00007ffde389d000 	C:\WINDOWS\system32\msvcrt.dll
0x00007ffde1e10000 - 0x00007ffde1e6b000 	C:\WINDOWS\system32\sechost.dll
0x00007ffde3bd0000 - 0x00007ffde3cec000 	C:\WINDOWS\system32\RPCRT4.dll
0x00007ffde3fe0000 - 0x00007ffde4136000 	C:\WINDOWS\system32\USER32.dll
0x00007ffde3cf0000 - 0x00007ffde3e76000 	C:\WINDOWS\system32\GDI32.dll
0x00007ffddd690000 - 0x00007ffddd904000 	C:\WINDOWS\WinSxS\amd64_microsoft.windows.common-controls_6595b64144ccf1df_6.0.10586.0_none_8c15ae12515e1c22\COMCTL32.dll
0x00007ffde3950000 - 0x00007ffde3bcd000 	C:\WINDOWS\system32\combase.dll
0x00007ffde1cf0000 - 0x00007ffde1d5a000 	C:\WINDOWS\system32\bcryptPrimitives.dll
0x00007ffde1dc0000 - 0x00007ffde1dfb000 	C:\WINDOWS\system32\IMM32.DLL
0x0000000070c90000 - 0x0000000070d62000 	C:\Program Files\Java\jdk1.8.0_65\jre\bin\msvcr100.dll
0x0000000070400000 - 0x0000000070c89000 	C:\Program Files\Java\jdk1.8.0_65\jre\bin\server\jvm.dll
0x00007ffde4290000 - 0x00007ffde4298000 	C:\WINDOWS\system32\PSAPI.DLL
0x00007ffdd8550000 - 0x00007ffdd8559000 	C:\WINDOWS\SYSTEM32\WSOCK32.dll
0x00007ffddf730000 - 0x00007ffddf753000 	C:\WINDOWS\SYSTEM32\WINMM.dll
0x00007ffddd9c0000 - 0x00007ffddd9ca000 	C:\WINDOWS\SYSTEM32\VERSION.dll
0x00007ffde4470000 - 0x00007ffde44db000 	C:\WINDOWS\system32\WS2_32.dll
0x0000000002430000 - 0x000000000245c000 	C:\WINDOWS\SYSTEM32\WINMMBASE.dll
0x00007ffde1be0000 - 0x00007ffde1c23000 	C:\WINDOWS\system32\cfgmgr32.dll
0x00000000703f0000 - 0x00000000703ff000 	C:\Program Files\Java\jdk1.8.0_65\jre\bin\verify.dll
0x00000000703c0000 - 0x00000000703e9000 	C:\Program Files\Java\jdk1.8.0_65\jre\bin\java.dll
0x0000000070310000 - 0x0000000070345000 	C:\Program Files\Java\jdk1.8.0_65\jre\bin\jdwp.dll
0x0000000070390000 - 0x0000000070398000 	C:\Program Files\Java\jdk1.8.0_65\jre\bin\npt.dll
0x00000000703a0000 - 0x00000000703b6000 	C:\Program Files\Java\jdk1.8.0_65\jre\bin\zip.dll
0x00007ffde1f80000 - 0x00007ffde34dc000 	C:\WINDOWS\system32\SHELL32.dll
0x00007ffde11d0000 - 0x00007ffde1815000 	C:\WINDOWS\system32\windows.storage.dll
0x00007ffde36b0000 - 0x00007ffde3702000 	C:\WINDOWS\system32\shlwapi.dll
0x00007ffde0fb0000 - 0x00007ffde0fbf000 	C:\WINDOWS\system32\kernel.appcore.dll
0x00007ffde1c30000 - 0x00007ffde1ce5000 	C:\WINDOWS\system32\shcore.dll
0x00007ffde0fc0000 - 0x00007ffde100b000 	C:\WINDOWS\system32\powrprof.dll
0x00007ffde0f80000 - 0x00007ffde0f94000 	C:\WINDOWS\system32\profapi.dll
0x00000000702f0000 - 0x00000000702f9000 	C:\Program Files\Java\jdk1.8.0_65\jre\bin\dt_socket.dll
0x00007ffde08b0000 - 0x00007ffde090c000 	C:\WINDOWS\system32\mswsock.dll
0x00007ffdd4080000 - 0x00007ffdd4108000 	D:\Code\Java\Projects\WireEngine20\lib\native\lwjgl.dll
0x00007ffde0a80000 - 0x00007ffde0a8b000 	C:\WINDOWS\SYSTEM32\CRYPTBASE.DLL
0x00007ffdcfa40000 - 0x00007ffdcfa82000 	D:\Code\Java\Projects\WireEngine20\lib\native\jemalloc.dll
0x00007ffdd9dc0000 - 0x00007ffdd9df8000 	D:\Code\Java\Projects\WireEngine20\lib\native\glfw.dll
0x00007ffddf850000 - 0x00007ffddf8e6000 	C:\WINDOWS\system32\uxtheme.dll
0x00007ffdde650000 - 0x00007ffdde672000 	C:\WINDOWS\SYSTEM32\dwmapi.dll
0x00007ffdc8b70000 - 0x00007ffdc8c99000 	C:\WINDOWS\SYSTEM32\opengl32.dll
0x00007ffdc6920000 - 0x00007ffdc6a1a000 	C:\WINDOWS\SYSTEM32\DDRAW.dll
0x00007ffdcd0c0000 - 0x00007ffdcd0ee000 	C:\WINDOWS\SYSTEM32\GLU32.dll
0x00007ffddaa30000 - 0x00007ffddaa38000 	C:\WINDOWS\SYSTEM32\DCIMAN32.dll
0x00007ffde3e80000 - 0x00007ffde3fda000 	C:\WINDOWS\system32\MSCTF.dll
0x00007ffdc9cc0000 - 0x00007ffdc9d09000 	C:\Program Files (x86)\TeamViewer\tv_x64.dll
0x00007ffde4140000 - 0x00007ffde4283000 	C:\WINDOWS\system32\ole32.dll
0x000000006e5a0000 - 0x00000000702e9000 	C:\WINDOWS\SYSTEM32\nvoglv64.DLL
0x00007ffde4550000 - 0x00007ffde4979000 	C:\WINDOWS\system32\SETUPAPI.dll
0x00007ffddf2f0000 - 0x00007ffddf303000 	C:\WINDOWS\SYSTEM32\WTSAPI32.dll
0x00007ffddf9a0000 - 0x00007ffddf9c7000 	C:\WINDOWS\SYSTEM32\DEVOBJ.dll
0x00007ffde1170000 - 0x00007ffde11c5000 	C:\WINDOWS\system32\WINTRUST.dll
0x00007ffde0fa0000 - 0x00007ffde0fb0000 	C:\WINDOWS\system32\MSASN1.dll
0x00007ffde1820000 - 0x00007ffde19e7000 	C:\WINDOWS\system32\CRYPT32.dll
0x00007ffde04d0000 - 0x00007ffde0501000 	C:\WINDOWS\SYSTEM32\ntmarta.dll
0x00007ffde0220000 - 0x00007ffde0276000 	C:\WINDOWS\SYSTEM32\WINSTA.dll
0x00007ffde38a0000 - 0x00007ffde3947000 	C:\WINDOWS\system32\clbcatq.dll
0x00007ffdb9de0000 - 0x00007ffdb9f6c000 	C:\WINDOWS\SYSTEM32\dbghelp.dll

VM Arguments:
jvm_args: -agentlib:jdwp=transport=dt_socket,address=127.0.0.1:65162,suspend=y,server=n -Djava.library.path=lib/native/ -Dfile.encoding=UTF-8 
java_command: main.Main
java_class_path (initial): C:\Program Files\Java\jdk1.8.0_65\jre\lib\charsets.jar;C:\Program Files\Java\jdk1.8.0_65\jre\lib\deploy.jar;C:\Program Files\Java\jdk1.8.0_65\jre\lib\ext\access-bridge-64.jar;C:\Program Files\Java\jdk1.8.0_65\jre\lib\ext\cldrdata.jar;C:\Program Files\Java\jdk1.8.0_65\jre\lib\ext\dnsns.jar;C:\Program Files\Java\jdk1.8.0_65\jre\lib\ext\jaccess.jar;C:\Program Files\Java\jdk1.8.0_65\jre\lib\ext\jfxrt.jar;C:\Program Files\Java\jdk1.8.0_65\jre\lib\ext\localedata.jar;C:\Program Files\Java\jdk1.8.0_65\jre\lib\ext\nashorn.jar;C:\Program Files\Java\jdk1.8.0_65\jre\lib\ext\sunec.jar;C:\Program Files\Java\jdk1.8.0_65\jre\lib\ext\sunjce_provider.jar;C:\Program Files\Java\jdk1.8.0_65\jre\lib\ext\sunmscapi.jar;C:\Program Files\Java\jdk1.8.0_65\jre\lib\ext\sunpkcs11.jar;C:\Program Files\Java\jdk1.8.0_65\jre\lib\ext\zipfs.jar;C:\Program Files\Java\jdk1.8.0_65\jre\lib\javaws.jar;C:\Program Files\Java\jdk1.8.0_65\jre\lib\jce.jar;C:\Program Files\Java\jdk1.8.0_65\jre\lib\jfr.jar;C:\Program Files\Java\jdk1.8.0_65\jre\lib\jfxswt.jar;C:\Program Files\Java\jdk1.8.0_65\jre\lib\jsse.jar;C:\Program Files\Java\jdk1.8.0_65\jre\lib\management-agent.jar;C:\Program Files\Java\jdk1.8.0_65\jre\lib\plugin.jar;C:\Program Files\Java\jdk1.8.0_65\jre\lib\resources.jar;C:\Program Files\Java\jdk1.8.0_65\jre\lib\rt.jar;D:\Code\Java\Projects\WireEngine20\out\production\WireEngine20;D:\Code\Java\Projects\WireEngine20\lib\jar\lwjgl.jar;D:\Program Files (x86)\JetBrains\IntelliJ IDEA 2016.1\lib\idea_rt.jar
Launcher Type: SUN_STANDARD

Environment Variables:
JAVA_HOME=C:\Program Files\Java\jdk1.8.0_65
PATH=C:\ProgramData\Oracle\Java\javapath;C:\Program Files (x86)\Razer Chroma SDK\bin;C:\Program Files\Razer Chroma SDK\bin;C:\Program Files (x86)\NVIDIA Corporation\PhysX\Common;C:\Program Files (x86)\Intel\iCLS Client\;C:\Program Files\Intel\iCLS Client\;C:\Windows\system32;C:\Windows;C:\Windows\System32\Wbem;C:\Windows\System32\WindowsPowerShell\v1.0\;C:\Program Files\Intel\Intel(R) Management Engine Components\DAL;C:\Program Files (x86)\Intel\Intel(R) Management Engine Components\DAL;C:\Program Files\Intel\Intel(R) Management Engine Components\IPT;C:\Program Files (x86)\Intel\Intel(R) Management Engine Components\IPT;C:\Program Files\Java\jre1.8.0_65\bin;C:\MinGW\bin;C:\WINDOWS\system32;C:\WINDOWS;C:\WINDOWS\System32\Wbem;C:\WINDOWS\System32\WindowsPowerShell\v1.0\;D:\Program Files (x86)\CMake\bin;D:\Program Files\Programs\Python\Python35-32;D:\Program Files\Programs\Python\Python35-32\Scripts;C:\Program Files (x86)\Skype\Phone\;D:\Program Files\Programs\Python\Python35-32\Scripts\;D:\Program Files\Programs\Python\Python35-32\
USERNAME=Kelan
OS=Windows_NT
PROCESSOR_IDENTIFIER=Intel64 Family 6 Model 60 Stepping 3, GenuineIntel



---------------  S Y S T E M  ---------------

OS: Windows 10.0 , 64 bit Build 10586 (10.0.10586.0)

CPU:total 8 (4 cores per cpu, 2 threads per core) family 6 model 60 stepping 3, cmov, cx8, fxsr, mmx, sse, sse2, sse3, ssse3, sse4.1, sse4.2, popcnt, avx, avx2, aes, clmul, erms, lzcnt, ht, tsc, tscinvbit, bmi1, bmi2

Memory: 4k page, physical 16609500k(4910184k free), swap 33386716k(19207832k free)

vm_info: Java HotSpot(TM) 64-Bit Server VM (25.65-b01) for windows-amd64 JRE (1.8.0_65-b17), built on Oct  6 2015 16:39:20 by "java_re" with MS VC++ 10.0 (VS2010)

time: Sun Apr 10 10:57:36 2016
elapsed time: 3 seconds (0d 0h 0m 3s)

