#
# A fatal error has been detected by the Java Runtime Environment:
#
#  EXCEPTION_ACCESS_VIOLATION (0xc0000005) at pc=0x00007ffdd3df24b9, pid=11956, tid=5352
#
# JRE version: Java(TM) SE Runtime Environment (8.0_65-b17) (build 1.8.0_65-b17)
# Java VM: Java HotSpot(TM) 64-Bit Server VM (25.65-b01 mixed mode windows-amd64 compressed oops)
# Problematic frame:
# C  [glfw.dll+0x24b9]
#
# Failed to write core dump. Minidumps are not enabled by default on client versions of Windows
#
# If you would like to submit a bug report, please visit:
#   http://bugreport.java.com/bugreport/crash.jsp
# The crash happened outside the Java Virtual Machine in native code.
# See problematic frame for where to report the bug.
#

---------------  T H R E A D  ---------------

Current thread (0x000000001e272800):  JavaThread "CLIENT" [_thread_in_native, id=5352, stack(0x000000001ef60000,0x000000001f060000)]

siginfo: ExceptionCode=0xc0000005, reading address 0x0000000000000000

Registers:
RAX=0x0000000000000000, RBX=0x000000001bb16d70, RCX=0x0000000000000000, RDX=0x0000000000000000
RSP=0x000000001f05f050, RBP=0x000000001f05f100, RSI=0x0000000000000108, RDI=0x000000000051dd00
R8 =0x000000001f05f048, R9 =0x000000001f05f100, R10=0x0000000000000000, R11=0x0000000000000246
R12=0x0000000000000000, R13=0x000000001bb16d70, R14=0x000000001f05f138, R15=0x000000001e272800
RIP=0x00007ffdd3df24b9, EFLAGS=0x0000000000010287

Top of Stack: (sp=0x000000001f05f050)
0x000000001f05f050:   000000001e272800 000000001e272800
0x000000001f05f060:   000000001bb30ce0 000000007052d610
0x000000001f05f070:   000000000000010b 000000000271dfcc
0x000000001f05f080:   000000001bb16d70 000000001c0a0300
0x000000001f05f090:   000000000000000e 000000001e272800
0x000000001f05f0a0:   000000001bb30ce0 000000007052aea4
0x000000001f05f0b0:   000000001e272800 000000001e272800
0x000000001f05f0c0:   000000001f05f0c0 0000000000000000
0x000000001f05f0d0:   000000001f05f138 000000001bb17510
0x000000001f05f0e0:   0000000000000000 000000001bb16d70
0x000000001f05f0f0:   0000000000000000 000000001f05f120
0x000000001f05f100:   000000001f05f180 0000000002707d8d
0x000000001f05f110:   00000006c2804128 00000000027142f8
0x000000001f05f120:   000000000051dd00 00000000027078a0
0x000000001f05f130:   00007ffdd3df2420 0000000000000001
0x000000001f05f140:   000000001f05f140 000000001bb30cb4 

Instructions: (pc=0x00007ffdd3df24b9)
0x00007ffdd3df2499:   48 8b cf e8 1f 3a 00 00 48 39 3d f0 d5 02 00 48
0x00007ffdd3df24a9:   8d 0d e9 d5 02 00 48 8b 5c 24 30 74 08 48 8b 09
0x00007ffdd3df24b9:   48 39 39 75 f8 48 8b 07 48 89 01 48 8b cf 48 83
0x00007ffdd3df24c9:   c4 20 5f e9 5b fe 00 00 48 83 c4 20 5f c3 cc cc 


Register to memory mapping:

RAX=0x0000000000000000 is an unknown value
RBX={method} {0x000000001bb16d78} 'invokePV' '(JJ)V' in 'org/lwjgl/system/JNI'
RCX=0x0000000000000000 is an unknown value
RDX=0x0000000000000000 is an unknown value
RSP=0x000000001f05f050 is pointing into the stack for thread: 0x000000001e272800
RBP=0x000000001f05f100 is pointing into the stack for thread: 0x000000001e272800
RSI=0x0000000000000108 is an unknown value
RDI=0x000000000051dd00 is an unknown value
R8 =0x000000001f05f048 is pointing into the stack for thread: 0x000000001e272800
R9 =0x000000001f05f100 is pointing into the stack for thread: 0x000000001e272800
R10=0x0000000000000000 is an unknown value
R11=0x0000000000000246 is an unknown value
R12=0x0000000000000000 is an unknown value
R13={method} {0x000000001bb16d78} 'invokePV' '(JJ)V' in 'org/lwjgl/system/JNI'
R14=0x000000001f05f138 is pointing into the stack for thread: 0x000000001e272800
R15=0x000000001e272800 is a thread


Stack: [0x000000001ef60000,0x000000001f060000],  sp=0x000000001f05f050,  free space=1020k
Native frames: (J=compiled Java code, j=interpreted, Vv=VM code, C=native code)
C  [glfw.dll+0x24b9]
C  0x000000000271dfcc

Java frames: (J=compiled Java code, j=interpreted, Vv=VM code)
j  org.lwjgl.system.JNI.invokePV(JJ)V+0
j  org.lwjgl.glfw.GLFW.glfwDestroyCursor(J)V+20
j  main.client.Window.destroyWindow()V+9
j  main.coreEngine.Engine.stop()V+70
j  main.client.Window.update()V+43
j  main.client.renderEngine.RenderEngine.render()V+29
j  main.client.ClientThread.tick()V+12
J 438% C1 main.coreEngine.TickableThread.run()V (481 bytes) @ 0x000000000295e11c [0x0000000002959840+0x48dc]
v  ~StubRoutines::call_stub

---------------  P R O C E S S  ---------------

Java Threads: ( => current thread )
  0x000000001e24f800 JavaThread "SERVER" [_thread_in_Java, id=11076, stack(0x000000001f060000,0x000000001f160000)]
=>0x000000001e272800 JavaThread "CLIENT" [_thread_in_native, id=5352, stack(0x000000001ef60000,0x000000001f060000)]
  0x000000001e158000 JavaThread "Service Thread" daemon [_thread_blocked, id=12768, stack(0x000000001ed60000,0x000000001ee60000)]
  0x000000001e0c2800 JavaThread "C1 CompilerThread3" daemon [_thread_blocked, id=420, stack(0x000000001ec60000,0x000000001ed60000)]
  0x000000001e0bb800 JavaThread "C2 CompilerThread2" daemon [_thread_blocked, id=10664, stack(0x000000001eb60000,0x000000001ec60000)]
  0x000000001e0ba800 JavaThread "C2 CompilerThread1" daemon [_thread_blocked, id=8804, stack(0x000000001ea60000,0x000000001eb60000)]
  0x000000001e0bf800 JavaThread "C2 CompilerThread0" daemon [_thread_blocked, id=10672, stack(0x000000001e960000,0x000000001ea60000)]
  0x000000001e0a1800 JavaThread "JDWP Command Reader" daemon [_thread_in_native, id=10520, stack(0x000000001e860000,0x000000001e960000)]
  0x000000001e09e000 JavaThread "JDWP Event Helper Thread" daemon [_thread_blocked, id=10952, stack(0x000000001e760000,0x000000001e860000)]
  0x000000001e090800 JavaThread "JDWP Transport Listener: dt_socket" daemon [_thread_blocked, id=4864, stack(0x000000001e660000,0x000000001e760000)]
  0x000000001e086800 JavaThread "Attach Listener" daemon [_thread_blocked, id=376, stack(0x000000001e560000,0x000000001e660000)]
  0x000000001e085000 JavaThread "Signal Dispatcher" daemon [_thread_blocked, id=8660, stack(0x000000001e460000,0x000000001e560000)]
  0x00000000026fa000 JavaThread "Finalizer" daemon [_thread_blocked, id=9852, stack(0x000000001df60000,0x000000001e060000)]
  0x00000000026f3000 JavaThread "Reference Handler" daemon [_thread_blocked, id=9680, stack(0x000000001de60000,0x000000001df60000)]
  0x0000000000e5e000 JavaThread "main" [_thread_in_Java, id=9736, stack(0x0000000000ce0000,0x0000000000de0000)]

Other Threads:
  0x000000001c099800 VMThread [stack: 0x000000001dd60000,0x000000001de60000] [id=3192]
  0x000000001e163000 WatcherThread [stack: 0x000000001ee60000,0x000000001ef60000] [id=13848]

VM state:not at safepoint (normal execution)

VM Mutex/Monitor currently owned by a thread: None

Heap:
 PSYoungGen      total 241152K, used 196709K [0x000000076b800000, 0x0000000784f80000, 0x00000007c0000000)
  eden space 239104K, 82% used [0x000000076b800000,0x0000000777801408,0x000000077a180000)
  from space 2048K, 4% used [0x0000000784b80000,0x0000000784b98000,0x0000000784d80000)
  to   space 2048K, 0% used [0x0000000784d80000,0x0000000784d80000,0x0000000784f80000)
 ParOldGen       total 173568K, used 1272K [0x00000006c2800000, 0x00000006cd180000, 0x000000076b800000)
  object space 173568K, 0% used [0x00000006c2800000,0x00000006c293e070,0x00000006cd180000)
 Metaspace       used 8002K, capacity 8486K, committed 8704K, reserved 1056768K
  class space    used 644K, capacity 658K, committed 768K, reserved 1048576K

Card table byte_map: [0x0000000011ac0000,0x00000000122b0000] byte_map_base: 0x000000000e4ac000

Marking Bits: (ParMarkBitMap*) 0x0000000070c0a5b0
 Begin Bits: [0x0000000013000000, 0x0000000016f60000)
 End Bits:   [0x0000000016f60000, 0x000000001aec0000)

Polling page: 0x0000000000cc0000

CodeCache: size=245760Kb used=2676Kb max_used=2693Kb free=243083Kb
 bounds [0x0000000002700000, 0x00000000029b0000, 0x0000000011700000]
 total_blobs=1127 nmethods=482 adapters=566
 compilation: enabled

Compilation events (10 events):
Event: 1.077 Thread 0x000000001e0c2800  477       3       org.lwjgl.system.Checks::checkFunctionAddress (18 bytes)
Event: 1.077 Thread 0x000000001e0c2800 nmethod 477 0x0000000002980d90 code [0x0000000002980f00, 0x0000000002981168]
Event: 1.093 Thread 0x000000001e0c2800  478       3       org.lwjgl.opengl.GL11::getInstance (7 bytes)
Event: 1.094 Thread 0x000000001e0c2800 nmethod 478 0x0000000002980290 code [0x0000000002980460, 0x0000000002980a88]
Event: 1.094 Thread 0x000000001e0c2800  479       3       org.lwjgl.opengl.GL11::getInstance (11 bytes)
Event: 1.094 Thread 0x000000001e0c2800 nmethod 479 0x000000000297fc10 code [0x000000000297fda0, 0x0000000002980068]
Event: 1.210 Thread 0x000000001e0ba800  481       4       java.util.ArrayList::set (20 bytes)
Event: 1.211 Thread 0x000000001e0ba800 nmethod 481 0x0000000002988250 code [0x00000000029883a0, 0x0000000002988518]
Event: 1.428 Thread 0x000000001e0bb800  482       4       java.util.ArrayList::get (11 bytes)
Event: 1.428 Thread 0x000000001e0bb800 nmethod 482 0x00000000029869d0 code [0x0000000002986b20, 0x0000000002986c38]

GC Heap History (10 events):
Event: 0.640 GC heap before
{Heap before GC invocations=7 (full 0):
 PSYoungGen      total 131072K, used 131022K [0x000000076b800000, 0x0000000773b00000, 0x00000007c0000000)
  eden space 129536K, 100% used [0x000000076b800000,0x0000000773680000,0x0000000773680000)
  from space 1536K, 96% used [0x0000000773880000,0x00000007739f3bb8,0x0000000773a00000)
  to   space 2048K, 0% used [0x0000000773680000,0x0000000773680000,0x0000000773880000)
 ParOldGen       total 173568K, used 24K [0x00000006c2800000, 0x00000006cd180000, 0x000000076b800000)
  object space 173568K, 0% used [0x00000006c2800000,0x00000006c2806000,0x00000006cd180000)
 Metaspace       used 6948K, capacity 7558K, committed 7808K, reserved 1056768K
  class space    used 584K, capacity 626K, committed 640K, reserved 1048576K
Event: 0.642 GC heap after
Heap after GC invocations=7 (full 0):
 PSYoungGen      total 131584K, used 1434K [0x000000076b800000, 0x000000077b900000, 0x00000007c0000000)
  eden space 129536K, 0% used [0x000000076b800000,0x000000076b800000,0x0000000773680000)
  from space 2048K, 70% used [0x0000000773680000,0x00000007737e6a70,0x0000000773880000)
  to   space 2048K, 0% used [0x000000077b700000,0x000000077b700000,0x000000077b900000)
 ParOldGen       total 173568K, used 692K [0x00000006c2800000, 0x00000006cd180000, 0x000000076b800000)
  object space 173568K, 0% used [0x00000006c2800000,0x00000006c28ad060,0x00000006cd180000)
 Metaspace       used 6948K, capacity 7558K, committed 7808K, reserved 1056768K
  class space    used 584K, capacity 626K, committed 640K, reserved 1048576K
}
Event: 0.899 GC heap before
{Heap before GC invocations=8 (full 0):
 PSYoungGen      total 131584K, used 130970K [0x000000076b800000, 0x000000077b900000, 0x00000007c0000000)
  eden space 129536K, 100% used [0x000000076b800000,0x0000000773680000,0x0000000773680000)
  from space 2048K, 70% used [0x0000000773680000,0x00000007737e6a70,0x0000000773880000)
  to   space 2048K, 0% used [0x000000077b700000,0x000000077b700000,0x000000077b900000)
 ParOldGen       total 173568K, used 692K [0x00000006c2800000, 0x00000006cd180000, 0x000000076b800000)
  object space 173568K, 0% used [0x00000006c2800000,0x00000006c28ad060,0x00000006cd180000)
 Metaspace       used 7999K, capacity 8486K, committed 8704K, reserved 1056768K
  class space    used 644K, capacity 658K, committed 768K, reserved 1048576K
Event: 0.900 GC heap after
Heap after GC invocations=8 (full 0):
 PSYoungGen      total 261120K, used 1202K [0x000000076b800000, 0x000000077b900000, 0x00000007c0000000)
  eden space 259072K, 0% used [0x000000076b800000,0x000000076b800000,0x000000077b500000)
  from space 2048K, 58% used [0x000000077b700000,0x000000077b82cb98,0x000000077b900000)
  to   space 2048K, 0% used [0x000000077b500000,0x000000077b500000,0x000000077b700000)
 ParOldGen       total 173568K, used 700K [0x00000006c2800000, 0x00000006cd180000, 0x000000076b800000)
  object space 173568K, 0% used [0x00000006c2800000,0x00000006c28af060,0x00000006cd180000)
 Metaspace       used 7999K, capacity 8486K, committed 8704K, reserved 1056768K
  class space    used 644K, capacity 658K, committed 768K, reserved 1048576K
}
Event: 1.106 GC heap before
{Heap before GC invocations=9 (full 0):
 PSYoungGen      total 261120K, used 260274K [0x000000076b800000, 0x000000077b900000, 0x00000007c0000000)
  eden space 259072K, 100% used [0x000000076b800000,0x000000077b500000,0x000000077b500000)
  from space 2048K, 58% used [0x000000077b700000,0x000000077b82cb98,0x000000077b900000)
  to   space 2048K, 0% used [0x000000077b500000,0x000000077b500000,0x000000077b700000)
 ParOldGen       total 173568K, used 700K [0x00000006c2800000, 0x00000006cd180000, 0x000000076b800000)
  object space 173568K, 0% used [0x00000006c2800000,0x00000006c28af060,0x00000006cd180000)
 Metaspace       used 8002K, capacity 8486K, committed 8704K, reserved 1056768K
  class space    used 644K, capacity 658K, committed 768K, reserved 1048576K
Event: 1.107 GC heap after
Heap after GC invocations=9 (full 0):
 PSYoungGen      total 261120K, used 384K [0x000000076b800000, 0x0000000785100000, 0x00000007c0000000)
  eden space 259072K, 0% used [0x000000076b800000,0x000000076b800000,0x000000077b500000)
  from space 2048K, 18% used [0x000000077b500000,0x000000077b560000,0x000000077b700000)
  to   space 2048K, 0% used [0x0000000784f00000,0x0000000784f00000,0x0000000785100000)
 ParOldGen       total 173568K, used 956K [0x00000006c2800000, 0x00000006cd180000, 0x000000076b800000)
  object space 173568K, 0% used [0x00000006c2800000,0x00000006c28ef060,0x00000006cd180000)
 Metaspace       used 8002K, capacity 8486K, committed 8704K, reserved 1056768K
  class space    used 644K, capacity 658K, committed 768K, reserved 1048576K
}
Event: 1.302 GC heap before
{Heap before GC invocations=10 (full 0):
 PSYoungGen      total 261120K, used 259456K [0x000000076b800000, 0x0000000785100000, 0x00000007c0000000)
  eden space 259072K, 100% used [0x000000076b800000,0x000000077b500000,0x000000077b500000)
  from space 2048K, 18% used [0x000000077b500000,0x000000077b560000,0x000000077b700000)
  to   space 2048K, 0% used [0x0000000784f00000,0x0000000784f00000,0x0000000785100000)
 ParOldGen       total 173568K, used 956K [0x00000006c2800000, 0x00000006cd180000, 0x000000076b800000)
  object space 173568K, 0% used [0x00000006c2800000,0x00000006c28ef060,0x00000006cd180000)
 Metaspace       used 8002K, capacity 8486K, committed 8704K, reserved 1056768K
  class space    used 644K, capacity 658K, committed 768K, reserved 1048576K
Event: 1.302 GC heap after
Heap after GC invocations=10 (full 0):
 PSYoungGen      total 249344K, used 128K [0x000000076b800000, 0x0000000784f80000, 0x00000007c0000000)
  eden space 248832K, 0% used [0x000000076b800000,0x000000076b800000,0x000000077ab00000)
  from space 512K, 25% used [0x0000000784f00000,0x0000000784f20000,0x0000000784f80000)
  to   space 2048K, 0% used [0x0000000784b80000,0x0000000784b80000,0x0000000784d80000)
 ParOldGen       total 173568K, used 1240K [0x00000006c2800000, 0x00000006cd180000, 0x000000076b800000)
  object space 173568K, 0% used [0x00000006c2800000,0x00000006c2936070,0x00000006cd180000)
 Metaspace       used 8002K, capacity 8486K, committed 8704K, reserved 1056768K
  class space    used 644K, capacity 658K, committed 768K, reserved 1048576K
}
Event: 1.507 GC heap before
{Heap before GC invocations=11 (full 0):
 PSYoungGen      total 249344K, used 248960K [0x000000076b800000, 0x0000000784f80000, 0x00000007c0000000)
  eden space 248832K, 100% used [0x000000076b800000,0x000000077ab00000,0x000000077ab00000)
  from space 512K, 25% used [0x0000000784f00000,0x0000000784f20000,0x0000000784f80000)
  to   space 2048K, 0% used [0x0000000784b80000,0x0000000784b80000,0x0000000784d80000)
 ParOldGen       total 173568K, used 1240K [0x00000006c2800000, 0x00000006cd180000, 0x000000076b800000)
  object space 173568K, 0% used [0x00000006c2800000,0x00000006c2936070,0x00000006cd180000)
 Metaspace       used 8002K, capacity 8486K, committed 8704K, reserved 1056768K
  class space    used 644K, capacity 658K, committed 768K, reserved 1048576K
Event: 1.508 GC heap after
Heap after GC invocations=11 (full 0):
 PSYoungGen      total 241152K, used 96K [0x000000076b800000, 0x0000000784f80000, 0x00000007c0000000)
  eden space 239104K, 0% used [0x000000076b800000,0x000000076b800000,0x000000077a180000)
  from space 2048K, 4% used [0x0000000784b80000,0x0000000784b98000,0x0000000784d80000)
  to   space 2048K, 0% used [0x0000000784d80000,0x0000000784d80000,0x0000000784f80000)
 ParOldGen       total 173568K, used 1272K [0x00000006c2800000, 0x00000006cd180000, 0x000000076b800000)
  object space 173568K, 0% used [0x00000006c2800000,0x00000006c293e070,0x00000006cd180000)
 Metaspace       used 8002K, capacity 8486K, committed 8704K, reserved 1056768K
  class space    used 644K, capacity 658K, committed 768K, reserved 1048576K
}

Deoptimization events (10 events):
Event: 0.423 Thread 0x000000001e272800 Uncommon trap: reason=bimorphic action=maybe_recompile pc=0x0000000002845bf4 method=java.util.HashMap.getNode(ILjava/lang/Object;)Ljava/util/HashMap$Node; @ 126
Event: 0.424 Thread 0x000000001e272800 Uncommon trap: reason=bimorphic action=maybe_recompile pc=0x0000000002845bf4 method=java.util.HashMap.getNode(ILjava/lang/Object;)Ljava/util/HashMap$Node; @ 126
Event: 0.428 Thread 0x000000001e272800 Uncommon trap: reason=unstable_if action=reinterpret pc=0x000000000283b558 method=java.util.HashMap.keySet()Ljava/util/Set; @ 6
Event: 0.856 Thread 0x000000001e272800 Uncommon trap: reason=unstable_if action=reinterpret pc=0x000000000283bc04 method=java.util.HashMap.clear()V @ 16
Event: 0.856 Thread 0x000000001e272800 Uncommon trap: reason=unstable_if action=reinterpret pc=0x000000000283cb08 method=java.util.HashMap$HashIterator.<init>(Ljava/util/HashMap;)V @ 38
Event: 0.856 Thread 0x0000000000e5e000 Uncommon trap: reason=unstable_if action=reinterpret pc=0x000000000286f02c method=main.coreEngine.TickableThread.invoke(Ljava/lang/String;[Ljava/lang/Object;)V @ 53
Event: 0.856 Thread 0x000000001e272800 Uncommon trap: reason=unstable_if action=reinterpret pc=0x000000000283b318 method=java.util.HashMap.clear()V @ 16
Event: 0.856 Thread 0x000000001e24f800 Uncommon trap: reason=unstable_if action=reinterpret pc=0x00000000028731b4 method=main.coreEngine.TickableThread.run()V @ 58
Event: 0.909 Thread 0x0000000000e5e000 Uncommon trap: reason=unstable_if action=reinterpret pc=0x00000000029818f4 method=main.coreEngine.Engine.start()V @ 163
Event: 0.942 Thread 0x000000001e24f800 Uncommon trap: reason=unstable_if action=reinterpret pc=0x000000000298d6d0 method=main.coreEngine.TickableThread.run()V @ 461

Internal exceptions (8 events):
Event: 0.023 Thread 0x0000000000e5e000 Exception <a 'java/lang/NoSuchMethodError': Method sun.misc.Unsafe.defineClass(Ljava/lang/String;[BII)Ljava/lang/Class; name or signature does not match> (0x000000076b80d9b8) thrown at [C:\workspace\8-2-build-windows-amd64-cygwin\jdk8u65\4987\hotspot\src\s§Î_ˆ6T—?
Event: 0.023 Thread 0x0000000000e5e000 Exception <a 'java/lang/NoSuchMethodError': Method sun.misc.Unsafe.prefetchRead(Ljava/lang/Object;J)V name or signature does not match> (0x000000076b80dca0) thrown at [C:\workspace\8-2-build-windows-amd64-cygwin\jdk8u65\4987\hotspot\src\share\vm\prims\jni.¼’
Event: 0.160 Thread 0x000000001e272800 Exception <a 'java/lang/ArrayIndexOutOfBoundsException': -1> (0x000000076cab6958) thrown at [C:\workspace\8-2-build-windows-amd64-cygwin\jdk8u65\4987\hotspot\src\share\vm\interpreter\interpreterRuntime.cpp, line 366]
Event: 0.423 Thread 0x000000001e272800 Exception <a 'java/security/PrivilegedActionException'> (0x000000076ceafd10) thrown at [C:\workspace\8-2-build-windows-amd64-cygwin\jdk8u65\4987\hotspot\src\share\vm\prims\jvm.cpp, line 1386]
Event: 0.423 Thread 0x000000001e272800 Exception <a 'java/security/PrivilegedActionException'> (0x000000076ceb0108) thrown at [C:\workspace\8-2-build-windows-amd64-cygwin\jdk8u65\4987\hotspot\src\share\vm\prims\jvm.cpp, line 1386]
Event: 0.424 Thread 0x000000001e272800 Exception <a 'java/security/PrivilegedActionException'> (0x000000076ceb43b0) thrown at [C:\workspace\8-2-build-windows-amd64-cygwin\jdk8u65\4987\hotspot\src\share\vm\prims\jvm.cpp, line 1386]
Event: 0.424 Thread 0x000000001e272800 Exception <a 'java/security/PrivilegedActionException'> (0x000000076ceb47a8) thrown at [C:\workspace\8-2-build-windows-amd64-cygwin\jdk8u65\4987\hotspot\src\share\vm\prims\jvm.cpp, line 1386]
Event: 0.856 Thread 0x0000000000e5e000 Implicit null exception at 0x000000000286ea44 to 0x000000000286f005

Events (10 events):
Event: 0.942 Thread 0x000000001e24f800 DEOPT PACKING pc=0x000000000298d6d0 sp=0x000000001f15f4e0
Event: 0.942 Thread 0x000000001e24f800 DEOPT UNPACKING pc=0x000000000274582a sp=0x000000001f15f540 mode 2
Event: 1.035 Thread 0x000000001e24f800 DEOPT PACKING pc=0x0000000002997f61 sp=0x000000001f15f480
Event: 1.035 Thread 0x000000001e24f800 DEOPT UNPACKING pc=0x000000000274787f sp=0x000000001f15f2b0 mode 0
Event: 1.106 Executing VM operation: ParallelGCFailedAllocation
Event: 1.107 Executing VM operation: ParallelGCFailedAllocation done
Event: 1.302 Executing VM operation: ParallelGCFailedAllocation
Event: 1.303 Executing VM operation: ParallelGCFailedAllocation done
Event: 1.507 Executing VM operation: ParallelGCFailedAllocation
Event: 1.508 Executing VM operation: ParallelGCFailedAllocation done


Dynamic libraries:
0x00007ff7d2c20000 - 0x00007ff7d2c57000 	C:\Program Files\Java\jdk1.8.0_65\bin\java.exe
0x00007ffde4980000 - 0x00007ffde4b41000 	C:\WINDOWS\SYSTEM32\ntdll.dll
0x00007ffde42a0000 - 0x00007ffde434d000 	C:\WINDOWS\system32\KERNEL32.DLL
0x00007ffde19f0000 - 0x00007ffde1bd8000 	C:\WINDOWS\system32\KERNELBASE.dll
0x00007ffde1e70000 - 0x00007ffde1f17000 	C:\WINDOWS\system32\ADVAPI32.dll
0x00007ffde3800000 - 0x00007ffde389d000 	C:\WINDOWS\system32\msvcrt.dll
0x00007ffde1e10000 - 0x00007ffde1e6b000 	C:\WINDOWS\system32\sechost.dll
0x00007ffde3bd0000 - 0x00007ffde3cec000 	C:\WINDOWS\system32\RPCRT4.dll
0x00007ffde3fe0000 - 0x00007ffde4136000 	C:\WINDOWS\system32\USER32.dll
0x00007ffde3cf0000 - 0x00007ffde3e76000 	C:\WINDOWS\system32\GDI32.dll
0x00007ffddd690000 - 0x00007ffddd904000 	C:\WINDOWS\WinSxS\amd64_microsoft.windows.common-controls_6595b64144ccf1df_6.0.10586.0_none_8c15ae12515e1c22\COMCTL32.dll
0x00007ffde3950000 - 0x00007ffde3bcd000 	C:\WINDOWS\system32\combase.dll
0x00007ffde1cf0000 - 0x00007ffde1d5a000 	C:\WINDOWS\system32\bcryptPrimitives.dll
0x00007ffde1dc0000 - 0x00007ffde1dfb000 	C:\WINDOWS\system32\IMM32.DLL
0x0000000070c90000 - 0x0000000070d62000 	C:\Program Files\Java\jdk1.8.0_65\jre\bin\msvcr100.dll
0x0000000070400000 - 0x0000000070c89000 	C:\Program Files\Java\jdk1.8.0_65\jre\bin\server\jvm.dll
0x00007ffde4290000 - 0x00007ffde4298000 	C:\WINDOWS\system32\PSAPI.DLL
0x00007ffdd8550000 - 0x00007ffdd8559000 	C:\WINDOWS\SYSTEM32\WSOCK32.dll
0x00007ffddf730000 - 0x00007ffddf753000 	C:\WINDOWS\SYSTEM32\WINMM.dll
0x00007ffddd9c0000 - 0x00007ffddd9ca000 	C:\WINDOWS\SYSTEM32\VERSION.dll
0x00007ffde4470000 - 0x00007ffde44db000 	C:\WINDOWS\system32\WS2_32.dll
0x0000000000ee0000 - 0x0000000000f0c000 	C:\WINDOWS\SYSTEM32\WINMMBASE.dll
0x00007ffde1be0000 - 0x00007ffde1c23000 	C:\WINDOWS\system32\cfgmgr32.dll
0x00000000703f0000 - 0x00000000703ff000 	C:\Program Files\Java\jdk1.8.0_65\jre\bin\verify.dll
0x00000000703c0000 - 0x00000000703e9000 	C:\Program Files\Java\jdk1.8.0_65\jre\bin\java.dll
0x0000000070380000 - 0x00000000703b5000 	C:\Program Files\Java\jdk1.8.0_65\jre\bin\jdwp.dll
0x0000000070370000 - 0x0000000070378000 	C:\Program Files\Java\jdk1.8.0_65\jre\bin\npt.dll
0x0000000070350000 - 0x0000000070366000 	C:\Program Files\Java\jdk1.8.0_65\jre\bin\zip.dll
0x00007ffde1f80000 - 0x00007ffde34dc000 	C:\WINDOWS\system32\SHELL32.dll
0x00007ffde11d0000 - 0x00007ffde1815000 	C:\WINDOWS\system32\windows.storage.dll
0x00007ffde36b0000 - 0x00007ffde3702000 	C:\WINDOWS\system32\shlwapi.dll
0x00007ffde0fb0000 - 0x00007ffde0fbf000 	C:\WINDOWS\system32\kernel.appcore.dll
0x00007ffde1c30000 - 0x00007ffde1ce5000 	C:\WINDOWS\system32\shcore.dll
0x00007ffde0fc0000 - 0x00007ffde100b000 	C:\WINDOWS\system32\powrprof.dll
0x00007ffde0f80000 - 0x00007ffde0f94000 	C:\WINDOWS\system32\profapi.dll
0x0000000070340000 - 0x0000000070349000 	C:\Program Files\Java\jdk1.8.0_65\jre\bin\dt_socket.dll
0x00007ffde08b0000 - 0x00007ffde090c000 	C:\WINDOWS\system32\mswsock.dll
0x00007ffdcfcf0000 - 0x00007ffdcfd78000 	D:\Code\Java\Projects\WireEngine20\lib\native\lwjgl.dll
0x00007ffde0a80000 - 0x00007ffde0a8b000 	C:\WINDOWS\SYSTEM32\CRYPTBASE.DLL
0x00007ffdd4190000 - 0x00007ffdd41d2000 	D:\Code\Java\Projects\WireEngine20\lib\native\jemalloc.dll
0x00007ffdd3df0000 - 0x00007ffdd3e28000 	D:\Code\Java\Projects\WireEngine20\lib\native\glfw.dll
0x00007ffddf850000 - 0x00007ffddf8e6000 	C:\WINDOWS\system32\uxtheme.dll
0x00007ffdde650000 - 0x00007ffdde672000 	C:\WINDOWS\SYSTEM32\dwmapi.dll
0x00007ffdc9d10000 - 0x00007ffdc9e39000 	C:\WINDOWS\SYSTEM32\opengl32.dll
0x00007ffdcc690000 - 0x00007ffdcc6be000 	C:\WINDOWS\SYSTEM32\GLU32.dll
0x00007ffdc8ba0000 - 0x00007ffdc8c9a000 	C:\WINDOWS\SYSTEM32\DDRAW.dll
0x00007ffdd3d80000 - 0x00007ffdd3d88000 	C:\WINDOWS\SYSTEM32\DCIMAN32.dll
0x00007ffde3e80000 - 0x00007ffde3fda000 	C:\WINDOWS\system32\MSCTF.dll
0x00007ffdc3f50000 - 0x00007ffdc3f99000 	C:\Program Files (x86)\TeamViewer\tv_x64.dll
0x00007ffde4140000 - 0x00007ffde4283000 	C:\WINDOWS\system32\ole32.dll
0x000000006e5f0000 - 0x0000000070339000 	C:\WINDOWS\SYSTEM32\nvoglv64.DLL
0x00007ffde4550000 - 0x00007ffde4979000 	C:\WINDOWS\system32\SETUPAPI.dll
0x00007ffddf2f0000 - 0x00007ffddf303000 	C:\WINDOWS\SYSTEM32\WTSAPI32.dll
0x00007ffddf9a0000 - 0x00007ffddf9c7000 	C:\WINDOWS\SYSTEM32\DEVOBJ.dll
0x00007ffde1170000 - 0x00007ffde11c5000 	C:\WINDOWS\system32\WINTRUST.dll
0x00007ffde0fa0000 - 0x00007ffde0fb0000 	C:\WINDOWS\system32\MSASN1.dll
0x00007ffde1820000 - 0x00007ffde19e7000 	C:\WINDOWS\system32\CRYPT32.dll
0x00007ffde04d0000 - 0x00007ffde0501000 	C:\WINDOWS\SYSTEM32\ntmarta.dll
0x00007ffde0220000 - 0x00007ffde0276000 	C:\WINDOWS\SYSTEM32\WINSTA.dll
0x00007ffde38a0000 - 0x00007ffde3947000 	C:\WINDOWS\system32\clbcatq.dll
0x00007ffdb9de0000 - 0x00007ffdb9f6c000 	C:\WINDOWS\SYSTEM32\dbghelp.dll

VM Arguments:
jvm_args: -agentlib:jdwp=transport=dt_socket,address=127.0.0.1:61096,suspend=y,server=n -Djava.library.path=lib/native/ -Dfile.encoding=UTF-8 
java_command: main.Main
java_class_path (initial): C:\Program Files\Java\jdk1.8.0_65\jre\lib\charsets.jar;C:\Program Files\Java\jdk1.8.0_65\jre\lib\deploy.jar;C:\Program Files\Java\jdk1.8.0_65\jre\lib\ext\access-bridge-64.jar;C:\Program Files\Java\jdk1.8.0_65\jre\lib\ext\cldrdata.jar;C:\Program Files\Java\jdk1.8.0_65\jre\lib\ext\dnsns.jar;C:\Program Files\Java\jdk1.8.0_65\jre\lib\ext\jaccess.jar;C:\Program Files\Java\jdk1.8.0_65\jre\lib\ext\jfxrt.jar;C:\Program Files\Java\jdk1.8.0_65\jre\lib\ext\localedata.jar;C:\Program Files\Java\jdk1.8.0_65\jre\lib\ext\nashorn.jar;C:\Program Files\Java\jdk1.8.0_65\jre\lib\ext\sunec.jar;C:\Program Files\Java\jdk1.8.0_65\jre\lib\ext\sunjce_provider.jar;C:\Program Files\Java\jdk1.8.0_65\jre\lib\ext\sunmscapi.jar;C:\Program Files\Java\jdk1.8.0_65\jre\lib\ext\sunpkcs11.jar;C:\Program Files\Java\jdk1.8.0_65\jre\lib\ext\zipfs.jar;C:\Program Files\Java\jdk1.8.0_65\jre\lib\javaws.jar;C:\Program Files\Java\jdk1.8.0_65\jre\lib\jce.jar;C:\Program Files\Java\jdk1.8.0_65\jre\lib\jfr.jar;C:\Program Files\Java\jdk1.8.0_65\jre\lib\jfxswt.jar;C:\Program Files\Java\jdk1.8.0_65\jre\lib\jsse.jar;C:\Program Files\Java\jdk1.8.0_65\jre\lib\management-agent.jar;C:\Program Files\Java\jdk1.8.0_65\jre\lib\plugin.jar;C:\Program Files\Java\jdk1.8.0_65\jre\lib\resources.jar;C:\Program Files\Java\jdk1.8.0_65\jre\lib\rt.jar;D:\Code\Java\Projects\WireEngine20\out\production\WireEngine20;D:\Code\Java\Projects\WireEngine20\lib\jar\lwjgl.jar;D:\Program Files (x86)\JetBrains\IntelliJ IDEA 2016.1\lib\idea_rt.jar
Launcher Type: SUN_STANDARD

Environment Variables:
JAVA_HOME=C:\Program Files\Java\jdk1.8.0_65
PATH=C:\ProgramData\Oracle\Java\javapath;C:\Program Files (x86)\Razer Chroma SDK\bin;C:\Program Files\Razer Chroma SDK\bin;C:\Program Files (x86)\NVIDIA Corporation\PhysX\Common;C:\Program Files (x86)\Intel\iCLS Client\;C:\Program Files\Intel\iCLS Client\;C:\Windows\system32;C:\Windows;C:\Windows\System32\Wbem;C:\Windows\System32\WindowsPowerShell\v1.0\;C:\Program Files\Intel\Intel(R) Management Engine Components\DAL;C:\Program Files (x86)\Intel\Intel(R) Management Engine Components\DAL;C:\Program Files\Intel\Intel(R) Management Engine Components\IPT;C:\Program Files (x86)\Intel\Intel(R) Management Engine Components\IPT;C:\Program Files\Java\jre1.8.0_65\bin;C:\MinGW\bin;C:\WINDOWS\system32;C:\WINDOWS;C:\WINDOWS\System32\Wbem;C:\WINDOWS\System32\WindowsPowerShell\v1.0\;D:\Program Files (x86)\CMake\bin;D:\Program Files\Programs\Python\Python35-32;D:\Program Files\Programs\Python\Python35-32\Scripts;C:\Program Files (x86)\Skype\Phone\;D:\Program Files\Programs\Python\Python35-32\Scripts\;D:\Program Files\Programs\Python\Python35-32\
USERNAME=Kelan
OS=Windows_NT
PROCESSOR_IDENTIFIER=Intel64 Family 6 Model 60 Stepping 3, GenuineIntel



---------------  S Y S T E M  ---------------

OS: Windows 10.0 , 64 bit Build 10586 (10.0.10586.0)

CPU:total 8 (4 cores per cpu, 2 threads per core) family 6 model 60 stepping 3, cmov, cx8, fxsr, mmx, sse, sse2, sse3, ssse3, sse4.1, sse4.2, popcnt, avx, avx2, aes, clmul, erms, lzcnt, ht, tsc, tscinvbit, bmi1, bmi2

Memory: 4k page, physical 16609500k(5391952k free), swap 33386716k(19346492k free)

vm_info: Java HotSpot(TM) 64-Bit Server VM (25.65-b01) for windows-amd64 JRE (1.8.0_65-b17), built on Oct  6 2015 16:39:20 by "java_re" with MS VC++ 10.0 (VS2010)

time: Sat Apr 09 16:15:14 2016
elapsed time: 1 seconds (0d 0h 0m 1s)

