#
# A fatal error has been detected by the Java Runtime Environment:
#
#  EXCEPTION_ACCESS_VIOLATION (0xc0000005) at pc=0x00007ffd11dd24b9, pid=236, tid=7380
#
# JRE version: Java(TM) SE Runtime Environment (8.0_65-b17) (build 1.8.0_65-b17)
# Java VM: Java HotSpot(TM) 64-Bit Server VM (25.65-b01 mixed mode windows-amd64 compressed oops)
# Problematic frame:
# C  [glfw.dll+0x24b9]
#
# Failed to write core dump. Minidumps are not enabled by default on client versions of Windows
#
# If you would like to submit a bug report, please visit:
#   http://bugreport.java.com/bugreport/crash.jsp
# The crash happened outside the Java Virtual Machine in native code.
# See problematic frame for where to report the bug.
#

---------------  T H R E A D  ---------------

Current thread (0x000000001e250800):  JavaThread "CLIENT" [_thread_in_native, id=7380, stack(0x000000001ef70000,0x000000001f070000)]

siginfo: ExceptionCode=0xc0000005, reading address 0x0000000000000000

Registers:
RAX=0x0000000000000000, RBX=0x000000001ba0f240, RCX=0x0000000000000000, RDX=0x0000000000000000
RSP=0x000000001f06f090, RBP=0x000000001f06f148, RSI=0x0000000000000108, RDI=0x00000000005fe020
R8 =0x000000001f06f088, R9 =0x000000001f06f148, R10=0x0000000000000000, R11=0x0000000000000246
R12=0x0000000000000000, R13=0x000000001ba0f240, R14=0x000000001f06f180, R15=0x000000001e250800
RIP=0x00007ffd11dd24b9, EFLAGS=0x0000000000010283

Top of Stack: (sp=0x000000001f06f090)
0x000000001f06f090:   000000001e250800 000000001e250800
0x000000001f06f0a0:   000000001e250800 000000001e250800
0x000000001f06f0b0:   0000000000000706 000000000260dfcc
0x000000001f06f0c0:   000000001ba0f240 000000005a975005
0x000000001f06f0d0:   000000001b9b5110 00000000024fd6b0
0x000000001f06f0e0:   000000000000000e 000000001e250800
0x000000001f06f0f0:   000000001ba2b9c8 000000005a88aea4
0x000000001f06f100:   000000001e250800 000000001f06f108
0x000000001f06f110:   0000000000000000 000000001f06f180
0x000000001f06f120:   000000001ba0f9e0 0000000000000000
0x000000001f06f130:   000000001ba0f240 0000000000000000
0x000000001f06f140:   000000001f06f168 000000001f06f1c8
0x000000001f06f150:   00000000025f7d8d 00000006c28081e0
0x000000001f06f160:   00000000026042f8 00000000005fe020
0x000000001f06f170:   00000000025f78a0 00007ffd11dd2420
0x000000001f06f180:   0000000000000001 000000001f06f188 

Instructions: (pc=0x00007ffd11dd24b9)
0x00007ffd11dd2499:   48 8b cf e8 1f 3a 00 00 48 39 3d f0 d5 02 00 48
0x00007ffd11dd24a9:   8d 0d e9 d5 02 00 48 8b 5c 24 30 74 08 48 8b 09
0x00007ffd11dd24b9:   48 39 39 75 f8 48 8b 07 48 89 01 48 8b cf 48 83
0x00007ffd11dd24c9:   c4 20 5f e9 5b fe 00 00 48 83 c4 20 5f c3 cc cc 


Register to memory mapping:

RAX=0x0000000000000000 is an unknown value
RBX={method} {0x000000001ba0f248} 'invokePV' '(JJ)V' in 'org/lwjgl/system/JNI'
RCX=0x0000000000000000 is an unknown value
RDX=0x0000000000000000 is an unknown value
RSP=0x000000001f06f090 is pointing into the stack for thread: 0x000000001e250800
RBP=0x000000001f06f148 is pointing into the stack for thread: 0x000000001e250800
RSI=0x0000000000000108 is an unknown value
RDI=0x00000000005fe020 is an unknown value
R8 =0x000000001f06f088 is pointing into the stack for thread: 0x000000001e250800
R9 =0x000000001f06f148 is pointing into the stack for thread: 0x000000001e250800
R10=0x0000000000000000 is an unknown value
R11=0x0000000000000246 is an unknown value
R12=0x0000000000000000 is an unknown value
R13={method} {0x000000001ba0f248} 'invokePV' '(JJ)V' in 'org/lwjgl/system/JNI'
R14=0x000000001f06f180 is pointing into the stack for thread: 0x000000001e250800
R15=0x000000001e250800 is a thread


Stack: [0x000000001ef70000,0x000000001f070000],  sp=0x000000001f06f090,  free space=1020k
Native frames: (J=compiled Java code, j=interpreted, Vv=VM code, C=native code)
C  [glfw.dll+0x24b9]
C  0x000000000260dfcc

Java frames: (J=compiled Java code, j=interpreted, Vv=VM code)
j  org.lwjgl.system.JNI.invokePV(JJ)V+0
j  org.lwjgl.glfw.GLFW.glfwDestroyCursor(J)V+20
j  main.client.Window.destroyWindow()V+9
j  main.coreEngine.Engine.stop()V+70
j  main.client.Window.update()V+33
j  main.client.renderEngine.RenderEngine.render()V+38
j  main.client.ClientThread.tick()V+12
j  main.coreEngine.TickableThread.run()V+469
v  ~StubRoutines::call_stub

---------------  P R O C E S S  ---------------

Java Threads: ( => current thread )
  0x000000001e262800 JavaThread "SERVER" [_thread_in_Java, id=2612, stack(0x000000001f070000,0x000000001f170000)]
=>0x000000001e250800 JavaThread "CLIENT" [_thread_in_native, id=7380, stack(0x000000001ef70000,0x000000001f070000)]
  0x000000001e16d800 JavaThread "Service Thread" daemon [_thread_blocked, id=13508, stack(0x000000001ed70000,0x000000001ee70000)]
  0x000000001e0d4000 JavaThread "C1 CompilerThread3" daemon [_thread_blocked, id=156, stack(0x000000001ec70000,0x000000001ed70000)]
  0x000000001e0c7000 JavaThread "C2 CompilerThread2" daemon [_thread_blocked, id=6644, stack(0x000000001eb70000,0x000000001ec70000)]
  0x000000001e0c6000 JavaThread "C2 CompilerThread1" daemon [_thread_blocked, id=4520, stack(0x000000001ea70000,0x000000001eb70000)]
  0x000000001e0cb000 JavaThread "C2 CompilerThread0" daemon [_thread_blocked, id=5288, stack(0x000000001e970000,0x000000001ea70000)]
  0x000000001e0b0800 JavaThread "JDWP Command Reader" daemon [_thread_in_native, id=9100, stack(0x000000001e870000,0x000000001e970000)]
  0x000000001e0af800 JavaThread "JDWP Event Helper Thread" daemon [_thread_blocked, id=3956, stack(0x000000001e770000,0x000000001e870000)]
  0x000000001e0a2800 JavaThread "JDWP Transport Listener: dt_socket" daemon [_thread_blocked, id=8440, stack(0x000000001e670000,0x000000001e770000)]
  0x000000001bf9d800 JavaThread "Attach Listener" daemon [_thread_blocked, id=12560, stack(0x000000001e570000,0x000000001e670000)]
  0x000000001bf9c800 JavaThread "Signal Dispatcher" daemon [_thread_blocked, id=13532, stack(0x000000001e470000,0x000000001e570000)]
  0x00000000024fc800 JavaThread "Finalizer" daemon [_thread_blocked, id=7844, stack(0x000000001de90000,0x000000001df90000)]
  0x00000000024f6000 JavaThread "Reference Handler" daemon [_thread_blocked, id=9736, stack(0x000000001dd90000,0x000000001de90000)]
  0x00000000025ee000 JavaThread "main" [_thread_in_Java, id=8404, stack(0x0000000000cb0000,0x0000000000db0000)]

Other Threads:
  0x000000001bf89000 VMThread [stack: 0x000000001dc90000,0x000000001dd90000] [id=13752]
  0x000000001e18f800 WatcherThread [stack: 0x000000001ee70000,0x000000001ef70000] [id=13048]

VM state:not at safepoint (normal execution)

VM Mutex/Monitor currently owned by a thread: None

Heap:
 PSYoungGen      total 108032K, used 86766K [0x000000076b800000, 0x0000000783f00000, 0x00000007c0000000)
  eden space 107520K, 80% used [0x000000076b800000,0x0000000770cb3a28,0x0000000772100000)
  from space 512K, 6% used [0x0000000783e80000,0x0000000783e88000,0x0000000783f00000)
  to   space 1024K, 0% used [0x0000000783d00000,0x0000000783d00000,0x0000000783e00000)
 ParOldGen       total 173568K, used 2025K [0x00000006c2800000, 0x00000006cd180000, 0x000000076b800000)
  object space 173568K, 1% used [0x00000006c2800000,0x00000006c29fa668,0x00000006cd180000)
 Metaspace       used 8230K, capacity 8710K, committed 8960K, reserved 1056768K
  class space    used 657K, capacity 690K, committed 768K, reserved 1048576K

Card table byte_map: [0x00000000119b0000,0x00000000121a0000] byte_map_base: 0x000000000e39c000

Marking Bits: (ParMarkBitMap*) 0x000000005af6a5b0
 Begin Bits: [0x0000000012ef0000, 0x0000000016e50000)
 End Bits:   [0x0000000016e50000, 0x000000001adb0000)

Polling page: 0x0000000000db0000

CodeCache: size=245760Kb used=2988Kb max_used=2988Kb free=242771Kb
 bounds [0x00000000025f0000, 0x00000000028e0000, 0x00000000115f0000]
 total_blobs=1279 nmethods=625 adapters=575
 compilation: enabled

Compilation events (10 events):
Event: 2.340 Thread 0x000000001e0d4000  621       3       java.nio.DirectDoubleBufferU::get (16 bytes)
Event: 2.340 Thread 0x000000001e0d4000 nmethod 621 0x00000000028db790 code [0x00000000028db900, 0x00000000028dbb70]
Event: 2.423 Thread 0x000000001e0d4000  623       3       main.client.InputHandler::resetKeyboard (25 bytes)
Event: 2.423 Thread 0x000000001e0d4000 nmethod 623 0x00000000028dbcd0 code [0x00000000028dbe40, 0x00000000028dc050]
Event: 2.727 Thread 0x000000001e0d4000  624       1       java.lang.ref.Reference::access$100 (4 bytes)
Event: 2.728 Thread 0x000000001e0d4000 nmethod 624 0x00000000028d4250 code [0x00000000028d43a0, 0x00000000028d4490]
Event: 2.790 Thread 0x000000001e0d4000  625       3       org.lwjgl.opengl.GL15::getInstance (7 bytes)
Event: 2.790 Thread 0x000000001e0d4000 nmethod 625 0x00000000028dc110 code [0x00000000028dc2e0, 0x00000000028dc908]
Event: 2.790 Thread 0x000000001e0d4000  626       3       org.lwjgl.opengl.GL15::getInstance (11 bytes)
Event: 2.790 Thread 0x000000001e0d4000 nmethod 626 0x00000000028dcc10 code [0x00000000028dcda0, 0x00000000028dd068]

GC Heap History (10 events):
Event: 2.562 GC heap before
{Heap before GC invocations=27 (full 0):
 PSYoungGen      total 138752K, used 138400K [0x000000076b800000, 0x0000000784180000, 0x00000007c0000000)
  eden space 138240K, 100% used [0x000000076b800000,0x0000000773f00000,0x0000000773f00000)
  from space 512K, 31% used [0x0000000784100000,0x0000000784128000,0x0000000784180000)
  to   space 1536K, 0% used [0x0000000783e80000,0x0000000783e80000,0x0000000784000000)
 ParOldGen       total 173568K, used 2001K [0x00000006c2800000, 0x00000006cd180000, 0x000000076b800000)
  object space 173568K, 1% used [0x00000006c2800000,0x00000006c29f4668,0x00000006cd180000)
 Metaspace       used 8229K, capacity 8710K, committed 8960K, reserved 1056768K
  class space    used 657K, capacity 690K, committed 768K, reserved 1048576K
Event: 2.563 GC heap after
Heap after GC invocations=27 (full 0):
 PSYoungGen      total 135168K, used 224K [0x000000076b800000, 0x0000000784180000, 0x00000007c0000000)
  eden space 133632K, 0% used [0x000000076b800000,0x000000076b800000,0x0000000773a80000)
  from space 1536K, 14% used [0x0000000783e80000,0x0000000783eb8000,0x0000000784000000)
  to   space 1536K, 0% used [0x0000000784000000,0x0000000784000000,0x0000000784180000)
 ParOldGen       total 173568K, used 2001K [0x00000006c2800000, 0x00000006cd180000, 0x000000076b800000)
  object space 173568K, 1% used [0x00000006c2800000,0x00000006c29f4668,0x00000006cd180000)
 Metaspace       used 8229K, capacity 8710K, committed 8960K, reserved 1056768K
  class space    used 657K, capacity 690K, committed 768K, reserved 1048576K
}
Event: 2.619 GC heap before
{Heap before GC invocations=28 (full 0):
 PSYoungGen      total 135168K, used 133856K [0x000000076b800000, 0x0000000784180000, 0x00000007c0000000)
  eden space 133632K, 100% used [0x000000076b800000,0x0000000773a80000,0x0000000773a80000)
  from space 1536K, 14% used [0x0000000783e80000,0x0000000783eb8000,0x0000000784000000)
  to   space 1536K, 0% used [0x0000000784000000,0x0000000784000000,0x0000000784180000)
 ParOldGen       total 173568K, used 2001K [0x00000006c2800000, 0x00000006cd180000, 0x000000076b800000)
  object space 173568K, 1% used [0x00000006c2800000,0x00000006c29f4668,0x00000006cd180000)
 Metaspace       used 8229K, capacity 8710K, committed 8960K, reserved 1056768K
  class space    used 657K, capacity 690K, committed 768K, reserved 1048576K
Event: 2.619 GC heap after
Heap after GC invocations=28 (full 0):
 PSYoungGen      total 130048K, used 224K [0x000000076b800000, 0x0000000784080000, 0x00000007c0000000)
  eden space 129536K, 0% used [0x000000076b800000,0x000000076b800000,0x0000000773680000)
  from space 512K, 43% used [0x0000000784000000,0x0000000784038000,0x0000000784080000)
  to   space 1536K, 0% used [0x0000000783d80000,0x0000000783d80000,0x0000000783f00000)
 ParOldGen       total 173568K, used 2001K [0x00000006c2800000, 0x00000006cd180000, 0x000000076b800000)
  object space 173568K, 1% used [0x00000006c2800000,0x00000006c29f4668,0x00000006cd180000)
 Metaspace       used 8229K, capacity 8710K, committed 8960K, reserved 1056768K
  class space    used 657K, capacity 690K, committed 768K, reserved 1048576K
}
Event: 2.672 GC heap before
{Heap before GC invocations=29 (full 0):
 PSYoungGen      total 130048K, used 129760K [0x000000076b800000, 0x0000000784080000, 0x00000007c0000000)
  eden space 129536K, 100% used [0x000000076b800000,0x0000000773680000,0x0000000773680000)
  from space 512K, 43% used [0x0000000784000000,0x0000000784038000,0x0000000784080000)
  to   space 1536K, 0% used [0x0000000783d80000,0x0000000783d80000,0x0000000783f00000)
 ParOldGen       total 173568K, used 2001K [0x00000006c2800000, 0x00000006cd180000, 0x000000076b800000)
  object space 173568K, 1% used [0x00000006c2800000,0x00000006c29f4668,0x00000006cd180000)
 Metaspace       used 8229K, capacity 8710K, committed 8960K, reserved 1056768K
  class space    used 657K, capacity 690K, committed 768K, reserved 1048576K
Event: 2.673 GC heap after
Heap after GC invocations=29 (full 0):
 PSYoungGen      total 126976K, used 160K [0x000000076b800000, 0x0000000784080000, 0x00000007c0000000)
  eden space 125440K, 0% used [0x000000076b800000,0x000000076b800000,0x0000000773280000)
  from space 1536K, 10% used [0x0000000783d80000,0x0000000783da8000,0x0000000783f00000)
  to   space 1024K, 0% used [0x0000000783f80000,0x0000000783f80000,0x0000000784080000)
 ParOldGen       total 173568K, used 2001K [0x00000006c2800000, 0x00000006cd180000, 0x000000076b800000)
  object space 173568K, 1% used [0x00000006c2800000,0x00000006c29f4668,0x00000006cd180000)
 Metaspace       used 8229K, capacity 8710K, committed 8960K, reserved 1056768K
  class space    used 657K, capacity 690K, committed 768K, reserved 1048576K
}
Event: 2.727 GC heap before
{Heap before GC invocations=30 (full 0):
 PSYoungGen      total 126976K, used 125600K [0x000000076b800000, 0x0000000784080000, 0x00000007c0000000)
  eden space 125440K, 100% used [0x000000076b800000,0x0000000773280000,0x0000000773280000)
  from space 1536K, 10% used [0x0000000783d80000,0x0000000783da8000,0x0000000783f00000)
  to   space 1024K, 0% used [0x0000000783f80000,0x0000000783f80000,0x0000000784080000)
 ParOldGen       total 173568K, used 2001K [0x00000006c2800000, 0x00000006cd180000, 0x000000076b800000)
  object space 173568K, 1% used [0x00000006c2800000,0x00000006c29f4668,0x00000006cd180000)
 Metaspace       used 8229K, capacity 8710K, committed 8960K, reserved 1056768K
  class space    used 657K, capacity 690K, committed 768K, reserved 1048576K
Event: 2.727 GC heap after
Heap after GC invocations=30 (full 0):
 PSYoungGen      total 121856K, used 160K [0x000000076b800000, 0x0000000784000000, 0x00000007c0000000)
  eden space 121344K, 0% used [0x000000076b800000,0x000000076b800000,0x0000000772e80000)
  from space 512K, 31% used [0x0000000783f80000,0x0000000783fa8000,0x0000000784000000)
  to   space 1024K, 0% used [0x0000000783e00000,0x0000000783e00000,0x0000000783f00000)
 ParOldGen       total 173568K, used 2001K [0x00000006c2800000, 0x00000006cd180000, 0x000000076b800000)
  object space 173568K, 1% used [0x00000006c2800000,0x00000006c29f4668,0x00000006cd180000)
 Metaspace       used 8229K, capacity 8710K, committed 8960K, reserved 1056768K
  class space    used 657K, capacity 690K, committed 768K, reserved 1048576K
}
Event: 2.782 GC heap before
{Heap before GC invocations=31 (full 0):
 PSYoungGen      total 121856K, used 121504K [0x000000076b800000, 0x0000000784000000, 0x00000007c0000000)
  eden space 121344K, 100% used [0x000000076b800000,0x0000000772e80000,0x0000000772e80000)
  from space 512K, 31% used [0x0000000783f80000,0x0000000783fa8000,0x0000000784000000)
  to   space 1024K, 0% used [0x0000000783e00000,0x0000000783e00000,0x0000000783f00000)
 ParOldGen       total 173568K, used 2001K [0x00000006c2800000, 0x00000006cd180000, 0x000000076b800000)
  object space 173568K, 1% used [0x00000006c2800000,0x00000006c29f4668,0x00000006cd180000)
 Metaspace       used 8229K, capacity 8710K, committed 8960K, reserved 1056768K
  class space    used 657K, capacity 690K, committed 768K, reserved 1048576K
Event: 2.782 GC heap after
Heap after GC invocations=31 (full 0):
 PSYoungGen      total 118784K, used 224K [0x000000076b800000, 0x0000000784000000, 0x00000007c0000000)
  eden space 117760K, 0% used [0x000000076b800000,0x000000076b800000,0x0000000772b00000)
  from space 1024K, 21% used [0x0000000783e00000,0x0000000783e38000,0x0000000783f00000)
  to   space 1024K, 0% used [0x0000000783f00000,0x0000000783f00000,0x0000000784000000)
 ParOldGen       total 173568K, used 2001K [0x00000006c2800000, 0x00000006cd180000, 0x000000076b800000)
  object space 173568K, 1% used [0x00000006c2800000,0x00000006c29f4668,0x00000006cd180000)
 Metaspace       used 8229K, capacity 8710K, committed 8960K, reserved 1056768K
  class space    used 657K, capacity 690K, committed 768K, reserved 1048576K
}

Deoptimization events (10 events):
Event: 0.347 Thread 0x000000001e250800 Uncommon trap: reason=unstable_if action=reinterpret pc=0x0000000002737398 method=java.util.HashMap.keySet()Ljava/util/Set; @ 6
Event: 0.651 Thread 0x000000001e250800 Uncommon trap: reason=unstable_if action=reinterpret pc=0x000000000273b804 method=java.util.HashMap.clear()V @ 16
Event: 0.651 Thread 0x000000001e250800 Uncommon trap: reason=unstable_if action=reinterpret pc=0x00000000027379c8 method=java.util.HashMap$HashIterator.<init>(Ljava/util/HashMap;)V @ 38
Event: 0.651 Thread 0x000000001e250800 Uncommon trap: reason=unstable_if action=reinterpret pc=0x0000000002734f98 method=java.util.HashMap.clear()V @ 16
Event: 0.651 Thread 0x00000000025ee000 Uncommon trap: reason=unstable_if action=reinterpret pc=0x0000000002755cb0 method=main.coreEngine.TickableThread.invoke(Ljava/lang/String;[Ljava/lang/Object;)V @ 53
Event: 0.651 Thread 0x000000001e262800 Uncommon trap: reason=unstable_if action=reinterpret pc=0x00000000027938f4 method=main.coreEngine.TickableThread.run()V @ 58
Event: 0.706 Thread 0x000000001e250800 Uncommon trap: reason=bimorphic action=maybe_recompile pc=0x0000000002742358 method=java.util.HashMap.getNode(ILjava/lang/Object;)Ljava/util/HashMap$Node; @ 126
Event: 0.706 Thread 0x000000001e250800 Uncommon trap: reason=bimorphic action=maybe_recompile pc=0x0000000002743e80 method=java.util.HashMap.getNode(ILjava/lang/Object;)Ljava/util/HashMap$Node; @ 126
Event: 0.758 Thread 0x000000001e262800 Uncommon trap: reason=unstable_if action=reinterpret pc=0x000000000289fdd4 method=main.coreEngine.TickableThread.run()V @ 461
Event: 0.767 Thread 0x00000000025ee000 Uncommon trap: reason=unstable_if action=reinterpret pc=0x00000000028995f4 method=main.coreEngine.Engine.start()V @ 163

Internal exceptions (7 events):
Event: 0.025 Thread 0x00000000025ee000 Exception <a 'java/lang/NoSuchMethodError': Method sun.misc.Unsafe.defineClass(Ljava/lang/String;[BII)Ljava/lang/Class; name or signature does not match> (0x000000076b80da30) thrown at [C:\workspace\8-2-build-windows-amd64-cygwin\jdk8u65\4987\hotspot\src\sÃEg1¥Zô?
Event: 0.025 Thread 0x00000000025ee000 Exception <a 'java/lang/NoSuchMethodError': Method sun.misc.Unsafe.prefetchRead(Ljava/lang/Object;J)V name or signature does not match> (0x000000076b80dd18) thrown at [C:\workspace\8-2-build-windows-amd64-cygwin\jdk8u65\4987\hotspot\src\share\vm\prims\jni.vKoI€’?
Event: 0.342 Thread 0x000000001e250800 Exception <a 'java/security/PrivilegedActionException'> (0x000000076b802280) thrown at [C:\workspace\8-2-build-windows-amd64-cygwin\jdk8u65\4987\hotspot\src\share\vm\prims\jvm.cpp, line 1386]
Event: 0.342 Thread 0x000000001e250800 Exception <a 'java/security/PrivilegedActionException'> (0x000000076b802678) thrown at [C:\workspace\8-2-build-windows-amd64-cygwin\jdk8u65\4987\hotspot\src\share\vm\prims\jvm.cpp, line 1386]
Event: 0.342 Thread 0x000000001e250800 Exception <a 'java/security/PrivilegedActionException'> (0x000000076b806890) thrown at [C:\workspace\8-2-build-windows-amd64-cygwin\jdk8u65\4987\hotspot\src\share\vm\prims\jvm.cpp, line 1386]
Event: 0.342 Thread 0x000000001e250800 Exception <a 'java/security/PrivilegedActionException'> (0x000000076b806c88) thrown at [C:\workspace\8-2-build-windows-amd64-cygwin\jdk8u65\4987\hotspot\src\share\vm\prims\jvm.cpp, line 1386]
Event: 0.651 Thread 0x00000000025ee000 Implicit null exception at 0x00000000027556bc to 0x0000000002755c89

Events (10 events):
Event: 2.562 Executing VM operation: ParallelGCFailedAllocation
Event: 2.563 Executing VM operation: ParallelGCFailedAllocation done
Event: 2.619 Executing VM operation: ParallelGCFailedAllocation
Event: 2.619 Executing VM operation: ParallelGCFailedAllocation done
Event: 2.672 Executing VM operation: ParallelGCFailedAllocation
Event: 2.673 Executing VM operation: ParallelGCFailedAllocation done
Event: 2.727 Executing VM operation: ParallelGCFailedAllocation
Event: 2.727 Executing VM operation: ParallelGCFailedAllocation done
Event: 2.782 Executing VM operation: ParallelGCFailedAllocation
Event: 2.782 Executing VM operation: ParallelGCFailedAllocation done


Dynamic libraries:
0x00007ff75d350000 - 0x00007ff75d387000 	C:\Program Files\Java\jdk1.8.0_65\bin\java.exe
0x00007ffd2b8f0000 - 0x00007ffd2bab1000 	C:\WINDOWS\SYSTEM32\ntdll.dll
0x00007ffd29160000 - 0x00007ffd2920d000 	C:\WINDOWS\system32\KERNEL32.DLL
0x00007ffd28890000 - 0x00007ffd28a78000 	C:\WINDOWS\system32\KERNELBASE.dll
0x00007ffd296a0000 - 0x00007ffd29747000 	C:\WINDOWS\system32\ADVAPI32.dll
0x00007ffd29430000 - 0x00007ffd294cd000 	C:\WINDOWS\system32\msvcrt.dll
0x00007ffd29510000 - 0x00007ffd2956b000 	C:\WINDOWS\system32\sechost.dll
0x00007ffd29580000 - 0x00007ffd2969c000 	C:\WINDOWS\system32\RPCRT4.dll
0x00007ffd28e50000 - 0x00007ffd28fa6000 	C:\WINDOWS\system32\USER32.dll
0x00007ffd299d0000 - 0x00007ffd29b56000 	C:\WINDOWS\system32\GDI32.dll
0x00007ffd24690000 - 0x00007ffd24904000 	C:\WINDOWS\WinSxS\amd64_microsoft.windows.common-controls_6595b64144ccf1df_6.0.10586.0_none_8c15ae12515e1c22\COMCTL32.dll
0x00007ffd29750000 - 0x00007ffd299cd000 	C:\WINDOWS\system32\combase.dll
0x00007ffd27f80000 - 0x00007ffd27fea000 	C:\WINDOWS\system32\bcryptPrimitives.dll
0x00007ffd294d0000 - 0x00007ffd2950b000 	C:\WINDOWS\system32\IMM32.DLL
0x000000005b5d0000 - 0x000000005b6a2000 	C:\Program Files\Java\jdk1.8.0_65\jre\bin\msvcr100.dll
0x000000005a760000 - 0x000000005afe9000 	C:\Program Files\Java\jdk1.8.0_65\jre\bin\server\jvm.dll
0x00007ffd29b60000 - 0x00007ffd29b68000 	C:\WINDOWS\system32\PSAPI.DLL
0x00007ffd1e6b0000 - 0x00007ffd1e6b9000 	C:\WINDOWS\SYSTEM32\WSOCK32.dll
0x00007ffd249f0000 - 0x00007ffd249fa000 	C:\WINDOWS\SYSTEM32\VERSION.dll
0x00007ffd26170000 - 0x00007ffd26193000 	C:\WINDOWS\SYSTEM32\WINMM.dll
0x00007ffd29cd0000 - 0x00007ffd29d3b000 	C:\WINDOWS\system32\WS2_32.dll
0x00007ffd26110000 - 0x00007ffd2613c000 	C:\WINDOWS\SYSTEM32\WINMMBASE.dll
0x00007ffd28a80000 - 0x00007ffd28ac3000 	C:\WINDOWS\system32\cfgmgr32.dll
0x000000005b5c0000 - 0x000000005b5cf000 	C:\Program Files\Java\jdk1.8.0_65\jre\bin\verify.dll
0x000000005b590000 - 0x000000005b5b9000 	C:\Program Files\Java\jdk1.8.0_65\jre\bin\java.dll
0x000000005b4d0000 - 0x000000005b505000 	C:\Program Files\Java\jdk1.8.0_65\jre\bin\jdwp.dll
0x000000005b560000 - 0x000000005b568000 	C:\Program Files\Java\jdk1.8.0_65\jre\bin\npt.dll
0x000000005b570000 - 0x000000005b586000 	C:\Program Files\Java\jdk1.8.0_65\jre\bin\zip.dll
0x00007ffd2a2c0000 - 0x00007ffd2b81c000 	C:\WINDOWS\system32\SHELL32.dll
0x00007ffd28070000 - 0x00007ffd286b5000 	C:\WINDOWS\system32\windows.storage.dll
0x00007ffd2a250000 - 0x00007ffd2a2a2000 	C:\WINDOWS\system32\shlwapi.dll
0x00007ffd27f70000 - 0x00007ffd27f7f000 	C:\WINDOWS\system32\kernel.appcore.dll
0x00007ffd28c10000 - 0x00007ffd28cc5000 	C:\WINDOWS\system32\shcore.dll
0x00007ffd27ef0000 - 0x00007ffd27f3b000 	C:\WINDOWS\system32\powrprof.dll
0x00007ffd27f40000 - 0x00007ffd27f54000 	C:\WINDOWS\system32\profapi.dll
0x000000005b550000 - 0x000000005b559000 	C:\Program Files\Java\jdk1.8.0_65\jre\bin\dt_socket.dll
0x00007ffd27820000 - 0x00007ffd2787c000 	C:\WINDOWS\system32\mswsock.dll
0x00007ffd0dd80000 - 0x00007ffd0de08000 	D:\Code\Java\Projects\WireEngine20\lib\native\lwjgl.dll
0x00007ffd279f0000 - 0x00007ffd279fb000 	C:\WINDOWS\SYSTEM32\CRYPTBASE.DLL
0x00007ffd0f000000 - 0x00007ffd0f042000 	D:\Code\Java\Projects\WireEngine20\lib\native\jemalloc.dll
0x00007ffd11dd0000 - 0x00007ffd11e08000 	D:\Code\Java\Projects\WireEngine20\lib\native\glfw.dll
0x00007ffd26870000 - 0x00007ffd26906000 	C:\WINDOWS\system32\uxtheme.dll
0x00007ffd25f20000 - 0x00007ffd25f42000 	C:\WINDOWS\SYSTEM32\dwmapi.dll
0x00007ffd18b80000 - 0x00007ffd18ca9000 	C:\WINDOWS\SYSTEM32\opengl32.dll
0x00007ffd18a80000 - 0x00007ffd18b7a000 	C:\WINDOWS\SYSTEM32\DDRAW.dll
0x00007ffd1c880000 - 0x00007ffd1c8ae000 	C:\WINDOWS\SYSTEM32\GLU32.dll
0x00007ffd1d2d0000 - 0x00007ffd1d2d8000 	C:\WINDOWS\SYSTEM32\DCIMAN32.dll
0x00007ffd29b70000 - 0x00007ffd29cca000 	C:\WINDOWS\system32\MSCTF.dll
0x00007ffd15240000 - 0x00007ffd15289000 	C:\Program Files (x86)\TeamViewer\tv_x64.dll
0x00007ffd29210000 - 0x00007ffd29353000 	C:\WINDOWS\system32\ole32.dll
0x0000000058a10000 - 0x000000005a759000 	C:\WINDOWS\SYSTEM32\nvoglv64.DLL
0x00007ffd29d60000 - 0x00007ffd2a189000 	C:\WINDOWS\system32\SETUPAPI.dll
0x00007ffd25f70000 - 0x00007ffd25f83000 	C:\WINDOWS\SYSTEM32\WTSAPI32.dll
0x00007ffd269c0000 - 0x00007ffd269e7000 	C:\WINDOWS\SYSTEM32\DEVOBJ.dll
0x00007ffd27ff0000 - 0x00007ffd28045000 	C:\WINDOWS\system32\WINTRUST.dll
0x00007ffd27f60000 - 0x00007ffd27f70000 	C:\WINDOWS\system32\MSASN1.dll
0x00007ffd286c0000 - 0x00007ffd28887000 	C:\WINDOWS\system32\CRYPT32.dll
0x00007ffd27440000 - 0x00007ffd27471000 	C:\WINDOWS\SYSTEM32\ntmarta.dll
0x00007ffd27190000 - 0x00007ffd271e6000 	C:\WINDOWS\SYSTEM32\WINSTA.dll
0x00007ffd2b840000 - 0x00007ffd2b8e7000 	C:\WINDOWS\system32\clbcatq.dll
0x00007ffd231a0000 - 0x00007ffd231c5000 	C:\Program Files (x86)\Samsung\Easy Printer Manager\SmartScreenPrint\CDAKEYMonitor64.dll
0x00007ffd29360000 - 0x00007ffd29421000 	C:\WINDOWS\system32\OLEAUT32.dll
0x00007ffd238a0000 - 0x00007ffd23a2c000 	C:\WINDOWS\SYSTEM32\dbghelp.dll

VM Arguments:
jvm_args: -agentlib:jdwp=transport=dt_socket,address=127.0.0.1:65195,suspend=y,server=n -Djava.library.path=lib/native/ -Dfile.encoding=UTF-8 
java_command: main.Main
java_class_path (initial): C:\Program Files\Java\jdk1.8.0_65\jre\lib\charsets.jar;C:\Program Files\Java\jdk1.8.0_65\jre\lib\deploy.jar;C:\Program Files\Java\jdk1.8.0_65\jre\lib\ext\access-bridge-64.jar;C:\Program Files\Java\jdk1.8.0_65\jre\lib\ext\cldrdata.jar;C:\Program Files\Java\jdk1.8.0_65\jre\lib\ext\dnsns.jar;C:\Program Files\Java\jdk1.8.0_65\jre\lib\ext\jaccess.jar;C:\Program Files\Java\jdk1.8.0_65\jre\lib\ext\jfxrt.jar;C:\Program Files\Java\jdk1.8.0_65\jre\lib\ext\localedata.jar;C:\Program Files\Java\jdk1.8.0_65\jre\lib\ext\nashorn.jar;C:\Program Files\Java\jdk1.8.0_65\jre\lib\ext\sunec.jar;C:\Program Files\Java\jdk1.8.0_65\jre\lib\ext\sunjce_provider.jar;C:\Program Files\Java\jdk1.8.0_65\jre\lib\ext\sunmscapi.jar;C:\Program Files\Java\jdk1.8.0_65\jre\lib\ext\sunpkcs11.jar;C:\Program Files\Java\jdk1.8.0_65\jre\lib\ext\zipfs.jar;C:\Program Files\Java\jdk1.8.0_65\jre\lib\javaws.jar;C:\Program Files\Java\jdk1.8.0_65\jre\lib\jce.jar;C:\Program Files\Java\jdk1.8.0_65\jre\lib\jfr.jar;C:\Program Files\Java\jdk1.8.0_65\jre\lib\jfxswt.jar;C:\Program Files\Java\jdk1.8.0_65\jre\lib\jsse.jar;C:\Program Files\Java\jdk1.8.0_65\jre\lib\management-agent.jar;C:\Program Files\Java\jdk1.8.0_65\jre\lib\plugin.jar;C:\Program Files\Java\jdk1.8.0_65\jre\lib\resources.jar;C:\Program Files\Java\jdk1.8.0_65\jre\lib\rt.jar;D:\Code\Java\Projects\WireEngine20\out\production\WireEngine20;D:\Code\Java\Projects\WireEngine20\lib\jar\lwjgl.jar;D:\Code\Java\Projects\WireEngine20\lib\jar\slick-util.jar;D:\Program Files (x86)\JetBrains\IntelliJ IDEA 2016.1\lib\idea_rt.jar
Launcher Type: SUN_STANDARD

Environment Variables:
JAVA_HOME=C:\Program Files\Java\jdk1.8.0_65
PATH=C:\ProgramData\Oracle\Java\javapath;C:\Program Files (x86)\Razer Chroma SDK\bin;C:\Program Files\Razer Chroma SDK\bin;C:\Program Files (x86)\NVIDIA Corporation\PhysX\Common;C:\Program Files (x86)\Intel\iCLS Client\;C:\Program Files\Intel\iCLS Client\;C:\Windows\system32;C:\Windows;C:\Windows\System32\Wbem;C:\Windows\System32\WindowsPowerShell\v1.0\;C:\Program Files\Intel\Intel(R) Management Engine Components\DAL;C:\Program Files (x86)\Intel\Intel(R) Management Engine Components\DAL;C:\Program Files\Intel\Intel(R) Management Engine Components\IPT;C:\Program Files (x86)\Intel\Intel(R) Management Engine Components\IPT;C:\Program Files\Java\jre1.8.0_65\bin;C:\MinGW\bin;C:\WINDOWS\system32;C:\WINDOWS;C:\WINDOWS\System32\Wbem;C:\WINDOWS\System32\WindowsPowerShell\v1.0\;D:\Program Files (x86)\CMake\bin;D:\Program Files\Programs\Python\Python35-32;D:\Program Files\Programs\Python\Python35-32\Scripts;C:\Program Files (x86)\Skype\Phone\;D:\Program Files\Programs\Python\Python35-32\Scripts\;D:\Program Files\Programs\Python\Python35-32\
USERNAME=Kelan
OS=Windows_NT
PROCESSOR_IDENTIFIER=Intel64 Family 6 Model 60 Stepping 3, GenuineIntel



---------------  S Y S T E M  ---------------

OS: Windows 10.0 , 64 bit Build 10586 (10.0.10586.0)

CPU:total 8 (4 cores per cpu, 2 threads per core) family 6 model 60 stepping 3, cmov, cx8, fxsr, mmx, sse, sse2, sse3, ssse3, sse4.1, sse4.2, popcnt, avx, avx2, aes, clmul, erms, lzcnt, ht, tsc, tscinvbit, bmi1, bmi2

Memory: 4k page, physical 16609500k(8969084k free), swap 33386716k(22692268k free)

vm_info: Java HotSpot(TM) 64-Bit Server VM (25.65-b01) for windows-amd64 JRE (1.8.0_65-b17), built on Oct  6 2015 16:39:20 by "java_re" with MS VC++ 10.0 (VS2010)

time: Fri Apr 15 22:32:39 2016
elapsed time: 2 seconds (0d 0h 0m 2s)

