#
# A fatal error has been detected by the Java Runtime Environment:
#
#  EXCEPTION_ACCESS_VIOLATION (0xc0000005) at pc=0x00007ffb41b124b9, pid=1756, tid=9048
#
# JRE version: Java(TM) SE Runtime Environment (8.0_65-b17) (build 1.8.0_65-b17)
# Java VM: Java HotSpot(TM) 64-Bit Server VM (25.65-b01 mixed mode windows-amd64 compressed oops)
# Problematic frame:
# C  [glfw.dll+0x24b9]
#
# Failed to write core dump. Minidumps are not enabled by default on client versions of Windows
#
# If you would like to submit a bug report, please visit:
#   http://bugreport.java.com/bugreport/crash.jsp
# The crash happened outside the Java Virtual Machine in native code.
# See problematic frame for where to report the bug.
#

---------------  T H R E A D  ---------------

Current thread (0x000000001e1fc000):  JavaThread "CLIENT" [_thread_in_native, id=9048, stack(0x000000001ef00000,0x000000001f000000)]

siginfo: ExceptionCode=0xc0000005, reading address 0x0000000000000000

Registers:
RAX=0x0000000000000000, RBX=0x000000001b9d2bd8, RCX=0x0000000000000000, RDX=0x0000000000000000
RSP=0x000000001efff3c0, RBP=0x000000001efff478, RSI=0x0000000000000108, RDI=0x00000000006ceda0
R8 =0x000000001efff3b8, R9 =0x000000001efff478, R10=0x0000000000000000, R11=0x0000000000000246
R12=0x0000000000000000, R13=0x000000001b9d2bd8, R14=0x000000001efff4b0, R15=0x000000001e1fc000
RIP=0x00007ffb41b124b9, EFLAGS=0x0000000000010287

Top of Stack: (sp=0x000000001efff3c0)
0x000000001efff3c0:   000000001e1fc000 000000001e1fc000
0x000000001efff3d0:   000000001e1fc000 000000001e1fc000
0x000000001efff3e0:   0000000000001052 00000000025cdfcc
0x000000001efff3f0:   000000001b9d2bd8 000000006c805005
0x000000001efff400:   000000001b977960 000000001bf52980
0x000000001efff410:   000000000000000e 000000001e1fc000
0x000000001efff420:   000000001b9eecb8 000000006c71aea4
0x000000001efff430:   000000001e1fc000 000000001efff438
0x000000001efff440:   0000000000000000 000000001efff4b0
0x000000001efff450:   000000001b9d3378 0000000000000000
0x000000001efff460:   000000001b9d2bd8 0000000000000000
0x000000001efff470:   000000001efff498 000000001efff4f8
0x000000001efff480:   00000000025b7d8d 00000006c2808220
0x000000001efff490:   00000000025c42f8 00000000006ceda0
0x000000001efff4a0:   00000000025b78a0 00007ffb41b12420
0x000000001efff4b0:   0000000000000001 000000001efff4b8 

Instructions: (pc=0x00007ffb41b124b9)
0x00007ffb41b12499:   48 8b cf e8 1f 3a 00 00 48 39 3d f0 d5 02 00 48
0x00007ffb41b124a9:   8d 0d e9 d5 02 00 48 8b 5c 24 30 74 08 48 8b 09
0x00007ffb41b124b9:   48 39 39 75 f8 48 8b 07 48 89 01 48 8b cf 48 83
0x00007ffb41b124c9:   c4 20 5f e9 5b fe 00 00 48 83 c4 20 5f c3 cc cc 


Register to memory mapping:

RAX=0x0000000000000000 is an unknown value
RBX={method} {0x000000001b9d2be0} 'invokePV' '(JJ)V' in 'org/lwjgl/system/JNI'
RCX=0x0000000000000000 is an unknown value
RDX=0x0000000000000000 is an unknown value
RSP=0x000000001efff3c0 is pointing into the stack for thread: 0x000000001e1fc000
RBP=0x000000001efff478 is pointing into the stack for thread: 0x000000001e1fc000
RSI=0x0000000000000108 is an unknown value
RDI=0x00000000006ceda0 is an unknown value
R8 =0x000000001efff3b8 is pointing into the stack for thread: 0x000000001e1fc000
R9 =0x000000001efff478 is pointing into the stack for thread: 0x000000001e1fc000
R10=0x0000000000000000 is an unknown value
R11=0x0000000000000246 is an unknown value
R12=0x0000000000000000 is an unknown value
R13={method} {0x000000001b9d2be0} 'invokePV' '(JJ)V' in 'org/lwjgl/system/JNI'
R14=0x000000001efff4b0 is pointing into the stack for thread: 0x000000001e1fc000
R15=0x000000001e1fc000 is a thread


Stack: [0x000000001ef00000,0x000000001f000000],  sp=0x000000001efff3c0,  free space=1020k
Native frames: (J=compiled Java code, j=interpreted, Vv=VM code, C=native code)
C  [glfw.dll+0x24b9]
C  0x00000000025cdfcc

Java frames: (J=compiled Java code, j=interpreted, Vv=VM code)
j  org.lwjgl.system.JNI.invokePV(JJ)V+0
j  org.lwjgl.glfw.GLFW.glfwDestroyCursor(J)V+20
j  main.client.Window.destroyWindow()V+9
j  main.coreEngine.Engine.stop()V+70
j  main.client.Window.update()V+33
j  main.client.renderEngine.RenderEngine.render()V+38
j  main.client.ClientThread.tick()V+12
j  main.coreEngine.TickableThread.run()V+469
v  ~StubRoutines::call_stub

---------------  P R O C E S S  ---------------

Java Threads: ( => current thread )
  0x000000001e206800 JavaThread "SERVER" [_thread_in_Java, id=13196, stack(0x000000001f000000,0x000000001f100000)]
=>0x000000001e1fc000 JavaThread "CLIENT" [_thread_in_native, id=9048, stack(0x000000001ef00000,0x000000001f000000)]
  0x000000001e09b800 JavaThread "Service Thread" daemon [_thread_blocked, id=10444, stack(0x000000001ed00000,0x000000001ee00000)]
  0x000000001e062000 JavaThread "C1 CompilerThread3" daemon [_thread_blocked, id=11100, stack(0x000000001ec00000,0x000000001ed00000)]
  0x000000001e059000 JavaThread "C2 CompilerThread2" daemon [_thread_blocked, id=6548, stack(0x000000001eb00000,0x000000001ec00000)]
  0x000000001e058000 JavaThread "C2 CompilerThread1" daemon [_thread_blocked, id=11352, stack(0x000000001ea00000,0x000000001eb00000)]
  0x000000001e05d000 JavaThread "C2 CompilerThread0" daemon [_thread_blocked, id=3096, stack(0x000000001e900000,0x000000001ea00000)]
  0x000000001e043000 JavaThread "JDWP Command Reader" daemon [_thread_in_native, id=12892, stack(0x000000001e800000,0x000000001e900000)]
  0x000000001e03e000 JavaThread "JDWP Event Helper Thread" daemon [_thread_blocked, id=8764, stack(0x000000001e700000,0x000000001e800000)]
  0x000000001e03c000 JavaThread "JDWP Transport Listener: dt_socket" daemon [_thread_blocked, id=11560, stack(0x000000001e600000,0x000000001e700000)]
  0x000000001e027000 JavaThread "Attach Listener" daemon [_thread_blocked, id=7072, stack(0x000000001e500000,0x000000001e600000)]
  0x000000001e026000 JavaThread "Signal Dispatcher" daemon [_thread_blocked, id=12148, stack(0x000000001e400000,0x000000001e500000)]
  0x00000000025ab000 JavaThread "Finalizer" daemon [_thread_blocked, id=13272, stack(0x000000001de20000,0x000000001df20000)]
  0x000000001bf4d000 JavaThread "Reference Handler" daemon [_thread_blocked, id=11932, stack(0x000000001dd20000,0x000000001de20000)]
  0x00000000023ae000 JavaThread "main" [_thread_in_Java, id=10004, stack(0x00000000023b0000,0x00000000024b0000)]

Other Threads:
  0x000000001bf48800 VMThread [stack: 0x000000001dc20000,0x000000001dd20000] [id=12800]
  0x000000001e105800 WatcherThread [stack: 0x000000001ee00000,0x000000001ef00000] [id=7180]

VM state:not at safepoint (normal execution)

VM Mutex/Monitor currently owned by a thread: None

Heap:
 PSYoungGen      total 1323520K, used 814070K [0x000000076b800000, 0x00000007bff80000, 0x00000007c0000000)
  eden space 1310208K, 62% used [0x000000076b800000,0x000000079d2bd988,0x00000007bb780000)
  from space 13312K, 1% used [0x00000007bb780000,0x00000007bb7c0000,0x00000007bc480000)
  to   space 12800K, 0% used [0x00000007bf300000,0x00000007bf300000,0x00000007bff80000)
 ParOldGen       total 173568K, used 26373K [0x00000006c2800000, 0x00000006cd180000, 0x000000076b800000)
  object space 173568K, 15% used [0x00000006c2800000,0x00000006c41c1538,0x00000006cd180000)
 Metaspace       used 8392K, capacity 8774K, committed 8960K, reserved 1056768K
  class space    used 661K, capacity 690K, committed 768K, reserved 1048576K

Card table byte_map: [0x0000000011970000,0x0000000012160000] byte_map_base: 0x000000000e35c000

Marking Bits: (ParMarkBitMap*) 0x000000006cdfa5b0
 Begin Bits: [0x0000000012eb0000, 0x0000000016e10000)
 End Bits:   [0x0000000016e10000, 0x000000001ad70000)

Polling page: 0x0000000002300000

CodeCache: size=245760Kb used=4597Kb max_used=4597Kb free=241162Kb
 bounds [0x00000000025b0000, 0x0000000002a40000, 0x00000000115b0000]
 total_blobs=1483 nmethods=825 adapters=579
 compilation: enabled

Compilation events (10 events):
Event: 4.517 Thread 0x000000001e058000  823 %     4       main.client.InputHandler::resetKeyboard @ 2 (25 bytes)
Event: 4.519 Thread 0x000000001e058000 nmethod 823% 0x0000000002a29150 code [0x0000000002a29280, 0x0000000002a29418]
Event: 4.684 Thread 0x000000001e062000  824       3       main.coreEngine.sceneGraph.components.ControllerComponent::render (1 bytes)
Event: 4.685 Thread 0x000000001e062000 nmethod 824 0x0000000002a28e10 code [0x0000000002a28f60, 0x0000000002a290b0]
Event: 4.685 Thread 0x000000001e062000  825       3       main.coreEngine.util.maths.MathUtil::cotf (9 bytes)
Event: 4.685 Thread 0x000000001e062000 nmethod 825 0x0000000002a2c850 code [0x0000000002a2c9e0, 0x0000000002a2ce90]
Event: 4.784 Thread 0x000000001e058000  827       4       main.client.InputHandler::resetKeyboard (25 bytes)
Event: 4.785 Thread 0x000000001e058000 nmethod 827 0x0000000002a28b10 code [0x0000000002a28c40, 0x0000000002a28cf8]
Event: 4.901 Thread 0x000000001e062000  828       3       main.client.renderEngine.RenderEngine::render3D (184 bytes)
Event: 4.903 Thread 0x000000001e062000 nmethod 828 0x0000000002a2e6d0 code [0x0000000002a2ece0, 0x0000000002a31eb8]

GC Heap History (10 events):
Event: 1.729 GC heap before
{Heap before GC invocations=9 (full 0):
 PSYoungGen      total 517632K, used 517625K [0x000000076b800000, 0x000000078d100000, 0x00000007c0000000)
  eden space 511488K, 100% used [0x000000076b800000,0x000000078ab80000,0x000000078ab80000)
  from space 6144K, 99% used [0x000000078ba00000,0x000000078bffe708,0x000000078c000000)
  to   space 14848K, 0% used [0x000000078ab80000,0x000000078ab80000,0x000000078ba00000)
 ParOldGen       total 173568K, used 23261K [0x00000006c2800000, 0x00000006cd180000, 0x000000076b800000)
  object space 173568K, 13% used [0x00000006c2800000,0x00000006c3eb7538,0x00000006cd180000)
 Metaspace       used 8345K, capacity 8710K, committed 8960K, reserved 1056768K
  class space    used 661K, capacity 690K, committed 768K, reserved 1048576K
Event: 1.735 GC heap after
Heap after GC invocations=9 (full 0):
 PSYoungGen      total 526336K, used 2784K [0x000000076b800000, 0x000000079f380000, 0x00000007c0000000)
  eden space 511488K, 0% used [0x000000076b800000,0x000000076b800000,0x000000078ab80000)
  from space 14848K, 18% used [0x000000078ab80000,0x000000078ae38000,0x000000078ba00000)
  to   space 14336K, 0% used [0x000000079e580000,0x000000079e580000,0x000000079f380000)
 ParOldGen       total 173568K, used 23661K [0x00000006c2800000, 0x00000006cd180000, 0x000000076b800000)
  object space 173568K, 13% used [0x00000006c2800000,0x00000006c3f1b538,0x00000006cd180000)
 Metaspace       used 8345K, capacity 8710K, committed 8960K, reserved 1056768K
  class space    used 661K, capacity 690K, committed 768K, reserved 1048576K
}
Event: 2.116 GC heap before
{Heap before GC invocations=10 (full 0):
 PSYoungGen      total 526336K, used 514272K [0x000000076b800000, 0x000000079f380000, 0x00000007c0000000)
  eden space 511488K, 100% used [0x000000076b800000,0x000000078ab80000,0x000000078ab80000)
  from space 14848K, 18% used [0x000000078ab80000,0x000000078ae38000,0x000000078ba00000)
  to   space 14336K, 0% used [0x000000079e580000,0x000000079e580000,0x000000079f380000)
 ParOldGen       total 173568K, used 23661K [0x00000006c2800000, 0x00000006cd180000, 0x000000076b800000)
  object space 173568K, 13% used [0x00000006c2800000,0x00000006c3f1b538,0x00000006cd180000)
 Metaspace       used 8360K, capacity 8774K, committed 8960K, reserved 1056768K
  class space    used 661K, capacity 690K, committed 768K, reserved 1048576K
Event: 2.121 GC heap after
Heap after GC invocations=10 (full 0):
 PSYoungGen      total 832000K, used 896K [0x000000076b800000, 0x000000079f280000, 0x00000007c0000000)
  eden space 818688K, 0% used [0x000000076b800000,0x000000076b800000,0x000000079d780000)
  from space 13312K, 6% used [0x000000079e580000,0x000000079e660000,0x000000079f280000)
  to   space 13824K, 0% used [0x000000079d780000,0x000000079d780000,0x000000079e500000)
 ParOldGen       total 173568K, used 25573K [0x00000006c2800000, 0x00000006cd180000, 0x000000076b800000)
  object space 173568K, 14% used [0x00000006c2800000,0x00000006c40f9538,0x00000006cd180000)
 Metaspace       used 8360K, capacity 8774K, committed 8960K, reserved 1056768K
  class space    used 661K, capacity 690K, committed 768K, reserved 1048576K
}
Event: 2.749 GC heap before
{Heap before GC invocations=11 (full 0):
 PSYoungGen      total 832000K, used 819584K [0x000000076b800000, 0x000000079f280000, 0x00000007c0000000)
  eden space 818688K, 100% used [0x000000076b800000,0x000000079d780000,0x000000079d780000)
  from space 13312K, 6% used [0x000000079e580000,0x000000079e660000,0x000000079f280000)
  to   space 13824K, 0% used [0x000000079d780000,0x000000079d780000,0x000000079e500000)
 ParOldGen       total 173568K, used 25573K [0x00000006c2800000, 0x00000006cd180000, 0x000000076b800000)
  object space 173568K, 14% used [0x00000006c2800000,0x00000006c40f9538,0x00000006cd180000)
 Metaspace       used 8377K, capacity 8774K, committed 8960K, reserved 1056768K
  class space    used 661K, capacity 690K, committed 768K, reserved 1048576K
Event: 2.751 GC heap after
Heap after GC invocations=11 (full 0):
 PSYoungGen      total 832512K, used 224K [0x000000076b800000, 0x00000007bd280000, 0x00000007c0000000)
  eden space 818688K, 0% used [0x000000076b800000,0x000000076b800000,0x000000079d780000)
  from space 13824K, 1% used [0x000000079d780000,0x000000079d7b8000,0x000000079e500000)
  to   space 13824K, 0% used [0x00000007bc500000,0x00000007bc500000,0x00000007bd280000)
 ParOldGen       total 173568K, used 26357K [0x00000006c2800000, 0x00000006cd180000, 0x000000076b800000)
  object space 173568K, 15% used [0x00000006c2800000,0x00000006c41bd538,0x00000006cd180000)
 Metaspace       used 8377K, capacity 8774K, committed 8960K, reserved 1056768K
  class space    used 661K, capacity 690K, committed 768K, reserved 1048576K
}
Event: 3.339 GC heap before
{Heap before GC invocations=12 (full 0):
 PSYoungGen      total 832512K, used 818912K [0x000000076b800000, 0x00000007bd280000, 0x00000007c0000000)
  eden space 818688K, 100% used [0x000000076b800000,0x000000079d780000,0x000000079d780000)
  from space 13824K, 1% used [0x000000079d780000,0x000000079d7b8000,0x000000079e500000)
  to   space 13824K, 0% used [0x00000007bc500000,0x00000007bc500000,0x00000007bd280000)
 ParOldGen       total 173568K, used 26357K [0x00000006c2800000, 0x00000006cd180000, 0x000000076b800000)
  object space 173568K, 15% used [0x00000006c2800000,0x00000006c41bd538,0x00000006cd180000)
 Metaspace       used 8380K, capacity 8774K, committed 8960K, reserved 1056768K
  class space    used 661K, capacity 690K, committed 768K, reserved 1048576K
Event: 3.339 GC heap after
Heap after GC invocations=12 (full 0):
 PSYoungGen      total 1323008K, used 256K [0x000000076b800000, 0x00000007bd180000, 0x00000007c0000000)
  eden space 1310208K, 0% used [0x000000076b800000,0x000000076b800000,0x00000007bb780000)
  from space 12800K, 2% used [0x00000007bc500000,0x00000007bc540000,0x00000007bd180000)
  to   space 13312K, 0% used [0x00000007bb780000,0x00000007bb780000,0x00000007bc480000)
 ParOldGen       total 173568K, used 26357K [0x00000006c2800000, 0x00000006cd180000, 0x000000076b800000)
  object space 173568K, 15% used [0x00000006c2800000,0x00000006c41bd538,0x00000006cd180000)
 Metaspace       used 8380K, capacity 8774K, committed 8960K, reserved 1056768K
  class space    used 661K, capacity 690K, committed 768K, reserved 1048576K
}
Event: 4.414 GC heap before
{Heap before GC invocations=13 (full 0):
 PSYoungGen      total 1323008K, used 1310464K [0x000000076b800000, 0x00000007bd180000, 0x00000007c0000000)
  eden space 1310208K, 100% used [0x000000076b800000,0x00000007bb780000,0x00000007bb780000)
  from space 12800K, 2% used [0x00000007bc500000,0x00000007bc540000,0x00000007bd180000)
  to   space 13312K, 0% used [0x00000007bb780000,0x00000007bb780000,0x00000007bc480000)
 ParOldGen       total 173568K, used 26357K [0x00000006c2800000, 0x00000006cd180000, 0x000000076b800000)
  object space 173568K, 15% used [0x00000006c2800000,0x00000006c41bd538,0x00000006cd180000)
 Metaspace       used 8389K, capacity 8774K, committed 8960K, reserved 1056768K
  class space    used 661K, capacity 690K, committed 768K, reserved 1048576K
Event: 4.414 GC heap after
Heap after GC invocations=13 (full 0):
 PSYoungGen      total 1323520K, used 256K [0x000000076b800000, 0x00000007bff80000, 0x00000007c0000000)
  eden space 1310208K, 0% used [0x000000076b800000,0x000000076b800000,0x00000007bb780000)
  from space 13312K, 1% used [0x00000007bb780000,0x00000007bb7c0000,0x00000007bc480000)
  to   space 12800K, 0% used [0x00000007bf300000,0x00000007bf300000,0x00000007bff80000)
 ParOldGen       total 173568K, used 26373K [0x00000006c2800000, 0x00000006cd180000, 0x000000076b800000)
  object space 173568K, 15% used [0x00000006c2800000,0x00000006c41c1538,0x00000006cd180000)
 Metaspace       used 8389K, capacity 8774K, committed 8960K, reserved 1056768K
  class space    used 661K, capacity 690K, committed 768K, reserved 1048576K
}

Deoptimization events (10 events):
Event: 1.339 Thread 0x000000001e1fc000 Uncommon trap: reason=unstable_if action=reinterpret pc=0x0000000002926e74 method=main.client.renderEngine.mesh.Mesh.compile(Ljava/util/List;)Lmain/client/renderEngine/mesh/Mesh; @ 52
Event: 1.371 Thread 0x000000001e1fc000 Uncommon trap: reason=unstable_if action=reinterpret pc=0x0000000002946f10 method=main.client.renderEngine.mesh.Mesh.compile(Ljava/util/List;)Lmain/client/renderEngine/mesh/Mesh; @ 202
Event: 1.417 Thread 0x000000001e1fc000 Uncommon trap: reason=unstable_if action=reinterpret pc=0x0000000002970aa4 method=main.client.renderEngine.mesh.Mesh.compile(Ljava/util/List;)Lmain/client/renderEngine/mesh/Mesh; @ 536
Event: 1.430 Thread 0x000000001e1fc000 Uncommon trap: reason=unstable_if action=reinterpret pc=0x000000000289fbf8 method=sun.misc.FloatingDecimal.readJavaFormatString(Ljava/lang/String;)Lsun/misc/FloatingDecimal$ASCIIToBinaryConverter; @ 235
Event: 1.430 Thread 0x000000001e1fc000 Uncommon trap: reason=unstable_if action=reinterpret pc=0x00000000028e0ad4 method=main.client.renderEngine.mesh.MeshBuilder.processFace(Ljava/lang/String;Lmain/client/renderEngine/mesh/MeshBuilder;)Z @ 114
Event: 1.433 Thread 0x000000001e1fc000 Uncommon trap: reason=bimorphic action=maybe_recompile pc=0x0000000002705d00 method=java.util.HashMap.getNode(ILjava/lang/Object;)Ljava/util/HashMap$Node; @ 126
Event: 1.503 Thread 0x000000001e1fc000 Uncommon trap: reason=unstable_if action=reinterpret pc=0x000000000288bcf4 method=main.coreEngine.TickableThread.run()V @ 461
Event: 1.511 Thread 0x000000001e206800 Uncommon trap: reason=unstable_if action=reinterpret pc=0x000000000288bcf4 method=main.coreEngine.TickableThread.run()V @ 461
Event: 1.512 Thread 0x000000001e1fc000 Uncommon trap: reason=unstable_if action=reinterpret pc=0x00000000028d2f70 method=java.lang.Integer.valueOf(I)Ljava/lang/Integer; @ 10
Event: 1.520 Thread 0x00000000023ae000 Uncommon trap: reason=unstable_if action=reinterpret pc=0x00000000029ad5e4 method=main.coreEngine.Engine.start()V @ 163

Internal exceptions (8 events):
Event: 0.029 Thread 0x00000000023ae000 Exception <a 'java/lang/NoSuchMethodError': Method sun.misc.Unsafe.defineClass(Ljava/lang/String;[BII)Ljava/lang/Class; name or signature does not match> (0x000000076b80da30) thrown at [C:\workspace\8-2-build-windows-amd64-cygwin\jdk8u65\4987\hotspot\src\s˚∆90∂ù?
Event: 0.029 Thread 0x00000000023ae000 Exception <a 'java/lang/NoSuchMethodError': Method sun.misc.Unsafe.prefetchRead(Ljava/lang/Object;J)V name or signature does not match> (0x000000076b80dd18) thrown at [C:\workspace\8-2-build-windows-amd64-cygwin\jdk8u65\4987\hotspot\src\share\vm\prims\jni.	tÔ™∆‹?
Event: 0.450 Thread 0x000000001e1fc000 Implicit null exception at 0x000000000270ed0f to 0x000000000270f075
Event: 0.450 Thread 0x000000001e1fc000 Exception <a 'java/security/PrivilegedActionException'> (0x000000076baa93b0) thrown at [C:\workspace\8-2-build-windows-amd64-cygwin\jdk8u65\4987\hotspot\src\share\vm\prims\jvm.cpp, line 1386]
Event: 0.450 Thread 0x000000001e1fc000 Exception <a 'java/security/PrivilegedActionException'> (0x000000076baa97a8) thrown at [C:\workspace\8-2-build-windows-amd64-cygwin\jdk8u65\4987\hotspot\src\share\vm\prims\jvm.cpp, line 1386]
Event: 0.451 Thread 0x000000001e1fc000 Exception <a 'java/security/PrivilegedActionException'> (0x000000076baad9c0) thrown at [C:\workspace\8-2-build-windows-amd64-cygwin\jdk8u65\4987\hotspot\src\share\vm\prims\jvm.cpp, line 1386]
Event: 0.451 Thread 0x000000001e1fc000 Exception <a 'java/security/PrivilegedActionException'> (0x000000076baaddb8) thrown at [C:\workspace\8-2-build-windows-amd64-cygwin\jdk8u65\4987\hotspot\src\share\vm\prims\jvm.cpp, line 1386]
Event: 0.902 Thread 0x00000000023ae000 Implicit null exception at 0x0000000002719f04 to 0x000000000271a4c5

Events (10 events):
Event: 2.749 Executing VM operation: ParallelGCFailedAllocation
Event: 2.751 Executing VM operation: ParallelGCFailedAllocation done
Event: 3.339 Executing VM operation: ParallelGCFailedAllocation
Event: 3.339 Executing VM operation: ParallelGCFailedAllocation done
Event: 4.091 Executing VM operation: EnableBiasedLocking
Event: 4.091 Executing VM operation: EnableBiasedLocking done
Event: 4.414 Executing VM operation: ParallelGCFailedAllocation
Event: 4.414 Executing VM operation: ParallelGCFailedAllocation done
Event: 4.784 Thread 0x000000001e1fc000 DEOPT PACKING pc=0x0000000002a186ea sp=0x000000001efff540
Event: 4.784 Thread 0x000000001e1fc000 DEOPT UNPACKING pc=0x00000000025f787f sp=0x000000001efff268 mode 0


Dynamic libraries:
0x00007ff665e60000 - 0x00007ff665e97000 	C:\Program Files\Java\jdk1.8.0_65\bin\java.exe
0x00007ffb48720000 - 0x00007ffb488e1000 	C:\WINDOWS\SYSTEM32\ntdll.dll
0x00007ffb48170000 - 0x00007ffb4821d000 	C:\WINDOWS\system32\KERNEL32.DLL
0x00007ffb45560000 - 0x00007ffb45748000 	C:\WINDOWS\system32\KERNELBASE.dll
0x00007ffb47a50000 - 0x00007ffb47af7000 	C:\WINDOWS\system32\ADVAPI32.dll
0x00007ffb480d0000 - 0x00007ffb4816d000 	C:\WINDOWS\system32\msvcrt.dll
0x00007ffb47b00000 - 0x00007ffb47b5b000 	C:\WINDOWS\system32\sechost.dll
0x00007ffb47700000 - 0x00007ffb4781c000 	C:\WINDOWS\system32\RPCRT4.dll
0x00007ffb485c0000 - 0x00007ffb48716000 	C:\WINDOWS\system32\USER32.dll
0x00007ffb48220000 - 0x00007ffb483a6000 	C:\WINDOWS\system32\GDI32.dll
0x00007ffb41530000 - 0x00007ffb417a4000 	C:\WINDOWS\WinSxS\amd64_microsoft.windows.common-controls_6595b64144ccf1df_6.0.10586.0_none_8c15ae12515e1c22\COMCTL32.dll
0x00007ffb45b00000 - 0x00007ffb45d7d000 	C:\WINDOWS\system32\combase.dll
0x00007ffb45920000 - 0x00007ffb4598a000 	C:\WINDOWS\system32\bcryptPrimitives.dll
0x00007ffb45f90000 - 0x00007ffb45fcb000 	C:\WINDOWS\system32\IMM32.DLL
0x000000006ce80000 - 0x000000006cf52000 	C:\Program Files\Java\jdk1.8.0_65\jre\bin\msvcr100.dll
0x000000006c5f0000 - 0x000000006ce79000 	C:\Program Files\Java\jdk1.8.0_65\jre\bin\server\jvm.dll
0x00007ffb475a0000 - 0x00007ffb475a8000 	C:\WINDOWS\system32\PSAPI.DLL
0x00007ffb3c060000 - 0x00007ffb3c069000 	C:\WINDOWS\SYSTEM32\WSOCK32.dll
0x00007ffb42fa0000 - 0x00007ffb42fc3000 	C:\WINDOWS\SYSTEM32\WINMM.dll
0x00007ffb418d0000 - 0x00007ffb418da000 	C:\WINDOWS\SYSTEM32\VERSION.dll
0x00007ffb48420000 - 0x00007ffb4848b000 	C:\WINDOWS\system32\WS2_32.dll
0x00000000022c0000 - 0x00000000022ec000 	C:\WINDOWS\SYSTEM32\WINMMBASE.dll
0x00007ffb45ab0000 - 0x00007ffb45af3000 	C:\WINDOWS\system32\cfgmgr32.dll
0x000000006c5e0000 - 0x000000006c5ef000 	C:\Program Files\Java\jdk1.8.0_65\jre\bin\verify.dll
0x000000006c5b0000 - 0x000000006c5d9000 	C:\Program Files\Java\jdk1.8.0_65\jre\bin\java.dll
0x000000006c570000 - 0x000000006c5a5000 	C:\Program Files\Java\jdk1.8.0_65\jre\bin\jdwp.dll
0x000000006c560000 - 0x000000006c568000 	C:\Program Files\Java\jdk1.8.0_65\jre\bin\npt.dll
0x000000006c540000 - 0x000000006c556000 	C:\Program Files\Java\jdk1.8.0_65\jre\bin\zip.dll
0x00007ffb45fd0000 - 0x00007ffb4752c000 	C:\WINDOWS\system32\SHELL32.dll
0x00007ffb44ef0000 - 0x00007ffb45535000 	C:\WINDOWS\system32\windows.storage.dll
0x00007ffb483c0000 - 0x00007ffb48412000 	C:\WINDOWS\system32\shlwapi.dll
0x00007ffb44da0000 - 0x00007ffb44daf000 	C:\WINDOWS\system32\kernel.appcore.dll
0x00007ffb459f0000 - 0x00007ffb45aa5000 	C:\WINDOWS\system32\shcore.dll
0x00007ffb44d50000 - 0x00007ffb44d9b000 	C:\WINDOWS\system32\powrprof.dll
0x00007ffb44d20000 - 0x00007ffb44d34000 	C:\WINDOWS\system32\profapi.dll
0x000000006c530000 - 0x000000006c539000 	C:\Program Files\Java\jdk1.8.0_65\jre\bin\dt_socket.dll
0x00007ffb44650000 - 0x00007ffb446ac000 	C:\WINDOWS\system32\mswsock.dll
0x00007ffb41b70000 - 0x00007ffb41bf8000 	D:\Code\Java\Projects\WireEngine20\lib\native\lwjgl.dll
0x00007ffb44820000 - 0x00007ffb4482b000 	C:\WINDOWS\SYSTEM32\CRYPTBASE.DLL
0x00007ffb3fd60000 - 0x00007ffb3fda2000 	D:\Code\Java\Projects\WireEngine20\lib\native\jemalloc.dll
0x00007ffb41b10000 - 0x00007ffb41b48000 	D:\Code\Java\Projects\WireEngine20\lib\native\glfw.dll
0x00007ffb436a0000 - 0x00007ffb43736000 	C:\WINDOWS\system32\uxtheme.dll
0x00007ffb42950000 - 0x00007ffb42972000 	C:\WINDOWS\SYSTEM32\dwmapi.dll
0x00007ffb275e0000 - 0x00007ffb27709000 	C:\WINDOWS\SYSTEM32\opengl32.dll
0x00007ffb3c6f0000 - 0x00007ffb3c71e000 	C:\WINDOWS\SYSTEM32\GLU32.dll
0x00007ffb26dd0000 - 0x00007ffb26eca000 	C:\WINDOWS\SYSTEM32\DDRAW.dll
0x00007ffb3f5a0000 - 0x00007ffb3f5a8000 	C:\WINDOWS\SYSTEM32\DCIMAN32.dll
0x00007ffb478f0000 - 0x00007ffb47a4a000 	C:\WINDOWS\system32\MSCTF.dll
0x00007ffb2cbb0000 - 0x00007ffb2cbf9000 	C:\Program Files (x86)\TeamViewer\tv_x64.dll
0x00007ffb475b0000 - 0x00007ffb476f3000 	C:\WINDOWS\system32\ole32.dll
0x000000006a7e0000 - 0x000000006c529000 	C:\WINDOWS\SYSTEM32\nvoglv64.DLL
0x00007ffb47c20000 - 0x00007ffb48049000 	C:\WINDOWS\system32\SETUPAPI.dll
0x00007ffb42d00000 - 0x00007ffb42d13000 	C:\WINDOWS\SYSTEM32\WTSAPI32.dll
0x00007ffb437f0000 - 0x00007ffb43817000 	C:\WINDOWS\SYSTEM32\DEVOBJ.dll
0x00007ffb45990000 - 0x00007ffb459e5000 	C:\WINDOWS\system32\WINTRUST.dll
0x00007ffb44d40000 - 0x00007ffb44d50000 	C:\WINDOWS\system32\MSASN1.dll
0x00007ffb45750000 - 0x00007ffb45917000 	C:\WINDOWS\system32\CRYPT32.dll
0x00007ffb44270000 - 0x00007ffb442a1000 	C:\WINDOWS\SYSTEM32\ntmarta.dll
0x00007ffb43fc0000 - 0x00007ffb44016000 	C:\WINDOWS\SYSTEM32\WINSTA.dll
0x00007ffb47b70000 - 0x00007ffb47c17000 	C:\WINDOWS\system32\clbcatq.dll
0x00007ffb3f6b0000 - 0x00007ffb3f6d5000 	C:\Program Files (x86)\Samsung\Easy Printer Manager\SmartScreenPrint\CDAKEYMonitor64.dll
0x00007ffb47820000 - 0x00007ffb478e1000 	C:\WINDOWS\system32\OLEAUT32.dll
0x00007ffb2ca20000 - 0x00007ffb2cbac000 	C:\WINDOWS\SYSTEM32\dbghelp.dll

VM Arguments:
jvm_args: -agentlib:jdwp=transport=dt_socket,address=127.0.0.1:55908,suspend=y,server=n -Djava.library.path=lib/native/ -Dfile.encoding=UTF-8 
java_command: main.Main
java_class_path (initial): C:\Program Files\Java\jdk1.8.0_65\jre\lib\charsets.jar;C:\Program Files\Java\jdk1.8.0_65\jre\lib\deploy.jar;C:\Program Files\Java\jdk1.8.0_65\jre\lib\ext\access-bridge-64.jar;C:\Program Files\Java\jdk1.8.0_65\jre\lib\ext\cldrdata.jar;C:\Program Files\Java\jdk1.8.0_65\jre\lib\ext\dnsns.jar;C:\Program Files\Java\jdk1.8.0_65\jre\lib\ext\jaccess.jar;C:\Program Files\Java\jdk1.8.0_65\jre\lib\ext\jfxrt.jar;C:\Program Files\Java\jdk1.8.0_65\jre\lib\ext\localedata.jar;C:\Program Files\Java\jdk1.8.0_65\jre\lib\ext\nashorn.jar;C:\Program Files\Java\jdk1.8.0_65\jre\lib\ext\sunec.jar;C:\Program Files\Java\jdk1.8.0_65\jre\lib\ext\sunjce_provider.jar;C:\Program Files\Java\jdk1.8.0_65\jre\lib\ext\sunmscapi.jar;C:\Program Files\Java\jdk1.8.0_65\jre\lib\ext\sunpkcs11.jar;C:\Program Files\Java\jdk1.8.0_65\jre\lib\ext\zipfs.jar;C:\Program Files\Java\jdk1.8.0_65\jre\lib\javaws.jar;C:\Program Files\Java\jdk1.8.0_65\jre\lib\jce.jar;C:\Program Files\Java\jdk1.8.0_65\jre\lib\jfr.jar;C:\Program Files\Java\jdk1.8.0_65\jre\lib\jfxswt.jar;C:\Program Files\Java\jdk1.8.0_65\jre\lib\jsse.jar;C:\Program Files\Java\jdk1.8.0_65\jre\lib\management-agent.jar;C:\Program Files\Java\jdk1.8.0_65\jre\lib\plugin.jar;C:\Program Files\Java\jdk1.8.0_65\jre\lib\resources.jar;C:\Program Files\Java\jdk1.8.0_65\jre\lib\rt.jar;D:\Code\Java\Projects\WireEngine20\out\production\WireEngine20;D:\Code\Java\Projects\WireEngine20\lib\jar\lwjgl.jar;D:\Code\Java\Projects\WireEngine20\lib\jar\slick-util.jar;D:\Program Files (x86)\JetBrains\IntelliJ IDEA 2016.1\lib\idea_rt.jar
Launcher Type: SUN_STANDARD

Environment Variables:
JAVA_HOME=C:\Program Files\Java\jdk1.8.0_65
PATH=C:\ProgramData\Oracle\Java\javapath;C:\Program Files (x86)\Razer Chroma SDK\bin;C:\Program Files\Razer Chroma SDK\bin;C:\Program Files (x86)\NVIDIA Corporation\PhysX\Common;C:\Program Files (x86)\Intel\iCLS Client\;C:\Program Files\Intel\iCLS Client\;C:\Windows\system32;C:\Windows;C:\Windows\System32\Wbem;C:\Windows\System32\WindowsPowerShell\v1.0\;C:\Program Files\Intel\Intel(R) Management Engine Components\DAL;C:\Program Files (x86)\Intel\Intel(R) Management Engine Components\DAL;C:\Program Files\Intel\Intel(R) Management Engine Components\IPT;C:\Program Files (x86)\Intel\Intel(R) Management Engine Components\IPT;C:\Program Files\Java\jre1.8.0_65\bin;C:\MinGW\bin;C:\WINDOWS\system32;C:\WINDOWS;C:\WINDOWS\System32\Wbem;C:\WINDOWS\System32\WindowsPowerShell\v1.0\;D:\Program Files (x86)\CMake\bin;D:\Program Files\Programs\Python\Python35-32;D:\Program Files\Programs\Python\Python35-32\Scripts;C:\Program Files (x86)\Skype\Phone\;D:\Program Files\Programs\Python\Python35-32\Scripts\;D:\Program Files\Programs\Python\Python35-32\
USERNAME=Kelan
OS=Windows_NT
PROCESSOR_IDENTIFIER=Intel64 Family 6 Model 60 Stepping 3, GenuineIntel



---------------  S Y S T E M  ---------------

OS: Windows 10.0 , 64 bit Build 10586 (10.0.10586.0)

CPU:total 8 (4 cores per cpu, 2 threads per core) family 6 model 60 stepping 3, cmov, cx8, fxsr, mmx, sse, sse2, sse3, ssse3, sse4.1, sse4.2, popcnt, avx, avx2, aes, clmul, erms, lzcnt, ht, tsc, tscinvbit, bmi1, bmi2

Memory: 4k page, physical 16609500k(8854116k free), swap 33386716k(23791080k free)

vm_info: Java HotSpot(TM) 64-Bit Server VM (25.65-b01) for windows-amd64 JRE (1.8.0_65-b17), built on Oct  6 2015 16:39:20 by "java_re" with MS VC++ 10.0 (VS2010)

time: Mon Apr 18 13:33:37 2016
elapsed time: 5 seconds (0d 0h 0m 5s)

