#
# A fatal error has been detected by the Java Runtime Environment:
#
#  EXCEPTION_ACCESS_VIOLATION (0xc0000005) at pc=0x00007ffb41ba24b9, pid=10784, tid=10180
#
# JRE version: Java(TM) SE Runtime Environment (8.0_65-b17) (build 1.8.0_65-b17)
# Java VM: Java HotSpot(TM) 64-Bit Server VM (25.65-b01 mixed mode windows-amd64 compressed oops)
# Problematic frame:
# C  [glfw.dll+0x24b9]
#
# Failed to write core dump. Minidumps are not enabled by default on client versions of Windows
#
# If you would like to submit a bug report, please visit:
#   http://bugreport.java.com/bugreport/crash.jsp
# The crash happened outside the Java Virtual Machine in native code.
# See problematic frame for where to report the bug.
#

---------------  T H R E A D  ---------------

Current thread (0x000000001e21f000):  JavaThread "CLIENT" [_thread_in_native, id=10180, stack(0x000000001ef10000,0x000000001f010000)]

siginfo: ExceptionCode=0xc0000005, reading address 0x0000000000000000

Registers:
RAX=0x0000000000000000, RBX=0x000000001b9f2bd8, RCX=0x0000000000000000, RDX=0x0000000000000000
RSP=0x000000001f00ec90, RBP=0x000000001f00ed20, RSI=0x0000000000000108, RDI=0x000000000071d0d0
R8 =0x000000001f00ec88, R9 =0x000000001f00ed20, R10=0x0000000000000000, R11=0x0000000000000246
R12=0x0000000000000000, R13=0x000000001f00ed38, R14=0x000000001f00ed10, R15=0x000000001e21f000
RIP=0x00007ffb41ba24b9, EFLAGS=0x0000000000010287

Top of Stack: (sp=0x000000001f00ec90)
0x000000001f00ec90:   0000000000000000 0000000000000108
0x000000001f00eca0:   000000001b997ae8 000000001bf71660
0x000000001f00ecb0:   00000000000030f0 0000000002a4828a
0x000000001f00ecc0:   000000001b9f2bd8 000000006c71aea4
0x000000001f00ecd0:   000000001e21f000 000000001e21f000
0x000000001f00ece0:   000000001e21f000 0000000000000000
0x000000001f00ecf0:   000000001e1cda70 000000006c6a5eba
0x000000001f00ed00:   000000001f00f468 000000001f00ed98
0x000000001f00ed10:   00000006c2806098 00000000000030ef
0x000000001f00ed20:   000000001f00ed98 00000000025d7d8d
0x000000001f00ed30:   00000000025d7d8d 000000000071d0d0
0x000000001f00ed40:   00000000025d78a0 00007ffb41ba2420
0x000000001f00ed50:   0000000000000001 000000001f00ed58
0x000000001f00ed60:   000000001ba0ec8c 000000001f00edc0
0x000000001f00ed70:   000000001ba10c70 0000000000000000
0x000000001f00ed80:   000000001ba0ecb8 000000001f00ed38 

Instructions: (pc=0x00007ffb41ba24b9)
0x00007ffb41ba2499:   48 8b cf e8 1f 3a 00 00 48 39 3d f0 d5 02 00 48
0x00007ffb41ba24a9:   8d 0d e9 d5 02 00 48 8b 5c 24 30 74 08 48 8b 09
0x00007ffb41ba24b9:   48 39 39 75 f8 48 8b 07 48 89 01 48 8b cf 48 83
0x00007ffb41ba24c9:   c4 20 5f e9 5b fe 00 00 48 83 c4 20 5f c3 cc cc 


Register to memory mapping:

RAX=0x0000000000000000 is an unknown value
RBX={method} {0x000000001b9f2be0} 'invokePV' '(JJ)V' in 'org/lwjgl/system/JNI'
RCX=0x0000000000000000 is an unknown value
RDX=0x0000000000000000 is an unknown value
RSP=0x000000001f00ec90 is pointing into the stack for thread: 0x000000001e21f000
RBP=0x000000001f00ed20 is pointing into the stack for thread: 0x000000001e21f000
RSI=0x0000000000000108 is an unknown value
RDI=0x000000000071d0d0 is an unknown value
R8 =0x000000001f00ec88 is pointing into the stack for thread: 0x000000001e21f000
R9 =0x000000001f00ed20 is pointing into the stack for thread: 0x000000001e21f000
R10=0x0000000000000000 is an unknown value
R11=0x0000000000000246 is an unknown value
R12=0x0000000000000000 is an unknown value
R13=0x000000001f00ed38 is pointing into the stack for thread: 0x000000001e21f000
R14=0x000000001f00ed10 is pointing into the stack for thread: 0x000000001e21f000
R15=0x000000001e21f000 is a thread


Stack: [0x000000001ef10000,0x000000001f010000],  sp=0x000000001f00ec90,  free space=1019k
Native frames: (J=compiled Java code, j=interpreted, Vv=VM code, C=native code)
C  [glfw.dll+0x24b9]
C  0x0000000002a4828a

Java frames: (J=compiled Java code, j=interpreted, Vv=VM code)
J 837  org.lwjgl.system.JNI.invokePV(JJ)V (0 bytes) @ 0x0000000002a48204 [0x0000000002a481c0+0x44]
j  org.lwjgl.glfw.GLFW.glfwDestroyCursor(J)V+20
j  main.client.Window.destroyWindow()V+9
j  main.coreEngine.Engine.stop()V+70
J 863 C1 main.client.Window.update()V (37 bytes) @ 0x0000000002a6996c [0x0000000002a694c0+0x4ac]
J 857 C1 main.client.renderEngine.RenderEngine.render()V (60 bytes) @ 0x0000000002a6535c [0x0000000002a64220+0x113c]
J 841 C1 main.client.ClientThread.tick()V (16 bytes) @ 0x0000000002a46074 [0x0000000002a45bc0+0x4b4]
j  main.coreEngine.TickableThread.run()V+469
v  ~StubRoutines::call_stub

---------------  P R O C E S S  ---------------

Java Threads: ( => current thread )
  0x000000001e221000 JavaThread "SERVER" [_thread_in_Java, id=8588, stack(0x000000001f010000,0x000000001f110000)]
=>0x000000001e21f000 JavaThread "CLIENT" [_thread_in_native, id=10180, stack(0x000000001ef10000,0x000000001f010000)]
  0x000000001e109000 JavaThread "Service Thread" daemon [_thread_blocked, id=11580, stack(0x000000001ed10000,0x000000001ee10000)]
  0x000000001e073800 JavaThread "C1 CompilerThread3" daemon [_thread_blocked, id=5420, stack(0x000000001ec10000,0x000000001ed10000)]
  0x000000001e06b000 JavaThread "C2 CompilerThread2" daemon [_thread_blocked, id=1380, stack(0x000000001eb10000,0x000000001ec10000)]
  0x000000001e06a000 JavaThread "C2 CompilerThread1" daemon [_thread_blocked, id=6788, stack(0x000000001ea10000,0x000000001eb10000)]
  0x000000001e06e800 JavaThread "C2 CompilerThread0" daemon [_thread_blocked, id=12568, stack(0x000000001e910000,0x000000001ea10000)]
  0x000000001e04f800 JavaThread "JDWP Command Reader" daemon [_thread_in_native, id=5300, stack(0x000000001e810000,0x000000001e910000)]
  0x000000001e04e800 JavaThread "JDWP Event Helper Thread" daemon [_thread_blocked, id=9148, stack(0x000000001e710000,0x000000001e810000)]
  0x000000001e041000 JavaThread "JDWP Transport Listener: dt_socket" daemon [_thread_blocked, id=960, stack(0x000000001e610000,0x000000001e710000)]
  0x000000001e037800 JavaThread "Attach Listener" daemon [_thread_blocked, id=11804, stack(0x000000001e510000,0x000000001e610000)]
  0x000000001e036000 JavaThread "Signal Dispatcher" daemon [_thread_blocked, id=12832, stack(0x000000001e410000,0x000000001e510000)]
  0x00000000025cb000 JavaThread "Finalizer" daemon [_thread_blocked, id=10308, stack(0x000000001de30000,0x000000001df30000)]
  0x000000001bf6d000 JavaThread "Reference Handler" daemon [_thread_blocked, id=10332, stack(0x000000001dd30000,0x000000001de30000)]
  0x000000000229e000 JavaThread "main" [_thread_in_Java, id=8108, stack(0x00000000023d0000,0x00000000024d0000)]

Other Threads:
  0x000000001bf69000 VMThread [stack: 0x000000001dc30000,0x000000001dd30000] [id=8056]
  0x000000001e12c000 WatcherThread [stack: 0x000000001ee10000,0x000000001ef10000] [id=10808]

VM state:not at safepoint (normal execution)

VM Mutex/Monitor currently owned by a thread: None

Heap:
 PSYoungGen      total 153600K, used 40248K [0x000000076b800000, 0x00000007ba500000, 0x00000007c0000000)
  eden space 153088K, 26% used [0x000000076b800000,0x000000076df1e1c8,0x0000000774d80000)
  from space 512K, 37% used [0x00000007ba400000,0x00000007ba430000,0x00000007ba480000)
  to   space 512K, 0% used [0x00000007ba480000,0x00000007ba480000,0x00000007ba500000)
 ParOldGen       total 173568K, used 31296K [0x00000006c2800000, 0x00000006cd180000, 0x000000076b800000)
  object space 173568K, 18% used [0x00000006c2800000,0x00000006c4690330,0x00000006cd180000)
 Metaspace       used 8404K, capacity 8774K, committed 8960K, reserved 1056768K
  class space    used 662K, capacity 690K, committed 768K, reserved 1048576K

Card table byte_map: [0x0000000011990000,0x0000000012180000] byte_map_base: 0x000000000e37c000

Marking Bits: (ParMarkBitMap*) 0x000000006cdfa5b0
 Begin Bits: [0x0000000012ed0000, 0x0000000016e30000)
 End Bits:   [0x0000000016e30000, 0x000000001ad90000)

Polling page: 0x0000000002280000

CodeCache: size=245760Kb used=4736Kb max_used=4749Kb free=241023Kb
 bounds [0x00000000025d0000, 0x0000000002a80000, 0x00000000115d0000]
 total_blobs=1524 nmethods=866 adapters=579
 compilation: enabled

Compilation events (10 events):
Event: 14.245 Thread 0x000000001e06e800 nmethod 888 0x0000000002a74b50 code [0x0000000002a74d80, 0x0000000002a761a8]
Event: 14.251 Thread 0x000000001e06b000 nmethod 889 0x0000000002a77790 code [0x0000000002a779c0, 0x0000000002a78de8]
Event: 14.252 Thread 0x000000001e06a000  890       4       main.coreEngine.sceneGraph.Node::input (75 bytes)
Event: 14.261 Thread 0x000000001e06a000 nmethod 890 0x0000000002a7a3d0 code [0x0000000002a7a600, 0x0000000002a7ba28]
Event: 14.668 Thread 0x000000001e073800  891       3       org.lwjgl.system.MemoryUtil::memGetInt (8 bytes)
Event: 14.669 Thread 0x000000001e073800 nmethod 891 0x00000000026d0410 code [0x00000000026d0580, 0x00000000026d0730]
Event: 14.669 Thread 0x000000001e073800  892       3       org.lwjgl.system.MemoryAccess$MemoryAccessorUnsafe::memGetInt (8 bytes)
Event: 14.669 Thread 0x000000001e073800 nmethod 892 0x00000000026d00d0 code [0x00000000026d0220, 0x00000000026d0370]
Event: 16.352 Thread 0x000000001e06e800  894       4       main.coreEngine.util.maths.Matrix4f::translate (166 bytes)
Event: 16.353 Thread 0x000000001e06e800 nmethod 894 0x00000000026dbc90 code [0x00000000026dbde0, 0x00000000026dbf98]

GC Heap History (10 events):
Event: 17.759 GC heap before
{Heap before GC invocations=143 (full 0):
 PSYoungGen      total 94720K, used 94432K [0x000000076b800000, 0x00000007ba500000, 0x00000007c0000000)
  eden space 94208K, 100% used [0x000000076b800000,0x0000000771400000,0x0000000771400000)
  from space 512K, 43% used [0x00000007ba480000,0x00000007ba4b8000,0x00000007ba500000)
  to   space 512K, 0% used [0x00000007ba400000,0x00000007ba400000,0x00000007ba480000)
 ParOldGen       total 173568K, used 31296K [0x00000006c2800000, 0x00000006cd180000, 0x000000076b800000)
  object space 173568K, 18% used [0x00000006c2800000,0x00000006c4690330,0x00000006cd180000)
 Metaspace       used 8403K, capacity 8774K, committed 8960K, reserved 1056768K
  class space    used 662K, capacity 690K, committed 768K, reserved 1048576K
Event: 17.759 GC heap after
Heap after GC invocations=143 (full 0):
 PSYoungGen      total 113664K, used 160K [0x000000076b800000, 0x00000007ba500000, 0x00000007c0000000)
  eden space 113152K, 0% used [0x000000076b800000,0x000000076b800000,0x0000000772680000)
  from space 512K, 31% used [0x00000007ba400000,0x00000007ba428000,0x00000007ba480000)
  to   space 512K, 0% used [0x00000007ba480000,0x00000007ba480000,0x00000007ba500000)
 ParOldGen       total 173568K, used 31296K [0x00000006c2800000, 0x00000006cd180000, 0x000000076b800000)
  object space 173568K, 18% used [0x00000006c2800000,0x00000006c4690330,0x00000006cd180000)
 Metaspace       used 8403K, capacity 8774K, committed 8960K, reserved 1056768K
  class space    used 662K, capacity 690K, committed 768K, reserved 1048576K
}
Event: 17.817 GC heap before
{Heap before GC invocations=144 (full 0):
 PSYoungGen      total 113664K, used 113312K [0x000000076b800000, 0x00000007ba500000, 0x00000007c0000000)
  eden space 113152K, 100% used [0x000000076b800000,0x0000000772680000,0x0000000772680000)
  from space 512K, 31% used [0x00000007ba400000,0x00000007ba428000,0x00000007ba480000)
  to   space 512K, 0% used [0x00000007ba480000,0x00000007ba480000,0x00000007ba500000)
 ParOldGen       total 173568K, used 31296K [0x00000006c2800000, 0x00000006cd180000, 0x000000076b800000)
  object space 173568K, 18% used [0x00000006c2800000,0x00000006c4690330,0x00000006cd180000)
 Metaspace       used 8403K, capacity 8774K, committed 8960K, reserved 1056768K
  class space    used 662K, capacity 690K, committed 768K, reserved 1048576K
Event: 17.818 GC heap after
Heap after GC invocations=144 (full 0):
 PSYoungGen      total 136704K, used 224K [0x000000076b800000, 0x00000007ba500000, 0x00000007c0000000)
  eden space 136192K, 0% used [0x000000076b800000,0x000000076b800000,0x0000000773d00000)
  from space 512K, 43% used [0x00000007ba480000,0x00000007ba4b8000,0x00000007ba500000)
  to   space 512K, 0% used [0x00000007ba400000,0x00000007ba400000,0x00000007ba480000)
 ParOldGen       total 173568K, used 31296K [0x00000006c2800000, 0x00000006cd180000, 0x000000076b800000)
  object space 173568K, 18% used [0x00000006c2800000,0x00000006c4690330,0x00000006cd180000)
 Metaspace       used 8403K, capacity 8774K, committed 8960K, reserved 1056768K
  class space    used 662K, capacity 690K, committed 768K, reserved 1048576K
}
Event: 17.879 GC heap before
{Heap before GC invocations=145 (full 0):
 PSYoungGen      total 136704K, used 136416K [0x000000076b800000, 0x00000007ba500000, 0x00000007c0000000)
  eden space 136192K, 100% used [0x000000076b800000,0x0000000773d00000,0x0000000773d00000)
  from space 512K, 43% used [0x00000007ba480000,0x00000007ba4b8000,0x00000007ba500000)
  to   space 512K, 0% used [0x00000007ba400000,0x00000007ba400000,0x00000007ba480000)
 ParOldGen       total 173568K, used 31296K [0x00000006c2800000, 0x00000006cd180000, 0x000000076b800000)
  object space 173568K, 18% used [0x00000006c2800000,0x00000006c4690330,0x00000006cd180000)
 Metaspace       used 8403K, capacity 8774K, committed 8960K, reserved 1056768K
  class space    used 662K, capacity 690K, committed 768K, reserved 1048576K
Event: 17.879 GC heap after
Heap after GC invocations=145 (full 0):
 PSYoungGen      total 164352K, used 224K [0x000000076b800000, 0x00000007ba500000, 0x00000007c0000000)
  eden space 163840K, 0% used [0x000000076b800000,0x000000076b800000,0x0000000775800000)
  from space 512K, 43% used [0x00000007ba400000,0x00000007ba438000,0x00000007ba480000)
  to   space 512K, 0% used [0x00000007ba480000,0x00000007ba480000,0x00000007ba500000)
 ParOldGen       total 173568K, used 31296K [0x00000006c2800000, 0x00000006cd180000, 0x000000076b800000)
  object space 173568K, 18% used [0x00000006c2800000,0x00000006c4690330,0x00000006cd180000)
 Metaspace       used 8403K, capacity 8774K, committed 8960K, reserved 1056768K
  class space    used 662K, capacity 690K, committed 768K, reserved 1048576K
}
Event: 17.955 GC heap before
{Heap before GC invocations=146 (full 0):
 PSYoungGen      total 164352K, used 164064K [0x000000076b800000, 0x00000007ba500000, 0x00000007c0000000)
  eden space 163840K, 100% used [0x000000076b800000,0x0000000775800000,0x0000000775800000)
  from space 512K, 43% used [0x00000007ba400000,0x00000007ba438000,0x00000007ba480000)
  to   space 512K, 0% used [0x00000007ba480000,0x00000007ba480000,0x00000007ba500000)
 ParOldGen       total 173568K, used 31296K [0x00000006c2800000, 0x00000006cd180000, 0x000000076b800000)
  object space 173568K, 18% used [0x00000006c2800000,0x00000006c4690330,0x00000006cd180000)
 Metaspace       used 8403K, capacity 8774K, committed 8960K, reserved 1056768K
  class space    used 662K, capacity 690K, committed 768K, reserved 1048576K
Event: 17.955 GC heap after
Heap after GC invocations=146 (full 0):
 PSYoungGen      total 158720K, used 224K [0x000000076b800000, 0x00000007ba500000, 0x00000007c0000000)
  eden space 158208K, 0% used [0x000000076b800000,0x000000076b800000,0x0000000775280000)
  from space 512K, 43% used [0x00000007ba480000,0x00000007ba4b8000,0x00000007ba500000)
  to   space 512K, 0% used [0x00000007ba400000,0x00000007ba400000,0x00000007ba480000)
 ParOldGen       total 173568K, used 31296K [0x00000006c2800000, 0x00000006cd180000, 0x000000076b800000)
  object space 173568K, 18% used [0x00000006c2800000,0x00000006c4690330,0x00000006cd180000)
 Metaspace       used 8403K, capacity 8774K, committed 8960K, reserved 1056768K
  class space    used 662K, capacity 690K, committed 768K, reserved 1048576K
}
Event: 18.022 GC heap before
{Heap before GC invocations=147 (full 0):
 PSYoungGen      total 158720K, used 158432K [0x000000076b800000, 0x00000007ba500000, 0x00000007c0000000)
  eden space 158208K, 100% used [0x000000076b800000,0x0000000775280000,0x0000000775280000)
  from space 512K, 43% used [0x00000007ba480000,0x00000007ba4b8000,0x00000007ba500000)
  to   space 512K, 0% used [0x00000007ba400000,0x00000007ba400000,0x00000007ba480000)
 ParOldGen       total 173568K, used 31296K [0x00000006c2800000, 0x00000006cd180000, 0x000000076b800000)
  object space 173568K, 18% used [0x00000006c2800000,0x00000006c4690330,0x00000006cd180000)
 Metaspace       used 8403K, capacity 8774K, committed 8960K, reserved 1056768K
  class space    used 662K, capacity 690K, committed 768K, reserved 1048576K
Event: 18.023 GC heap after
Heap after GC invocations=147 (full 0):
 PSYoungGen      total 153600K, used 192K [0x000000076b800000, 0x00000007ba500000, 0x00000007c0000000)
  eden space 153088K, 0% used [0x000000076b800000,0x000000076b800000,0x0000000774d80000)
  from space 512K, 37% used [0x00000007ba400000,0x00000007ba430000,0x00000007ba480000)
  to   space 512K, 0% used [0x00000007ba480000,0x00000007ba480000,0x00000007ba500000)
 ParOldGen       total 173568K, used 31296K [0x00000006c2800000, 0x00000006cd180000, 0x000000076b800000)
  object space 173568K, 18% used [0x00000006c2800000,0x00000006c4690330,0x00000006cd180000)
 Metaspace       used 8403K, capacity 8774K, committed 8960K, reserved 1056768K
  class space    used 662K, capacity 690K, committed 768K, reserved 1048576K
}

Deoptimization events (10 events):
Event: 1.368 Thread 0x000000001e21f000 Uncommon trap: reason=class_check action=maybe_recompile pc=0x00000000028b0284 method=sun.misc.FloatingDecimal.parseFloat(Ljava/lang/String;)F @ 4
Event: 1.368 Thread 0x000000001e21f000 Uncommon trap: reason=class_check action=maybe_recompile pc=0x00000000028b0284 method=sun.misc.FloatingDecimal.parseFloat(Ljava/lang/String;)F @ 4
Event: 1.368 Thread 0x000000001e21f000 Uncommon trap: reason=class_check action=maybe_recompile pc=0x00000000028b0284 method=sun.misc.FloatingDecimal.parseFloat(Ljava/lang/String;)F @ 4
Event: 1.368 Thread 0x000000001e21f000 Uncommon trap: reason=class_check action=maybe_recompile pc=0x00000000028b0284 method=sun.misc.FloatingDecimal.parseFloat(Ljava/lang/String;)F @ 4
Event: 1.369 Thread 0x000000001e21f000 Uncommon trap: reason=unstable_if action=reinterpret pc=0x0000000002911568 method=main.client.renderEngine.mesh.MeshBuilder.processFace(Ljava/lang/String;Lmain/client/renderEngine/mesh/MeshBuilder;)Z @ 114
Event: 1.371 Thread 0x000000001e21f000 Uncommon trap: reason=bimorphic action=maybe_recompile pc=0x0000000002724240 method=java.util.HashMap.getNode(ILjava/lang/Object;)Ljava/util/HashMap$Node; @ 126
Event: 1.433 Thread 0x000000001e21f000 Uncommon trap: reason=unstable_if action=reinterpret pc=0x00000000028a892c method=main.coreEngine.TickableThread.run()V @ 461
Event: 1.441 Thread 0x000000001e221000 Uncommon trap: reason=unstable_if action=reinterpret pc=0x00000000028a892c method=main.coreEngine.TickableThread.run()V @ 461
Event: 1.441 Thread 0x000000001e21f000 Uncommon trap: reason=unstable_if action=reinterpret pc=0x000000000290b1b0 method=java.lang.Integer.valueOf(I)Ljava/lang/Integer; @ 10
Event: 1.449 Thread 0x000000000229e000 Uncommon trap: reason=unstable_if action=reinterpret pc=0x00000000029c67a4 method=main.coreEngine.Engine.start()V @ 163

Internal exceptions (7 events):
Event: 0.033 Thread 0x000000000229e000 Exception <a 'java/lang/NoSuchMethodError': Method sun.misc.Unsafe.defineClass(Ljava/lang/String;[BII)Ljava/lang/Class; name or signature does not match> (0x000000076b80da30) thrown at [C:\workspace\8-2-build-windows-amd64-cygwin\jdk8u65\4987\hotspot\src\s²¿aøs¡?
Event: 0.033 Thread 0x000000000229e000 Exception <a 'java/lang/NoSuchMethodError': Method sun.misc.Unsafe.prefetchRead(Ljava/lang/Object;J)V name or signature does not match> (0x000000076b80dd18) thrown at [C:\workspace\8-2-build-windows-amd64-cygwin\jdk8u65\4987\hotspot\src\share\vm\prims\jni. Ã=¡Ù?
Event: 0.392 Thread 0x000000001e21f000 Exception <a 'java/security/PrivilegedActionException'> (0x000000076bfc3820) thrown at [C:\workspace\8-2-build-windows-amd64-cygwin\jdk8u65\4987\hotspot\src\share\vm\prims\jvm.cpp, line 1386]
Event: 0.392 Thread 0x000000001e21f000 Exception <a 'java/security/PrivilegedActionException'> (0x000000076bfc3c18) thrown at [C:\workspace\8-2-build-windows-amd64-cygwin\jdk8u65\4987\hotspot\src\share\vm\prims\jvm.cpp, line 1386]
Event: 0.392 Thread 0x000000001e21f000 Exception <a 'java/security/PrivilegedActionException'> (0x000000076bfc7e30) thrown at [C:\workspace\8-2-build-windows-amd64-cygwin\jdk8u65\4987\hotspot\src\share\vm\prims\jvm.cpp, line 1386]
Event: 0.392 Thread 0x000000001e21f000 Exception <a 'java/security/PrivilegedActionException'> (0x000000076bfc8228) thrown at [C:\workspace\8-2-build-windows-amd64-cygwin\jdk8u65\4987\hotspot\src\share\vm\prims\jvm.cpp, line 1386]
Event: 0.783 Thread 0x000000000229e000 Implicit null exception at 0x000000000273647c to 0x0000000002736a19

Events (10 events):
Event: 17.759 Executing VM operation: ParallelGCFailedAllocation
Event: 17.759 Executing VM operation: ParallelGCFailedAllocation done
Event: 17.817 Executing VM operation: ParallelGCFailedAllocation
Event: 17.818 Executing VM operation: ParallelGCFailedAllocation done
Event: 17.879 Executing VM operation: ParallelGCFailedAllocation
Event: 17.879 Executing VM operation: ParallelGCFailedAllocation done
Event: 17.955 Executing VM operation: ParallelGCFailedAllocation
Event: 17.955 Executing VM operation: ParallelGCFailedAllocation done
Event: 18.022 Executing VM operation: ParallelGCFailedAllocation
Event: 18.023 Executing VM operation: ParallelGCFailedAllocation done


Dynamic libraries:
0x00007ff665e60000 - 0x00007ff665e97000 	C:\Program Files\Java\jdk1.8.0_65\bin\java.exe
0x00007ffb48720000 - 0x00007ffb488e1000 	C:\WINDOWS\SYSTEM32\ntdll.dll
0x00007ffb48170000 - 0x00007ffb4821d000 	C:\WINDOWS\system32\KERNEL32.DLL
0x00007ffb45560000 - 0x00007ffb45748000 	C:\WINDOWS\system32\KERNELBASE.dll
0x00007ffb47a50000 - 0x00007ffb47af7000 	C:\WINDOWS\system32\ADVAPI32.dll
0x00007ffb480d0000 - 0x00007ffb4816d000 	C:\WINDOWS\system32\msvcrt.dll
0x00007ffb47b00000 - 0x00007ffb47b5b000 	C:\WINDOWS\system32\sechost.dll
0x00007ffb47700000 - 0x00007ffb4781c000 	C:\WINDOWS\system32\RPCRT4.dll
0x00007ffb485c0000 - 0x00007ffb48716000 	C:\WINDOWS\system32\USER32.dll
0x00007ffb48220000 - 0x00007ffb483a6000 	C:\WINDOWS\system32\GDI32.dll
0x00007ffb41530000 - 0x00007ffb417a4000 	C:\WINDOWS\WinSxS\amd64_microsoft.windows.common-controls_6595b64144ccf1df_6.0.10586.0_none_8c15ae12515e1c22\COMCTL32.dll
0x00007ffb45b00000 - 0x00007ffb45d7d000 	C:\WINDOWS\system32\combase.dll
0x00007ffb45920000 - 0x00007ffb4598a000 	C:\WINDOWS\system32\bcryptPrimitives.dll
0x00007ffb45f90000 - 0x00007ffb45fcb000 	C:\WINDOWS\system32\IMM32.DLL
0x000000006ce80000 - 0x000000006cf52000 	C:\Program Files\Java\jdk1.8.0_65\jre\bin\msvcr100.dll
0x000000006c5f0000 - 0x000000006ce79000 	C:\Program Files\Java\jdk1.8.0_65\jre\bin\server\jvm.dll
0x00007ffb475a0000 - 0x00007ffb475a8000 	C:\WINDOWS\system32\PSAPI.DLL
0x00007ffb3c060000 - 0x00007ffb3c069000 	C:\WINDOWS\SYSTEM32\WSOCK32.dll
0x00007ffb42fa0000 - 0x00007ffb42fc3000 	C:\WINDOWS\SYSTEM32\WINMM.dll
0x00007ffb418d0000 - 0x00007ffb418da000 	C:\WINDOWS\SYSTEM32\VERSION.dll
0x00007ffb48420000 - 0x00007ffb4848b000 	C:\WINDOWS\system32\WS2_32.dll
0x00000000022e0000 - 0x000000000230c000 	C:\WINDOWS\SYSTEM32\WINMMBASE.dll
0x00007ffb45ab0000 - 0x00007ffb45af3000 	C:\WINDOWS\system32\cfgmgr32.dll
0x000000006c5e0000 - 0x000000006c5ef000 	C:\Program Files\Java\jdk1.8.0_65\jre\bin\verify.dll
0x000000006c5b0000 - 0x000000006c5d9000 	C:\Program Files\Java\jdk1.8.0_65\jre\bin\java.dll
0x000000006c530000 - 0x000000006c565000 	C:\Program Files\Java\jdk1.8.0_65\jre\bin\jdwp.dll
0x000000006c520000 - 0x000000006c528000 	C:\Program Files\Java\jdk1.8.0_65\jre\bin\npt.dll
0x000000006c590000 - 0x000000006c5a6000 	C:\Program Files\Java\jdk1.8.0_65\jre\bin\zip.dll
0x00007ffb45fd0000 - 0x00007ffb4752c000 	C:\WINDOWS\system32\SHELL32.dll
0x00007ffb44ef0000 - 0x00007ffb45535000 	C:\WINDOWS\system32\windows.storage.dll
0x00007ffb483c0000 - 0x00007ffb48412000 	C:\WINDOWS\system32\shlwapi.dll
0x00007ffb44da0000 - 0x00007ffb44daf000 	C:\WINDOWS\system32\kernel.appcore.dll
0x00007ffb459f0000 - 0x00007ffb45aa5000 	C:\WINDOWS\system32\shcore.dll
0x00007ffb44d50000 - 0x00007ffb44d9b000 	C:\WINDOWS\system32\powrprof.dll
0x00007ffb44d20000 - 0x00007ffb44d34000 	C:\WINDOWS\system32\profapi.dll
0x000000006c580000 - 0x000000006c589000 	C:\Program Files\Java\jdk1.8.0_65\jre\bin\dt_socket.dll
0x00007ffb44650000 - 0x00007ffb446ac000 	C:\WINDOWS\system32\mswsock.dll
0x00007ffb325a0000 - 0x00007ffb32628000 	D:\Code\Java\Projects\WireEngine20\lib\native\lwjgl.dll
0x00007ffb44820000 - 0x00007ffb4482b000 	C:\WINDOWS\SYSTEM32\CRYPTBASE.DLL
0x00007ffb41b30000 - 0x00007ffb41b72000 	D:\Code\Java\Projects\WireEngine20\lib\native\jemalloc.dll
0x00007ffb41ba0000 - 0x00007ffb41bd8000 	D:\Code\Java\Projects\WireEngine20\lib\native\glfw.dll
0x00007ffb436a0000 - 0x00007ffb43736000 	C:\WINDOWS\system32\uxtheme.dll
0x00007ffb42950000 - 0x00007ffb42972000 	C:\WINDOWS\SYSTEM32\dwmapi.dll
0x00007ffb275e0000 - 0x00007ffb27709000 	C:\WINDOWS\SYSTEM32\opengl32.dll
0x00007ffb26dd0000 - 0x00007ffb26eca000 	C:\WINDOWS\SYSTEM32\DDRAW.dll
0x00007ffb3c6f0000 - 0x00007ffb3c71e000 	C:\WINDOWS\SYSTEM32\GLU32.dll
0x00007ffb3f5a0000 - 0x00007ffb3f5a8000 	C:\WINDOWS\SYSTEM32\DCIMAN32.dll
0x00007ffb478f0000 - 0x00007ffb47a4a000 	C:\WINDOWS\system32\MSCTF.dll
0x00007ffb2cbb0000 - 0x00007ffb2cbf9000 	C:\Program Files (x86)\TeamViewer\tv_x64.dll
0x00007ffb475b0000 - 0x00007ffb476f3000 	C:\WINDOWS\system32\ole32.dll
0x000000006a7d0000 - 0x000000006c519000 	C:\WINDOWS\SYSTEM32\nvoglv64.DLL
0x00007ffb47c20000 - 0x00007ffb48049000 	C:\WINDOWS\system32\SETUPAPI.dll
0x00007ffb42d00000 - 0x00007ffb42d13000 	C:\WINDOWS\SYSTEM32\WTSAPI32.dll
0x00007ffb437f0000 - 0x00007ffb43817000 	C:\WINDOWS\SYSTEM32\DEVOBJ.dll
0x00007ffb45990000 - 0x00007ffb459e5000 	C:\WINDOWS\system32\WINTRUST.dll
0x00007ffb44d40000 - 0x00007ffb44d50000 	C:\WINDOWS\system32\MSASN1.dll
0x00007ffb45750000 - 0x00007ffb45917000 	C:\WINDOWS\system32\CRYPT32.dll
0x00007ffb44270000 - 0x00007ffb442a1000 	C:\WINDOWS\SYSTEM32\ntmarta.dll
0x00007ffb43fc0000 - 0x00007ffb44016000 	C:\WINDOWS\SYSTEM32\WINSTA.dll
0x00007ffb47b70000 - 0x00007ffb47c17000 	C:\WINDOWS\system32\clbcatq.dll
0x00007ffb3f6b0000 - 0x00007ffb3f6d5000 	C:\Program Files (x86)\Samsung\Easy Printer Manager\SmartScreenPrint\CDAKEYMonitor64.dll
0x00007ffb47820000 - 0x00007ffb478e1000 	C:\WINDOWS\system32\OLEAUT32.dll
0x00007ffb2ca20000 - 0x00007ffb2cbac000 	C:\WINDOWS\SYSTEM32\dbghelp.dll

VM Arguments:
jvm_args: -agentlib:jdwp=transport=dt_socket,address=127.0.0.1:58313,suspend=y,server=n -Djava.library.path=lib/native/ -Dfile.encoding=UTF-8 
java_command: main.Main
java_class_path (initial): C:\Program Files\Java\jdk1.8.0_65\jre\lib\charsets.jar;C:\Program Files\Java\jdk1.8.0_65\jre\lib\deploy.jar;C:\Program Files\Java\jdk1.8.0_65\jre\lib\ext\access-bridge-64.jar;C:\Program Files\Java\jdk1.8.0_65\jre\lib\ext\cldrdata.jar;C:\Program Files\Java\jdk1.8.0_65\jre\lib\ext\dnsns.jar;C:\Program Files\Java\jdk1.8.0_65\jre\lib\ext\jaccess.jar;C:\Program Files\Java\jdk1.8.0_65\jre\lib\ext\jfxrt.jar;C:\Program Files\Java\jdk1.8.0_65\jre\lib\ext\localedata.jar;C:\Program Files\Java\jdk1.8.0_65\jre\lib\ext\nashorn.jar;C:\Program Files\Java\jdk1.8.0_65\jre\lib\ext\sunec.jar;C:\Program Files\Java\jdk1.8.0_65\jre\lib\ext\sunjce_provider.jar;C:\Program Files\Java\jdk1.8.0_65\jre\lib\ext\sunmscapi.jar;C:\Program Files\Java\jdk1.8.0_65\jre\lib\ext\sunpkcs11.jar;C:\Program Files\Java\jdk1.8.0_65\jre\lib\ext\zipfs.jar;C:\Program Files\Java\jdk1.8.0_65\jre\lib\javaws.jar;C:\Program Files\Java\jdk1.8.0_65\jre\lib\jce.jar;C:\Program Files\Java\jdk1.8.0_65\jre\lib\jfr.jar;C:\Program Files\Java\jdk1.8.0_65\jre\lib\jfxswt.jar;C:\Program Files\Java\jdk1.8.0_65\jre\lib\jsse.jar;C:\Program Files\Java\jdk1.8.0_65\jre\lib\management-agent.jar;C:\Program Files\Java\jdk1.8.0_65\jre\lib\plugin.jar;C:\Program Files\Java\jdk1.8.0_65\jre\lib\resources.jar;C:\Program Files\Java\jdk1.8.0_65\jre\lib\rt.jar;D:\Code\Java\Projects\WireEngine20\out\production\WireEngine20;D:\Code\Java\Projects\WireEngine20\lib\jar\lwjgl.jar;D:\Code\Java\Projects\WireEngine20\lib\jar\slick-util.jar;D:\Program Files (x86)\JetBrains\IntelliJ IDEA 2016.1\lib\idea_rt.jar
Launcher Type: SUN_STANDARD

Environment Variables:
JAVA_HOME=C:\Program Files\Java\jdk1.8.0_65
PATH=C:\ProgramData\Oracle\Java\javapath;C:\Program Files (x86)\Razer Chroma SDK\bin;C:\Program Files\Razer Chroma SDK\bin;C:\Program Files (x86)\NVIDIA Corporation\PhysX\Common;C:\Program Files (x86)\Intel\iCLS Client\;C:\Program Files\Intel\iCLS Client\;C:\Windows\system32;C:\Windows;C:\Windows\System32\Wbem;C:\Windows\System32\WindowsPowerShell\v1.0\;C:\Program Files\Intel\Intel(R) Management Engine Components\DAL;C:\Program Files (x86)\Intel\Intel(R) Management Engine Components\DAL;C:\Program Files\Intel\Intel(R) Management Engine Components\IPT;C:\Program Files (x86)\Intel\Intel(R) Management Engine Components\IPT;C:\Program Files\Java\jre1.8.0_65\bin;C:\MinGW\bin;C:\WINDOWS\system32;C:\WINDOWS;C:\WINDOWS\System32\Wbem;C:\WINDOWS\System32\WindowsPowerShell\v1.0\;D:\Program Files (x86)\CMake\bin;D:\Program Files\Programs\Python\Python35-32;D:\Program Files\Programs\Python\Python35-32\Scripts;C:\Program Files (x86)\Skype\Phone\;D:\Program Files\Programs\Python\Python35-32\Scripts\;D:\Program Files\Programs\Python\Python35-32\
USERNAME=Kelan
OS=Windows_NT
PROCESSOR_IDENTIFIER=Intel64 Family 6 Model 60 Stepping 3, GenuineIntel



---------------  S Y S T E M  ---------------

OS: Windows 10.0 , 64 bit Build 10586 (10.0.10586.0)

CPU:total 8 (4 cores per cpu, 2 threads per core) family 6 model 60 stepping 3, cmov, cx8, fxsr, mmx, sse, sse2, sse3, ssse3, sse4.1, sse4.2, popcnt, avx, avx2, aes, clmul, erms, lzcnt, ht, tsc, tscinvbit, bmi1, bmi2

Memory: 4k page, physical 16609500k(8597424k free), swap 33386716k(22611780k free)

vm_info: Java HotSpot(TM) 64-Bit Server VM (25.65-b01) for windows-amd64 JRE (1.8.0_65-b17), built on Oct  6 2015 16:39:20 by "java_re" with MS VC++ 10.0 (VS2010)

time: Mon Apr 18 20:26:06 2016
elapsed time: 18 seconds (0d 0h 0m 18s)

