#
# A fatal error has been detected by the Java Runtime Environment:
#
#  EXCEPTION_ACCESS_VIOLATION (0xc0000005) at pc=0x00007ffdc0fe24b9, pid=7308, tid=3928
#
# JRE version: Java(TM) SE Runtime Environment (8.0_65-b17) (build 1.8.0_65-b17)
# Java VM: Java HotSpot(TM) 64-Bit Server VM (25.65-b01 mixed mode windows-amd64 compressed oops)
# Problematic frame:
# C  [glfw.dll+0x24b9]
#
# Failed to write core dump. Minidumps are not enabled by default on client versions of Windows
#
# If you would like to submit a bug report, please visit:
#   http://bugreport.java.com/bugreport/crash.jsp
# The crash happened outside the Java Virtual Machine in native code.
# See problematic frame for where to report the bug.
#

---------------  T H R E A D  ---------------

Current thread (0x000000001e232800):  JavaThread "CLIENT" [_thread_in_native, id=3928, stack(0x000000001ef30000,0x000000001f030000)]

siginfo: ExceptionCode=0xc0000005, reading address 0x0000000000000000

Registers:
RAX=0x0000000000000000, RBX=0x000000001bab6d70, RCX=0x0000000000000000, RDX=0x0000000000000000
RSP=0x000000001f02f070, RBP=0x000000001f02f120, RSI=0x0000000000000108, RDI=0x000000000056de60
R8 =0x000000001f02f068, R9 =0x000000001f02f120, R10=0x0000000000000000, R11=0x0000000000000246
R12=0x0000000000000000, R13=0x000000001bab6d70, R14=0x000000001f02f158, R15=0x000000001e232800
RIP=0x00007ffdc0fe24b9, EFLAGS=0x0000000000010287

Top of Stack: (sp=0x000000001f02f070)
0x000000001f02f070:   000000001e232800 000000001e232800
0x000000001f02f080:   000000001bad0ce0 000000007052d610
0x000000001f02f090:   0000000000000105 00000000026bdfcc
0x000000001f02f0a0:   000000001bab6d70 000000001c040780
0x000000001f02f0b0:   000000000000000e 000000001e232800
0x000000001f02f0c0:   000000001bad0ce0 000000007052aea4
0x000000001f02f0d0:   000000001e232800 000000001e232800
0x000000001f02f0e0:   000000001f02f0e0 0000000000000000
0x000000001f02f0f0:   000000001f02f158 000000001bab7510
0x000000001f02f100:   0000000000000000 000000001bab6d70
0x000000001f02f110:   0000000000000000 000000001f02f140
0x000000001f02f120:   000000001f02f1a0 00000000026a7d8d
0x000000001f02f130:   00000006c28092a8 00000000026b42f8
0x000000001f02f140:   000000000056de60 00000000026a78a0
0x000000001f02f150:   00007ffdc0fe2420 0000000000000001
0x000000001f02f160:   000000001f02f160 000000001bad0cb4 

Instructions: (pc=0x00007ffdc0fe24b9)
0x00007ffdc0fe2499:   48 8b cf e8 1f 3a 00 00 48 39 3d f0 d5 02 00 48
0x00007ffdc0fe24a9:   8d 0d e9 d5 02 00 48 8b 5c 24 30 74 08 48 8b 09
0x00007ffdc0fe24b9:   48 39 39 75 f8 48 8b 07 48 89 01 48 8b cf 48 83
0x00007ffdc0fe24c9:   c4 20 5f e9 5b fe 00 00 48 83 c4 20 5f c3 cc cc 


Register to memory mapping:

RAX=0x0000000000000000 is an unknown value
RBX={method} {0x000000001bab6d78} 'invokePV' '(JJ)V' in 'org/lwjgl/system/JNI'
RCX=0x0000000000000000 is an unknown value
RDX=0x0000000000000000 is an unknown value
RSP=0x000000001f02f070 is pointing into the stack for thread: 0x000000001e232800
RBP=0x000000001f02f120 is pointing into the stack for thread: 0x000000001e232800
RSI=0x0000000000000108 is an unknown value
RDI=0x000000000056de60 is an unknown value
R8 =0x000000001f02f068 is pointing into the stack for thread: 0x000000001e232800
R9 =0x000000001f02f120 is pointing into the stack for thread: 0x000000001e232800
R10=0x0000000000000000 is an unknown value
R11=0x0000000000000246 is an unknown value
R12=0x0000000000000000 is an unknown value
R13={method} {0x000000001bab6d78} 'invokePV' '(JJ)V' in 'org/lwjgl/system/JNI'
R14=0x000000001f02f158 is pointing into the stack for thread: 0x000000001e232800
R15=0x000000001e232800 is a thread


Stack: [0x000000001ef30000,0x000000001f030000],  sp=0x000000001f02f070,  free space=1020k
Native frames: (J=compiled Java code, j=interpreted, Vv=VM code, C=native code)
C  [glfw.dll+0x24b9]
C  0x00000000026bdfcc

Java frames: (J=compiled Java code, j=interpreted, Vv=VM code)
j  org.lwjgl.system.JNI.invokePV(JJ)V+0
j  org.lwjgl.glfw.GLFW.glfwDestroyCursor(J)V+20
j  main.client.Window.destroyWindow()V+9
j  main.coreEngine.Engine.stop()V+70
j  main.client.Window.update()V+43
j  main.client.renderEngine.RenderEngine.render()V+29
j  main.client.ClientThread.tick()V+12
J 438% C1 main.coreEngine.TickableThread.run()V (481 bytes) @ 0x00000000028f19a4 [0x00000000028ed060+0x4944]
v  ~StubRoutines::call_stub

---------------  P R O C E S S  ---------------

Java Threads: ( => current thread )
  0x000000001e233000 JavaThread "SERVER" [_thread_in_Java, id=10896, stack(0x000000001f030000,0x000000001f130000)]
=>0x000000001e232800 JavaThread "CLIENT" [_thread_in_native, id=3928, stack(0x000000001ef30000,0x000000001f030000)]
  0x000000001e0a4800 JavaThread "Service Thread" daemon [_thread_blocked, id=8804, stack(0x000000001ed30000,0x000000001ee30000)]
  0x000000001e093000 JavaThread "C1 CompilerThread3" daemon [_thread_blocked, id=7096, stack(0x000000001ec30000,0x000000001ed30000)]
  0x000000001e08a000 JavaThread "C2 CompilerThread2" daemon [_thread_blocked, id=12520, stack(0x000000001eb30000,0x000000001ec30000)]
  0x000000001e089000 JavaThread "C2 CompilerThread1" daemon [_thread_blocked, id=8600, stack(0x000000001ea30000,0x000000001eb30000)]
  0x000000001e08e000 JavaThread "C2 CompilerThread0" daemon [_thread_blocked, id=6204, stack(0x000000001e930000,0x000000001ea30000)]
  0x000000001e073000 JavaThread "JDWP Command Reader" daemon [_thread_in_native, id=12556, stack(0x000000001e830000,0x000000001e930000)]
  0x000000001e072000 JavaThread "JDWP Event Helper Thread" daemon [_thread_blocked, id=13128, stack(0x000000001e730000,0x000000001e830000)]
  0x000000001e064800 JavaThread "JDWP Transport Listener: dt_socket" daemon [_thread_blocked, id=10164, stack(0x000000001e630000,0x000000001e730000)]
  0x000000001e056800 JavaThread "Attach Listener" daemon [_thread_blocked, id=6392, stack(0x000000001e530000,0x000000001e630000)]
  0x000000001e055800 JavaThread "Signal Dispatcher" daemon [_thread_blocked, id=6120, stack(0x000000001e430000,0x000000001e530000)]
  0x00000000025aa800 JavaThread "Finalizer" daemon [_thread_blocked, id=9872, stack(0x000000001df30000,0x000000001e030000)]
  0x000000001c03d800 JavaThread "Reference Handler" daemon [_thread_blocked, id=3912, stack(0x000000001de30000,0x000000001df30000)]
  0x000000000269e000 JavaThread "main" [_thread_in_Java, id=13664, stack(0x0000000002320000,0x0000000002420000)]

Other Threads:
  0x000000001c039000 VMThread [stack: 0x000000001dd30000,0x000000001de30000] [id=8424]
  0x000000001e12a000 WatcherThread [stack: 0x000000001ee30000,0x000000001ef30000] [id=14204]

VM state:not at safepoint (normal execution)

VM Mutex/Monitor currently owned by a thread: None

Heap:
 PSYoungGen      total 188928K, used 86075K [0x000000076b800000, 0x0000000782600000, 0x00000007c0000000)
  eden space 186880K, 46% used [0x000000076b800000,0x0000000770bfeea0,0x0000000776e80000)
  from space 2048K, 3% used [0x0000000782200000,0x0000000782210000,0x0000000782400000)
  to   space 2048K, 0% used [0x0000000782400000,0x0000000782400000,0x0000000782600000)
 ParOldGen       total 173568K, used 1244K [0x00000006c2800000, 0x00000006cd180000, 0x000000076b800000)
  object space 173568K, 0% used [0x00000006c2800000,0x00000006c2937060,0x00000006cd180000)
 Metaspace       used 7960K, capacity 8486K, committed 8704K, reserved 1056768K
  class space    used 642K, capacity 658K, committed 768K, reserved 1048576K

Card table byte_map: [0x0000000011a60000,0x0000000012250000] byte_map_base: 0x000000000e44c000

Marking Bits: (ParMarkBitMap*) 0x0000000070c0a5b0
 Begin Bits: [0x0000000012fa0000, 0x0000000016f00000)
 End Bits:   [0x0000000016f00000, 0x000000001ae60000)

Polling page: 0x0000000000520000

CodeCache: size=245760Kb used=2557Kb max_used=2574Kb free=243202Kb
 bounds [0x00000000026a0000, 0x0000000002930000, 0x00000000116a0000]
 total_blobs=1116 nmethods=473 adapters=564
 compilation: enabled

Compilation events (10 events):
Event: 0.950 Thread 0x000000001e093000  468       3       org.lwjgl.system.Checks::checkFunctionAddress (18 bytes)
Event: 0.950 Thread 0x000000001e093000 nmethod 468 0x00000000028ff6d0 code [0x00000000028ff840, 0x00000000028ffaa8]
Event: 0.966 Thread 0x000000001e093000  469       3       org.lwjgl.opengl.GL11::getInstance (7 bytes)
Event: 0.967 Thread 0x000000001e093000 nmethod 469 0x00000000028febd0 code [0x00000000028feda0, 0x00000000028ff3c8]
Event: 0.967 Thread 0x000000001e093000  470       3       org.lwjgl.opengl.GL11::getInstance (11 bytes)
Event: 0.967 Thread 0x000000001e093000 nmethod 470 0x00000000028fe5d0 code [0x00000000028fe760, 0x00000000028fea28]
Event: 1.083 Thread 0x000000001e08a000  472       4       java.util.ArrayList::set (20 bytes)
Event: 1.084 Thread 0x000000001e08a000 nmethod 472 0x00000000028fde10 code [0x00000000028fdf60, 0x00000000028fe0d8]
Event: 1.233 Thread 0x000000001e08e000  473       4       java.util.ArrayList::get (11 bytes)
Event: 1.234 Thread 0x000000001e08e000 nmethod 473 0x00000000028fd9d0 code [0x00000000028fdb20, 0x00000000028fdc38]

GC Heap History (10 events):
Event: 1.251 GC heap before
{Heap before GC invocations=13 (full 0):
 PSYoungGen      total 226304K, used 225888K [0x000000076b800000, 0x0000000782900000, 0x00000007c0000000)
  eden space 225792K, 100% used [0x000000076b800000,0x0000000779480000,0x0000000779480000)
  from space 512K, 18% used [0x0000000782880000,0x0000000782898000,0x0000000782900000)
  to   space 2048K, 0% used [0x0000000782500000,0x0000000782500000,0x0000000782700000)
 ParOldGen       total 173568K, used 1236K [0x00000006c2800000, 0x00000006cd180000, 0x000000076b800000)
  object space 173568K, 0% used [0x00000006c2800000,0x00000006c2935060,0x00000006cd180000)
 Metaspace       used 7960K, capacity 8486K, committed 8704K, reserved 1056768K
  class space    used 642K, capacity 658K, committed 768K, reserved 1048576K
Event: 1.252 GC heap after
Heap after GC invocations=13 (full 0):
 PSYoungGen      total 219136K, used 64K [0x000000076b800000, 0x0000000782900000, 0x00000007c0000000)
  eden space 217088K, 0% used [0x000000076b800000,0x000000076b800000,0x0000000778c00000)
  from space 2048K, 3% used [0x0000000782500000,0x0000000782510000,0x0000000782700000)
  to   space 2048K, 0% used [0x0000000782700000,0x0000000782700000,0x0000000782900000)
 ParOldGen       total 173568K, used 1236K [0x00000006c2800000, 0x00000006cd180000, 0x000000076b800000)
  object space 173568K, 0% used [0x00000006c2800000,0x00000006c2935060,0x00000006cd180000)
 Metaspace       used 7960K, capacity 8486K, committed 8704K, reserved 1056768K
  class space    used 642K, capacity 658K, committed 768K, reserved 1048576K
}
Event: 1.346 GC heap before
{Heap before GC invocations=14 (full 0):
 PSYoungGen      total 219136K, used 217152K [0x000000076b800000, 0x0000000782900000, 0x00000007c0000000)
  eden space 217088K, 100% used [0x000000076b800000,0x0000000778c00000,0x0000000778c00000)
  from space 2048K, 3% used [0x0000000782500000,0x0000000782510000,0x0000000782700000)
  to   space 2048K, 0% used [0x0000000782700000,0x0000000782700000,0x0000000782900000)
 ParOldGen       total 173568K, used 1236K [0x00000006c2800000, 0x00000006cd180000, 0x000000076b800000)
  object space 173568K, 0% used [0x00000006c2800000,0x00000006c2935060,0x00000006cd180000)
 Metaspace       used 7960K, capacity 8486K, committed 8704K, reserved 1056768K
  class space    used 642K, capacity 658K, committed 768K, reserved 1048576K
Event: 1.346 GC heap after
Heap after GC invocations=14 (full 0):
 PSYoungGen      total 209408K, used 96K [0x000000076b800000, 0x0000000782780000, 0x00000007c0000000)
  eden space 208896K, 0% used [0x000000076b800000,0x000000076b800000,0x0000000778400000)
  from space 512K, 18% used [0x0000000782700000,0x0000000782718000,0x0000000782780000)
  to   space 2048K, 0% used [0x0000000782380000,0x0000000782380000,0x0000000782580000)
 ParOldGen       total 173568K, used 1236K [0x00000006c2800000, 0x00000006cd180000, 0x000000076b800000)
  object space 173568K, 0% used [0x00000006c2800000,0x00000006c2935060,0x00000006cd180000)
 Metaspace       used 7960K, capacity 8486K, committed 8704K, reserved 1056768K
  class space    used 642K, capacity 658K, committed 768K, reserved 1048576K
}
Event: 1.436 GC heap before
{Heap before GC invocations=15 (full 0):
 PSYoungGen      total 209408K, used 208992K [0x000000076b800000, 0x0000000782780000, 0x00000007c0000000)
  eden space 208896K, 100% used [0x000000076b800000,0x0000000778400000,0x0000000778400000)
  from space 512K, 18% used [0x0000000782700000,0x0000000782718000,0x0000000782780000)
  to   space 2048K, 0% used [0x0000000782380000,0x0000000782380000,0x0000000782580000)
 ParOldGen       total 173568K, used 1236K [0x00000006c2800000, 0x00000006cd180000, 0x000000076b800000)
  object space 173568K, 0% used [0x00000006c2800000,0x00000006c2935060,0x00000006cd180000)
 Metaspace       used 7960K, capacity 8486K, committed 8704K, reserved 1056768K
  class space    used 642K, capacity 658K, committed 768K, reserved 1048576K
Event: 1.436 GC heap after
Heap after GC invocations=15 (full 0):
 PSYoungGen      total 203264K, used 64K [0x000000076b800000, 0x0000000782780000, 0x00000007c0000000)
  eden space 201216K, 0% used [0x000000076b800000,0x000000076b800000,0x0000000777c80000)
  from space 2048K, 3% used [0x0000000782380000,0x0000000782390000,0x0000000782580000)
  to   space 2048K, 0% used [0x0000000782580000,0x0000000782580000,0x0000000782780000)
 ParOldGen       total 173568K, used 1236K [0x00000006c2800000, 0x00000006cd180000, 0x000000076b800000)
  object space 173568K, 0% used [0x00000006c2800000,0x00000006c2935060,0x00000006cd180000)
 Metaspace       used 7960K, capacity 8486K, committed 8704K, reserved 1056768K
  class space    used 642K, capacity 658K, committed 768K, reserved 1048576K
}
Event: 1.524 GC heap before
{Heap before GC invocations=16 (full 0):
 PSYoungGen      total 203264K, used 201280K [0x000000076b800000, 0x0000000782780000, 0x00000007c0000000)
  eden space 201216K, 100% used [0x000000076b800000,0x0000000777c80000,0x0000000777c80000)
  from space 2048K, 3% used [0x0000000782380000,0x0000000782390000,0x0000000782580000)
  to   space 2048K, 0% used [0x0000000782580000,0x0000000782580000,0x0000000782780000)
 ParOldGen       total 173568K, used 1236K [0x00000006c2800000, 0x00000006cd180000, 0x000000076b800000)
  object space 173568K, 0% used [0x00000006c2800000,0x00000006c2935060,0x00000006cd180000)
 Metaspace       used 7960K, capacity 8486K, committed 8704K, reserved 1056768K
  class space    used 642K, capacity 658K, committed 768K, reserved 1048576K
Event: 1.525 GC heap after
Heap after GC invocations=16 (full 0):
 PSYoungGen      total 194560K, used 96K [0x000000076b800000, 0x0000000782600000, 0x00000007c0000000)
  eden space 194048K, 0% used [0x000000076b800000,0x000000076b800000,0x0000000777580000)
  from space 512K, 18% used [0x0000000782580000,0x0000000782598000,0x0000000782600000)
  to   space 2048K, 0% used [0x0000000782200000,0x0000000782200000,0x0000000782400000)
 ParOldGen       total 173568K, used 1236K [0x00000006c2800000, 0x00000006cd180000, 0x000000076b800000)
  object space 173568K, 0% used [0x00000006c2800000,0x00000006c2935060,0x00000006cd180000)
 Metaspace       used 7960K, capacity 8486K, committed 8704K, reserved 1056768K
  class space    used 642K, capacity 658K, committed 768K, reserved 1048576K
}
Event: 1.606 GC heap before
{Heap before GC invocations=17 (full 0):
 PSYoungGen      total 194560K, used 194144K [0x000000076b800000, 0x0000000782600000, 0x00000007c0000000)
  eden space 194048K, 100% used [0x000000076b800000,0x0000000777580000,0x0000000777580000)
  from space 512K, 18% used [0x0000000782580000,0x0000000782598000,0x0000000782600000)
  to   space 2048K, 0% used [0x0000000782200000,0x0000000782200000,0x0000000782400000)
 ParOldGen       total 173568K, used 1236K [0x00000006c2800000, 0x00000006cd180000, 0x000000076b800000)
  object space 173568K, 0% used [0x00000006c2800000,0x00000006c2935060,0x00000006cd180000)
 Metaspace       used 7960K, capacity 8486K, committed 8704K, reserved 1056768K
  class space    used 642K, capacity 658K, committed 768K, reserved 1048576K
Event: 1.607 GC heap after
Heap after GC invocations=17 (full 0):
 PSYoungGen      total 188928K, used 64K [0x000000076b800000, 0x0000000782600000, 0x00000007c0000000)
  eden space 186880K, 0% used [0x000000076b800000,0x000000076b800000,0x0000000776e80000)
  from space 2048K, 3% used [0x0000000782200000,0x0000000782210000,0x0000000782400000)
  to   space 2048K, 0% used [0x0000000782400000,0x0000000782400000,0x0000000782600000)
 ParOldGen       total 173568K, used 1244K [0x00000006c2800000, 0x00000006cd180000, 0x000000076b800000)
  object space 173568K, 0% used [0x00000006c2800000,0x00000006c2937060,0x00000006cd180000)
 Metaspace       used 7960K, capacity 8486K, committed 8704K, reserved 1056768K
  class space    used 642K, capacity 658K, committed 768K, reserved 1048576K
}

Deoptimization events (10 events):
Event: 0.145 Thread 0x000000001e232800 Uncommon trap: reason=bimorphic action=maybe_recompile pc=0x00000000027e4b74 method=java.util.HashMap.getNode(ILjava/lang/Object;)Ljava/util/HashMap$Node; @ 126
Event: 0.431 Thread 0x000000001e232800 Uncommon trap: reason=unstable_if action=reinterpret pc=0x00000000027eb144 method=java.util.HashMap.containsKey(Ljava/lang/Object;)Z @ 9
Event: 0.431 Thread 0x000000001e232800 Uncommon trap: reason=bimorphic action=maybe_recompile pc=0x00000000027e4b74 method=java.util.HashMap.getNode(ILjava/lang/Object;)Ljava/util/HashMap$Node; @ 126
Event: 0.432 Thread 0x000000001e232800 Uncommon trap: reason=bimorphic action=maybe_recompile pc=0x00000000027e4b74 method=java.util.HashMap.getNode(ILjava/lang/Object;)Ljava/util/HashMap$Node; @ 126
Event: 0.438 Thread 0x000000001e232800 Uncommon trap: reason=unstable_if action=reinterpret pc=0x00000000027da118 method=java.util.HashMap.keySet()Ljava/util/Set; @ 6
Event: 0.713 Thread 0x000000001e232800 Uncommon trap: reason=unstable_if action=reinterpret pc=0x00000000027db344 method=java.util.HashMap.clear()V @ 16
Event: 0.713 Thread 0x000000001e232800 Uncommon trap: reason=unstable_if action=reinterpret pc=0x00000000027d9e58 method=java.util.HashMap.clear()V @ 16
Event: 0.713 Thread 0x000000000269e000 Uncommon trap: reason=unstable_if action=reinterpret pc=0x0000000002807c00 method=main.coreEngine.TickableThread.invoke(Ljava/lang/String;[Ljava/lang/Object;)V @ 53
Event: 0.713 Thread 0x000000001e233000 Uncommon trap: reason=unstable_if action=reinterpret pc=0x0000000002806534 method=main.coreEngine.TickableThread.run()V @ 58
Event: 0.829 Thread 0x000000001e233000 Uncommon trap: reason=unstable_if action=reinterpret pc=0x000000000290f4f4 method=main.coreEngine.TickableThread.run()V @ 461

Internal exceptions (9 events):
Event: 0.022 Thread 0x000000000269e000 Exception <a 'java/lang/NoSuchMethodError': Method sun.misc.Unsafe.defineClass(Ljava/lang/String;[BII)Ljava/lang/Class; name or signature does not match> (0x000000076b80d9b8) thrown at [C:\workspace\8-2-build-windows-amd64-cygwin\jdk8u65\4987\hotspot\src\sLû†˛◊ñ?
Event: 0.022 Thread 0x000000000269e000 Exception <a 'java/lang/NoSuchMethodError': Method sun.misc.Unsafe.prefetchRead(Ljava/lang/Object;J)V name or signature does not match> (0x000000076b80dca0) thrown at [C:\workspace\8-2-build-windows-amd64-cygwin\jdk8u65\4987\hotspot\src\share\vm\prims\jni.ê:'|Á¨ƒ?
Event: 0.162 Thread 0x000000001e232800 Exception <a 'java/lang/ArrayIndexOutOfBoundsException': -1> (0x000000076cd55a80) thrown at [C:\workspace\8-2-build-windows-amd64-cygwin\jdk8u65\4987\hotspot\src\share\vm\interpreter\interpreterRuntime.cpp, line 366]
Event: 0.431 Thread 0x000000001e232800 Implicit null exception at 0x00000000027ead99 to 0x00000000027eb135
Event: 0.431 Thread 0x000000001e232800 Exception <a 'java/security/PrivilegedActionException'> (0x000000076e2a0310) thrown at [C:\workspace\8-2-build-windows-amd64-cygwin\jdk8u65\4987\hotspot\src\share\vm\prims\jvm.cpp, line 1386]
Event: 0.431 Thread 0x000000001e232800 Exception <a 'java/security/PrivilegedActionException'> (0x000000076e2a0708) thrown at [C:\workspace\8-2-build-windows-amd64-cygwin\jdk8u65\4987\hotspot\src\share\vm\prims\jvm.cpp, line 1386]
Event: 0.432 Thread 0x000000001e232800 Exception <a 'java/security/PrivilegedActionException'> (0x000000076e2a4920) thrown at [C:\workspace\8-2-build-windows-amd64-cygwin\jdk8u65\4987\hotspot\src\share\vm\prims\jvm.cpp, line 1386]
Event: 0.432 Thread 0x000000001e232800 Exception <a 'java/security/PrivilegedActionException'> (0x000000076e2a4d18) thrown at [C:\workspace\8-2-build-windows-amd64-cygwin\jdk8u65\4987\hotspot\src\share\vm\prims\jvm.cpp, line 1386]
Event: 0.713 Thread 0x000000000269e000 Implicit null exception at 0x000000000280763c to 0x0000000002807bd9

Events (10 events):
Event: 1.251 Executing VM operation: ParallelGCFailedAllocation
Event: 1.252 Executing VM operation: ParallelGCFailedAllocation done
Event: 1.346 Executing VM operation: ParallelGCFailedAllocation
Event: 1.347 Executing VM operation: ParallelGCFailedAllocation done
Event: 1.436 Executing VM operation: ParallelGCFailedAllocation
Event: 1.436 Executing VM operation: ParallelGCFailedAllocation done
Event: 1.524 Executing VM operation: ParallelGCFailedAllocation
Event: 1.525 Executing VM operation: ParallelGCFailedAllocation done
Event: 1.606 Executing VM operation: ParallelGCFailedAllocation
Event: 1.607 Executing VM operation: ParallelGCFailedAllocation done


Dynamic libraries:
0x00007ff7d2c20000 - 0x00007ff7d2c57000 	C:\Program Files\Java\jdk1.8.0_65\bin\java.exe
0x00007ffde4980000 - 0x00007ffde4b41000 	C:\WINDOWS\SYSTEM32\ntdll.dll
0x00007ffde42a0000 - 0x00007ffde434d000 	C:\WINDOWS\system32\KERNEL32.DLL
0x00007ffde19f0000 - 0x00007ffde1bd8000 	C:\WINDOWS\system32\KERNELBASE.dll
0x00007ffde1e70000 - 0x00007ffde1f17000 	C:\WINDOWS\system32\ADVAPI32.dll
0x00007ffde3800000 - 0x00007ffde389d000 	C:\WINDOWS\system32\msvcrt.dll
0x00007ffde1e10000 - 0x00007ffde1e6b000 	C:\WINDOWS\system32\sechost.dll
0x00007ffde3bd0000 - 0x00007ffde3cec000 	C:\WINDOWS\system32\RPCRT4.dll
0x00007ffde3fe0000 - 0x00007ffde4136000 	C:\WINDOWS\system32\USER32.dll
0x00007ffde3cf0000 - 0x00007ffde3e76000 	C:\WINDOWS\system32\GDI32.dll
0x00007ffddd690000 - 0x00007ffddd904000 	C:\WINDOWS\WinSxS\amd64_microsoft.windows.common-controls_6595b64144ccf1df_6.0.10586.0_none_8c15ae12515e1c22\COMCTL32.dll
0x00007ffde3950000 - 0x00007ffde3bcd000 	C:\WINDOWS\system32\combase.dll
0x00007ffde1cf0000 - 0x00007ffde1d5a000 	C:\WINDOWS\system32\bcryptPrimitives.dll
0x00007ffde1dc0000 - 0x00007ffde1dfb000 	C:\WINDOWS\system32\IMM32.DLL
0x0000000070c90000 - 0x0000000070d62000 	C:\Program Files\Java\jdk1.8.0_65\jre\bin\msvcr100.dll
0x0000000070400000 - 0x0000000070c89000 	C:\Program Files\Java\jdk1.8.0_65\jre\bin\server\jvm.dll
0x00007ffde4290000 - 0x00007ffde4298000 	C:\WINDOWS\system32\PSAPI.DLL
0x00007ffdd8550000 - 0x00007ffdd8559000 	C:\WINDOWS\SYSTEM32\WSOCK32.dll
0x00007ffddd9c0000 - 0x00007ffddd9ca000 	C:\WINDOWS\SYSTEM32\VERSION.dll
0x00007ffddf730000 - 0x00007ffddf753000 	C:\WINDOWS\SYSTEM32\WINMM.dll
0x00007ffde4470000 - 0x00007ffde44db000 	C:\WINDOWS\system32\WS2_32.dll
0x00000000009b0000 - 0x00000000009dc000 	C:\WINDOWS\SYSTEM32\WINMMBASE.dll
0x00007ffde1be0000 - 0x00007ffde1c23000 	C:\WINDOWS\system32\cfgmgr32.dll
0x00000000703f0000 - 0x00000000703ff000 	C:\Program Files\Java\jdk1.8.0_65\jre\bin\verify.dll
0x00000000703c0000 - 0x00000000703e9000 	C:\Program Files\Java\jdk1.8.0_65\jre\bin\java.dll
0x0000000070380000 - 0x00000000703b5000 	C:\Program Files\Java\jdk1.8.0_65\jre\bin\jdwp.dll
0x0000000070370000 - 0x0000000070378000 	C:\Program Files\Java\jdk1.8.0_65\jre\bin\npt.dll
0x0000000070350000 - 0x0000000070366000 	C:\Program Files\Java\jdk1.8.0_65\jre\bin\zip.dll
0x00007ffde1f80000 - 0x00007ffde34dc000 	C:\WINDOWS\system32\SHELL32.dll
0x00007ffde11d0000 - 0x00007ffde1815000 	C:\WINDOWS\system32\windows.storage.dll
0x00007ffde36b0000 - 0x00007ffde3702000 	C:\WINDOWS\system32\shlwapi.dll
0x00007ffde0fb0000 - 0x00007ffde0fbf000 	C:\WINDOWS\system32\kernel.appcore.dll
0x00007ffde1c30000 - 0x00007ffde1ce5000 	C:\WINDOWS\system32\shcore.dll
0x00007ffde0fc0000 - 0x00007ffde100b000 	C:\WINDOWS\system32\powrprof.dll
0x00007ffde0f80000 - 0x00007ffde0f94000 	C:\WINDOWS\system32\profapi.dll
0x0000000070340000 - 0x0000000070349000 	C:\Program Files\Java\jdk1.8.0_65\jre\bin\dt_socket.dll
0x00007ffde08b0000 - 0x00007ffde090c000 	C:\WINDOWS\system32\mswsock.dll
0x00007ffdc1020000 - 0x00007ffdc10a8000 	D:\Code\Java\Projects\WireEngine20\lib\native\lwjgl.dll
0x00007ffde0a80000 - 0x00007ffde0a8b000 	C:\WINDOWS\SYSTEM32\CRYPTBASE.DLL
0x00007ffdd4700000 - 0x00007ffdd4742000 	D:\Code\Java\Projects\WireEngine20\lib\native\jemalloc.dll
0x00007ffdc0fe0000 - 0x00007ffdc1018000 	D:\Code\Java\Projects\WireEngine20\lib\native\glfw.dll
0x00007ffddf850000 - 0x00007ffddf8e6000 	C:\WINDOWS\system32\uxtheme.dll
0x00007ffdde650000 - 0x00007ffdde672000 	C:\WINDOWS\SYSTEM32\dwmapi.dll
0x00007ffdc9d10000 - 0x00007ffdc9e39000 	C:\WINDOWS\SYSTEM32\opengl32.dll
0x00007ffdcc690000 - 0x00007ffdcc6be000 	C:\WINDOWS\SYSTEM32\GLU32.dll
0x00007ffdc8ba0000 - 0x00007ffdc8c9a000 	C:\WINDOWS\SYSTEM32\DDRAW.dll
0x00007ffdd3d80000 - 0x00007ffdd3d88000 	C:\WINDOWS\SYSTEM32\DCIMAN32.dll
0x00007ffde3e80000 - 0x00007ffde3fda000 	C:\WINDOWS\system32\MSCTF.dll
0x00007ffdc3f50000 - 0x00007ffdc3f99000 	C:\Program Files (x86)\TeamViewer\tv_x64.dll
0x00007ffde4140000 - 0x00007ffde4283000 	C:\WINDOWS\system32\ole32.dll
0x000000006e5f0000 - 0x0000000070339000 	C:\WINDOWS\SYSTEM32\nvoglv64.DLL
0x00007ffde4550000 - 0x00007ffde4979000 	C:\WINDOWS\system32\SETUPAPI.dll
0x00007ffddf2f0000 - 0x00007ffddf303000 	C:\WINDOWS\SYSTEM32\WTSAPI32.dll
0x00007ffddf9a0000 - 0x00007ffddf9c7000 	C:\WINDOWS\SYSTEM32\DEVOBJ.dll
0x00007ffde1170000 - 0x00007ffde11c5000 	C:\WINDOWS\system32\WINTRUST.dll
0x00007ffde0fa0000 - 0x00007ffde0fb0000 	C:\WINDOWS\system32\MSASN1.dll
0x00007ffde1820000 - 0x00007ffde19e7000 	C:\WINDOWS\system32\CRYPT32.dll
0x00007ffde04d0000 - 0x00007ffde0501000 	C:\WINDOWS\SYSTEM32\ntmarta.dll
0x00007ffde0220000 - 0x00007ffde0276000 	C:\WINDOWS\SYSTEM32\WINSTA.dll
0x00007ffde38a0000 - 0x00007ffde3947000 	C:\WINDOWS\system32\clbcatq.dll
0x00007ffdb9de0000 - 0x00007ffdb9f6c000 	C:\WINDOWS\SYSTEM32\dbghelp.dll

VM Arguments:
jvm_args: -agentlib:jdwp=transport=dt_socket,address=127.0.0.1:61677,suspend=y,server=n -Djava.library.path=lib/native/ -Dfile.encoding=UTF-8 
java_command: main.Main
java_class_path (initial): C:\Program Files\Java\jdk1.8.0_65\jre\lib\charsets.jar;C:\Program Files\Java\jdk1.8.0_65\jre\lib\deploy.jar;C:\Program Files\Java\jdk1.8.0_65\jre\lib\ext\access-bridge-64.jar;C:\Program Files\Java\jdk1.8.0_65\jre\lib\ext\cldrdata.jar;C:\Program Files\Java\jdk1.8.0_65\jre\lib\ext\dnsns.jar;C:\Program Files\Java\jdk1.8.0_65\jre\lib\ext\jaccess.jar;C:\Program Files\Java\jdk1.8.0_65\jre\lib\ext\jfxrt.jar;C:\Program Files\Java\jdk1.8.0_65\jre\lib\ext\localedata.jar;C:\Program Files\Java\jdk1.8.0_65\jre\lib\ext\nashorn.jar;C:\Program Files\Java\jdk1.8.0_65\jre\lib\ext\sunec.jar;C:\Program Files\Java\jdk1.8.0_65\jre\lib\ext\sunjce_provider.jar;C:\Program Files\Java\jdk1.8.0_65\jre\lib\ext\sunmscapi.jar;C:\Program Files\Java\jdk1.8.0_65\jre\lib\ext\sunpkcs11.jar;C:\Program Files\Java\jdk1.8.0_65\jre\lib\ext\zipfs.jar;C:\Program Files\Java\jdk1.8.0_65\jre\lib\javaws.jar;C:\Program Files\Java\jdk1.8.0_65\jre\lib\jce.jar;C:\Program Files\Java\jdk1.8.0_65\jre\lib\jfr.jar;C:\Program Files\Java\jdk1.8.0_65\jre\lib\jfxswt.jar;C:\Program Files\Java\jdk1.8.0_65\jre\lib\jsse.jar;C:\Program Files\Java\jdk1.8.0_65\jre\lib\management-agent.jar;C:\Program Files\Java\jdk1.8.0_65\jre\lib\plugin.jar;C:\Program Files\Java\jdk1.8.0_65\jre\lib\resources.jar;C:\Program Files\Java\jdk1.8.0_65\jre\lib\rt.jar;D:\Code\Java\Projects\WireEngine20\out\production\WireEngine20;D:\Code\Java\Projects\WireEngine20\lib\jar\lwjgl.jar;D:\Program Files (x86)\JetBrains\IntelliJ IDEA 2016.1\lib\idea_rt.jar
Launcher Type: SUN_STANDARD

Environment Variables:
JAVA_HOME=C:\Program Files\Java\jdk1.8.0_65
PATH=C:\ProgramData\Oracle\Java\javapath;C:\Program Files (x86)\Razer Chroma SDK\bin;C:\Program Files\Razer Chroma SDK\bin;C:\Program Files (x86)\NVIDIA Corporation\PhysX\Common;C:\Program Files (x86)\Intel\iCLS Client\;C:\Program Files\Intel\iCLS Client\;C:\Windows\system32;C:\Windows;C:\Windows\System32\Wbem;C:\Windows\System32\WindowsPowerShell\v1.0\;C:\Program Files\Intel\Intel(R) Management Engine Components\DAL;C:\Program Files (x86)\Intel\Intel(R) Management Engine Components\DAL;C:\Program Files\Intel\Intel(R) Management Engine Components\IPT;C:\Program Files (x86)\Intel\Intel(R) Management Engine Components\IPT;C:\Program Files\Java\jre1.8.0_65\bin;C:\MinGW\bin;C:\WINDOWS\system32;C:\WINDOWS;C:\WINDOWS\System32\Wbem;C:\WINDOWS\System32\WindowsPowerShell\v1.0\;D:\Program Files (x86)\CMake\bin;D:\Program Files\Programs\Python\Python35-32;D:\Program Files\Programs\Python\Python35-32\Scripts;C:\Program Files (x86)\Skype\Phone\;D:\Program Files\Programs\Python\Python35-32\Scripts\;D:\Program Files\Programs\Python\Python35-32\
USERNAME=Kelan
OS=Windows_NT
PROCESSOR_IDENTIFIER=Intel64 Family 6 Model 60 Stepping 3, GenuineIntel



---------------  S Y S T E M  ---------------

OS: Windows 10.0 , 64 bit Build 10586 (10.0.10586.0)

CPU:total 8 (4 cores per cpu, 2 threads per core) family 6 model 60 stepping 3, cmov, cx8, fxsr, mmx, sse, sse2, sse3, ssse3, sse4.1, sse4.2, popcnt, avx, avx2, aes, clmul, erms, lzcnt, ht, tsc, tscinvbit, bmi1, bmi2

Memory: 4k page, physical 16609500k(5328732k free), swap 33386716k(19470188k free)

vm_info: Java HotSpot(TM) 64-Bit Server VM (25.65-b01) for windows-amd64 JRE (1.8.0_65-b17), built on Oct  6 2015 16:39:20 by "java_re" with MS VC++ 10.0 (VS2010)

time: Sat Apr 09 16:52:10 2016
elapsed time: 1 seconds (0d 0h 0m 1s)

