#
# A fatal error has been detected by the Java Runtime Environment:
#
#  EXCEPTION_ACCESS_VIOLATION (0xc0000005) at pc=0x00007ffb31e824b9, pid=1716, tid=13108
#
# JRE version: Java(TM) SE Runtime Environment (8.0_65-b17) (build 1.8.0_65-b17)
# Java VM: Java HotSpot(TM) 64-Bit Server VM (25.65-b01 mixed mode windows-amd64 compressed oops)
# Problematic frame:
# C  [glfw.dll+0x24b9]
#
# Failed to write core dump. Minidumps are not enabled by default on client versions of Windows
#
# If you would like to submit a bug report, please visit:
#   http://bugreport.java.com/bugreport/crash.jsp
# The crash happened outside the Java Virtual Machine in native code.
# See problematic frame for where to report the bug.
#

---------------  T H R E A D  ---------------

Current thread (0x000000001e236000):  JavaThread "CLIENT" [_thread_in_native, id=13108, stack(0x000000001ef40000,0x000000001f040000)]

siginfo: ExceptionCode=0xc0000005, reading address 0x0000000000000000

Registers:
RAX=0x0000000000000000, RBX=0x000000001ba23030, RCX=0x0000000000000000, RDX=0x0000000000000000
RSP=0x000000001f03f150, RBP=0x000000001f03f1e0, RSI=0x0000000000000108, RDI=0x000000000054af10
R8 =0x000000001f03f148, R9 =0x000000001f03f1e0, R10=0x0000000000000000, R11=0x0000000000000246
R12=0x0000000000000000, R13=0x000000001f03f1f8, R14=0x000000001f03f1d0, R15=0x000000001e236000
RIP=0x00007ffb31e824b9, EFLAGS=0x0000000000010287

Top of Stack: (sp=0x000000001f03f150)
0x000000001f03f150:   0000000000000000 0000000000000108
0x000000001f03f160:   000000001b9c7c68 000000001bfa02e0
0x000000001f03f170:   0000000000003d05 0000000002a78d4a
0x000000001f03f180:   000000001ba23030 000000006c6faea4
0x000000001f03f190:   000000001e236000 000000001e236000
0x000000001f03f1a0:   000000001e236000 0000000000000000
0x000000001f03f1b0:   000000001e2376b0 000000006c685eba
0x000000001f03f1c0:   000000001f03f8f8 000000001f03f258
0x000000001f03f1d0:   00000006c2806c50 0000000000003d04
0x000000001f03f1e0:   000000001f03f258 0000000002607d8d
0x000000001f03f1f0:   0000000002607d8d 000000000054af10
0x000000001f03f200:   00000000026078a0 00007ffb31e82420
0x000000001f03f210:   0000000000000001 000000001f03f218
0x000000001f03f220:   000000001ba3f0bc 000000001f03f280
0x000000001f03f230:   000000001ba410a0 0000000000000000
0x000000001f03f240:   000000001ba3f0e8 000000001f03f1f8 

Instructions: (pc=0x00007ffb31e824b9)
0x00007ffb31e82499:   48 8b cf e8 1f 3a 00 00 48 39 3d f0 d5 02 00 48
0x00007ffb31e824a9:   8d 0d e9 d5 02 00 48 8b 5c 24 30 74 08 48 8b 09
0x00007ffb31e824b9:   48 39 39 75 f8 48 8b 07 48 89 01 48 8b cf 48 83
0x00007ffb31e824c9:   c4 20 5f e9 5b fe 00 00 48 83 c4 20 5f c3 cc cc 


Register to memory mapping:

RAX=0x0000000000000000 is an unknown value
RBX={method} {0x000000001ba23038} 'invokePV' '(JJ)V' in 'org/lwjgl/system/JNI'
RCX=0x0000000000000000 is an unknown value
RDX=0x0000000000000000 is an unknown value
RSP=0x000000001f03f150 is pointing into the stack for thread: 0x000000001e236000
RBP=0x000000001f03f1e0 is pointing into the stack for thread: 0x000000001e236000
RSI=0x0000000000000108 is an unknown value
RDI=0x000000000054af10 is an unknown value
R8 =0x000000001f03f148 is pointing into the stack for thread: 0x000000001e236000
R9 =0x000000001f03f1e0 is pointing into the stack for thread: 0x000000001e236000
R10=0x0000000000000000 is an unknown value
R11=0x0000000000000246 is an unknown value
R12=0x0000000000000000 is an unknown value
R13=0x000000001f03f1f8 is pointing into the stack for thread: 0x000000001e236000
R14=0x000000001f03f1d0 is pointing into the stack for thread: 0x000000001e236000
R15=0x000000001e236000 is a thread


Stack: [0x000000001ef40000,0x000000001f040000],  sp=0x000000001f03f150,  free space=1020k
Native frames: (J=compiled Java code, j=interpreted, Vv=VM code, C=native code)
C  [glfw.dll+0x24b9]
C  0x0000000002a78d4a

Java frames: (J=compiled Java code, j=interpreted, Vv=VM code)
J 851  org.lwjgl.system.JNI.invokePV(JJ)V (0 bytes) @ 0x0000000002a78cc4 [0x0000000002a78c80+0x44]
j  org.lwjgl.glfw.GLFW.glfwDestroyCursor(J)V+20
j  main.client.Window.destroyWindow()V+9
j  main.coreEngine.Engine.stop()V+70
J 892 C1 main.client.Window.update()V (37 bytes) @ 0x0000000002aa106c [0x0000000002aa0bc0+0x4ac]
J 867 C1 main.client.renderEngine.RenderEngine.render()V (54 bytes) @ 0x0000000002a9affc [0x0000000002a9a300+0xcfc]
J 854 C1 main.client.ClientThread.tick()V (16 bytes) @ 0x0000000002a82cb4 [0x0000000002a82800+0x4b4]
j  main.coreEngine.TickableThread.run()V+469
v  ~StubRoutines::call_stub

---------------  P R O C E S S  ---------------

Java Threads: ( => current thread )
  0x000000001e238000 JavaThread "SERVER" [_thread_in_Java, id=9692, stack(0x000000001f040000,0x000000001f140000)]
=>0x000000001e236000 JavaThread "CLIENT" [_thread_in_native, id=13108, stack(0x000000001ef40000,0x000000001f040000)]
  0x000000001e137000 JavaThread "Service Thread" daemon [_thread_blocked, id=11204, stack(0x000000001ed40000,0x000000001ee40000)]
  0x000000001e0a1800 JavaThread "C1 CompilerThread3" daemon [_thread_blocked, id=11480, stack(0x000000001ec40000,0x000000001ed40000)]
  0x000000001e093000 JavaThread "C2 CompilerThread2" daemon [_thread_blocked, id=4948, stack(0x000000001eb40000,0x000000001ec40000)]
  0x000000001e092800 JavaThread "C2 CompilerThread1" daemon [_thread_blocked, id=7460, stack(0x000000001ea40000,0x000000001eb40000)]
  0x000000001e09c800 JavaThread "C2 CompilerThread0" daemon [_thread_blocked, id=6872, stack(0x000000001e940000,0x000000001ea40000)]
  0x000000001e082800 JavaThread "JDWP Command Reader" daemon [_thread_in_native, id=10004, stack(0x000000001e840000,0x000000001e940000)]
  0x000000001e07f000 JavaThread "JDWP Event Helper Thread" daemon [_thread_blocked, id=8432, stack(0x000000001e740000,0x000000001e840000)]
  0x000000001e071800 JavaThread "JDWP Transport Listener: dt_socket" daemon [_thread_blocked, id=8232, stack(0x000000001e640000,0x000000001e740000)]
  0x000000001e066800 JavaThread "Attach Listener" daemon [_thread_blocked, id=6372, stack(0x000000001e540000,0x000000001e640000)]
  0x000000001e065800 JavaThread "Signal Dispatcher" daemon [_thread_blocked, id=6452, stack(0x000000001e440000,0x000000001e540000)]
  0x0000000000faa000 JavaThread "Finalizer" daemon [_thread_blocked, id=5680, stack(0x000000001de60000,0x000000001df60000)]
  0x0000000000fa3000 JavaThread "Reference Handler" daemon [_thread_blocked, id=7040, stack(0x000000001dd60000,0x000000001de60000)]
  0x00000000009ae000 JavaThread "main" [_thread_in_Java, id=8848, stack(0x0000000000d00000,0x0000000000e00000)]

Other Threads:
  0x000000001bf99800 VMThread [stack: 0x000000001dc60000,0x000000001dd60000] [id=12308]
  0x000000001e151000 WatcherThread [stack: 0x000000001ee40000,0x000000001ef40000] [id=8924]

VM state:not at safepoint (normal execution)

VM Mutex/Monitor currently owned by a thread: None

Heap:
 PSYoungGen      total 78336K, used 28274K [0x000000076b800000, 0x00000007ba680000, 0x00000007c0000000)
  eden space 77824K, 36% used [0x000000076b800000,0x000000076d364b40,0x0000000770400000)
  from space 512K, 43% used [0x00000007ba600000,0x00000007ba638000,0x00000007ba680000)
  to   space 512K, 0% used [0x00000007ba580000,0x00000007ba580000,0x00000007ba600000)
 ParOldGen       total 173568K, used 23528K [0x00000006c2800000, 0x00000006cd180000, 0x000000076b800000)
  object space 173568K, 13% used [0x00000006c2800000,0x00000006c3efa350,0x00000006cd180000)
 Metaspace       used 8412K, capacity 8774K, committed 8960K, reserved 1056768K
  class space    used 662K, capacity 690K, committed 768K, reserved 1048576K

Card table byte_map: [0x00000000119c0000,0x00000000121b0000] byte_map_base: 0x000000000e3ac000

Marking Bits: (ParMarkBitMap*) 0x000000006cdda5b0
 Begin Bits: [0x0000000012f00000, 0x0000000016e60000)
 End Bits:   [0x0000000016e60000, 0x000000001adc0000)

Polling page: 0x00000000009b0000

CodeCache: size=245760Kb used=4821Kb max_used=4839Kb free=240938Kb
 bounds [0x0000000002600000, 0x0000000002ac0000, 0x0000000011600000]
 total_blobs=1563 nmethods=905 adapters=579
 compilation: enabled

Compilation events (10 events):
Event: 29.480 Thread 0x000000001e09c800  910       4       main.client.InputHandler::cursorPosition (60 bytes)
Event: 29.490 Thread 0x000000001e09c800 nmethod 910 0x0000000002aac4d0 code [0x0000000002aac700, 0x0000000002aad3e0]
Event: 29.960 Thread 0x000000001e093000  911   !   4       main.coreEngine.TickableThread::scheduleTick (25 bytes)
Event: 29.960 Thread 0x000000001e093000 nmethod 911 0x0000000002aac110 code [0x0000000002aac240, 0x0000000002aac438]
Event: 30.531 Thread 0x000000001e0a1800  912       3       org.lwjgl.system.MemoryUtil::memGetInt (8 bytes)
Event: 30.531 Thread 0x000000001e0a1800 nmethod 912 0x0000000002aa7050 code [0x0000000002aa71c0, 0x0000000002aa7370]
Event: 30.531 Thread 0x000000001e0a1800  913       3       org.lwjgl.system.MemoryAccess$MemoryAccessorUnsafe::memGetInt (8 bytes)
Event: 30.531 Thread 0x000000001e0a1800 nmethod 913 0x0000000002aa6d10 code [0x0000000002aa6e60, 0x0000000002aa6fb0]
Event: 30.797 Thread 0x000000001e0a1800  915       1       main.coreEngine.sceneGraph.components.LightComponent::input (1 bytes)
Event: 30.797 Thread 0x000000001e0a1800 nmethod 915 0x0000000002aa6a50 code [0x0000000002aa6ba0, 0x0000000002aa6cb0]

GC Heap History (10 events):
Event: 32.870 GC heap before
{Heap before GC invocations=174 (full 0):
 PSYoungGen      total 57856K, used 57568K [0x000000076b800000, 0x00000007ba680000, 0x00000007c0000000)
  eden space 57344K, 100% used [0x000000076b800000,0x000000076f000000,0x000000076f000000)
  from space 512K, 43% used [0x00000007ba580000,0x00000007ba5b8000,0x00000007ba600000)
  to   space 512K, 0% used [0x00000007ba600000,0x00000007ba600000,0x00000007ba680000)
 ParOldGen       total 173568K, used 23528K [0x00000006c2800000, 0x00000006cd180000, 0x000000076b800000)
  object space 173568K, 13% used [0x00000006c2800000,0x00000006c3efa350,0x00000006cd180000)
 Metaspace       used 8412K, capacity 8774K, committed 8960K, reserved 1056768K
  class space    used 662K, capacity 690K, committed 768K, reserved 1048576K
Event: 32.871 GC heap after
Heap after GC invocations=174 (full 0):
 PSYoungGen      total 56832K, used 224K [0x000000076b800000, 0x00000007ba680000, 0x00000007c0000000)
  eden space 56320K, 0% used [0x000000076b800000,0x000000076b800000,0x000000076ef00000)
  from space 512K, 43% used [0x00000007ba600000,0x00000007ba638000,0x00000007ba680000)
  to   space 512K, 0% used [0x00000007ba580000,0x00000007ba580000,0x00000007ba600000)
 ParOldGen       total 173568K, used 23528K [0x00000006c2800000, 0x00000006cd180000, 0x000000076b800000)
  object space 173568K, 13% used [0x00000006c2800000,0x00000006c3efa350,0x00000006cd180000)
 Metaspace       used 8412K, capacity 8774K, committed 8960K, reserved 1056768K
  class space    used 662K, capacity 690K, committed 768K, reserved 1048576K
}
Event: 32.918 GC heap before
{Heap before GC invocations=175 (full 0):
 PSYoungGen      total 56832K, used 56544K [0x000000076b800000, 0x00000007ba680000, 0x00000007c0000000)
  eden space 56320K, 100% used [0x000000076b800000,0x000000076ef00000,0x000000076ef00000)
  from space 512K, 43% used [0x00000007ba600000,0x00000007ba638000,0x00000007ba680000)
  to   space 512K, 0% used [0x00000007ba580000,0x00000007ba580000,0x00000007ba600000)
 ParOldGen       total 173568K, used 23528K [0x00000006c2800000, 0x00000006cd180000, 0x000000076b800000)
  object space 173568K, 13% used [0x00000006c2800000,0x00000006c3efa350,0x00000006cd180000)
 Metaspace       used 8412K, capacity 8774K, committed 8960K, reserved 1056768K
  class space    used 662K, capacity 690K, committed 768K, reserved 1048576K
Event: 32.919 GC heap after
Heap after GC invocations=175 (full 0):
 PSYoungGen      total 55808K, used 192K [0x000000076b800000, 0x00000007ba680000, 0x00000007c0000000)
  eden space 55296K, 0% used [0x000000076b800000,0x000000076b800000,0x000000076ee00000)
  from space 512K, 37% used [0x00000007ba580000,0x00000007ba5b0000,0x00000007ba600000)
  to   space 512K, 0% used [0x00000007ba600000,0x00000007ba600000,0x00000007ba680000)
 ParOldGen       total 173568K, used 23528K [0x00000006c2800000, 0x00000006cd180000, 0x000000076b800000)
  object space 173568K, 13% used [0x00000006c2800000,0x00000006c3efa350,0x00000006cd180000)
 Metaspace       used 8412K, capacity 8774K, committed 8960K, reserved 1056768K
  class space    used 662K, capacity 690K, committed 768K, reserved 1048576K
}
Event: 32.961 GC heap before
{Heap before GC invocations=176 (full 0):
 PSYoungGen      total 55808K, used 55488K [0x000000076b800000, 0x00000007ba680000, 0x00000007c0000000)
  eden space 55296K, 100% used [0x000000076b800000,0x000000076ee00000,0x000000076ee00000)
  from space 512K, 37% used [0x00000007ba580000,0x00000007ba5b0000,0x00000007ba600000)
  to   space 512K, 0% used [0x00000007ba600000,0x00000007ba600000,0x00000007ba680000)
 ParOldGen       total 173568K, used 23528K [0x00000006c2800000, 0x00000006cd180000, 0x000000076b800000)
  object space 173568K, 13% used [0x00000006c2800000,0x00000006c3efa350,0x00000006cd180000)
 Metaspace       used 8412K, capacity 8774K, committed 8960K, reserved 1056768K
  class space    used 662K, capacity 690K, committed 768K, reserved 1048576K
Event: 32.962 GC heap after
Heap after GC invocations=176 (full 0):
 PSYoungGen      total 67072K, used 192K [0x000000076b800000, 0x00000007ba680000, 0x00000007c0000000)
  eden space 66560K, 0% used [0x000000076b800000,0x000000076b800000,0x000000076f900000)
  from space 512K, 37% used [0x00000007ba600000,0x00000007ba630000,0x00000007ba680000)
  to   space 512K, 0% used [0x00000007ba580000,0x00000007ba580000,0x00000007ba600000)
 ParOldGen       total 173568K, used 23528K [0x00000006c2800000, 0x00000006cd180000, 0x000000076b800000)
  object space 173568K, 13% used [0x00000006c2800000,0x00000006c3efa350,0x00000006cd180000)
 Metaspace       used 8412K, capacity 8774K, committed 8960K, reserved 1056768K
  class space    used 662K, capacity 690K, committed 768K, reserved 1048576K
}
Event: 33.015 GC heap before
{Heap before GC invocations=177 (full 0):
 PSYoungGen      total 67072K, used 66752K [0x000000076b800000, 0x00000007ba680000, 0x00000007c0000000)
  eden space 66560K, 100% used [0x000000076b800000,0x000000076f900000,0x000000076f900000)
  from space 512K, 37% used [0x00000007ba600000,0x00000007ba630000,0x00000007ba680000)
  to   space 512K, 0% used [0x00000007ba580000,0x00000007ba580000,0x00000007ba600000)
 ParOldGen       total 173568K, used 23528K [0x00000006c2800000, 0x00000006cd180000, 0x000000076b800000)
  object space 173568K, 13% used [0x00000006c2800000,0x00000006c3efa350,0x00000006cd180000)
 Metaspace       used 8412K, capacity 8774K, committed 8960K, reserved 1056768K
  class space    used 662K, capacity 690K, committed 768K, reserved 1048576K
Event: 33.016 GC heap after
Heap after GC invocations=177 (full 0):
 PSYoungGen      total 80384K, used 256K [0x000000076b800000, 0x00000007ba680000, 0x00000007c0000000)
  eden space 79872K, 0% used [0x000000076b800000,0x000000076b800000,0x0000000770600000)
  from space 512K, 50% used [0x00000007ba580000,0x00000007ba5c0000,0x00000007ba600000)
  to   space 512K, 0% used [0x00000007ba600000,0x00000007ba600000,0x00000007ba680000)
 ParOldGen       total 173568K, used 23528K [0x00000006c2800000, 0x00000006cd180000, 0x000000076b800000)
  object space 173568K, 13% used [0x00000006c2800000,0x00000006c3efa350,0x00000006cd180000)
 Metaspace       used 8412K, capacity 8774K, committed 8960K, reserved 1056768K
  class space    used 662K, capacity 690K, committed 768K, reserved 1048576K
}
Event: 33.089 GC heap before
{Heap before GC invocations=178 (full 0):
 PSYoungGen      total 80384K, used 80128K [0x000000076b800000, 0x00000007ba680000, 0x00000007c0000000)
  eden space 79872K, 100% used [0x000000076b800000,0x0000000770600000,0x0000000770600000)
  from space 512K, 50% used [0x00000007ba580000,0x00000007ba5c0000,0x00000007ba600000)
  to   space 512K, 0% used [0x00000007ba600000,0x00000007ba600000,0x00000007ba680000)
 ParOldGen       total 173568K, used 23528K [0x00000006c2800000, 0x00000006cd180000, 0x000000076b800000)
  object space 173568K, 13% used [0x00000006c2800000,0x00000006c3efa350,0x00000006cd180000)
 Metaspace       used 8412K, capacity 8774K, committed 8960K, reserved 1056768K
  class space    used 662K, capacity 690K, committed 768K, reserved 1048576K
Event: 33.090 GC heap after
Heap after GC invocations=178 (full 0):
 PSYoungGen      total 78336K, used 224K [0x000000076b800000, 0x00000007ba680000, 0x00000007c0000000)
  eden space 77824K, 0% used [0x000000076b800000,0x000000076b800000,0x0000000770400000)
  from space 512K, 43% used [0x00000007ba600000,0x00000007ba638000,0x00000007ba680000)
  to   space 512K, 0% used [0x00000007ba580000,0x00000007ba580000,0x00000007ba600000)
 ParOldGen       total 173568K, used 23528K [0x00000006c2800000, 0x00000006cd180000, 0x000000076b800000)
  object space 173568K, 13% used [0x00000006c2800000,0x00000006c3efa350,0x00000006cd180000)
 Metaspace       used 8412K, capacity 8774K, committed 8960K, reserved 1056768K
  class space    used 662K, capacity 690K, committed 768K, reserved 1048576K
}

Deoptimization events (10 events):
Event: 1.457 Thread 0x000000001e236000 Uncommon trap: reason=class_check action=maybe_recompile pc=0x00000000028ec304 method=sun.misc.FloatingDecimal.parseFloat(Ljava/lang/String;)F @ 4
Event: 1.457 Thread 0x000000001e236000 Uncommon trap: reason=class_check action=maybe_recompile pc=0x00000000028ec304 method=sun.misc.FloatingDecimal.parseFloat(Ljava/lang/String;)F @ 4
Event: 1.457 Thread 0x000000001e236000 Uncommon trap: reason=class_check action=maybe_recompile pc=0x00000000028ec304 method=sun.misc.FloatingDecimal.parseFloat(Ljava/lang/String;)F @ 4
Event: 1.457 Thread 0x000000001e236000 Uncommon trap: reason=class_check action=maybe_recompile pc=0x00000000028ec304 method=sun.misc.FloatingDecimal.parseFloat(Ljava/lang/String;)F @ 4
Event: 1.458 Thread 0x000000001e236000 Uncommon trap: reason=unstable_if action=reinterpret pc=0x0000000002945a30 method=main.client.renderEngine.mesh.MeshBuilder.processFace(Ljava/lang/String;Lmain/client/renderEngine/mesh/MeshBuilder;)Z @ 114
Event: 1.460 Thread 0x000000001e236000 Uncommon trap: reason=bimorphic action=maybe_recompile pc=0x00000000027562c0 method=java.util.HashMap.getNode(ILjava/lang/Object;)Ljava/util/HashMap$Node; @ 126
Event: 1.518 Thread 0x000000001e236000 Uncommon trap: reason=unstable_if action=reinterpret pc=0x00000000028e052c method=main.coreEngine.TickableThread.run()V @ 461
Event: 1.526 Thread 0x000000001e238000 Uncommon trap: reason=unstable_if action=reinterpret pc=0x00000000028e052c method=main.coreEngine.TickableThread.run()V @ 461
Event: 1.530 Thread 0x000000001e236000 Uncommon trap: reason=unstable_if action=reinterpret pc=0x0000000002937b30 method=java.lang.Integer.valueOf(I)Ljava/lang/Integer; @ 10
Event: 1.535 Thread 0x00000000009ae000 Uncommon trap: reason=unstable_if action=reinterpret pc=0x00000000029f6994 method=main.coreEngine.Engine.start()V @ 163

Internal exceptions (8 events):
Event: 0.031 Thread 0x00000000009ae000 Exception <a 'java/lang/NoSuchMethodError': Method sun.misc.Unsafe.defineClass(Ljava/lang/String;[BII)Ljava/lang/Class; name or signature does not match> (0x000000076b80da30) thrown at [C:\workspace\8-2-build-windows-amd64-cygwin\jdk8u65\4987\hotspot\src\s	N+ðuŸ?
Event: 0.031 Thread 0x00000000009ae000 Exception <a 'java/lang/NoSuchMethodError': Method sun.misc.Unsafe.prefetchRead(Ljava/lang/Object;J)V name or signature does not match> (0x000000076b80dd18) thrown at [C:\workspace\8-2-build-windows-amd64-cygwin\jdk8u65\4987\hotspot\src\share\vm\prims\jni.Â nu®ÔÛ?
Event: 0.435 Thread 0x000000001e236000 Exception <a 'java/security/PrivilegedActionException'> (0x000000076bac7f60) thrown at [C:\workspace\8-2-build-windows-amd64-cygwin\jdk8u65\4987\hotspot\src\share\vm\prims\jvm.cpp, line 1386]
Event: 0.435 Thread 0x000000001e236000 Exception <a 'java/security/PrivilegedActionException'> (0x000000076bac8358) thrown at [C:\workspace\8-2-build-windows-amd64-cygwin\jdk8u65\4987\hotspot\src\share\vm\prims\jvm.cpp, line 1386]
Event: 0.435 Thread 0x000000001e236000 Exception <a 'java/security/PrivilegedActionException'> (0x000000076bacc570) thrown at [C:\workspace\8-2-build-windows-amd64-cygwin\jdk8u65\4987\hotspot\src\share\vm\prims\jvm.cpp, line 1386]
Event: 0.435 Thread 0x000000001e236000 Exception <a 'java/security/PrivilegedActionException'> (0x000000076bacc968) thrown at [C:\workspace\8-2-build-windows-amd64-cygwin\jdk8u65\4987\hotspot\src\share\vm\prims\jvm.cpp, line 1386]
Event: 0.439 Thread 0x000000001e236000 Implicit null exception at 0x0000000002755339 to 0x00000000027556fd
Event: 0.846 Thread 0x00000000009ae000 Implicit null exception at 0x0000000002765984 to 0x0000000002765f15

Events (10 events):
Event: 32.870 Executing VM operation: ParallelGCFailedAllocation
Event: 32.871 Executing VM operation: ParallelGCFailedAllocation done
Event: 32.918 Executing VM operation: ParallelGCFailedAllocation
Event: 32.919 Executing VM operation: ParallelGCFailedAllocation done
Event: 32.961 Executing VM operation: ParallelGCFailedAllocation
Event: 32.962 Executing VM operation: ParallelGCFailedAllocation done
Event: 33.015 Executing VM operation: ParallelGCFailedAllocation
Event: 33.016 Executing VM operation: ParallelGCFailedAllocation done
Event: 33.089 Executing VM operation: ParallelGCFailedAllocation
Event: 33.090 Executing VM operation: ParallelGCFailedAllocation done


Dynamic libraries:
0x00007ff603aa0000 - 0x00007ff603ad7000 	C:\Program Files\Java\jdk1.8.0_65\bin\java.exe
0x00007ffb48720000 - 0x00007ffb488e1000 	C:\WINDOWS\SYSTEM32\ntdll.dll
0x00007ffb48170000 - 0x00007ffb4821d000 	C:\WINDOWS\system32\KERNEL32.DLL
0x00007ffb45560000 - 0x00007ffb45748000 	C:\WINDOWS\system32\KERNELBASE.dll
0x00007ffb47a50000 - 0x00007ffb47af7000 	C:\WINDOWS\system32\ADVAPI32.dll
0x00007ffb480d0000 - 0x00007ffb4816d000 	C:\WINDOWS\system32\msvcrt.dll
0x00007ffb47b00000 - 0x00007ffb47b5b000 	C:\WINDOWS\system32\sechost.dll
0x00007ffb47700000 - 0x00007ffb4781c000 	C:\WINDOWS\system32\RPCRT4.dll
0x00007ffb485c0000 - 0x00007ffb48716000 	C:\WINDOWS\system32\USER32.dll
0x00007ffb48220000 - 0x00007ffb483a6000 	C:\WINDOWS\system32\GDI32.dll
0x00007ffb41530000 - 0x00007ffb417a4000 	C:\WINDOWS\WinSxS\amd64_microsoft.windows.common-controls_6595b64144ccf1df_6.0.10586.0_none_8c15ae12515e1c22\COMCTL32.dll
0x00007ffb45b00000 - 0x00007ffb45d7d000 	C:\WINDOWS\system32\combase.dll
0x00007ffb45920000 - 0x00007ffb4598a000 	C:\WINDOWS\system32\bcryptPrimitives.dll
0x00007ffb45f90000 - 0x00007ffb45fcb000 	C:\WINDOWS\system32\IMM32.DLL
0x000000006ce60000 - 0x000000006cf32000 	C:\Program Files\Java\jdk1.8.0_65\jre\bin\msvcr100.dll
0x000000006c5d0000 - 0x000000006ce59000 	C:\Program Files\Java\jdk1.8.0_65\jre\bin\server\jvm.dll
0x00007ffb475a0000 - 0x00007ffb475a8000 	C:\WINDOWS\system32\PSAPI.DLL
0x00007ffb42fa0000 - 0x00007ffb42fc3000 	C:\WINDOWS\SYSTEM32\WINMM.dll
0x00007ffb3c060000 - 0x00007ffb3c069000 	C:\WINDOWS\SYSTEM32\WSOCK32.dll
0x00007ffb418d0000 - 0x00007ffb418da000 	C:\WINDOWS\SYSTEM32\VERSION.dll
0x00007ffb48420000 - 0x00007ffb4848b000 	C:\WINDOWS\system32\WS2_32.dll
0x0000000000e80000 - 0x0000000000eac000 	C:\WINDOWS\SYSTEM32\WINMMBASE.dll
0x00007ffb45ab0000 - 0x00007ffb45af3000 	C:\WINDOWS\system32\cfgmgr32.dll
0x000000006c5c0000 - 0x000000006c5cf000 	C:\Program Files\Java\jdk1.8.0_65\jre\bin\verify.dll
0x000000006c590000 - 0x000000006c5b9000 	C:\Program Files\Java\jdk1.8.0_65\jre\bin\java.dll
0x000000006c550000 - 0x000000006c585000 	C:\Program Files\Java\jdk1.8.0_65\jre\bin\jdwp.dll
0x000000006c540000 - 0x000000006c548000 	C:\Program Files\Java\jdk1.8.0_65\jre\bin\npt.dll
0x000000006c520000 - 0x000000006c536000 	C:\Program Files\Java\jdk1.8.0_65\jre\bin\zip.dll
0x00007ffb45fd0000 - 0x00007ffb4752c000 	C:\WINDOWS\system32\SHELL32.dll
0x00007ffb44ef0000 - 0x00007ffb45535000 	C:\WINDOWS\system32\windows.storage.dll
0x00007ffb483c0000 - 0x00007ffb48412000 	C:\WINDOWS\system32\shlwapi.dll
0x00007ffb44da0000 - 0x00007ffb44daf000 	C:\WINDOWS\system32\kernel.appcore.dll
0x00007ffb459f0000 - 0x00007ffb45aa5000 	C:\WINDOWS\system32\shcore.dll
0x00007ffb44d50000 - 0x00007ffb44d9b000 	C:\WINDOWS\system32\powrprof.dll
0x00007ffb44d20000 - 0x00007ffb44d34000 	C:\WINDOWS\system32\profapi.dll
0x000000006c2f0000 - 0x000000006c2f9000 	C:\Program Files\Java\jdk1.8.0_65\jre\bin\dt_socket.dll
0x00007ffb44650000 - 0x00007ffb446ac000 	C:\WINDOWS\system32\mswsock.dll
0x00007ffb31ec0000 - 0x00007ffb31f48000 	D:\Code\Java\Projects\WireEngine20\lib\native\lwjgl.dll
0x00007ffb44820000 - 0x00007ffb4482b000 	C:\WINDOWS\SYSTEM32\CRYPTBASE.DLL
0x00007ffb39e30000 - 0x00007ffb39e72000 	D:\Code\Java\Projects\WireEngine20\lib\native\jemalloc.dll
0x00007ffb31e80000 - 0x00007ffb31eb8000 	D:\Code\Java\Projects\WireEngine20\lib\native\glfw.dll
0x00007ffb436a0000 - 0x00007ffb43736000 	C:\WINDOWS\system32\uxtheme.dll
0x00007ffb42950000 - 0x00007ffb42972000 	C:\WINDOWS\SYSTEM32\dwmapi.dll
0x00007ffb2da30000 - 0x00007ffb2db59000 	C:\WINDOWS\SYSTEM32\opengl32.dll
0x00007ffb2fd50000 - 0x00007ffb2fe4a000 	C:\WINDOWS\SYSTEM32\DDRAW.dll
0x00007ffb3a050000 - 0x00007ffb3a07e000 	C:\WINDOWS\SYSTEM32\GLU32.dll
0x00007ffb40230000 - 0x00007ffb40238000 	C:\WINDOWS\SYSTEM32\DCIMAN32.dll
0x00007ffb478f0000 - 0x00007ffb47a4a000 	C:\WINDOWS\system32\MSCTF.dll
0x00007ffb2cbb0000 - 0x00007ffb2cbf9000 	C:\Program Files (x86)\TeamViewer\tv_x64.dll
0x00007ffb475b0000 - 0x00007ffb476f3000 	C:\WINDOWS\system32\ole32.dll
0x000000006a5a0000 - 0x000000006c2e9000 	C:\WINDOWS\SYSTEM32\nvoglv64.DLL
0x00007ffb47c20000 - 0x00007ffb48049000 	C:\WINDOWS\system32\SETUPAPI.dll
0x00007ffb42d00000 - 0x00007ffb42d13000 	C:\WINDOWS\SYSTEM32\WTSAPI32.dll
0x00007ffb437f0000 - 0x00007ffb43817000 	C:\WINDOWS\SYSTEM32\DEVOBJ.dll
0x00007ffb45990000 - 0x00007ffb459e5000 	C:\WINDOWS\system32\WINTRUST.dll
0x00007ffb44d40000 - 0x00007ffb44d50000 	C:\WINDOWS\system32\MSASN1.dll
0x00007ffb45750000 - 0x00007ffb45917000 	C:\WINDOWS\system32\CRYPT32.dll
0x00007ffb44270000 - 0x00007ffb442a1000 	C:\WINDOWS\SYSTEM32\ntmarta.dll
0x00007ffb43fc0000 - 0x00007ffb44016000 	C:\WINDOWS\SYSTEM32\WINSTA.dll
0x00007ffb47b70000 - 0x00007ffb47c17000 	C:\WINDOWS\system32\clbcatq.dll
0x00007ffb3d0b0000 - 0x00007ffb3d0d5000 	C:\Program Files (x86)\Samsung\Easy Printer Manager\SmartScreenPrint\CDAKEYMonitor64.dll
0x00007ffb47820000 - 0x00007ffb478e1000 	C:\WINDOWS\system32\OLEAUT32.dll
0x00007ffb2ca20000 - 0x00007ffb2cbac000 	C:\WINDOWS\SYSTEM32\dbghelp.dll

VM Arguments:
jvm_args: -agentlib:jdwp=transport=dt_socket,address=127.0.0.1:64932,suspend=y,server=n -Djava.library.path=lib/native/ -Dfile.encoding=UTF-8 
java_command: main.Main
java_class_path (initial): C:\Program Files\Java\jdk1.8.0_65\jre\lib\charsets.jar;C:\Program Files\Java\jdk1.8.0_65\jre\lib\deploy.jar;C:\Program Files\Java\jdk1.8.0_65\jre\lib\ext\access-bridge-64.jar;C:\Program Files\Java\jdk1.8.0_65\jre\lib\ext\cldrdata.jar;C:\Program Files\Java\jdk1.8.0_65\jre\lib\ext\dnsns.jar;C:\Program Files\Java\jdk1.8.0_65\jre\lib\ext\jaccess.jar;C:\Program Files\Java\jdk1.8.0_65\jre\lib\ext\jfxrt.jar;C:\Program Files\Java\jdk1.8.0_65\jre\lib\ext\localedata.jar;C:\Program Files\Java\jdk1.8.0_65\jre\lib\ext\nashorn.jar;C:\Program Files\Java\jdk1.8.0_65\jre\lib\ext\sunec.jar;C:\Program Files\Java\jdk1.8.0_65\jre\lib\ext\sunjce_provider.jar;C:\Program Files\Java\jdk1.8.0_65\jre\lib\ext\sunmscapi.jar;C:\Program Files\Java\jdk1.8.0_65\jre\lib\ext\sunpkcs11.jar;C:\Program Files\Java\jdk1.8.0_65\jre\lib\ext\zipfs.jar;C:\Program Files\Java\jdk1.8.0_65\jre\lib\javaws.jar;C:\Program Files\Java\jdk1.8.0_65\jre\lib\jce.jar;C:\Program Files\Java\jdk1.8.0_65\jre\lib\jfr.jar;C:\Program Files\Java\jdk1.8.0_65\jre\lib\jfxswt.jar;C:\Program Files\Java\jdk1.8.0_65\jre\lib\jsse.jar;C:\Program Files\Java\jdk1.8.0_65\jre\lib\management-agent.jar;C:\Program Files\Java\jdk1.8.0_65\jre\lib\plugin.jar;C:\Program Files\Java\jdk1.8.0_65\jre\lib\resources.jar;C:\Program Files\Java\jdk1.8.0_65\jre\lib\rt.jar;D:\Code\Java\Projects\WireEngine20\out\production\WireEngine20;D:\Code\Java\Projects\WireEngine20\lib\jar\lwjgl.jar;D:\Code\Java\Projects\WireEngine20\lib\jar\slick-util.jar;D:\Program Files (x86)\JetBrains\IntelliJ IDEA 2016.1\lib\idea_rt.jar
Launcher Type: SUN_STANDARD

Environment Variables:
JAVA_HOME=C:\Program Files\Java\jdk1.8.0_65
PATH=C:\ProgramData\Oracle\Java\javapath;C:\Program Files (x86)\Razer Chroma SDK\bin;C:\Program Files\Razer Chroma SDK\bin;C:\Program Files (x86)\NVIDIA Corporation\PhysX\Common;C:\Program Files (x86)\Intel\iCLS Client\;C:\Program Files\Intel\iCLS Client\;C:\Windows\system32;C:\Windows;C:\Windows\System32\Wbem;C:\Windows\System32\WindowsPowerShell\v1.0\;C:\Program Files\Intel\Intel(R) Management Engine Components\DAL;C:\Program Files (x86)\Intel\Intel(R) Management Engine Components\DAL;C:\Program Files\Intel\Intel(R) Management Engine Components\IPT;C:\Program Files (x86)\Intel\Intel(R) Management Engine Components\IPT;C:\Program Files\Java\jre1.8.0_65\bin;C:\MinGW\bin;C:\WINDOWS\system32;C:\WINDOWS;C:\WINDOWS\System32\Wbem;C:\WINDOWS\System32\WindowsPowerShell\v1.0\;D:\Program Files (x86)\CMake\bin;D:\Program Files\Programs\Python\Python35-32;D:\Program Files\Programs\Python\Python35-32\Scripts;C:\Program Files (x86)\Skype\Phone\;D:\Program Files\Programs\Python\Python35-32\Scripts\;D:\Program Files\Programs\Python\Python35-32\
USERNAME=Kelan
OS=Windows_NT
PROCESSOR_IDENTIFIER=Intel64 Family 6 Model 60 Stepping 3, GenuineIntel



---------------  S Y S T E M  ---------------

OS: Windows 10.0 , 64 bit Build 10586 (10.0.10586.0)

CPU:total 8 (4 cores per cpu, 2 threads per core) family 6 model 60 stepping 3, cmov, cx8, fxsr, mmx, sse, sse2, sse3, ssse3, sse4.1, sse4.2, popcnt, avx, avx2, aes, clmul, erms, lzcnt, ht, tsc, tscinvbit, bmi1, bmi2

Memory: 4k page, physical 16609500k(7158368k free), swap 33386716k(20070788k free)

vm_info: Java HotSpot(TM) 64-Bit Server VM (25.65-b01) for windows-amd64 JRE (1.8.0_65-b17), built on Oct  6 2015 16:39:20 by "java_re" with MS VC++ 10.0 (VS2010)

time: Tue Apr 19 17:52:14 2016
elapsed time: 33 seconds (0d 0h 0m 33s)

