#
# A fatal error has been detected by the Java Runtime Environment:
#
#  EXCEPTION_ACCESS_VIOLATION (0xc0000005) at pc=0x00007ffb31d024b9, pid=12256, tid=7696
#
# JRE version: Java(TM) SE Runtime Environment (8.0_65-b17) (build 1.8.0_65-b17)
# Java VM: Java HotSpot(TM) 64-Bit Server VM (25.65-b01 mixed mode windows-amd64 compressed oops)
# Problematic frame:
# C  [glfw.dll+0x24b9]
#
# Failed to write core dump. Minidumps are not enabled by default on client versions of Windows
#
# If you would like to submit a bug report, please visit:
#   http://bugreport.java.com/bugreport/crash.jsp
# The crash happened outside the Java Virtual Machine in native code.
# See problematic frame for where to report the bug.
#

---------------  T H R E A D  ---------------

Current thread (0x000000001e209800):  JavaThread "CLIENT" [_thread_in_native, id=7696, stack(0x000000001ef10000,0x000000001f010000)]

siginfo: ExceptionCode=0xc0000005, reading address 0x0000000000000000

Registers:
RAX=0x0000000000000000, RBX=0x000000001baa3030, RCX=0x0000000000000000, RDX=0x0000000000000000
RSP=0x000000001f00ed40, RBP=0x000000001f00edd0, RSI=0x0000000000000108, RDI=0x0000000000617440
R8 =0x000000001f00ed38, R9 =0x000000001f00edd0, R10=0x0000000000000000, R11=0x0000000000000246
R12=0x0000000000000000, R13=0x000000001f00ede8, R14=0x000000001f00edc0, R15=0x000000001e209800
RIP=0x00007ffb31d024b9, EFLAGS=0x0000000000010287

Top of Stack: (sp=0x000000001f00ed40)
0x000000001f00ed40:   0000000000000000 0000000000000108
0x000000001f00ed50:   000000001ba47ba8 000000000267d710
0x000000001f00ed60:   00000000000034c1 0000000002b010ca
0x000000001f00ed70:   000000001baa3030 000000006c6caea4
0x000000001f00ed80:   000000001e209800 000000001e209800
0x000000001f00ed90:   000000001e209800 0000000000000000
0x000000001f00eda0:   000000001e161ae0 000000006c655eba
0x000000001f00edb0:   000000001f00f518 000000001f00ee48
0x000000001f00edc0:   00000006c2804098 00000000000034c0
0x000000001f00edd0:   000000001f00ee48 0000000002687d8d
0x000000001f00ede0:   0000000002687d8d 0000000000617440
0x000000001f00edf0:   00000000026878a0 00007ffb31d02420
0x000000001f00ee00:   0000000000000001 000000001f00ee08
0x000000001f00ee10:   000000001babf0bc 000000001f00ee70
0x000000001f00ee20:   000000001bac10a0 0000000000000000
0x000000001f00ee30:   000000001babf0e8 000000001f00ede8 

Instructions: (pc=0x00007ffb31d024b9)
0x00007ffb31d02499:   48 8b cf e8 1f 3a 00 00 48 39 3d f0 d5 02 00 48
0x00007ffb31d024a9:   8d 0d e9 d5 02 00 48 8b 5c 24 30 74 08 48 8b 09
0x00007ffb31d024b9:   48 39 39 75 f8 48 8b 07 48 89 01 48 8b cf 48 83
0x00007ffb31d024c9:   c4 20 5f e9 5b fe 00 00 48 83 c4 20 5f c3 cc cc 


Register to memory mapping:

RAX=0x0000000000000000 is an unknown value
RBX={method} {0x000000001baa3038} 'invokePV' '(JJ)V' in 'org/lwjgl/system/JNI'
RCX=0x0000000000000000 is an unknown value
RDX=0x0000000000000000 is an unknown value
RSP=0x000000001f00ed40 is pointing into the stack for thread: 0x000000001e209800
RBP=0x000000001f00edd0 is pointing into the stack for thread: 0x000000001e209800
RSI=0x0000000000000108 is an unknown value
RDI=0x0000000000617440 is an unknown value
R8 =0x000000001f00ed38 is pointing into the stack for thread: 0x000000001e209800
R9 =0x000000001f00edd0 is pointing into the stack for thread: 0x000000001e209800
R10=0x0000000000000000 is an unknown value
R11=0x0000000000000246 is an unknown value
R12=0x0000000000000000 is an unknown value
R13=0x000000001f00ede8 is pointing into the stack for thread: 0x000000001e209800
R14=0x000000001f00edc0 is pointing into the stack for thread: 0x000000001e209800
R15=0x000000001e209800 is a thread


Stack: [0x000000001ef10000,0x000000001f010000],  sp=0x000000001f00ed40,  free space=1019k
Native frames: (J=compiled Java code, j=interpreted, Vv=VM code, C=native code)
C  [glfw.dll+0x24b9]
C  0x0000000002b010ca

Java frames: (J=compiled Java code, j=interpreted, Vv=VM code)
J 825  org.lwjgl.system.JNI.invokePV(JJ)V (0 bytes) @ 0x0000000002b01044 [0x0000000002b01000+0x44]
j  org.lwjgl.glfw.GLFW.glfwDestroyCursor(J)V+20
j  main.client.Window.destroyWindow()V+9
j  main.coreEngine.Engine.stop()V+70
J 870 C1 main.client.Window.update()V (37 bytes) @ 0x0000000002b23a6c [0x0000000002b235c0+0x4ac]
J 845 C1 main.client.renderEngine.RenderEngine.render()V (60 bytes) @ 0x0000000002b1b25c [0x0000000002b1a120+0x113c]
J 830 C1 main.client.ClientThread.tick()V (16 bytes) @ 0x0000000002afee74 [0x0000000002afe9c0+0x4b4]
j  main.coreEngine.TickableThread.run()V+469
v  ~StubRoutines::call_stub

---------------  P R O C E S S  ---------------

Java Threads: ( => current thread )
  0x000000001e20b800 JavaThread "SERVER" [_thread_in_Java, id=9340, stack(0x000000001f010000,0x000000001f110000)]
=>0x000000001e209800 JavaThread "CLIENT" [_thread_in_native, id=7696, stack(0x000000001ef10000,0x000000001f010000)]
  0x000000001e109800 JavaThread "Service Thread" daemon [_thread_blocked, id=12880, stack(0x000000001ed10000,0x000000001ee10000)]
  0x000000001e074000 JavaThread "C1 CompilerThread3" daemon [_thread_blocked, id=12304, stack(0x000000001ec10000,0x000000001ed10000)]
  0x000000001e067000 JavaThread "C2 CompilerThread2" daemon [_thread_blocked, id=12744, stack(0x000000001eb10000,0x000000001ec10000)]
  0x000000001e066000 JavaThread "C2 CompilerThread1" daemon [_thread_blocked, id=6152, stack(0x000000001ea10000,0x000000001eb10000)]
  0x000000001e06b000 JavaThread "C2 CompilerThread0" daemon [_thread_blocked, id=1856, stack(0x000000001e910000,0x000000001ea10000)]
  0x000000001e051000 JavaThread "JDWP Command Reader" daemon [_thread_in_native, id=6308, stack(0x000000001e810000,0x000000001e910000)]
  0x000000001e050000 JavaThread "JDWP Event Helper Thread" daemon [_thread_blocked, id=10480, stack(0x000000001e710000,0x000000001e810000)]
  0x000000001c02d800 JavaThread "JDWP Transport Listener: dt_socket" daemon [_thread_blocked, id=11608, stack(0x000000001e610000,0x000000001e710000)]
  0x000000001e03f800 JavaThread "Attach Listener" daemon [_thread_blocked, id=7012, stack(0x000000001e510000,0x000000001e610000)]
  0x000000001e03e800 JavaThread "Signal Dispatcher" daemon [_thread_blocked, id=10856, stack(0x000000001e410000,0x000000001e510000)]
  0x000000000267c800 JavaThread "Finalizer" daemon [_thread_blocked, id=10392, stack(0x000000001df10000,0x000000001e010000)]
  0x0000000002676000 JavaThread "Reference Handler" daemon [_thread_blocked, id=11552, stack(0x000000001de10000,0x000000001df10000)]
  0x000000000097e000 JavaThread "main" [_thread_in_Java, id=7092, stack(0x0000000002390000,0x0000000002490000)]

Other Threads:
  0x000000001c019000 VMThread [stack: 0x000000001dd10000,0x000000001de10000] [id=10092]
  0x000000001e11b800 WatcherThread [stack: 0x000000001ee10000,0x000000001ef10000] [id=10492]

VM state:not at safepoint (normal execution)

VM Mutex/Monitor currently owned by a thread: None

Heap:
 PSYoungGen      total 508416K, used 180808K [0x000000076b800000, 0x00000007ba480000, 0x00000007c0000000)
  eden space 504320K, 35% used [0x000000076b800000,0x0000000776852250,0x000000078a480000)
  from space 4096K, 6% used [0x00000007b9c80000,0x00000007b9cc0000,0x00000007ba080000)
  to   space 4096K, 0% used [0x00000007ba080000,0x00000007ba080000,0x00000007ba480000)
 ParOldGen       total 173568K, used 27768K [0x00000006c2800000, 0x00000006cd180000, 0x000000076b800000)
  object space 173568K, 15% used [0x00000006c2800000,0x00000006c431e050,0x00000006cd180000)
 Metaspace       used 8402K, capacity 8774K, committed 8960K, reserved 1056768K
  class space    used 662K, capacity 690K, committed 768K, reserved 1048576K

Card table byte_map: [0x0000000011a40000,0x0000000012230000] byte_map_base: 0x000000000e42c000

Marking Bits: (ParMarkBitMap*) 0x000000006cdaa5b0
 Begin Bits: [0x0000000012f80000, 0x0000000016ee0000)
 End Bits:   [0x0000000016ee0000, 0x000000001ae40000)

Polling page: 0x0000000000950000

CodeCache: size=245760Kb used=4824Kb max_used=4836Kb free=240935Kb
 bounds [0x0000000002680000, 0x0000000002b40000, 0x0000000011680000]
 total_blobs=1545 nmethods=887 adapters=579
 compilation: enabled

Compilation events (10 events):
Event: 16.374 Thread 0x000000001e066000  885       4       main.coreEngine.sceneGraph.Node::tick (75 bytes)
Event: 16.384 Thread 0x000000001e066000 nmethod 885 0x0000000002b30f50 code [0x0000000002b31180, 0x0000000002b325a8]
Event: 16.436 Thread 0x000000001e067000  886       4       main.coreEngine.sceneGraph.Node::render (75 bytes)
Event: 16.445 Thread 0x000000001e067000 nmethod 886 0x0000000002b33b90 code [0x0000000002b33dc0, 0x0000000002b351e8]
Event: 16.452 Thread 0x000000001e06b000  887       4       main.coreEngine.sceneGraph.Node::input (75 bytes)
Event: 16.466 Thread 0x000000001e06b000 nmethod 887 0x0000000002b367d0 code [0x0000000002b36a00, 0x0000000002b37e28]
Event: 18.619 Thread 0x000000001e066000  888 % !   4       main.coreEngine.TickableThread::run @ 457 (500 bytes)
Event: 18.662 Thread 0x000000001e066000 nmethod 888% 0x0000000002b39410 code [0x0000000002b39800, 0x0000000002b3bfb0]
Event: 19.436 Thread 0x000000001e067000  889       4       main.coreEngine.util.maths.Matrix4f::translate (166 bytes)
Event: 19.437 Thread 0x000000001e067000 nmethod 889 0x0000000002b29a10 code [0x0000000002b29b60, 0x0000000002b29d18]

GC Heap History (10 events):
Event: 18.386 GC heap before
{Heap before GC invocations=31 (full 0):
 PSYoungGen      total 633856K, used 633600K [0x000000076b800000, 0x00000007bad00000, 0x00000007c0000000)
  eden space 633344K, 100% used [0x000000076b800000,0x0000000792280000,0x0000000792280000)
  from space 512K, 50% used [0x00000007bac80000,0x00000007bacc0000,0x00000007bad00000)
  to   space 5632K, 0% used [0x00000007ba200000,0x00000007ba200000,0x00000007ba780000)
 ParOldGen       total 173568K, used 27744K [0x00000006c2800000, 0x00000006cd180000, 0x000000076b800000)
  object space 173568K, 15% used [0x00000006c2800000,0x00000006c4318050,0x00000006cd180000)
 Metaspace       used 8402K, capacity 8774K, committed 8960K, reserved 1056768K
  class space    used 662K, capacity 690K, committed 768K, reserved 1048576K
Event: 18.386 GC heap after
Heap after GC invocations=31 (full 0):
 PSYoungGen      total 610304K, used 224K [0x000000076b800000, 0x00000007bad00000, 0x00000007c0000000)
  eden space 604672K, 0% used [0x000000076b800000,0x000000076b800000,0x0000000790680000)
  from space 5632K, 3% used [0x00000007ba200000,0x00000007ba238000,0x00000007ba780000)
  to   space 5120K, 0% used [0x00000007ba800000,0x00000007ba800000,0x00000007bad00000)
 ParOldGen       total 173568K, used 27768K [0x00000006c2800000, 0x00000006cd180000, 0x000000076b800000)
  object space 173568K, 15% used [0x00000006c2800000,0x00000006c431e050,0x00000006cd180000)
 Metaspace       used 8402K, capacity 8774K, committed 8960K, reserved 1056768K
  class space    used 662K, capacity 690K, committed 768K, reserved 1048576K
}
Event: 18.879 GC heap before
{Heap before GC invocations=32 (full 0):
 PSYoungGen      total 610304K, used 604896K [0x000000076b800000, 0x00000007bad00000, 0x00000007c0000000)
  eden space 604672K, 100% used [0x000000076b800000,0x0000000790680000,0x0000000790680000)
  from space 5632K, 3% used [0x00000007ba200000,0x00000007ba238000,0x00000007ba780000)
  to   space 5120K, 0% used [0x00000007ba800000,0x00000007ba800000,0x00000007bad00000)
 ParOldGen       total 173568K, used 27768K [0x00000006c2800000, 0x00000006cd180000, 0x000000076b800000)
  object space 173568K, 15% used [0x00000006c2800000,0x00000006c431e050,0x00000006cd180000)
 Metaspace       used 8402K, capacity 8774K, committed 8960K, reserved 1056768K
  class space    used 662K, capacity 690K, committed 768K, reserved 1048576K
Event: 18.881 GC heap after
Heap after GC invocations=32 (full 0):
 PSYoungGen      total 578048K, used 224K [0x000000076b800000, 0x00000007ba880000, 0x00000007c0000000)
  eden space 577536K, 0% used [0x000000076b800000,0x000000076b800000,0x000000078ec00000)
  from space 512K, 43% used [0x00000007ba800000,0x00000007ba838000,0x00000007ba880000)
  to   space 4608K, 0% used [0x00000007b9f80000,0x00000007b9f80000,0x00000007ba400000)
 ParOldGen       total 173568K, used 27768K [0x00000006c2800000, 0x00000006cd180000, 0x000000076b800000)
  object space 173568K, 15% used [0x00000006c2800000,0x00000006c431e050,0x00000006cd180000)
 Metaspace       used 8402K, capacity 8774K, committed 8960K, reserved 1056768K
  class space    used 662K, capacity 690K, committed 768K, reserved 1048576K
}
Event: 19.361 GC heap before
{Heap before GC invocations=33 (full 0):
 PSYoungGen      total 578048K, used 577760K [0x000000076b800000, 0x00000007ba880000, 0x00000007c0000000)
  eden space 577536K, 100% used [0x000000076b800000,0x000000078ec00000,0x000000078ec00000)
  from space 512K, 43% used [0x00000007ba800000,0x00000007ba838000,0x00000007ba880000)
  to   space 4608K, 0% used [0x00000007b9f80000,0x00000007b9f80000,0x00000007ba400000)
 ParOldGen       total 173568K, used 27768K [0x00000006c2800000, 0x00000006cd180000, 0x000000076b800000)
  object space 173568K, 15% used [0x00000006c2800000,0x00000006c431e050,0x00000006cd180000)
 Metaspace       used 8402K, capacity 8774K, committed 8960K, reserved 1056768K
  class space    used 662K, capacity 690K, committed 768K, reserved 1048576K
Event: 19.362 GC heap after
Heap after GC invocations=33 (full 0):
 PSYoungGen      total 556544K, used 256K [0x000000076b800000, 0x00000007ba880000, 0x00000007c0000000)
  eden space 551936K, 0% used [0x000000076b800000,0x000000076b800000,0x000000078d300000)
  from space 4608K, 5% used [0x00000007b9f80000,0x00000007b9fc0000,0x00000007ba400000)
  to   space 4608K, 0% used [0x00000007ba400000,0x00000007ba400000,0x00000007ba880000)
 ParOldGen       total 173568K, used 27768K [0x00000006c2800000, 0x00000006cd180000, 0x000000076b800000)
  object space 173568K, 15% used [0x00000006c2800000,0x00000006c431e050,0x00000006cd180000)
 Metaspace       used 8402K, capacity 8774K, committed 8960K, reserved 1056768K
  class space    used 662K, capacity 690K, committed 768K, reserved 1048576K
}
Event: 19.899 GC heap before
{Heap before GC invocations=34 (full 0):
 PSYoungGen      total 556544K, used 552192K [0x000000076b800000, 0x00000007ba880000, 0x00000007c0000000)
  eden space 551936K, 100% used [0x000000076b800000,0x000000078d300000,0x000000078d300000)
  from space 4608K, 5% used [0x00000007b9f80000,0x00000007b9fc0000,0x00000007ba400000)
  to   space 4608K, 0% used [0x00000007ba400000,0x00000007ba400000,0x00000007ba880000)
 ParOldGen       total 173568K, used 27768K [0x00000006c2800000, 0x00000006cd180000, 0x000000076b800000)
  object space 173568K, 15% used [0x00000006c2800000,0x00000006c431e050,0x00000006cd180000)
 Metaspace       used 8402K, capacity 8774K, committed 8960K, reserved 1056768K
  class space    used 662K, capacity 690K, committed 768K, reserved 1048576K
Event: 19.900 GC heap after
Heap after GC invocations=34 (full 0):
 PSYoungGen      total 527872K, used 256K [0x000000076b800000, 0x00000007ba480000, 0x00000007c0000000)
  eden space 527360K, 0% used [0x000000076b800000,0x000000076b800000,0x000000078bb00000)
  from space 512K, 50% used [0x00000007ba400000,0x00000007ba440000,0x00000007ba480000)
  to   space 4096K, 0% used [0x00000007b9c80000,0x00000007b9c80000,0x00000007ba080000)
 ParOldGen       total 173568K, used 27768K [0x00000006c2800000, 0x00000006cd180000, 0x000000076b800000)
  object space 173568K, 15% used [0x00000006c2800000,0x00000006c431e050,0x00000006cd180000)
 Metaspace       used 8402K, capacity 8774K, committed 8960K, reserved 1056768K
  class space    used 662K, capacity 690K, committed 768K, reserved 1048576K
}
Event: 20.309 GC heap before
{Heap before GC invocations=35 (full 0):
 PSYoungGen      total 527872K, used 527616K [0x000000076b800000, 0x00000007ba480000, 0x00000007c0000000)
  eden space 527360K, 100% used [0x000000076b800000,0x000000078bb00000,0x000000078bb00000)
  from space 512K, 50% used [0x00000007ba400000,0x00000007ba440000,0x00000007ba480000)
  to   space 4096K, 0% used [0x00000007b9c80000,0x00000007b9c80000,0x00000007ba080000)
 ParOldGen       total 173568K, used 27768K [0x00000006c2800000, 0x00000006cd180000, 0x000000076b800000)
  object space 173568K, 15% used [0x00000006c2800000,0x00000006c431e050,0x00000006cd180000)
 Metaspace       used 8402K, capacity 8774K, committed 8960K, reserved 1056768K
  class space    used 662K, capacity 690K, committed 768K, reserved 1048576K
Event: 20.310 GC heap after
Heap after GC invocations=35 (full 0):
 PSYoungGen      total 508416K, used 256K [0x000000076b800000, 0x00000007ba480000, 0x00000007c0000000)
  eden space 504320K, 0% used [0x000000076b800000,0x000000076b800000,0x000000078a480000)
  from space 4096K, 6% used [0x00000007b9c80000,0x00000007b9cc0000,0x00000007ba080000)
  to   space 4096K, 0% used [0x00000007ba080000,0x00000007ba080000,0x00000007ba480000)
 ParOldGen       total 173568K, used 27768K [0x00000006c2800000, 0x00000006cd180000, 0x000000076b800000)
  object space 173568K, 15% used [0x00000006c2800000,0x00000006c431e050,0x00000006cd180000)
 Metaspace       used 8402K, capacity 8774K, committed 8960K, reserved 1056768K
  class space    used 662K, capacity 690K, committed 768K, reserved 1048576K
}

Deoptimization events (10 events):
Event: 1.379 Thread 0x000000001e209800 Uncommon trap: reason=class_check action=maybe_recompile pc=0x0000000002958484 method=sun.misc.FloatingDecimal.parseFloat(Ljava/lang/String;)F @ 4
Event: 1.379 Thread 0x000000001e209800 Uncommon trap: reason=class_check action=maybe_recompile pc=0x0000000002958484 method=sun.misc.FloatingDecimal.parseFloat(Ljava/lang/String;)F @ 4
Event: 1.379 Thread 0x000000001e209800 Uncommon trap: reason=class_check action=maybe_recompile pc=0x0000000002958484 method=sun.misc.FloatingDecimal.parseFloat(Ljava/lang/String;)F @ 4
Event: 1.379 Thread 0x000000001e209800 Uncommon trap: reason=class_check action=maybe_recompile pc=0x0000000002958484 method=sun.misc.FloatingDecimal.parseFloat(Ljava/lang/String;)F @ 4
Event: 1.380 Thread 0x000000001e209800 Uncommon trap: reason=unstable_if action=reinterpret pc=0x00000000029b34d4 method=main.client.renderEngine.mesh.MeshBuilder.processFace(Ljava/lang/String;Lmain/client/renderEngine/mesh/MeshBuilder;)Z @ 114
Event: 1.382 Thread 0x000000001e209800 Uncommon trap: reason=unstable_if action=reinterpret pc=0x00000000029bcd70 method=java.lang.Integer.valueOf(I)Ljava/lang/Integer; @ 10
Event: 1.382 Thread 0x000000001e209800 Uncommon trap: reason=unstable_if action=reinterpret pc=0x00000000029aa9b0 method=java.lang.Integer.valueOf(I)Ljava/lang/Integer; @ 10
Event: 1.432 Thread 0x000000001e209800 Uncommon trap: reason=unstable_if action=reinterpret pc=0x0000000002951ec0 method=main.coreEngine.TickableThread.run()V @ 461
Event: 1.441 Thread 0x000000001e20b800 Uncommon trap: reason=unstable_if action=reinterpret pc=0x0000000002951ec0 method=main.coreEngine.TickableThread.run()V @ 461
Event: 1.449 Thread 0x000000000097e000 Uncommon trap: reason=unstable_if action=reinterpret pc=0x0000000002a70f64 method=main.coreEngine.Engine.start()V @ 163

Internal exceptions (9 events):
Event: 0.030 Thread 0x000000000097e000 Exception <a 'java/lang/NoSuchMethodError': Method sun.misc.Unsafe.defineClass(Ljava/lang/String;[BII)Ljava/lang/Class; name or signature does not match> (0x000000076b80d890) thrown at [C:\workspace\8-2-build-windows-amd64-cygwin\jdk8u65\4987\hotspot\src\sì~¶(;‘ž?
Event: 0.030 Thread 0x000000000097e000 Exception <a 'java/lang/NoSuchMethodError': Method sun.misc.Unsafe.prefetchRead(Ljava/lang/Object;J)V name or signature does not match> (0x000000076b80db78) thrown at [C:\workspace\8-2-build-windows-amd64-cygwin\jdk8u65\4987\hotspot\src\share\vm\prims\jni.0b
Event: 0.422 Thread 0x000000001e209800 Implicit null exception at 0x00000000027db08f to 0x00000000027db3f5
Event: 0.423 Thread 0x000000001e209800 Exception <a 'java/security/PrivilegedActionException'> (0x000000076dc2a290) thrown at [C:\workspace\8-2-build-windows-amd64-cygwin\jdk8u65\4987\hotspot\src\share\vm\prims\jvm.cpp, line 1386]
Event: 0.423 Thread 0x000000001e209800 Exception <a 'java/security/PrivilegedActionException'> (0x000000076dc2a688) thrown at [C:\workspace\8-2-build-windows-amd64-cygwin\jdk8u65\4987\hotspot\src\share\vm\prims\jvm.cpp, line 1386]
Event: 0.423 Thread 0x000000001e209800 Exception <a 'java/security/PrivilegedActionException'> (0x000000076dc2e8a0) thrown at [C:\workspace\8-2-build-windows-amd64-cygwin\jdk8u65\4987\hotspot\src\share\vm\prims\jvm.cpp, line 1386]
Event: 0.423 Thread 0x000000001e209800 Exception <a 'java/security/PrivilegedActionException'> (0x000000076dc2ec98) thrown at [C:\workspace\8-2-build-windows-amd64-cygwin\jdk8u65\4987\hotspot\src\share\vm\prims\jvm.cpp, line 1386]
Event: 0.792 Thread 0x000000000097e000 Implicit null exception at 0x00000000027e70c4 to 0x00000000027e7685
Event: 1.382 Thread 0x000000001e209800 Implicit null exception at 0x00000000029bc8ad to 0x00000000029bcd44

Events (10 events):
Event: 18.386 Executing VM operation: ParallelGCFailedAllocation
Event: 18.386 Executing VM operation: ParallelGCFailedAllocation done
Event: 18.879 Executing VM operation: ParallelGCFailedAllocation
Event: 18.881 Executing VM operation: ParallelGCFailedAllocation done
Event: 19.361 Executing VM operation: ParallelGCFailedAllocation
Event: 19.362 Executing VM operation: ParallelGCFailedAllocation done
Event: 19.899 Executing VM operation: ParallelGCFailedAllocation
Event: 19.900 Executing VM operation: ParallelGCFailedAllocation done
Event: 20.309 Executing VM operation: ParallelGCFailedAllocation
Event: 20.310 Executing VM operation: ParallelGCFailedAllocation done


Dynamic libraries:
0x00007ff603aa0000 - 0x00007ff603ad7000 	C:\Program Files\Java\jdk1.8.0_65\bin\java.exe
0x00007ffb48720000 - 0x00007ffb488e1000 	C:\WINDOWS\SYSTEM32\ntdll.dll
0x00007ffb48170000 - 0x00007ffb4821d000 	C:\WINDOWS\system32\KERNEL32.DLL
0x00007ffb45560000 - 0x00007ffb45748000 	C:\WINDOWS\system32\KERNELBASE.dll
0x00007ffb47a50000 - 0x00007ffb47af7000 	C:\WINDOWS\system32\ADVAPI32.dll
0x00007ffb480d0000 - 0x00007ffb4816d000 	C:\WINDOWS\system32\msvcrt.dll
0x00007ffb47b00000 - 0x00007ffb47b5b000 	C:\WINDOWS\system32\sechost.dll
0x00007ffb47700000 - 0x00007ffb4781c000 	C:\WINDOWS\system32\RPCRT4.dll
0x00007ffb485c0000 - 0x00007ffb48716000 	C:\WINDOWS\system32\USER32.dll
0x00007ffb48220000 - 0x00007ffb483a6000 	C:\WINDOWS\system32\GDI32.dll
0x00007ffb41530000 - 0x00007ffb417a4000 	C:\WINDOWS\WinSxS\amd64_microsoft.windows.common-controls_6595b64144ccf1df_6.0.10586.0_none_8c15ae12515e1c22\COMCTL32.dll
0x00007ffb45b00000 - 0x00007ffb45d7d000 	C:\WINDOWS\system32\combase.dll
0x00007ffb45920000 - 0x00007ffb4598a000 	C:\WINDOWS\system32\bcryptPrimitives.dll
0x00007ffb45f90000 - 0x00007ffb45fcb000 	C:\WINDOWS\system32\IMM32.DLL
0x000000006ce30000 - 0x000000006cf02000 	C:\Program Files\Java\jdk1.8.0_65\jre\bin\msvcr100.dll
0x000000006c5a0000 - 0x000000006ce29000 	C:\Program Files\Java\jdk1.8.0_65\jre\bin\server\jvm.dll
0x00007ffb475a0000 - 0x00007ffb475a8000 	C:\WINDOWS\system32\PSAPI.DLL
0x00007ffb3c060000 - 0x00007ffb3c069000 	C:\WINDOWS\SYSTEM32\WSOCK32.dll
0x00007ffb42fa0000 - 0x00007ffb42fc3000 	C:\WINDOWS\SYSTEM32\WINMM.dll
0x00007ffb418d0000 - 0x00007ffb418da000 	C:\WINDOWS\SYSTEM32\VERSION.dll
0x00007ffb48420000 - 0x00007ffb4848b000 	C:\WINDOWS\system32\WS2_32.dll
0x00007ffb42f40000 - 0x00007ffb42f6c000 	C:\WINDOWS\SYSTEM32\WINMMBASE.dll
0x00007ffb45ab0000 - 0x00007ffb45af3000 	C:\WINDOWS\system32\cfgmgr32.dll
0x000000006c590000 - 0x000000006c59f000 	C:\Program Files\Java\jdk1.8.0_65\jre\bin\verify.dll
0x000000006c560000 - 0x000000006c589000 	C:\Program Files\Java\jdk1.8.0_65\jre\bin\java.dll
0x000000006c520000 - 0x000000006c555000 	C:\Program Files\Java\jdk1.8.0_65\jre\bin\jdwp.dll
0x000000006c510000 - 0x000000006c518000 	C:\Program Files\Java\jdk1.8.0_65\jre\bin\npt.dll
0x000000006c4f0000 - 0x000000006c506000 	C:\Program Files\Java\jdk1.8.0_65\jre\bin\zip.dll
0x00007ffb45fd0000 - 0x00007ffb4752c000 	C:\WINDOWS\system32\SHELL32.dll
0x00007ffb44ef0000 - 0x00007ffb45535000 	C:\WINDOWS\system32\windows.storage.dll
0x00007ffb483c0000 - 0x00007ffb48412000 	C:\WINDOWS\system32\shlwapi.dll
0x00007ffb44da0000 - 0x00007ffb44daf000 	C:\WINDOWS\system32\kernel.appcore.dll
0x00007ffb459f0000 - 0x00007ffb45aa5000 	C:\WINDOWS\system32\shcore.dll
0x00007ffb44d50000 - 0x00007ffb44d9b000 	C:\WINDOWS\system32\powrprof.dll
0x00007ffb44d20000 - 0x00007ffb44d34000 	C:\WINDOWS\system32\profapi.dll
0x000000006c4e0000 - 0x000000006c4e9000 	C:\Program Files\Java\jdk1.8.0_65\jre\bin\dt_socket.dll
0x00007ffb44650000 - 0x00007ffb446ac000 	C:\WINDOWS\system32\mswsock.dll
0x00007ffb31d90000 - 0x00007ffb31e18000 	D:\Code\Java\Projects\WireEngine20\lib\native\lwjgl.dll
0x00007ffb44820000 - 0x00007ffb4482b000 	C:\WINDOWS\SYSTEM32\CRYPTBASE.DLL
0x00007ffb31d40000 - 0x00007ffb31d82000 	D:\Code\Java\Projects\WireEngine20\lib\native\jemalloc.dll
0x00007ffb31d00000 - 0x00007ffb31d38000 	D:\Code\Java\Projects\WireEngine20\lib\native\glfw.dll
0x00007ffb436a0000 - 0x00007ffb43736000 	C:\WINDOWS\system32\uxtheme.dll
0x00007ffb42950000 - 0x00007ffb42972000 	C:\WINDOWS\SYSTEM32\dwmapi.dll
0x00007ffb2da30000 - 0x00007ffb2db59000 	C:\WINDOWS\SYSTEM32\opengl32.dll
0x00007ffb2fd50000 - 0x00007ffb2fe4a000 	C:\WINDOWS\SYSTEM32\DDRAW.dll
0x00007ffb3a050000 - 0x00007ffb3a07e000 	C:\WINDOWS\SYSTEM32\GLU32.dll
0x00007ffb40230000 - 0x00007ffb40238000 	C:\WINDOWS\SYSTEM32\DCIMAN32.dll
0x00007ffb478f0000 - 0x00007ffb47a4a000 	C:\WINDOWS\system32\MSCTF.dll
0x00007ffb2cbb0000 - 0x00007ffb2cbf9000 	C:\Program Files (x86)\TeamViewer\tv_x64.dll
0x00007ffb475b0000 - 0x00007ffb476f3000 	C:\WINDOWS\system32\ole32.dll
0x000000006a790000 - 0x000000006c4d9000 	C:\WINDOWS\SYSTEM32\nvoglv64.DLL
0x00007ffb47c20000 - 0x00007ffb48049000 	C:\WINDOWS\system32\SETUPAPI.dll
0x00007ffb42d00000 - 0x00007ffb42d13000 	C:\WINDOWS\SYSTEM32\WTSAPI32.dll
0x00007ffb437f0000 - 0x00007ffb43817000 	C:\WINDOWS\SYSTEM32\DEVOBJ.dll
0x00007ffb45990000 - 0x00007ffb459e5000 	C:\WINDOWS\system32\WINTRUST.dll
0x00007ffb44d40000 - 0x00007ffb44d50000 	C:\WINDOWS\system32\MSASN1.dll
0x00007ffb45750000 - 0x00007ffb45917000 	C:\WINDOWS\system32\CRYPT32.dll
0x00007ffb44270000 - 0x00007ffb442a1000 	C:\WINDOWS\SYSTEM32\ntmarta.dll
0x00007ffb43fc0000 - 0x00007ffb44016000 	C:\WINDOWS\SYSTEM32\WINSTA.dll
0x00007ffb47b70000 - 0x00007ffb47c17000 	C:\WINDOWS\system32\clbcatq.dll
0x00007ffb3d0b0000 - 0x00007ffb3d0d5000 	C:\Program Files (x86)\Samsung\Easy Printer Manager\SmartScreenPrint\CDAKEYMonitor64.dll
0x00007ffb47820000 - 0x00007ffb478e1000 	C:\WINDOWS\system32\OLEAUT32.dll
0x00007ffb2ca20000 - 0x00007ffb2cbac000 	C:\WINDOWS\SYSTEM32\dbghelp.dll

VM Arguments:
jvm_args: -agentlib:jdwp=transport=dt_socket,address=127.0.0.1:62679,suspend=y,server=n -Djava.library.path=lib/native/ -Dfile.encoding=UTF-8 
java_command: main.Main
java_class_path (initial): C:\Program Files\Java\jdk1.8.0_65\jre\lib\charsets.jar;C:\Program Files\Java\jdk1.8.0_65\jre\lib\deploy.jar;C:\Program Files\Java\jdk1.8.0_65\jre\lib\ext\access-bridge-64.jar;C:\Program Files\Java\jdk1.8.0_65\jre\lib\ext\cldrdata.jar;C:\Program Files\Java\jdk1.8.0_65\jre\lib\ext\dnsns.jar;C:\Program Files\Java\jdk1.8.0_65\jre\lib\ext\jaccess.jar;C:\Program Files\Java\jdk1.8.0_65\jre\lib\ext\jfxrt.jar;C:\Program Files\Java\jdk1.8.0_65\jre\lib\ext\localedata.jar;C:\Program Files\Java\jdk1.8.0_65\jre\lib\ext\nashorn.jar;C:\Program Files\Java\jdk1.8.0_65\jre\lib\ext\sunec.jar;C:\Program Files\Java\jdk1.8.0_65\jre\lib\ext\sunjce_provider.jar;C:\Program Files\Java\jdk1.8.0_65\jre\lib\ext\sunmscapi.jar;C:\Program Files\Java\jdk1.8.0_65\jre\lib\ext\sunpkcs11.jar;C:\Program Files\Java\jdk1.8.0_65\jre\lib\ext\zipfs.jar;C:\Program Files\Java\jdk1.8.0_65\jre\lib\javaws.jar;C:\Program Files\Java\jdk1.8.0_65\jre\lib\jce.jar;C:\Program Files\Java\jdk1.8.0_65\jre\lib\jfr.jar;C:\Program Files\Java\jdk1.8.0_65\jre\lib\jfxswt.jar;C:\Program Files\Java\jdk1.8.0_65\jre\lib\jsse.jar;C:\Program Files\Java\jdk1.8.0_65\jre\lib\management-agent.jar;C:\Program Files\Java\jdk1.8.0_65\jre\lib\plugin.jar;C:\Program Files\Java\jdk1.8.0_65\jre\lib\resources.jar;C:\Program Files\Java\jdk1.8.0_65\jre\lib\rt.jar;D:\Code\Java\Projects\WireEngine20\out\production\WireEngine20;D:\Code\Java\Projects\WireEngine20\lib\jar\lwjgl.jar;D:\Code\Java\Projects\WireEngine20\lib\jar\slick-util.jar;D:\Program Files (x86)\JetBrains\IntelliJ IDEA 2016.1\lib\idea_rt.jar
Launcher Type: SUN_STANDARD

Environment Variables:
JAVA_HOME=C:\Program Files\Java\jdk1.8.0_65
PATH=C:\ProgramData\Oracle\Java\javapath;C:\Program Files (x86)\Razer Chroma SDK\bin;C:\Program Files\Razer Chroma SDK\bin;C:\Program Files (x86)\NVIDIA Corporation\PhysX\Common;C:\Program Files (x86)\Intel\iCLS Client\;C:\Program Files\Intel\iCLS Client\;C:\Windows\system32;C:\Windows;C:\Windows\System32\Wbem;C:\Windows\System32\WindowsPowerShell\v1.0\;C:\Program Files\Intel\Intel(R) Management Engine Components\DAL;C:\Program Files (x86)\Intel\Intel(R) Management Engine Components\DAL;C:\Program Files\Intel\Intel(R) Management Engine Components\IPT;C:\Program Files (x86)\Intel\Intel(R) Management Engine Components\IPT;C:\Program Files\Java\jre1.8.0_65\bin;C:\MinGW\bin;C:\WINDOWS\system32;C:\WINDOWS;C:\WINDOWS\System32\Wbem;C:\WINDOWS\System32\WindowsPowerShell\v1.0\;D:\Program Files (x86)\CMake\bin;D:\Program Files\Programs\Python\Python35-32;D:\Program Files\Programs\Python\Python35-32\Scripts;C:\Program Files (x86)\Skype\Phone\;D:\Program Files\Programs\Python\Python35-32\Scripts\;D:\Program Files\Programs\Python\Python35-32\
USERNAME=Kelan
OS=Windows_NT
PROCESSOR_IDENTIFIER=Intel64 Family 6 Model 60 Stepping 3, GenuineIntel



---------------  S Y S T E M  ---------------

OS: Windows 10.0 , 64 bit Build 10586 (10.0.10586.0)

CPU:total 8 (4 cores per cpu, 2 threads per core) family 6 model 60 stepping 3, cmov, cx8, fxsr, mmx, sse, sse2, sse3, ssse3, sse4.1, sse4.2, popcnt, avx, avx2, aes, clmul, erms, lzcnt, ht, tsc, tscinvbit, bmi1, bmi2

Memory: 4k page, physical 16609500k(7716484k free), swap 33386716k(21956792k free)

vm_info: Java HotSpot(TM) 64-Bit Server VM (25.65-b01) for windows-amd64 JRE (1.8.0_65-b17), built on Oct  6 2015 16:39:20 by "java_re" with MS VC++ 10.0 (VS2010)

time: Tue Apr 19 14:26:54 2016
elapsed time: 20 seconds (0d 0h 0m 20s)

