#
# A fatal error has been detected by the Java Runtime Environment:
#
#  EXCEPTION_ACCESS_VIOLATION (0xc0000005) at pc=0x00007ffd11dd24b9, pid=4792, tid=5444
#
# JRE version: Java(TM) SE Runtime Environment (8.0_65-b17) (build 1.8.0_65-b17)
# Java VM: Java HotSpot(TM) 64-Bit Server VM (25.65-b01 mixed mode windows-amd64 compressed oops)
# Problematic frame:
# C  [glfw.dll+0x24b9]
#
# Failed to write core dump. Minidumps are not enabled by default on client versions of Windows
#
# If you would like to submit a bug report, please visit:
#   http://bugreport.java.com/bugreport/crash.jsp
# The crash happened outside the Java Virtual Machine in native code.
# See problematic frame for where to report the bug.
#

---------------  T H R E A D  ---------------

Current thread (0x000000001efe3000):  JavaThread "CLIENT" [_thread_in_native, id=5444, stack(0x000000001f760000,0x000000001f860000)]

siginfo: ExceptionCode=0xc0000005, reading address 0x0000000000000000

Registers:
RAX=0x0000000000000000, RBX=0x000000001bcbad38, RCX=0x0000000000000000, RDX=0x0000000000000000
RSP=0x000000001f85ee80, RBP=0x000000001f85ef38, RSI=0x0000000000000108, RDI=0x0000000000491e30
R8 =0x000000001f85ee78, R9 =0x000000001f85ef38, R10=0x0000000000000000, R11=0x0000000000000246
R12=0x0000000000000000, R13=0x000000001bcbad38, R14=0x000000001f85ef70, R15=0x000000001efe3000
RIP=0x00007ffd11dd24b9, EFLAGS=0x0000000000010283

Top of Stack: (sp=0x000000001f85ee80)
0x000000001f85ee80:   000000001efe3000 000000001efe3000
0x000000001f85ee90:   000000001efe3000 000000001efe3000
0x000000001f85eea0:   00000000000003d8 0000000002825e34
0x000000001f85eeb0:   000000001bcbad38 000000001efe3000
0x000000001f85eec0:   000000001bc4c0d8 000000001c1b0460
0x000000001f85eed0:   000000000000000e 000000001efe3000
0x000000001f85eee0:   000000001bcd6710 000000005a88aea4
0x000000001f85eef0:   000000001efe3000 000000001f85eef8
0x000000001f85ef00:   0000000000000000 000000001f85ef70
0x000000001f85ef10:   000000001bcbaed0 0000000000000000
0x000000001f85ef20:   000000001bcbad38 0000000000000000
0x000000001f85ef30:   000000001f85ef58 000000001f85efb8
0x000000001f85ef40:   0000000002817ced 00000006c2812190
0x000000001f85ef50:   000000000281f978 0000000000491e30
0x000000001f85ef60:   0000000002817800 00007ffd11dd2420
0x000000001f85ef70:   0000000000000001 000000001f85ef78 

Instructions: (pc=0x00007ffd11dd24b9)
0x00007ffd11dd2499:   48 8b cf e8 1f 3a 00 00 48 39 3d f0 d5 02 00 48
0x00007ffd11dd24a9:   8d 0d e9 d5 02 00 48 8b 5c 24 30 74 08 48 8b 09
0x00007ffd11dd24b9:   48 39 39 75 f8 48 8b 07 48 89 01 48 8b cf 48 83
0x00007ffd11dd24c9:   c4 20 5f e9 5b fe 00 00 48 83 c4 20 5f c3 cc cc 


Register to memory mapping:

RAX=0x0000000000000000 is an unknown value
RBX={method} {0x000000001bcbad40} 'invokePV' '(JJ)V' in 'org/lwjgl/system/JNI'
RCX=0x0000000000000000 is an unknown value
RDX=0x0000000000000000 is an unknown value
RSP=0x000000001f85ee80 is pointing into the stack for thread: 0x000000001efe3000
RBP=0x000000001f85ef38 is pointing into the stack for thread: 0x000000001efe3000
RSI=0x0000000000000108 is an unknown value
RDI=0x0000000000491e30 is an unknown value
R8 =0x000000001f85ee78 is pointing into the stack for thread: 0x000000001efe3000
R9 =0x000000001f85ef38 is pointing into the stack for thread: 0x000000001efe3000
R10=0x0000000000000000 is an unknown value
R11=0x0000000000000246 is an unknown value
R12=0x0000000000000000 is an unknown value
R13={method} {0x000000001bcbad40} 'invokePV' '(JJ)V' in 'org/lwjgl/system/JNI'
R14=0x000000001f85ef70 is pointing into the stack for thread: 0x000000001efe3000
R15=0x000000001efe3000 is a thread


Stack: [0x000000001f760000,0x000000001f860000],  sp=0x000000001f85ee80,  free space=1019k
Native frames: (J=compiled Java code, j=interpreted, Vv=VM code, C=native code)
C  [glfw.dll+0x24b9]
C  0x0000000002825e34

Java frames: (J=compiled Java code, j=interpreted, Vv=VM code)
j  org.lwjgl.system.JNI.invokePV(JJ)V+0
j  org.lwjgl.glfw.GLFW.glfwDestroyCursor(J)V+20
j  main.client.Window.destroyWindow()V+29
j  main.coreEngine.Engine.stop()V+111
j  main.client.Window.update()V+81
j  main.client.renderEngine.RenderEngine.render()V+100
j  main.client.ClientThread.tick()V+32
J 629% C1 main.coreEngine.TickableThread.run()V (849 bytes) @ 0x0000000002b1cfcc [0x0000000002b17ea0+0x512c]
v  ~StubRoutines::call_stub

---------------  P R O C E S S  ---------------

Java Threads: ( => current thread )
  0x000000001efe4000 JavaThread "SERVER" [_thread_in_Java, id=13868, stack(0x000000001f860000,0x000000001f960000)]
=>0x000000001efe3000 JavaThread "CLIENT" [_thread_in_native, id=5444, stack(0x000000001f760000,0x000000001f860000)]
  0x000000001e49f800 JavaThread "Monitor Ctrl-Break" daemon [_thread_in_native, id=13460, stack(0x000000001ee50000,0x000000001ef50000)]
  0x000000001e3f9800 JavaThread "Service Thread" daemon [_thread_blocked, id=11060, stack(0x000000001ec50000,0x000000001ed50000)]
  0x000000001e33f000 JavaThread "C1 CompilerThread3" daemon [_thread_blocked, id=13208, stack(0x000000001eb50000,0x000000001ec50000)]
  0x000000001e319800 JavaThread "C2 CompilerThread2" daemon [_thread_blocked, id=4260, stack(0x000000001ea50000,0x000000001eb50000)]
  0x000000001e318800 JavaThread "C2 CompilerThread1" daemon [_thread_blocked, id=14072, stack(0x000000001e950000,0x000000001ea50000)]
  0x000000001e34d800 JavaThread "C2 CompilerThread0" daemon [_thread_blocked, id=12336, stack(0x000000001e850000,0x000000001e950000)]
  0x000000001e276800 JavaThread "Attach Listener" daemon [_thread_blocked, id=2420, stack(0x000000001e750000,0x000000001e850000)]
  0x000000001e275800 JavaThread "Signal Dispatcher" daemon [_thread_blocked, id=12168, stack(0x000000001e650000,0x000000001e750000)]
  0x000000000280a000 JavaThread "Finalizer" daemon [_thread_blocked, id=13476, stack(0x000000001e070000,0x000000001e170000)]
  0x0000000002803000 JavaThread "Reference Handler" daemon [_thread_blocked, id=11204, stack(0x000000001df70000,0x000000001e070000)]
  0x0000000002712800 JavaThread "main" [_thread_in_Java, id=9032, stack(0x0000000002450000,0x0000000002550000)]

Other Threads:
  0x000000001c1a9800 VMThread [stack: 0x000000001de70000,0x000000001df70000] [id=6148]
  0x000000001e497000 WatcherThread [stack: 0x000000001ed50000,0x000000001ee50000] [id=13168]

VM state:not at safepoint (normal execution)

VM Mutex/Monitor currently owned by a thread: None

Heap:
 PSYoungGen      total 525312K, used 321362K [0x000000076b800000, 0x000000078be00000, 0x00000007c0000000)
  eden space 520192K, 61% used [0x000000076b800000,0x000000077f1a4b40,0x000000078b400000)
  from space 5120K, 3% used [0x000000078b900000,0x000000078b930000,0x000000078be00000)
  to   space 5120K, 0% used [0x000000078b400000,0x000000078b400000,0x000000078b900000)
 ParOldGen       total 173568K, used 2074K [0x00000006c2800000, 0x00000006cd180000, 0x000000076b800000)
  object space 173568K, 1% used [0x00000006c2800000,0x00000006c2a068e8,0x00000006cd180000)
 Metaspace       used 9535K, capacity 9710K, committed 9856K, reserved 1058816K
  class space    used 772K, capacity 826K, committed 896K, reserved 1048576K

Card table byte_map: [0x0000000011bd0000,0x00000000123c0000] byte_map_base: 0x000000000e5bc000

Marking Bits: (ParMarkBitMap*) 0x000000005af6a5b0
 Begin Bits: [0x0000000013110000, 0x0000000017070000)
 End Bits:   [0x0000000017070000, 0x000000001afd0000)

Polling page: 0x0000000000430000

CodeCache: size=245760Kb used=3662Kb max_used=3662Kb free=242097Kb
 bounds [0x0000000002810000, 0x0000000002bb0000, 0x0000000011810000]
 total_blobs=1444 nmethods=748 adapters=609
 compilation: enabled

Compilation events (10 events):
Event: 1.849 Thread 0x000000001e33f000  744       3       java.lang.Math::toRadians (10 bytes)
Event: 1.849 Thread 0x000000001e33f000 nmethod 744 0x0000000002ba4450 code [0x0000000002ba45c0, 0x0000000002ba4710]
Event: 1.849 Thread 0x000000001e33f000  745       3       org.lwjgl.opengl.GL11::glEnable (13 bytes)
Event: 1.849 Thread 0x000000001e33f000 nmethod 745 0x0000000002ba4790 code [0x0000000002ba4960, 0x0000000002ba5018]
Event: 1.965 Thread 0x000000001e33f000  746       3       java.lang.Integer::valueOf (32 bytes)
Event: 1.965 Thread 0x000000001e33f000 nmethod 746 0x0000000002ba5410 code [0x0000000002ba5580, 0x0000000002ba58d0]
Event: 2.048 Thread 0x000000001e33f000  748   !   3       java.nio.Bits::reserveMemory (165 bytes)
Event: 2.049 Thread 0x000000001e33f000 nmethod 748 0x0000000002ba5e10 code [0x0000000002ba6000, 0x0000000002ba6b38]
Event: 2.049 Thread 0x000000001e33f000  749       3       java.nio.DirectByteBuffer$Deallocator::<init> (41 bytes)
Event: 2.049 Thread 0x000000001e33f000 nmethod 749 0x0000000002ba6f50 code [0x0000000002ba70c0, 0x0000000002ba7290]

GC Heap History (10 events):
Event: 1.257 GC heap before
{Heap before GC invocations=4 (full 0):
 PSYoungGen      total 75776K, used 67094K [0x000000076b800000, 0x0000000774c00000, 0x00000007c0000000)
  eden space 65024K, 100% used [0x000000076b800000,0x000000076f780000,0x000000076f780000)
  from space 10752K, 19% used [0x000000076f780000,0x000000076f985878,0x0000000770200000)
  to   space 10752K, 0% used [0x0000000774180000,0x0000000774180000,0x0000000774c00000)
 ParOldGen       total 173568K, used 32K [0x00000006c2800000, 0x00000006cd180000, 0x000000076b800000)
  object space 173568K, 0% used [0x00000006c2800000,0x00000006c2808000,0x00000006cd180000)
 Metaspace       used 9515K, capacity 9646K, committed 9856K, reserved 1058816K
  class space    used 772K, capacity 826K, committed 896K, reserved 1048576K
Event: 1.258 GC heap after
Heap after GC invocations=4 (full 0):
 PSYoungGen      total 140800K, used 2118K [0x000000076b800000, 0x0000000774c00000, 0x00000007c0000000)
  eden space 130048K, 0% used [0x000000076b800000,0x000000076b800000,0x0000000773700000)
  from space 10752K, 19% used [0x0000000774180000,0x0000000774391868,0x0000000774c00000)
  to   space 10752K, 0% used [0x0000000773700000,0x0000000773700000,0x0000000774180000)
 ParOldGen       total 173568K, used 32K [0x00000006c2800000, 0x00000006cd180000, 0x000000076b800000)
  object space 173568K, 0% used [0x00000006c2800000,0x00000006c2808000,0x00000006cd180000)
 Metaspace       used 9515K, capacity 9646K, committed 9856K, reserved 1058816K
  class space    used 772K, capacity 826K, committed 896K, reserved 1048576K
}
Event: 1.356 GC heap before
{Heap before GC invocations=5 (full 0):
 PSYoungGen      total 140800K, used 132166K [0x000000076b800000, 0x0000000774c00000, 0x00000007c0000000)
  eden space 130048K, 100% used [0x000000076b800000,0x0000000773700000,0x0000000773700000)
  from space 10752K, 19% used [0x0000000774180000,0x0000000774391868,0x0000000774c00000)
  to   space 10752K, 0% used [0x0000000773700000,0x0000000773700000,0x0000000774180000)
 ParOldGen       total 173568K, used 32K [0x00000006c2800000, 0x00000006cd180000, 0x000000076b800000)
  object space 173568K, 0% used [0x00000006c2800000,0x00000006c2808000,0x00000006cd180000)
 Metaspace       used 9517K, capacity 9646K, committed 9856K, reserved 1058816K
  class space    used 772K, capacity 826K, committed 896K, reserved 1048576K
Event: 1.358 GC heap after
Heap after GC invocations=5 (full 0):
 PSYoungGen      total 140800K, used 2134K [0x000000076b800000, 0x000000077c000000, 0x00000007c0000000)
  eden space 130048K, 0% used [0x000000076b800000,0x000000076b800000,0x0000000773700000)
  from space 10752K, 19% used [0x0000000773700000,0x0000000773915878,0x0000000774180000)
  to   space 5120K, 0% used [0x000000077bb00000,0x000000077bb00000,0x000000077c000000)
 ParOldGen       total 173568K, used 40K [0x00000006c2800000, 0x00000006cd180000, 0x000000076b800000)
  object space 173568K, 0% used [0x00000006c2800000,0x00000006c280a000,0x00000006cd180000)
 Metaspace       used 9517K, capacity 9646K, committed 9856K, reserved 1058816K
  class space    used 772K, capacity 826K, committed 896K, reserved 1048576K
}
Event: 1.446 GC heap before
{Heap before GC invocations=6 (full 0):
 PSYoungGen      total 140800K, used 132182K [0x000000076b800000, 0x000000077c000000, 0x00000007c0000000)
  eden space 130048K, 100% used [0x000000076b800000,0x0000000773700000,0x0000000773700000)
  from space 10752K, 19% used [0x0000000773700000,0x0000000773915878,0x0000000774180000)
  to   space 5120K, 0% used [0x000000077bb00000,0x000000077bb00000,0x000000077c000000)
 ParOldGen       total 173568K, used 40K [0x00000006c2800000, 0x00000006cd180000, 0x000000076b800000)
  object space 173568K, 0% used [0x00000006c2800000,0x00000006c280a000,0x00000006cd180000)
 Metaspace       used 9517K, capacity 9646K, committed 9856K, reserved 1058816K
  class space    used 772K, capacity 826K, committed 896K, reserved 1048576K
Event: 1.448 GC heap after
Heap after GC invocations=6 (full 0):
 PSYoungGen      total 264192K, used 2134K [0x000000076b800000, 0x000000077bf00000, 0x00000007c0000000)
  eden space 260096K, 0% used [0x000000076b800000,0x000000076b800000,0x000000077b600000)
  from space 4096K, 52% used [0x000000077bb00000,0x000000077bd15878,0x000000077bf00000)
  to   space 4608K, 0% used [0x000000077b600000,0x000000077b600000,0x000000077ba80000)
 ParOldGen       total 173568K, used 48K [0x00000006c2800000, 0x00000006cd180000, 0x000000076b800000)
  object space 173568K, 0% used [0x00000006c2800000,0x00000006c280c000,0x00000006cd180000)
 Metaspace       used 9517K, capacity 9646K, committed 9856K, reserved 1058816K
  class space    used 772K, capacity 826K, committed 896K, reserved 1048576K
}
Event: 1.641 GC heap before
{Heap before GC invocations=7 (full 0):
 PSYoungGen      total 264192K, used 262230K [0x000000076b800000, 0x000000077bf00000, 0x00000007c0000000)
  eden space 260096K, 100% used [0x000000076b800000,0x000000077b600000,0x000000077b600000)
  from space 4096K, 52% used [0x000000077bb00000,0x000000077bd15878,0x000000077bf00000)
  to   space 4608K, 0% used [0x000000077b600000,0x000000077b600000,0x000000077ba80000)
 ParOldGen       total 173568K, used 48K [0x00000006c2800000, 0x00000006cd180000, 0x000000076b800000)
  object space 173568K, 0% used [0x00000006c2800000,0x00000006c280c000,0x00000006cd180000)
 Metaspace       used 9520K, capacity 9710K, committed 9856K, reserved 1058816K
  class space    used 772K, capacity 826K, committed 896K, reserved 1048576K
Event: 1.643 GC heap after
Heap after GC invocations=7 (full 0):
 PSYoungGen      total 264704K, used 96K [0x000000076b800000, 0x000000078be00000, 0x00000007c0000000)
  eden space 260096K, 0% used [0x000000076b800000,0x000000076b800000,0x000000077b600000)
  from space 4608K, 2% used [0x000000077b600000,0x000000077b618000,0x000000077ba80000)
  to   space 5120K, 0% used [0x000000078b900000,0x000000078b900000,0x000000078be00000)
 ParOldGen       total 173568K, used 2074K [0x00000006c2800000, 0x00000006cd180000, 0x000000076b800000)
  object space 173568K, 1% used [0x00000006c2800000,0x00000006c2a068e8,0x00000006cd180000)
 Metaspace       used 9520K, capacity 9710K, committed 9856K, reserved 1058816K
  class space    used 772K, capacity 826K, committed 896K, reserved 1048576K
}
Event: 1.813 GC heap before
{Heap before GC invocations=8 (full 0):
 PSYoungGen      total 264704K, used 260192K [0x000000076b800000, 0x000000078be00000, 0x00000007c0000000)
  eden space 260096K, 100% used [0x000000076b800000,0x000000077b600000,0x000000077b600000)
  from space 4608K, 2% used [0x000000077b600000,0x000000077b618000,0x000000077ba80000)
  to   space 5120K, 0% used [0x000000078b900000,0x000000078b900000,0x000000078be00000)
 ParOldGen       total 173568K, used 2074K [0x00000006c2800000, 0x00000006cd180000, 0x000000076b800000)
  object space 173568K, 1% used [0x00000006c2800000,0x00000006c2a068e8,0x00000006cd180000)
 Metaspace       used 9530K, capacity 9710K, committed 9856K, reserved 1058816K
  class space    used 772K, capacity 826K, committed 896K, reserved 1048576K
Event: 1.813 GC heap after
Heap after GC invocations=8 (full 0):
 PSYoungGen      total 525312K, used 192K [0x000000076b800000, 0x000000078be00000, 0x00000007c0000000)
  eden space 520192K, 0% used [0x000000076b800000,0x000000076b800000,0x000000078b400000)
  from space 5120K, 3% used [0x000000078b900000,0x000000078b930000,0x000000078be00000)
  to   space 5120K, 0% used [0x000000078b400000,0x000000078b400000,0x000000078b900000)
 ParOldGen       total 173568K, used 2074K [0x00000006c2800000, 0x00000006cd180000, 0x000000076b800000)
  object space 173568K, 1% used [0x00000006c2800000,0x00000006c2a068e8,0x00000006cd180000)
 Metaspace       used 9530K, capacity 9710K, committed 9856K, reserved 1058816K
  class space    used 772K, capacity 826K, committed 896K, reserved 1048576K
}

Deoptimization events (10 events):
Event: 0.798 Thread 0x000000001efe3000 Uncommon trap: reason=unstable_if action=reinterpret pc=0x00000000029bed1c method=java.util.HashMap.containsKey(Ljava/lang/Object;)Z @ 9
Event: 0.950 Thread 0x000000001efe3000 Uncommon trap: reason=unstable_if action=reinterpret pc=0x0000000002a16e0c method=sun.misc.MetaIndex.mayContain(Ljava/lang/String;)Z @ 13
Event: 0.959 Thread 0x000000001efe3000 Uncommon trap: reason=unstable_if action=reinterpret pc=0x00000000029861c4 method=org.jetbrains.org.objectweb.asm.Frame.merge(Lorg/jetbrains/org/objectweb/asm/ClassWriter;I[II)Z @ 268
Event: 0.963 Thread 0x000000001efe3000 Uncommon trap: reason=unstable_if action=reinterpret pc=0x0000000002a2e3f4 method=org.jetbrains.org.objectweb.asm.Item.isEqualTo(Lorg/jetbrains/org/objectweb/asm/Item;)Z @ 345
Event: 0.970 Thread 0x000000001efe3000 Uncommon trap: reason=unstable_if action=reinterpret pc=0x00000000029a4c18 method=java.util.HashMap.clear()V @ 16
Event: 0.970 Thread 0x000000001efe3000 Uncommon trap: reason=unstable_if action=reinterpret pc=0x00000000029a7cd8 method=java.util.HashMap.clear()V @ 16
Event: 0.970 Thread 0x0000000002712800 Uncommon trap: reason=unstable_if action=reinterpret pc=0x00000000029c5d24 method=java.util.HashMap.containsKey(Ljava/lang/Object;)Z @ 9
Event: 0.970 Thread 0x000000001efe4000 Uncommon trap: reason=unstable_if action=reinterpret pc=0x00000000029fc318 method=main.coreEngine.TickableThread.run()V @ 92
Event: 1.026 Thread 0x0000000002712800 Uncommon trap: reason=unstable_if action=reinterpret pc=0x0000000002b651f8 method=main.coreEngine.Engine.start()V @ 246
Event: 1.068 Thread 0x000000001efe4000 Uncommon trap: reason=unstable_if action=reinterpret pc=0x0000000002b7d48c method=main.coreEngine.TickableThread.run()V @ 766

Internal exceptions (9 events):
Event: 0.030 Thread 0x0000000002712800 Exception <a 'java/lang/NoSuchMethodError': Method sun.misc.Unsafe.defineClass(Ljava/lang/String;[BII)Ljava/lang/Class; name or signature does not match> (0x000000076b80ddb0) thrown at [C:\workspace\8-2-build-windows-amd64-cygwin\jdk8u65\4987\hotspot\src\sÅ(ügŸ?
Event: 0.030 Thread 0x0000000002712800 Exception <a 'java/lang/NoSuchMethodError': Method sun.misc.Unsafe.prefetchRead(Ljava/lang/Object;J)V name or signature does not match> (0x000000076b80e098) thrown at [C:\workspace\8-2-build-windows-amd64-cygwin\jdk8u65\4987\hotspot\src\share\vm\prims\jni.ƒÂfº5®?
Event: 0.059 Thread 0x0000000002712800 Exception <a 'java/security/PrivilegedActionException'> (0x000000076b87d628) thrown at [C:\workspace\8-2-build-windows-amd64-cygwin\jdk8u65\4987\hotspot\src\share\vm\prims\jvm.cpp, line 1386]
Event: 0.059 Thread 0x0000000002712800 Exception <a 'java/security/PrivilegedActionException'> (0x000000076b87d838) thrown at [C:\workspace\8-2-build-windows-amd64-cygwin\jdk8u65\4987\hotspot\src\share\vm\prims\jvm.cpp, line 1386]
Event: 0.060 Thread 0x0000000002712800 Exception <a 'java/security/PrivilegedActionException'> (0x000000076b881680) thrown at [C:\workspace\8-2-build-windows-amd64-cygwin\jdk8u65\4987\hotspot\src\share\vm\prims\jvm.cpp, line 1386]
Event: 0.060 Thread 0x0000000002712800 Exception <a 'java/security/PrivilegedActionException'> (0x000000076b881890) thrown at [C:\workspace\8-2-build-windows-amd64-cygwin\jdk8u65\4987\hotspot\src\share\vm\prims\jvm.cpp, line 1386]
Event: 0.797 Thread 0x000000001efe3000 Implicit null exception at 0x00000000029c03d3 to 0x00000000029c0551
Event: 0.798 Thread 0x000000001efe3000 Implicit null exception at 0x00000000029beba4 to 0x00000000029bed11
Event: 0.970 Thread 0x0000000002712800 Implicit null exception at 0x00000000029c5964 to 0x00000000029c5d0c

Events (10 events):
Event: 1.257 Executing VM operation: ParallelGCFailedAllocation
Event: 1.258 Executing VM operation: ParallelGCFailedAllocation done
Event: 1.356 Executing VM operation: ParallelGCFailedAllocation
Event: 1.358 Executing VM operation: ParallelGCFailedAllocation done
Event: 1.446 Executing VM operation: ParallelGCFailedAllocation
Event: 1.448 Executing VM operation: ParallelGCFailedAllocation done
Event: 1.641 Executing VM operation: ParallelGCFailedAllocation
Event: 1.643 Executing VM operation: ParallelGCFailedAllocation done
Event: 1.813 Executing VM operation: ParallelGCFailedAllocation
Event: 1.813 Executing VM operation: ParallelGCFailedAllocation done


Dynamic libraries:
0x00007ff75d350000 - 0x00007ff75d387000 	C:\Program Files\Java\jdk1.8.0_65\bin\java.exe
0x00007ffd2b8f0000 - 0x00007ffd2bab1000 	C:\WINDOWS\SYSTEM32\ntdll.dll
0x00007ffd29160000 - 0x00007ffd2920d000 	C:\WINDOWS\system32\KERNEL32.DLL
0x00007ffd28890000 - 0x00007ffd28a78000 	C:\WINDOWS\system32\KERNELBASE.dll
0x00007ffd296a0000 - 0x00007ffd29747000 	C:\WINDOWS\system32\ADVAPI32.dll
0x00007ffd29430000 - 0x00007ffd294cd000 	C:\WINDOWS\system32\msvcrt.dll
0x00007ffd29510000 - 0x00007ffd2956b000 	C:\WINDOWS\system32\sechost.dll
0x00007ffd29580000 - 0x00007ffd2969c000 	C:\WINDOWS\system32\RPCRT4.dll
0x00007ffd28e50000 - 0x00007ffd28fa6000 	C:\WINDOWS\system32\USER32.dll
0x00007ffd299d0000 - 0x00007ffd29b56000 	C:\WINDOWS\system32\GDI32.dll
0x00007ffd24690000 - 0x00007ffd24904000 	C:\WINDOWS\WinSxS\amd64_microsoft.windows.common-controls_6595b64144ccf1df_6.0.10586.0_none_8c15ae12515e1c22\COMCTL32.dll
0x00007ffd29750000 - 0x00007ffd299cd000 	C:\WINDOWS\system32\combase.dll
0x00007ffd27f80000 - 0x00007ffd27fea000 	C:\WINDOWS\system32\bcryptPrimitives.dll
0x00007ffd294d0000 - 0x00007ffd2950b000 	C:\WINDOWS\system32\IMM32.DLL
0x000000005b5d0000 - 0x000000005b6a2000 	C:\Program Files\Java\jdk1.8.0_65\jre\bin\msvcr100.dll
0x000000005a760000 - 0x000000005afe9000 	C:\Program Files\Java\jdk1.8.0_65\jre\bin\server\jvm.dll
0x00007ffd29b60000 - 0x00007ffd29b68000 	C:\WINDOWS\system32\PSAPI.DLL
0x00007ffd26170000 - 0x00007ffd26193000 	C:\WINDOWS\SYSTEM32\WINMM.dll
0x00007ffd1e6b0000 - 0x00007ffd1e6b9000 	C:\WINDOWS\SYSTEM32\WSOCK32.dll
0x00007ffd249f0000 - 0x00007ffd249fa000 	C:\WINDOWS\SYSTEM32\VERSION.dll
0x00007ffd29cd0000 - 0x00007ffd29d3b000 	C:\WINDOWS\system32\WS2_32.dll
0x0000000000bc0000 - 0x0000000000bec000 	C:\WINDOWS\SYSTEM32\WINMMBASE.dll
0x00007ffd28a80000 - 0x00007ffd28ac3000 	C:\WINDOWS\system32\cfgmgr32.dll
0x000000005b5c0000 - 0x000000005b5cf000 	C:\Program Files\Java\jdk1.8.0_65\jre\bin\verify.dll
0x000000005b590000 - 0x000000005b5b9000 	C:\Program Files\Java\jdk1.8.0_65\jre\bin\java.dll
0x000000005b540000 - 0x000000005b563000 	C:\Program Files\Java\jdk1.8.0_65\jre\bin\instrument.dll
0x000000005b570000 - 0x000000005b586000 	C:\Program Files\Java\jdk1.8.0_65\jre\bin\zip.dll
0x00007ffd2a2c0000 - 0x00007ffd2b81c000 	C:\WINDOWS\system32\SHELL32.dll
0x00007ffd28070000 - 0x00007ffd286b5000 	C:\WINDOWS\system32\windows.storage.dll
0x00007ffd2a250000 - 0x00007ffd2a2a2000 	C:\WINDOWS\system32\shlwapi.dll
0x00007ffd27f70000 - 0x00007ffd27f7f000 	C:\WINDOWS\system32\kernel.appcore.dll
0x00007ffd28c10000 - 0x00007ffd28cc5000 	C:\WINDOWS\system32\shcore.dll
0x00007ffd27ef0000 - 0x00007ffd27f3b000 	C:\WINDOWS\system32\powrprof.dll
0x00007ffd27f40000 - 0x00007ffd27f54000 	C:\WINDOWS\system32\profapi.dll
0x00007ffd26060000 - 0x00007ffd26070000 	D:\Program Files (x86)\JetBrains\IntelliJ IDEA 2016.1\bin\breakgen64.dll
0x000000005b520000 - 0x000000005b53a000 	C:\Program Files\Java\jdk1.8.0_65\jre\bin\net.dll
0x00007ffd27820000 - 0x00007ffd2787c000 	C:\WINDOWS\system32\mswsock.dll
0x00007ffd0dd80000 - 0x00007ffd0de08000 	D:\Code\Java\Projects\WireEngine20\lib\native\lwjgl.dll
0x00007ffd279f0000 - 0x00007ffd279fb000 	C:\WINDOWS\SYSTEM32\CRYPTBASE.DLL
0x00007ffd0e4a0000 - 0x00007ffd0e4e2000 	D:\Code\Java\Projects\WireEngine20\lib\native\jemalloc.dll
0x00007ffd11dd0000 - 0x00007ffd11e08000 	D:\Code\Java\Projects\WireEngine20\lib\native\glfw.dll
0x00007ffd26870000 - 0x00007ffd26906000 	C:\WINDOWS\system32\uxtheme.dll
0x00007ffd25f20000 - 0x00007ffd25f42000 	C:\WINDOWS\SYSTEM32\dwmapi.dll
0x00007ffd18b80000 - 0x00007ffd18ca9000 	C:\WINDOWS\SYSTEM32\opengl32.dll
0x00007ffd18a80000 - 0x00007ffd18b7a000 	C:\WINDOWS\SYSTEM32\DDRAW.dll
0x00007ffd1c880000 - 0x00007ffd1c8ae000 	C:\WINDOWS\SYSTEM32\GLU32.dll
0x00007ffd1d2d0000 - 0x00007ffd1d2d8000 	C:\WINDOWS\SYSTEM32\DCIMAN32.dll
0x00007ffd29b70000 - 0x00007ffd29cca000 	C:\WINDOWS\system32\MSCTF.dll
0x00007ffd15240000 - 0x00007ffd15289000 	C:\Program Files (x86)\TeamViewer\tv_x64.dll
0x00007ffd29210000 - 0x00007ffd29353000 	C:\WINDOWS\system32\ole32.dll
0x0000000058a10000 - 0x000000005a759000 	C:\WINDOWS\SYSTEM32\nvoglv64.DLL
0x00007ffd29d60000 - 0x00007ffd2a189000 	C:\WINDOWS\system32\SETUPAPI.dll
0x00007ffd25f70000 - 0x00007ffd25f83000 	C:\WINDOWS\SYSTEM32\WTSAPI32.dll
0x00007ffd269c0000 - 0x00007ffd269e7000 	C:\WINDOWS\SYSTEM32\DEVOBJ.dll
0x00007ffd27ff0000 - 0x00007ffd28045000 	C:\WINDOWS\system32\WINTRUST.dll
0x00007ffd27f60000 - 0x00007ffd27f70000 	C:\WINDOWS\system32\MSASN1.dll
0x00007ffd286c0000 - 0x00007ffd28887000 	C:\WINDOWS\system32\CRYPT32.dll
0x00007ffd27440000 - 0x00007ffd27471000 	C:\WINDOWS\SYSTEM32\ntmarta.dll
0x00007ffd27190000 - 0x00007ffd271e6000 	C:\WINDOWS\SYSTEM32\WINSTA.dll
0x00007ffd2b840000 - 0x00007ffd2b8e7000 	C:\WINDOWS\system32\clbcatq.dll
0x00007ffd231a0000 - 0x00007ffd231c5000 	C:\Program Files (x86)\Samsung\Easy Printer Manager\SmartScreenPrint\CDAKEYMonitor64.dll
0x00007ffd29360000 - 0x00007ffd29421000 	C:\WINDOWS\system32\OLEAUT32.dll
0x00007ffd238a0000 - 0x00007ffd23a2c000 	C:\WINDOWS\SYSTEM32\dbghelp.dll

VM Arguments:
jvm_args: -Djava.library.path=lib/native/ -javaagent:D:\Program Files (x86)\JetBrains\IntelliJ IDEA 2016.1\lib\coverage-agent.jar=C:\Users\Kelan\AppData\Local\Temp\coverageargs -Didea.launcher.port=7533 -Didea.launcher.bin.path=D:\Program Files (x86)\JetBrains\IntelliJ IDEA 2016.1\bin -Dfile.encoding=UTF-8 
java_command: com.intellij.rt.execution.application.AppMain main.Main
java_class_path (initial): C:\Program Files\Java\jdk1.8.0_65\jre\lib\charsets.jar;C:\Program Files\Java\jdk1.8.0_65\jre\lib\deploy.jar;C:\Program Files\Java\jdk1.8.0_65\jre\lib\ext\access-bridge-64.jar;C:\Program Files\Java\jdk1.8.0_65\jre\lib\ext\cldrdata.jar;C:\Program Files\Java\jdk1.8.0_65\jre\lib\ext\dnsns.jar;C:\Program Files\Java\jdk1.8.0_65\jre\lib\ext\jaccess.jar;C:\Program Files\Java\jdk1.8.0_65\jre\lib\ext\jfxrt.jar;C:\Program Files\Java\jdk1.8.0_65\jre\lib\ext\localedata.jar;C:\Program Files\Java\jdk1.8.0_65\jre\lib\ext\nashorn.jar;C:\Program Files\Java\jdk1.8.0_65\jre\lib\ext\sunec.jar;C:\Program Files\Java\jdk1.8.0_65\jre\lib\ext\sunjce_provider.jar;C:\Program Files\Java\jdk1.8.0_65\jre\lib\ext\sunmscapi.jar;C:\Program Files\Java\jdk1.8.0_65\jre\lib\ext\sunpkcs11.jar;C:\Program Files\Java\jdk1.8.0_65\jre\lib\ext\zipfs.jar;C:\Program Files\Java\jdk1.8.0_65\jre\lib\javaws.jar;C:\Program Files\Java\jdk1.8.0_65\jre\lib\jce.jar;C:\Program Files\Java\jdk1.8.0_65\jre\lib\jfr.jar;C:\Program Files\Java\jdk1.8.0_65\jre\lib\jfxswt.jar;C:\Program Files\Java\jdk1.8.0_65\jre\lib\jsse.jar;C:\Program Files\Java\jdk1.8.0_65\jre\lib\management-agent.jar;C:\Program Files\Java\jdk1.8.0_65\jre\lib\plugin.jar;C:\Program Files\Java\jdk1.8.0_65\jre\lib\resources.jar;C:\Program Files\Java\jdk1.8.0_65\jre\lib\rt.jar;D:\Code\Java\Projects\WireEngine20\out\production\WireEngine20;D:\Code\Java\Projects\WireEngine20\lib\jar\lwjgl.jar;D:\Code\Java\Projects\WireEngine20\lib\jar\slick-util.jar;D:\Program Files (x86)\JetBrains\IntelliJ IDEA 2016.1\lib\idea_rt.jar;D:\Program Files (x86)\JetBrains\IntelliJ IDEA 2016.1\lib\coverage-agent.jar
Launcher Type: SUN_STANDARD

Environment Variables:
JAVA_HOME=C:\Program Files\Java\jdk1.8.0_65
PATH=C:\ProgramData\Oracle\Java\javapath;C:\Program Files (x86)\Razer Chroma SDK\bin;C:\Program Files\Razer Chroma SDK\bin;C:\Program Files (x86)\NVIDIA Corporation\PhysX\Common;C:\Program Files (x86)\Intel\iCLS Client\;C:\Program Files\Intel\iCLS Client\;C:\Windows\system32;C:\Windows;C:\Windows\System32\Wbem;C:\Windows\System32\WindowsPowerShell\v1.0\;C:\Program Files\Intel\Intel(R) Management Engine Components\DAL;C:\Program Files (x86)\Intel\Intel(R) Management Engine Components\DAL;C:\Program Files\Intel\Intel(R) Management Engine Components\IPT;C:\Program Files (x86)\Intel\Intel(R) Management Engine Components\IPT;C:\Program Files\Java\jre1.8.0_65\bin;C:\MinGW\bin;C:\WINDOWS\system32;C:\WINDOWS;C:\WINDOWS\System32\Wbem;C:\WINDOWS\System32\WindowsPowerShell\v1.0\;D:\Program Files (x86)\CMake\bin;D:\Program Files\Programs\Python\Python35-32;D:\Program Files\Programs\Python\Python35-32\Scripts;C:\Program Files (x86)\Skype\Phone\;D:\Program Files\Programs\Python\Python35-32\Scripts\;D:\Program Files\Programs\Python\Python35-32\
USERNAME=Kelan
OS=Windows_NT
PROCESSOR_IDENTIFIER=Intel64 Family 6 Model 60 Stepping 3, GenuineIntel



---------------  S Y S T E M  ---------------

OS: Windows 10.0 , 64 bit Build 10586 (10.0.10586.0)

CPU:total 8 (4 cores per cpu, 2 threads per core) family 6 model 60 stepping 3, cmov, cx8, fxsr, mmx, sse, sse2, sse3, ssse3, sse4.1, sse4.2, popcnt, avx, avx2, aes, clmul, erms, lzcnt, ht, tsc, tscinvbit, bmi1, bmi2

Memory: 4k page, physical 16609500k(8929664k free), swap 33386716k(22426360k free)

vm_info: Java HotSpot(TM) 64-Bit Server VM (25.65-b01) for windows-amd64 JRE (1.8.0_65-b17), built on Oct  6 2015 16:39:20 by "java_re" with MS VC++ 10.0 (VS2010)

time: Fri Apr 15 22:18:41 2016
elapsed time: 2 seconds (0d 0h 0m 2s)

