#
# A fatal error has been detected by the Java Runtime Environment:
#
#  EXCEPTION_ACCESS_VIOLATION (0xc0000005) at pc=0x00007ffd1fcb24b9, pid=6148, tid=4720
#
# JRE version: Java(TM) SE Runtime Environment (8.0_65-b17) (build 1.8.0_65-b17)
# Java VM: Java HotSpot(TM) 64-Bit Server VM (25.65-b01 mixed mode windows-amd64 compressed oops)
# Problematic frame:
# C  [glfw.dll+0x24b9]
#
# Failed to write core dump. Minidumps are not enabled by default on client versions of Windows
#
# If you would like to submit a bug report, please visit:
#   http://bugreport.java.com/bugreport/crash.jsp
# The crash happened outside the Java Virtual Machine in native code.
# See problematic frame for where to report the bug.
#

---------------  T H R E A D  ---------------

Current thread (0x000000001e205000):  JavaThread "CLIENT" [_thread_in_native, id=4720, stack(0x000000001ef10000,0x000000001f010000)]

siginfo: ExceptionCode=0xc0000005, reading address 0x0000000000000000

Registers:
RAX=0x0000000000000000, RBX=0x000000001b9cf240, RCX=0x0000000000000000, RDX=0x0000000000000000
RSP=0x000000001f00eeb0, RBP=0x000000001f00ef68, RSI=0x0000000000000108, RDI=0x0000000000784d10
R8 =0x000000001f00eea8, R9 =0x000000001f00ef68, R10=0x0000000000000000, R11=0x0000000000000246
R12=0x0000000000000000, R13=0x000000001b9cf240, R14=0x000000001f00efa0, R15=0x000000001e205000
RIP=0x00007ffd1fcb24b9, EFLAGS=0x0000000000010287

Top of Stack: (sp=0x000000001f00eeb0)
0x000000001f00eeb0:   000000001e205000 000000001e205000
0x000000001f00eec0:   000000001e205000 000000001e205000
0x000000001f00eed0:   000000000000041e 000000000257dfcc
0x000000001f00eee0:   000000001b9cf240 000000005a975005
0x000000001f00eef0:   000000001b9750c8 000000000255ef20
0x000000001f00ef00:   000000000000000e 000000001e205000
0x000000001f00ef10:   000000001b9eb9c8 000000005a88aea4
0x000000001f00ef20:   000000001e205000 000000001f00ef28
0x000000001f00ef30:   0000000000000000 000000001f00efa0
0x000000001f00ef40:   000000001b9cf9e0 0000000000000000
0x000000001f00ef50:   000000001b9cf240 0000000000000000
0x000000001f00ef60:   000000001f00ef88 000000001f00efe8
0x000000001f00ef70:   0000000002567d8d 00000006c28061f8
0x000000001f00ef80:   00000000025742f8 0000000000784d10
0x000000001f00ef90:   00000000025678a0 00007ffd1fcb2420
0x000000001f00efa0:   0000000000000001 000000001f00efa8 

Instructions: (pc=0x00007ffd1fcb24b9)
0x00007ffd1fcb2499:   48 8b cf e8 1f 3a 00 00 48 39 3d f0 d5 02 00 48
0x00007ffd1fcb24a9:   8d 0d e9 d5 02 00 48 8b 5c 24 30 74 08 48 8b 09
0x00007ffd1fcb24b9:   48 39 39 75 f8 48 8b 07 48 89 01 48 8b cf 48 83
0x00007ffd1fcb24c9:   c4 20 5f e9 5b fe 00 00 48 83 c4 20 5f c3 cc cc 


Register to memory mapping:

RAX=0x0000000000000000 is an unknown value
RBX={method} {0x000000001b9cf248} 'invokePV' '(JJ)V' in 'org/lwjgl/system/JNI'
RCX=0x0000000000000000 is an unknown value
RDX=0x0000000000000000 is an unknown value
RSP=0x000000001f00eeb0 is pointing into the stack for thread: 0x000000001e205000
RBP=0x000000001f00ef68 is pointing into the stack for thread: 0x000000001e205000
RSI=0x0000000000000108 is an unknown value
RDI=0x0000000000784d10 is an unknown value
R8 =0x000000001f00eea8 is pointing into the stack for thread: 0x000000001e205000
R9 =0x000000001f00ef68 is pointing into the stack for thread: 0x000000001e205000
R10=0x0000000000000000 is an unknown value
R11=0x0000000000000246 is an unknown value
R12=0x0000000000000000 is an unknown value
R13={method} {0x000000001b9cf248} 'invokePV' '(JJ)V' in 'org/lwjgl/system/JNI'
R14=0x000000001f00efa0 is pointing into the stack for thread: 0x000000001e205000
R15=0x000000001e205000 is a thread


Stack: [0x000000001ef10000,0x000000001f010000],  sp=0x000000001f00eeb0,  free space=1019k
Native frames: (J=compiled Java code, j=interpreted, Vv=VM code, C=native code)
C  [glfw.dll+0x24b9]
C  0x000000000257dfcc

Java frames: (J=compiled Java code, j=interpreted, Vv=VM code)
j  org.lwjgl.system.JNI.invokePV(JJ)V+0
j  org.lwjgl.glfw.GLFW.glfwDestroyCursor(J)V+20
j  main.client.Window.destroyWindow()V+9
j  main.coreEngine.Engine.stop()V+70
j  main.client.Window.update()V+33
j  main.client.renderEngine.RenderEngine.render()V+38
j  main.client.ClientThread.tick()V+12
j  main.coreEngine.TickableThread.run()V+469
v  ~StubRoutines::call_stub

---------------  P R O C E S S  ---------------

Java Threads: ( => current thread )
  0x000000001e206000 JavaThread "SERVER" [_thread_in_Java, id=1432, stack(0x000000001f010000,0x000000001f110000)]
=>0x000000001e205000 JavaThread "CLIENT" [_thread_in_native, id=4720, stack(0x000000001ef10000,0x000000001f010000)]
  0x000000001e107800 JavaThread "Service Thread" daemon [_thread_blocked, id=2596, stack(0x000000001ed10000,0x000000001ee10000)]
  0x000000001e068800 JavaThread "C1 CompilerThread3" daemon [_thread_blocked, id=3900, stack(0x000000001ec10000,0x000000001ed10000)]
  0x000000001e068000 JavaThread "C2 CompilerThread2" daemon [_thread_blocked, id=7228, stack(0x000000001eb10000,0x000000001ec10000)]
  0x000000001e062800 JavaThread "C2 CompilerThread1" daemon [_thread_blocked, id=12636, stack(0x000000001ea10000,0x000000001eb10000)]
  0x000000001e06d000 JavaThread "C2 CompilerThread0" daemon [_thread_blocked, id=156, stack(0x000000001e910000,0x000000001ea10000)]
  0x000000001e051800 JavaThread "JDWP Command Reader" daemon [_thread_in_native, id=3120, stack(0x000000001e810000,0x000000001e910000)]
  0x000000001e04e800 JavaThread "JDWP Event Helper Thread" daemon [_thread_blocked, id=2380, stack(0x000000001e710000,0x000000001e810000)]
  0x000000001e04c000 JavaThread "JDWP Transport Listener: dt_socket" daemon [_thread_blocked, id=1196, stack(0x000000001e610000,0x000000001e710000)]
  0x000000001e036800 JavaThread "Attach Listener" daemon [_thread_blocked, id=10388, stack(0x000000001e510000,0x000000001e610000)]
  0x000000001e035800 JavaThread "Signal Dispatcher" daemon [_thread_blocked, id=12812, stack(0x000000001e410000,0x000000001e510000)]
  0x000000000255a000 JavaThread "Finalizer" daemon [_thread_blocked, id=5368, stack(0x000000001de30000,0x000000001df30000)]
  0x0000000002553000 JavaThread "Reference Handler" daemon [_thread_blocked, id=10016, stack(0x000000001dd30000,0x000000001de30000)]
  0x0000000000bae000 JavaThread "main" [_thread_in_Java, id=12884, stack(0x0000000002310000,0x0000000002410000)]

Other Threads:
  0x000000001bf49800 VMThread [stack: 0x000000001dc30000,0x000000001dd30000] [id=7640]
  0x000000001e112000 WatcherThread [stack: 0x000000001ee10000,0x000000001ef10000] [id=11976]

VM state:not at safepoint (normal execution)

VM Mutex/Monitor currently owned by a thread: None

Heap:
 PSYoungGen      total 366080K, used 201036K [0x000000076b800000, 0x0000000784e00000, 0x00000007c0000000)
  eden space 364032K, 55% used [0x000000076b800000,0x0000000777c23358,0x0000000781b80000)
  from space 2048K, 9% used [0x0000000784a00000,0x0000000784a30000,0x0000000784c00000)
  to   space 2048K, 0% used [0x0000000784c00000,0x0000000784c00000,0x0000000784e00000)
 ParOldGen       total 173568K, used 1413K [0x00000006c2800000, 0x00000006cd180000, 0x000000076b800000)
  object space 173568K, 0% used [0x00000006c2800000,0x00000006c29617e8,0x00000006cd180000)
 Metaspace       used 8118K, capacity 8646K, committed 8960K, reserved 1056768K
  class space    used 649K, capacity 690K, committed 768K, reserved 1048576K

Card table byte_map: [0x0000000011920000,0x0000000012110000] byte_map_base: 0x000000000e30c000

Marking Bits: (ParMarkBitMap*) 0x000000005af6a5b0
 Begin Bits: [0x0000000012e60000, 0x0000000016dc0000)
 End Bits:   [0x0000000016dc0000, 0x000000001ad20000)

Polling page: 0x0000000000730000

CodeCache: size=245760Kb used=2701Kb max_used=2705Kb free=243058Kb
 bounds [0x0000000002560000, 0x0000000002810000, 0x0000000011560000]
 total_blobs=1204 nmethods=555 adapters=570
 compilation: enabled

Compilation events (10 events):
Event: 2.045 Thread 0x000000001e068800 nmethod 551 0x0000000002802950 code [0x0000000002802ae0, 0x0000000002802eb8]
Event: 2.045 Thread 0x000000001e062800 nmethod 552 0x0000000002805e90 code [0x0000000002805fe0, 0x0000000002806198]
Event: 2.135 Thread 0x000000001e068800  553  s    3       java.nio.Bits::unreserveMemory (58 bytes)
Event: 2.136 Thread 0x000000001e068800 nmethod 553 0x00000000028058d0 code [0x0000000002805a40, 0x0000000002805dd0]
Event: 2.136 Thread 0x000000001e068800  554       3       java.nio.DirectByteBuffer$Deallocator::run (37 bytes)
Event: 2.136 Thread 0x000000001e068800 nmethod 554 0x00000000028053d0 code [0x0000000002805540, 0x0000000002805818]
Event: 2.244 Thread 0x000000001e068800  555       3       main.coreEngine.util.maths.Vector3f::<init> (12 bytes)
Event: 2.245 Thread 0x000000001e068800 nmethod 555 0x0000000002804e90 code [0x0000000002805000, 0x0000000002805290]
Event: 2.245 Thread 0x000000001e068800  556       3       org.lwjgl.opengl.GL11::glEnable (13 bytes)
Event: 2.245 Thread 0x000000001e068800 nmethod 556 0x0000000002804110 code [0x0000000002804300, 0x00000000028049f8]

GC Heap History (10 events):
Event: 1.131 GC heap before
{Heap before GC invocations=9 (full 0):
 PSYoungGen      total 261120K, used 259857K [0x000000076b800000, 0x000000077b900000, 0x00000007c0000000)
  eden space 259072K, 100% used [0x000000076b800000,0x000000077b500000,0x000000077b500000)
  from space 2048K, 38% used [0x000000077b700000,0x000000077b7c4638,0x000000077b900000)
  to   space 2048K, 0% used [0x000000077b500000,0x000000077b500000,0x000000077b700000)
 ParOldGen       total 173568K, used 829K [0x00000006c2800000, 0x00000006cd180000, 0x000000076b800000)
  object space 173568K, 0% used [0x00000006c2800000,0x00000006c28cf7e8,0x00000006cd180000)
 Metaspace       used 8082K, capacity 8646K, committed 8960K, reserved 1056768K
  class space    used 649K, capacity 690K, committed 768K, reserved 1048576K
Event: 1.132 GC heap after
Heap after GC invocations=9 (full 0):
 PSYoungGen      total 261120K, used 769K [0x000000076b800000, 0x0000000785100000, 0x00000007c0000000)
  eden space 259072K, 0% used [0x000000076b800000,0x000000076b800000,0x000000077b500000)
  from space 2048K, 37% used [0x000000077b500000,0x000000077b5c0560,0x000000077b700000)
  to   space 2048K, 0% used [0x0000000784f00000,0x0000000784f00000,0x0000000785100000)
 ParOldGen       total 173568K, used 1109K [0x00000006c2800000, 0x00000006cd180000, 0x000000076b800000)
  object space 173568K, 0% used [0x00000006c2800000,0x00000006c29157e8,0x00000006cd180000)
 Metaspace       used 8082K, capacity 8646K, committed 8960K, reserved 1056768K
  class space    used 649K, capacity 690K, committed 768K, reserved 1048576K
}
Event: 1.231 GC heap before
{Heap before GC invocations=10 (full 0):
 PSYoungGen      total 261120K, used 259841K [0x000000076b800000, 0x0000000785100000, 0x00000007c0000000)
  eden space 259072K, 100% used [0x000000076b800000,0x000000077b500000,0x000000077b500000)
  from space 2048K, 37% used [0x000000077b500000,0x000000077b5c0560,0x000000077b700000)
  to   space 2048K, 0% used [0x0000000784f00000,0x0000000784f00000,0x0000000785100000)
 ParOldGen       total 173568K, used 1109K [0x00000006c2800000, 0x00000006cd180000, 0x000000076b800000)
  object space 173568K, 0% used [0x00000006c2800000,0x00000006c29157e8,0x00000006cd180000)
 Metaspace       used 8084K, capacity 8646K, committed 8960K, reserved 1056768K
  class space    used 649K, capacity 690K, committed 768K, reserved 1048576K
Event: 1.232 GC heap after
Heap after GC invocations=10 (full 0):
 PSYoungGen      total 416768K, used 256K [0x000000076b800000, 0x0000000785100000, 0x00000007c0000000)
  eden space 414720K, 0% used [0x000000076b800000,0x000000076b800000,0x0000000784d00000)
  from space 2048K, 12% used [0x0000000784f00000,0x0000000784f40000,0x0000000785100000)
  to   space 2048K, 0% used [0x0000000784d00000,0x0000000784d00000,0x0000000784f00000)
 ParOldGen       total 173568K, used 1301K [0x00000006c2800000, 0x00000006cd180000, 0x000000076b800000)
  object space 173568K, 0% used [0x00000006c2800000,0x00000006c29457e8,0x00000006cd180000)
 Metaspace       used 8084K, capacity 8646K, committed 8960K, reserved 1056768K
  class space    used 649K, capacity 690K, committed 768K, reserved 1048576K
}
Event: 1.542 GC heap before
{Heap before GC invocations=11 (full 0):
 PSYoungGen      total 416768K, used 414976K [0x000000076b800000, 0x0000000785100000, 0x00000007c0000000)
  eden space 414720K, 100% used [0x000000076b800000,0x0000000784d00000,0x0000000784d00000)
  from space 2048K, 12% used [0x0000000784f00000,0x0000000784f40000,0x0000000785100000)
  to   space 2048K, 0% used [0x0000000784d00000,0x0000000784d00000,0x0000000784f00000)
 ParOldGen       total 173568K, used 1301K [0x00000006c2800000, 0x00000006cd180000, 0x000000076b800000)
  object space 173568K, 0% used [0x00000006c2800000,0x00000006c29457e8,0x00000006cd180000)
 Metaspace       used 8089K, capacity 8646K, committed 8960K, reserved 1056768K
  class space    used 649K, capacity 690K, committed 768K, reserved 1048576K
Event: 1.542 GC heap after
Heap after GC invocations=11 (full 0):
 PSYoungGen      total 397312K, used 192K [0x000000076b800000, 0x0000000784f80000, 0x00000007c0000000)
  eden space 396800K, 0% used [0x000000076b800000,0x000000076b800000,0x0000000783b80000)
  from space 512K, 37% used [0x0000000784d00000,0x0000000784d30000,0x0000000784d80000)
  to   space 2048K, 0% used [0x0000000784d80000,0x0000000784d80000,0x0000000784f80000)
 ParOldGen       total 173568K, used 1413K [0x00000006c2800000, 0x00000006cd180000, 0x000000076b800000)
  object space 173568K, 0% used [0x00000006c2800000,0x00000006c29617e8,0x00000006cd180000)
 Metaspace       used 8089K, capacity 8646K, committed 8960K, reserved 1056768K
  class space    used 649K, capacity 690K, committed 768K, reserved 1048576K
}
Event: 1.865 GC heap before
{Heap before GC invocations=12 (full 0):
 PSYoungGen      total 397312K, used 396992K [0x000000076b800000, 0x0000000784f80000, 0x00000007c0000000)
  eden space 396800K, 100% used [0x000000076b800000,0x0000000783b80000,0x0000000783b80000)
  from space 512K, 37% used [0x0000000784d00000,0x0000000784d30000,0x0000000784d80000)
  to   space 2048K, 0% used [0x0000000784d80000,0x0000000784d80000,0x0000000784f80000)
 ParOldGen       total 173568K, used 1413K [0x00000006c2800000, 0x00000006cd180000, 0x000000076b800000)
  object space 173568K, 0% used [0x00000006c2800000,0x00000006c29617e8,0x00000006cd180000)
 Metaspace       used 8099K, capacity 8646K, committed 8960K, reserved 1056768K
  class space    used 649K, capacity 690K, committed 768K, reserved 1048576K
Event: 1.866 GC heap after
Heap after GC invocations=12 (full 0):
 PSYoungGen      total 380416K, used 224K [0x000000076b800000, 0x0000000784e00000, 0x00000007c0000000)
  eden space 379904K, 0% used [0x000000076b800000,0x000000076b800000,0x0000000782b00000)
  from space 512K, 43% used [0x0000000784d80000,0x0000000784db8000,0x0000000784e00000)
  to   space 2048K, 0% used [0x0000000784a00000,0x0000000784a00000,0x0000000784c00000)
 ParOldGen       total 173568K, used 1413K [0x00000006c2800000, 0x00000006cd180000, 0x000000076b800000)
  object space 173568K, 0% used [0x00000006c2800000,0x00000006c29617e8,0x00000006cd180000)
 Metaspace       used 8099K, capacity 8646K, committed 8960K, reserved 1056768K
  class space    used 649K, capacity 690K, committed 768K, reserved 1048576K
}
Event: 2.135 GC heap before
{Heap before GC invocations=13 (full 0):
 PSYoungGen      total 380416K, used 380128K [0x000000076b800000, 0x0000000784e00000, 0x00000007c0000000)
  eden space 379904K, 100% used [0x000000076b800000,0x0000000782b00000,0x0000000782b00000)
  from space 512K, 43% used [0x0000000784d80000,0x0000000784db8000,0x0000000784e00000)
  to   space 2048K, 0% used [0x0000000784a00000,0x0000000784a00000,0x0000000784c00000)
 ParOldGen       total 173568K, used 1413K [0x00000006c2800000, 0x00000006cd180000, 0x000000076b800000)
  object space 173568K, 0% used [0x00000006c2800000,0x00000006c29617e8,0x00000006cd180000)
 Metaspace       used 8117K, capacity 8646K, committed 8960K, reserved 1056768K
  class space    used 649K, capacity 690K, committed 768K, reserved 1048576K
Event: 2.135 GC heap after
Heap after GC invocations=13 (full 0):
 PSYoungGen      total 366080K, used 192K [0x000000076b800000, 0x0000000784e00000, 0x00000007c0000000)
  eden space 364032K, 0% used [0x000000076b800000,0x000000076b800000,0x0000000781b80000)
  from space 2048K, 9% used [0x0000000784a00000,0x0000000784a30000,0x0000000784c00000)
  to   space 2048K, 0% used [0x0000000784c00000,0x0000000784c00000,0x0000000784e00000)
 ParOldGen       total 173568K, used 1413K [0x00000006c2800000, 0x00000006cd180000, 0x000000076b800000)
  object space 173568K, 0% used [0x00000006c2800000,0x00000006c29617e8,0x00000006cd180000)
 Metaspace       used 8117K, capacity 8646K, committed 8960K, reserved 1056768K
  class space    used 649K, capacity 690K, committed 768K, reserved 1048576K
}

Deoptimization events (10 events):
Event: 0.415 Thread 0x000000001e205000 Uncommon trap: reason=unstable_if action=reinterpret pc=0x00000000026b3200 method=java.util.HashMap.containsKey(Ljava/lang/Object;)Z @ 9
Event: 0.415 Thread 0x000000001e205000 Uncommon trap: reason=bimorphic action=maybe_recompile pc=0x00000000026aeff8 method=java.util.HashMap.getNode(ILjava/lang/Object;)Ljava/util/HashMap$Node; @ 126
Event: 0.416 Thread 0x000000001e205000 Uncommon trap: reason=bimorphic action=maybe_recompile pc=0x00000000026aeff8 method=java.util.HashMap.getNode(ILjava/lang/Object;)Ljava/util/HashMap$Node; @ 126
Event: 0.421 Thread 0x000000001e205000 Uncommon trap: reason=unstable_if action=reinterpret pc=0x00000000026a8a18 method=java.util.HashMap.keySet()Ljava/util/Set; @ 6
Event: 0.916 Thread 0x000000001e205000 Uncommon trap: reason=unstable_if action=reinterpret pc=0x00000000026a6d84 method=java.util.HashMap.clear()V @ 16
Event: 0.916 Thread 0x000000001e205000 Uncommon trap: reason=unstable_if action=reinterpret pc=0x00000000026a91d8 method=java.util.HashMap.clear()V @ 16
Event: 0.916 Thread 0x0000000000bae000 Uncommon trap: reason=unstable_if action=reinterpret pc=0x00000000026c7ef0 method=main.coreEngine.TickableThread.invoke(Ljava/lang/String;[Ljava/lang/Object;)V @ 53
Event: 0.916 Thread 0x000000001e206000 Uncommon trap: reason=unstable_if action=reinterpret pc=0x0000000002708fb4 method=main.coreEngine.TickableThread.run()V @ 58
Event: 0.946 Thread 0x0000000000bae000 Uncommon trap: reason=unstable_if action=reinterpret pc=0x00000000027c8210 method=main.coreEngine.Engine.start()V @ 163
Event: 1.038 Thread 0x000000001e206000 Uncommon trap: reason=unstable_if action=reinterpret pc=0x00000000027d4874 method=main.coreEngine.TickableThread.run()V @ 461

Internal exceptions (8 events):
Event: 0.023 Thread 0x0000000000bae000 Exception <a 'java/lang/NoSuchMethodError': Method sun.misc.Unsafe.defineClass(Ljava/lang/String;[BII)Ljava/lang/Class; name or signature does not match> (0x000000076b80d8f8) thrown at [C:\workspace\8-2-build-windows-amd64-cygwin\jdk8u65\4987\hotspot\src\s(×+¨ÿZ—?
Event: 0.023 Thread 0x0000000000bae000 Exception <a 'java/lang/NoSuchMethodError': Method sun.misc.Unsafe.prefetchRead(Ljava/lang/Object;J)V name or signature does not match> (0x000000076b80dbe0) thrown at [C:\workspace\8-2-build-windows-amd64-cygwin\jdk8u65\4987\hotspot\src\share\vm\prims\jni.´!A
z‘Ú?
Event: 0.415 Thread 0x000000001e205000 Implicit null exception at 0x00000000026b2e8f to 0x00000000026b31f1
Event: 0.416 Thread 0x000000001e205000 Exception <a 'java/security/PrivilegedActionException'> (0x000000076b8058d8) thrown at [C:\workspace\8-2-build-windows-amd64-cygwin\jdk8u65\4987\hotspot\src\share\vm\prims\jvm.cpp, line 1386]
Event: 0.416 Thread 0x000000001e205000 Exception <a 'java/security/PrivilegedActionException'> (0x000000076b805cd0) thrown at [C:\workspace\8-2-build-windows-amd64-cygwin\jdk8u65\4987\hotspot\src\share\vm\prims\jvm.cpp, line 1386]
Event: 0.416 Thread 0x000000001e205000 Exception <a 'java/security/PrivilegedActionException'> (0x000000076b809ee8) thrown at [C:\workspace\8-2-build-windows-amd64-cygwin\jdk8u65\4987\hotspot\src\share\vm\prims\jvm.cpp, line 1386]
Event: 0.416 Thread 0x000000001e205000 Exception <a 'java/security/PrivilegedActionException'> (0x000000076b80a2e0) thrown at [C:\workspace\8-2-build-windows-amd64-cygwin\jdk8u65\4987\hotspot\src\share\vm\prims\jvm.cpp, line 1386]
Event: 0.916 Thread 0x0000000000bae000 Implicit null exception at 0x00000000026c78fc to 0x00000000026c7ec9

Events (10 events):
Event: 1.131 Executing VM operation: ParallelGCFailedAllocation
Event: 1.132 Executing VM operation: ParallelGCFailedAllocation done
Event: 1.231 Executing VM operation: ParallelGCFailedAllocation
Event: 1.232 Executing VM operation: ParallelGCFailedAllocation done
Event: 1.541 Executing VM operation: ParallelGCFailedAllocation
Event: 1.542 Executing VM operation: ParallelGCFailedAllocation done
Event: 1.865 Executing VM operation: ParallelGCFailedAllocation
Event: 1.866 Executing VM operation: ParallelGCFailedAllocation done
Event: 2.135 Executing VM operation: ParallelGCFailedAllocation
Event: 2.135 Executing VM operation: ParallelGCFailedAllocation done


Dynamic libraries:
0x00007ff75d350000 - 0x00007ff75d387000 	C:\Program Files\Java\jdk1.8.0_65\bin\java.exe
0x00007ffd2b8f0000 - 0x00007ffd2bab1000 	C:\WINDOWS\SYSTEM32\ntdll.dll
0x00007ffd29160000 - 0x00007ffd2920d000 	C:\WINDOWS\system32\KERNEL32.DLL
0x00007ffd28890000 - 0x00007ffd28a78000 	C:\WINDOWS\system32\KERNELBASE.dll
0x00007ffd296a0000 - 0x00007ffd29747000 	C:\WINDOWS\system32\ADVAPI32.dll
0x00007ffd29430000 - 0x00007ffd294cd000 	C:\WINDOWS\system32\msvcrt.dll
0x00007ffd29510000 - 0x00007ffd2956b000 	C:\WINDOWS\system32\sechost.dll
0x00007ffd29580000 - 0x00007ffd2969c000 	C:\WINDOWS\system32\RPCRT4.dll
0x00007ffd28e50000 - 0x00007ffd28fa6000 	C:\WINDOWS\system32\USER32.dll
0x00007ffd299d0000 - 0x00007ffd29b56000 	C:\WINDOWS\system32\GDI32.dll
0x00007ffd24690000 - 0x00007ffd24904000 	C:\WINDOWS\WinSxS\amd64_microsoft.windows.common-controls_6595b64144ccf1df_6.0.10586.0_none_8c15ae12515e1c22\COMCTL32.dll
0x00007ffd29750000 - 0x00007ffd299cd000 	C:\WINDOWS\system32\combase.dll
0x00007ffd27f80000 - 0x00007ffd27fea000 	C:\WINDOWS\system32\bcryptPrimitives.dll
0x00007ffd294d0000 - 0x00007ffd2950b000 	C:\WINDOWS\system32\IMM32.DLL
0x000000005b5d0000 - 0x000000005b6a2000 	C:\Program Files\Java\jdk1.8.0_65\jre\bin\msvcr100.dll
0x000000005a760000 - 0x000000005afe9000 	C:\Program Files\Java\jdk1.8.0_65\jre\bin\server\jvm.dll
0x00007ffd29b60000 - 0x00007ffd29b68000 	C:\WINDOWS\system32\PSAPI.DLL
0x00007ffd249f0000 - 0x00007ffd249fa000 	C:\WINDOWS\SYSTEM32\VERSION.dll
0x00007ffd1e6b0000 - 0x00007ffd1e6b9000 	C:\WINDOWS\SYSTEM32\WSOCK32.dll
0x00007ffd26170000 - 0x00007ffd26193000 	C:\WINDOWS\SYSTEM32\WINMM.dll
0x00007ffd29cd0000 - 0x00007ffd29d3b000 	C:\WINDOWS\system32\WS2_32.dll
0x00007ffd26110000 - 0x00007ffd2613c000 	C:\WINDOWS\SYSTEM32\WINMMBASE.dll
0x00007ffd28a80000 - 0x00007ffd28ac3000 	C:\WINDOWS\system32\cfgmgr32.dll
0x000000005b5c0000 - 0x000000005b5cf000 	C:\Program Files\Java\jdk1.8.0_65\jre\bin\verify.dll
0x000000005b590000 - 0x000000005b5b9000 	C:\Program Files\Java\jdk1.8.0_65\jre\bin\java.dll
0x000000005b550000 - 0x000000005b585000 	C:\Program Files\Java\jdk1.8.0_65\jre\bin\jdwp.dll
0x000000005b540000 - 0x000000005b548000 	C:\Program Files\Java\jdk1.8.0_65\jre\bin\npt.dll
0x000000005b520000 - 0x000000005b536000 	C:\Program Files\Java\jdk1.8.0_65\jre\bin\zip.dll
0x00007ffd2a2c0000 - 0x00007ffd2b81c000 	C:\WINDOWS\system32\SHELL32.dll
0x00007ffd28070000 - 0x00007ffd286b5000 	C:\WINDOWS\system32\windows.storage.dll
0x00007ffd2a250000 - 0x00007ffd2a2a2000 	C:\WINDOWS\system32\shlwapi.dll
0x00007ffd27f70000 - 0x00007ffd27f7f000 	C:\WINDOWS\system32\kernel.appcore.dll
0x00007ffd28c10000 - 0x00007ffd28cc5000 	C:\WINDOWS\system32\shcore.dll
0x00007ffd27ef0000 - 0x00007ffd27f3b000 	C:\WINDOWS\system32\powrprof.dll
0x00007ffd27f40000 - 0x00007ffd27f54000 	C:\WINDOWS\system32\profapi.dll
0x000000005b510000 - 0x000000005b519000 	C:\Program Files\Java\jdk1.8.0_65\jre\bin\dt_socket.dll
0x00007ffd27820000 - 0x00007ffd2787c000 	C:\WINDOWS\system32\mswsock.dll
0x00007ffd0dd80000 - 0x00007ffd0de08000 	D:\Code\Java\Projects\WireEngine20\lib\native\lwjgl.dll
0x00007ffd279f0000 - 0x00007ffd279fb000 	C:\WINDOWS\SYSTEM32\CRYPTBASE.DLL
0x00007ffd0f000000 - 0x00007ffd0f042000 	D:\Code\Java\Projects\WireEngine20\lib\native\jemalloc.dll
0x00007ffd1fcb0000 - 0x00007ffd1fce8000 	D:\Code\Java\Projects\WireEngine20\lib\native\glfw.dll
0x00007ffd26870000 - 0x00007ffd26906000 	C:\WINDOWS\system32\uxtheme.dll
0x00007ffd25f20000 - 0x00007ffd25f42000 	C:\WINDOWS\SYSTEM32\dwmapi.dll
0x00007ffd18b80000 - 0x00007ffd18ca9000 	C:\WINDOWS\SYSTEM32\opengl32.dll
0x00007ffd1c880000 - 0x00007ffd1c8ae000 	C:\WINDOWS\SYSTEM32\GLU32.dll
0x00007ffd18a80000 - 0x00007ffd18b7a000 	C:\WINDOWS\SYSTEM32\DDRAW.dll
0x00007ffd1d2d0000 - 0x00007ffd1d2d8000 	C:\WINDOWS\SYSTEM32\DCIMAN32.dll
0x00007ffd29b70000 - 0x00007ffd29cca000 	C:\WINDOWS\system32\MSCTF.dll
0x00007ffd15240000 - 0x00007ffd15289000 	C:\Program Files (x86)\TeamViewer\tv_x64.dll
0x00007ffd29210000 - 0x00007ffd29353000 	C:\WINDOWS\system32\ole32.dll
0x0000000058a10000 - 0x000000005a759000 	C:\WINDOWS\SYSTEM32\nvoglv64.DLL
0x00007ffd29d60000 - 0x00007ffd2a189000 	C:\WINDOWS\system32\SETUPAPI.dll
0x00007ffd25f70000 - 0x00007ffd25f83000 	C:\WINDOWS\SYSTEM32\WTSAPI32.dll
0x00007ffd269c0000 - 0x00007ffd269e7000 	C:\WINDOWS\SYSTEM32\DEVOBJ.dll
0x00007ffd27ff0000 - 0x00007ffd28045000 	C:\WINDOWS\system32\WINTRUST.dll
0x00007ffd27f60000 - 0x00007ffd27f70000 	C:\WINDOWS\system32\MSASN1.dll
0x00007ffd286c0000 - 0x00007ffd28887000 	C:\WINDOWS\system32\CRYPT32.dll
0x00007ffd27440000 - 0x00007ffd27471000 	C:\WINDOWS\SYSTEM32\ntmarta.dll
0x00007ffd27190000 - 0x00007ffd271e6000 	C:\WINDOWS\SYSTEM32\WINSTA.dll
0x00007ffd2b840000 - 0x00007ffd2b8e7000 	C:\WINDOWS\system32\clbcatq.dll
0x00007ffd231a0000 - 0x00007ffd231c5000 	C:\Program Files (x86)\Samsung\Easy Printer Manager\SmartScreenPrint\CDAKEYMonitor64.dll
0x00007ffd29360000 - 0x00007ffd29421000 	C:\WINDOWS\system32\OLEAUT32.dll
0x00007ffd238a0000 - 0x00007ffd23a2c000 	C:\WINDOWS\SYSTEM32\dbghelp.dll

VM Arguments:
jvm_args: -agentlib:jdwp=transport=dt_socket,address=127.0.0.1:57627,suspend=y,server=n -Djava.library.path=lib/native/ -Dfile.encoding=UTF-8 
java_command: main.Main
java_class_path (initial): C:\Program Files\Java\jdk1.8.0_65\jre\lib\charsets.jar;C:\Program Files\Java\jdk1.8.0_65\jre\lib\deploy.jar;C:\Program Files\Java\jdk1.8.0_65\jre\lib\ext\access-bridge-64.jar;C:\Program Files\Java\jdk1.8.0_65\jre\lib\ext\cldrdata.jar;C:\Program Files\Java\jdk1.8.0_65\jre\lib\ext\dnsns.jar;C:\Program Files\Java\jdk1.8.0_65\jre\lib\ext\jaccess.jar;C:\Program Files\Java\jdk1.8.0_65\jre\lib\ext\jfxrt.jar;C:\Program Files\Java\jdk1.8.0_65\jre\lib\ext\localedata.jar;C:\Program Files\Java\jdk1.8.0_65\jre\lib\ext\nashorn.jar;C:\Program Files\Java\jdk1.8.0_65\jre\lib\ext\sunec.jar;C:\Program Files\Java\jdk1.8.0_65\jre\lib\ext\sunjce_provider.jar;C:\Program Files\Java\jdk1.8.0_65\jre\lib\ext\sunmscapi.jar;C:\Program Files\Java\jdk1.8.0_65\jre\lib\ext\sunpkcs11.jar;C:\Program Files\Java\jdk1.8.0_65\jre\lib\ext\zipfs.jar;C:\Program Files\Java\jdk1.8.0_65\jre\lib\javaws.jar;C:\Program Files\Java\jdk1.8.0_65\jre\lib\jce.jar;C:\Program Files\Java\jdk1.8.0_65\jre\lib\jfr.jar;C:\Program Files\Java\jdk1.8.0_65\jre\lib\jfxswt.jar;C:\Program Files\Java\jdk1.8.0_65\jre\lib\jsse.jar;C:\Program Files\Java\jdk1.8.0_65\jre\lib\management-agent.jar;C:\Program Files\Java\jdk1.8.0_65\jre\lib\plugin.jar;C:\Program Files\Java\jdk1.8.0_65\jre\lib\resources.jar;C:\Program Files\Java\jdk1.8.0_65\jre\lib\rt.jar;D:\Code\Java\Projects\WireEngine20\out\production\WireEngine20;D:\Code\Java\Projects\WireEngine20\lib\jar\lwjgl.jar;D:\Code\Java\Projects\WireEngine20\lib\jar\slick-util.jar;D:\Program Files (x86)\JetBrains\IntelliJ IDEA 2016.1\lib\idea_rt.jar
Launcher Type: SUN_STANDARD

Environment Variables:
JAVA_HOME=C:\Program Files\Java\jdk1.8.0_65
PATH=C:\ProgramData\Oracle\Java\javapath;C:\Program Files (x86)\Razer Chroma SDK\bin;C:\Program Files\Razer Chroma SDK\bin;C:\Program Files (x86)\NVIDIA Corporation\PhysX\Common;C:\Program Files (x86)\Intel\iCLS Client\;C:\Program Files\Intel\iCLS Client\;C:\Windows\system32;C:\Windows;C:\Windows\System32\Wbem;C:\Windows\System32\WindowsPowerShell\v1.0\;C:\Program Files\Intel\Intel(R) Management Engine Components\DAL;C:\Program Files (x86)\Intel\Intel(R) Management Engine Components\DAL;C:\Program Files\Intel\Intel(R) Management Engine Components\IPT;C:\Program Files (x86)\Intel\Intel(R) Management Engine Components\IPT;C:\Program Files\Java\jre1.8.0_65\bin;C:\MinGW\bin;C:\WINDOWS\system32;C:\WINDOWS;C:\WINDOWS\System32\Wbem;C:\WINDOWS\System32\WindowsPowerShell\v1.0\;D:\Program Files (x86)\CMake\bin;D:\Program Files\Programs\Python\Python35-32;D:\Program Files\Programs\Python\Python35-32\Scripts;C:\Program Files (x86)\Skype\Phone\;D:\Program Files\Programs\Python\Python35-32\Scripts\;D:\Program Files\Programs\Python\Python35-32\
USERNAME=Kelan
OS=Windows_NT
PROCESSOR_IDENTIFIER=Intel64 Family 6 Model 60 Stepping 3, GenuineIntel



---------------  S Y S T E M  ---------------

OS: Windows 10.0 , 64 bit Build 10586 (10.0.10586.0)

CPU:total 8 (4 cores per cpu, 2 threads per core) family 6 model 60 stepping 3, cmov, cx8, fxsr, mmx, sse, sse2, sse3, ssse3, sse4.1, sse4.2, popcnt, avx, avx2, aes, clmul, erms, lzcnt, ht, tsc, tscinvbit, bmi1, bmi2

Memory: 4k page, physical 16609500k(9738228k free), swap 33386716k(23881996k free)

vm_info: Java HotSpot(TM) 64-Bit Server VM (25.65-b01) for windows-amd64 JRE (1.8.0_65-b17), built on Oct  6 2015 16:39:20 by "java_re" with MS VC++ 10.0 (VS2010)

time: Fri Apr 15 16:17:59 2016
elapsed time: 2 seconds (0d 0h 0m 2s)

