#
# A fatal error has been detected by the Java Runtime Environment:
#
#  EXCEPTION_ACCESS_VIOLATION (0xc0000005) at pc=0x00007ffdbfc224b9, pid=9800, tid=13120
#
# JRE version: Java(TM) SE Runtime Environment (8.0_65-b17) (build 1.8.0_65-b17)
# Java VM: Java HotSpot(TM) 64-Bit Server VM (25.65-b01 mixed mode windows-amd64 compressed oops)
# Problematic frame:
# C  [glfw.dll+0x24b9]
#
# Failed to write core dump. Minidumps are not enabled by default on client versions of Windows
#
# If you would like to submit a bug report, please visit:
#   http://bugreport.java.com/bugreport/crash.jsp
# The crash happened outside the Java Virtual Machine in native code.
# See problematic frame for where to report the bug.
#

---------------  T H R E A D  ---------------

Current thread (0x000000001e20c000):  JavaThread "CLIENT" [_thread_in_native, id=13120, stack(0x000000001ef10000,0x000000001f010000)]

siginfo: ExceptionCode=0xc0000005, reading address 0x0000000000000000

Registers:
RAX=0x0000000000000000, RBX=0x000000001b9dff50, RCX=0x0000000000000000, RDX=0x0000000000000000
RSP=0x000000001f00f120, RBP=0x000000001f00f1d8, RSI=0x0000000000000108, RDI=0x0000000000a0b1e0
R8 =0x000000001f00f118, R9 =0x000000001f00f1d8, R10=0x0000000000000000, R11=0x0000000000000246
R12=0x0000000000000000, R13=0x000000001b9dff50, R14=0x000000001f00f210, R15=0x000000001e20c000
RIP=0x00007ffdbfc224b9, EFLAGS=0x0000000000010283

Top of Stack: (sp=0x000000001f00f120)
0x000000001f00f120:   000000001e20c000 000000001e20c000
0x000000001f00f130:   000000001e20c000 000000001e20c000
0x000000001f00f140:   00000000000009b6 00000000025ddfcc
0x000000001f00f150:   000000001b9dff50 0000000070615005
0x000000001f00f160:   000000001b985390 000000001bf61870
0x000000001f00f170:   000000000000000e 000000001e20c000
0x000000001f00f180:   000000001b9fe710 000000007052aea4
0x000000001f00f190:   000000001e20c000 000000001f00f198
0x000000001f00f1a0:   0000000000000000 000000001f00f210
0x000000001f00f1b0:   000000001b9e06f0 0000000000000000
0x000000001f00f1c0:   000000001b9dff50 0000000000000000
0x000000001f00f1d0:   000000001f00f1f8 000000001f00f258
0x000000001f00f1e0:   00000000025c7d8d 00000006c280a2b0
0x000000001f00f1f0:   00000000025d42f8 0000000000a0b1e0
0x000000001f00f200:   00000000025c78a0 00007ffdbfc22420
0x000000001f00f210:   0000000000000001 000000001f00f218 

Instructions: (pc=0x00007ffdbfc224b9)
0x00007ffdbfc22499:   48 8b cf e8 1f 3a 00 00 48 39 3d f0 d5 02 00 48
0x00007ffdbfc224a9:   8d 0d e9 d5 02 00 48 8b 5c 24 30 74 08 48 8b 09
0x00007ffdbfc224b9:   48 39 39 75 f8 48 8b 07 48 89 01 48 8b cf 48 83
0x00007ffdbfc224c9:   c4 20 5f e9 5b fe 00 00 48 83 c4 20 5f c3 cc cc 


Register to memory mapping:

RAX=0x0000000000000000 is an unknown value
RBX={method} {0x000000001b9dff58} 'invokePV' '(JJ)V' in 'org/lwjgl/system/JNI'
RCX=0x0000000000000000 is an unknown value
RDX=0x0000000000000000 is an unknown value
RSP=0x000000001f00f120 is pointing into the stack for thread: 0x000000001e20c000
RBP=0x000000001f00f1d8 is pointing into the stack for thread: 0x000000001e20c000
RSI=0x0000000000000108 is an unknown value
RDI=0x0000000000a0b1e0 is an unknown value
R8 =0x000000001f00f118 is pointing into the stack for thread: 0x000000001e20c000
R9 =0x000000001f00f1d8 is pointing into the stack for thread: 0x000000001e20c000
R10=0x0000000000000000 is an unknown value
R11=0x0000000000000246 is an unknown value
R12=0x0000000000000000 is an unknown value
R13={method} {0x000000001b9dff58} 'invokePV' '(JJ)V' in 'org/lwjgl/system/JNI'
R14=0x000000001f00f210 is pointing into the stack for thread: 0x000000001e20c000
R15=0x000000001e20c000 is a thread


Stack: [0x000000001ef10000,0x000000001f010000],  sp=0x000000001f00f120,  free space=1020k
Native frames: (J=compiled Java code, j=interpreted, Vv=VM code, C=native code)
C  [glfw.dll+0x24b9]
C  0x00000000025ddfcc

Java frames: (J=compiled Java code, j=interpreted, Vv=VM code)
j  org.lwjgl.system.JNI.invokePV(JJ)V+0
j  org.lwjgl.glfw.GLFW.glfwDestroyCursor(J)V+20
j  main.client.Window.destroyWindow()V+9
j  main.coreEngine.Engine.stop()V+70
j  main.client.Window.update()V+33
j  main.client.renderEngine.RenderEngine.render()V+38
j  main.client.ClientThread.tick()V+12
j  main.coreEngine.TickableThread.run()V+469
v  ~StubRoutines::call_stub

---------------  P R O C E S S  ---------------

Java Threads: ( => current thread )
  0x000000001e20d800 JavaThread "SERVER" [_thread_in_Java, id=7292, stack(0x000000001f010000,0x000000001f110000)]
=>0x000000001e20c000 JavaThread "CLIENT" [_thread_in_native, id=13120, stack(0x000000001ef10000,0x000000001f010000)]
  0x000000001e10e000 JavaThread "Service Thread" daemon [_thread_blocked, id=6564, stack(0x000000001ed10000,0x000000001ee10000)]
  0x000000001e073000 JavaThread "C1 CompilerThread3" daemon [_thread_blocked, id=13640, stack(0x000000001ec10000,0x000000001ed10000)]
  0x000000001e066000 JavaThread "C2 CompilerThread2" daemon [_thread_blocked, id=4464, stack(0x000000001eb10000,0x000000001ec10000)]
  0x000000001e065800 JavaThread "C2 CompilerThread1" daemon [_thread_blocked, id=9040, stack(0x000000001ea10000,0x000000001eb10000)]
  0x000000001e06a000 JavaThread "C2 CompilerThread0" daemon [_thread_blocked, id=9884, stack(0x000000001e910000,0x000000001ea10000)]
  0x000000001e050000 JavaThread "JDWP Command Reader" daemon [_thread_in_native, id=7196, stack(0x000000001e810000,0x000000001e910000)]
  0x000000001e04f000 JavaThread "JDWP Event Helper Thread" daemon [_thread_blocked, id=4868, stack(0x000000001e710000,0x000000001e810000)]
  0x000000001e041800 JavaThread "JDWP Transport Listener: dt_socket" daemon [_thread_blocked, id=536, stack(0x000000001e610000,0x000000001e710000)]
  0x000000001e037800 JavaThread "Attach Listener" daemon [_thread_blocked, id=11164, stack(0x000000001e510000,0x000000001e610000)]
  0x000000001e036800 JavaThread "Signal Dispatcher" daemon [_thread_blocked, id=11336, stack(0x000000001e410000,0x000000001e510000)]
  0x00000000025bb800 JavaThread "Finalizer" daemon [_thread_blocked, id=1448, stack(0x000000001de30000,0x000000001df30000)]
  0x000000001bf5d800 JavaThread "Reference Handler" daemon [_thread_blocked, id=6772, stack(0x000000001dd30000,0x000000001de30000)]
  0x00000000024be000 JavaThread "main" [_thread_in_Java, id=1876, stack(0x00000000022f0000,0x00000000023f0000)]

Other Threads:
  0x000000001bf59000 VMThread [stack: 0x000000001dc30000,0x000000001dd30000] [id=2300]
  0x000000001e12b000 WatcherThread [stack: 0x000000001ee10000,0x000000001ef10000] [id=13812]

VM state:not at safepoint (normal execution)

VM Mutex/Monitor currently owned by a thread: None

Heap:
 PSYoungGen      total 1371648K, used 27399K [0x000000076b800000, 0x00000007bfe80000, 0x00000007c0000000)
  eden space 1361408K, 1% used [0x000000076b800000,0x000000076d289e38,0x00000007be980000)
  from space 10240K, 2% used [0x00000007bf480000,0x00000007bf4b8000,0x00000007bfe80000)
  to   space 10752K, 0% used [0x00000007be980000,0x00000007be980000,0x00000007bf400000)
 ParOldGen       total 173568K, used 30635K [0x00000006c2800000, 0x00000006cd180000, 0x000000076b800000)
  object space 173568K, 17% used [0x00000006c2800000,0x00000006c45eac10,0x00000006cd180000)
 Metaspace       used 8343K, capacity 8710K, committed 8960K, reserved 1056768K
  class space    used 660K, capacity 690K, committed 768K, reserved 1048576K

Card table byte_map: [0x0000000011980000,0x0000000012170000] byte_map_base: 0x000000000e36c000

Marking Bits: (ParMarkBitMap*) 0x0000000070c0a5b0
 Begin Bits: [0x0000000012ec0000, 0x0000000016e20000)
 End Bits:   [0x0000000016e20000, 0x000000001ad80000)

Polling page: 0x00000000009a0000

CodeCache: size=245760Kb used=4011Kb max_used=4022Kb free=241748Kb
 bounds [0x00000000025c0000, 0x00000000029c0000, 0x00000000115c0000]
 total_blobs=1448 nmethods=792 adapters=577
 compilation: enabled

Compilation events (10 events):
Event: 3.466 Thread 0x000000001e073000  791       3       main.client.renderEngine.RenderEngine$ModelData::<init> (32 bytes)
Event: 3.466 Thread 0x000000001e073000 nmethod 791 0x00000000029ab510 code [0x00000000029ab660, 0x00000000029ab890]
Event: 3.466 Thread 0x000000001e073000  792       3       main.coreEngine.util.maths.Matrix4f::scale (170 bytes)
Event: 3.467 Thread 0x000000001e073000 nmethod 792 0x00000000029ab950 code [0x00000000029abae0, 0x00000000029abf68]
Event: 3.467 Thread 0x000000001e073000  788       3       org.lwjgl.glfw.GLFW::glfwGetCursorPos (37 bytes)
Event: 3.467 Thread 0x000000001e073000 nmethod 788 0x00000000029ac1d0 code [0x00000000029ac420, 0x00000000029ad1f8]
Event: 3.816 Thread 0x000000001e066000  793       4       main.coreEngine.util.maths.Matrix4f::setIdentity (82 bytes)
Event: 3.816 Thread 0x000000001e066000 nmethod 793 0x00000000028f7bd0 code [0x00000000028f7d00, 0x00000000028f7db8]
Event: 4.066 Thread 0x000000001e073000  794       1       org.lwjgl.glfw.GLFW::getInstance (4 bytes)
Event: 4.066 Thread 0x000000001e073000 nmethod 794 0x00000000029b0510 code [0x00000000029b0660, 0x00000000029b0750]

GC Heap History (10 events):
Event: 1.684 GC heap before
{Heap before GC invocations=12 (full 0):
 PSYoungGen      total 419328K, used 407200K [0x000000076b800000, 0x0000000794c80000, 0x00000007c0000000)
  eden space 406528K, 100% used [0x000000076b800000,0x0000000784500000,0x0000000784500000)
  from space 12800K, 5% used [0x0000000784500000,0x00000007845a8000,0x0000000785180000)
  to   space 12800K, 0% used [0x0000000794000000,0x0000000794000000,0x0000000794c80000)
 ParOldGen       total 173568K, used 30035K [0x00000006c2800000, 0x00000006cd180000, 0x000000076b800000)
  object space 173568K, 17% used [0x00000006c2800000,0x00000006c4554c10,0x00000006cd180000)
 Metaspace       used 8294K, capacity 8710K, committed 8960K, reserved 1056768K
  class space    used 660K, capacity 690K, committed 768K, reserved 1048576K
Event: 1.685 GC heap after
Heap after GC invocations=12 (full 0):
 PSYoungGen      total 662528K, used 128K [0x000000076b800000, 0x0000000794b80000, 0x00000007c0000000)
  eden space 650752K, 0% used [0x000000076b800000,0x000000076b800000,0x0000000793380000)
  from space 11776K, 1% used [0x0000000794000000,0x0000000794020000,0x0000000794b80000)
  to   space 12288K, 0% used [0x0000000793380000,0x0000000793380000,0x0000000793f80000)
 ParOldGen       total 173568K, used 30587K [0x00000006c2800000, 0x00000006cd180000, 0x000000076b800000)
  object space 173568K, 17% used [0x00000006c2800000,0x00000006c45dec10,0x00000006cd180000)
 Metaspace       used 8294K, capacity 8710K, committed 8960K, reserved 1056768K
  class space    used 660K, capacity 690K, committed 768K, reserved 1048576K
}
Event: 2.173 GC heap before
{Heap before GC invocations=13 (full 0):
 PSYoungGen      total 662528K, used 650880K [0x000000076b800000, 0x0000000794b80000, 0x00000007c0000000)
  eden space 650752K, 100% used [0x000000076b800000,0x0000000793380000,0x0000000793380000)
  from space 11776K, 1% used [0x0000000794000000,0x0000000794020000,0x0000000794b80000)
  to   space 12288K, 0% used [0x0000000793380000,0x0000000793380000,0x0000000793f80000)
 ParOldGen       total 173568K, used 30587K [0x00000006c2800000, 0x00000006cd180000, 0x000000076b800000)
  object space 173568K, 17% used [0x00000006c2800000,0x00000006c45dec10,0x00000006cd180000)
 Metaspace       used 8319K, capacity 8710K, committed 8960K, reserved 1056768K
  class space    used 660K, capacity 690K, committed 768K, reserved 1048576K
Event: 2.174 GC heap after
Heap after GC invocations=13 (full 0):
 PSYoungGen      total 663040K, used 224K [0x000000076b800000, 0x00000007ac900000, 0x00000007c0000000)
  eden space 650752K, 0% used [0x000000076b800000,0x000000076b800000,0x0000000793380000)
  from space 12288K, 1% used [0x0000000793380000,0x00000007933b8000,0x0000000793f80000)
  to   space 12288K, 0% used [0x00000007abd00000,0x00000007abd00000,0x00000007ac900000)
 ParOldGen       total 173568K, used 30587K [0x00000006c2800000, 0x00000006cd180000, 0x000000076b800000)
  object space 173568K, 17% used [0x00000006c2800000,0x00000006c45dec10,0x00000006cd180000)
 Metaspace       used 8319K, capacity 8710K, committed 8960K, reserved 1056768K
  class space    used 660K, capacity 690K, committed 768K, reserved 1048576K
}
Event: 2.656 GC heap before
{Heap before GC invocations=14 (full 0):
 PSYoungGen      total 663040K, used 650976K [0x000000076b800000, 0x00000007ac900000, 0x00000007c0000000)
  eden space 650752K, 100% used [0x000000076b800000,0x0000000793380000,0x0000000793380000)
  from space 12288K, 1% used [0x0000000793380000,0x00000007933b8000,0x0000000793f80000)
  to   space 12288K, 0% used [0x00000007abd00000,0x00000007abd00000,0x00000007ac900000)
 ParOldGen       total 173568K, used 30587K [0x00000006c2800000, 0x00000006cd180000, 0x000000076b800000)
  object space 173568K, 17% used [0x00000006c2800000,0x00000006c45dec10,0x00000006cd180000)
 Metaspace       used 8325K, capacity 8710K, committed 8960K, reserved 1056768K
  class space    used 660K, capacity 690K, committed 768K, reserved 1048576K
Event: 2.656 GC heap after
Heap after GC invocations=14 (full 0):
 PSYoungGen      total 1052672K, used 224K [0x000000076b800000, 0x00000007ac800000, 0x00000007c0000000)
  eden space 1041408K, 0% used [0x000000076b800000,0x000000076b800000,0x00000007ab100000)
  from space 11264K, 1% used [0x00000007abd00000,0x00000007abd38000,0x00000007ac800000)
  to   space 11776K, 0% used [0x00000007ab100000,0x00000007ab100000,0x00000007abc80000)
 ParOldGen       total 173568K, used 30611K [0x00000006c2800000, 0x00000006cd180000, 0x000000076b800000)
  object space 173568K, 17% used [0x00000006c2800000,0x00000006c45e4c10,0x00000006cd180000)
 Metaspace       used 8325K, capacity 8710K, committed 8960K, reserved 1056768K
  class space    used 660K, capacity 690K, committed 768K, reserved 1048576K
}
Event: 3.444 GC heap before
{Heap before GC invocations=15 (full 0):
 PSYoungGen      total 1052672K, used 1041632K [0x000000076b800000, 0x00000007ac800000, 0x00000007c0000000)
  eden space 1041408K, 100% used [0x000000076b800000,0x00000007ab100000,0x00000007ab100000)
  from space 11264K, 1% used [0x00000007abd00000,0x00000007abd38000,0x00000007ac800000)
  to   space 11776K, 0% used [0x00000007ab100000,0x00000007ab100000,0x00000007abc80000)
 ParOldGen       total 173568K, used 30611K [0x00000006c2800000, 0x00000006cd180000, 0x000000076b800000)
  object space 173568K, 17% used [0x00000006c2800000,0x00000006c45e4c10,0x00000006cd180000)
 Metaspace       used 8333K, capacity 8710K, committed 8960K, reserved 1056768K
  class space    used 660K, capacity 690K, committed 768K, reserved 1048576K
Event: 3.445 GC heap after
Heap after GC invocations=15 (full 0):
 PSYoungGen      total 1053184K, used 256K [0x000000076b800000, 0x00000007bff80000, 0x00000007c0000000)
  eden space 1041408K, 0% used [0x000000076b800000,0x000000076b800000,0x00000007ab100000)
  from space 11776K, 2% used [0x00000007ab100000,0x00000007ab140000,0x00000007abc80000)
  to   space 11264K, 0% used [0x00000007bf480000,0x00000007bf480000,0x00000007bff80000)
 ParOldGen       total 173568K, used 30611K [0x00000006c2800000, 0x00000006cd180000, 0x000000076b800000)
  object space 173568K, 17% used [0x00000006c2800000,0x00000006c45e4c10,0x00000006cd180000)
 Metaspace       used 8333K, capacity 8710K, committed 8960K, reserved 1056768K
  class space    used 660K, capacity 690K, committed 768K, reserved 1048576K
}
Event: 4.283 GC heap before
{Heap before GC invocations=16 (full 0):
 PSYoungGen      total 1053184K, used 1041664K [0x000000076b800000, 0x00000007bff80000, 0x00000007c0000000)
  eden space 1041408K, 100% used [0x000000076b800000,0x00000007ab100000,0x00000007ab100000)
  from space 11776K, 2% used [0x00000007ab100000,0x00000007ab140000,0x00000007abc80000)
  to   space 11264K, 0% used [0x00000007bf480000,0x00000007bf480000,0x00000007bff80000)
 ParOldGen       total 173568K, used 30611K [0x00000006c2800000, 0x00000006cd180000, 0x000000076b800000)
  object space 173568K, 17% used [0x00000006c2800000,0x00000006c45e4c10,0x00000006cd180000)
 Metaspace       used 8343K, capacity 8710K, committed 8960K, reserved 1056768K
  class space    used 660K, capacity 690K, committed 768K, reserved 1048576K
Event: 4.284 GC heap after
Heap after GC invocations=16 (full 0):
 PSYoungGen      total 1371648K, used 224K [0x000000076b800000, 0x00000007bfe80000, 0x00000007c0000000)
  eden space 1361408K, 0% used [0x000000076b800000,0x000000076b800000,0x00000007be980000)
  from space 10240K, 2% used [0x00000007bf480000,0x00000007bf4b8000,0x00000007bfe80000)
  to   space 10752K, 0% used [0x00000007be980000,0x00000007be980000,0x00000007bf400000)
 ParOldGen       total 173568K, used 30635K [0x00000006c2800000, 0x00000006cd180000, 0x000000076b800000)
  object space 173568K, 17% used [0x00000006c2800000,0x00000006c45eac10,0x00000006cd180000)
 Metaspace       used 8343K, capacity 8710K, committed 8960K, reserved 1056768K
  class space    used 660K, capacity 690K, committed 768K, reserved 1048576K
}

Deoptimization events (10 events):
Event: 1.166 Thread 0x000000001e20c000 Uncommon trap: reason=class_check action=maybe_recompile pc=0x00000000028f3208 method=java.util.HashMap.putVal(ILjava/lang/Object;Ljava/lang/Object;ZZ)Ljava/lang/Object; @ 203
Event: 1.196 Thread 0x000000001e20c000 Uncommon trap: reason=bimorphic action=maybe_recompile pc=0x0000000002712190 method=java.util.HashMap.getNode(ILjava/lang/Object;)Ljava/util/HashMap$Node; @ 126
Event: 1.196 Thread 0x000000001e20c000 Uncommon trap: reason=class_check action=maybe_recompile pc=0x00000000028f3208 method=java.util.HashMap.putVal(ILjava/lang/Object;Ljava/lang/Object;ZZ)Ljava/lang/Object; @ 203
Event: 1.234 Thread 0x000000001e20c000 Uncommon trap: reason=class_check action=maybe_recompile pc=0x00000000028f3208 method=java.util.HashMap.putVal(ILjava/lang/Object;Ljava/lang/Object;ZZ)Ljava/lang/Object; @ 203
Event: 1.235 Thread 0x000000001e20c000 Uncommon trap: reason=unstable_if action=reinterpret pc=0x000000000291acbc method=main.client.renderEngine.mesh.Mesh.compile(Ljava/util/List;)Lmain/client/renderEngine/mesh/Mesh; @ 101
Event: 1.266 Thread 0x000000001e20c000 Uncommon trap: reason=unstable_if action=reinterpret pc=0x0000000002918284 method=main.client.renderEngine.mesh.Mesh.compile(Ljava/util/List;)Lmain/client/renderEngine/mesh/Mesh; @ 216
Event: 1.312 Thread 0x000000001e20c000 Uncommon trap: reason=unstable_if action=reinterpret pc=0x0000000002944cb4 method=main.client.renderEngine.mesh.Mesh.compile(Ljava/util/List;)Lmain/client/renderEngine/mesh/Mesh; @ 550
Event: 1.329 Thread 0x000000001e20c000 Uncommon trap: reason=unstable_if action=reinterpret pc=0x000000000286c9b4 method=main.coreEngine.TickableThread.run()V @ 461
Event: 1.337 Thread 0x000000001e20d800 Uncommon trap: reason=unstable_if action=reinterpret pc=0x000000000286c9b4 method=main.coreEngine.TickableThread.run()V @ 461
Event: 1.346 Thread 0x00000000024be000 Uncommon trap: reason=unstable_if action=reinterpret pc=0x000000000294b7a4 method=main.coreEngine.Engine.start()V @ 163

Internal exceptions (8 events):
Event: 0.023 Thread 0x00000000024be000 Exception <a 'java/lang/NoSuchMethodError': Method sun.misc.Unsafe.defineClass(Ljava/lang/String;[BII)Ljava/lang/Class; name or signature does not match> (0x000000076b80da30) thrown at [C:\workspace\8-2-build-windows-amd64-cygwin\jdk8u65\4987\hotspot\src\sh#º¼{‘—?
Event: 0.023 Thread 0x00000000024be000 Exception <a 'java/lang/NoSuchMethodError': Method sun.misc.Unsafe.prefetchRead(Ljava/lang/Object;J)V name or signature does not match> (0x000000076b80dd18) thrown at [C:\workspace\8-2-build-windows-amd64-cygwin\jdk8u65\4987\hotspot\src\share\vm\prims\jni.YÉíÜn×?
Event: 0.366 Thread 0x000000001e20c000 Exception <a 'java/security/PrivilegedActionException'> (0x000000076b809b28) thrown at [C:\workspace\8-2-build-windows-amd64-cygwin\jdk8u65\4987\hotspot\src\share\vm\prims\jvm.cpp, line 1386]
Event: 0.366 Thread 0x000000001e20c000 Exception <a 'java/security/PrivilegedActionException'> (0x000000076b809f20) thrown at [C:\workspace\8-2-build-windows-amd64-cygwin\jdk8u65\4987\hotspot\src\share\vm\prims\jvm.cpp, line 1386]
Event: 0.367 Thread 0x000000001e20c000 Exception <a 'java/security/PrivilegedActionException'> (0x000000076b80e138) thrown at [C:\workspace\8-2-build-windows-amd64-cygwin\jdk8u65\4987\hotspot\src\share\vm\prims\jvm.cpp, line 1386]
Event: 0.367 Thread 0x000000001e20c000 Exception <a 'java/security/PrivilegedActionException'> (0x000000076b80e530) thrown at [C:\workspace\8-2-build-windows-amd64-cygwin\jdk8u65\4987\hotspot\src\share\vm\prims\jvm.cpp, line 1386]
Event: 0.762 Thread 0x00000000024be000 Implicit null exception at 0x00000000027293fc to 0x00000000027299c9
Event: 1.128 Thread 0x000000001e20c000 Implicit null exception at 0x00000000028e6324 to 0x00000000028e689d

Events (10 events):
Event: 2.173 Executing VM operation: ParallelGCFailedAllocation
Event: 2.174 Executing VM operation: ParallelGCFailedAllocation done
Event: 2.656 Executing VM operation: ParallelGCFailedAllocation
Event: 2.656 Executing VM operation: ParallelGCFailedAllocation done
Event: 3.444 Executing VM operation: ParallelGCFailedAllocation
Event: 3.445 Executing VM operation: ParallelGCFailedAllocation done
Event: 4.076 Executing VM operation: EnableBiasedLocking
Event: 4.076 Executing VM operation: EnableBiasedLocking done
Event: 4.283 Executing VM operation: ParallelGCFailedAllocation
Event: 4.284 Executing VM operation: ParallelGCFailedAllocation done


Dynamic libraries:
0x00007ff76c070000 - 0x00007ff76c0a7000 	C:\Program Files\Java\jdk1.8.0_65\bin\java.exe
0x00007ffde4980000 - 0x00007ffde4b41000 	C:\WINDOWS\SYSTEM32\ntdll.dll
0x00007ffde42a0000 - 0x00007ffde434d000 	C:\WINDOWS\system32\KERNEL32.DLL
0x00007ffde19f0000 - 0x00007ffde1bd8000 	C:\WINDOWS\system32\KERNELBASE.dll
0x00007ffde1e70000 - 0x00007ffde1f17000 	C:\WINDOWS\system32\ADVAPI32.dll
0x00007ffde3800000 - 0x00007ffde389d000 	C:\WINDOWS\system32\msvcrt.dll
0x00007ffde1e10000 - 0x00007ffde1e6b000 	C:\WINDOWS\system32\sechost.dll
0x00007ffde3bd0000 - 0x00007ffde3cec000 	C:\WINDOWS\system32\RPCRT4.dll
0x00007ffde3fe0000 - 0x00007ffde4136000 	C:\WINDOWS\system32\USER32.dll
0x00007ffde3cf0000 - 0x00007ffde3e76000 	C:\WINDOWS\system32\GDI32.dll
0x00007ffddd690000 - 0x00007ffddd904000 	C:\WINDOWS\WinSxS\amd64_microsoft.windows.common-controls_6595b64144ccf1df_6.0.10586.0_none_8c15ae12515e1c22\COMCTL32.dll
0x00007ffde3950000 - 0x00007ffde3bcd000 	C:\WINDOWS\system32\combase.dll
0x00007ffde1cf0000 - 0x00007ffde1d5a000 	C:\WINDOWS\system32\bcryptPrimitives.dll
0x00007ffde1dc0000 - 0x00007ffde1dfb000 	C:\WINDOWS\system32\IMM32.DLL
0x0000000070c90000 - 0x0000000070d62000 	C:\Program Files\Java\jdk1.8.0_65\jre\bin\msvcr100.dll
0x0000000070400000 - 0x0000000070c89000 	C:\Program Files\Java\jdk1.8.0_65\jre\bin\server\jvm.dll
0x00007ffde4290000 - 0x00007ffde4298000 	C:\WINDOWS\system32\PSAPI.DLL
0x00007ffdd8550000 - 0x00007ffdd8559000 	C:\WINDOWS\SYSTEM32\WSOCK32.dll
0x00007ffddd9c0000 - 0x00007ffddd9ca000 	C:\WINDOWS\SYSTEM32\VERSION.dll
0x00007ffddf730000 - 0x00007ffddf753000 	C:\WINDOWS\SYSTEM32\WINMM.dll
0x00007ffde4470000 - 0x00007ffde44db000 	C:\WINDOWS\system32\WS2_32.dll
0x00007ffddf6d0000 - 0x00007ffddf6fc000 	C:\WINDOWS\SYSTEM32\WINMMBASE.dll
0x00007ffde1be0000 - 0x00007ffde1c23000 	C:\WINDOWS\system32\cfgmgr32.dll
0x00000000703f0000 - 0x00000000703ff000 	C:\Program Files\Java\jdk1.8.0_65\jre\bin\verify.dll
0x00000000703c0000 - 0x00000000703e9000 	C:\Program Files\Java\jdk1.8.0_65\jre\bin\java.dll
0x0000000070380000 - 0x00000000703b5000 	C:\Program Files\Java\jdk1.8.0_65\jre\bin\jdwp.dll
0x0000000070370000 - 0x0000000070378000 	C:\Program Files\Java\jdk1.8.0_65\jre\bin\npt.dll
0x0000000070350000 - 0x0000000070366000 	C:\Program Files\Java\jdk1.8.0_65\jre\bin\zip.dll
0x00007ffde1f80000 - 0x00007ffde34dc000 	C:\WINDOWS\system32\SHELL32.dll
0x00007ffde11d0000 - 0x00007ffde1815000 	C:\WINDOWS\system32\windows.storage.dll
0x00007ffde36b0000 - 0x00007ffde3702000 	C:\WINDOWS\system32\shlwapi.dll
0x00007ffde0fb0000 - 0x00007ffde0fbf000 	C:\WINDOWS\system32\kernel.appcore.dll
0x00007ffde1c30000 - 0x00007ffde1ce5000 	C:\WINDOWS\system32\shcore.dll
0x00007ffde0fc0000 - 0x00007ffde100b000 	C:\WINDOWS\system32\powrprof.dll
0x00007ffde0f80000 - 0x00007ffde0f94000 	C:\WINDOWS\system32\profapi.dll
0x0000000070230000 - 0x0000000070239000 	C:\Program Files\Java\jdk1.8.0_65\jre\bin\dt_socket.dll
0x00007ffde08b0000 - 0x00007ffde090c000 	C:\WINDOWS\system32\mswsock.dll
0x00007ffdcb9c0000 - 0x00007ffdcba48000 	D:\Code\Java\Projects\WireEngine20\lib\native\lwjgl.dll
0x00007ffde0a80000 - 0x00007ffde0a8b000 	C:\WINDOWS\SYSTEM32\CRYPTBASE.DLL
0x00007ffdcb970000 - 0x00007ffdcb9b2000 	D:\Code\Java\Projects\WireEngine20\lib\native\jemalloc.dll
0x00007ffdbfc20000 - 0x00007ffdbfc58000 	D:\Code\Java\Projects\WireEngine20\lib\native\glfw.dll
0x00007ffddf850000 - 0x00007ffddf8e6000 	C:\WINDOWS\system32\uxtheme.dll
0x00007ffdde650000 - 0x00007ffdde672000 	C:\WINDOWS\SYSTEM32\dwmapi.dll
0x00007ffdc9d10000 - 0x00007ffdc9e39000 	C:\WINDOWS\SYSTEM32\opengl32.dll
0x00007ffdcfb20000 - 0x00007ffdcfb4e000 	C:\WINDOWS\SYSTEM32\GLU32.dll
0x00007ffdcc520000 - 0x00007ffdcc61a000 	C:\WINDOWS\SYSTEM32\DDRAW.dll
0x00007ffdd96b0000 - 0x00007ffdd96b8000 	C:\WINDOWS\SYSTEM32\DCIMAN32.dll
0x00007ffde3e80000 - 0x00007ffde3fda000 	C:\WINDOWS\system32\MSCTF.dll
0x00007ffdd2dd0000 - 0x00007ffdd2e19000 	C:\Program Files (x86)\TeamViewer\tv_x64.dll
0x00007ffde4140000 - 0x00007ffde4283000 	C:\WINDOWS\system32\ole32.dll
0x000000006e4e0000 - 0x0000000070229000 	C:\WINDOWS\SYSTEM32\nvoglv64.DLL
0x00007ffde4550000 - 0x00007ffde4979000 	C:\WINDOWS\system32\SETUPAPI.dll
0x00007ffddf2f0000 - 0x00007ffddf303000 	C:\WINDOWS\SYSTEM32\WTSAPI32.dll
0x00007ffddf9a0000 - 0x00007ffddf9c7000 	C:\WINDOWS\SYSTEM32\DEVOBJ.dll
0x00007ffde1170000 - 0x00007ffde11c5000 	C:\WINDOWS\system32\WINTRUST.dll
0x00007ffde0fa0000 - 0x00007ffde0fb0000 	C:\WINDOWS\system32\MSASN1.dll
0x00007ffde1820000 - 0x00007ffde19e7000 	C:\WINDOWS\system32\CRYPT32.dll
0x00007ffde04d0000 - 0x00007ffde0501000 	C:\WINDOWS\SYSTEM32\ntmarta.dll
0x00007ffde0220000 - 0x00007ffde0276000 	C:\WINDOWS\SYSTEM32\WINSTA.dll
0x00007ffde38a0000 - 0x00007ffde3947000 	C:\WINDOWS\system32\clbcatq.dll
0x00007ffddc360000 - 0x00007ffddc385000 	C:\Program Files (x86)\Samsung\Easy Printer Manager\SmartScreenPrint\CDAKEYMonitor64.dll
0x00007ffde3730000 - 0x00007ffde37f1000 	C:\WINDOWS\system32\OLEAUT32.dll
0x00007ffdb9de0000 - 0x00007ffdb9f6c000 	C:\WINDOWS\SYSTEM32\dbghelp.dll

VM Arguments:
jvm_args: -agentlib:jdwp=transport=dt_socket,address=127.0.0.1:65272,suspend=y,server=n -Djava.library.path=lib/native/ -Dfile.encoding=UTF-8 
java_command: main.Main
java_class_path (initial): C:\Program Files\Java\jdk1.8.0_65\jre\lib\charsets.jar;C:\Program Files\Java\jdk1.8.0_65\jre\lib\deploy.jar;C:\Program Files\Java\jdk1.8.0_65\jre\lib\ext\access-bridge-64.jar;C:\Program Files\Java\jdk1.8.0_65\jre\lib\ext\cldrdata.jar;C:\Program Files\Java\jdk1.8.0_65\jre\lib\ext\dnsns.jar;C:\Program Files\Java\jdk1.8.0_65\jre\lib\ext\jaccess.jar;C:\Program Files\Java\jdk1.8.0_65\jre\lib\ext\jfxrt.jar;C:\Program Files\Java\jdk1.8.0_65\jre\lib\ext\localedata.jar;C:\Program Files\Java\jdk1.8.0_65\jre\lib\ext\nashorn.jar;C:\Program Files\Java\jdk1.8.0_65\jre\lib\ext\sunec.jar;C:\Program Files\Java\jdk1.8.0_65\jre\lib\ext\sunjce_provider.jar;C:\Program Files\Java\jdk1.8.0_65\jre\lib\ext\sunmscapi.jar;C:\Program Files\Java\jdk1.8.0_65\jre\lib\ext\sunpkcs11.jar;C:\Program Files\Java\jdk1.8.0_65\jre\lib\ext\zipfs.jar;C:\Program Files\Java\jdk1.8.0_65\jre\lib\javaws.jar;C:\Program Files\Java\jdk1.8.0_65\jre\lib\jce.jar;C:\Program Files\Java\jdk1.8.0_65\jre\lib\jfr.jar;C:\Program Files\Java\jdk1.8.0_65\jre\lib\jfxswt.jar;C:\Program Files\Java\jdk1.8.0_65\jre\lib\jsse.jar;C:\Program Files\Java\jdk1.8.0_65\jre\lib\management-agent.jar;C:\Program Files\Java\jdk1.8.0_65\jre\lib\plugin.jar;C:\Program Files\Java\jdk1.8.0_65\jre\lib\resources.jar;C:\Program Files\Java\jdk1.8.0_65\jre\lib\rt.jar;D:\Code\Java\Projects\WireEngine20\out\production\WireEngine20;D:\Code\Java\Projects\WireEngine20\lib\jar\lwjgl.jar;D:\Code\Java\Projects\WireEngine20\lib\jar\slick-util.jar;D:\Program Files (x86)\JetBrains\IntelliJ IDEA 2016.1\lib\idea_rt.jar
Launcher Type: SUN_STANDARD

Environment Variables:
JAVA_HOME=C:\Program Files\Java\jdk1.8.0_65
PATH=C:\ProgramData\Oracle\Java\javapath;C:\Program Files (x86)\Razer Chroma SDK\bin;C:\Program Files\Razer Chroma SDK\bin;C:\Program Files (x86)\NVIDIA Corporation\PhysX\Common;C:\Program Files (x86)\Intel\iCLS Client\;C:\Program Files\Intel\iCLS Client\;C:\Windows\system32;C:\Windows;C:\Windows\System32\Wbem;C:\Windows\System32\WindowsPowerShell\v1.0\;C:\Program Files\Intel\Intel(R) Management Engine Components\DAL;C:\Program Files (x86)\Intel\Intel(R) Management Engine Components\DAL;C:\Program Files\Intel\Intel(R) Management Engine Components\IPT;C:\Program Files (x86)\Intel\Intel(R) Management Engine Components\IPT;C:\Program Files\Java\jre1.8.0_65\bin;C:\MinGW\bin;C:\WINDOWS\system32;C:\WINDOWS;C:\WINDOWS\System32\Wbem;C:\WINDOWS\System32\WindowsPowerShell\v1.0\;D:\Program Files (x86)\CMake\bin;D:\Program Files\Programs\Python\Python35-32;D:\Program Files\Programs\Python\Python35-32\Scripts;C:\Program Files (x86)\Skype\Phone\;D:\Program Files\Programs\Python\Python35-32\Scripts\;D:\Program Files\Programs\Python\Python35-32\
USERNAME=Kelan
OS=Windows_NT
PROCESSOR_IDENTIFIER=Intel64 Family 6 Model 60 Stepping 3, GenuineIntel



---------------  S Y S T E M  ---------------

OS: Windows 10.0 , 64 bit Build 10586 (10.0.10586.0)

CPU:total 8 (4 cores per cpu, 2 threads per core) family 6 model 60 stepping 3, cmov, cx8, fxsr, mmx, sse, sse2, sse3, ssse3, sse4.1, sse4.2, popcnt, avx, avx2, aes, clmul, erms, lzcnt, ht, tsc, tscinvbit, bmi1, bmi2

Memory: 4k page, physical 16609500k(2094572k free), swap 33386716k(15366908k free)

vm_info: Java HotSpot(TM) 64-Bit Server VM (25.65-b01) for windows-amd64 JRE (1.8.0_65-b17), built on Oct  6 2015 16:39:20 by "java_re" with MS VC++ 10.0 (VS2010)

time: Tue Apr 12 15:31:24 2016
elapsed time: 4 seconds (0d 0h 0m 4s)

