#
# A fatal error has been detected by the Java Runtime Environment:
#
#  EXCEPTION_ACCESS_VIOLATION (0xc0000005) at pc=0x00007ffdd9dc24b9, pid=1724, tid=5680
#
# JRE version: Java(TM) SE Runtime Environment (8.0_65-b17) (build 1.8.0_65-b17)
# Java VM: Java HotSpot(TM) 64-Bit Server VM (25.65-b01 mixed mode windows-amd64 compressed oops)
# Problematic frame:
# C  [glfw.dll+0x24b9]
#
# Failed to write core dump. Minidumps are not enabled by default on client versions of Windows
#
# If you would like to submit a bug report, please visit:
#   http://bugreport.java.com/bugreport/crash.jsp
# The crash happened outside the Java Virtual Machine in native code.
# See problematic frame for where to report the bug.
#

---------------  T H R E A D  ---------------

Current thread (0x000000001e26c000):  JavaThread "CLIENT" [_thread_in_native, id=5680, stack(0x000000001ef80000,0x000000001f080000)]

siginfo: ExceptionCode=0xc0000005, reading address 0x0000000000000000

Registers:
RAX=0x0000000000000000, RBX=0x000000001bb1d260, RCX=0x0000000000000000, RDX=0x0000000000000000
RSP=0x000000001f07eca0, RBP=0x000000001f07ed50, RSI=0x0000000000000108, RDI=0x00000000004a69b0
R8 =0x000000001f07ec98, R9 =0x000000001f07ed50, R10=0x0000000000000000, R11=0x0000000000000246
R12=0x0000000000000000, R13=0x000000001bb1d260, R14=0x000000001f07ed88, R15=0x000000001e26c000
RIP=0x00007ffdd9dc24b9, EFLAGS=0x0000000000010287

Top of Stack: (sp=0x000000001f07eca0)
0x000000001f07eca0:   000000001e26c000 000000001e26c000
0x000000001f07ecb0:   000000001bb37080 000000007052d610
0x000000001f07ecc0:   000000000000014c 000000000271dfcc
0x000000001f07ecd0:   000000001bb1d260 000000001c0a1450
0x000000001f07ece0:   000000000000000e 000000001e26c000
0x000000001f07ecf0:   000000001bb37080 000000007052aea4
0x000000001f07ed00:   000000001e26c000 000000001e26c000
0x000000001f07ed10:   000000001f07ed10 0000000000000000
0x000000001f07ed20:   000000001f07ed88 000000001bb1da00
0x000000001f07ed30:   0000000000000000 000000001bb1d260
0x000000001f07ed40:   0000000000000000 000000001f07ed70
0x000000001f07ed50:   000000001f07edd0 0000000002707d8d
0x000000001f07ed60:   00000006c2804020 00000000027142f8
0x000000001f07ed70:   00000000004a69b0 00000000027078a0
0x000000001f07ed80:   00007ffdd9dc2420 0000000000000001
0x000000001f07ed90:   000000001f07ed90 000000001bb37054 

Instructions: (pc=0x00007ffdd9dc24b9)
0x00007ffdd9dc2499:   48 8b cf e8 1f 3a 00 00 48 39 3d f0 d5 02 00 48
0x00007ffdd9dc24a9:   8d 0d e9 d5 02 00 48 8b 5c 24 30 74 08 48 8b 09
0x00007ffdd9dc24b9:   48 39 39 75 f8 48 8b 07 48 89 01 48 8b cf 48 83
0x00007ffdd9dc24c9:   c4 20 5f e9 5b fe 00 00 48 83 c4 20 5f c3 cc cc 


Register to memory mapping:

RAX=0x0000000000000000 is an unknown value
RBX={method} {0x000000001bb1d268} 'invokePV' '(JJ)V' in 'org/lwjgl/system/JNI'
RCX=0x0000000000000000 is an unknown value
RDX=0x0000000000000000 is an unknown value
RSP=0x000000001f07eca0 is pointing into the stack for thread: 0x000000001e26c000
RBP=0x000000001f07ed50 is pointing into the stack for thread: 0x000000001e26c000
RSI=0x0000000000000108 is an unknown value
RDI=0x00000000004a69b0 is an unknown value
R8 =0x000000001f07ec98 is pointing into the stack for thread: 0x000000001e26c000
R9 =0x000000001f07ed50 is pointing into the stack for thread: 0x000000001e26c000
R10=0x0000000000000000 is an unknown value
R11=0x0000000000000246 is an unknown value
R12=0x0000000000000000 is an unknown value
R13={method} {0x000000001bb1d268} 'invokePV' '(JJ)V' in 'org/lwjgl/system/JNI'
R14=0x000000001f07ed88 is pointing into the stack for thread: 0x000000001e26c000
R15=0x000000001e26c000 is a thread


Stack: [0x000000001ef80000,0x000000001f080000],  sp=0x000000001f07eca0,  free space=1019k
Native frames: (J=compiled Java code, j=interpreted, Vv=VM code, C=native code)
C  [glfw.dll+0x24b9]
C  0x000000000271dfcc

Java frames: (J=compiled Java code, j=interpreted, Vv=VM code)
j  org.lwjgl.system.JNI.invokePV(JJ)V+0
j  org.lwjgl.glfw.GLFW.glfwDestroyCursor(J)V+20
j  main.client.Window.destroyWindow()V+9
j  main.coreEngine.Engine.stop()V+70
j  main.client.Window.update()V+43
j  main.client.renderEngine.RenderEngine.render()V+32
j  main.client.ClientThread.tick()V+12
J 448% C1 main.coreEngine.TickableThread.run()V (481 bytes) @ 0x0000000002955f5c [0x0000000002951680+0x48dc]
v  ~StubRoutines::call_stub

---------------  P R O C E S S  ---------------

Java Threads: ( => current thread )
  0x000000001e26d000 JavaThread "SERVER" [_thread_in_Java, id=7304, stack(0x000000001f080000,0x000000001f180000)]
=>0x000000001e26c000 JavaThread "CLIENT" [_thread_in_native, id=5680, stack(0x000000001ef80000,0x000000001f080000)]
  0x000000001e171800 JavaThread "Service Thread" daemon [_thread_blocked, id=2748, stack(0x000000001ed80000,0x000000001ee80000)]
  0x000000001e0e3800 JavaThread "C1 CompilerThread3" daemon [_thread_blocked, id=2512, stack(0x000000001ec80000,0x000000001ed80000)]
  0x000000001e0e3000 JavaThread "C2 CompilerThread2" daemon [_thread_blocked, id=10884, stack(0x000000001eb80000,0x000000001ec80000)]
  0x000000001e0d6000 JavaThread "C2 CompilerThread1" daemon [_thread_blocked, id=7328, stack(0x000000001ea80000,0x000000001eb80000)]
  0x000000001e0da000 JavaThread "C2 CompilerThread0" daemon [_thread_blocked, id=4116, stack(0x000000001e980000,0x000000001ea80000)]
  0x000000001e0c0000 JavaThread "JDWP Command Reader" daemon [_thread_in_native, id=8968, stack(0x000000001e880000,0x000000001e980000)]
  0x000000001e0bf000 JavaThread "JDWP Event Helper Thread" daemon [_thread_blocked, id=3856, stack(0x000000001e780000,0x000000001e880000)]
  0x000000001e0b1800 JavaThread "JDWP Transport Listener: dt_socket" daemon [_thread_blocked, id=9872, stack(0x000000001e680000,0x000000001e780000)]
  0x000000001e0a7800 JavaThread "Attach Listener" daemon [_thread_blocked, id=10464, stack(0x000000001e580000,0x000000001e680000)]
  0x000000001e0a6800 JavaThread "Signal Dispatcher" daemon [_thread_blocked, id=9212, stack(0x000000001e480000,0x000000001e580000)]
  0x00000000026fb800 JavaThread "Finalizer" daemon [_thread_blocked, id=2168, stack(0x000000001df80000,0x000000001e080000)]
  0x000000001c09d800 JavaThread "Reference Handler" daemon [_thread_blocked, id=8900, stack(0x000000001de80000,0x000000001df80000)]
  0x0000000000d8e000 JavaThread "main" [_thread_in_Java, id=12820, stack(0x0000000002400000,0x0000000002500000)]

Other Threads:
  0x000000001c099000 VMThread [stack: 0x000000001dd80000,0x000000001de80000] [id=12816]
  0x000000001e0cd000 WatcherThread [stack: 0x000000001ee80000,0x000000001ef80000] [id=9584]

VM state:not at safepoint (normal execution)

VM Mutex/Monitor currently owned by a thread: None

Heap:
 PSYoungGen      total 200704K, used 161332K [0x000000076b800000, 0x000000077b480000, 0x00000007c0000000)
  eden space 198144K, 81% used [0x000000076b800000,0x0000000775565010,0x0000000777980000)
  from space 2560K, 6% used [0x000000077af80000,0x000000077afa8000,0x000000077b200000)
  to   space 2560K, 0% used [0x000000077b200000,0x000000077b200000,0x000000077b480000)
 ParOldGen       total 173568K, used 1820K [0x00000006c2800000, 0x00000006cd180000, 0x000000076b800000)
  object space 173568K, 1% used [0x00000006c2800000,0x00000006c29c7370,0x00000006cd180000)
 Metaspace       used 8025K, capacity 8550K, committed 8704K, reserved 1056768K
  class space    used 644K, capacity 658K, committed 768K, reserved 1048576K

Card table byte_map: [0x0000000011ac0000,0x00000000122b0000] byte_map_base: 0x000000000e4ac000

Marking Bits: (ParMarkBitMap*) 0x0000000070c0a5b0
 Begin Bits: [0x0000000013000000, 0x0000000016f60000)
 End Bits:   [0x0000000016f60000, 0x000000001aec0000)

Polling page: 0x0000000000460000

CodeCache: size=245760Kb used=2604Kb max_used=2604Kb free=243155Kb
 bounds [0x0000000002700000, 0x0000000002990000, 0x0000000011700000]
 total_blobs=1146 nmethods=500 adapters=567
 compilation: enabled

Compilation events (10 events):
Event: 1.952 Thread 0x000000001e0e3800  497       3       org.lwjgl.system.MemoryUtil::memAddress (9 bytes)
Event: 1.952 Thread 0x000000001e0e3800 nmethod 497 0x00000000029872d0 code [0x0000000002987440, 0x0000000002987750]
Event: 1.952 Thread 0x000000001e0e3800  498       3       org.lwjgl.system.MemoryUtil::memAddress (10 bytes)
Event: 1.952 Thread 0x000000001e0e3800 nmethod 498 0x000000000296ec50 code [0x000000000296edc0, 0x000000000296efd0]
Event: 1.968 Thread 0x000000001e0e3800  499       3       org.lwjgl.system.Checks::checkBuffer (14 bytes)
Event: 1.969 Thread 0x000000001e0e3800 nmethod 499 0x0000000002986dd0 code [0x0000000002986f40, 0x00000000029871e8]
Event: 1.969 Thread 0x000000001e0e3800  500       3       org.lwjgl.system.MemoryUtil::memAddressSafe (13 bytes)
Event: 1.969 Thread 0x000000001e0e3800 nmethod 500 0x00000000029866d0 code [0x0000000002986860, 0x0000000002986c30]
Event: 1.969 Thread 0x000000001e0e3800  501       3       org.lwjgl.opengl.GL11::glEnableClientState (24 bytes)
Event: 1.969 Thread 0x000000001e0e3800 nmethod 501 0x0000000002985690 code [0x00000000029858a0, 0x0000000002986128]

GC Heap History (10 events):
Event: 1.312 GC heap before
{Heap before GC invocations=9 (full 0):
 PSYoungGen      total 240640K, used 240640K [0x000000076b800000, 0x000000077b800000, 0x00000007c0000000)
  eden space 240128K, 100% used [0x000000076b800000,0x000000077a280000,0x000000077a280000)
  from space 512K, 100% used [0x000000077b780000,0x000000077b800000,0x000000077b800000)
  to   space 2048K, 0% used [0x000000077b400000,0x000000077b400000,0x000000077b600000)
 ParOldGen       total 173568K, used 1260K [0x00000006c2800000, 0x00000006cd180000, 0x000000076b800000)
  object space 173568K, 0% used [0x00000006c2800000,0x00000006c293b350,0x00000006cd180000)
 Metaspace       used 8020K, capacity 8550K, committed 8704K, reserved 1056768K
  class space    used 644K, capacity 658K, committed 768K, reserved 1048576K
Event: 1.313 GC heap after
Heap after GC invocations=9 (full 0):
 PSYoungGen      total 232960K, used 416K [0x000000076b800000, 0x000000077b800000, 0x00000007c0000000)
  eden space 230912K, 0% used [0x000000076b800000,0x000000076b800000,0x0000000779980000)
  from space 2048K, 20% used [0x000000077b400000,0x000000077b468000,0x000000077b600000)
  to   space 2048K, 0% used [0x000000077b600000,0x000000077b600000,0x000000077b800000)
 ParOldGen       total 173568K, used 1516K [0x00000006c2800000, 0x00000006cd180000, 0x000000076b800000)
  object space 173568K, 0% used [0x00000006c2800000,0x00000006c297b350,0x00000006cd180000)
 Metaspace       used 8020K, capacity 8550K, committed 8704K, reserved 1056768K
  class space    used 644K, capacity 658K, committed 768K, reserved 1048576K
}
Event: 1.521 GC heap before
{Heap before GC invocations=10 (full 0):
 PSYoungGen      total 232960K, used 231328K [0x000000076b800000, 0x000000077b800000, 0x00000007c0000000)
  eden space 230912K, 100% used [0x000000076b800000,0x0000000779980000,0x0000000779980000)
  from space 2048K, 20% used [0x000000077b400000,0x000000077b468000,0x000000077b600000)
  to   space 2048K, 0% used [0x000000077b600000,0x000000077b600000,0x000000077b800000)
 ParOldGen       total 173568K, used 1516K [0x00000006c2800000, 0x00000006cd180000, 0x000000076b800000)
  object space 173568K, 0% used [0x00000006c2800000,0x00000006c297b350,0x00000006cd180000)
 Metaspace       used 8020K, capacity 8550K, committed 8704K, reserved 1056768K
  class space    used 644K, capacity 658K, committed 768K, reserved 1048576K
Event: 1.521 GC heap after
Heap after GC invocations=10 (full 0):
 PSYoungGen      total 222720K, used 160K [0x000000076b800000, 0x000000077b680000, 0x00000007c0000000)
  eden space 222208K, 0% used [0x000000076b800000,0x000000076b800000,0x0000000779100000)
  from space 512K, 31% used [0x000000077b600000,0x000000077b628000,0x000000077b680000)
  to   space 2560K, 0% used [0x000000077b180000,0x000000077b180000,0x000000077b400000)
 ParOldGen       total 173568K, used 1796K [0x00000006c2800000, 0x00000006cd180000, 0x000000076b800000)
  object space 173568K, 1% used [0x00000006c2800000,0x00000006c29c1370,0x00000006cd180000)
 Metaspace       used 8020K, capacity 8550K, committed 8704K, reserved 1056768K
  class space    used 644K, capacity 658K, committed 768K, reserved 1048576K
}
Event: 1.684 GC heap before
{Heap before GC invocations=11 (full 0):
 PSYoungGen      total 222720K, used 222368K [0x000000076b800000, 0x000000077b680000, 0x00000007c0000000)
  eden space 222208K, 100% used [0x000000076b800000,0x0000000779100000,0x0000000779100000)
  from space 512K, 31% used [0x000000077b600000,0x000000077b628000,0x000000077b680000)
  to   space 2560K, 0% used [0x000000077b180000,0x000000077b180000,0x000000077b400000)
 ParOldGen       total 173568K, used 1796K [0x00000006c2800000, 0x00000006cd180000, 0x000000076b800000)
  object space 173568K, 1% used [0x00000006c2800000,0x00000006c29c1370,0x00000006cd180000)
 Metaspace       used 8020K, capacity 8550K, committed 8704K, reserved 1056768K
  class space    used 644K, capacity 658K, committed 768K, reserved 1048576K
Event: 1.685 GC heap after
Heap after GC invocations=11 (full 0):
 PSYoungGen      total 216576K, used 192K [0x000000076b800000, 0x000000077b680000, 0x00000007c0000000)
  eden space 214016K, 0% used [0x000000076b800000,0x000000076b800000,0x0000000778900000)
  from space 2560K, 7% used [0x000000077b180000,0x000000077b1b0000,0x000000077b400000)
  to   space 2560K, 0% used [0x000000077b400000,0x000000077b400000,0x000000077b680000)
 ParOldGen       total 173568K, used 1820K [0x00000006c2800000, 0x00000006cd180000, 0x000000076b800000)
  object space 173568K, 1% used [0x00000006c2800000,0x00000006c29c7370,0x00000006cd180000)
 Metaspace       used 8020K, capacity 8550K, committed 8704K, reserved 1056768K
  class space    used 644K, capacity 658K, committed 768K, reserved 1048576K
}
Event: 1.876 GC heap before
{Heap before GC invocations=12 (full 0):
 PSYoungGen      total 216576K, used 214208K [0x000000076b800000, 0x000000077b680000, 0x00000007c0000000)
  eden space 214016K, 100% used [0x000000076b800000,0x0000000778900000,0x0000000778900000)
  from space 2560K, 7% used [0x000000077b180000,0x000000077b1b0000,0x000000077b400000)
  to   space 2560K, 0% used [0x000000077b400000,0x000000077b400000,0x000000077b680000)
 ParOldGen       total 173568K, used 1820K [0x00000006c2800000, 0x00000006cd180000, 0x000000076b800000)
  object space 173568K, 1% used [0x00000006c2800000,0x00000006c29c7370,0x00000006cd180000)
 Metaspace       used 8022K, capacity 8550K, committed 8704K, reserved 1056768K
  class space    used 644K, capacity 658K, committed 768K, reserved 1048576K
Event: 1.877 GC heap after
Heap after GC invocations=12 (full 0):
 PSYoungGen      total 206336K, used 128K [0x000000076b800000, 0x000000077b480000, 0x00000007c0000000)
  eden space 205824K, 0% used [0x000000076b800000,0x000000076b800000,0x0000000778100000)
  from space 512K, 25% used [0x000000077b400000,0x000000077b420000,0x000000077b480000)
  to   space 2560K, 0% used [0x000000077af80000,0x000000077af80000,0x000000077b200000)
 ParOldGen       total 173568K, used 1820K [0x00000006c2800000, 0x00000006cd180000, 0x000000076b800000)
  object space 173568K, 1% used [0x00000006c2800000,0x00000006c29c7370,0x00000006cd180000)
 Metaspace       used 8022K, capacity 8550K, committed 8704K, reserved 1056768K
  class space    used 644K, capacity 658K, committed 768K, reserved 1048576K
}
Event: 2.029 GC heap before
{Heap before GC invocations=13 (full 0):
 PSYoungGen      total 206336K, used 205952K [0x000000076b800000, 0x000000077b480000, 0x00000007c0000000)
  eden space 205824K, 100% used [0x000000076b800000,0x0000000778100000,0x0000000778100000)
  from space 512K, 25% used [0x000000077b400000,0x000000077b420000,0x000000077b480000)
  to   space 2560K, 0% used [0x000000077af80000,0x000000077af80000,0x000000077b200000)
 ParOldGen       total 173568K, used 1820K [0x00000006c2800000, 0x00000006cd180000, 0x000000076b800000)
  object space 173568K, 1% used [0x00000006c2800000,0x00000006c29c7370,0x00000006cd180000)
 Metaspace       used 8025K, capacity 8550K, committed 8704K, reserved 1056768K
  class space    used 644K, capacity 658K, committed 768K, reserved 1048576K
Event: 2.029 GC heap after
Heap after GC invocations=13 (full 0):
 PSYoungGen      total 200704K, used 160K [0x000000076b800000, 0x000000077b480000, 0x00000007c0000000)
  eden space 198144K, 0% used [0x000000076b800000,0x000000076b800000,0x0000000777980000)
  from space 2560K, 6% used [0x000000077af80000,0x000000077afa8000,0x000000077b200000)
  to   space 2560K, 0% used [0x000000077b200000,0x000000077b200000,0x000000077b480000)
 ParOldGen       total 173568K, used 1820K [0x00000006c2800000, 0x00000006cd180000, 0x000000076b800000)
  object space 173568K, 1% used [0x00000006c2800000,0x00000006c29c7370,0x00000006cd180000)
 Metaspace       used 8025K, capacity 8550K, committed 8704K, reserved 1056768K
  class space    used 644K, capacity 658K, committed 768K, reserved 1048576K
}

Deoptimization events (10 events):
Event: 0.146 Thread 0x000000001e26c000 Uncommon trap: reason=bimorphic action=maybe_recompile pc=0x000000000284d474 method=java.util.HashMap.getNode(ILjava/lang/Object;)Ljava/util/HashMap$Node; @ 126
Event: 0.415 Thread 0x000000001e26c000 Uncommon trap: reason=bimorphic action=maybe_recompile pc=0x000000000284d474 method=java.util.HashMap.getNode(ILjava/lang/Object;)Ljava/util/HashMap$Node; @ 126
Event: 0.415 Thread 0x000000001e26c000 Uncommon trap: reason=bimorphic action=maybe_recompile pc=0x000000000284d474 method=java.util.HashMap.getNode(ILjava/lang/Object;)Ljava/util/HashMap$Node; @ 126
Event: 0.420 Thread 0x000000001e26c000 Uncommon trap: reason=unstable_if action=reinterpret pc=0x0000000002841558 method=java.util.HashMap.keySet()Ljava/util/Set; @ 6
Event: 0.910 Thread 0x000000001e26c000 Uncommon trap: reason=unstable_if action=reinterpret pc=0x000000000283fb84 method=java.util.HashMap.clear()V @ 16
Event: 0.910 Thread 0x000000001e26c000 Uncommon trap: reason=unstable_if action=reinterpret pc=0x00000000028418d8 method=java.util.HashMap.clear()V @ 16
Event: 0.910 Thread 0x0000000000d8e000 Uncommon trap: reason=unstable_if action=reinterpret pc=0x0000000002869d70 method=main.coreEngine.TickableThread.invoke(Ljava/lang/String;[Ljava/lang/Object;)V @ 53
Event: 0.910 Thread 0x000000001e26d000 Uncommon trap: reason=unstable_if action=reinterpret pc=0x0000000002868674 method=main.coreEngine.TickableThread.run()V @ 58
Event: 0.949 Thread 0x0000000000d8e000 Uncommon trap: reason=unstable_if action=reinterpret pc=0x0000000002968830 method=main.coreEngine.Engine.start()V @ 163
Event: 0.999 Thread 0x000000001e26d000 Uncommon trap: reason=unstable_if action=reinterpret pc=0x0000000002974bc8 method=main.coreEngine.TickableThread.run()V @ 461

Internal exceptions (8 events):
Event: 0.029 Thread 0x0000000000d8e000 Exception <a 'java/lang/NoSuchMethodError': Method sun.misc.Unsafe.defineClass(Ljava/lang/String;[BII)Ljava/lang/Class; name or signature does not match> (0x000000076b80d9b8) thrown at [C:\workspace\8-2-build-windows-amd64-cygwin\jdk8u65\4987\hotspot\src\s°èÎ6¿Bù?
Event: 0.029 Thread 0x0000000000d8e000 Exception <a 'java/lang/NoSuchMethodError': Method sun.misc.Unsafe.prefetchRead(Ljava/lang/Object;J)V name or signature does not match> (0x000000076b80dca0) thrown at [C:\workspace\8-2-build-windows-amd64-cygwin\jdk8u65\4987\hotspot\src\share\vm\prims\jni.mØ‚iõŸƒ?
Event: 0.163 Thread 0x000000001e26c000 Exception <a 'java/lang/ArrayIndexOutOfBoundsException': -1> (0x000000076e0cb580) thrown at [C:\workspace\8-2-build-windows-amd64-cygwin\jdk8u65\4987\hotspot\src\share\vm\interpreter\interpreterRuntime.cpp, line 366]
Event: 0.415 Thread 0x000000001e26c000 Exception <a 'java/security/PrivilegedActionException'> (0x000000076fdbc8f0) thrown at [C:\workspace\8-2-build-windows-amd64-cygwin\jdk8u65\4987\hotspot\src\share\vm\prims\jvm.cpp, line 1386]
Event: 0.415 Thread 0x000000001e26c000 Exception <a 'java/security/PrivilegedActionException'> (0x000000076fdbcce8) thrown at [C:\workspace\8-2-build-windows-amd64-cygwin\jdk8u65\4987\hotspot\src\share\vm\prims\jvm.cpp, line 1386]
Event: 0.416 Thread 0x000000001e26c000 Exception <a 'java/security/PrivilegedActionException'> (0x000000076fdc0f00) thrown at [C:\workspace\8-2-build-windows-amd64-cygwin\jdk8u65\4987\hotspot\src\share\vm\prims\jvm.cpp, line 1386]
Event: 0.416 Thread 0x000000001e26c000 Exception <a 'java/security/PrivilegedActionException'> (0x000000076fdc12f8) thrown at [C:\workspace\8-2-build-windows-amd64-cygwin\jdk8u65\4987\hotspot\src\share\vm\prims\jvm.cpp, line 1386]
Event: 0.910 Thread 0x0000000000d8e000 Implicit null exception at 0x000000000286977c to 0x0000000002869d49

Events (10 events):
Event: 1.312 Executing VM operation: ParallelGCFailedAllocation
Event: 1.313 Executing VM operation: ParallelGCFailedAllocation done
Event: 1.520 Executing VM operation: ParallelGCFailedAllocation
Event: 1.521 Executing VM operation: ParallelGCFailedAllocation done
Event: 1.684 Executing VM operation: ParallelGCFailedAllocation
Event: 1.685 Executing VM operation: ParallelGCFailedAllocation done
Event: 1.876 Executing VM operation: ParallelGCFailedAllocation
Event: 1.877 Executing VM operation: ParallelGCFailedAllocation done
Event: 2.029 Executing VM operation: ParallelGCFailedAllocation
Event: 2.029 Executing VM operation: ParallelGCFailedAllocation done


Dynamic libraries:
0x00007ff75ee90000 - 0x00007ff75eec7000 	C:\Program Files\Java\jdk1.8.0_65\bin\java.exe
0x00007ffde4980000 - 0x00007ffde4b41000 	C:\WINDOWS\SYSTEM32\ntdll.dll
0x00007ffde42a0000 - 0x00007ffde434d000 	C:\WINDOWS\system32\KERNEL32.DLL
0x00007ffde19f0000 - 0x00007ffde1bd8000 	C:\WINDOWS\system32\KERNELBASE.dll
0x00007ffde1e70000 - 0x00007ffde1f17000 	C:\WINDOWS\system32\ADVAPI32.dll
0x00007ffde3800000 - 0x00007ffde389d000 	C:\WINDOWS\system32\msvcrt.dll
0x00007ffde1e10000 - 0x00007ffde1e6b000 	C:\WINDOWS\system32\sechost.dll
0x00007ffde3bd0000 - 0x00007ffde3cec000 	C:\WINDOWS\system32\RPCRT4.dll
0x00007ffde3fe0000 - 0x00007ffde4136000 	C:\WINDOWS\system32\USER32.dll
0x00007ffde3cf0000 - 0x00007ffde3e76000 	C:\WINDOWS\system32\GDI32.dll
0x00007ffddd690000 - 0x00007ffddd904000 	C:\WINDOWS\WinSxS\amd64_microsoft.windows.common-controls_6595b64144ccf1df_6.0.10586.0_none_8c15ae12515e1c22\COMCTL32.dll
0x00007ffde3950000 - 0x00007ffde3bcd000 	C:\WINDOWS\system32\combase.dll
0x00007ffde1cf0000 - 0x00007ffde1d5a000 	C:\WINDOWS\system32\bcryptPrimitives.dll
0x00007ffde1dc0000 - 0x00007ffde1dfb000 	C:\WINDOWS\system32\IMM32.DLL
0x0000000070c90000 - 0x0000000070d62000 	C:\Program Files\Java\jdk1.8.0_65\jre\bin\msvcr100.dll
0x0000000070400000 - 0x0000000070c89000 	C:\Program Files\Java\jdk1.8.0_65\jre\bin\server\jvm.dll
0x00007ffde4290000 - 0x00007ffde4298000 	C:\WINDOWS\system32\PSAPI.DLL
0x00007ffdd8550000 - 0x00007ffdd8559000 	C:\WINDOWS\SYSTEM32\WSOCK32.dll
0x00007ffddd9c0000 - 0x00007ffddd9ca000 	C:\WINDOWS\SYSTEM32\VERSION.dll
0x00007ffddf730000 - 0x00007ffddf753000 	C:\WINDOWS\SYSTEM32\WINMM.dll
0x00007ffde4470000 - 0x00007ffde44db000 	C:\WINDOWS\system32\WS2_32.dll
0x0000000000cd0000 - 0x0000000000cfc000 	C:\WINDOWS\SYSTEM32\WINMMBASE.dll
0x00007ffde1be0000 - 0x00007ffde1c23000 	C:\WINDOWS\system32\cfgmgr32.dll
0x00000000703f0000 - 0x00000000703ff000 	C:\Program Files\Java\jdk1.8.0_65\jre\bin\verify.dll
0x00000000703c0000 - 0x00000000703e9000 	C:\Program Files\Java\jdk1.8.0_65\jre\bin\java.dll
0x0000000070380000 - 0x00000000703b5000 	C:\Program Files\Java\jdk1.8.0_65\jre\bin\jdwp.dll
0x0000000070370000 - 0x0000000070378000 	C:\Program Files\Java\jdk1.8.0_65\jre\bin\npt.dll
0x0000000070350000 - 0x0000000070366000 	C:\Program Files\Java\jdk1.8.0_65\jre\bin\zip.dll
0x00007ffde1f80000 - 0x00007ffde34dc000 	C:\WINDOWS\system32\SHELL32.dll
0x00007ffde11d0000 - 0x00007ffde1815000 	C:\WINDOWS\system32\windows.storage.dll
0x00007ffde36b0000 - 0x00007ffde3702000 	C:\WINDOWS\system32\shlwapi.dll
0x00007ffde0fb0000 - 0x00007ffde0fbf000 	C:\WINDOWS\system32\kernel.appcore.dll
0x00007ffde1c30000 - 0x00007ffde1ce5000 	C:\WINDOWS\system32\shcore.dll
0x00007ffde0fc0000 - 0x00007ffde100b000 	C:\WINDOWS\system32\powrprof.dll
0x00007ffde0f80000 - 0x00007ffde0f94000 	C:\WINDOWS\system32\profapi.dll
0x0000000070340000 - 0x0000000070349000 	C:\Program Files\Java\jdk1.8.0_65\jre\bin\dt_socket.dll
0x00007ffde08b0000 - 0x00007ffde090c000 	C:\WINDOWS\system32\mswsock.dll
0x00007ffdd4080000 - 0x00007ffdd4108000 	D:\Code\Java\Projects\WireEngine20\lib\native\lwjgl.dll
0x00007ffde0a80000 - 0x00007ffde0a8b000 	C:\WINDOWS\SYSTEM32\CRYPTBASE.DLL
0x00007ffdcfa40000 - 0x00007ffdcfa82000 	D:\Code\Java\Projects\WireEngine20\lib\native\jemalloc.dll
0x00007ffdd9dc0000 - 0x00007ffdd9df8000 	D:\Code\Java\Projects\WireEngine20\lib\native\glfw.dll
0x00007ffddf850000 - 0x00007ffddf8e6000 	C:\WINDOWS\system32\uxtheme.dll
0x00007ffdde650000 - 0x00007ffdde672000 	C:\WINDOWS\SYSTEM32\dwmapi.dll
0x00007ffdc8b70000 - 0x00007ffdc8c99000 	C:\WINDOWS\SYSTEM32\opengl32.dll
0x00007ffdc6920000 - 0x00007ffdc6a1a000 	C:\WINDOWS\SYSTEM32\DDRAW.dll
0x00007ffdcd0c0000 - 0x00007ffdcd0ee000 	C:\WINDOWS\SYSTEM32\GLU32.dll
0x00007ffddaa30000 - 0x00007ffddaa38000 	C:\WINDOWS\SYSTEM32\DCIMAN32.dll
0x00007ffde3e80000 - 0x00007ffde3fda000 	C:\WINDOWS\system32\MSCTF.dll
0x00007ffdc9cc0000 - 0x00007ffdc9d09000 	C:\Program Files (x86)\TeamViewer\tv_x64.dll
0x00007ffde4140000 - 0x00007ffde4283000 	C:\WINDOWS\system32\ole32.dll
0x000000006e5f0000 - 0x0000000070339000 	C:\WINDOWS\SYSTEM32\nvoglv64.DLL
0x00007ffde4550000 - 0x00007ffde4979000 	C:\WINDOWS\system32\SETUPAPI.dll
0x00007ffddf2f0000 - 0x00007ffddf303000 	C:\WINDOWS\SYSTEM32\WTSAPI32.dll
0x00007ffddf9a0000 - 0x00007ffddf9c7000 	C:\WINDOWS\SYSTEM32\DEVOBJ.dll
0x00007ffde1170000 - 0x00007ffde11c5000 	C:\WINDOWS\system32\WINTRUST.dll
0x00007ffde0fa0000 - 0x00007ffde0fb0000 	C:\WINDOWS\system32\MSASN1.dll
0x00007ffde1820000 - 0x00007ffde19e7000 	C:\WINDOWS\system32\CRYPT32.dll
0x00007ffde04d0000 - 0x00007ffde0501000 	C:\WINDOWS\SYSTEM32\ntmarta.dll
0x00007ffde0220000 - 0x00007ffde0276000 	C:\WINDOWS\SYSTEM32\WINSTA.dll
0x00007ffde38a0000 - 0x00007ffde3947000 	C:\WINDOWS\system32\clbcatq.dll
0x00007ffdb9de0000 - 0x00007ffdb9f6c000 	C:\WINDOWS\SYSTEM32\dbghelp.dll

VM Arguments:
jvm_args: -agentlib:jdwp=transport=dt_socket,address=127.0.0.1:65130,suspend=y,server=n -Djava.library.path=lib/native/ -Dfile.encoding=UTF-8 
java_command: main.Main
java_class_path (initial): C:\Program Files\Java\jdk1.8.0_65\jre\lib\charsets.jar;C:\Program Files\Java\jdk1.8.0_65\jre\lib\deploy.jar;C:\Program Files\Java\jdk1.8.0_65\jre\lib\ext\access-bridge-64.jar;C:\Program Files\Java\jdk1.8.0_65\jre\lib\ext\cldrdata.jar;C:\Program Files\Java\jdk1.8.0_65\jre\lib\ext\dnsns.jar;C:\Program Files\Java\jdk1.8.0_65\jre\lib\ext\jaccess.jar;C:\Program Files\Java\jdk1.8.0_65\jre\lib\ext\jfxrt.jar;C:\Program Files\Java\jdk1.8.0_65\jre\lib\ext\localedata.jar;C:\Program Files\Java\jdk1.8.0_65\jre\lib\ext\nashorn.jar;C:\Program Files\Java\jdk1.8.0_65\jre\lib\ext\sunec.jar;C:\Program Files\Java\jdk1.8.0_65\jre\lib\ext\sunjce_provider.jar;C:\Program Files\Java\jdk1.8.0_65\jre\lib\ext\sunmscapi.jar;C:\Program Files\Java\jdk1.8.0_65\jre\lib\ext\sunpkcs11.jar;C:\Program Files\Java\jdk1.8.0_65\jre\lib\ext\zipfs.jar;C:\Program Files\Java\jdk1.8.0_65\jre\lib\javaws.jar;C:\Program Files\Java\jdk1.8.0_65\jre\lib\jce.jar;C:\Program Files\Java\jdk1.8.0_65\jre\lib\jfr.jar;C:\Program Files\Java\jdk1.8.0_65\jre\lib\jfxswt.jar;C:\Program Files\Java\jdk1.8.0_65\jre\lib\jsse.jar;C:\Program Files\Java\jdk1.8.0_65\jre\lib\management-agent.jar;C:\Program Files\Java\jdk1.8.0_65\jre\lib\plugin.jar;C:\Program Files\Java\jdk1.8.0_65\jre\lib\resources.jar;C:\Program Files\Java\jdk1.8.0_65\jre\lib\rt.jar;D:\Code\Java\Projects\WireEngine20\out\production\WireEngine20;D:\Code\Java\Projects\WireEngine20\lib\jar\lwjgl.jar;D:\Program Files (x86)\JetBrains\IntelliJ IDEA 2016.1\lib\idea_rt.jar
Launcher Type: SUN_STANDARD

Environment Variables:
JAVA_HOME=C:\Program Files\Java\jdk1.8.0_65
PATH=C:\ProgramData\Oracle\Java\javapath;C:\Program Files (x86)\Razer Chroma SDK\bin;C:\Program Files\Razer Chroma SDK\bin;C:\Program Files (x86)\NVIDIA Corporation\PhysX\Common;C:\Program Files (x86)\Intel\iCLS Client\;C:\Program Files\Intel\iCLS Client\;C:\Windows\system32;C:\Windows;C:\Windows\System32\Wbem;C:\Windows\System32\WindowsPowerShell\v1.0\;C:\Program Files\Intel\Intel(R) Management Engine Components\DAL;C:\Program Files (x86)\Intel\Intel(R) Management Engine Components\DAL;C:\Program Files\Intel\Intel(R) Management Engine Components\IPT;C:\Program Files (x86)\Intel\Intel(R) Management Engine Components\IPT;C:\Program Files\Java\jre1.8.0_65\bin;C:\MinGW\bin;C:\WINDOWS\system32;C:\WINDOWS;C:\WINDOWS\System32\Wbem;C:\WINDOWS\System32\WindowsPowerShell\v1.0\;D:\Program Files (x86)\CMake\bin;D:\Program Files\Programs\Python\Python35-32;D:\Program Files\Programs\Python\Python35-32\Scripts;C:\Program Files (x86)\Skype\Phone\;D:\Program Files\Programs\Python\Python35-32\Scripts\;D:\Program Files\Programs\Python\Python35-32\
USERNAME=Kelan
OS=Windows_NT
PROCESSOR_IDENTIFIER=Intel64 Family 6 Model 60 Stepping 3, GenuineIntel



---------------  S Y S T E M  ---------------

OS: Windows 10.0 , 64 bit Build 10586 (10.0.10586.0)

CPU:total 8 (4 cores per cpu, 2 threads per core) family 6 model 60 stepping 3, cmov, cx8, fxsr, mmx, sse, sse2, sse3, ssse3, sse4.1, sse4.2, popcnt, avx, avx2, aes, clmul, erms, lzcnt, ht, tsc, tscinvbit, bmi1, bmi2

Memory: 4k page, physical 16609500k(4928692k free), swap 33386716k(19227560k free)

vm_info: Java HotSpot(TM) 64-Bit Server VM (25.65-b01) for windows-amd64 JRE (1.8.0_65-b17), built on Oct  6 2015 16:39:20 by "java_re" with MS VC++ 10.0 (VS2010)

time: Sun Apr 10 10:56:35 2016
elapsed time: 2 seconds (0d 0h 0m 2s)

