#
# A fatal error has been detected by the Java Runtime Environment:
#
#  EXCEPTION_ACCESS_VIOLATION (0xc0000005) at pc=0x00007ffdd40d24b9, pid=4744, tid=1492
#
# JRE version: Java(TM) SE Runtime Environment (8.0_65-b17) (build 1.8.0_65-b17)
# Java VM: Java HotSpot(TM) 64-Bit Server VM (25.65-b01 mixed mode windows-amd64 compressed oops)
# Problematic frame:
# C  [glfw.dll+0x24b9]
#
# Failed to write core dump. Minidumps are not enabled by default on client versions of Windows
#
# If you would like to submit a bug report, please visit:
#   http://bugreport.java.com/bugreport/crash.jsp
# The crash happened outside the Java Virtual Machine in native code.
# See problematic frame for where to report the bug.
#

---------------  T H R E A D  ---------------

Current thread (0x000000001e20c000):  JavaThread "CLIENT" [_thread_in_native, id=1492, stack(0x000000001ef20000,0x000000001f020000)]

siginfo: ExceptionCode=0xc0000005, reading address 0x0000000000000000

Registers:
RAX=0x0000000000000000, RBX=0x000000001b9bec50, RCX=0x0000000000000000, RDX=0x0000000000000000
RSP=0x000000001f01ecd0, RBP=0x000000001f01ed60, RSI=0x0000000000000108, RDI=0x0000000000972890
R8 =0x000000001f01ecc8, R9 =0x000000001f01ed60, R10=0x0000000000000000, R11=0x0000000000000246
R12=0x0000000000000000, R13=0x000000001f01ed78, R14=0x000000001f01ed50, R15=0x000000001e20c000
RIP=0x00007ffdd40d24b9, EFLAGS=0x0000000000010283

Top of Stack: (sp=0x000000001f01ecd0)
0x000000001f01ecd0:   0000000000000000 0000000000000108
0x000000001f01ece0:   000000001b965390 000000001bdc59b0
0x000000001f01ecf0:   0000000000000441 000000000281e88a
0x000000001f01ed00:   000000001b9bec50 000000007052aea4
0x000000001f01ed10:   000000001e20c000 000000001e20c000
0x000000001f01ed20:   000000001e20c000 0000000000000000
0x000000001f01ed30:   000000001e203630 00000000704b5eba
0x000000001f01ed40:   000000001f01f3d8 000000001f01edd8
0x000000001f01ed50:   00000006c28042b0 0000000000000440
0x000000001f01ed60:   000000001f01edd8 0000000002557d8d
0x000000001f01ed70:   0000000002557d8d 0000000000972890
0x000000001f01ed80:   00000000025578a0 00007ffdd40d2420
0x000000001f01ed90:   0000000000000001 000000001f01ed98
0x000000001f01eda0:   000000001b9d8a8c 000000001f01ee00
0x000000001f01edb0:   000000001b9daa50 0000000000000000
0x000000001f01edc0:   000000001b9d8ab8 000000001f01ed78 

Instructions: (pc=0x00007ffdd40d24b9)
0x00007ffdd40d2499:   48 8b cf e8 1f 3a 00 00 48 39 3d f0 d5 02 00 48
0x00007ffdd40d24a9:   8d 0d e9 d5 02 00 48 8b 5c 24 30 74 08 48 8b 09
0x00007ffdd40d24b9:   48 39 39 75 f8 48 8b 07 48 89 01 48 8b cf 48 83
0x00007ffdd40d24c9:   c4 20 5f e9 5b fe 00 00 48 83 c4 20 5f c3 cc cc 


Register to memory mapping:

RAX=0x0000000000000000 is an unknown value
RBX={method} {0x000000001b9bec58} 'invokePV' '(JJ)V' in 'org/lwjgl/system/JNI'
RCX=0x0000000000000000 is an unknown value
RDX=0x0000000000000000 is an unknown value
RSP=0x000000001f01ecd0 is pointing into the stack for thread: 0x000000001e20c000
RBP=0x000000001f01ed60 is pointing into the stack for thread: 0x000000001e20c000
RSI=0x0000000000000108 is an unknown value
RDI=0x0000000000972890 is an unknown value
R8 =0x000000001f01ecc8 is pointing into the stack for thread: 0x000000001e20c000
R9 =0x000000001f01ed60 is pointing into the stack for thread: 0x000000001e20c000
R10=0x0000000000000000 is an unknown value
R11=0x0000000000000246 is an unknown value
R12=0x0000000000000000 is an unknown value
R13=0x000000001f01ed78 is pointing into the stack for thread: 0x000000001e20c000
R14=0x000000001f01ed50 is pointing into the stack for thread: 0x000000001e20c000
R15=0x000000001e20c000 is a thread


Stack: [0x000000001ef20000,0x000000001f020000],  sp=0x000000001f01ecd0,  free space=1019k
Native frames: (J=compiled Java code, j=interpreted, Vv=VM code, C=native code)
C  [glfw.dll+0x24b9]
C  0x000000000281e88a

Java frames: (J=compiled Java code, j=interpreted, Vv=VM code)
J 583  org.lwjgl.system.JNI.invokePV(JJ)V (0 bytes) @ 0x000000000281e804 [0x000000000281e7c0+0x44]
j  org.lwjgl.glfw.GLFW.glfwDestroyCursor(J)V+20
j  main.client.Window.destroyWindow()V+9
j  main.coreEngine.Engine.stop()V+70
j  main.client.Window.update()V+43
j  main.client.renderEngine.RenderEngine.render()V+32
J 585 C1 main.client.ClientThread.tick()V (64 bytes) @ 0x000000000281fc34 [0x000000000281f700+0x534]
J 452% C1 main.coreEngine.TickableThread.run()V (481 bytes) @ 0x00000000027aef9c [0x00000000027aa6c0+0x48dc]
v  ~StubRoutines::call_stub

---------------  P R O C E S S  ---------------

Java Threads: ( => current thread )
  0x000000001e20c800 JavaThread "SERVER" [_thread_in_Java, id=12440, stack(0x000000001f020000,0x000000001f120000)]
=>0x000000001e20c000 JavaThread "CLIENT" [_thread_in_native, id=1492, stack(0x000000001ef20000,0x000000001f020000)]
  0x000000001e0c0800 JavaThread "Service Thread" daemon [_thread_blocked, id=10568, stack(0x000000001ed20000,0x000000001ee20000)]
  0x000000001e083800 JavaThread "C1 CompilerThread3" daemon [_thread_blocked, id=7216, stack(0x000000001ec20000,0x000000001ed20000)]
  0x000000001e07a800 JavaThread "C2 CompilerThread2" daemon [_thread_blocked, id=3400, stack(0x000000001eb20000,0x000000001ec20000)]
  0x000000001e07a000 JavaThread "C2 CompilerThread1" daemon [_thread_blocked, id=2856, stack(0x000000001ea20000,0x000000001eb20000)]
  0x000000001e07f000 JavaThread "C2 CompilerThread0" daemon [_thread_blocked, id=8728, stack(0x000000001e920000,0x000000001ea20000)]
  0x000000001e060800 JavaThread "JDWP Command Reader" daemon [_thread_in_native, id=1688, stack(0x000000001e820000,0x000000001e920000)]
  0x000000001e05f800 JavaThread "JDWP Event Helper Thread" daemon [_thread_blocked, id=3856, stack(0x000000001e720000,0x000000001e820000)]
  0x000000001e05d800 JavaThread "JDWP Transport Listener: dt_socket" daemon [_thread_blocked, id=7904, stack(0x000000001e620000,0x000000001e720000)]
  0x000000001e048000 JavaThread "Attach Listener" daemon [_thread_blocked, id=12724, stack(0x000000001e520000,0x000000001e620000)]
  0x000000001e047000 JavaThread "Signal Dispatcher" daemon [_thread_blocked, id=12172, stack(0x000000001e420000,0x000000001e520000)]
  0x000000000254c800 JavaThread "Finalizer" daemon [_thread_blocked, id=1448, stack(0x000000001de40000,0x000000001df40000)]
  0x0000000002546000 JavaThread "Reference Handler" daemon [_thread_blocked, id=2748, stack(0x000000001dd40000,0x000000001de40000)]
  0x000000000220e000 JavaThread "main" [_thread_in_Java, id=12868, stack(0x0000000002350000,0x0000000002450000)]

Other Threads:
  0x000000001bf39000 VMThread [stack: 0x000000001dc40000,0x000000001dd40000] [id=8044]
  0x000000001e137000 WatcherThread [stack: 0x000000001ee20000,0x000000001ef20000] [id=11520]

VM state:not at safepoint (normal execution)

VM Mutex/Monitor currently owned by a thread: None

Heap:
 PSYoungGen      total 324096K, used 202519K [0x000000076b800000, 0x000000078ad00000, 0x00000007c0000000)
  eden space 322048K, 62% used [0x000000076b800000,0x0000000777d8dd08,0x000000077f280000)
  from space 2048K, 10% used [0x000000078a900000,0x000000078a938000,0x000000078ab00000)
  to   space 2048K, 0% used [0x000000078ab00000,0x000000078ab00000,0x000000078ad00000)
 ParOldGen       total 173568K, used 1413K [0x00000006c2800000, 0x00000006cd180000, 0x000000076b800000)
  object space 173568K, 0% used [0x00000006c2800000,0x00000006c2961678,0x00000006cd180000)
 Metaspace       used 8092K, capacity 8646K, committed 8960K, reserved 1056768K
  class space    used 646K, capacity 690K, committed 768K, reserved 1048576K

Card table byte_map: [0x0000000011910000,0x0000000012100000] byte_map_base: 0x000000000e2fc000

Marking Bits: (ParMarkBitMap*) 0x0000000070c0a5b0
 Begin Bits: [0x0000000012e50000, 0x0000000016db0000)
 End Bits:   [0x0000000016db0000, 0x000000001ad10000)

Polling page: 0x0000000000910000

CodeCache: size=245760Kb used=2889Kb max_used=2889Kb free=242870Kb
 bounds [0x0000000002550000, 0x0000000002830000, 0x0000000011550000]
 total_blobs=1238 nmethods=592 adapters=567
 compilation: enabled

Compilation events (10 events):
Event: 4.892 Thread 0x000000001e083800  587       3       main.server.ServerThread::tick (9 bytes)
Event: 4.892 Thread 0x000000001e083800 nmethod 587 0x000000000281cb90 code [0x000000000281cdc0, 0x000000000281d8c8]
Event: 4.892 Thread 0x000000001e083800  588       3       main.game.TestGame::onTick (30 bytes)
Event: 4.893 Thread 0x000000001e083800 nmethod 588 0x000000000281c250 code [0x000000000281c400, 0x000000000281c8b8]
Event: 4.901 Thread 0x000000001e083800  589       3       org.lwjgl.glfw.GLFW::glfwPollEvents (15 bytes)
Event: 4.901 Thread 0x000000001e083800 nmethod 589 0x0000000002822310 code [0x0000000002822480, 0x00000000028226c8]
Event: 4.902 Thread 0x000000001e083800  591       3       main.client.Window::isCloseRequested (16 bytes)
Event: 4.902 Thread 0x000000001e083800 nmethod 591 0x0000000002822b50 code [0x0000000002822d00, 0x0000000002823138]
Event: 4.902 Thread 0x000000001e083800  592       3       org.lwjgl.glfw.GLFW::glfwWindowShouldClose (24 bytes)
Event: 4.902 Thread 0x000000001e083800 nmethod 592 0x0000000002823390 code [0x0000000002823520, 0x0000000002823878]

GC Heap History (10 events):
Event: 3.649 GC heap before
{Heap before GC invocations=15 (full 0):
 PSYoungGen      total 398848K, used 398592K [0x000000076b800000, 0x000000078b000000, 0x00000007c0000000)
  eden space 398336K, 100% used [0x000000076b800000,0x0000000783d00000,0x0000000783d00000)
  from space 512K, 50% used [0x000000078af80000,0x000000078afc0000,0x000000078b000000)
  to   space 2560K, 0% used [0x000000078ab00000,0x000000078ab00000,0x000000078ad80000)
 ParOldGen       total 173568K, used 1381K [0x00000006c2800000, 0x00000006cd180000, 0x000000076b800000)
  object space 173568K, 0% used [0x00000006c2800000,0x00000006c2959678,0x00000006cd180000)
 Metaspace       used 8084K, capacity 8646K, committed 8960K, reserved 1056768K
  class space    used 646K, capacity 690K, committed 768K, reserved 1048576K
Event: 3.649 GC heap after
Heap after GC invocations=15 (full 0):
 PSYoungGen      total 384000K, used 160K [0x000000076b800000, 0x000000078b000000, 0x00000007c0000000)
  eden space 381440K, 0% used [0x000000076b800000,0x000000076b800000,0x0000000782c80000)
  from space 2560K, 6% used [0x000000078ab00000,0x000000078ab28000,0x000000078ad80000)
  to   space 2048K, 0% used [0x000000078ae00000,0x000000078ae00000,0x000000078b000000)
 ParOldGen       total 173568K, used 1381K [0x00000006c2800000, 0x00000006cd180000, 0x000000076b800000)
  object space 173568K, 0% used [0x00000006c2800000,0x00000006c2959678,0x00000006cd180000)
 Metaspace       used 8084K, capacity 8646K, committed 8960K, reserved 1056768K
  class space    used 646K, capacity 690K, committed 768K, reserved 1048576K
}
Event: 3.949 GC heap before
{Heap before GC invocations=16 (full 0):
 PSYoungGen      total 384000K, used 381600K [0x000000076b800000, 0x000000078b000000, 0x00000007c0000000)
  eden space 381440K, 100% used [0x000000076b800000,0x0000000782c80000,0x0000000782c80000)
  from space 2560K, 6% used [0x000000078ab00000,0x000000078ab28000,0x000000078ad80000)
  to   space 2048K, 0% used [0x000000078ae00000,0x000000078ae00000,0x000000078b000000)
 ParOldGen       total 173568K, used 1381K [0x00000006c2800000, 0x00000006cd180000, 0x000000076b800000)
  object space 173568K, 0% used [0x00000006c2800000,0x00000006c2959678,0x00000006cd180000)
 Metaspace       used 8085K, capacity 8646K, committed 8960K, reserved 1056768K
  class space    used 646K, capacity 690K, committed 768K, reserved 1048576K
Event: 3.950 GC heap after
Heap after GC invocations=16 (full 0):
 PSYoungGen      total 366080K, used 160K [0x000000076b800000, 0x000000078ae80000, 0x00000007c0000000)
  eden space 365568K, 0% used [0x000000076b800000,0x000000076b800000,0x0000000781d00000)
  from space 512K, 31% used [0x000000078ae00000,0x000000078ae28000,0x000000078ae80000)
  to   space 2048K, 0% used [0x000000078aa80000,0x000000078aa80000,0x000000078ac80000)
 ParOldGen       total 173568K, used 1413K [0x00000006c2800000, 0x00000006cd180000, 0x000000076b800000)
  object space 173568K, 0% used [0x00000006c2800000,0x00000006c2961678,0x00000006cd180000)
 Metaspace       used 8085K, capacity 8646K, committed 8960K, reserved 1056768K
  class space    used 646K, capacity 690K, committed 768K, reserved 1048576K
}
Event: 4.336 GC heap before
{Heap before GC invocations=17 (full 0):
 PSYoungGen      total 366080K, used 365728K [0x000000076b800000, 0x000000078ae80000, 0x00000007c0000000)
  eden space 365568K, 100% used [0x000000076b800000,0x0000000781d00000,0x0000000781d00000)
  from space 512K, 31% used [0x000000078ae00000,0x000000078ae28000,0x000000078ae80000)
  to   space 2048K, 0% used [0x000000078aa80000,0x000000078aa80000,0x000000078ac80000)
 ParOldGen       total 173568K, used 1413K [0x00000006c2800000, 0x00000006cd180000, 0x000000076b800000)
  object space 173568K, 0% used [0x00000006c2800000,0x00000006c2961678,0x00000006cd180000)
 Metaspace       used 8085K, capacity 8646K, committed 8960K, reserved 1056768K
  class space    used 646K, capacity 690K, committed 768K, reserved 1048576K
Event: 4.336 GC heap after
Heap after GC invocations=17 (full 0):
 PSYoungGen      total 352256K, used 224K [0x000000076b800000, 0x000000078ae80000, 0x00000007c0000000)
  eden space 350208K, 0% used [0x000000076b800000,0x000000076b800000,0x0000000780e00000)
  from space 2048K, 10% used [0x000000078aa80000,0x000000078aab8000,0x000000078ac80000)
  to   space 2048K, 0% used [0x000000078ac80000,0x000000078ac80000,0x000000078ae80000)
 ParOldGen       total 173568K, used 1413K [0x00000006c2800000, 0x00000006cd180000, 0x000000076b800000)
  object space 173568K, 0% used [0x00000006c2800000,0x00000006c2961678,0x00000006cd180000)
 Metaspace       used 8085K, capacity 8646K, committed 8960K, reserved 1056768K
  class space    used 646K, capacity 690K, committed 768K, reserved 1048576K
}
Event: 4.614 GC heap before
{Heap before GC invocations=18 (full 0):
 PSYoungGen      total 352256K, used 350432K [0x000000076b800000, 0x000000078ae80000, 0x00000007c0000000)
  eden space 350208K, 100% used [0x000000076b800000,0x0000000780e00000,0x0000000780e00000)
  from space 2048K, 10% used [0x000000078aa80000,0x000000078aab8000,0x000000078ac80000)
  to   space 2048K, 0% used [0x000000078ac80000,0x000000078ac80000,0x000000078ae80000)
 ParOldGen       total 173568K, used 1413K [0x00000006c2800000, 0x00000006cd180000, 0x000000076b800000)
  object space 173568K, 0% used [0x00000006c2800000,0x00000006c2961678,0x00000006cd180000)
 Metaspace       used 8085K, capacity 8646K, committed 8960K, reserved 1056768K
  class space    used 646K, capacity 690K, committed 768K, reserved 1048576K
Event: 4.615 GC heap after
Heap after GC invocations=18 (full 0):
 PSYoungGen      total 336384K, used 128K [0x000000076b800000, 0x000000078ad00000, 0x00000007c0000000)
  eden space 335872K, 0% used [0x000000076b800000,0x000000076b800000,0x0000000780000000)
  from space 512K, 25% used [0x000000078ac80000,0x000000078aca0000,0x000000078ad00000)
  to   space 2048K, 0% used [0x000000078a900000,0x000000078a900000,0x000000078ab00000)
 ParOldGen       total 173568K, used 1413K [0x00000006c2800000, 0x00000006cd180000, 0x000000076b800000)
  object space 173568K, 0% used [0x00000006c2800000,0x00000006c2961678,0x00000006cd180000)
 Metaspace       used 8085K, capacity 8646K, committed 8960K, reserved 1056768K
  class space    used 646K, capacity 690K, committed 768K, reserved 1048576K
}
Event: 4.894 GC heap before
{Heap before GC invocations=19 (full 0):
 PSYoungGen      total 336384K, used 336000K [0x000000076b800000, 0x000000078ad00000, 0x00000007c0000000)
  eden space 335872K, 100% used [0x000000076b800000,0x0000000780000000,0x0000000780000000)
  from space 512K, 25% used [0x000000078ac80000,0x000000078aca0000,0x000000078ad00000)
  to   space 2048K, 0% used [0x000000078a900000,0x000000078a900000,0x000000078ab00000)
 ParOldGen       total 173568K, used 1413K [0x00000006c2800000, 0x00000006cd180000, 0x000000076b800000)
  object space 173568K, 0% used [0x00000006c2800000,0x00000006c2961678,0x00000006cd180000)
 Metaspace       used 8091K, capacity 8646K, committed 8960K, reserved 1056768K
  class space    used 646K, capacity 690K, committed 768K, reserved 1048576K
Event: 4.895 GC heap after
Heap after GC invocations=19 (full 0):
 PSYoungGen      total 324096K, used 224K [0x000000076b800000, 0x000000078ad00000, 0x00000007c0000000)
  eden space 322048K, 0% used [0x000000076b800000,0x000000076b800000,0x000000077f280000)
  from space 2048K, 10% used [0x000000078a900000,0x000000078a938000,0x000000078ab00000)
  to   space 2048K, 0% used [0x000000078ab00000,0x000000078ab00000,0x000000078ad00000)
 ParOldGen       total 173568K, used 1413K [0x00000006c2800000, 0x00000006cd180000, 0x000000076b800000)
  object space 173568K, 0% used [0x00000006c2800000,0x00000006c2961678,0x00000006cd180000)
 Metaspace       used 8091K, capacity 8646K, committed 8960K, reserved 1056768K
  class space    used 646K, capacity 690K, committed 768K, reserved 1048576K
}

Deoptimization events (10 events):
Event: 0.374 Thread 0x000000001e20c000 Uncommon trap: reason=bimorphic action=maybe_recompile pc=0x000000000269c400 method=java.util.HashMap.getNode(ILjava/lang/Object;)Ljava/util/HashMap$Node; @ 126
Event: 0.374 Thread 0x000000001e20c000 Uncommon trap: reason=bimorphic action=maybe_recompile pc=0x000000000269c400 method=java.util.HashMap.getNode(ILjava/lang/Object;)Ljava/util/HashMap$Node; @ 126
Event: 0.380 Thread 0x000000001e20c000 Uncommon trap: reason=unstable_if action=reinterpret pc=0x0000000002697e18 method=java.util.HashMap.keySet()Ljava/util/Set; @ 6
Event: 0.615 Thread 0x000000001e20c000 Uncommon trap: reason=unstable_if action=reinterpret pc=0x0000000002698204 method=java.util.HashMap.clear()V @ 16
Event: 0.615 Thread 0x000000001e20c000 Uncommon trap: reason=unstable_if action=reinterpret pc=0x00000000026996c8 method=java.util.HashMap$HashIterator.<init>(Ljava/util/HashMap;)V @ 38
Event: 0.615 Thread 0x000000000220e000 Uncommon trap: reason=unstable_if action=reinterpret pc=0x00000000026bc430 method=main.coreEngine.TickableThread.invoke(Ljava/lang/String;[Ljava/lang/Object;)V @ 53
Event: 0.615 Thread 0x000000001e20c000 Uncommon trap: reason=unstable_if action=reinterpret pc=0x000000000269b758 method=java.util.HashMap.clear()V @ 16
Event: 0.615 Thread 0x000000001e20c800 Uncommon trap: reason=unstable_if action=reinterpret pc=0x00000000026c0174 method=main.coreEngine.TickableThread.run()V @ 58
Event: 0.650 Thread 0x000000000220e000 Uncommon trap: reason=unstable_if action=reinterpret pc=0x00000000027c13b0 method=main.coreEngine.Engine.start()V @ 163
Event: 0.709 Thread 0x000000001e20c800 Uncommon trap: reason=unstable_if action=reinterpret pc=0x00000000027d0268 method=main.coreEngine.TickableThread.run()V @ 461

Internal exceptions (9 events):
Event: 0.032 Thread 0x000000000220e000 Exception <a 'java/lang/NoSuchMethodError': Method sun.misc.Unsafe.defineClass(Ljava/lang/String;[BII)Ljava/lang/Class; name or signature does not match> (0x000000076b80d9b8) thrown at [C:\workspace\8-2-build-windows-amd64-cygwin\jdk8u65\4987\hotspot\src\sa{Ÿpž2 ?
Event: 0.032 Thread 0x000000000220e000 Exception <a 'java/lang/NoSuchMethodError': Method sun.misc.Unsafe.prefetchRead(Ljava/lang/Object;J)V name or signature does not match> (0x000000076b80dca0) thrown at [C:\workspace\8-2-build-windows-amd64-cygwin\jdk8u65\4987\hotspot\src\share\vm\prims\jni.Ï³VˆÄ?
Event: 0.160 Thread 0x000000001e20c000 Exception <a 'java/lang/ArrayIndexOutOfBoundsException': -1> (0x000000076ce7bb70) thrown at [C:\workspace\8-2-build-windows-amd64-cygwin\jdk8u65\4987\hotspot\src\share\vm\interpreter\interpreterRuntime.cpp, line 366]
Event: 0.374 Thread 0x000000001e20c000 Implicit null exception at 0x00000000026a0e0f to 0x00000000026a1171
Event: 0.374 Thread 0x000000001e20c000 Exception <a 'java/security/PrivilegedActionException'> (0x000000076d125800) thrown at [C:\workspace\8-2-build-windows-amd64-cygwin\jdk8u65\4987\hotspot\src\share\vm\prims\jvm.cpp, line 1386]
Event: 0.374 Thread 0x000000001e20c000 Exception <a 'java/security/PrivilegedActionException'> (0x000000076d125bf8) thrown at [C:\workspace\8-2-build-windows-amd64-cygwin\jdk8u65\4987\hotspot\src\share\vm\prims\jvm.cpp, line 1386]
Event: 0.375 Thread 0x000000001e20c000 Exception <a 'java/security/PrivilegedActionException'> (0x000000076d129e10) thrown at [C:\workspace\8-2-build-windows-amd64-cygwin\jdk8u65\4987\hotspot\src\share\vm\prims\jvm.cpp, line 1386]
Event: 0.375 Thread 0x000000001e20c000 Exception <a 'java/security/PrivilegedActionException'> (0x000000076d12a208) thrown at [C:\workspace\8-2-build-windows-amd64-cygwin\jdk8u65\4987\hotspot\src\share\vm\prims\jvm.cpp, line 1386]
Event: 0.615 Thread 0x000000000220e000 Implicit null exception at 0x00000000026bbe3c to 0x00000000026bc409

Events (10 events):
Event: 3.949 Executing VM operation: ParallelGCFailedAllocation
Event: 3.950 Executing VM operation: ParallelGCFailedAllocation done
Event: 4.075 Executing VM operation: EnableBiasedLocking
Event: 4.075 Executing VM operation: EnableBiasedLocking done
Event: 4.336 Executing VM operation: ParallelGCFailedAllocation
Event: 4.336 Executing VM operation: ParallelGCFailedAllocation done
Event: 4.614 Executing VM operation: ParallelGCFailedAllocation
Event: 4.615 Executing VM operation: ParallelGCFailedAllocation done
Event: 4.894 Executing VM operation: ParallelGCFailedAllocation
Event: 4.895 Executing VM operation: ParallelGCFailedAllocation done


Dynamic libraries:
0x00007ff75ee90000 - 0x00007ff75eec7000 	C:\Program Files\Java\jdk1.8.0_65\bin\java.exe
0x00007ffde4980000 - 0x00007ffde4b41000 	C:\WINDOWS\SYSTEM32\ntdll.dll
0x00007ffde42a0000 - 0x00007ffde434d000 	C:\WINDOWS\system32\KERNEL32.DLL
0x00007ffde19f0000 - 0x00007ffde1bd8000 	C:\WINDOWS\system32\KERNELBASE.dll
0x00007ffde1e70000 - 0x00007ffde1f17000 	C:\WINDOWS\system32\ADVAPI32.dll
0x00007ffde3800000 - 0x00007ffde389d000 	C:\WINDOWS\system32\msvcrt.dll
0x00007ffde1e10000 - 0x00007ffde1e6b000 	C:\WINDOWS\system32\sechost.dll
0x00007ffde3bd0000 - 0x00007ffde3cec000 	C:\WINDOWS\system32\RPCRT4.dll
0x00007ffde3fe0000 - 0x00007ffde4136000 	C:\WINDOWS\system32\USER32.dll
0x00007ffde3cf0000 - 0x00007ffde3e76000 	C:\WINDOWS\system32\GDI32.dll
0x00007ffddd690000 - 0x00007ffddd904000 	C:\WINDOWS\WinSxS\amd64_microsoft.windows.common-controls_6595b64144ccf1df_6.0.10586.0_none_8c15ae12515e1c22\COMCTL32.dll
0x00007ffde3950000 - 0x00007ffde3bcd000 	C:\WINDOWS\system32\combase.dll
0x00007ffde1cf0000 - 0x00007ffde1d5a000 	C:\WINDOWS\system32\bcryptPrimitives.dll
0x00007ffde1dc0000 - 0x00007ffde1dfb000 	C:\WINDOWS\system32\IMM32.DLL
0x0000000070c90000 - 0x0000000070d62000 	C:\Program Files\Java\jdk1.8.0_65\jre\bin\msvcr100.dll
0x0000000070400000 - 0x0000000070c89000 	C:\Program Files\Java\jdk1.8.0_65\jre\bin\server\jvm.dll
0x00007ffde4290000 - 0x00007ffde4298000 	C:\WINDOWS\system32\PSAPI.DLL
0x00007ffdd8550000 - 0x00007ffdd8559000 	C:\WINDOWS\SYSTEM32\WSOCK32.dll
0x00007ffddd9c0000 - 0x00007ffddd9ca000 	C:\WINDOWS\SYSTEM32\VERSION.dll
0x00007ffddf730000 - 0x00007ffddf753000 	C:\WINDOWS\SYSTEM32\WINMM.dll
0x00007ffde4470000 - 0x00007ffde44db000 	C:\WINDOWS\system32\WS2_32.dll
0x00000000021d0000 - 0x00000000021fc000 	C:\WINDOWS\SYSTEM32\WINMMBASE.dll
0x00007ffde1be0000 - 0x00007ffde1c23000 	C:\WINDOWS\system32\cfgmgr32.dll
0x00000000703f0000 - 0x00000000703ff000 	C:\Program Files\Java\jdk1.8.0_65\jre\bin\verify.dll
0x00000000703c0000 - 0x00000000703e9000 	C:\Program Files\Java\jdk1.8.0_65\jre\bin\java.dll
0x0000000070380000 - 0x00000000703b5000 	C:\Program Files\Java\jdk1.8.0_65\jre\bin\jdwp.dll
0x0000000070370000 - 0x0000000070378000 	C:\Program Files\Java\jdk1.8.0_65\jre\bin\npt.dll
0x0000000070350000 - 0x0000000070366000 	C:\Program Files\Java\jdk1.8.0_65\jre\bin\zip.dll
0x00007ffde1f80000 - 0x00007ffde34dc000 	C:\WINDOWS\system32\SHELL32.dll
0x00007ffde11d0000 - 0x00007ffde1815000 	C:\WINDOWS\system32\windows.storage.dll
0x00007ffde36b0000 - 0x00007ffde3702000 	C:\WINDOWS\system32\shlwapi.dll
0x00007ffde0fb0000 - 0x00007ffde0fbf000 	C:\WINDOWS\system32\kernel.appcore.dll
0x00007ffde1c30000 - 0x00007ffde1ce5000 	C:\WINDOWS\system32\shcore.dll
0x00007ffde0fc0000 - 0x00007ffde100b000 	C:\WINDOWS\system32\powrprof.dll
0x00007ffde0f80000 - 0x00007ffde0f94000 	C:\WINDOWS\system32\profapi.dll
0x0000000070340000 - 0x0000000070349000 	C:\Program Files\Java\jdk1.8.0_65\jre\bin\dt_socket.dll
0x00007ffde08b0000 - 0x00007ffde090c000 	C:\WINDOWS\system32\mswsock.dll
0x00007ffdcf260000 - 0x00007ffdcf2e8000 	D:\Code\Java\Projects\WireEngine20\lib\native\lwjgl.dll
0x00007ffde0a80000 - 0x00007ffde0a8b000 	C:\WINDOWS\SYSTEM32\CRYPTBASE.DLL
0x00007ffdd4190000 - 0x00007ffdd41d2000 	D:\Code\Java\Projects\WireEngine20\lib\native\jemalloc.dll
0x00007ffdd40d0000 - 0x00007ffdd4108000 	D:\Code\Java\Projects\WireEngine20\lib\native\glfw.dll
0x00007ffddf850000 - 0x00007ffddf8e6000 	C:\WINDOWS\system32\uxtheme.dll
0x00007ffdde650000 - 0x00007ffdde672000 	C:\WINDOWS\SYSTEM32\dwmapi.dll
0x00007ffdc8b70000 - 0x00007ffdc8c99000 	C:\WINDOWS\SYSTEM32\opengl32.dll
0x00007ffdcd0c0000 - 0x00007ffdcd0ee000 	C:\WINDOWS\SYSTEM32\GLU32.dll
0x00007ffdc6920000 - 0x00007ffdc6a1a000 	C:\WINDOWS\SYSTEM32\DDRAW.dll
0x00007ffddaa30000 - 0x00007ffddaa38000 	C:\WINDOWS\SYSTEM32\DCIMAN32.dll
0x00007ffde3e80000 - 0x00007ffde3fda000 	C:\WINDOWS\system32\MSCTF.dll
0x00007ffdc9cc0000 - 0x00007ffdc9d09000 	C:\Program Files (x86)\TeamViewer\tv_x64.dll
0x00007ffde4140000 - 0x00007ffde4283000 	C:\WINDOWS\system32\ole32.dll
0x000000006e5f0000 - 0x0000000070339000 	C:\WINDOWS\SYSTEM32\nvoglv64.DLL
0x00007ffde4550000 - 0x00007ffde4979000 	C:\WINDOWS\system32\SETUPAPI.dll
0x00007ffddf2f0000 - 0x00007ffddf303000 	C:\WINDOWS\SYSTEM32\WTSAPI32.dll
0x00007ffddf9a0000 - 0x00007ffddf9c7000 	C:\WINDOWS\SYSTEM32\DEVOBJ.dll
0x00007ffde1170000 - 0x00007ffde11c5000 	C:\WINDOWS\system32\WINTRUST.dll
0x00007ffde0fa0000 - 0x00007ffde0fb0000 	C:\WINDOWS\system32\MSASN1.dll
0x00007ffde1820000 - 0x00007ffde19e7000 	C:\WINDOWS\system32\CRYPT32.dll
0x00007ffde04d0000 - 0x00007ffde0501000 	C:\WINDOWS\SYSTEM32\ntmarta.dll
0x00007ffde0220000 - 0x00007ffde0276000 	C:\WINDOWS\SYSTEM32\WINSTA.dll
0x00007ffde38a0000 - 0x00007ffde3947000 	C:\WINDOWS\system32\clbcatq.dll
0x00007ffdb9de0000 - 0x00007ffdb9f6c000 	C:\WINDOWS\SYSTEM32\dbghelp.dll

VM Arguments:
jvm_args: -agentlib:jdwp=transport=dt_socket,address=127.0.0.1:50025,suspend=y,server=n -Djava.library.path=lib/native/ -Dfile.encoding=UTF-8 
java_command: main.Main
java_class_path (initial): C:\Program Files\Java\jdk1.8.0_65\jre\lib\charsets.jar;C:\Program Files\Java\jdk1.8.0_65\jre\lib\deploy.jar;C:\Program Files\Java\jdk1.8.0_65\jre\lib\ext\access-bridge-64.jar;C:\Program Files\Java\jdk1.8.0_65\jre\lib\ext\cldrdata.jar;C:\Program Files\Java\jdk1.8.0_65\jre\lib\ext\dnsns.jar;C:\Program Files\Java\jdk1.8.0_65\jre\lib\ext\jaccess.jar;C:\Program Files\Java\jdk1.8.0_65\jre\lib\ext\jfxrt.jar;C:\Program Files\Java\jdk1.8.0_65\jre\lib\ext\localedata.jar;C:\Program Files\Java\jdk1.8.0_65\jre\lib\ext\nashorn.jar;C:\Program Files\Java\jdk1.8.0_65\jre\lib\ext\sunec.jar;C:\Program Files\Java\jdk1.8.0_65\jre\lib\ext\sunjce_provider.jar;C:\Program Files\Java\jdk1.8.0_65\jre\lib\ext\sunmscapi.jar;C:\Program Files\Java\jdk1.8.0_65\jre\lib\ext\sunpkcs11.jar;C:\Program Files\Java\jdk1.8.0_65\jre\lib\ext\zipfs.jar;C:\Program Files\Java\jdk1.8.0_65\jre\lib\javaws.jar;C:\Program Files\Java\jdk1.8.0_65\jre\lib\jce.jar;C:\Program Files\Java\jdk1.8.0_65\jre\lib\jfr.jar;C:\Program Files\Java\jdk1.8.0_65\jre\lib\jfxswt.jar;C:\Program Files\Java\jdk1.8.0_65\jre\lib\jsse.jar;C:\Program Files\Java\jdk1.8.0_65\jre\lib\management-agent.jar;C:\Program Files\Java\jdk1.8.0_65\jre\lib\plugin.jar;C:\Program Files\Java\jdk1.8.0_65\jre\lib\resources.jar;C:\Program Files\Java\jdk1.8.0_65\jre\lib\rt.jar;D:\Code\Java\Projects\WireEngine20\out\production\WireEngine20;D:\Code\Java\Projects\WireEngine20\lib\jar\lwjgl.jar;D:\Program Files (x86)\JetBrains\IntelliJ IDEA 2016.1\lib\idea_rt.jar
Launcher Type: SUN_STANDARD

Environment Variables:
JAVA_HOME=C:\Program Files\Java\jdk1.8.0_65
PATH=C:\ProgramData\Oracle\Java\javapath;C:\Program Files (x86)\Razer Chroma SDK\bin;C:\Program Files\Razer Chroma SDK\bin;C:\Program Files (x86)\NVIDIA Corporation\PhysX\Common;C:\Program Files (x86)\Intel\iCLS Client\;C:\Program Files\Intel\iCLS Client\;C:\Windows\system32;C:\Windows;C:\Windows\System32\Wbem;C:\Windows\System32\WindowsPowerShell\v1.0\;C:\Program Files\Intel\Intel(R) Management Engine Components\DAL;C:\Program Files (x86)\Intel\Intel(R) Management Engine Components\DAL;C:\Program Files\Intel\Intel(R) Management Engine Components\IPT;C:\Program Files (x86)\Intel\Intel(R) Management Engine Components\IPT;C:\Program Files\Java\jre1.8.0_65\bin;C:\MinGW\bin;C:\WINDOWS\system32;C:\WINDOWS;C:\WINDOWS\System32\Wbem;C:\WINDOWS\System32\WindowsPowerShell\v1.0\;D:\Program Files (x86)\CMake\bin;D:\Program Files\Programs\Python\Python35-32;D:\Program Files\Programs\Python\Python35-32\Scripts;C:\Program Files (x86)\Skype\Phone\;D:\Program Files\Programs\Python\Python35-32\Scripts\;D:\Program Files\Programs\Python\Python35-32\
USERNAME=Kelan
OS=Windows_NT
PROCESSOR_IDENTIFIER=Intel64 Family 6 Model 60 Stepping 3, GenuineIntel



---------------  S Y S T E M  ---------------

OS: Windows 10.0 , 64 bit Build 10586 (10.0.10586.0)

CPU:total 8 (4 cores per cpu, 2 threads per core) family 6 model 60 stepping 3, cmov, cx8, fxsr, mmx, sse, sse2, sse3, ssse3, sse4.1, sse4.2, popcnt, avx, avx2, aes, clmul, erms, lzcnt, ht, tsc, tscinvbit, bmi1, bmi2

Memory: 4k page, physical 16609500k(4097520k free), swap 33386716k(18312784k free)

vm_info: Java HotSpot(TM) 64-Bit Server VM (25.65-b01) for windows-amd64 JRE (1.8.0_65-b17), built on Oct  6 2015 16:39:20 by "java_re" with MS VC++ 10.0 (VS2010)

time: Sun Apr 10 13:19:11 2016
elapsed time: 5 seconds (0d 0h 0m 5s)

