#
# A fatal error has been detected by the Java Runtime Environment:
#
#  EXCEPTION_ACCESS_VIOLATION (0xc0000005) at pc=0x00007ffdcf9f24b9, pid=13980, tid=9188
#
# JRE version: Java(TM) SE Runtime Environment (8.0_65-b17) (build 1.8.0_65-b17)
# Java VM: Java HotSpot(TM) 64-Bit Server VM (25.65-b01 mixed mode windows-amd64 compressed oops)
# Problematic frame:
# C  [glfw.dll+0x24b9]
#
# Failed to write core dump. Minidumps are not enabled by default on client versions of Windows
#
# If you would like to submit a bug report, please visit:
#   http://bugreport.java.com/bugreport/crash.jsp
# The crash happened outside the Java Virtual Machine in native code.
# See problematic frame for where to report the bug.
#

---------------  T H R E A D  ---------------

Current thread (0x000000001e20a000):  JavaThread "CLIENT" [_thread_in_native, id=9188, stack(0x000000001ef20000,0x000000001f020000)]

siginfo: ExceptionCode=0xc0000005, reading address 0x0000000000000000

Registers:
RAX=0x0000000000000000, RBX=0x000000001b9dec50, RCX=0x0000000000000000, RDX=0x0000000000000000
RSP=0x000000001f01f0f0, RBP=0x000000001f01f1a0, RSI=0x0000000000000108, RDI=0x000000000065b7a0
R8 =0x000000001f01f0e8, R9 =0x000000001f01f1a0, R10=0x0000000000000000, R11=0x0000000000000246
R12=0x0000000000000000, R13=0x000000001b9dec50, R14=0x000000001f01f1d8, R15=0x000000001e20a000
RIP=0x00007ffdcf9f24b9, EFLAGS=0x0000000000010287

Top of Stack: (sp=0x000000001f01f0f0)
0x000000001f01f0f0:   000000001e20a000 000000001e20a000
0x000000001f01f100:   000000001b9f8ab8 000000007052d610
0x000000001f01f110:   00000000000000eb 00000000025ddfcc
0x000000001f01f120:   000000001b9dec50 00000000025beeb0
0x000000001f01f130:   000000000000000e 000000001e20a000
0x000000001f01f140:   000000001b9f8ab8 000000007052aea4
0x000000001f01f150:   000000001e20a000 000000001e20a000
0x000000001f01f160:   000000001f01f160 0000000000000000
0x000000001f01f170:   000000001f01f1d8 000000001b9df3f0
0x000000001f01f180:   0000000000000000 000000001b9dec50
0x000000001f01f190:   0000000000000000 000000001f01f1c0
0x000000001f01f1a0:   000000001f01f220 00000000025c7d8d
0x000000001f01f1b0:   00000006c2804338 00000000025d42f8
0x000000001f01f1c0:   000000000065b7a0 00000000025c78a0
0x000000001f01f1d0:   00007ffdcf9f2420 0000000000000001
0x000000001f01f1e0:   000000001f01f1e0 000000001b9f8a8c 

Instructions: (pc=0x00007ffdcf9f24b9)
0x00007ffdcf9f2499:   48 8b cf e8 1f 3a 00 00 48 39 3d f0 d5 02 00 48
0x00007ffdcf9f24a9:   8d 0d e9 d5 02 00 48 8b 5c 24 30 74 08 48 8b 09
0x00007ffdcf9f24b9:   48 39 39 75 f8 48 8b 07 48 89 01 48 8b cf 48 83
0x00007ffdcf9f24c9:   c4 20 5f e9 5b fe 00 00 48 83 c4 20 5f c3 cc cc 


Register to memory mapping:

RAX=0x0000000000000000 is an unknown value
RBX={method} {0x000000001b9dec58} 'invokePV' '(JJ)V' in 'org/lwjgl/system/JNI'
RCX=0x0000000000000000 is an unknown value
RDX=0x0000000000000000 is an unknown value
RSP=0x000000001f01f0f0 is pointing into the stack for thread: 0x000000001e20a000
RBP=0x000000001f01f1a0 is pointing into the stack for thread: 0x000000001e20a000
RSI=0x0000000000000108 is an unknown value
RDI=0x000000000065b7a0 is an unknown value
R8 =0x000000001f01f0e8 is pointing into the stack for thread: 0x000000001e20a000
R9 =0x000000001f01f1a0 is pointing into the stack for thread: 0x000000001e20a000
R10=0x0000000000000000 is an unknown value
R11=0x0000000000000246 is an unknown value
R12=0x0000000000000000 is an unknown value
R13={method} {0x000000001b9dec58} 'invokePV' '(JJ)V' in 'org/lwjgl/system/JNI'
R14=0x000000001f01f1d8 is pointing into the stack for thread: 0x000000001e20a000
R15=0x000000001e20a000 is a thread


Stack: [0x000000001ef20000,0x000000001f020000],  sp=0x000000001f01f0f0,  free space=1020k
Native frames: (J=compiled Java code, j=interpreted, Vv=VM code, C=native code)
C  [glfw.dll+0x24b9]
C  0x00000000025ddfcc

Java frames: (J=compiled Java code, j=interpreted, Vv=VM code)
j  org.lwjgl.system.JNI.invokePV(JJ)V+0
j  org.lwjgl.glfw.GLFW.glfwDestroyCursor(J)V+20
j  main.client.Window.destroyWindow()V+9
j  main.coreEngine.Engine.stop()V+70
j  main.client.Window.update()V+43
j  main.client.renderEngine.RenderEngine.render()V+32
j  main.client.ClientThread.tick()V+12
J 433% C1 main.coreEngine.TickableThread.run()V (481 bytes) @ 0x000000000281a29c [0x00000000028159c0+0x48dc]
v  ~StubRoutines::call_stub

---------------  P R O C E S S  ---------------

Java Threads: ( => current thread )
  0x000000001e207000 JavaThread "SERVER" [_thread_in_Java, id=2924, stack(0x000000001f020000,0x000000001f120000)]
=>0x000000001e20a000 JavaThread "CLIENT" [_thread_in_native, id=9188, stack(0x000000001ef20000,0x000000001f020000)]
  0x000000001e06e000 JavaThread "Service Thread" daemon [_thread_blocked, id=3796, stack(0x000000001ed20000,0x000000001ee20000)]
  0x000000001e081000 JavaThread "C1 CompilerThread3" daemon [_thread_blocked, id=7528, stack(0x000000001ec20000,0x000000001ed20000)]
  0x000000001e080800 JavaThread "C2 CompilerThread2" daemon [_thread_blocked, id=4428, stack(0x000000001eb20000,0x000000001ec20000)]
  0x000000001e077800 JavaThread "C2 CompilerThread1" daemon [_thread_blocked, id=11220, stack(0x000000001ea20000,0x000000001eb20000)]
  0x000000001e07b800 JavaThread "C2 CompilerThread0" daemon [_thread_blocked, id=4196, stack(0x000000001e920000,0x000000001ea20000)]
  0x000000001e061800 JavaThread "JDWP Command Reader" daemon [_thread_in_native, id=10624, stack(0x000000001e820000,0x000000001e920000)]
  0x000000001e05e800 JavaThread "JDWP Event Helper Thread" daemon [_thread_blocked, id=7656, stack(0x000000001e720000,0x000000001e820000)]
  0x000000001e05c000 JavaThread "JDWP Transport Listener: dt_socket" daemon [_thread_blocked, id=13144, stack(0x000000001e620000,0x000000001e720000)]
  0x000000001e046800 JavaThread "Attach Listener" daemon [_thread_blocked, id=11696, stack(0x000000001e520000,0x000000001e620000)]
  0x000000001e045800 JavaThread "Signal Dispatcher" daemon [_thread_blocked, id=7416, stack(0x000000001e420000,0x000000001e520000)]
  0x00000000025ba000 JavaThread "Finalizer" daemon [_thread_blocked, id=9420, stack(0x000000001de40000,0x000000001df40000)]
  0x00000000025b3000 JavaThread "Reference Handler" daemon [_thread_blocked, id=10900, stack(0x000000001dd40000,0x000000001de40000)]
  0x00000000022ee000 JavaThread "main" [_thread_in_Java, id=4536, stack(0x00000000023c0000,0x00000000024c0000)]

Other Threads:
  0x000000001bf59800 VMThread [stack: 0x000000001dc40000,0x000000001dd40000] [id=12772]
  0x000000001e0d1000 WatcherThread [stack: 0x000000001ee20000,0x000000001ef20000] [id=7536]

VM state:not at safepoint (normal execution)

VM Mutex/Monitor currently owned by a thread: None

Heap:
 PSYoungGen      total 474624K, used 150506K [0x000000076b800000, 0x000000078b300000, 0x00000007c0000000)
  eden space 474112K, 31% used [0x000000076b800000,0x0000000774ae29e0,0x0000000788700000)
  from space 512K, 18% used [0x000000078b280000,0x000000078b298000,0x000000078b300000)
  to   space 2560K, 0% used [0x000000078ae00000,0x000000078ae00000,0x000000078b080000)
 ParOldGen       total 173568K, used 1944K [0x00000006c2800000, 0x00000006cd180000, 0x000000076b800000)
  object space 173568K, 1% used [0x00000006c2800000,0x00000006c29e6070,0x00000006cd180000)
 Metaspace       used 8027K, capacity 8582K, committed 8704K, reserved 1056768K
  class space    used 646K, capacity 690K, committed 768K, reserved 1048576K

Card table byte_map: [0x0000000011980000,0x0000000012170000] byte_map_base: 0x000000000e36c000

Marking Bits: (ParMarkBitMap*) 0x0000000070c0a5b0
 Begin Bits: [0x0000000012ec0000, 0x0000000016e20000)
 End Bits:   [0x0000000016e20000, 0x000000001ad80000)

Polling page: 0x00000000022c0000

CodeCache: size=245760Kb used=2619Kb max_used=2629Kb free=243140Kb
 bounds [0x00000000025c0000, 0x0000000002860000, 0x00000000115c0000]
 total_blobs=1123 nmethods=477 adapters=567
 compilation: enabled

Compilation events (10 events):
Event: 1.102 Thread 0x000000001e077800  473       4       java.util.ArrayList::set (20 bytes)
Event: 1.103 Thread 0x000000001e077800 nmethod 473 0x0000000002849810 code [0x0000000002849960, 0x0000000002849ad8]
Event: 1.219 Thread 0x000000001e081000  474       1       java.lang.Integer::intValue (5 bytes)
Event: 1.219 Thread 0x000000001e081000 nmethod 474 0x000000000282d150 code [0x000000000282d2a0, 0x000000000282d3b0]
Event: 1.235 Thread 0x000000001e081000  475       3       java.nio.Buffer::flip (20 bytes)
Event: 1.236 Thread 0x000000001e081000 nmethod 475 0x0000000002838190 code [0x00000000028382e0, 0x0000000002838450]
Event: 1.402 Thread 0x000000001e07b800  476       4       java.util.ArrayList::get (11 bytes)
Event: 1.403 Thread 0x000000001e07b800 nmethod 476 0x0000000002835110 code [0x0000000002835260, 0x0000000002835378]
Event: 1.469 Thread 0x000000001e081000  477       1       main.coreEngine.sceneGraph.Transformation::getRotation (5 bytes)
Event: 1.469 Thread 0x000000001e081000 nmethod 477 0x0000000002834e50 code [0x0000000002834fa0, 0x00000000028350b0]

GC Heap History (10 events):
Event: 0.573 GC heap before
{Heap before GC invocations=6 (full 0):
 PSYoungGen      total 140800K, used 131377K [0x000000076b800000, 0x000000077b900000, 0x00000007c0000000)
  eden space 130048K, 100% used [0x000000076b800000,0x0000000773700000,0x0000000773700000)
  from space 10752K, 12% used [0x0000000773700000,0x000000077384c7e0,0x0000000774180000)
  to   space 1536K, 0% used [0x000000077b780000,0x000000077b780000,0x000000077b900000)
 ParOldGen       total 173568K, used 16K [0x00000006c2800000, 0x00000006cd180000, 0x000000076b800000)
  object space 173568K, 0% used [0x00000006c2800000,0x00000006c2804000,0x00000006cd180000)
 Metaspace       used 6944K, capacity 7558K, committed 7808K, reserved 1056768K
  class space    used 585K, capacity 626K, committed 640K, reserved 1048576K
Event: 0.575 GC heap after
Heap after GC invocations=6 (full 0):
 PSYoungGen      total 260608K, used 1517K [0x000000076b800000, 0x000000077bb00000, 0x00000007c0000000)
  eden space 259072K, 0% used [0x000000076b800000,0x000000076b800000,0x000000077b500000)
  from space 1536K, 98% used [0x000000077b780000,0x000000077b8fb458,0x000000077b900000)
  to   space 2560K, 0% used [0x000000077b500000,0x000000077b500000,0x000000077b780000)
 ParOldGen       total 173568K, used 744K [0x00000006c2800000, 0x00000006cd180000, 0x000000076b800000)
  object space 173568K, 0% used [0x00000006c2800000,0x00000006c28ba020,0x00000006cd180000)
 Metaspace       used 6944K, capacity 7558K, committed 7808K, reserved 1056768K
  class space    used 585K, capacity 626K, committed 640K, reserved 1048576K
}
Event: 0.924 GC heap before
{Heap before GC invocations=7 (full 0):
 PSYoungGen      total 260608K, used 260589K [0x000000076b800000, 0x000000077bb00000, 0x00000007c0000000)
  eden space 259072K, 100% used [0x000000076b800000,0x000000077b500000,0x000000077b500000)
  from space 1536K, 98% used [0x000000077b780000,0x000000077b8fb458,0x000000077b900000)
  to   space 2560K, 0% used [0x000000077b500000,0x000000077b500000,0x000000077b780000)
 ParOldGen       total 173568K, used 744K [0x00000006c2800000, 0x00000006cd180000, 0x000000076b800000)
  object space 173568K, 0% used [0x00000006c2800000,0x00000006c28ba020,0x00000006cd180000)
 Metaspace       used 8024K, capacity 8582K, committed 8704K, reserved 1056768K
  class space    used 646K, capacity 690K, committed 768K, reserved 1048576K
Event: 0.926 GC heap after
Heap after GC invocations=7 (full 0):
 PSYoungGen      total 261632K, used 1242K [0x000000076b800000, 0x000000078b600000, 0x00000007c0000000)
  eden space 259072K, 0% used [0x000000076b800000,0x000000076b800000,0x000000077b500000)
  from space 2560K, 48% used [0x000000077b500000,0x000000077b636988,0x000000077b780000)
  to   space 2048K, 0% used [0x000000078b400000,0x000000078b400000,0x000000078b600000)
 ParOldGen       total 173568K, used 1392K [0x00000006c2800000, 0x00000006cd180000, 0x000000076b800000)
  object space 173568K, 0% used [0x00000006c2800000,0x00000006c295c070,0x00000006cd180000)
 Metaspace       used 8024K, capacity 8582K, committed 8704K, reserved 1056768K
  class space    used 646K, capacity 690K, committed 768K, reserved 1048576K
}
Event: 1.034 GC heap before
{Heap before GC invocations=8 (full 0):
 PSYoungGen      total 261632K, used 260314K [0x000000076b800000, 0x000000078b600000, 0x00000007c0000000)
  eden space 259072K, 100% used [0x000000076b800000,0x000000077b500000,0x000000077b500000)
  from space 2560K, 48% used [0x000000077b500000,0x000000077b636988,0x000000077b780000)
  to   space 2048K, 0% used [0x000000078b400000,0x000000078b400000,0x000000078b600000)
 ParOldGen       total 173568K, used 1392K [0x00000006c2800000, 0x00000006cd180000, 0x000000076b800000)
  object space 173568K, 0% used [0x00000006c2800000,0x00000006c295c070,0x00000006cd180000)
 Metaspace       used 8026K, capacity 8582K, committed 8704K, reserved 1056768K
  class space    used 646K, capacity 690K, committed 768K, reserved 1048576K
Event: 1.035 GC heap after
Heap after GC invocations=8 (full 0):
 PSYoungGen      total 520192K, used 640K [0x000000076b800000, 0x000000078b600000, 0x00000007c0000000)
  eden space 518144K, 0% used [0x000000076b800000,0x000000076b800000,0x000000078b200000)
  from space 2048K, 31% used [0x000000078b400000,0x000000078b4a0000,0x000000078b600000)
  to   space 2048K, 0% used [0x000000078b200000,0x000000078b200000,0x000000078b400000)
 ParOldGen       total 173568K, used 1400K [0x00000006c2800000, 0x00000006cd180000, 0x000000076b800000)
  object space 173568K, 0% used [0x00000006c2800000,0x00000006c295e070,0x00000006cd180000)
 Metaspace       used 8026K, capacity 8582K, committed 8704K, reserved 1056768K
  class space    used 646K, capacity 690K, committed 768K, reserved 1048576K
}
Event: 1.287 GC heap before
{Heap before GC invocations=9 (full 0):
 PSYoungGen      total 520192K, used 518784K [0x000000076b800000, 0x000000078b600000, 0x00000007c0000000)
  eden space 518144K, 100% used [0x000000076b800000,0x000000078b200000,0x000000078b200000)
  from space 2048K, 31% used [0x000000078b400000,0x000000078b4a0000,0x000000078b600000)
  to   space 2048K, 0% used [0x000000078b200000,0x000000078b200000,0x000000078b400000)
 ParOldGen       total 173568K, used 1400K [0x00000006c2800000, 0x00000006cd180000, 0x000000076b800000)
  object space 173568K, 0% used [0x00000006c2800000,0x00000006c295e070,0x00000006cd180000)
 Metaspace       used 8027K, capacity 8582K, committed 8704K, reserved 1056768K
  class space    used 646K, capacity 690K, committed 768K, reserved 1048576K
Event: 1.288 GC heap after
Heap after GC invocations=9 (full 0):
 PSYoungGen      total 496128K, used 256K [0x000000076b800000, 0x000000078b480000, 0x00000007c0000000)
  eden space 495616K, 0% used [0x000000076b800000,0x000000076b800000,0x0000000789c00000)
  from space 512K, 50% used [0x000000078b200000,0x000000078b240000,0x000000078b280000)
  to   space 2048K, 0% used [0x000000078b280000,0x000000078b280000,0x000000078b480000)
 ParOldGen       total 173568K, used 1768K [0x00000006c2800000, 0x00000006cd180000, 0x000000076b800000)
  object space 173568K, 1% used [0x00000006c2800000,0x00000006c29ba070,0x00000006cd180000)
 Metaspace       used 8027K, capacity 8582K, committed 8704K, reserved 1056768K
  class space    used 646K, capacity 690K, committed 768K, reserved 1048576K
}
Event: 1.540 GC heap before
{Heap before GC invocations=10 (full 0):
 PSYoungGen      total 496128K, used 495872K [0x000000076b800000, 0x000000078b480000, 0x00000007c0000000)
  eden space 495616K, 100% used [0x000000076b800000,0x0000000789c00000,0x0000000789c00000)
  from space 512K, 50% used [0x000000078b200000,0x000000078b240000,0x000000078b280000)
  to   space 2048K, 0% used [0x000000078b280000,0x000000078b280000,0x000000078b480000)
 ParOldGen       total 173568K, used 1768K [0x00000006c2800000, 0x00000006cd180000, 0x000000076b800000)
  object space 173568K, 1% used [0x00000006c2800000,0x00000006c29ba070,0x00000006cd180000)
 Metaspace       used 8027K, capacity 8582K, committed 8704K, reserved 1056768K
  class space    used 646K, capacity 690K, committed 768K, reserved 1048576K
Event: 1.540 GC heap after
Heap after GC invocations=10 (full 0):
 PSYoungGen      total 474624K, used 96K [0x000000076b800000, 0x000000078b300000, 0x00000007c0000000)
  eden space 474112K, 0% used [0x000000076b800000,0x000000076b800000,0x0000000788700000)
  from space 512K, 18% used [0x000000078b280000,0x000000078b298000,0x000000078b300000)
  to   space 2560K, 0% used [0x000000078ae00000,0x000000078ae00000,0x000000078b080000)
 ParOldGen       total 173568K, used 1944K [0x00000006c2800000, 0x00000006cd180000, 0x000000076b800000)
  object space 173568K, 1% used [0x00000006c2800000,0x00000006c29e6070,0x00000006cd180000)
 Metaspace       used 8027K, capacity 8582K, committed 8704K, reserved 1056768K
  class space    used 646K, capacity 690K, committed 768K, reserved 1048576K
}

Deoptimization events (10 events):
Event: 0.401 Thread 0x000000001e20a000 Uncommon trap: reason=unstable_if action=reinterpret pc=0x000000000270ba00 method=java.util.HashMap.containsKey(Ljava/lang/Object;)Z @ 9
Event: 0.401 Thread 0x000000001e20a000 Uncommon trap: reason=bimorphic action=maybe_recompile pc=0x00000000027086b8 method=java.util.HashMap.getNode(ILjava/lang/Object;)Ljava/util/HashMap$Node; @ 126
Event: 0.402 Thread 0x000000001e20a000 Uncommon trap: reason=bimorphic action=maybe_recompile pc=0x00000000027086b8 method=java.util.HashMap.getNode(ILjava/lang/Object;)Ljava/util/HashMap$Node; @ 126
Event: 0.406 Thread 0x000000001e20a000 Uncommon trap: reason=unstable_if action=reinterpret pc=0x0000000002700a18 method=java.util.HashMap.keySet()Ljava/util/Set; @ 6
Event: 0.710 Thread 0x000000001e20a000 Uncommon trap: reason=unstable_if action=reinterpret pc=0x00000000026fed84 method=java.util.HashMap.clear()V @ 16
Event: 0.710 Thread 0x000000001e20a000 Uncommon trap: reason=unstable_if action=reinterpret pc=0x0000000002703918 method=java.util.HashMap.clear()V @ 16
Event: 0.710 Thread 0x00000000022ee000 Uncommon trap: reason=unstable_if action=reinterpret pc=0x0000000002731ff0 method=main.coreEngine.TickableThread.invoke(Ljava/lang/String;[Ljava/lang/Object;)V @ 53
Event: 0.711 Thread 0x000000001e207000 Uncommon trap: reason=unstable_if action=reinterpret pc=0x000000000272f424 method=main.coreEngine.TickableThread.run()V @ 58
Event: 0.794 Thread 0x00000000022ee000 Uncommon trap: reason=unstable_if action=reinterpret pc=0x0000000002826934 method=main.coreEngine.Engine.start()V @ 163
Event: 0.819 Thread 0x000000001e207000 Uncommon trap: reason=unstable_if action=reinterpret pc=0x000000000283af34 method=main.coreEngine.TickableThread.run()V @ 461

Internal exceptions (9 events):
Event: 0.028 Thread 0x00000000022ee000 Exception <a 'java/lang/NoSuchMethodError': Method sun.misc.Unsafe.defineClass(Ljava/lang/String;[BII)Ljava/lang/Class; name or signature does not match> (0x000000076b80d880) thrown at [C:\workspace\8-2-build-windows-amd64-cygwin\jdk8u65\4987\hotspot\src\sOÞÚÛºœ?
Event: 0.028 Thread 0x00000000022ee000 Exception <a 'java/lang/NoSuchMethodError': Method sun.misc.Unsafe.prefetchRead(Ljava/lang/Object;J)V name or signature does not match> (0x000000076b80db68) thrown at [C:\workspace\8-2-build-windows-amd64-cygwin\jdk8u65\4987\hotspot\src\share\vm\prims\jni.—Î7^#Å?
Event: 0.165 Thread 0x000000001e20a000 Exception <a 'java/lang/ArrayIndexOutOfBoundsException': -1> (0x000000076cabf9b0) thrown at [C:\workspace\8-2-build-windows-amd64-cygwin\jdk8u65\4987\hotspot\src\share\vm\interpreter\interpreterRuntime.cpp, line 366]
Event: 0.401 Thread 0x000000001e20a000 Implicit null exception at 0x000000000270b68f to 0x000000000270b9f1
Event: 0.402 Thread 0x000000001e20a000 Exception <a 'java/security/PrivilegedActionException'> (0x000000076e79d6f0) thrown at [C:\workspace\8-2-build-windows-amd64-cygwin\jdk8u65\4987\hotspot\src\share\vm\prims\jvm.cpp, line 1386]
Event: 0.402 Thread 0x000000001e20a000 Exception <a 'java/security/PrivilegedActionException'> (0x000000076e79dae8) thrown at [C:\workspace\8-2-build-windows-amd64-cygwin\jdk8u65\4987\hotspot\src\share\vm\prims\jvm.cpp, line 1386]
Event: 0.402 Thread 0x000000001e20a000 Exception <a 'java/security/PrivilegedActionException'> (0x000000076e7a1d00) thrown at [C:\workspace\8-2-build-windows-amd64-cygwin\jdk8u65\4987\hotspot\src\share\vm\prims\jvm.cpp, line 1386]
Event: 0.402 Thread 0x000000001e20a000 Exception <a 'java/security/PrivilegedActionException'> (0x000000076e7a20f8) thrown at [C:\workspace\8-2-build-windows-amd64-cygwin\jdk8u65\4987\hotspot\src\share\vm\prims\jvm.cpp, line 1386]
Event: 0.710 Thread 0x00000000022ee000 Implicit null exception at 0x00000000027319fc to 0x0000000002731fc9

Events (10 events):
Event: 0.915 Thread 0x000000001e207000 DEOPT PACKING pc=0x000000000284550b sp=0x000000001f11f5b0
Event: 0.915 Thread 0x000000001e207000 DEOPT UNPACKING pc=0x000000000260787f sp=0x000000001f11f3e0 mode 0
Event: 0.924 Executing VM operation: ParallelGCFailedAllocation
Event: 0.926 Executing VM operation: ParallelGCFailedAllocation done
Event: 1.034 Executing VM operation: ParallelGCFailedAllocation
Event: 1.035 Executing VM operation: ParallelGCFailedAllocation done
Event: 1.287 Executing VM operation: ParallelGCFailedAllocation
Event: 1.288 Executing VM operation: ParallelGCFailedAllocation done
Event: 1.540 Executing VM operation: ParallelGCFailedAllocation
Event: 1.541 Executing VM operation: ParallelGCFailedAllocation done


Dynamic libraries:
0x00007ff75ee90000 - 0x00007ff75eec7000 	C:\Program Files\Java\jdk1.8.0_65\bin\java.exe
0x00007ffde4980000 - 0x00007ffde4b41000 	C:\WINDOWS\SYSTEM32\ntdll.dll
0x00007ffde42a0000 - 0x00007ffde434d000 	C:\WINDOWS\system32\KERNEL32.DLL
0x00007ffde19f0000 - 0x00007ffde1bd8000 	C:\WINDOWS\system32\KERNELBASE.dll
0x00007ffde1e70000 - 0x00007ffde1f17000 	C:\WINDOWS\system32\ADVAPI32.dll
0x00007ffde3800000 - 0x00007ffde389d000 	C:\WINDOWS\system32\msvcrt.dll
0x00007ffde1e10000 - 0x00007ffde1e6b000 	C:\WINDOWS\system32\sechost.dll
0x00007ffde3bd0000 - 0x00007ffde3cec000 	C:\WINDOWS\system32\RPCRT4.dll
0x00007ffde3fe0000 - 0x00007ffde4136000 	C:\WINDOWS\system32\USER32.dll
0x00007ffde3cf0000 - 0x00007ffde3e76000 	C:\WINDOWS\system32\GDI32.dll
0x00007ffddd690000 - 0x00007ffddd904000 	C:\WINDOWS\WinSxS\amd64_microsoft.windows.common-controls_6595b64144ccf1df_6.0.10586.0_none_8c15ae12515e1c22\COMCTL32.dll
0x00007ffde3950000 - 0x00007ffde3bcd000 	C:\WINDOWS\system32\combase.dll
0x00007ffde1cf0000 - 0x00007ffde1d5a000 	C:\WINDOWS\system32\bcryptPrimitives.dll
0x00007ffde1dc0000 - 0x00007ffde1dfb000 	C:\WINDOWS\system32\IMM32.DLL
0x0000000070c90000 - 0x0000000070d62000 	C:\Program Files\Java\jdk1.8.0_65\jre\bin\msvcr100.dll
0x0000000070400000 - 0x0000000070c89000 	C:\Program Files\Java\jdk1.8.0_65\jre\bin\server\jvm.dll
0x00007ffde4290000 - 0x00007ffde4298000 	C:\WINDOWS\system32\PSAPI.DLL
0x00007ffdd8550000 - 0x00007ffdd8559000 	C:\WINDOWS\SYSTEM32\WSOCK32.dll
0x00007ffddd9c0000 - 0x00007ffddd9ca000 	C:\WINDOWS\SYSTEM32\VERSION.dll
0x00007ffddf730000 - 0x00007ffddf753000 	C:\WINDOWS\SYSTEM32\WINMM.dll
0x00007ffde4470000 - 0x00007ffde44db000 	C:\WINDOWS\system32\WS2_32.dll
0x00007ffddf6d0000 - 0x00007ffddf6fc000 	C:\WINDOWS\SYSTEM32\WINMMBASE.dll
0x00007ffde1be0000 - 0x00007ffde1c23000 	C:\WINDOWS\system32\cfgmgr32.dll
0x00000000703f0000 - 0x00000000703ff000 	C:\Program Files\Java\jdk1.8.0_65\jre\bin\verify.dll
0x00000000703c0000 - 0x00000000703e9000 	C:\Program Files\Java\jdk1.8.0_65\jre\bin\java.dll
0x0000000070380000 - 0x00000000703b5000 	C:\Program Files\Java\jdk1.8.0_65\jre\bin\jdwp.dll
0x0000000070370000 - 0x0000000070378000 	C:\Program Files\Java\jdk1.8.0_65\jre\bin\npt.dll
0x0000000070350000 - 0x0000000070366000 	C:\Program Files\Java\jdk1.8.0_65\jre\bin\zip.dll
0x00007ffde1f80000 - 0x00007ffde34dc000 	C:\WINDOWS\system32\SHELL32.dll
0x00007ffde11d0000 - 0x00007ffde1815000 	C:\WINDOWS\system32\windows.storage.dll
0x00007ffde36b0000 - 0x00007ffde3702000 	C:\WINDOWS\system32\shlwapi.dll
0x00007ffde0fb0000 - 0x00007ffde0fbf000 	C:\WINDOWS\system32\kernel.appcore.dll
0x00007ffde1c30000 - 0x00007ffde1ce5000 	C:\WINDOWS\system32\shcore.dll
0x00007ffde0fc0000 - 0x00007ffde100b000 	C:\WINDOWS\system32\powrprof.dll
0x00007ffde0f80000 - 0x00007ffde0f94000 	C:\WINDOWS\system32\profapi.dll
0x0000000070340000 - 0x0000000070349000 	C:\Program Files\Java\jdk1.8.0_65\jre\bin\dt_socket.dll
0x00007ffde08b0000 - 0x00007ffde090c000 	C:\WINDOWS\system32\mswsock.dll
0x00007ffdcf260000 - 0x00007ffdcf2e8000 	D:\Code\Java\Projects\WireEngine20\lib\native\lwjgl.dll
0x00007ffde0a80000 - 0x00007ffde0a8b000 	C:\WINDOWS\SYSTEM32\CRYPTBASE.DLL
0x00007ffdd40a0000 - 0x00007ffdd40e2000 	D:\Code\Java\Projects\WireEngine20\lib\native\jemalloc.dll
0x00007ffdcf9f0000 - 0x00007ffdcfa28000 	D:\Code\Java\Projects\WireEngine20\lib\native\glfw.dll
0x00007ffddf850000 - 0x00007ffddf8e6000 	C:\WINDOWS\system32\uxtheme.dll
0x00007ffdde650000 - 0x00007ffdde672000 	C:\WINDOWS\SYSTEM32\dwmapi.dll
0x00007ffdc8b70000 - 0x00007ffdc8c99000 	C:\WINDOWS\SYSTEM32\opengl32.dll
0x00007ffdc6920000 - 0x00007ffdc6a1a000 	C:\WINDOWS\SYSTEM32\DDRAW.dll
0x00007ffdcd0c0000 - 0x00007ffdcd0ee000 	C:\WINDOWS\SYSTEM32\GLU32.dll
0x00007ffddaa30000 - 0x00007ffddaa38000 	C:\WINDOWS\SYSTEM32\DCIMAN32.dll
0x00007ffde3e80000 - 0x00007ffde3fda000 	C:\WINDOWS\system32\MSCTF.dll
0x00007ffdc9cc0000 - 0x00007ffdc9d09000 	C:\Program Files (x86)\TeamViewer\tv_x64.dll
0x00007ffde4140000 - 0x00007ffde4283000 	C:\WINDOWS\system32\ole32.dll
0x000000006e5f0000 - 0x0000000070339000 	C:\WINDOWS\SYSTEM32\nvoglv64.DLL
0x00007ffde4550000 - 0x00007ffde4979000 	C:\WINDOWS\system32\SETUPAPI.dll
0x00007ffddf2f0000 - 0x00007ffddf303000 	C:\WINDOWS\SYSTEM32\WTSAPI32.dll
0x00007ffddf9a0000 - 0x00007ffddf9c7000 	C:\WINDOWS\SYSTEM32\DEVOBJ.dll
0x00007ffde1170000 - 0x00007ffde11c5000 	C:\WINDOWS\system32\WINTRUST.dll
0x00007ffde0fa0000 - 0x00007ffde0fb0000 	C:\WINDOWS\system32\MSASN1.dll
0x00007ffde1820000 - 0x00007ffde19e7000 	C:\WINDOWS\system32\CRYPT32.dll
0x00007ffde04d0000 - 0x00007ffde0501000 	C:\WINDOWS\SYSTEM32\ntmarta.dll
0x00007ffde0220000 - 0x00007ffde0276000 	C:\WINDOWS\SYSTEM32\WINSTA.dll
0x00007ffde38a0000 - 0x00007ffde3947000 	C:\WINDOWS\system32\clbcatq.dll
0x00007ffdb9de0000 - 0x00007ffdb9f6c000 	C:\WINDOWS\SYSTEM32\dbghelp.dll

VM Arguments:
jvm_args: -agentlib:jdwp=transport=dt_socket,address=127.0.0.1:49320,suspend=y,server=n -Djava.library.path=lib/native/ -Dfile.encoding=UTF-8 
java_command: main.Main
java_class_path (initial): C:\Program Files\Java\jdk1.8.0_65\jre\lib\charsets.jar;C:\Program Files\Java\jdk1.8.0_65\jre\lib\deploy.jar;C:\Program Files\Java\jdk1.8.0_65\jre\lib\ext\access-bridge-64.jar;C:\Program Files\Java\jdk1.8.0_65\jre\lib\ext\cldrdata.jar;C:\Program Files\Java\jdk1.8.0_65\jre\lib\ext\dnsns.jar;C:\Program Files\Java\jdk1.8.0_65\jre\lib\ext\jaccess.jar;C:\Program Files\Java\jdk1.8.0_65\jre\lib\ext\jfxrt.jar;C:\Program Files\Java\jdk1.8.0_65\jre\lib\ext\localedata.jar;C:\Program Files\Java\jdk1.8.0_65\jre\lib\ext\nashorn.jar;C:\Program Files\Java\jdk1.8.0_65\jre\lib\ext\sunec.jar;C:\Program Files\Java\jdk1.8.0_65\jre\lib\ext\sunjce_provider.jar;C:\Program Files\Java\jdk1.8.0_65\jre\lib\ext\sunmscapi.jar;C:\Program Files\Java\jdk1.8.0_65\jre\lib\ext\sunpkcs11.jar;C:\Program Files\Java\jdk1.8.0_65\jre\lib\ext\zipfs.jar;C:\Program Files\Java\jdk1.8.0_65\jre\lib\javaws.jar;C:\Program Files\Java\jdk1.8.0_65\jre\lib\jce.jar;C:\Program Files\Java\jdk1.8.0_65\jre\lib\jfr.jar;C:\Program Files\Java\jdk1.8.0_65\jre\lib\jfxswt.jar;C:\Program Files\Java\jdk1.8.0_65\jre\lib\jsse.jar;C:\Program Files\Java\jdk1.8.0_65\jre\lib\management-agent.jar;C:\Program Files\Java\jdk1.8.0_65\jre\lib\plugin.jar;C:\Program Files\Java\jdk1.8.0_65\jre\lib\resources.jar;C:\Program Files\Java\jdk1.8.0_65\jre\lib\rt.jar;D:\Code\Java\Projects\WireEngine20\out\production\WireEngine20;D:\Code\Java\Projects\WireEngine20\lib\jar\lwjgl.jar;D:\Program Files (x86)\JetBrains\IntelliJ IDEA 2016.1\lib\idea_rt.jar
Launcher Type: SUN_STANDARD

Environment Variables:
JAVA_HOME=C:\Program Files\Java\jdk1.8.0_65
PATH=C:\ProgramData\Oracle\Java\javapath;C:\Program Files (x86)\Razer Chroma SDK\bin;C:\Program Files\Razer Chroma SDK\bin;C:\Program Files (x86)\NVIDIA Corporation\PhysX\Common;C:\Program Files (x86)\Intel\iCLS Client\;C:\Program Files\Intel\iCLS Client\;C:\Windows\system32;C:\Windows;C:\Windows\System32\Wbem;C:\Windows\System32\WindowsPowerShell\v1.0\;C:\Program Files\Intel\Intel(R) Management Engine Components\DAL;C:\Program Files (x86)\Intel\Intel(R) Management Engine Components\DAL;C:\Program Files\Intel\Intel(R) Management Engine Components\IPT;C:\Program Files (x86)\Intel\Intel(R) Management Engine Components\IPT;C:\Program Files\Java\jre1.8.0_65\bin;C:\MinGW\bin;C:\WINDOWS\system32;C:\WINDOWS;C:\WINDOWS\System32\Wbem;C:\WINDOWS\System32\WindowsPowerShell\v1.0\;D:\Program Files (x86)\CMake\bin;D:\Program Files\Programs\Python\Python35-32;D:\Program Files\Programs\Python\Python35-32\Scripts;C:\Program Files (x86)\Skype\Phone\;D:\Program Files\Programs\Python\Python35-32\Scripts\;D:\Program Files\Programs\Python\Python35-32\
USERNAME=Kelan
OS=Windows_NT
PROCESSOR_IDENTIFIER=Intel64 Family 6 Model 60 Stepping 3, GenuineIntel



---------------  S Y S T E M  ---------------

OS: Windows 10.0 , 64 bit Build 10586 (10.0.10586.0)

CPU:total 8 (4 cores per cpu, 2 threads per core) family 6 model 60 stepping 3, cmov, cx8, fxsr, mmx, sse, sse2, sse3, ssse3, sse4.1, sse4.2, popcnt, avx, avx2, aes, clmul, erms, lzcnt, ht, tsc, tscinvbit, bmi1, bmi2

Memory: 4k page, physical 16609500k(4378784k free), swap 33386716k(18624140k free)

vm_info: Java HotSpot(TM) 64-Bit Server VM (25.65-b01) for windows-amd64 JRE (1.8.0_65-b17), built on Oct  6 2015 16:39:20 by "java_re" with MS VC++ 10.0 (VS2010)

time: Sun Apr 10 11:53:46 2016
elapsed time: 1 seconds (0d 0h 0m 1s)

