#
# A fatal error has been detected by the Java Runtime Environment:
#
#  EXCEPTION_ACCESS_VIOLATION (0xc0000005) at pc=0x00007ffdd3df24b9, pid=4796, tid=5136
#
# JRE version: Java(TM) SE Runtime Environment (8.0_65-b17) (build 1.8.0_65-b17)
# Java VM: Java HotSpot(TM) 64-Bit Server VM (25.65-b01 mixed mode windows-amd64 compressed oops)
# Problematic frame:
# C  [glfw.dll+0x24b9]
#
# Failed to write core dump. Minidumps are not enabled by default on client versions of Windows
#
# If you would like to submit a bug report, please visit:
#   http://bugreport.java.com/bugreport/crash.jsp
# The crash happened outside the Java Virtual Machine in native code.
# See problematic frame for where to report the bug.
#

---------------  T H R E A D  ---------------

Current thread (0x000000001e298000):  JavaThread "CLIENT" [_thread_in_native, id=5136, stack(0x000000001ef90000,0x000000001f090000)]

siginfo: ExceptionCode=0xc0000005, reading address 0x0000000000000000

Registers:
RAX=0x0000000000000000, RBX=0x000000001ba47888, RCX=0x0000000000000000, RDX=0x0000000000000000
RSP=0x000000001f08f290, RBP=0x000000001f08f340, RSI=0x0000000000000108, RDI=0x000000000057d100
R8 =0x000000001f08f288, R9 =0x000000001f08f340, R10=0x0000000000000000, R11=0x0000000000000246
R12=0x0000000000000000, R13=0x000000001ba47888, R14=0x000000001f08f378, R15=0x000000001e298000
RIP=0x00007ffdd3df24b9, EFLAGS=0x0000000000010287

Top of Stack: (sp=0x000000001f08f290)
0x000000001f08f290:   000000001e298000 000000001e298000
0x000000001f08f2a0:   000000001ba61608 000000007052d610
0x000000001f08f2b0:   000000000000019f 000000000264dfcc
0x000000001f08f2c0:   000000001ba47888 000000001be55bf0
0x000000001f08f2d0:   000000000000000e 000000001e298000
0x000000001f08f2e0:   000000001ba61608 000000007052aea4
0x000000001f08f2f0:   000000001e298000 000000001e298000
0x000000001f08f300:   000000001f08f300 0000000000000000
0x000000001f08f310:   000000001f08f378 000000001ba48028
0x000000001f08f320:   0000000000000000 000000001ba47888
0x000000001f08f330:   0000000000000000 000000001f08f360
0x000000001f08f340:   000000001f08f3c0 0000000002637d8d
0x000000001f08f350:   00000006c2806270 00000000026442f8
0x000000001f08f360:   000000000057d100 00000000026378a0
0x000000001f08f370:   00007ffdd3df2420 0000000000000001
0x000000001f08f380:   000000001f08f380 000000001ba615dc 

Instructions: (pc=0x00007ffdd3df24b9)
0x00007ffdd3df2499:   48 8b cf e8 1f 3a 00 00 48 39 3d f0 d5 02 00 48
0x00007ffdd3df24a9:   8d 0d e9 d5 02 00 48 8b 5c 24 30 74 08 48 8b 09
0x00007ffdd3df24b9:   48 39 39 75 f8 48 8b 07 48 89 01 48 8b cf 48 83
0x00007ffdd3df24c9:   c4 20 5f e9 5b fe 00 00 48 83 c4 20 5f c3 cc cc 


Register to memory mapping:

RAX=0x0000000000000000 is an unknown value
RBX={method} {0x000000001ba47890} 'invokePV' '(JJ)V' in 'org/lwjgl/system/JNI'
RCX=0x0000000000000000 is an unknown value
RDX=0x0000000000000000 is an unknown value
RSP=0x000000001f08f290 is pointing into the stack for thread: 0x000000001e298000
RBP=0x000000001f08f340 is pointing into the stack for thread: 0x000000001e298000
RSI=0x0000000000000108 is an unknown value
RDI=0x000000000057d100 is an unknown value
R8 =0x000000001f08f288 is pointing into the stack for thread: 0x000000001e298000
R9 =0x000000001f08f340 is pointing into the stack for thread: 0x000000001e298000
R10=0x0000000000000000 is an unknown value
R11=0x0000000000000246 is an unknown value
R12=0x0000000000000000 is an unknown value
R13={method} {0x000000001ba47890} 'invokePV' '(JJ)V' in 'org/lwjgl/system/JNI'
R14=0x000000001f08f378 is pointing into the stack for thread: 0x000000001e298000
R15=0x000000001e298000 is a thread


Stack: [0x000000001ef90000,0x000000001f090000],  sp=0x000000001f08f290,  free space=1020k
Native frames: (J=compiled Java code, j=interpreted, Vv=VM code, C=native code)
C  [glfw.dll+0x24b9]
C  0x000000000264dfcc

Java frames: (J=compiled Java code, j=interpreted, Vv=VM code)
j  org.lwjgl.system.JNI.invokePV(JJ)V+0
j  org.lwjgl.glfw.GLFW.glfwDestroyCursor(J)V+20
j  main.client.Window.destroyWindow()V+9
j  main.coreEngine.Engine.stop()V+70
j  main.client.Window.update()V+43
j  main.client.renderEngine.RenderEngine.render()V+29
j  main.client.ClientThread.tick()V+12
J 435% C1 main.coreEngine.TickableThread.run()V (481 bytes) @ 0x000000000288d39c [0x0000000002888ac0+0x48dc]
v  ~StubRoutines::call_stub

---------------  P R O C E S S  ---------------

Java Threads: ( => current thread )
  0x000000001e299000 JavaThread "SERVER" [_thread_in_Java, id=10688, stack(0x000000001f090000,0x000000001f190000)]
=>0x000000001e298000 JavaThread "CLIENT" [_thread_in_native, id=5136, stack(0x000000001ef90000,0x000000001f090000)]
  0x000000001e0de000 JavaThread "Service Thread" daemon [_thread_blocked, id=8764, stack(0x000000001ed90000,0x000000001ee90000)]
  0x000000001e0f1000 JavaThread "C1 CompilerThread3" daemon [_thread_blocked, id=13076, stack(0x000000001ec90000,0x000000001ed90000)]
  0x000000001e0f0000 JavaThread "C2 CompilerThread2" daemon [_thread_blocked, id=7672, stack(0x000000001eb90000,0x000000001ec90000)]
  0x000000001e0e7000 JavaThread "C2 CompilerThread1" daemon [_thread_blocked, id=7660, stack(0x000000001ea90000,0x000000001eb90000)]
  0x000000001e0eb800 JavaThread "C2 CompilerThread0" daemon [_thread_blocked, id=5540, stack(0x000000001e990000,0x000000001ea90000)]
  0x000000001e0d1800 JavaThread "JDWP Command Reader" daemon [_thread_in_native, id=6140, stack(0x000000001e890000,0x000000001e990000)]
  0x000000001e0ce000 JavaThread "JDWP Event Helper Thread" daemon [_thread_blocked, id=10388, stack(0x000000001e790000,0x000000001e890000)]
  0x000000001e0c0800 JavaThread "JDWP Transport Listener: dt_socket" daemon [_thread_blocked, id=6980, stack(0x000000001e690000,0x000000001e790000)]
  0x000000001e0b6800 JavaThread "Attach Listener" daemon [_thread_blocked, id=6308, stack(0x000000001e590000,0x000000001e690000)]
  0x000000001e0b5000 JavaThread "Signal Dispatcher" daemon [_thread_blocked, id=9192, stack(0x000000001e490000,0x000000001e590000)]
  0x0000000000f6a800 JavaThread "Finalizer" daemon [_thread_blocked, id=4484, stack(0x000000001deb0000,0x000000001dfb0000)]
  0x000000001bfcd800 JavaThread "Reference Handler" daemon [_thread_blocked, id=7040, stack(0x000000001ddb0000,0x000000001deb0000)]
  0x0000000000cbe000 JavaThread "main" [_thread_in_Java, id=2928, stack(0x0000000000d70000,0x0000000000e70000)]

Other Threads:
  0x000000001bfc9000 VMThread [stack: 0x000000001dcb0000,0x000000001ddb0000] [id=12644]
  0x000000001e1a8000 WatcherThread [stack: 0x000000001ee90000,0x000000001ef90000] [id=5836]

VM state:not at safepoint (normal execution)

VM Mutex/Monitor currently owned by a thread: None

Heap:
 PSYoungGen      total 179712K, used 111860K [0x000000076b800000, 0x000000078ae00000, 0x00000007c0000000)
  eden space 177664K, 62% used [0x000000076b800000,0x000000077252d1a8,0x0000000776580000)
  from space 2048K, 3% used [0x000000078aa00000,0x000000078aa10000,0x000000078ac00000)
  to   space 2048K, 0% used [0x000000078ac00000,0x000000078ac00000,0x000000078ae00000)
 ParOldGen       total 173568K, used 1240K [0x00000006c2800000, 0x00000006cd180000, 0x000000076b800000)
  object space 173568K, 0% used [0x00000006c2800000,0x00000006c2936050,0x00000006cd180000)
 Metaspace       used 7968K, capacity 8486K, committed 8704K, reserved 1056768K
  class space    used 642K, capacity 658K, committed 768K, reserved 1048576K

Card table byte_map: [0x00000000119f0000,0x00000000121e0000] byte_map_base: 0x000000000e3dc000

Marking Bits: (ParMarkBitMap*) 0x0000000070c0a5b0
 Begin Bits: [0x0000000012f30000, 0x0000000016e90000)
 End Bits:   [0x0000000016e90000, 0x000000001adf0000)

Polling page: 0x0000000000c80000

CodeCache: size=245760Kb used=2620Kb max_used=2630Kb free=243140Kb
 bounds [0x0000000002630000, 0x00000000028d0000, 0x0000000011630000]
 total_blobs=1128 nmethods=485 adapters=564
 compilation: enabled

Compilation events (10 events):
Event: 2.385 Thread 0x000000001e0eb800  481       4       java.lang.ThreadLocal::get (38 bytes)
Event: 2.386 Thread 0x000000001e0f0000  482       4       java.lang.ThreadLocal$ThreadLocalMap::getEntry (42 bytes)
Event: 2.387 Thread 0x000000001e0eb800 nmethod 481 0x00000000028b7a90 code [0x00000000028b7be0, 0x00000000028b7d98]
Event: 2.387 Thread 0x000000001e0f0000 nmethod 482 0x00000000028b7610 code [0x00000000028b7760, 0x00000000028b78d8]
Event: 2.447 Thread 0x000000001e0f1000  483       3       main.client.Window::resetKeys (29 bytes)
Event: 2.448 Thread 0x000000001e0f1000 nmethod 483 0x00000000028bbd50 code [0x00000000028bbec0, 0x00000000028bc188]
Event: 2.669 Thread 0x000000001e0f1000  484       3       org.lwjgl.opengl.GL20::getInstance (7 bytes)
Event: 2.669 Thread 0x000000001e0f1000 nmethod 484 0x00000000028bb250 code [0x00000000028bb420, 0x00000000028bba48]
Event: 2.669 Thread 0x000000001e0f1000  485       3       org.lwjgl.opengl.GL20::getInstance (11 bytes)
Event: 2.670 Thread 0x000000001e0f1000 nmethod 485 0x00000000028bac50 code [0x00000000028bade0, 0x00000000028bb0a8]

GC Heap History (10 events):
Event: 2.050 GC heap before
{Heap before GC invocations=13 (full 0):
 PSYoungGen      total 214016K, used 213600K [0x000000076b800000, 0x000000078b180000, 0x00000007c0000000)
  eden space 213504K, 100% used [0x000000076b800000,0x0000000778880000,0x0000000778880000)
  from space 512K, 18% used [0x000000078b100000,0x000000078b118000,0x000000078b180000)
  to   space 2560K, 0% used [0x000000078ac80000,0x000000078ac80000,0x000000078af00000)
 ParOldGen       total 173568K, used 1240K [0x00000006c2800000, 0x00000006cd180000, 0x000000076b800000)
  object space 173568K, 0% used [0x00000006c2800000,0x00000006c2936050,0x00000006cd180000)
 Metaspace       used 7965K, capacity 8486K, committed 8704K, reserved 1056768K
  class space    used 642K, capacity 658K, committed 768K, reserved 1048576K
Event: 2.051 GC heap after
Heap after GC invocations=13 (full 0):
 PSYoungGen      total 208384K, used 96K [0x000000076b800000, 0x000000078b180000, 0x00000007c0000000)
  eden space 205824K, 0% used [0x000000076b800000,0x000000076b800000,0x0000000778100000)
  from space 2560K, 3% used [0x000000078ac80000,0x000000078ac98000,0x000000078af00000)
  to   space 2560K, 0% used [0x000000078af00000,0x000000078af00000,0x000000078b180000)
 ParOldGen       total 173568K, used 1240K [0x00000006c2800000, 0x00000006cd180000, 0x000000076b800000)
  object space 173568K, 0% used [0x00000006c2800000,0x00000006c2936050,0x00000006cd180000)
 Metaspace       used 7965K, capacity 8486K, committed 8704K, reserved 1056768K
  class space    used 642K, capacity 658K, committed 768K, reserved 1048576K
}
Event: 2.223 GC heap before
{Heap before GC invocations=14 (full 0):
 PSYoungGen      total 208384K, used 205920K [0x000000076b800000, 0x000000078b180000, 0x00000007c0000000)
  eden space 205824K, 100% used [0x000000076b800000,0x0000000778100000,0x0000000778100000)
  from space 2560K, 3% used [0x000000078ac80000,0x000000078ac98000,0x000000078af00000)
  to   space 2560K, 0% used [0x000000078af00000,0x000000078af00000,0x000000078b180000)
 ParOldGen       total 173568K, used 1240K [0x00000006c2800000, 0x00000006cd180000, 0x000000076b800000)
  object space 173568K, 0% used [0x00000006c2800000,0x00000006c2936050,0x00000006cd180000)
 Metaspace       used 7967K, capacity 8486K, committed 8704K, reserved 1056768K
  class space    used 642K, capacity 658K, committed 768K, reserved 1048576K
Event: 2.223 GC heap after
Heap after GC invocations=14 (full 0):
 PSYoungGen      total 198656K, used 96K [0x000000076b800000, 0x000000078af80000, 0x00000007c0000000)
  eden space 198144K, 0% used [0x000000076b800000,0x000000076b800000,0x0000000777980000)
  from space 512K, 18% used [0x000000078af00000,0x000000078af18000,0x000000078af80000)
  to   space 2560K, 0% used [0x000000078aa80000,0x000000078aa80000,0x000000078ad00000)
 ParOldGen       total 173568K, used 1240K [0x00000006c2800000, 0x00000006cd180000, 0x000000076b800000)
  object space 173568K, 0% used [0x00000006c2800000,0x00000006c2936050,0x00000006cd180000)
 Metaspace       used 7967K, capacity 8486K, committed 8704K, reserved 1056768K
  class space    used 642K, capacity 658K, committed 768K, reserved 1048576K
}
Event: 2.418 GC heap before
{Heap before GC invocations=15 (full 0):
 PSYoungGen      total 198656K, used 198240K [0x000000076b800000, 0x000000078af80000, 0x00000007c0000000)
  eden space 198144K, 100% used [0x000000076b800000,0x0000000777980000,0x0000000777980000)
  from space 512K, 18% used [0x000000078af00000,0x000000078af18000,0x000000078af80000)
  to   space 2560K, 0% used [0x000000078aa80000,0x000000078aa80000,0x000000078ad00000)
 ParOldGen       total 173568K, used 1240K [0x00000006c2800000, 0x00000006cd180000, 0x000000076b800000)
  object space 173568K, 0% used [0x00000006c2800000,0x00000006c2936050,0x00000006cd180000)
 Metaspace       used 7967K, capacity 8486K, committed 8704K, reserved 1056768K
  class space    used 642K, capacity 658K, committed 768K, reserved 1048576K
Event: 2.418 GC heap after
Heap after GC invocations=15 (full 0):
 PSYoungGen      total 193536K, used 64K [0x000000076b800000, 0x000000078af80000, 0x00000007c0000000)
  eden space 190976K, 0% used [0x000000076b800000,0x000000076b800000,0x0000000777280000)
  from space 2560K, 2% used [0x000000078aa80000,0x000000078aa90000,0x000000078ad00000)
  to   space 2048K, 0% used [0x000000078ad80000,0x000000078ad80000,0x000000078af80000)
 ParOldGen       total 173568K, used 1240K [0x00000006c2800000, 0x00000006cd180000, 0x000000076b800000)
  object space 173568K, 0% used [0x00000006c2800000,0x00000006c2936050,0x00000006cd180000)
 Metaspace       used 7967K, capacity 8486K, committed 8704K, reserved 1056768K
  class space    used 642K, capacity 658K, committed 768K, reserved 1048576K
}
Event: 2.565 GC heap before
{Heap before GC invocations=16 (full 0):
 PSYoungGen      total 193536K, used 191040K [0x000000076b800000, 0x000000078af80000, 0x00000007c0000000)
  eden space 190976K, 100% used [0x000000076b800000,0x0000000777280000,0x0000000777280000)
  from space 2560K, 2% used [0x000000078aa80000,0x000000078aa90000,0x000000078ad00000)
  to   space 2048K, 0% used [0x000000078ad80000,0x000000078ad80000,0x000000078af80000)
 ParOldGen       total 173568K, used 1240K [0x00000006c2800000, 0x00000006cd180000, 0x000000076b800000)
  object space 173568K, 0% used [0x00000006c2800000,0x00000006c2936050,0x00000006cd180000)
 Metaspace       used 7967K, capacity 8486K, committed 8704K, reserved 1056768K
  class space    used 642K, capacity 658K, committed 768K, reserved 1048576K
Event: 2.565 GC heap after
Heap after GC invocations=16 (full 0):
 PSYoungGen      total 184832K, used 64K [0x000000076b800000, 0x000000078ae00000, 0x00000007c0000000)
  eden space 184320K, 0% used [0x000000076b800000,0x000000076b800000,0x0000000776c00000)
  from space 512K, 12% used [0x000000078ad80000,0x000000078ad90000,0x000000078ae00000)
  to   space 2048K, 0% used [0x000000078aa00000,0x000000078aa00000,0x000000078ac00000)
 ParOldGen       total 173568K, used 1240K [0x00000006c2800000, 0x00000006cd180000, 0x000000076b800000)
  object space 173568K, 0% used [0x00000006c2800000,0x00000006c2936050,0x00000006cd180000)
 Metaspace       used 7967K, capacity 8486K, committed 8704K, reserved 1056768K
  class space    used 642K, capacity 658K, committed 768K, reserved 1048576K
}
Event: 2.709 GC heap before
{Heap before GC invocations=17 (full 0):
 PSYoungGen      total 184832K, used 184384K [0x000000076b800000, 0x000000078ae00000, 0x00000007c0000000)
  eden space 184320K, 100% used [0x000000076b800000,0x0000000776c00000,0x0000000776c00000)
  from space 512K, 12% used [0x000000078ad80000,0x000000078ad90000,0x000000078ae00000)
  to   space 2048K, 0% used [0x000000078aa00000,0x000000078aa00000,0x000000078ac00000)
 ParOldGen       total 173568K, used 1240K [0x00000006c2800000, 0x00000006cd180000, 0x000000076b800000)
  object space 173568K, 0% used [0x00000006c2800000,0x00000006c2936050,0x00000006cd180000)
 Metaspace       used 7968K, capacity 8486K, committed 8704K, reserved 1056768K
  class space    used 642K, capacity 658K, committed 768K, reserved 1048576K
Event: 2.710 GC heap after
Heap after GC invocations=17 (full 0):
 PSYoungGen      total 179712K, used 64K [0x000000076b800000, 0x000000078ae00000, 0x00000007c0000000)
  eden space 177664K, 0% used [0x000000076b800000,0x000000076b800000,0x0000000776580000)
  from space 2048K, 3% used [0x000000078aa00000,0x000000078aa10000,0x000000078ac00000)
  to   space 2048K, 0% used [0x000000078ac00000,0x000000078ac00000,0x000000078ae00000)
 ParOldGen       total 173568K, used 1240K [0x00000006c2800000, 0x00000006cd180000, 0x000000076b800000)
  object space 173568K, 0% used [0x00000006c2800000,0x00000006c2936050,0x00000006cd180000)
 Metaspace       used 7968K, capacity 8486K, committed 8704K, reserved 1056768K
  class space    used 642K, capacity 658K, committed 768K, reserved 1048576K
}

Deoptimization events (10 events):
Event: 0.354 Thread 0x000000001e298000 Uncommon trap: reason=bimorphic action=maybe_recompile pc=0x0000000002773af4 method=java.util.HashMap.getNode(ILjava/lang/Object;)Ljava/util/HashMap$Node; @ 126
Event: 0.355 Thread 0x000000001e298000 Uncommon trap: reason=bimorphic action=maybe_recompile pc=0x0000000002773af4 method=java.util.HashMap.getNode(ILjava/lang/Object;)Ljava/util/HashMap$Node; @ 126
Event: 0.360 Thread 0x000000001e298000 Uncommon trap: reason=unstable_if action=reinterpret pc=0x000000000276b2d8 method=java.util.HashMap.keySet()Ljava/util/Set; @ 6
Event: 0.699 Thread 0x000000001e298000 Uncommon trap: reason=unstable_if action=reinterpret pc=0x0000000002771cc4 method=java.util.HashMap.clear()V @ 16
Event: 0.699 Thread 0x000000001e298000 Uncommon trap: reason=unstable_if action=reinterpret pc=0x0000000002770518 method=java.util.HashMap.clear()V @ 16
Event: 0.699 Thread 0x0000000000cbe000 Uncommon trap: reason=unstable_if action=reinterpret pc=0x00000000027a0f88 method=main.coreEngine.TickableThread.invoke(Ljava/lang/String;[Ljava/lang/Object;)V @ 53
Event: 0.699 Thread 0x000000001e298000 Uncommon trap: reason=unstable_if action=reinterpret pc=0x00000000027a4d18 method=java.util.HashMap.clear()V @ 16
Event: 0.699 Thread 0x000000001e299000 Uncommon trap: reason=unstable_if action=reinterpret pc=0x00000000027a4cf4 method=main.coreEngine.TickableThread.run()V @ 58
Event: 0.741 Thread 0x0000000000cbe000 Uncommon trap: reason=unstable_if action=reinterpret pc=0x00000000028973d0 method=main.coreEngine.Engine.start()V @ 163
Event: 0.808 Thread 0x000000001e299000 Uncommon trap: reason=unstable_if action=reinterpret pc=0x00000000028a84a8 method=main.coreEngine.TickableThread.run()V @ 461

Internal exceptions (8 events):
Event: 0.029 Thread 0x0000000000cbe000 Exception <a 'java/lang/NoSuchMethodError': Method sun.misc.Unsafe.defineClass(Ljava/lang/String;[BII)Ljava/lang/Class; name or signature does not match> (0x000000076b80d9b8) thrown at [C:\workspace\8-2-build-windows-amd64-cygwin\jdk8u65\4987\hotspot\src\s\öšî
Event: 0.029 Thread 0x0000000000cbe000 Exception <a 'java/lang/NoSuchMethodError': Method sun.misc.Unsafe.prefetchRead(Ljava/lang/Object;J)V name or signature does not match> (0x000000076b80dca0) thrown at [C:\workspace\8-2-build-windows-amd64-cygwin\jdk8u65\4987\hotspot\src\share\vm\prims\jni.'›ƒºgÃ?
Event: 0.152 Thread 0x000000001e298000 Exception <a 'java/lang/ArrayIndexOutOfBoundsException': -1> (0x000000076c96eed0) thrown at [C:\workspace\8-2-build-windows-amd64-cygwin\jdk8u65\4987\hotspot\src\share\vm\interpreter\interpreterRuntime.cpp, line 366]
Event: 0.355 Thread 0x000000001e298000 Exception <a 'java/security/PrivilegedActionException'> (0x000000076b826ac8) thrown at [C:\workspace\8-2-build-windows-amd64-cygwin\jdk8u65\4987\hotspot\src\share\vm\prims\jvm.cpp, line 1386]
Event: 0.355 Thread 0x000000001e298000 Exception <a 'java/security/PrivilegedActionException'> (0x000000076b826ec0) thrown at [C:\workspace\8-2-build-windows-amd64-cygwin\jdk8u65\4987\hotspot\src\share\vm\prims\jvm.cpp, line 1386]
Event: 0.356 Thread 0x000000001e298000 Exception <a 'java/security/PrivilegedActionException'> (0x000000076b82b0d8) thrown at [C:\workspace\8-2-build-windows-amd64-cygwin\jdk8u65\4987\hotspot\src\share\vm\prims\jvm.cpp, line 1386]
Event: 0.356 Thread 0x000000001e298000 Exception <a 'java/security/PrivilegedActionException'> (0x000000076b82b4d0) thrown at [C:\workspace\8-2-build-windows-amd64-cygwin\jdk8u65\4987\hotspot\src\share\vm\prims\jvm.cpp, line 1386]
Event: 0.699 Thread 0x0000000000cbe000 Implicit null exception at 0x00000000027a0988 to 0x00000000027a0f61

Events (10 events):
Event: 2.050 Executing VM operation: ParallelGCFailedAllocation
Event: 2.051 Executing VM operation: ParallelGCFailedAllocation done
Event: 2.222 Executing VM operation: ParallelGCFailedAllocation
Event: 2.223 Executing VM operation: ParallelGCFailedAllocation done
Event: 2.418 Executing VM operation: ParallelGCFailedAllocation
Event: 2.418 Executing VM operation: ParallelGCFailedAllocation done
Event: 2.565 Executing VM operation: ParallelGCFailedAllocation
Event: 2.565 Executing VM operation: ParallelGCFailedAllocation done
Event: 2.709 Executing VM operation: ParallelGCFailedAllocation
Event: 2.710 Executing VM operation: ParallelGCFailedAllocation done


Dynamic libraries:
0x00007ff7d2c20000 - 0x00007ff7d2c57000 	C:\Program Files\Java\jdk1.8.0_65\bin\java.exe
0x00007ffde4980000 - 0x00007ffde4b41000 	C:\WINDOWS\SYSTEM32\ntdll.dll
0x00007ffde42a0000 - 0x00007ffde434d000 	C:\WINDOWS\system32\KERNEL32.DLL
0x00007ffde19f0000 - 0x00007ffde1bd8000 	C:\WINDOWS\system32\KERNELBASE.dll
0x00007ffde1e70000 - 0x00007ffde1f17000 	C:\WINDOWS\system32\ADVAPI32.dll
0x00007ffde3800000 - 0x00007ffde389d000 	C:\WINDOWS\system32\msvcrt.dll
0x00007ffde1e10000 - 0x00007ffde1e6b000 	C:\WINDOWS\system32\sechost.dll
0x00007ffde3bd0000 - 0x00007ffde3cec000 	C:\WINDOWS\system32\RPCRT4.dll
0x00007ffde3fe0000 - 0x00007ffde4136000 	C:\WINDOWS\system32\USER32.dll
0x00007ffde3cf0000 - 0x00007ffde3e76000 	C:\WINDOWS\system32\GDI32.dll
0x00007ffddd690000 - 0x00007ffddd904000 	C:\WINDOWS\WinSxS\amd64_microsoft.windows.common-controls_6595b64144ccf1df_6.0.10586.0_none_8c15ae12515e1c22\COMCTL32.dll
0x00007ffde3950000 - 0x00007ffde3bcd000 	C:\WINDOWS\system32\combase.dll
0x00007ffde1cf0000 - 0x00007ffde1d5a000 	C:\WINDOWS\system32\bcryptPrimitives.dll
0x00007ffde1dc0000 - 0x00007ffde1dfb000 	C:\WINDOWS\system32\IMM32.DLL
0x0000000070c90000 - 0x0000000070d62000 	C:\Program Files\Java\jdk1.8.0_65\jre\bin\msvcr100.dll
0x0000000070400000 - 0x0000000070c89000 	C:\Program Files\Java\jdk1.8.0_65\jre\bin\server\jvm.dll
0x00007ffde4290000 - 0x00007ffde4298000 	C:\WINDOWS\system32\PSAPI.DLL
0x00007ffdd8550000 - 0x00007ffdd8559000 	C:\WINDOWS\SYSTEM32\WSOCK32.dll
0x00007ffddf730000 - 0x00007ffddf753000 	C:\WINDOWS\SYSTEM32\WINMM.dll
0x00007ffddd9c0000 - 0x00007ffddd9ca000 	C:\WINDOWS\SYSTEM32\VERSION.dll
0x00007ffde4470000 - 0x00007ffde44db000 	C:\WINDOWS\system32\WS2_32.dll
0x0000000002600000 - 0x000000000262c000 	C:\WINDOWS\SYSTEM32\WINMMBASE.dll
0x00007ffde1be0000 - 0x00007ffde1c23000 	C:\WINDOWS\system32\cfgmgr32.dll
0x00000000703f0000 - 0x00000000703ff000 	C:\Program Files\Java\jdk1.8.0_65\jre\bin\verify.dll
0x00000000703c0000 - 0x00000000703e9000 	C:\Program Files\Java\jdk1.8.0_65\jre\bin\java.dll
0x0000000070310000 - 0x0000000070345000 	C:\Program Files\Java\jdk1.8.0_65\jre\bin\jdwp.dll
0x00000000703b0000 - 0x00000000703b8000 	C:\Program Files\Java\jdk1.8.0_65\jre\bin\npt.dll
0x0000000070350000 - 0x0000000070366000 	C:\Program Files\Java\jdk1.8.0_65\jre\bin\zip.dll
0x00007ffde1f80000 - 0x00007ffde34dc000 	C:\WINDOWS\system32\SHELL32.dll
0x00007ffde11d0000 - 0x00007ffde1815000 	C:\WINDOWS\system32\windows.storage.dll
0x00007ffde36b0000 - 0x00007ffde3702000 	C:\WINDOWS\system32\shlwapi.dll
0x00007ffde0fb0000 - 0x00007ffde0fbf000 	C:\WINDOWS\system32\kernel.appcore.dll
0x00007ffde1c30000 - 0x00007ffde1ce5000 	C:\WINDOWS\system32\shcore.dll
0x00007ffde0fc0000 - 0x00007ffde100b000 	C:\WINDOWS\system32\powrprof.dll
0x00007ffde0f80000 - 0x00007ffde0f94000 	C:\WINDOWS\system32\profapi.dll
0x00000000702f0000 - 0x00000000702f9000 	C:\Program Files\Java\jdk1.8.0_65\jre\bin\dt_socket.dll
0x00007ffde08b0000 - 0x00007ffde090c000 	C:\WINDOWS\system32\mswsock.dll
0x00007ffdd46c0000 - 0x00007ffdd4748000 	D:\Code\Java\Projects\WireEngine20\lib\native\lwjgl.dll
0x00007ffde0a80000 - 0x00007ffde0a8b000 	C:\WINDOWS\SYSTEM32\CRYPTBASE.DLL
0x00007ffdd4190000 - 0x00007ffdd41d2000 	D:\Code\Java\Projects\WireEngine20\lib\native\jemalloc.dll
0x00007ffdd3df0000 - 0x00007ffdd3e28000 	D:\Code\Java\Projects\WireEngine20\lib\native\glfw.dll
0x00007ffddf850000 - 0x00007ffddf8e6000 	C:\WINDOWS\system32\uxtheme.dll
0x00007ffdde650000 - 0x00007ffdde672000 	C:\WINDOWS\SYSTEM32\dwmapi.dll
0x00007ffdc9d10000 - 0x00007ffdc9e39000 	C:\WINDOWS\SYSTEM32\opengl32.dll
0x00007ffdcc690000 - 0x00007ffdcc6be000 	C:\WINDOWS\SYSTEM32\GLU32.dll
0x00007ffdc8ba0000 - 0x00007ffdc8c9a000 	C:\WINDOWS\SYSTEM32\DDRAW.dll
0x00007ffdd3d80000 - 0x00007ffdd3d88000 	C:\WINDOWS\SYSTEM32\DCIMAN32.dll
0x00007ffde3e80000 - 0x00007ffde3fda000 	C:\WINDOWS\system32\MSCTF.dll
0x00007ffdc3f50000 - 0x00007ffdc3f99000 	C:\Program Files (x86)\TeamViewer\tv_x64.dll
0x00007ffde4140000 - 0x00007ffde4283000 	C:\WINDOWS\system32\ole32.dll
0x000000006e5a0000 - 0x00000000702e9000 	C:\WINDOWS\SYSTEM32\nvoglv64.DLL
0x00007ffde4550000 - 0x00007ffde4979000 	C:\WINDOWS\system32\SETUPAPI.dll
0x00007ffddf2f0000 - 0x00007ffddf303000 	C:\WINDOWS\SYSTEM32\WTSAPI32.dll
0x00007ffddf9a0000 - 0x00007ffddf9c7000 	C:\WINDOWS\SYSTEM32\DEVOBJ.dll
0x00007ffde1170000 - 0x00007ffde11c5000 	C:\WINDOWS\system32\WINTRUST.dll
0x00007ffde0fa0000 - 0x00007ffde0fb0000 	C:\WINDOWS\system32\MSASN1.dll
0x00007ffde1820000 - 0x00007ffde19e7000 	C:\WINDOWS\system32\CRYPT32.dll
0x00007ffde04d0000 - 0x00007ffde0501000 	C:\WINDOWS\SYSTEM32\ntmarta.dll
0x00007ffde0220000 - 0x00007ffde0276000 	C:\WINDOWS\SYSTEM32\WINSTA.dll
0x00007ffde38a0000 - 0x00007ffde3947000 	C:\WINDOWS\system32\clbcatq.dll
0x00007ffdb9de0000 - 0x00007ffdb9f6c000 	C:\WINDOWS\SYSTEM32\dbghelp.dll

VM Arguments:
jvm_args: -agentlib:jdwp=transport=dt_socket,address=127.0.0.1:61224,suspend=y,server=n -Djava.library.path=lib/native/ -Dfile.encoding=UTF-8 
java_command: main.Main
java_class_path (initial): C:\Program Files\Java\jdk1.8.0_65\jre\lib\charsets.jar;C:\Program Files\Java\jdk1.8.0_65\jre\lib\deploy.jar;C:\Program Files\Java\jdk1.8.0_65\jre\lib\ext\access-bridge-64.jar;C:\Program Files\Java\jdk1.8.0_65\jre\lib\ext\cldrdata.jar;C:\Program Files\Java\jdk1.8.0_65\jre\lib\ext\dnsns.jar;C:\Program Files\Java\jdk1.8.0_65\jre\lib\ext\jaccess.jar;C:\Program Files\Java\jdk1.8.0_65\jre\lib\ext\jfxrt.jar;C:\Program Files\Java\jdk1.8.0_65\jre\lib\ext\localedata.jar;C:\Program Files\Java\jdk1.8.0_65\jre\lib\ext\nashorn.jar;C:\Program Files\Java\jdk1.8.0_65\jre\lib\ext\sunec.jar;C:\Program Files\Java\jdk1.8.0_65\jre\lib\ext\sunjce_provider.jar;C:\Program Files\Java\jdk1.8.0_65\jre\lib\ext\sunmscapi.jar;C:\Program Files\Java\jdk1.8.0_65\jre\lib\ext\sunpkcs11.jar;C:\Program Files\Java\jdk1.8.0_65\jre\lib\ext\zipfs.jar;C:\Program Files\Java\jdk1.8.0_65\jre\lib\javaws.jar;C:\Program Files\Java\jdk1.8.0_65\jre\lib\jce.jar;C:\Program Files\Java\jdk1.8.0_65\jre\lib\jfr.jar;C:\Program Files\Java\jdk1.8.0_65\jre\lib\jfxswt.jar;C:\Program Files\Java\jdk1.8.0_65\jre\lib\jsse.jar;C:\Program Files\Java\jdk1.8.0_65\jre\lib\management-agent.jar;C:\Program Files\Java\jdk1.8.0_65\jre\lib\plugin.jar;C:\Program Files\Java\jdk1.8.0_65\jre\lib\resources.jar;C:\Program Files\Java\jdk1.8.0_65\jre\lib\rt.jar;D:\Code\Java\Projects\WireEngine20\out\production\WireEngine20;D:\Code\Java\Projects\WireEngine20\lib\jar\lwjgl.jar;D:\Program Files (x86)\JetBrains\IntelliJ IDEA 2016.1\lib\idea_rt.jar
Launcher Type: SUN_STANDARD

Environment Variables:
JAVA_HOME=C:\Program Files\Java\jdk1.8.0_65
PATH=C:\ProgramData\Oracle\Java\javapath;C:\Program Files (x86)\Razer Chroma SDK\bin;C:\Program Files\Razer Chroma SDK\bin;C:\Program Files (x86)\NVIDIA Corporation\PhysX\Common;C:\Program Files (x86)\Intel\iCLS Client\;C:\Program Files\Intel\iCLS Client\;C:\Windows\system32;C:\Windows;C:\Windows\System32\Wbem;C:\Windows\System32\WindowsPowerShell\v1.0\;C:\Program Files\Intel\Intel(R) Management Engine Components\DAL;C:\Program Files (x86)\Intel\Intel(R) Management Engine Components\DAL;C:\Program Files\Intel\Intel(R) Management Engine Components\IPT;C:\Program Files (x86)\Intel\Intel(R) Management Engine Components\IPT;C:\Program Files\Java\jre1.8.0_65\bin;C:\MinGW\bin;C:\WINDOWS\system32;C:\WINDOWS;C:\WINDOWS\System32\Wbem;C:\WINDOWS\System32\WindowsPowerShell\v1.0\;D:\Program Files (x86)\CMake\bin;D:\Program Files\Programs\Python\Python35-32;D:\Program Files\Programs\Python\Python35-32\Scripts;C:\Program Files (x86)\Skype\Phone\;D:\Program Files\Programs\Python\Python35-32\Scripts\;D:\Program Files\Programs\Python\Python35-32\
USERNAME=Kelan
OS=Windows_NT
PROCESSOR_IDENTIFIER=Intel64 Family 6 Model 60 Stepping 3, GenuineIntel



---------------  S Y S T E M  ---------------

OS: Windows 10.0 , 64 bit Build 10586 (10.0.10586.0)

CPU:total 8 (4 cores per cpu, 2 threads per core) family 6 model 60 stepping 3, cmov, cx8, fxsr, mmx, sse, sse2, sse3, ssse3, sse4.1, sse4.2, popcnt, avx, avx2, aes, clmul, erms, lzcnt, ht, tsc, tscinvbit, bmi1, bmi2

Memory: 4k page, physical 16609500k(5323044k free), swap 33386716k(19228136k free)

vm_info: Java HotSpot(TM) 64-Bit Server VM (25.65-b01) for windows-amd64 JRE (1.8.0_65-b17), built on Oct  6 2015 16:39:20 by "java_re" with MS VC++ 10.0 (VS2010)

time: Sat Apr 09 16:22:21 2016
elapsed time: 2 seconds (0d 0h 0m 2s)

