#
# A fatal error has been detected by the Java Runtime Environment:
#
#  EXCEPTION_ACCESS_VIOLATION (0xc0000005) at pc=0x00007ffd11dd24b9, pid=13276, tid=14024
#
# JRE version: Java(TM) SE Runtime Environment (8.0_65-b17) (build 1.8.0_65-b17)
# Java VM: Java HotSpot(TM) 64-Bit Server VM (25.65-b01 mixed mode windows-amd64 compressed oops)
# Problematic frame:
# C  [glfw.dll+0x24b9]
#
# Failed to write core dump. Minidumps are not enabled by default on client versions of Windows
#
# If you would like to submit a bug report, please visit:
#   http://bugreport.java.com/bugreport/crash.jsp
# The crash happened outside the Java Virtual Machine in native code.
# See problematic frame for where to report the bug.
#

---------------  T H R E A D  ---------------

Current thread (0x000000001e27b800):  JavaThread "CLIENT" [_thread_in_native, id=14024, stack(0x000000001ef80000,0x000000001f080000)]

siginfo: ExceptionCode=0xc0000005, reading address 0x0000000000000000

Registers:
RAX=0x0000000000000000, RBX=0x000000001ba3ff50, RCX=0x0000000000000000, RDX=0x0000000000000000
RSP=0x000000001f07eec0, RBP=0x000000001f07ef78, RSI=0x0000000000000108, RDI=0x000000000076e4c0
R8 =0x000000001f07eeb8, R9 =0x000000001f07ef78, R10=0x0000000000000000, R11=0x0000000000000246
R12=0x0000000000000000, R13=0x000000001ba3ff50, R14=0x000000001f07efb0, R15=0x000000001e27b800
RIP=0x00007ffd11dd24b9, EFLAGS=0x0000000000010283

Top of Stack: (sp=0x000000001f07eec0)
0x000000001f07eec0:   000000001e27b800 000000001e27b800
0x000000001f07eed0:   000000001e27b800 000000001e27b800
0x000000001f07eee0:   00000000000007f0 000000000263dfcc
0x000000001f07eef0:   000000001ba3ff50 000000005a975005
0x000000001f07ef00:   000000001b9e5d98 000000001bfc1820
0x000000001f07ef10:   000000000000000e 000000001e27b800
0x000000001f07ef20:   000000001ba5e710 000000005a88aea4
0x000000001f07ef30:   000000001e27b800 000000001f07ef38
0x000000001f07ef40:   0000000000000000 000000001f07efb0
0x000000001f07ef50:   000000001ba406f0 0000000000000000
0x000000001f07ef60:   000000001ba3ff50 0000000000000000
0x000000001f07ef70:   000000001f07ef98 000000001f07eff8
0x000000001f07ef80:   0000000002627d8d 00000006c28080b0
0x000000001f07ef90:   00000000026342f8 000000000076e4c0
0x000000001f07efa0:   00000000026278a0 00007ffd11dd2420
0x000000001f07efb0:   0000000000000001 000000001f07efb8 

Instructions: (pc=0x00007ffd11dd24b9)
0x00007ffd11dd2499:   48 8b cf e8 1f 3a 00 00 48 39 3d f0 d5 02 00 48
0x00007ffd11dd24a9:   8d 0d e9 d5 02 00 48 8b 5c 24 30 74 08 48 8b 09
0x00007ffd11dd24b9:   48 39 39 75 f8 48 8b 07 48 89 01 48 8b cf 48 83
0x00007ffd11dd24c9:   c4 20 5f e9 5b fe 00 00 48 83 c4 20 5f c3 cc cc 


Register to memory mapping:

RAX=0x0000000000000000 is an unknown value
RBX={method} {0x000000001ba3ff58} 'invokePV' '(JJ)V' in 'org/lwjgl/system/JNI'
RCX=0x0000000000000000 is an unknown value
RDX=0x0000000000000000 is an unknown value
RSP=0x000000001f07eec0 is pointing into the stack for thread: 0x000000001e27b800
RBP=0x000000001f07ef78 is pointing into the stack for thread: 0x000000001e27b800
RSI=0x0000000000000108 is an unknown value
RDI=0x000000000076e4c0 is an unknown value
R8 =0x000000001f07eeb8 is pointing into the stack for thread: 0x000000001e27b800
R9 =0x000000001f07ef78 is pointing into the stack for thread: 0x000000001e27b800
R10=0x0000000000000000 is an unknown value
R11=0x0000000000000246 is an unknown value
R12=0x0000000000000000 is an unknown value
R13={method} {0x000000001ba3ff58} 'invokePV' '(JJ)V' in 'org/lwjgl/system/JNI'
R14=0x000000001f07efb0 is pointing into the stack for thread: 0x000000001e27b800
R15=0x000000001e27b800 is a thread


Stack: [0x000000001ef80000,0x000000001f080000],  sp=0x000000001f07eec0,  free space=1019k
Native frames: (J=compiled Java code, j=interpreted, Vv=VM code, C=native code)
C  [glfw.dll+0x24b9]
C  0x000000000263dfcc

Java frames: (J=compiled Java code, j=interpreted, Vv=VM code)
j  org.lwjgl.system.JNI.invokePV(JJ)V+0
j  org.lwjgl.glfw.GLFW.glfwDestroyCursor(J)V+20
j  main.client.Window.destroyWindow()V+9
j  main.coreEngine.Engine.stop()V+70
j  main.client.Window.update()V+33
j  main.client.renderEngine.RenderEngine.render()V+38
j  main.client.ClientThread.tick()V+12
j  main.coreEngine.TickableThread.run()V+469
v  ~StubRoutines::call_stub

---------------  P R O C E S S  ---------------

Java Threads: ( => current thread )
  0x000000001e27c800 JavaThread "SERVER" [_thread_in_Java, id=13916, stack(0x000000001f080000,0x000000001f180000)]
=>0x000000001e27b800 JavaThread "CLIENT" [_thread_in_native, id=14024, stack(0x000000001ef80000,0x000000001f080000)]
  0x000000001e178000 JavaThread "Service Thread" daemon [_thread_blocked, id=7480, stack(0x000000001ed80000,0x000000001ee80000)]
  0x000000001e0e2800 JavaThread "C1 CompilerThread3" daemon [_thread_blocked, id=5620, stack(0x000000001ec80000,0x000000001ed80000)]
  0x000000001e0d4000 JavaThread "C2 CompilerThread2" daemon [_thread_blocked, id=13444, stack(0x000000001eb80000,0x000000001ec80000)]
  0x000000001e0d3800 JavaThread "C2 CompilerThread1" daemon [_thread_blocked, id=10636, stack(0x000000001ea80000,0x000000001eb80000)]
  0x000000001e0dd800 JavaThread "C2 CompilerThread0" daemon [_thread_blocked, id=7688, stack(0x000000001e980000,0x000000001ea80000)]
  0x000000001e0c3800 JavaThread "JDWP Command Reader" daemon [_thread_in_native, id=13804, stack(0x000000001e880000,0x000000001e980000)]
  0x000000001e0c0000 JavaThread "JDWP Event Helper Thread" daemon [_thread_blocked, id=13476, stack(0x000000001e780000,0x000000001e880000)]
  0x000000001bfce000 JavaThread "JDWP Transport Listener: dt_socket" daemon [_thread_blocked, id=14208, stack(0x000000001e680000,0x000000001e780000)]
  0x000000001e0af800 JavaThread "Attach Listener" daemon [_thread_blocked, id=10360, stack(0x000000001e580000,0x000000001e680000)]
  0x000000001e0ae800 JavaThread "Signal Dispatcher" daemon [_thread_blocked, id=12864, stack(0x000000001e480000,0x000000001e580000)]
  0x000000000261b000 JavaThread "Finalizer" daemon [_thread_blocked, id=4104, stack(0x000000001dea0000,0x000000001dfa0000)]
  0x0000000002614000 JavaThread "Reference Handler" daemon [_thread_blocked, id=13208, stack(0x000000001dda0000,0x000000001dea0000)]
  0x000000000251e000 JavaThread "main" [_thread_in_Java, id=14320, stack(0x0000000002320000,0x0000000002420000)]

Other Threads:
  0x000000001bfb9800 VMThread [stack: 0x000000001dca0000,0x000000001dda0000] [id=4260]
  0x000000001e181800 WatcherThread [stack: 0x000000001ee80000,0x000000001ef80000] [id=4836]

VM state:not at safepoint (normal execution)

VM Mutex/Monitor currently owned by a thread: None

Heap:
 PSYoungGen      total 185856K, used 62827K [0x000000076b800000, 0x000000077b180000, 0x00000007c0000000)
  eden space 183808K, 34% used [0x000000076b800000,0x000000076f522d90,0x0000000776b80000)
  from space 2048K, 10% used [0x000000077ad80000,0x000000077adb8000,0x000000077af80000)
  to   space 2048K, 0% used [0x000000077af80000,0x000000077af80000,0x000000077b180000)
 ParOldGen       total 173568K, used 1335K [0x00000006c2800000, 0x00000006cd180000, 0x000000076b800000)
  object space 173568K, 0% used [0x00000006c2800000,0x00000006c294dc90,0x00000006cd180000)
 Metaspace       used 8128K, capacity 8646K, committed 8960K, reserved 1056768K
  class space    used 650K, capacity 690K, committed 768K, reserved 1048576K

Card table byte_map: [0x00000000119e0000,0x00000000121d0000] byte_map_base: 0x000000000e3cc000

Marking Bits: (ParMarkBitMap*) 0x000000005af6a5b0
 Begin Bits: [0x0000000012f20000, 0x0000000016e80000)
 End Bits:   [0x0000000016e80000, 0x000000001ade0000)

Polling page: 0x00000000006f0000

CodeCache: size=245760Kb used=2728Kb max_used=2728Kb free=243032Kb
 bounds [0x0000000002620000, 0x00000000028d0000, 0x0000000011620000]
 total_blobs=1206 nmethods=557 adapters=570
 compilation: enabled

Compilation events (10 events):
Event: 2.188 Thread 0x000000001e0e2800  554       3       main.coreEngine.sceneGraph.Node::input (75 bytes)
Event: 2.189 Thread 0x000000001e0e2800 nmethod 554 0x00000000028c9390 code [0x00000000028c95a0, 0x00000000028ca038]
Event: 2.339 Thread 0x000000001e0e2800  555       3       org.lwjgl.opengl.GL20::glDisableVertexAttribArray (13 bytes)
Event: 2.339 Thread 0x000000001e0e2800 nmethod 555 0x00000000028ca390 code [0x00000000028ca580, 0x00000000028cac78]
Event: 2.355 Thread 0x000000001e0e2800  556       3       main.coreEngine.util.maths.Vector2f::sub (54 bytes)
Event: 2.355 Thread 0x000000001e0e2800 nmethod 556 0x00000000028cb110 code [0x00000000028cb2a0, 0x00000000028cb6d0]
Event: 2.355 Thread 0x000000001e0e2800  557       3       main.coreEngine.util.maths.Vector3f::add (72 bytes)
Event: 2.355 Thread 0x000000001e0e2800 nmethod 557 0x00000000028cb990 code [0x00000000028cbb20, 0x00000000028cbf70]
Event: 2.438 Thread 0x000000001e0e2800  558       3       main.client.InputHandler::resetKeyboard (25 bytes)
Event: 2.438 Thread 0x000000001e0e2800 nmethod 558 0x00000000028cc250 code [0x00000000028cc3c0, 0x00000000028cc5d0]

GC Heap History (10 events):
Event: 1.789 GC heap before
{Heap before GC invocations=13 (full 0):
 PSYoungGen      total 221696K, used 221376K [0x000000076b800000, 0x000000077b480000, 0x00000007c0000000)
  eden space 221184K, 100% used [0x000000076b800000,0x0000000779000000,0x0000000779000000)
  from space 512K, 37% used [0x000000077b400000,0x000000077b430000,0x000000077b480000)
  to   space 2048K, 0% used [0x000000077b080000,0x000000077b080000,0x000000077b280000)
 ParOldGen       total 173568K, used 1311K [0x00000006c2800000, 0x00000006cd180000, 0x000000076b800000)
  object space 173568K, 0% used [0x00000006c2800000,0x00000006c2947c90,0x00000006cd180000)
 Metaspace       used 8108K, capacity 8646K, committed 8960K, reserved 1056768K
  class space    used 650K, capacity 690K, committed 768K, reserved 1048576K
Event: 1.789 GC heap after
Heap after GC invocations=13 (full 0):
 PSYoungGen      total 215040K, used 192K [0x000000076b800000, 0x000000077b480000, 0x00000007c0000000)
  eden space 212992K, 0% used [0x000000076b800000,0x000000076b800000,0x0000000778800000)
  from space 2048K, 9% used [0x000000077b080000,0x000000077b0b0000,0x000000077b280000)
  to   space 2048K, 0% used [0x000000077b280000,0x000000077b280000,0x000000077b480000)
 ParOldGen       total 173568K, used 1311K [0x00000006c2800000, 0x00000006cd180000, 0x000000076b800000)
  object space 173568K, 0% used [0x00000006c2800000,0x00000006c2947c90,0x00000006cd180000)
 Metaspace       used 8108K, capacity 8646K, committed 8960K, reserved 1056768K
  class space    used 650K, capacity 690K, committed 768K, reserved 1048576K
}
Event: 1.957 GC heap before
{Heap before GC invocations=14 (full 0):
 PSYoungGen      total 215040K, used 213184K [0x000000076b800000, 0x000000077b480000, 0x00000007c0000000)
  eden space 212992K, 100% used [0x000000076b800000,0x0000000778800000,0x0000000778800000)
  from space 2048K, 9% used [0x000000077b080000,0x000000077b0b0000,0x000000077b280000)
  to   space 2048K, 0% used [0x000000077b280000,0x000000077b280000,0x000000077b480000)
 ParOldGen       total 173568K, used 1311K [0x00000006c2800000, 0x00000006cd180000, 0x000000076b800000)
  object space 173568K, 0% used [0x00000006c2800000,0x00000006c2947c90,0x00000006cd180000)
 Metaspace       used 8123K, capacity 8646K, committed 8960K, reserved 1056768K
  class space    used 650K, capacity 690K, committed 768K, reserved 1048576K
Event: 1.958 GC heap after
Heap after GC invocations=14 (full 0):
 PSYoungGen      total 205824K, used 192K [0x000000076b800000, 0x000000077b300000, 0x00000007c0000000)
  eden space 205312K, 0% used [0x000000076b800000,0x000000076b800000,0x0000000778080000)
  from space 512K, 37% used [0x000000077b280000,0x000000077b2b0000,0x000000077b300000)
  to   space 2048K, 0% used [0x000000077af00000,0x000000077af00000,0x000000077b100000)
 ParOldGen       total 173568K, used 1319K [0x00000006c2800000, 0x00000006cd180000, 0x000000076b800000)
  object space 173568K, 0% used [0x00000006c2800000,0x00000006c2949c90,0x00000006cd180000)
 Metaspace       used 8123K, capacity 8646K, committed 8960K, reserved 1056768K
  class space    used 650K, capacity 690K, committed 768K, reserved 1048576K
}
Event: 2.111 GC heap before
{Heap before GC invocations=15 (full 0):
 PSYoungGen      total 205824K, used 205504K [0x000000076b800000, 0x000000077b300000, 0x00000007c0000000)
  eden space 205312K, 100% used [0x000000076b800000,0x0000000778080000,0x0000000778080000)
  from space 512K, 37% used [0x000000077b280000,0x000000077b2b0000,0x000000077b300000)
  to   space 2048K, 0% used [0x000000077af00000,0x000000077af00000,0x000000077b100000)
 ParOldGen       total 173568K, used 1319K [0x00000006c2800000, 0x00000006cd180000, 0x000000076b800000)
  object space 173568K, 0% used [0x00000006c2800000,0x00000006c2949c90,0x00000006cd180000)
 Metaspace       used 8123K, capacity 8646K, committed 8960K, reserved 1056768K
  class space    used 650K, capacity 690K, committed 768K, reserved 1048576K
Event: 2.111 GC heap after
Heap after GC invocations=15 (full 0):
 PSYoungGen      total 199680K, used 192K [0x000000076b800000, 0x000000077b300000, 0x00000007c0000000)
  eden space 197632K, 0% used [0x000000076b800000,0x000000076b800000,0x0000000777900000)
  from space 2048K, 9% used [0x000000077af00000,0x000000077af30000,0x000000077b100000)
  to   space 2048K, 0% used [0x000000077b100000,0x000000077b100000,0x000000077b300000)
 ParOldGen       total 173568K, used 1335K [0x00000006c2800000, 0x00000006cd180000, 0x000000076b800000)
  object space 173568K, 0% used [0x00000006c2800000,0x00000006c294dc90,0x00000006cd180000)
 Metaspace       used 8123K, capacity 8646K, committed 8960K, reserved 1056768K
  class space    used 650K, capacity 690K, committed 768K, reserved 1048576K
}
Event: 2.258 GC heap before
{Heap before GC invocations=16 (full 0):
 PSYoungGen      total 199680K, used 197824K [0x000000076b800000, 0x000000077b300000, 0x00000007c0000000)
  eden space 197632K, 100% used [0x000000076b800000,0x0000000777900000,0x0000000777900000)
  from space 2048K, 9% used [0x000000077af00000,0x000000077af30000,0x000000077b100000)
  to   space 2048K, 0% used [0x000000077b100000,0x000000077b100000,0x000000077b300000)
 ParOldGen       total 173568K, used 1335K [0x00000006c2800000, 0x00000006cd180000, 0x000000076b800000)
  object space 173568K, 0% used [0x00000006c2800000,0x00000006c294dc90,0x00000006cd180000)
 Metaspace       used 8126K, capacity 8646K, committed 8960K, reserved 1056768K
  class space    used 650K, capacity 690K, committed 768K, reserved 1048576K
Event: 2.258 GC heap after
Heap after GC invocations=16 (full 0):
 PSYoungGen      total 190976K, used 256K [0x000000076b800000, 0x000000077b180000, 0x00000007c0000000)
  eden space 190464K, 0% used [0x000000076b800000,0x000000076b800000,0x0000000777200000)
  from space 512K, 50% used [0x000000077b100000,0x000000077b140000,0x000000077b180000)
  to   space 2048K, 0% used [0x000000077ad80000,0x000000077ad80000,0x000000077af80000)
 ParOldGen       total 173568K, used 1335K [0x00000006c2800000, 0x00000006cd180000, 0x000000076b800000)
  object space 173568K, 0% used [0x00000006c2800000,0x00000006c294dc90,0x00000006cd180000)
 Metaspace       used 8126K, capacity 8646K, committed 8960K, reserved 1056768K
  class space    used 650K, capacity 690K, committed 768K, reserved 1048576K
}
Event: 2.436 GC heap before
{Heap before GC invocations=17 (full 0):
 PSYoungGen      total 190976K, used 190720K [0x000000076b800000, 0x000000077b180000, 0x00000007c0000000)
  eden space 190464K, 100% used [0x000000076b800000,0x0000000777200000,0x0000000777200000)
  from space 512K, 50% used [0x000000077b100000,0x000000077b140000,0x000000077b180000)
  to   space 2048K, 0% used [0x000000077ad80000,0x000000077ad80000,0x000000077af80000)
 ParOldGen       total 173568K, used 1335K [0x00000006c2800000, 0x00000006cd180000, 0x000000076b800000)
  object space 173568K, 0% used [0x00000006c2800000,0x00000006c294dc90,0x00000006cd180000)
 Metaspace       used 8127K, capacity 8646K, committed 8960K, reserved 1056768K
  class space    used 650K, capacity 690K, committed 768K, reserved 1048576K
Event: 2.436 GC heap after
Heap after GC invocations=17 (full 0):
 PSYoungGen      total 185856K, used 224K [0x000000076b800000, 0x000000077b180000, 0x00000007c0000000)
  eden space 183808K, 0% used [0x000000076b800000,0x000000076b800000,0x0000000776b80000)
  from space 2048K, 10% used [0x000000077ad80000,0x000000077adb8000,0x000000077af80000)
  to   space 2048K, 0% used [0x000000077af80000,0x000000077af80000,0x000000077b180000)
 ParOldGen       total 173568K, used 1335K [0x00000006c2800000, 0x00000006cd180000, 0x000000076b800000)
  object space 173568K, 0% used [0x00000006c2800000,0x00000006c294dc90,0x00000006cd180000)
 Metaspace       used 8127K, capacity 8646K, committed 8960K, reserved 1056768K
  class space    used 650K, capacity 690K, committed 768K, reserved 1048576K
}

Deoptimization events (10 events):
Event: 0.142 Thread 0x000000001e27b800 Uncommon trap: reason=bimorphic action=maybe_recompile pc=0x0000000002773580 method=java.util.HashMap.getNode(ILjava/lang/Object;)Ljava/util/HashMap$Node; @ 126
Event: 0.420 Thread 0x000000001e27b800 Uncommon trap: reason=unstable_if action=reinterpret pc=0x0000000002774380 method=java.util.HashMap.containsKey(Ljava/lang/Object;)Z @ 9
Event: 0.420 Thread 0x000000001e27b800 Uncommon trap: reason=bimorphic action=maybe_recompile pc=0x0000000002773580 method=java.util.HashMap.getNode(ILjava/lang/Object;)Ljava/util/HashMap$Node; @ 126
Event: 0.421 Thread 0x000000001e27b800 Uncommon trap: reason=bimorphic action=maybe_recompile pc=0x0000000002773580 method=java.util.HashMap.getNode(ILjava/lang/Object;)Ljava/util/HashMap$Node; @ 126
Event: 0.427 Thread 0x000000001e27b800 Uncommon trap: reason=unstable_if action=reinterpret pc=0x0000000002765d98 method=java.util.HashMap.keySet()Ljava/util/Set; @ 6
Event: 0.726 Thread 0x000000001e27b800 Uncommon trap: reason=unstable_if action=reinterpret pc=0x0000000002764c44 method=java.util.HashMap.clear()V @ 16
Event: 0.726 Thread 0x000000001e27b800 Uncommon trap: reason=unstable_if action=reinterpret pc=0x0000000002765b58 method=java.util.HashMap.clear()V @ 16
Event: 0.726 Thread 0x000000000251e000 Uncommon trap: reason=unstable_if action=reinterpret pc=0x000000000278766c method=main.coreEngine.TickableThread.invoke(Ljava/lang/String;[Ljava/lang/Object;)V @ 53
Event: 0.726 Thread 0x000000001e27c800 Uncommon trap: reason=unstable_if action=reinterpret pc=0x00000000027c6ff4 method=main.coreEngine.TickableThread.run()V @ 58
Event: 0.832 Thread 0x000000001e27c800 Uncommon trap: reason=unstable_if action=reinterpret pc=0x000000000288dc74 method=main.coreEngine.TickableThread.run()V @ 461

Internal exceptions (8 events):
Event: 0.022 Thread 0x000000000251e000 Exception <a 'java/lang/NoSuchMethodError': Method sun.misc.Unsafe.defineClass(Ljava/lang/String;[BII)Ljava/lang/Class; name or signature does not match> (0x000000076b80d8f8) thrown at [C:\workspace\8-2-build-windows-amd64-cygwin\jdk8u65\4987\hotspot\src\sšCÝ­—?
Event: 0.023 Thread 0x000000000251e000 Exception <a 'java/lang/NoSuchMethodError': Method sun.misc.Unsafe.prefetchRead(Ljava/lang/Object;J)V name or signature does not match> (0x000000076b80dbe0) thrown at [C:\workspace\8-2-build-windows-amd64-cygwin\jdk8u65\4987\hotspot\src\share\vm\prims\jni.Ý- ÌÚÚ?
Event: 0.420 Thread 0x000000001e27b800 Implicit null exception at 0x000000000277400f to 0x0000000002774371
Event: 0.420 Thread 0x000000001e27b800 Exception <a 'java/security/PrivilegedActionException'> (0x000000076b94f830) thrown at [C:\workspace\8-2-build-windows-amd64-cygwin\jdk8u65\4987\hotspot\src\share\vm\prims\jvm.cpp, line 1386]
Event: 0.420 Thread 0x000000001e27b800 Exception <a 'java/security/PrivilegedActionException'> (0x000000076b94fc28) thrown at [C:\workspace\8-2-build-windows-amd64-cygwin\jdk8u65\4987\hotspot\src\share\vm\prims\jvm.cpp, line 1386]
Event: 0.421 Thread 0x000000001e27b800 Exception <a 'java/security/PrivilegedActionException'> (0x000000076b953e40) thrown at [C:\workspace\8-2-build-windows-amd64-cygwin\jdk8u65\4987\hotspot\src\share\vm\prims\jvm.cpp, line 1386]
Event: 0.421 Thread 0x000000001e27b800 Exception <a 'java/security/PrivilegedActionException'> (0x000000076b954238) thrown at [C:\workspace\8-2-build-windows-amd64-cygwin\jdk8u65\4987\hotspot\src\share\vm\prims\jvm.cpp, line 1386]
Event: 0.726 Thread 0x000000000251e000 Implicit null exception at 0x0000000002787084 to 0x0000000002787645

Events (10 events):
Event: 1.789 Executing VM operation: ParallelGCFailedAllocation
Event: 1.789 Executing VM operation: ParallelGCFailedAllocation done
Event: 1.957 Executing VM operation: ParallelGCFailedAllocation
Event: 1.958 Executing VM operation: ParallelGCFailedAllocation done
Event: 2.111 Executing VM operation: ParallelGCFailedAllocation
Event: 2.111 Executing VM operation: ParallelGCFailedAllocation done
Event: 2.258 Executing VM operation: ParallelGCFailedAllocation
Event: 2.258 Executing VM operation: ParallelGCFailedAllocation done
Event: 2.436 Executing VM operation: ParallelGCFailedAllocation
Event: 2.436 Executing VM operation: ParallelGCFailedAllocation done


Dynamic libraries:
0x00007ff75d350000 - 0x00007ff75d387000 	C:\Program Files\Java\jdk1.8.0_65\bin\java.exe
0x00007ffd2b8f0000 - 0x00007ffd2bab1000 	C:\WINDOWS\SYSTEM32\ntdll.dll
0x00007ffd29160000 - 0x00007ffd2920d000 	C:\WINDOWS\system32\KERNEL32.DLL
0x00007ffd28890000 - 0x00007ffd28a78000 	C:\WINDOWS\system32\KERNELBASE.dll
0x00007ffd296a0000 - 0x00007ffd29747000 	C:\WINDOWS\system32\ADVAPI32.dll
0x00007ffd29430000 - 0x00007ffd294cd000 	C:\WINDOWS\system32\msvcrt.dll
0x00007ffd29510000 - 0x00007ffd2956b000 	C:\WINDOWS\system32\sechost.dll
0x00007ffd29580000 - 0x00007ffd2969c000 	C:\WINDOWS\system32\RPCRT4.dll
0x00007ffd28e50000 - 0x00007ffd28fa6000 	C:\WINDOWS\system32\USER32.dll
0x00007ffd299d0000 - 0x00007ffd29b56000 	C:\WINDOWS\system32\GDI32.dll
0x00007ffd24690000 - 0x00007ffd24904000 	C:\WINDOWS\WinSxS\amd64_microsoft.windows.common-controls_6595b64144ccf1df_6.0.10586.0_none_8c15ae12515e1c22\COMCTL32.dll
0x00007ffd29750000 - 0x00007ffd299cd000 	C:\WINDOWS\system32\combase.dll
0x00007ffd27f80000 - 0x00007ffd27fea000 	C:\WINDOWS\system32\bcryptPrimitives.dll
0x00007ffd294d0000 - 0x00007ffd2950b000 	C:\WINDOWS\system32\IMM32.DLL
0x000000005b5d0000 - 0x000000005b6a2000 	C:\Program Files\Java\jdk1.8.0_65\jre\bin\msvcr100.dll
0x000000005a760000 - 0x000000005afe9000 	C:\Program Files\Java\jdk1.8.0_65\jre\bin\server\jvm.dll
0x00007ffd29b60000 - 0x00007ffd29b68000 	C:\WINDOWS\system32\PSAPI.DLL
0x00007ffd26170000 - 0x00007ffd26193000 	C:\WINDOWS\SYSTEM32\WINMM.dll
0x00007ffd1e6b0000 - 0x00007ffd1e6b9000 	C:\WINDOWS\SYSTEM32\WSOCK32.dll
0x00007ffd249f0000 - 0x00007ffd249fa000 	C:\WINDOWS\SYSTEM32\VERSION.dll
0x00007ffd29cd0000 - 0x00007ffd29d3b000 	C:\WINDOWS\system32\WS2_32.dll
0x00007ffd26110000 - 0x00007ffd2613c000 	C:\WINDOWS\SYSTEM32\WINMMBASE.dll
0x00007ffd28a80000 - 0x00007ffd28ac3000 	C:\WINDOWS\system32\cfgmgr32.dll
0x000000005b5c0000 - 0x000000005b5cf000 	C:\Program Files\Java\jdk1.8.0_65\jre\bin\verify.dll
0x000000005b590000 - 0x000000005b5b9000 	C:\Program Files\Java\jdk1.8.0_65\jre\bin\java.dll
0x000000005b4e0000 - 0x000000005b515000 	C:\Program Files\Java\jdk1.8.0_65\jre\bin\jdwp.dll
0x000000005b580000 - 0x000000005b588000 	C:\Program Files\Java\jdk1.8.0_65\jre\bin\npt.dll
0x000000005b520000 - 0x000000005b536000 	C:\Program Files\Java\jdk1.8.0_65\jre\bin\zip.dll
0x00007ffd2a2c0000 - 0x00007ffd2b81c000 	C:\WINDOWS\system32\SHELL32.dll
0x00007ffd28070000 - 0x00007ffd286b5000 	C:\WINDOWS\system32\windows.storage.dll
0x00007ffd2a250000 - 0x00007ffd2a2a2000 	C:\WINDOWS\system32\shlwapi.dll
0x00007ffd27f70000 - 0x00007ffd27f7f000 	C:\WINDOWS\system32\kernel.appcore.dll
0x00007ffd28c10000 - 0x00007ffd28cc5000 	C:\WINDOWS\system32\shcore.dll
0x00007ffd27ef0000 - 0x00007ffd27f3b000 	C:\WINDOWS\system32\powrprof.dll
0x00007ffd27f40000 - 0x00007ffd27f54000 	C:\WINDOWS\system32\profapi.dll
0x000000005b570000 - 0x000000005b579000 	C:\Program Files\Java\jdk1.8.0_65\jre\bin\dt_socket.dll
0x00007ffd27820000 - 0x00007ffd2787c000 	C:\WINDOWS\system32\mswsock.dll
0x00007ffd0dd80000 - 0x00007ffd0de08000 	D:\Code\Java\Projects\WireEngine20\lib\native\lwjgl.dll
0x00007ffd279f0000 - 0x00007ffd279fb000 	C:\WINDOWS\SYSTEM32\CRYPTBASE.DLL
0x00007ffd0f000000 - 0x00007ffd0f042000 	D:\Code\Java\Projects\WireEngine20\lib\native\jemalloc.dll
0x00007ffd11dd0000 - 0x00007ffd11e08000 	D:\Code\Java\Projects\WireEngine20\lib\native\glfw.dll
0x00007ffd26870000 - 0x00007ffd26906000 	C:\WINDOWS\system32\uxtheme.dll
0x00007ffd25f20000 - 0x00007ffd25f42000 	C:\WINDOWS\SYSTEM32\dwmapi.dll
0x00007ffd18b80000 - 0x00007ffd18ca9000 	C:\WINDOWS\SYSTEM32\opengl32.dll
0x00007ffd1c880000 - 0x00007ffd1c8ae000 	C:\WINDOWS\SYSTEM32\GLU32.dll
0x00007ffd18a80000 - 0x00007ffd18b7a000 	C:\WINDOWS\SYSTEM32\DDRAW.dll
0x00007ffd1d2d0000 - 0x00007ffd1d2d8000 	C:\WINDOWS\SYSTEM32\DCIMAN32.dll
0x00007ffd29b70000 - 0x00007ffd29cca000 	C:\WINDOWS\system32\MSCTF.dll
0x00007ffd15240000 - 0x00007ffd15289000 	C:\Program Files (x86)\TeamViewer\tv_x64.dll
0x00007ffd29210000 - 0x00007ffd29353000 	C:\WINDOWS\system32\ole32.dll
0x0000000058a10000 - 0x000000005a759000 	C:\WINDOWS\SYSTEM32\nvoglv64.DLL
0x00007ffd29d60000 - 0x00007ffd2a189000 	C:\WINDOWS\system32\SETUPAPI.dll
0x00007ffd25f70000 - 0x00007ffd25f83000 	C:\WINDOWS\SYSTEM32\WTSAPI32.dll
0x00007ffd269c0000 - 0x00007ffd269e7000 	C:\WINDOWS\SYSTEM32\DEVOBJ.dll
0x00007ffd27ff0000 - 0x00007ffd28045000 	C:\WINDOWS\system32\WINTRUST.dll
0x00007ffd27f60000 - 0x00007ffd27f70000 	C:\WINDOWS\system32\MSASN1.dll
0x00007ffd286c0000 - 0x00007ffd28887000 	C:\WINDOWS\system32\CRYPT32.dll
0x00007ffd27440000 - 0x00007ffd27471000 	C:\WINDOWS\SYSTEM32\ntmarta.dll
0x00007ffd27190000 - 0x00007ffd271e6000 	C:\WINDOWS\SYSTEM32\WINSTA.dll
0x00007ffd2b840000 - 0x00007ffd2b8e7000 	C:\WINDOWS\system32\clbcatq.dll
0x00007ffd231a0000 - 0x00007ffd231c5000 	C:\Program Files (x86)\Samsung\Easy Printer Manager\SmartScreenPrint\CDAKEYMonitor64.dll
0x00007ffd29360000 - 0x00007ffd29421000 	C:\WINDOWS\system32\OLEAUT32.dll
0x00007ffd238a0000 - 0x00007ffd23a2c000 	C:\WINDOWS\SYSTEM32\dbghelp.dll

VM Arguments:
jvm_args: -agentlib:jdwp=transport=dt_socket,address=127.0.0.1:65383,suspend=y,server=n -Djava.library.path=lib/native/ -Dfile.encoding=UTF-8 
java_command: main.Main
java_class_path (initial): C:\Program Files\Java\jdk1.8.0_65\jre\lib\charsets.jar;C:\Program Files\Java\jdk1.8.0_65\jre\lib\deploy.jar;C:\Program Files\Java\jdk1.8.0_65\jre\lib\ext\access-bridge-64.jar;C:\Program Files\Java\jdk1.8.0_65\jre\lib\ext\cldrdata.jar;C:\Program Files\Java\jdk1.8.0_65\jre\lib\ext\dnsns.jar;C:\Program Files\Java\jdk1.8.0_65\jre\lib\ext\jaccess.jar;C:\Program Files\Java\jdk1.8.0_65\jre\lib\ext\jfxrt.jar;C:\Program Files\Java\jdk1.8.0_65\jre\lib\ext\localedata.jar;C:\Program Files\Java\jdk1.8.0_65\jre\lib\ext\nashorn.jar;C:\Program Files\Java\jdk1.8.0_65\jre\lib\ext\sunec.jar;C:\Program Files\Java\jdk1.8.0_65\jre\lib\ext\sunjce_provider.jar;C:\Program Files\Java\jdk1.8.0_65\jre\lib\ext\sunmscapi.jar;C:\Program Files\Java\jdk1.8.0_65\jre\lib\ext\sunpkcs11.jar;C:\Program Files\Java\jdk1.8.0_65\jre\lib\ext\zipfs.jar;C:\Program Files\Java\jdk1.8.0_65\jre\lib\javaws.jar;C:\Program Files\Java\jdk1.8.0_65\jre\lib\jce.jar;C:\Program Files\Java\jdk1.8.0_65\jre\lib\jfr.jar;C:\Program Files\Java\jdk1.8.0_65\jre\lib\jfxswt.jar;C:\Program Files\Java\jdk1.8.0_65\jre\lib\jsse.jar;C:\Program Files\Java\jdk1.8.0_65\jre\lib\management-agent.jar;C:\Program Files\Java\jdk1.8.0_65\jre\lib\plugin.jar;C:\Program Files\Java\jdk1.8.0_65\jre\lib\resources.jar;C:\Program Files\Java\jdk1.8.0_65\jre\lib\rt.jar;D:\Code\Java\Projects\WireEngine20\out\production\WireEngine20;D:\Code\Java\Projects\WireEngine20\lib\jar\lwjgl.jar;D:\Code\Java\Projects\WireEngine20\lib\jar\slick-util.jar;D:\Program Files (x86)\JetBrains\IntelliJ IDEA 2016.1\lib\idea_rt.jar
Launcher Type: SUN_STANDARD

Environment Variables:
JAVA_HOME=C:\Program Files\Java\jdk1.8.0_65
PATH=C:\ProgramData\Oracle\Java\javapath;C:\Program Files (x86)\Razer Chroma SDK\bin;C:\Program Files\Razer Chroma SDK\bin;C:\Program Files (x86)\NVIDIA Corporation\PhysX\Common;C:\Program Files (x86)\Intel\iCLS Client\;C:\Program Files\Intel\iCLS Client\;C:\Windows\system32;C:\Windows;C:\Windows\System32\Wbem;C:\Windows\System32\WindowsPowerShell\v1.0\;C:\Program Files\Intel\Intel(R) Management Engine Components\DAL;C:\Program Files (x86)\Intel\Intel(R) Management Engine Components\DAL;C:\Program Files\Intel\Intel(R) Management Engine Components\IPT;C:\Program Files (x86)\Intel\Intel(R) Management Engine Components\IPT;C:\Program Files\Java\jre1.8.0_65\bin;C:\MinGW\bin;C:\WINDOWS\system32;C:\WINDOWS;C:\WINDOWS\System32\Wbem;C:\WINDOWS\System32\WindowsPowerShell\v1.0\;D:\Program Files (x86)\CMake\bin;D:\Program Files\Programs\Python\Python35-32;D:\Program Files\Programs\Python\Python35-32\Scripts;C:\Program Files (x86)\Skype\Phone\;D:\Program Files\Programs\Python\Python35-32\Scripts\;D:\Program Files\Programs\Python\Python35-32\
USERNAME=Kelan
OS=Windows_NT
PROCESSOR_IDENTIFIER=Intel64 Family 6 Model 60 Stepping 3, GenuineIntel



---------------  S Y S T E M  ---------------

OS: Windows 10.0 , 64 bit Build 10586 (10.0.10586.0)

CPU:total 8 (4 cores per cpu, 2 threads per core) family 6 model 60 stepping 3, cmov, cx8, fxsr, mmx, sse, sse2, sse3, ssse3, sse4.1, sse4.2, popcnt, avx, avx2, aes, clmul, erms, lzcnt, ht, tsc, tscinvbit, bmi1, bmi2

Memory: 4k page, physical 16609500k(8910364k free), swap 33386716k(22811780k free)

vm_info: Java HotSpot(TM) 64-Bit Server VM (25.65-b01) for windows-amd64 JRE (1.8.0_65-b17), built on Oct  6 2015 16:39:20 by "java_re" with MS VC++ 10.0 (VS2010)

time: Fri Apr 15 22:39:02 2016
elapsed time: 2 seconds (0d 0h 0m 2s)

