#
# A fatal error has been detected by the Java Runtime Environment:
#
#  EXCEPTION_ACCESS_VIOLATION (0xc0000005) at pc=0x00007ffdd9dc24b9, pid=5732, tid=11820
#
# JRE version: Java(TM) SE Runtime Environment (8.0_65-b17) (build 1.8.0_65-b17)
# Java VM: Java HotSpot(TM) 64-Bit Server VM (25.65-b01 mixed mode windows-amd64 compressed oops)
# Problematic frame:
# C  [glfw.dll+0x24b9]
#
# Failed to write core dump. Minidumps are not enabled by default on client versions of Windows
#
# If you would like to submit a bug report, please visit:
#   http://bugreport.java.com/bugreport/crash.jsp
# The crash happened outside the Java Virtual Machine in native code.
# See problematic frame for where to report the bug.
#

---------------  T H R E A D  ---------------

Current thread (0x000000001e203000):  JavaThread "CLIENT" [_thread_in_native, id=11820, stack(0x000000001ef10000,0x000000001f010000)]

siginfo: ExceptionCode=0xc0000005, reading address 0x0000000000000000

Registers:
RAX=0x0000000000000000, RBX=0x000000001b9dd260, RCX=0x0000000000000000, RDX=0x0000000000000000
RSP=0x000000001f00ee60, RBP=0x000000001f00eef0, RSI=0x0000000000000108, RDI=0x000000000043fc80
R8 =0x000000001f00ee58, R9 =0x000000001f00eef0, R10=0x0000000000000000, R11=0x0000000000000246
R12=0x0000000000000000, R13=0x000000001f00ef10, R14=0x000000001f00eee0, R15=0x000000001e203000
RIP=0x00007ffdd9dc24b9, EFLAGS=0x0000000000010283

Top of Stack: (sp=0x000000001f00ee60)
0x000000001f00ee60:   0000000000000000 0000000000000108
0x000000001f00ee70:   000000001b982108 000000001bf60550
0x000000001f00ee80:   00000000000004a3 000000000268488a
0x000000001f00ee90:   000000001b9dd260 000000007052aea4
0x000000001f00eea0:   000000001e203000 000000001e203000
0x000000001f00eeb0:   000000001e203000 0000000000000000
0x000000001f00eec0:   000000001e1ce5b0 00000000704b5eba
0x000000001f00eed0:   000000001f00f4f8 000000001f00ef70
0x000000001f00eee0:   00000006c28061e0 00000000000004a2
0x000000001f00eef0:   000000001f00ef70 0000000002577d8d
0x000000001f00ef00:   000000001f00ef70 0000000002577d8d
0x000000001f00ef10:   000000000043fc80 00000000025778a0
0x000000001f00ef20:   00007ffdd9dc2420 0000000000000001
0x000000001f00ef30:   000000001f00ef30 000000001b9f7054
0x000000001f00ef40:   000000001f00ef98 000000001b9f9018
0x000000001f00ef50:   0000000000000000 000000001b9f7080 

Instructions: (pc=0x00007ffdd9dc24b9)
0x00007ffdd9dc2499:   48 8b cf e8 1f 3a 00 00 48 39 3d f0 d5 02 00 48
0x00007ffdd9dc24a9:   8d 0d e9 d5 02 00 48 8b 5c 24 30 74 08 48 8b 09
0x00007ffdd9dc24b9:   48 39 39 75 f8 48 8b 07 48 89 01 48 8b cf 48 83
0x00007ffdd9dc24c9:   c4 20 5f e9 5b fe 00 00 48 83 c4 20 5f c3 cc cc 


Register to memory mapping:

RAX=0x0000000000000000 is an unknown value
RBX={method} {0x000000001b9dd268} 'invokePV' '(JJ)V' in 'org/lwjgl/system/JNI'
RCX=0x0000000000000000 is an unknown value
RDX=0x0000000000000000 is an unknown value
RSP=0x000000001f00ee60 is pointing into the stack for thread: 0x000000001e203000
RBP=0x000000001f00eef0 is pointing into the stack for thread: 0x000000001e203000
RSI=0x0000000000000108 is an unknown value
RDI=0x000000000043fc80 is an unknown value
R8 =0x000000001f00ee58 is pointing into the stack for thread: 0x000000001e203000
R9 =0x000000001f00eef0 is pointing into the stack for thread: 0x000000001e203000
R10=0x0000000000000000 is an unknown value
R11=0x0000000000000246 is an unknown value
R12=0x0000000000000000 is an unknown value
R13=0x000000001f00ef10 is pointing into the stack for thread: 0x000000001e203000
R14=0x000000001f00eee0 is pointing into the stack for thread: 0x000000001e203000
R15=0x000000001e203000 is a thread


Stack: [0x000000001ef10000,0x000000001f010000],  sp=0x000000001f00ee60,  free space=1019k
Native frames: (J=compiled Java code, j=interpreted, Vv=VM code, C=native code)
C  [glfw.dll+0x24b9]
C  0x000000000268488a

Java frames: (J=compiled Java code, j=interpreted, Vv=VM code)
J 557  org.lwjgl.system.JNI.invokePV(JJ)V (0 bytes) @ 0x0000000002684804 [0x00000000026847c0+0x44]
j  org.lwjgl.glfw.GLFW.glfwDestroyCursor(J)V+20
j  main.client.Window.destroyWindow()V+9
j  main.coreEngine.Engine.stop()V+70
j  main.client.Window.update()V+43
j  main.client.renderEngine.RenderEngine.render()V+32
j  main.client.ClientThread.tick()V+12
J 436% C1 main.coreEngine.TickableThread.run()V (481 bytes) @ 0x00000000027c9e5c [0x00000000027c5580+0x48dc]
v  ~StubRoutines::call_stub

---------------  P R O C E S S  ---------------

Java Threads: ( => current thread )
  0x000000001e203800 JavaThread "SERVER" [_thread_in_Java, id=14328, stack(0x000000001f010000,0x000000001f110000)]
=>0x000000001e203000 JavaThread "CLIENT" [_thread_in_native, id=11820, stack(0x000000001ef10000,0x000000001f010000)]
  0x000000001e103000 JavaThread "Service Thread" daemon [_thread_blocked, id=4476, stack(0x000000001ed10000,0x000000001ee10000)]
  0x000000001e071800 JavaThread "C1 CompilerThread3" daemon [_thread_blocked, id=728, stack(0x000000001ec10000,0x000000001ed10000)]
  0x000000001e06a800 JavaThread "C2 CompilerThread2" daemon [_thread_blocked, id=5164, stack(0x000000001eb10000,0x000000001ec10000)]
  0x000000001e069800 JavaThread "C2 CompilerThread1" daemon [_thread_blocked, id=7120, stack(0x000000001ea10000,0x000000001eb10000)]
  0x000000001e06e800 JavaThread "C2 CompilerThread0" daemon [_thread_blocked, id=11996, stack(0x000000001e910000,0x000000001ea10000)]
  0x000000001e052800 JavaThread "JDWP Command Reader" daemon [_thread_in_native, id=9896, stack(0x000000001e810000,0x000000001e910000)]
  0x000000001e04f000 JavaThread "JDWP Event Helper Thread" daemon [_thread_blocked, id=9620, stack(0x000000001e710000,0x000000001e810000)]
  0x000000001e041800 JavaThread "JDWP Transport Listener: dt_socket" daemon [_thread_blocked, id=12768, stack(0x000000001e610000,0x000000001e710000)]
  0x000000001e037800 JavaThread "Attach Listener" daemon [_thread_blocked, id=12348, stack(0x000000001e510000,0x000000001e610000)]
  0x000000001e036000 JavaThread "Signal Dispatcher" daemon [_thread_blocked, id=7552, stack(0x000000001e410000,0x000000001e510000)]
  0x000000000256a000 JavaThread "Finalizer" daemon [_thread_blocked, id=4072, stack(0x000000001de30000,0x000000001df30000)]
  0x0000000002563000 JavaThread "Reference Handler" daemon [_thread_blocked, id=12268, stack(0x000000001dd30000,0x000000001de30000)]
  0x000000000242e000 JavaThread "main" [_thread_in_Java, id=9460, stack(0x0000000002310000,0x0000000002410000)]

Other Threads:
  0x000000001bf59800 VMThread [stack: 0x000000001dc30000,0x000000001dd30000] [id=10632]
  0x000000001e12d800 WatcherThread [stack: 0x000000001ee10000,0x000000001ef10000] [id=7348]

VM state:not at safepoint (normal execution)

VM Mutex/Monitor currently owned by a thread: None

Heap:
 PSYoungGen      total 138240K, used 52364K [0x000000076b800000, 0x000000077a380000, 0x00000007c0000000)
  eden space 137728K, 37% used [0x000000076b800000,0x000000076eb13390,0x0000000773e80000)
  from space 512K, 12% used [0x000000077a280000,0x000000077a290000,0x000000077a300000)
  to   space 512K, 0% used [0x000000077a300000,0x000000077a300000,0x000000077a380000)
 ParOldGen       total 173568K, used 1589K [0x00000006c2800000, 0x00000006cd180000, 0x000000076b800000)
  object space 173568K, 0% used [0x00000006c2800000,0x00000006c298d418,0x00000006cd180000)
 Metaspace       used 8059K, capacity 8614K, committed 8960K, reserved 1056768K
  class space    used 644K, capacity 658K, committed 768K, reserved 1048576K

Card table byte_map: [0x0000000011930000,0x0000000012120000] byte_map_base: 0x000000000e31c000

Marking Bits: (ParMarkBitMap*) 0x0000000070c0a5b0
 Begin Bits: [0x0000000012e70000, 0x0000000016dd0000)
 End Bits:   [0x0000000016dd0000, 0x000000001ad30000)

Polling page: 0x0000000000bc0000

CodeCache: size=245760Kb used=2769Kb max_used=2794Kb free=242990Kb
 bounds [0x0000000002570000, 0x0000000002830000, 0x0000000011570000]
 total_blobs=1184 nmethods=538 adapters=567
 compilation: enabled

Compilation events (10 events):
Event: 4.748 Thread 0x000000001e071800  555       3       java.util.ArrayList::clear (39 bytes)
Event: 4.748 Thread 0x000000001e071800 nmethod 555 0x000000000282c550 code [0x000000000282c6c0, 0x000000000282ca30]
Event: 4.996 Thread 0x000000001e071800  558       3       main.server.ServerThread::tick (9 bytes)
Event: 4.996 Thread 0x000000001e071800 nmethod 558 0x000000000282cb90 code [0x000000000282cd80, 0x000000000282d598]
Event: 4.996 Thread 0x000000001e071800  559       3       main.game.TestGame::onTick (9 bytes)
Event: 4.996 Thread 0x000000001e071800 nmethod 559 0x000000000266f310 code [0x000000000266f480, 0x000000000266f648]
Event: 4.996 Thread 0x000000001e071800  560       3       main.coreEngine.sceneGraph.components.ModelComponent::tick (1 bytes)
Event: 4.996 Thread 0x000000001e071800 nmethod 560 0x000000000267b110 code [0x000000000267b260, 0x000000000267b3b0]
Event: 4.997 Thread 0x000000001e071800  561       3       org.lwjgl.glfw.EventLoop$OnScreen::check (1 bytes)
Event: 4.998 Thread 0x000000001e071800 nmethod 561 0x000000000267ae10 code [0x000000000267af60, 0x000000000267b090]

GC Heap History (10 events):
Event: 4.821 GC heap before
{Heap before GC invocations=71 (full 0):
 PSYoungGen      total 163328K, used 162912K [0x000000076b800000, 0x000000077a380000, 0x00000007c0000000)
  eden space 162816K, 100% used [0x000000076b800000,0x0000000775700000,0x0000000775700000)
  from space 512K, 18% used [0x000000077a300000,0x000000077a318000,0x000000077a380000)
  to   space 512K, 0% used [0x000000077a280000,0x000000077a280000,0x000000077a300000)
 ParOldGen       total 173568K, used 1581K [0x00000006c2800000, 0x00000006cd180000, 0x000000076b800000)
  object space 173568K, 0% used [0x00000006c2800000,0x00000006c298b418,0x00000006cd180000)
 Metaspace       used 8058K, capacity 8614K, committed 8960K, reserved 1056768K
  class space    used 644K, capacity 658K, committed 768K, reserved 1048576K
Event: 4.821 GC heap after
Heap after GC invocations=71 (full 0):
 PSYoungGen      total 157696K, used 160K [0x000000076b800000, 0x000000077a380000, 0x00000007c0000000)
  eden space 157184K, 0% used [0x000000076b800000,0x000000076b800000,0x0000000775180000)
  from space 512K, 31% used [0x000000077a280000,0x000000077a2a8000,0x000000077a300000)
  to   space 512K, 0% used [0x000000077a300000,0x000000077a300000,0x000000077a380000)
 ParOldGen       total 173568K, used 1581K [0x00000006c2800000, 0x00000006cd180000, 0x000000076b800000)
  object space 173568K, 0% used [0x00000006c2800000,0x00000006c298b418,0x00000006cd180000)
 Metaspace       used 8058K, capacity 8614K, committed 8960K, reserved 1056768K
  class space    used 644K, capacity 658K, committed 768K, reserved 1048576K
}
Event: 4.891 GC heap before
{Heap before GC invocations=72 (full 0):
 PSYoungGen      total 157696K, used 157344K [0x000000076b800000, 0x000000077a380000, 0x00000007c0000000)
  eden space 157184K, 100% used [0x000000076b800000,0x0000000775180000,0x0000000775180000)
  from space 512K, 31% used [0x000000077a280000,0x000000077a2a8000,0x000000077a300000)
  to   space 512K, 0% used [0x000000077a300000,0x000000077a300000,0x000000077a380000)
 ParOldGen       total 173568K, used 1581K [0x00000006c2800000, 0x00000006cd180000, 0x000000076b800000)
  object space 173568K, 0% used [0x00000006c2800000,0x00000006c298b418,0x00000006cd180000)
 Metaspace       used 8058K, capacity 8614K, committed 8960K, reserved 1056768K
  class space    used 644K, capacity 658K, committed 768K, reserved 1048576K
Event: 4.892 GC heap after
Heap after GC invocations=72 (full 0):
 PSYoungGen      total 152576K, used 192K [0x000000076b800000, 0x000000077a380000, 0x00000007c0000000)
  eden space 152064K, 0% used [0x000000076b800000,0x000000076b800000,0x0000000774c80000)
  from space 512K, 37% used [0x000000077a300000,0x000000077a330000,0x000000077a380000)
  to   space 512K, 0% used [0x000000077a280000,0x000000077a280000,0x000000077a300000)
 ParOldGen       total 173568K, used 1581K [0x00000006c2800000, 0x00000006cd180000, 0x000000076b800000)
  object space 173568K, 0% used [0x00000006c2800000,0x00000006c298b418,0x00000006cd180000)
 Metaspace       used 8058K, capacity 8614K, committed 8960K, reserved 1056768K
  class space    used 644K, capacity 658K, committed 768K, reserved 1048576K
}
Event: 4.958 GC heap before
{Heap before GC invocations=73 (full 0):
 PSYoungGen      total 152576K, used 152256K [0x000000076b800000, 0x000000077a380000, 0x00000007c0000000)
  eden space 152064K, 100% used [0x000000076b800000,0x0000000774c80000,0x0000000774c80000)
  from space 512K, 37% used [0x000000077a300000,0x000000077a330000,0x000000077a380000)
  to   space 512K, 0% used [0x000000077a280000,0x000000077a280000,0x000000077a300000)
 ParOldGen       total 173568K, used 1581K [0x00000006c2800000, 0x00000006cd180000, 0x000000076b800000)
  object space 173568K, 0% used [0x00000006c2800000,0x00000006c298b418,0x00000006cd180000)
 Metaspace       used 8058K, capacity 8614K, committed 8960K, reserved 1056768K
  class space    used 644K, capacity 658K, committed 768K, reserved 1048576K
Event: 4.959 GC heap after
Heap after GC invocations=73 (full 0):
 PSYoungGen      total 147456K, used 160K [0x000000076b800000, 0x000000077a380000, 0x00000007c0000000)
  eden space 146944K, 0% used [0x000000076b800000,0x000000076b800000,0x0000000774780000)
  from space 512K, 31% used [0x000000077a280000,0x000000077a2a8000,0x000000077a300000)
  to   space 512K, 0% used [0x000000077a300000,0x000000077a300000,0x000000077a380000)
 ParOldGen       total 173568K, used 1581K [0x00000006c2800000, 0x00000006cd180000, 0x000000076b800000)
  object space 173568K, 0% used [0x00000006c2800000,0x00000006c298b418,0x00000006cd180000)
 Metaspace       used 8058K, capacity 8614K, committed 8960K, reserved 1056768K
  class space    used 644K, capacity 658K, committed 768K, reserved 1048576K
}
Event: 5.021 GC heap before
{Heap before GC invocations=74 (full 0):
 PSYoungGen      total 147456K, used 147104K [0x000000076b800000, 0x000000077a380000, 0x00000007c0000000)
  eden space 146944K, 100% used [0x000000076b800000,0x0000000774780000,0x0000000774780000)
  from space 512K, 31% used [0x000000077a280000,0x000000077a2a8000,0x000000077a300000)
  to   space 512K, 0% used [0x000000077a300000,0x000000077a300000,0x000000077a380000)
 ParOldGen       total 173568K, used 1581K [0x00000006c2800000, 0x00000006cd180000, 0x000000076b800000)
  object space 173568K, 0% used [0x00000006c2800000,0x00000006c298b418,0x00000006cd180000)
 Metaspace       used 8059K, capacity 8614K, committed 8960K, reserved 1056768K
  class space    used 644K, capacity 658K, committed 768K, reserved 1048576K
Event: 5.021 GC heap after
Heap after GC invocations=74 (full 0):
 PSYoungGen      total 142848K, used 192K [0x000000076b800000, 0x000000077a380000, 0x00000007c0000000)
  eden space 142336K, 0% used [0x000000076b800000,0x000000076b800000,0x0000000774300000)
  from space 512K, 37% used [0x000000077a300000,0x000000077a330000,0x000000077a380000)
  to   space 512K, 0% used [0x000000077a280000,0x000000077a280000,0x000000077a300000)
 ParOldGen       total 173568K, used 1581K [0x00000006c2800000, 0x00000006cd180000, 0x000000076b800000)
  object space 173568K, 0% used [0x00000006c2800000,0x00000006c298b418,0x00000006cd180000)
 Metaspace       used 8059K, capacity 8614K, committed 8960K, reserved 1056768K
  class space    used 644K, capacity 658K, committed 768K, reserved 1048576K
}
Event: 5.082 GC heap before
{Heap before GC invocations=75 (full 0):
 PSYoungGen      total 142848K, used 142528K [0x000000076b800000, 0x000000077a380000, 0x00000007c0000000)
  eden space 142336K, 100% used [0x000000076b800000,0x0000000774300000,0x0000000774300000)
  from space 512K, 37% used [0x000000077a300000,0x000000077a330000,0x000000077a380000)
  to   space 512K, 0% used [0x000000077a280000,0x000000077a280000,0x000000077a300000)
 ParOldGen       total 173568K, used 1581K [0x00000006c2800000, 0x00000006cd180000, 0x000000076b800000)
  object space 173568K, 0% used [0x00000006c2800000,0x00000006c298b418,0x00000006cd180000)
 Metaspace       used 8059K, capacity 8614K, committed 8960K, reserved 1056768K
  class space    used 644K, capacity 658K, committed 768K, reserved 1048576K
Event: 5.083 GC heap after
Heap after GC invocations=75 (full 0):
 PSYoungGen      total 138240K, used 64K [0x000000076b800000, 0x000000077a380000, 0x00000007c0000000)
  eden space 137728K, 0% used [0x000000076b800000,0x000000076b800000,0x0000000773e80000)
  from space 512K, 12% used [0x000000077a280000,0x000000077a290000,0x000000077a300000)
  to   space 512K, 0% used [0x000000077a300000,0x000000077a300000,0x000000077a380000)
 ParOldGen       total 173568K, used 1589K [0x00000006c2800000, 0x00000006cd180000, 0x000000076b800000)
  object space 173568K, 0% used [0x00000006c2800000,0x00000006c298d418,0x00000006cd180000)
 Metaspace       used 8059K, capacity 8614K, committed 8960K, reserved 1056768K
  class space    used 644K, capacity 658K, committed 768K, reserved 1048576K
}

Deoptimization events (10 events):
Event: 0.140 Thread 0x000000001e203000 Uncommon trap: reason=bimorphic action=maybe_recompile pc=0x00000000026b8434 method=java.util.HashMap.getNode(ILjava/lang/Object;)Ljava/util/HashMap$Node; @ 126
Event: 0.409 Thread 0x000000001e203000 Uncommon trap: reason=bimorphic action=maybe_recompile pc=0x00000000026b8434 method=java.util.HashMap.getNode(ILjava/lang/Object;)Ljava/util/HashMap$Node; @ 126
Event: 0.410 Thread 0x000000001e203000 Uncommon trap: reason=bimorphic action=maybe_recompile pc=0x00000000026b8434 method=java.util.HashMap.getNode(ILjava/lang/Object;)Ljava/util/HashMap$Node; @ 126
Event: 0.415 Thread 0x000000001e203000 Uncommon trap: reason=unstable_if action=reinterpret pc=0x00000000026b30d8 method=java.util.HashMap.keySet()Ljava/util/Set; @ 6
Event: 0.718 Thread 0x000000001e203000 Uncommon trap: reason=unstable_if action=reinterpret pc=0x00000000026ad944 method=java.util.HashMap.clear()V @ 16
Event: 0.718 Thread 0x000000001e203000 Uncommon trap: reason=unstable_if action=reinterpret pc=0x00000000026ae858 method=java.util.HashMap.clear()V @ 16
Event: 0.718 Thread 0x000000000242e000 Uncommon trap: reason=unstable_if action=reinterpret pc=0x00000000026e1230 method=main.coreEngine.TickableThread.invoke(Ljava/lang/String;[Ljava/lang/Object;)V @ 53
Event: 0.719 Thread 0x000000001e203800 Uncommon trap: reason=unstable_if action=reinterpret pc=0x00000000026e6834 method=main.coreEngine.TickableThread.run()V @ 58
Event: 0.762 Thread 0x000000000242e000 Uncommon trap: reason=unstable_if action=reinterpret pc=0x00000000027d30fc method=main.coreEngine.Engine.start()V @ 163
Event: 0.829 Thread 0x000000001e203800 Uncommon trap: reason=unstable_if action=reinterpret pc=0x00000000027e7c70 method=main.coreEngine.TickableThread.run()V @ 461

Internal exceptions (8 events):
Event: 0.027 Thread 0x000000000242e000 Exception <a 'java/lang/NoSuchMethodError': Method sun.misc.Unsafe.defineClass(Ljava/lang/String;[BII)Ljava/lang/Class; name or signature does not match> (0x000000076b80d9b8) thrown at [C:\workspace\8-2-build-windows-amd64-cygwin\jdk8u65\4987\hotspot\src\s≈Œ¶;[õ?
Event: 0.027 Thread 0x000000000242e000 Exception <a 'java/lang/NoSuchMethodError': Method sun.misc.Unsafe.prefetchRead(Ljava/lang/Object;J)V name or signature does not match> (0x000000076b80dca0) thrown at [C:\workspace\8-2-build-windows-amd64-cygwin\jdk8u65\4987\hotspot\src\share\vm\prims\jni.?nπçxƒ?
Event: 0.157 Thread 0x000000001e203000 Exception <a 'java/lang/ArrayIndexOutOfBoundsException': -1> (0x000000076c854898) thrown at [C:\workspace\8-2-build-windows-amd64-cygwin\jdk8u65\4987\hotspot\src\share\vm\interpreter\interpreterRuntime.cpp, line 366]
Event: 0.410 Thread 0x000000001e203000 Exception <a 'java/security/PrivilegedActionException'> (0x000000076dd89520) thrown at [C:\workspace\8-2-build-windows-amd64-cygwin\jdk8u65\4987\hotspot\src\share\vm\prims\jvm.cpp, line 1386]
Event: 0.410 Thread 0x000000001e203000 Exception <a 'java/security/PrivilegedActionException'> (0x000000076dd89918) thrown at [C:\workspace\8-2-build-windows-amd64-cygwin\jdk8u65\4987\hotspot\src\share\vm\prims\jvm.cpp, line 1386]
Event: 0.410 Thread 0x000000001e203000 Exception <a 'java/security/PrivilegedActionException'> (0x000000076dd8db30) thrown at [C:\workspace\8-2-build-windows-amd64-cygwin\jdk8u65\4987\hotspot\src\share\vm\prims\jvm.cpp, line 1386]
Event: 0.410 Thread 0x000000001e203000 Exception <a 'java/security/PrivilegedActionException'> (0x000000076dd8df28) thrown at [C:\workspace\8-2-build-windows-amd64-cygwin\jdk8u65\4987\hotspot\src\share\vm\prims\jvm.cpp, line 1386]
Event: 0.718 Thread 0x000000000242e000 Implicit null exception at 0x00000000026e0c3c to 0x00000000026e1209

Events (10 events):
Event: 4.996 Thread 0x000000001e071800 flushing nmethod 0x00000000026ae910
Event: 4.996 Thread 0x000000001e071800 flushing nmethod 0x00000000026af890
Event: 4.996 Thread 0x000000001e071800 flushing nmethod 0x00000000026aff50
Event: 4.996 Thread 0x000000001e071800 flushing nmethod 0x00000000026b3190
Event: 4.996 Thread 0x000000001e071800 flushing nmethod 0x00000000026b4ad0
Event: 4.996 Thread 0x000000001e071800 flushing nmethod 0x00000000026b4f10
Event: 5.021 Executing VM operation: ParallelGCFailedAllocation
Event: 5.021 Executing VM operation: ParallelGCFailedAllocation done
Event: 5.082 Executing VM operation: ParallelGCFailedAllocation
Event: 5.083 Executing VM operation: ParallelGCFailedAllocation done


Dynamic libraries:
0x00007ff75ee90000 - 0x00007ff75eec7000 	C:\Program Files\Java\jdk1.8.0_65\bin\java.exe
0x00007ffde4980000 - 0x00007ffde4b41000 	C:\WINDOWS\SYSTEM32\ntdll.dll
0x00007ffde42a0000 - 0x00007ffde434d000 	C:\WINDOWS\system32\KERNEL32.DLL
0x00007ffde19f0000 - 0x00007ffde1bd8000 	C:\WINDOWS\system32\KERNELBASE.dll
0x00007ffde1e70000 - 0x00007ffde1f17000 	C:\WINDOWS\system32\ADVAPI32.dll
0x00007ffde3800000 - 0x00007ffde389d000 	C:\WINDOWS\system32\msvcrt.dll
0x00007ffde1e10000 - 0x00007ffde1e6b000 	C:\WINDOWS\system32\sechost.dll
0x00007ffde3bd0000 - 0x00007ffde3cec000 	C:\WINDOWS\system32\RPCRT4.dll
0x00007ffde3fe0000 - 0x00007ffde4136000 	C:\WINDOWS\system32\USER32.dll
0x00007ffde3cf0000 - 0x00007ffde3e76000 	C:\WINDOWS\system32\GDI32.dll
0x00007ffddd690000 - 0x00007ffddd904000 	C:\WINDOWS\WinSxS\amd64_microsoft.windows.common-controls_6595b64144ccf1df_6.0.10586.0_none_8c15ae12515e1c22\COMCTL32.dll
0x00007ffde3950000 - 0x00007ffde3bcd000 	C:\WINDOWS\system32\combase.dll
0x00007ffde1cf0000 - 0x00007ffde1d5a000 	C:\WINDOWS\system32\bcryptPrimitives.dll
0x00007ffde1dc0000 - 0x00007ffde1dfb000 	C:\WINDOWS\system32\IMM32.DLL
0x0000000070c90000 - 0x0000000070d62000 	C:\Program Files\Java\jdk1.8.0_65\jre\bin\msvcr100.dll
0x0000000070400000 - 0x0000000070c89000 	C:\Program Files\Java\jdk1.8.0_65\jre\bin\server\jvm.dll
0x00007ffde4290000 - 0x00007ffde4298000 	C:\WINDOWS\system32\PSAPI.DLL
0x00007ffdd8550000 - 0x00007ffdd8559000 	C:\WINDOWS\SYSTEM32\WSOCK32.dll
0x00007ffddf730000 - 0x00007ffddf753000 	C:\WINDOWS\SYSTEM32\WINMM.dll
0x00007ffddd9c0000 - 0x00007ffddd9ca000 	C:\WINDOWS\SYSTEM32\VERSION.dll
0x00007ffde4470000 - 0x00007ffde44db000 	C:\WINDOWS\system32\WS2_32.dll
0x0000000000b90000 - 0x0000000000bbc000 	C:\WINDOWS\SYSTEM32\WINMMBASE.dll
0x00007ffde1be0000 - 0x00007ffde1c23000 	C:\WINDOWS\system32\cfgmgr32.dll
0x00000000703f0000 - 0x00000000703ff000 	C:\Program Files\Java\jdk1.8.0_65\jre\bin\verify.dll
0x00000000703c0000 - 0x00000000703e9000 	C:\Program Files\Java\jdk1.8.0_65\jre\bin\java.dll
0x0000000070310000 - 0x0000000070345000 	C:\Program Files\Java\jdk1.8.0_65\jre\bin\jdwp.dll
0x0000000070390000 - 0x0000000070398000 	C:\Program Files\Java\jdk1.8.0_65\jre\bin\npt.dll
0x00000000703a0000 - 0x00000000703b6000 	C:\Program Files\Java\jdk1.8.0_65\jre\bin\zip.dll
0x00007ffde1f80000 - 0x00007ffde34dc000 	C:\WINDOWS\system32\SHELL32.dll
0x00007ffde11d0000 - 0x00007ffde1815000 	C:\WINDOWS\system32\windows.storage.dll
0x00007ffde36b0000 - 0x00007ffde3702000 	C:\WINDOWS\system32\shlwapi.dll
0x00007ffde0fb0000 - 0x00007ffde0fbf000 	C:\WINDOWS\system32\kernel.appcore.dll
0x00007ffde1c30000 - 0x00007ffde1ce5000 	C:\WINDOWS\system32\shcore.dll
0x00007ffde0fc0000 - 0x00007ffde100b000 	C:\WINDOWS\system32\powrprof.dll
0x00007ffde0f80000 - 0x00007ffde0f94000 	C:\WINDOWS\system32\profapi.dll
0x0000000070380000 - 0x0000000070389000 	C:\Program Files\Java\jdk1.8.0_65\jre\bin\dt_socket.dll
0x00007ffde08b0000 - 0x00007ffde090c000 	C:\WINDOWS\system32\mswsock.dll
0x00007ffdd4080000 - 0x00007ffdd4108000 	D:\Code\Java\Projects\WireEngine20\lib\native\lwjgl.dll
0x00007ffde0a80000 - 0x00007ffde0a8b000 	C:\WINDOWS\SYSTEM32\CRYPTBASE.DLL
0x00007ffdcfa40000 - 0x00007ffdcfa82000 	D:\Code\Java\Projects\WireEngine20\lib\native\jemalloc.dll
0x00007ffdd9dc0000 - 0x00007ffdd9df8000 	D:\Code\Java\Projects\WireEngine20\lib\native\glfw.dll
0x00007ffddf850000 - 0x00007ffddf8e6000 	C:\WINDOWS\system32\uxtheme.dll
0x00007ffdde650000 - 0x00007ffdde672000 	C:\WINDOWS\SYSTEM32\dwmapi.dll
0x00007ffdc8b70000 - 0x00007ffdc8c99000 	C:\WINDOWS\SYSTEM32\opengl32.dll
0x00007ffdcd0c0000 - 0x00007ffdcd0ee000 	C:\WINDOWS\SYSTEM32\GLU32.dll
0x00007ffdc6920000 - 0x00007ffdc6a1a000 	C:\WINDOWS\SYSTEM32\DDRAW.dll
0x00007ffddaa30000 - 0x00007ffddaa38000 	C:\WINDOWS\SYSTEM32\DCIMAN32.dll
0x00007ffde3e80000 - 0x00007ffde3fda000 	C:\WINDOWS\system32\MSCTF.dll
0x00007ffdc9cc0000 - 0x00007ffdc9d09000 	C:\Program Files (x86)\TeamViewer\tv_x64.dll
0x00007ffde4140000 - 0x00007ffde4283000 	C:\WINDOWS\system32\ole32.dll
0x000000006e5c0000 - 0x0000000070309000 	C:\WINDOWS\SYSTEM32\nvoglv64.DLL
0x00007ffde4550000 - 0x00007ffde4979000 	C:\WINDOWS\system32\SETUPAPI.dll
0x00007ffddf2f0000 - 0x00007ffddf303000 	C:\WINDOWS\SYSTEM32\WTSAPI32.dll
0x00007ffddf9a0000 - 0x00007ffddf9c7000 	C:\WINDOWS\SYSTEM32\DEVOBJ.dll
0x00007ffde1170000 - 0x00007ffde11c5000 	C:\WINDOWS\system32\WINTRUST.dll
0x00007ffde0fa0000 - 0x00007ffde0fb0000 	C:\WINDOWS\system32\MSASN1.dll
0x00007ffde1820000 - 0x00007ffde19e7000 	C:\WINDOWS\system32\CRYPT32.dll
0x00007ffde04d0000 - 0x00007ffde0501000 	C:\WINDOWS\SYSTEM32\ntmarta.dll
0x00007ffde0220000 - 0x00007ffde0276000 	C:\WINDOWS\SYSTEM32\WINSTA.dll
0x00007ffde38a0000 - 0x00007ffde3947000 	C:\WINDOWS\system32\clbcatq.dll
0x00007ffdb9de0000 - 0x00007ffdb9f6c000 	C:\WINDOWS\SYSTEM32\dbghelp.dll

VM Arguments:
jvm_args: -agentlib:jdwp=transport=dt_socket,address=127.0.0.1:65168,suspend=y,server=n -Djava.library.path=lib/native/ -Dfile.encoding=UTF-8 
java_command: main.Main
java_class_path (initial): C:\Program Files\Java\jdk1.8.0_65\jre\lib\charsets.jar;C:\Program Files\Java\jdk1.8.0_65\jre\lib\deploy.jar;C:\Program Files\Java\jdk1.8.0_65\jre\lib\ext\access-bridge-64.jar;C:\Program Files\Java\jdk1.8.0_65\jre\lib\ext\cldrdata.jar;C:\Program Files\Java\jdk1.8.0_65\jre\lib\ext\dnsns.jar;C:\Program Files\Java\jdk1.8.0_65\jre\lib\ext\jaccess.jar;C:\Program Files\Java\jdk1.8.0_65\jre\lib\ext\jfxrt.jar;C:\Program Files\Java\jdk1.8.0_65\jre\lib\ext\localedata.jar;C:\Program Files\Java\jdk1.8.0_65\jre\lib\ext\nashorn.jar;C:\Program Files\Java\jdk1.8.0_65\jre\lib\ext\sunec.jar;C:\Program Files\Java\jdk1.8.0_65\jre\lib\ext\sunjce_provider.jar;C:\Program Files\Java\jdk1.8.0_65\jre\lib\ext\sunmscapi.jar;C:\Program Files\Java\jdk1.8.0_65\jre\lib\ext\sunpkcs11.jar;C:\Program Files\Java\jdk1.8.0_65\jre\lib\ext\zipfs.jar;C:\Program Files\Java\jdk1.8.0_65\jre\lib\javaws.jar;C:\Program Files\Java\jdk1.8.0_65\jre\lib\jce.jar;C:\Program Files\Java\jdk1.8.0_65\jre\lib\jfr.jar;C:\Program Files\Java\jdk1.8.0_65\jre\lib\jfxswt.jar;C:\Program Files\Java\jdk1.8.0_65\jre\lib\jsse.jar;C:\Program Files\Java\jdk1.8.0_65\jre\lib\management-agent.jar;C:\Program Files\Java\jdk1.8.0_65\jre\lib\plugin.jar;C:\Program Files\Java\jdk1.8.0_65\jre\lib\resources.jar;C:\Program Files\Java\jdk1.8.0_65\jre\lib\rt.jar;D:\Code\Java\Projects\WireEngine20\out\production\WireEngine20;D:\Code\Java\Projects\WireEngine20\lib\jar\lwjgl.jar;D:\Program Files (x86)\JetBrains\IntelliJ IDEA 2016.1\lib\idea_rt.jar
Launcher Type: SUN_STANDARD

Environment Variables:
JAVA_HOME=C:\Program Files\Java\jdk1.8.0_65
PATH=C:\ProgramData\Oracle\Java\javapath;C:\Program Files (x86)\Razer Chroma SDK\bin;C:\Program Files\Razer Chroma SDK\bin;C:\Program Files (x86)\NVIDIA Corporation\PhysX\Common;C:\Program Files (x86)\Intel\iCLS Client\;C:\Program Files\Intel\iCLS Client\;C:\Windows\system32;C:\Windows;C:\Windows\System32\Wbem;C:\Windows\System32\WindowsPowerShell\v1.0\;C:\Program Files\Intel\Intel(R) Management Engine Components\DAL;C:\Program Files (x86)\Intel\Intel(R) Management Engine Components\DAL;C:\Program Files\Intel\Intel(R) Management Engine Components\IPT;C:\Program Files (x86)\Intel\Intel(R) Management Engine Components\IPT;C:\Program Files\Java\jre1.8.0_65\bin;C:\MinGW\bin;C:\WINDOWS\system32;C:\WINDOWS;C:\WINDOWS\System32\Wbem;C:\WINDOWS\System32\WindowsPowerShell\v1.0\;D:\Program Files (x86)\CMake\bin;D:\Program Files\Programs\Python\Python35-32;D:\Program Files\Programs\Python\Python35-32\Scripts;C:\Program Files (x86)\Skype\Phone\;D:\Program Files\Programs\Python\Python35-32\Scripts\;D:\Program Files\Programs\Python\Python35-32\
USERNAME=Kelan
OS=Windows_NT
PROCESSOR_IDENTIFIER=Intel64 Family 6 Model 60 Stepping 3, GenuineIntel



---------------  S Y S T E M  ---------------

OS: Windows 10.0 , 64 bit Build 10586 (10.0.10586.0)

CPU:total 8 (4 cores per cpu, 2 threads per core) family 6 model 60 stepping 3, cmov, cx8, fxsr, mmx, sse, sse2, sse3, ssse3, sse4.1, sse4.2, popcnt, avx, avx2, aes, clmul, erms, lzcnt, ht, tsc, tscinvbit, bmi1, bmi2

Memory: 4k page, physical 16609500k(4949484k free), swap 33386716k(19248416k free)

vm_info: Java HotSpot(TM) 64-Bit Server VM (25.65-b01) for windows-amd64 JRE (1.8.0_65-b17), built on Oct  6 2015 16:39:20 by "java_re" with MS VC++ 10.0 (VS2010)

time: Sun Apr 10 10:58:19 2016
elapsed time: 5 seconds (0d 0h 0m 5s)

