#
# A fatal error has been detected by the Java Runtime Environment:
#
#  EXCEPTION_ACCESS_VIOLATION (0xc0000005) at pc=0x00007ffdc0fe24b9, pid=6168, tid=7156
#
# JRE version: Java(TM) SE Runtime Environment (8.0_65-b17) (build 1.8.0_65-b17)
# Java VM: Java HotSpot(TM) 64-Bit Server VM (25.65-b01 mixed mode windows-amd64 compressed oops)
# Problematic frame:
# C  [glfw.dll+0x24b9]
#
# Failed to write core dump. Minidumps are not enabled by default on client versions of Windows
#
# If you would like to submit a bug report, please visit:
#   http://bugreport.java.com/bugreport/crash.jsp
# The crash happened outside the Java Virtual Machine in native code.
# See problematic frame for where to report the bug.
#

---------------  T H R E A D  ---------------

Current thread (0x000000001e290000):  JavaThread "CLIENT" [_thread_in_native, id=7156, stack(0x000000001ef80000,0x000000001f080000)]

siginfo: ExceptionCode=0xc0000005, reading address 0x0000000000000000

Registers:
RAX=0x0000000000000000, RBX=0x000000001ba46d70, RCX=0x0000000000000000, RDX=0x0000000000000000
RSP=0x000000001f07eb40, RBP=0x000000001f07ebf0, RSI=0x0000000000000108, RDI=0x000000000052b4c0
R8 =0x000000001f07eb38, R9 =0x000000001f07ebf0, R10=0x0000000000000000, R11=0x0000000000000246
R12=0x0000000000000000, R13=0x000000001ba46d70, R14=0x000000001f07ec28, R15=0x000000001e290000
RIP=0x00007ffdc0fe24b9, EFLAGS=0x0000000000010283

Top of Stack: (sp=0x000000001f07eb40)
0x000000001f07eb40:   000000001e290000 000000001e290000
0x000000001f07eb50:   000000001ba60ce0 000000007052d610
0x000000001f07eb60:   000000000000012d 000000000264dfcc
0x000000001f07eb70:   000000001ba46d70 000000000262d750
0x000000001f07eb80:   000000000000000e 000000001e290000
0x000000001f07eb90:   000000001ba60ce0 000000007052aea4
0x000000001f07eba0:   000000001e290000 000000001e290000
0x000000001f07ebb0:   000000001f07ebb0 0000000000000000
0x000000001f07ebc0:   000000001f07ec28 000000001ba47510
0x000000001f07ebd0:   0000000000000000 000000001ba46d70
0x000000001f07ebe0:   0000000000000000 000000001f07ec10
0x000000001f07ebf0:   000000001f07ec70 0000000002637d8d
0x000000001f07ec00:   00000006c28063f0 00000000026442f8
0x000000001f07ec10:   000000000052b4c0 00000000026378a0
0x000000001f07ec20:   00007ffdc0fe2420 0000000000000001
0x000000001f07ec30:   000000001f07ec30 000000001ba60cb4 

Instructions: (pc=0x00007ffdc0fe24b9)
0x00007ffdc0fe2499:   48 8b cf e8 1f 3a 00 00 48 39 3d f0 d5 02 00 48
0x00007ffdc0fe24a9:   8d 0d e9 d5 02 00 48 8b 5c 24 30 74 08 48 8b 09
0x00007ffdc0fe24b9:   48 39 39 75 f8 48 8b 07 48 89 01 48 8b cf 48 83
0x00007ffdc0fe24c9:   c4 20 5f e9 5b fe 00 00 48 83 c4 20 5f c3 cc cc 


Register to memory mapping:

RAX=0x0000000000000000 is an unknown value
RBX={method} {0x000000001ba46d78} 'invokePV' '(JJ)V' in 'org/lwjgl/system/JNI'
RCX=0x0000000000000000 is an unknown value
RDX=0x0000000000000000 is an unknown value
RSP=0x000000001f07eb40 is pointing into the stack for thread: 0x000000001e290000
RBP=0x000000001f07ebf0 is pointing into the stack for thread: 0x000000001e290000
RSI=0x0000000000000108 is an unknown value
RDI=0x000000000052b4c0 is an unknown value
R8 =0x000000001f07eb38 is pointing into the stack for thread: 0x000000001e290000
R9 =0x000000001f07ebf0 is pointing into the stack for thread: 0x000000001e290000
R10=0x0000000000000000 is an unknown value
R11=0x0000000000000246 is an unknown value
R12=0x0000000000000000 is an unknown value
R13={method} {0x000000001ba46d78} 'invokePV' '(JJ)V' in 'org/lwjgl/system/JNI'
R14=0x000000001f07ec28 is pointing into the stack for thread: 0x000000001e290000
R15=0x000000001e290000 is a thread


Stack: [0x000000001ef80000,0x000000001f080000],  sp=0x000000001f07eb40,  free space=1018k
Native frames: (J=compiled Java code, j=interpreted, Vv=VM code, C=native code)
C  [glfw.dll+0x24b9]
C  0x000000000264dfcc

Java frames: (J=compiled Java code, j=interpreted, Vv=VM code)
j  org.lwjgl.system.JNI.invokePV(JJ)V+0
j  org.lwjgl.glfw.GLFW.glfwDestroyCursor(J)V+20
j  main.client.Window.destroyWindow()V+9
j  main.coreEngine.Engine.stop()V+70
j  main.client.Window.update()V+43
j  main.client.renderEngine.RenderEngine.render()V+29
j  main.client.ClientThread.tick()V+12
J 429% C1 main.coreEngine.TickableThread.run()V (481 bytes) @ 0x0000000002880adc [0x000000000287c200+0x48dc]
v  ~StubRoutines::call_stub

---------------  P R O C E S S  ---------------

Java Threads: ( => current thread )
  0x000000001e291000 JavaThread "SERVER" [_thread_in_Java, id=3716, stack(0x000000001f080000,0x000000001f180000)]
=>0x000000001e290000 JavaThread "CLIENT" [_thread_in_native, id=7156, stack(0x000000001ef80000,0x000000001f080000)]
  0x000000001e176000 JavaThread "Service Thread" daemon [_thread_blocked, id=7476, stack(0x000000001ed80000,0x000000001ee80000)]
  0x000000001e0e4800 JavaThread "C1 CompilerThread3" daemon [_thread_blocked, id=8116, stack(0x000000001ec80000,0x000000001ed80000)]
  0x000000001e0d8000 JavaThread "C2 CompilerThread2" daemon [_thread_blocked, id=5896, stack(0x000000001eb80000,0x000000001ec80000)]
  0x000000001e0d7000 JavaThread "C2 CompilerThread1" daemon [_thread_blocked, id=10176, stack(0x000000001ea80000,0x000000001eb80000)]
  0x000000001e0db800 JavaThread "C2 CompilerThread0" daemon [_thread_blocked, id=12000, stack(0x000000001e980000,0x000000001ea80000)]
  0x000000001e0c1800 JavaThread "JDWP Command Reader" daemon [_thread_in_native, id=3764, stack(0x000000001e880000,0x000000001e980000)]
  0x000000001e0c0800 JavaThread "JDWP Event Helper Thread" daemon [_thread_blocked, id=8820, stack(0x000000001e780000,0x000000001e880000)]
  0x000000001e0b9000 JavaThread "JDWP Transport Listener: dt_socket" daemon [_thread_blocked, id=9328, stack(0x000000001e680000,0x000000001e780000)]
  0x000000001e0af800 JavaThread "Attach Listener" daemon [_thread_blocked, id=5996, stack(0x000000001e580000,0x000000001e680000)]
  0x000000001e0ae800 JavaThread "Signal Dispatcher" daemon [_thread_blocked, id=5140, stack(0x000000001e480000,0x000000001e580000)]
  0x000000000262c800 JavaThread "Finalizer" daemon [_thread_blocked, id=9224, stack(0x000000001dea0000,0x000000001dfa0000)]
  0x0000000002626000 JavaThread "Reference Handler" daemon [_thread_blocked, id=12816, stack(0x000000001dda0000,0x000000001dea0000)]
  0x0000000000bfe000 JavaThread "main" [_thread_in_Java, id=4120, stack(0x0000000002390000,0x0000000002490000)]

Other Threads:
  0x000000001bfc9000 VMThread [stack: 0x000000001dca0000,0x000000001dda0000] [id=10072]
  0x000000001e1a1000 WatcherThread [stack: 0x000000001ee80000,0x000000001ef80000] [id=3856]

VM state:not at safepoint (normal execution)

VM Mutex/Monitor currently owned by a thread: None

Heap:
 PSYoungGen      total 161792K, used 9609K [0x000000076b800000, 0x000000077ad80000, 0x00000007c0000000)
  eden space 159744K, 5% used [0x000000076b800000,0x000000076c152598,0x0000000775400000)
  from space 2048K, 3% used [0x000000077a980000,0x000000077a990000,0x000000077ab80000)
  to   space 2048K, 0% used [0x000000077ab80000,0x000000077ab80000,0x000000077ad80000)
 ParOldGen       total 173568K, used 1460K [0x00000006c2800000, 0x00000006cd180000, 0x000000076b800000)
  object space 173568K, 0% used [0x00000006c2800000,0x00000006c296d0a8,0x00000006cd180000)
 Metaspace       used 7957K, capacity 8486K, committed 8704K, reserved 1056768K
  class space    used 642K, capacity 658K, committed 768K, reserved 1048576K

Card table byte_map: [0x00000000119f0000,0x00000000121e0000] byte_map_base: 0x000000000e3dc000

Marking Bits: (ParMarkBitMap*) 0x0000000070c0a5b0
 Begin Bits: [0x0000000012f30000, 0x0000000016e90000)
 End Bits:   [0x0000000016e90000, 0x000000001adf0000)

Polling page: 0x0000000000b30000

CodeCache: size=245760Kb used=2572Kb max_used=2574Kb free=243187Kb
 bounds [0x0000000002630000, 0x00000000028c0000, 0x0000000011630000]
 total_blobs=1121 nmethods=478 adapters=564
 compilation: enabled

Compilation events (10 events):
Event: 2.358 Thread 0x000000001e0db800  474       4       java.lang.ThreadLocal::get (38 bytes)
Event: 2.359 Thread 0x000000001e0db800 nmethod 474 0x0000000002895ad0 code [0x0000000002895c20, 0x0000000002895dd8]
Event: 2.408 Thread 0x000000001e0e4800  475       3       main.client.Window::resetKeys (29 bytes)
Event: 2.408 Thread 0x000000001e0e4800 nmethod 475 0x0000000002895590 code [0x0000000002895700, 0x00000000028959c8]
Event: 2.641 Thread 0x000000001e0e4800  476       3       org.lwjgl.opengl.GL20::getInstance (7 bytes)
Event: 2.642 Thread 0x000000001e0e4800 nmethod 476 0x0000000002896a10 code [0x0000000002896be0, 0x0000000002897208]
Event: 2.642 Thread 0x000000001e0e4800  477       3       org.lwjgl.opengl.GL20::getInstance (11 bytes)
Event: 2.642 Thread 0x000000001e0e4800 nmethod 477 0x0000000002896410 code [0x00000000028965a0, 0x0000000002896868]
Event: 2.827 Thread 0x000000001e0e4800  478       3       main.coreEngine.sceneGraph.Node::tick (75 bytes)
Event: 2.828 Thread 0x000000001e0e4800 nmethod 478 0x00000000028b54d0 code [0x00000000028b56e0, 0x00000000028b6118]

GC Heap History (10 events):
Event: 2.099 GC heap before
{Heap before GC invocations=14 (full 0):
 PSYoungGen      total 200704K, used 198208K [0x000000076b800000, 0x000000077b300000, 0x00000007c0000000)
  eden space 198144K, 100% used [0x000000076b800000,0x0000000777980000,0x0000000777980000)
  from space 2560K, 2% used [0x000000077ae00000,0x000000077ae10000,0x000000077b080000)
  to   space 2560K, 0% used [0x000000077b080000,0x000000077b080000,0x000000077b300000)
 ParOldGen       total 173568K, used 1460K [0x00000006c2800000, 0x00000006cd180000, 0x000000076b800000)
  object space 173568K, 0% used [0x00000006c2800000,0x00000006c296d0a8,0x00000006cd180000)
 Metaspace       used 7954K, capacity 8486K, committed 8704K, reserved 1056768K
  class space    used 642K, capacity 658K, committed 768K, reserved 1048576K
Event: 2.099 GC heap after
Heap after GC invocations=14 (full 0):
 PSYoungGen      total 191488K, used 32K [0x000000076b800000, 0x000000077b100000, 0x00000007c0000000)
  eden space 190976K, 0% used [0x000000076b800000,0x000000076b800000,0x0000000777280000)
  from space 512K, 6% used [0x000000077b080000,0x000000077b088000,0x000000077b100000)
  to   space 2560K, 0% used [0x000000077ac00000,0x000000077ac00000,0x000000077ae80000)
 ParOldGen       total 173568K, used 1460K [0x00000006c2800000, 0x00000006cd180000, 0x000000076b800000)
  object space 173568K, 0% used [0x00000006c2800000,0x00000006c296d0a8,0x00000006cd180000)
 Metaspace       used 7954K, capacity 8486K, committed 8704K, reserved 1056768K
  class space    used 642K, capacity 658K, committed 768K, reserved 1048576K
}
Event: 2.253 GC heap before
{Heap before GC invocations=15 (full 0):
 PSYoungGen      total 191488K, used 191008K [0x000000076b800000, 0x000000077b100000, 0x00000007c0000000)
  eden space 190976K, 100% used [0x000000076b800000,0x0000000777280000,0x0000000777280000)
  from space 512K, 6% used [0x000000077b080000,0x000000077b088000,0x000000077b100000)
  to   space 2560K, 0% used [0x000000077ac00000,0x000000077ac00000,0x000000077ae80000)
 ParOldGen       total 173568K, used 1460K [0x00000006c2800000, 0x00000006cd180000, 0x000000076b800000)
  object space 173568K, 0% used [0x00000006c2800000,0x00000006c296d0a8,0x00000006cd180000)
 Metaspace       used 7954K, capacity 8486K, committed 8704K, reserved 1056768K
  class space    used 642K, capacity 658K, committed 768K, reserved 1048576K
Event: 2.253 GC heap after
Heap after GC invocations=15 (full 0):
 PSYoungGen      total 186880K, used 64K [0x000000076b800000, 0x000000077b100000, 0x00000007c0000000)
  eden space 184320K, 0% used [0x000000076b800000,0x000000076b800000,0x0000000776c00000)
  from space 2560K, 2% used [0x000000077ac00000,0x000000077ac10000,0x000000077ae80000)
  to   space 2560K, 0% used [0x000000077ae80000,0x000000077ae80000,0x000000077b100000)
 ParOldGen       total 173568K, used 1460K [0x00000006c2800000, 0x00000006cd180000, 0x000000076b800000)
  object space 173568K, 0% used [0x00000006c2800000,0x00000006c296d0a8,0x00000006cd180000)
 Metaspace       used 7954K, capacity 8486K, committed 8704K, reserved 1056768K
  class space    used 642K, capacity 658K, committed 768K, reserved 1048576K
}
Event: 2.414 GC heap before
{Heap before GC invocations=16 (full 0):
 PSYoungGen      total 186880K, used 184384K [0x000000076b800000, 0x000000077b100000, 0x00000007c0000000)
  eden space 184320K, 100% used [0x000000076b800000,0x0000000776c00000,0x0000000776c00000)
  from space 2560K, 2% used [0x000000077ac00000,0x000000077ac10000,0x000000077ae80000)
  to   space 2560K, 0% used [0x000000077ae80000,0x000000077ae80000,0x000000077b100000)
 ParOldGen       total 173568K, used 1460K [0x00000006c2800000, 0x00000006cd180000, 0x000000076b800000)
  object space 173568K, 0% used [0x00000006c2800000,0x00000006c296d0a8,0x00000006cd180000)
 Metaspace       used 7955K, capacity 8486K, committed 8704K, reserved 1056768K
  class space    used 642K, capacity 658K, committed 768K, reserved 1048576K
Event: 2.414 GC heap after
Heap after GC invocations=16 (full 0):
 PSYoungGen      total 178176K, used 64K [0x000000076b800000, 0x000000077af00000, 0x00000007c0000000)
  eden space 177664K, 0% used [0x000000076b800000,0x000000076b800000,0x0000000776580000)
  from space 512K, 12% used [0x000000077ae80000,0x000000077ae90000,0x000000077af00000)
  to   space 2048K, 0% used [0x000000077ab00000,0x000000077ab00000,0x000000077ad00000)
 ParOldGen       total 173568K, used 1460K [0x00000006c2800000, 0x00000006cd180000, 0x000000076b800000)
  object space 173568K, 0% used [0x00000006c2800000,0x00000006c296d0a8,0x00000006cd180000)
 Metaspace       used 7955K, capacity 8486K, committed 8704K, reserved 1056768K
  class space    used 642K, capacity 658K, committed 768K, reserved 1048576K
}
Event: 2.555 GC heap before
{Heap before GC invocations=17 (full 0):
 PSYoungGen      total 178176K, used 177728K [0x000000076b800000, 0x000000077af00000, 0x00000007c0000000)
  eden space 177664K, 100% used [0x000000076b800000,0x0000000776580000,0x0000000776580000)
  from space 512K, 12% used [0x000000077ae80000,0x000000077ae90000,0x000000077af00000)
  to   space 2048K, 0% used [0x000000077ab00000,0x000000077ab00000,0x000000077ad00000)
 ParOldGen       total 173568K, used 1460K [0x00000006c2800000, 0x00000006cd180000, 0x000000076b800000)
  object space 173568K, 0% used [0x00000006c2800000,0x00000006c296d0a8,0x00000006cd180000)
 Metaspace       used 7955K, capacity 8486K, committed 8704K, reserved 1056768K
  class space    used 642K, capacity 658K, committed 768K, reserved 1048576K
Event: 2.555 GC heap after
Heap after GC invocations=17 (full 0):
 PSYoungGen      total 173568K, used 64K [0x000000076b800000, 0x000000077af00000, 0x00000007c0000000)
  eden space 171520K, 0% used [0x000000076b800000,0x000000076b800000,0x0000000775f80000)
  from space 2048K, 3% used [0x000000077ab00000,0x000000077ab10000,0x000000077ad00000)
  to   space 2048K, 0% used [0x000000077ad00000,0x000000077ad00000,0x000000077af00000)
 ParOldGen       total 173568K, used 1460K [0x00000006c2800000, 0x00000006cd180000, 0x000000076b800000)
  object space 173568K, 0% used [0x00000006c2800000,0x00000006c296d0a8,0x00000006cd180000)
 Metaspace       used 7955K, capacity 8486K, committed 8704K, reserved 1056768K
  class space    used 642K, capacity 658K, committed 768K, reserved 1048576K
}
Event: 2.679 GC heap before
{Heap before GC invocations=18 (full 0):
 PSYoungGen      total 173568K, used 171584K [0x000000076b800000, 0x000000077af00000, 0x00000007c0000000)
  eden space 171520K, 100% used [0x000000076b800000,0x0000000775f80000,0x0000000775f80000)
  from space 2048K, 3% used [0x000000077ab00000,0x000000077ab10000,0x000000077ad00000)
  to   space 2048K, 0% used [0x000000077ad00000,0x000000077ad00000,0x000000077af00000)
 ParOldGen       total 173568K, used 1460K [0x00000006c2800000, 0x00000006cd180000, 0x000000076b800000)
  object space 173568K, 0% used [0x00000006c2800000,0x00000006c296d0a8,0x00000006cd180000)
 Metaspace       used 7956K, capacity 8486K, committed 8704K, reserved 1056768K
  class space    used 642K, capacity 658K, committed 768K, reserved 1048576K
Event: 2.680 GC heap after
Heap after GC invocations=18 (full 0):
 PSYoungGen      total 165888K, used 96K [0x000000076b800000, 0x000000077ad80000, 0x00000007c0000000)
  eden space 165376K, 0% used [0x000000076b800000,0x000000076b800000,0x0000000775980000)
  from space 512K, 18% used [0x000000077ad00000,0x000000077ad18000,0x000000077ad80000)
  to   space 2048K, 0% used [0x000000077a980000,0x000000077a980000,0x000000077ab80000)
 ParOldGen       total 173568K, used 1460K [0x00000006c2800000, 0x00000006cd180000, 0x000000076b800000)
  object space 173568K, 0% used [0x00000006c2800000,0x00000006c296d0a8,0x00000006cd180000)
 Metaspace       used 7956K, capacity 8486K, committed 8704K, reserved 1056768K
  class space    used 642K, capacity 658K, committed 768K, reserved 1048576K
}

Deoptimization events (10 events):
Event: 0.125 Thread 0x000000001e290000 Uncommon trap: reason=unstable_if action=reinterpret pc=0x000000000276a9a4 method=java.util.HashMap$HashIterator.<init>(Ljava/util/HashMap;)V @ 38
Event: 0.133 Thread 0x000000001e290000 Uncommon trap: reason=bimorphic action=maybe_recompile pc=0x00000000027781b4 method=java.util.HashMap.getNode(ILjava/lang/Object;)Ljava/util/HashMap$Node; @ 126
Event: 0.410 Thread 0x000000001e290000 Uncommon trap: reason=bimorphic action=maybe_recompile pc=0x00000000027781b4 method=java.util.HashMap.getNode(ILjava/lang/Object;)Ljava/util/HashMap$Node; @ 126
Event: 0.411 Thread 0x000000001e290000 Uncommon trap: reason=bimorphic action=maybe_recompile pc=0x00000000027781b4 method=java.util.HashMap.getNode(ILjava/lang/Object;)Ljava/util/HashMap$Node; @ 126
Event: 0.416 Thread 0x000000001e290000 Uncommon trap: reason=unstable_if action=reinterpret pc=0x000000000276ac18 method=java.util.HashMap.keySet()Ljava/util/Set; @ 6
Event: 0.660 Thread 0x000000001e290000 Uncommon trap: reason=unstable_if action=reinterpret pc=0x000000000276a6c4 method=java.util.HashMap.clear()V @ 16
Event: 0.660 Thread 0x000000001e290000 Uncommon trap: reason=unstable_if action=reinterpret pc=0x000000000276bc58 method=java.util.HashMap.clear()V @ 16
Event: 0.660 Thread 0x0000000000bfe000 Uncommon trap: reason=unstable_if action=reinterpret pc=0x00000000027973b0 method=main.coreEngine.TickableThread.invoke(Ljava/lang/String;[Ljava/lang/Object;)V @ 53
Event: 0.660 Thread 0x000000001e291000 Uncommon trap: reason=unstable_if action=reinterpret pc=0x0000000002795cb4 method=main.coreEngine.TickableThread.run()V @ 58
Event: 0.777 Thread 0x000000001e291000 Uncommon trap: reason=unstable_if action=reinterpret pc=0x000000000289eb24 method=main.coreEngine.TickableThread.run()V @ 461

Internal exceptions (8 events):
Event: 0.021 Thread 0x0000000000bfe000 Exception <a 'java/lang/NoSuchMethodError': Method sun.misc.Unsafe.defineClass(Ljava/lang/String;[BII)Ljava/lang/Class; name or signature does not match> (0x000000076b80d9b8) thrown at [C:\workspace\8-2-build-windows-amd64-cygwin\jdk8u65\4987\hotspot\src\sóÕr`­ñ•?
Event: 0.021 Thread 0x0000000000bfe000 Exception <a 'java/lang/NoSuchMethodError': Method sun.misc.Unsafe.prefetchRead(Ljava/lang/Object;J)V name or signature does not match> (0x000000076b80dca0) thrown at [C:\workspace\8-2-build-windows-amd64-cygwin\jdk8u65\4987\hotspot\src\share\vm\prims\jni.š¾`O–XÃ?
Event: 0.151 Thread 0x000000001e290000 Exception <a 'java/lang/ArrayIndexOutOfBoundsException': -1> (0x000000076c9ad350) thrown at [C:\workspace\8-2-build-windows-amd64-cygwin\jdk8u65\4987\hotspot\src\share\vm\interpreter\interpreterRuntime.cpp, line 366]
Event: 0.411 Thread 0x000000001e290000 Exception <a 'java/security/PrivilegedActionException'> (0x000000076e0056d0) thrown at [C:\workspace\8-2-build-windows-amd64-cygwin\jdk8u65\4987\hotspot\src\share\vm\prims\jvm.cpp, line 1386]
Event: 0.411 Thread 0x000000001e290000 Exception <a 'java/security/PrivilegedActionException'> (0x000000076e005ac8) thrown at [C:\workspace\8-2-build-windows-amd64-cygwin\jdk8u65\4987\hotspot\src\share\vm\prims\jvm.cpp, line 1386]
Event: 0.411 Thread 0x000000001e290000 Exception <a 'java/security/PrivilegedActionException'> (0x000000076e009ce0) thrown at [C:\workspace\8-2-build-windows-amd64-cygwin\jdk8u65\4987\hotspot\src\share\vm\prims\jvm.cpp, line 1386]
Event: 0.411 Thread 0x000000001e290000 Exception <a 'java/security/PrivilegedActionException'> (0x000000076e00a0d8) thrown at [C:\workspace\8-2-build-windows-amd64-cygwin\jdk8u65\4987\hotspot\src\share\vm\prims\jvm.cpp, line 1386]
Event: 0.660 Thread 0x0000000000bfe000 Implicit null exception at 0x0000000002796dbc to 0x0000000002797389

Events (10 events):
Event: 2.099 Executing VM operation: ParallelGCFailedAllocation
Event: 2.099 Executing VM operation: ParallelGCFailedAllocation done
Event: 2.253 Executing VM operation: ParallelGCFailedAllocation
Event: 2.253 Executing VM operation: ParallelGCFailedAllocation done
Event: 2.414 Executing VM operation: ParallelGCFailedAllocation
Event: 2.414 Executing VM operation: ParallelGCFailedAllocation done
Event: 2.555 Executing VM operation: ParallelGCFailedAllocation
Event: 2.555 Executing VM operation: ParallelGCFailedAllocation done
Event: 2.679 Executing VM operation: ParallelGCFailedAllocation
Event: 2.680 Executing VM operation: ParallelGCFailedAllocation done


Dynamic libraries:
0x00007ff7d2c20000 - 0x00007ff7d2c57000 	C:\Program Files\Java\jdk1.8.0_65\bin\java.exe
0x00007ffde4980000 - 0x00007ffde4b41000 	C:\WINDOWS\SYSTEM32\ntdll.dll
0x00007ffde42a0000 - 0x00007ffde434d000 	C:\WINDOWS\system32\KERNEL32.DLL
0x00007ffde19f0000 - 0x00007ffde1bd8000 	C:\WINDOWS\system32\KERNELBASE.dll
0x00007ffde1e70000 - 0x00007ffde1f17000 	C:\WINDOWS\system32\ADVAPI32.dll
0x00007ffde3800000 - 0x00007ffde389d000 	C:\WINDOWS\system32\msvcrt.dll
0x00007ffde1e10000 - 0x00007ffde1e6b000 	C:\WINDOWS\system32\sechost.dll
0x00007ffde3bd0000 - 0x00007ffde3cec000 	C:\WINDOWS\system32\RPCRT4.dll
0x00007ffde3fe0000 - 0x00007ffde4136000 	C:\WINDOWS\system32\USER32.dll
0x00007ffde3cf0000 - 0x00007ffde3e76000 	C:\WINDOWS\system32\GDI32.dll
0x00007ffddd690000 - 0x00007ffddd904000 	C:\WINDOWS\WinSxS\amd64_microsoft.windows.common-controls_6595b64144ccf1df_6.0.10586.0_none_8c15ae12515e1c22\COMCTL32.dll
0x00007ffde3950000 - 0x00007ffde3bcd000 	C:\WINDOWS\system32\combase.dll
0x00007ffde1cf0000 - 0x00007ffde1d5a000 	C:\WINDOWS\system32\bcryptPrimitives.dll
0x00007ffde1dc0000 - 0x00007ffde1dfb000 	C:\WINDOWS\system32\IMM32.DLL
0x0000000070c90000 - 0x0000000070d62000 	C:\Program Files\Java\jdk1.8.0_65\jre\bin\msvcr100.dll
0x0000000070400000 - 0x0000000070c89000 	C:\Program Files\Java\jdk1.8.0_65\jre\bin\server\jvm.dll
0x00007ffde4290000 - 0x00007ffde4298000 	C:\WINDOWS\system32\PSAPI.DLL
0x00007ffdd8550000 - 0x00007ffdd8559000 	C:\WINDOWS\SYSTEM32\WSOCK32.dll
0x00007ffddf730000 - 0x00007ffddf753000 	C:\WINDOWS\SYSTEM32\WINMM.dll
0x00007ffddd9c0000 - 0x00007ffddd9ca000 	C:\WINDOWS\SYSTEM32\VERSION.dll
0x00007ffde4470000 - 0x00007ffde44db000 	C:\WINDOWS\system32\WS2_32.dll
0x00007ffddf6d0000 - 0x00007ffddf6fc000 	C:\WINDOWS\SYSTEM32\WINMMBASE.dll
0x00007ffde1be0000 - 0x00007ffde1c23000 	C:\WINDOWS\system32\cfgmgr32.dll
0x00000000703f0000 - 0x00000000703ff000 	C:\Program Files\Java\jdk1.8.0_65\jre\bin\verify.dll
0x00000000703c0000 - 0x00000000703e9000 	C:\Program Files\Java\jdk1.8.0_65\jre\bin\java.dll
0x0000000070380000 - 0x00000000703b5000 	C:\Program Files\Java\jdk1.8.0_65\jre\bin\jdwp.dll
0x0000000070370000 - 0x0000000070378000 	C:\Program Files\Java\jdk1.8.0_65\jre\bin\npt.dll
0x0000000070350000 - 0x0000000070366000 	C:\Program Files\Java\jdk1.8.0_65\jre\bin\zip.dll
0x00007ffde1f80000 - 0x00007ffde34dc000 	C:\WINDOWS\system32\SHELL32.dll
0x00007ffde11d0000 - 0x00007ffde1815000 	C:\WINDOWS\system32\windows.storage.dll
0x00007ffde36b0000 - 0x00007ffde3702000 	C:\WINDOWS\system32\shlwapi.dll
0x00007ffde0fb0000 - 0x00007ffde0fbf000 	C:\WINDOWS\system32\kernel.appcore.dll
0x00007ffde1c30000 - 0x00007ffde1ce5000 	C:\WINDOWS\system32\shcore.dll
0x00007ffde0fc0000 - 0x00007ffde100b000 	C:\WINDOWS\system32\powrprof.dll
0x00007ffde0f80000 - 0x00007ffde0f94000 	C:\WINDOWS\system32\profapi.dll
0x0000000070340000 - 0x0000000070349000 	C:\Program Files\Java\jdk1.8.0_65\jre\bin\dt_socket.dll
0x00007ffde08b0000 - 0x00007ffde090c000 	C:\WINDOWS\system32\mswsock.dll
0x00007ffdc1020000 - 0x00007ffdc10a8000 	D:\Code\Java\Projects\WireEngine20\lib\native\lwjgl.dll
0x00007ffde0a80000 - 0x00007ffde0a8b000 	C:\WINDOWS\SYSTEM32\CRYPTBASE.DLL
0x00007ffdd4700000 - 0x00007ffdd4742000 	D:\Code\Java\Projects\WireEngine20\lib\native\jemalloc.dll
0x00007ffdc0fe0000 - 0x00007ffdc1018000 	D:\Code\Java\Projects\WireEngine20\lib\native\glfw.dll
0x00007ffddf850000 - 0x00007ffddf8e6000 	C:\WINDOWS\system32\uxtheme.dll
0x00007ffdde650000 - 0x00007ffdde672000 	C:\WINDOWS\SYSTEM32\dwmapi.dll
0x00007ffdc9d10000 - 0x00007ffdc9e39000 	C:\WINDOWS\SYSTEM32\opengl32.dll
0x00007ffdcc690000 - 0x00007ffdcc6be000 	C:\WINDOWS\SYSTEM32\GLU32.dll
0x00007ffdc8ba0000 - 0x00007ffdc8c9a000 	C:\WINDOWS\SYSTEM32\DDRAW.dll
0x00007ffdd3d80000 - 0x00007ffdd3d88000 	C:\WINDOWS\SYSTEM32\DCIMAN32.dll
0x00007ffde3e80000 - 0x00007ffde3fda000 	C:\WINDOWS\system32\MSCTF.dll
0x00007ffdc3f50000 - 0x00007ffdc3f99000 	C:\Program Files (x86)\TeamViewer\tv_x64.dll
0x00007ffde4140000 - 0x00007ffde4283000 	C:\WINDOWS\system32\ole32.dll
0x000000006e5f0000 - 0x0000000070339000 	C:\WINDOWS\SYSTEM32\nvoglv64.DLL
0x00007ffde4550000 - 0x00007ffde4979000 	C:\WINDOWS\system32\SETUPAPI.dll
0x00007ffddf2f0000 - 0x00007ffddf303000 	C:\WINDOWS\SYSTEM32\WTSAPI32.dll
0x00007ffddf9a0000 - 0x00007ffddf9c7000 	C:\WINDOWS\SYSTEM32\DEVOBJ.dll
0x00007ffde1170000 - 0x00007ffde11c5000 	C:\WINDOWS\system32\WINTRUST.dll
0x00007ffde0fa0000 - 0x00007ffde0fb0000 	C:\WINDOWS\system32\MSASN1.dll
0x00007ffde1820000 - 0x00007ffde19e7000 	C:\WINDOWS\system32\CRYPT32.dll
0x00007ffde04d0000 - 0x00007ffde0501000 	C:\WINDOWS\SYSTEM32\ntmarta.dll
0x00007ffde0220000 - 0x00007ffde0276000 	C:\WINDOWS\SYSTEM32\WINSTA.dll
0x00007ffde38a0000 - 0x00007ffde3947000 	C:\WINDOWS\system32\clbcatq.dll
0x00007ffdb9de0000 - 0x00007ffdb9f6c000 	C:\WINDOWS\SYSTEM32\dbghelp.dll

VM Arguments:
jvm_args: -agentlib:jdwp=transport=dt_socket,address=127.0.0.1:61701,suspend=y,server=n -Djava.library.path=lib/native/ -Dfile.encoding=UTF-8 
java_command: main.Main
java_class_path (initial): C:\Program Files\Java\jdk1.8.0_65\jre\lib\charsets.jar;C:\Program Files\Java\jdk1.8.0_65\jre\lib\deploy.jar;C:\Program Files\Java\jdk1.8.0_65\jre\lib\ext\access-bridge-64.jar;C:\Program Files\Java\jdk1.8.0_65\jre\lib\ext\cldrdata.jar;C:\Program Files\Java\jdk1.8.0_65\jre\lib\ext\dnsns.jar;C:\Program Files\Java\jdk1.8.0_65\jre\lib\ext\jaccess.jar;C:\Program Files\Java\jdk1.8.0_65\jre\lib\ext\jfxrt.jar;C:\Program Files\Java\jdk1.8.0_65\jre\lib\ext\localedata.jar;C:\Program Files\Java\jdk1.8.0_65\jre\lib\ext\nashorn.jar;C:\Program Files\Java\jdk1.8.0_65\jre\lib\ext\sunec.jar;C:\Program Files\Java\jdk1.8.0_65\jre\lib\ext\sunjce_provider.jar;C:\Program Files\Java\jdk1.8.0_65\jre\lib\ext\sunmscapi.jar;C:\Program Files\Java\jdk1.8.0_65\jre\lib\ext\sunpkcs11.jar;C:\Program Files\Java\jdk1.8.0_65\jre\lib\ext\zipfs.jar;C:\Program Files\Java\jdk1.8.0_65\jre\lib\javaws.jar;C:\Program Files\Java\jdk1.8.0_65\jre\lib\jce.jar;C:\Program Files\Java\jdk1.8.0_65\jre\lib\jfr.jar;C:\Program Files\Java\jdk1.8.0_65\jre\lib\jfxswt.jar;C:\Program Files\Java\jdk1.8.0_65\jre\lib\jsse.jar;C:\Program Files\Java\jdk1.8.0_65\jre\lib\management-agent.jar;C:\Program Files\Java\jdk1.8.0_65\jre\lib\plugin.jar;C:\Program Files\Java\jdk1.8.0_65\jre\lib\resources.jar;C:\Program Files\Java\jdk1.8.0_65\jre\lib\rt.jar;D:\Code\Java\Projects\WireEngine20\out\production\WireEngine20;D:\Code\Java\Projects\WireEngine20\lib\jar\lwjgl.jar;D:\Program Files (x86)\JetBrains\IntelliJ IDEA 2016.1\lib\idea_rt.jar
Launcher Type: SUN_STANDARD

Environment Variables:
JAVA_HOME=C:\Program Files\Java\jdk1.8.0_65
PATH=C:\ProgramData\Oracle\Java\javapath;C:\Program Files (x86)\Razer Chroma SDK\bin;C:\Program Files\Razer Chroma SDK\bin;C:\Program Files (x86)\NVIDIA Corporation\PhysX\Common;C:\Program Files (x86)\Intel\iCLS Client\;C:\Program Files\Intel\iCLS Client\;C:\Windows\system32;C:\Windows;C:\Windows\System32\Wbem;C:\Windows\System32\WindowsPowerShell\v1.0\;C:\Program Files\Intel\Intel(R) Management Engine Components\DAL;C:\Program Files (x86)\Intel\Intel(R) Management Engine Components\DAL;C:\Program Files\Intel\Intel(R) Management Engine Components\IPT;C:\Program Files (x86)\Intel\Intel(R) Management Engine Components\IPT;C:\Program Files\Java\jre1.8.0_65\bin;C:\MinGW\bin;C:\WINDOWS\system32;C:\WINDOWS;C:\WINDOWS\System32\Wbem;C:\WINDOWS\System32\WindowsPowerShell\v1.0\;D:\Program Files (x86)\CMake\bin;D:\Program Files\Programs\Python\Python35-32;D:\Program Files\Programs\Python\Python35-32\Scripts;C:\Program Files (x86)\Skype\Phone\;D:\Program Files\Programs\Python\Python35-32\Scripts\;D:\Program Files\Programs\Python\Python35-32\
USERNAME=Kelan
OS=Windows_NT
PROCESSOR_IDENTIFIER=Intel64 Family 6 Model 60 Stepping 3, GenuineIntel



---------------  S Y S T E M  ---------------

OS: Windows 10.0 , 64 bit Build 10586 (10.0.10586.0)

CPU:total 8 (4 cores per cpu, 2 threads per core) family 6 model 60 stepping 3, cmov, cx8, fxsr, mmx, sse, sse2, sse3, ssse3, sse4.1, sse4.2, popcnt, avx, avx2, aes, clmul, erms, lzcnt, ht, tsc, tscinvbit, bmi1, bmi2

Memory: 4k page, physical 16609500k(5359532k free), swap 33386716k(19608392k free)

vm_info: Java HotSpot(TM) 64-Bit Server VM (25.65-b01) for windows-amd64 JRE (1.8.0_65-b17), built on Oct  6 2015 16:39:20 by "java_re" with MS VC++ 10.0 (VS2010)

time: Sat Apr 09 16:53:09 2016
elapsed time: 2 seconds (0d 0h 0m 2s)

