#
# A fatal error has been detected by the Java Runtime Environment:
#
#  EXCEPTION_ACCESS_VIOLATION (0xc0000005) at pc=0x00007ffdd40d24b9, pid=3396, tid=11368
#
# JRE version: Java(TM) SE Runtime Environment (8.0_65-b17) (build 1.8.0_65-b17)
# Java VM: Java HotSpot(TM) 64-Bit Server VM (25.65-b01 mixed mode windows-amd64 compressed oops)
# Problematic frame:
# C  [glfw.dll+0x24b9]
#
# Failed to write core dump. Minidumps are not enabled by default on client versions of Windows
#
# If you would like to submit a bug report, please visit:
#   http://bugreport.java.com/bugreport/crash.jsp
# The crash happened outside the Java Virtual Machine in native code.
# See problematic frame for where to report the bug.
#

---------------  T H R E A D  ---------------

Current thread (0x000000001e20b800):  JavaThread "CLIENT" [_thread_in_native, id=11368, stack(0x000000001ef20000,0x000000001f020000)]

siginfo: ExceptionCode=0xc0000005, reading address 0x0000000000000000

Registers:
RAX=0x0000000000000000, RBX=0x000000001b9dec50, RCX=0x0000000000000000, RDX=0x0000000000000000
RSP=0x000000001f01ee80, RBP=0x000000001f01ef10, RSI=0x0000000000000108, RDI=0x000000000053a700
R8 =0x000000001f01ee78, R9 =0x000000001f01ef10, R10=0x0000000000000000, R11=0x0000000000000246
R12=0x0000000000000000, R13=0x000000001f01ef28, R14=0x000000001f01ef00, R15=0x000000001e20b800
RIP=0x00007ffdd40d24b9, EFLAGS=0x0000000000010287

Top of Stack: (sp=0x000000001f01ee80)
0x000000001f01ee80:   0000000000000000 0000000000000108
0x000000001f01ee90:   000000001b985390 000000001bf60b00
0x000000001f01eea0:   00000000000033ce 00000000028878ca
0x000000001f01eeb0:   000000001b9dec50 000000007052aea4
0x000000001f01eec0:   000000001e20b800 000000001e20b800
0x000000001f01eed0:   000000001e20b800 0000000000000000
0x000000001f01eee0:   000000001e1d8370 00000000704b5eba
0x000000001f01eef0:   000000001f01f688 000000001f01ef88
0x000000001f01ef00:   00000006c2802a98 00000000000033cd
0x000000001f01ef10:   000000001f01ef88 00000000025c7d8d
0x000000001f01ef20:   00000000025c7d8d 000000000053a700
0x000000001f01ef30:   00000000025c78a0 00007ffdd40d2420
0x000000001f01ef40:   0000000000000001 000000001f01ef48
0x000000001f01ef50:   000000001b9f8a8c 000000001f01efb0
0x000000001f01ef60:   000000001b9faa50 0000000000000000
0x000000001f01ef70:   000000001b9f8ab8 000000001f01ef28 

Instructions: (pc=0x00007ffdd40d24b9)
0x00007ffdd40d2499:   48 8b cf e8 1f 3a 00 00 48 39 3d f0 d5 02 00 48
0x00007ffdd40d24a9:   8d 0d e9 d5 02 00 48 8b 5c 24 30 74 08 48 8b 09
0x00007ffdd40d24b9:   48 39 39 75 f8 48 8b 07 48 89 01 48 8b cf 48 83
0x00007ffdd40d24c9:   c4 20 5f e9 5b fe 00 00 48 83 c4 20 5f c3 cc cc 


Register to memory mapping:

RAX=0x0000000000000000 is an unknown value
RBX={method} {0x000000001b9dec58} 'invokePV' '(JJ)V' in 'org/lwjgl/system/JNI'
RCX=0x0000000000000000 is an unknown value
RDX=0x0000000000000000 is an unknown value
RSP=0x000000001f01ee80 is pointing into the stack for thread: 0x000000001e20b800
RBP=0x000000001f01ef10 is pointing into the stack for thread: 0x000000001e20b800
RSI=0x0000000000000108 is an unknown value
RDI=0x000000000053a700 is an unknown value
R8 =0x000000001f01ee78 is pointing into the stack for thread: 0x000000001e20b800
R9 =0x000000001f01ef10 is pointing into the stack for thread: 0x000000001e20b800
R10=0x0000000000000000 is an unknown value
R11=0x0000000000000246 is an unknown value
R12=0x0000000000000000 is an unknown value
R13=0x000000001f01ef28 is pointing into the stack for thread: 0x000000001e20b800
R14=0x000000001f01ef00 is pointing into the stack for thread: 0x000000001e20b800
R15=0x000000001e20b800 is a thread


Stack: [0x000000001ef20000,0x000000001f020000],  sp=0x000000001f01ee80,  free space=1019k
Native frames: (J=compiled Java code, j=interpreted, Vv=VM code, C=native code)
C  [glfw.dll+0x24b9]
C  0x00000000028878ca

Java frames: (J=compiled Java code, j=interpreted, Vv=VM code)
J 573  org.lwjgl.system.JNI.invokePV(JJ)V (0 bytes) @ 0x0000000002887844 [0x0000000002887800+0x44]
j  org.lwjgl.glfw.GLFW.glfwDestroyCursor(J)V+20
j  main.client.Window.destroyWindow()V+9
j  main.coreEngine.Engine.stop()V+70
J 621 C1 main.client.Window.update()V (47 bytes) @ 0x00000000027156d4 [0x0000000002714d80+0x954]
J 600 C1 main.client.renderEngine.RenderEngine.render()V (45 bytes) @ 0x000000000288db6c [0x000000000288d020+0xb4c]
J 576 C1 main.client.ClientThread.tick()V (64 bytes) @ 0x0000000002888874 [0x0000000002888340+0x534]
j  main.coreEngine.TickableThread.run()V+465
v  ~StubRoutines::call_stub

---------------  P R O C E S S  ---------------

Java Threads: ( => current thread )
  0x000000001e20c000 JavaThread "SERVER" [_thread_in_Java, id=8456, stack(0x000000001f020000,0x000000001f120000)]
=>0x000000001e20b800 JavaThread "CLIENT" [_thread_in_native, id=11368, stack(0x000000001ef20000,0x000000001f020000)]
  0x000000001e10f000 JavaThread "Service Thread" daemon [_thread_blocked, id=5584, stack(0x000000001ed20000,0x000000001ee20000)]
  0x000000001e081800 JavaThread "C1 CompilerThread3" daemon [_thread_blocked, id=5672, stack(0x000000001ec20000,0x000000001ed20000)]
  0x000000001e078800 JavaThread "C2 CompilerThread2" daemon [_thread_blocked, id=13480, stack(0x000000001eb20000,0x000000001ec20000)]
  0x000000001e078000 JavaThread "C2 CompilerThread1" daemon [_thread_blocked, id=13944, stack(0x000000001ea20000,0x000000001eb20000)]
  0x000000001e07c800 JavaThread "C2 CompilerThread0" daemon [_thread_blocked, id=6776, stack(0x000000001e920000,0x000000001ea20000)]
  0x000000001e062800 JavaThread "JDWP Command Reader" daemon [_thread_in_native, id=5212, stack(0x000000001e820000,0x000000001e920000)]
  0x000000001e05f800 JavaThread "JDWP Event Helper Thread" daemon [_thread_blocked, id=6820, stack(0x000000001e720000,0x000000001e820000)]
  0x000000001e05d000 JavaThread "JDWP Transport Listener: dt_socket" daemon [_thread_blocked, id=6572, stack(0x000000001e620000,0x000000001e720000)]
  0x000000001e046800 JavaThread "Attach Listener" daemon [_thread_blocked, id=10204, stack(0x000000001e520000,0x000000001e620000)]
  0x000000001e045800 JavaThread "Signal Dispatcher" daemon [_thread_blocked, id=4004, stack(0x000000001e420000,0x000000001e520000)]
  0x00000000025ba000 JavaThread "Finalizer" daemon [_thread_blocked, id=8716, stack(0x000000001de40000,0x000000001df40000)]
  0x00000000025b3000 JavaThread "Reference Handler" daemon [_thread_blocked, id=12644, stack(0x000000001dd40000,0x000000001de40000)]
  0x000000000244e000 JavaThread "main" [_thread_in_Java, id=6956, stack(0x00000000022d0000,0x00000000023d0000)]

Other Threads:
  0x000000001bf59800 VMThread [stack: 0x000000001dc40000,0x000000001dd40000] [id=8708]
  0x000000001e131800 WatcherThread [stack: 0x000000001ee20000,0x000000001ef20000] [id=6508]

VM state:not at safepoint (normal execution)

VM Mutex/Monitor currently owned by a thread: None

Heap:
 PSYoungGen      total 51712K, used 29297K [0x000000076b800000, 0x0000000779400000, 0x00000007c0000000)
  eden space 51200K, 57% used [0x000000076b800000,0x000000076d48c748,0x000000076ea00000)
  from space 512K, 12% used [0x0000000779300000,0x0000000779310000,0x0000000779380000)
  to   space 512K, 0% used [0x0000000779380000,0x0000000779380000,0x0000000779400000)
 ParOldGen       total 173568K, used 1694K [0x00000006c2800000, 0x00000006cd180000, 0x000000076b800000)
  object space 173568K, 0% used [0x00000006c2800000,0x00000006c29a7a80,0x00000006cd180000)
 Metaspace       used 8094K, capacity 8646K, committed 8960K, reserved 1056768K
  class space    used 646K, capacity 690K, committed 768K, reserved 1048576K

Card table byte_map: [0x0000000011980000,0x0000000012170000] byte_map_base: 0x000000000e36c000

Marking Bits: (ParMarkBitMap*) 0x0000000070c0a5b0
 Begin Bits: [0x0000000012ec0000, 0x0000000016e20000)
 End Bits:   [0x0000000016e20000, 0x000000001ad80000)

Polling page: 0x0000000000b90000

CodeCache: size=245760Kb used=2856Kb max_used=2984Kb free=242903Kb
 bounds [0x00000000025c0000, 0x00000000028c0000, 0x00000000115c0000]
 total_blobs=1218 nmethods=572 adapters=567
 compilation: enabled

Compilation events (10 events):
Event: 33.493 Thread 0x000000001e07c800  642       4       main.client.renderEngine.shader.AbstractShaderProgram::setUniform (428 bytes)
Event: 33.519 Thread 0x000000001e07c800 nmethod 642 0x0000000002843590 code [0x0000000002843820, 0x0000000002845258]
Event: 46.942 Thread 0x000000001e078000  643       4       java.nio.DirectIntBufferU::get (16 bytes)
Event: 46.943 Thread 0x000000001e078000 nmethod 643 0x00000000026c0050 code [0x00000000026c0180, 0x00000000026c0238]
Event: 46.993 Thread 0x000000001e078800  644       4       org.lwjgl.glfw.GLFW::glfwGetWindowSize (37 bytes)
Event: 46.994 Thread 0x000000001e078800 nmethod 644 0x0000000002812390 code [0x00000000028124e0, 0x0000000002812668]
Event: 64.009 Thread 0x000000001e078000  645       4       main.coreEngine.util.maths.Matrix4f::translate (166 bytes)
Event: 64.010 Thread 0x000000001e078000 nmethod 645 0x0000000002701790 code [0x00000000027018e0, 0x0000000002701a98]
Event: 64.976 Thread 0x000000001e07c800  646       4       java.util.ArrayList::add (29 bytes)
Event: 64.978 Thread 0x000000001e07c800 nmethod 646 0x0000000002704410 code [0x0000000002704560, 0x0000000002704748]

GC Heap History (10 events):
Event: 67.346 GC heap before
{Heap before GC invocations=1197 (full 0):
 PSYoungGen      total 45056K, used 44672K [0x000000076b800000, 0x0000000779400000, 0x00000007c0000000)
  eden space 44544K, 100% used [0x000000076b800000,0x000000076e380000,0x000000076e380000)
  from space 512K, 25% used [0x0000000779380000,0x00000007793a0000,0x0000000779400000)
  to   space 512K, 0% used [0x0000000779300000,0x0000000779300000,0x0000000779380000)
 ParOldGen       total 173568K, used 1670K [0x00000006c2800000, 0x00000006cd180000, 0x000000076b800000)
  object space 173568K, 0% used [0x00000006c2800000,0x00000006c29a1a80,0x00000006cd180000)
 Metaspace       used 8094K, capacity 8646K, committed 8960K, reserved 1056768K
  class space    used 646K, capacity 690K, committed 768K, reserved 1048576K
Event: 67.346 GC heap after
Heap after GC invocations=1197 (full 0):
 PSYoungGen      total 44544K, used 160K [0x000000076b800000, 0x0000000779400000, 0x00000007c0000000)
  eden space 44032K, 0% used [0x000000076b800000,0x000000076b800000,0x000000076e300000)
  from space 512K, 31% used [0x0000000779300000,0x0000000779328000,0x0000000779380000)
  to   space 512K, 0% used [0x0000000779380000,0x0000000779380000,0x0000000779400000)
 ParOldGen       total 173568K, used 1670K [0x00000006c2800000, 0x00000006cd180000, 0x000000076b800000)
  object space 173568K, 0% used [0x00000006c2800000,0x00000006c29a1a80,0x00000006cd180000)
 Metaspace       used 8094K, capacity 8646K, committed 8960K, reserved 1056768K
  class space    used 646K, capacity 690K, committed 768K, reserved 1048576K
}
Event: 67.383 GC heap before
{Heap before GC invocations=1198 (full 0):
 PSYoungGen      total 44544K, used 44192K [0x000000076b800000, 0x0000000779400000, 0x00000007c0000000)
  eden space 44032K, 100% used [0x000000076b800000,0x000000076e300000,0x000000076e300000)
  from space 512K, 31% used [0x0000000779300000,0x0000000779328000,0x0000000779380000)
  to   space 512K, 0% used [0x0000000779380000,0x0000000779380000,0x0000000779400000)
 ParOldGen       total 173568K, used 1670K [0x00000006c2800000, 0x00000006cd180000, 0x000000076b800000)
  object space 173568K, 0% used [0x00000006c2800000,0x00000006c29a1a80,0x00000006cd180000)
 Metaspace       used 8094K, capacity 8646K, committed 8960K, reserved 1056768K
  class space    used 646K, capacity 690K, committed 768K, reserved 1048576K
Event: 67.383 GC heap after
Heap after GC invocations=1198 (full 0):
 PSYoungGen      total 44032K, used 96K [0x000000076b800000, 0x0000000779400000, 0x00000007c0000000)
  eden space 43520K, 0% used [0x000000076b800000,0x000000076b800000,0x000000076e280000)
  from space 512K, 18% used [0x0000000779380000,0x0000000779398000,0x0000000779400000)
  to   space 512K, 0% used [0x0000000779300000,0x0000000779300000,0x0000000779380000)
 ParOldGen       total 173568K, used 1670K [0x00000006c2800000, 0x00000006cd180000, 0x000000076b800000)
  object space 173568K, 0% used [0x00000006c2800000,0x00000006c29a1a80,0x00000006cd180000)
 Metaspace       used 8094K, capacity 8646K, committed 8960K, reserved 1056768K
  class space    used 646K, capacity 690K, committed 768K, reserved 1048576K
}
Event: 67.429 GC heap before
{Heap before GC invocations=1199 (full 0):
 PSYoungGen      total 44032K, used 43616K [0x000000076b800000, 0x0000000779400000, 0x00000007c0000000)
  eden space 43520K, 100% used [0x000000076b800000,0x000000076e280000,0x000000076e280000)
  from space 512K, 18% used [0x0000000779380000,0x0000000779398000,0x0000000779400000)
  to   space 512K, 0% used [0x0000000779300000,0x0000000779300000,0x0000000779380000)
 ParOldGen       total 173568K, used 1670K [0x00000006c2800000, 0x00000006cd180000, 0x000000076b800000)
  object space 173568K, 0% used [0x00000006c2800000,0x00000006c29a1a80,0x00000006cd180000)
 Metaspace       used 8094K, capacity 8646K, committed 8960K, reserved 1056768K
  class space    used 646K, capacity 690K, committed 768K, reserved 1048576K
Event: 67.430 GC heap after
Heap after GC invocations=1199 (full 0):
 PSYoungGen      total 43520K, used 128K [0x000000076b800000, 0x0000000779400000, 0x00000007c0000000)
  eden space 43008K, 0% used [0x000000076b800000,0x000000076b800000,0x000000076e200000)
  from space 512K, 25% used [0x0000000779300000,0x0000000779320000,0x0000000779380000)
  to   space 512K, 0% used [0x0000000779380000,0x0000000779380000,0x0000000779400000)
 ParOldGen       total 173568K, used 1670K [0x00000006c2800000, 0x00000006cd180000, 0x000000076b800000)
  object space 173568K, 0% used [0x00000006c2800000,0x00000006c29a1a80,0x00000006cd180000)
 Metaspace       used 8094K, capacity 8646K, committed 8960K, reserved 1056768K
  class space    used 646K, capacity 690K, committed 768K, reserved 1048576K
}
Event: 67.479 GC heap before
{Heap before GC invocations=1200 (full 0):
 PSYoungGen      total 43520K, used 43136K [0x000000076b800000, 0x0000000779400000, 0x00000007c0000000)
  eden space 43008K, 100% used [0x000000076b800000,0x000000076e200000,0x000000076e200000)
  from space 512K, 25% used [0x0000000779300000,0x0000000779320000,0x0000000779380000)
  to   space 512K, 0% used [0x0000000779380000,0x0000000779380000,0x0000000779400000)
 ParOldGen       total 173568K, used 1670K [0x00000006c2800000, 0x00000006cd180000, 0x000000076b800000)
  object space 173568K, 0% used [0x00000006c2800000,0x00000006c29a1a80,0x00000006cd180000)
 Metaspace       used 8094K, capacity 8646K, committed 8960K, reserved 1056768K
  class space    used 646K, capacity 690K, committed 768K, reserved 1048576K
Event: 67.480 GC heap after
Heap after GC invocations=1200 (full 0):
 PSYoungGen      total 43008K, used 128K [0x000000076b800000, 0x0000000779400000, 0x00000007c0000000)
  eden space 42496K, 0% used [0x000000076b800000,0x000000076b800000,0x000000076e180000)
  from space 512K, 25% used [0x0000000779380000,0x00000007793a0000,0x0000000779400000)
  to   space 512K, 0% used [0x0000000779300000,0x0000000779300000,0x0000000779380000)
 ParOldGen       total 173568K, used 1670K [0x00000006c2800000, 0x00000006cd180000, 0x000000076b800000)
  object space 173568K, 0% used [0x00000006c2800000,0x00000006c29a1a80,0x00000006cd180000)
 Metaspace       used 8094K, capacity 8646K, committed 8960K, reserved 1056768K
  class space    used 646K, capacity 690K, committed 768K, reserved 1048576K
}
Event: 67.516 GC heap before
{Heap before GC invocations=1201 (full 0):
 PSYoungGen      total 43008K, used 42624K [0x000000076b800000, 0x0000000779400000, 0x00000007c0000000)
  eden space 42496K, 100% used [0x000000076b800000,0x000000076e180000,0x000000076e180000)
  from space 512K, 25% used [0x0000000779380000,0x00000007793a0000,0x0000000779400000)
  to   space 512K, 0% used [0x0000000779300000,0x0000000779300000,0x0000000779380000)
 ParOldGen       total 173568K, used 1670K [0x00000006c2800000, 0x00000006cd180000, 0x000000076b800000)
  object space 173568K, 0% used [0x00000006c2800000,0x00000006c29a1a80,0x00000006cd180000)
 Metaspace       used 8094K, capacity 8646K, committed 8960K, reserved 1056768K
  class space    used 646K, capacity 690K, committed 768K, reserved 1048576K
Event: 67.517 GC heap after
Heap after GC invocations=1201 (full 0):
 PSYoungGen      total 51712K, used 64K [0x000000076b800000, 0x0000000779400000, 0x00000007c0000000)
  eden space 51200K, 0% used [0x000000076b800000,0x000000076b800000,0x000000076ea00000)
  from space 512K, 12% used [0x0000000779300000,0x0000000779310000,0x0000000779380000)
  to   space 512K, 0% used [0x0000000779380000,0x0000000779380000,0x0000000779400000)
 ParOldGen       total 173568K, used 1694K [0x00000006c2800000, 0x00000006cd180000, 0x000000076b800000)
  object space 173568K, 0% used [0x00000006c2800000,0x00000006c29a7a80,0x00000006cd180000)
 Metaspace       used 8094K, capacity 8646K, committed 8960K, reserved 1056768K
  class space    used 646K, capacity 690K, committed 768K, reserved 1048576K
}

Deoptimization events (10 events):
Event: 0.454 Thread 0x000000001e20b800 Uncommon trap: reason=bimorphic action=maybe_recompile pc=0x000000000270c780 method=java.util.HashMap.getNode(ILjava/lang/Object;)Ljava/util/HashMap$Node; @ 126
Event: 0.454 Thread 0x000000001e20b800 Uncommon trap: reason=bimorphic action=maybe_recompile pc=0x000000000270c780 method=java.util.HashMap.getNode(ILjava/lang/Object;)Ljava/util/HashMap$Node; @ 126
Event: 0.458 Thread 0x000000001e20b800 Uncommon trap: reason=unstable_if action=reinterpret pc=0x0000000002701918 method=java.util.HashMap.keySet()Ljava/util/Set; @ 6
Event: 0.915 Thread 0x000000001e20b800 Uncommon trap: reason=unstable_if action=reinterpret pc=0x0000000002702e04 method=java.util.HashMap.clear()V @ 16
Event: 0.915 Thread 0x000000001e20b800 Uncommon trap: reason=unstable_if action=reinterpret pc=0x00000000027047d8 method=java.util.HashMap.clear()V @ 16
Event: 0.915 Thread 0x000000000244e000 Uncommon trap: reason=unstable_if action=reinterpret pc=0x000000000272ee6c method=main.coreEngine.TickableThread.invoke(Ljava/lang/String;[Ljava/lang/Object;)V @ 53
Event: 0.915 Thread 0x000000001e20b800 Uncommon trap: reason=unstable_if action=reinterpret pc=0x000000000272d798 method=java.util.HashMap.clear()V @ 16
Event: 0.915 Thread 0x000000001e20c000 Uncommon trap: reason=unstable_if action=reinterpret pc=0x000000000272d774 method=main.coreEngine.TickableThread.run()V @ 58
Event: 0.970 Thread 0x000000000244e000 Uncommon trap: reason=unstable_if action=reinterpret pc=0x000000000282b330 method=main.coreEngine.Engine.start()V @ 163
Event: 0.995 Thread 0x000000001e20c000 Uncommon trap: reason=unstable_if action=reinterpret pc=0x0000000002838778 method=main.coreEngine.TickableThread.run()V @ 461

Internal exceptions (9 events):
Event: 0.022 Thread 0x000000000244e000 Exception <a 'java/lang/NoSuchMethodError': Method sun.misc.Unsafe.defineClass(Ljava/lang/String;[BII)Ljava/lang/Class; name or signature does not match> (0x000000076b80d818) thrown at [C:\workspace\8-2-build-windows-amd64-cygwin\jdk8u65\4987\hotspot\src\s
ç¾3U–?
Event: 0.022 Thread 0x000000000244e000 Exception <a 'java/lang/NoSuchMethodError': Method sun.misc.Unsafe.prefetchRead(Ljava/lang/Object;J)V name or signature does not match> (0x000000076b80db00) thrown at [C:\workspace\8-2-build-windows-amd64-cygwin\jdk8u65\4987\hotspot\src\share\vm\prims\jni.ÏüðÄ?
Event: 0.160 Thread 0x000000001e20b800 Exception <a 'java/lang/ArrayIndexOutOfBoundsException': -1> (0x000000076cfcbe58) thrown at [C:\workspace\8-2-build-windows-amd64-cygwin\jdk8u65\4987\hotspot\src\share\vm\interpreter\interpreterRuntime.cpp, line 366]
Event: 0.454 Thread 0x000000001e20b800 Implicit null exception at 0x000000000271004f to 0x00000000027103b1
Event: 0.454 Thread 0x000000001e20b800 Exception <a 'java/security/PrivilegedActionException'> (0x000000076c47f880) thrown at [C:\workspace\8-2-build-windows-amd64-cygwin\jdk8u65\4987\hotspot\src\share\vm\prims\jvm.cpp, line 1386]
Event: 0.454 Thread 0x000000001e20b800 Exception <a 'java/security/PrivilegedActionException'> (0x000000076c47fc78) thrown at [C:\workspace\8-2-build-windows-amd64-cygwin\jdk8u65\4987\hotspot\src\share\vm\prims\jvm.cpp, line 1386]
Event: 0.454 Thread 0x000000001e20b800 Exception <a 'java/security/PrivilegedActionException'> (0x000000076c483e90) thrown at [C:\workspace\8-2-build-windows-amd64-cygwin\jdk8u65\4987\hotspot\src\share\vm\prims\jvm.cpp, line 1386]
Event: 0.454 Thread 0x000000001e20b800 Exception <a 'java/security/PrivilegedActionException'> (0x000000076c484288) thrown at [C:\workspace\8-2-build-windows-amd64-cygwin\jdk8u65\4987\hotspot\src\share\vm\prims\jvm.cpp, line 1386]
Event: 0.915 Thread 0x000000000244e000 Implicit null exception at 0x000000000272e884 to 0x000000000272ee45

Events (10 events):
Event: 67.346 Executing VM operation: ParallelGCFailedAllocation
Event: 67.346 Executing VM operation: ParallelGCFailedAllocation done
Event: 67.383 Executing VM operation: ParallelGCFailedAllocation
Event: 67.383 Executing VM operation: ParallelGCFailedAllocation done
Event: 67.429 Executing VM operation: ParallelGCFailedAllocation
Event: 67.430 Executing VM operation: ParallelGCFailedAllocation done
Event: 67.479 Executing VM operation: ParallelGCFailedAllocation
Event: 67.480 Executing VM operation: ParallelGCFailedAllocation done
Event: 67.516 Executing VM operation: ParallelGCFailedAllocation
Event: 67.517 Executing VM operation: ParallelGCFailedAllocation done


Dynamic libraries:
0x00007ff75ee90000 - 0x00007ff75eec7000 	C:\Program Files\Java\jdk1.8.0_65\bin\java.exe
0x00007ffde4980000 - 0x00007ffde4b41000 	C:\WINDOWS\SYSTEM32\ntdll.dll
0x00007ffde42a0000 - 0x00007ffde434d000 	C:\WINDOWS\system32\KERNEL32.DLL
0x00007ffde19f0000 - 0x00007ffde1bd8000 	C:\WINDOWS\system32\KERNELBASE.dll
0x00007ffde1e70000 - 0x00007ffde1f17000 	C:\WINDOWS\system32\ADVAPI32.dll
0x00007ffde3800000 - 0x00007ffde389d000 	C:\WINDOWS\system32\msvcrt.dll
0x00007ffde1e10000 - 0x00007ffde1e6b000 	C:\WINDOWS\system32\sechost.dll
0x00007ffde3bd0000 - 0x00007ffde3cec000 	C:\WINDOWS\system32\RPCRT4.dll
0x00007ffde3fe0000 - 0x00007ffde4136000 	C:\WINDOWS\system32\USER32.dll
0x00007ffde3cf0000 - 0x00007ffde3e76000 	C:\WINDOWS\system32\GDI32.dll
0x00007ffddd690000 - 0x00007ffddd904000 	C:\WINDOWS\WinSxS\amd64_microsoft.windows.common-controls_6595b64144ccf1df_6.0.10586.0_none_8c15ae12515e1c22\COMCTL32.dll
0x00007ffde3950000 - 0x00007ffde3bcd000 	C:\WINDOWS\system32\combase.dll
0x00007ffde1cf0000 - 0x00007ffde1d5a000 	C:\WINDOWS\system32\bcryptPrimitives.dll
0x00007ffde1dc0000 - 0x00007ffde1dfb000 	C:\WINDOWS\system32\IMM32.DLL
0x0000000070c90000 - 0x0000000070d62000 	C:\Program Files\Java\jdk1.8.0_65\jre\bin\msvcr100.dll
0x0000000070400000 - 0x0000000070c89000 	C:\Program Files\Java\jdk1.8.0_65\jre\bin\server\jvm.dll
0x00007ffde4290000 - 0x00007ffde4298000 	C:\WINDOWS\system32\PSAPI.DLL
0x00007ffdd8550000 - 0x00007ffdd8559000 	C:\WINDOWS\SYSTEM32\WSOCK32.dll
0x00007ffddf730000 - 0x00007ffddf753000 	C:\WINDOWS\SYSTEM32\WINMM.dll
0x00007ffddd9c0000 - 0x00007ffddd9ca000 	C:\WINDOWS\SYSTEM32\VERSION.dll
0x00007ffde4470000 - 0x00007ffde44db000 	C:\WINDOWS\system32\WS2_32.dll
0x00007ffddf6d0000 - 0x00007ffddf6fc000 	C:\WINDOWS\SYSTEM32\WINMMBASE.dll
0x00007ffde1be0000 - 0x00007ffde1c23000 	C:\WINDOWS\system32\cfgmgr32.dll
0x00000000703f0000 - 0x00000000703ff000 	C:\Program Files\Java\jdk1.8.0_65\jre\bin\verify.dll
0x00000000703c0000 - 0x00000000703e9000 	C:\Program Files\Java\jdk1.8.0_65\jre\bin\java.dll
0x0000000070380000 - 0x00000000703b5000 	C:\Program Files\Java\jdk1.8.0_65\jre\bin\jdwp.dll
0x0000000070370000 - 0x0000000070378000 	C:\Program Files\Java\jdk1.8.0_65\jre\bin\npt.dll
0x0000000070350000 - 0x0000000070366000 	C:\Program Files\Java\jdk1.8.0_65\jre\bin\zip.dll
0x00007ffde1f80000 - 0x00007ffde34dc000 	C:\WINDOWS\system32\SHELL32.dll
0x00007ffde11d0000 - 0x00007ffde1815000 	C:\WINDOWS\system32\windows.storage.dll
0x00007ffde36b0000 - 0x00007ffde3702000 	C:\WINDOWS\system32\shlwapi.dll
0x00007ffde0fb0000 - 0x00007ffde0fbf000 	C:\WINDOWS\system32\kernel.appcore.dll
0x00007ffde1c30000 - 0x00007ffde1ce5000 	C:\WINDOWS\system32\shcore.dll
0x00007ffde0fc0000 - 0x00007ffde100b000 	C:\WINDOWS\system32\powrprof.dll
0x00007ffde0f80000 - 0x00007ffde0f94000 	C:\WINDOWS\system32\profapi.dll
0x0000000070340000 - 0x0000000070349000 	C:\Program Files\Java\jdk1.8.0_65\jre\bin\dt_socket.dll
0x00007ffde08b0000 - 0x00007ffde090c000 	C:\WINDOWS\system32\mswsock.dll
0x00007ffdcf260000 - 0x00007ffdcf2e8000 	D:\Code\Java\Projects\WireEngine20\lib\native\lwjgl.dll
0x00007ffde0a80000 - 0x00007ffde0a8b000 	C:\WINDOWS\SYSTEM32\CRYPTBASE.DLL
0x00007ffdd4190000 - 0x00007ffdd41d2000 	D:\Code\Java\Projects\WireEngine20\lib\native\jemalloc.dll
0x00007ffdd40d0000 - 0x00007ffdd4108000 	D:\Code\Java\Projects\WireEngine20\lib\native\glfw.dll
0x00007ffddf850000 - 0x00007ffddf8e6000 	C:\WINDOWS\system32\uxtheme.dll
0x00007ffdde650000 - 0x00007ffdde672000 	C:\WINDOWS\SYSTEM32\dwmapi.dll
0x00007ffdc8b70000 - 0x00007ffdc8c99000 	C:\WINDOWS\SYSTEM32\opengl32.dll
0x00007ffdc6920000 - 0x00007ffdc6a1a000 	C:\WINDOWS\SYSTEM32\DDRAW.dll
0x00007ffdcd0c0000 - 0x00007ffdcd0ee000 	C:\WINDOWS\SYSTEM32\GLU32.dll
0x00007ffddaa30000 - 0x00007ffddaa38000 	C:\WINDOWS\SYSTEM32\DCIMAN32.dll
0x00007ffde3e80000 - 0x00007ffde3fda000 	C:\WINDOWS\system32\MSCTF.dll
0x00007ffdc9cc0000 - 0x00007ffdc9d09000 	C:\Program Files (x86)\TeamViewer\tv_x64.dll
0x00007ffde4140000 - 0x00007ffde4283000 	C:\WINDOWS\system32\ole32.dll
0x000000006e5f0000 - 0x0000000070339000 	C:\WINDOWS\SYSTEM32\nvoglv64.DLL
0x00007ffde4550000 - 0x00007ffde4979000 	C:\WINDOWS\system32\SETUPAPI.dll
0x00007ffddf2f0000 - 0x00007ffddf303000 	C:\WINDOWS\SYSTEM32\WTSAPI32.dll
0x00007ffddf9a0000 - 0x00007ffddf9c7000 	C:\WINDOWS\SYSTEM32\DEVOBJ.dll
0x00007ffde1170000 - 0x00007ffde11c5000 	C:\WINDOWS\system32\WINTRUST.dll
0x00007ffde0fa0000 - 0x00007ffde0fb0000 	C:\WINDOWS\system32\MSASN1.dll
0x00007ffde1820000 - 0x00007ffde19e7000 	C:\WINDOWS\system32\CRYPT32.dll
0x00007ffde04d0000 - 0x00007ffde0501000 	C:\WINDOWS\SYSTEM32\ntmarta.dll
0x00007ffde0220000 - 0x00007ffde0276000 	C:\WINDOWS\SYSTEM32\WINSTA.dll
0x00007ffde38a0000 - 0x00007ffde3947000 	C:\WINDOWS\system32\clbcatq.dll
0x00007ffdb9de0000 - 0x00007ffdb9f6c000 	C:\WINDOWS\SYSTEM32\dbghelp.dll

VM Arguments:
jvm_args: -agentlib:jdwp=transport=dt_socket,address=127.0.0.1:50005,suspend=y,server=n -Djava.library.path=lib/native/ -Dfile.encoding=UTF-8 
java_command: main.Main
java_class_path (initial): C:\Program Files\Java\jdk1.8.0_65\jre\lib\charsets.jar;C:\Program Files\Java\jdk1.8.0_65\jre\lib\deploy.jar;C:\Program Files\Java\jdk1.8.0_65\jre\lib\ext\access-bridge-64.jar;C:\Program Files\Java\jdk1.8.0_65\jre\lib\ext\cldrdata.jar;C:\Program Files\Java\jdk1.8.0_65\jre\lib\ext\dnsns.jar;C:\Program Files\Java\jdk1.8.0_65\jre\lib\ext\jaccess.jar;C:\Program Files\Java\jdk1.8.0_65\jre\lib\ext\jfxrt.jar;C:\Program Files\Java\jdk1.8.0_65\jre\lib\ext\localedata.jar;C:\Program Files\Java\jdk1.8.0_65\jre\lib\ext\nashorn.jar;C:\Program Files\Java\jdk1.8.0_65\jre\lib\ext\sunec.jar;C:\Program Files\Java\jdk1.8.0_65\jre\lib\ext\sunjce_provider.jar;C:\Program Files\Java\jdk1.8.0_65\jre\lib\ext\sunmscapi.jar;C:\Program Files\Java\jdk1.8.0_65\jre\lib\ext\sunpkcs11.jar;C:\Program Files\Java\jdk1.8.0_65\jre\lib\ext\zipfs.jar;C:\Program Files\Java\jdk1.8.0_65\jre\lib\javaws.jar;C:\Program Files\Java\jdk1.8.0_65\jre\lib\jce.jar;C:\Program Files\Java\jdk1.8.0_65\jre\lib\jfr.jar;C:\Program Files\Java\jdk1.8.0_65\jre\lib\jfxswt.jar;C:\Program Files\Java\jdk1.8.0_65\jre\lib\jsse.jar;C:\Program Files\Java\jdk1.8.0_65\jre\lib\management-agent.jar;C:\Program Files\Java\jdk1.8.0_65\jre\lib\plugin.jar;C:\Program Files\Java\jdk1.8.0_65\jre\lib\resources.jar;C:\Program Files\Java\jdk1.8.0_65\jre\lib\rt.jar;D:\Code\Java\Projects\WireEngine20\out\production\WireEngine20;D:\Code\Java\Projects\WireEngine20\lib\jar\lwjgl.jar;D:\Program Files (x86)\JetBrains\IntelliJ IDEA 2016.1\lib\idea_rt.jar
Launcher Type: SUN_STANDARD

Environment Variables:
JAVA_HOME=C:\Program Files\Java\jdk1.8.0_65
PATH=C:\ProgramData\Oracle\Java\javapath;C:\Program Files (x86)\Razer Chroma SDK\bin;C:\Program Files\Razer Chroma SDK\bin;C:\Program Files (x86)\NVIDIA Corporation\PhysX\Common;C:\Program Files (x86)\Intel\iCLS Client\;C:\Program Files\Intel\iCLS Client\;C:\Windows\system32;C:\Windows;C:\Windows\System32\Wbem;C:\Windows\System32\WindowsPowerShell\v1.0\;C:\Program Files\Intel\Intel(R) Management Engine Components\DAL;C:\Program Files (x86)\Intel\Intel(R) Management Engine Components\DAL;C:\Program Files\Intel\Intel(R) Management Engine Components\IPT;C:\Program Files (x86)\Intel\Intel(R) Management Engine Components\IPT;C:\Program Files\Java\jre1.8.0_65\bin;C:\MinGW\bin;C:\WINDOWS\system32;C:\WINDOWS;C:\WINDOWS\System32\Wbem;C:\WINDOWS\System32\WindowsPowerShell\v1.0\;D:\Program Files (x86)\CMake\bin;D:\Program Files\Programs\Python\Python35-32;D:\Program Files\Programs\Python\Python35-32\Scripts;C:\Program Files (x86)\Skype\Phone\;D:\Program Files\Programs\Python\Python35-32\Scripts\;D:\Program Files\Programs\Python\Python35-32\
USERNAME=Kelan
OS=Windows_NT
PROCESSOR_IDENTIFIER=Intel64 Family 6 Model 60 Stepping 3, GenuineIntel



---------------  S Y S T E M  ---------------

OS: Windows 10.0 , 64 bit Build 10586 (10.0.10586.0)

CPU:total 8 (4 cores per cpu, 2 threads per core) family 6 model 60 stepping 3, cmov, cx8, fxsr, mmx, sse, sse2, sse3, ssse3, sse4.1, sse4.2, popcnt, avx, avx2, aes, clmul, erms, lzcnt, ht, tsc, tscinvbit, bmi1, bmi2

Memory: 4k page, physical 16609500k(4371788k free), swap 33386716k(18563852k free)

vm_info: Java HotSpot(TM) 64-Bit Server VM (25.65-b01) for windows-amd64 JRE (1.8.0_65-b17), built on Oct  6 2015 16:39:20 by "java_re" with MS VC++ 10.0 (VS2010)

time: Sun Apr 10 13:15:02 2016
elapsed time: 67 seconds (0d 0h 1m 7s)

