#
# A fatal error has been detected by the Java Runtime Environment:
#
#  EXCEPTION_ACCESS_VIOLATION (0xc0000005) at pc=0x00007ffdd3df24b9, pid=11664, tid=864
#
# JRE version: Java(TM) SE Runtime Environment (8.0_65-b17) (build 1.8.0_65-b17)
# Java VM: Java HotSpot(TM) 64-Bit Server VM (25.65-b01 mixed mode windows-amd64 compressed oops)
# Problematic frame:
# C  [glfw.dll+0x24b9]
#
# Failed to write core dump. Minidumps are not enabled by default on client versions of Windows
#
# If you would like to submit a bug report, please visit:
#   http://bugreport.java.com/bugreport/crash.jsp
# The crash happened outside the Java Virtual Machine in native code.
# See problematic frame for where to report the bug.
#

---------------  T H R E A D  ---------------

Current thread (0x000000001e1f6800):  JavaThread "CLIENT" [_thread_in_native, id=864, stack(0x000000001eda0000,0x000000001eea0000)]

siginfo: ExceptionCode=0xc0000005, reading address 0x0000000000000000

Registers:
RAX=0x0000000000000000, RBX=0x000000001b9d7ae8, RCX=0x0000000000000000, RDX=0x0000000000000000
RSP=0x000000001ee9f1b0, RBP=0x000000001ee9f260, RSI=0x0000000000000108, RDI=0x0000000000448700
R8 =0x000000001ee9f1a8, R9 =0x000000001ee9f260, R10=0x0000000000000000, R11=0x0000000000000246
R12=0x0000000000000000, R13=0x000000001b9d7ae8, R14=0x000000001ee9f298, R15=0x000000001e1f6800
RIP=0x00007ffdd3df24b9, EFLAGS=0x0000000000010287

Top of Stack: (sp=0x000000001ee9f1b0)
0x000000001ee9f1b0:   000000001e1f6800 000000001e1f6800
0x000000001ee9f1c0:   000000001b9f0f18 000000007052d610
0x000000001ee9f1d0:   0000000000000105 00000000025d5e34
0x000000001ee9f1e0:   000000001b9d7ae8 000000001e071b00
0x000000001ee9f1f0:   000000000000000e 000000001e1f6800
0x000000001ee9f200:   000000001b9f0f18 000000007052aea4
0x000000001ee9f210:   000000001e1f6800 000000001e1f6800
0x000000001ee9f220:   000000001ee9f220 0000000000000000
0x000000001ee9f230:   000000001ee9f298 000000001b9d7c80
0x000000001ee9f240:   0000000000000000 000000001b9d7ae8
0x000000001ee9f250:   0000000000000000 000000001ee9f280
0x000000001ee9f260:   000000001ee9f2e0 00000000025c7ced
0x000000001ee9f270:   00000006c2808738 00000000025cf978
0x000000001ee9f280:   0000000000448700 00000000025c7800
0x000000001ee9f290:   00007ffdd3df2420 0000000000000001
0x000000001ee9f2a0:   000000001ee9f2a0 000000001b9f0eec 

Instructions: (pc=0x00007ffdd3df24b9)
0x00007ffdd3df2499:   48 8b cf e8 1f 3a 00 00 48 39 3d f0 d5 02 00 48
0x00007ffdd3df24a9:   8d 0d e9 d5 02 00 48 8b 5c 24 30 74 08 48 8b 09
0x00007ffdd3df24b9:   48 39 39 75 f8 48 8b 07 48 89 01 48 8b cf 48 83
0x00007ffdd3df24c9:   c4 20 5f e9 5b fe 00 00 48 83 c4 20 5f c3 cc cc 


Register to memory mapping:

RAX=0x0000000000000000 is an unknown value
RBX={method} {0x000000001b9d7af0} 'invokePV' '(JJ)V' in 'org/lwjgl/system/JNI'
RCX=0x0000000000000000 is an unknown value
RDX=0x0000000000000000 is an unknown value
RSP=0x000000001ee9f1b0 is pointing into the stack for thread: 0x000000001e1f6800
RBP=0x000000001ee9f260 is pointing into the stack for thread: 0x000000001e1f6800
RSI=0x0000000000000108 is an unknown value
RDI=0x0000000000448700 is an unknown value
R8 =0x000000001ee9f1a8 is pointing into the stack for thread: 0x000000001e1f6800
R9 =0x000000001ee9f260 is pointing into the stack for thread: 0x000000001e1f6800
R10=0x0000000000000000 is an unknown value
R11=0x0000000000000246 is an unknown value
R12=0x0000000000000000 is an unknown value
R13={method} {0x000000001b9d7af0} 'invokePV' '(JJ)V' in 'org/lwjgl/system/JNI'
R14=0x000000001ee9f298 is pointing into the stack for thread: 0x000000001e1f6800
R15=0x000000001e1f6800 is a thread


Stack: [0x000000001eda0000,0x000000001eea0000],  sp=0x000000001ee9f1b0,  free space=1020k
Native frames: (J=compiled Java code, j=interpreted, Vv=VM code, C=native code)
C  [glfw.dll+0x24b9]
C  0x00000000025d5e34

Java frames: (J=compiled Java code, j=interpreted, Vv=VM code)
j  org.lwjgl.system.JNI.invokePV(JJ)V+0
j  org.lwjgl.glfw.GLFW.glfwDestroyCursor(J)V+20
j  main.client.Window.destroyWindow()V+9
j  main.coreEngine.Engine.stop()V+70
j  main.client.Window.update()V+43
j  main.client.renderEngine.RenderEngine.render()V+29
j  main.client.ClientThread.tick()V+12
J 420% C1 main.coreEngine.TickableThread.run()V (481 bytes) @ 0x0000000002816ebc [0x00000000028126a0+0x481c]
v  ~StubRoutines::call_stub

---------------  P R O C E S S  ---------------

Java Threads: ( => current thread )
  0x000000001e1f9000 JavaThread "SERVER" [_thread_in_Java, id=9316, stack(0x000000001eea0000,0x000000001efa0000)]
=>0x000000001e1f6800 JavaThread "CLIENT" [_thread_in_native, id=864, stack(0x000000001eda0000,0x000000001eea0000)]
  0x000000001e1bc800 JavaThread "Monitor Ctrl-Break" daemon [_thread_in_native, id=5088, stack(0x000000001ec60000,0x000000001ed60000)]
  0x000000001e0f2800 JavaThread "Service Thread" daemon [_thread_blocked, id=12208, stack(0x000000001ea20000,0x000000001eb20000)]
  0x000000001e058000 JavaThread "C1 CompilerThread3" daemon [_thread_blocked, id=2248, stack(0x000000001e920000,0x000000001ea20000)]
  0x000000001e04d800 JavaThread "C2 CompilerThread2" daemon [_thread_blocked, id=1192, stack(0x000000001e820000,0x000000001e920000)]
  0x000000001e04b800 JavaThread "C2 CompilerThread1" daemon [_thread_blocked, id=6180, stack(0x000000001e720000,0x000000001e820000)]
  0x000000001e048000 JavaThread "C2 CompilerThread0" daemon [_thread_blocked, id=9096, stack(0x000000001e620000,0x000000001e720000)]
  0x000000001e046000 JavaThread "Attach Listener" daemon [_thread_blocked, id=13760, stack(0x000000001e520000,0x000000001e620000)]
  0x000000001e045000 JavaThread "Signal Dispatcher" daemon [_thread_blocked, id=5916, stack(0x000000001e420000,0x000000001e520000)]
  0x00000000025bb000 JavaThread "Finalizer" daemon [_thread_blocked, id=13920, stack(0x000000001de40000,0x000000001df40000)]
  0x00000000025b4000 JavaThread "Reference Handler" daemon [_thread_blocked, id=9876, stack(0x000000001dd40000,0x000000001de40000)]
  0x00000000009ee000 JavaThread "main" [_thread_in_Java, id=2504, stack(0x00000000023c0000,0x00000000024c0000)]

Other Threads:
  0x000000001bf59800 VMThread [stack: 0x000000001dc40000,0x000000001dd40000] [id=12604]
  0x000000001e074000 WatcherThread [stack: 0x000000001eb20000,0x000000001ec20000] [id=2740]

VM state:not at safepoint (normal execution)

VM Mutex/Monitor currently owned by a thread: None

Heap:
 PSYoungGen      total 524288K, used 58547K [0x000000076b800000, 0x000000079ec00000, 0x00000007c0000000)
  eden space 520192K, 11% used [0x000000076b800000,0x000000076f114d58,0x000000078b400000)
  from space 4096K, 2% used [0x000000078b400000,0x000000078b418000,0x000000078b800000)
  to   space 3584K, 0% used [0x000000079e880000,0x000000079e880000,0x000000079ec00000)
 ParOldGen       total 173568K, used 1212K [0x00000006c2800000, 0x00000006cd180000, 0x000000076b800000)
  object space 173568K, 0% used [0x00000006c2800000,0x00000006c292f060,0x00000006cd180000)
 Metaspace       used 8138K, capacity 8518K, committed 8704K, reserved 1056768K
  class space    used 670K, capacity 690K, committed 768K, reserved 1048576K

Card table byte_map: [0x0000000011980000,0x0000000012170000] byte_map_base: 0x000000000e36c000

Marking Bits: (ParMarkBitMap*) 0x0000000070c0a5b0
 Begin Bits: [0x0000000012ec0000, 0x0000000016e20000)
 End Bits:   [0x0000000016e20000, 0x000000001ad80000)

Polling page: 0x0000000000950000

CodeCache: size=245760Kb used=2579Kb max_used=2593Kb free=243180Kb
 bounds [0x00000000025c0000, 0x0000000002850000, 0x00000000115c0000]
 total_blobs=1129 nmethods=469 adapters=573
 compilation: enabled

Compilation events (10 events):
Event: 0.987 Thread 0x000000001e058000  464       3       org.lwjgl.system.Checks::checkFunctionality (16 bytes)
Event: 0.987 Thread 0x000000001e058000 nmethod 464 0x000000000282cd90 code [0x000000000282cf00, 0x000000000282d148]
Event: 1.037 Thread 0x000000001e058000  465       3       org.lwjgl.system.Checks::checkFunctionAddress (18 bytes)
Event: 1.037 Thread 0x000000001e058000 nmethod 465 0x000000000282c8d0 code [0x000000000282ca40, 0x000000000282cc88]
Event: 1.054 Thread 0x000000001e058000  466       3       org.lwjgl.opengl.GL11::getInstance (7 bytes)
Event: 1.054 Thread 0x000000001e058000 nmethod 466 0x0000000002831f50 code [0x0000000002832120, 0x0000000002832728]
Event: 1.054 Thread 0x000000001e058000  467       3       org.lwjgl.opengl.GL11::getInstance (11 bytes)
Event: 1.054 Thread 0x000000001e058000 nmethod 467 0x00000000028319d0 code [0x0000000002831b40, 0x0000000002831de8]
Event: 1.170 Thread 0x000000001e04b800  469       4       java.util.ArrayList::set (20 bytes)
Event: 1.171 Thread 0x000000001e04b800 nmethod 469 0x000000000282e910 code [0x000000000282ea60, 0x000000000282eb78]

GC Heap History (10 events):
Event: 1.097 GC heap before
{Heap before GC invocations=5 (full 0):
 PSYoungGen      total 140800K, used 131264K [0x000000076b800000, 0x0000000774c00000, 0x00000007c0000000)
  eden space 130048K, 100% used [0x000000076b800000,0x0000000773700000,0x0000000773700000)
  from space 10752K, 11% used [0x0000000774180000,0x00000007742b0000,0x0000000774c00000)
  to   space 10752K, 0% used [0x0000000773700000,0x0000000773700000,0x0000000774180000)
 ParOldGen       total 173568K, used 24K [0x00000006c2800000, 0x00000006cd180000, 0x000000076b800000)
  object space 173568K, 0% used [0x00000006c2800000,0x00000006c2806000,0x00000006cd180000)
 Metaspace       used 8138K, capacity 8518K, committed 8704K, reserved 1056768K
  class space    used 670K, capacity 690K, committed 768K, reserved 1048576K
Event: 1.098 GC heap after
Heap after GC invocations=5 (full 0):
 PSYoungGen      total 140800K, used 1216K [0x000000076b800000, 0x000000077be00000, 0x00000007c0000000)
  eden space 130048K, 0% used [0x000000076b800000,0x000000076b800000,0x0000000773700000)
  from space 10752K, 11% used [0x0000000773700000,0x0000000773830000,0x0000000774180000)
  to   space 4096K, 0% used [0x000000077ba00000,0x000000077ba00000,0x000000077be00000)
 ParOldGen       total 173568K, used 32K [0x00000006c2800000, 0x00000006cd180000, 0x000000076b800000)
  object space 173568K, 0% used [0x00000006c2800000,0x00000006c2808000,0x00000006cd180000)
 Metaspace       used 8138K, capacity 8518K, committed 8704K, reserved 1056768K
  class space    used 670K, capacity 690K, committed 768K, reserved 1048576K
}
Event: 1.212 GC heap before
{Heap before GC invocations=6 (full 0):
 PSYoungGen      total 140800K, used 131264K [0x000000076b800000, 0x000000077be00000, 0x00000007c0000000)
  eden space 130048K, 100% used [0x000000076b800000,0x0000000773700000,0x0000000773700000)
  from space 10752K, 11% used [0x0000000773700000,0x0000000773830000,0x0000000774180000)
  to   space 4096K, 0% used [0x000000077ba00000,0x000000077ba00000,0x000000077be00000)
 ParOldGen       total 173568K, used 32K [0x00000006c2800000, 0x00000006cd180000, 0x000000076b800000)
  object space 173568K, 0% used [0x00000006c2800000,0x00000006c2808000,0x00000006cd180000)
 Metaspace       used 8138K, capacity 8518K, committed 8704K, reserved 1056768K
  class space    used 670K, capacity 690K, committed 768K, reserved 1048576K
Event: 1.214 GC heap after
Heap after GC invocations=6 (full 0):
 PSYoungGen      total 263168K, used 1248K [0x000000076b800000, 0x000000077bd00000, 0x00000007c0000000)
  eden space 260096K, 0% used [0x000000076b800000,0x000000076b800000,0x000000077b600000)
  from space 3072K, 40% used [0x000000077ba00000,0x000000077bb38000,0x000000077bd00000)
  to   space 3584K, 0% used [0x000000077b600000,0x000000077b600000,0x000000077b980000)
 ParOldGen       total 173568K, used 32K [0x00000006c2800000, 0x00000006cd180000, 0x000000076b800000)
  object space 173568K, 0% used [0x00000006c2800000,0x00000006c2808000,0x00000006cd180000)
 Metaspace       used 8138K, capacity 8518K, committed 8704K, reserved 1056768K
  class space    used 670K, capacity 690K, committed 768K, reserved 1048576K
}
Event: 1.346 GC heap before
{Heap before GC invocations=7 (full 0):
 PSYoungGen      total 263168K, used 261344K [0x000000076b800000, 0x000000077bd00000, 0x00000007c0000000)
  eden space 260096K, 100% used [0x000000076b800000,0x000000077b600000,0x000000077b600000)
  from space 3072K, 40% used [0x000000077ba00000,0x000000077bb38000,0x000000077bd00000)
  to   space 3584K, 0% used [0x000000077b600000,0x000000077b600000,0x000000077b980000)
 ParOldGen       total 173568K, used 32K [0x00000006c2800000, 0x00000006cd180000, 0x000000076b800000)
  object space 173568K, 0% used [0x00000006c2800000,0x00000006c2808000,0x00000006cd180000)
 Metaspace       used 8138K, capacity 8518K, committed 8704K, reserved 1056768K
  class space    used 670K, capacity 690K, committed 768K, reserved 1048576K
Event: 1.348 GC heap after
Heap after GC invocations=7 (full 0):
 PSYoungGen      total 263680K, used 64K [0x000000076b800000, 0x000000078bc00000, 0x00000007c0000000)
  eden space 260096K, 0% used [0x000000076b800000,0x000000076b800000,0x000000077b600000)
  from space 3584K, 1% used [0x000000077b600000,0x000000077b610000,0x000000077b980000)
  to   space 4096K, 0% used [0x000000078b800000,0x000000078b800000,0x000000078bc00000)
 ParOldGen       total 173568K, used 1188K [0x00000006c2800000, 0x00000006cd180000, 0x000000076b800000)
  object space 173568K, 0% used [0x00000006c2800000,0x00000006c2929060,0x00000006cd180000)
 Metaspace       used 8138K, capacity 8518K, committed 8704K, reserved 1056768K
  class space    used 670K, capacity 690K, committed 768K, reserved 1048576K
}
Event: 1.466 GC heap before
{Heap before GC invocations=8 (full 0):
 PSYoungGen      total 263680K, used 260160K [0x000000076b800000, 0x000000078bc00000, 0x00000007c0000000)
  eden space 260096K, 100% used [0x000000076b800000,0x000000077b600000,0x000000077b600000)
  from space 3584K, 1% used [0x000000077b600000,0x000000077b610000,0x000000077b980000)
  to   space 4096K, 0% used [0x000000078b800000,0x000000078b800000,0x000000078bc00000)
 ParOldGen       total 173568K, used 1188K [0x00000006c2800000, 0x00000006cd180000, 0x000000076b800000)
  object space 173568K, 0% used [0x00000006c2800000,0x00000006c2929060,0x00000006cd180000)
 Metaspace       used 8138K, capacity 8518K, committed 8704K, reserved 1056768K
  class space    used 670K, capacity 690K, committed 768K, reserved 1048576K
Event: 1.466 GC heap after
Heap after GC invocations=8 (full 0):
 PSYoungGen      total 524288K, used 96K [0x000000076b800000, 0x000000078bc00000, 0x00000007c0000000)
  eden space 520192K, 0% used [0x000000076b800000,0x000000076b800000,0x000000078b400000)
  from space 4096K, 2% used [0x000000078b800000,0x000000078b818000,0x000000078bc00000)
  to   space 4096K, 0% used [0x000000078b400000,0x000000078b400000,0x000000078b800000)
 ParOldGen       total 173568K, used 1204K [0x00000006c2800000, 0x00000006cd180000, 0x000000076b800000)
  object space 173568K, 0% used [0x00000006c2800000,0x00000006c292d060,0x00000006cd180000)
 Metaspace       used 8138K, capacity 8518K, committed 8704K, reserved 1056768K
  class space    used 670K, capacity 690K, committed 768K, reserved 1048576K
}
Event: 1.699 GC heap before
{Heap before GC invocations=9 (full 0):
 PSYoungGen      total 524288K, used 520288K [0x000000076b800000, 0x000000078bc00000, 0x00000007c0000000)
  eden space 520192K, 100% used [0x000000076b800000,0x000000078b400000,0x000000078b400000)
  from space 4096K, 2% used [0x000000078b800000,0x000000078b818000,0x000000078bc00000)
  to   space 4096K, 0% used [0x000000078b400000,0x000000078b400000,0x000000078b800000)
 ParOldGen       total 173568K, used 1204K [0x00000006c2800000, 0x00000006cd180000, 0x000000076b800000)
  object space 173568K, 0% used [0x00000006c2800000,0x00000006c292d060,0x00000006cd180000)
 Metaspace       used 8138K, capacity 8518K, committed 8704K, reserved 1056768K
  class space    used 670K, capacity 690K, committed 768K, reserved 1048576K
Event: 1.700 GC heap after
Heap after GC invocations=9 (full 0):
 PSYoungGen      total 524288K, used 96K [0x000000076b800000, 0x000000079ec00000, 0x00000007c0000000)
  eden space 520192K, 0% used [0x000000076b800000,0x000000076b800000,0x000000078b400000)
  from space 4096K, 2% used [0x000000078b400000,0x000000078b418000,0x000000078b800000)
  to   space 3584K, 0% used [0x000000079e880000,0x000000079e880000,0x000000079ec00000)
 ParOldGen       total 173568K, used 1212K [0x00000006c2800000, 0x00000006cd180000, 0x000000076b800000)
  object space 173568K, 0% used [0x00000006c2800000,0x00000006c292f060,0x00000006cd180000)
 Metaspace       used 8138K, capacity 8518K, committed 8704K, reserved 1056768K
  class space    used 670K, capacity 690K, committed 768K, reserved 1048576K
}

Deoptimization events (10 events):
Event: 0.416 Thread 0x000000001e1f6800 Uncommon trap: reason=bimorphic action=maybe_recompile pc=0x000000000270dabc method=java.util.HashMap.getNode(ILjava/lang/Object;)Ljava/util/HashMap$Node; @ 126
Event: 0.416 Thread 0x000000001e1f6800 Uncommon trap: reason=bimorphic action=maybe_recompile pc=0x000000000270dabc method=java.util.HashMap.getNode(ILjava/lang/Object;)Ljava/util/HashMap$Node; @ 126
Event: 0.420 Thread 0x000000001e1f6800 Uncommon trap: reason=unstable_if action=reinterpret pc=0x0000000002711b84 method=java.util.HashMap.containsKey(Ljava/lang/Object;)Z @ 9
Event: 0.420 Thread 0x000000001e1f6800 Uncommon trap: reason=unstable_if action=reinterpret pc=0x00000000026ff898 method=java.util.HashMap.keySet()Ljava/util/Set; @ 6
Event: 0.818 Thread 0x000000001e1f6800 Uncommon trap: reason=unstable_if action=reinterpret pc=0x00000000026fca18 method=java.util.HashMap.clear()V @ 16
Event: 0.818 Thread 0x000000001e1f6800 Uncommon trap: reason=unstable_if action=reinterpret pc=0x00000000026fdc58 method=java.util.HashMap.clear()V @ 16
Event: 0.818 Thread 0x00000000009ee000 Uncommon trap: reason=unstable_if action=reinterpret pc=0x00000000027246e8 method=java.util.HashMap.containsKey(Ljava/lang/Object;)Z @ 9
Event: 0.819 Thread 0x000000001e1f9000 Uncommon trap: reason=unstable_if action=reinterpret pc=0x0000000002744b00 method=main.coreEngine.TickableThread.run()V @ 58
Event: 0.854 Thread 0x00000000009ee000 Uncommon trap: reason=unstable_if action=reinterpret pc=0x0000000002820e5c method=main.coreEngine.Engine.start()V @ 163
Event: 0.912 Thread 0x000000001e1f9000 Uncommon trap: reason=unstable_if action=reinterpret pc=0x0000000002836370 method=main.coreEngine.TickableThread.run()V @ 461

Internal exceptions (10 events):
Event: 0.029 Thread 0x00000000009ee000 Exception <a 'java/lang/NoSuchMethodError': Method sun.misc.Unsafe.defineClass(Ljava/lang/String;[BII)Ljava/lang/Class; name or signature does not match> (0x000000076b80dc08) thrown at [C:\workspace\8-2-build-windows-amd64-cygwin\jdk8u65\4987\hotspot\src\srz-ƒ“ù?
Event: 0.029 Thread 0x00000000009ee000 Exception <a 'java/lang/NoSuchMethodError': Method sun.misc.Unsafe.prefetchRead(Ljava/lang/Object;J)V name or signature does not match> (0x000000076b80def0) thrown at [C:\workspace\8-2-build-windows-amd64-cygwin\jdk8u65\4987\hotspot\src\share\vm\prims\jni.EcırÒ¿¡?
Event: 0.139 Thread 0x000000001e1f6800 Exception <a 'java/lang/ArrayIndexOutOfBoundsException': -1> (0x000000076caa6148) thrown at [C:\workspace\8-2-build-windows-amd64-cygwin\jdk8u65\4987\hotspot\src\share\vm\interpreter\interpreterRuntime.cpp, line 366]
Event: 0.416 Thread 0x000000001e1f6800 Implicit null exception at 0x000000000270724d to 0x000000000270751d
Event: 0.416 Thread 0x000000001e1f6800 Exception <a 'java/security/PrivilegedActionException'> (0x000000076cc63c08) thrown at [C:\workspace\8-2-build-windows-amd64-cygwin\jdk8u65\4987\hotspot\src\share\vm\prims\jvm.cpp, line 1386]
Event: 0.416 Thread 0x000000001e1f6800 Exception <a 'java/security/PrivilegedActionException'> (0x000000076cc64000) thrown at [C:\workspace\8-2-build-windows-amd64-cygwin\jdk8u65\4987\hotspot\src\share\vm\prims\jvm.cpp, line 1386]
Event: 0.417 Thread 0x000000001e1f6800 Exception <a 'java/security/PrivilegedActionException'> (0x000000076cc68218) thrown at [C:\workspace\8-2-build-windows-amd64-cygwin\jdk8u65\4987\hotspot\src\share\vm\prims\jvm.cpp, line 1386]
Event: 0.417 Thread 0x000000001e1f6800 Exception <a 'java/security/PrivilegedActionException'> (0x000000076cc68610) thrown at [C:\workspace\8-2-build-windows-amd64-cygwin\jdk8u65\4987\hotspot\src\share\vm\prims\jvm.cpp, line 1386]
Event: 0.420 Thread 0x000000001e1f6800 Implicit null exception at 0x00000000027118d4 to 0x0000000002711b79
Event: 0.818 Thread 0x00000000009ee000 Implicit null exception at 0x000000000272440f to 0x00000000027246d4

Events (10 events):
Event: 1.097 Executing VM operation: ParallelGCFailedAllocation
Event: 1.098 Executing VM operation: ParallelGCFailedAllocation done
Event: 1.212 Executing VM operation: ParallelGCFailedAllocation
Event: 1.214 Executing VM operation: ParallelGCFailedAllocation done
Event: 1.346 Executing VM operation: ParallelGCFailedAllocation
Event: 1.348 Executing VM operation: ParallelGCFailedAllocation done
Event: 1.466 Executing VM operation: ParallelGCFailedAllocation
Event: 1.466 Executing VM operation: ParallelGCFailedAllocation done
Event: 1.699 Executing VM operation: ParallelGCFailedAllocation
Event: 1.700 Executing VM operation: ParallelGCFailedAllocation done


Dynamic libraries:
0x00007ff7d2c20000 - 0x00007ff7d2c57000 	C:\Program Files\Java\jdk1.8.0_65\bin\java.exe
0x00007ffde4980000 - 0x00007ffde4b41000 	C:\WINDOWS\SYSTEM32\ntdll.dll
0x00007ffde42a0000 - 0x00007ffde434d000 	C:\WINDOWS\system32\KERNEL32.DLL
0x00007ffde19f0000 - 0x00007ffde1bd8000 	C:\WINDOWS\system32\KERNELBASE.dll
0x00007ffde1e70000 - 0x00007ffde1f17000 	C:\WINDOWS\system32\ADVAPI32.dll
0x00007ffde3800000 - 0x00007ffde389d000 	C:\WINDOWS\system32\msvcrt.dll
0x00007ffde1e10000 - 0x00007ffde1e6b000 	C:\WINDOWS\system32\sechost.dll
0x00007ffde3bd0000 - 0x00007ffde3cec000 	C:\WINDOWS\system32\RPCRT4.dll
0x00007ffde3fe0000 - 0x00007ffde4136000 	C:\WINDOWS\system32\USER32.dll
0x00007ffde3cf0000 - 0x00007ffde3e76000 	C:\WINDOWS\system32\GDI32.dll
0x00007ffddd690000 - 0x00007ffddd904000 	C:\WINDOWS\WinSxS\amd64_microsoft.windows.common-controls_6595b64144ccf1df_6.0.10586.0_none_8c15ae12515e1c22\COMCTL32.dll
0x00007ffde3950000 - 0x00007ffde3bcd000 	C:\WINDOWS\system32\combase.dll
0x00007ffde1cf0000 - 0x00007ffde1d5a000 	C:\WINDOWS\system32\bcryptPrimitives.dll
0x00007ffde1dc0000 - 0x00007ffde1dfb000 	C:\WINDOWS\system32\IMM32.DLL
0x0000000070c90000 - 0x0000000070d62000 	C:\Program Files\Java\jdk1.8.0_65\jre\bin\msvcr100.dll
0x0000000070400000 - 0x0000000070c89000 	C:\Program Files\Java\jdk1.8.0_65\jre\bin\server\jvm.dll
0x00007ffde4290000 - 0x00007ffde4298000 	C:\WINDOWS\system32\PSAPI.DLL
0x00007ffdd8550000 - 0x00007ffdd8559000 	C:\WINDOWS\SYSTEM32\WSOCK32.dll
0x00007ffddf730000 - 0x00007ffddf753000 	C:\WINDOWS\SYSTEM32\WINMM.dll
0x00007ffddd9c0000 - 0x00007ffddd9ca000 	C:\WINDOWS\SYSTEM32\VERSION.dll
0x00007ffde4470000 - 0x00007ffde44db000 	C:\WINDOWS\system32\WS2_32.dll
0x0000000002390000 - 0x00000000023bc000 	C:\WINDOWS\SYSTEM32\WINMMBASE.dll
0x00007ffde1be0000 - 0x00007ffde1c23000 	C:\WINDOWS\system32\cfgmgr32.dll
0x00000000703f0000 - 0x00000000703ff000 	C:\Program Files\Java\jdk1.8.0_65\jre\bin\verify.dll
0x00000000703c0000 - 0x00000000703e9000 	C:\Program Files\Java\jdk1.8.0_65\jre\bin\java.dll
0x0000000070350000 - 0x0000000070366000 	C:\Program Files\Java\jdk1.8.0_65\jre\bin\zip.dll
0x00007ffde1f80000 - 0x00007ffde34dc000 	C:\WINDOWS\system32\SHELL32.dll
0x00007ffde11d0000 - 0x00007ffde1815000 	C:\WINDOWS\system32\windows.storage.dll
0x00007ffde36b0000 - 0x00007ffde3702000 	C:\WINDOWS\system32\shlwapi.dll
0x00007ffde0fb0000 - 0x00007ffde0fbf000 	C:\WINDOWS\system32\kernel.appcore.dll
0x00007ffde1c30000 - 0x00007ffde1ce5000 	C:\WINDOWS\system32\shcore.dll
0x00007ffde0fc0000 - 0x00007ffde100b000 	C:\WINDOWS\system32\powrprof.dll
0x00007ffde0f80000 - 0x00007ffde0f94000 	C:\WINDOWS\system32\profapi.dll
0x00007ffddf7a0000 - 0x00007ffddf7b0000 	D:\Program Files (x86)\JetBrains\IntelliJ IDEA 2016.1\bin\breakgen64.dll
0x00000000703a0000 - 0x00000000703ba000 	C:\Program Files\Java\jdk1.8.0_65\jre\bin\net.dll
0x00007ffde08b0000 - 0x00007ffde090c000 	C:\WINDOWS\system32\mswsock.dll
0x00007ffdd46c0000 - 0x00007ffdd4748000 	D:\Code\Java\Projects\WireEngine20\lib\native\lwjgl.dll
0x00007ffde0a80000 - 0x00007ffde0a8b000 	C:\WINDOWS\SYSTEM32\CRYPTBASE.DLL
0x00007ffdd4190000 - 0x00007ffdd41d2000 	D:\Code\Java\Projects\WireEngine20\lib\native\jemalloc.dll
0x00007ffdd3df0000 - 0x00007ffdd3e28000 	D:\Code\Java\Projects\WireEngine20\lib\native\glfw.dll
0x00007ffddf850000 - 0x00007ffddf8e6000 	C:\WINDOWS\system32\uxtheme.dll
0x00007ffdde650000 - 0x00007ffdde672000 	C:\WINDOWS\SYSTEM32\dwmapi.dll
0x00007ffdc9d10000 - 0x00007ffdc9e39000 	C:\WINDOWS\SYSTEM32\opengl32.dll
0x00007ffdcc690000 - 0x00007ffdcc6be000 	C:\WINDOWS\SYSTEM32\GLU32.dll
0x00007ffdc8ba0000 - 0x00007ffdc8c9a000 	C:\WINDOWS\SYSTEM32\DDRAW.dll
0x00007ffdd3d80000 - 0x00007ffdd3d88000 	C:\WINDOWS\SYSTEM32\DCIMAN32.dll
0x00007ffde3e80000 - 0x00007ffde3fda000 	C:\WINDOWS\system32\MSCTF.dll
0x00007ffdc3f50000 - 0x00007ffdc3f99000 	C:\Program Files (x86)\TeamViewer\tv_x64.dll
0x00007ffde4140000 - 0x00007ffde4283000 	C:\WINDOWS\system32\ole32.dll
0x000000006e600000 - 0x0000000070349000 	C:\WINDOWS\SYSTEM32\nvoglv64.DLL
0x00007ffde4550000 - 0x00007ffde4979000 	C:\WINDOWS\system32\SETUPAPI.dll
0x00007ffddf2f0000 - 0x00007ffddf303000 	C:\WINDOWS\SYSTEM32\WTSAPI32.dll
0x00007ffddf9a0000 - 0x00007ffddf9c7000 	C:\WINDOWS\SYSTEM32\DEVOBJ.dll
0x00007ffde1170000 - 0x00007ffde11c5000 	C:\WINDOWS\system32\WINTRUST.dll
0x00007ffde0fa0000 - 0x00007ffde0fb0000 	C:\WINDOWS\system32\MSASN1.dll
0x00007ffde1820000 - 0x00007ffde19e7000 	C:\WINDOWS\system32\CRYPT32.dll
0x00007ffde04d0000 - 0x00007ffde0501000 	C:\WINDOWS\SYSTEM32\ntmarta.dll
0x00007ffde0220000 - 0x00007ffde0276000 	C:\WINDOWS\SYSTEM32\WINSTA.dll
0x00007ffde38a0000 - 0x00007ffde3947000 	C:\WINDOWS\system32\clbcatq.dll
0x00007ffdb9de0000 - 0x00007ffdb9f6c000 	C:\WINDOWS\SYSTEM32\dbghelp.dll

VM Arguments:
jvm_args: -Djava.library.path=lib/native/ -Didea.launcher.port=7532 -Didea.launcher.bin.path=D:\Program Files (x86)\JetBrains\IntelliJ IDEA 2016.1\bin -Dfile.encoding=UTF-8 
java_command: com.intellij.rt.execution.application.AppMain main.Main
java_class_path (initial): C:\Program Files\Java\jdk1.8.0_65\jre\lib\charsets.jar;C:\Program Files\Java\jdk1.8.0_65\jre\lib\deploy.jar;C:\Program Files\Java\jdk1.8.0_65\jre\lib\ext\access-bridge-64.jar;C:\Program Files\Java\jdk1.8.0_65\jre\lib\ext\cldrdata.jar;C:\Program Files\Java\jdk1.8.0_65\jre\lib\ext\dnsns.jar;C:\Program Files\Java\jdk1.8.0_65\jre\lib\ext\jaccess.jar;C:\Program Files\Java\jdk1.8.0_65\jre\lib\ext\jfxrt.jar;C:\Program Files\Java\jdk1.8.0_65\jre\lib\ext\localedata.jar;C:\Program Files\Java\jdk1.8.0_65\jre\lib\ext\nashorn.jar;C:\Program Files\Java\jdk1.8.0_65\jre\lib\ext\sunec.jar;C:\Program Files\Java\jdk1.8.0_65\jre\lib\ext\sunjce_provider.jar;C:\Program Files\Java\jdk1.8.0_65\jre\lib\ext\sunmscapi.jar;C:\Program Files\Java\jdk1.8.0_65\jre\lib\ext\sunpkcs11.jar;C:\Program Files\Java\jdk1.8.0_65\jre\lib\ext\zipfs.jar;C:\Program Files\Java\jdk1.8.0_65\jre\lib\javaws.jar;C:\Program Files\Java\jdk1.8.0_65\jre\lib\jce.jar;C:\Program Files\Java\jdk1.8.0_65\jre\lib\jfr.jar;C:\Program Files\Java\jdk1.8.0_65\jre\lib\jfxswt.jar;C:\Program Files\Java\jdk1.8.0_65\jre\lib\jsse.jar;C:\Program Files\Java\jdk1.8.0_65\jre\lib\management-agent.jar;C:\Program Files\Java\jdk1.8.0_65\jre\lib\plugin.jar;C:\Program Files\Java\jdk1.8.0_65\jre\lib\resources.jar;C:\Program Files\Java\jdk1.8.0_65\jre\lib\rt.jar;D:\Code\Java\Projects\WireEngine20\out\production\WireEngine20;D:\Code\Java\Projects\WireEngine20\lib\jar\lwjgl.jar;D:\Program Files (x86)\JetBrains\IntelliJ IDEA 2016.1\lib\idea_rt.jar
Launcher Type: SUN_STANDARD

Environment Variables:
JAVA_HOME=C:\Program Files\Java\jdk1.8.0_65
PATH=C:\ProgramData\Oracle\Java\javapath;C:\Program Files (x86)\Razer Chroma SDK\bin;C:\Program Files\Razer Chroma SDK\bin;C:\Program Files (x86)\NVIDIA Corporation\PhysX\Common;C:\Program Files (x86)\Intel\iCLS Client\;C:\Program Files\Intel\iCLS Client\;C:\Windows\system32;C:\Windows;C:\Windows\System32\Wbem;C:\Windows\System32\WindowsPowerShell\v1.0\;C:\Program Files\Intel\Intel(R) Management Engine Components\DAL;C:\Program Files (x86)\Intel\Intel(R) Management Engine Components\DAL;C:\Program Files\Intel\Intel(R) Management Engine Components\IPT;C:\Program Files (x86)\Intel\Intel(R) Management Engine Components\IPT;C:\Program Files\Java\jre1.8.0_65\bin;C:\MinGW\bin;C:\WINDOWS\system32;C:\WINDOWS;C:\WINDOWS\System32\Wbem;C:\WINDOWS\System32\WindowsPowerShell\v1.0\;D:\Program Files (x86)\CMake\bin;D:\Program Files\Programs\Python\Python35-32;D:\Program Files\Programs\Python\Python35-32\Scripts;C:\Program Files (x86)\Skype\Phone\;D:\Program Files\Programs\Python\Python35-32\Scripts\;D:\Program Files\Programs\Python\Python35-32\
USERNAME=Kelan
OS=Windows_NT
PROCESSOR_IDENTIFIER=Intel64 Family 6 Model 60 Stepping 3, GenuineIntel



---------------  S Y S T E M  ---------------

OS: Windows 10.0 , 64 bit Build 10586 (10.0.10586.0)

CPU:total 8 (4 cores per cpu, 2 threads per core) family 6 model 60 stepping 3, cmov, cx8, fxsr, mmx, sse, sse2, sse3, ssse3, sse4.1, sse4.2, popcnt, avx, avx2, aes, clmul, erms, lzcnt, ht, tsc, tscinvbit, bmi1, bmi2

Memory: 4k page, physical 16609500k(5087036k free), swap 33386716k(18912928k free)

vm_info: Java HotSpot(TM) 64-Bit Server VM (25.65-b01) for windows-amd64 JRE (1.8.0_65-b17), built on Oct  6 2015 16:39:20 by "java_re" with MS VC++ 10.0 (VS2010)

time: Sat Apr 09 16:20:31 2016
elapsed time: 1 seconds (0d 0h 0m 1s)

