#
# A fatal error has been detected by the Java Runtime Environment:
#
#  EXCEPTION_ACCESS_VIOLATION (0xc0000005) at pc=0x00007ffdd3f624b9, pid=4952, tid=12864
#
# JRE version: Java(TM) SE Runtime Environment (8.0_65-b17) (build 1.8.0_65-b17)
# Java VM: Java HotSpot(TM) 64-Bit Server VM (25.65-b01 mixed mode windows-amd64 compressed oops)
# Problematic frame:
# C  [glfw.dll+0x24b9]
#
# Failed to write core dump. Minidumps are not enabled by default on client versions of Windows
#
# If you would like to submit a bug report, please visit:
#   http://bugreport.java.com/bugreport/crash.jsp
# The crash happened outside the Java Virtual Machine in native code.
# See problematic frame for where to report the bug.
#

---------------  T H R E A D  ---------------

Current thread (0x000000001e24b800):  JavaThread "CLIENT" [_thread_in_native, id=12864, stack(0x000000001ef50000,0x000000001f050000)]

siginfo: ExceptionCode=0xc0000005, reading address 0x0000000000000000

Registers:
RAX=0x0000000000000000, RBX=0x000000001b9ff240, RCX=0x0000000000000000, RDX=0x0000000000000000
RSP=0x000000001f04efd0, RBP=0x000000001f04f088, RSI=0x0000000000000108, RDI=0x00000000004f6d40
R8 =0x000000001f04efc8, R9 =0x000000001f04f088, R10=0x0000000000000000, R11=0x0000000000000246
R12=0x0000000000000000, R13=0x000000001b9ff240, R14=0x000000001f04f0c0, R15=0x000000001e24b800
RIP=0x00007ffdd3f624b9, EFLAGS=0x0000000000010287

Top of Stack: (sp=0x000000001f04efd0)
0x000000001f04efd0:   000000001e24b800 000000001e24b800
0x000000001f04efe0:   000000001e24b800 000000001e24b800
0x000000001f04eff0:   0000000000000389 00000000025fdfcc
0x000000001f04f000:   000000001b9ff240 0000000070615005
0x000000001f04f010:   000000001b9a50c8 000000001bf815f0
0x000000001f04f020:   000000000000000e 000000001e24b800
0x000000001f04f030:   000000001ba1b9c8 000000007052aea4
0x000000001f04f040:   000000001e24b800 000000001f04f048
0x000000001f04f050:   0000000000000000 000000001f04f0c0
0x000000001f04f060:   000000001b9ff9e0 0000000000000000
0x000000001f04f070:   000000001b9ff240 0000000000000000
0x000000001f04f080:   000000001f04f0a8 000000001f04f108
0x000000001f04f090:   00000000025e7d8d 00000006c28080d0
0x000000001f04f0a0:   00000000025f42f8 00000000004f6d40
0x000000001f04f0b0:   00000000025e78a0 00007ffdd3f62420
0x000000001f04f0c0:   0000000000000001 000000001f04f0c8 

Instructions: (pc=0x00007ffdd3f624b9)
0x00007ffdd3f62499:   48 8b cf e8 1f 3a 00 00 48 39 3d f0 d5 02 00 48
0x00007ffdd3f624a9:   8d 0d e9 d5 02 00 48 8b 5c 24 30 74 08 48 8b 09
0x00007ffdd3f624b9:   48 39 39 75 f8 48 8b 07 48 89 01 48 8b cf 48 83
0x00007ffdd3f624c9:   c4 20 5f e9 5b fe 00 00 48 83 c4 20 5f c3 cc cc 


Register to memory mapping:

RAX=0x0000000000000000 is an unknown value
RBX={method} {0x000000001b9ff248} 'invokePV' '(JJ)V' in 'org/lwjgl/system/JNI'
RCX=0x0000000000000000 is an unknown value
RDX=0x0000000000000000 is an unknown value
RSP=0x000000001f04efd0 is pointing into the stack for thread: 0x000000001e24b800
RBP=0x000000001f04f088 is pointing into the stack for thread: 0x000000001e24b800
RSI=0x0000000000000108 is an unknown value
RDI=0x00000000004f6d40 is an unknown value
R8 =0x000000001f04efc8 is pointing into the stack for thread: 0x000000001e24b800
R9 =0x000000001f04f088 is pointing into the stack for thread: 0x000000001e24b800
R10=0x0000000000000000 is an unknown value
R11=0x0000000000000246 is an unknown value
R12=0x0000000000000000 is an unknown value
R13={method} {0x000000001b9ff248} 'invokePV' '(JJ)V' in 'org/lwjgl/system/JNI'
R14=0x000000001f04f0c0 is pointing into the stack for thread: 0x000000001e24b800
R15=0x000000001e24b800 is a thread


Stack: [0x000000001ef50000,0x000000001f050000],  sp=0x000000001f04efd0,  free space=1019k
Native frames: (J=compiled Java code, j=interpreted, Vv=VM code, C=native code)
C  [glfw.dll+0x24b9]
C  0x00000000025fdfcc

Java frames: (J=compiled Java code, j=interpreted, Vv=VM code)
j  org.lwjgl.system.JNI.invokePV(JJ)V+0
j  org.lwjgl.glfw.GLFW.glfwDestroyCursor(J)V+20
j  main.client.Window.destroyWindow()V+9
j  main.coreEngine.Engine.stop()V+70
j  main.client.Window.update()V+33
j  main.client.renderEngine.RenderEngine.render()V+38
j  main.client.ClientThread.tick()V+12
j  main.coreEngine.TickableThread.run()V+469
v  ~StubRoutines::call_stub

---------------  P R O C E S S  ---------------

Java Threads: ( => current thread )
  0x000000001e231800 JavaThread "SERVER" [_thread_in_Java, id=1796, stack(0x000000001f050000,0x000000001f150000)]
=>0x000000001e24b800 JavaThread "CLIENT" [_thread_in_native, id=12864, stack(0x000000001ef50000,0x000000001f050000)]
  0x000000001e14a800 JavaThread "Service Thread" daemon [_thread_blocked, id=10948, stack(0x000000001ed50000,0x000000001ee50000)]
  0x000000001e0b4000 JavaThread "C1 CompilerThread3" daemon [_thread_blocked, id=3772, stack(0x000000001ec50000,0x000000001ed50000)]
  0x000000001e0a7000 JavaThread "C2 CompilerThread2" daemon [_thread_blocked, id=12760, stack(0x000000001eb50000,0x000000001ec50000)]
  0x000000001e0a6800 JavaThread "C2 CompilerThread1" daemon [_thread_blocked, id=104, stack(0x000000001ea50000,0x000000001eb50000)]
  0x000000001e0ab800 JavaThread "C2 CompilerThread0" daemon [_thread_blocked, id=8828, stack(0x000000001e950000,0x000000001ea50000)]
  0x000000001e091000 JavaThread "JDWP Command Reader" daemon [_thread_in_native, id=7912, stack(0x000000001e850000,0x000000001e950000)]
  0x000000001e090000 JavaThread "JDWP Event Helper Thread" daemon [_thread_blocked, id=9400, stack(0x000000001e750000,0x000000001e850000)]
  0x000000001e082800 JavaThread "JDWP Transport Listener: dt_socket" daemon [_thread_blocked, id=13484, stack(0x000000001e650000,0x000000001e750000)]
  0x000000001e078800 JavaThread "Attach Listener" daemon [_thread_blocked, id=7740, stack(0x000000001e550000,0x000000001e650000)]
  0x000000001e077800 JavaThread "Signal Dispatcher" daemon [_thread_blocked, id=14228, stack(0x000000001e450000,0x000000001e550000)]
  0x00000000025db800 JavaThread "Finalizer" daemon [_thread_blocked, id=6180, stack(0x000000001de70000,0x000000001df70000)]
  0x00000000025d5000 JavaThread "Reference Handler" daemon [_thread_blocked, id=11240, stack(0x000000001dd70000,0x000000001de70000)]
  0x0000000000bfe000 JavaThread "main" [_thread_in_Java, id=13364, stack(0x0000000002360000,0x0000000002460000)]

Other Threads:
  0x000000001bf79800 VMThread [stack: 0x000000001dc70000,0x000000001dd70000] [id=7396]
  0x000000001e16d000 WatcherThread [stack: 0x000000001ee50000,0x000000001ef50000] [id=1552]

VM state:not at safepoint (normal execution)

VM Mutex/Monitor currently owned by a thread: None

Heap:
 PSYoungGen      total 223232K, used 137220K [0x000000076b800000, 0x0000000784e00000, 0x00000007c0000000)
  eden space 221184K, 61% used [0x000000076b800000,0x0000000773dc92a0,0x0000000779000000)
  from space 2048K, 10% used [0x0000000784a00000,0x0000000784a38000,0x0000000784c00000)
  to   space 2048K, 0% used [0x0000000784c00000,0x0000000784c00000,0x0000000784e00000)
 ParOldGen       total 173568K, used 1324K [0x00000006c2800000, 0x00000006cd180000, 0x000000076b800000)
  object space 173568K, 0% used [0x00000006c2800000,0x00000006c294b060,0x00000006cd180000)
 Metaspace       used 8167K, capacity 8646K, committed 8960K, reserved 1056768K
  class space    used 654K, capacity 690K, committed 768K, reserved 1048576K

Card table byte_map: [0x00000000119a0000,0x0000000012190000] byte_map_base: 0x000000000e38c000

Marking Bits: (ParMarkBitMap*) 0x0000000070c0a5b0
 Begin Bits: [0x0000000012ee0000, 0x0000000016e40000)
 End Bits:   [0x0000000016e40000, 0x000000001ada0000)

Polling page: 0x0000000000bc0000

CodeCache: size=245760Kb used=2724Kb max_used=2724Kb free=243035Kb
 bounds [0x00000000025e0000, 0x0000000002890000, 0x00000000115e0000]
 total_blobs=1205 nmethods=550 adapters=576
 compilation: enabled

Compilation events (10 events):
Event: 1.897 Thread 0x000000001e0b4000  547       3       java.nio.DirectByteBuffer$Deallocator::<init> (41 bytes)
Event: 1.897 Thread 0x000000001e0b4000 nmethod 547 0x0000000002876750 code [0x00000000028768c0, 0x0000000002876a90]
Event: 1.897 Thread 0x000000001e0b4000  548       3       main.client.renderEngine.shader.AbstractShaderProgram::setUniform (451 bytes)
Event: 1.902 Thread 0x000000001e0b4000 nmethod 548 0x000000000287a710 code [0x000000000287b4e0, 0x0000000002885458]
Event: 1.912 Thread 0x000000001e0b4000  549       3       main.client.InputHandler::keyDown (6 bytes)
Event: 1.913 Thread 0x000000001e0b4000 nmethod 549 0x0000000002876390 code [0x00000000028764e0, 0x0000000002876650]
Event: 1.913 Thread 0x000000001e0b4000  550       3       java.nio.DirectByteBuffer::asDoubleBuffer (151 bytes)
Event: 1.913 Thread 0x000000001e0b4000 nmethod 550 0x0000000002879b50 code [0x0000000002879d00, 0x000000000287a3b8]
Event: 1.913 Thread 0x000000001e0b4000  551       3       java.nio.DirectDoubleBufferU::<init> (30 bytes)
Event: 1.913 Thread 0x000000001e0b4000 nmethod 551 0x0000000002875c10 code [0x0000000002875da0, 0x0000000002876178]

GC Heap History (10 events):
Event: 1.070 GC heap before
{Heap before GC invocations=9 (full 0):
 PSYoungGen      total 261120K, used 260065K [0x000000076b800000, 0x000000077b900000, 0x00000007c0000000)
  eden space 259072K, 100% used [0x000000076b800000,0x000000077b500000,0x000000077b500000)
  from space 2048K, 48% used [0x000000077b700000,0x000000077b7f8560,0x000000077b900000)
  to   space 2048K, 0% used [0x000000077b500000,0x000000077b500000,0x000000077b700000)
 ParOldGen       total 173568K, used 844K [0x00000006c2800000, 0x00000006cd180000, 0x000000076b800000)
  object space 173568K, 0% used [0x00000006c2800000,0x00000006c28d3060,0x00000006cd180000)
 Metaspace       used 8133K, capacity 8646K, committed 8960K, reserved 1056768K
  class space    used 654K, capacity 690K, committed 768K, reserved 1048576K
Event: 1.071 GC heap after
Heap after GC invocations=9 (full 0):
 PSYoungGen      total 261120K, used 448K [0x000000076b800000, 0x0000000785100000, 0x00000007c0000000)
  eden space 259072K, 0% used [0x000000076b800000,0x000000076b800000,0x000000077b500000)
  from space 2048K, 21% used [0x000000077b500000,0x000000077b570000,0x000000077b700000)
  to   space 2048K, 0% used [0x0000000784f00000,0x0000000784f00000,0x0000000785100000)
 ParOldGen       total 173568K, used 996K [0x00000006c2800000, 0x00000006cd180000, 0x000000076b800000)
  object space 173568K, 0% used [0x00000006c2800000,0x00000006c28f9060,0x00000006cd180000)
 Metaspace       used 8133K, capacity 8646K, committed 8960K, reserved 1056768K
  class space    used 654K, capacity 690K, committed 768K, reserved 1048576K
}
Event: 1.281 GC heap before
{Heap before GC invocations=10 (full 0):
 PSYoungGen      total 261120K, used 259520K [0x000000076b800000, 0x0000000785100000, 0x00000007c0000000)
  eden space 259072K, 100% used [0x000000076b800000,0x000000077b500000,0x000000077b500000)
  from space 2048K, 21% used [0x000000077b500000,0x000000077b570000,0x000000077b700000)
  to   space 2048K, 0% used [0x0000000784f00000,0x0000000784f00000,0x0000000785100000)
 ParOldGen       total 173568K, used 996K [0x00000006c2800000, 0x00000006cd180000, 0x000000076b800000)
  object space 173568K, 0% used [0x00000006c2800000,0x00000006c28f9060,0x00000006cd180000)
 Metaspace       used 8136K, capacity 8646K, committed 8960K, reserved 1056768K
  class space    used 654K, capacity 690K, committed 768K, reserved 1048576K
Event: 1.281 GC heap after
Heap after GC invocations=10 (full 0):
 PSYoungGen      total 249344K, used 224K [0x000000076b800000, 0x0000000784f80000, 0x00000007c0000000)
  eden space 248832K, 0% used [0x000000076b800000,0x000000076b800000,0x000000077ab00000)
  from space 512K, 43% used [0x0000000784f00000,0x0000000784f38000,0x0000000784f80000)
  to   space 2048K, 0% used [0x0000000784b80000,0x0000000784b80000,0x0000000784d80000)
 ParOldGen       total 173568K, used 1244K [0x00000006c2800000, 0x00000006cd180000, 0x000000076b800000)
  object space 173568K, 0% used [0x00000006c2800000,0x00000006c2937060,0x00000006cd180000)
 Metaspace       used 8136K, capacity 8646K, committed 8960K, reserved 1056768K
  class space    used 654K, capacity 690K, committed 768K, reserved 1048576K
}
Event: 1.497 GC heap before
{Heap before GC invocations=11 (full 0):
 PSYoungGen      total 249344K, used 249056K [0x000000076b800000, 0x0000000784f80000, 0x00000007c0000000)
  eden space 248832K, 100% used [0x000000076b800000,0x000000077ab00000,0x000000077ab00000)
  from space 512K, 43% used [0x0000000784f00000,0x0000000784f38000,0x0000000784f80000)
  to   space 2048K, 0% used [0x0000000784b80000,0x0000000784b80000,0x0000000784d80000)
 ParOldGen       total 173568K, used 1244K [0x00000006c2800000, 0x00000006cd180000, 0x000000076b800000)
  object space 173568K, 0% used [0x00000006c2800000,0x00000006c2937060,0x00000006cd180000)
 Metaspace       used 8138K, capacity 8646K, committed 8960K, reserved 1056768K
  class space    used 654K, capacity 690K, committed 768K, reserved 1048576K
Event: 1.498 GC heap after
Heap after GC invocations=11 (full 0):
 PSYoungGen      total 241152K, used 224K [0x000000076b800000, 0x0000000784f80000, 0x00000007c0000000)
  eden space 239104K, 0% used [0x000000076b800000,0x000000076b800000,0x000000077a180000)
  from space 2048K, 10% used [0x0000000784b80000,0x0000000784bb8000,0x0000000784d80000)
  to   space 2048K, 0% used [0x0000000784d80000,0x0000000784d80000,0x0000000784f80000)
 ParOldGen       total 173568K, used 1324K [0x00000006c2800000, 0x00000006cd180000, 0x000000076b800000)
  object space 173568K, 0% used [0x00000006c2800000,0x00000006c294b060,0x00000006cd180000)
 Metaspace       used 8138K, capacity 8646K, committed 8960K, reserved 1056768K
  class space    used 654K, capacity 690K, committed 768K, reserved 1048576K
}
Event: 1.667 GC heap before
{Heap before GC invocations=12 (full 0):
 PSYoungGen      total 241152K, used 239328K [0x000000076b800000, 0x0000000784f80000, 0x00000007c0000000)
  eden space 239104K, 100% used [0x000000076b800000,0x000000077a180000,0x000000077a180000)
  from space 2048K, 10% used [0x0000000784b80000,0x0000000784bb8000,0x0000000784d80000)
  to   space 2048K, 0% used [0x0000000784d80000,0x0000000784d80000,0x0000000784f80000)
 ParOldGen       total 173568K, used 1324K [0x00000006c2800000, 0x00000006cd180000, 0x000000076b800000)
  object space 173568K, 0% used [0x00000006c2800000,0x00000006c294b060,0x00000006cd180000)
 Metaspace       used 8148K, capacity 8646K, committed 8960K, reserved 1056768K
  class space    used 654K, capacity 690K, committed 768K, reserved 1048576K
Event: 1.667 GC heap after
Heap after GC invocations=12 (full 0):
 PSYoungGen      total 230400K, used 224K [0x000000076b800000, 0x0000000784e00000, 0x00000007c0000000)
  eden space 229888K, 0% used [0x000000076b800000,0x000000076b800000,0x0000000779880000)
  from space 512K, 43% used [0x0000000784d80000,0x0000000784db8000,0x0000000784e00000)
  to   space 2048K, 0% used [0x0000000784a00000,0x0000000784a00000,0x0000000784c00000)
 ParOldGen       total 173568K, used 1324K [0x00000006c2800000, 0x00000006cd180000, 0x000000076b800000)
  object space 173568K, 0% used [0x00000006c2800000,0x00000006c294b060,0x00000006cd180000)
 Metaspace       used 8148K, capacity 8646K, committed 8960K, reserved 1056768K
  class space    used 654K, capacity 690K, committed 768K, reserved 1048576K
}
Event: 1.835 GC heap before
{Heap before GC invocations=13 (full 0):
 PSYoungGen      total 230400K, used 230112K [0x000000076b800000, 0x0000000784e00000, 0x00000007c0000000)
  eden space 229888K, 100% used [0x000000076b800000,0x0000000779880000,0x0000000779880000)
  from space 512K, 43% used [0x0000000784d80000,0x0000000784db8000,0x0000000784e00000)
  to   space 2048K, 0% used [0x0000000784a00000,0x0000000784a00000,0x0000000784c00000)
 ParOldGen       total 173568K, used 1324K [0x00000006c2800000, 0x00000006cd180000, 0x000000076b800000)
  object space 173568K, 0% used [0x00000006c2800000,0x00000006c294b060,0x00000006cd180000)
 Metaspace       used 8150K, capacity 8646K, committed 8960K, reserved 1056768K
  class space    used 654K, capacity 690K, committed 768K, reserved 1048576K
Event: 1.836 GC heap after
Heap after GC invocations=13 (full 0):
 PSYoungGen      total 223232K, used 224K [0x000000076b800000, 0x0000000784e00000, 0x00000007c0000000)
  eden space 221184K, 0% used [0x000000076b800000,0x000000076b800000,0x0000000779000000)
  from space 2048K, 10% used [0x0000000784a00000,0x0000000784a38000,0x0000000784c00000)
  to   space 2048K, 0% used [0x0000000784c00000,0x0000000784c00000,0x0000000784e00000)
 ParOldGen       total 173568K, used 1324K [0x00000006c2800000, 0x00000006cd180000, 0x000000076b800000)
  object space 173568K, 0% used [0x00000006c2800000,0x00000006c294b060,0x00000006cd180000)
 Metaspace       used 8150K, capacity 8646K, committed 8960K, reserved 1056768K
  class space    used 654K, capacity 690K, committed 768K, reserved 1048576K
}

Deoptimization events (10 events):
Event: 0.375 Thread 0x000000001e24b800 Uncommon trap: reason=bimorphic action=maybe_recompile pc=0x00000000027359f8 method=java.util.HashMap.getNode(ILjava/lang/Object;)Ljava/util/HashMap$Node; @ 126
Event: 0.376 Thread 0x000000001e24b800 Uncommon trap: reason=bimorphic action=maybe_recompile pc=0x00000000027359f8 method=java.util.HashMap.getNode(ILjava/lang/Object;)Ljava/util/HashMap$Node; @ 126
Event: 0.382 Thread 0x000000001e24b800 Uncommon trap: reason=unstable_if action=reinterpret pc=0x0000000002726018 method=java.util.HashMap.keySet()Ljava/util/Set; @ 6
Event: 0.820 Thread 0x000000001e24b800 Uncommon trap: reason=unstable_if action=reinterpret pc=0x0000000002725b44 method=java.util.HashMap.clear()V @ 16
Event: 0.820 Thread 0x000000001e24b800 Uncommon trap: reason=unstable_if action=reinterpret pc=0x0000000002726f08 method=java.util.HashMap$HashIterator.<init>(Ljava/util/HashMap;)V @ 38
Event: 0.820 Thread 0x0000000000bfe000 Uncommon trap: reason=unstable_if action=reinterpret pc=0x0000000002748b40 method=main.coreEngine.TickableThread.invoke(Ljava/lang/String;[Ljava/lang/Object;)V @ 53
Event: 0.820 Thread 0x000000001e24b800 Uncommon trap: reason=unstable_if action=reinterpret pc=0x0000000002725dd8 method=java.util.HashMap.clear()V @ 16
Event: 0.820 Thread 0x000000001e231800 Uncommon trap: reason=unstable_if action=reinterpret pc=0x000000000278a634 method=main.coreEngine.TickableThread.run()V @ 58
Event: 0.820 Thread 0x000000001e24b800 Uncommon trap: reason=unstable_if action=reinterpret pc=0x0000000002724be0 method=java.util.HashMap$HashIterator.<init>(Ljava/util/HashMap;)V @ 38
Event: 0.914 Thread 0x000000001e231800 Uncommon trap: reason=unstable_if action=reinterpret pc=0x0000000002861854 method=main.coreEngine.TickableThread.run()V @ 461

Internal exceptions (8 events):
Event: 0.026 Thread 0x0000000000bfe000 Exception <a 'java/lang/NoSuchMethodError': Method sun.misc.Unsafe.defineClass(Ljava/lang/String;[BII)Ljava/lang/Class; name or signature does not match> (0x000000076b80da30) thrown at [C:\workspace\8-2-build-windows-amd64-cygwin\jdk8u65\4987\hotspot\src\s™ã½Ä›?
Event: 0.026 Thread 0x0000000000bfe000 Exception <a 'java/lang/NoSuchMethodError': Method sun.misc.Unsafe.prefetchRead(Ljava/lang/Object;J)V name or signature does not match> (0x000000076b80dd18) thrown at [C:\workspace\8-2-build-windows-amd64-cygwin\jdk8u65\4987\hotspot\src\share\vm\prims\jni.–
Event: 0.375 Thread 0x000000001e24b800 Implicit null exception at 0x000000000273308f to 0x00000000027333f1
Event: 0.376 Thread 0x000000001e24b800 Exception <a 'java/security/PrivilegedActionException'> (0x000000076b99a950) thrown at [C:\workspace\8-2-build-windows-amd64-cygwin\jdk8u65\4987\hotspot\src\share\vm\prims\jvm.cpp, line 1386]
Event: 0.376 Thread 0x000000001e24b800 Exception <a 'java/security/PrivilegedActionException'> (0x000000076b99ad48) thrown at [C:\workspace\8-2-build-windows-amd64-cygwin\jdk8u65\4987\hotspot\src\share\vm\prims\jvm.cpp, line 1386]
Event: 0.376 Thread 0x000000001e24b800 Exception <a 'java/security/PrivilegedActionException'> (0x000000076b99ef60) thrown at [C:\workspace\8-2-build-windows-amd64-cygwin\jdk8u65\4987\hotspot\src\share\vm\prims\jvm.cpp, line 1386]
Event: 0.376 Thread 0x000000001e24b800 Exception <a 'java/security/PrivilegedActionException'> (0x000000076b99f358) thrown at [C:\workspace\8-2-build-windows-amd64-cygwin\jdk8u65\4987\hotspot\src\share\vm\prims\jvm.cpp, line 1386]
Event: 0.820 Thread 0x0000000000bfe000 Implicit null exception at 0x000000000274857c to 0x0000000002748b19

Events (10 events):
Event: 1.070 Executing VM operation: ParallelGCFailedAllocation
Event: 1.071 Executing VM operation: ParallelGCFailedAllocation done
Event: 1.281 Executing VM operation: ParallelGCFailedAllocation
Event: 1.281 Executing VM operation: ParallelGCFailedAllocation done
Event: 1.497 Executing VM operation: ParallelGCFailedAllocation
Event: 1.498 Executing VM operation: ParallelGCFailedAllocation done
Event: 1.667 Executing VM operation: ParallelGCFailedAllocation
Event: 1.667 Executing VM operation: ParallelGCFailedAllocation done
Event: 1.835 Executing VM operation: ParallelGCFailedAllocation
Event: 1.836 Executing VM operation: ParallelGCFailedAllocation done


Dynamic libraries:
0x00007ff67ba00000 - 0x00007ff67ba37000 	C:\Program Files\Java\jdk1.8.0_65\bin\java.exe
0x00007ffde4980000 - 0x00007ffde4b41000 	C:\WINDOWS\SYSTEM32\ntdll.dll
0x00007ffde42a0000 - 0x00007ffde434d000 	C:\WINDOWS\system32\KERNEL32.DLL
0x00007ffde19f0000 - 0x00007ffde1bd8000 	C:\WINDOWS\system32\KERNELBASE.dll
0x00007ffde1e70000 - 0x00007ffde1f17000 	C:\WINDOWS\system32\ADVAPI32.dll
0x00007ffde3800000 - 0x00007ffde389d000 	C:\WINDOWS\system32\msvcrt.dll
0x00007ffde1e10000 - 0x00007ffde1e6b000 	C:\WINDOWS\system32\sechost.dll
0x00007ffde3bd0000 - 0x00007ffde3cec000 	C:\WINDOWS\system32\RPCRT4.dll
0x00007ffde3fe0000 - 0x00007ffde4136000 	C:\WINDOWS\system32\USER32.dll
0x00007ffde3cf0000 - 0x00007ffde3e76000 	C:\WINDOWS\system32\GDI32.dll
0x00007ffddd690000 - 0x00007ffddd904000 	C:\WINDOWS\WinSxS\amd64_microsoft.windows.common-controls_6595b64144ccf1df_6.0.10586.0_none_8c15ae12515e1c22\COMCTL32.dll
0x00007ffde3950000 - 0x00007ffde3bcd000 	C:\WINDOWS\system32\combase.dll
0x00007ffde1cf0000 - 0x00007ffde1d5a000 	C:\WINDOWS\system32\bcryptPrimitives.dll
0x00007ffde1dc0000 - 0x00007ffde1dfb000 	C:\WINDOWS\system32\IMM32.DLL
0x0000000070c90000 - 0x0000000070d62000 	C:\Program Files\Java\jdk1.8.0_65\jre\bin\msvcr100.dll
0x0000000070400000 - 0x0000000070c89000 	C:\Program Files\Java\jdk1.8.0_65\jre\bin\server\jvm.dll
0x00007ffde4290000 - 0x00007ffde4298000 	C:\WINDOWS\system32\PSAPI.DLL
0x00007ffdd8550000 - 0x00007ffdd8559000 	C:\WINDOWS\SYSTEM32\WSOCK32.dll
0x00007ffddd9c0000 - 0x00007ffddd9ca000 	C:\WINDOWS\SYSTEM32\VERSION.dll
0x00007ffddf730000 - 0x00007ffddf753000 	C:\WINDOWS\SYSTEM32\WINMM.dll
0x00007ffde4470000 - 0x00007ffde44db000 	C:\WINDOWS\system32\WS2_32.dll
0x0000000000b90000 - 0x0000000000bbc000 	C:\WINDOWS\SYSTEM32\WINMMBASE.dll
0x00007ffde1be0000 - 0x00007ffde1c23000 	C:\WINDOWS\system32\cfgmgr32.dll
0x00000000703f0000 - 0x00000000703ff000 	C:\Program Files\Java\jdk1.8.0_65\jre\bin\verify.dll
0x00000000703c0000 - 0x00000000703e9000 	C:\Program Files\Java\jdk1.8.0_65\jre\bin\java.dll
0x0000000070380000 - 0x00000000703b5000 	C:\Program Files\Java\jdk1.8.0_65\jre\bin\jdwp.dll
0x0000000070370000 - 0x0000000070378000 	C:\Program Files\Java\jdk1.8.0_65\jre\bin\npt.dll
0x0000000070350000 - 0x0000000070366000 	C:\Program Files\Java\jdk1.8.0_65\jre\bin\zip.dll
0x00007ffde1f80000 - 0x00007ffde34dc000 	C:\WINDOWS\system32\SHELL32.dll
0x00007ffde11d0000 - 0x00007ffde1815000 	C:\WINDOWS\system32\windows.storage.dll
0x00007ffde36b0000 - 0x00007ffde3702000 	C:\WINDOWS\system32\shlwapi.dll
0x00007ffde0fb0000 - 0x00007ffde0fbf000 	C:\WINDOWS\system32\kernel.appcore.dll
0x00007ffde1c30000 - 0x00007ffde1ce5000 	C:\WINDOWS\system32\shcore.dll
0x00007ffde0fc0000 - 0x00007ffde100b000 	C:\WINDOWS\system32\powrprof.dll
0x00007ffde0f80000 - 0x00007ffde0f94000 	C:\WINDOWS\system32\profapi.dll
0x0000000070340000 - 0x0000000070349000 	C:\Program Files\Java\jdk1.8.0_65\jre\bin\dt_socket.dll
0x00007ffde08b0000 - 0x00007ffde090c000 	C:\WINDOWS\system32\mswsock.dll
0x00007ffdd43a0000 - 0x00007ffdd4428000 	D:\Code\Java\Projects\WireEngine20\lib\native\lwjgl.dll
0x00007ffde0a80000 - 0x00007ffde0a8b000 	C:\WINDOWS\SYSTEM32\CRYPTBASE.DLL
0x00007ffdd4610000 - 0x00007ffdd4652000 	D:\Code\Java\Projects\WireEngine20\lib\native\jemalloc.dll
0x00007ffdd3f60000 - 0x00007ffdd3f98000 	D:\Code\Java\Projects\WireEngine20\lib\native\glfw.dll
0x00007ffddf850000 - 0x00007ffddf8e6000 	C:\WINDOWS\system32\uxtheme.dll
0x00007ffdde650000 - 0x00007ffdde672000 	C:\WINDOWS\SYSTEM32\dwmapi.dll
0x00007ffdc8b70000 - 0x00007ffdc8c99000 	C:\WINDOWS\SYSTEM32\opengl32.dll
0x00007ffdcfb70000 - 0x00007ffdcfb9e000 	C:\WINDOWS\SYSTEM32\GLU32.dll
0x00007ffdc68b0000 - 0x00007ffdc69aa000 	C:\WINDOWS\SYSTEM32\DDRAW.dll
0x00007ffdd47a0000 - 0x00007ffdd47a8000 	C:\WINDOWS\SYSTEM32\DCIMAN32.dll
0x00007ffde3e80000 - 0x00007ffde3fda000 	C:\WINDOWS\system32\MSCTF.dll
0x00007ffdcb820000 - 0x00007ffdcb869000 	C:\Program Files (x86)\TeamViewer\tv_x64.dll
0x00007ffde4140000 - 0x00007ffde4283000 	C:\WINDOWS\system32\ole32.dll
0x000000006e3c0000 - 0x0000000070109000 	C:\WINDOWS\SYSTEM32\nvoglv64.DLL
0x00007ffde4550000 - 0x00007ffde4979000 	C:\WINDOWS\system32\SETUPAPI.dll
0x00007ffddf2f0000 - 0x00007ffddf303000 	C:\WINDOWS\SYSTEM32\WTSAPI32.dll
0x00007ffddf9a0000 - 0x00007ffddf9c7000 	C:\WINDOWS\SYSTEM32\DEVOBJ.dll
0x00007ffde1170000 - 0x00007ffde11c5000 	C:\WINDOWS\system32\WINTRUST.dll
0x00007ffde0fa0000 - 0x00007ffde0fb0000 	C:\WINDOWS\system32\MSASN1.dll
0x00007ffde1820000 - 0x00007ffde19e7000 	C:\WINDOWS\system32\CRYPT32.dll
0x00007ffde04d0000 - 0x00007ffde0501000 	C:\WINDOWS\SYSTEM32\ntmarta.dll
0x00007ffde0220000 - 0x00007ffde0276000 	C:\WINDOWS\SYSTEM32\WINSTA.dll
0x00007ffde38a0000 - 0x00007ffde3947000 	C:\WINDOWS\system32\clbcatq.dll
0x00007ffdddd50000 - 0x00007ffdddd75000 	C:\Program Files (x86)\Samsung\Easy Printer Manager\SmartScreenPrint\CDAKEYMonitor64.dll
0x00007ffde3730000 - 0x00007ffde37f1000 	C:\WINDOWS\system32\OLEAUT32.dll
0x00007ffdb9de0000 - 0x00007ffdb9f6c000 	C:\WINDOWS\SYSTEM32\dbghelp.dll

VM Arguments:
jvm_args: -agentlib:jdwp=transport=dt_socket,address=127.0.0.1:65507,suspend=y,server=n -Djava.library.path=lib/native/ -Dfile.encoding=UTF-8 
java_command: main.Main
java_class_path (initial): C:\Program Files\Java\jdk1.8.0_65\jre\lib\charsets.jar;C:\Program Files\Java\jdk1.8.0_65\jre\lib\deploy.jar;C:\Program Files\Java\jdk1.8.0_65\jre\lib\ext\access-bridge-64.jar;C:\Program Files\Java\jdk1.8.0_65\jre\lib\ext\cldrdata.jar;C:\Program Files\Java\jdk1.8.0_65\jre\lib\ext\dnsns.jar;C:\Program Files\Java\jdk1.8.0_65\jre\lib\ext\jaccess.jar;C:\Program Files\Java\jdk1.8.0_65\jre\lib\ext\jfxrt.jar;C:\Program Files\Java\jdk1.8.0_65\jre\lib\ext\localedata.jar;C:\Program Files\Java\jdk1.8.0_65\jre\lib\ext\nashorn.jar;C:\Program Files\Java\jdk1.8.0_65\jre\lib\ext\sunec.jar;C:\Program Files\Java\jdk1.8.0_65\jre\lib\ext\sunjce_provider.jar;C:\Program Files\Java\jdk1.8.0_65\jre\lib\ext\sunmscapi.jar;C:\Program Files\Java\jdk1.8.0_65\jre\lib\ext\sunpkcs11.jar;C:\Program Files\Java\jdk1.8.0_65\jre\lib\ext\zipfs.jar;C:\Program Files\Java\jdk1.8.0_65\jre\lib\javaws.jar;C:\Program Files\Java\jdk1.8.0_65\jre\lib\jce.jar;C:\Program Files\Java\jdk1.8.0_65\jre\lib\jfr.jar;C:\Program Files\Java\jdk1.8.0_65\jre\lib\jfxswt.jar;C:\Program Files\Java\jdk1.8.0_65\jre\lib\jsse.jar;C:\Program Files\Java\jdk1.8.0_65\jre\lib\management-agent.jar;C:\Program Files\Java\jdk1.8.0_65\jre\lib\plugin.jar;C:\Program Files\Java\jdk1.8.0_65\jre\lib\resources.jar;C:\Program Files\Java\jdk1.8.0_65\jre\lib\rt.jar;D:\Code\Java\Projects\WireEngine20\out\production\WireEngine20;D:\Code\Java\Projects\WireEngine20\lib\jar\lwjgl.jar;D:\Code\Java\Projects\WireEngine20\lib\jar\slick-util.jar;D:\Program Files (x86)\JetBrains\IntelliJ IDEA 2016.1\lib\idea_rt.jar
Launcher Type: SUN_STANDARD

Environment Variables:
JAVA_HOME=C:\Program Files\Java\jdk1.8.0_65
PATH=C:\ProgramData\Oracle\Java\javapath;C:\Program Files (x86)\Razer Chroma SDK\bin;C:\Program Files\Razer Chroma SDK\bin;C:\Program Files (x86)\NVIDIA Corporation\PhysX\Common;C:\Program Files (x86)\Intel\iCLS Client\;C:\Program Files\Intel\iCLS Client\;C:\Windows\system32;C:\Windows;C:\Windows\System32\Wbem;C:\Windows\System32\WindowsPowerShell\v1.0\;C:\Program Files\Intel\Intel(R) Management Engine Components\DAL;C:\Program Files (x86)\Intel\Intel(R) Management Engine Components\DAL;C:\Program Files\Intel\Intel(R) Management Engine Components\IPT;C:\Program Files (x86)\Intel\Intel(R) Management Engine Components\IPT;C:\Program Files\Java\jre1.8.0_65\bin;C:\MinGW\bin;C:\WINDOWS\system32;C:\WINDOWS;C:\WINDOWS\System32\Wbem;C:\WINDOWS\System32\WindowsPowerShell\v1.0\;D:\Program Files (x86)\CMake\bin;D:\Program Files\Programs\Python\Python35-32;D:\Program Files\Programs\Python\Python35-32\Scripts;C:\Program Files (x86)\Skype\Phone\;D:\Program Files\Programs\Python\Python35-32\Scripts\;D:\Program Files\Programs\Python\Python35-32\
USERNAME=Kelan
OS=Windows_NT
PROCESSOR_IDENTIFIER=Intel64 Family 6 Model 60 Stepping 3, GenuineIntel



---------------  S Y S T E M  ---------------

OS: Windows 10.0 , 64 bit Build 10586 (10.0.10586.0)

CPU:total 8 (4 cores per cpu, 2 threads per core) family 6 model 60 stepping 3, cmov, cx8, fxsr, mmx, sse, sse2, sse3, ssse3, sse4.1, sse4.2, popcnt, avx, avx2, aes, clmul, erms, lzcnt, ht, tsc, tscinvbit, bmi1, bmi2

Memory: 4k page, physical 16609500k(1143088k free), swap 33386716k(13771800k free)

vm_info: Java HotSpot(TM) 64-Bit Server VM (25.65-b01) for windows-amd64 JRE (1.8.0_65-b17), built on Oct  6 2015 16:39:20 by "java_re" with MS VC++ 10.0 (VS2010)

time: Thu Apr 14 15:41:31 2016
elapsed time: 1 seconds (0d 0h 0m 1s)

