#
# A fatal error has been detected by the Java Runtime Environment:
#
#  EXCEPTION_ACCESS_VIOLATION (0xc0000005) at pc=0x00007ffddc3d24b9, pid=12580, tid=11784
#
# JRE version: Java(TM) SE Runtime Environment (8.0_65-b17) (build 1.8.0_65-b17)
# Java VM: Java HotSpot(TM) 64-Bit Server VM (25.65-b01 mixed mode windows-amd64 compressed oops)
# Problematic frame:
# C  [glfw.dll+0x24b9]
#
# Failed to write core dump. Minidumps are not enabled by default on client versions of Windows
#
# If you would like to submit a bug report, please visit:
#   http://bugreport.java.com/bugreport/crash.jsp
# The crash happened outside the Java Virtual Machine in native code.
# See problematic frame for where to report the bug.
#

---------------  T H R E A D  ---------------

Current thread (0x000000001e1ed000):  JavaThread "CLIENT" [_thread_in_native, id=11784, stack(0x000000001ef30000,0x000000001f030000)]

siginfo: ExceptionCode=0xc0000005, reading address 0x0000000000000000

Registers:
RAX=0x0000000000000000, RBX=0x000000001b9f1d98, RCX=0x0000000000000000, RDX=0x0000000000000000
RSP=0x000000001f02f0a0, RBP=0x000000001f02f158, RSI=0x0000000000000108, RDI=0x0000000000476af0
R8 =0x000000001f02f098, R9 =0x000000001f02f158, R10=0x0000000000000000, R11=0x0000000000000246
R12=0x0000000000000000, R13=0x000000001b9f1d98, R14=0x000000001f02f190, R15=0x000000001e1ed000
RIP=0x00007ffddc3d24b9, EFLAGS=0x0000000000010283

Top of Stack: (sp=0x000000001f02f0a0)
0x000000001f02f0a0:   000000001e1ed000 000000001e1ed000
0x000000001f02f0b0:   000000001e1ed000 000000001e1ed000
0x000000001f02f0c0:   000000000000025b 00000000025fdfcc
0x000000001f02f0d0:   000000001b9f1d98 0000000070615005
0x000000001f02f0e0:   000000001b9979a0 000000001bf81990
0x000000001f02f0f0:   000000000000000e 000000001e1ed000
0x000000001f02f100:   000000001ba0e710 000000007052aea4
0x000000001f02f110:   000000001e1ed000 000000001f02f118
0x000000001f02f120:   0000000000000000 000000001f02f190
0x000000001f02f130:   000000001b9f2538 0000000000000000
0x000000001f02f140:   000000001b9f1d98 0000000000000000
0x000000001f02f150:   000000001f02f178 000000001f02f1d8
0x000000001f02f160:   00000000025e7d8d 00000006c280e5f8
0x000000001f02f170:   00000000025f42f8 0000000000476af0
0x000000001f02f180:   00000000025e78a0 00007ffddc3d2420
0x000000001f02f190:   0000000000000001 000000001f02f198 

Instructions: (pc=0x00007ffddc3d24b9)
0x00007ffddc3d2499:   48 8b cf e8 1f 3a 00 00 48 39 3d f0 d5 02 00 48
0x00007ffddc3d24a9:   8d 0d e9 d5 02 00 48 8b 5c 24 30 74 08 48 8b 09
0x00007ffddc3d24b9:   48 39 39 75 f8 48 8b 07 48 89 01 48 8b cf 48 83
0x00007ffddc3d24c9:   c4 20 5f e9 5b fe 00 00 48 83 c4 20 5f c3 cc cc 


Register to memory mapping:

RAX=0x0000000000000000 is an unknown value
RBX={method} {0x000000001b9f1da0} 'invokePV' '(JJ)V' in 'org/lwjgl/system/JNI'
RCX=0x0000000000000000 is an unknown value
RDX=0x0000000000000000 is an unknown value
RSP=0x000000001f02f0a0 is pointing into the stack for thread: 0x000000001e1ed000
RBP=0x000000001f02f158 is pointing into the stack for thread: 0x000000001e1ed000
RSI=0x0000000000000108 is an unknown value
RDI=0x0000000000476af0 is an unknown value
R8 =0x000000001f02f098 is pointing into the stack for thread: 0x000000001e1ed000
R9 =0x000000001f02f158 is pointing into the stack for thread: 0x000000001e1ed000
R10=0x0000000000000000 is an unknown value
R11=0x0000000000000246 is an unknown value
R12=0x0000000000000000 is an unknown value
R13={method} {0x000000001b9f1da0} 'invokePV' '(JJ)V' in 'org/lwjgl/system/JNI'
R14=0x000000001f02f190 is pointing into the stack for thread: 0x000000001e1ed000
R15=0x000000001e1ed000 is a thread


Stack: [0x000000001ef30000,0x000000001f030000],  sp=0x000000001f02f0a0,  free space=1020k
Native frames: (J=compiled Java code, j=interpreted, Vv=VM code, C=native code)
C  [glfw.dll+0x24b9]
C  0x00000000025fdfcc

Java frames: (J=compiled Java code, j=interpreted, Vv=VM code)
j  org.lwjgl.system.JNI.invokePV(JJ)V+0
j  org.lwjgl.glfw.GLFW.glfwDestroyCursor(J)V+20
j  main.client.Window.destroyWindow()V+9
j  main.coreEngine.Engine.stop()V+70
j  main.client.Window.update()V+43
j  main.client.renderEngine.RenderEngine.render()V+22
j  main.client.ClientThread.tick()V+4
j  main.coreEngine.TickableThread.run()V+481
v  ~StubRoutines::call_stub

---------------  P R O C E S S  ---------------

Java Threads: ( => current thread )
  0x000000001e218000 JavaThread "SERVER" [_thread_in_Java, id=13676, stack(0x000000001f030000,0x000000001f130000)]
=>0x000000001e1ed000 JavaThread "CLIENT" [_thread_in_native, id=11784, stack(0x000000001ef30000,0x000000001f030000)]
  0x000000001e0a3000 JavaThread "Service Thread" daemon [_thread_blocked, id=6236, stack(0x000000001ed30000,0x000000001ee30000)]
  0x000000001e093800 JavaThread "C1 CompilerThread3" daemon [_thread_blocked, id=6516, stack(0x000000001ec30000,0x000000001ed30000)]
  0x000000001e093000 JavaThread "C2 CompilerThread2" daemon [_thread_blocked, id=10124, stack(0x000000001eb30000,0x000000001ec30000)]
  0x000000001e086000 JavaThread "C2 CompilerThread1" daemon [_thread_blocked, id=14284, stack(0x000000001ea30000,0x000000001eb30000)]
  0x000000001e08a000 JavaThread "C2 CompilerThread0" daemon [_thread_blocked, id=5384, stack(0x000000001e930000,0x000000001ea30000)]
  0x000000001e070000 JavaThread "JDWP Command Reader" daemon [_thread_in_native, id=6876, stack(0x000000001e830000,0x000000001e930000)]
  0x000000001e06f000 JavaThread "JDWP Event Helper Thread" daemon [_thread_blocked, id=5260, stack(0x000000001e730000,0x000000001e830000)]
  0x000000001e061800 JavaThread "JDWP Transport Listener: dt_socket" daemon [_thread_blocked, id=10220, stack(0x000000001e630000,0x000000001e730000)]
  0x000000001e057800 JavaThread "Attach Listener" daemon [_thread_blocked, id=8184, stack(0x000000001e530000,0x000000001e630000)]
  0x000000001e056800 JavaThread "Signal Dispatcher" daemon [_thread_blocked, id=6048, stack(0x000000001e430000,0x000000001e530000)]
  0x00000000025db800 JavaThread "Finalizer" daemon [_thread_blocked, id=12468, stack(0x000000001de50000,0x000000001df50000)]
  0x000000001bf7d800 JavaThread "Reference Handler" daemon [_thread_blocked, id=9064, stack(0x000000001dd50000,0x000000001de50000)]
  0x00000000024be000 JavaThread "main" [_thread_blocked, id=10672, stack(0x0000000002390000,0x0000000002490000)]

Other Threads:
  0x000000001bf79000 VMThread [stack: 0x000000001dc50000,0x000000001dd50000] [id=8]
  0x000000001e142800 WatcherThread [stack: 0x000000001ee30000,0x000000001ef30000] [id=12948]

VM state:not at safepoint (normal execution)

VM Mutex/Monitor currently owned by a thread: None

Heap:
 PSYoungGen      total 73216K, used 30537K [0x000000076b800000, 0x000000078a780000, 0x00000007c0000000)
  eden space 72704K, 42% used [0x000000076b800000,0x000000076d5d2790,0x000000076ff00000)
  from space 512K, 0% used [0x000000078a680000,0x000000078a680000,0x000000078a700000)
  to   space 512K, 0% used [0x000000078a700000,0x000000078a700000,0x000000078a780000)
 ParOldGen       total 173568K, used 1272K [0x00000006c2800000, 0x00000006cd180000, 0x000000076b800000)
  object space 173568K, 0% used [0x00000006c2800000,0x00000006c293e050,0x00000006cd180000)
 Metaspace       used 7610K, capacity 8390K, committed 8576K, reserved 1056768K
  class space    used 592K, capacity 626K, committed 640K, reserved 1048576K

Card table byte_map: [0x00000000119a0000,0x0000000012190000] byte_map_base: 0x000000000e38c000

Marking Bits: (ParMarkBitMap*) 0x0000000070c0a5b0
 Begin Bits: [0x0000000012ee0000, 0x0000000016e40000)
 End Bits:   [0x0000000016e40000, 0x000000001ada0000)

Polling page: 0x0000000000ae0000

CodeCache: size=245760Kb used=2495Kb max_used=2509Kb free=243264Kb
 bounds [0x00000000025e0000, 0x0000000002860000, 0x00000000115e0000]
 total_blobs=1088 nmethods=449 adapters=560
 compilation: enabled

Compilation events (10 events):
Event: 3.096 Thread 0x000000001e093800  446       3       main.client.Window::resetKeys (29 bytes)
Event: 3.096 Thread 0x000000001e093800 nmethod 446 0x00000000028453d0 code [0x0000000002845540, 0x0000000002845808]
Event: 3.379 Thread 0x000000001e093800  447       3       org.lwjgl.opengl.GL::getCapabilities (26 bytes)
Event: 3.379 Thread 0x000000001e093800 nmethod 447 0x0000000002844d10 code [0x0000000002844ea0, 0x0000000002845298]
Event: 3.379 Thread 0x000000001e093800  448       3       org.lwjgl.system.Checks::checkFunctionality (16 bytes)
Event: 3.379 Thread 0x000000001e093800 nmethod 448 0x0000000002844850 code [0x00000000028449c0, 0x0000000002844c08]
Event: 3.496 Thread 0x000000001e093800  449       3       org.lwjgl.opengl.GL11::getInstance (7 bytes)
Event: 3.496 Thread 0x000000001e093800 nmethod 449 0x0000000002843d50 code [0x0000000002843f20, 0x0000000002844548]
Event: 3.496 Thread 0x000000001e093800  450       3       org.lwjgl.opengl.GL11::getInstance (11 bytes)
Event: 3.496 Thread 0x000000001e093800 nmethod 450 0x0000000002843750 code [0x00000000028438e0, 0x0000000002843ba8]

GC Heap History (10 events):
Event: 4.715 GC heap before
{Heap before GC invocations=43 (full 0):
 PSYoungGen      total 82944K, used 82432K [0x000000076b800000, 0x000000078a780000, 0x00000007c0000000)
  eden space 82432K, 100% used [0x000000076b800000,0x0000000770880000,0x0000000770880000)
  from space 512K, 0% used [0x000000078a700000,0x000000078a700000,0x000000078a780000)
  to   space 512K, 0% used [0x000000078a680000,0x000000078a680000,0x000000078a700000)
 ParOldGen       total 173568K, used 1272K [0x00000006c2800000, 0x00000006cd180000, 0x000000076b800000)
  object space 173568K, 0% used [0x00000006c2800000,0x00000006c293e050,0x00000006cd180000)
 Metaspace       used 7610K, capacity 8390K, committed 8576K, reserved 1056768K
  class space    used 592K, capacity 626K, committed 640K, reserved 1048576K
Event: 4.715 GC heap after
Heap after GC invocations=43 (full 0):
 PSYoungGen      total 80896K, used 0K [0x000000076b800000, 0x000000078a780000, 0x00000007c0000000)
  eden space 80384K, 0% used [0x000000076b800000,0x000000076b800000,0x0000000770680000)
  from space 512K, 0% used [0x000000078a680000,0x000000078a680000,0x000000078a700000)
  to   space 512K, 0% used [0x000000078a700000,0x000000078a700000,0x000000078a780000)
 ParOldGen       total 173568K, used 1272K [0x00000006c2800000, 0x00000006cd180000, 0x000000076b800000)
  object space 173568K, 0% used [0x00000006c2800000,0x00000006c293e050,0x00000006cd180000)
 Metaspace       used 7610K, capacity 8390K, committed 8576K, reserved 1056768K
  class space    used 592K, capacity 626K, committed 640K, reserved 1048576K
}
Event: 4.789 GC heap before
{Heap before GC invocations=44 (full 0):
 PSYoungGen      total 80896K, used 80384K [0x000000076b800000, 0x000000078a780000, 0x00000007c0000000)
  eden space 80384K, 100% used [0x000000076b800000,0x0000000770680000,0x0000000770680000)
  from space 512K, 0% used [0x000000078a680000,0x000000078a680000,0x000000078a700000)
  to   space 512K, 0% used [0x000000078a700000,0x000000078a700000,0x000000078a780000)
 ParOldGen       total 173568K, used 1272K [0x00000006c2800000, 0x00000006cd180000, 0x000000076b800000)
  object space 173568K, 0% used [0x00000006c2800000,0x00000006c293e050,0x00000006cd180000)
 Metaspace       used 7610K, capacity 8390K, committed 8576K, reserved 1056768K
  class space    used 592K, capacity 626K, committed 640K, reserved 1048576K
Event: 4.789 GC heap after
Heap after GC invocations=44 (full 0):
 PSYoungGen      total 78848K, used 0K [0x000000076b800000, 0x000000078a780000, 0x00000007c0000000)
  eden space 78336K, 0% used [0x000000076b800000,0x000000076b800000,0x0000000770480000)
  from space 512K, 0% used [0x000000078a700000,0x000000078a700000,0x000000078a780000)
  to   space 512K, 0% used [0x000000078a680000,0x000000078a680000,0x000000078a700000)
 ParOldGen       total 173568K, used 1272K [0x00000006c2800000, 0x00000006cd180000, 0x000000076b800000)
  object space 173568K, 0% used [0x00000006c2800000,0x00000006c293e050,0x00000006cd180000)
 Metaspace       used 7610K, capacity 8390K, committed 8576K, reserved 1056768K
  class space    used 592K, capacity 626K, committed 640K, reserved 1048576K
}
Event: 4.861 GC heap before
{Heap before GC invocations=45 (full 0):
 PSYoungGen      total 78848K, used 78336K [0x000000076b800000, 0x000000078a780000, 0x00000007c0000000)
  eden space 78336K, 100% used [0x000000076b800000,0x0000000770480000,0x0000000770480000)
  from space 512K, 0% used [0x000000078a700000,0x000000078a700000,0x000000078a780000)
  to   space 512K, 0% used [0x000000078a680000,0x000000078a680000,0x000000078a700000)
 ParOldGen       total 173568K, used 1272K [0x00000006c2800000, 0x00000006cd180000, 0x000000076b800000)
  object space 173568K, 0% used [0x00000006c2800000,0x00000006c293e050,0x00000006cd180000)
 Metaspace       used 7610K, capacity 8390K, committed 8576K, reserved 1056768K
  class space    used 592K, capacity 626K, committed 640K, reserved 1048576K
Event: 4.862 GC heap after
Heap after GC invocations=45 (full 0):
 PSYoungGen      total 76800K, used 0K [0x000000076b800000, 0x000000078a780000, 0x00000007c0000000)
  eden space 76288K, 0% used [0x000000076b800000,0x000000076b800000,0x0000000770280000)
  from space 512K, 0% used [0x000000078a680000,0x000000078a680000,0x000000078a700000)
  to   space 512K, 0% used [0x000000078a700000,0x000000078a700000,0x000000078a780000)
 ParOldGen       total 173568K, used 1272K [0x00000006c2800000, 0x00000006cd180000, 0x000000076b800000)
  object space 173568K, 0% used [0x00000006c2800000,0x00000006c293e050,0x00000006cd180000)
 Metaspace       used 7610K, capacity 8390K, committed 8576K, reserved 1056768K
  class space    used 592K, capacity 626K, committed 640K, reserved 1048576K
}
Event: 4.932 GC heap before
{Heap before GC invocations=46 (full 0):
 PSYoungGen      total 76800K, used 76288K [0x000000076b800000, 0x000000078a780000, 0x00000007c0000000)
  eden space 76288K, 100% used [0x000000076b800000,0x0000000770280000,0x0000000770280000)
  from space 512K, 0% used [0x000000078a680000,0x000000078a680000,0x000000078a700000)
  to   space 512K, 0% used [0x000000078a700000,0x000000078a700000,0x000000078a780000)
 ParOldGen       total 173568K, used 1272K [0x00000006c2800000, 0x00000006cd180000, 0x000000076b800000)
  object space 173568K, 0% used [0x00000006c2800000,0x00000006c293e050,0x00000006cd180000)
 Metaspace       used 7610K, capacity 8390K, committed 8576K, reserved 1056768K
  class space    used 592K, capacity 626K, committed 640K, reserved 1048576K
Event: 4.932 GC heap after
Heap after GC invocations=46 (full 0):
 PSYoungGen      total 74752K, used 0K [0x000000076b800000, 0x000000078a780000, 0x00000007c0000000)
  eden space 74240K, 0% used [0x000000076b800000,0x000000076b800000,0x0000000770080000)
  from space 512K, 0% used [0x000000078a700000,0x000000078a700000,0x000000078a780000)
  to   space 512K, 0% used [0x000000078a680000,0x000000078a680000,0x000000078a700000)
 ParOldGen       total 173568K, used 1272K [0x00000006c2800000, 0x00000006cd180000, 0x000000076b800000)
  object space 173568K, 0% used [0x00000006c2800000,0x00000006c293e050,0x00000006cd180000)
 Metaspace       used 7610K, capacity 8390K, committed 8576K, reserved 1056768K
  class space    used 592K, capacity 626K, committed 640K, reserved 1048576K
}
Event: 4.999 GC heap before
{Heap before GC invocations=47 (full 0):
 PSYoungGen      total 74752K, used 74240K [0x000000076b800000, 0x000000078a780000, 0x00000007c0000000)
  eden space 74240K, 100% used [0x000000076b800000,0x0000000770080000,0x0000000770080000)
  from space 512K, 0% used [0x000000078a700000,0x000000078a700000,0x000000078a780000)
  to   space 512K, 0% used [0x000000078a680000,0x000000078a680000,0x000000078a700000)
 ParOldGen       total 173568K, used 1272K [0x00000006c2800000, 0x00000006cd180000, 0x000000076b800000)
  object space 173568K, 0% used [0x00000006c2800000,0x00000006c293e050,0x00000006cd180000)
 Metaspace       used 7610K, capacity 8390K, committed 8576K, reserved 1056768K
  class space    used 592K, capacity 626K, committed 640K, reserved 1048576K
Event: 5.000 GC heap after
Heap after GC invocations=47 (full 0):
 PSYoungGen      total 73216K, used 0K [0x000000076b800000, 0x000000078a780000, 0x00000007c0000000)
  eden space 72704K, 0% used [0x000000076b800000,0x000000076b800000,0x000000076ff00000)
  from space 512K, 0% used [0x000000078a680000,0x000000078a680000,0x000000078a700000)
  to   space 512K, 0% used [0x000000078a700000,0x000000078a700000,0x000000078a780000)
 ParOldGen       total 173568K, used 1272K [0x00000006c2800000, 0x00000006cd180000, 0x000000076b800000)
  object space 173568K, 0% used [0x00000006c2800000,0x00000006c293e050,0x00000006cd180000)
 Metaspace       used 7610K, capacity 8390K, committed 8576K, reserved 1056768K
  class space    used 592K, capacity 626K, committed 640K, reserved 1048576K
}

Deoptimization events (10 events):
Event: 0.154 Thread 0x000000001e1ed000 Uncommon trap: reason=bimorphic action=maybe_recompile pc=0x0000000002725ae4 method=java.util.HashMap.getNode(ILjava/lang/Object;)Ljava/util/HashMap$Node; @ 59
Event: 0.154 Thread 0x000000001e1ed000 Uncommon trap: reason=bimorphic action=maybe_recompile pc=0x0000000002725ae4 method=java.util.HashMap.getNode(ILjava/lang/Object;)Ljava/util/HashMap$Node; @ 59
Event: 0.154 Thread 0x000000001e1ed000 Uncommon trap: reason=bimorphic action=maybe_recompile pc=0x0000000002725ae4 method=java.util.HashMap.getNode(ILjava/lang/Object;)Ljava/util/HashMap$Node; @ 59
Event: 0.154 Thread 0x000000001e1ed000 Uncommon trap: reason=bimorphic action=maybe_recompile pc=0x0000000002725ae4 method=java.util.HashMap.getNode(ILjava/lang/Object;)Ljava/util/HashMap$Node; @ 59
Event: 0.581 Thread 0x000000001e1ed000 Uncommon trap: reason=unstable_if action=reinterpret pc=0x0000000002708118 method=java.util.HashMap.keySet()Ljava/util/Set; @ 6
Event: 1.370 Thread 0x000000001e1ed000 Uncommon trap: reason=unstable_if action=reinterpret pc=0x00000000027087c4 method=java.util.HashMap.clear()V @ 16
Event: 1.371 Thread 0x000000001e1ed000 Uncommon trap: reason=unstable_if action=reinterpret pc=0x000000000270d098 method=java.util.HashMap.clear()V @ 16
Event: 1.371 Thread 0x00000000024be000 Uncommon trap: reason=unstable_if action=reinterpret pc=0x000000000272aff8 method=main.coreEngine.TickableThread.invoke(Ljava/lang/String;[Ljava/lang/Object;)V @ 53
Event: 1.371 Thread 0x000000001e218000 Uncommon trap: reason=unstable_if action=reinterpret pc=0x000000000275058c method=main.coreEngine.TickableThread.run()V @ 62
Event: 1.479 Thread 0x000000001e218000 Uncommon trap: reason=predicate action=maybe_recompile pc=0x00000000028484c0 method=main.coreEngine.TickableThread.run()V @ 480

Internal exceptions (8 events):
Event: 0.026 Thread 0x00000000024be000 Exception <a 'java/lang/NoSuchMethodError': Method sun.misc.Unsafe.defineClass(Ljava/lang/String;[BII)Ljava/lang/Class; name or signature does not match> (0x000000076b80d9b8) thrown at [C:\workspace\8-2-build-windows-amd64-cygwin\jdk8u65\4987\hotspot\src\s)beèæö?
Event: 0.026 Thread 0x00000000024be000 Exception <a 'java/lang/NoSuchMethodError': Method sun.misc.Unsafe.prefetchRead(Ljava/lang/Object;J)V name or signature does not match> (0x000000076b80dca0) thrown at [C:\workspace\8-2-build-windows-amd64-cygwin\jdk8u65\4987\hotspot\src\share\vm\prims\jni..Æ∆ìR«?
Event: 0.182 Thread 0x000000001e1ed000 Exception <a 'java/lang/ArrayIndexOutOfBoundsException': -1> (0x000000076da56798) thrown at [C:\workspace\8-2-build-windows-amd64-cygwin\jdk8u65\4987\hotspot\src\share\vm\interpreter\interpreterRuntime.cpp, line 366]
Event: 0.556 Thread 0x000000001e1ed000 Exception <a 'java/security/PrivilegedActionException'> (0x000000076b81b888) thrown at [C:\workspace\8-2-build-windows-amd64-cygwin\jdk8u65\4987\hotspot\src\share\vm\prims\jvm.cpp, line 1386]
Event: 0.557 Thread 0x000000001e1ed000 Exception <a 'java/security/PrivilegedActionException'> (0x000000076b81bc80) thrown at [C:\workspace\8-2-build-windows-amd64-cygwin\jdk8u65\4987\hotspot\src\share\vm\prims\jvm.cpp, line 1386]
Event: 0.557 Thread 0x000000001e1ed000 Exception <a 'java/security/PrivilegedActionException'> (0x000000076b81fe98) thrown at [C:\workspace\8-2-build-windows-amd64-cygwin\jdk8u65\4987\hotspot\src\share\vm\prims\jvm.cpp, line 1386]
Event: 0.557 Thread 0x000000001e1ed000 Exception <a 'java/security/PrivilegedActionException'> (0x000000076b820290) thrown at [C:\workspace\8-2-build-windows-amd64-cygwin\jdk8u65\4987\hotspot\src\share\vm\prims\jvm.cpp, line 1386]
Event: 1.371 Thread 0x00000000024be000 Implicit null exception at 0x000000000272aac4 to 0x000000000272afdb

Events (10 events):
Event: 4.715 Executing VM operation: ParallelGCFailedAllocation
Event: 4.715 Executing VM operation: ParallelGCFailedAllocation done
Event: 4.789 Executing VM operation: ParallelGCFailedAllocation
Event: 4.789 Executing VM operation: ParallelGCFailedAllocation done
Event: 4.861 Executing VM operation: ParallelGCFailedAllocation
Event: 4.862 Executing VM operation: ParallelGCFailedAllocation done
Event: 4.932 Executing VM operation: ParallelGCFailedAllocation
Event: 4.932 Executing VM operation: ParallelGCFailedAllocation done
Event: 4.999 Executing VM operation: ParallelGCFailedAllocation
Event: 5.000 Executing VM operation: ParallelGCFailedAllocation done


Dynamic libraries:
0x00007ff6dfd70000 - 0x00007ff6dfda7000 	C:\Program Files\Java\jdk1.8.0_65\bin\java.exe
0x00007ffde4980000 - 0x00007ffde4b41000 	C:\WINDOWS\SYSTEM32\ntdll.dll
0x00007ffde42a0000 - 0x00007ffde434d000 	C:\WINDOWS\system32\KERNEL32.DLL
0x00007ffde19f0000 - 0x00007ffde1bd8000 	C:\WINDOWS\system32\KERNELBASE.dll
0x00007ffde1e70000 - 0x00007ffde1f17000 	C:\WINDOWS\system32\ADVAPI32.dll
0x00007ffde3800000 - 0x00007ffde389d000 	C:\WINDOWS\system32\msvcrt.dll
0x00007ffde1e10000 - 0x00007ffde1e6b000 	C:\WINDOWS\system32\sechost.dll
0x00007ffde3bd0000 - 0x00007ffde3cec000 	C:\WINDOWS\system32\RPCRT4.dll
0x00007ffde3fe0000 - 0x00007ffde4136000 	C:\WINDOWS\system32\USER32.dll
0x00007ffde3cf0000 - 0x00007ffde3e76000 	C:\WINDOWS\system32\GDI32.dll
0x00007ffddd690000 - 0x00007ffddd904000 	C:\WINDOWS\WinSxS\amd64_microsoft.windows.common-controls_6595b64144ccf1df_6.0.10586.0_none_8c15ae12515e1c22\COMCTL32.dll
0x00007ffde3950000 - 0x00007ffde3bcd000 	C:\WINDOWS\system32\combase.dll
0x00007ffde1cf0000 - 0x00007ffde1d5a000 	C:\WINDOWS\system32\bcryptPrimitives.dll
0x00007ffde1dc0000 - 0x00007ffde1dfb000 	C:\WINDOWS\system32\IMM32.DLL
0x0000000070c90000 - 0x0000000070d62000 	C:\Program Files\Java\jdk1.8.0_65\jre\bin\msvcr100.dll
0x0000000070400000 - 0x0000000070c89000 	C:\Program Files\Java\jdk1.8.0_65\jre\bin\server\jvm.dll
0x00007ffde4290000 - 0x00007ffde4298000 	C:\WINDOWS\system32\PSAPI.DLL
0x00007ffddd9c0000 - 0x00007ffddd9ca000 	C:\WINDOWS\SYSTEM32\VERSION.dll
0x00007ffdd8550000 - 0x00007ffdd8559000 	C:\WINDOWS\SYSTEM32\WSOCK32.dll
0x00007ffddf730000 - 0x00007ffddf753000 	C:\WINDOWS\SYSTEM32\WINMM.dll
0x00007ffde4470000 - 0x00007ffde44db000 	C:\WINDOWS\system32\WS2_32.dll
0x00007ffddf6d0000 - 0x00007ffddf6fc000 	C:\WINDOWS\SYSTEM32\WINMMBASE.dll
0x00007ffde1be0000 - 0x00007ffde1c23000 	C:\WINDOWS\system32\cfgmgr32.dll
0x00000000703f0000 - 0x00000000703ff000 	C:\Program Files\Java\jdk1.8.0_65\jre\bin\verify.dll
0x00000000703c0000 - 0x00000000703e9000 	C:\Program Files\Java\jdk1.8.0_65\jre\bin\java.dll
0x0000000070380000 - 0x00000000703b5000 	C:\Program Files\Java\jdk1.8.0_65\jre\bin\jdwp.dll
0x0000000070370000 - 0x0000000070378000 	C:\Program Files\Java\jdk1.8.0_65\jre\bin\npt.dll
0x0000000070350000 - 0x0000000070366000 	C:\Program Files\Java\jdk1.8.0_65\jre\bin\zip.dll
0x00007ffde1f80000 - 0x00007ffde34dc000 	C:\WINDOWS\system32\SHELL32.dll
0x00007ffde11d0000 - 0x00007ffde1815000 	C:\WINDOWS\system32\windows.storage.dll
0x00007ffde36b0000 - 0x00007ffde3702000 	C:\WINDOWS\system32\shlwapi.dll
0x00007ffde0fb0000 - 0x00007ffde0fbf000 	C:\WINDOWS\system32\kernel.appcore.dll
0x00007ffde1c30000 - 0x00007ffde1ce5000 	C:\WINDOWS\system32\shcore.dll
0x00007ffde0fc0000 - 0x00007ffde100b000 	C:\WINDOWS\system32\powrprof.dll
0x00007ffde0f80000 - 0x00007ffde0f94000 	C:\WINDOWS\system32\profapi.dll
0x0000000070340000 - 0x0000000070349000 	C:\Program Files\Java\jdk1.8.0_65\jre\bin\dt_socket.dll
0x00007ffde08b0000 - 0x00007ffde090c000 	C:\WINDOWS\system32\mswsock.dll
0x00007ffdcd790000 - 0x00007ffdcd818000 	D:\Code\Java\Projects\WireEngine20\lib\native\lwjgl.dll
0x00007ffde0a80000 - 0x00007ffde0a8b000 	C:\WINDOWS\SYSTEM32\CRYPTBASE.DLL
0x00007ffdddd00000 - 0x00007ffdddd42000 	D:\Code\Java\Projects\WireEngine20\lib\native\jemalloc.dll
0x00007ffddc3d0000 - 0x00007ffddc408000 	D:\Code\Java\Projects\WireEngine20\lib\native\glfw.dll
0x00007ffddf850000 - 0x00007ffddf8e6000 	C:\WINDOWS\system32\uxtheme.dll
0x00007ffdde650000 - 0x00007ffdde672000 	C:\WINDOWS\SYSTEM32\dwmapi.dll
0x00007ffdc8b70000 - 0x00007ffdc8c99000 	C:\WINDOWS\SYSTEM32\opengl32.dll
0x00007ffdcc690000 - 0x00007ffdcc6be000 	C:\WINDOWS\SYSTEM32\GLU32.dll
0x00007ffdc77b0000 - 0x00007ffdc78aa000 	C:\WINDOWS\SYSTEM32\DDRAW.dll
0x00007ffddbd10000 - 0x00007ffddbd18000 	C:\WINDOWS\SYSTEM32\DCIMAN32.dll
0x00007ffde3e80000 - 0x00007ffde3fda000 	C:\WINDOWS\system32\MSCTF.dll
0x00007ffdc4490000 - 0x00007ffdc44d9000 	C:\Program Files (x86)\TeamViewer\tv_x64.dll
0x00007ffde4140000 - 0x00007ffde4283000 	C:\WINDOWS\system32\ole32.dll
0x000000006e5f0000 - 0x0000000070339000 	C:\WINDOWS\SYSTEM32\nvoglv64.DLL
0x00007ffde4550000 - 0x00007ffde4979000 	C:\WINDOWS\system32\SETUPAPI.dll
0x00007ffddf2f0000 - 0x00007ffddf303000 	C:\WINDOWS\SYSTEM32\WTSAPI32.dll
0x00007ffddf9a0000 - 0x00007ffddf9c7000 	C:\WINDOWS\SYSTEM32\DEVOBJ.dll
0x00007ffde1170000 - 0x00007ffde11c5000 	C:\WINDOWS\system32\WINTRUST.dll
0x00007ffde0fa0000 - 0x00007ffde0fb0000 	C:\WINDOWS\system32\MSASN1.dll
0x00007ffde1820000 - 0x00007ffde19e7000 	C:\WINDOWS\system32\CRYPT32.dll
0x00007ffde04d0000 - 0x00007ffde0501000 	C:\WINDOWS\SYSTEM32\ntmarta.dll
0x00007ffde0220000 - 0x00007ffde0276000 	C:\WINDOWS\SYSTEM32\WINSTA.dll
0x00007ffde38a0000 - 0x00007ffde3947000 	C:\WINDOWS\system32\clbcatq.dll
0x00007ffdb9de0000 - 0x00007ffdb9f6c000 	C:\WINDOWS\SYSTEM32\dbghelp.dll

VM Arguments:
jvm_args: -agentlib:jdwp=transport=dt_socket,address=127.0.0.1:56572,suspend=y,server=n -Djava.library.path=lib/native/ -Dfile.encoding=UTF-8 
java_command: main.Main
java_class_path (initial): C:\Program Files\Java\jdk1.8.0_65\jre\lib\charsets.jar;C:\Program Files\Java\jdk1.8.0_65\jre\lib\deploy.jar;C:\Program Files\Java\jdk1.8.0_65\jre\lib\ext\access-bridge-64.jar;C:\Program Files\Java\jdk1.8.0_65\jre\lib\ext\cldrdata.jar;C:\Program Files\Java\jdk1.8.0_65\jre\lib\ext\dnsns.jar;C:\Program Files\Java\jdk1.8.0_65\jre\lib\ext\jaccess.jar;C:\Program Files\Java\jdk1.8.0_65\jre\lib\ext\jfxrt.jar;C:\Program Files\Java\jdk1.8.0_65\jre\lib\ext\localedata.jar;C:\Program Files\Java\jdk1.8.0_65\jre\lib\ext\nashorn.jar;C:\Program Files\Java\jdk1.8.0_65\jre\lib\ext\sunec.jar;C:\Program Files\Java\jdk1.8.0_65\jre\lib\ext\sunjce_provider.jar;C:\Program Files\Java\jdk1.8.0_65\jre\lib\ext\sunmscapi.jar;C:\Program Files\Java\jdk1.8.0_65\jre\lib\ext\sunpkcs11.jar;C:\Program Files\Java\jdk1.8.0_65\jre\lib\ext\zipfs.jar;C:\Program Files\Java\jdk1.8.0_65\jre\lib\javaws.jar;C:\Program Files\Java\jdk1.8.0_65\jre\lib\jce.jar;C:\Program Files\Java\jdk1.8.0_65\jre\lib\jfr.jar;C:\Program Files\Java\jdk1.8.0_65\jre\lib\jfxswt.jar;C:\Program Files\Java\jdk1.8.0_65\jre\lib\jsse.jar;C:\Program Files\Java\jdk1.8.0_65\jre\lib\management-agent.jar;C:\Program Files\Java\jdk1.8.0_65\jre\lib\plugin.jar;C:\Program Files\Java\jdk1.8.0_65\jre\lib\resources.jar;C:\Program Files\Java\jdk1.8.0_65\jre\lib\rt.jar;D:\Code\Java\Projects\WireEngine20\out\production\WireEngine20;D:\Code\Java\Projects\WireEngine20\lib\jar\lwjgl.jar;D:\Program Files (x86)\JetBrains\IntelliJ IDEA 2016.1\lib\idea_rt.jar
Launcher Type: SUN_STANDARD

Environment Variables:
JAVA_HOME=C:\Program Files\Java\jdk1.8.0_65
PATH=C:\ProgramData\Oracle\Java\javapath;C:\Program Files (x86)\Razer Chroma SDK\bin;C:\Program Files\Razer Chroma SDK\bin;C:\Program Files (x86)\NVIDIA Corporation\PhysX\Common;C:\Program Files (x86)\Intel\iCLS Client\;C:\Program Files\Intel\iCLS Client\;C:\Windows\system32;C:\Windows;C:\Windows\System32\Wbem;C:\Windows\System32\WindowsPowerShell\v1.0\;C:\Program Files\Intel\Intel(R) Management Engine Components\DAL;C:\Program Files (x86)\Intel\Intel(R) Management Engine Components\DAL;C:\Program Files\Intel\Intel(R) Management Engine Components\IPT;C:\Program Files (x86)\Intel\Intel(R) Management Engine Components\IPT;C:\Program Files\Java\jre1.8.0_65\bin;C:\MinGW\bin;C:\WINDOWS\system32;C:\WINDOWS;C:\WINDOWS\System32\Wbem;C:\WINDOWS\System32\WindowsPowerShell\v1.0\;D:\Program Files (x86)\CMake\bin;D:\Program Files\Programs\Python\Python35-32;D:\Program Files\Programs\Python\Python35-32\Scripts;C:\Program Files (x86)\Skype\Phone\;D:\Program Files\Programs\Python\Python35-32\Scripts\;D:\Program Files\Programs\Python\Python35-32\
USERNAME=Kelan
OS=Windows_NT
PROCESSOR_IDENTIFIER=Intel64 Family 6 Model 60 Stepping 3, GenuineIntel



---------------  S Y S T E M  ---------------

OS: Windows 10.0 , 64 bit Build 10586 (10.0.10586.0)

CPU:total 8 (4 cores per cpu, 2 threads per core) family 6 model 60 stepping 3, cmov, cx8, fxsr, mmx, sse, sse2, sse3, ssse3, sse4.1, sse4.2, popcnt, avx, avx2, aes, clmul, erms, lzcnt, ht, tsc, tscinvbit, bmi1, bmi2

Memory: 4k page, physical 16609500k(6848876k free), swap 33386716k(21153348k free)

vm_info: Java HotSpot(TM) 64-Bit Server VM (25.65-b01) for windows-amd64 JRE (1.8.0_65-b17), built on Oct  6 2015 16:39:20 by "java_re" with MS VC++ 10.0 (VS2010)

time: Thu Apr 07 17:16:02 2016
elapsed time: 5 seconds (0d 0h 0m 5s)

