#
# A fatal error has been detected by the Java Runtime Environment:
#
#  EXCEPTION_ACCESS_VIOLATION (0xc0000005) at pc=0x00007ffdd3df24b9, pid=3708, tid=11392
#
# JRE version: Java(TM) SE Runtime Environment (8.0_65-b17) (build 1.8.0_65-b17)
# Java VM: Java HotSpot(TM) 64-Bit Server VM (25.65-b01 mixed mode windows-amd64 compressed oops)
# Problematic frame:
# C  [glfw.dll+0x24b9]
#
# Failed to write core dump. Minidumps are not enabled by default on client versions of Windows
#
# If you would like to submit a bug report, please visit:
#   http://bugreport.java.com/bugreport/crash.jsp
# The crash happened outside the Java Virtual Machine in native code.
# See problematic frame for where to report the bug.
#

---------------  T H R E A D  ---------------

Current thread (0x000000001e24b800):  JavaThread "CLIENT" [_thread_in_native, id=11392, stack(0x000000001ef40000,0x000000001f040000)]

siginfo: ExceptionCode=0xc0000005, reading address 0x0000000000000000

Registers:
RAX=0x0000000000000000, RBX=0x000000001ba17888, RCX=0x0000000000000000, RDX=0x0000000000000000
RSP=0x000000001f03f270, RBP=0x000000001f03f320, RSI=0x0000000000000108, RDI=0x00000000005cbbc0
R8 =0x000000001f03f268, R9 =0x000000001f03f320, R10=0x0000000000000000, R11=0x0000000000000246
R12=0x0000000000000000, R13=0x000000001ba17888, R14=0x000000001f03f358, R15=0x000000001e24b800
RIP=0x00007ffdd3df24b9, EFLAGS=0x0000000000010283

Top of Stack: (sp=0x000000001f03f270)
0x000000001f03f270:   000000001e24b800 000000001e24b800
0x000000001f03f280:   000000001ba31608 000000007052d610
0x000000001f03f290:   0000000000000147 000000000261dfcc
0x000000001f03f2a0:   000000001ba17888 000000001bfa1740
0x000000001f03f2b0:   000000000000000e 000000001e24b800
0x000000001f03f2c0:   000000001ba31608 000000007052aea4
0x000000001f03f2d0:   000000001e24b800 000000001e24b800
0x000000001f03f2e0:   000000001f03f2e0 0000000000000000
0x000000001f03f2f0:   000000001f03f358 000000001ba18028
0x000000001f03f300:   0000000000000000 000000001ba17888
0x000000001f03f310:   0000000000000000 000000001f03f340
0x000000001f03f320:   000000001f03f3a0 0000000002607d8d
0x000000001f03f330:   00000006c28102e0 00000000026142f8
0x000000001f03f340:   00000000005cbbc0 00000000026078a0
0x000000001f03f350:   00007ffdd3df2420 0000000000000001
0x000000001f03f360:   000000001f03f360 000000001ba315dc 

Instructions: (pc=0x00007ffdd3df24b9)
0x00007ffdd3df2499:   48 8b cf e8 1f 3a 00 00 48 39 3d f0 d5 02 00 48
0x00007ffdd3df24a9:   8d 0d e9 d5 02 00 48 8b 5c 24 30 74 08 48 8b 09
0x00007ffdd3df24b9:   48 39 39 75 f8 48 8b 07 48 89 01 48 8b cf 48 83
0x00007ffdd3df24c9:   c4 20 5f e9 5b fe 00 00 48 83 c4 20 5f c3 cc cc 


Register to memory mapping:

RAX=0x0000000000000000 is an unknown value
RBX={method} {0x000000001ba17890} 'invokePV' '(JJ)V' in 'org/lwjgl/system/JNI'
RCX=0x0000000000000000 is an unknown value
RDX=0x0000000000000000 is an unknown value
RSP=0x000000001f03f270 is pointing into the stack for thread: 0x000000001e24b800
RBP=0x000000001f03f320 is pointing into the stack for thread: 0x000000001e24b800
RSI=0x0000000000000108 is an unknown value
RDI=0x00000000005cbbc0 is an unknown value
R8 =0x000000001f03f268 is pointing into the stack for thread: 0x000000001e24b800
R9 =0x000000001f03f320 is pointing into the stack for thread: 0x000000001e24b800
R10=0x0000000000000000 is an unknown value
R11=0x0000000000000246 is an unknown value
R12=0x0000000000000000 is an unknown value
R13={method} {0x000000001ba17890} 'invokePV' '(JJ)V' in 'org/lwjgl/system/JNI'
R14=0x000000001f03f358 is pointing into the stack for thread: 0x000000001e24b800
R15=0x000000001e24b800 is a thread


Stack: [0x000000001ef40000,0x000000001f040000],  sp=0x000000001f03f270,  free space=1020k
Native frames: (J=compiled Java code, j=interpreted, Vv=VM code, C=native code)
C  [glfw.dll+0x24b9]
C  0x000000000261dfcc

Java frames: (J=compiled Java code, j=interpreted, Vv=VM code)
j  org.lwjgl.system.JNI.invokePV(JJ)V+0
j  org.lwjgl.glfw.GLFW.glfwDestroyCursor(J)V+20
j  main.client.Window.destroyWindow()V+9
j  main.coreEngine.Engine.stop()V+70
j  main.client.Window.update()V+43
j  main.client.renderEngine.RenderEngine.render()V+32
j  main.client.ClientThread.tick()V+12
J 428% C1 main.coreEngine.TickableThread.run()V (481 bytes) @ 0x0000000002849d9c [0x00000000028454c0+0x48dc]
v  ~StubRoutines::call_stub

---------------  P R O C E S S  ---------------

Java Threads: ( => current thread )
  0x000000001e229000 JavaThread "SERVER" [_thread_in_Java, id=8248, stack(0x000000001f040000,0x000000001f140000)]
=>0x000000001e24b800 JavaThread "CLIENT" [_thread_in_native, id=11392, stack(0x000000001ef40000,0x000000001f040000)]
  0x000000001e131000 JavaThread "Service Thread" daemon [_thread_blocked, id=13212, stack(0x000000001ed40000,0x000000001ee40000)]
  0x000000001e09a800 JavaThread "C1 CompilerThread3" daemon [_thread_blocked, id=2960, stack(0x000000001ec40000,0x000000001ed40000)]
  0x000000001e099800 JavaThread "C2 CompilerThread2" daemon [_thread_blocked, id=10028, stack(0x000000001eb40000,0x000000001ec40000)]
  0x000000001e094800 JavaThread "C2 CompilerThread1" daemon [_thread_blocked, id=8896, stack(0x000000001ea40000,0x000000001eb40000)]
  0x000000001e09e800 JavaThread "C2 CompilerThread0" daemon [_thread_blocked, id=7048, stack(0x000000001e940000,0x000000001ea40000)]
  0x000000001e084000 JavaThread "JDWP Command Reader" daemon [_thread_in_native, id=6396, stack(0x000000001e840000,0x000000001e940000)]
  0x000000001e07f000 JavaThread "JDWP Event Helper Thread" daemon [_thread_blocked, id=12676, stack(0x000000001e740000,0x000000001e840000)]
  0x000000001e072000 JavaThread "JDWP Transport Listener: dt_socket" daemon [_thread_blocked, id=3716, stack(0x000000001e640000,0x000000001e740000)]
  0x000000001e068000 JavaThread "Attach Listener" daemon [_thread_blocked, id=5140, stack(0x000000001e540000,0x000000001e640000)]
  0x000000001e066000 JavaThread "Signal Dispatcher" daemon [_thread_blocked, id=11944, stack(0x000000001e440000,0x000000001e540000)]
  0x00000000025f5800 JavaThread "Finalizer" daemon [_thread_blocked, id=11616, stack(0x000000001de60000,0x000000001df60000)]
  0x000000001bf9d000 JavaThread "Reference Handler" daemon [_thread_blocked, id=4764, stack(0x000000001dd60000,0x000000001de60000)]
  0x0000000000dae000 JavaThread "main" [_thread_in_Java, id=2392, stack(0x0000000002400000,0x0000000002500000)]

Other Threads:
  0x000000001bf98800 VMThread [stack: 0x000000001dc60000,0x000000001dd60000] [id=4588]
  0x000000001e143000 WatcherThread [stack: 0x000000001ee40000,0x000000001ef40000] [id=11268]

VM state:not at safepoint (normal execution)

VM Mutex/Monitor currently owned by a thread: None

Heap:
 PSYoungGen      total 198656K, used 26093K [0x000000076b800000, 0x0000000784c00000, 0x00000007c0000000)
  eden space 198144K, 13% used [0x000000076b800000,0x000000076d1636a0,0x0000000777980000)
  from space 512K, 18% used [0x0000000784b80000,0x0000000784b98000,0x0000000784c00000)
  to   space 2048K, 0% used [0x0000000784800000,0x0000000784800000,0x0000000784a00000)
 ParOldGen       total 173568K, used 1873K [0x00000006c2800000, 0x00000006cd180000, 0x000000076b800000)
  object space 173568K, 1% used [0x00000006c2800000,0x00000006c29d44b0,0x00000006cd180000)
 Metaspace       used 7956K, capacity 8486K, committed 8704K, reserved 1056768K
  class space    used 642K, capacity 658K, committed 768K, reserved 1048576K

Card table byte_map: [0x00000000119c0000,0x00000000121b0000] byte_map_base: 0x000000000e3ac000

Marking Bits: (ParMarkBitMap*) 0x0000000070c0a5b0
 Begin Bits: [0x0000000012f00000, 0x0000000016e60000)
 End Bits:   [0x0000000016e60000, 0x000000001adc0000)

Polling page: 0x0000000000560000

CodeCache: size=245760Kb used=2522Kb max_used=2525Kb free=243237Kb
 bounds [0x0000000002600000, 0x0000000002880000, 0x0000000011600000]
 total_blobs=1111 nmethods=468 adapters=564
 compilation: enabled

Compilation events (10 events):
Event: 1.955 Thread 0x000000001e09a800  463       3       org.lwjgl.opengl.GL11::glEnableClientState (24 bytes)
Event: 1.955 Thread 0x000000001e09a800 nmethod 463 0x0000000002864090 code [0x00000000028642a0, 0x0000000002864b28]
Event: 1.956 Thread 0x000000001e09a800  465       3       org.lwjgl.opengl.GL11::glDisableClientState (24 bytes)
Event: 1.956 Thread 0x000000001e09a800 nmethod 465 0x0000000002863050 code [0x0000000002863260, 0x0000000002863ae8]
Event: 2.272 Thread 0x000000001e09a800  466       3       org.lwjgl.glfw.GLFW::getInstance (4 bytes)
Event: 2.272 Thread 0x000000001e09a800 nmethod 466 0x0000000002858290 code [0x00000000028583e0, 0x0000000002858510]
Event: 2.331 Thread 0x000000001e09a800  468   !   3       main.coreEngine.TickableThread::scheduleTick (25 bytes)
Event: 2.331 Thread 0x000000001e09a800 nmethod 468 0x0000000002862790 code [0x0000000002862900, 0x0000000002862c10]
Event: 2.331 Thread 0x000000001e09a800  469       3       main.coreEngine.Engine::getGame (28 bytes)
Event: 2.331 Thread 0x000000001e09a800 nmethod 469 0x0000000002861d10 code [0x0000000002861ec0, 0x0000000002862528]

GC Heap History (10 events):
Event: 1.666 GC heap before
{Heap before GC invocations=12 (full 0):
 PSYoungGen      total 241664K, used 239680K [0x000000076b800000, 0x0000000785080000, 0x00000007c0000000)
  eden space 239616K, 100% used [0x000000076b800000,0x000000077a200000,0x000000077a200000)
  from space 2048K, 3% used [0x0000000784c80000,0x0000000784c90000,0x0000000784e80000)
  to   space 2048K, 0% used [0x0000000784e80000,0x0000000784e80000,0x0000000785080000)
 ParOldGen       total 173568K, used 1873K [0x00000006c2800000, 0x00000006cd180000, 0x000000076b800000)
  object space 173568K, 1% used [0x00000006c2800000,0x00000006c29d44b0,0x00000006cd180000)
 Metaspace       used 7953K, capacity 8486K, committed 8704K, reserved 1056768K
  class space    used 642K, capacity 658K, committed 768K, reserved 1048576K
Event: 1.667 GC heap after
Heap after GC invocations=12 (full 0):
 PSYoungGen      total 230912K, used 96K [0x000000076b800000, 0x0000000784f00000, 0x00000007c0000000)
  eden space 230400K, 0% used [0x000000076b800000,0x000000076b800000,0x0000000779900000)
  from space 512K, 18% used [0x0000000784e80000,0x0000000784e98000,0x0000000784f00000)
  to   space 2048K, 0% used [0x0000000784b00000,0x0000000784b00000,0x0000000784d00000)
 ParOldGen       total 173568K, used 1873K [0x00000006c2800000, 0x00000006cd180000, 0x000000076b800000)
  object space 173568K, 1% used [0x00000006c2800000,0x00000006c29d44b0,0x00000006cd180000)
 Metaspace       used 7953K, capacity 8486K, committed 8704K, reserved 1056768K
  class space    used 642K, capacity 658K, committed 768K, reserved 1048576K
}
Event: 1.853 GC heap before
{Heap before GC invocations=13 (full 0):
 PSYoungGen      total 230912K, used 230496K [0x000000076b800000, 0x0000000784f00000, 0x00000007c0000000)
  eden space 230400K, 100% used [0x000000076b800000,0x0000000779900000,0x0000000779900000)
  from space 512K, 18% used [0x0000000784e80000,0x0000000784e98000,0x0000000784f00000)
  to   space 2048K, 0% used [0x0000000784b00000,0x0000000784b00000,0x0000000784d00000)
 ParOldGen       total 173568K, used 1873K [0x00000006c2800000, 0x00000006cd180000, 0x000000076b800000)
  object space 173568K, 1% used [0x00000006c2800000,0x00000006c29d44b0,0x00000006cd180000)
 Metaspace       used 7954K, capacity 8486K, committed 8704K, reserved 1056768K
  class space    used 642K, capacity 658K, committed 768K, reserved 1048576K
Event: 1.854 GC heap after
Heap after GC invocations=13 (full 0):
 PSYoungGen      total 223744K, used 96K [0x000000076b800000, 0x0000000784f00000, 0x00000007c0000000)
  eden space 221696K, 0% used [0x000000076b800000,0x000000076b800000,0x0000000779080000)
  from space 2048K, 4% used [0x0000000784b00000,0x0000000784b18000,0x0000000784d00000)
  to   space 2048K, 0% used [0x0000000784d00000,0x0000000784d00000,0x0000000784f00000)
 ParOldGen       total 173568K, used 1873K [0x00000006c2800000, 0x00000006cd180000, 0x000000076b800000)
  object space 173568K, 1% used [0x00000006c2800000,0x00000006c29d44b0,0x00000006cd180000)
 Metaspace       used 7954K, capacity 8486K, committed 8704K, reserved 1056768K
  class space    used 642K, capacity 658K, committed 768K, reserved 1048576K
}
Event: 2.034 GC heap before
{Heap before GC invocations=14 (full 0):
 PSYoungGen      total 223744K, used 221792K [0x000000076b800000, 0x0000000784f00000, 0x00000007c0000000)
  eden space 221696K, 100% used [0x000000076b800000,0x0000000779080000,0x0000000779080000)
  from space 2048K, 4% used [0x0000000784b00000,0x0000000784b18000,0x0000000784d00000)
  to   space 2048K, 0% used [0x0000000784d00000,0x0000000784d00000,0x0000000784f00000)
 ParOldGen       total 173568K, used 1873K [0x00000006c2800000, 0x00000006cd180000, 0x000000076b800000)
  object space 173568K, 1% used [0x00000006c2800000,0x00000006c29d44b0,0x00000006cd180000)
 Metaspace       used 7954K, capacity 8486K, committed 8704K, reserved 1056768K
  class space    used 642K, capacity 658K, committed 768K, reserved 1048576K
Event: 2.035 GC heap after
Heap after GC invocations=14 (full 0):
 PSYoungGen      total 214016K, used 96K [0x000000076b800000, 0x0000000784d80000, 0x00000007c0000000)
  eden space 213504K, 0% used [0x000000076b800000,0x000000076b800000,0x0000000778880000)
  from space 512K, 18% used [0x0000000784d00000,0x0000000784d18000,0x0000000784d80000)
  to   space 2048K, 0% used [0x0000000784980000,0x0000000784980000,0x0000000784b80000)
 ParOldGen       total 173568K, used 1873K [0x00000006c2800000, 0x00000006cd180000, 0x000000076b800000)
  object space 173568K, 1% used [0x00000006c2800000,0x00000006c29d44b0,0x00000006cd180000)
 Metaspace       used 7954K, capacity 8486K, committed 8704K, reserved 1056768K
  class space    used 642K, capacity 658K, committed 768K, reserved 1048576K
}
Event: 2.223 GC heap before
{Heap before GC invocations=15 (full 0):
 PSYoungGen      total 214016K, used 213600K [0x000000076b800000, 0x0000000784d80000, 0x00000007c0000000)
  eden space 213504K, 100% used [0x000000076b800000,0x0000000778880000,0x0000000778880000)
  from space 512K, 18% used [0x0000000784d00000,0x0000000784d18000,0x0000000784d80000)
  to   space 2048K, 0% used [0x0000000784980000,0x0000000784980000,0x0000000784b80000)
 ParOldGen       total 173568K, used 1873K [0x00000006c2800000, 0x00000006cd180000, 0x000000076b800000)
  object space 173568K, 1% used [0x00000006c2800000,0x00000006c29d44b0,0x00000006cd180000)
 Metaspace       used 7954K, capacity 8486K, committed 8704K, reserved 1056768K
  class space    used 642K, capacity 658K, committed 768K, reserved 1048576K
Event: 2.223 GC heap after
Heap after GC invocations=15 (full 0):
 PSYoungGen      total 207872K, used 64K [0x000000076b800000, 0x0000000784d80000, 0x00000007c0000000)
  eden space 205824K, 0% used [0x000000076b800000,0x000000076b800000,0x0000000778100000)
  from space 2048K, 3% used [0x0000000784980000,0x0000000784990000,0x0000000784b80000)
  to   space 2048K, 0% used [0x0000000784b80000,0x0000000784b80000,0x0000000784d80000)
 ParOldGen       total 173568K, used 1873K [0x00000006c2800000, 0x00000006cd180000, 0x000000076b800000)
  object space 173568K, 1% used [0x00000006c2800000,0x00000006c29d44b0,0x00000006cd180000)
 Metaspace       used 7954K, capacity 8486K, committed 8704K, reserved 1056768K
  class space    used 642K, capacity 658K, committed 768K, reserved 1048576K
}
Event: 2.376 GC heap before
{Heap before GC invocations=16 (full 0):
 PSYoungGen      total 207872K, used 205888K [0x000000076b800000, 0x0000000784d80000, 0x00000007c0000000)
  eden space 205824K, 100% used [0x000000076b800000,0x0000000778100000,0x0000000778100000)
  from space 2048K, 3% used [0x0000000784980000,0x0000000784990000,0x0000000784b80000)
  to   space 2048K, 0% used [0x0000000784b80000,0x0000000784b80000,0x0000000784d80000)
 ParOldGen       total 173568K, used 1873K [0x00000006c2800000, 0x00000006cd180000, 0x000000076b800000)
  object space 173568K, 1% used [0x00000006c2800000,0x00000006c29d44b0,0x00000006cd180000)
 Metaspace       used 7955K, capacity 8486K, committed 8704K, reserved 1056768K
  class space    used 642K, capacity 658K, committed 768K, reserved 1048576K
Event: 2.376 GC heap after
Heap after GC invocations=16 (full 0):
 PSYoungGen      total 198656K, used 96K [0x000000076b800000, 0x0000000784c00000, 0x00000007c0000000)
  eden space 198144K, 0% used [0x000000076b800000,0x000000076b800000,0x0000000777980000)
  from space 512K, 18% used [0x0000000784b80000,0x0000000784b98000,0x0000000784c00000)
  to   space 2048K, 0% used [0x0000000784800000,0x0000000784800000,0x0000000784a00000)
 ParOldGen       total 173568K, used 1873K [0x00000006c2800000, 0x00000006cd180000, 0x000000076b800000)
  object space 173568K, 1% used [0x00000006c2800000,0x00000006c29d44b0,0x00000006cd180000)
 Metaspace       used 7955K, capacity 8486K, committed 8704K, reserved 1056768K
  class space    used 642K, capacity 658K, committed 768K, reserved 1048576K
}

Deoptimization events (10 events):
Event: 0.142 Thread 0x000000001e24b800 Uncommon trap: reason=bimorphic action=maybe_recompile pc=0x0000000002745e74 method=java.util.HashMap.getNode(ILjava/lang/Object;)Ljava/util/HashMap$Node; @ 126
Event: 0.422 Thread 0x000000001e24b800 Uncommon trap: reason=bimorphic action=maybe_recompile pc=0x0000000002745e74 method=java.util.HashMap.getNode(ILjava/lang/Object;)Ljava/util/HashMap$Node; @ 126
Event: 0.423 Thread 0x000000001e24b800 Uncommon trap: reason=bimorphic action=maybe_recompile pc=0x0000000002745e74 method=java.util.HashMap.getNode(ILjava/lang/Object;)Ljava/util/HashMap$Node; @ 126
Event: 0.428 Thread 0x000000001e24b800 Uncommon trap: reason=unstable_if action=reinterpret pc=0x000000000273b318 method=java.util.HashMap.keySet()Ljava/util/Set; @ 6
Event: 0.890 Thread 0x000000001e24b800 Uncommon trap: reason=unstable_if action=reinterpret pc=0x000000000273b5c4 method=java.util.HashMap.clear()V @ 16
Event: 0.890 Thread 0x000000001e24b800 Uncommon trap: reason=unstable_if action=reinterpret pc=0x000000000273cd58 method=java.util.HashMap.clear()V @ 16
Event: 0.890 Thread 0x0000000000dae000 Uncommon trap: reason=unstable_if action=reinterpret pc=0x0000000002765b30 method=main.coreEngine.TickableThread.invoke(Ljava/lang/String;[Ljava/lang/Object;)V @ 53
Event: 0.890 Thread 0x000000001e229000 Uncommon trap: reason=unstable_if action=reinterpret pc=0x0000000002769874 method=main.coreEngine.TickableThread.run()V @ 58
Event: 0.922 Thread 0x0000000000dae000 Uncommon trap: reason=unstable_if action=reinterpret pc=0x000000000285a6d0 method=main.coreEngine.Engine.start()V @ 163
Event: 0.980 Thread 0x000000001e229000 Uncommon trap: reason=unstable_if action=reinterpret pc=0x000000000286701c method=main.coreEngine.TickableThread.run()V @ 461

Internal exceptions (8 events):
Event: 0.026 Thread 0x0000000000dae000 Exception <a 'java/lang/NoSuchMethodError': Method sun.misc.Unsafe.defineClass(Ljava/lang/String;[BII)Ljava/lang/Class; name or signature does not match> (0x000000076b80d9b8) thrown at [C:\workspace\8-2-build-windows-amd64-cygwin\jdk8u65\4987\hotspot\src\s[’i1SÁš?
Event: 0.026 Thread 0x0000000000dae000 Exception <a 'java/lang/NoSuchMethodError': Method sun.misc.Unsafe.prefetchRead(Ljava/lang/Object;J)V name or signature does not match> (0x000000076b80dca0) thrown at [C:\workspace\8-2-build-windows-amd64-cygwin\jdk8u65\4987\hotspot\src\share\vm\prims\jni.—âzäîgÄ?
Event: 0.159 Thread 0x000000001e24b800 Exception <a 'java/lang/ArrayIndexOutOfBoundsException': -1> (0x000000076c98e2a0) thrown at [C:\workspace\8-2-build-windows-amd64-cygwin\jdk8u65\4987\hotspot\src\share\vm\interpreter\interpreterRuntime.cpp, line 366]
Event: 0.423 Thread 0x000000001e24b800 Exception <a 'java/security/PrivilegedActionException'> (0x000000076d629f50) thrown at [C:\workspace\8-2-build-windows-amd64-cygwin\jdk8u65\4987\hotspot\src\share\vm\prims\jvm.cpp, line 1386]
Event: 0.423 Thread 0x000000001e24b800 Exception <a 'java/security/PrivilegedActionException'> (0x000000076d62a348) thrown at [C:\workspace\8-2-build-windows-amd64-cygwin\jdk8u65\4987\hotspot\src\share\vm\prims\jvm.cpp, line 1386]
Event: 0.423 Thread 0x000000001e24b800 Exception <a 'java/security/PrivilegedActionException'> (0x000000076d62e560) thrown at [C:\workspace\8-2-build-windows-amd64-cygwin\jdk8u65\4987\hotspot\src\share\vm\prims\jvm.cpp, line 1386]
Event: 0.423 Thread 0x000000001e24b800 Exception <a 'java/security/PrivilegedActionException'> (0x000000076d62e958) thrown at [C:\workspace\8-2-build-windows-amd64-cygwin\jdk8u65\4987\hotspot\src\share\vm\prims\jvm.cpp, line 1386]
Event: 0.890 Thread 0x0000000000dae000 Implicit null exception at 0x000000000276553c to 0x0000000002765b09

Events (10 events):
Event: 1.666 Executing VM operation: ParallelGCFailedAllocation
Event: 1.667 Executing VM operation: ParallelGCFailedAllocation done
Event: 1.853 Executing VM operation: ParallelGCFailedAllocation
Event: 1.854 Executing VM operation: ParallelGCFailedAllocation done
Event: 2.034 Executing VM operation: ParallelGCFailedAllocation
Event: 2.035 Executing VM operation: ParallelGCFailedAllocation done
Event: 2.223 Executing VM operation: ParallelGCFailedAllocation
Event: 2.223 Executing VM operation: ParallelGCFailedAllocation done
Event: 2.376 Executing VM operation: ParallelGCFailedAllocation
Event: 2.376 Executing VM operation: ParallelGCFailedAllocation done


Dynamic libraries:
0x00007ff7d2c20000 - 0x00007ff7d2c57000 	C:\Program Files\Java\jdk1.8.0_65\bin\java.exe
0x00007ffde4980000 - 0x00007ffde4b41000 	C:\WINDOWS\SYSTEM32\ntdll.dll
0x00007ffde42a0000 - 0x00007ffde434d000 	C:\WINDOWS\system32\KERNEL32.DLL
0x00007ffde19f0000 - 0x00007ffde1bd8000 	C:\WINDOWS\system32\KERNELBASE.dll
0x00007ffde1e70000 - 0x00007ffde1f17000 	C:\WINDOWS\system32\ADVAPI32.dll
0x00007ffde3800000 - 0x00007ffde389d000 	C:\WINDOWS\system32\msvcrt.dll
0x00007ffde1e10000 - 0x00007ffde1e6b000 	C:\WINDOWS\system32\sechost.dll
0x00007ffde3bd0000 - 0x00007ffde3cec000 	C:\WINDOWS\system32\RPCRT4.dll
0x00007ffde3fe0000 - 0x00007ffde4136000 	C:\WINDOWS\system32\USER32.dll
0x00007ffde3cf0000 - 0x00007ffde3e76000 	C:\WINDOWS\system32\GDI32.dll
0x00007ffddd690000 - 0x00007ffddd904000 	C:\WINDOWS\WinSxS\amd64_microsoft.windows.common-controls_6595b64144ccf1df_6.0.10586.0_none_8c15ae12515e1c22\COMCTL32.dll
0x00007ffde3950000 - 0x00007ffde3bcd000 	C:\WINDOWS\system32\combase.dll
0x00007ffde1cf0000 - 0x00007ffde1d5a000 	C:\WINDOWS\system32\bcryptPrimitives.dll
0x00007ffde1dc0000 - 0x00007ffde1dfb000 	C:\WINDOWS\system32\IMM32.DLL
0x0000000070c90000 - 0x0000000070d62000 	C:\Program Files\Java\jdk1.8.0_65\jre\bin\msvcr100.dll
0x0000000070400000 - 0x0000000070c89000 	C:\Program Files\Java\jdk1.8.0_65\jre\bin\server\jvm.dll
0x00007ffde4290000 - 0x00007ffde4298000 	C:\WINDOWS\system32\PSAPI.DLL
0x00007ffddf730000 - 0x00007ffddf753000 	C:\WINDOWS\SYSTEM32\WINMM.dll
0x00007ffdd8550000 - 0x00007ffdd8559000 	C:\WINDOWS\SYSTEM32\WSOCK32.dll
0x00007ffddd9c0000 - 0x00007ffddd9ca000 	C:\WINDOWS\SYSTEM32\VERSION.dll
0x00007ffde4470000 - 0x00007ffde44db000 	C:\WINDOWS\system32\WS2_32.dll
0x00007ffddf6d0000 - 0x00007ffddf6fc000 	C:\WINDOWS\SYSTEM32\WINMMBASE.dll
0x00007ffde1be0000 - 0x00007ffde1c23000 	C:\WINDOWS\system32\cfgmgr32.dll
0x00000000703f0000 - 0x00000000703ff000 	C:\Program Files\Java\jdk1.8.0_65\jre\bin\verify.dll
0x00000000703c0000 - 0x00000000703e9000 	C:\Program Files\Java\jdk1.8.0_65\jre\bin\java.dll
0x0000000070380000 - 0x00000000703b5000 	C:\Program Files\Java\jdk1.8.0_65\jre\bin\jdwp.dll
0x0000000070370000 - 0x0000000070378000 	C:\Program Files\Java\jdk1.8.0_65\jre\bin\npt.dll
0x0000000070350000 - 0x0000000070366000 	C:\Program Files\Java\jdk1.8.0_65\jre\bin\zip.dll
0x00007ffde1f80000 - 0x00007ffde34dc000 	C:\WINDOWS\system32\SHELL32.dll
0x00007ffde11d0000 - 0x00007ffde1815000 	C:\WINDOWS\system32\windows.storage.dll
0x00007ffde36b0000 - 0x00007ffde3702000 	C:\WINDOWS\system32\shlwapi.dll
0x00007ffde0fb0000 - 0x00007ffde0fbf000 	C:\WINDOWS\system32\kernel.appcore.dll
0x00007ffde1c30000 - 0x00007ffde1ce5000 	C:\WINDOWS\system32\shcore.dll
0x00007ffde0fc0000 - 0x00007ffde100b000 	C:\WINDOWS\system32\powrprof.dll
0x00007ffde0f80000 - 0x00007ffde0f94000 	C:\WINDOWS\system32\profapi.dll
0x0000000070340000 - 0x0000000070349000 	C:\Program Files\Java\jdk1.8.0_65\jre\bin\dt_socket.dll
0x00007ffde08b0000 - 0x00007ffde090c000 	C:\WINDOWS\system32\mswsock.dll
0x00007ffdd4590000 - 0x00007ffdd4618000 	D:\Code\Java\Projects\WireEngine20\lib\native\lwjgl.dll
0x00007ffde0a80000 - 0x00007ffde0a8b000 	C:\WINDOWS\SYSTEM32\CRYPTBASE.DLL
0x00007ffdd4190000 - 0x00007ffdd41d2000 	D:\Code\Java\Projects\WireEngine20\lib\native\jemalloc.dll
0x00007ffdd3df0000 - 0x00007ffdd3e28000 	D:\Code\Java\Projects\WireEngine20\lib\native\glfw.dll
0x00007ffddf850000 - 0x00007ffddf8e6000 	C:\WINDOWS\system32\uxtheme.dll
0x00007ffdde650000 - 0x00007ffdde672000 	C:\WINDOWS\SYSTEM32\dwmapi.dll
0x00007ffdc9d10000 - 0x00007ffdc9e39000 	C:\WINDOWS\SYSTEM32\opengl32.dll
0x00007ffdc8ba0000 - 0x00007ffdc8c9a000 	C:\WINDOWS\SYSTEM32\DDRAW.dll
0x00007ffdcc690000 - 0x00007ffdcc6be000 	C:\WINDOWS\SYSTEM32\GLU32.dll
0x00007ffdd3d80000 - 0x00007ffdd3d88000 	C:\WINDOWS\SYSTEM32\DCIMAN32.dll
0x00007ffde3e80000 - 0x00007ffde3fda000 	C:\WINDOWS\system32\MSCTF.dll
0x00007ffdc3f50000 - 0x00007ffdc3f99000 	C:\Program Files (x86)\TeamViewer\tv_x64.dll
0x00007ffde4140000 - 0x00007ffde4283000 	C:\WINDOWS\system32\ole32.dll
0x000000006e5f0000 - 0x0000000070339000 	C:\WINDOWS\SYSTEM32\nvoglv64.DLL
0x00007ffde4550000 - 0x00007ffde4979000 	C:\WINDOWS\system32\SETUPAPI.dll
0x00007ffddf2f0000 - 0x00007ffddf303000 	C:\WINDOWS\SYSTEM32\WTSAPI32.dll
0x00007ffddf9a0000 - 0x00007ffddf9c7000 	C:\WINDOWS\SYSTEM32\DEVOBJ.dll
0x00007ffde1170000 - 0x00007ffde11c5000 	C:\WINDOWS\system32\WINTRUST.dll
0x00007ffde0fa0000 - 0x00007ffde0fb0000 	C:\WINDOWS\system32\MSASN1.dll
0x00007ffde1820000 - 0x00007ffde19e7000 	C:\WINDOWS\system32\CRYPT32.dll
0x00007ffde04d0000 - 0x00007ffde0501000 	C:\WINDOWS\SYSTEM32\ntmarta.dll
0x00007ffde0220000 - 0x00007ffde0276000 	C:\WINDOWS\SYSTEM32\WINSTA.dll
0x00007ffde38a0000 - 0x00007ffde3947000 	C:\WINDOWS\system32\clbcatq.dll
0x00007ffdb9de0000 - 0x00007ffdb9f6c000 	C:\WINDOWS\SYSTEM32\dbghelp.dll

VM Arguments:
jvm_args: -agentlib:jdwp=transport=dt_socket,address=127.0.0.1:62262,suspend=y,server=n -Djava.library.path=lib/native/ -Dfile.encoding=UTF-8 
java_command: main.Main
java_class_path (initial): C:\Program Files\Java\jdk1.8.0_65\jre\lib\charsets.jar;C:\Program Files\Java\jdk1.8.0_65\jre\lib\deploy.jar;C:\Program Files\Java\jdk1.8.0_65\jre\lib\ext\access-bridge-64.jar;C:\Program Files\Java\jdk1.8.0_65\jre\lib\ext\cldrdata.jar;C:\Program Files\Java\jdk1.8.0_65\jre\lib\ext\dnsns.jar;C:\Program Files\Java\jdk1.8.0_65\jre\lib\ext\jaccess.jar;C:\Program Files\Java\jdk1.8.0_65\jre\lib\ext\jfxrt.jar;C:\Program Files\Java\jdk1.8.0_65\jre\lib\ext\localedata.jar;C:\Program Files\Java\jdk1.8.0_65\jre\lib\ext\nashorn.jar;C:\Program Files\Java\jdk1.8.0_65\jre\lib\ext\sunec.jar;C:\Program Files\Java\jdk1.8.0_65\jre\lib\ext\sunjce_provider.jar;C:\Program Files\Java\jdk1.8.0_65\jre\lib\ext\sunmscapi.jar;C:\Program Files\Java\jdk1.8.0_65\jre\lib\ext\sunpkcs11.jar;C:\Program Files\Java\jdk1.8.0_65\jre\lib\ext\zipfs.jar;C:\Program Files\Java\jdk1.8.0_65\jre\lib\javaws.jar;C:\Program Files\Java\jdk1.8.0_65\jre\lib\jce.jar;C:\Program Files\Java\jdk1.8.0_65\jre\lib\jfr.jar;C:\Program Files\Java\jdk1.8.0_65\jre\lib\jfxswt.jar;C:\Program Files\Java\jdk1.8.0_65\jre\lib\jsse.jar;C:\Program Files\Java\jdk1.8.0_65\jre\lib\management-agent.jar;C:\Program Files\Java\jdk1.8.0_65\jre\lib\plugin.jar;C:\Program Files\Java\jdk1.8.0_65\jre\lib\resources.jar;C:\Program Files\Java\jdk1.8.0_65\jre\lib\rt.jar;D:\Code\Java\Projects\WireEngine20\out\production\WireEngine20;D:\Code\Java\Projects\WireEngine20\lib\jar\lwjgl.jar;D:\Program Files (x86)\JetBrains\IntelliJ IDEA 2016.1\lib\idea_rt.jar
Launcher Type: SUN_STANDARD

Environment Variables:
JAVA_HOME=C:\Program Files\Java\jdk1.8.0_65
PATH=C:\ProgramData\Oracle\Java\javapath;C:\Program Files (x86)\Razer Chroma SDK\bin;C:\Program Files\Razer Chroma SDK\bin;C:\Program Files (x86)\NVIDIA Corporation\PhysX\Common;C:\Program Files (x86)\Intel\iCLS Client\;C:\Program Files\Intel\iCLS Client\;C:\Windows\system32;C:\Windows;C:\Windows\System32\Wbem;C:\Windows\System32\WindowsPowerShell\v1.0\;C:\Program Files\Intel\Intel(R) Management Engine Components\DAL;C:\Program Files (x86)\Intel\Intel(R) Management Engine Components\DAL;C:\Program Files\Intel\Intel(R) Management Engine Components\IPT;C:\Program Files (x86)\Intel\Intel(R) Management Engine Components\IPT;C:\Program Files\Java\jre1.8.0_65\bin;C:\MinGW\bin;C:\WINDOWS\system32;C:\WINDOWS;C:\WINDOWS\System32\Wbem;C:\WINDOWS\System32\WindowsPowerShell\v1.0\;D:\Program Files (x86)\CMake\bin;D:\Program Files\Programs\Python\Python35-32;D:\Program Files\Programs\Python\Python35-32\Scripts;C:\Program Files (x86)\Skype\Phone\;D:\Program Files\Programs\Python\Python35-32\Scripts\;D:\Program Files\Programs\Python\Python35-32\
USERNAME=Kelan
OS=Windows_NT
PROCESSOR_IDENTIFIER=Intel64 Family 6 Model 60 Stepping 3, GenuineIntel



---------------  S Y S T E M  ---------------

OS: Windows 10.0 , 64 bit Build 10586 (10.0.10586.0)

CPU:total 8 (4 cores per cpu, 2 threads per core) family 6 model 60 stepping 3, cmov, cx8, fxsr, mmx, sse, sse2, sse3, ssse3, sse4.1, sse4.2, popcnt, avx, avx2, aes, clmul, erms, lzcnt, ht, tsc, tscinvbit, bmi1, bmi2

Memory: 4k page, physical 16609500k(5043500k free), swap 33386716k(19159488k free)

vm_info: Java HotSpot(TM) 64-Bit Server VM (25.65-b01) for windows-amd64 JRE (1.8.0_65-b17), built on Oct  6 2015 16:39:20 by "java_re" with MS VC++ 10.0 (VS2010)

time: Sat Apr 09 18:07:00 2016
elapsed time: 2 seconds (0d 0h 0m 2s)

