#
# A fatal error has been detected by the Java Runtime Environment:
#
#  EXCEPTION_ACCESS_VIOLATION (0xc0000005) at pc=0x00007ffdd3e624b9, pid=8552, tid=872
#
# JRE version: Java(TM) SE Runtime Environment (8.0_65-b17) (build 1.8.0_65-b17)
# Java VM: Java HotSpot(TM) 64-Bit Server VM (25.65-b01 mixed mode windows-amd64 compressed oops)
# Problematic frame:
# C  [glfw.dll+0x24b9]
#
# Failed to write core dump. Minidumps are not enabled by default on client versions of Windows
#
# If you would like to submit a bug report, please visit:
#   http://bugreport.java.com/bugreport/crash.jsp
# The crash happened outside the Java Virtual Machine in native code.
# See problematic frame for where to report the bug.
#

---------------  T H R E A D  ---------------

Current thread (0x000000001e26e800):  JavaThread "CLIENT" [_thread_in_native, id=872, stack(0x000000001ef70000,0x000000001f070000)]

siginfo: ExceptionCode=0xc0000005, reading address 0x0000000000000000

Registers:
RAX=0x0000000000000000, RBX=0x000000001bb1f240, RCX=0x0000000000000000, RDX=0x0000000000000000
RSP=0x000000001f06edf0, RBP=0x000000001f06eea8, RSI=0x0000000000000108, RDI=0x00000000005ac020
R8 =0x000000001f06ede8, R9 =0x000000001f06eea8, R10=0x0000000000000000, R11=0x0000000000000246
R12=0x0000000000000000, R13=0x000000001bb1f240, R14=0x000000001f06eee0, R15=0x000000001e26e800
RIP=0x00007ffdd3e624b9, EFLAGS=0x0000000000010283

Top of Stack: (sp=0x000000001f06edf0)
0x000000001f06edf0:   000000001e26e800 000000001e26e800
0x000000001f06ee00:   000000001e26e800 000000001e26e800
0x000000001f06ee10:   000000000000041d 000000000281dfcc
0x000000001f06ee20:   000000001bb1f240 0000000070615005
0x000000001f06ee30:   000000001bac50c8 000000001c0a1930
0x000000001f06ee40:   000000000000000e 000000001e26e800
0x000000001f06ee50:   000000001bb3b9c8 000000007052aea4
0x000000001f06ee60:   000000001e26e800 000000001f06ee68
0x000000001f06ee70:   0000000000000000 000000001f06eee0
0x000000001f06ee80:   000000001bb1f9e0 0000000000000000
0x000000001f06ee90:   000000001bb1f240 0000000000000000
0x000000001f06eea0:   000000001f06eec8 000000001f06ef28
0x000000001f06eeb0:   0000000002807d8d 00000006c280c708
0x000000001f06eec0:   00000000028142f8 00000000005ac020
0x000000001f06eed0:   00000000028078a0 00007ffdd3e62420
0x000000001f06eee0:   0000000000000001 000000001f06eee8 

Instructions: (pc=0x00007ffdd3e624b9)
0x00007ffdd3e62499:   48 8b cf e8 1f 3a 00 00 48 39 3d f0 d5 02 00 48
0x00007ffdd3e624a9:   8d 0d e9 d5 02 00 48 8b 5c 24 30 74 08 48 8b 09
0x00007ffdd3e624b9:   48 39 39 75 f8 48 8b 07 48 89 01 48 8b cf 48 83
0x00007ffdd3e624c9:   c4 20 5f e9 5b fe 00 00 48 83 c4 20 5f c3 cc cc 


Register to memory mapping:

RAX=0x0000000000000000 is an unknown value
RBX={method} {0x000000001bb1f248} 'invokePV' '(JJ)V' in 'org/lwjgl/system/JNI'
RCX=0x0000000000000000 is an unknown value
RDX=0x0000000000000000 is an unknown value
RSP=0x000000001f06edf0 is pointing into the stack for thread: 0x000000001e26e800
RBP=0x000000001f06eea8 is pointing into the stack for thread: 0x000000001e26e800
RSI=0x0000000000000108 is an unknown value
RDI=0x00000000005ac020 is an unknown value
R8 =0x000000001f06ede8 is pointing into the stack for thread: 0x000000001e26e800
R9 =0x000000001f06eea8 is pointing into the stack for thread: 0x000000001e26e800
R10=0x0000000000000000 is an unknown value
R11=0x0000000000000246 is an unknown value
R12=0x0000000000000000 is an unknown value
R13={method} {0x000000001bb1f248} 'invokePV' '(JJ)V' in 'org/lwjgl/system/JNI'
R14=0x000000001f06eee0 is pointing into the stack for thread: 0x000000001e26e800
R15=0x000000001e26e800 is a thread


Stack: [0x000000001ef70000,0x000000001f070000],  sp=0x000000001f06edf0,  free space=1019k
Native frames: (J=compiled Java code, j=interpreted, Vv=VM code, C=native code)
C  [glfw.dll+0x24b9]
C  0x000000000281dfcc

Java frames: (J=compiled Java code, j=interpreted, Vv=VM code)
j  org.lwjgl.system.JNI.invokePV(JJ)V+0
j  org.lwjgl.glfw.GLFW.glfwDestroyCursor(J)V+20
j  main.client.Window.destroyWindow()V+9
j  main.coreEngine.Engine.stop()V+70
j  main.client.Window.update()V+33
j  main.client.renderEngine.RenderEngine.render()V+38
j  main.client.ClientThread.tick()V+12
j  main.coreEngine.TickableThread.run()V+469
v  ~StubRoutines::call_stub

---------------  P R O C E S S  ---------------

Java Threads: ( => current thread )
  0x000000001e270000 JavaThread "SERVER" [_thread_in_Java, id=8860, stack(0x000000001f070000,0x000000001f170000)]
=>0x000000001e26e800 JavaThread "CLIENT" [_thread_in_native, id=872, stack(0x000000001ef70000,0x000000001f070000)]
  0x000000001e16e800 JavaThread "Service Thread" daemon [_thread_blocked, id=13592, stack(0x000000001ed70000,0x000000001ee70000)]
  0x000000001e0d3800 JavaThread "C1 CompilerThread3" daemon [_thread_blocked, id=7872, stack(0x000000001ec70000,0x000000001ed70000)]
  0x000000001e0d3000 JavaThread "C2 CompilerThread2" daemon [_thread_blocked, id=5440, stack(0x000000001eb70000,0x000000001ec70000)]
  0x000000001e0c6000 JavaThread "C2 CompilerThread1" daemon [_thread_blocked, id=1960, stack(0x000000001ea70000,0x000000001eb70000)]
  0x000000001e0ca000 JavaThread "C2 CompilerThread0" daemon [_thread_blocked, id=5304, stack(0x000000001e970000,0x000000001ea70000)]
  0x000000001e0b0000 JavaThread "JDWP Command Reader" daemon [_thread_in_native, id=2612, stack(0x000000001e870000,0x000000001e970000)]
  0x000000001e0af000 JavaThread "JDWP Event Helper Thread" daemon [_thread_blocked, id=4748, stack(0x000000001e770000,0x000000001e870000)]
  0x000000001e0a1800 JavaThread "JDWP Transport Listener: dt_socket" daemon [_thread_blocked, id=13104, stack(0x000000001e670000,0x000000001e770000)]
  0x000000001e097800 JavaThread "Attach Listener" daemon [_thread_blocked, id=2504, stack(0x000000001e570000,0x000000001e670000)]
  0x000000001e096800 JavaThread "Signal Dispatcher" daemon [_thread_blocked, id=10364, stack(0x000000001e470000,0x000000001e570000)]
  0x0000000000f0b800 JavaThread "Finalizer" daemon [_thread_blocked, id=4076, stack(0x000000001df70000,0x000000001e070000)]
  0x000000001c09d800 JavaThread "Reference Handler" daemon [_thread_blocked, id=6600, stack(0x000000001de70000,0x000000001df70000)]
  0x00000000027fe000 JavaThread "main" [_thread_in_Java, id=4624, stack(0x0000000000cd0000,0x0000000000dd0000)]

Other Threads:
  0x000000001c099000 VMThread [stack: 0x000000001dd70000,0x000000001de70000] [id=5696]
  0x000000001e187000 WatcherThread [stack: 0x000000001ee70000,0x000000001ef70000] [id=8560]

VM state:not at safepoint (normal execution)

VM Mutex/Monitor currently owned by a thread: None

Heap:
 PSYoungGen      total 224768K, used 73053K [0x000000076b800000, 0x000000078b500000, 0x00000007c0000000)
  eden space 222208K, 32% used [0x000000076b800000,0x000000076ff2f7b8,0x0000000779100000)
  from space 2560K, 6% used [0x000000078b000000,0x000000078b028000,0x000000078b280000)
  to   space 2560K, 0% used [0x000000078b280000,0x000000078b280000,0x000000078b500000)
 ParOldGen       total 173568K, used 1296K [0x00000006c2800000, 0x00000006cd180000, 0x000000076b800000)
  object space 173568K, 0% used [0x00000006c2800000,0x00000006c2944070,0x00000006cd180000)
 Metaspace       used 8170K, capacity 8646K, committed 8960K, reserved 1056768K
  class space    used 654K, capacity 690K, committed 768K, reserved 1048576K

Card table byte_map: [0x0000000011bc0000,0x00000000123b0000] byte_map_base: 0x000000000e5ac000

Marking Bits: (ParMarkBitMap*) 0x0000000070c0a5b0
 Begin Bits: [0x0000000013000000, 0x0000000016f60000)
 End Bits:   [0x0000000016f60000, 0x000000001aec0000)

Polling page: 0x0000000000560000

CodeCache: size=245760Kb used=2691Kb max_used=2691Kb free=243068Kb
 bounds [0x0000000002800000, 0x0000000002ab0000, 0x0000000011800000]
 total_blobs=1201 nmethods=546 adapters=576
 compilation: enabled

Compilation events (10 events):
Event: 1.718 Thread 0x000000001e0d3800  543       3       main.client.renderEngine.shader.AbstractShaderProgram::setUniform (451 bytes)
Event: 1.722 Thread 0x000000001e0d3800 nmethod 543 0x0000000002a913d0 code [0x0000000002a921a0, 0x0000000002a9c118]
Event: 1.734 Thread 0x000000001e0d3800  544       3       main.client.InputHandler::keyDown (6 bytes)
Event: 1.734 Thread 0x000000001e0d3800 nmethod 544 0x0000000002a8d050 code [0x0000000002a8d1a0, 0x0000000002a8d310]
Event: 1.734 Thread 0x000000001e0d3800  545       3       java.nio.DirectByteBuffer::asDoubleBuffer (151 bytes)
Event: 1.734 Thread 0x000000001e0d3800 nmethod 545 0x0000000002a90810 code [0x0000000002a909c0, 0x0000000002a91078]
Event: 1.734 Thread 0x000000001e0d3800  546       3       java.nio.DirectDoubleBufferU::<init> (30 bytes)
Event: 1.735 Thread 0x000000001e0d3800 nmethod 546 0x0000000002a8c8d0 code [0x0000000002a8ca60, 0x0000000002a8ce38]
Event: 1.777 Thread 0x000000001e0d3800  547       3       java.nio.DirectByteBuffer$Deallocator::run (37 bytes)
Event: 1.778 Thread 0x000000001e0d3800 nmethod 547 0x0000000002a90310 code [0x0000000002a90480, 0x0000000002a90758]

GC Heap History (10 events):
Event: 0.975 GC heap before
{Heap before GC invocations=7 (full 0):
 PSYoungGen      total 262656K, used 262096K [0x000000076b800000, 0x000000077bb00000, 0x00000007c0000000)
  eden space 260096K, 100% used [0x000000076b800000,0x000000077b600000,0x000000077b600000)
  from space 2560K, 78% used [0x000000077b880000,0x000000077ba74110,0x000000077bb00000)
  to   space 2560K, 0% used [0x000000077b600000,0x000000077b600000,0x000000077b880000)
 ParOldGen       total 173568K, used 48K [0x00000006c2800000, 0x00000006cd180000, 0x000000076b800000)
  object space 173568K, 0% used [0x00000006c2800000,0x00000006c280c000,0x00000006cd180000)
 Metaspace       used 8137K, capacity 8646K, committed 8960K, reserved 1056768K
  class space    used 654K, capacity 690K, committed 768K, reserved 1048576K
Event: 0.976 GC heap after
Heap after GC invocations=7 (full 0):
 PSYoungGen      total 262656K, used 640K [0x000000076b800000, 0x000000078b900000, 0x00000007c0000000)
  eden space 260096K, 0% used [0x000000076b800000,0x000000076b800000,0x000000077b600000)
  from space 2560K, 25% used [0x000000077b600000,0x000000077b6a0000,0x000000077b880000)
  to   space 2560K, 0% used [0x000000078b680000,0x000000078b680000,0x000000078b900000)
 ParOldGen       total 173568K, used 664K [0x00000006c2800000, 0x00000006cd180000, 0x000000076b800000)
  object space 173568K, 0% used [0x00000006c2800000,0x00000006c28a6050,0x00000006cd180000)
 Metaspace       used 8137K, capacity 8646K, committed 8960K, reserved 1056768K
  class space    used 654K, capacity 690K, committed 768K, reserved 1048576K
}
Event: 1.173 GC heap before
{Heap before GC invocations=8 (full 0):
 PSYoungGen      total 262656K, used 260736K [0x000000076b800000, 0x000000078b900000, 0x00000007c0000000)
  eden space 260096K, 100% used [0x000000076b800000,0x000000077b600000,0x000000077b600000)
  from space 2560K, 25% used [0x000000077b600000,0x000000077b6a0000,0x000000077b880000)
  to   space 2560K, 0% used [0x000000078b680000,0x000000078b680000,0x000000078b900000)
 ParOldGen       total 173568K, used 664K [0x00000006c2800000, 0x00000006cd180000, 0x000000076b800000)
  object space 173568K, 0% used [0x00000006c2800000,0x00000006c28a6050,0x00000006cd180000)
 Metaspace       used 8139K, capacity 8646K, committed 8960K, reserved 1056768K
  class space    used 654K, capacity 690K, committed 768K, reserved 1048576K
Event: 1.173 GC heap after
Heap after GC invocations=8 (full 0):
 PSYoungGen      total 250368K, used 512K [0x000000076b800000, 0x000000078b700000, 0x00000007c0000000)
  eden space 249856K, 0% used [0x000000076b800000,0x000000076b800000,0x000000077ac00000)
  from space 512K, 100% used [0x000000078b680000,0x000000078b700000,0x000000078b700000)
  to   space 2560K, 0% used [0x000000078b200000,0x000000078b200000,0x000000078b480000)
 ParOldGen       total 173568K, used 832K [0x00000006c2800000, 0x00000006cd180000, 0x000000076b800000)
  object space 173568K, 0% used [0x00000006c2800000,0x00000006c28d0050,0x00000006cd180000)
 Metaspace       used 8139K, capacity 8646K, committed 8960K, reserved 1056768K
  class space    used 654K, capacity 690K, committed 768K, reserved 1048576K
}
Event: 1.353 GC heap before
{Heap before GC invocations=9 (full 0):
 PSYoungGen      total 250368K, used 250368K [0x000000076b800000, 0x000000078b700000, 0x00000007c0000000)
  eden space 249856K, 100% used [0x000000076b800000,0x000000077ac00000,0x000000077ac00000)
  from space 512K, 100% used [0x000000078b680000,0x000000078b700000,0x000000078b700000)
  to   space 2560K, 0% used [0x000000078b200000,0x000000078b200000,0x000000078b480000)
 ParOldGen       total 173568K, used 832K [0x00000006c2800000, 0x00000006cd180000, 0x000000076b800000)
  object space 173568K, 0% used [0x00000006c2800000,0x00000006c28d0050,0x00000006cd180000)
 Metaspace       used 8149K, capacity 8646K, committed 8960K, reserved 1056768K
  class space    used 654K, capacity 690K, committed 768K, reserved 1048576K
Event: 1.354 GC heap after
Heap after GC invocations=9 (full 0):
 PSYoungGen      total 242688K, used 256K [0x000000076b800000, 0x000000078b700000, 0x00000007c0000000)
  eden space 240128K, 0% used [0x000000076b800000,0x000000076b800000,0x000000077a280000)
  from space 2560K, 10% used [0x000000078b200000,0x000000078b240000,0x000000078b480000)
  to   space 2560K, 0% used [0x000000078b480000,0x000000078b480000,0x000000078b700000)
 ParOldGen       total 173568K, used 1264K [0x00000006c2800000, 0x00000006cd180000, 0x000000076b800000)
  object space 173568K, 0% used [0x00000006c2800000,0x00000006c293c070,0x00000006cd180000)
 Metaspace       used 8149K, capacity 8646K, committed 8960K, reserved 1056768K
  class space    used 654K, capacity 690K, committed 768K, reserved 1048576K
}
Event: 1.565 GC heap before
{Heap before GC invocations=10 (full 0):
 PSYoungGen      total 242688K, used 240384K [0x000000076b800000, 0x000000078b700000, 0x00000007c0000000)
  eden space 240128K, 100% used [0x000000076b800000,0x000000077a280000,0x000000077a280000)
  from space 2560K, 10% used [0x000000078b200000,0x000000078b240000,0x000000078b480000)
  to   space 2560K, 0% used [0x000000078b480000,0x000000078b480000,0x000000078b700000)
 ParOldGen       total 173568K, used 1264K [0x00000006c2800000, 0x00000006cd180000, 0x000000076b800000)
  object space 173568K, 0% used [0x00000006c2800000,0x00000006c293c070,0x00000006cd180000)
 Metaspace       used 8152K, capacity 8646K, committed 8960K, reserved 1056768K
  class space    used 654K, capacity 690K, committed 768K, reserved 1048576K
Event: 1.566 GC heap after
Heap after GC invocations=10 (full 0):
 PSYoungGen      total 231424K, used 224K [0x000000076b800000, 0x000000078b500000, 0x00000007c0000000)
  eden space 230912K, 0% used [0x000000076b800000,0x000000076b800000,0x0000000779980000)
  from space 512K, 43% used [0x000000078b480000,0x000000078b4b8000,0x000000078b500000)
  to   space 2560K, 0% used [0x000000078b000000,0x000000078b000000,0x000000078b280000)
 ParOldGen       total 173568K, used 1288K [0x00000006c2800000, 0x00000006cd180000, 0x000000076b800000)
  object space 173568K, 0% used [0x00000006c2800000,0x00000006c2942070,0x00000006cd180000)
 Metaspace       used 8152K, capacity 8646K, committed 8960K, reserved 1056768K
  class space    used 654K, capacity 690K, committed 768K, reserved 1048576K
}
Event: 1.777 GC heap before
{Heap before GC invocations=11 (full 0):
 PSYoungGen      total 231424K, used 231136K [0x000000076b800000, 0x000000078b500000, 0x00000007c0000000)
  eden space 230912K, 100% used [0x000000076b800000,0x0000000779980000,0x0000000779980000)
  from space 512K, 43% used [0x000000078b480000,0x000000078b4b8000,0x000000078b500000)
  to   space 2560K, 0% used [0x000000078b000000,0x000000078b000000,0x000000078b280000)
 ParOldGen       total 173568K, used 1288K [0x00000006c2800000, 0x00000006cd180000, 0x000000076b800000)
  object space 173568K, 0% used [0x00000006c2800000,0x00000006c2942070,0x00000006cd180000)
 Metaspace       used 8169K, capacity 8646K, committed 8960K, reserved 1056768K
  class space    used 654K, capacity 690K, committed 768K, reserved 1048576K
Event: 1.777 GC heap after
Heap after GC invocations=11 (full 0):
 PSYoungGen      total 224768K, used 160K [0x000000076b800000, 0x000000078b500000, 0x00000007c0000000)
  eden space 222208K, 0% used [0x000000076b800000,0x000000076b800000,0x0000000779100000)
  from space 2560K, 6% used [0x000000078b000000,0x000000078b028000,0x000000078b280000)
  to   space 2560K, 0% used [0x000000078b280000,0x000000078b280000,0x000000078b500000)
 ParOldGen       total 173568K, used 1296K [0x00000006c2800000, 0x00000006cd180000, 0x000000076b800000)
  object space 173568K, 0% used [0x00000006c2800000,0x00000006c2944070,0x00000006cd180000)
 Metaspace       used 8169K, capacity 8646K, committed 8960K, reserved 1056768K
  class space    used 654K, capacity 690K, committed 768K, reserved 1048576K
}

Deoptimization events (10 events):
Event: 0.133 Thread 0x000000001e26e800 Uncommon trap: reason=bimorphic action=maybe_recompile pc=0x00000000029543f8 method=java.util.HashMap.getNode(ILjava/lang/Object;)Ljava/util/HashMap$Node; @ 126
Event: 0.381 Thread 0x000000001e26e800 Uncommon trap: reason=bimorphic action=maybe_recompile pc=0x00000000029543f8 method=java.util.HashMap.getNode(ILjava/lang/Object;)Ljava/util/HashMap$Node; @ 126
Event: 0.382 Thread 0x000000001e26e800 Uncommon trap: reason=bimorphic action=maybe_recompile pc=0x00000000029543f8 method=java.util.HashMap.getNode(ILjava/lang/Object;)Ljava/util/HashMap$Node; @ 126
Event: 0.388 Thread 0x000000001e26e800 Uncommon trap: reason=unstable_if action=reinterpret pc=0x0000000002944818 method=java.util.HashMap.keySet()Ljava/util/Set; @ 6
Event: 0.644 Thread 0x000000001e26e800 Uncommon trap: reason=unstable_if action=reinterpret pc=0x0000000002946fc4 method=java.util.HashMap.clear()V @ 16
Event: 0.644 Thread 0x000000001e26e800 Uncommon trap: reason=unstable_if action=reinterpret pc=0x0000000002945818 method=java.util.HashMap.clear()V @ 16
Event: 0.644 Thread 0x00000000027fe000 Uncommon trap: reason=unstable_if action=reinterpret pc=0x00000000029687f0 method=main.coreEngine.TickableThread.invoke(Ljava/lang/String;[Ljava/lang/Object;)V @ 53
Event: 0.644 Thread 0x000000001e270000 Uncommon trap: reason=unstable_if action=reinterpret pc=0x00000000029a7574 method=main.coreEngine.TickableThread.run()V @ 58
Event: 0.676 Thread 0x00000000027fe000 Uncommon trap: reason=unstable_if action=reinterpret pc=0x0000000002a68c34 method=main.coreEngine.Engine.start()V @ 163
Event: 0.751 Thread 0x000000001e270000 Uncommon trap: reason=unstable_if action=reinterpret pc=0x0000000002a74804 method=main.coreEngine.TickableThread.run()V @ 461

Internal exceptions (7 events):
Event: 0.023 Thread 0x00000000027fe000 Exception <a 'java/lang/NoSuchMethodError': Method sun.misc.Unsafe.defineClass(Ljava/lang/String;[BII)Ljava/lang/Class; name or signature does not match> (0x000000076b80da30) thrown at [C:\workspace\8-2-build-windows-amd64-cygwin\jdk8u65\4987\hotspot\src\s`Ünz‘—?
Event: 0.023 Thread 0x00000000027fe000 Exception <a 'java/lang/NoSuchMethodError': Method sun.misc.Unsafe.prefetchRead(Ljava/lang/Object;J)V name or signature does not match> (0x000000076b80dd18) thrown at [C:\workspace\8-2-build-windows-amd64-cygwin\jdk8u65\4987\hotspot\src\share\vm\prims\jni.Î´B©enØ?
Event: 0.382 Thread 0x000000001e26e800 Exception <a 'java/security/PrivilegedActionException'> (0x000000076d4c3ca8) thrown at [C:\workspace\8-2-build-windows-amd64-cygwin\jdk8u65\4987\hotspot\src\share\vm\prims\jvm.cpp, line 1386]
Event: 0.382 Thread 0x000000001e26e800 Exception <a 'java/security/PrivilegedActionException'> (0x000000076d4c40a0) thrown at [C:\workspace\8-2-build-windows-amd64-cygwin\jdk8u65\4987\hotspot\src\share\vm\prims\jvm.cpp, line 1386]
Event: 0.382 Thread 0x000000001e26e800 Exception <a 'java/security/PrivilegedActionException'> (0x000000076d4c82b8) thrown at [C:\workspace\8-2-build-windows-amd64-cygwin\jdk8u65\4987\hotspot\src\share\vm\prims\jvm.cpp, line 1386]
Event: 0.382 Thread 0x000000001e26e800 Exception <a 'java/security/PrivilegedActionException'> (0x000000076d4c86b0) thrown at [C:\workspace\8-2-build-windows-amd64-cygwin\jdk8u65\4987\hotspot\src\share\vm\prims\jvm.cpp, line 1386]
Event: 0.644 Thread 0x00000000027fe000 Implicit null exception at 0x00000000029681fc to 0x00000000029687c9

Events (10 events):
Event: 0.975 Executing VM operation: ParallelGCFailedAllocation
Event: 0.976 Executing VM operation: ParallelGCFailedAllocation done
Event: 1.173 Executing VM operation: ParallelGCFailedAllocation
Event: 1.173 Executing VM operation: ParallelGCFailedAllocation done
Event: 1.353 Executing VM operation: ParallelGCFailedAllocation
Event: 1.354 Executing VM operation: ParallelGCFailedAllocation done
Event: 1.565 Executing VM operation: ParallelGCFailedAllocation
Event: 1.566 Executing VM operation: ParallelGCFailedAllocation done
Event: 1.777 Executing VM operation: ParallelGCFailedAllocation
Event: 1.777 Executing VM operation: ParallelGCFailedAllocation done


Dynamic libraries:
0x00007ff67ba00000 - 0x00007ff67ba37000 	C:\Program Files\Java\jdk1.8.0_65\bin\java.exe
0x00007ffde4980000 - 0x00007ffde4b41000 	C:\WINDOWS\SYSTEM32\ntdll.dll
0x00007ffde42a0000 - 0x00007ffde434d000 	C:\WINDOWS\system32\KERNEL32.DLL
0x00007ffde19f0000 - 0x00007ffde1bd8000 	C:\WINDOWS\system32\KERNELBASE.dll
0x00007ffde1e70000 - 0x00007ffde1f17000 	C:\WINDOWS\system32\ADVAPI32.dll
0x00007ffde3800000 - 0x00007ffde389d000 	C:\WINDOWS\system32\msvcrt.dll
0x00007ffde1e10000 - 0x00007ffde1e6b000 	C:\WINDOWS\system32\sechost.dll
0x00007ffde3bd0000 - 0x00007ffde3cec000 	C:\WINDOWS\system32\RPCRT4.dll
0x00007ffde3fe0000 - 0x00007ffde4136000 	C:\WINDOWS\system32\USER32.dll
0x00007ffde3cf0000 - 0x00007ffde3e76000 	C:\WINDOWS\system32\GDI32.dll
0x00007ffddd690000 - 0x00007ffddd904000 	C:\WINDOWS\WinSxS\amd64_microsoft.windows.common-controls_6595b64144ccf1df_6.0.10586.0_none_8c15ae12515e1c22\COMCTL32.dll
0x00007ffde3950000 - 0x00007ffde3bcd000 	C:\WINDOWS\system32\combase.dll
0x00007ffde1cf0000 - 0x00007ffde1d5a000 	C:\WINDOWS\system32\bcryptPrimitives.dll
0x00007ffde1dc0000 - 0x00007ffde1dfb000 	C:\WINDOWS\system32\IMM32.DLL
0x0000000070c90000 - 0x0000000070d62000 	C:\Program Files\Java\jdk1.8.0_65\jre\bin\msvcr100.dll
0x0000000070400000 - 0x0000000070c89000 	C:\Program Files\Java\jdk1.8.0_65\jre\bin\server\jvm.dll
0x00007ffde4290000 - 0x00007ffde4298000 	C:\WINDOWS\system32\PSAPI.DLL
0x00007ffddf730000 - 0x00007ffddf753000 	C:\WINDOWS\SYSTEM32\WINMM.dll
0x00007ffddd9c0000 - 0x00007ffddd9ca000 	C:\WINDOWS\SYSTEM32\VERSION.dll
0x00007ffdd8550000 - 0x00007ffdd8559000 	C:\WINDOWS\SYSTEM32\WSOCK32.dll
0x00007ffde4470000 - 0x00007ffde44db000 	C:\WINDOWS\system32\WS2_32.dll
0x00007ffddf6d0000 - 0x00007ffddf6fc000 	C:\WINDOWS\SYSTEM32\WINMMBASE.dll
0x00007ffde1be0000 - 0x00007ffde1c23000 	C:\WINDOWS\system32\cfgmgr32.dll
0x00000000703f0000 - 0x00000000703ff000 	C:\Program Files\Java\jdk1.8.0_65\jre\bin\verify.dll
0x00000000703c0000 - 0x00000000703e9000 	C:\Program Files\Java\jdk1.8.0_65\jre\bin\java.dll
0x00000000700d0000 - 0x0000000070105000 	C:\Program Files\Java\jdk1.8.0_65\jre\bin\jdwp.dll
0x00000000703b0000 - 0x00000000703b8000 	C:\Program Files\Java\jdk1.8.0_65\jre\bin\npt.dll
0x0000000070350000 - 0x0000000070366000 	C:\Program Files\Java\jdk1.8.0_65\jre\bin\zip.dll
0x00007ffde1f80000 - 0x00007ffde34dc000 	C:\WINDOWS\system32\SHELL32.dll
0x00007ffde11d0000 - 0x00007ffde1815000 	C:\WINDOWS\system32\windows.storage.dll
0x00007ffde36b0000 - 0x00007ffde3702000 	C:\WINDOWS\system32\shlwapi.dll
0x00007ffde0fb0000 - 0x00007ffde0fbf000 	C:\WINDOWS\system32\kernel.appcore.dll
0x00007ffde1c30000 - 0x00007ffde1ce5000 	C:\WINDOWS\system32\shcore.dll
0x00007ffde0fc0000 - 0x00007ffde100b000 	C:\WINDOWS\system32\powrprof.dll
0x00007ffde0f80000 - 0x00007ffde0f94000 	C:\WINDOWS\system32\profapi.dll
0x00000000703a0000 - 0x00000000703a9000 	C:\Program Files\Java\jdk1.8.0_65\jre\bin\dt_socket.dll
0x00007ffde08b0000 - 0x00007ffde090c000 	C:\WINDOWS\system32\mswsock.dll
0x00007ffdd43a0000 - 0x00007ffdd4428000 	D:\Code\Java\Projects\WireEngine20\lib\native\lwjgl.dll
0x00007ffde0a80000 - 0x00007ffde0a8b000 	C:\WINDOWS\SYSTEM32\CRYPTBASE.DLL
0x00007ffdd4610000 - 0x00007ffdd4652000 	D:\Code\Java\Projects\WireEngine20\lib\native\jemalloc.dll
0x00007ffdd3e60000 - 0x00007ffdd3e98000 	D:\Code\Java\Projects\WireEngine20\lib\native\glfw.dll
0x00007ffddf850000 - 0x00007ffddf8e6000 	C:\WINDOWS\system32\uxtheme.dll
0x00007ffdde650000 - 0x00007ffdde672000 	C:\WINDOWS\SYSTEM32\dwmapi.dll
0x00007ffdc8b70000 - 0x00007ffdc8c99000 	C:\WINDOWS\SYSTEM32\opengl32.dll
0x00007ffdcfb70000 - 0x00007ffdcfb9e000 	C:\WINDOWS\SYSTEM32\GLU32.dll
0x00007ffdc68b0000 - 0x00007ffdc69aa000 	C:\WINDOWS\SYSTEM32\DDRAW.dll
0x00007ffdd47a0000 - 0x00007ffdd47a8000 	C:\WINDOWS\SYSTEM32\DCIMAN32.dll
0x00007ffde3e80000 - 0x00007ffde3fda000 	C:\WINDOWS\system32\MSCTF.dll
0x00007ffdcb820000 - 0x00007ffdcb869000 	C:\Program Files (x86)\TeamViewer\tv_x64.dll
0x00007ffde4140000 - 0x00007ffde4283000 	C:\WINDOWS\system32\ole32.dll
0x000000006e380000 - 0x00000000700c9000 	C:\WINDOWS\SYSTEM32\nvoglv64.DLL
0x00007ffde4550000 - 0x00007ffde4979000 	C:\WINDOWS\system32\SETUPAPI.dll
0x00007ffddf2f0000 - 0x00007ffddf303000 	C:\WINDOWS\SYSTEM32\WTSAPI32.dll
0x00007ffddf9a0000 - 0x00007ffddf9c7000 	C:\WINDOWS\SYSTEM32\DEVOBJ.dll
0x00007ffde1170000 - 0x00007ffde11c5000 	C:\WINDOWS\system32\WINTRUST.dll
0x00007ffde0fa0000 - 0x00007ffde0fb0000 	C:\WINDOWS\system32\MSASN1.dll
0x00007ffde1820000 - 0x00007ffde19e7000 	C:\WINDOWS\system32\CRYPT32.dll
0x00007ffde04d0000 - 0x00007ffde0501000 	C:\WINDOWS\SYSTEM32\ntmarta.dll
0x00007ffde0220000 - 0x00007ffde0276000 	C:\WINDOWS\SYSTEM32\WINSTA.dll
0x00007ffde38a0000 - 0x00007ffde3947000 	C:\WINDOWS\system32\clbcatq.dll
0x00007ffdddd50000 - 0x00007ffdddd75000 	C:\Program Files (x86)\Samsung\Easy Printer Manager\SmartScreenPrint\CDAKEYMonitor64.dll
0x00007ffde3730000 - 0x00007ffde37f1000 	C:\WINDOWS\system32\OLEAUT32.dll
0x00007ffdb9de0000 - 0x00007ffdb9f6c000 	C:\WINDOWS\SYSTEM32\dbghelp.dll

VM Arguments:
jvm_args: -agentlib:jdwp=transport=dt_socket,address=127.0.0.1:65340,suspend=y,server=n -Djava.library.path=lib/native/ -Dfile.encoding=UTF-8 
java_command: main.Main
java_class_path (initial): C:\Program Files\Java\jdk1.8.0_65\jre\lib\charsets.jar;C:\Program Files\Java\jdk1.8.0_65\jre\lib\deploy.jar;C:\Program Files\Java\jdk1.8.0_65\jre\lib\ext\access-bridge-64.jar;C:\Program Files\Java\jdk1.8.0_65\jre\lib\ext\cldrdata.jar;C:\Program Files\Java\jdk1.8.0_65\jre\lib\ext\dnsns.jar;C:\Program Files\Java\jdk1.8.0_65\jre\lib\ext\jaccess.jar;C:\Program Files\Java\jdk1.8.0_65\jre\lib\ext\jfxrt.jar;C:\Program Files\Java\jdk1.8.0_65\jre\lib\ext\localedata.jar;C:\Program Files\Java\jdk1.8.0_65\jre\lib\ext\nashorn.jar;C:\Program Files\Java\jdk1.8.0_65\jre\lib\ext\sunec.jar;C:\Program Files\Java\jdk1.8.0_65\jre\lib\ext\sunjce_provider.jar;C:\Program Files\Java\jdk1.8.0_65\jre\lib\ext\sunmscapi.jar;C:\Program Files\Java\jdk1.8.0_65\jre\lib\ext\sunpkcs11.jar;C:\Program Files\Java\jdk1.8.0_65\jre\lib\ext\zipfs.jar;C:\Program Files\Java\jdk1.8.0_65\jre\lib\javaws.jar;C:\Program Files\Java\jdk1.8.0_65\jre\lib\jce.jar;C:\Program Files\Java\jdk1.8.0_65\jre\lib\jfr.jar;C:\Program Files\Java\jdk1.8.0_65\jre\lib\jfxswt.jar;C:\Program Files\Java\jdk1.8.0_65\jre\lib\jsse.jar;C:\Program Files\Java\jdk1.8.0_65\jre\lib\management-agent.jar;C:\Program Files\Java\jdk1.8.0_65\jre\lib\plugin.jar;C:\Program Files\Java\jdk1.8.0_65\jre\lib\resources.jar;C:\Program Files\Java\jdk1.8.0_65\jre\lib\rt.jar;D:\Code\Java\Projects\WireEngine20\out\production\WireEngine20;D:\Code\Java\Projects\WireEngine20\lib\jar\lwjgl.jar;D:\Code\Java\Projects\WireEngine20\lib\jar\slick-util.jar;D:\Program Files (x86)\JetBrains\IntelliJ IDEA 2016.1\lib\idea_rt.jar
Launcher Type: SUN_STANDARD

Environment Variables:
JAVA_HOME=C:\Program Files\Java\jdk1.8.0_65
PATH=C:\ProgramData\Oracle\Java\javapath;C:\Program Files (x86)\Razer Chroma SDK\bin;C:\Program Files\Razer Chroma SDK\bin;C:\Program Files (x86)\NVIDIA Corporation\PhysX\Common;C:\Program Files (x86)\Intel\iCLS Client\;C:\Program Files\Intel\iCLS Client\;C:\Windows\system32;C:\Windows;C:\Windows\System32\Wbem;C:\Windows\System32\WindowsPowerShell\v1.0\;C:\Program Files\Intel\Intel(R) Management Engine Components\DAL;C:\Program Files (x86)\Intel\Intel(R) Management Engine Components\DAL;C:\Program Files\Intel\Intel(R) Management Engine Components\IPT;C:\Program Files (x86)\Intel\Intel(R) Management Engine Components\IPT;C:\Program Files\Java\jre1.8.0_65\bin;C:\MinGW\bin;C:\WINDOWS\system32;C:\WINDOWS;C:\WINDOWS\System32\Wbem;C:\WINDOWS\System32\WindowsPowerShell\v1.0\;D:\Program Files (x86)\CMake\bin;D:\Program Files\Programs\Python\Python35-32;D:\Program Files\Programs\Python\Python35-32\Scripts;C:\Program Files (x86)\Skype\Phone\;D:\Program Files\Programs\Python\Python35-32\Scripts\;D:\Program Files\Programs\Python\Python35-32\
USERNAME=Kelan
OS=Windows_NT
PROCESSOR_IDENTIFIER=Intel64 Family 6 Model 60 Stepping 3, GenuineIntel



---------------  S Y S T E M  ---------------

OS: Windows 10.0 , 64 bit Build 10586 (10.0.10586.0)

CPU:total 8 (4 cores per cpu, 2 threads per core) family 6 model 60 stepping 3, cmov, cx8, fxsr, mmx, sse, sse2, sse3, ssse3, sse4.1, sse4.2, popcnt, avx, avx2, aes, clmul, erms, lzcnt, ht, tsc, tscinvbit, bmi1, bmi2

Memory: 4k page, physical 16609500k(1200916k free), swap 33386716k(13670116k free)

vm_info: Java HotSpot(TM) 64-Bit Server VM (25.65-b01) for windows-amd64 JRE (1.8.0_65-b17), built on Oct  6 2015 16:39:20 by "java_re" with MS VC++ 10.0 (VS2010)

time: Thu Apr 14 15:37:29 2016
elapsed time: 1 seconds (0d 0h 0m 1s)

