#
# A fatal error has been detected by the Java Runtime Environment:
#
#  EXCEPTION_ACCESS_VIOLATION (0xc0000005) at pc=0x00007ffb39e424b9, pid=8232, tid=772
#
# JRE version: Java(TM) SE Runtime Environment (8.0_65-b17) (build 1.8.0_65-b17)
# Java VM: Java HotSpot(TM) 64-Bit Server VM (25.65-b01 mixed mode windows-amd64 compressed oops)
# Problematic frame:
# C  [glfw.dll+0x24b9]
#
# Failed to write core dump. Minidumps are not enabled by default on client versions of Windows
#
# If you would like to submit a bug report, please visit:
#   http://bugreport.java.com/bugreport/crash.jsp
# The crash happened outside the Java Virtual Machine in native code.
# See problematic frame for where to report the bug.
#

---------------  T H R E A D  ---------------

Current thread (0x000000001e258000):  JavaThread "CLIENT" [_thread_in_native, id=772, stack(0x000000001ef60000,0x000000001f060000)]

siginfo: ExceptionCode=0xc0000005, reading address 0x0000000000000000

Registers:
RAX=0x0000000000000000, RBX=0x000000001ba23030, RCX=0x0000000000000000, RDX=0x0000000000000000
RSP=0x000000001f05ea20, RBP=0x000000001f05eab0, RSI=0x0000000000000108, RDI=0x0000000000553e00
R8 =0x000000001f05ea18, R9 =0x000000001f05eab0, R10=0x0000000000000000, R11=0x0000000000000246
R12=0x0000000000000000, R13=0x000000001f05eac8, R14=0x000000001f05eaa0, R15=0x000000001e258000
RIP=0x00007ffb39e424b9, EFLAGS=0x0000000000010287

Top of Stack: (sp=0x000000001f05ea20)
0x000000001f05ea20:   0000000000000000 0000000000000108
0x000000001f05ea30:   000000001b9c7bd0 000000001bfa24b0
0x000000001f05ea40:   0000000000002294 0000000002a7754a
0x000000001f05ea50:   000000001ba23030 000000006c6faea4
0x000000001f05ea60:   000000001e258000 000000001e258000
0x000000001f05ea70:   000000001e258000 0000000000000000
0x000000001f05ea80:   000000001e23f440 000000006c685eba
0x000000001f05ea90:   000000001f05f1c8 000000001f05eb28
0x000000001f05eaa0:   00000006c2808358 0000000000002293
0x000000001f05eab0:   000000001f05eb28 0000000002607d8d
0x000000001f05eac0:   0000000002607d8d 0000000000553e00
0x000000001f05ead0:   00000000026078a0 00007ffb39e42420
0x000000001f05eae0:   0000000000000001 000000001f05eae8
0x000000001f05eaf0:   000000001ba3f0bc 000000001f05eb50
0x000000001f05eb00:   000000001ba410a0 0000000000000000
0x000000001f05eb10:   000000001ba3f0e8 000000001f05eac8 

Instructions: (pc=0x00007ffb39e424b9)
0x00007ffb39e42499:   48 8b cf e8 1f 3a 00 00 48 39 3d f0 d5 02 00 48
0x00007ffb39e424a9:   8d 0d e9 d5 02 00 48 8b 5c 24 30 74 08 48 8b 09
0x00007ffb39e424b9:   48 39 39 75 f8 48 8b 07 48 89 01 48 8b cf 48 83
0x00007ffb39e424c9:   c4 20 5f e9 5b fe 00 00 48 83 c4 20 5f c3 cc cc 


Register to memory mapping:

RAX=0x0000000000000000 is an unknown value
RBX={method} {0x000000001ba23038} 'invokePV' '(JJ)V' in 'org/lwjgl/system/JNI'
RCX=0x0000000000000000 is an unknown value
RDX=0x0000000000000000 is an unknown value
RSP=0x000000001f05ea20 is pointing into the stack for thread: 0x000000001e258000
RBP=0x000000001f05eab0 is pointing into the stack for thread: 0x000000001e258000
RSI=0x0000000000000108 is an unknown value
RDI=0x0000000000553e00 is an unknown value
R8 =0x000000001f05ea18 is pointing into the stack for thread: 0x000000001e258000
R9 =0x000000001f05eab0 is pointing into the stack for thread: 0x000000001e258000
R10=0x0000000000000000 is an unknown value
R11=0x0000000000000246 is an unknown value
R12=0x0000000000000000 is an unknown value
R13=0x000000001f05eac8 is pointing into the stack for thread: 0x000000001e258000
R14=0x000000001f05eaa0 is pointing into the stack for thread: 0x000000001e258000
R15=0x000000001e258000 is a thread


Stack: [0x000000001ef60000,0x000000001f060000],  sp=0x000000001f05ea20,  free space=1018k
Native frames: (J=compiled Java code, j=interpreted, Vv=VM code, C=native code)
C  [glfw.dll+0x24b9]
C  0x0000000002a7754a

Java frames: (J=compiled Java code, j=interpreted, Vv=VM code)
J 841  org.lwjgl.system.JNI.invokePV(JJ)V (0 bytes) @ 0x0000000002a774c4 [0x0000000002a77480+0x44]
j  org.lwjgl.glfw.GLFW.glfwDestroyCursor(J)V+20
j  main.client.Window.destroyWindow()V+9
j  main.coreEngine.Engine.stop()V+70
J 865 C1 main.client.Window.update()V (37 bytes) @ 0x0000000002a8d0ec [0x0000000002a8cc40+0x4ac]
J 846 C1 main.client.renderEngine.RenderEngine.render()V (54 bytes) @ 0x0000000002a7a77c [0x0000000002a79a80+0xcfc]
J 844 C1 main.client.ClientThread.tick()V (16 bytes) @ 0x0000000002a765f4 [0x0000000002a76140+0x4b4]
j  main.coreEngine.TickableThread.run()V+469
v  ~StubRoutines::call_stub

---------------  P R O C E S S  ---------------

Java Threads: ( => current thread )
  0x000000001e25a000 JavaThread "SERVER" [_thread_in_Java, id=5356, stack(0x000000001f060000,0x000000001f160000)]
=>0x000000001e258000 JavaThread "CLIENT" [_thread_in_native, id=772, stack(0x000000001ef60000,0x000000001f060000)]
  0x000000001e15a000 JavaThread "Service Thread" daemon [_thread_blocked, id=4816, stack(0x000000001ed60000,0x000000001ee60000)]
  0x000000001e0c4800 JavaThread "C1 CompilerThread3" daemon [_thread_blocked, id=8892, stack(0x000000001ec60000,0x000000001ed60000)]
  0x000000001e0bb800 JavaThread "C2 CompilerThread2" daemon [_thread_blocked, id=2832, stack(0x000000001eb60000,0x000000001ec60000)]
  0x000000001e0bb000 JavaThread "C2 CompilerThread1" daemon [_thread_blocked, id=9704, stack(0x000000001ea60000,0x000000001eb60000)]
  0x000000001e0c0000 JavaThread "C2 CompilerThread0" daemon [_thread_blocked, id=13196, stack(0x000000001e960000,0x000000001ea60000)]
  0x000000001e0a1800 JavaThread "JDWP Command Reader" daemon [_thread_in_native, id=32, stack(0x000000001e860000,0x000000001e960000)]
  0x000000001e0a0000 JavaThread "JDWP Event Helper Thread" daemon [_thread_blocked, id=13132, stack(0x000000001e760000,0x000000001e860000)]
  0x000000001bfae000 JavaThread "JDWP Transport Listener: dt_socket" daemon [_thread_blocked, id=7748, stack(0x000000001e660000,0x000000001e760000)]
  0x000000001e08f000 JavaThread "Attach Listener" daemon [_thread_blocked, id=736, stack(0x000000001e560000,0x000000001e660000)]
  0x000000001e08e000 JavaThread "Signal Dispatcher" daemon [_thread_blocked, id=8024, stack(0x000000001e460000,0x000000001e560000)]
  0x0000000000efb800 JavaThread "Finalizer" daemon [_thread_blocked, id=7940, stack(0x000000001de80000,0x000000001df80000)]
  0x000000001bf9d000 JavaThread "Reference Handler" daemon [_thread_blocked, id=9848, stack(0x000000001dd80000,0x000000001de80000)]
  0x0000000000cee000 JavaThread "main" [_thread_in_Java, id=10004, stack(0x0000000000cf0000,0x0000000000df0000)]

Other Threads:
  0x000000001bf98800 VMThread [stack: 0x000000001dc80000,0x000000001dd80000] [id=7088]
  0x000000001e164000 WatcherThread [stack: 0x000000001ee60000,0x000000001ef60000] [id=2076]

VM state:not at safepoint (normal execution)

VM Mutex/Monitor currently owned by a thread: None

Heap:
 PSYoungGen      total 158720K, used 55059K [0x000000076b800000, 0x00000007b8280000, 0x00000007c0000000)
  eden space 158208K, 34% used [0x000000076b800000,0x000000076eda4db8,0x0000000775280000)
  from space 512K, 25% used [0x00000007b8180000,0x00000007b81a0000,0x00000007b8200000)
  to   space 512K, 0% used [0x00000007b8200000,0x00000007b8200000,0x00000007b8280000)
 ParOldGen       total 173568K, used 17653K [0x00000006c2800000, 0x00000006cd180000, 0x000000076b800000)
  object space 173568K, 10% used [0x00000006c2800000,0x00000006c393d5a8,0x00000006cd180000)
 Metaspace       used 8401K, capacity 8774K, committed 8960K, reserved 1056768K
  class space    used 662K, capacity 690K, committed 768K, reserved 1048576K

Card table byte_map: [0x00000000119c0000,0x00000000121b0000] byte_map_base: 0x000000000e3ac000

Marking Bits: (ParMarkBitMap*) 0x000000006cdda5b0
 Begin Bits: [0x0000000012f00000, 0x0000000016e60000)
 End Bits:   [0x0000000016e60000, 0x000000001adc0000)

Polling page: 0x0000000000cd0000

CodeCache: size=245760Kb used=4705Kb max_used=4717Kb free=241054Kb
 bounds [0x0000000002600000, 0x0000000002ab0000, 0x0000000011600000]
 total_blobs=1533 nmethods=875 adapters=579
 compilation: enabled

Compilation events (10 events):
Event: 13.011 Thread 0x000000001e0bb000  873       4       org.lwjgl.glfw.GLFW::glfwGetWindowSize (37 bytes)
Event: 13.012 Thread 0x000000001e0bb000 nmethod 873 0x0000000002a9d290 code [0x0000000002a9d3e0, 0x0000000002a9d568]
Event: 13.238 Thread 0x000000001e0bb800  874  s    4       java.nio.Bits::unreserveMemory (58 bytes)
Event: 13.238 Thread 0x000000001e0bb800 nmethod 874 0x0000000002a9b890 code [0x0000000002a9b9e0, 0x0000000002a9bcb8]
Event: 13.528 Thread 0x000000001e0c0000  875       4       java.nio.DirectByteBuffer$Deallocator::<init> (9 bytes)
Event: 13.529 Thread 0x000000001e0c0000 nmethod 875 0x0000000002a9d790 code [0x0000000002a9d8c0, 0x0000000002a9d938]
Event: 13.727 Thread 0x000000001e0bb000  876   !   4       sun.misc.Cleaner::clean (35 bytes)
Event: 13.730 Thread 0x000000001e0bb000 nmethod 876 0x0000000002a9acd0 code [0x0000000002a9ae60, 0x0000000002a9b568]
Event: 14.012 Thread 0x000000001e0c4800  877       1       main.coreEngine.sceneGraph.components.ModelComponent::input (1 bytes)
Event: 14.012 Thread 0x000000001e0c4800 nmethod 877 0x0000000002a8c050 code [0x0000000002a8c1a0, 0x0000000002a8c2b0]

GC Heap History (10 events):
Event: 14.391 GC heap before
{Heap before GC invocations=57 (full 0):
 PSYoungGen      total 189952K, used 189664K [0x000000076b800000, 0x00000007b8300000, 0x00000007c0000000)
  eden space 189440K, 100% used [0x000000076b800000,0x0000000777100000,0x0000000777100000)
  from space 512K, 43% used [0x00000007b8280000,0x00000007b82b8000,0x00000007b8300000)
  to   space 1024K, 0% used [0x00000007b8100000,0x00000007b8100000,0x00000007b8200000)
 ParOldGen       total 173568K, used 17653K [0x00000006c2800000, 0x00000006cd180000, 0x000000076b800000)
  object space 173568K, 10% used [0x00000006c2800000,0x00000006c393d5a8,0x00000006cd180000)
 Metaspace       used 8400K, capacity 8774K, committed 8960K, reserved 1056768K
  class space    used 662K, capacity 690K, committed 768K, reserved 1048576K
Event: 14.391 GC heap after
Heap after GC invocations=57 (full 0):
 PSYoungGen      total 183808K, used 160K [0x000000076b800000, 0x00000007b8300000, 0x00000007c0000000)
  eden space 182784K, 0% used [0x000000076b800000,0x000000076b800000,0x0000000776a80000)
  from space 1024K, 15% used [0x00000007b8100000,0x00000007b8128000,0x00000007b8200000)
  to   space 1024K, 0% used [0x00000007b8200000,0x00000007b8200000,0x00000007b8300000)
 ParOldGen       total 173568K, used 17653K [0x00000006c2800000, 0x00000006cd180000, 0x000000076b800000)
  object space 173568K, 10% used [0x00000006c2800000,0x00000006c393d5a8,0x00000006cd180000)
 Metaspace       used 8400K, capacity 8774K, committed 8960K, reserved 1056768K
  class space    used 662K, capacity 690K, committed 768K, reserved 1048576K
}
Event: 14.472 GC heap before
{Heap before GC invocations=58 (full 0):
 PSYoungGen      total 183808K, used 182944K [0x000000076b800000, 0x00000007b8300000, 0x00000007c0000000)
  eden space 182784K, 100% used [0x000000076b800000,0x0000000776a80000,0x0000000776a80000)
  from space 1024K, 15% used [0x00000007b8100000,0x00000007b8128000,0x00000007b8200000)
  to   space 1024K, 0% used [0x00000007b8200000,0x00000007b8200000,0x00000007b8300000)
 ParOldGen       total 173568K, used 17653K [0x00000006c2800000, 0x00000006cd180000, 0x000000076b800000)
  object space 173568K, 10% used [0x00000006c2800000,0x00000006c393d5a8,0x00000006cd180000)
 Metaspace       used 8400K, capacity 8774K, committed 8960K, reserved 1056768K
  class space    used 662K, capacity 690K, committed 768K, reserved 1048576K
Event: 14.473 GC heap after
Heap after GC invocations=58 (full 0):
 PSYoungGen      total 176640K, used 224K [0x000000076b800000, 0x00000007b8280000, 0x00000007c0000000)
  eden space 176128K, 0% used [0x000000076b800000,0x000000076b800000,0x0000000776400000)
  from space 512K, 43% used [0x00000007b8200000,0x00000007b8238000,0x00000007b8280000)
  to   space 1024K, 0% used [0x00000007b8080000,0x00000007b8080000,0x00000007b8180000)
 ParOldGen       total 173568K, used 17653K [0x00000006c2800000, 0x00000006cd180000, 0x000000076b800000)
  object space 173568K, 10% used [0x00000006c2800000,0x00000006c393d5a8,0x00000006cd180000)
 Metaspace       used 8400K, capacity 8774K, committed 8960K, reserved 1056768K
  class space    used 662K, capacity 690K, committed 768K, reserved 1048576K
}
Event: 14.550 GC heap before
{Heap before GC invocations=59 (full 0):
 PSYoungGen      total 176640K, used 176352K [0x000000076b800000, 0x00000007b8280000, 0x00000007c0000000)
  eden space 176128K, 100% used [0x000000076b800000,0x0000000776400000,0x0000000776400000)
  from space 512K, 43% used [0x00000007b8200000,0x00000007b8238000,0x00000007b8280000)
  to   space 1024K, 0% used [0x00000007b8080000,0x00000007b8080000,0x00000007b8180000)
 ParOldGen       total 173568K, used 17653K [0x00000006c2800000, 0x00000006cd180000, 0x000000076b800000)
  object space 173568K, 10% used [0x00000006c2800000,0x00000006c393d5a8,0x00000006cd180000)
 Metaspace       used 8400K, capacity 8774K, committed 8960K, reserved 1056768K
  class space    used 662K, capacity 690K, committed 768K, reserved 1048576K
Event: 14.550 GC heap after
Heap after GC invocations=59 (full 0):
 PSYoungGen      total 171008K, used 224K [0x000000076b800000, 0x00000007b8280000, 0x00000007c0000000)
  eden space 169984K, 0% used [0x000000076b800000,0x000000076b800000,0x0000000775e00000)
  from space 1024K, 21% used [0x00000007b8080000,0x00000007b80b8000,0x00000007b8180000)
  to   space 512K, 0% used [0x00000007b8200000,0x00000007b8200000,0x00000007b8280000)
 ParOldGen       total 173568K, used 17653K [0x00000006c2800000, 0x00000006cd180000, 0x000000076b800000)
  object space 173568K, 10% used [0x00000006c2800000,0x00000006c393d5a8,0x00000006cd180000)
 Metaspace       used 8400K, capacity 8774K, committed 8960K, reserved 1056768K
  class space    used 662K, capacity 690K, committed 768K, reserved 1048576K
}
Event: 14.625 GC heap before
{Heap before GC invocations=60 (full 0):
 PSYoungGen      total 171008K, used 170208K [0x000000076b800000, 0x00000007b8280000, 0x00000007c0000000)
  eden space 169984K, 100% used [0x000000076b800000,0x0000000775e00000,0x0000000775e00000)
  from space 1024K, 21% used [0x00000007b8080000,0x00000007b80b8000,0x00000007b8180000)
  to   space 512K, 0% used [0x00000007b8200000,0x00000007b8200000,0x00000007b8280000)
 ParOldGen       total 173568K, used 17653K [0x00000006c2800000, 0x00000006cd180000, 0x000000076b800000)
  object space 173568K, 10% used [0x00000006c2800000,0x00000006c393d5a8,0x00000006cd180000)
 Metaspace       used 8400K, capacity 8774K, committed 8960K, reserved 1056768K
  class space    used 662K, capacity 690K, committed 768K, reserved 1048576K
Event: 14.626 GC heap after
Heap after GC invocations=60 (full 0):
 PSYoungGen      total 164352K, used 224K [0x000000076b800000, 0x00000007b8280000, 0x00000007c0000000)
  eden space 163840K, 0% used [0x000000076b800000,0x000000076b800000,0x0000000775800000)
  from space 512K, 43% used [0x00000007b8200000,0x00000007b8238000,0x00000007b8280000)
  to   space 512K, 0% used [0x00000007b8180000,0x00000007b8180000,0x00000007b8200000)
 ParOldGen       total 173568K, used 17653K [0x00000006c2800000, 0x00000006cd180000, 0x000000076b800000)
  object space 173568K, 10% used [0x00000006c2800000,0x00000006c393d5a8,0x00000006cd180000)
 Metaspace       used 8400K, capacity 8774K, committed 8960K, reserved 1056768K
  class space    used 662K, capacity 690K, committed 768K, reserved 1048576K
}
Event: 14.704 GC heap before
{Heap before GC invocations=61 (full 0):
 PSYoungGen      total 164352K, used 164064K [0x000000076b800000, 0x00000007b8280000, 0x00000007c0000000)
  eden space 163840K, 100% used [0x000000076b800000,0x0000000775800000,0x0000000775800000)
  from space 512K, 43% used [0x00000007b8200000,0x00000007b8238000,0x00000007b8280000)
  to   space 512K, 0% used [0x00000007b8180000,0x00000007b8180000,0x00000007b8200000)
 ParOldGen       total 173568K, used 17653K [0x00000006c2800000, 0x00000006cd180000, 0x000000076b800000)
  object space 173568K, 10% used [0x00000006c2800000,0x00000006c393d5a8,0x00000006cd180000)
 Metaspace       used 8401K, capacity 8774K, committed 8960K, reserved 1056768K
  class space    used 662K, capacity 690K, committed 768K, reserved 1048576K
Event: 14.705 GC heap after
Heap after GC invocations=61 (full 0):
 PSYoungGen      total 158720K, used 128K [0x000000076b800000, 0x00000007b8280000, 0x00000007c0000000)
  eden space 158208K, 0% used [0x000000076b800000,0x000000076b800000,0x0000000775280000)
  from space 512K, 25% used [0x00000007b8180000,0x00000007b81a0000,0x00000007b8200000)
  to   space 512K, 0% used [0x00000007b8200000,0x00000007b8200000,0x00000007b8280000)
 ParOldGen       total 173568K, used 17653K [0x00000006c2800000, 0x00000006cd180000, 0x000000076b800000)
  object space 173568K, 10% used [0x00000006c2800000,0x00000006c393d5a8,0x00000006cd180000)
 Metaspace       used 8401K, capacity 8774K, committed 8960K, reserved 1056768K
  class space    used 662K, capacity 690K, committed 768K, reserved 1048576K
}

Deoptimization events (10 events):
Event: 1.585 Thread 0x000000001e258000 Uncommon trap: reason=class_check action=maybe_recompile pc=0x00000000028d1e04 method=sun.misc.FloatingDecimal.parseFloat(Ljava/lang/String;)F @ 4
Event: 1.585 Thread 0x000000001e258000 Uncommon trap: reason=class_check action=maybe_recompile pc=0x00000000028d1e04 method=sun.misc.FloatingDecimal.parseFloat(Ljava/lang/String;)F @ 4
Event: 1.585 Thread 0x000000001e258000 Uncommon trap: reason=class_check action=maybe_recompile pc=0x00000000028d1e04 method=sun.misc.FloatingDecimal.parseFloat(Ljava/lang/String;)F @ 4
Event: 1.585 Thread 0x000000001e258000 Uncommon trap: reason=class_check action=maybe_recompile pc=0x00000000028d1e04 method=sun.misc.FloatingDecimal.parseFloat(Ljava/lang/String;)F @ 4
Event: 1.586 Thread 0x000000001e258000 Uncommon trap: reason=unstable_if action=reinterpret pc=0x000000000292d030 method=main.client.renderEngine.mesh.MeshBuilder.processFace(Ljava/lang/String;Lmain/client/renderEngine/mesh/MeshBuilder;)Z @ 114
Event: 1.590 Thread 0x000000001e258000 Uncommon trap: reason=bimorphic action=maybe_recompile pc=0x00000000027569c0 method=java.util.HashMap.getNode(ILjava/lang/Object;)Ljava/util/HashMap$Node; @ 126
Event: 1.648 Thread 0x000000001e258000 Uncommon trap: reason=unstable_if action=reinterpret pc=0x00000000028c71ec method=main.coreEngine.TickableThread.run()V @ 461
Event: 1.656 Thread 0x000000001e25a000 Uncommon trap: reason=unstable_if action=reinterpret pc=0x00000000028c71ec method=main.coreEngine.TickableThread.run()V @ 461
Event: 1.657 Thread 0x000000001e258000 Uncommon trap: reason=unstable_if action=reinterpret pc=0x000000000291d7f0 method=java.lang.Integer.valueOf(I)Ljava/lang/Integer; @ 10
Event: 1.665 Thread 0x0000000000cee000 Uncommon trap: reason=unstable_if action=reinterpret pc=0x00000000029f9224 method=main.coreEngine.Engine.start()V @ 163

Internal exceptions (8 events):
Event: 0.028 Thread 0x0000000000cee000 Exception <a 'java/lang/NoSuchMethodError': Method sun.misc.Unsafe.defineClass(Ljava/lang/String;[BII)Ljava/lang/Class; name or signature does not match> (0x000000076b80da30) thrown at [C:\workspace\8-2-build-windows-amd64-cygwin\jdk8u65\4987\hotspot\src\sÅôf„ú?
Event: 0.028 Thread 0x0000000000cee000 Exception <a 'java/lang/NoSuchMethodError': Method sun.misc.Unsafe.prefetchRead(Ljava/lang/Object;J)V name or signature does not match> (0x000000076b80dd18) thrown at [C:\workspace\8-2-build-windows-amd64-cygwin\jdk8u65\4987\hotspot\src\share\vm\prims\jni.‡¿UõI"ﬁ?
Event: 0.471 Thread 0x000000001e258000 Implicit null exception at 0x0000000002753b0f to 0x0000000002753e75
Event: 0.472 Thread 0x000000001e258000 Exception <a 'java/security/PrivilegedActionException'> (0x000000076b841310) thrown at [C:\workspace\8-2-build-windows-amd64-cygwin\jdk8u65\4987\hotspot\src\share\vm\prims\jvm.cpp, line 1386]
Event: 0.472 Thread 0x000000001e258000 Exception <a 'java/security/PrivilegedActionException'> (0x000000076b841708) thrown at [C:\workspace\8-2-build-windows-amd64-cygwin\jdk8u65\4987\hotspot\src\share\vm\prims\jvm.cpp, line 1386]
Event: 0.472 Thread 0x000000001e258000 Exception <a 'java/security/PrivilegedActionException'> (0x000000076b845920) thrown at [C:\workspace\8-2-build-windows-amd64-cygwin\jdk8u65\4987\hotspot\src\share\vm\prims\jvm.cpp, line 1386]
Event: 0.472 Thread 0x000000001e258000 Exception <a 'java/security/PrivilegedActionException'> (0x000000076b845d18) thrown at [C:\workspace\8-2-build-windows-amd64-cygwin\jdk8u65\4987\hotspot\src\share\vm\prims\jvm.cpp, line 1386]
Event: 0.945 Thread 0x0000000000cee000 Implicit null exception at 0x00000000027671bc to 0x0000000002767759

Events (10 events):
Event: 14.390 Executing VM operation: ParallelGCFailedAllocation
Event: 14.391 Executing VM operation: ParallelGCFailedAllocation done
Event: 14.472 Executing VM operation: ParallelGCFailedAllocation
Event: 14.473 Executing VM operation: ParallelGCFailedAllocation done
Event: 14.550 Executing VM operation: ParallelGCFailedAllocation
Event: 14.550 Executing VM operation: ParallelGCFailedAllocation done
Event: 14.625 Executing VM operation: ParallelGCFailedAllocation
Event: 14.626 Executing VM operation: ParallelGCFailedAllocation done
Event: 14.704 Executing VM operation: ParallelGCFailedAllocation
Event: 14.705 Executing VM operation: ParallelGCFailedAllocation done


Dynamic libraries:
0x00007ff603aa0000 - 0x00007ff603ad7000 	C:\Program Files\Java\jdk1.8.0_65\bin\java.exe
0x00007ffb48720000 - 0x00007ffb488e1000 	C:\WINDOWS\SYSTEM32\ntdll.dll
0x00007ffb48170000 - 0x00007ffb4821d000 	C:\WINDOWS\system32\KERNEL32.DLL
0x00007ffb45560000 - 0x00007ffb45748000 	C:\WINDOWS\system32\KERNELBASE.dll
0x00007ffb47a50000 - 0x00007ffb47af7000 	C:\WINDOWS\system32\ADVAPI32.dll
0x00007ffb480d0000 - 0x00007ffb4816d000 	C:\WINDOWS\system32\msvcrt.dll
0x00007ffb47b00000 - 0x00007ffb47b5b000 	C:\WINDOWS\system32\sechost.dll
0x00007ffb47700000 - 0x00007ffb4781c000 	C:\WINDOWS\system32\RPCRT4.dll
0x00007ffb485c0000 - 0x00007ffb48716000 	C:\WINDOWS\system32\USER32.dll
0x00007ffb48220000 - 0x00007ffb483a6000 	C:\WINDOWS\system32\GDI32.dll
0x00007ffb41530000 - 0x00007ffb417a4000 	C:\WINDOWS\WinSxS\amd64_microsoft.windows.common-controls_6595b64144ccf1df_6.0.10586.0_none_8c15ae12515e1c22\COMCTL32.dll
0x00007ffb45b00000 - 0x00007ffb45d7d000 	C:\WINDOWS\system32\combase.dll
0x00007ffb45920000 - 0x00007ffb4598a000 	C:\WINDOWS\system32\bcryptPrimitives.dll
0x00007ffb45f90000 - 0x00007ffb45fcb000 	C:\WINDOWS\system32\IMM32.DLL
0x000000006ce60000 - 0x000000006cf32000 	C:\Program Files\Java\jdk1.8.0_65\jre\bin\msvcr100.dll
0x000000006c5d0000 - 0x000000006ce59000 	C:\Program Files\Java\jdk1.8.0_65\jre\bin\server\jvm.dll
0x00007ffb475a0000 - 0x00007ffb475a8000 	C:\WINDOWS\system32\PSAPI.DLL
0x00007ffb3c060000 - 0x00007ffb3c069000 	C:\WINDOWS\SYSTEM32\WSOCK32.dll
0x00007ffb42fa0000 - 0x00007ffb42fc3000 	C:\WINDOWS\SYSTEM32\WINMM.dll
0x00007ffb418d0000 - 0x00007ffb418da000 	C:\WINDOWS\SYSTEM32\VERSION.dll
0x00007ffb48420000 - 0x00007ffb4848b000 	C:\WINDOWS\system32\WS2_32.dll
0x0000000000f70000 - 0x0000000000f9c000 	C:\WINDOWS\SYSTEM32\WINMMBASE.dll
0x00007ffb45ab0000 - 0x00007ffb45af3000 	C:\WINDOWS\system32\cfgmgr32.dll
0x000000006c5c0000 - 0x000000006c5cf000 	C:\Program Files\Java\jdk1.8.0_65\jre\bin\verify.dll
0x000000006c590000 - 0x000000006c5b9000 	C:\Program Files\Java\jdk1.8.0_65\jre\bin\java.dll
0x000000006c550000 - 0x000000006c585000 	C:\Program Files\Java\jdk1.8.0_65\jre\bin\jdwp.dll
0x000000006c540000 - 0x000000006c548000 	C:\Program Files\Java\jdk1.8.0_65\jre\bin\npt.dll
0x000000006c520000 - 0x000000006c536000 	C:\Program Files\Java\jdk1.8.0_65\jre\bin\zip.dll
0x00007ffb45fd0000 - 0x00007ffb4752c000 	C:\WINDOWS\system32\SHELL32.dll
0x00007ffb44ef0000 - 0x00007ffb45535000 	C:\WINDOWS\system32\windows.storage.dll
0x00007ffb483c0000 - 0x00007ffb48412000 	C:\WINDOWS\system32\shlwapi.dll
0x00007ffb44da0000 - 0x00007ffb44daf000 	C:\WINDOWS\system32\kernel.appcore.dll
0x00007ffb459f0000 - 0x00007ffb45aa5000 	C:\WINDOWS\system32\shcore.dll
0x00007ffb44d50000 - 0x00007ffb44d9b000 	C:\WINDOWS\system32\powrprof.dll
0x00007ffb44d20000 - 0x00007ffb44d34000 	C:\WINDOWS\system32\profapi.dll
0x000000006c2f0000 - 0x000000006c2f9000 	C:\Program Files\Java\jdk1.8.0_65\jre\bin\dt_socket.dll
0x00007ffb44650000 - 0x00007ffb446ac000 	C:\WINDOWS\system32\mswsock.dll
0x00007ffb31ec0000 - 0x00007ffb31f48000 	D:\Code\Java\Projects\WireEngine20\lib\native\lwjgl.dll
0x00007ffb44820000 - 0x00007ffb4482b000 	C:\WINDOWS\SYSTEM32\CRYPTBASE.DLL
0x00007ffb400c0000 - 0x00007ffb40102000 	D:\Code\Java\Projects\WireEngine20\lib\native\jemalloc.dll
0x00007ffb39e40000 - 0x00007ffb39e78000 	D:\Code\Java\Projects\WireEngine20\lib\native\glfw.dll
0x00007ffb436a0000 - 0x00007ffb43736000 	C:\WINDOWS\system32\uxtheme.dll
0x00007ffb42950000 - 0x00007ffb42972000 	C:\WINDOWS\SYSTEM32\dwmapi.dll
0x00007ffb2da30000 - 0x00007ffb2db59000 	C:\WINDOWS\SYSTEM32\opengl32.dll
0x00007ffb3a050000 - 0x00007ffb3a07e000 	C:\WINDOWS\SYSTEM32\GLU32.dll
0x00007ffb2fd50000 - 0x00007ffb2fe4a000 	C:\WINDOWS\SYSTEM32\DDRAW.dll
0x00007ffb40230000 - 0x00007ffb40238000 	C:\WINDOWS\SYSTEM32\DCIMAN32.dll
0x00007ffb478f0000 - 0x00007ffb47a4a000 	C:\WINDOWS\system32\MSCTF.dll
0x00007ffb2cbb0000 - 0x00007ffb2cbf9000 	C:\Program Files (x86)\TeamViewer\tv_x64.dll
0x00007ffb475b0000 - 0x00007ffb476f3000 	C:\WINDOWS\system32\ole32.dll
0x000000006a5a0000 - 0x000000006c2e9000 	C:\WINDOWS\SYSTEM32\nvoglv64.DLL
0x00007ffb47c20000 - 0x00007ffb48049000 	C:\WINDOWS\system32\SETUPAPI.dll
0x00007ffb42d00000 - 0x00007ffb42d13000 	C:\WINDOWS\SYSTEM32\WTSAPI32.dll
0x00007ffb437f0000 - 0x00007ffb43817000 	C:\WINDOWS\SYSTEM32\DEVOBJ.dll
0x00007ffb45990000 - 0x00007ffb459e5000 	C:\WINDOWS\system32\WINTRUST.dll
0x00007ffb44d40000 - 0x00007ffb44d50000 	C:\WINDOWS\system32\MSASN1.dll
0x00007ffb45750000 - 0x00007ffb45917000 	C:\WINDOWS\system32\CRYPT32.dll
0x00007ffb44270000 - 0x00007ffb442a1000 	C:\WINDOWS\SYSTEM32\ntmarta.dll
0x00007ffb43fc0000 - 0x00007ffb44016000 	C:\WINDOWS\SYSTEM32\WINSTA.dll
0x00007ffb47b70000 - 0x00007ffb47c17000 	C:\WINDOWS\system32\clbcatq.dll
0x00007ffb3d0b0000 - 0x00007ffb3d0d5000 	C:\Program Files (x86)\Samsung\Easy Printer Manager\SmartScreenPrint\CDAKEYMonitor64.dll
0x00007ffb47820000 - 0x00007ffb478e1000 	C:\WINDOWS\system32\OLEAUT32.dll
0x00007ffb2ca20000 - 0x00007ffb2cbac000 	C:\WINDOWS\SYSTEM32\dbghelp.dll

VM Arguments:
jvm_args: -agentlib:jdwp=transport=dt_socket,address=127.0.0.1:64167,suspend=y,server=n -Djava.library.path=lib/native/ -Dfile.encoding=UTF-8 
java_command: main.Main
java_class_path (initial): C:\Program Files\Java\jdk1.8.0_65\jre\lib\charsets.jar;C:\Program Files\Java\jdk1.8.0_65\jre\lib\deploy.jar;C:\Program Files\Java\jdk1.8.0_65\jre\lib\ext\access-bridge-64.jar;C:\Program Files\Java\jdk1.8.0_65\jre\lib\ext\cldrdata.jar;C:\Program Files\Java\jdk1.8.0_65\jre\lib\ext\dnsns.jar;C:\Program Files\Java\jdk1.8.0_65\jre\lib\ext\jaccess.jar;C:\Program Files\Java\jdk1.8.0_65\jre\lib\ext\jfxrt.jar;C:\Program Files\Java\jdk1.8.0_65\jre\lib\ext\localedata.jar;C:\Program Files\Java\jdk1.8.0_65\jre\lib\ext\nashorn.jar;C:\Program Files\Java\jdk1.8.0_65\jre\lib\ext\sunec.jar;C:\Program Files\Java\jdk1.8.0_65\jre\lib\ext\sunjce_provider.jar;C:\Program Files\Java\jdk1.8.0_65\jre\lib\ext\sunmscapi.jar;C:\Program Files\Java\jdk1.8.0_65\jre\lib\ext\sunpkcs11.jar;C:\Program Files\Java\jdk1.8.0_65\jre\lib\ext\zipfs.jar;C:\Program Files\Java\jdk1.8.0_65\jre\lib\javaws.jar;C:\Program Files\Java\jdk1.8.0_65\jre\lib\jce.jar;C:\Program Files\Java\jdk1.8.0_65\jre\lib\jfr.jar;C:\Program Files\Java\jdk1.8.0_65\jre\lib\jfxswt.jar;C:\Program Files\Java\jdk1.8.0_65\jre\lib\jsse.jar;C:\Program Files\Java\jdk1.8.0_65\jre\lib\management-agent.jar;C:\Program Files\Java\jdk1.8.0_65\jre\lib\plugin.jar;C:\Program Files\Java\jdk1.8.0_65\jre\lib\resources.jar;C:\Program Files\Java\jdk1.8.0_65\jre\lib\rt.jar;D:\Code\Java\Projects\WireEngine20\out\production\WireEngine20;D:\Code\Java\Projects\WireEngine20\lib\jar\lwjgl.jar;D:\Code\Java\Projects\WireEngine20\lib\jar\slick-util.jar;D:\Program Files (x86)\JetBrains\IntelliJ IDEA 2016.1\lib\idea_rt.jar
Launcher Type: SUN_STANDARD

Environment Variables:
JAVA_HOME=C:\Program Files\Java\jdk1.8.0_65
PATH=C:\ProgramData\Oracle\Java\javapath;C:\Program Files (x86)\Razer Chroma SDK\bin;C:\Program Files\Razer Chroma SDK\bin;C:\Program Files (x86)\NVIDIA Corporation\PhysX\Common;C:\Program Files (x86)\Intel\iCLS Client\;C:\Program Files\Intel\iCLS Client\;C:\Windows\system32;C:\Windows;C:\Windows\System32\Wbem;C:\Windows\System32\WindowsPowerShell\v1.0\;C:\Program Files\Intel\Intel(R) Management Engine Components\DAL;C:\Program Files (x86)\Intel\Intel(R) Management Engine Components\DAL;C:\Program Files\Intel\Intel(R) Management Engine Components\IPT;C:\Program Files (x86)\Intel\Intel(R) Management Engine Components\IPT;C:\Program Files\Java\jre1.8.0_65\bin;C:\MinGW\bin;C:\WINDOWS\system32;C:\WINDOWS;C:\WINDOWS\System32\Wbem;C:\WINDOWS\System32\WindowsPowerShell\v1.0\;D:\Program Files (x86)\CMake\bin;D:\Program Files\Programs\Python\Python35-32;D:\Program Files\Programs\Python\Python35-32\Scripts;C:\Program Files (x86)\Skype\Phone\;D:\Program Files\Programs\Python\Python35-32\Scripts\;D:\Program Files\Programs\Python\Python35-32\
USERNAME=Kelan
OS=Windows_NT
PROCESSOR_IDENTIFIER=Intel64 Family 6 Model 60 Stepping 3, GenuineIntel



---------------  S Y S T E M  ---------------

OS: Windows 10.0 , 64 bit Build 10586 (10.0.10586.0)

CPU:total 8 (4 cores per cpu, 2 threads per core) family 6 model 60 stepping 3, cmov, cx8, fxsr, mmx, sse, sse2, sse3, ssse3, sse4.1, sse4.2, popcnt, avx, avx2, aes, clmul, erms, lzcnt, ht, tsc, tscinvbit, bmi1, bmi2

Memory: 4k page, physical 16609500k(7110412k free), swap 33386716k(20306692k free)

vm_info: Java HotSpot(TM) 64-Bit Server VM (25.65-b01) for windows-amd64 JRE (1.8.0_65-b17), built on Oct  6 2015 16:39:20 by "java_re" with MS VC++ 10.0 (VS2010)

time: Tue Apr 19 17:11:30 2016
elapsed time: 14 seconds (0d 0h 0m 14s)

