#
# A fatal error has been detected by the Java Runtime Environment:
#
#  EXCEPTION_ACCESS_VIOLATION (0xc0000005) at pc=0x00007ffd11dd24b9, pid=9960, tid=12036
#
# JRE version: Java(TM) SE Runtime Environment (8.0_65-b17) (build 1.8.0_65-b17)
# Java VM: Java HotSpot(TM) 64-Bit Server VM (25.65-b01 mixed mode windows-amd64 compressed oops)
# Problematic frame:
# C  [glfw.dll+0x24b9]
#
# Failed to write core dump. Minidumps are not enabled by default on client versions of Windows
#
# If you would like to submit a bug report, please visit:
#   http://bugreport.java.com/bugreport/crash.jsp
# The crash happened outside the Java Virtual Machine in native code.
# See problematic frame for where to report the bug.
#

---------------  T H R E A D  ---------------

Current thread (0x000000001e1b9000):  JavaThread "CLIENT" [_thread_in_native, id=12036, stack(0x000000001eed0000,0x000000001efd0000)]

siginfo: ExceptionCode=0xc0000005, reading address 0x0000000000000000

Registers:
RAX=0x0000000000000000, RBX=0x000000001b9aff50, RCX=0x0000000000000000, RDX=0x0000000000000000
RSP=0x000000001efceca0, RBP=0x000000001efced58, RSI=0x0000000000000108, RDI=0x0000000000505860
R8 =0x000000001efcec98, R9 =0x000000001efced58, R10=0x0000000000000000, R11=0x0000000000000246
R12=0x0000000000000000, R13=0x000000001b9aff50, R14=0x000000001efced90, R15=0x000000001e1b9000
RIP=0x00007ffd11dd24b9, EFLAGS=0x0000000000010287

Top of Stack: (sp=0x000000001efceca0)
0x000000001efceca0:   000000001e1b9000 000000001e1b9000
0x000000001efcecb0:   000000001e1b9000 000000001e1b9000
0x000000001efcecc0:   0000000000000607 00000000025adfcc
0x000000001efcecd0:   000000001b9aff50 000000005a975005
0x000000001efcece0:   000000001b955d80 000000000253ae20
0x000000001efcecf0:   000000000000000e 000000001e1b9000
0x000000001efced00:   000000001b9ce710 000000005a88aea4
0x000000001efced10:   000000001e1b9000 000000001efced18
0x000000001efced20:   0000000000000000 000000001efced90
0x000000001efced30:   000000001b9b06f0 0000000000000000
0x000000001efced40:   000000001b9aff50 0000000000000000
0x000000001efced50:   000000001efced78 000000001efcedd8
0x000000001efced60:   0000000002597d8d 00000006c2802010
0x000000001efced70:   00000000025a42f8 0000000000505860
0x000000001efced80:   00000000025978a0 00007ffd11dd2420
0x000000001efced90:   0000000000000001 000000001efced98 

Instructions: (pc=0x00007ffd11dd24b9)
0x00007ffd11dd2499:   48 8b cf e8 1f 3a 00 00 48 39 3d f0 d5 02 00 48
0x00007ffd11dd24a9:   8d 0d e9 d5 02 00 48 8b 5c 24 30 74 08 48 8b 09
0x00007ffd11dd24b9:   48 39 39 75 f8 48 8b 07 48 89 01 48 8b cf 48 83
0x00007ffd11dd24c9:   c4 20 5f e9 5b fe 00 00 48 83 c4 20 5f c3 cc cc 


Register to memory mapping:

RAX=0x0000000000000000 is an unknown value
RBX={method} {0x000000001b9aff58} 'invokePV' '(JJ)V' in 'org/lwjgl/system/JNI'
RCX=0x0000000000000000 is an unknown value
RDX=0x0000000000000000 is an unknown value
RSP=0x000000001efceca0 is pointing into the stack for thread: 0x000000001e1b9000
RBP=0x000000001efced58 is pointing into the stack for thread: 0x000000001e1b9000
RSI=0x0000000000000108 is an unknown value
RDI=0x0000000000505860 is an unknown value
R8 =0x000000001efcec98 is pointing into the stack for thread: 0x000000001e1b9000
R9 =0x000000001efced58 is pointing into the stack for thread: 0x000000001e1b9000
R10=0x0000000000000000 is an unknown value
R11=0x0000000000000246 is an unknown value
R12=0x0000000000000000 is an unknown value
R13={method} {0x000000001b9aff58} 'invokePV' '(JJ)V' in 'org/lwjgl/system/JNI'
R14=0x000000001efced90 is pointing into the stack for thread: 0x000000001e1b9000
R15=0x000000001e1b9000 is a thread


Stack: [0x000000001eed0000,0x000000001efd0000],  sp=0x000000001efceca0,  free space=1019k
Native frames: (J=compiled Java code, j=interpreted, Vv=VM code, C=native code)
C  [glfw.dll+0x24b9]
C  0x00000000025adfcc

Java frames: (J=compiled Java code, j=interpreted, Vv=VM code)
j  org.lwjgl.system.JNI.invokePV(JJ)V+0
j  org.lwjgl.glfw.GLFW.glfwDestroyCursor(J)V+20
j  main.client.Window.destroyWindow()V+9
j  main.coreEngine.Engine.stop()V+70
j  main.client.Window.update()V+33
j  main.client.renderEngine.RenderEngine.render()V+38
j  main.client.ClientThread.tick()V+12
j  main.coreEngine.TickableThread.run()V+469
v  ~StubRoutines::call_stub

---------------  P R O C E S S  ---------------

Java Threads: ( => current thread )
  0x000000001e1ba000 JavaThread "SERVER" [_thread_in_Java, id=2640, stack(0x000000001efd0000,0x000000001f0d0000)]
=>0x000000001e1b9000 JavaThread "CLIENT" [_thread_in_native, id=12036, stack(0x000000001eed0000,0x000000001efd0000)]
  0x000000001e0cf800 JavaThread "Service Thread" daemon [_thread_blocked, id=9564, stack(0x000000001ecd0000,0x000000001edd0000)]
  0x000000001e035000 JavaThread "C1 CompilerThread3" daemon [_thread_blocked, id=10388, stack(0x000000001ebd0000,0x000000001ecd0000)]
  0x000000001e02c000 JavaThread "C2 CompilerThread2" daemon [_thread_blocked, id=2052, stack(0x000000001ead0000,0x000000001ebd0000)]
  0x000000001e02b800 JavaThread "C2 CompilerThread1" daemon [_thread_blocked, id=8660, stack(0x000000001e9d0000,0x000000001ead0000)]
  0x000000001e030000 JavaThread "C2 CompilerThread0" daemon [_thread_blocked, id=13388, stack(0x000000001e8d0000,0x000000001e9d0000)]
  0x000000001e012000 JavaThread "JDWP Command Reader" daemon [_thread_in_native, id=6444, stack(0x000000001e7d0000,0x000000001e8d0000)]
  0x000000001bf3d800 JavaThread "JDWP Event Helper Thread" daemon [_thread_blocked, id=10344, stack(0x000000001e6d0000,0x000000001e7d0000)]
  0x000000001e008800 JavaThread "JDWP Transport Listener: dt_socket" daemon [_thread_blocked, id=5812, stack(0x000000001e5d0000,0x000000001e6d0000)]
  0x000000001dfff800 JavaThread "Attach Listener" daemon [_thread_blocked, id=2244, stack(0x000000001e4d0000,0x000000001e5d0000)]
  0x000000001dffe800 JavaThread "Signal Dispatcher" daemon [_thread_blocked, id=8416, stack(0x000000001e3d0000,0x000000001e4d0000)]
  0x000000000258d000 JavaThread "Finalizer" daemon [_thread_blocked, id=13468, stack(0x000000001ddf0000,0x000000001def0000)]
  0x000000001bf2d000 JavaThread "Reference Handler" daemon [_thread_blocked, id=5220, stack(0x000000001dcf0000,0x000000001ddf0000)]
  0x000000000237e000 JavaThread "main" [_thread_in_Java, id=9524, stack(0x0000000002390000,0x0000000002490000)]

Other Threads:
  0x000000001bf29000 VMThread [stack: 0x000000001dbf0000,0x000000001dcf0000] [id=5880]
  0x000000001e0ef800 WatcherThread [stack: 0x000000001edd0000,0x000000001eed0000] [id=2388]

VM state:not at safepoint (normal execution)

VM Mutex/Monitor currently owned by a thread: None

Heap:
 PSYoungGen      total 475136K, used 234884K [0x000000076b800000, 0x000000078b400000, 0x00000007c0000000)
  eden space 474624K, 49% used [0x000000076b800000,0x0000000779d211e8,0x0000000788780000)
  from space 512K, 50% used [0x000000078b380000,0x000000078b3c0000,0x000000078b400000)
  to   space 2560K, 0% used [0x000000078af00000,0x000000078af00000,0x000000078b180000)
 ParOldGen       total 173568K, used 1264K [0x00000006c2800000, 0x00000006cd180000, 0x000000076b800000)
  object space 173568K, 0% used [0x00000006c2800000,0x00000006c293c3a0,0x00000006cd180000)
 Metaspace       used 8120K, capacity 8646K, committed 8960K, reserved 1056768K
  class space    used 650K, capacity 690K, committed 768K, reserved 1048576K

Card table byte_map: [0x0000000011950000,0x0000000012140000] byte_map_base: 0x000000000e33c000

Marking Bits: (ParMarkBitMap*) 0x000000005af6a5b0
 Begin Bits: [0x0000000012e90000, 0x0000000016df0000)
 End Bits:   [0x0000000016df0000, 0x000000001ad50000)

Polling page: 0x00000000007f0000

CodeCache: size=245760Kb used=2686Kb max_used=2697Kb free=243074Kb
 bounds [0x0000000002590000, 0x0000000002840000, 0x0000000011590000]
 total_blobs=1194 nmethods=545 adapters=570
 compilation: enabled

Compilation events (10 events):
Event: 1.892 Thread 0x000000001e035000  542       1       java.lang.ref.Reference::access$100 (4 bytes)
Event: 1.892 Thread 0x000000001e035000 nmethod 542 0x000000000282ca50 code [0x000000000282cba0, 0x000000000282cc90]
Event: 1.900 Thread 0x000000001e035000  543       3       main.client.InputHandler::cursorPosition (60 bytes)
Event: 1.901 Thread 0x000000001e035000 nmethod 543 0x000000000282cd10 code [0x000000000282d040, 0x000000000282e3d8]
Event: 1.901 Thread 0x000000001e035000  544       3       org.lwjgl.glfw.GLFW::glfwGetCursorPos (37 bytes)
Event: 1.902 Thread 0x000000001e035000 nmethod 544 0x000000000282f010 code [0x000000000282f260, 0x0000000002830038]
Event: 1.967 Thread 0x000000001e02c000  545       4       java.lang.ThreadLocal::get (38 bytes)
Event: 1.967 Thread 0x000000001e02b800  546       4       java.lang.ThreadLocal$ThreadLocalMap::getEntry (42 bytes)
Event: 1.968 Thread 0x000000001e02b800 nmethod 546 0x00000000028336d0 code [0x0000000002833820, 0x0000000002833998]
Event: 1.968 Thread 0x000000001e02c000 nmethod 545 0x0000000002831c90 code [0x0000000002831de0, 0x0000000002831f98]

GC Heap History (10 events):
Event: 0.657 GC heap before
{Heap before GC invocations=6 (full 0):
 PSYoungGen      total 140800K, used 131997K [0x000000076b800000, 0x000000077ba00000, 0x00000007c0000000)
  eden space 130048K, 100% used [0x000000076b800000,0x0000000773700000,0x0000000773700000)
  from space 10752K, 18% used [0x0000000773700000,0x00000007738e7630,0x0000000774180000)
  to   space 2048K, 0% used [0x000000077b800000,0x000000077b800000,0x000000077ba00000)
 ParOldGen       total 173568K, used 24K [0x00000006c2800000, 0x00000006cd180000, 0x000000076b800000)
  object space 173568K, 0% used [0x00000006c2800000,0x00000006c2806000,0x00000006cd180000)
 Metaspace       used 7640K, capacity 8230K, committed 8448K, reserved 1056768K
  class space    used 618K, capacity 658K, committed 768K, reserved 1048576K
Event: 0.659 GC heap after
Heap after GC invocations=6 (full 0):
 PSYoungGen      total 261632K, used 2018K [0x000000076b800000, 0x000000077bb00000, 0x00000007c0000000)
  eden space 259584K, 0% used [0x000000076b800000,0x000000076b800000,0x000000077b580000)
  from space 2048K, 98% used [0x000000077b800000,0x000000077b9f8900,0x000000077ba00000)
  to   space 2560K, 0% used [0x000000077b580000,0x000000077b580000,0x000000077b800000)
 ParOldGen       total 173568K, used 56K [0x00000006c2800000, 0x00000006cd180000, 0x000000076b800000)
  object space 173568K, 0% used [0x00000006c2800000,0x00000006c280e350,0x00000006cd180000)
 Metaspace       used 7640K, capacity 8230K, committed 8448K, reserved 1056768K
  class space    used 618K, capacity 658K, committed 768K, reserved 1048576K
}
Event: 1.023 GC heap before
{Heap before GC invocations=7 (full 0):
 PSYoungGen      total 261632K, used 261602K [0x000000076b800000, 0x000000077bb00000, 0x00000007c0000000)
  eden space 259584K, 100% used [0x000000076b800000,0x000000077b580000,0x000000077b580000)
  from space 2048K, 98% used [0x000000077b800000,0x000000077b9f8900,0x000000077ba00000)
  to   space 2560K, 0% used [0x000000077b580000,0x000000077b580000,0x000000077b800000)
 ParOldGen       total 173568K, used 56K [0x00000006c2800000, 0x00000006cd180000, 0x000000076b800000)
  object space 173568K, 0% used [0x00000006c2800000,0x00000006c280e350,0x00000006cd180000)
 Metaspace       used 8079K, capacity 8646K, committed 8960K, reserved 1056768K
  class space    used 650K, capacity 690K, committed 768K, reserved 1048576K
Event: 1.025 GC heap after
Heap after GC invocations=7 (full 0):
 PSYoungGen      total 262144K, used 942K [0x000000076b800000, 0x000000078b800000, 0x00000007c0000000)
  eden space 259584K, 0% used [0x000000076b800000,0x000000076b800000,0x000000077b580000)
  from space 2560K, 36% used [0x000000077b580000,0x000000077b66ba88,0x000000077b800000)
  to   space 2560K, 0% used [0x000000078b580000,0x000000078b580000,0x000000078b800000)
 ParOldGen       total 173568K, used 672K [0x00000006c2800000, 0x00000006cd180000, 0x000000076b800000)
  object space 173568K, 0% used [0x00000006c2800000,0x00000006c28a83a0,0x00000006cd180000)
 Metaspace       used 8079K, capacity 8646K, committed 8960K, reserved 1056768K
  class space    used 650K, capacity 690K, committed 768K, reserved 1048576K
}
Event: 1.121 GC heap before
{Heap before GC invocations=8 (full 0):
 PSYoungGen      total 262144K, used 260526K [0x000000076b800000, 0x000000078b800000, 0x00000007c0000000)
  eden space 259584K, 100% used [0x000000076b800000,0x000000077b580000,0x000000077b580000)
  from space 2560K, 36% used [0x000000077b580000,0x000000077b66ba88,0x000000077b800000)
  to   space 2560K, 0% used [0x000000078b580000,0x000000078b580000,0x000000078b800000)
 ParOldGen       total 173568K, used 672K [0x00000006c2800000, 0x00000006cd180000, 0x000000076b800000)
  object space 173568K, 0% used [0x00000006c2800000,0x00000006c28a83a0,0x00000006cd180000)
 Metaspace       used 8082K, capacity 8646K, committed 8960K, reserved 1056768K
  class space    used 650K, capacity 690K, committed 768K, reserved 1048576K
Event: 1.122 GC heap after
Heap after GC invocations=8 (full 0):
 PSYoungGen      total 521728K, used 480K [0x000000076b800000, 0x000000078b800000, 0x00000007c0000000)
  eden space 519168K, 0% used [0x000000076b800000,0x000000076b800000,0x000000078b300000)
  from space 2560K, 18% used [0x000000078b580000,0x000000078b5f8000,0x000000078b800000)
  to   space 2560K, 0% used [0x000000078b300000,0x000000078b300000,0x000000078b580000)
 ParOldGen       total 173568K, used 840K [0x00000006c2800000, 0x00000006cd180000, 0x000000076b800000)
  object space 173568K, 0% used [0x00000006c2800000,0x00000006c28d23a0,0x00000006cd180000)
 Metaspace       used 8082K, capacity 8646K, committed 8960K, reserved 1056768K
  class space    used 650K, capacity 690K, committed 768K, reserved 1048576K
}
Event: 1.527 GC heap before
{Heap before GC invocations=9 (full 0):
 PSYoungGen      total 521728K, used 519648K [0x000000076b800000, 0x000000078b800000, 0x00000007c0000000)
  eden space 519168K, 100% used [0x000000076b800000,0x000000078b300000,0x000000078b300000)
  from space 2560K, 18% used [0x000000078b580000,0x000000078b5f8000,0x000000078b800000)
  to   space 2560K, 0% used [0x000000078b300000,0x000000078b300000,0x000000078b580000)
 ParOldGen       total 173568K, used 840K [0x00000006c2800000, 0x00000006cd180000, 0x000000076b800000)
  object space 173568K, 0% used [0x00000006c2800000,0x00000006c28d23a0,0x00000006cd180000)
 Metaspace       used 8098K, capacity 8646K, committed 8960K, reserved 1056768K
  class space    used 650K, capacity 690K, committed 768K, reserved 1048576K
Event: 1.528 GC heap after
Heap after GC invocations=9 (full 0):
 PSYoungGen      total 496640K, used 256K [0x000000076b800000, 0x000000078b600000, 0x00000007c0000000)
  eden space 496128K, 0% used [0x000000076b800000,0x000000076b800000,0x0000000789c80000)
  from space 512K, 50% used [0x000000078b300000,0x000000078b340000,0x000000078b380000)
  to   space 2560K, 0% used [0x000000078b380000,0x000000078b380000,0x000000078b600000)
 ParOldGen       total 173568K, used 1176K [0x00000006c2800000, 0x00000006cd180000, 0x000000076b800000)
  object space 173568K, 0% used [0x00000006c2800000,0x00000006c29263a0,0x00000006cd180000)
 Metaspace       used 8098K, capacity 8646K, committed 8960K, reserved 1056768K
  class space    used 650K, capacity 690K, committed 768K, reserved 1048576K
}
Event: 1.892 GC heap before
{Heap before GC invocations=10 (full 0):
 PSYoungGen      total 496640K, used 496384K [0x000000076b800000, 0x000000078b600000, 0x00000007c0000000)
  eden space 496128K, 100% used [0x000000076b800000,0x0000000789c80000,0x0000000789c80000)
  from space 512K, 50% used [0x000000078b300000,0x000000078b340000,0x000000078b380000)
  to   space 2560K, 0% used [0x000000078b380000,0x000000078b380000,0x000000078b600000)
 ParOldGen       total 173568K, used 1176K [0x00000006c2800000, 0x00000006cd180000, 0x000000076b800000)
  object space 173568K, 0% used [0x00000006c2800000,0x00000006c29263a0,0x00000006cd180000)
 Metaspace       used 8118K, capacity 8646K, committed 8960K, reserved 1056768K
  class space    used 650K, capacity 690K, committed 768K, reserved 1048576K
Event: 1.892 GC heap after
Heap after GC invocations=10 (full 0):
 PSYoungGen      total 475136K, used 256K [0x000000076b800000, 0x000000078b400000, 0x00000007c0000000)
  eden space 474624K, 0% used [0x000000076b800000,0x000000076b800000,0x0000000788780000)
  from space 512K, 50% used [0x000000078b380000,0x000000078b3c0000,0x000000078b400000)
  to   space 2560K, 0% used [0x000000078af00000,0x000000078af00000,0x000000078b180000)
 ParOldGen       total 173568K, used 1264K [0x00000006c2800000, 0x00000006cd180000, 0x000000076b800000)
  object space 173568K, 0% used [0x00000006c2800000,0x00000006c293c3a0,0x00000006cd180000)
 Metaspace       used 8118K, capacity 8646K, committed 8960K, reserved 1056768K
  class space    used 650K, capacity 690K, committed 768K, reserved 1048576K
}

Deoptimization events (10 events):
Event: 0.389 Thread 0x000000001e1b9000 Uncommon trap: reason=bimorphic action=maybe_recompile pc=0x00000000026dff00 method=java.util.HashMap.getNode(ILjava/lang/Object;)Ljava/util/HashMap$Node; @ 126
Event: 0.390 Thread 0x000000001e1b9000 Uncommon trap: reason=bimorphic action=maybe_recompile pc=0x00000000026dff00 method=java.util.HashMap.getNode(ILjava/lang/Object;)Ljava/util/HashMap$Node; @ 126
Event: 0.394 Thread 0x000000001e1b9000 Uncommon trap: reason=unstable_if action=reinterpret pc=0x00000000026d4e58 method=java.util.HashMap.keySet()Ljava/util/Set; @ 6
Event: 0.782 Thread 0x000000001e1b9000 Uncommon trap: reason=unstable_if action=reinterpret pc=0x00000000026d4bc4 method=java.util.HashMap.clear()V @ 16
Event: 0.782 Thread 0x000000001e1b9000 Uncommon trap: reason=unstable_if action=reinterpret pc=0x00000000026d5548 method=java.util.HashMap$HashIterator.<init>(Ljava/util/HashMap;)V @ 38
Event: 0.782 Thread 0x000000000237e000 Uncommon trap: reason=unstable_if action=reinterpret pc=0x00000000026f42b0 method=main.coreEngine.TickableThread.invoke(Ljava/lang/String;[Ljava/lang/Object;)V @ 53
Event: 0.782 Thread 0x000000001e1b9000 Uncommon trap: reason=unstable_if action=reinterpret pc=0x00000000026c90d8 method=java.util.HashMap.clear()V @ 16
Event: 0.782 Thread 0x000000001e1b9000 Uncommon trap: reason=unstable_if action=reinterpret pc=0x00000000026d2d20 method=java.util.HashMap$HashIterator.<init>(Ljava/util/HashMap;)V @ 38
Event: 0.782 Thread 0x000000001e1ba000 Uncommon trap: reason=unstable_if action=reinterpret pc=0x0000000002731874 method=main.coreEngine.TickableThread.run()V @ 58
Event: 0.878 Thread 0x000000001e1ba000 Uncommon trap: reason=unstable_if action=reinterpret pc=0x00000000027faf64 method=main.coreEngine.TickableThread.run()V @ 461

Internal exceptions (7 events):
Event: 0.022 Thread 0x000000000237e000 Exception <a 'java/lang/NoSuchMethodError': Method sun.misc.Unsafe.defineClass(Ljava/lang/String;[BII)Ljava/lang/Class; name or signature does not match> (0x000000076b80da30) thrown at [C:\workspace\8-2-build-windows-amd64-cygwin\jdk8u65\4987\hotspot\src\s¢Rl∆ê‹ñ?
Event: 0.022 Thread 0x000000000237e000 Exception <a 'java/lang/NoSuchMethodError': Method sun.misc.Unsafe.prefetchRead(Ljava/lang/Object;J)V name or signature does not match> (0x000000076b80dd18) thrown at [C:\workspace\8-2-build-windows-amd64-cygwin\jdk8u65\4987\hotspot\src\share\vm\prims\jni.q®<˘;Ïÿ?
Event: 0.389 Thread 0x000000001e1b9000 Exception <a 'java/security/PrivilegedActionException'> (0x000000076d73b458) thrown at [C:\workspace\8-2-build-windows-amd64-cygwin\jdk8u65\4987\hotspot\src\share\vm\prims\jvm.cpp, line 1386]
Event: 0.389 Thread 0x000000001e1b9000 Exception <a 'java/security/PrivilegedActionException'> (0x000000076d73b850) thrown at [C:\workspace\8-2-build-windows-amd64-cygwin\jdk8u65\4987\hotspot\src\share\vm\prims\jvm.cpp, line 1386]
Event: 0.390 Thread 0x000000001e1b9000 Exception <a 'java/security/PrivilegedActionException'> (0x000000076d73fa68) thrown at [C:\workspace\8-2-build-windows-amd64-cygwin\jdk8u65\4987\hotspot\src\share\vm\prims\jvm.cpp, line 1386]
Event: 0.390 Thread 0x000000001e1b9000 Exception <a 'java/security/PrivilegedActionException'> (0x000000076d73fe60) thrown at [C:\workspace\8-2-build-windows-amd64-cygwin\jdk8u65\4987\hotspot\src\share\vm\prims\jvm.cpp, line 1386]
Event: 0.782 Thread 0x000000000237e000 Implicit null exception at 0x00000000026f3cbc to 0x00000000026f4289

Events (10 events):
Event: 0.878 Thread 0x000000001e1ba000 DEOPT PACKING pc=0x00000000027faf64 sp=0x000000001f0cf3f0
Event: 0.878 Thread 0x000000001e1ba000 DEOPT UNPACKING pc=0x00000000025d582a sp=0x000000001f0cf450 mode 2
Event: 1.023 Executing VM operation: ParallelGCFailedAllocation
Event: 1.025 Executing VM operation: ParallelGCFailedAllocation done
Event: 1.121 Executing VM operation: ParallelGCFailedAllocation
Event: 1.122 Executing VM operation: ParallelGCFailedAllocation done
Event: 1.527 Executing VM operation: ParallelGCFailedAllocation
Event: 1.528 Executing VM operation: ParallelGCFailedAllocation done
Event: 1.892 Executing VM operation: ParallelGCFailedAllocation
Event: 1.892 Executing VM operation: ParallelGCFailedAllocation done


Dynamic libraries:
0x00007ff75d350000 - 0x00007ff75d387000 	C:\Program Files\Java\jdk1.8.0_65\bin\java.exe
0x00007ffd2b8f0000 - 0x00007ffd2bab1000 	C:\WINDOWS\SYSTEM32\ntdll.dll
0x00007ffd29160000 - 0x00007ffd2920d000 	C:\WINDOWS\system32\KERNEL32.DLL
0x00007ffd28890000 - 0x00007ffd28a78000 	C:\WINDOWS\system32\KERNELBASE.dll
0x00007ffd296a0000 - 0x00007ffd29747000 	C:\WINDOWS\system32\ADVAPI32.dll
0x00007ffd29430000 - 0x00007ffd294cd000 	C:\WINDOWS\system32\msvcrt.dll
0x00007ffd29510000 - 0x00007ffd2956b000 	C:\WINDOWS\system32\sechost.dll
0x00007ffd29580000 - 0x00007ffd2969c000 	C:\WINDOWS\system32\RPCRT4.dll
0x00007ffd28e50000 - 0x00007ffd28fa6000 	C:\WINDOWS\system32\USER32.dll
0x00007ffd299d0000 - 0x00007ffd29b56000 	C:\WINDOWS\system32\GDI32.dll
0x00007ffd24690000 - 0x00007ffd24904000 	C:\WINDOWS\WinSxS\amd64_microsoft.windows.common-controls_6595b64144ccf1df_6.0.10586.0_none_8c15ae12515e1c22\COMCTL32.dll
0x00007ffd29750000 - 0x00007ffd299cd000 	C:\WINDOWS\system32\combase.dll
0x00007ffd27f80000 - 0x00007ffd27fea000 	C:\WINDOWS\system32\bcryptPrimitives.dll
0x00007ffd294d0000 - 0x00007ffd2950b000 	C:\WINDOWS\system32\IMM32.DLL
0x000000005b5d0000 - 0x000000005b6a2000 	C:\Program Files\Java\jdk1.8.0_65\jre\bin\msvcr100.dll
0x000000005a760000 - 0x000000005afe9000 	C:\Program Files\Java\jdk1.8.0_65\jre\bin\server\jvm.dll
0x00007ffd29b60000 - 0x00007ffd29b68000 	C:\WINDOWS\system32\PSAPI.DLL
0x00007ffd1e6b0000 - 0x00007ffd1e6b9000 	C:\WINDOWS\SYSTEM32\WSOCK32.dll
0x00007ffd26170000 - 0x00007ffd26193000 	C:\WINDOWS\SYSTEM32\WINMM.dll
0x00007ffd249f0000 - 0x00007ffd249fa000 	C:\WINDOWS\SYSTEM32\VERSION.dll
0x00007ffd29cd0000 - 0x00007ffd29d3b000 	C:\WINDOWS\system32\WS2_32.dll
0x00000000022b0000 - 0x00000000022dc000 	C:\WINDOWS\SYSTEM32\WINMMBASE.dll
0x00007ffd28a80000 - 0x00007ffd28ac3000 	C:\WINDOWS\system32\cfgmgr32.dll
0x000000005b5c0000 - 0x000000005b5cf000 	C:\Program Files\Java\jdk1.8.0_65\jre\bin\verify.dll
0x000000005b590000 - 0x000000005b5b9000 	C:\Program Files\Java\jdk1.8.0_65\jre\bin\java.dll
0x000000005b550000 - 0x000000005b585000 	C:\Program Files\Java\jdk1.8.0_65\jre\bin\jdwp.dll
0x000000005b540000 - 0x000000005b548000 	C:\Program Files\Java\jdk1.8.0_65\jre\bin\npt.dll
0x000000005b520000 - 0x000000005b536000 	C:\Program Files\Java\jdk1.8.0_65\jre\bin\zip.dll
0x00007ffd2a2c0000 - 0x00007ffd2b81c000 	C:\WINDOWS\system32\SHELL32.dll
0x00007ffd28070000 - 0x00007ffd286b5000 	C:\WINDOWS\system32\windows.storage.dll
0x00007ffd2a250000 - 0x00007ffd2a2a2000 	C:\WINDOWS\system32\shlwapi.dll
0x00007ffd27f70000 - 0x00007ffd27f7f000 	C:\WINDOWS\system32\kernel.appcore.dll
0x00007ffd28c10000 - 0x00007ffd28cc5000 	C:\WINDOWS\system32\shcore.dll
0x00007ffd27ef0000 - 0x00007ffd27f3b000 	C:\WINDOWS\system32\powrprof.dll
0x00007ffd27f40000 - 0x00007ffd27f54000 	C:\WINDOWS\system32\profapi.dll
0x000000005b510000 - 0x000000005b519000 	C:\Program Files\Java\jdk1.8.0_65\jre\bin\dt_socket.dll
0x00007ffd27820000 - 0x00007ffd2787c000 	C:\WINDOWS\system32\mswsock.dll
0x00007ffd0c4b0000 - 0x00007ffd0c538000 	D:\Code\Java\Projects\WireEngine20\lib\native\lwjgl.dll
0x00007ffd279f0000 - 0x00007ffd279fb000 	C:\WINDOWS\SYSTEM32\CRYPTBASE.DLL
0x00007ffd0f000000 - 0x00007ffd0f042000 	D:\Code\Java\Projects\WireEngine20\lib\native\jemalloc.dll
0x00007ffd11dd0000 - 0x00007ffd11e08000 	D:\Code\Java\Projects\WireEngine20\lib\native\glfw.dll
0x00007ffd26870000 - 0x00007ffd26906000 	C:\WINDOWS\system32\uxtheme.dll
0x00007ffd25f20000 - 0x00007ffd25f42000 	C:\WINDOWS\SYSTEM32\dwmapi.dll
0x00007ffd18b80000 - 0x00007ffd18ca9000 	C:\WINDOWS\SYSTEM32\opengl32.dll
0x00007ffd1c880000 - 0x00007ffd1c8ae000 	C:\WINDOWS\SYSTEM32\GLU32.dll
0x00007ffd18a80000 - 0x00007ffd18b7a000 	C:\WINDOWS\SYSTEM32\DDRAW.dll
0x00007ffd1d2d0000 - 0x00007ffd1d2d8000 	C:\WINDOWS\SYSTEM32\DCIMAN32.dll
0x00007ffd29b70000 - 0x00007ffd29cca000 	C:\WINDOWS\system32\MSCTF.dll
0x00007ffd15240000 - 0x00007ffd15289000 	C:\Program Files (x86)\TeamViewer\tv_x64.dll
0x00007ffd29210000 - 0x00007ffd29353000 	C:\WINDOWS\system32\ole32.dll
0x0000000058a10000 - 0x000000005a759000 	C:\WINDOWS\SYSTEM32\nvoglv64.DLL
0x00007ffd29d60000 - 0x00007ffd2a189000 	C:\WINDOWS\system32\SETUPAPI.dll
0x00007ffd25f70000 - 0x00007ffd25f83000 	C:\WINDOWS\SYSTEM32\WTSAPI32.dll
0x00007ffd269c0000 - 0x00007ffd269e7000 	C:\WINDOWS\SYSTEM32\DEVOBJ.dll
0x00007ffd27ff0000 - 0x00007ffd28045000 	C:\WINDOWS\system32\WINTRUST.dll
0x00007ffd27f60000 - 0x00007ffd27f70000 	C:\WINDOWS\system32\MSASN1.dll
0x00007ffd286c0000 - 0x00007ffd28887000 	C:\WINDOWS\system32\CRYPT32.dll
0x00007ffd27440000 - 0x00007ffd27471000 	C:\WINDOWS\SYSTEM32\ntmarta.dll
0x00007ffd27190000 - 0x00007ffd271e6000 	C:\WINDOWS\SYSTEM32\WINSTA.dll
0x00007ffd2b840000 - 0x00007ffd2b8e7000 	C:\WINDOWS\system32\clbcatq.dll
0x00007ffd231a0000 - 0x00007ffd231c5000 	C:\Program Files (x86)\Samsung\Easy Printer Manager\SmartScreenPrint\CDAKEYMonitor64.dll
0x00007ffd29360000 - 0x00007ffd29421000 	C:\WINDOWS\system32\OLEAUT32.dll
0x00007ffd238a0000 - 0x00007ffd23a2c000 	C:\WINDOWS\SYSTEM32\dbghelp.dll

VM Arguments:
jvm_args: -agentlib:jdwp=transport=dt_socket,address=127.0.0.1:49170,suspend=y,server=n -Djava.library.path=lib/native/ -Dfile.encoding=UTF-8 
java_command: main.Main
java_class_path (initial): C:\Program Files\Java\jdk1.8.0_65\jre\lib\charsets.jar;C:\Program Files\Java\jdk1.8.0_65\jre\lib\deploy.jar;C:\Program Files\Java\jdk1.8.0_65\jre\lib\ext\access-bridge-64.jar;C:\Program Files\Java\jdk1.8.0_65\jre\lib\ext\cldrdata.jar;C:\Program Files\Java\jdk1.8.0_65\jre\lib\ext\dnsns.jar;C:\Program Files\Java\jdk1.8.0_65\jre\lib\ext\jaccess.jar;C:\Program Files\Java\jdk1.8.0_65\jre\lib\ext\jfxrt.jar;C:\Program Files\Java\jdk1.8.0_65\jre\lib\ext\localedata.jar;C:\Program Files\Java\jdk1.8.0_65\jre\lib\ext\nashorn.jar;C:\Program Files\Java\jdk1.8.0_65\jre\lib\ext\sunec.jar;C:\Program Files\Java\jdk1.8.0_65\jre\lib\ext\sunjce_provider.jar;C:\Program Files\Java\jdk1.8.0_65\jre\lib\ext\sunmscapi.jar;C:\Program Files\Java\jdk1.8.0_65\jre\lib\ext\sunpkcs11.jar;C:\Program Files\Java\jdk1.8.0_65\jre\lib\ext\zipfs.jar;C:\Program Files\Java\jdk1.8.0_65\jre\lib\javaws.jar;C:\Program Files\Java\jdk1.8.0_65\jre\lib\jce.jar;C:\Program Files\Java\jdk1.8.0_65\jre\lib\jfr.jar;C:\Program Files\Java\jdk1.8.0_65\jre\lib\jfxswt.jar;C:\Program Files\Java\jdk1.8.0_65\jre\lib\jsse.jar;C:\Program Files\Java\jdk1.8.0_65\jre\lib\management-agent.jar;C:\Program Files\Java\jdk1.8.0_65\jre\lib\plugin.jar;C:\Program Files\Java\jdk1.8.0_65\jre\lib\resources.jar;C:\Program Files\Java\jdk1.8.0_65\jre\lib\rt.jar;D:\Code\Java\Projects\WireEngine20\out\production\WireEngine20;D:\Code\Java\Projects\WireEngine20\lib\jar\lwjgl.jar;D:\Code\Java\Projects\WireEngine20\lib\jar\slick-util.jar;D:\Program Files (x86)\JetBrains\IntelliJ IDEA 2016.1\lib\idea_rt.jar
Launcher Type: SUN_STANDARD

Environment Variables:
JAVA_HOME=C:\Program Files\Java\jdk1.8.0_65
PATH=C:\ProgramData\Oracle\Java\javapath;C:\Program Files (x86)\Razer Chroma SDK\bin;C:\Program Files\Razer Chroma SDK\bin;C:\Program Files (x86)\NVIDIA Corporation\PhysX\Common;C:\Program Files (x86)\Intel\iCLS Client\;C:\Program Files\Intel\iCLS Client\;C:\Windows\system32;C:\Windows;C:\Windows\System32\Wbem;C:\Windows\System32\WindowsPowerShell\v1.0\;C:\Program Files\Intel\Intel(R) Management Engine Components\DAL;C:\Program Files (x86)\Intel\Intel(R) Management Engine Components\DAL;C:\Program Files\Intel\Intel(R) Management Engine Components\IPT;C:\Program Files (x86)\Intel\Intel(R) Management Engine Components\IPT;C:\Program Files\Java\jre1.8.0_65\bin;C:\MinGW\bin;C:\WINDOWS\system32;C:\WINDOWS;C:\WINDOWS\System32\Wbem;C:\WINDOWS\System32\WindowsPowerShell\v1.0\;D:\Program Files (x86)\CMake\bin;D:\Program Files\Programs\Python\Python35-32;D:\Program Files\Programs\Python\Python35-32\Scripts;C:\Program Files (x86)\Skype\Phone\;D:\Program Files\Programs\Python\Python35-32\Scripts\;D:\Program Files\Programs\Python\Python35-32\
USERNAME=Kelan
OS=Windows_NT
PROCESSOR_IDENTIFIER=Intel64 Family 6 Model 60 Stepping 3, GenuineIntel



---------------  S Y S T E M  ---------------

OS: Windows 10.0 , 64 bit Build 10586 (10.0.10586.0)

CPU:total 8 (4 cores per cpu, 2 threads per core) family 6 model 60 stepping 3, cmov, cx8, fxsr, mmx, sse, sse2, sse3, ssse3, sse4.1, sse4.2, popcnt, avx, avx2, aes, clmul, erms, lzcnt, ht, tsc, tscinvbit, bmi1, bmi2

Memory: 4k page, physical 16609500k(8636572k free), swap 33386716k(22524616k free)

vm_info: Java HotSpot(TM) 64-Bit Server VM (25.65-b01) for windows-amd64 JRE (1.8.0_65-b17), built on Oct  6 2015 16:39:20 by "java_re" with MS VC++ 10.0 (VS2010)

time: Fri Apr 15 22:45:19 2016
elapsed time: 2 seconds (0d 0h 0m 2s)

