#
# A fatal error has been detected by the Java Runtime Environment:
#
#  EXCEPTION_ACCESS_VIOLATION (0xc0000005) at pc=0x00007ffdc28c24b9, pid=7296, tid=7808
#
# JRE version: Java(TM) SE Runtime Environment (8.0_65-b17) (build 1.8.0_65-b17)
# Java VM: Java HotSpot(TM) 64-Bit Server VM (25.65-b01 mixed mode windows-amd64 compressed oops)
# Problematic frame:
# C  [glfw.dll+0x24b9]
#
# Failed to write core dump. Minidumps are not enabled by default on client versions of Windows
#
# If you would like to submit a bug report, please visit:
#   http://bugreport.java.com/bugreport/crash.jsp
# The crash happened outside the Java Virtual Machine in native code.
# See problematic frame for where to report the bug.
#

---------------  T H R E A D  ---------------

Current thread (0x000000001e2b8000):  JavaThread "CLIENT" [_thread_in_native, id=7808, stack(0x000000001efc0000,0x000000001f0c0000)]

siginfo: ExceptionCode=0xc0000005, reading address 0x0000000000000000

Registers:
RAX=0x0000000000000000, RBX=0x000000001ba6ff50, RCX=0x0000000000000000, RDX=0x0000000000000000
RSP=0x000000001f0bf040, RBP=0x000000001f0bf0f8, RSI=0x0000000000000108, RDI=0x0000000000620c10
R8 =0x000000001f0bf038, R9 =0x000000001f0bf0f8, R10=0x0000000000000000, R11=0x0000000000000246
R12=0x0000000000000000, R13=0x000000001ba6ff50, R14=0x000000001f0bf130, R15=0x000000001e2b8000
RIP=0x00007ffdc28c24b9, EFLAGS=0x0000000000010287

Top of Stack: (sp=0x000000001f0bf040)
0x000000001f0bf040:   000000001e2b8000 000000001e2b8000
0x000000001f0bf050:   000000001e2b8000 000000001e2b8000
0x000000001f0bf060:   0000000000000867 000000000261dfcc
0x000000001f0bf070:   000000001ba6ff50 0000000070615005
0x000000001f0bf080:   000000001ba15390 000000001bff27b0
0x000000001f0bf090:   000000000000000e 000000001e2b8000
0x000000001f0bf0a0:   000000001ba8e710 000000007052aea4
0x000000001f0bf0b0:   000000001e2b8000 000000001f0bf0b8
0x000000001f0bf0c0:   0000000000000000 000000001f0bf130
0x000000001f0bf0d0:   000000001ba706f0 0000000000000000
0x000000001f0bf0e0:   000000001ba6ff50 0000000000000000
0x000000001f0bf0f0:   000000001f0bf118 000000001f0bf178
0x000000001f0bf100:   0000000002607d8d 00000006c28060c8
0x000000001f0bf110:   00000000026142f8 0000000000620c10
0x000000001f0bf120:   00000000026078a0 00007ffdc28c2420
0x000000001f0bf130:   0000000000000001 000000001f0bf138 

Instructions: (pc=0x00007ffdc28c24b9)
0x00007ffdc28c2499:   48 8b cf e8 1f 3a 00 00 48 39 3d f0 d5 02 00 48
0x00007ffdc28c24a9:   8d 0d e9 d5 02 00 48 8b 5c 24 30 74 08 48 8b 09
0x00007ffdc28c24b9:   48 39 39 75 f8 48 8b 07 48 89 01 48 8b cf 48 83
0x00007ffdc28c24c9:   c4 20 5f e9 5b fe 00 00 48 83 c4 20 5f c3 cc cc 


Register to memory mapping:

RAX=0x0000000000000000 is an unknown value
RBX={method} {0x000000001ba6ff58} 'invokePV' '(JJ)V' in 'org/lwjgl/system/JNI'
RCX=0x0000000000000000 is an unknown value
RDX=0x0000000000000000 is an unknown value
RSP=0x000000001f0bf040 is pointing into the stack for thread: 0x000000001e2b8000
RBP=0x000000001f0bf0f8 is pointing into the stack for thread: 0x000000001e2b8000
RSI=0x0000000000000108 is an unknown value
RDI=0x0000000000620c10 is an unknown value
R8 =0x000000001f0bf038 is pointing into the stack for thread: 0x000000001e2b8000
R9 =0x000000001f0bf0f8 is pointing into the stack for thread: 0x000000001e2b8000
R10=0x0000000000000000 is an unknown value
R11=0x0000000000000246 is an unknown value
R12=0x0000000000000000 is an unknown value
R13={method} {0x000000001ba6ff58} 'invokePV' '(JJ)V' in 'org/lwjgl/system/JNI'
R14=0x000000001f0bf130 is pointing into the stack for thread: 0x000000001e2b8000
R15=0x000000001e2b8000 is a thread


Stack: [0x000000001efc0000,0x000000001f0c0000],  sp=0x000000001f0bf040,  free space=1020k
Native frames: (J=compiled Java code, j=interpreted, Vv=VM code, C=native code)
C  [glfw.dll+0x24b9]
C  0x000000000261dfcc

Java frames: (J=compiled Java code, j=interpreted, Vv=VM code)
j  org.lwjgl.system.JNI.invokePV(JJ)V+0
j  org.lwjgl.glfw.GLFW.glfwDestroyCursor(J)V+20
j  main.client.Window.destroyWindow()V+9
j  main.coreEngine.Engine.stop()V+70
j  main.client.Window.update()V+33
j  main.client.renderEngine.RenderEngine.render()V+38
j  main.client.ClientThread.tick()V+12
j  main.coreEngine.TickableThread.run()V+469
v  ~StubRoutines::call_stub

---------------  P R O C E S S  ---------------

Java Threads: ( => current thread )
  0x000000001e2b9000 JavaThread "SERVER" [_thread_in_Java, id=7608, stack(0x000000001f0c0000,0x000000001f1c0000)]
=>0x000000001e2b8000 JavaThread "CLIENT" [_thread_in_native, id=7808, stack(0x000000001efc0000,0x000000001f0c0000)]
  0x000000001e1ba800 JavaThread "Service Thread" daemon [_thread_blocked, id=208, stack(0x000000001edc0000,0x000000001eec0000)]
  0x000000001e126000 JavaThread "C1 CompilerThread3" daemon [_thread_blocked, id=3528, stack(0x000000001ecc0000,0x000000001edc0000)]
  0x000000001e117800 JavaThread "C2 CompilerThread2" daemon [_thread_blocked, id=12740, stack(0x000000001ebc0000,0x000000001ecc0000)]
  0x000000001e117000 JavaThread "C2 CompilerThread1" daemon [_thread_blocked, id=6208, stack(0x000000001eac0000,0x000000001ebc0000)]
  0x000000001e11b800 JavaThread "C2 CompilerThread0" daemon [_thread_blocked, id=7968, stack(0x000000001e9c0000,0x000000001eac0000)]
  0x000000001e101000 JavaThread "JDWP Command Reader" daemon [_thread_in_native, id=9928, stack(0x000000001e8c0000,0x000000001e9c0000)]
  0x000000001e100000 JavaThread "JDWP Event Helper Thread" daemon [_thread_blocked, id=11164, stack(0x000000001e7c0000,0x000000001e8c0000)]
  0x000000001bffe000 JavaThread "JDWP Transport Listener: dt_socket" daemon [_thread_blocked, id=13532, stack(0x000000001e6c0000,0x000000001e7c0000)]
  0x000000001e0f0000 JavaThread "Attach Listener" daemon [_thread_blocked, id=12224, stack(0x000000001e5c0000,0x000000001e6c0000)]
  0x000000001e0ee800 JavaThread "Signal Dispatcher" daemon [_thread_blocked, id=1648, stack(0x000000001e4c0000,0x000000001e5c0000)]
  0x00000000025fc800 JavaThread "Finalizer" daemon [_thread_blocked, id=12424, stack(0x000000001dee0000,0x000000001dfe0000)]
  0x00000000025f5000 JavaThread "Reference Handler" daemon [_thread_blocked, id=10244, stack(0x000000001dde0000,0x000000001dee0000)]
  0x0000000000a1e000 JavaThread "main" [_thread_in_Java, id=5604, stack(0x0000000002400000,0x0000000002500000)]

Other Threads:
  0x000000001bfe9800 VMThread [stack: 0x000000001dce0000,0x000000001dde0000] [id=6432]
  0x000000001e1c5000 WatcherThread [stack: 0x000000001eec0000,0x000000001efc0000] [id=2208]

VM state:not at safepoint (normal execution)

VM Mutex/Monitor currently owned by a thread: None

Heap:
 PSYoungGen      total 1321984K, used 1089376K [0x000000076b800000, 0x00000007bcb00000, 0x00000007c0000000)
  eden space 1314816K, 82% used [0x000000076b800000,0x00000007adfa0210,0x00000007bbc00000)
  from space 7168K, 3% used [0x00000007bc400000,0x00000007bc438000,0x00000007bcb00000)
  to   space 7680K, 0% used [0x00000007bbc00000,0x00000007bbc00000,0x00000007bc380000)
 ParOldGen       total 173568K, used 13860K [0x00000006c2800000, 0x00000006cd180000, 0x000000076b800000)
  object space 173568K, 7% used [0x00000006c2800000,0x00000006c35891f8,0x00000006cd180000)
 Metaspace       used 8342K, capacity 8710K, committed 8960K, reserved 1056768K
  class space    used 660K, capacity 690K, committed 768K, reserved 1048576K

Card table byte_map: [0x00000000119c0000,0x00000000121b0000] byte_map_base: 0x000000000e3ac000

Marking Bits: (ParMarkBitMap*) 0x0000000070c0a5b0
 Begin Bits: [0x0000000012f00000, 0x0000000016e60000)
 End Bits:   [0x0000000016e60000, 0x000000001adc0000)

Polling page: 0x00000000009a0000

CodeCache: size=245760Kb used=4063Kb max_used=4074Kb free=241696Kb
 bounds [0x0000000002600000, 0x0000000002a00000, 0x0000000011600000]
 total_blobs=1440 nmethods=784 adapters=577
 compilation: enabled

Compilation events (10 events):
Event: 3.589 Thread 0x000000001e126000  783       3       main.client.Window::getWidth (20 bytes)
Event: 3.590 Thread 0x000000001e126000 nmethod 783 0x00000000029f7f10 code [0x00000000029f8080, 0x00000000029f82d8]
Event: 3.590 Thread 0x000000001e126000  784       3       main.client.renderEngine.RenderEngine$ModelData::<init> (32 bytes)
Event: 3.590 Thread 0x000000001e126000 nmethod 784 0x00000000029f8390 code [0x00000000029f84e0, 0x00000000029f8710]
Event: 3.590 Thread 0x000000001e126000  785       3       main.coreEngine.util.maths.Matrix4f::scale (170 bytes)
Event: 3.590 Thread 0x000000001e126000 nmethod 785 0x00000000029f87d0 code [0x00000000029f8960, 0x00000000029f8de8]
Event: 3.590 Thread 0x000000001e126000  782       3       org.lwjgl.glfw.GLFW::glfwGetCursorPos (37 bytes)
Event: 3.591 Thread 0x000000001e126000 nmethod 782 0x00000000029f9050 code [0x00000000029f92a0, 0x00000000029fa078]
Event: 3.939 Thread 0x000000001e11b800  786       4       main.coreEngine.util.maths.Matrix4f::setIdentity (82 bytes)
Event: 3.939 Thread 0x000000001e11b800 nmethod 786 0x00000000029252d0 code [0x0000000002925400, 0x00000000029254b8]

GC Heap History (10 events):
Event: 1.229 GC heap before
{Heap before GC invocations=8 (full 0):
 PSYoungGen      total 261632K, used 261611K [0x000000076b800000, 0x000000078b900000, 0x00000007c0000000)
  eden space 259584K, 100% used [0x000000076b800000,0x000000077b580000,0x000000077b580000)
  from space 2048K, 99% used [0x000000077b580000,0x000000077b77af90,0x000000077b780000)
  to   space 3072K, 0% used [0x000000078b600000,0x000000078b600000,0x000000078b900000)
 ParOldGen       total 173568K, used 1676K [0x00000006c2800000, 0x00000006cd180000, 0x000000076b800000)
  object space 173568K, 0% used [0x00000006c2800000,0x00000006c29a31f8,0x00000006cd180000)
 Metaspace       used 8234K, capacity 8646K, committed 8960K, reserved 1056768K
  class space    used 655K, capacity 690K, committed 768K, reserved 1048576K
Event: 1.238 GC heap after
Heap after GC invocations=8 (full 0):
 PSYoungGen      total 516608K, used 3048K [0x000000076b800000, 0x000000078c400000, 0x00000007c0000000)
  eden space 513536K, 0% used [0x000000076b800000,0x000000076b800000,0x000000078ad80000)
  from space 3072K, 99% used [0x000000078b600000,0x000000078b8fa1e0,0x000000078b900000)
  to   space 8704K, 0% used [0x000000078ad80000,0x000000078ad80000,0x000000078b600000)
 ParOldGen       total 173568K, used 12716K [0x00000006c2800000, 0x00000006cd180000, 0x000000076b800000)
  object space 173568K, 7% used [0x00000006c2800000,0x00000006c346b1f8,0x00000006cd180000)
 Metaspace       used 8234K, capacity 8646K, committed 8960K, reserved 1056768K
  class space    used 655K, capacity 690K, committed 768K, reserved 1048576K
}
Event: 1.602 GC heap before
{Heap before GC invocations=9 (full 0):
 PSYoungGen      total 516608K, used 516584K [0x000000076b800000, 0x000000078c400000, 0x00000007c0000000)
  eden space 513536K, 100% used [0x000000076b800000,0x000000078ad80000,0x000000078ad80000)
  from space 3072K, 99% used [0x000000078b600000,0x000000078b8fa1e0,0x000000078b900000)
  to   space 8704K, 0% used [0x000000078ad80000,0x000000078ad80000,0x000000078b600000)
 ParOldGen       total 173568K, used 12716K [0x00000006c2800000, 0x00000006cd180000, 0x000000076b800000)
  object space 173568K, 7% used [0x00000006c2800000,0x00000006c346b1f8,0x00000006cd180000)
 Metaspace       used 8289K, capacity 8710K, committed 8960K, reserved 1056768K
  class space    used 660K, capacity 690K, committed 768K, reserved 1048576K
Event: 1.604 GC heap after
Heap after GC invocations=9 (full 0):
 PSYoungGen      total 522240K, used 896K [0x000000076b800000, 0x000000079ea80000, 0x00000007c0000000)
  eden space 513536K, 0% used [0x000000076b800000,0x000000076b800000,0x000000078ad80000)
  from space 8704K, 10% used [0x000000078ad80000,0x000000078ae60000,0x000000078b600000)
  to   space 8192K, 0% used [0x000000079e280000,0x000000079e280000,0x000000079ea80000)
 ParOldGen       total 173568K, used 13012K [0x00000006c2800000, 0x00000006cd180000, 0x000000076b800000)
  object space 173568K, 7% used [0x00000006c2800000,0x00000006c34b51f8,0x00000006cd180000)
 Metaspace       used 8289K, capacity 8710K, committed 8960K, reserved 1056768K
  class space    used 660K, capacity 690K, committed 768K, reserved 1048576K
}
Event: 1.984 GC heap before
{Heap before GC invocations=10 (full 0):
 PSYoungGen      total 522240K, used 514432K [0x000000076b800000, 0x000000079ea80000, 0x00000007c0000000)
  eden space 513536K, 100% used [0x000000076b800000,0x000000078ad80000,0x000000078ad80000)
  from space 8704K, 10% used [0x000000078ad80000,0x000000078ae60000,0x000000078b600000)
  to   space 8192K, 0% used [0x000000079e280000,0x000000079e280000,0x000000079ea80000)
 ParOldGen       total 173568K, used 13012K [0x00000006c2800000, 0x00000006cd180000, 0x000000076b800000)
  object space 173568K, 7% used [0x00000006c2800000,0x00000006c34b51f8,0x00000006cd180000)
 Metaspace       used 8298K, capacity 8710K, committed 8960K, reserved 1056768K
  class space    used 660K, capacity 690K, committed 768K, reserved 1048576K
Event: 1.986 GC heap after
Heap after GC invocations=10 (full 0):
 PSYoungGen      total 829952K, used 256K [0x000000076b800000, 0x000000079ea80000, 0x00000007c0000000)
  eden space 821760K, 0% used [0x000000076b800000,0x000000076b800000,0x000000079da80000)
  from space 8192K, 3% used [0x000000079e280000,0x000000079e2c0000,0x000000079ea80000)
  to   space 8192K, 0% used [0x000000079da80000,0x000000079da80000,0x000000079e280000)
 ParOldGen       total 173568K, used 13772K [0x00000006c2800000, 0x00000006cd180000, 0x000000076b800000)
  object space 173568K, 7% used [0x00000006c2800000,0x00000006c35731f8,0x00000006cd180000)
 Metaspace       used 8298K, capacity 8710K, committed 8960K, reserved 1056768K
  class space    used 660K, capacity 690K, committed 768K, reserved 1048576K
}
Event: 2.598 GC heap before
{Heap before GC invocations=11 (full 0):
 PSYoungGen      total 829952K, used 822016K [0x000000076b800000, 0x000000079ea80000, 0x00000007c0000000)
  eden space 821760K, 100% used [0x000000076b800000,0x000000079da80000,0x000000079da80000)
  from space 8192K, 3% used [0x000000079e280000,0x000000079e2c0000,0x000000079ea80000)
  to   space 8192K, 0% used [0x000000079da80000,0x000000079da80000,0x000000079e280000)
 ParOldGen       total 173568K, used 13772K [0x00000006c2800000, 0x00000006cd180000, 0x000000076b800000)
  object space 173568K, 7% used [0x00000006c2800000,0x00000006c35731f8,0x00000006cd180000)
 Metaspace       used 8325K, capacity 8710K, committed 8960K, reserved 1056768K
  class space    used 660K, capacity 690K, committed 768K, reserved 1048576K
Event: 2.599 GC heap after
Heap after GC invocations=11 (full 0):
 PSYoungGen      total 829952K, used 160K [0x000000076b800000, 0x00000007bcc00000, 0x00000007c0000000)
  eden space 821760K, 0% used [0x000000076b800000,0x000000076b800000,0x000000079da80000)
  from space 8192K, 1% used [0x000000079da80000,0x000000079daa8000,0x000000079e280000)
  to   space 8192K, 0% used [0x00000007bc400000,0x00000007bc400000,0x00000007bcc00000)
 ParOldGen       total 173568K, used 13820K [0x00000006c2800000, 0x00000006cd180000, 0x000000076b800000)
  object space 173568K, 7% used [0x00000006c2800000,0x00000006c357f1f8,0x00000006cd180000)
 Metaspace       used 8325K, capacity 8710K, committed 8960K, reserved 1056768K
  class space    used 660K, capacity 690K, committed 768K, reserved 1048576K
}
Event: 3.217 GC heap before
{Heap before GC invocations=12 (full 0):
 PSYoungGen      total 829952K, used 821920K [0x000000076b800000, 0x00000007bcc00000, 0x00000007c0000000)
  eden space 821760K, 100% used [0x000000076b800000,0x000000079da80000,0x000000079da80000)
  from space 8192K, 1% used [0x000000079da80000,0x000000079daa8000,0x000000079e280000)
  to   space 8192K, 0% used [0x00000007bc400000,0x00000007bc400000,0x00000007bcc00000)
 ParOldGen       total 173568K, used 13820K [0x00000006c2800000, 0x00000006cd180000, 0x000000076b800000)
  object space 173568K, 7% used [0x00000006c2800000,0x00000006c357f1f8,0x00000006cd180000)
 Metaspace       used 8333K, capacity 8710K, committed 8960K, reserved 1056768K
  class space    used 660K, capacity 690K, committed 768K, reserved 1048576K
Event: 3.218 GC heap after
Heap after GC invocations=12 (full 0):
 PSYoungGen      total 1321984K, used 224K [0x000000076b800000, 0x00000007bcb00000, 0x00000007c0000000)
  eden space 1314816K, 0% used [0x000000076b800000,0x000000076b800000,0x00000007bbc00000)
  from space 7168K, 3% used [0x00000007bc400000,0x00000007bc438000,0x00000007bcb00000)
  to   space 7680K, 0% used [0x00000007bbc00000,0x00000007bbc00000,0x00000007bc380000)
 ParOldGen       total 173568K, used 13860K [0x00000006c2800000, 0x00000006cd180000, 0x000000076b800000)
  object space 173568K, 7% used [0x00000006c2800000,0x00000006c35891f8,0x00000006cd180000)
 Metaspace       used 8333K, capacity 8710K, committed 8960K, reserved 1056768K
  class space    used 660K, capacity 690K, committed 768K, reserved 1048576K
}

Deoptimization events (10 events):
Event: 1.304 Thread 0x000000001e2b8000 Uncommon trap: reason=class_check action=maybe_recompile pc=0x000000000292ae48 method=java.util.HashMap.putVal(ILjava/lang/Object;Ljava/lang/Object;ZZ)Ljava/lang/Object; @ 203
Event: 1.330 Thread 0x000000001e2b8000 Uncommon trap: reason=bimorphic action=maybe_recompile pc=0x000000000275cb98 method=java.util.HashMap.getNode(ILjava/lang/Object;)Ljava/util/HashMap$Node; @ 126
Event: 1.330 Thread 0x000000001e2b8000 Uncommon trap: reason=class_check action=maybe_recompile pc=0x000000000292ae48 method=java.util.HashMap.putVal(ILjava/lang/Object;Ljava/lang/Object;ZZ)Ljava/lang/Object; @ 203
Event: 1.359 Thread 0x000000001e2b8000 Uncommon trap: reason=class_check action=maybe_recompile pc=0x000000000292ae48 method=java.util.HashMap.putVal(ILjava/lang/Object;Ljava/lang/Object;ZZ)Ljava/lang/Object; @ 203
Event: 1.360 Thread 0x000000001e2b8000 Uncommon trap: reason=unstable_if action=reinterpret pc=0x0000000002965608 method=main.client.renderEngine.mesh.Mesh.compile(Ljava/util/List;)Lmain/client/renderEngine/mesh/Mesh; @ 101
Event: 1.395 Thread 0x000000001e2b8000 Uncommon trap: reason=unstable_if action=reinterpret pc=0x000000000297c504 method=main.client.renderEngine.mesh.Mesh.compile(Ljava/util/List;)Lmain/client/renderEngine/mesh/Mesh; @ 216
Event: 1.437 Thread 0x000000001e2b8000 Uncommon trap: reason=unstable_if action=reinterpret pc=0x0000000002992e74 method=main.client.renderEngine.mesh.Mesh.compile(Ljava/util/List;)Lmain/client/renderEngine/mesh/Mesh; @ 550
Event: 1.455 Thread 0x000000001e2b8000 Uncommon trap: reason=unstable_if action=reinterpret pc=0x000000000288342c method=main.coreEngine.TickableThread.run()V @ 461
Event: 1.463 Thread 0x000000001e2b9000 Uncommon trap: reason=unstable_if action=reinterpret pc=0x000000000288342c method=main.coreEngine.TickableThread.run()V @ 461
Event: 1.471 Thread 0x0000000000a1e000 Uncommon trap: reason=unstable_if action=reinterpret pc=0x0000000002999c70 method=main.coreEngine.Engine.start()V @ 163

Internal exceptions (8 events):
Event: 0.029 Thread 0x0000000000a1e000 Exception <a 'java/lang/NoSuchMethodError': Method sun.misc.Unsafe.defineClass(Ljava/lang/String;[BII)Ljava/lang/Class; name or signature does not match> (0x000000076b80da30) thrown at [C:\workspace\8-2-build-windows-amd64-cygwin\jdk8u65\4987\hotspot\src\s+Â ié@û?
Event: 0.030 Thread 0x0000000000a1e000 Exception <a 'java/lang/NoSuchMethodError': Method sun.misc.Unsafe.prefetchRead(Ljava/lang/Object;J)V name or signature does not match> (0x000000076b80dd18) thrown at [C:\workspace\8-2-build-windows-amd64-cygwin\jdk8u65\4987\hotspot\src\share\vm\prims\jni.Z≠ó∆v¨›?
Event: 0.464 Thread 0x000000001e2b8000 Exception <a 'java/security/PrivilegedActionException'> (0x000000076ba7cd90) thrown at [C:\workspace\8-2-build-windows-amd64-cygwin\jdk8u65\4987\hotspot\src\share\vm\prims\jvm.cpp, line 1386]
Event: 0.464 Thread 0x000000001e2b8000 Exception <a 'java/security/PrivilegedActionException'> (0x000000076ba7d188) thrown at [C:\workspace\8-2-build-windows-amd64-cygwin\jdk8u65\4987\hotspot\src\share\vm\prims\jvm.cpp, line 1386]
Event: 0.464 Thread 0x000000001e2b8000 Exception <a 'java/security/PrivilegedActionException'> (0x000000076ba813a0) thrown at [C:\workspace\8-2-build-windows-amd64-cygwin\jdk8u65\4987\hotspot\src\share\vm\prims\jvm.cpp, line 1386]
Event: 0.464 Thread 0x000000001e2b8000 Exception <a 'java/security/PrivilegedActionException'> (0x000000076ba81798) thrown at [C:\workspace\8-2-build-windows-amd64-cygwin\jdk8u65\4987\hotspot\src\share\vm\prims\jvm.cpp, line 1386]
Event: 0.896 Thread 0x0000000000a1e000 Implicit null exception at 0x000000000276a1bc to 0x000000000276a759
Event: 1.264 Thread 0x000000001e2b8000 Implicit null exception at 0x0000000002927364 to 0x00000000029278dd

Events (10 events):
Event: 1.602 Executing VM operation: ParallelGCFailedAllocation
Event: 1.604 Executing VM operation: ParallelGCFailedAllocation done
Event: 1.983 Executing VM operation: ParallelGCFailedAllocation
Event: 1.986 Executing VM operation: ParallelGCFailedAllocation done
Event: 2.598 Executing VM operation: ParallelGCFailedAllocation
Event: 2.599 Executing VM operation: ParallelGCFailedAllocation done
Event: 3.217 Executing VM operation: ParallelGCFailedAllocation
Event: 3.218 Executing VM operation: ParallelGCFailedAllocation done
Event: 4.093 Executing VM operation: EnableBiasedLocking
Event: 4.093 Executing VM operation: EnableBiasedLocking done


Dynamic libraries:
0x00007ff630290000 - 0x00007ff6302c7000 	C:\Program Files\Java\jdk1.8.0_65\bin\java.exe
0x00007ffde4980000 - 0x00007ffde4b41000 	C:\WINDOWS\SYSTEM32\ntdll.dll
0x00007ffde42a0000 - 0x00007ffde434d000 	C:\WINDOWS\system32\KERNEL32.DLL
0x00007ffde19f0000 - 0x00007ffde1bd8000 	C:\WINDOWS\system32\KERNELBASE.dll
0x00007ffde1e70000 - 0x00007ffde1f17000 	C:\WINDOWS\system32\ADVAPI32.dll
0x00007ffde3800000 - 0x00007ffde389d000 	C:\WINDOWS\system32\msvcrt.dll
0x00007ffde1e10000 - 0x00007ffde1e6b000 	C:\WINDOWS\system32\sechost.dll
0x00007ffde3bd0000 - 0x00007ffde3cec000 	C:\WINDOWS\system32\RPCRT4.dll
0x00007ffde3fe0000 - 0x00007ffde4136000 	C:\WINDOWS\system32\USER32.dll
0x00007ffde3cf0000 - 0x00007ffde3e76000 	C:\WINDOWS\system32\GDI32.dll
0x00007ffddd690000 - 0x00007ffddd904000 	C:\WINDOWS\WinSxS\amd64_microsoft.windows.common-controls_6595b64144ccf1df_6.0.10586.0_none_8c15ae12515e1c22\COMCTL32.dll
0x00007ffde3950000 - 0x00007ffde3bcd000 	C:\WINDOWS\system32\combase.dll
0x00007ffde1cf0000 - 0x00007ffde1d5a000 	C:\WINDOWS\system32\bcryptPrimitives.dll
0x00007ffde1dc0000 - 0x00007ffde1dfb000 	C:\WINDOWS\system32\IMM32.DLL
0x0000000070c90000 - 0x0000000070d62000 	C:\Program Files\Java\jdk1.8.0_65\jre\bin\msvcr100.dll
0x0000000070400000 - 0x0000000070c89000 	C:\Program Files\Java\jdk1.8.0_65\jre\bin\server\jvm.dll
0x00007ffde4290000 - 0x00007ffde4298000 	C:\WINDOWS\system32\PSAPI.DLL
0x00007ffdd8550000 - 0x00007ffdd8559000 	C:\WINDOWS\SYSTEM32\WSOCK32.dll
0x00007ffddf730000 - 0x00007ffddf753000 	C:\WINDOWS\SYSTEM32\WINMM.dll
0x00007ffddd9c0000 - 0x00007ffddd9ca000 	C:\WINDOWS\SYSTEM32\VERSION.dll
0x00007ffde4470000 - 0x00007ffde44db000 	C:\WINDOWS\system32\WS2_32.dll
0x0000000000d90000 - 0x0000000000dbc000 	C:\WINDOWS\SYSTEM32\WINMMBASE.dll
0x00007ffde1be0000 - 0x00007ffde1c23000 	C:\WINDOWS\system32\cfgmgr32.dll
0x00000000703f0000 - 0x00000000703ff000 	C:\Program Files\Java\jdk1.8.0_65\jre\bin\verify.dll
0x00000000703c0000 - 0x00000000703e9000 	C:\Program Files\Java\jdk1.8.0_65\jre\bin\java.dll
0x0000000070380000 - 0x00000000703b5000 	C:\Program Files\Java\jdk1.8.0_65\jre\bin\jdwp.dll
0x0000000070370000 - 0x0000000070378000 	C:\Program Files\Java\jdk1.8.0_65\jre\bin\npt.dll
0x0000000070350000 - 0x0000000070366000 	C:\Program Files\Java\jdk1.8.0_65\jre\bin\zip.dll
0x00007ffde1f80000 - 0x00007ffde34dc000 	C:\WINDOWS\system32\SHELL32.dll
0x00007ffde11d0000 - 0x00007ffde1815000 	C:\WINDOWS\system32\windows.storage.dll
0x00007ffde36b0000 - 0x00007ffde3702000 	C:\WINDOWS\system32\shlwapi.dll
0x00007ffde0fb0000 - 0x00007ffde0fbf000 	C:\WINDOWS\system32\kernel.appcore.dll
0x00007ffde1c30000 - 0x00007ffde1ce5000 	C:\WINDOWS\system32\shcore.dll
0x00007ffde0fc0000 - 0x00007ffde100b000 	C:\WINDOWS\system32\powrprof.dll
0x00007ffde0f80000 - 0x00007ffde0f94000 	C:\WINDOWS\system32\profapi.dll
0x0000000070340000 - 0x0000000070349000 	C:\Program Files\Java\jdk1.8.0_65\jre\bin\dt_socket.dll
0x00007ffde08b0000 - 0x00007ffde090c000 	C:\WINDOWS\system32\mswsock.dll
0x00007ffdc0c80000 - 0x00007ffdc0d08000 	D:\Code\Java\Projects\WireEngine20\lib\native\lwjgl.dll
0x00007ffde0a80000 - 0x00007ffde0a8b000 	C:\WINDOWS\SYSTEM32\CRYPTBASE.DLL
0x00007ffdc2b50000 - 0x00007ffdc2b92000 	D:\Code\Java\Projects\WireEngine20\lib\native\jemalloc.dll
0x00007ffdc28c0000 - 0x00007ffdc28f8000 	D:\Code\Java\Projects\WireEngine20\lib\native\glfw.dll
0x00007ffddf850000 - 0x00007ffddf8e6000 	C:\WINDOWS\system32\uxtheme.dll
0x00007ffdde650000 - 0x00007ffdde672000 	C:\WINDOWS\SYSTEM32\dwmapi.dll
0x00007ffdc9d10000 - 0x00007ffdc9e39000 	C:\WINDOWS\SYSTEM32\opengl32.dll
0x00007ffdcc520000 - 0x00007ffdcc61a000 	C:\WINDOWS\SYSTEM32\DDRAW.dll
0x00007ffdcfb20000 - 0x00007ffdcfb4e000 	C:\WINDOWS\SYSTEM32\GLU32.dll
0x00007ffdd96b0000 - 0x00007ffdd96b8000 	C:\WINDOWS\SYSTEM32\DCIMAN32.dll
0x00007ffde3e80000 - 0x00007ffde3fda000 	C:\WINDOWS\system32\MSCTF.dll
0x00007ffdd2dd0000 - 0x00007ffdd2e19000 	C:\Program Files (x86)\TeamViewer\tv_x64.dll
0x00007ffde4140000 - 0x00007ffde4283000 	C:\WINDOWS\system32\ole32.dll
0x000000006e5f0000 - 0x0000000070339000 	C:\WINDOWS\SYSTEM32\nvoglv64.DLL
0x00007ffde4550000 - 0x00007ffde4979000 	C:\WINDOWS\system32\SETUPAPI.dll
0x00007ffddf2f0000 - 0x00007ffddf303000 	C:\WINDOWS\SYSTEM32\WTSAPI32.dll
0x00007ffddf9a0000 - 0x00007ffddf9c7000 	C:\WINDOWS\SYSTEM32\DEVOBJ.dll
0x00007ffde1170000 - 0x00007ffde11c5000 	C:\WINDOWS\system32\WINTRUST.dll
0x00007ffde0fa0000 - 0x00007ffde0fb0000 	C:\WINDOWS\system32\MSASN1.dll
0x00007ffde1820000 - 0x00007ffde19e7000 	C:\WINDOWS\system32\CRYPT32.dll
0x00007ffde04d0000 - 0x00007ffde0501000 	C:\WINDOWS\SYSTEM32\ntmarta.dll
0x00007ffde0220000 - 0x00007ffde0276000 	C:\WINDOWS\SYSTEM32\WINSTA.dll
0x00007ffde38a0000 - 0x00007ffde3947000 	C:\WINDOWS\system32\clbcatq.dll
0x00007ffddc360000 - 0x00007ffddc385000 	C:\Program Files (x86)\Samsung\Easy Printer Manager\SmartScreenPrint\CDAKEYMonitor64.dll
0x00007ffde3730000 - 0x00007ffde37f1000 	C:\WINDOWS\system32\OLEAUT32.dll
0x00007ffdb9de0000 - 0x00007ffdb9f6c000 	C:\WINDOWS\SYSTEM32\dbghelp.dll

VM Arguments:
jvm_args: -agentlib:jdwp=transport=dt_socket,address=127.0.0.1:50509,suspend=y,server=n -Djava.library.path=lib/native/ -Dfile.encoding=UTF-8 
java_command: main.Main
java_class_path (initial): C:\Program Files\Java\jdk1.8.0_65\jre\lib\charsets.jar;C:\Program Files\Java\jdk1.8.0_65\jre\lib\deploy.jar;C:\Program Files\Java\jdk1.8.0_65\jre\lib\ext\access-bridge-64.jar;C:\Program Files\Java\jdk1.8.0_65\jre\lib\ext\cldrdata.jar;C:\Program Files\Java\jdk1.8.0_65\jre\lib\ext\dnsns.jar;C:\Program Files\Java\jdk1.8.0_65\jre\lib\ext\jaccess.jar;C:\Program Files\Java\jdk1.8.0_65\jre\lib\ext\jfxrt.jar;C:\Program Files\Java\jdk1.8.0_65\jre\lib\ext\localedata.jar;C:\Program Files\Java\jdk1.8.0_65\jre\lib\ext\nashorn.jar;C:\Program Files\Java\jdk1.8.0_65\jre\lib\ext\sunec.jar;C:\Program Files\Java\jdk1.8.0_65\jre\lib\ext\sunjce_provider.jar;C:\Program Files\Java\jdk1.8.0_65\jre\lib\ext\sunmscapi.jar;C:\Program Files\Java\jdk1.8.0_65\jre\lib\ext\sunpkcs11.jar;C:\Program Files\Java\jdk1.8.0_65\jre\lib\ext\zipfs.jar;C:\Program Files\Java\jdk1.8.0_65\jre\lib\javaws.jar;C:\Program Files\Java\jdk1.8.0_65\jre\lib\jce.jar;C:\Program Files\Java\jdk1.8.0_65\jre\lib\jfr.jar;C:\Program Files\Java\jdk1.8.0_65\jre\lib\jfxswt.jar;C:\Program Files\Java\jdk1.8.0_65\jre\lib\jsse.jar;C:\Program Files\Java\jdk1.8.0_65\jre\lib\management-agent.jar;C:\Program Files\Java\jdk1.8.0_65\jre\lib\plugin.jar;C:\Program Files\Java\jdk1.8.0_65\jre\lib\resources.jar;C:\Program Files\Java\jdk1.8.0_65\jre\lib\rt.jar;D:\Code\Java\Projects\WireEngine20\out\production\WireEngine20;D:\Code\Java\Projects\WireEngine20\lib\jar\lwjgl.jar;D:\Code\Java\Projects\WireEngine20\lib\jar\slick-util.jar;D:\Program Files (x86)\JetBrains\IntelliJ IDEA 2016.1\lib\idea_rt.jar
Launcher Type: SUN_STANDARD

Environment Variables:
JAVA_HOME=C:\Program Files\Java\jdk1.8.0_65
PATH=C:\ProgramData\Oracle\Java\javapath;C:\Program Files (x86)\Razer Chroma SDK\bin;C:\Program Files\Razer Chroma SDK\bin;C:\Program Files (x86)\NVIDIA Corporation\PhysX\Common;C:\Program Files (x86)\Intel\iCLS Client\;C:\Program Files\Intel\iCLS Client\;C:\Windows\system32;C:\Windows;C:\Windows\System32\Wbem;C:\Windows\System32\WindowsPowerShell\v1.0\;C:\Program Files\Intel\Intel(R) Management Engine Components\DAL;C:\Program Files (x86)\Intel\Intel(R) Management Engine Components\DAL;C:\Program Files\Intel\Intel(R) Management Engine Components\IPT;C:\Program Files (x86)\Intel\Intel(R) Management Engine Components\IPT;C:\Program Files\Java\jre1.8.0_65\bin;C:\MinGW\bin;C:\WINDOWS\system32;C:\WINDOWS;C:\WINDOWS\System32\Wbem;C:\WINDOWS\System32\WindowsPowerShell\v1.0\;D:\Program Files (x86)\CMake\bin;D:\Program Files\Programs\Python\Python35-32;D:\Program Files\Programs\Python\Python35-32\Scripts;C:\Program Files (x86)\Skype\Phone\;D:\Program Files\Programs\Python\Python35-32\Scripts\;D:\Program Files\Programs\Python\Python35-32\
USERNAME=Kelan
OS=Windows_NT
PROCESSOR_IDENTIFIER=Intel64 Family 6 Model 60 Stepping 3, GenuineIntel



---------------  S Y S T E M  ---------------

OS: Windows 10.0 , 64 bit Build 10586 (10.0.10586.0)

CPU:total 8 (4 cores per cpu, 2 threads per core) family 6 model 60 stepping 3, cmov, cx8, fxsr, mmx, sse, sse2, sse3, ssse3, sse4.1, sse4.2, popcnt, avx, avx2, aes, clmul, erms, lzcnt, ht, tsc, tscinvbit, bmi1, bmi2

Memory: 4k page, physical 16609500k(2074900k free), swap 33386716k(15991032k free)

vm_info: Java HotSpot(TM) 64-Bit Server VM (25.65-b01) for windows-amd64 JRE (1.8.0_65-b17), built on Oct  6 2015 16:39:20 by "java_re" with MS VC++ 10.0 (VS2010)

time: Tue Apr 12 16:50:42 2016
elapsed time: 4 seconds (0d 0h 0m 4s)

