#
# A fatal error has been detected by the Java Runtime Environment:
#
#  EXCEPTION_ACCESS_VIOLATION (0xc0000005) at pc=0x00007ffdd3df24b9, pid=9792, tid=13960
#
# JRE version: Java(TM) SE Runtime Environment (8.0_65-b17) (build 1.8.0_65-b17)
# Java VM: Java HotSpot(TM) 64-Bit Server VM (25.65-b01 mixed mode windows-amd64 compressed oops)
# Problematic frame:
# C  [glfw.dll+0x24b9]
#
# Failed to write core dump. Minidumps are not enabled by default on client versions of Windows
#
# If you would like to submit a bug report, please visit:
#   http://bugreport.java.com/bugreport/crash.jsp
# The crash happened outside the Java Virtual Machine in native code.
# See problematic frame for where to report the bug.
#

---------------  T H R E A D  ---------------

Current thread (0x000000001e360000):  JavaThread "CLIENT" [_thread_in_native, id=13960, stack(0x000000001f050000,0x000000001f150000)]

siginfo: ExceptionCode=0xc0000005, reading address 0x0000000000000000

Registers:
RAX=0x0000000000000000, RBX=0x000000001bb17888, RCX=0x0000000000000000, RDX=0x0000000000000000
RSP=0x000000001f14efb0, RBP=0x000000001f14f060, RSI=0x0000000000000108, RDI=0x000000000053b820
R8 =0x000000001f14efa8, R9 =0x000000001f14f060, R10=0x0000000000000000, R11=0x0000000000000246
R12=0x0000000000000000, R13=0x000000001bb17888, R14=0x000000001f14f098, R15=0x000000001e360000
RIP=0x00007ffdd3df24b9, EFLAGS=0x0000000000010283

Top of Stack: (sp=0x000000001f14efb0)
0x000000001f14efb0:   000000001e360000 000000001e360000
0x000000001f14efc0:   000000001bb31608 000000007052d610
0x000000001f14efd0:   0000000000000165 000000000271dfcc
0x000000001f14efe0:   000000001bb17888 000000000261d8a0
0x000000001f14eff0:   000000000000000e 000000001e360000
0x000000001f14f000:   000000001bb31608 000000007052aea4
0x000000001f14f010:   000000001e360000 000000001e360000
0x000000001f14f020:   000000001f14f020 0000000000000000
0x000000001f14f030:   000000001f14f098 000000001bb18028
0x000000001f14f040:   0000000000000000 000000001bb17888
0x000000001f14f050:   0000000000000000 000000001f14f080
0x000000001f14f060:   000000001f14f0e0 0000000002707d8d
0x000000001f14f070:   00000006c2804018 00000000027142f8
0x000000001f14f080:   000000000053b820 00000000027078a0
0x000000001f14f090:   00007ffdd3df2420 0000000000000001
0x000000001f14f0a0:   000000001f14f0a0 000000001bb315dc 

Instructions: (pc=0x00007ffdd3df24b9)
0x00007ffdd3df2499:   48 8b cf e8 1f 3a 00 00 48 39 3d f0 d5 02 00 48
0x00007ffdd3df24a9:   8d 0d e9 d5 02 00 48 8b 5c 24 30 74 08 48 8b 09
0x00007ffdd3df24b9:   48 39 39 75 f8 48 8b 07 48 89 01 48 8b cf 48 83
0x00007ffdd3df24c9:   c4 20 5f e9 5b fe 00 00 48 83 c4 20 5f c3 cc cc 


Register to memory mapping:

RAX=0x0000000000000000 is an unknown value
RBX={method} {0x000000001bb17890} 'invokePV' '(JJ)V' in 'org/lwjgl/system/JNI'
RCX=0x0000000000000000 is an unknown value
RDX=0x0000000000000000 is an unknown value
RSP=0x000000001f14efb0 is pointing into the stack for thread: 0x000000001e360000
RBP=0x000000001f14f060 is pointing into the stack for thread: 0x000000001e360000
RSI=0x0000000000000108 is an unknown value
RDI=0x000000000053b820 is an unknown value
R8 =0x000000001f14efa8 is pointing into the stack for thread: 0x000000001e360000
R9 =0x000000001f14f060 is pointing into the stack for thread: 0x000000001e360000
R10=0x0000000000000000 is an unknown value
R11=0x0000000000000246 is an unknown value
R12=0x0000000000000000 is an unknown value
R13={method} {0x000000001bb17890} 'invokePV' '(JJ)V' in 'org/lwjgl/system/JNI'
R14=0x000000001f14f098 is pointing into the stack for thread: 0x000000001e360000
R15=0x000000001e360000 is a thread


Stack: [0x000000001f050000,0x000000001f150000],  sp=0x000000001f14efb0,  free space=1019k
Native frames: (J=compiled Java code, j=interpreted, Vv=VM code, C=native code)
C  [glfw.dll+0x24b9]
C  0x000000000271dfcc

Java frames: (J=compiled Java code, j=interpreted, Vv=VM code)
j  org.lwjgl.system.JNI.invokePV(JJ)V+0
j  org.lwjgl.glfw.GLFW.glfwDestroyCursor(J)V+20
j  main.client.Window.destroyWindow()V+9
j  main.coreEngine.Engine.stop()V+70
j  main.client.Window.update()V+43
j  main.client.renderEngine.RenderEngine.render()V+29
j  main.client.ClientThread.tick()V+12
J 431% C1 main.coreEngine.TickableThread.run()V (481 bytes) @ 0x00000000029589dc [0x0000000002954100+0x48dc]
v  ~StubRoutines::call_stub

---------------  P R O C E S S  ---------------

Java Threads: ( => current thread )
  0x000000001e334000 JavaThread "SERVER" [_thread_in_Java, id=4412, stack(0x000000001f150000,0x000000001f250000)]
=>0x000000001e360000 JavaThread "CLIENT" [_thread_in_native, id=13960, stack(0x000000001f050000,0x000000001f150000)]
  0x000000001e19e800 JavaThread "Service Thread" daemon [_thread_blocked, id=13144, stack(0x000000001ee50000,0x000000001ef50000)]
  0x000000001e1b7000 JavaThread "C1 CompilerThread3" daemon [_thread_blocked, id=8460, stack(0x000000001ed50000,0x000000001ee50000)]
  0x000000001e1b6000 JavaThread "C2 CompilerThread2" daemon [_thread_blocked, id=11700, stack(0x000000001ec50000,0x000000001ed50000)]
  0x000000001e1b1800 JavaThread "C2 CompilerThread1" daemon [_thread_blocked, id=1344, stack(0x000000001eb50000,0x000000001ec50000)]
  0x000000001e1ac000 JavaThread "C2 CompilerThread0" daemon [_thread_blocked, id=9512, stack(0x000000001ea50000,0x000000001eb50000)]
  0x000000001e190800 JavaThread "JDWP Command Reader" daemon [_thread_in_native, id=13000, stack(0x000000001e950000,0x000000001ea50000)]
  0x000000001e18f800 JavaThread "JDWP Event Helper Thread" daemon [_thread_blocked, id=10628, stack(0x000000001e850000,0x000000001e950000)]
  0x000000001e189800 JavaThread "JDWP Transport Listener: dt_socket" daemon [_thread_blocked, id=10080, stack(0x000000001e750000,0x000000001e850000)]
  0x000000001e17f800 JavaThread "Attach Listener" daemon [_thread_blocked, id=6828, stack(0x000000001e650000,0x000000001e750000)]
  0x000000001e17e000 JavaThread "Signal Dispatcher" daemon [_thread_blocked, id=6884, stack(0x000000001e550000,0x000000001e650000)]
  0x000000000261c800 JavaThread "Finalizer" daemon [_thread_blocked, id=952, stack(0x000000001df70000,0x000000001e070000)]
  0x0000000002616000 JavaThread "Reference Handler" daemon [_thread_blocked, id=9984, stack(0x000000001de70000,0x000000001df70000)]
  0x00000000026fe000 JavaThread "main" [_thread_in_Java, id=984, stack(0x0000000002390000,0x0000000002490000)]

Other Threads:
  0x000000001c099000 VMThread [stack: 0x000000001dd70000,0x000000001de70000] [id=4536]
  0x000000001e262000 WatcherThread [stack: 0x000000001ef50000,0x000000001f050000] [id=7584]

VM state:not at safepoint (normal execution)

VM Mutex/Monitor currently owned by a thread: None

Heap:
 PSYoungGen      total 149504K, used 128339K [0x000000076b800000, 0x000000078aa00000, 0x00000007c0000000)
  eden space 148992K, 86% used [0x000000076b800000,0x000000077354ceb0,0x0000000774980000)
  from space 512K, 6% used [0x000000078a980000,0x000000078a988000,0x000000078aa00000)
  to   space 1536K, 0% used [0x000000078a700000,0x000000078a700000,0x000000078a880000)
 ParOldGen       total 173568K, used 1365K [0x00000006c2800000, 0x00000006cd180000, 0x000000076b800000)
  object space 173568K, 0% used [0x00000006c2800000,0x00000006c29554e8,0x00000006cd180000)
 Metaspace       used 7984K, capacity 8550K, committed 8704K, reserved 1056768K
  class space    used 642K, capacity 658K, committed 768K, reserved 1048576K

Card table byte_map: [0x0000000011ac0000,0x00000000122b0000] byte_map_base: 0x000000000e4ac000

Marking Bits: (ParMarkBitMap*) 0x0000000070c0a5b0
 Begin Bits: [0x0000000013000000, 0x0000000016f60000)
 End Bits:   [0x0000000016f60000, 0x000000001aec0000)

Polling page: 0x0000000000950000

CodeCache: size=245760Kb used=2654Kb max_used=2654Kb free=243105Kb
 bounds [0x0000000002700000, 0x00000000029a0000, 0x0000000011700000]
 total_blobs=1144 nmethods=501 adapters=564
 compilation: enabled

Compilation events (10 events):
Event: 2.944 Thread 0x000000001e1b7000  497       3       main.client.renderEngine.shader.AbstractShaderProgram::useProgram (16 bytes)
Event: 2.945 Thread 0x000000001e1b7000 nmethod 497 0x0000000002979bd0 code [0x0000000002979dc0, 0x000000000297a578]
Event: 2.960 Thread 0x000000001e1b7000  498       3       main.coreEngine.sceneGraph.Node::render (75 bytes)
Event: 2.961 Thread 0x000000001e1b7000 nmethod 498 0x0000000002978c10 code [0x0000000002978e20, 0x0000000002979858]
Event: 2.961 Thread 0x000000001e1b7000  499       1       main.client.ClientThread::getRenderEngine (5 bytes)
Event: 2.961 Thread 0x000000001e1b7000 nmethod 499 0x0000000002978950 code [0x0000000002978aa0, 0x0000000002978bb0]
Event: 2.961 Thread 0x000000001e1b7000  500       1       main.client.renderEngine.RenderEngine$ModelData::getMesh (5 bytes)
Event: 2.961 Thread 0x000000001e1b7000 nmethod 500 0x0000000002978690 code [0x00000000029787e0, 0x00000000029788f0]
Event: 2.974 Thread 0x000000001e1b7000  501       3       main.coreEngine.sceneGraph.Node::tick (75 bytes)
Event: 2.974 Thread 0x000000001e1b7000 nmethod 501 0x00000000029776d0 code [0x00000000029778e0, 0x0000000002978318]

GC Heap History (10 events):
Event: 2.790 GC heap before
{Heap before GC invocations=18 (full 0):
 PSYoungGen      total 179712K, used 177760K [0x000000076b800000, 0x000000078ae80000, 0x00000007c0000000)
  eden space 177664K, 100% used [0x000000076b800000,0x0000000776580000,0x0000000776580000)
  from space 2048K, 4% used [0x000000078aa80000,0x000000078aa98000,0x000000078ac80000)
  to   space 2048K, 0% used [0x000000078ac80000,0x000000078ac80000,0x000000078ae80000)
 ParOldGen       total 173568K, used 1365K [0x00000006c2800000, 0x00000006cd180000, 0x000000076b800000)
  object space 173568K, 0% used [0x00000006c2800000,0x00000006c29554e8,0x00000006cd180000)
 Metaspace       used 7980K, capacity 8550K, committed 8704K, reserved 1056768K
  class space    used 642K, capacity 658K, committed 768K, reserved 1048576K
Event: 2.791 GC heap after
Heap after GC invocations=18 (full 0):
 PSYoungGen      total 172032K, used 96K [0x000000076b800000, 0x000000078ad00000, 0x00000007c0000000)
  eden space 171520K, 0% used [0x000000076b800000,0x000000076b800000,0x0000000775f80000)
  from space 512K, 18% used [0x000000078ac80000,0x000000078ac98000,0x000000078ad00000)
  to   space 2048K, 0% used [0x000000078a900000,0x000000078a900000,0x000000078ab00000)
 ParOldGen       total 173568K, used 1365K [0x00000006c2800000, 0x00000006cd180000, 0x000000076b800000)
  object space 173568K, 0% used [0x00000006c2800000,0x00000006c29554e8,0x00000006cd180000)
 Metaspace       used 7980K, capacity 8550K, committed 8704K, reserved 1056768K
  class space    used 642K, capacity 658K, committed 768K, reserved 1048576K
}
Event: 2.919 GC heap before
{Heap before GC invocations=19 (full 0):
 PSYoungGen      total 172032K, used 171616K [0x000000076b800000, 0x000000078ad00000, 0x00000007c0000000)
  eden space 171520K, 100% used [0x000000076b800000,0x0000000775f80000,0x0000000775f80000)
  from space 512K, 18% used [0x000000078ac80000,0x000000078ac98000,0x000000078ad00000)
  to   space 2048K, 0% used [0x000000078a900000,0x000000078a900000,0x000000078ab00000)
 ParOldGen       total 173568K, used 1365K [0x00000006c2800000, 0x00000006cd180000, 0x000000076b800000)
  object space 173568K, 0% used [0x00000006c2800000,0x00000006c29554e8,0x00000006cd180000)
 Metaspace       used 7981K, capacity 8550K, committed 8704K, reserved 1056768K
  class space    used 642K, capacity 658K, committed 768K, reserved 1048576K
Event: 2.919 GC heap after
Heap after GC invocations=19 (full 0):
 PSYoungGen      total 167424K, used 96K [0x000000076b800000, 0x000000078ad00000, 0x00000007c0000000)
  eden space 165376K, 0% used [0x000000076b800000,0x000000076b800000,0x0000000775980000)
  from space 2048K, 4% used [0x000000078a900000,0x000000078a918000,0x000000078ab00000)
  to   space 2048K, 0% used [0x000000078ab00000,0x000000078ab00000,0x000000078ad00000)
 ParOldGen       total 173568K, used 1365K [0x00000006c2800000, 0x00000006cd180000, 0x000000076b800000)
  object space 173568K, 0% used [0x00000006c2800000,0x00000006c29554e8,0x00000006cd180000)
 Metaspace       used 7981K, capacity 8550K, committed 8704K, reserved 1056768K
  class space    used 642K, capacity 658K, committed 768K, reserved 1048576K
}
Event: 3.066 GC heap before
{Heap before GC invocations=20 (full 0):
 PSYoungGen      total 167424K, used 165472K [0x000000076b800000, 0x000000078ad00000, 0x00000007c0000000)
  eden space 165376K, 100% used [0x000000076b800000,0x0000000775980000,0x0000000775980000)
  from space 2048K, 4% used [0x000000078a900000,0x000000078a918000,0x000000078ab00000)
  to   space 2048K, 0% used [0x000000078ab00000,0x000000078ab00000,0x000000078ad00000)
 ParOldGen       total 173568K, used 1365K [0x00000006c2800000, 0x00000006cd180000, 0x000000076b800000)
  object space 173568K, 0% used [0x00000006c2800000,0x00000006c29554e8,0x00000006cd180000)
 Metaspace       used 7984K, capacity 8550K, committed 8704K, reserved 1056768K
  class space    used 642K, capacity 658K, committed 768K, reserved 1048576K
Event: 3.066 GC heap after
Heap after GC invocations=20 (full 0):
 PSYoungGen      total 160256K, used 64K [0x000000076b800000, 0x000000078ab80000, 0x00000007c0000000)
  eden space 159744K, 0% used [0x000000076b800000,0x000000076b800000,0x0000000775400000)
  from space 512K, 12% used [0x000000078ab00000,0x000000078ab10000,0x000000078ab80000)
  to   space 2048K, 0% used [0x000000078a780000,0x000000078a780000,0x000000078a980000)
 ParOldGen       total 173568K, used 1365K [0x00000006c2800000, 0x00000006cd180000, 0x000000076b800000)
  object space 173568K, 0% used [0x00000006c2800000,0x00000006c29554e8,0x00000006cd180000)
 Metaspace       used 7984K, capacity 8550K, committed 8704K, reserved 1056768K
  class space    used 642K, capacity 658K, committed 768K, reserved 1048576K
}
Event: 3.199 GC heap before
{Heap before GC invocations=21 (full 0):
 PSYoungGen      total 160256K, used 159808K [0x000000076b800000, 0x000000078ab80000, 0x00000007c0000000)
  eden space 159744K, 100% used [0x000000076b800000,0x0000000775400000,0x0000000775400000)
  from space 512K, 12% used [0x000000078ab00000,0x000000078ab10000,0x000000078ab80000)
  to   space 2048K, 0% used [0x000000078a780000,0x000000078a780000,0x000000078a980000)
 ParOldGen       total 173568K, used 1365K [0x00000006c2800000, 0x00000006cd180000, 0x000000076b800000)
  object space 173568K, 0% used [0x00000006c2800000,0x00000006c29554e8,0x00000006cd180000)
 Metaspace       used 7984K, capacity 8550K, committed 8704K, reserved 1056768K
  class space    used 642K, capacity 658K, committed 768K, reserved 1048576K
Event: 3.199 GC heap after
Heap after GC invocations=21 (full 0):
 PSYoungGen      total 156160K, used 96K [0x000000076b800000, 0x000000078ab80000, 0x00000007c0000000)
  eden space 154112K, 0% used [0x000000076b800000,0x000000076b800000,0x0000000774e80000)
  from space 2048K, 4% used [0x000000078a780000,0x000000078a798000,0x000000078a980000)
  to   space 2048K, 0% used [0x000000078a980000,0x000000078a980000,0x000000078ab80000)
 ParOldGen       total 173568K, used 1365K [0x00000006c2800000, 0x00000006cd180000, 0x000000076b800000)
  object space 173568K, 0% used [0x00000006c2800000,0x00000006c29554e8,0x00000006cd180000)
 Metaspace       used 7984K, capacity 8550K, committed 8704K, reserved 1056768K
  class space    used 642K, capacity 658K, committed 768K, reserved 1048576K
}
Event: 3.323 GC heap before
{Heap before GC invocations=22 (full 0):
 PSYoungGen      total 156160K, used 154208K [0x000000076b800000, 0x000000078ab80000, 0x00000007c0000000)
  eden space 154112K, 100% used [0x000000076b800000,0x0000000774e80000,0x0000000774e80000)
  from space 2048K, 4% used [0x000000078a780000,0x000000078a798000,0x000000078a980000)
  to   space 2048K, 0% used [0x000000078a980000,0x000000078a980000,0x000000078ab80000)
 ParOldGen       total 173568K, used 1365K [0x00000006c2800000, 0x00000006cd180000, 0x000000076b800000)
  object space 173568K, 0% used [0x00000006c2800000,0x00000006c29554e8,0x00000006cd180000)
 Metaspace       used 7984K, capacity 8550K, committed 8704K, reserved 1056768K
  class space    used 642K, capacity 658K, committed 768K, reserved 1048576K
Event: 3.324 GC heap after
Heap after GC invocations=22 (full 0):
 PSYoungGen      total 149504K, used 32K [0x000000076b800000, 0x000000078aa00000, 0x00000007c0000000)
  eden space 148992K, 0% used [0x000000076b800000,0x000000076b800000,0x0000000774980000)
  from space 512K, 6% used [0x000000078a980000,0x000000078a988000,0x000000078aa00000)
  to   space 1536K, 0% used [0x000000078a700000,0x000000078a700000,0x000000078a880000)
 ParOldGen       total 173568K, used 1365K [0x00000006c2800000, 0x00000006cd180000, 0x000000076b800000)
  object space 173568K, 0% used [0x00000006c2800000,0x00000006c29554e8,0x00000006cd180000)
 Metaspace       used 7984K, capacity 8550K, committed 8704K, reserved 1056768K
  class space    used 642K, capacity 658K, committed 768K, reserved 1048576K
}

Deoptimization events (10 events):
Event: 0.134 Thread 0x000000001e360000 Uncommon trap: reason=bimorphic action=maybe_recompile pc=0x0000000002848734 method=java.util.HashMap.getNode(ILjava/lang/Object;)Ljava/util/HashMap$Node; @ 126
Event: 0.427 Thread 0x000000001e360000 Uncommon trap: reason=bimorphic action=maybe_recompile pc=0x0000000002848734 method=java.util.HashMap.getNode(ILjava/lang/Object;)Ljava/util/HashMap$Node; @ 126
Event: 0.428 Thread 0x000000001e360000 Uncommon trap: reason=bimorphic action=maybe_recompile pc=0x0000000002848734 method=java.util.HashMap.getNode(ILjava/lang/Object;)Ljava/util/HashMap$Node; @ 126
Event: 0.433 Thread 0x000000001e360000 Uncommon trap: reason=unstable_if action=reinterpret pc=0x0000000002831418 method=java.util.HashMap.keySet()Ljava/util/Set; @ 6
Event: 0.830 Thread 0x000000001e360000 Uncommon trap: reason=unstable_if action=reinterpret pc=0x00000000028439c4 method=java.util.HashMap.clear()V @ 16
Event: 0.830 Thread 0x000000001e360000 Uncommon trap: reason=unstable_if action=reinterpret pc=0x000000000283d148 method=java.util.HashMap$HashIterator.<init>(Ljava/util/HashMap;)V @ 38
Event: 0.830 Thread 0x00000000026fe000 Uncommon trap: reason=unstable_if action=reinterpret pc=0x000000000286ff70 method=main.coreEngine.TickableThread.invoke(Ljava/lang/String;[Ljava/lang/Object;)V @ 53
Event: 0.830 Thread 0x000000001e360000 Uncommon trap: reason=unstable_if action=reinterpret pc=0x0000000002843158 method=java.util.HashMap.clear()V @ 16
Event: 0.830 Thread 0x000000001e334000 Uncommon trap: reason=unstable_if action=reinterpret pc=0x0000000002871860 method=main.coreEngine.TickableThread.run()V @ 58
Event: 0.941 Thread 0x000000001e334000 Uncommon trap: reason=unstable_if action=reinterpret pc=0x000000000297ece8 method=main.coreEngine.TickableThread.run()V @ 461

Internal exceptions (8 events):
Event: 0.023 Thread 0x00000000026fe000 Exception <a 'java/lang/NoSuchMethodError': Method sun.misc.Unsafe.defineClass(Ljava/lang/String;[BII)Ljava/lang/Class; name or signature does not match> (0x000000076b80d9b8) thrown at [C:\workspace\8-2-build-windows-amd64-cygwin\jdk8u65\4987\hotspot\src\sg.z⁄Åó?
Event: 0.023 Thread 0x00000000026fe000 Exception <a 'java/lang/NoSuchMethodError': Method sun.misc.Unsafe.prefetchRead(Ljava/lang/Object;J)V name or signature does not match> (0x000000076b80dca0) thrown at [C:\workspace\8-2-build-windows-amd64-cygwin\jdk8u65\4987\hotspot\src\share\vm\prims\jni.˚ˆ•ƒ]{√?
Event: 0.152 Thread 0x000000001e360000 Exception <a 'java/lang/ArrayIndexOutOfBoundsException': -1> (0x000000076cd3d1e8) thrown at [C:\workspace\8-2-build-windows-amd64-cygwin\jdk8u65\4987\hotspot\src\share\vm\interpreter\interpreterRuntime.cpp, line 366]
Event: 0.428 Thread 0x000000001e360000 Exception <a 'java/security/PrivilegedActionException'> (0x00000007707e3450) thrown at [C:\workspace\8-2-build-windows-amd64-cygwin\jdk8u65\4987\hotspot\src\share\vm\prims\jvm.cpp, line 1386]
Event: 0.428 Thread 0x000000001e360000 Exception <a 'java/security/PrivilegedActionException'> (0x00000007707e3848) thrown at [C:\workspace\8-2-build-windows-amd64-cygwin\jdk8u65\4987\hotspot\src\share\vm\prims\jvm.cpp, line 1386]
Event: 0.428 Thread 0x000000001e360000 Exception <a 'java/security/PrivilegedActionException'> (0x00000007707e7a60) thrown at [C:\workspace\8-2-build-windows-amd64-cygwin\jdk8u65\4987\hotspot\src\share\vm\prims\jvm.cpp, line 1386]
Event: 0.428 Thread 0x000000001e360000 Exception <a 'java/security/PrivilegedActionException'> (0x00000007707e7e58) thrown at [C:\workspace\8-2-build-windows-amd64-cygwin\jdk8u65\4987\hotspot\src\share\vm\prims\jvm.cpp, line 1386]
Event: 0.830 Thread 0x00000000026fe000 Implicit null exception at 0x000000000286f97c to 0x000000000286ff49

Events (10 events):
Event: 2.790 Executing VM operation: ParallelGCFailedAllocation
Event: 2.791 Executing VM operation: ParallelGCFailedAllocation done
Event: 2.919 Executing VM operation: ParallelGCFailedAllocation
Event: 2.919 Executing VM operation: ParallelGCFailedAllocation done
Event: 3.065 Executing VM operation: ParallelGCFailedAllocation
Event: 3.066 Executing VM operation: ParallelGCFailedAllocation done
Event: 3.199 Executing VM operation: ParallelGCFailedAllocation
Event: 3.199 Executing VM operation: ParallelGCFailedAllocation done
Event: 3.323 Executing VM operation: ParallelGCFailedAllocation
Event: 3.324 Executing VM operation: ParallelGCFailedAllocation done


Dynamic libraries:
0x00007ff7d2c20000 - 0x00007ff7d2c57000 	C:\Program Files\Java\jdk1.8.0_65\bin\java.exe
0x00007ffde4980000 - 0x00007ffde4b41000 	C:\WINDOWS\SYSTEM32\ntdll.dll
0x00007ffde42a0000 - 0x00007ffde434d000 	C:\WINDOWS\system32\KERNEL32.DLL
0x00007ffde19f0000 - 0x00007ffde1bd8000 	C:\WINDOWS\system32\KERNELBASE.dll
0x00007ffde1e70000 - 0x00007ffde1f17000 	C:\WINDOWS\system32\ADVAPI32.dll
0x00007ffde3800000 - 0x00007ffde389d000 	C:\WINDOWS\system32\msvcrt.dll
0x00007ffde1e10000 - 0x00007ffde1e6b000 	C:\WINDOWS\system32\sechost.dll
0x00007ffde3bd0000 - 0x00007ffde3cec000 	C:\WINDOWS\system32\RPCRT4.dll
0x00007ffde3fe0000 - 0x00007ffde4136000 	C:\WINDOWS\system32\USER32.dll
0x00007ffde3cf0000 - 0x00007ffde3e76000 	C:\WINDOWS\system32\GDI32.dll
0x00007ffddd690000 - 0x00007ffddd904000 	C:\WINDOWS\WinSxS\amd64_microsoft.windows.common-controls_6595b64144ccf1df_6.0.10586.0_none_8c15ae12515e1c22\COMCTL32.dll
0x00007ffde3950000 - 0x00007ffde3bcd000 	C:\WINDOWS\system32\combase.dll
0x00007ffde1cf0000 - 0x00007ffde1d5a000 	C:\WINDOWS\system32\bcryptPrimitives.dll
0x00007ffde1dc0000 - 0x00007ffde1dfb000 	C:\WINDOWS\system32\IMM32.DLL
0x0000000070c90000 - 0x0000000070d62000 	C:\Program Files\Java\jdk1.8.0_65\jre\bin\msvcr100.dll
0x0000000070400000 - 0x0000000070c89000 	C:\Program Files\Java\jdk1.8.0_65\jre\bin\server\jvm.dll
0x00007ffde4290000 - 0x00007ffde4298000 	C:\WINDOWS\system32\PSAPI.DLL
0x00007ffdd8550000 - 0x00007ffdd8559000 	C:\WINDOWS\SYSTEM32\WSOCK32.dll
0x00007ffddf730000 - 0x00007ffddf753000 	C:\WINDOWS\SYSTEM32\WINMM.dll
0x00007ffddd9c0000 - 0x00007ffddd9ca000 	C:\WINDOWS\SYSTEM32\VERSION.dll
0x00007ffde4470000 - 0x00007ffde44db000 	C:\WINDOWS\system32\WS2_32.dll
0x00007ffddf6d0000 - 0x00007ffddf6fc000 	C:\WINDOWS\SYSTEM32\WINMMBASE.dll
0x00007ffde1be0000 - 0x00007ffde1c23000 	C:\WINDOWS\system32\cfgmgr32.dll
0x00000000703f0000 - 0x00000000703ff000 	C:\Program Files\Java\jdk1.8.0_65\jre\bin\verify.dll
0x00000000703c0000 - 0x00000000703e9000 	C:\Program Files\Java\jdk1.8.0_65\jre\bin\java.dll
0x0000000070380000 - 0x00000000703b5000 	C:\Program Files\Java\jdk1.8.0_65\jre\bin\jdwp.dll
0x0000000070370000 - 0x0000000070378000 	C:\Program Files\Java\jdk1.8.0_65\jre\bin\npt.dll
0x0000000070350000 - 0x0000000070366000 	C:\Program Files\Java\jdk1.8.0_65\jre\bin\zip.dll
0x00007ffde1f80000 - 0x00007ffde34dc000 	C:\WINDOWS\system32\SHELL32.dll
0x00007ffde11d0000 - 0x00007ffde1815000 	C:\WINDOWS\system32\windows.storage.dll
0x00007ffde36b0000 - 0x00007ffde3702000 	C:\WINDOWS\system32\shlwapi.dll
0x00007ffde0fb0000 - 0x00007ffde0fbf000 	C:\WINDOWS\system32\kernel.appcore.dll
0x00007ffde1c30000 - 0x00007ffde1ce5000 	C:\WINDOWS\system32\shcore.dll
0x00007ffde0fc0000 - 0x00007ffde100b000 	C:\WINDOWS\system32\powrprof.dll
0x00007ffde0f80000 - 0x00007ffde0f94000 	C:\WINDOWS\system32\profapi.dll
0x0000000070340000 - 0x0000000070349000 	C:\Program Files\Java\jdk1.8.0_65\jre\bin\dt_socket.dll
0x00007ffde08b0000 - 0x00007ffde090c000 	C:\WINDOWS\system32\mswsock.dll
0x00007ffdd46c0000 - 0x00007ffdd4748000 	D:\Code\Java\Projects\WireEngine20\lib\native\lwjgl.dll
0x00007ffde0a80000 - 0x00007ffde0a8b000 	C:\WINDOWS\SYSTEM32\CRYPTBASE.DLL
0x00007ffdd4190000 - 0x00007ffdd41d2000 	D:\Code\Java\Projects\WireEngine20\lib\native\jemalloc.dll
0x00007ffdd3df0000 - 0x00007ffdd3e28000 	D:\Code\Java\Projects\WireEngine20\lib\native\glfw.dll
0x00007ffddf850000 - 0x00007ffddf8e6000 	C:\WINDOWS\system32\uxtheme.dll
0x00007ffdde650000 - 0x00007ffdde672000 	C:\WINDOWS\SYSTEM32\dwmapi.dll
0x00007ffdc9d10000 - 0x00007ffdc9e39000 	C:\WINDOWS\SYSTEM32\opengl32.dll
0x00007ffdcc690000 - 0x00007ffdcc6be000 	C:\WINDOWS\SYSTEM32\GLU32.dll
0x00007ffdc8ba0000 - 0x00007ffdc8c9a000 	C:\WINDOWS\SYSTEM32\DDRAW.dll
0x00007ffdd3d80000 - 0x00007ffdd3d88000 	C:\WINDOWS\SYSTEM32\DCIMAN32.dll
0x00007ffde3e80000 - 0x00007ffde3fda000 	C:\WINDOWS\system32\MSCTF.dll
0x00007ffdc3f50000 - 0x00007ffdc3f99000 	C:\Program Files (x86)\TeamViewer\tv_x64.dll
0x00007ffde4140000 - 0x00007ffde4283000 	C:\WINDOWS\system32\ole32.dll
0x000000006e5f0000 - 0x0000000070339000 	C:\WINDOWS\SYSTEM32\nvoglv64.DLL
0x00007ffde4550000 - 0x00007ffde4979000 	C:\WINDOWS\system32\SETUPAPI.dll
0x00007ffddf2f0000 - 0x00007ffddf303000 	C:\WINDOWS\SYSTEM32\WTSAPI32.dll
0x00007ffddf9a0000 - 0x00007ffddf9c7000 	C:\WINDOWS\SYSTEM32\DEVOBJ.dll
0x00007ffde1170000 - 0x00007ffde11c5000 	C:\WINDOWS\system32\WINTRUST.dll
0x00007ffde0fa0000 - 0x00007ffde0fb0000 	C:\WINDOWS\system32\MSASN1.dll
0x00007ffde1820000 - 0x00007ffde19e7000 	C:\WINDOWS\system32\CRYPT32.dll
0x00007ffde04d0000 - 0x00007ffde0501000 	C:\WINDOWS\SYSTEM32\ntmarta.dll
0x00007ffde0220000 - 0x00007ffde0276000 	C:\WINDOWS\SYSTEM32\WINSTA.dll
0x00007ffde38a0000 - 0x00007ffde3947000 	C:\WINDOWS\system32\clbcatq.dll
0x00007ffdb9de0000 - 0x00007ffdb9f6c000 	C:\WINDOWS\SYSTEM32\dbghelp.dll

VM Arguments:
jvm_args: -agentlib:jdwp=transport=dt_socket,address=127.0.0.1:60724,suspend=y,server=n -Djava.library.path=lib/native/ -Dfile.encoding=UTF-8 
java_command: main.Main
java_class_path (initial): C:\Program Files\Java\jdk1.8.0_65\jre\lib\charsets.jar;C:\Program Files\Java\jdk1.8.0_65\jre\lib\deploy.jar;C:\Program Files\Java\jdk1.8.0_65\jre\lib\ext\access-bridge-64.jar;C:\Program Files\Java\jdk1.8.0_65\jre\lib\ext\cldrdata.jar;C:\Program Files\Java\jdk1.8.0_65\jre\lib\ext\dnsns.jar;C:\Program Files\Java\jdk1.8.0_65\jre\lib\ext\jaccess.jar;C:\Program Files\Java\jdk1.8.0_65\jre\lib\ext\jfxrt.jar;C:\Program Files\Java\jdk1.8.0_65\jre\lib\ext\localedata.jar;C:\Program Files\Java\jdk1.8.0_65\jre\lib\ext\nashorn.jar;C:\Program Files\Java\jdk1.8.0_65\jre\lib\ext\sunec.jar;C:\Program Files\Java\jdk1.8.0_65\jre\lib\ext\sunjce_provider.jar;C:\Program Files\Java\jdk1.8.0_65\jre\lib\ext\sunmscapi.jar;C:\Program Files\Java\jdk1.8.0_65\jre\lib\ext\sunpkcs11.jar;C:\Program Files\Java\jdk1.8.0_65\jre\lib\ext\zipfs.jar;C:\Program Files\Java\jdk1.8.0_65\jre\lib\javaws.jar;C:\Program Files\Java\jdk1.8.0_65\jre\lib\jce.jar;C:\Program Files\Java\jdk1.8.0_65\jre\lib\jfr.jar;C:\Program Files\Java\jdk1.8.0_65\jre\lib\jfxswt.jar;C:\Program Files\Java\jdk1.8.0_65\jre\lib\jsse.jar;C:\Program Files\Java\jdk1.8.0_65\jre\lib\management-agent.jar;C:\Program Files\Java\jdk1.8.0_65\jre\lib\plugin.jar;C:\Program Files\Java\jdk1.8.0_65\jre\lib\resources.jar;C:\Program Files\Java\jdk1.8.0_65\jre\lib\rt.jar;D:\Code\Java\Projects\WireEngine20\out\production\WireEngine20;D:\Code\Java\Projects\WireEngine20\lib\jar\lwjgl.jar;D:\Program Files (x86)\JetBrains\IntelliJ IDEA 2016.1\lib\idea_rt.jar
Launcher Type: SUN_STANDARD

Environment Variables:
JAVA_HOME=C:\Program Files\Java\jdk1.8.0_65
PATH=C:\ProgramData\Oracle\Java\javapath;C:\Program Files (x86)\Razer Chroma SDK\bin;C:\Program Files\Razer Chroma SDK\bin;C:\Program Files (x86)\NVIDIA Corporation\PhysX\Common;C:\Program Files (x86)\Intel\iCLS Client\;C:\Program Files\Intel\iCLS Client\;C:\Windows\system32;C:\Windows;C:\Windows\System32\Wbem;C:\Windows\System32\WindowsPowerShell\v1.0\;C:\Program Files\Intel\Intel(R) Management Engine Components\DAL;C:\Program Files (x86)\Intel\Intel(R) Management Engine Components\DAL;C:\Program Files\Intel\Intel(R) Management Engine Components\IPT;C:\Program Files (x86)\Intel\Intel(R) Management Engine Components\IPT;C:\Program Files\Java\jre1.8.0_65\bin;C:\MinGW\bin;C:\WINDOWS\system32;C:\WINDOWS;C:\WINDOWS\System32\Wbem;C:\WINDOWS\System32\WindowsPowerShell\v1.0\;D:\Program Files (x86)\CMake\bin;D:\Program Files\Programs\Python\Python35-32;D:\Program Files\Programs\Python\Python35-32\Scripts;C:\Program Files (x86)\Skype\Phone\;D:\Program Files\Programs\Python\Python35-32\Scripts\;D:\Program Files\Programs\Python\Python35-32\
USERNAME=Kelan
OS=Windows_NT
PROCESSOR_IDENTIFIER=Intel64 Family 6 Model 60 Stepping 3, GenuineIntel



---------------  S Y S T E M  ---------------

OS: Windows 10.0 , 64 bit Build 10586 (10.0.10586.0)

CPU:total 8 (4 cores per cpu, 2 threads per core) family 6 model 60 stepping 3, cmov, cx8, fxsr, mmx, sse, sse2, sse3, ssse3, sse4.1, sse4.2, popcnt, avx, avx2, aes, clmul, erms, lzcnt, ht, tsc, tscinvbit, bmi1, bmi2

Memory: 4k page, physical 16609500k(5376272k free), swap 33386716k(19310616k free)

vm_info: Java HotSpot(TM) 64-Bit Server VM (25.65-b01) for windows-amd64 JRE (1.8.0_65-b17), built on Oct  6 2015 16:39:20 by "java_re" with MS VC++ 10.0 (VS2010)

time: Sat Apr 09 15:43:05 2016
elapsed time: 3 seconds (0d 0h 0m 3s)

