#
# A fatal error has been detected by the Java Runtime Environment:
#
#  EXCEPTION_ACCESS_VIOLATION (0xc0000005) at pc=0x00007ffdc91324b9, pid=6544, tid=6464
#
# JRE version: Java(TM) SE Runtime Environment (8.0_65-b17) (build 1.8.0_65-b17)
# Java VM: Java HotSpot(TM) 64-Bit Server VM (25.65-b01 mixed mode windows-amd64 compressed oops)
# Problematic frame:
# C  [glfw.dll+0x24b9]
#
# Failed to write core dump. Minidumps are not enabled by default on client versions of Windows
#
# If you would like to submit a bug report, please visit:
#   http://bugreport.java.com/bugreport/crash.jsp
# The crash happened outside the Java Virtual Machine in native code.
# See problematic frame for where to report the bug.
#

---------------  T H R E A D  ---------------

Current thread (0x000000001e2af000):  JavaThread "CLIENT" [_thread_in_native, id=6464, stack(0x000000001efa0000,0x000000001f0a0000)]

siginfo: ExceptionCode=0xc0000005, reading address 0x0000000000000000

Registers:
RAX=0x0000000000000000, RBX=0x000000001bb56d70, RCX=0x0000000000000000, RDX=0x0000000000000000
RSP=0x000000001f09f040, RBP=0x000000001f09f0f0, RSI=0x0000000000000108, RDI=0x00000000004e4740
R8 =0x000000001f09f038, R9 =0x000000001f09f0f0, R10=0x0000000000000000, R11=0x0000000000000246
R12=0x0000000000000000, R13=0x000000001bb56d70, R14=0x000000001f09f128, R15=0x000000001e2af000
RIP=0x00007ffdc91324b9, EFLAGS=0x0000000000010287

Top of Stack: (sp=0x000000001f09f040)
0x000000001f09f040:   000000001e2af000 000000001e2af000
0x000000001f09f050:   000000001bb70ce0 000000007052d610
0x000000001f09f060:   000000000000015e 000000000275dfcc
0x000000001f09f070:   000000001bb56d70 000000001c0e04f0
0x000000001f09f080:   000000000000000e 000000001e2af000
0x000000001f09f090:   000000001bb70ce0 000000007052aea4
0x000000001f09f0a0:   000000001e2af000 000000001e2af000
0x000000001f09f0b0:   000000001f09f0b0 0000000000000000
0x000000001f09f0c0:   000000001f09f128 000000001bb57510
0x000000001f09f0d0:   0000000000000000 000000001bb56d70
0x000000001f09f0e0:   0000000000000000 000000001f09f110
0x000000001f09f0f0:   000000001f09f170 0000000002747d8d
0x000000001f09f100:   00000006c2804110 00000000027542f8
0x000000001f09f110:   00000000004e4740 00000000027478a0
0x000000001f09f120:   00007ffdc9132420 0000000000000001
0x000000001f09f130:   000000001f09f130 000000001bb70cb4 

Instructions: (pc=0x00007ffdc91324b9)
0x00007ffdc9132499:   48 8b cf e8 1f 3a 00 00 48 39 3d f0 d5 02 00 48
0x00007ffdc91324a9:   8d 0d e9 d5 02 00 48 8b 5c 24 30 74 08 48 8b 09
0x00007ffdc91324b9:   48 39 39 75 f8 48 8b 07 48 89 01 48 8b cf 48 83
0x00007ffdc91324c9:   c4 20 5f e9 5b fe 00 00 48 83 c4 20 5f c3 cc cc 


Register to memory mapping:

RAX=0x0000000000000000 is an unknown value
RBX={method} {0x000000001bb56d78} 'invokePV' '(JJ)V' in 'org/lwjgl/system/JNI'
RCX=0x0000000000000000 is an unknown value
RDX=0x0000000000000000 is an unknown value
RSP=0x000000001f09f040 is pointing into the stack for thread: 0x000000001e2af000
RBP=0x000000001f09f0f0 is pointing into the stack for thread: 0x000000001e2af000
RSI=0x0000000000000108 is an unknown value
RDI=0x00000000004e4740 is an unknown value
R8 =0x000000001f09f038 is pointing into the stack for thread: 0x000000001e2af000
R9 =0x000000001f09f0f0 is pointing into the stack for thread: 0x000000001e2af000
R10=0x0000000000000000 is an unknown value
R11=0x0000000000000246 is an unknown value
R12=0x0000000000000000 is an unknown value
R13={method} {0x000000001bb56d78} 'invokePV' '(JJ)V' in 'org/lwjgl/system/JNI'
R14=0x000000001f09f128 is pointing into the stack for thread: 0x000000001e2af000
R15=0x000000001e2af000 is a thread


Stack: [0x000000001efa0000,0x000000001f0a0000],  sp=0x000000001f09f040,  free space=1020k
Native frames: (J=compiled Java code, j=interpreted, Vv=VM code, C=native code)
C  [glfw.dll+0x24b9]
C  0x000000000275dfcc

Java frames: (J=compiled Java code, j=interpreted, Vv=VM code)
j  org.lwjgl.system.JNI.invokePV(JJ)V+0
j  org.lwjgl.glfw.GLFW.glfwDestroyCursor(J)V+20
j  main.client.Window.destroyWindow()V+9
j  main.coreEngine.Engine.stop()V+70
j  main.client.Window.update()V+43
j  main.client.renderEngine.RenderEngine.render()V+32
j  main.client.ClientThread.tick()V+12
J 444% C1 main.coreEngine.TickableThread.run()V (481 bytes) @ 0x00000000029a6a1c [0x00000000029a2140+0x48dc]
v  ~StubRoutines::call_stub

---------------  P R O C E S S  ---------------

Java Threads: ( => current thread )
  0x000000001e2b0000 JavaThread "SERVER" [_thread_in_Java, id=11680, stack(0x000000001f0a0000,0x000000001f1a0000)]
=>0x000000001e2af000 JavaThread "CLIENT" [_thread_in_native, id=6464, stack(0x000000001efa0000,0x000000001f0a0000)]
  0x000000001e190000 JavaThread "Service Thread" daemon [_thread_blocked, id=5100, stack(0x000000001eda0000,0x000000001eea0000)]
  0x000000001e101800 JavaThread "C1 CompilerThread3" daemon [_thread_blocked, id=8716, stack(0x000000001eca0000,0x000000001eda0000)]
  0x000000001e0f3000 JavaThread "C2 CompilerThread2" daemon [_thread_blocked, id=1184, stack(0x000000001eba0000,0x000000001eca0000)]
  0x000000001e0f2800 JavaThread "C2 CompilerThread1" daemon [_thread_blocked, id=6300, stack(0x000000001eaa0000,0x000000001eba0000)]
  0x000000001e0fc800 JavaThread "C2 CompilerThread0" daemon [_thread_blocked, id=9336, stack(0x000000001e9a0000,0x000000001eaa0000)]
  0x000000001e0e2800 JavaThread "JDWP Command Reader" daemon [_thread_in_native, id=2052, stack(0x000000001e8a0000,0x000000001e9a0000)]
  0x000000001e0df000 JavaThread "JDWP Event Helper Thread" daemon [_thread_blocked, id=376, stack(0x000000001e7a0000,0x000000001e8a0000)]
  0x000000001e0d1800 JavaThread "JDWP Transport Listener: dt_socket" daemon [_thread_blocked, id=12852, stack(0x000000001e6a0000,0x000000001e7a0000)]
  0x000000001e0c7800 JavaThread "Attach Listener" daemon [_thread_blocked, id=10780, stack(0x000000001e5a0000,0x000000001e6a0000)]
  0x000000001e0c6000 JavaThread "Signal Dispatcher" daemon [_thread_blocked, id=13924, stack(0x000000001e4a0000,0x000000001e5a0000)]
  0x000000000264a000 JavaThread "Finalizer" daemon [_thread_blocked, id=10452, stack(0x000000001dfa0000,0x000000001e0a0000)]
  0x0000000002643000 JavaThread "Reference Handler" daemon [_thread_blocked, id=13404, stack(0x000000001dea0000,0x000000001dfa0000)]
  0x000000000273e000 JavaThread "main" [_thread_in_Java, id=5816, stack(0x0000000002400000,0x0000000002500000)]

Other Threads:
  0x000000001c0d9800 VMThread [stack: 0x000000001dda0000,0x000000001dea0000] [id=8328]
  0x000000001e1ba800 WatcherThread [stack: 0x000000001eea0000,0x000000001efa0000] [id=6232]

VM state:not at safepoint (normal execution)

VM Mutex/Monitor currently owned by a thread: None

Heap:
 PSYoungGen      total 207360K, used 172228K [0x000000076b800000, 0x0000000784b80000, 0x00000007c0000000)
  eden space 205312K, 83% used [0x000000076b800000,0x00000007760192e0,0x0000000778080000)
  from space 2048K, 4% used [0x0000000784780000,0x0000000784798000,0x0000000784980000)
  to   space 2048K, 0% used [0x0000000784980000,0x0000000784980000,0x0000000784b80000)
 ParOldGen       total 173568K, used 1242K [0x00000006c2800000, 0x00000006cd180000, 0x000000076b800000)
  object space 173568K, 0% used [0x00000006c2800000,0x00000006c2936a50,0x00000006cd180000)
 Metaspace       used 7976K, capacity 8486K, committed 8704K, reserved 1056768K
  class space    used 641K, capacity 658K, committed 768K, reserved 1048576K

Card table byte_map: [0x0000000011b00000,0x00000000122f0000] byte_map_base: 0x000000000e4ec000

Marking Bits: (ParMarkBitMap*) 0x0000000070c0a5b0
 Begin Bits: [0x0000000013040000, 0x0000000016fa0000)
 End Bits:   [0x0000000016fa0000, 0x000000001af00000)

Polling page: 0x0000000000490000

CodeCache: size=245760Kb used=2637Kb max_used=2639Kb free=243122Kb
 bounds [0x0000000002740000, 0x00000000029e0000, 0x0000000011740000]
 total_blobs=1129 nmethods=486 adapters=564
 compilation: enabled

Compilation events (10 events):
Event: 1.716 Thread 0x000000001e101800  480       3       org.lwjgl.opengl.GL11::glEnableClientState (24 bytes)
Event: 1.716 Thread 0x000000001e101800 nmethod 480 0x00000000029b9550 code [0x00000000029b9760, 0x00000000029b9fe8]
Event: 1.717 Thread 0x000000001e101800  482       3       org.lwjgl.opengl.GL11::glDisableClientState (24 bytes)
Event: 1.717 Thread 0x000000001e101800 nmethod 482 0x00000000029bc690 code [0x00000000029bc8a0, 0x00000000029bd128]
Event: 2.033 Thread 0x000000001e101800  483       3       org.lwjgl.glfw.GLFW::getInstance (4 bytes)
Event: 2.033 Thread 0x000000001e101800 nmethod 483 0x00000000029bc390 code [0x00000000029bc4e0, 0x00000000029bc610]
Event: 2.066 Thread 0x000000001e101800  485       3       main.coreEngine.Engine::getGame (28 bytes)
Event: 2.066 Thread 0x000000001e101800 nmethod 485 0x00000000029bb590 code [0x00000000029bb740, 0x00000000029bbda8]
Event: 2.110 Thread 0x000000001e101800  486   !   3       main.coreEngine.TickableThread::scheduleTick (25 bytes)
Event: 2.110 Thread 0x000000001e101800 nmethod 486 0x00000000029bb050 code [0x00000000029bb1c0, 0x00000000029bb4d0]

GC Heap History (10 events):
Event: 1.315 GC heap before
{Heap before GC invocations=11 (full 0):
 PSYoungGen      total 249344K, used 248928K [0x000000076b800000, 0x0000000784f80000, 0x00000007c0000000)
  eden space 248832K, 100% used [0x000000076b800000,0x000000077ab00000,0x000000077ab00000)
  from space 512K, 18% used [0x0000000784f00000,0x0000000784f18000,0x0000000784f80000)
  to   space 2560K, 0% used [0x0000000784a80000,0x0000000784a80000,0x0000000784d00000)
 ParOldGen       total 173568K, used 1234K [0x00000006c2800000, 0x00000006cd180000, 0x000000076b800000)
  object space 173568K, 0% used [0x00000006c2800000,0x00000006c2934a50,0x00000006cd180000)
 Metaspace       used 7973K, capacity 8486K, committed 8704K, reserved 1056768K
  class space    used 641K, capacity 658K, committed 768K, reserved 1048576K
Event: 1.316 GC heap after
Heap after GC invocations=11 (full 0):
 PSYoungGen      total 241664K, used 64K [0x000000076b800000, 0x0000000784f80000, 0x00000007c0000000)
  eden space 239104K, 0% used [0x000000076b800000,0x000000076b800000,0x000000077a180000)
  from space 2560K, 2% used [0x0000000784a80000,0x0000000784a90000,0x0000000784d00000)
  to   space 2560K, 0% used [0x0000000784d00000,0x0000000784d00000,0x0000000784f80000)
 ParOldGen       total 173568K, used 1242K [0x00000006c2800000, 0x00000006cd180000, 0x000000076b800000)
  object space 173568K, 0% used [0x00000006c2800000,0x00000006c2936a50,0x00000006cd180000)
 Metaspace       used 7973K, capacity 8486K, committed 8704K, reserved 1056768K
  class space    used 641K, capacity 658K, committed 768K, reserved 1048576K
}
Event: 1.502 GC heap before
{Heap before GC invocations=12 (full 0):
 PSYoungGen      total 241664K, used 239168K [0x000000076b800000, 0x0000000784f80000, 0x00000007c0000000)
  eden space 239104K, 100% used [0x000000076b800000,0x000000077a180000,0x000000077a180000)
  from space 2560K, 2% used [0x0000000784a80000,0x0000000784a90000,0x0000000784d00000)
  to   space 2560K, 0% used [0x0000000784d00000,0x0000000784d00000,0x0000000784f80000)
 ParOldGen       total 173568K, used 1242K [0x00000006c2800000, 0x00000006cd180000, 0x000000076b800000)
  object space 173568K, 0% used [0x00000006c2800000,0x00000006c2936a50,0x00000006cd180000)
 Metaspace       used 7973K, capacity 8486K, committed 8704K, reserved 1056768K
  class space    used 641K, capacity 658K, committed 768K, reserved 1048576K
Event: 1.503 GC heap after
Heap after GC invocations=12 (full 0):
 PSYoungGen      total 230400K, used 64K [0x000000076b800000, 0x0000000784d80000, 0x00000007c0000000)
  eden space 229888K, 0% used [0x000000076b800000,0x000000076b800000,0x0000000779880000)
  from space 512K, 12% used [0x0000000784d00000,0x0000000784d10000,0x0000000784d80000)
  to   space 2560K, 0% used [0x0000000784880000,0x0000000784880000,0x0000000784b00000)
 ParOldGen       total 173568K, used 1242K [0x00000006c2800000, 0x00000006cd180000, 0x000000076b800000)
  object space 173568K, 0% used [0x00000006c2800000,0x00000006c2936a50,0x00000006cd180000)
 Metaspace       used 7973K, capacity 8486K, committed 8704K, reserved 1056768K
  class space    used 641K, capacity 658K, committed 768K, reserved 1048576K
}
Event: 1.681 GC heap before
{Heap before GC invocations=13 (full 0):
 PSYoungGen      total 230400K, used 229952K [0x000000076b800000, 0x0000000784d80000, 0x00000007c0000000)
  eden space 229888K, 100% used [0x000000076b800000,0x0000000779880000,0x0000000779880000)
  from space 512K, 12% used [0x0000000784d00000,0x0000000784d10000,0x0000000784d80000)
  to   space 2560K, 0% used [0x0000000784880000,0x0000000784880000,0x0000000784b00000)
 ParOldGen       total 173568K, used 1242K [0x00000006c2800000, 0x00000006cd180000, 0x000000076b800000)
  object space 173568K, 0% used [0x00000006c2800000,0x00000006c2936a50,0x00000006cd180000)
 Metaspace       used 7974K, capacity 8486K, committed 8704K, reserved 1056768K
  class space    used 641K, capacity 658K, committed 768K, reserved 1048576K
Event: 1.681 GC heap after
Heap after GC invocations=13 (full 0):
 PSYoungGen      total 223744K, used 96K [0x000000076b800000, 0x0000000784d80000, 0x00000007c0000000)
  eden space 221184K, 0% used [0x000000076b800000,0x000000076b800000,0x0000000779000000)
  from space 2560K, 3% used [0x0000000784880000,0x0000000784898000,0x0000000784b00000)
  to   space 2560K, 0% used [0x0000000784b00000,0x0000000784b00000,0x0000000784d80000)
 ParOldGen       total 173568K, used 1242K [0x00000006c2800000, 0x00000006cd180000, 0x000000076b800000)
  object space 173568K, 0% used [0x00000006c2800000,0x00000006c2936a50,0x00000006cd180000)
 Metaspace       used 7974K, capacity 8486K, committed 8704K, reserved 1056768K
  class space    used 641K, capacity 658K, committed 768K, reserved 1048576K
}
Event: 1.855 GC heap before
{Heap before GC invocations=14 (full 0):
 PSYoungGen      total 223744K, used 221280K [0x000000076b800000, 0x0000000784d80000, 0x00000007c0000000)
  eden space 221184K, 100% used [0x000000076b800000,0x0000000779000000,0x0000000779000000)
  from space 2560K, 3% used [0x0000000784880000,0x0000000784898000,0x0000000784b00000)
  to   space 2560K, 0% used [0x0000000784b00000,0x0000000784b00000,0x0000000784d80000)
 ParOldGen       total 173568K, used 1242K [0x00000006c2800000, 0x00000006cd180000, 0x000000076b800000)
  object space 173568K, 0% used [0x00000006c2800000,0x00000006c2936a50,0x00000006cd180000)
 Metaspace       used 7975K, capacity 8486K, committed 8704K, reserved 1056768K
  class space    used 641K, capacity 658K, committed 768K, reserved 1048576K
Event: 1.855 GC heap after
Heap after GC invocations=14 (full 0):
 PSYoungGen      total 213504K, used 64K [0x000000076b800000, 0x0000000784b80000, 0x00000007c0000000)
  eden space 212992K, 0% used [0x000000076b800000,0x000000076b800000,0x0000000778800000)
  from space 512K, 12% used [0x0000000784b00000,0x0000000784b10000,0x0000000784b80000)
  to   space 2048K, 0% used [0x0000000784780000,0x0000000784780000,0x0000000784980000)
 ParOldGen       total 173568K, used 1242K [0x00000006c2800000, 0x00000006cd180000, 0x000000076b800000)
  object space 173568K, 0% used [0x00000006c2800000,0x00000006c2936a50,0x00000006cd180000)
 Metaspace       used 7975K, capacity 8486K, committed 8704K, reserved 1056768K
  class space    used 641K, capacity 658K, committed 768K, reserved 1048576K
}
Event: 2.049 GC heap before
{Heap before GC invocations=15 (full 0):
 PSYoungGen      total 213504K, used 213056K [0x000000076b800000, 0x0000000784b80000, 0x00000007c0000000)
  eden space 212992K, 100% used [0x000000076b800000,0x0000000778800000,0x0000000778800000)
  from space 512K, 12% used [0x0000000784b00000,0x0000000784b10000,0x0000000784b80000)
  to   space 2048K, 0% used [0x0000000784780000,0x0000000784780000,0x0000000784980000)
 ParOldGen       total 173568K, used 1242K [0x00000006c2800000, 0x00000006cd180000, 0x000000076b800000)
  object space 173568K, 0% used [0x00000006c2800000,0x00000006c2936a50,0x00000006cd180000)
 Metaspace       used 7975K, capacity 8486K, committed 8704K, reserved 1056768K
  class space    used 641K, capacity 658K, committed 768K, reserved 1048576K
Event: 2.050 GC heap after
Heap after GC invocations=15 (full 0):
 PSYoungGen      total 207360K, used 96K [0x000000076b800000, 0x0000000784b80000, 0x00000007c0000000)
  eden space 205312K, 0% used [0x000000076b800000,0x000000076b800000,0x0000000778080000)
  from space 2048K, 4% used [0x0000000784780000,0x0000000784798000,0x0000000784980000)
  to   space 2048K, 0% used [0x0000000784980000,0x0000000784980000,0x0000000784b80000)
 ParOldGen       total 173568K, used 1242K [0x00000006c2800000, 0x00000006cd180000, 0x000000076b800000)
  object space 173568K, 0% used [0x00000006c2800000,0x00000006c2936a50,0x00000006cd180000)
 Metaspace       used 7975K, capacity 8486K, committed 8704K, reserved 1056768K
  class space    used 641K, capacity 658K, committed 768K, reserved 1048576K
}

Deoptimization events (10 events):
Event: 0.151 Thread 0x000000001e2af000 Uncommon trap: reason=bimorphic action=maybe_recompile pc=0x0000000002884e74 method=java.util.HashMap.getNode(ILjava/lang/Object;)Ljava/util/HashMap$Node; @ 126
Event: 0.391 Thread 0x000000001e2af000 Uncommon trap: reason=bimorphic action=maybe_recompile pc=0x0000000002884e74 method=java.util.HashMap.getNode(ILjava/lang/Object;)Ljava/util/HashMap$Node; @ 126
Event: 0.392 Thread 0x000000001e2af000 Uncommon trap: reason=bimorphic action=maybe_recompile pc=0x0000000002884e74 method=java.util.HashMap.getNode(ILjava/lang/Object;)Ljava/util/HashMap$Node; @ 126
Event: 0.398 Thread 0x000000001e2af000 Uncommon trap: reason=unstable_if action=reinterpret pc=0x000000000287b958 method=java.util.HashMap.keySet()Ljava/util/Set; @ 6
Event: 0.654 Thread 0x000000001e2af000 Uncommon trap: reason=unstable_if action=reinterpret pc=0x000000000287fe84 method=java.util.HashMap.clear()V @ 16
Event: 0.654 Thread 0x000000001e2af000 Uncommon trap: reason=unstable_if action=reinterpret pc=0x000000000287b0d8 method=java.util.HashMap.clear()V @ 16
Event: 0.654 Thread 0x000000000273e000 Uncommon trap: reason=unstable_if action=reinterpret pc=0x00000000028aedf0 method=main.coreEngine.TickableThread.invoke(Ljava/lang/String;[Ljava/lang/Object;)V @ 53
Event: 0.654 Thread 0x000000001e2b0000 Uncommon trap: reason=unstable_if action=reinterpret pc=0x00000000028b2b20 method=main.coreEngine.TickableThread.run()V @ 58
Event: 0.701 Thread 0x000000000273e000 Uncommon trap: reason=unstable_if action=reinterpret pc=0x00000000029ae530 method=main.coreEngine.Engine.start()V @ 163
Event: 0.760 Thread 0x000000001e2b0000 Uncommon trap: reason=unstable_if action=reinterpret pc=0x00000000029bff84 method=main.coreEngine.TickableThread.run()V @ 461

Internal exceptions (8 events):
Event: 0.030 Thread 0x000000000273e000 Exception <a 'java/lang/NoSuchMethodError': Method sun.misc.Unsafe.defineClass(Ljava/lang/String;[BII)Ljava/lang/Class; name or signature does not match> (0x000000076b80d9b8) thrown at [C:\workspace\8-2-build-windows-amd64-cygwin\jdk8u65\4987\hotspot\src\s’ôåmKû?
Event: 0.030 Thread 0x000000000273e000 Exception <a 'java/lang/NoSuchMethodError': Method sun.misc.Unsafe.prefetchRead(Ljava/lang/Object;J)V name or signature does not match> (0x000000076b80dca0) thrown at [C:\workspace\8-2-build-windows-amd64-cygwin\jdk8u65\4987\hotspot\src\share\vm\prims\jni.Ó;ã)”r≈?
Event: 0.168 Thread 0x000000001e2af000 Exception <a 'java/lang/ArrayIndexOutOfBoundsException': -1> (0x000000076c97ffe8) thrown at [C:\workspace\8-2-build-windows-amd64-cygwin\jdk8u65\4987\hotspot\src\share\vm\interpreter\interpreterRuntime.cpp, line 366]
Event: 0.391 Thread 0x000000001e2af000 Exception <a 'java/security/PrivilegedActionException'> (0x000000076e4a80b0) thrown at [C:\workspace\8-2-build-windows-amd64-cygwin\jdk8u65\4987\hotspot\src\share\vm\prims\jvm.cpp, line 1386]
Event: 0.391 Thread 0x000000001e2af000 Exception <a 'java/security/PrivilegedActionException'> (0x000000076e4a84a8) thrown at [C:\workspace\8-2-build-windows-amd64-cygwin\jdk8u65\4987\hotspot\src\share\vm\prims\jvm.cpp, line 1386]
Event: 0.392 Thread 0x000000001e2af000 Exception <a 'java/security/PrivilegedActionException'> (0x000000076e4ac6c0) thrown at [C:\workspace\8-2-build-windows-amd64-cygwin\jdk8u65\4987\hotspot\src\share\vm\prims\jvm.cpp, line 1386]
Event: 0.392 Thread 0x000000001e2af000 Exception <a 'java/security/PrivilegedActionException'> (0x000000076e4acab8) thrown at [C:\workspace\8-2-build-windows-amd64-cygwin\jdk8u65\4987\hotspot\src\share\vm\prims\jvm.cpp, line 1386]
Event: 0.654 Thread 0x000000000273e000 Implicit null exception at 0x00000000028ae7fc to 0x00000000028aedc9

Events (10 events):
Event: 1.315 Executing VM operation: ParallelGCFailedAllocation
Event: 1.316 Executing VM operation: ParallelGCFailedAllocation done
Event: 1.502 Executing VM operation: ParallelGCFailedAllocation
Event: 1.503 Executing VM operation: ParallelGCFailedAllocation done
Event: 1.681 Executing VM operation: ParallelGCFailedAllocation
Event: 1.681 Executing VM operation: ParallelGCFailedAllocation done
Event: 1.855 Executing VM operation: ParallelGCFailedAllocation
Event: 1.855 Executing VM operation: ParallelGCFailedAllocation done
Event: 2.049 Executing VM operation: ParallelGCFailedAllocation
Event: 2.050 Executing VM operation: ParallelGCFailedAllocation done


Dynamic libraries:
0x00007ff75ee90000 - 0x00007ff75eec7000 	C:\Program Files\Java\jdk1.8.0_65\bin\java.exe
0x00007ffde4980000 - 0x00007ffde4b41000 	C:\WINDOWS\SYSTEM32\ntdll.dll
0x00007ffde42a0000 - 0x00007ffde434d000 	C:\WINDOWS\system32\KERNEL32.DLL
0x00007ffde19f0000 - 0x00007ffde1bd8000 	C:\WINDOWS\system32\KERNELBASE.dll
0x00007ffde1e70000 - 0x00007ffde1f17000 	C:\WINDOWS\system32\ADVAPI32.dll
0x00007ffde3800000 - 0x00007ffde389d000 	C:\WINDOWS\system32\msvcrt.dll
0x00007ffde1e10000 - 0x00007ffde1e6b000 	C:\WINDOWS\system32\sechost.dll
0x00007ffde3bd0000 - 0x00007ffde3cec000 	C:\WINDOWS\system32\RPCRT4.dll
0x00007ffde3fe0000 - 0x00007ffde4136000 	C:\WINDOWS\system32\USER32.dll
0x00007ffde3cf0000 - 0x00007ffde3e76000 	C:\WINDOWS\system32\GDI32.dll
0x00007ffddd690000 - 0x00007ffddd904000 	C:\WINDOWS\WinSxS\amd64_microsoft.windows.common-controls_6595b64144ccf1df_6.0.10586.0_none_8c15ae12515e1c22\COMCTL32.dll
0x00007ffde3950000 - 0x00007ffde3bcd000 	C:\WINDOWS\system32\combase.dll
0x00007ffde1cf0000 - 0x00007ffde1d5a000 	C:\WINDOWS\system32\bcryptPrimitives.dll
0x00007ffde1dc0000 - 0x00007ffde1dfb000 	C:\WINDOWS\system32\IMM32.DLL
0x0000000070c90000 - 0x0000000070d62000 	C:\Program Files\Java\jdk1.8.0_65\jre\bin\msvcr100.dll
0x0000000070400000 - 0x0000000070c89000 	C:\Program Files\Java\jdk1.8.0_65\jre\bin\server\jvm.dll
0x00007ffde4290000 - 0x00007ffde4298000 	C:\WINDOWS\system32\PSAPI.DLL
0x00007ffddf730000 - 0x00007ffddf753000 	C:\WINDOWS\SYSTEM32\WINMM.dll
0x00007ffdd8550000 - 0x00007ffdd8559000 	C:\WINDOWS\SYSTEM32\WSOCK32.dll
0x00007ffddd9c0000 - 0x00007ffddd9ca000 	C:\WINDOWS\SYSTEM32\VERSION.dll
0x00007ffde4470000 - 0x00007ffde44db000 	C:\WINDOWS\system32\WS2_32.dll
0x00007ffddf6d0000 - 0x00007ffddf6fc000 	C:\WINDOWS\SYSTEM32\WINMMBASE.dll
0x00007ffde1be0000 - 0x00007ffde1c23000 	C:\WINDOWS\system32\cfgmgr32.dll
0x00000000703f0000 - 0x00000000703ff000 	C:\Program Files\Java\jdk1.8.0_65\jre\bin\verify.dll
0x00000000703c0000 - 0x00000000703e9000 	C:\Program Files\Java\jdk1.8.0_65\jre\bin\java.dll
0x0000000070320000 - 0x0000000070355000 	C:\Program Files\Java\jdk1.8.0_65\jre\bin\jdwp.dll
0x0000000070390000 - 0x0000000070398000 	C:\Program Files\Java\jdk1.8.0_65\jre\bin\npt.dll
0x00000000703a0000 - 0x00000000703b6000 	C:\Program Files\Java\jdk1.8.0_65\jre\bin\zip.dll
0x00007ffde1f80000 - 0x00007ffde34dc000 	C:\WINDOWS\system32\SHELL32.dll
0x00007ffde11d0000 - 0x00007ffde1815000 	C:\WINDOWS\system32\windows.storage.dll
0x00007ffde36b0000 - 0x00007ffde3702000 	C:\WINDOWS\system32\shlwapi.dll
0x00007ffde0fb0000 - 0x00007ffde0fbf000 	C:\WINDOWS\system32\kernel.appcore.dll
0x00007ffde1c30000 - 0x00007ffde1ce5000 	C:\WINDOWS\system32\shcore.dll
0x00007ffde0fc0000 - 0x00007ffde100b000 	C:\WINDOWS\system32\powrprof.dll
0x00007ffde0f80000 - 0x00007ffde0f94000 	C:\WINDOWS\system32\profapi.dll
0x0000000070380000 - 0x0000000070389000 	C:\Program Files\Java\jdk1.8.0_65\jre\bin\dt_socket.dll
0x00007ffde08b0000 - 0x00007ffde090c000 	C:\WINDOWS\system32\mswsock.dll
0x00007ffdcf260000 - 0x00007ffdcf2e8000 	D:\Code\Java\Projects\WireEngine20\lib\native\lwjgl.dll
0x00007ffde0a80000 - 0x00007ffde0a8b000 	C:\WINDOWS\SYSTEM32\CRYPTBASE.DLL
0x00007ffdc9170000 - 0x00007ffdc91b2000 	D:\Code\Java\Projects\WireEngine20\lib\native\jemalloc.dll
0x00007ffdc9130000 - 0x00007ffdc9168000 	D:\Code\Java\Projects\WireEngine20\lib\native\glfw.dll
0x00007ffddf850000 - 0x00007ffddf8e6000 	C:\WINDOWS\system32\uxtheme.dll
0x00007ffdde650000 - 0x00007ffdde672000 	C:\WINDOWS\SYSTEM32\dwmapi.dll
0x00007ffdc8b70000 - 0x00007ffdc8c99000 	C:\WINDOWS\SYSTEM32\opengl32.dll
0x00007ffdc6920000 - 0x00007ffdc6a1a000 	C:\WINDOWS\SYSTEM32\DDRAW.dll
0x00007ffdcd0c0000 - 0x00007ffdcd0ee000 	C:\WINDOWS\SYSTEM32\GLU32.dll
0x00007ffddaa30000 - 0x00007ffddaa38000 	C:\WINDOWS\SYSTEM32\DCIMAN32.dll
0x00007ffde3e80000 - 0x00007ffde3fda000 	C:\WINDOWS\system32\MSCTF.dll
0x00007ffdc9cc0000 - 0x00007ffdc9d09000 	C:\Program Files (x86)\TeamViewer\tv_x64.dll
0x00007ffde4140000 - 0x00007ffde4283000 	C:\WINDOWS\system32\ole32.dll
0x000000006e5d0000 - 0x0000000070319000 	C:\WINDOWS\SYSTEM32\nvoglv64.DLL
0x00007ffde4550000 - 0x00007ffde4979000 	C:\WINDOWS\system32\SETUPAPI.dll
0x00007ffddf2f0000 - 0x00007ffddf303000 	C:\WINDOWS\SYSTEM32\WTSAPI32.dll
0x00007ffddf9a0000 - 0x00007ffddf9c7000 	C:\WINDOWS\SYSTEM32\DEVOBJ.dll
0x00007ffde1170000 - 0x00007ffde11c5000 	C:\WINDOWS\system32\WINTRUST.dll
0x00007ffde0fa0000 - 0x00007ffde0fb0000 	C:\WINDOWS\system32\MSASN1.dll
0x00007ffde1820000 - 0x00007ffde19e7000 	C:\WINDOWS\system32\CRYPT32.dll
0x00007ffde04d0000 - 0x00007ffde0501000 	C:\WINDOWS\SYSTEM32\ntmarta.dll
0x00007ffde0220000 - 0x00007ffde0276000 	C:\WINDOWS\SYSTEM32\WINSTA.dll
0x00007ffde38a0000 - 0x00007ffde3947000 	C:\WINDOWS\system32\clbcatq.dll
0x00007ffdb9de0000 - 0x00007ffdb9f6c000 	C:\WINDOWS\SYSTEM32\dbghelp.dll

VM Arguments:
jvm_args: -agentlib:jdwp=transport=dt_socket,address=127.0.0.1:64664,suspend=y,server=n -Djava.library.path=lib/native/ -Dfile.encoding=UTF-8 
java_command: main.Main
java_class_path (initial): C:\Program Files\Java\jdk1.8.0_65\jre\lib\charsets.jar;C:\Program Files\Java\jdk1.8.0_65\jre\lib\deploy.jar;C:\Program Files\Java\jdk1.8.0_65\jre\lib\ext\access-bridge-64.jar;C:\Program Files\Java\jdk1.8.0_65\jre\lib\ext\cldrdata.jar;C:\Program Files\Java\jdk1.8.0_65\jre\lib\ext\dnsns.jar;C:\Program Files\Java\jdk1.8.0_65\jre\lib\ext\jaccess.jar;C:\Program Files\Java\jdk1.8.0_65\jre\lib\ext\jfxrt.jar;C:\Program Files\Java\jdk1.8.0_65\jre\lib\ext\localedata.jar;C:\Program Files\Java\jdk1.8.0_65\jre\lib\ext\nashorn.jar;C:\Program Files\Java\jdk1.8.0_65\jre\lib\ext\sunec.jar;C:\Program Files\Java\jdk1.8.0_65\jre\lib\ext\sunjce_provider.jar;C:\Program Files\Java\jdk1.8.0_65\jre\lib\ext\sunmscapi.jar;C:\Program Files\Java\jdk1.8.0_65\jre\lib\ext\sunpkcs11.jar;C:\Program Files\Java\jdk1.8.0_65\jre\lib\ext\zipfs.jar;C:\Program Files\Java\jdk1.8.0_65\jre\lib\javaws.jar;C:\Program Files\Java\jdk1.8.0_65\jre\lib\jce.jar;C:\Program Files\Java\jdk1.8.0_65\jre\lib\jfr.jar;C:\Program Files\Java\jdk1.8.0_65\jre\lib\jfxswt.jar;C:\Program Files\Java\jdk1.8.0_65\jre\lib\jsse.jar;C:\Program Files\Java\jdk1.8.0_65\jre\lib\management-agent.jar;C:\Program Files\Java\jdk1.8.0_65\jre\lib\plugin.jar;C:\Program Files\Java\jdk1.8.0_65\jre\lib\resources.jar;C:\Program Files\Java\jdk1.8.0_65\jre\lib\rt.jar;D:\Code\Java\Projects\WireEngine20\out\production\WireEngine20;D:\Code\Java\Projects\WireEngine20\lib\jar\lwjgl.jar;D:\Program Files (x86)\JetBrains\IntelliJ IDEA 2016.1\lib\idea_rt.jar
Launcher Type: SUN_STANDARD

Environment Variables:
JAVA_HOME=C:\Program Files\Java\jdk1.8.0_65
PATH=C:\ProgramData\Oracle\Java\javapath;C:\Program Files (x86)\Razer Chroma SDK\bin;C:\Program Files\Razer Chroma SDK\bin;C:\Program Files (x86)\NVIDIA Corporation\PhysX\Common;C:\Program Files (x86)\Intel\iCLS Client\;C:\Program Files\Intel\iCLS Client\;C:\Windows\system32;C:\Windows;C:\Windows\System32\Wbem;C:\Windows\System32\WindowsPowerShell\v1.0\;C:\Program Files\Intel\Intel(R) Management Engine Components\DAL;C:\Program Files (x86)\Intel\Intel(R) Management Engine Components\DAL;C:\Program Files\Intel\Intel(R) Management Engine Components\IPT;C:\Program Files (x86)\Intel\Intel(R) Management Engine Components\IPT;C:\Program Files\Java\jre1.8.0_65\bin;C:\MinGW\bin;C:\WINDOWS\system32;C:\WINDOWS;C:\WINDOWS\System32\Wbem;C:\WINDOWS\System32\WindowsPowerShell\v1.0\;D:\Program Files (x86)\CMake\bin;D:\Program Files\Programs\Python\Python35-32;D:\Program Files\Programs\Python\Python35-32\Scripts;C:\Program Files (x86)\Skype\Phone\;D:\Program Files\Programs\Python\Python35-32\Scripts\;D:\Program Files\Programs\Python\Python35-32\
USERNAME=Kelan
OS=Windows_NT
PROCESSOR_IDENTIFIER=Intel64 Family 6 Model 60 Stepping 3, GenuineIntel



---------------  S Y S T E M  ---------------

OS: Windows 10.0 , 64 bit Build 10586 (10.0.10586.0)

CPU:total 8 (4 cores per cpu, 2 threads per core) family 6 model 60 stepping 3, cmov, cx8, fxsr, mmx, sse, sse2, sse3, ssse3, sse4.1, sse4.2, popcnt, avx, avx2, aes, clmul, erms, lzcnt, ht, tsc, tscinvbit, bmi1, bmi2

Memory: 4k page, physical 16609500k(5412212k free), swap 33386716k(20804340k free)

vm_info: Java HotSpot(TM) 64-Bit Server VM (25.65-b01) for windows-amd64 JRE (1.8.0_65-b17), built on Oct  6 2015 16:39:20 by "java_re" with MS VC++ 10.0 (VS2010)

time: Sun Apr 10 09:34:13 2016
elapsed time: 2 seconds (0d 0h 0m 2s)

