#
# A fatal error has been detected by the Java Runtime Environment:
#
#  EXCEPTION_ACCESS_VIOLATION (0xc0000005) at pc=0x00007ffdd45924b9, pid=5996, tid=8960
#
# JRE version: Java(TM) SE Runtime Environment (8.0_65-b17) (build 1.8.0_65-b17)
# Java VM: Java HotSpot(TM) 64-Bit Server VM (25.65-b01 mixed mode windows-amd64 compressed oops)
# Problematic frame:
# C  [glfw.dll+0x24b9]
#
# Failed to write core dump. Minidumps are not enabled by default on client versions of Windows
#
# If you would like to submit a bug report, please visit:
#   http://bugreport.java.com/bugreport/crash.jsp
# The crash happened outside the Java Virtual Machine in native code.
# See problematic frame for where to report the bug.
#

---------------  T H R E A D  ---------------

Current thread (0x000000001e239000):  JavaThread "CLIENT" [_thread_in_native, id=8960, stack(0x000000001ef30000,0x000000001f030000)]

siginfo: ExceptionCode=0xc0000005, reading address 0x0000000000000000

Registers:
RAX=0x0000000000000000, RBX=0x000000001ba07ce0, RCX=0x0000000000000000, RDX=0x0000000000000000
RSP=0x000000001f02f090, RBP=0x000000001f02f140, RSI=0x0000000000000108, RDI=0x0000000000525e10
R8 =0x000000001f02f088, R9 =0x000000001f02f140, R10=0x0000000000000000, R11=0x0000000000000246
R12=0x0000000000000000, R13=0x000000001ba07ce0, R14=0x000000001f02f178, R15=0x000000001e239000
RIP=0x00007ffdd45924b9, EFLAGS=0x0000000000010287

Top of Stack: (sp=0x000000001f02f090)
0x000000001f02f090:   000000001e239000 000000001e239000
0x000000001f02f0a0:   000000001ba21a50 000000007052d610
0x000000001f02f0b0:   0000000000000127 000000000260dfcc
0x000000001f02f0c0:   000000001ba07ce0 000000001bf918d0
0x000000001f02f0d0:   000000000000000e 000000001e239000
0x000000001f02f0e0:   000000001ba21a50 000000007052aea4
0x000000001f02f0f0:   000000001e239000 000000001e239000
0x000000001f02f100:   000000001f02f100 0000000000000000
0x000000001f02f110:   000000001f02f178 000000001ba08480
0x000000001f02f120:   0000000000000000 000000001ba07ce0
0x000000001f02f130:   0000000000000000 000000001f02f160
0x000000001f02f140:   000000001f02f1c0 00000000025f7d8d
0x000000001f02f150:   00000006c2804098 00000000026042f8
0x000000001f02f160:   0000000000525e10 00000000025f78a0
0x000000001f02f170:   00007ffdd4592420 0000000000000001
0x000000001f02f180:   000000001f02f180 000000001ba21a24 

Instructions: (pc=0x00007ffdd45924b9)
0x00007ffdd4592499:   48 8b cf e8 1f 3a 00 00 48 39 3d f0 d5 02 00 48
0x00007ffdd45924a9:   8d 0d e9 d5 02 00 48 8b 5c 24 30 74 08 48 8b 09
0x00007ffdd45924b9:   48 39 39 75 f8 48 8b 07 48 89 01 48 8b cf 48 83
0x00007ffdd45924c9:   c4 20 5f e9 5b fe 00 00 48 83 c4 20 5f c3 cc cc 


Register to memory mapping:

RAX=0x0000000000000000 is an unknown value
RBX={method} {0x000000001ba07ce8} 'invokePV' '(JJ)V' in 'org/lwjgl/system/JNI'
RCX=0x0000000000000000 is an unknown value
RDX=0x0000000000000000 is an unknown value
RSP=0x000000001f02f090 is pointing into the stack for thread: 0x000000001e239000
RBP=0x000000001f02f140 is pointing into the stack for thread: 0x000000001e239000
RSI=0x0000000000000108 is an unknown value
RDI=0x0000000000525e10 is an unknown value
R8 =0x000000001f02f088 is pointing into the stack for thread: 0x000000001e239000
R9 =0x000000001f02f140 is pointing into the stack for thread: 0x000000001e239000
R10=0x0000000000000000 is an unknown value
R11=0x0000000000000246 is an unknown value
R12=0x0000000000000000 is an unknown value
R13={method} {0x000000001ba07ce8} 'invokePV' '(JJ)V' in 'org/lwjgl/system/JNI'
R14=0x000000001f02f178 is pointing into the stack for thread: 0x000000001e239000
R15=0x000000001e239000 is a thread


Stack: [0x000000001ef30000,0x000000001f030000],  sp=0x000000001f02f090,  free space=1020k
Native frames: (J=compiled Java code, j=interpreted, Vv=VM code, C=native code)
C  [glfw.dll+0x24b9]
C  0x000000000260dfcc

Java frames: (J=compiled Java code, j=interpreted, Vv=VM code)
j  org.lwjgl.system.JNI.invokePV(JJ)V+0
j  org.lwjgl.glfw.GLFW.glfwDestroyCursor(J)V+20
j  main.client.Window.destroyWindow()V+9
j  main.coreEngine.Engine.stop()V+70
j  main.client.Window.update()V+43
j  main.client.renderEngine.RenderEngine.render()V+32
j  main.client.ClientThread.tick()V+12
J 431% C1 main.coreEngine.TickableThread.run()V (481 bytes) @ 0x000000000284f39c [0x000000000284aac0+0x48dc]
v  ~StubRoutines::call_stub

---------------  P R O C E S S  ---------------

Java Threads: ( => current thread )
  0x000000001e23a800 JavaThread "SERVER" [_thread_in_Java, id=3776, stack(0x000000001f030000,0x000000001f130000)]
=>0x000000001e239000 JavaThread "CLIENT" [_thread_in_native, id=8960, stack(0x000000001ef30000,0x000000001f030000)]
  0x000000001e121000 JavaThread "Service Thread" daemon [_thread_blocked, id=9648, stack(0x000000001ed30000,0x000000001ee30000)]
  0x000000001e093800 JavaThread "C1 CompilerThread3" daemon [_thread_blocked, id=7464, stack(0x000000001ec30000,0x000000001ed30000)]
  0x000000001e093000 JavaThread "C2 CompilerThread2" daemon [_thread_blocked, id=4420, stack(0x000000001eb30000,0x000000001ec30000)]
  0x000000001e086000 JavaThread "C2 CompilerThread1" daemon [_thread_blocked, id=2924, stack(0x000000001ea30000,0x000000001eb30000)]
  0x000000001e08a000 JavaThread "C2 CompilerThread0" daemon [_thread_blocked, id=11048, stack(0x000000001e930000,0x000000001ea30000)]
  0x000000001e070000 JavaThread "JDWP Command Reader" daemon [_thread_in_native, id=376, stack(0x000000001e830000,0x000000001e930000)]
  0x000000001e06f000 JavaThread "JDWP Event Helper Thread" daemon [_thread_blocked, id=2120, stack(0x000000001e730000,0x000000001e830000)]
  0x000000001e061800 JavaThread "JDWP Transport Listener: dt_socket" daemon [_thread_blocked, id=12488, stack(0x000000001e630000,0x000000001e730000)]
  0x000000001e057800 JavaThread "Attach Listener" daemon [_thread_blocked, id=14052, stack(0x000000001e530000,0x000000001e630000)]
  0x000000001e056800 JavaThread "Signal Dispatcher" daemon [_thread_blocked, id=5828, stack(0x000000001e430000,0x000000001e530000)]
  0x00000000025eb800 JavaThread "Finalizer" daemon [_thread_blocked, id=12932, stack(0x000000001de50000,0x000000001df50000)]
  0x000000001bf8d800 JavaThread "Reference Handler" daemon [_thread_blocked, id=12644, stack(0x000000001dd50000,0x000000001de50000)]
  0x000000000248e000 JavaThread "main" [_thread_in_Java, id=12872, stack(0x0000000002360000,0x0000000002460000)]

Other Threads:
  0x000000001bf89000 VMThread [stack: 0x000000001dc50000,0x000000001dd50000] [id=12728]
  0x000000001e07c800 WatcherThread [stack: 0x000000001ee30000,0x000000001ef30000] [id=4684]

VM state:not at safepoint (normal execution)

VM Mutex/Monitor currently owned by a thread: None

Heap:
 PSYoungGen      total 224256K, used 100202K [0x000000076b800000, 0x0000000784f00000, 0x00000007c0000000)
  eden space 222208K, 45% used [0x000000076b800000,0x00000007719ca8d0,0x0000000779100000)
  from space 2048K, 3% used [0x0000000784b00000,0x0000000784b10000,0x0000000784d00000)
  to   space 2048K, 0% used [0x0000000784d00000,0x0000000784d00000,0x0000000784f00000)
 ParOldGen       total 173568K, used 1284K [0x00000006c2800000, 0x00000006cd180000, 0x000000076b800000)
  object space 173568K, 0% used [0x00000006c2800000,0x00000006c2941060,0x00000006cd180000)
 Metaspace       used 7956K, capacity 8486K, committed 8704K, reserved 1056768K
  class space    used 642K, capacity 658K, committed 768K, reserved 1048576K

Card table byte_map: [0x00000000119b0000,0x00000000121a0000] byte_map_base: 0x000000000e39c000

Marking Bits: (ParMarkBitMap*) 0x0000000070c0a5b0
 Begin Bits: [0x0000000012ef0000, 0x0000000016e50000)
 End Bits:   [0x0000000016e50000, 0x000000001adb0000)

Polling page: 0x0000000000bc0000

CodeCache: size=245760Kb used=2615Kb max_used=2626Kb free=243144Kb
 bounds [0x00000000025f0000, 0x0000000002890000, 0x00000000115f0000]
 total_blobs=1116 nmethods=473 adapters=564
 compilation: enabled

Compilation events (10 events):
Event: 1.040 Thread 0x000000001e093800  468       3       org.lwjgl.opengl.GL11::getInstance (7 bytes)
Event: 1.040 Thread 0x000000001e093800 nmethod 468 0x000000000286d650 code [0x000000000286d820, 0x000000000286de48]
Event: 1.040 Thread 0x000000001e093800  469       3       org.lwjgl.opengl.GL11::getInstance (11 bytes)
Event: 1.040 Thread 0x000000001e093800 nmethod 469 0x000000000286d050 code [0x000000000286d1e0, 0x000000000286d4a8]
Event: 1.157 Thread 0x000000001e08a000  471       4       java.util.ArrayList::set (20 bytes)
Event: 1.158 Thread 0x000000001e08a000 nmethod 471 0x000000000286b390 code [0x000000000286b4e0, 0x000000000286b658]
Event: 1.240 Thread 0x000000001e093000  472       4       java.util.ArrayList::get (11 bytes)
Event: 1.241 Thread 0x000000001e093000 nmethod 472 0x000000000286b010 code [0x000000000286b160, 0x000000000286b278]
Event: 1.673 Thread 0x000000001e093800  473       3       org.lwjgl.opengl.GLChecks::ensureBufferObject (73 bytes)
Event: 1.674 Thread 0x000000001e093800 nmethod 473 0x000000000286acd0 code [0x000000000286ae20, 0x000000000286af70]

GC Heap History (10 events):
Event: 1.009 GC heap before
{Heap before GC invocations=9 (full 0):
 PSYoungGen      total 261632K, used 261243K [0x000000076b800000, 0x000000077b900000, 0x00000007c0000000)
  eden space 260096K, 100% used [0x000000076b800000,0x000000077b600000,0x000000077b600000)
  from space 1536K, 74% used [0x000000077b780000,0x000000077b89ec48,0x000000077b900000)
  to   space 1536K, 0% used [0x000000077b600000,0x000000077b600000,0x000000077b780000)
 ParOldGen       total 173568K, used 680K [0x00000006c2800000, 0x00000006cd180000, 0x000000076b800000)
  object space 173568K, 0% used [0x00000006c2800000,0x00000006c28aa050,0x00000006cd180000)
 Metaspace       used 7952K, capacity 8486K, committed 8704K, reserved 1056768K
  class space    used 642K, capacity 658K, committed 768K, reserved 1048576K
Event: 1.010 GC heap after
Heap after GC invocations=9 (full 0):
 PSYoungGen      total 261632K, used 1133K [0x000000076b800000, 0x0000000785180000, 0x00000007c0000000)
  eden space 260096K, 0% used [0x000000076b800000,0x000000076b800000,0x000000077b600000)
  from space 1536K, 73% used [0x000000077b600000,0x000000077b71b460,0x000000077b780000)
  to   space 1536K, 0% used [0x0000000785000000,0x0000000785000000,0x0000000785180000)
 ParOldGen       total 173568K, used 880K [0x00000006c2800000, 0x00000006cd180000, 0x000000076b800000)
  object space 173568K, 0% used [0x00000006c2800000,0x00000006c28dc050,0x00000006cd180000)
 Metaspace       used 7952K, capacity 8486K, committed 8704K, reserved 1056768K
  class space    used 642K, capacity 658K, committed 768K, reserved 1048576K
}
Event: 1.196 GC heap before
{Heap before GC invocations=10 (full 0):
 PSYoungGen      total 261632K, used 261229K [0x000000076b800000, 0x0000000785180000, 0x00000007c0000000)
  eden space 260096K, 100% used [0x000000076b800000,0x000000077b600000,0x000000077b600000)
  from space 1536K, 73% used [0x000000077b600000,0x000000077b71b460,0x000000077b780000)
  to   space 1536K, 0% used [0x0000000785000000,0x0000000785000000,0x0000000785180000)
 ParOldGen       total 173568K, used 880K [0x00000006c2800000, 0x00000006cd180000, 0x000000076b800000)
  object space 173568K, 0% used [0x00000006c2800000,0x00000006c28dc050,0x00000006cd180000)
 Metaspace       used 7955K, capacity 8486K, committed 8704K, reserved 1056768K
  class space    used 642K, capacity 658K, committed 768K, reserved 1048576K
Event: 1.197 GC heap after
Heap after GC invocations=10 (full 0):
 PSYoungGen      total 250368K, used 256K [0x000000076b800000, 0x0000000785080000, 0x00000007c0000000)
  eden space 249856K, 0% used [0x000000076b800000,0x000000076b800000,0x000000077ac00000)
  from space 512K, 50% used [0x0000000785000000,0x0000000785040000,0x0000000785080000)
  to   space 2048K, 0% used [0x0000000784c80000,0x0000000784c80000,0x0000000784e80000)
 ParOldGen       total 173568K, used 1096K [0x00000006c2800000, 0x00000006cd180000, 0x000000076b800000)
  object space 173568K, 0% used [0x00000006c2800000,0x00000006c2912050,0x00000006cd180000)
 Metaspace       used 7955K, capacity 8486K, committed 8704K, reserved 1056768K
  class space    used 642K, capacity 658K, committed 768K, reserved 1048576K
}
Event: 1.421 GC heap before
{Heap before GC invocations=11 (full 0):
 PSYoungGen      total 250368K, used 250112K [0x000000076b800000, 0x0000000785080000, 0x00000007c0000000)
  eden space 249856K, 100% used [0x000000076b800000,0x000000077ac00000,0x000000077ac00000)
  from space 512K, 50% used [0x0000000785000000,0x0000000785040000,0x0000000785080000)
  to   space 2048K, 0% used [0x0000000784c80000,0x0000000784c80000,0x0000000784e80000)
 ParOldGen       total 173568K, used 1096K [0x00000006c2800000, 0x00000006cd180000, 0x000000076b800000)
  object space 173568K, 0% used [0x00000006c2800000,0x00000006c2912050,0x00000006cd180000)
 Metaspace       used 7955K, capacity 8486K, committed 8704K, reserved 1056768K
  class space    used 642K, capacity 658K, committed 768K, reserved 1048576K
Event: 1.422 GC heap after
Heap after GC invocations=11 (full 0):
 PSYoungGen      total 242176K, used 96K [0x000000076b800000, 0x0000000785080000, 0x00000007c0000000)
  eden space 240128K, 0% used [0x000000076b800000,0x000000076b800000,0x000000077a280000)
  from space 2048K, 4% used [0x0000000784c80000,0x0000000784c98000,0x0000000784e80000)
  to   space 2048K, 0% used [0x0000000784e80000,0x0000000784e80000,0x0000000785080000)
 ParOldGen       total 173568K, used 1284K [0x00000006c2800000, 0x00000006cd180000, 0x000000076b800000)
  object space 173568K, 0% used [0x00000006c2800000,0x00000006c2941060,0x00000006cd180000)
 Metaspace       used 7955K, capacity 8486K, committed 8704K, reserved 1056768K
  class space    used 642K, capacity 658K, committed 768K, reserved 1048576K
}
Event: 1.601 GC heap before
{Heap before GC invocations=12 (full 0):
 PSYoungGen      total 242176K, used 240224K [0x000000076b800000, 0x0000000785080000, 0x00000007c0000000)
  eden space 240128K, 100% used [0x000000076b800000,0x000000077a280000,0x000000077a280000)
  from space 2048K, 4% used [0x0000000784c80000,0x0000000784c98000,0x0000000784e80000)
  to   space 2048K, 0% used [0x0000000784e80000,0x0000000784e80000,0x0000000785080000)
 ParOldGen       total 173568K, used 1284K [0x00000006c2800000, 0x00000006cd180000, 0x000000076b800000)
  object space 173568K, 0% used [0x00000006c2800000,0x00000006c2941060,0x00000006cd180000)
 Metaspace       used 7955K, capacity 8486K, committed 8704K, reserved 1056768K
  class space    used 642K, capacity 658K, committed 768K, reserved 1048576K
Event: 1.602 GC heap after
Heap after GC invocations=12 (full 0):
 PSYoungGen      total 231424K, used 64K [0x000000076b800000, 0x0000000784f00000, 0x00000007c0000000)
  eden space 230912K, 0% used [0x000000076b800000,0x000000076b800000,0x0000000779980000)
  from space 512K, 12% used [0x0000000784e80000,0x0000000784e90000,0x0000000784f00000)
  to   space 2048K, 0% used [0x0000000784b00000,0x0000000784b00000,0x0000000784d00000)
 ParOldGen       total 173568K, used 1284K [0x00000006c2800000, 0x00000006cd180000, 0x000000076b800000)
  object space 173568K, 0% used [0x00000006c2800000,0x00000006c2941060,0x00000006cd180000)
 Metaspace       used 7955K, capacity 8486K, committed 8704K, reserved 1056768K
  class space    used 642K, capacity 658K, committed 768K, reserved 1048576K
}
Event: 1.769 GC heap before
{Heap before GC invocations=13 (full 0):
 PSYoungGen      total 231424K, used 230976K [0x000000076b800000, 0x0000000784f00000, 0x00000007c0000000)
  eden space 230912K, 100% used [0x000000076b800000,0x0000000779980000,0x0000000779980000)
  from space 512K, 12% used [0x0000000784e80000,0x0000000784e90000,0x0000000784f00000)
  to   space 2048K, 0% used [0x0000000784b00000,0x0000000784b00000,0x0000000784d00000)
 ParOldGen       total 173568K, used 1284K [0x00000006c2800000, 0x00000006cd180000, 0x000000076b800000)
  object space 173568K, 0% used [0x00000006c2800000,0x00000006c2941060,0x00000006cd180000)
 Metaspace       used 7956K, capacity 8486K, committed 8704K, reserved 1056768K
  class space    used 642K, capacity 658K, committed 768K, reserved 1048576K
Event: 1.769 GC heap after
Heap after GC invocations=13 (full 0):
 PSYoungGen      total 224256K, used 64K [0x000000076b800000, 0x0000000784f00000, 0x00000007c0000000)
  eden space 222208K, 0% used [0x000000076b800000,0x000000076b800000,0x0000000779100000)
  from space 2048K, 3% used [0x0000000784b00000,0x0000000784b10000,0x0000000784d00000)
  to   space 2048K, 0% used [0x0000000784d00000,0x0000000784d00000,0x0000000784f00000)
 ParOldGen       total 173568K, used 1284K [0x00000006c2800000, 0x00000006cd180000, 0x000000076b800000)
  object space 173568K, 0% used [0x00000006c2800000,0x00000006c2941060,0x00000006cd180000)
 Metaspace       used 7956K, capacity 8486K, committed 8704K, reserved 1056768K
  class space    used 642K, capacity 658K, committed 768K, reserved 1048576K
}

Deoptimization events (10 events):
Event: 0.119 Thread 0x000000001e239000 Uncommon trap: reason=unstable_if action=reinterpret pc=0x000000000272bca4 method=java.util.HashMap$HashIterator.<init>(Ljava/util/HashMap;)V @ 38
Event: 0.128 Thread 0x000000001e239000 Uncommon trap: reason=bimorphic action=maybe_recompile pc=0x0000000002734134 method=java.util.HashMap.getNode(ILjava/lang/Object;)Ljava/util/HashMap$Node; @ 126
Event: 0.374 Thread 0x000000001e239000 Uncommon trap: reason=bimorphic action=maybe_recompile pc=0x0000000002734134 method=java.util.HashMap.getNode(ILjava/lang/Object;)Ljava/util/HashMap$Node; @ 126
Event: 0.375 Thread 0x000000001e239000 Uncommon trap: reason=bimorphic action=maybe_recompile pc=0x0000000002734134 method=java.util.HashMap.getNode(ILjava/lang/Object;)Ljava/util/HashMap$Node; @ 126
Event: 0.380 Thread 0x000000001e239000 Uncommon trap: reason=unstable_if action=reinterpret pc=0x000000000272d418 method=java.util.HashMap.keySet()Ljava/util/Set; @ 6
Event: 0.817 Thread 0x000000001e239000 Uncommon trap: reason=unstable_if action=reinterpret pc=0x000000000272e984 method=java.util.HashMap.clear()V @ 16
Event: 0.817 Thread 0x000000001e239000 Uncommon trap: reason=unstable_if action=reinterpret pc=0x000000000272d798 method=java.util.HashMap.clear()V @ 16
Event: 0.817 Thread 0x000000000248e000 Uncommon trap: reason=unstable_if action=reinterpret pc=0x000000000275ef80 method=main.coreEngine.TickableThread.invoke(Ljava/lang/String;[Ljava/lang/Object;)V @ 53
Event: 0.817 Thread 0x000000001e23a800 Uncommon trap: reason=unstable_if action=reinterpret pc=0x000000000275c3e4 method=main.coreEngine.TickableThread.run()V @ 58
Event: 0.911 Thread 0x000000001e23a800 Uncommon trap: reason=unstable_if action=reinterpret pc=0x0000000002870db4 method=main.coreEngine.TickableThread.run()V @ 461

Internal exceptions (8 events):
Event: 0.028 Thread 0x000000000248e000 Exception <a 'java/lang/NoSuchMethodError': Method sun.misc.Unsafe.defineClass(Ljava/lang/String;[BII)Ljava/lang/Class; name or signature does not match> (0x000000076b80d9b8) thrown at [C:\workspace\8-2-build-windows-amd64-cygwin\jdk8u65\4987\hotspot\src\s≥ .œ=êú?
Event: 0.028 Thread 0x000000000248e000 Exception <a 'java/lang/NoSuchMethodError': Method sun.misc.Unsafe.prefetchRead(Ljava/lang/Object;J)V name or signature does not match> (0x000000076b80dca0) thrown at [C:\workspace\8-2-build-windows-amd64-cygwin\jdk8u65\4987\hotspot\src\share\vm\prims\jni.˝≤'…-v¬?
Event: 0.144 Thread 0x000000001e239000 Exception <a 'java/lang/ArrayIndexOutOfBoundsException': -1> (0x000000076cabd598) thrown at [C:\workspace\8-2-build-windows-amd64-cygwin\jdk8u65\4987\hotspot\src\share\vm\interpreter\interpreterRuntime.cpp, line 366]
Event: 0.375 Thread 0x000000001e239000 Exception <a 'java/security/PrivilegedActionException'> (0x000000076c3788d8) thrown at [C:\workspace\8-2-build-windows-amd64-cygwin\jdk8u65\4987\hotspot\src\share\vm\prims\jvm.cpp, line 1386]
Event: 0.375 Thread 0x000000001e239000 Exception <a 'java/security/PrivilegedActionException'> (0x000000076c378cd0) thrown at [C:\workspace\8-2-build-windows-amd64-cygwin\jdk8u65\4987\hotspot\src\share\vm\prims\jvm.cpp, line 1386]
Event: 0.376 Thread 0x000000001e239000 Exception <a 'java/security/PrivilegedActionException'> (0x000000076c37cee8) thrown at [C:\workspace\8-2-build-windows-amd64-cygwin\jdk8u65\4987\hotspot\src\share\vm\prims\jvm.cpp, line 1386]
Event: 0.376 Thread 0x000000001e239000 Exception <a 'java/security/PrivilegedActionException'> (0x000000076c37d2e0) thrown at [C:\workspace\8-2-build-windows-amd64-cygwin\jdk8u65\4987\hotspot\src\share\vm\prims\jvm.cpp, line 1386]
Event: 0.817 Thread 0x000000000248e000 Implicit null exception at 0x000000000275e9bc to 0x000000000275ef59

Events (10 events):
Event: 1.008 Executing VM operation: ParallelGCFailedAllocation
Event: 1.010 Executing VM operation: ParallelGCFailedAllocation done
Event: 1.196 Executing VM operation: ParallelGCFailedAllocation
Event: 1.197 Executing VM operation: ParallelGCFailedAllocation done
Event: 1.421 Executing VM operation: ParallelGCFailedAllocation
Event: 1.422 Executing VM operation: ParallelGCFailedAllocation done
Event: 1.601 Executing VM operation: ParallelGCFailedAllocation
Event: 1.602 Executing VM operation: ParallelGCFailedAllocation done
Event: 1.769 Executing VM operation: ParallelGCFailedAllocation
Event: 1.769 Executing VM operation: ParallelGCFailedAllocation done


Dynamic libraries:
0x00007ff7d2c20000 - 0x00007ff7d2c57000 	C:\Program Files\Java\jdk1.8.0_65\bin\java.exe
0x00007ffde4980000 - 0x00007ffde4b41000 	C:\WINDOWS\SYSTEM32\ntdll.dll
0x00007ffde42a0000 - 0x00007ffde434d000 	C:\WINDOWS\system32\KERNEL32.DLL
0x00007ffde19f0000 - 0x00007ffde1bd8000 	C:\WINDOWS\system32\KERNELBASE.dll
0x00007ffde1e70000 - 0x00007ffde1f17000 	C:\WINDOWS\system32\ADVAPI32.dll
0x00007ffde3800000 - 0x00007ffde389d000 	C:\WINDOWS\system32\msvcrt.dll
0x00007ffde1e10000 - 0x00007ffde1e6b000 	C:\WINDOWS\system32\sechost.dll
0x00007ffde3bd0000 - 0x00007ffde3cec000 	C:\WINDOWS\system32\RPCRT4.dll
0x00007ffde3fe0000 - 0x00007ffde4136000 	C:\WINDOWS\system32\USER32.dll
0x00007ffde3cf0000 - 0x00007ffde3e76000 	C:\WINDOWS\system32\GDI32.dll
0x00007ffddd690000 - 0x00007ffddd904000 	C:\WINDOWS\WinSxS\amd64_microsoft.windows.common-controls_6595b64144ccf1df_6.0.10586.0_none_8c15ae12515e1c22\COMCTL32.dll
0x00007ffde3950000 - 0x00007ffde3bcd000 	C:\WINDOWS\system32\combase.dll
0x00007ffde1cf0000 - 0x00007ffde1d5a000 	C:\WINDOWS\system32\bcryptPrimitives.dll
0x00007ffde1dc0000 - 0x00007ffde1dfb000 	C:\WINDOWS\system32\IMM32.DLL
0x0000000070c90000 - 0x0000000070d62000 	C:\Program Files\Java\jdk1.8.0_65\jre\bin\msvcr100.dll
0x0000000070400000 - 0x0000000070c89000 	C:\Program Files\Java\jdk1.8.0_65\jre\bin\server\jvm.dll
0x00007ffde4290000 - 0x00007ffde4298000 	C:\WINDOWS\system32\PSAPI.DLL
0x00007ffdd8550000 - 0x00007ffdd8559000 	C:\WINDOWS\SYSTEM32\WSOCK32.dll
0x00007ffddd9c0000 - 0x00007ffddd9ca000 	C:\WINDOWS\SYSTEM32\VERSION.dll
0x00007ffddf730000 - 0x00007ffddf753000 	C:\WINDOWS\SYSTEM32\WINMM.dll
0x00007ffde4470000 - 0x00007ffde44db000 	C:\WINDOWS\system32\WS2_32.dll
0x0000000000b90000 - 0x0000000000bbc000 	C:\WINDOWS\SYSTEM32\WINMMBASE.dll
0x00007ffde1be0000 - 0x00007ffde1c23000 	C:\WINDOWS\system32\cfgmgr32.dll
0x00000000703f0000 - 0x00000000703ff000 	C:\Program Files\Java\jdk1.8.0_65\jre\bin\verify.dll
0x00000000703c0000 - 0x00000000703e9000 	C:\Program Files\Java\jdk1.8.0_65\jre\bin\java.dll
0x0000000070310000 - 0x0000000070345000 	C:\Program Files\Java\jdk1.8.0_65\jre\bin\jdwp.dll
0x00000000703b0000 - 0x00000000703b8000 	C:\Program Files\Java\jdk1.8.0_65\jre\bin\npt.dll
0x0000000070350000 - 0x0000000070366000 	C:\Program Files\Java\jdk1.8.0_65\jre\bin\zip.dll
0x00007ffde1f80000 - 0x00007ffde34dc000 	C:\WINDOWS\system32\SHELL32.dll
0x00007ffde11d0000 - 0x00007ffde1815000 	C:\WINDOWS\system32\windows.storage.dll
0x00007ffde36b0000 - 0x00007ffde3702000 	C:\WINDOWS\system32\shlwapi.dll
0x00007ffde0fb0000 - 0x00007ffde0fbf000 	C:\WINDOWS\system32\kernel.appcore.dll
0x00007ffde1c30000 - 0x00007ffde1ce5000 	C:\WINDOWS\system32\shcore.dll
0x00007ffde0fc0000 - 0x00007ffde100b000 	C:\WINDOWS\system32\powrprof.dll
0x00007ffde0f80000 - 0x00007ffde0f94000 	C:\WINDOWS\system32\profapi.dll
0x00000000703a0000 - 0x00000000703a9000 	C:\Program Files\Java\jdk1.8.0_65\jre\bin\dt_socket.dll
0x00007ffde08b0000 - 0x00007ffde090c000 	C:\WINDOWS\system32\mswsock.dll
0x00007ffdd46c0000 - 0x00007ffdd4748000 	D:\Code\Java\Projects\WireEngine20\lib\native\lwjgl.dll
0x00007ffde0a80000 - 0x00007ffde0a8b000 	C:\WINDOWS\SYSTEM32\CRYPTBASE.DLL
0x00007ffdd45d0000 - 0x00007ffdd4612000 	D:\Code\Java\Projects\WireEngine20\lib\native\jemalloc.dll
0x00007ffdd4590000 - 0x00007ffdd45c8000 	D:\Code\Java\Projects\WireEngine20\lib\native\glfw.dll
0x00007ffddf850000 - 0x00007ffddf8e6000 	C:\WINDOWS\system32\uxtheme.dll
0x00007ffdde650000 - 0x00007ffdde672000 	C:\WINDOWS\SYSTEM32\dwmapi.dll
0x00007ffdc9d10000 - 0x00007ffdc9e39000 	C:\WINDOWS\SYSTEM32\opengl32.dll
0x00007ffdcc690000 - 0x00007ffdcc6be000 	C:\WINDOWS\SYSTEM32\GLU32.dll
0x00007ffdc8ba0000 - 0x00007ffdc8c9a000 	C:\WINDOWS\SYSTEM32\DDRAW.dll
0x00007ffdd3d80000 - 0x00007ffdd3d88000 	C:\WINDOWS\SYSTEM32\DCIMAN32.dll
0x00007ffde3e80000 - 0x00007ffde3fda000 	C:\WINDOWS\system32\MSCTF.dll
0x00007ffdc3f50000 - 0x00007ffdc3f99000 	C:\Program Files (x86)\TeamViewer\tv_x64.dll
0x00007ffde4140000 - 0x00007ffde4283000 	C:\WINDOWS\system32\ole32.dll
0x000000006e5c0000 - 0x0000000070309000 	C:\WINDOWS\SYSTEM32\nvoglv64.DLL
0x00007ffde4550000 - 0x00007ffde4979000 	C:\WINDOWS\system32\SETUPAPI.dll
0x00007ffddf2f0000 - 0x00007ffddf303000 	C:\WINDOWS\SYSTEM32\WTSAPI32.dll
0x00007ffddf9a0000 - 0x00007ffddf9c7000 	C:\WINDOWS\SYSTEM32\DEVOBJ.dll
0x00007ffde1170000 - 0x00007ffde11c5000 	C:\WINDOWS\system32\WINTRUST.dll
0x00007ffde0fa0000 - 0x00007ffde0fb0000 	C:\WINDOWS\system32\MSASN1.dll
0x00007ffde1820000 - 0x00007ffde19e7000 	C:\WINDOWS\system32\CRYPT32.dll
0x00007ffde04d0000 - 0x00007ffde0501000 	C:\WINDOWS\SYSTEM32\ntmarta.dll
0x00007ffde0220000 - 0x00007ffde0276000 	C:\WINDOWS\SYSTEM32\WINSTA.dll
0x00007ffde38a0000 - 0x00007ffde3947000 	C:\WINDOWS\system32\clbcatq.dll
0x00007ffdb9de0000 - 0x00007ffdb9f6c000 	C:\WINDOWS\SYSTEM32\dbghelp.dll

VM Arguments:
jvm_args: -agentlib:jdwp=transport=dt_socket,address=127.0.0.1:62413,suspend=y,server=n -Djava.library.path=lib/native/ -Dfile.encoding=UTF-8 
java_command: main.Main
java_class_path (initial): C:\Program Files\Java\jdk1.8.0_65\jre\lib\charsets.jar;C:\Program Files\Java\jdk1.8.0_65\jre\lib\deploy.jar;C:\Program Files\Java\jdk1.8.0_65\jre\lib\ext\access-bridge-64.jar;C:\Program Files\Java\jdk1.8.0_65\jre\lib\ext\cldrdata.jar;C:\Program Files\Java\jdk1.8.0_65\jre\lib\ext\dnsns.jar;C:\Program Files\Java\jdk1.8.0_65\jre\lib\ext\jaccess.jar;C:\Program Files\Java\jdk1.8.0_65\jre\lib\ext\jfxrt.jar;C:\Program Files\Java\jdk1.8.0_65\jre\lib\ext\localedata.jar;C:\Program Files\Java\jdk1.8.0_65\jre\lib\ext\nashorn.jar;C:\Program Files\Java\jdk1.8.0_65\jre\lib\ext\sunec.jar;C:\Program Files\Java\jdk1.8.0_65\jre\lib\ext\sunjce_provider.jar;C:\Program Files\Java\jdk1.8.0_65\jre\lib\ext\sunmscapi.jar;C:\Program Files\Java\jdk1.8.0_65\jre\lib\ext\sunpkcs11.jar;C:\Program Files\Java\jdk1.8.0_65\jre\lib\ext\zipfs.jar;C:\Program Files\Java\jdk1.8.0_65\jre\lib\javaws.jar;C:\Program Files\Java\jdk1.8.0_65\jre\lib\jce.jar;C:\Program Files\Java\jdk1.8.0_65\jre\lib\jfr.jar;C:\Program Files\Java\jdk1.8.0_65\jre\lib\jfxswt.jar;C:\Program Files\Java\jdk1.8.0_65\jre\lib\jsse.jar;C:\Program Files\Java\jdk1.8.0_65\jre\lib\management-agent.jar;C:\Program Files\Java\jdk1.8.0_65\jre\lib\plugin.jar;C:\Program Files\Java\jdk1.8.0_65\jre\lib\resources.jar;C:\Program Files\Java\jdk1.8.0_65\jre\lib\rt.jar;D:\Code\Java\Projects\WireEngine20\out\production\WireEngine20;D:\Code\Java\Projects\WireEngine20\lib\jar\lwjgl.jar;D:\Program Files (x86)\JetBrains\IntelliJ IDEA 2016.1\lib\idea_rt.jar
Launcher Type: SUN_STANDARD

Environment Variables:
JAVA_HOME=C:\Program Files\Java\jdk1.8.0_65
PATH=C:\ProgramData\Oracle\Java\javapath;C:\Program Files (x86)\Razer Chroma SDK\bin;C:\Program Files\Razer Chroma SDK\bin;C:\Program Files (x86)\NVIDIA Corporation\PhysX\Common;C:\Program Files (x86)\Intel\iCLS Client\;C:\Program Files\Intel\iCLS Client\;C:\Windows\system32;C:\Windows;C:\Windows\System32\Wbem;C:\Windows\System32\WindowsPowerShell\v1.0\;C:\Program Files\Intel\Intel(R) Management Engine Components\DAL;C:\Program Files (x86)\Intel\Intel(R) Management Engine Components\DAL;C:\Program Files\Intel\Intel(R) Management Engine Components\IPT;C:\Program Files (x86)\Intel\Intel(R) Management Engine Components\IPT;C:\Program Files\Java\jre1.8.0_65\bin;C:\MinGW\bin;C:\WINDOWS\system32;C:\WINDOWS;C:\WINDOWS\System32\Wbem;C:\WINDOWS\System32\WindowsPowerShell\v1.0\;D:\Program Files (x86)\CMake\bin;D:\Program Files\Programs\Python\Python35-32;D:\Program Files\Programs\Python\Python35-32\Scripts;C:\Program Files (x86)\Skype\Phone\;D:\Program Files\Programs\Python\Python35-32\Scripts\;D:\Program Files\Programs\Python\Python35-32\
USERNAME=Kelan
OS=Windows_NT
PROCESSOR_IDENTIFIER=Intel64 Family 6 Model 60 Stepping 3, GenuineIntel



---------------  S Y S T E M  ---------------

OS: Windows 10.0 , 64 bit Build 10586 (10.0.10586.0)

CPU:total 8 (4 cores per cpu, 2 threads per core) family 6 model 60 stepping 3, cmov, cx8, fxsr, mmx, sse, sse2, sse3, ssse3, sse4.1, sse4.2, popcnt, avx, avx2, aes, clmul, erms, lzcnt, ht, tsc, tscinvbit, bmi1, bmi2

Memory: 4k page, physical 16609500k(5082664k free), swap 33386716k(19171028k free)

vm_info: Java HotSpot(TM) 64-Bit Server VM (25.65-b01) for windows-amd64 JRE (1.8.0_65-b17), built on Oct  6 2015 16:39:20 by "java_re" with MS VC++ 10.0 (VS2010)

time: Sat Apr 09 18:45:43 2016
elapsed time: 1 seconds (0d 0h 0m 1s)

