#
# A fatal error has been detected by the Java Runtime Environment:
#
#  EXCEPTION_ACCESS_VIOLATION (0xc0000005) at pc=0x00007ffdd3df24b9, pid=8508, tid=7296
#
# JRE version: Java(TM) SE Runtime Environment (8.0_65-b17) (build 1.8.0_65-b17)
# Java VM: Java HotSpot(TM) 64-Bit Server VM (25.65-b01 mixed mode windows-amd64 compressed oops)
# Problematic frame:
# C  [glfw.dll+0x24b9]
#
# Failed to write core dump. Minidumps are not enabled by default on client versions of Windows
#
# If you would like to submit a bug report, please visit:
#   http://bugreport.java.com/bugreport/crash.jsp
# The crash happened outside the Java Virtual Machine in native code.
# See problematic frame for where to report the bug.
#

---------------  T H R E A D  ---------------

Current thread (0x000000001e1e9000):  JavaThread "CLIENT" [_thread_in_native, id=7296, stack(0x000000001ef00000,0x000000001f000000)]

siginfo: ExceptionCode=0xc0000005, reading address 0x0000000000000000

Registers:
RAX=0x0000000000000000, RBX=0x000000001b9d6d70, RCX=0x0000000000000000, RDX=0x0000000000000000
RSP=0x000000001effec40, RBP=0x000000001effecf0, RSI=0x0000000000000108, RDI=0x000000000043d850
R8 =0x000000001effec38, R9 =0x000000001effecf0, R10=0x0000000000000000, R11=0x0000000000000246
R12=0x0000000000000000, R13=0x000000001b9d6d70, R14=0x000000001effed28, R15=0x000000001e1e9000
RIP=0x00007ffdd3df24b9, EFLAGS=0x0000000000010283

Top of Stack: (sp=0x000000001effec40)
0x000000001effec40:   000000001e1e9000 000000001e1e9000
0x000000001effec50:   000000001b9f0ce0 000000007052d610
0x000000001effec60:   000000000000017d 00000000025ddfcc
0x000000001effec70:   000000001b9d6d70 000000001bf62200
0x000000001effec80:   000000000000000e 000000001e1e9000
0x000000001effec90:   000000001b9f0ce0 000000007052aea4
0x000000001effeca0:   000000001e1e9000 000000001e1e9000
0x000000001effecb0:   000000001effecb0 0000000000000000
0x000000001effecc0:   000000001effed28 000000001b9d7510
0x000000001effecd0:   0000000000000000 000000001b9d6d70
0x000000001effece0:   0000000000000000 000000001effed10
0x000000001effecf0:   000000001effed70 00000000025c7d8d
0x000000001effed00:   00000006c28082d8 00000000025d42f8
0x000000001effed10:   000000000043d850 00000000025c78a0
0x000000001effed20:   00007ffdd3df2420 0000000000000001
0x000000001effed30:   000000001effed30 000000001b9f0cb4 

Instructions: (pc=0x00007ffdd3df24b9)
0x00007ffdd3df2499:   48 8b cf e8 1f 3a 00 00 48 39 3d f0 d5 02 00 48
0x00007ffdd3df24a9:   8d 0d e9 d5 02 00 48 8b 5c 24 30 74 08 48 8b 09
0x00007ffdd3df24b9:   48 39 39 75 f8 48 8b 07 48 89 01 48 8b cf 48 83
0x00007ffdd3df24c9:   c4 20 5f e9 5b fe 00 00 48 83 c4 20 5f c3 cc cc 


Register to memory mapping:

RAX=0x0000000000000000 is an unknown value
RBX={method} {0x000000001b9d6d78} 'invokePV' '(JJ)V' in 'org/lwjgl/system/JNI'
RCX=0x0000000000000000 is an unknown value
RDX=0x0000000000000000 is an unknown value
RSP=0x000000001effec40 is pointing into the stack for thread: 0x000000001e1e9000
RBP=0x000000001effecf0 is pointing into the stack for thread: 0x000000001e1e9000
RSI=0x0000000000000108 is an unknown value
RDI=0x000000000043d850 is an unknown value
R8 =0x000000001effec38 is pointing into the stack for thread: 0x000000001e1e9000
R9 =0x000000001effecf0 is pointing into the stack for thread: 0x000000001e1e9000
R10=0x0000000000000000 is an unknown value
R11=0x0000000000000246 is an unknown value
R12=0x0000000000000000 is an unknown value
R13={method} {0x000000001b9d6d78} 'invokePV' '(JJ)V' in 'org/lwjgl/system/JNI'
R14=0x000000001effed28 is pointing into the stack for thread: 0x000000001e1e9000
R15=0x000000001e1e9000 is a thread


Stack: [0x000000001ef00000,0x000000001f000000],  sp=0x000000001effec40,  free space=1019k
Native frames: (J=compiled Java code, j=interpreted, Vv=VM code, C=native code)
C  [glfw.dll+0x24b9]
C  0x00000000025ddfcc

Java frames: (J=compiled Java code, j=interpreted, Vv=VM code)
j  org.lwjgl.system.JNI.invokePV(JJ)V+0
j  org.lwjgl.glfw.GLFW.glfwDestroyCursor(J)V+20
j  main.client.Window.destroyWindow()V+9
j  main.coreEngine.Engine.stop()V+70
j  main.client.Window.update()V+43
j  main.client.renderEngine.RenderEngine.render()V+29
j  main.client.ClientThread.tick()V+12
J 455% C1 main.coreEngine.TickableThread.run()V (481 bytes) @ 0x00000000028226dc [0x000000000281de00+0x48dc]
v  ~StubRoutines::call_stub

---------------  P R O C E S S  ---------------

Java Threads: ( => current thread )
  0x000000001e1ea000 JavaThread "SERVER" [_thread_in_Java, id=2820, stack(0x000000001f000000,0x000000001f100000)]
=>0x000000001e1e9000 JavaThread "CLIENT" [_thread_in_native, id=7296, stack(0x000000001ef00000,0x000000001f000000)]
  0x000000001e0eb000 JavaThread "Service Thread" daemon [_thread_blocked, id=5380, stack(0x000000001ed00000,0x000000001ee00000)]
  0x000000001e064800 JavaThread "C1 CompilerThread3" daemon [_thread_blocked, id=9328, stack(0x000000001ec00000,0x000000001ed00000)]
  0x000000001e052000 JavaThread "C2 CompilerThread2" daemon [_thread_blocked, id=11080, stack(0x000000001eb00000,0x000000001ec00000)]
  0x000000001e051800 JavaThread "C2 CompilerThread1" daemon [_thread_blocked, id=13864, stack(0x000000001ea00000,0x000000001eb00000)]
  0x000000001e05b800 JavaThread "C2 CompilerThread0" daemon [_thread_blocked, id=8352, stack(0x000000001e900000,0x000000001ea00000)]
  0x000000001e041000 JavaThread "JDWP Command Reader" daemon [_thread_in_native, id=12920, stack(0x000000001e800000,0x000000001e900000)]
  0x000000001e040000 JavaThread "JDWP Event Helper Thread" daemon [_thread_blocked, id=12416, stack(0x000000001e700000,0x000000001e800000)]
  0x000000001e03e000 JavaThread "JDWP Transport Listener: dt_socket" daemon [_thread_blocked, id=12588, stack(0x000000001e600000,0x000000001e700000)]
  0x000000001e028000 JavaThread "Attach Listener" daemon [_thread_blocked, id=508, stack(0x000000001e500000,0x000000001e600000)]
  0x000000001e027000 JavaThread "Signal Dispatcher" daemon [_thread_blocked, id=11256, stack(0x000000001e400000,0x000000001e500000)]
  0x00000000025bc000 JavaThread "Finalizer" daemon [_thread_blocked, id=6300, stack(0x000000001de20000,0x000000001df20000)]
  0x000000001bf5d000 JavaThread "Reference Handler" daemon [_thread_blocked, id=11472, stack(0x000000001dd20000,0x000000001de20000)]
  0x00000000009be000 JavaThread "main" [_thread_in_Java, id=6356, stack(0x00000000023c0000,0x00000000024c0000)]

Other Threads:
  0x000000001bf58800 VMThread [stack: 0x000000001dc20000,0x000000001dd20000] [id=6072]
  0x000000001e113000 WatcherThread [stack: 0x000000001ee00000,0x000000001ef00000] [id=9196]

VM state:not at safepoint (normal execution)

VM Mutex/Monitor currently owned by a thread: None

Heap:
 PSYoungGen      total 123392K, used 118091K [0x000000076b800000, 0x000000077aa00000, 0x00000007c0000000)
  eden space 121856K, 96% used [0x000000076b800000,0x0000000772b4ac10,0x0000000772f00000)
  from space 1536K, 2% used [0x000000077a700000,0x000000077a708000,0x000000077a880000)
  to   space 1024K, 0% used [0x000000077a900000,0x000000077a900000,0x000000077aa00000)
 ParOldGen       total 173568K, used 1682K [0x00000006c2800000, 0x00000006cd180000, 0x000000076b800000)
  object space 173568K, 0% used [0x00000006c2800000,0x00000006c29a4908,0x00000006cd180000)
 Metaspace       used 7973K, capacity 8550K, committed 8704K, reserved 1056768K
  class space    used 642K, capacity 658K, committed 768K, reserved 1048576K

Card table byte_map: [0x0000000011980000,0x0000000012170000] byte_map_base: 0x000000000e36c000

Marking Bits: (ParMarkBitMap*) 0x0000000070c0a5b0
 Begin Bits: [0x0000000012ec0000, 0x0000000016e20000)
 End Bits:   [0x0000000016e20000, 0x000000001ad80000)

Polling page: 0x00000000009a0000

CodeCache: size=245760Kb used=2655Kb max_used=2666Kb free=243104Kb
 bounds [0x00000000025c0000, 0x0000000002870000, 0x00000000115c0000]
 total_blobs=1146 nmethods=503 adapters=564
 compilation: enabled

Compilation events (10 events):
Event: 2.120 Thread 0x000000001e064800  498       3       org.lwjgl.glfw.GLFW::getInstance (4 bytes)
Event: 2.120 Thread 0x000000001e064800 nmethod 498 0x000000000282ee50 code [0x000000000282efa0, 0x000000000282f0d0]
Event: 2.153 Thread 0x000000001e064800  500       3       main.coreEngine.Engine::getGame (28 bytes)
Event: 2.154 Thread 0x000000001e064800 nmethod 500 0x0000000002856710 code [0x00000000028568c0, 0x0000000002856f28]
Event: 2.179 Thread 0x000000001e064800  501   !   3       main.coreEngine.TickableThread::scheduleTick (25 bytes)
Event: 2.179 Thread 0x000000001e064800 nmethod 501 0x00000000028561d0 code [0x0000000002856340, 0x0000000002856650]
Event: 2.186 Thread 0x000000001e064800  502       3       java.lang.Enum::equals (11 bytes)
Event: 2.186 Thread 0x000000001e064800 nmethod 502 0x0000000002855e50 code [0x0000000002855fa0, 0x0000000002856150]
Event: 2.420 Thread 0x000000001e05b800  503       4       java.lang.ThreadLocal::get (38 bytes)
Event: 2.421 Thread 0x000000001e05b800 nmethod 503 0x0000000002855910 code [0x0000000002855a60, 0x0000000002855c18]

GC Heap History (10 events):
Event: 2.300 GC heap before
{Heap before GC invocations=25 (full 0):
 PSYoungGen      total 143872K, used 143424K [0x000000076b800000, 0x000000077ac00000, 0x00000007c0000000)
  eden space 143360K, 100% used [0x000000076b800000,0x0000000774400000,0x0000000774400000)
  from space 512K, 12% used [0x000000077ab80000,0x000000077ab90000,0x000000077ac00000)
  to   space 1536K, 0% used [0x000000077a900000,0x000000077a900000,0x000000077aa80000)
 ParOldGen       total 173568K, used 1674K [0x00000006c2800000, 0x00000006cd180000, 0x000000076b800000)
  object space 173568K, 0% used [0x00000006c2800000,0x00000006c29a2908,0x00000006cd180000)
 Metaspace       used 7973K, capacity 8550K, committed 8704K, reserved 1056768K
  class space    used 642K, capacity 658K, committed 768K, reserved 1048576K
Event: 2.301 GC heap after
Heap after GC invocations=25 (full 0):
 PSYoungGen      total 140288K, used 64K [0x000000076b800000, 0x000000077ac00000, 0x00000007c0000000)
  eden space 138752K, 0% used [0x000000076b800000,0x000000076b800000,0x0000000773f80000)
  from space 1536K, 4% used [0x000000077a900000,0x000000077a910000,0x000000077aa80000)
  to   space 1536K, 0% used [0x000000077aa80000,0x000000077aa80000,0x000000077ac00000)
 ParOldGen       total 173568K, used 1674K [0x00000006c2800000, 0x00000006cd180000, 0x000000076b800000)
  object space 173568K, 0% used [0x00000006c2800000,0x00000006c29a2908,0x00000006cd180000)
 Metaspace       used 7973K, capacity 8550K, committed 8704K, reserved 1056768K
  class space    used 642K, capacity 658K, committed 768K, reserved 1048576K
}
Event: 2.358 GC heap before
{Heap before GC invocations=26 (full 0):
 PSYoungGen      total 140288K, used 138816K [0x000000076b800000, 0x000000077ac00000, 0x00000007c0000000)
  eden space 138752K, 100% used [0x000000076b800000,0x0000000773f80000,0x0000000773f80000)
  from space 1536K, 4% used [0x000000077a900000,0x000000077a910000,0x000000077aa80000)
  to   space 1536K, 0% used [0x000000077aa80000,0x000000077aa80000,0x000000077ac00000)
 ParOldGen       total 173568K, used 1674K [0x00000006c2800000, 0x00000006cd180000, 0x000000076b800000)
  object space 173568K, 0% used [0x00000006c2800000,0x00000006c29a2908,0x00000006cd180000)
 Metaspace       used 7973K, capacity 8550K, committed 8704K, reserved 1056768K
  class space    used 642K, capacity 658K, committed 768K, reserved 1048576K
Event: 2.359 GC heap after
Heap after GC invocations=26 (full 0):
 PSYoungGen      total 134656K, used 96K [0x000000076b800000, 0x000000077ab00000, 0x00000007c0000000)
  eden space 134144K, 0% used [0x000000076b800000,0x000000076b800000,0x0000000773b00000)
  from space 512K, 18% used [0x000000077aa80000,0x000000077aa98000,0x000000077ab00000)
  to   space 1536K, 0% used [0x000000077a800000,0x000000077a800000,0x000000077a980000)
 ParOldGen       total 173568K, used 1674K [0x00000006c2800000, 0x00000006cd180000, 0x000000076b800000)
  object space 173568K, 0% used [0x00000006c2800000,0x00000006c29a2908,0x00000006cd180000)
 Metaspace       used 7973K, capacity 8550K, committed 8704K, reserved 1056768K
  class space    used 642K, capacity 658K, committed 768K, reserved 1048576K
}
Event: 2.417 GC heap before
{Heap before GC invocations=27 (full 0):
 PSYoungGen      total 134656K, used 134240K [0x000000076b800000, 0x000000077ab00000, 0x00000007c0000000)
  eden space 134144K, 100% used [0x000000076b800000,0x0000000773b00000,0x0000000773b00000)
  from space 512K, 18% used [0x000000077aa80000,0x000000077aa98000,0x000000077ab00000)
  to   space 1536K, 0% used [0x000000077a800000,0x000000077a800000,0x000000077a980000)
 ParOldGen       total 173568K, used 1674K [0x00000006c2800000, 0x00000006cd180000, 0x000000076b800000)
  object space 173568K, 0% used [0x00000006c2800000,0x00000006c29a2908,0x00000006cd180000)
 Metaspace       used 7973K, capacity 8550K, committed 8704K, reserved 1056768K
  class space    used 642K, capacity 658K, committed 768K, reserved 1048576K
Event: 2.418 GC heap after
Heap after GC invocations=27 (full 0):
 PSYoungGen      total 131584K, used 64K [0x000000076b800000, 0x000000077ab00000, 0x00000007c0000000)
  eden space 130048K, 0% used [0x000000076b800000,0x000000076b800000,0x0000000773700000)
  from space 1536K, 4% used [0x000000077a800000,0x000000077a810000,0x000000077a980000)
  to   space 1536K, 0% used [0x000000077a980000,0x000000077a980000,0x000000077ab00000)
 ParOldGen       total 173568K, used 1674K [0x00000006c2800000, 0x00000006cd180000, 0x000000076b800000)
  object space 173568K, 0% used [0x00000006c2800000,0x00000006c29a2908,0x00000006cd180000)
 Metaspace       used 7973K, capacity 8550K, committed 8704K, reserved 1056768K
  class space    used 642K, capacity 658K, committed 768K, reserved 1048576K
}
Event: 2.478 GC heap before
{Heap before GC invocations=28 (full 0):
 PSYoungGen      total 131584K, used 130112K [0x000000076b800000, 0x000000077ab00000, 0x00000007c0000000)
  eden space 130048K, 100% used [0x000000076b800000,0x0000000773700000,0x0000000773700000)
  from space 1536K, 4% used [0x000000077a800000,0x000000077a810000,0x000000077a980000)
  to   space 1536K, 0% used [0x000000077a980000,0x000000077a980000,0x000000077ab00000)
 ParOldGen       total 173568K, used 1674K [0x00000006c2800000, 0x00000006cd180000, 0x000000076b800000)
  object space 173568K, 0% used [0x00000006c2800000,0x00000006c29a2908,0x00000006cd180000)
 Metaspace       used 7973K, capacity 8550K, committed 8704K, reserved 1056768K
  class space    used 642K, capacity 658K, committed 768K, reserved 1048576K
Event: 2.479 GC heap after
Heap after GC invocations=28 (full 0):
 PSYoungGen      total 126464K, used 64K [0x000000076b800000, 0x000000077aa00000, 0x00000007c0000000)
  eden space 125952K, 0% used [0x000000076b800000,0x000000076b800000,0x0000000773300000)
  from space 512K, 12% used [0x000000077a980000,0x000000077a990000,0x000000077aa00000)
  to   space 1536K, 0% used [0x000000077a700000,0x000000077a700000,0x000000077a880000)
 ParOldGen       total 173568K, used 1674K [0x00000006c2800000, 0x00000006cd180000, 0x000000076b800000)
  object space 173568K, 0% used [0x00000006c2800000,0x00000006c29a2908,0x00000006cd180000)
 Metaspace       used 7973K, capacity 8550K, committed 8704K, reserved 1056768K
  class space    used 642K, capacity 658K, committed 768K, reserved 1048576K
}
Event: 2.531 GC heap before
{Heap before GC invocations=29 (full 0):
 PSYoungGen      total 126464K, used 126016K [0x000000076b800000, 0x000000077aa00000, 0x00000007c0000000)
  eden space 125952K, 100% used [0x000000076b800000,0x0000000773300000,0x0000000773300000)
  from space 512K, 12% used [0x000000077a980000,0x000000077a990000,0x000000077aa00000)
  to   space 1536K, 0% used [0x000000077a700000,0x000000077a700000,0x000000077a880000)
 ParOldGen       total 173568K, used 1674K [0x00000006c2800000, 0x00000006cd180000, 0x000000076b800000)
  object space 173568K, 0% used [0x00000006c2800000,0x00000006c29a2908,0x00000006cd180000)
 Metaspace       used 7973K, capacity 8550K, committed 8704K, reserved 1056768K
  class space    used 642K, capacity 658K, committed 768K, reserved 1048576K
Event: 2.532 GC heap after
Heap after GC invocations=29 (full 0):
 PSYoungGen      total 123392K, used 32K [0x000000076b800000, 0x000000077aa00000, 0x00000007c0000000)
  eden space 121856K, 0% used [0x000000076b800000,0x000000076b800000,0x0000000772f00000)
  from space 1536K, 2% used [0x000000077a700000,0x000000077a708000,0x000000077a880000)
  to   space 1024K, 0% used [0x000000077a900000,0x000000077a900000,0x000000077aa00000)
 ParOldGen       total 173568K, used 1682K [0x00000006c2800000, 0x00000006cd180000, 0x000000076b800000)
  object space 173568K, 0% used [0x00000006c2800000,0x00000006c29a4908,0x00000006cd180000)
 Metaspace       used 7973K, capacity 8550K, committed 8704K, reserved 1056768K
  class space    used 642K, capacity 658K, committed 768K, reserved 1048576K
}

Deoptimization events (10 events):
Event: 0.389 Thread 0x000000001e1e9000 Uncommon trap: reason=bimorphic action=maybe_recompile pc=0x0000000002709274 method=java.util.HashMap.getNode(ILjava/lang/Object;)Ljava/util/HashMap$Node; @ 126
Event: 0.390 Thread 0x000000001e1e9000 Uncommon trap: reason=bimorphic action=maybe_recompile pc=0x0000000002709274 method=java.util.HashMap.getNode(ILjava/lang/Object;)Ljava/util/HashMap$Node; @ 126
Event: 0.394 Thread 0x000000001e1e9000 Uncommon trap: reason=unstable_if action=reinterpret pc=0x00000000026ff2d8 method=java.util.HashMap.keySet()Ljava/util/Set; @ 6
Event: 0.732 Thread 0x000000001e1e9000 Uncommon trap: reason=unstable_if action=reinterpret pc=0x00000000026fbec4 method=java.util.HashMap.clear()V @ 16
Event: 0.732 Thread 0x000000001e1e9000 Uncommon trap: reason=unstable_if action=reinterpret pc=0x0000000002705408 method=java.util.HashMap$HashIterator.<init>(Ljava/util/HashMap;)V @ 38
Event: 0.732 Thread 0x00000000009be000 Uncommon trap: reason=unstable_if action=reinterpret pc=0x0000000002730cc0 method=main.coreEngine.TickableThread.invoke(Ljava/lang/String;[Ljava/lang/Object;)V @ 53
Event: 0.733 Thread 0x000000001e1ea000 Uncommon trap: reason=unstable_if action=reinterpret pc=0x000000000272c434 method=main.coreEngine.TickableThread.run()V @ 58
Event: 0.733 Thread 0x000000001e1e9000 Uncommon trap: reason=unstable_if action=reinterpret pc=0x00000000026fdb58 method=java.util.HashMap.clear()V @ 16
Event: 0.770 Thread 0x00000000009be000 Uncommon trap: reason=unstable_if action=reinterpret pc=0x00000000028385f0 method=main.coreEngine.Engine.start()V @ 163
Event: 0.845 Thread 0x000000001e1ea000 Uncommon trap: reason=unstable_if action=reinterpret pc=0x0000000002845af8 method=main.coreEngine.TickableThread.run()V @ 461

Internal exceptions (8 events):
Event: 0.032 Thread 0x00000000009be000 Exception <a 'java/lang/NoSuchMethodError': Method sun.misc.Unsafe.defineClass(Ljava/lang/String;[BII)Ljava/lang/Class; name or signature does not match> (0x000000076b80d880) thrown at [C:\workspace\8-2-build-windows-amd64-cygwin\jdk8u65\4987\hotspot\src\sùq‘ü 4 ?
Event: 0.032 Thread 0x00000000009be000 Exception <a 'java/lang/NoSuchMethodError': Method sun.misc.Unsafe.prefetchRead(Ljava/lang/Object;J)V name or signature does not match> (0x000000076b80db68) thrown at [C:\workspace\8-2-build-windows-amd64-cygwin\jdk8u65\4987\hotspot\src\share\vm\prims\jni.
Event: 0.158 Thread 0x000000001e1e9000 Exception <a 'java/lang/ArrayIndexOutOfBoundsException': -1> (0x000000076cd5aed0) thrown at [C:\workspace\8-2-build-windows-amd64-cygwin\jdk8u65\4987\hotspot\src\share\vm\interpreter\interpreterRuntime.cpp, line 366]
Event: 0.389 Thread 0x000000001e1e9000 Exception <a 'java/security/PrivilegedActionException'> (0x000000076b9797e8) thrown at [C:\workspace\8-2-build-windows-amd64-cygwin\jdk8u65\4987\hotspot\src\share\vm\prims\jvm.cpp, line 1386]
Event: 0.389 Thread 0x000000001e1e9000 Exception <a 'java/security/PrivilegedActionException'> (0x000000076b979be0) thrown at [C:\workspace\8-2-build-windows-amd64-cygwin\jdk8u65\4987\hotspot\src\share\vm\prims\jvm.cpp, line 1386]
Event: 0.390 Thread 0x000000001e1e9000 Exception <a 'java/security/PrivilegedActionException'> (0x000000076b97ddf8) thrown at [C:\workspace\8-2-build-windows-amd64-cygwin\jdk8u65\4987\hotspot\src\share\vm\prims\jvm.cpp, line 1386]
Event: 0.390 Thread 0x000000001e1e9000 Exception <a 'java/security/PrivilegedActionException'> (0x000000076b97e1f0) thrown at [C:\workspace\8-2-build-windows-amd64-cygwin\jdk8u65\4987\hotspot\src\share\vm\prims\jvm.cpp, line 1386]
Event: 0.732 Thread 0x00000000009be000 Implicit null exception at 0x00000000027306fc to 0x0000000002730c99

Events (10 events):
Event: 2.300 Executing VM operation: ParallelGCFailedAllocation
Event: 2.301 Executing VM operation: ParallelGCFailedAllocation done
Event: 2.358 Executing VM operation: ParallelGCFailedAllocation
Event: 2.359 Executing VM operation: ParallelGCFailedAllocation done
Event: 2.417 Executing VM operation: ParallelGCFailedAllocation
Event: 2.418 Executing VM operation: ParallelGCFailedAllocation done
Event: 2.478 Executing VM operation: ParallelGCFailedAllocation
Event: 2.479 Executing VM operation: ParallelGCFailedAllocation done
Event: 2.531 Executing VM operation: ParallelGCFailedAllocation
Event: 2.532 Executing VM operation: ParallelGCFailedAllocation done


Dynamic libraries:
0x00007ff7d2c20000 - 0x00007ff7d2c57000 	C:\Program Files\Java\jdk1.8.0_65\bin\java.exe
0x00007ffde4980000 - 0x00007ffde4b41000 	C:\WINDOWS\SYSTEM32\ntdll.dll
0x00007ffde42a0000 - 0x00007ffde434d000 	C:\WINDOWS\system32\KERNEL32.DLL
0x00007ffde19f0000 - 0x00007ffde1bd8000 	C:\WINDOWS\system32\KERNELBASE.dll
0x00007ffde1e70000 - 0x00007ffde1f17000 	C:\WINDOWS\system32\ADVAPI32.dll
0x00007ffde3800000 - 0x00007ffde389d000 	C:\WINDOWS\system32\msvcrt.dll
0x00007ffde1e10000 - 0x00007ffde1e6b000 	C:\WINDOWS\system32\sechost.dll
0x00007ffde3bd0000 - 0x00007ffde3cec000 	C:\WINDOWS\system32\RPCRT4.dll
0x00007ffde3fe0000 - 0x00007ffde4136000 	C:\WINDOWS\system32\USER32.dll
0x00007ffde3cf0000 - 0x00007ffde3e76000 	C:\WINDOWS\system32\GDI32.dll
0x00007ffddd690000 - 0x00007ffddd904000 	C:\WINDOWS\WinSxS\amd64_microsoft.windows.common-controls_6595b64144ccf1df_6.0.10586.0_none_8c15ae12515e1c22\COMCTL32.dll
0x00007ffde3950000 - 0x00007ffde3bcd000 	C:\WINDOWS\system32\combase.dll
0x00007ffde1cf0000 - 0x00007ffde1d5a000 	C:\WINDOWS\system32\bcryptPrimitives.dll
0x00007ffde1dc0000 - 0x00007ffde1dfb000 	C:\WINDOWS\system32\IMM32.DLL
0x0000000070c90000 - 0x0000000070d62000 	C:\Program Files\Java\jdk1.8.0_65\jre\bin\msvcr100.dll
0x0000000070400000 - 0x0000000070c89000 	C:\Program Files\Java\jdk1.8.0_65\jre\bin\server\jvm.dll
0x00007ffde4290000 - 0x00007ffde4298000 	C:\WINDOWS\system32\PSAPI.DLL
0x00007ffdd8550000 - 0x00007ffdd8559000 	C:\WINDOWS\SYSTEM32\WSOCK32.dll
0x00007ffddf730000 - 0x00007ffddf753000 	C:\WINDOWS\SYSTEM32\WINMM.dll
0x00007ffddd9c0000 - 0x00007ffddd9ca000 	C:\WINDOWS\SYSTEM32\VERSION.dll
0x00007ffde4470000 - 0x00007ffde44db000 	C:\WINDOWS\system32\WS2_32.dll
0x0000000002390000 - 0x00000000023bc000 	C:\WINDOWS\SYSTEM32\WINMMBASE.dll
0x00007ffde1be0000 - 0x00007ffde1c23000 	C:\WINDOWS\system32\cfgmgr32.dll
0x00000000703f0000 - 0x00000000703ff000 	C:\Program Files\Java\jdk1.8.0_65\jre\bin\verify.dll
0x00000000703c0000 - 0x00000000703e9000 	C:\Program Files\Java\jdk1.8.0_65\jre\bin\java.dll
0x0000000070310000 - 0x0000000070345000 	C:\Program Files\Java\jdk1.8.0_65\jre\bin\jdwp.dll
0x00000000702f0000 - 0x00000000702f8000 	C:\Program Files\Java\jdk1.8.0_65\jre\bin\npt.dll
0x0000000070350000 - 0x0000000070366000 	C:\Program Files\Java\jdk1.8.0_65\jre\bin\zip.dll
0x00007ffde1f80000 - 0x00007ffde34dc000 	C:\WINDOWS\system32\SHELL32.dll
0x00007ffde11d0000 - 0x00007ffde1815000 	C:\WINDOWS\system32\windows.storage.dll
0x00007ffde36b0000 - 0x00007ffde3702000 	C:\WINDOWS\system32\shlwapi.dll
0x00007ffde0fb0000 - 0x00007ffde0fbf000 	C:\WINDOWS\system32\kernel.appcore.dll
0x00007ffde1c30000 - 0x00007ffde1ce5000 	C:\WINDOWS\system32\shcore.dll
0x00007ffde0fc0000 - 0x00007ffde100b000 	C:\WINDOWS\system32\powrprof.dll
0x00007ffde0f80000 - 0x00007ffde0f94000 	C:\WINDOWS\system32\profapi.dll
0x00000000703b0000 - 0x00000000703b9000 	C:\Program Files\Java\jdk1.8.0_65\jre\bin\dt_socket.dll
0x00007ffde08b0000 - 0x00007ffde090c000 	C:\WINDOWS\system32\mswsock.dll
0x00007ffdd46c0000 - 0x00007ffdd4748000 	D:\Code\Java\Projects\WireEngine20\lib\native\lwjgl.dll
0x00007ffde0a80000 - 0x00007ffde0a8b000 	C:\WINDOWS\SYSTEM32\CRYPTBASE.DLL
0x00007ffdd4190000 - 0x00007ffdd41d2000 	D:\Code\Java\Projects\WireEngine20\lib\native\jemalloc.dll
0x00007ffdd3df0000 - 0x00007ffdd3e28000 	D:\Code\Java\Projects\WireEngine20\lib\native\glfw.dll
0x00007ffddf850000 - 0x00007ffddf8e6000 	C:\WINDOWS\system32\uxtheme.dll
0x00007ffdde650000 - 0x00007ffdde672000 	C:\WINDOWS\SYSTEM32\dwmapi.dll
0x00007ffdc9d10000 - 0x00007ffdc9e39000 	C:\WINDOWS\SYSTEM32\opengl32.dll
0x00007ffdcc690000 - 0x00007ffdcc6be000 	C:\WINDOWS\SYSTEM32\GLU32.dll
0x00007ffdc8ba0000 - 0x00007ffdc8c9a000 	C:\WINDOWS\SYSTEM32\DDRAW.dll
0x00007ffdd3d80000 - 0x00007ffdd3d88000 	C:\WINDOWS\SYSTEM32\DCIMAN32.dll
0x00007ffde3e80000 - 0x00007ffde3fda000 	C:\WINDOWS\system32\MSCTF.dll
0x00007ffdc3f50000 - 0x00007ffdc3f99000 	C:\Program Files (x86)\TeamViewer\tv_x64.dll
0x00007ffde4140000 - 0x00007ffde4283000 	C:\WINDOWS\system32\ole32.dll
0x000000006e5a0000 - 0x00000000702e9000 	C:\WINDOWS\SYSTEM32\nvoglv64.DLL
0x00007ffde4550000 - 0x00007ffde4979000 	C:\WINDOWS\system32\SETUPAPI.dll
0x00007ffddf2f0000 - 0x00007ffddf303000 	C:\WINDOWS\SYSTEM32\WTSAPI32.dll
0x00007ffddf9a0000 - 0x00007ffddf9c7000 	C:\WINDOWS\SYSTEM32\DEVOBJ.dll
0x00007ffde1170000 - 0x00007ffde11c5000 	C:\WINDOWS\system32\WINTRUST.dll
0x00007ffde0fa0000 - 0x00007ffde0fb0000 	C:\WINDOWS\system32\MSASN1.dll
0x00007ffde1820000 - 0x00007ffde19e7000 	C:\WINDOWS\system32\CRYPT32.dll
0x00007ffde04d0000 - 0x00007ffde0501000 	C:\WINDOWS\SYSTEM32\ntmarta.dll
0x00007ffde0220000 - 0x00007ffde0276000 	C:\WINDOWS\SYSTEM32\WINSTA.dll
0x00007ffde38a0000 - 0x00007ffde3947000 	C:\WINDOWS\system32\clbcatq.dll
0x00007ffdb9de0000 - 0x00007ffdb9f6c000 	C:\WINDOWS\SYSTEM32\dbghelp.dll

VM Arguments:
jvm_args: -agentlib:jdwp=transport=dt_socket,address=127.0.0.1:61212,suspend=y,server=n -Djava.library.path=lib/native/ -Dfile.encoding=UTF-8 
java_command: main.Main
java_class_path (initial): C:\Program Files\Java\jdk1.8.0_65\jre\lib\charsets.jar;C:\Program Files\Java\jdk1.8.0_65\jre\lib\deploy.jar;C:\Program Files\Java\jdk1.8.0_65\jre\lib\ext\access-bridge-64.jar;C:\Program Files\Java\jdk1.8.0_65\jre\lib\ext\cldrdata.jar;C:\Program Files\Java\jdk1.8.0_65\jre\lib\ext\dnsns.jar;C:\Program Files\Java\jdk1.8.0_65\jre\lib\ext\jaccess.jar;C:\Program Files\Java\jdk1.8.0_65\jre\lib\ext\jfxrt.jar;C:\Program Files\Java\jdk1.8.0_65\jre\lib\ext\localedata.jar;C:\Program Files\Java\jdk1.8.0_65\jre\lib\ext\nashorn.jar;C:\Program Files\Java\jdk1.8.0_65\jre\lib\ext\sunec.jar;C:\Program Files\Java\jdk1.8.0_65\jre\lib\ext\sunjce_provider.jar;C:\Program Files\Java\jdk1.8.0_65\jre\lib\ext\sunmscapi.jar;C:\Program Files\Java\jdk1.8.0_65\jre\lib\ext\sunpkcs11.jar;C:\Program Files\Java\jdk1.8.0_65\jre\lib\ext\zipfs.jar;C:\Program Files\Java\jdk1.8.0_65\jre\lib\javaws.jar;C:\Program Files\Java\jdk1.8.0_65\jre\lib\jce.jar;C:\Program Files\Java\jdk1.8.0_65\jre\lib\jfr.jar;C:\Program Files\Java\jdk1.8.0_65\jre\lib\jfxswt.jar;C:\Program Files\Java\jdk1.8.0_65\jre\lib\jsse.jar;C:\Program Files\Java\jdk1.8.0_65\jre\lib\management-agent.jar;C:\Program Files\Java\jdk1.8.0_65\jre\lib\plugin.jar;C:\Program Files\Java\jdk1.8.0_65\jre\lib\resources.jar;C:\Program Files\Java\jdk1.8.0_65\jre\lib\rt.jar;D:\Code\Java\Projects\WireEngine20\out\production\WireEngine20;D:\Code\Java\Projects\WireEngine20\lib\jar\lwjgl.jar;D:\Program Files (x86)\JetBrains\IntelliJ IDEA 2016.1\lib\idea_rt.jar
Launcher Type: SUN_STANDARD

Environment Variables:
JAVA_HOME=C:\Program Files\Java\jdk1.8.0_65
PATH=C:\ProgramData\Oracle\Java\javapath;C:\Program Files (x86)\Razer Chroma SDK\bin;C:\Program Files\Razer Chroma SDK\bin;C:\Program Files (x86)\NVIDIA Corporation\PhysX\Common;C:\Program Files (x86)\Intel\iCLS Client\;C:\Program Files\Intel\iCLS Client\;C:\Windows\system32;C:\Windows;C:\Windows\System32\Wbem;C:\Windows\System32\WindowsPowerShell\v1.0\;C:\Program Files\Intel\Intel(R) Management Engine Components\DAL;C:\Program Files (x86)\Intel\Intel(R) Management Engine Components\DAL;C:\Program Files\Intel\Intel(R) Management Engine Components\IPT;C:\Program Files (x86)\Intel\Intel(R) Management Engine Components\IPT;C:\Program Files\Java\jre1.8.0_65\bin;C:\MinGW\bin;C:\WINDOWS\system32;C:\WINDOWS;C:\WINDOWS\System32\Wbem;C:\WINDOWS\System32\WindowsPowerShell\v1.0\;D:\Program Files (x86)\CMake\bin;D:\Program Files\Programs\Python\Python35-32;D:\Program Files\Programs\Python\Python35-32\Scripts;C:\Program Files (x86)\Skype\Phone\;D:\Program Files\Programs\Python\Python35-32\Scripts\;D:\Program Files\Programs\Python\Python35-32\
USERNAME=Kelan
OS=Windows_NT
PROCESSOR_IDENTIFIER=Intel64 Family 6 Model 60 Stepping 3, GenuineIntel



---------------  S Y S T E M  ---------------

OS: Windows 10.0 , 64 bit Build 10586 (10.0.10586.0)

CPU:total 8 (4 cores per cpu, 2 threads per core) family 6 model 60 stepping 3, cmov, cx8, fxsr, mmx, sse, sse2, sse3, ssse3, sse4.1, sse4.2, popcnt, avx, avx2, aes, clmul, erms, lzcnt, ht, tsc, tscinvbit, bmi1, bmi2

Memory: 4k page, physical 16609500k(5371448k free), swap 33386716k(19520996k free)

vm_info: Java HotSpot(TM) 64-Bit Server VM (25.65-b01) for windows-amd64 JRE (1.8.0_65-b17), built on Oct  6 2015 16:39:20 by "java_re" with MS VC++ 10.0 (VS2010)

time: Sat Apr 09 16:21:03 2016
elapsed time: 2 seconds (0d 0h 0m 2s)

