#
# A fatal error has been detected by the Java Runtime Environment:
#
#  EXCEPTION_ACCESS_VIOLATION (0xc0000005) at pc=0x00007ffdd3df24b9, pid=10636, tid=9804
#
# JRE version: Java(TM) SE Runtime Environment (8.0_65-b17) (build 1.8.0_65-b17)
# Java VM: Java HotSpot(TM) 64-Bit Server VM (25.65-b01 mixed mode windows-amd64 compressed oops)
# Problematic frame:
# C  [glfw.dll+0x24b9]
#
# Failed to write core dump. Minidumps are not enabled by default on client versions of Windows
#
# If you would like to submit a bug report, please visit:
#   http://bugreport.java.com/bugreport/crash.jsp
# The crash happened outside the Java Virtual Machine in native code.
# See problematic frame for where to report the bug.
#

---------------  T H R E A D  ---------------

Current thread (0x000000001e37d800):  JavaThread "CLIENT" [_thread_in_native, id=9804, stack(0x000000001f070000,0x000000001f170000)]

siginfo: ExceptionCode=0xc0000005, reading address 0x0000000000000000

Registers:
RAX=0x0000000000000000, RBX=0x000000001bb17888, RCX=0x0000000000000000, RDX=0x0000000000000000
RSP=0x000000001f16efb0, RBP=0x000000001f16f060, RSI=0x0000000000000108, RDI=0x00000000005232b0
R8 =0x000000001f16efa8, R9 =0x000000001f16f060, R10=0x0000000000000000, R11=0x0000000000000246
R12=0x0000000000000000, R13=0x000000001bb17888, R14=0x000000001f16f098, R15=0x000000001e37d800
RIP=0x00007ffdd3df24b9, EFLAGS=0x0000000000010287

Top of Stack: (sp=0x000000001f16efb0)
0x000000001f16efb0:   000000001e37d800 000000001e37d800
0x000000001f16efc0:   000000001bb31608 000000007052d610
0x000000001f16efd0:   0000000000000179 000000000271dfcc
0x000000001f16efe0:   000000001bb17888 000000001c0a14e0
0x000000001f16eff0:   000000000000000e 000000001e37d800
0x000000001f16f000:   000000001bb31608 000000007052aea4
0x000000001f16f010:   000000001e37d800 000000001e37d800
0x000000001f16f020:   000000001f16f020 0000000000000000
0x000000001f16f030:   000000001f16f098 000000001bb18028
0x000000001f16f040:   0000000000000000 000000001bb17888
0x000000001f16f050:   0000000000000000 000000001f16f080
0x000000001f16f060:   000000001f16f0e0 0000000002707d8d
0x000000001f16f070:   00000006c2802098 00000000027142f8
0x000000001f16f080:   00000000005232b0 00000000027078a0
0x000000001f16f090:   00007ffdd3df2420 0000000000000001
0x000000001f16f0a0:   000000001f16f0a0 000000001bb315dc 

Instructions: (pc=0x00007ffdd3df24b9)
0x00007ffdd3df2499:   48 8b cf e8 1f 3a 00 00 48 39 3d f0 d5 02 00 48
0x00007ffdd3df24a9:   8d 0d e9 d5 02 00 48 8b 5c 24 30 74 08 48 8b 09
0x00007ffdd3df24b9:   48 39 39 75 f8 48 8b 07 48 89 01 48 8b cf 48 83
0x00007ffdd3df24c9:   c4 20 5f e9 5b fe 00 00 48 83 c4 20 5f c3 cc cc 


Register to memory mapping:

RAX=0x0000000000000000 is an unknown value
RBX={method} {0x000000001bb17890} 'invokePV' '(JJ)V' in 'org/lwjgl/system/JNI'
RCX=0x0000000000000000 is an unknown value
RDX=0x0000000000000000 is an unknown value
RSP=0x000000001f16efb0 is pointing into the stack for thread: 0x000000001e37d800
RBP=0x000000001f16f060 is pointing into the stack for thread: 0x000000001e37d800
RSI=0x0000000000000108 is an unknown value
RDI=0x00000000005232b0 is an unknown value
R8 =0x000000001f16efa8 is pointing into the stack for thread: 0x000000001e37d800
R9 =0x000000001f16f060 is pointing into the stack for thread: 0x000000001e37d800
R10=0x0000000000000000 is an unknown value
R11=0x0000000000000246 is an unknown value
R12=0x0000000000000000 is an unknown value
R13={method} {0x000000001bb17890} 'invokePV' '(JJ)V' in 'org/lwjgl/system/JNI'
R14=0x000000001f16f098 is pointing into the stack for thread: 0x000000001e37d800
R15=0x000000001e37d800 is a thread


Stack: [0x000000001f070000,0x000000001f170000],  sp=0x000000001f16efb0,  free space=1019k
Native frames: (J=compiled Java code, j=interpreted, Vv=VM code, C=native code)
C  [glfw.dll+0x24b9]
C  0x000000000271dfcc

Java frames: (J=compiled Java code, j=interpreted, Vv=VM code)
j  org.lwjgl.system.JNI.invokePV(JJ)V+0
j  org.lwjgl.glfw.GLFW.glfwDestroyCursor(J)V+20
j  main.client.Window.destroyWindow()V+9
j  main.coreEngine.Engine.stop()V+70
j  main.client.Window.update()V+43
j  main.client.renderEngine.RenderEngine.render()V+29
j  main.client.ClientThread.tick()V+12
J 436% C1 main.coreEngine.TickableThread.run()V (481 bytes) @ 0x0000000002957c9c [0x00000000029533c0+0x48dc]
v  ~StubRoutines::call_stub

---------------  P R O C E S S  ---------------

Java Threads: ( => current thread )
  0x000000001e35b000 JavaThread "SERVER" [_thread_in_Java, id=8600, stack(0x000000001f170000,0x000000001f270000)]
=>0x000000001e37d800 JavaThread "CLIENT" [_thread_in_native, id=9804, stack(0x000000001f070000,0x000000001f170000)]
  0x000000001e269800 JavaThread "Service Thread" daemon [_thread_blocked, id=2624, stack(0x000000001ee70000,0x000000001ef70000)]
  0x000000001e1d3000 JavaThread "C1 CompilerThread3" daemon [_thread_blocked, id=8560, stack(0x000000001ed70000,0x000000001ee70000)]
  0x000000001e1ca000 JavaThread "C2 CompilerThread2" daemon [_thread_blocked, id=1572, stack(0x000000001ec70000,0x000000001ed70000)]
  0x000000001e1c9000 JavaThread "C2 CompilerThread1" daemon [_thread_blocked, id=13448, stack(0x000000001eb70000,0x000000001ec70000)]
  0x000000001e1ce000 JavaThread "C2 CompilerThread0" daemon [_thread_blocked, id=10956, stack(0x000000001ea70000,0x000000001eb70000)]
  0x000000001e1af800 JavaThread "JDWP Command Reader" daemon [_thread_in_native, id=2376, stack(0x000000001e970000,0x000000001ea70000)]
  0x000000001e1ae800 JavaThread "JDWP Event Helper Thread" daemon [_thread_blocked, id=5676, stack(0x000000001e870000,0x000000001e970000)]
  0x000000001e1ac800 JavaThread "JDWP Transport Listener: dt_socket" daemon [_thread_blocked, id=12684, stack(0x000000001e770000,0x000000001e870000)]
  0x000000001e197800 JavaThread "Attach Listener" daemon [_thread_blocked, id=11300, stack(0x000000001e670000,0x000000001e770000)]
  0x000000001e196000 JavaThread "Signal Dispatcher" daemon [_thread_blocked, id=10544, stack(0x000000001e570000,0x000000001e670000)]
  0x00000000026fb000 JavaThread "Finalizer" daemon [_thread_blocked, id=7900, stack(0x000000001df90000,0x000000001e090000)]
  0x000000001c09d000 JavaThread "Reference Handler" daemon [_thread_blocked, id=2108, stack(0x000000001de90000,0x000000001df90000)]
  0x0000000000dde000 JavaThread "main" [_thread_in_Java, id=12116, stack(0x0000000000e40000,0x0000000000f40000)]

Other Threads:
  0x000000001c099000 VMThread [stack: 0x000000001dd90000,0x000000001de90000] [id=9880]
  0x000000001e274000 WatcherThread [stack: 0x000000001ef70000,0x000000001f070000] [id=10048]

VM state:not at safepoint (normal execution)

VM Mutex/Monitor currently owned by a thread: None

Heap:
 PSYoungGen      total 90112K, used 83676K [0x000000076b800000, 0x000000078a480000, 0x00000007c0000000)
  eden space 89088K, 93% used [0x000000076b800000,0x00000007709a7020,0x0000000770f00000)
  from space 1024K, 6% used [0x000000078a280000,0x000000078a290000,0x000000078a380000)
  to   space 1024K, 0% used [0x000000078a380000,0x000000078a380000,0x000000078a480000)
 ParOldGen       total 173568K, used 1788K [0x00000006c2800000, 0x00000006cd180000, 0x000000076b800000)
  object space 173568K, 1% used [0x00000006c2800000,0x00000006c29bf1c0,0x00000006cd180000)
 Metaspace       used 7964K, capacity 8550K, committed 8704K, reserved 1056768K
  class space    used 642K, capacity 658K, committed 768K, reserved 1048576K

Card table byte_map: [0x0000000011ac0000,0x00000000122b0000] byte_map_base: 0x000000000e4ac000

Marking Bits: (ParMarkBitMap*) 0x0000000070c0a5b0
 Begin Bits: [0x0000000013000000, 0x0000000016f60000)
 End Bits:   [0x0000000016f60000, 0x000000001aec0000)

Polling page: 0x0000000000950000

CodeCache: size=245760Kb used=2640Kb max_used=2640Kb free=243119Kb
 bounds [0x0000000002700000, 0x00000000029a0000, 0x0000000011700000]
 total_blobs=1143 nmethods=500 adapters=564
 compilation: enabled

Compilation events (10 events):
Event: 2.863 Thread 0x000000001e1d3000  496       3       main.client.renderEngine.shader.AbstractShaderProgram::useProgram (16 bytes)
Event: 2.863 Thread 0x000000001e1d3000 nmethod 496 0x000000000298a390 code [0x000000000298a580, 0x000000000298ad38]
Event: 2.878 Thread 0x000000001e1d3000  497       3       main.coreEngine.sceneGraph.Node::render (75 bytes)
Event: 2.879 Thread 0x000000001e1d3000 nmethod 497 0x00000000029893d0 code [0x00000000029895e0, 0x000000000298a018]
Event: 2.879 Thread 0x000000001e1d3000  498       1       main.client.ClientThread::getRenderEngine (5 bytes)
Event: 2.879 Thread 0x000000001e1d3000 nmethod 498 0x0000000002973650 code [0x00000000029737a0, 0x00000000029738b0]
Event: 2.879 Thread 0x000000001e1d3000  499       1       main.client.renderEngine.RenderEngine$ModelData::getMesh (5 bytes)
Event: 2.879 Thread 0x000000001e1d3000 nmethod 499 0x0000000002995350 code [0x00000000029954a0, 0x00000000029955b0]
Event: 2.892 Thread 0x000000001e1d3000  500       3       main.coreEngine.sceneGraph.Node::tick (75 bytes)
Event: 2.892 Thread 0x000000001e1d3000 nmethod 500 0x0000000002995610 code [0x0000000002995820, 0x0000000002996258]

GC Heap History (10 events):
Event: 3.215 GC heap before
{Heap before GC invocations=35 (full 0):
 PSYoungGen      total 102912K, used 102496K [0x000000076b800000, 0x000000078a580000, 0x00000007c0000000)
  eden space 102400K, 100% used [0x000000076b800000,0x0000000771c00000,0x0000000771c00000)
  from space 512K, 18% used [0x000000078a500000,0x000000078a518000,0x000000078a580000)
  to   space 1024K, 0% used [0x000000078a380000,0x000000078a380000,0x000000078a480000)
 ParOldGen       total 173568K, used 1788K [0x00000006c2800000, 0x00000006cd180000, 0x000000076b800000)
  object space 173568K, 1% used [0x00000006c2800000,0x00000006c29bf1c0,0x00000006cd180000)
 Metaspace       used 7964K, capacity 8550K, committed 8704K, reserved 1056768K
  class space    used 642K, capacity 658K, committed 768K, reserved 1048576K
Event: 3.215 GC heap after
Heap after GC invocations=35 (full 0):
 PSYoungGen      total 100352K, used 64K [0x000000076b800000, 0x000000078a580000, 0x00000007c0000000)
  eden space 99328K, 0% used [0x000000076b800000,0x000000076b800000,0x0000000771900000)
  from space 1024K, 6% used [0x000000078a380000,0x000000078a390000,0x000000078a480000)
  to   space 1024K, 0% used [0x000000078a480000,0x000000078a480000,0x000000078a580000)
 ParOldGen       total 173568K, used 1788K [0x00000006c2800000, 0x00000006cd180000, 0x000000076b800000)
  object space 173568K, 1% used [0x00000006c2800000,0x00000006c29bf1c0,0x00000006cd180000)
 Metaspace       used 7964K, capacity 8550K, committed 8704K, reserved 1056768K
  class space    used 642K, capacity 658K, committed 768K, reserved 1048576K
}
Event: 3.273 GC heap before
{Heap before GC invocations=36 (full 0):
 PSYoungGen      total 100352K, used 99392K [0x000000076b800000, 0x000000078a580000, 0x00000007c0000000)
  eden space 99328K, 100% used [0x000000076b800000,0x0000000771900000,0x0000000771900000)
  from space 1024K, 6% used [0x000000078a380000,0x000000078a390000,0x000000078a480000)
  to   space 1024K, 0% used [0x000000078a480000,0x000000078a480000,0x000000078a580000)
 ParOldGen       total 173568K, used 1788K [0x00000006c2800000, 0x00000006cd180000, 0x000000076b800000)
  object space 173568K, 1% used [0x00000006c2800000,0x00000006c29bf1c0,0x00000006cd180000)
 Metaspace       used 7964K, capacity 8550K, committed 8704K, reserved 1056768K
  class space    used 642K, capacity 658K, committed 768K, reserved 1048576K
Event: 3.274 GC heap after
Heap after GC invocations=36 (full 0):
 PSYoungGen      total 97280K, used 64K [0x000000076b800000, 0x000000078a500000, 0x00000007c0000000)
  eden space 96768K, 0% used [0x000000076b800000,0x000000076b800000,0x0000000771680000)
  from space 512K, 12% used [0x000000078a480000,0x000000078a490000,0x000000078a500000)
  to   space 1024K, 0% used [0x000000078a300000,0x000000078a300000,0x000000078a400000)
 ParOldGen       total 173568K, used 1788K [0x00000006c2800000, 0x00000006cd180000, 0x000000076b800000)
  object space 173568K, 1% used [0x00000006c2800000,0x00000006c29bf1c0,0x00000006cd180000)
 Metaspace       used 7964K, capacity 8550K, committed 8704K, reserved 1056768K
  class space    used 642K, capacity 658K, committed 768K, reserved 1048576K
}
Event: 3.315 GC heap before
{Heap before GC invocations=37 (full 0):
 PSYoungGen      total 97280K, used 96832K [0x000000076b800000, 0x000000078a500000, 0x00000007c0000000)
  eden space 96768K, 100% used [0x000000076b800000,0x0000000771680000,0x0000000771680000)
  from space 512K, 12% used [0x000000078a480000,0x000000078a490000,0x000000078a500000)
  to   space 1024K, 0% used [0x000000078a300000,0x000000078a300000,0x000000078a400000)
 ParOldGen       total 173568K, used 1788K [0x00000006c2800000, 0x00000006cd180000, 0x000000076b800000)
  object space 173568K, 1% used [0x00000006c2800000,0x00000006c29bf1c0,0x00000006cd180000)
 Metaspace       used 7964K, capacity 8550K, committed 8704K, reserved 1056768K
  class space    used 642K, capacity 658K, committed 768K, reserved 1048576K
Event: 3.316 GC heap after
Heap after GC invocations=37 (full 0):
 PSYoungGen      total 95232K, used 64K [0x000000076b800000, 0x000000078a500000, 0x00000007c0000000)
  eden space 94208K, 0% used [0x000000076b800000,0x000000076b800000,0x0000000771400000)
  from space 1024K, 6% used [0x000000078a300000,0x000000078a310000,0x000000078a400000)
  to   space 1024K, 0% used [0x000000078a400000,0x000000078a400000,0x000000078a500000)
 ParOldGen       total 173568K, used 1788K [0x00000006c2800000, 0x00000006cd180000, 0x000000076b800000)
  object space 173568K, 1% used [0x00000006c2800000,0x00000006c29bf1c0,0x00000006cd180000)
 Metaspace       used 7964K, capacity 8550K, committed 8704K, reserved 1056768K
  class space    used 642K, capacity 658K, committed 768K, reserved 1048576K
}
Event: 3.411 GC heap before
{Heap before GC invocations=38 (full 0):
 PSYoungGen      total 95232K, used 94272K [0x000000076b800000, 0x000000078a500000, 0x00000007c0000000)
  eden space 94208K, 100% used [0x000000076b800000,0x0000000771400000,0x0000000771400000)
  from space 1024K, 6% used [0x000000078a300000,0x000000078a310000,0x000000078a400000)
  to   space 1024K, 0% used [0x000000078a400000,0x000000078a400000,0x000000078a500000)
 ParOldGen       total 173568K, used 1788K [0x00000006c2800000, 0x00000006cd180000, 0x000000076b800000)
  object space 173568K, 1% used [0x00000006c2800000,0x00000006c29bf1c0,0x00000006cd180000)
 Metaspace       used 7964K, capacity 8550K, committed 8704K, reserved 1056768K
  class space    used 642K, capacity 658K, committed 768K, reserved 1048576K
Event: 3.412 GC heap after
Heap after GC invocations=38 (full 0):
 PSYoungGen      total 92160K, used 64K [0x000000076b800000, 0x000000078a480000, 0x00000007c0000000)
  eden space 91648K, 0% used [0x000000076b800000,0x000000076b800000,0x0000000771180000)
  from space 512K, 12% used [0x000000078a400000,0x000000078a410000,0x000000078a480000)
  to   space 1024K, 0% used [0x000000078a280000,0x000000078a280000,0x000000078a380000)
 ParOldGen       total 173568K, used 1788K [0x00000006c2800000, 0x00000006cd180000, 0x000000076b800000)
  object space 173568K, 1% used [0x00000006c2800000,0x00000006c29bf1c0,0x00000006cd180000)
 Metaspace       used 7964K, capacity 8550K, committed 8704K, reserved 1056768K
  class space    used 642K, capacity 658K, committed 768K, reserved 1048576K
}
Event: 3.469 GC heap before
{Heap before GC invocations=39 (full 0):
 PSYoungGen      total 92160K, used 91712K [0x000000076b800000, 0x000000078a480000, 0x00000007c0000000)
  eden space 91648K, 100% used [0x000000076b800000,0x0000000771180000,0x0000000771180000)
  from space 512K, 12% used [0x000000078a400000,0x000000078a410000,0x000000078a480000)
  to   space 1024K, 0% used [0x000000078a280000,0x000000078a280000,0x000000078a380000)
 ParOldGen       total 173568K, used 1788K [0x00000006c2800000, 0x00000006cd180000, 0x000000076b800000)
  object space 173568K, 1% used [0x00000006c2800000,0x00000006c29bf1c0,0x00000006cd180000)
 Metaspace       used 7964K, capacity 8550K, committed 8704K, reserved 1056768K
  class space    used 642K, capacity 658K, committed 768K, reserved 1048576K
Event: 3.469 GC heap after
Heap after GC invocations=39 (full 0):
 PSYoungGen      total 90112K, used 64K [0x000000076b800000, 0x000000078a480000, 0x00000007c0000000)
  eden space 89088K, 0% used [0x000000076b800000,0x000000076b800000,0x0000000770f00000)
  from space 1024K, 6% used [0x000000078a280000,0x000000078a290000,0x000000078a380000)
  to   space 1024K, 0% used [0x000000078a380000,0x000000078a380000,0x000000078a480000)
 ParOldGen       total 173568K, used 1788K [0x00000006c2800000, 0x00000006cd180000, 0x000000076b800000)
  object space 173568K, 1% used [0x00000006c2800000,0x00000006c29bf1c0,0x00000006cd180000)
 Metaspace       used 7964K, capacity 8550K, committed 8704K, reserved 1056768K
  class space    used 642K, capacity 658K, committed 768K, reserved 1048576K
}

Deoptimization events (10 events):
Event: 0.131 Thread 0x000000001e37d800 Uncommon trap: reason=bimorphic action=maybe_recompile pc=0x0000000002845c74 method=java.util.HashMap.getNode(ILjava/lang/Object;)Ljava/util/HashMap$Node; @ 126
Event: 0.424 Thread 0x000000001e37d800 Uncommon trap: reason=bimorphic action=maybe_recompile pc=0x0000000002845c74 method=java.util.HashMap.getNode(ILjava/lang/Object;)Ljava/util/HashMap$Node; @ 126
Event: 0.425 Thread 0x000000001e37d800 Uncommon trap: reason=bimorphic action=maybe_recompile pc=0x0000000002845c74 method=java.util.HashMap.getNode(ILjava/lang/Object;)Ljava/util/HashMap$Node; @ 126
Event: 0.430 Thread 0x000000001e37d800 Uncommon trap: reason=unstable_if action=reinterpret pc=0x0000000002831058 method=java.util.HashMap.keySet()Ljava/util/Set; @ 6
Event: 0.747 Thread 0x000000001e37d800 Uncommon trap: reason=unstable_if action=reinterpret pc=0x000000000283ae04 method=java.util.HashMap.clear()V @ 16
Event: 0.747 Thread 0x000000001e37d800 Uncommon trap: reason=unstable_if action=reinterpret pc=0x000000000283e848 method=java.util.HashMap$HashIterator.<init>(Ljava/util/HashMap;)V @ 38
Event: 0.747 Thread 0x0000000000dde000 Uncommon trap: reason=unstable_if action=reinterpret pc=0x000000000286f988 method=main.coreEngine.TickableThread.invoke(Ljava/lang/String;[Ljava/lang/Object;)V @ 53
Event: 0.747 Thread 0x000000001e37d800 Uncommon trap: reason=unstable_if action=reinterpret pc=0x000000000283b098 method=java.util.HashMap.clear()V @ 16
Event: 0.747 Thread 0x000000001e35b000 Uncommon trap: reason=unstable_if action=reinterpret pc=0x000000000286e274 method=main.coreEngine.TickableThread.run()V @ 58
Event: 0.842 Thread 0x000000001e35b000 Uncommon trap: reason=unstable_if action=reinterpret pc=0x000000000297a144 method=main.coreEngine.TickableThread.run()V @ 461

Internal exceptions (8 events):
Event: 0.024 Thread 0x0000000000dde000 Exception <a 'java/lang/NoSuchMethodError': Method sun.misc.Unsafe.defineClass(Ljava/lang/String;[BII)Ljava/lang/Class; name or signature does not match> (0x000000076b80d9b8) thrown at [C:\workspace\8-2-build-windows-amd64-cygwin\jdk8u65\4987\hotspot\src\s<UÒ­ƒ˜?
Event: 0.024 Thread 0x0000000000dde000 Exception <a 'java/lang/NoSuchMethodError': Method sun.misc.Unsafe.prefetchRead(Ljava/lang/Object;J)V name or signature does not match> (0x000000076b80dca0) thrown at [C:\workspace\8-2-build-windows-amd64-cygwin\jdk8u65\4987\hotspot\src\share\vm\prims\jni.’ÕÄçÂ?
Event: 0.148 Thread 0x000000001e37d800 Exception <a 'java/lang/ArrayIndexOutOfBoundsException': -1> (0x000000076cfb8f18) thrown at [C:\workspace\8-2-build-windows-amd64-cygwin\jdk8u65\4987\hotspot\src\share\vm\interpreter\interpreterRuntime.cpp, line 366]
Event: 0.424 Thread 0x000000001e37d800 Exception <a 'java/security/PrivilegedActionException'> (0x0000000770ab18a0) thrown at [C:\workspace\8-2-build-windows-amd64-cygwin\jdk8u65\4987\hotspot\src\share\vm\prims\jvm.cpp, line 1386]
Event: 0.424 Thread 0x000000001e37d800 Exception <a 'java/security/PrivilegedActionException'> (0x0000000770ab1c98) thrown at [C:\workspace\8-2-build-windows-amd64-cygwin\jdk8u65\4987\hotspot\src\share\vm\prims\jvm.cpp, line 1386]
Event: 0.425 Thread 0x000000001e37d800 Exception <a 'java/security/PrivilegedActionException'> (0x0000000770ab5eb0) thrown at [C:\workspace\8-2-build-windows-amd64-cygwin\jdk8u65\4987\hotspot\src\share\vm\prims\jvm.cpp, line 1386]
Event: 0.425 Thread 0x000000001e37d800 Exception <a 'java/security/PrivilegedActionException'> (0x0000000770ab62a8) thrown at [C:\workspace\8-2-build-windows-amd64-cygwin\jdk8u65\4987\hotspot\src\share\vm\prims\jvm.cpp, line 1386]
Event: 0.747 Thread 0x0000000000dde000 Implicit null exception at 0x000000000286f388 to 0x000000000286f961

Events (10 events):
Event: 3.215 Executing VM operation: ParallelGCFailedAllocation
Event: 3.215 Executing VM operation: ParallelGCFailedAllocation done
Event: 3.273 Executing VM operation: ParallelGCFailedAllocation
Event: 3.274 Executing VM operation: ParallelGCFailedAllocation done
Event: 3.315 Executing VM operation: ParallelGCFailedAllocation
Event: 3.316 Executing VM operation: ParallelGCFailedAllocation done
Event: 3.411 Executing VM operation: ParallelGCFailedAllocation
Event: 3.412 Executing VM operation: ParallelGCFailedAllocation done
Event: 3.469 Executing VM operation: ParallelGCFailedAllocation
Event: 3.469 Executing VM operation: ParallelGCFailedAllocation done


Dynamic libraries:
0x00007ff7d2c20000 - 0x00007ff7d2c57000 	C:\Program Files\Java\jdk1.8.0_65\bin\java.exe
0x00007ffde4980000 - 0x00007ffde4b41000 	C:\WINDOWS\SYSTEM32\ntdll.dll
0x00007ffde42a0000 - 0x00007ffde434d000 	C:\WINDOWS\system32\KERNEL32.DLL
0x00007ffde19f0000 - 0x00007ffde1bd8000 	C:\WINDOWS\system32\KERNELBASE.dll
0x00007ffde1e70000 - 0x00007ffde1f17000 	C:\WINDOWS\system32\ADVAPI32.dll
0x00007ffde3800000 - 0x00007ffde389d000 	C:\WINDOWS\system32\msvcrt.dll
0x00007ffde1e10000 - 0x00007ffde1e6b000 	C:\WINDOWS\system32\sechost.dll
0x00007ffde3bd0000 - 0x00007ffde3cec000 	C:\WINDOWS\system32\RPCRT4.dll
0x00007ffde3fe0000 - 0x00007ffde4136000 	C:\WINDOWS\system32\USER32.dll
0x00007ffde3cf0000 - 0x00007ffde3e76000 	C:\WINDOWS\system32\GDI32.dll
0x00007ffddd690000 - 0x00007ffddd904000 	C:\WINDOWS\WinSxS\amd64_microsoft.windows.common-controls_6595b64144ccf1df_6.0.10586.0_none_8c15ae12515e1c22\COMCTL32.dll
0x00007ffde3950000 - 0x00007ffde3bcd000 	C:\WINDOWS\system32\combase.dll
0x00007ffde1cf0000 - 0x00007ffde1d5a000 	C:\WINDOWS\system32\bcryptPrimitives.dll
0x00007ffde1dc0000 - 0x00007ffde1dfb000 	C:\WINDOWS\system32\IMM32.DLL
0x0000000070c90000 - 0x0000000070d62000 	C:\Program Files\Java\jdk1.8.0_65\jre\bin\msvcr100.dll
0x0000000070400000 - 0x0000000070c89000 	C:\Program Files\Java\jdk1.8.0_65\jre\bin\server\jvm.dll
0x00007ffde4290000 - 0x00007ffde4298000 	C:\WINDOWS\system32\PSAPI.DLL
0x00007ffddf730000 - 0x00007ffddf753000 	C:\WINDOWS\SYSTEM32\WINMM.dll
0x00007ffdd8550000 - 0x00007ffdd8559000 	C:\WINDOWS\SYSTEM32\WSOCK32.dll
0x00007ffddd9c0000 - 0x00007ffddd9ca000 	C:\WINDOWS\SYSTEM32\VERSION.dll
0x00007ffde4470000 - 0x00007ffde44db000 	C:\WINDOWS\system32\WS2_32.dll
0x00007ffddf6d0000 - 0x00007ffddf6fc000 	C:\WINDOWS\SYSTEM32\WINMMBASE.dll
0x00007ffde1be0000 - 0x00007ffde1c23000 	C:\WINDOWS\system32\cfgmgr32.dll
0x00000000703f0000 - 0x00000000703ff000 	C:\Program Files\Java\jdk1.8.0_65\jre\bin\verify.dll
0x00000000703c0000 - 0x00000000703e9000 	C:\Program Files\Java\jdk1.8.0_65\jre\bin\java.dll
0x0000000070380000 - 0x00000000703b5000 	C:\Program Files\Java\jdk1.8.0_65\jre\bin\jdwp.dll
0x0000000070370000 - 0x0000000070378000 	C:\Program Files\Java\jdk1.8.0_65\jre\bin\npt.dll
0x0000000070350000 - 0x0000000070366000 	C:\Program Files\Java\jdk1.8.0_65\jre\bin\zip.dll
0x00007ffde1f80000 - 0x00007ffde34dc000 	C:\WINDOWS\system32\SHELL32.dll
0x00007ffde11d0000 - 0x00007ffde1815000 	C:\WINDOWS\system32\windows.storage.dll
0x00007ffde36b0000 - 0x00007ffde3702000 	C:\WINDOWS\system32\shlwapi.dll
0x00007ffde0fb0000 - 0x00007ffde0fbf000 	C:\WINDOWS\system32\kernel.appcore.dll
0x00007ffde1c30000 - 0x00007ffde1ce5000 	C:\WINDOWS\system32\shcore.dll
0x00007ffde0fc0000 - 0x00007ffde100b000 	C:\WINDOWS\system32\powrprof.dll
0x00007ffde0f80000 - 0x00007ffde0f94000 	C:\WINDOWS\system32\profapi.dll
0x0000000070340000 - 0x0000000070349000 	C:\Program Files\Java\jdk1.8.0_65\jre\bin\dt_socket.dll
0x00007ffde08b0000 - 0x00007ffde090c000 	C:\WINDOWS\system32\mswsock.dll
0x00007ffdd4590000 - 0x00007ffdd4618000 	D:\Code\Java\Projects\WireEngine20\lib\native\lwjgl.dll
0x00007ffde0a80000 - 0x00007ffde0a8b000 	C:\WINDOWS\SYSTEM32\CRYPTBASE.DLL
0x00007ffdd4190000 - 0x00007ffdd41d2000 	D:\Code\Java\Projects\WireEngine20\lib\native\jemalloc.dll
0x00007ffdd3df0000 - 0x00007ffdd3e28000 	D:\Code\Java\Projects\WireEngine20\lib\native\glfw.dll
0x00007ffddf850000 - 0x00007ffddf8e6000 	C:\WINDOWS\system32\uxtheme.dll
0x00007ffdde650000 - 0x00007ffdde672000 	C:\WINDOWS\SYSTEM32\dwmapi.dll
0x00007ffdc9d10000 - 0x00007ffdc9e39000 	C:\WINDOWS\SYSTEM32\opengl32.dll
0x00007ffdcc690000 - 0x00007ffdcc6be000 	C:\WINDOWS\SYSTEM32\GLU32.dll
0x00007ffdc8ba0000 - 0x00007ffdc8c9a000 	C:\WINDOWS\SYSTEM32\DDRAW.dll
0x00007ffdd3d80000 - 0x00007ffdd3d88000 	C:\WINDOWS\SYSTEM32\DCIMAN32.dll
0x00007ffde3e80000 - 0x00007ffde3fda000 	C:\WINDOWS\system32\MSCTF.dll
0x00007ffdc3f50000 - 0x00007ffdc3f99000 	C:\Program Files (x86)\TeamViewer\tv_x64.dll
0x00007ffde4140000 - 0x00007ffde4283000 	C:\WINDOWS\system32\ole32.dll
0x000000006e5f0000 - 0x0000000070339000 	C:\WINDOWS\SYSTEM32\nvoglv64.DLL
0x00007ffde4550000 - 0x00007ffde4979000 	C:\WINDOWS\system32\SETUPAPI.dll
0x00007ffddf2f0000 - 0x00007ffddf303000 	C:\WINDOWS\SYSTEM32\WTSAPI32.dll
0x00007ffddf9a0000 - 0x00007ffddf9c7000 	C:\WINDOWS\SYSTEM32\DEVOBJ.dll
0x00007ffde1170000 - 0x00007ffde11c5000 	C:\WINDOWS\system32\WINTRUST.dll
0x00007ffde0fa0000 - 0x00007ffde0fb0000 	C:\WINDOWS\system32\MSASN1.dll
0x00007ffde1820000 - 0x00007ffde19e7000 	C:\WINDOWS\system32\CRYPT32.dll
0x00007ffde04d0000 - 0x00007ffde0501000 	C:\WINDOWS\SYSTEM32\ntmarta.dll
0x00007ffde0220000 - 0x00007ffde0276000 	C:\WINDOWS\SYSTEM32\WINSTA.dll
0x00007ffde38a0000 - 0x00007ffde3947000 	C:\WINDOWS\system32\clbcatq.dll
0x00007ffdb9de0000 - 0x00007ffdb9f6c000 	C:\WINDOWS\SYSTEM32\dbghelp.dll

VM Arguments:
jvm_args: -agentlib:jdwp=transport=dt_socket,address=127.0.0.1:61920,suspend=y,server=n -Djava.library.path=lib/native/ -Dfile.encoding=UTF-8 
java_command: main.Main
java_class_path (initial): C:\Program Files\Java\jdk1.8.0_65\jre\lib\charsets.jar;C:\Program Files\Java\jdk1.8.0_65\jre\lib\deploy.jar;C:\Program Files\Java\jdk1.8.0_65\jre\lib\ext\access-bridge-64.jar;C:\Program Files\Java\jdk1.8.0_65\jre\lib\ext\cldrdata.jar;C:\Program Files\Java\jdk1.8.0_65\jre\lib\ext\dnsns.jar;C:\Program Files\Java\jdk1.8.0_65\jre\lib\ext\jaccess.jar;C:\Program Files\Java\jdk1.8.0_65\jre\lib\ext\jfxrt.jar;C:\Program Files\Java\jdk1.8.0_65\jre\lib\ext\localedata.jar;C:\Program Files\Java\jdk1.8.0_65\jre\lib\ext\nashorn.jar;C:\Program Files\Java\jdk1.8.0_65\jre\lib\ext\sunec.jar;C:\Program Files\Java\jdk1.8.0_65\jre\lib\ext\sunjce_provider.jar;C:\Program Files\Java\jdk1.8.0_65\jre\lib\ext\sunmscapi.jar;C:\Program Files\Java\jdk1.8.0_65\jre\lib\ext\sunpkcs11.jar;C:\Program Files\Java\jdk1.8.0_65\jre\lib\ext\zipfs.jar;C:\Program Files\Java\jdk1.8.0_65\jre\lib\javaws.jar;C:\Program Files\Java\jdk1.8.0_65\jre\lib\jce.jar;C:\Program Files\Java\jdk1.8.0_65\jre\lib\jfr.jar;C:\Program Files\Java\jdk1.8.0_65\jre\lib\jfxswt.jar;C:\Program Files\Java\jdk1.8.0_65\jre\lib\jsse.jar;C:\Program Files\Java\jdk1.8.0_65\jre\lib\management-agent.jar;C:\Program Files\Java\jdk1.8.0_65\jre\lib\plugin.jar;C:\Program Files\Java\jdk1.8.0_65\jre\lib\resources.jar;C:\Program Files\Java\jdk1.8.0_65\jre\lib\rt.jar;D:\Code\Java\Projects\WireEngine20\out\production\WireEngine20;D:\Code\Java\Projects\WireEngine20\lib\jar\lwjgl.jar;D:\Program Files (x86)\JetBrains\IntelliJ IDEA 2016.1\lib\idea_rt.jar
Launcher Type: SUN_STANDARD

Environment Variables:
JAVA_HOME=C:\Program Files\Java\jdk1.8.0_65
PATH=C:\ProgramData\Oracle\Java\javapath;C:\Program Files (x86)\Razer Chroma SDK\bin;C:\Program Files\Razer Chroma SDK\bin;C:\Program Files (x86)\NVIDIA Corporation\PhysX\Common;C:\Program Files (x86)\Intel\iCLS Client\;C:\Program Files\Intel\iCLS Client\;C:\Windows\system32;C:\Windows;C:\Windows\System32\Wbem;C:\Windows\System32\WindowsPowerShell\v1.0\;C:\Program Files\Intel\Intel(R) Management Engine Components\DAL;C:\Program Files (x86)\Intel\Intel(R) Management Engine Components\DAL;C:\Program Files\Intel\Intel(R) Management Engine Components\IPT;C:\Program Files (x86)\Intel\Intel(R) Management Engine Components\IPT;C:\Program Files\Java\jre1.8.0_65\bin;C:\MinGW\bin;C:\WINDOWS\system32;C:\WINDOWS;C:\WINDOWS\System32\Wbem;C:\WINDOWS\System32\WindowsPowerShell\v1.0\;D:\Program Files (x86)\CMake\bin;D:\Program Files\Programs\Python\Python35-32;D:\Program Files\Programs\Python\Python35-32\Scripts;C:\Program Files (x86)\Skype\Phone\;D:\Program Files\Programs\Python\Python35-32\Scripts\;D:\Program Files\Programs\Python\Python35-32\
USERNAME=Kelan
OS=Windows_NT
PROCESSOR_IDENTIFIER=Intel64 Family 6 Model 60 Stepping 3, GenuineIntel



---------------  S Y S T E M  ---------------

OS: Windows 10.0 , 64 bit Build 10586 (10.0.10586.0)

CPU:total 8 (4 cores per cpu, 2 threads per core) family 6 model 60 stepping 3, cmov, cx8, fxsr, mmx, sse, sse2, sse3, ssse3, sse4.1, sse4.2, popcnt, avx, avx2, aes, clmul, erms, lzcnt, ht, tsc, tscinvbit, bmi1, bmi2

Memory: 4k page, physical 16609500k(5152076k free), swap 33386716k(19264468k free)

vm_info: Java HotSpot(TM) 64-Bit Server VM (25.65-b01) for windows-amd64 JRE (1.8.0_65-b17), built on Oct  6 2015 16:39:20 by "java_re" with MS VC++ 10.0 (VS2010)

time: Sat Apr 09 17:17:59 2016
elapsed time: 3 seconds (0d 0h 0m 3s)

