#
# A fatal error has been detected by the Java Runtime Environment:
#
#  EXCEPTION_ACCESS_VIOLATION (0xc0000005) at pc=0x00007ffdd9dc24b9, pid=11376, tid=12468
#
# JRE version: Java(TM) SE Runtime Environment (8.0_65-b17) (build 1.8.0_65-b17)
# Java VM: Java HotSpot(TM) 64-Bit Server VM (25.65-b01 mixed mode windows-amd64 compressed oops)
# Problematic frame:
# C  [glfw.dll+0x24b9]
#
# Failed to write core dump. Minidumps are not enabled by default on client versions of Windows
#
# If you would like to submit a bug report, please visit:
#   http://bugreport.java.com/bugreport/crash.jsp
# The crash happened outside the Java Virtual Machine in native code.
# See problematic frame for where to report the bug.
#

---------------  T H R E A D  ---------------

Current thread (0x000000001e21c000):  JavaThread "CLIENT" [_thread_in_native, id=12468, stack(0x000000001ed70000,0x000000001ee70000)]

siginfo: ExceptionCode=0xc0000005, reading address 0x0000000000000000

Registers:
RAX=0x0000000000000000, RBX=0x000000001b9fe690, RCX=0x0000000000000000, RDX=0x0000000000000000
RSP=0x000000001ee6f230, RBP=0x000000001ee6f2e0, RSI=0x0000000000000108, RDI=0x00000000005cab20
R8 =0x000000001ee6f228, R9 =0x000000001ee6f2e0, R10=0x0000000000000000, R11=0x0000000000000246
R12=0x0000000000000000, R13=0x000000001b9fe690, R14=0x000000001ee6f318, R15=0x000000001e21c000
RIP=0x00007ffdd9dc24b9, EFLAGS=0x0000000000010283

Top of Stack: (sp=0x000000001ee6f230)
0x000000001ee6f230:   000000001e21c000 000000001e21c000
0x000000001ee6f240:   000000001ba17b48 000000007052d610
0x000000001ee6f250:   0000000000000410 00000000025f5e34
0x000000001ee6f260:   000000001b9fe690 000000001e0a8650
0x000000001ee6f270:   000000000000000e 000000001e21c000
0x000000001ee6f280:   000000001ba17b48 000000007052aea4
0x000000001ee6f290:   000000001e21c000 000000001e21c000
0x000000001ee6f2a0:   000000001ee6f2a0 0000000000000000
0x000000001ee6f2b0:   000000001ee6f318 000000001b9fe828
0x000000001ee6f2c0:   0000000000000000 000000001b9fe690
0x000000001ee6f2d0:   0000000000000000 000000001ee6f300
0x000000001ee6f2e0:   000000001ee6f360 00000000025e7ced
0x000000001ee6f2f0:   00000006c280e738 00000000025ef978
0x000000001ee6f300:   00000000005cab20 00000000025e7800
0x000000001ee6f310:   00007ffdd9dc2420 0000000000000001
0x000000001ee6f320:   000000001ee6f320 000000001ba17b1c 

Instructions: (pc=0x00007ffdd9dc24b9)
0x00007ffdd9dc2499:   48 8b cf e8 1f 3a 00 00 48 39 3d f0 d5 02 00 48
0x00007ffdd9dc24a9:   8d 0d e9 d5 02 00 48 8b 5c 24 30 74 08 48 8b 09
0x00007ffdd9dc24b9:   48 39 39 75 f8 48 8b 07 48 89 01 48 8b cf 48 83
0x00007ffdd9dc24c9:   c4 20 5f e9 5b fe 00 00 48 83 c4 20 5f c3 cc cc 


Register to memory mapping:

RAX=0x0000000000000000 is an unknown value
RBX={method} {0x000000001b9fe698} 'invokePV' '(JJ)V' in 'org/lwjgl/system/JNI'
RCX=0x0000000000000000 is an unknown value
RDX=0x0000000000000000 is an unknown value
RSP=0x000000001ee6f230 is pointing into the stack for thread: 0x000000001e21c000
RBP=0x000000001ee6f2e0 is pointing into the stack for thread: 0x000000001e21c000
RSI=0x0000000000000108 is an unknown value
RDI=0x00000000005cab20 is an unknown value
R8 =0x000000001ee6f228 is pointing into the stack for thread: 0x000000001e21c000
R9 =0x000000001ee6f2e0 is pointing into the stack for thread: 0x000000001e21c000
R10=0x0000000000000000 is an unknown value
R11=0x0000000000000246 is an unknown value
R12=0x0000000000000000 is an unknown value
R13={method} {0x000000001b9fe698} 'invokePV' '(JJ)V' in 'org/lwjgl/system/JNI'
R14=0x000000001ee6f318 is pointing into the stack for thread: 0x000000001e21c000
R15=0x000000001e21c000 is a thread


Stack: [0x000000001ed70000,0x000000001ee70000],  sp=0x000000001ee6f230,  free space=1020k
Native frames: (J=compiled Java code, j=interpreted, Vv=VM code, C=native code)
C  [glfw.dll+0x24b9]
C  0x00000000025f5e34

Java frames: (J=compiled Java code, j=interpreted, Vv=VM code)
j  org.lwjgl.system.JNI.invokePV(JJ)V+0
j  org.lwjgl.glfw.GLFW.glfwDestroyCursor(J)V+20
j  main.client.Window.destroyWindow()V+9
j  main.coreEngine.Engine.stop()V+70
j  main.client.Window.update()V+43
j  main.client.renderEngine.RenderEngine.render()V+32
j  main.client.ClientThread.tick()V+12
J 422% C1 main.coreEngine.TickableThread.run()V (481 bytes) @ 0x000000000282ac7c [0x0000000002826460+0x481c]
v  ~StubRoutines::call_stub

---------------  P R O C E S S  ---------------

Java Threads: ( => current thread )
  0x000000001e220000 JavaThread "SERVER" [_thread_in_Java, id=12684, stack(0x000000001ee70000,0x000000001ef70000)]
=>0x000000001e21c000 JavaThread "CLIENT" [_thread_in_native, id=12468, stack(0x000000001ed70000,0x000000001ee70000)]
  0x000000001e1d8800 JavaThread "Monitor Ctrl-Break" daemon [_thread_in_native, id=11608, stack(0x000000001ec50000,0x000000001ed50000)]
  0x000000001e0a7800 JavaThread "Service Thread" daemon [_thread_blocked, id=5428, stack(0x000000001ea50000,0x000000001eb50000)]
  0x000000001e090000 JavaThread "C1 CompilerThread3" daemon [_thread_blocked, id=1880, stack(0x000000001e950000,0x000000001ea50000)]
  0x000000001e089000 JavaThread "C2 CompilerThread2" daemon [_thread_blocked, id=6844, stack(0x000000001e850000,0x000000001e950000)]
  0x000000001e07b000 JavaThread "C2 CompilerThread1" daemon [_thread_blocked, id=6812, stack(0x000000001e750000,0x000000001e850000)]
  0x000000001e077800 JavaThread "C2 CompilerThread0" daemon [_thread_blocked, id=7916, stack(0x000000001e650000,0x000000001e750000)]
  0x000000001e075000 JavaThread "Attach Listener" daemon [_thread_blocked, id=6156, stack(0x000000001e550000,0x000000001e650000)]
  0x000000001e074000 JavaThread "Signal Dispatcher" daemon [_thread_blocked, id=11824, stack(0x000000001e450000,0x000000001e550000)]
  0x00000000025d9800 JavaThread "Finalizer" daemon [_thread_blocked, id=9060, stack(0x000000001de70000,0x000000001df70000)]
  0x000000001bf7d800 JavaThread "Reference Handler" daemon [_thread_blocked, id=8708, stack(0x000000001dd70000,0x000000001de70000)]
  0x00000000024de000 JavaThread "main" [_thread_in_Java, id=9916, stack(0x0000000002320000,0x0000000002420000)]

Other Threads:
  0x000000001bf79000 VMThread [stack: 0x000000001dc70000,0x000000001dd70000] [id=6444]
  0x000000001e0ab000 WatcherThread [stack: 0x000000001eb50000,0x000000001ec50000] [id=13360]

VM state:not at safepoint (normal execution)

VM Mutex/Monitor currently owned by a thread: None

Heap:
 PSYoungGen      total 127488K, used 29609K [0x000000076b800000, 0x0000000789d00000, 0x00000007c0000000)
  eden space 126976K, 23% used [0x000000076b800000,0x000000076d4da4b0,0x0000000773400000)
  from space 512K, 12% used [0x0000000789c00000,0x0000000789c10000,0x0000000789c80000)
  to   space 512K, 0% used [0x0000000789c80000,0x0000000789c80000,0x0000000789d00000)
 ParOldGen       total 173568K, used 1300K [0x00000006c2800000, 0x00000006cd180000, 0x000000076b800000)
  object space 173568K, 0% used [0x00000006c2800000,0x00000006c2945060,0x00000006cd180000)
 Metaspace       used 8241K, capacity 8614K, committed 8704K, reserved 1056768K
  class space    used 673K, capacity 722K, committed 768K, reserved 1048576K

Card table byte_map: [0x00000000119a0000,0x0000000012190000] byte_map_base: 0x000000000e38c000

Marking Bits: (ParMarkBitMap*) 0x0000000070c0a5b0
 Begin Bits: [0x0000000012ee0000, 0x0000000016e40000)
 End Bits:   [0x0000000016e40000, 0x000000001ada0000)

Polling page: 0x0000000000560000

CodeCache: size=245760Kb used=2704Kb max_used=2704Kb free=243055Kb
 bounds [0x00000000025e0000, 0x0000000002890000, 0x00000000115e0000]
 total_blobs=1211 nmethods=548 adapters=576
 compilation: enabled

Compilation events (10 events):
Event: 3.895 Thread 0x000000001e090000  544       3       org.lwjgl.system.MemoryUtil::memAddress (10 bytes)
Event: 3.895 Thread 0x000000001e090000 nmethod 544 0x0000000002875210 code [0x0000000002875380, 0x0000000002875590]
Event: 3.895 Thread 0x000000001e090000  545       3       main.client.renderEngine.shader.AbstractShaderProgram::setUniform (415 bytes)
Event: 3.899 Thread 0x000000001e090000 nmethod 545 0x0000000002875690 code [0x00000000028762e0, 0x000000000287f768]
Event: 3.899 Thread 0x000000001e090000  547       3       java.nio.DirectByteBuffer$Deallocator::run (37 bytes)
Event: 3.899 Thread 0x000000001e090000 nmethod 547 0x00000000028854d0 code [0x0000000002885640, 0x0000000002885918]
Event: 3.899 Thread 0x000000001e090000  546       3       main.coreEngine.util.maths.Matrix::storeFlipped (13 bytes)
Event: 3.899 Thread 0x000000001e090000 nmethod 546 0x00000000028859d0 code [0x0000000002885b40, 0x0000000002885e68]
Event: 4.261 Thread 0x000000001e090000  548       3       main.coreEngine.util.maths.Matrix4f::<init> (10 bytes)
Event: 4.261 Thread 0x000000001e090000 nmethod 548 0x0000000002885f50 code [0x00000000028860c0, 0x0000000002886368]

GC Heap History (10 events):
Event: 4.215 GC heap before
{Heap before GC invocations=47 (full 0):
 PSYoungGen      total 74752K, used 74368K [0x000000076b800000, 0x0000000789d00000, 0x00000007c0000000)
  eden space 74240K, 100% used [0x000000076b800000,0x0000000770080000,0x0000000770080000)
  from space 512K, 25% used [0x0000000789c80000,0x0000000789ca0000,0x0000000789d00000)
  to   space 512K, 0% used [0x0000000789c00000,0x0000000789c00000,0x0000000789c80000)
 ParOldGen       total 173568K, used 1300K [0x00000006c2800000, 0x00000006cd180000, 0x000000076b800000)
  object space 173568K, 0% used [0x00000006c2800000,0x00000006c2945060,0x00000006cd180000)
 Metaspace       used 8241K, capacity 8614K, committed 8704K, reserved 1056768K
  class space    used 673K, capacity 722K, committed 768K, reserved 1048576K
Event: 4.215 GC heap after
Heap after GC invocations=47 (full 0):
 PSYoungGen      total 73216K, used 96K [0x000000076b800000, 0x0000000789d00000, 0x00000007c0000000)
  eden space 72704K, 0% used [0x000000076b800000,0x000000076b800000,0x000000076ff00000)
  from space 512K, 18% used [0x0000000789c00000,0x0000000789c18000,0x0000000789c80000)
  to   space 512K, 0% used [0x0000000789c80000,0x0000000789c80000,0x0000000789d00000)
 ParOldGen       total 173568K, used 1300K [0x00000006c2800000, 0x00000006cd180000, 0x000000076b800000)
  object space 173568K, 0% used [0x00000006c2800000,0x00000006c2945060,0x00000006cd180000)
 Metaspace       used 8241K, capacity 8614K, committed 8704K, reserved 1056768K
  class space    used 673K, capacity 722K, committed 768K, reserved 1048576K
}
Event: 4.246 GC heap before
{Heap before GC invocations=48 (full 0):
 PSYoungGen      total 73216K, used 72800K [0x000000076b800000, 0x0000000789d00000, 0x00000007c0000000)
  eden space 72704K, 100% used [0x000000076b800000,0x000000076ff00000,0x000000076ff00000)
  from space 512K, 18% used [0x0000000789c00000,0x0000000789c18000,0x0000000789c80000)
  to   space 512K, 0% used [0x0000000789c80000,0x0000000789c80000,0x0000000789d00000)
 ParOldGen       total 173568K, used 1300K [0x00000006c2800000, 0x00000006cd180000, 0x000000076b800000)
  object space 173568K, 0% used [0x00000006c2800000,0x00000006c2945060,0x00000006cd180000)
 Metaspace       used 8241K, capacity 8614K, committed 8704K, reserved 1056768K
  class space    used 673K, capacity 722K, committed 768K, reserved 1048576K
Event: 4.247 GC heap after
Heap after GC invocations=48 (full 0):
 PSYoungGen      total 89600K, used 160K [0x000000076b800000, 0x0000000789d00000, 0x00000007c0000000)
  eden space 89088K, 0% used [0x000000076b800000,0x000000076b800000,0x0000000770f00000)
  from space 512K, 31% used [0x0000000789c80000,0x0000000789ca8000,0x0000000789d00000)
  to   space 512K, 0% used [0x0000000789c00000,0x0000000789c00000,0x0000000789c80000)
 ParOldGen       total 173568K, used 1300K [0x00000006c2800000, 0x00000006cd180000, 0x000000076b800000)
  object space 173568K, 0% used [0x00000006c2800000,0x00000006c2945060,0x00000006cd180000)
 Metaspace       used 8241K, capacity 8614K, committed 8704K, reserved 1056768K
  class space    used 673K, capacity 722K, committed 768K, reserved 1048576K
}
Event: 4.296 GC heap before
{Heap before GC invocations=49 (full 0):
 PSYoungGen      total 89600K, used 89248K [0x000000076b800000, 0x0000000789d00000, 0x00000007c0000000)
  eden space 89088K, 100% used [0x000000076b800000,0x0000000770f00000,0x0000000770f00000)
  from space 512K, 31% used [0x0000000789c80000,0x0000000789ca8000,0x0000000789d00000)
  to   space 512K, 0% used [0x0000000789c00000,0x0000000789c00000,0x0000000789c80000)
 ParOldGen       total 173568K, used 1300K [0x00000006c2800000, 0x00000006cd180000, 0x000000076b800000)
  object space 173568K, 0% used [0x00000006c2800000,0x00000006c2945060,0x00000006cd180000)
 Metaspace       used 8241K, capacity 8614K, committed 8704K, reserved 1056768K
  class space    used 673K, capacity 722K, committed 768K, reserved 1048576K
Event: 4.296 GC heap after
Heap after GC invocations=49 (full 0):
 PSYoungGen      total 108544K, used 96K [0x000000076b800000, 0x0000000789d00000, 0x00000007c0000000)
  eden space 108032K, 0% used [0x000000076b800000,0x000000076b800000,0x0000000772180000)
  from space 512K, 18% used [0x0000000789c00000,0x0000000789c18000,0x0000000789c80000)
  to   space 512K, 0% used [0x0000000789c80000,0x0000000789c80000,0x0000000789d00000)
 ParOldGen       total 173568K, used 1300K [0x00000006c2800000, 0x00000006cd180000, 0x000000076b800000)
  object space 173568K, 0% used [0x00000006c2800000,0x00000006c2945060,0x00000006cd180000)
 Metaspace       used 8241K, capacity 8614K, committed 8704K, reserved 1056768K
  class space    used 673K, capacity 722K, committed 768K, reserved 1048576K
}
Event: 4.343 GC heap before
{Heap before GC invocations=50 (full 0):
 PSYoungGen      total 108544K, used 108128K [0x000000076b800000, 0x0000000789d00000, 0x00000007c0000000)
  eden space 108032K, 100% used [0x000000076b800000,0x0000000772180000,0x0000000772180000)
  from space 512K, 18% used [0x0000000789c00000,0x0000000789c18000,0x0000000789c80000)
  to   space 512K, 0% used [0x0000000789c80000,0x0000000789c80000,0x0000000789d00000)
 ParOldGen       total 173568K, used 1300K [0x00000006c2800000, 0x00000006cd180000, 0x000000076b800000)
  object space 173568K, 0% used [0x00000006c2800000,0x00000006c2945060,0x00000006cd180000)
 Metaspace       used 8241K, capacity 8614K, committed 8704K, reserved 1056768K
  class space    used 673K, capacity 722K, committed 768K, reserved 1048576K
Event: 4.343 GC heap after
Heap after GC invocations=50 (full 0):
 PSYoungGen      total 131584K, used 64K [0x000000076b800000, 0x0000000789d00000, 0x00000007c0000000)
  eden space 131072K, 0% used [0x000000076b800000,0x000000076b800000,0x0000000773800000)
  from space 512K, 12% used [0x0000000789c80000,0x0000000789c90000,0x0000000789d00000)
  to   space 512K, 0% used [0x0000000789c00000,0x0000000789c00000,0x0000000789c80000)
 ParOldGen       total 173568K, used 1300K [0x00000006c2800000, 0x00000006cd180000, 0x000000076b800000)
  object space 173568K, 0% used [0x00000006c2800000,0x00000006c2945060,0x00000006cd180000)
 Metaspace       used 8241K, capacity 8614K, committed 8704K, reserved 1056768K
  class space    used 673K, capacity 722K, committed 768K, reserved 1048576K
}
Event: 4.422 GC heap before
{Heap before GC invocations=51 (full 0):
 PSYoungGen      total 131584K, used 131136K [0x000000076b800000, 0x0000000789d00000, 0x00000007c0000000)
  eden space 131072K, 100% used [0x000000076b800000,0x0000000773800000,0x0000000773800000)
  from space 512K, 12% used [0x0000000789c80000,0x0000000789c90000,0x0000000789d00000)
  to   space 512K, 0% used [0x0000000789c00000,0x0000000789c00000,0x0000000789c80000)
 ParOldGen       total 173568K, used 1300K [0x00000006c2800000, 0x00000006cd180000, 0x000000076b800000)
  object space 173568K, 0% used [0x00000006c2800000,0x00000006c2945060,0x00000006cd180000)
 Metaspace       used 8241K, capacity 8614K, committed 8704K, reserved 1056768K
  class space    used 673K, capacity 722K, committed 768K, reserved 1048576K
Event: 4.422 GC heap after
Heap after GC invocations=51 (full 0):
 PSYoungGen      total 127488K, used 64K [0x000000076b800000, 0x0000000789d00000, 0x00000007c0000000)
  eden space 126976K, 0% used [0x000000076b800000,0x000000076b800000,0x0000000773400000)
  from space 512K, 12% used [0x0000000789c00000,0x0000000789c10000,0x0000000789c80000)
  to   space 512K, 0% used [0x0000000789c80000,0x0000000789c80000,0x0000000789d00000)
 ParOldGen       total 173568K, used 1300K [0x00000006c2800000, 0x00000006cd180000, 0x000000076b800000)
  object space 173568K, 0% used [0x00000006c2800000,0x00000006c2945060,0x00000006cd180000)
 Metaspace       used 8241K, capacity 8614K, committed 8704K, reserved 1056768K
  class space    used 673K, capacity 722K, committed 768K, reserved 1048576K
}

Deoptimization events (10 events):
Event: 0.383 Thread 0x000000001e21c000 Uncommon trap: reason=bimorphic action=maybe_recompile pc=0x000000000272d7c4 method=java.util.HashMap.getNode(ILjava/lang/Object;)Ljava/util/HashMap$Node; @ 126
Event: 0.384 Thread 0x000000001e21c000 Uncommon trap: reason=bimorphic action=maybe_recompile pc=0x000000000272d7c4 method=java.util.HashMap.getNode(ILjava/lang/Object;)Ljava/util/HashMap$Node; @ 126
Event: 0.387 Thread 0x000000001e21c000 Uncommon trap: reason=unstable_if action=reinterpret pc=0x000000000272fe40 method=java.util.HashMap.containsKey(Ljava/lang/Object;)Z @ 9
Event: 0.388 Thread 0x000000001e21c000 Uncommon trap: reason=unstable_if action=reinterpret pc=0x00000000027226d8 method=java.util.HashMap.keySet()Ljava/util/Set; @ 6
Event: 0.677 Thread 0x000000001e21c000 Uncommon trap: reason=unstable_if action=reinterpret pc=0x000000000271fcd8 method=java.util.HashMap.clear()V @ 16
Event: 0.678 Thread 0x000000001e21c000 Uncommon trap: reason=unstable_if action=reinterpret pc=0x0000000002723bd8 method=java.util.HashMap.clear()V @ 16
Event: 0.678 Thread 0x00000000024de000 Uncommon trap: reason=unstable_if action=reinterpret pc=0x0000000002747aec method=java.util.HashMap.containsKey(Ljava/lang/Object;)Z @ 9
Event: 0.678 Thread 0x000000001e220000 Uncommon trap: reason=unstable_if action=reinterpret pc=0x000000000274bec0 method=main.coreEngine.TickableThread.run()V @ 58
Event: 0.716 Thread 0x00000000024de000 Uncommon trap: reason=unstable_if action=reinterpret pc=0x000000000283115c method=main.coreEngine.Engine.start()V @ 163
Event: 0.783 Thread 0x000000001e220000 Uncommon trap: reason=unstable_if action=reinterpret pc=0x0000000002840218 method=main.coreEngine.TickableThread.run()V @ 461

Internal exceptions (10 events):
Event: 0.022 Thread 0x00000000024de000 Exception <a 'java/lang/NoSuchMethodError': Method sun.misc.Unsafe.defineClass(Ljava/lang/String;[BII)Ljava/lang/Class; name or signature does not match> (0x000000076b80dc08) thrown at [C:\workspace\8-2-build-windows-amd64-cygwin\jdk8u65\4987\hotspot\src\s¥î =_o–?
Event: 0.022 Thread 0x00000000024de000 Exception <a 'java/lang/NoSuchMethodError': Method sun.misc.Unsafe.prefetchRead(Ljava/lang/Object;J)V name or signature does not match> (0x000000076b80def0) thrown at [C:\workspace\8-2-build-windows-amd64-cygwin\jdk8u65\4987\hotspot\src\share\vm\prims\jni.|l*tûzÁ?
Event: 0.137 Thread 0x000000001e21c000 Exception <a 'java/lang/ArrayIndexOutOfBoundsException': -1> (0x000000076c5e1648) thrown at [C:\workspace\8-2-build-windows-amd64-cygwin\jdk8u65\4987\hotspot\src\share\vm\interpreter\interpreterRuntime.cpp, line 366]
Event: 0.383 Thread 0x000000001e21c000 Implicit null exception at 0x00000000027309cd to 0x0000000002730c9d
Event: 0.384 Thread 0x000000001e21c000 Exception <a 'java/security/PrivilegedActionException'> (0x000000076c65b9d8) thrown at [C:\workspace\8-2-build-windows-amd64-cygwin\jdk8u65\4987\hotspot\src\share\vm\prims\jvm.cpp, line 1386]
Event: 0.384 Thread 0x000000001e21c000 Exception <a 'java/security/PrivilegedActionException'> (0x000000076c65bdd0) thrown at [C:\workspace\8-2-build-windows-amd64-cygwin\jdk8u65\4987\hotspot\src\share\vm\prims\jvm.cpp, line 1386]
Event: 0.384 Thread 0x000000001e21c000 Exception <a 'java/security/PrivilegedActionException'> (0x000000076c65ffe8) thrown at [C:\workspace\8-2-build-windows-amd64-cygwin\jdk8u65\4987\hotspot\src\share\vm\prims\jvm.cpp, line 1386]
Event: 0.384 Thread 0x000000001e21c000 Exception <a 'java/security/PrivilegedActionException'> (0x000000076c6603e0) thrown at [C:\workspace\8-2-build-windows-amd64-cygwin\jdk8u65\4987\hotspot\src\share\vm\prims\jvm.cpp, line 1386]
Event: 0.387 Thread 0x000000001e21c000 Implicit null exception at 0x000000000272fb91 to 0x000000000272fe35
Event: 0.678 Thread 0x00000000024de000 Implicit null exception at 0x00000000027477ff to 0x0000000002747ada

Events (10 events):
Event: 4.215 Executing VM operation: ParallelGCFailedAllocation
Event: 4.215 Executing VM operation: ParallelGCFailedAllocation done
Event: 4.246 Executing VM operation: ParallelGCFailedAllocation
Event: 4.247 Executing VM operation: ParallelGCFailedAllocation done
Event: 4.296 Executing VM operation: ParallelGCFailedAllocation
Event: 4.296 Executing VM operation: ParallelGCFailedAllocation done
Event: 4.343 Executing VM operation: ParallelGCFailedAllocation
Event: 4.343 Executing VM operation: ParallelGCFailedAllocation done
Event: 4.422 Executing VM operation: ParallelGCFailedAllocation
Event: 4.422 Executing VM operation: ParallelGCFailedAllocation done


Dynamic libraries:
0x00007ff75ee90000 - 0x00007ff75eec7000 	C:\Program Files\Java\jdk1.8.0_65\bin\java.exe
0x00007ffde4980000 - 0x00007ffde4b41000 	C:\WINDOWS\SYSTEM32\ntdll.dll
0x00007ffde42a0000 - 0x00007ffde434d000 	C:\WINDOWS\system32\KERNEL32.DLL
0x00007ffde19f0000 - 0x00007ffde1bd8000 	C:\WINDOWS\system32\KERNELBASE.dll
0x00007ffde1e70000 - 0x00007ffde1f17000 	C:\WINDOWS\system32\ADVAPI32.dll
0x00007ffde3800000 - 0x00007ffde389d000 	C:\WINDOWS\system32\msvcrt.dll
0x00007ffde1e10000 - 0x00007ffde1e6b000 	C:\WINDOWS\system32\sechost.dll
0x00007ffde3bd0000 - 0x00007ffde3cec000 	C:\WINDOWS\system32\RPCRT4.dll
0x00007ffde3fe0000 - 0x00007ffde4136000 	C:\WINDOWS\system32\USER32.dll
0x00007ffde3cf0000 - 0x00007ffde3e76000 	C:\WINDOWS\system32\GDI32.dll
0x00007ffddd690000 - 0x00007ffddd904000 	C:\WINDOWS\WinSxS\amd64_microsoft.windows.common-controls_6595b64144ccf1df_6.0.10586.0_none_8c15ae12515e1c22\COMCTL32.dll
0x00007ffde3950000 - 0x00007ffde3bcd000 	C:\WINDOWS\system32\combase.dll
0x00007ffde1cf0000 - 0x00007ffde1d5a000 	C:\WINDOWS\system32\bcryptPrimitives.dll
0x00007ffde1dc0000 - 0x00007ffde1dfb000 	C:\WINDOWS\system32\IMM32.DLL
0x0000000070c90000 - 0x0000000070d62000 	C:\Program Files\Java\jdk1.8.0_65\jre\bin\msvcr100.dll
0x0000000070400000 - 0x0000000070c89000 	C:\Program Files\Java\jdk1.8.0_65\jre\bin\server\jvm.dll
0x00007ffde4290000 - 0x00007ffde4298000 	C:\WINDOWS\system32\PSAPI.DLL
0x00007ffdd8550000 - 0x00007ffdd8559000 	C:\WINDOWS\SYSTEM32\WSOCK32.dll
0x00007ffddf730000 - 0x00007ffddf753000 	C:\WINDOWS\SYSTEM32\WINMM.dll
0x00007ffddd9c0000 - 0x00007ffddd9ca000 	C:\WINDOWS\SYSTEM32\VERSION.dll
0x00007ffde4470000 - 0x00007ffde44db000 	C:\WINDOWS\system32\WS2_32.dll
0x00007ffddf6d0000 - 0x00007ffddf6fc000 	C:\WINDOWS\SYSTEM32\WINMMBASE.dll
0x00007ffde1be0000 - 0x00007ffde1c23000 	C:\WINDOWS\system32\cfgmgr32.dll
0x00000000703f0000 - 0x00000000703ff000 	C:\Program Files\Java\jdk1.8.0_65\jre\bin\verify.dll
0x00000000703c0000 - 0x00000000703e9000 	C:\Program Files\Java\jdk1.8.0_65\jre\bin\java.dll
0x0000000070350000 - 0x0000000070366000 	C:\Program Files\Java\jdk1.8.0_65\jre\bin\zip.dll
0x00007ffde1f80000 - 0x00007ffde34dc000 	C:\WINDOWS\system32\SHELL32.dll
0x00007ffde11d0000 - 0x00007ffde1815000 	C:\WINDOWS\system32\windows.storage.dll
0x00007ffde36b0000 - 0x00007ffde3702000 	C:\WINDOWS\system32\shlwapi.dll
0x00007ffde0fb0000 - 0x00007ffde0fbf000 	C:\WINDOWS\system32\kernel.appcore.dll
0x00007ffde1c30000 - 0x00007ffde1ce5000 	C:\WINDOWS\system32\shcore.dll
0x00007ffde0fc0000 - 0x00007ffde100b000 	C:\WINDOWS\system32\powrprof.dll
0x00007ffde0f80000 - 0x00007ffde0f94000 	C:\WINDOWS\system32\profapi.dll
0x00007ffddf760000 - 0x00007ffddf770000 	D:\Program Files (x86)\JetBrains\IntelliJ IDEA 2016.1\bin\breakgen64.dll
0x00000000703a0000 - 0x00000000703ba000 	C:\Program Files\Java\jdk1.8.0_65\jre\bin\net.dll
0x00007ffde08b0000 - 0x00007ffde090c000 	C:\WINDOWS\system32\mswsock.dll
0x00007ffdd4080000 - 0x00007ffdd4108000 	D:\Code\Java\Projects\WireEngine20\lib\native\lwjgl.dll
0x00007ffde0a80000 - 0x00007ffde0a8b000 	C:\WINDOWS\SYSTEM32\CRYPTBASE.DLL
0x00007ffdcfa40000 - 0x00007ffdcfa82000 	D:\Code\Java\Projects\WireEngine20\lib\native\jemalloc.dll
0x00007ffdd9dc0000 - 0x00007ffdd9df8000 	D:\Code\Java\Projects\WireEngine20\lib\native\glfw.dll
0x00007ffddf850000 - 0x00007ffddf8e6000 	C:\WINDOWS\system32\uxtheme.dll
0x00007ffdde650000 - 0x00007ffdde672000 	C:\WINDOWS\SYSTEM32\dwmapi.dll
0x00007ffdc8b70000 - 0x00007ffdc8c99000 	C:\WINDOWS\SYSTEM32\opengl32.dll
0x00007ffdcd0c0000 - 0x00007ffdcd0ee000 	C:\WINDOWS\SYSTEM32\GLU32.dll
0x00007ffdc6920000 - 0x00007ffdc6a1a000 	C:\WINDOWS\SYSTEM32\DDRAW.dll
0x00007ffddaa30000 - 0x00007ffddaa38000 	C:\WINDOWS\SYSTEM32\DCIMAN32.dll
0x00007ffde3e80000 - 0x00007ffde3fda000 	C:\WINDOWS\system32\MSCTF.dll
0x00007ffdc9cc0000 - 0x00007ffdc9d09000 	C:\Program Files (x86)\TeamViewer\tv_x64.dll
0x00007ffde4140000 - 0x00007ffde4283000 	C:\WINDOWS\system32\ole32.dll
0x000000006e600000 - 0x0000000070349000 	C:\WINDOWS\SYSTEM32\nvoglv64.DLL
0x00007ffde4550000 - 0x00007ffde4979000 	C:\WINDOWS\system32\SETUPAPI.dll
0x00007ffddf2f0000 - 0x00007ffddf303000 	C:\WINDOWS\SYSTEM32\WTSAPI32.dll
0x00007ffddf9a0000 - 0x00007ffddf9c7000 	C:\WINDOWS\SYSTEM32\DEVOBJ.dll
0x00007ffde1170000 - 0x00007ffde11c5000 	C:\WINDOWS\system32\WINTRUST.dll
0x00007ffde0fa0000 - 0x00007ffde0fb0000 	C:\WINDOWS\system32\MSASN1.dll
0x00007ffde1820000 - 0x00007ffde19e7000 	C:\WINDOWS\system32\CRYPT32.dll
0x00007ffde04d0000 - 0x00007ffde0501000 	C:\WINDOWS\SYSTEM32\ntmarta.dll
0x00007ffde0220000 - 0x00007ffde0276000 	C:\WINDOWS\SYSTEM32\WINSTA.dll
0x00007ffde38a0000 - 0x00007ffde3947000 	C:\WINDOWS\system32\clbcatq.dll
0x00007ffdb9de0000 - 0x00007ffdb9f6c000 	C:\WINDOWS\SYSTEM32\dbghelp.dll

VM Arguments:
jvm_args: -Djava.library.path=lib/native/ -Didea.launcher.port=7533 -Didea.launcher.bin.path=D:\Program Files (x86)\JetBrains\IntelliJ IDEA 2016.1\bin -Dfile.encoding=UTF-8 
java_command: com.intellij.rt.execution.application.AppMain main.Main
java_class_path (initial): C:\Program Files\Java\jdk1.8.0_65\jre\lib\charsets.jar;C:\Program Files\Java\jdk1.8.0_65\jre\lib\deploy.jar;C:\Program Files\Java\jdk1.8.0_65\jre\lib\ext\access-bridge-64.jar;C:\Program Files\Java\jdk1.8.0_65\jre\lib\ext\cldrdata.jar;C:\Program Files\Java\jdk1.8.0_65\jre\lib\ext\dnsns.jar;C:\Program Files\Java\jdk1.8.0_65\jre\lib\ext\jaccess.jar;C:\Program Files\Java\jdk1.8.0_65\jre\lib\ext\jfxrt.jar;C:\Program Files\Java\jdk1.8.0_65\jre\lib\ext\localedata.jar;C:\Program Files\Java\jdk1.8.0_65\jre\lib\ext\nashorn.jar;C:\Program Files\Java\jdk1.8.0_65\jre\lib\ext\sunec.jar;C:\Program Files\Java\jdk1.8.0_65\jre\lib\ext\sunjce_provider.jar;C:\Program Files\Java\jdk1.8.0_65\jre\lib\ext\sunmscapi.jar;C:\Program Files\Java\jdk1.8.0_65\jre\lib\ext\sunpkcs11.jar;C:\Program Files\Java\jdk1.8.0_65\jre\lib\ext\zipfs.jar;C:\Program Files\Java\jdk1.8.0_65\jre\lib\javaws.jar;C:\Program Files\Java\jdk1.8.0_65\jre\lib\jce.jar;C:\Program Files\Java\jdk1.8.0_65\jre\lib\jfr.jar;C:\Program Files\Java\jdk1.8.0_65\jre\lib\jfxswt.jar;C:\Program Files\Java\jdk1.8.0_65\jre\lib\jsse.jar;C:\Program Files\Java\jdk1.8.0_65\jre\lib\management-agent.jar;C:\Program Files\Java\jdk1.8.0_65\jre\lib\plugin.jar;C:\Program Files\Java\jdk1.8.0_65\jre\lib\resources.jar;C:\Program Files\Java\jdk1.8.0_65\jre\lib\rt.jar;D:\Code\Java\Projects\WireEngine20\out\production\WireEngine20;D:\Code\Java\Projects\WireEngine20\lib\jar\lwjgl.jar;D:\Program Files (x86)\JetBrains\IntelliJ IDEA 2016.1\lib\idea_rt.jar
Launcher Type: SUN_STANDARD

Environment Variables:
JAVA_HOME=C:\Program Files\Java\jdk1.8.0_65
PATH=C:\ProgramData\Oracle\Java\javapath;C:\Program Files (x86)\Razer Chroma SDK\bin;C:\Program Files\Razer Chroma SDK\bin;C:\Program Files (x86)\NVIDIA Corporation\PhysX\Common;C:\Program Files (x86)\Intel\iCLS Client\;C:\Program Files\Intel\iCLS Client\;C:\Windows\system32;C:\Windows;C:\Windows\System32\Wbem;C:\Windows\System32\WindowsPowerShell\v1.0\;C:\Program Files\Intel\Intel(R) Management Engine Components\DAL;C:\Program Files (x86)\Intel\Intel(R) Management Engine Components\DAL;C:\Program Files\Intel\Intel(R) Management Engine Components\IPT;C:\Program Files (x86)\Intel\Intel(R) Management Engine Components\IPT;C:\Program Files\Java\jre1.8.0_65\bin;C:\MinGW\bin;C:\WINDOWS\system32;C:\WINDOWS;C:\WINDOWS\System32\Wbem;C:\WINDOWS\System32\WindowsPowerShell\v1.0\;D:\Program Files (x86)\CMake\bin;D:\Program Files\Programs\Python\Python35-32;D:\Program Files\Programs\Python\Python35-32\Scripts;C:\Program Files (x86)\Skype\Phone\;D:\Program Files\Programs\Python\Python35-32\Scripts\;D:\Program Files\Programs\Python\Python35-32\
USERNAME=Kelan
OS=Windows_NT
PROCESSOR_IDENTIFIER=Intel64 Family 6 Model 60 Stepping 3, GenuineIntel



---------------  S Y S T E M  ---------------

OS: Windows 10.0 , 64 bit Build 10586 (10.0.10586.0)

CPU:total 8 (4 cores per cpu, 2 threads per core) family 6 model 60 stepping 3, cmov, cx8, fxsr, mmx, sse, sse2, sse3, ssse3, sse4.1, sse4.2, popcnt, avx, avx2, aes, clmul, erms, lzcnt, ht, tsc, tscinvbit, bmi1, bmi2

Memory: 4k page, physical 16609500k(4927120k free), swap 33386716k(18987288k free)

vm_info: Java HotSpot(TM) 64-Bit Server VM (25.65-b01) for windows-amd64 JRE (1.8.0_65-b17), built on Oct  6 2015 16:39:20 by "java_re" with MS VC++ 10.0 (VS2010)

time: Sun Apr 10 10:56:47 2016
elapsed time: 4 seconds (0d 0h 0m 4s)

