#
# A fatal error has been detected by the Java Runtime Environment:
#
#  EXCEPTION_ACCESS_VIOLATION (0xc0000005) at pc=0x00007ffd1fcb24b9, pid=5620, tid=10812
#
# JRE version: Java(TM) SE Runtime Environment (8.0_65-b17) (build 1.8.0_65-b17)
# Java VM: Java HotSpot(TM) 64-Bit Server VM (25.65-b01 mixed mode windows-amd64 compressed oops)
# Problematic frame:
# C  [glfw.dll+0x24b9]
#
# Failed to write core dump. Minidumps are not enabled by default on client versions of Windows
#
# If you would like to submit a bug report, please visit:
#   http://bugreport.java.com/bugreport/crash.jsp
# The crash happened outside the Java Virtual Machine in native code.
# See problematic frame for where to report the bug.
#

---------------  T H R E A D  ---------------

Current thread (0x000000001e244800):  JavaThread "CLIENT" [_thread_in_native, id=10812, stack(0x000000001edb0000,0x000000001eeb0000)]

siginfo: ExceptionCode=0xc0000005, reading address 0x0000000000000000

Registers:
RAX=0x0000000000000000, RBX=0x000000001ba30738, RCX=0x0000000000000000, RDX=0x0000000000000000
RSP=0x000000001eeaf450, RBP=0x000000001eeaf500, RSI=0x0000000000000108, RDI=0x000000000068ea50
R8 =0x000000001eeaf448, R9 =0x000000001eeaf500, R10=0x0000000000000000, R11=0x0000000000000246
R12=0x0000000000000000, R13=0x000000001ba30738, R14=0x000000001eeaf538, R15=0x000000001e244800
RIP=0x00007ffd1fcb24b9, EFLAGS=0x0000000000010283

Top of Stack: (sp=0x000000001eeaf450)
0x000000001eeaf450:   000000001e244800 000000001e244800
0x000000001eeaf460:   000000001ba4e710 000000005a88d610
0x000000001eeaf470:   00000000000006c7 0000000002625e34
0x000000001eeaf480:   000000001ba30738 00000000026263ad
0x000000001eeaf490:   000000001ba30738 000000001e244800
0x000000001eeaf4a0:   000000001ba4e710 000000005a88aea4
0x000000001eeaf4b0:   000000001e244800 0000000002626375
0x000000001eeaf4c0:   000000001eeaf4c0 000000001ba30738
0x000000001eeaf4d0:   000000001eeaf538 000000001ba308d0
0x000000001eeaf4e0:   0000000000000000 000000001ba30738
0x000000001eeaf4f0:   0000000000000000 000000001eeaf520
0x000000001eeaf500:   000000001eeaf580 0000000002617ced
0x000000001eeaf510:   00000006c280a618 000000000261f978
0x000000001eeaf520:   000000000068ea50 0000000002617800
0x000000001eeaf530:   00007ffd1fcb2420 0000000000000001
0x000000001eeaf540:   000000001eeaf540 000000001ba4e6e4 

Instructions: (pc=0x00007ffd1fcb24b9)
0x00007ffd1fcb2499:   48 8b cf e8 1f 3a 00 00 48 39 3d f0 d5 02 00 48
0x00007ffd1fcb24a9:   8d 0d e9 d5 02 00 48 8b 5c 24 30 74 08 48 8b 09
0x00007ffd1fcb24b9:   48 39 39 75 f8 48 8b 07 48 89 01 48 8b cf 48 83
0x00007ffd1fcb24c9:   c4 20 5f e9 5b fe 00 00 48 83 c4 20 5f c3 cc cc 


Register to memory mapping:

RAX=0x0000000000000000 is an unknown value
RBX={method} {0x000000001ba30740} 'invokePV' '(JJ)V' in 'org/lwjgl/system/JNI'
RCX=0x0000000000000000 is an unknown value
RDX=0x0000000000000000 is an unknown value
RSP=0x000000001eeaf450 is pointing into the stack for thread: 0x000000001e244800
RBP=0x000000001eeaf500 is pointing into the stack for thread: 0x000000001e244800
RSI=0x0000000000000108 is an unknown value
RDI=0x000000000068ea50 is an unknown value
R8 =0x000000001eeaf448 is pointing into the stack for thread: 0x000000001e244800
R9 =0x000000001eeaf500 is pointing into the stack for thread: 0x000000001e244800
R10=0x0000000000000000 is an unknown value
R11=0x0000000000000246 is an unknown value
R12=0x0000000000000000 is an unknown value
R13={method} {0x000000001ba30740} 'invokePV' '(JJ)V' in 'org/lwjgl/system/JNI'
R14=0x000000001eeaf538 is pointing into the stack for thread: 0x000000001e244800
R15=0x000000001e244800 is a thread


Stack: [0x000000001edb0000,0x000000001eeb0000],  sp=0x000000001eeaf450,  free space=1021k
Native frames: (J=compiled Java code, j=interpreted, Vv=VM code, C=native code)
C  [glfw.dll+0x24b9]
C  0x0000000002625e34

Java frames: (J=compiled Java code, j=interpreted, Vv=VM code)
j  org.lwjgl.system.JNI.invokePV(JJ)V+0
j  org.lwjgl.glfw.GLFW.glfwDestroyCursor(J)V+20
j  main.client.Window.destroyWindow()V+9
j  main.coreEngine.Engine.stop()V+70
j  main.client.Window.update()V+33
j  main.client.renderEngine.RenderEngine.render()V+38
j  main.client.ClientThread.tick()V+12
J 435% C1 main.coreEngine.TickableThread.run()V (500 bytes) @ 0x0000000002866c34 [0x00000000028623e0+0x4854]
v  ~StubRoutines::call_stub

---------------  P R O C E S S  ---------------

Java Threads: ( => current thread )
  0x000000001e245800 JavaThread "SERVER" [_thread_in_Java, id=5392, stack(0x000000001eeb0000,0x000000001efb0000)]
=>0x000000001e244800 JavaThread "CLIENT" [_thread_in_native, id=10812, stack(0x000000001edb0000,0x000000001eeb0000)]
  0x000000001e1e8800 JavaThread "Monitor Ctrl-Break" daemon [_thread_in_native, id=5636, stack(0x000000001ec50000,0x000000001ed50000)]
  0x000000001e12e800 JavaThread "Service Thread" daemon [_thread_blocked, id=4168, stack(0x000000001ea50000,0x000000001eb50000)]
  0x000000001e092800 JavaThread "C1 CompilerThread3" daemon [_thread_blocked, id=812, stack(0x000000001e950000,0x000000001ea50000)]
  0x000000001e08c800 JavaThread "C2 CompilerThread2" daemon [_thread_blocked, id=6812, stack(0x000000001e850000,0x000000001e950000)]
  0x000000001e07e800 JavaThread "C2 CompilerThread1" daemon [_thread_blocked, id=3700, stack(0x000000001e750000,0x000000001e850000)]
  0x000000001e077800 JavaThread "C2 CompilerThread0" daemon [_thread_blocked, id=9524, stack(0x000000001e650000,0x000000001e750000)]
  0x000000001e076000 JavaThread "Attach Listener" daemon [_thread_blocked, id=6728, stack(0x000000001e550000,0x000000001e650000)]
  0x000000001e075000 JavaThread "Signal Dispatcher" daemon [_thread_blocked, id=7068, stack(0x000000001e450000,0x000000001e550000)]
  0x0000000002529800 JavaThread "Finalizer" daemon [_thread_blocked, id=13232, stack(0x000000001de70000,0x000000001df70000)]
  0x000000001bfad800 JavaThread "Reference Handler" daemon [_thread_blocked, id=6620, stack(0x000000001dd70000,0x000000001de70000)]
  0x000000000260e000 JavaThread "main" [_thread_in_Java, id=1800, stack(0x00000000022e0000,0x00000000023e0000)]

Other Threads:
  0x000000001bfa9000 VMThread [stack: 0x000000001dc70000,0x000000001dd70000] [id=1064]
  0x000000001e142000 WatcherThread [stack: 0x000000001eb50000,0x000000001ec50000] [id=3868]

VM state:not at safepoint (normal execution)

VM Mutex/Monitor currently owned by a thread: None

Heap:
 PSYoungGen      total 476160K, used 432552K [0x000000076b800000, 0x000000078b500000, 0x00000007c0000000)
  eden space 475648K, 90% used [0x000000076b800000,0x0000000785e42380,0x0000000788880000)
  from space 512K, 31% used [0x000000078b480000,0x000000078b4a8000,0x000000078b500000)
  to   space 3584K, 0% used [0x000000078ae00000,0x000000078ae00000,0x000000078b180000)
 ParOldGen       total 173568K, used 1204K [0x00000006c2800000, 0x00000006cd180000, 0x000000076b800000)
  object space 173568K, 0% used [0x00000006c2800000,0x00000006c292d060,0x00000006cd180000)
 Metaspace       used 8286K, capacity 8678K, committed 8960K, reserved 1056768K
  class space    used 678K, capacity 722K, committed 768K, reserved 1048576K

Card table byte_map: [0x00000000119d0000,0x00000000121c0000] byte_map_base: 0x000000000e3bc000

Marking Bits: (ParMarkBitMap*) 0x000000005af6a5b0
 Begin Bits: [0x0000000012f10000, 0x0000000016e70000)
 End Bits:   [0x0000000016e70000, 0x000000001add0000)

Polling page: 0x0000000000640000

CodeCache: size=245760Kb used=2795Kb max_used=2795Kb free=242964Kb
 bounds [0x0000000002610000, 0x00000000028d0000, 0x0000000011610000]
 total_blobs=1216 nmethods=550 adapters=579
 compilation: enabled

Compilation events (10 events):
Event: 2.461 Thread 0x000000001e092800  546       3       org.lwjgl.system.MemoryUtil::memAddress (9 bytes)
Event: 2.461 Thread 0x000000001e092800 nmethod 546 0x00000000028cb850 code [0x00000000028cb9c0, 0x00000000028cbcd0]
Event: 2.461 Thread 0x000000001e092800  547       3       org.lwjgl.system.MemoryUtil::memAddress (10 bytes)
Event: 2.461 Thread 0x000000001e092800 nmethod 547 0x00000000028cbe10 code [0x00000000028cbf80, 0x00000000028cc190]
Event: 2.461 Thread 0x000000001e092800  548       3       java.nio.DirectDoubleBufferU::get (16 bytes)
Event: 2.461 Thread 0x000000001e092800 nmethod 548 0x00000000028cc290 code [0x00000000028cc400, 0x00000000028cc670]
Event: 2.544 Thread 0x000000001e092800  549       3       main.client.InputHandler::resetKeyboard (25 bytes)
Event: 2.544 Thread 0x000000001e092800 nmethod 549 0x00000000028cc790 code [0x00000000028cc900, 0x00000000028ccb10]
Event: 2.826 Thread 0x000000001e092800  550       3       main.coreEngine.util.maths.Vector3f::<init> (5 bytes)
Event: 2.827 Thread 0x000000001e092800 nmethod 550 0x00000000028ccbd0 code [0x00000000028ccd40, 0x00000000028ccf50]

GC Heap History (10 events):
Event: 1.192 GC heap before
{Heap before GC invocations=6 (full 0):
 PSYoungGen      total 140800K, used 131264K [0x000000076b800000, 0x000000077be00000, 0x00000007c0000000)
  eden space 130048K, 100% used [0x000000076b800000,0x0000000773700000,0x0000000773700000)
  from space 10752K, 11% used [0x0000000773700000,0x0000000773830000,0x0000000774180000)
  to   space 4096K, 0% used [0x000000077ba00000,0x000000077ba00000,0x000000077be00000)
 ParOldGen       total 173568K, used 24K [0x00000006c2800000, 0x00000006cd180000, 0x000000076b800000)
  object space 173568K, 0% used [0x00000006c2800000,0x00000006c2806000,0x00000006cd180000)
 Metaspace       used 8246K, capacity 8678K, committed 8960K, reserved 1056768K
  class space    used 678K, capacity 722K, committed 768K, reserved 1048576K
Event: 1.194 GC heap after
Heap after GC invocations=6 (full 0):
 PSYoungGen      total 263168K, used 1200K [0x000000076b800000, 0x000000077bd00000, 0x00000007c0000000)
  eden space 260096K, 0% used [0x000000076b800000,0x000000076b800000,0x000000077b600000)
  from space 3072K, 39% used [0x000000077ba00000,0x000000077bb2c010,0x000000077bd00000)
  to   space 3584K, 0% used [0x000000077b600000,0x000000077b600000,0x000000077b980000)
 ParOldGen       total 173568K, used 32K [0x00000006c2800000, 0x00000006cd180000, 0x000000076b800000)
  object space 173568K, 0% used [0x00000006c2800000,0x00000006c2808000,0x00000006cd180000)
 Metaspace       used 8246K, capacity 8678K, committed 8960K, reserved 1056768K
  class space    used 678K, capacity 722K, committed 768K, reserved 1048576K
}
Event: 1.381 GC heap before
{Heap before GC invocations=7 (full 0):
 PSYoungGen      total 263168K, used 261296K [0x000000076b800000, 0x000000077bd00000, 0x00000007c0000000)
  eden space 260096K, 100% used [0x000000076b800000,0x000000077b600000,0x000000077b600000)
  from space 3072K, 39% used [0x000000077ba00000,0x000000077bb2c010,0x000000077bd00000)
  to   space 3584K, 0% used [0x000000077b600000,0x000000077b600000,0x000000077b980000)
 ParOldGen       total 173568K, used 32K [0x00000006c2800000, 0x00000006cd180000, 0x000000076b800000)
  object space 173568K, 0% used [0x00000006c2800000,0x00000006c2808000,0x00000006cd180000)
 Metaspace       used 8248K, capacity 8678K, committed 8960K, reserved 1056768K
  class space    used 678K, capacity 722K, committed 768K, reserved 1048576K
Event: 1.383 GC heap after
Heap after GC invocations=7 (full 0):
 PSYoungGen      total 263680K, used 96K [0x000000076b800000, 0x000000078bc00000, 0x00000007c0000000)
  eden space 260096K, 0% used [0x000000076b800000,0x000000076b800000,0x000000077b600000)
  from space 3584K, 2% used [0x000000077b600000,0x000000077b618000,0x000000077b980000)
  to   space 4096K, 0% used [0x000000078b800000,0x000000078b800000,0x000000078bc00000)
 ParOldGen       total 173568K, used 1188K [0x00000006c2800000, 0x00000006cd180000, 0x000000076b800000)
  object space 173568K, 0% used [0x00000006c2800000,0x00000006c2929060,0x00000006cd180000)
 Metaspace       used 8248K, capacity 8678K, committed 8960K, reserved 1056768K
  class space    used 678K, capacity 722K, committed 768K, reserved 1048576K
}
Event: 1.570 GC heap before
{Heap before GC invocations=8 (full 0):
 PSYoungGen      total 263680K, used 260192K [0x000000076b800000, 0x000000078bc00000, 0x00000007c0000000)
  eden space 260096K, 100% used [0x000000076b800000,0x000000077b600000,0x000000077b600000)
  from space 3584K, 2% used [0x000000077b600000,0x000000077b618000,0x000000077b980000)
  to   space 4096K, 0% used [0x000000078b800000,0x000000078b800000,0x000000078bc00000)
 ParOldGen       total 173568K, used 1188K [0x00000006c2800000, 0x00000006cd180000, 0x000000076b800000)
  object space 173568K, 0% used [0x00000006c2800000,0x00000006c2929060,0x00000006cd180000)
 Metaspace       used 8258K, capacity 8678K, committed 8960K, reserved 1056768K
  class space    used 678K, capacity 722K, committed 768K, reserved 1048576K
Event: 1.570 GC heap after
Heap after GC invocations=8 (full 0):
 PSYoungGen      total 524288K, used 96K [0x000000076b800000, 0x000000078bc00000, 0x00000007c0000000)
  eden space 520192K, 0% used [0x000000076b800000,0x000000076b800000,0x000000078b400000)
  from space 4096K, 2% used [0x000000078b800000,0x000000078b818000,0x000000078bc00000)
  to   space 4096K, 0% used [0x000000078b400000,0x000000078b400000,0x000000078b800000)
 ParOldGen       total 173568K, used 1188K [0x00000006c2800000, 0x00000006cd180000, 0x000000076b800000)
  object space 173568K, 0% used [0x00000006c2800000,0x00000006c2929060,0x00000006cd180000)
 Metaspace       used 8258K, capacity 8678K, committed 8960K, reserved 1056768K
  class space    used 678K, capacity 722K, committed 768K, reserved 1048576K
}
Event: 1.984 GC heap before
{Heap before GC invocations=9 (full 0):
 PSYoungGen      total 524288K, used 520288K [0x000000076b800000, 0x000000078bc00000, 0x00000007c0000000)
  eden space 520192K, 100% used [0x000000076b800000,0x000000078b400000,0x000000078b400000)
  from space 4096K, 2% used [0x000000078b800000,0x000000078b818000,0x000000078bc00000)
  to   space 4096K, 0% used [0x000000078b400000,0x000000078b400000,0x000000078b800000)
 ParOldGen       total 173568K, used 1188K [0x00000006c2800000, 0x00000006cd180000, 0x000000076b800000)
  object space 173568K, 0% used [0x00000006c2800000,0x00000006c2929060,0x00000006cd180000)
 Metaspace       used 8276K, capacity 8678K, committed 8960K, reserved 1056768K
  class space    used 678K, capacity 722K, committed 768K, reserved 1048576K
Event: 1.985 GC heap after
Heap after GC invocations=9 (full 0):
 PSYoungGen      total 497664K, used 224K [0x000000076b800000, 0x000000078b880000, 0x00000007c0000000)
  eden space 497152K, 0% used [0x000000076b800000,0x000000076b800000,0x0000000789d80000)
  from space 512K, 43% used [0x000000078b400000,0x000000078b438000,0x000000078b480000)
  to   space 4096K, 0% used [0x000000078b480000,0x000000078b480000,0x000000078b880000)
 ParOldGen       total 173568K, used 1196K [0x00000006c2800000, 0x00000006cd180000, 0x000000076b800000)
  object space 173568K, 0% used [0x00000006c2800000,0x00000006c292b060,0x00000006cd180000)
 Metaspace       used 8276K, capacity 8678K, committed 8960K, reserved 1056768K
  class space    used 678K, capacity 722K, committed 768K, reserved 1048576K
}
Event: 2.401 GC heap before
{Heap before GC invocations=10 (full 0):
 PSYoungGen      total 497664K, used 497376K [0x000000076b800000, 0x000000078b880000, 0x00000007c0000000)
  eden space 497152K, 100% used [0x000000076b800000,0x0000000789d80000,0x0000000789d80000)
  from space 512K, 43% used [0x000000078b400000,0x000000078b438000,0x000000078b480000)
  to   space 4096K, 0% used [0x000000078b480000,0x000000078b480000,0x000000078b880000)
 ParOldGen       total 173568K, used 1196K [0x00000006c2800000, 0x00000006cd180000, 0x000000076b800000)
  object space 173568K, 0% used [0x00000006c2800000,0x00000006c292b060,0x00000006cd180000)
 Metaspace       used 8282K, capacity 8678K, committed 8960K, reserved 1056768K
  class space    used 678K, capacity 722K, committed 768K, reserved 1048576K
Event: 2.401 GC heap after
Heap after GC invocations=10 (full 0):
 PSYoungGen      total 476160K, used 160K [0x000000076b800000, 0x000000078b500000, 0x00000007c0000000)
  eden space 475648K, 0% used [0x000000076b800000,0x000000076b800000,0x0000000788880000)
  from space 512K, 31% used [0x000000078b480000,0x000000078b4a8000,0x000000078b500000)
  to   space 3584K, 0% used [0x000000078ae00000,0x000000078ae00000,0x000000078b180000)
 ParOldGen       total 173568K, used 1204K [0x00000006c2800000, 0x00000006cd180000, 0x000000076b800000)
  object space 173568K, 0% used [0x00000006c2800000,0x00000006c292d060,0x00000006cd180000)
 Metaspace       used 8282K, capacity 8678K, committed 8960K, reserved 1056768K
  class space    used 678K, capacity 722K, committed 768K, reserved 1048576K
}

Deoptimization events (10 events):
Event: 0.617 Thread 0x000000001e244800 Uncommon trap: reason=bimorphic action=maybe_recompile pc=0x0000000002761364 method=java.util.HashMap.getNode(ILjava/lang/Object;)Ljava/util/HashMap$Node; @ 126
Event: 0.618 Thread 0x000000001e244800 Uncommon trap: reason=bimorphic action=maybe_recompile pc=0x0000000002761364 method=java.util.HashMap.getNode(ILjava/lang/Object;)Ljava/util/HashMap$Node; @ 126
Event: 0.623 Thread 0x000000001e244800 Uncommon trap: reason=unstable_if action=reinterpret pc=0x0000000002762e64 method=java.util.HashMap.containsKey(Ljava/lang/Object;)Z @ 9
Event: 0.624 Thread 0x000000001e244800 Uncommon trap: reason=unstable_if action=reinterpret pc=0x0000000002757398 method=java.util.HashMap.keySet()Ljava/util/Set; @ 6
Event: 0.829 Thread 0x000000001e244800 Uncommon trap: reason=unstable_if action=reinterpret pc=0x0000000002757618 method=java.util.HashMap.clear()V @ 16
Event: 0.829 Thread 0x000000001e244800 Uncommon trap: reason=unstable_if action=reinterpret pc=0x00000000027578d8 method=java.util.HashMap.clear()V @ 16
Event: 0.829 Thread 0x000000000260e000 Uncommon trap: reason=unstable_if action=reinterpret pc=0x0000000002784d34 method=java.util.HashMap.containsKey(Ljava/lang/Object;)Z @ 9
Event: 0.829 Thread 0x000000001e245800 Uncommon trap: reason=unstable_if action=reinterpret pc=0x0000000002783ec0 method=main.coreEngine.TickableThread.run()V @ 58
Event: 0.867 Thread 0x000000000260e000 Uncommon trap: reason=unstable_if action=reinterpret pc=0x0000000002877008 method=main.coreEngine.Engine.start()V @ 163
Event: 0.909 Thread 0x000000001e245800 Uncommon trap: reason=unstable_if action=reinterpret pc=0x0000000002888894 method=main.coreEngine.TickableThread.run()V @ 461

Internal exceptions (9 events):
Event: 0.025 Thread 0x000000000260e000 Exception <a 'java/lang/NoSuchMethodError': Method sun.misc.Unsafe.defineClass(Ljava/lang/String;[BII)Ljava/lang/Class; name or signature does not match> (0x000000076b80dc80) thrown at [C:\workspace\8-2-build-windows-amd64-cygwin\jdk8u65\4987\hotspot\src\sU€YW—õ™?
Event: 0.025 Thread 0x000000000260e000 Exception <a 'java/lang/NoSuchMethodError': Method sun.misc.Unsafe.prefetchRead(Ljava/lang/Object;J)V name or signature does not match> (0x000000076b80df68) thrown at [C:\workspace\8-2-build-windows-amd64-cygwin\jdk8u65\4987\hotspot\src\share\vm\prims\jni.°wžÊ8¿ã?
Event: 0.617 Thread 0x000000001e244800 Implicit null exception at 0x0000000002763f4d to 0x000000000276423d
Event: 0.618 Thread 0x000000001e244800 Exception <a 'java/security/PrivilegedActionException'> (0x000000076cb42878) thrown at [C:\workspace\8-2-build-windows-amd64-cygwin\jdk8u65\4987\hotspot\src\share\vm\prims\jvm.cpp, line 1386]
Event: 0.618 Thread 0x000000001e244800 Exception <a 'java/security/PrivilegedActionException'> (0x000000076cb42c70) thrown at [C:\workspace\8-2-build-windows-amd64-cygwin\jdk8u65\4987\hotspot\src\share\vm\prims\jvm.cpp, line 1386]
Event: 0.618 Thread 0x000000001e244800 Exception <a 'java/security/PrivilegedActionException'> (0x000000076cb46f28) thrown at [C:\workspace\8-2-build-windows-amd64-cygwin\jdk8u65\4987\hotspot\src\share\vm\prims\jvm.cpp, line 1386]
Event: 0.618 Thread 0x000000001e244800 Exception <a 'java/security/PrivilegedActionException'> (0x000000076cb47320) thrown at [C:\workspace\8-2-build-windows-amd64-cygwin\jdk8u65\4987\hotspot\src\share\vm\prims\jvm.cpp, line 1386]
Event: 0.623 Thread 0x000000001e244800 Implicit null exception at 0x0000000002762b94 to 0x0000000002762e59
Event: 0.829 Thread 0x000000000260e000 Implicit null exception at 0x0000000002784a4f to 0x0000000002784d21

Events (10 events):
Event: 1.192 Executing VM operation: ParallelGCFailedAllocation
Event: 1.194 Executing VM operation: ParallelGCFailedAllocation done
Event: 1.381 Executing VM operation: ParallelGCFailedAllocation
Event: 1.383 Executing VM operation: ParallelGCFailedAllocation done
Event: 1.570 Executing VM operation: ParallelGCFailedAllocation
Event: 1.570 Executing VM operation: ParallelGCFailedAllocation done
Event: 1.984 Executing VM operation: ParallelGCFailedAllocation
Event: 1.985 Executing VM operation: ParallelGCFailedAllocation done
Event: 2.401 Executing VM operation: ParallelGCFailedAllocation
Event: 2.401 Executing VM operation: ParallelGCFailedAllocation done


Dynamic libraries:
0x00007ff75d350000 - 0x00007ff75d387000 	C:\Program Files\Java\jdk1.8.0_65\bin\java.exe
0x00007ffd2b8f0000 - 0x00007ffd2bab1000 	C:\WINDOWS\SYSTEM32\ntdll.dll
0x00007ffd29160000 - 0x00007ffd2920d000 	C:\WINDOWS\system32\KERNEL32.DLL
0x00007ffd28890000 - 0x00007ffd28a78000 	C:\WINDOWS\system32\KERNELBASE.dll
0x00007ffd296a0000 - 0x00007ffd29747000 	C:\WINDOWS\system32\ADVAPI32.dll
0x00007ffd29430000 - 0x00007ffd294cd000 	C:\WINDOWS\system32\msvcrt.dll
0x00007ffd29510000 - 0x00007ffd2956b000 	C:\WINDOWS\system32\sechost.dll
0x00007ffd29580000 - 0x00007ffd2969c000 	C:\WINDOWS\system32\RPCRT4.dll
0x00007ffd28e50000 - 0x00007ffd28fa6000 	C:\WINDOWS\system32\USER32.dll
0x00007ffd299d0000 - 0x00007ffd29b56000 	C:\WINDOWS\system32\GDI32.dll
0x00007ffd24690000 - 0x00007ffd24904000 	C:\WINDOWS\WinSxS\amd64_microsoft.windows.common-controls_6595b64144ccf1df_6.0.10586.0_none_8c15ae12515e1c22\COMCTL32.dll
0x00007ffd29750000 - 0x00007ffd299cd000 	C:\WINDOWS\system32\combase.dll
0x00007ffd27f80000 - 0x00007ffd27fea000 	C:\WINDOWS\system32\bcryptPrimitives.dll
0x00007ffd294d0000 - 0x00007ffd2950b000 	C:\WINDOWS\system32\IMM32.DLL
0x000000005b5d0000 - 0x000000005b6a2000 	C:\Program Files\Java\jdk1.8.0_65\jre\bin\msvcr100.dll
0x000000005a760000 - 0x000000005afe9000 	C:\Program Files\Java\jdk1.8.0_65\jre\bin\server\jvm.dll
0x00007ffd29b60000 - 0x00007ffd29b68000 	C:\WINDOWS\system32\PSAPI.DLL
0x00007ffd1e6b0000 - 0x00007ffd1e6b9000 	C:\WINDOWS\SYSTEM32\WSOCK32.dll
0x00007ffd26170000 - 0x00007ffd26193000 	C:\WINDOWS\SYSTEM32\WINMM.dll
0x00007ffd249f0000 - 0x00007ffd249fa000 	C:\WINDOWS\SYSTEM32\VERSION.dll
0x00007ffd29cd0000 - 0x00007ffd29d3b000 	C:\WINDOWS\system32\WS2_32.dll
0x00000000022b0000 - 0x00000000022dc000 	C:\WINDOWS\SYSTEM32\WINMMBASE.dll
0x00007ffd28a80000 - 0x00007ffd28ac3000 	C:\WINDOWS\system32\cfgmgr32.dll
0x000000005b5c0000 - 0x000000005b5cf000 	C:\Program Files\Java\jdk1.8.0_65\jre\bin\verify.dll
0x000000005b590000 - 0x000000005b5b9000 	C:\Program Files\Java\jdk1.8.0_65\jre\bin\java.dll
0x000000005b570000 - 0x000000005b586000 	C:\Program Files\Java\jdk1.8.0_65\jre\bin\zip.dll
0x00007ffd2a2c0000 - 0x00007ffd2b81c000 	C:\WINDOWS\system32\SHELL32.dll
0x00007ffd28070000 - 0x00007ffd286b5000 	C:\WINDOWS\system32\windows.storage.dll
0x00007ffd2a250000 - 0x00007ffd2a2a2000 	C:\WINDOWS\system32\shlwapi.dll
0x00007ffd27f70000 - 0x00007ffd27f7f000 	C:\WINDOWS\system32\kernel.appcore.dll
0x00007ffd28c10000 - 0x00007ffd28cc5000 	C:\WINDOWS\system32\shcore.dll
0x00007ffd27ef0000 - 0x00007ffd27f3b000 	C:\WINDOWS\system32\powrprof.dll
0x00007ffd27f40000 - 0x00007ffd27f54000 	C:\WINDOWS\system32\profapi.dll
0x00007ffd26060000 - 0x00007ffd26070000 	D:\Program Files (x86)\JetBrains\IntelliJ IDEA 2016.1\bin\breakgen64.dll
0x000000005b550000 - 0x000000005b56a000 	C:\Program Files\Java\jdk1.8.0_65\jre\bin\net.dll
0x00007ffd27820000 - 0x00007ffd2787c000 	C:\WINDOWS\system32\mswsock.dll
0x00007ffd0dd80000 - 0x00007ffd0de08000 	D:\Code\Java\Projects\WireEngine20\lib\native\lwjgl.dll
0x00007ffd279f0000 - 0x00007ffd279fb000 	C:\WINDOWS\SYSTEM32\CRYPTBASE.DLL
0x00007ffd0f000000 - 0x00007ffd0f042000 	D:\Code\Java\Projects\WireEngine20\lib\native\jemalloc.dll
0x00007ffd1fcb0000 - 0x00007ffd1fce8000 	D:\Code\Java\Projects\WireEngine20\lib\native\glfw.dll
0x00007ffd26870000 - 0x00007ffd26906000 	C:\WINDOWS\system32\uxtheme.dll
0x00007ffd25f20000 - 0x00007ffd25f42000 	C:\WINDOWS\SYSTEM32\dwmapi.dll
0x00007ffd18b80000 - 0x00007ffd18ca9000 	C:\WINDOWS\SYSTEM32\opengl32.dll
0x00007ffd1c880000 - 0x00007ffd1c8ae000 	C:\WINDOWS\SYSTEM32\GLU32.dll
0x00007ffd18a80000 - 0x00007ffd18b7a000 	C:\WINDOWS\SYSTEM32\DDRAW.dll
0x00007ffd1d2d0000 - 0x00007ffd1d2d8000 	C:\WINDOWS\SYSTEM32\DCIMAN32.dll
0x00007ffd29b70000 - 0x00007ffd29cca000 	C:\WINDOWS\system32\MSCTF.dll
0x00007ffd15240000 - 0x00007ffd15289000 	C:\Program Files (x86)\TeamViewer\tv_x64.dll
0x00007ffd29210000 - 0x00007ffd29353000 	C:\WINDOWS\system32\ole32.dll
0x0000000058a10000 - 0x000000005a759000 	C:\WINDOWS\SYSTEM32\nvoglv64.DLL
0x00007ffd29d60000 - 0x00007ffd2a189000 	C:\WINDOWS\system32\SETUPAPI.dll
0x00007ffd25f70000 - 0x00007ffd25f83000 	C:\WINDOWS\SYSTEM32\WTSAPI32.dll
0x00007ffd269c0000 - 0x00007ffd269e7000 	C:\WINDOWS\SYSTEM32\DEVOBJ.dll
0x00007ffd27ff0000 - 0x00007ffd28045000 	C:\WINDOWS\system32\WINTRUST.dll
0x00007ffd27f60000 - 0x00007ffd27f70000 	C:\WINDOWS\system32\MSASN1.dll
0x00007ffd286c0000 - 0x00007ffd28887000 	C:\WINDOWS\system32\CRYPT32.dll
0x00007ffd27440000 - 0x00007ffd27471000 	C:\WINDOWS\SYSTEM32\ntmarta.dll
0x00007ffd27190000 - 0x00007ffd271e6000 	C:\WINDOWS\SYSTEM32\WINSTA.dll
0x00007ffd2b840000 - 0x00007ffd2b8e7000 	C:\WINDOWS\system32\clbcatq.dll
0x00007ffd231a0000 - 0x00007ffd231c5000 	C:\Program Files (x86)\Samsung\Easy Printer Manager\SmartScreenPrint\CDAKEYMonitor64.dll
0x00007ffd29360000 - 0x00007ffd29421000 	C:\WINDOWS\system32\OLEAUT32.dll
0x00007ffd238a0000 - 0x00007ffd23a2c000 	C:\WINDOWS\SYSTEM32\dbghelp.dll

VM Arguments:
jvm_args: -Djava.library.path=lib/native/ -Didea.launcher.port=7532 -Didea.launcher.bin.path=D:\Program Files (x86)\JetBrains\IntelliJ IDEA 2016.1\bin -Dfile.encoding=UTF-8 
java_command: com.intellij.rt.execution.application.AppMain main.Main
java_class_path (initial): C:\Program Files\Java\jdk1.8.0_65\jre\lib\charsets.jar;C:\Program Files\Java\jdk1.8.0_65\jre\lib\deploy.jar;C:\Program Files\Java\jdk1.8.0_65\jre\lib\ext\access-bridge-64.jar;C:\Program Files\Java\jdk1.8.0_65\jre\lib\ext\cldrdata.jar;C:\Program Files\Java\jdk1.8.0_65\jre\lib\ext\dnsns.jar;C:\Program Files\Java\jdk1.8.0_65\jre\lib\ext\jaccess.jar;C:\Program Files\Java\jdk1.8.0_65\jre\lib\ext\jfxrt.jar;C:\Program Files\Java\jdk1.8.0_65\jre\lib\ext\localedata.jar;C:\Program Files\Java\jdk1.8.0_65\jre\lib\ext\nashorn.jar;C:\Program Files\Java\jdk1.8.0_65\jre\lib\ext\sunec.jar;C:\Program Files\Java\jdk1.8.0_65\jre\lib\ext\sunjce_provider.jar;C:\Program Files\Java\jdk1.8.0_65\jre\lib\ext\sunmscapi.jar;C:\Program Files\Java\jdk1.8.0_65\jre\lib\ext\sunpkcs11.jar;C:\Program Files\Java\jdk1.8.0_65\jre\lib\ext\zipfs.jar;C:\Program Files\Java\jdk1.8.0_65\jre\lib\javaws.jar;C:\Program Files\Java\jdk1.8.0_65\jre\lib\jce.jar;C:\Program Files\Java\jdk1.8.0_65\jre\lib\jfr.jar;C:\Program Files\Java\jdk1.8.0_65\jre\lib\jfxswt.jar;C:\Program Files\Java\jdk1.8.0_65\jre\lib\jsse.jar;C:\Program Files\Java\jdk1.8.0_65\jre\lib\management-agent.jar;C:\Program Files\Java\jdk1.8.0_65\jre\lib\plugin.jar;C:\Program Files\Java\jdk1.8.0_65\jre\lib\resources.jar;C:\Program Files\Java\jdk1.8.0_65\jre\lib\rt.jar;D:\Code\Java\Projects\WireEngine20\out\production\WireEngine20;D:\Code\Java\Projects\WireEngine20\lib\jar\lwjgl.jar;D:\Code\Java\Projects\WireEngine20\lib\jar\slick-util.jar;D:\Program Files (x86)\JetBrains\IntelliJ IDEA 2016.1\lib\idea_rt.jar
Launcher Type: SUN_STANDARD

Environment Variables:
JAVA_HOME=C:\Program Files\Java\jdk1.8.0_65
PATH=C:\ProgramData\Oracle\Java\javapath;C:\Program Files (x86)\Razer Chroma SDK\bin;C:\Program Files\Razer Chroma SDK\bin;C:\Program Files (x86)\NVIDIA Corporation\PhysX\Common;C:\Program Files (x86)\Intel\iCLS Client\;C:\Program Files\Intel\iCLS Client\;C:\Windows\system32;C:\Windows;C:\Windows\System32\Wbem;C:\Windows\System32\WindowsPowerShell\v1.0\;C:\Program Files\Intel\Intel(R) Management Engine Components\DAL;C:\Program Files (x86)\Intel\Intel(R) Management Engine Components\DAL;C:\Program Files\Intel\Intel(R) Management Engine Components\IPT;C:\Program Files (x86)\Intel\Intel(R) Management Engine Components\IPT;C:\Program Files\Java\jre1.8.0_65\bin;C:\MinGW\bin;C:\WINDOWS\system32;C:\WINDOWS;C:\WINDOWS\System32\Wbem;C:\WINDOWS\System32\WindowsPowerShell\v1.0\;D:\Program Files (x86)\CMake\bin;D:\Program Files\Programs\Python\Python35-32;D:\Program Files\Programs\Python\Python35-32\Scripts;C:\Program Files (x86)\Skype\Phone\;D:\Program Files\Programs\Python\Python35-32\Scripts\;D:\Program Files\Programs\Python\Python35-32\
USERNAME=Kelan
OS=Windows_NT
PROCESSOR_IDENTIFIER=Intel64 Family 6 Model 60 Stepping 3, GenuineIntel



---------------  S Y S T E M  ---------------

OS: Windows 10.0 , 64 bit Build 10586 (10.0.10586.0)

CPU:total 8 (4 cores per cpu, 2 threads per core) family 6 model 60 stepping 3, cmov, cx8, fxsr, mmx, sse, sse2, sse3, ssse3, sse4.1, sse4.2, popcnt, avx, avx2, aes, clmul, erms, lzcnt, ht, tsc, tscinvbit, bmi1, bmi2

Memory: 4k page, physical 16609500k(9698000k free), swap 33386716k(23785632k free)

vm_info: Java HotSpot(TM) 64-Bit Server VM (25.65-b01) for windows-amd64 JRE (1.8.0_65-b17), built on Oct  6 2015 16:39:20 by "java_re" with MS VC++ 10.0 (VS2010)

time: Fri Apr 15 16:16:55 2016
elapsed time: 2 seconds (0d 0h 0m 2s)

