#
# A fatal error has been detected by the Java Runtime Environment:
#
#  EXCEPTION_ACCESS_VIOLATION (0xc0000005) at pc=0x00007ffd11dd24b9, pid=12612, tid=7204
#
# JRE version: Java(TM) SE Runtime Environment (8.0_65-b17) (build 1.8.0_65-b17)
# Java VM: Java HotSpot(TM) 64-Bit Server VM (25.65-b01 mixed mode windows-amd64 compressed oops)
# Problematic frame:
# C  [glfw.dll+0x24b9]
#
# Failed to write core dump. Minidumps are not enabled by default on client versions of Windows
#
# If you would like to submit a bug report, please visit:
#   http://bugreport.java.com/bugreport/crash.jsp
# The crash happened outside the Java Virtual Machine in native code.
# See problematic frame for where to report the bug.
#

---------------  T H R E A D  ---------------

Current thread (0x000000001e1b9800):  JavaThread "CLIENT" [_thread_in_native, id=7204, stack(0x000000001eec0000,0x000000001efc0000)]

siginfo: ExceptionCode=0xc0000005, reading address 0x0000000000000000

Registers:
RAX=0x0000000000000000, RBX=0x000000001b99f240, RCX=0x0000000000000000, RDX=0x0000000000000000
RSP=0x000000001efbed20, RBP=0x000000001efbedd8, RSI=0x0000000000000108, RDI=0x000000000052be60
R8 =0x000000001efbed18, R9 =0x000000001efbedd8, R10=0x0000000000000000, R11=0x0000000000000246
R12=0x0000000000000000, R13=0x000000001b99f240, R14=0x000000001efbee10, R15=0x000000001e1b9800
RIP=0x00007ffd11dd24b9, EFLAGS=0x0000000000010287

Top of Stack: (sp=0x000000001efbed20)
0x000000001efbed20:   000000001e1b9800 000000001e1b9800
0x000000001efbed30:   000000001e1b9800 000000001e1b9800
0x000000001efbed40:   0000000000000346 000000000254dfcc
0x000000001efbed50:   000000001b99f240 000000005a975005
0x000000001efbed60:   000000001b9450c8 000000001bf22d40
0x000000001efbed70:   000000000000000e 000000001e1b9800
0x000000001efbed80:   000000001b9bb9c8 000000005a88aea4
0x000000001efbed90:   000000001e1b9800 000000001efbed98
0x000000001efbeda0:   0000000000000000 000000001efbee10
0x000000001efbedb0:   000000001b99f9e0 0000000000000000
0x000000001efbedc0:   000000001b99f240 0000000000000000
0x000000001efbedd0:   000000001efbedf8 000000001efbee58
0x000000001efbede0:   0000000002537d8d 00000006c28060b0
0x000000001efbedf0:   00000000025442f8 000000000052be60
0x000000001efbee00:   00000000025378a0 00007ffd11dd2420
0x000000001efbee10:   0000000000000001 000000001efbee18 

Instructions: (pc=0x00007ffd11dd24b9)
0x00007ffd11dd2499:   48 8b cf e8 1f 3a 00 00 48 39 3d f0 d5 02 00 48
0x00007ffd11dd24a9:   8d 0d e9 d5 02 00 48 8b 5c 24 30 74 08 48 8b 09
0x00007ffd11dd24b9:   48 39 39 75 f8 48 8b 07 48 89 01 48 8b cf 48 83
0x00007ffd11dd24c9:   c4 20 5f e9 5b fe 00 00 48 83 c4 20 5f c3 cc cc 


Register to memory mapping:

RAX=0x0000000000000000 is an unknown value
RBX={method} {0x000000001b99f248} 'invokePV' '(JJ)V' in 'org/lwjgl/system/JNI'
RCX=0x0000000000000000 is an unknown value
RDX=0x0000000000000000 is an unknown value
RSP=0x000000001efbed20 is pointing into the stack for thread: 0x000000001e1b9800
RBP=0x000000001efbedd8 is pointing into the stack for thread: 0x000000001e1b9800
RSI=0x0000000000000108 is an unknown value
RDI=0x000000000052be60 is an unknown value
R8 =0x000000001efbed18 is pointing into the stack for thread: 0x000000001e1b9800
R9 =0x000000001efbedd8 is pointing into the stack for thread: 0x000000001e1b9800
R10=0x0000000000000000 is an unknown value
R11=0x0000000000000246 is an unknown value
R12=0x0000000000000000 is an unknown value
R13={method} {0x000000001b99f248} 'invokePV' '(JJ)V' in 'org/lwjgl/system/JNI'
R14=0x000000001efbee10 is pointing into the stack for thread: 0x000000001e1b9800
R15=0x000000001e1b9800 is a thread


Stack: [0x000000001eec0000,0x000000001efc0000],  sp=0x000000001efbed20,  free space=1019k
Native frames: (J=compiled Java code, j=interpreted, Vv=VM code, C=native code)
C  [glfw.dll+0x24b9]
C  0x000000000254dfcc

Java frames: (J=compiled Java code, j=interpreted, Vv=VM code)
j  org.lwjgl.system.JNI.invokePV(JJ)V+0
j  org.lwjgl.glfw.GLFW.glfwDestroyCursor(J)V+20
j  main.client.Window.destroyWindow()V+9
j  main.coreEngine.Engine.stop()V+70
j  main.client.Window.update()V+33
j  main.client.renderEngine.RenderEngine.render()V+38
j  main.client.ClientThread.tick()V+12
j  main.coreEngine.TickableThread.run()V+469
v  ~StubRoutines::call_stub

---------------  P R O C E S S  ---------------

Java Threads: ( => current thread )
  0x000000001e1ba000 JavaThread "SERVER" [_thread_in_Java, id=8612, stack(0x000000001efc0000,0x000000001f0c0000)]
=>0x000000001e1b9800 JavaThread "CLIENT" [_thread_in_native, id=7204, stack(0x000000001eec0000,0x000000001efc0000)]
  0x000000001e0bd800 JavaThread "Service Thread" daemon [_thread_blocked, id=1344, stack(0x000000001ecc0000,0x000000001edc0000)]
  0x000000001e01d000 JavaThread "C1 CompilerThread3" daemon [_thread_blocked, id=4544, stack(0x000000001ebc0000,0x000000001ecc0000)]
  0x000000001e01c000 JavaThread "C2 CompilerThread2" daemon [_thread_blocked, id=9892, stack(0x000000001eac0000,0x000000001ebc0000)]
  0x000000001e019000 JavaThread "C2 CompilerThread1" daemon [_thread_blocked, id=12540, stack(0x000000001e9c0000,0x000000001eac0000)]
  0x000000001e023000 JavaThread "C2 CompilerThread0" daemon [_thread_blocked, id=6368, stack(0x000000001e8c0000,0x000000001e9c0000)]
  0x000000001e005800 JavaThread "JDWP Command Reader" daemon [_thread_in_native, id=2640, stack(0x000000001e7c0000,0x000000001e8c0000)]
  0x000000001e000000 JavaThread "JDWP Event Helper Thread" daemon [_thread_blocked, id=2608, stack(0x000000001e6c0000,0x000000001e7c0000)]
  0x000000001dffe000 JavaThread "JDWP Transport Listener: dt_socket" daemon [_thread_blocked, id=8520, stack(0x000000001e5c0000,0x000000001e6c0000)]
  0x000000001dfe9000 JavaThread "Attach Listener" daemon [_thread_blocked, id=13744, stack(0x000000001e4c0000,0x000000001e5c0000)]
  0x000000001dfe8800 JavaThread "Signal Dispatcher" daemon [_thread_blocked, id=13316, stack(0x000000001e3c0000,0x000000001e4c0000)]
  0x000000000252c000 JavaThread "Finalizer" daemon [_thread_blocked, id=7356, stack(0x000000001dde0000,0x000000001dee0000)]
  0x0000000002525000 JavaThread "Reference Handler" daemon [_thread_blocked, id=13796, stack(0x000000001dce0000,0x000000001dde0000)]
  0x000000000242e000 JavaThread "main" [_thread_in_Java, id=12736, stack(0x0000000002320000,0x0000000002420000)]

Other Threads:
  0x000000001bf19800 VMThread [stack: 0x000000001dbe0000,0x000000001dce0000] [id=1952]
  0x000000001e0df800 WatcherThread [stack: 0x000000001edc0000,0x000000001eec0000] [id=9192]

VM state:not at safepoint (normal execution)

VM Mutex/Monitor currently owned by a thread: None

Heap:
 PSYoungGen      total 241664K, used 118381K [0x000000076b800000, 0x0000000785000000, 0x00000007c0000000)
  eden space 239104K, 49% used [0x000000076b800000,0x0000000772b637f0,0x000000077a180000)
  from space 2560K, 8% used [0x0000000784b00000,0x0000000784b38000,0x0000000784d80000)
  to   space 2560K, 0% used [0x0000000784d80000,0x0000000784d80000,0x0000000785000000)
 ParOldGen       total 173568K, used 1677K [0x00000006c2800000, 0x00000006cd180000, 0x000000076b800000)
  object space 173568K, 0% used [0x00000006c2800000,0x00000006c29a3780,0x00000006cd180000)
 Metaspace       used 8093K, capacity 8646K, committed 8960K, reserved 1056768K
  class space    used 649K, capacity 690K, committed 768K, reserved 1048576K

Card table byte_map: [0x00000000118f0000,0x00000000120e0000] byte_map_base: 0x000000000e2dc000

Marking Bits: (ParMarkBitMap*) 0x000000005af6a5b0
 Begin Bits: [0x0000000012e30000, 0x0000000016d90000)
 End Bits:   [0x0000000016d90000, 0x000000001acf0000)

Polling page: 0x00000000007f0000

CodeCache: size=245760Kb used=2567Kb max_used=2567Kb free=243192Kb
 bounds [0x0000000002530000, 0x00000000027c0000, 0x0000000011530000]
 total_blobs=1171 nmethods=522 adapters=570
 compilation: enabled

Compilation events (10 events):
Event: 1.503 Thread 0x000000001e01d000  518       3       main.client.renderEngine.RenderEngine::getCurrentFPS (12 bytes)
Event: 1.504 Thread 0x000000001e01d000 nmethod 518 0x00000000027b1410 code [0x00000000027b15e0, 0x00000000027b1de8]
Event: 1.504 Thread 0x000000001e01d000  519       3       main.coreEngine.TickableThread::getUpdateFrequency (5 bytes)
Event: 1.504 Thread 0x000000001e01d000 nmethod 519 0x00000000027b2150 code [0x00000000027b22a0, 0x00000000027b23f0]
Event: 1.517 Thread 0x000000001e01d000  521   !   3       sun.misc.Cleaner::clean (35 bytes)
Event: 1.517 Thread 0x000000001e01d000 nmethod 521 0x00000000027b2810 code [0x00000000027b29c0, 0x00000000027b2d58]
Event: 1.517 Thread 0x000000001e01d000  522  s    3       sun.misc.Cleaner::remove (89 bytes)
Event: 1.517 Thread 0x000000001e01d000 nmethod 522 0x00000000027b2ed0 code [0x00000000027b3040, 0x00000000027b3570]
Event: 1.519 Thread 0x000000001e01d000  523       3       main.coreEngine.util.maths.Vector3f::set (16 bytes)
Event: 1.519 Thread 0x000000001e01d000 nmethod 523 0x00000000027b3690 code [0x00000000027b37e0, 0x00000000027b3950]

GC Heap History (10 events):
Event: 0.701 GC heap before
{Heap before GC invocations=7 (full 0):
 PSYoungGen      total 131072K, used 131070K [0x000000076b800000, 0x0000000773b00000, 0x00000007c0000000)
  eden space 129536K, 100% used [0x000000076b800000,0x0000000773680000,0x0000000773680000)
  from space 1536K, 99% used [0x0000000773880000,0x00000007739ff828,0x0000000773a00000)
  to   space 2048K, 0% used [0x0000000773680000,0x0000000773680000,0x0000000773880000)
 ParOldGen       total 173568K, used 473K [0x00000006c2800000, 0x00000006cd180000, 0x000000076b800000)
  object space 173568K, 0% used [0x00000006c2800000,0x00000006c2876720,0x00000006cd180000)
 Metaspace       used 7948K, capacity 8486K, committed 8704K, reserved 1056768K
  class space    used 639K, capacity 658K, committed 768K, reserved 1048576K
Event: 0.705 GC heap after
Heap after GC invocations=7 (full 0):
 PSYoungGen      total 131584K, used 1425K [0x000000076b800000, 0x000000077b900000, 0x00000007c0000000)
  eden space 129536K, 0% used [0x000000076b800000,0x000000076b800000,0x0000000773680000)
  from space 2048K, 69% used [0x0000000773680000,0x00000007737e4738,0x0000000773880000)
  to   space 2048K, 0% used [0x000000077b700000,0x000000077b700000,0x000000077b900000)
 ParOldGen       total 173568K, used 1085K [0x00000006c2800000, 0x00000006cd180000, 0x000000076b800000)
  object space 173568K, 0% used [0x00000006c2800000,0x00000006c290f780,0x00000006cd180000)
 Metaspace       used 7948K, capacity 8486K, committed 8704K, reserved 1056768K
  class space    used 639K, capacity 658K, committed 768K, reserved 1048576K
}
Event: 0.914 GC heap before
{Heap before GC invocations=8 (full 0):
 PSYoungGen      total 131584K, used 130961K [0x000000076b800000, 0x000000077b900000, 0x00000007c0000000)
  eden space 129536K, 100% used [0x000000076b800000,0x0000000773680000,0x0000000773680000)
  from space 2048K, 69% used [0x0000000773680000,0x00000007737e4738,0x0000000773880000)
  to   space 2048K, 0% used [0x000000077b700000,0x000000077b700000,0x000000077b900000)
 ParOldGen       total 173568K, used 1085K [0x00000006c2800000, 0x00000006cd180000, 0x000000076b800000)
  object space 173568K, 0% used [0x00000006c2800000,0x00000006c290f780,0x00000006cd180000)
 Metaspace       used 8075K, capacity 8646K, committed 8960K, reserved 1056768K
  class space    used 649K, capacity 690K, committed 768K, reserved 1048576K
Event: 0.915 GC heap after
Heap after GC invocations=8 (full 0):
 PSYoungGen      total 261120K, used 480K [0x000000076b800000, 0x000000077b900000, 0x00000007c0000000)
  eden space 259072K, 0% used [0x000000076b800000,0x000000076b800000,0x000000077b500000)
  from space 2048K, 23% used [0x000000077b700000,0x000000077b778000,0x000000077b900000)
  to   space 2048K, 0% used [0x000000077b500000,0x000000077b500000,0x000000077b700000)
 ParOldGen       total 173568K, used 1229K [0x00000006c2800000, 0x00000006cd180000, 0x000000076b800000)
  object space 173568K, 0% used [0x00000006c2800000,0x00000006c2933780,0x00000006cd180000)
 Metaspace       used 8075K, capacity 8646K, committed 8960K, reserved 1056768K
  class space    used 649K, capacity 690K, committed 768K, reserved 1048576K
}
Event: 1.134 GC heap before
{Heap before GC invocations=9 (full 0):
 PSYoungGen      total 261120K, used 259552K [0x000000076b800000, 0x000000077b900000, 0x00000007c0000000)
  eden space 259072K, 100% used [0x000000076b800000,0x000000077b500000,0x000000077b500000)
  from space 2048K, 23% used [0x000000077b700000,0x000000077b778000,0x000000077b900000)
  to   space 2048K, 0% used [0x000000077b500000,0x000000077b500000,0x000000077b700000)
 ParOldGen       total 173568K, used 1229K [0x00000006c2800000, 0x00000006cd180000, 0x000000076b800000)
  object space 173568K, 0% used [0x00000006c2800000,0x00000006c2933780,0x00000006cd180000)
 Metaspace       used 8078K, capacity 8646K, committed 8960K, reserved 1056768K
  class space    used 649K, capacity 690K, committed 768K, reserved 1048576K
Event: 1.135 GC heap after
Heap after GC invocations=9 (full 0):
 PSYoungGen      total 261120K, used 288K [0x000000076b800000, 0x0000000785200000, 0x00000007c0000000)
  eden space 259072K, 0% used [0x000000076b800000,0x000000076b800000,0x000000077b500000)
  from space 2048K, 14% used [0x000000077b500000,0x000000077b548000,0x000000077b700000)
  to   space 2560K, 0% used [0x0000000784f80000,0x0000000784f80000,0x0000000785200000)
 ParOldGen       total 173568K, used 1453K [0x00000006c2800000, 0x00000006cd180000, 0x000000076b800000)
  object space 173568K, 0% used [0x00000006c2800000,0x00000006c296b780,0x00000006cd180000)
 Metaspace       used 8078K, capacity 8646K, committed 8960K, reserved 1056768K
  class space    used 649K, capacity 690K, committed 768K, reserved 1048576K
}
Event: 1.326 GC heap before
{Heap before GC invocations=10 (full 0):
 PSYoungGen      total 261120K, used 259360K [0x000000076b800000, 0x0000000785200000, 0x00000007c0000000)
  eden space 259072K, 100% used [0x000000076b800000,0x000000077b500000,0x000000077b500000)
  from space 2048K, 14% used [0x000000077b500000,0x000000077b548000,0x000000077b700000)
  to   space 2560K, 0% used [0x0000000784f80000,0x0000000784f80000,0x0000000785200000)
 ParOldGen       total 173568K, used 1453K [0x00000006c2800000, 0x00000006cd180000, 0x000000076b800000)
  object space 173568K, 0% used [0x00000006c2800000,0x00000006c296b780,0x00000006cd180000)
 Metaspace       used 8081K, capacity 8646K, committed 8960K, reserved 1056768K
  class space    used 649K, capacity 690K, committed 768K, reserved 1048576K
Event: 1.327 GC heap after
Heap after GC invocations=10 (full 0):
 PSYoungGen      total 249344K, used 128K [0x000000076b800000, 0x0000000785000000, 0x00000007c0000000)
  eden space 248832K, 0% used [0x000000076b800000,0x000000076b800000,0x000000077ab00000)
  from space 512K, 25% used [0x0000000784f80000,0x0000000784fa0000,0x0000000785000000)
  to   space 2560K, 0% used [0x0000000784b00000,0x0000000784b00000,0x0000000784d80000)
 ParOldGen       total 173568K, used 1677K [0x00000006c2800000, 0x00000006cd180000, 0x000000076b800000)
  object space 173568K, 0% used [0x00000006c2800000,0x00000006c29a3780,0x00000006cd180000)
 Metaspace       used 8081K, capacity 8646K, committed 8960K, reserved 1056768K
  class space    used 649K, capacity 690K, committed 768K, reserved 1048576K
}
Event: 1.516 GC heap before
{Heap before GC invocations=11 (full 0):
 PSYoungGen      total 249344K, used 248960K [0x000000076b800000, 0x0000000785000000, 0x00000007c0000000)
  eden space 248832K, 100% used [0x000000076b800000,0x000000077ab00000,0x000000077ab00000)
  from space 512K, 25% used [0x0000000784f80000,0x0000000784fa0000,0x0000000785000000)
  to   space 2560K, 0% used [0x0000000784b00000,0x0000000784b00000,0x0000000784d80000)
 ParOldGen       total 173568K, used 1677K [0x00000006c2800000, 0x00000006cd180000, 0x000000076b800000)
  object space 173568K, 0% used [0x00000006c2800000,0x00000006c29a3780,0x00000006cd180000)
 Metaspace       used 8091K, capacity 8646K, committed 8960K, reserved 1056768K
  class space    used 649K, capacity 690K, committed 768K, reserved 1048576K
Event: 1.517 GC heap after
Heap after GC invocations=11 (full 0):
 PSYoungGen      total 241664K, used 224K [0x000000076b800000, 0x0000000785000000, 0x00000007c0000000)
  eden space 239104K, 0% used [0x000000076b800000,0x000000076b800000,0x000000077a180000)
  from space 2560K, 8% used [0x0000000784b00000,0x0000000784b38000,0x0000000784d80000)
  to   space 2560K, 0% used [0x0000000784d80000,0x0000000784d80000,0x0000000785000000)
 ParOldGen       total 173568K, used 1677K [0x00000006c2800000, 0x00000006cd180000, 0x000000076b800000)
  object space 173568K, 0% used [0x00000006c2800000,0x00000006c29a3780,0x00000006cd180000)
 Metaspace       used 8091K, capacity 8646K, committed 8960K, reserved 1056768K
  class space    used 649K, capacity 690K, committed 768K, reserved 1048576K
}

Deoptimization events (10 events):
Event: 0.400 Thread 0x000000001e1b9800 Uncommon trap: reason=bimorphic action=maybe_recompile pc=0x000000000267fb40 method=java.util.HashMap.getNode(ILjava/lang/Object;)Ljava/util/HashMap$Node; @ 126
Event: 0.401 Thread 0x000000001e1b9800 Uncommon trap: reason=bimorphic action=maybe_recompile pc=0x000000000267fb40 method=java.util.HashMap.getNode(ILjava/lang/Object;)Ljava/util/HashMap$Node; @ 126
Event: 0.407 Thread 0x000000001e1b9800 Uncommon trap: reason=unstable_if action=reinterpret pc=0x0000000002671598 method=java.util.HashMap.keySet()Ljava/util/Set; @ 6
Event: 0.711 Thread 0x000000001e1b9800 Uncommon trap: reason=unstable_if action=reinterpret pc=0x0000000002676bc4 method=java.util.HashMap.clear()V @ 16
Event: 0.711 Thread 0x000000001e1b9800 Uncommon trap: reason=unstable_if action=reinterpret pc=0x0000000002670448 method=java.util.HashMap$HashIterator.<init>(Ljava/util/HashMap;)V @ 38
Event: 0.711 Thread 0x000000000242e000 Uncommon trap: reason=unstable_if action=reinterpret pc=0x0000000002694a70 method=main.coreEngine.TickableThread.invoke(Ljava/lang/String;[Ljava/lang/Object;)V @ 53
Event: 0.711 Thread 0x000000001e1b9800 Uncommon trap: reason=unstable_if action=reinterpret pc=0x0000000002670898 method=java.util.HashMap.clear()V @ 16
Event: 0.711 Thread 0x000000001e1ba000 Uncommon trap: reason=unstable_if action=reinterpret pc=0x00000000026d36f4 method=main.coreEngine.TickableThread.run()V @ 58
Event: 0.771 Thread 0x000000000242e000 Uncommon trap: reason=unstable_if action=reinterpret pc=0x000000000278f9b4 method=main.coreEngine.Engine.start()V @ 163
Event: 0.813 Thread 0x000000001e1ba000 Uncommon trap: reason=unstable_if action=reinterpret pc=0x000000000279b200 method=main.coreEngine.TickableThread.run()V @ 461

Internal exceptions (7 events):
Event: 0.030 Thread 0x000000000242e000 Exception <a 'java/lang/NoSuchMethodError': Method sun.misc.Unsafe.defineClass(Ljava/lang/String;[BII)Ljava/lang/Class; name or signature does not match> (0x000000076b80d890) thrown at [C:\workspace\8-2-build-windows-amd64-cygwin\jdk8u65\4987\hotspot\src\s!#x$«.Ÿ?
Event: 0.030 Thread 0x000000000242e000 Exception <a 'java/lang/NoSuchMethodError': Method sun.misc.Unsafe.prefetchRead(Ljava/lang/Object;J)V name or signature does not match> (0x000000076b80db78) thrown at [C:\workspace\8-2-build-windows-amd64-cygwin\jdk8u65\4987\hotspot\src\share\vm\prims\jni.1Š\™§Ù?
Event: 0.401 Thread 0x000000001e1b9800 Exception <a 'java/security/PrivilegedActionException'> (0x000000076d9b2c08) thrown at [C:\workspace\8-2-build-windows-amd64-cygwin\jdk8u65\4987\hotspot\src\share\vm\prims\jvm.cpp, line 1386]
Event: 0.401 Thread 0x000000001e1b9800 Exception <a 'java/security/PrivilegedActionException'> (0x000000076d9b3000) thrown at [C:\workspace\8-2-build-windows-amd64-cygwin\jdk8u65\4987\hotspot\src\share\vm\prims\jvm.cpp, line 1386]
Event: 0.402 Thread 0x000000001e1b9800 Exception <a 'java/security/PrivilegedActionException'> (0x000000076d9b7218) thrown at [C:\workspace\8-2-build-windows-amd64-cygwin\jdk8u65\4987\hotspot\src\share\vm\prims\jvm.cpp, line 1386]
Event: 0.402 Thread 0x000000001e1b9800 Exception <a 'java/security/PrivilegedActionException'> (0x000000076d9b7610) thrown at [C:\workspace\8-2-build-windows-amd64-cygwin\jdk8u65\4987\hotspot\src\share\vm\prims\jvm.cpp, line 1386]
Event: 0.711 Thread 0x000000000242e000 Implicit null exception at 0x000000000269447c to 0x0000000002694a49

Events (10 events):
Event: 0.813 Thread 0x000000001e1ba000 DEOPT PACKING pc=0x000000000279b200 sp=0x000000001f0bf560
Event: 0.813 Thread 0x000000001e1ba000 DEOPT UNPACKING pc=0x000000000257582a sp=0x000000001f0bf5b0 mode 2
Event: 0.914 Executing VM operation: ParallelGCFailedAllocation
Event: 0.916 Executing VM operation: ParallelGCFailedAllocation done
Event: 1.134 Executing VM operation: ParallelGCFailedAllocation
Event: 1.135 Executing VM operation: ParallelGCFailedAllocation done
Event: 1.326 Executing VM operation: ParallelGCFailedAllocation
Event: 1.327 Executing VM operation: ParallelGCFailedAllocation done
Event: 1.516 Executing VM operation: ParallelGCFailedAllocation
Event: 1.517 Executing VM operation: ParallelGCFailedAllocation done


Dynamic libraries:
0x00007ff75d350000 - 0x00007ff75d387000 	C:\Program Files\Java\jdk1.8.0_65\bin\java.exe
0x00007ffd2b8f0000 - 0x00007ffd2bab1000 	C:\WINDOWS\SYSTEM32\ntdll.dll
0x00007ffd29160000 - 0x00007ffd2920d000 	C:\WINDOWS\system32\KERNEL32.DLL
0x00007ffd28890000 - 0x00007ffd28a78000 	C:\WINDOWS\system32\KERNELBASE.dll
0x00007ffd296a0000 - 0x00007ffd29747000 	C:\WINDOWS\system32\ADVAPI32.dll
0x00007ffd29430000 - 0x00007ffd294cd000 	C:\WINDOWS\system32\msvcrt.dll
0x00007ffd29510000 - 0x00007ffd2956b000 	C:\WINDOWS\system32\sechost.dll
0x00007ffd29580000 - 0x00007ffd2969c000 	C:\WINDOWS\system32\RPCRT4.dll
0x00007ffd28e50000 - 0x00007ffd28fa6000 	C:\WINDOWS\system32\USER32.dll
0x00007ffd299d0000 - 0x00007ffd29b56000 	C:\WINDOWS\system32\GDI32.dll
0x00007ffd24690000 - 0x00007ffd24904000 	C:\WINDOWS\WinSxS\amd64_microsoft.windows.common-controls_6595b64144ccf1df_6.0.10586.0_none_8c15ae12515e1c22\COMCTL32.dll
0x00007ffd29750000 - 0x00007ffd299cd000 	C:\WINDOWS\system32\combase.dll
0x00007ffd27f80000 - 0x00007ffd27fea000 	C:\WINDOWS\system32\bcryptPrimitives.dll
0x00007ffd294d0000 - 0x00007ffd2950b000 	C:\WINDOWS\system32\IMM32.DLL
0x000000005b5d0000 - 0x000000005b6a2000 	C:\Program Files\Java\jdk1.8.0_65\jre\bin\msvcr100.dll
0x000000005a760000 - 0x000000005afe9000 	C:\Program Files\Java\jdk1.8.0_65\jre\bin\server\jvm.dll
0x00007ffd29b60000 - 0x00007ffd29b68000 	C:\WINDOWS\system32\PSAPI.DLL
0x00007ffd1e6b0000 - 0x00007ffd1e6b9000 	C:\WINDOWS\SYSTEM32\WSOCK32.dll
0x00007ffd249f0000 - 0x00007ffd249fa000 	C:\WINDOWS\SYSTEM32\VERSION.dll
0x00007ffd26170000 - 0x00007ffd26193000 	C:\WINDOWS\SYSTEM32\WINMM.dll
0x00007ffd29cd0000 - 0x00007ffd29d3b000 	C:\WINDOWS\system32\WS2_32.dll
0x00000000022f0000 - 0x000000000231c000 	C:\WINDOWS\SYSTEM32\WINMMBASE.dll
0x00007ffd28a80000 - 0x00007ffd28ac3000 	C:\WINDOWS\system32\cfgmgr32.dll
0x000000005b5c0000 - 0x000000005b5cf000 	C:\Program Files\Java\jdk1.8.0_65\jre\bin\verify.dll
0x000000005b590000 - 0x000000005b5b9000 	C:\Program Files\Java\jdk1.8.0_65\jre\bin\java.dll
0x000000005b4e0000 - 0x000000005b515000 	C:\Program Files\Java\jdk1.8.0_65\jre\bin\jdwp.dll
0x000000005b580000 - 0x000000005b588000 	C:\Program Files\Java\jdk1.8.0_65\jre\bin\npt.dll
0x000000005b520000 - 0x000000005b536000 	C:\Program Files\Java\jdk1.8.0_65\jre\bin\zip.dll
0x00007ffd2a2c0000 - 0x00007ffd2b81c000 	C:\WINDOWS\system32\SHELL32.dll
0x00007ffd28070000 - 0x00007ffd286b5000 	C:\WINDOWS\system32\windows.storage.dll
0x00007ffd2a250000 - 0x00007ffd2a2a2000 	C:\WINDOWS\system32\shlwapi.dll
0x00007ffd27f70000 - 0x00007ffd27f7f000 	C:\WINDOWS\system32\kernel.appcore.dll
0x00007ffd28c10000 - 0x00007ffd28cc5000 	C:\WINDOWS\system32\shcore.dll
0x00007ffd27ef0000 - 0x00007ffd27f3b000 	C:\WINDOWS\system32\powrprof.dll
0x00007ffd27f40000 - 0x00007ffd27f54000 	C:\WINDOWS\system32\profapi.dll
0x000000005b570000 - 0x000000005b579000 	C:\Program Files\Java\jdk1.8.0_65\jre\bin\dt_socket.dll
0x00007ffd27820000 - 0x00007ffd2787c000 	C:\WINDOWS\system32\mswsock.dll
0x00007ffd0dd80000 - 0x00007ffd0de08000 	D:\Code\Java\Projects\WireEngine20\lib\native\lwjgl.dll
0x00007ffd279f0000 - 0x00007ffd279fb000 	C:\WINDOWS\SYSTEM32\CRYPTBASE.DLL
0x00007ffd0f000000 - 0x00007ffd0f042000 	D:\Code\Java\Projects\WireEngine20\lib\native\jemalloc.dll
0x00007ffd11dd0000 - 0x00007ffd11e08000 	D:\Code\Java\Projects\WireEngine20\lib\native\glfw.dll
0x00007ffd26870000 - 0x00007ffd26906000 	C:\WINDOWS\system32\uxtheme.dll
0x00007ffd25f20000 - 0x00007ffd25f42000 	C:\WINDOWS\SYSTEM32\dwmapi.dll
0x00007ffd18b80000 - 0x00007ffd18ca9000 	C:\WINDOWS\SYSTEM32\opengl32.dll
0x00007ffd1c880000 - 0x00007ffd1c8ae000 	C:\WINDOWS\SYSTEM32\GLU32.dll
0x00007ffd18a80000 - 0x00007ffd18b7a000 	C:\WINDOWS\SYSTEM32\DDRAW.dll
0x00007ffd1d2d0000 - 0x00007ffd1d2d8000 	C:\WINDOWS\SYSTEM32\DCIMAN32.dll
0x00007ffd29b70000 - 0x00007ffd29cca000 	C:\WINDOWS\system32\MSCTF.dll
0x00007ffd15240000 - 0x00007ffd15289000 	C:\Program Files (x86)\TeamViewer\tv_x64.dll
0x00007ffd29210000 - 0x00007ffd29353000 	C:\WINDOWS\system32\ole32.dll
0x0000000058a10000 - 0x000000005a759000 	C:\WINDOWS\SYSTEM32\nvoglv64.DLL
0x00007ffd29d60000 - 0x00007ffd2a189000 	C:\WINDOWS\system32\SETUPAPI.dll
0x00007ffd25f70000 - 0x00007ffd25f83000 	C:\WINDOWS\SYSTEM32\WTSAPI32.dll
0x00007ffd269c0000 - 0x00007ffd269e7000 	C:\WINDOWS\SYSTEM32\DEVOBJ.dll
0x00007ffd27ff0000 - 0x00007ffd28045000 	C:\WINDOWS\system32\WINTRUST.dll
0x00007ffd27f60000 - 0x00007ffd27f70000 	C:\WINDOWS\system32\MSASN1.dll
0x00007ffd286c0000 - 0x00007ffd28887000 	C:\WINDOWS\system32\CRYPT32.dll
0x00007ffd27440000 - 0x00007ffd27471000 	C:\WINDOWS\SYSTEM32\ntmarta.dll
0x00007ffd27190000 - 0x00007ffd271e6000 	C:\WINDOWS\SYSTEM32\WINSTA.dll
0x00007ffd2b840000 - 0x00007ffd2b8e7000 	C:\WINDOWS\system32\clbcatq.dll
0x00007ffd231a0000 - 0x00007ffd231c5000 	C:\Program Files (x86)\Samsung\Easy Printer Manager\SmartScreenPrint\CDAKEYMonitor64.dll
0x00007ffd29360000 - 0x00007ffd29421000 	C:\WINDOWS\system32\OLEAUT32.dll
0x00007ffd238a0000 - 0x00007ffd23a2c000 	C:\WINDOWS\SYSTEM32\dbghelp.dll

VM Arguments:
jvm_args: -agentlib:jdwp=transport=dt_socket,address=127.0.0.1:65342,suspend=y,server=n -Djava.library.path=lib/native/ -Dfile.encoding=UTF-8 
java_command: main.Main
java_class_path (initial): C:\Program Files\Java\jdk1.8.0_65\jre\lib\charsets.jar;C:\Program Files\Java\jdk1.8.0_65\jre\lib\deploy.jar;C:\Program Files\Java\jdk1.8.0_65\jre\lib\ext\access-bridge-64.jar;C:\Program Files\Java\jdk1.8.0_65\jre\lib\ext\cldrdata.jar;C:\Program Files\Java\jdk1.8.0_65\jre\lib\ext\dnsns.jar;C:\Program Files\Java\jdk1.8.0_65\jre\lib\ext\jaccess.jar;C:\Program Files\Java\jdk1.8.0_65\jre\lib\ext\jfxrt.jar;C:\Program Files\Java\jdk1.8.0_65\jre\lib\ext\localedata.jar;C:\Program Files\Java\jdk1.8.0_65\jre\lib\ext\nashorn.jar;C:\Program Files\Java\jdk1.8.0_65\jre\lib\ext\sunec.jar;C:\Program Files\Java\jdk1.8.0_65\jre\lib\ext\sunjce_provider.jar;C:\Program Files\Java\jdk1.8.0_65\jre\lib\ext\sunmscapi.jar;C:\Program Files\Java\jdk1.8.0_65\jre\lib\ext\sunpkcs11.jar;C:\Program Files\Java\jdk1.8.0_65\jre\lib\ext\zipfs.jar;C:\Program Files\Java\jdk1.8.0_65\jre\lib\javaws.jar;C:\Program Files\Java\jdk1.8.0_65\jre\lib\jce.jar;C:\Program Files\Java\jdk1.8.0_65\jre\lib\jfr.jar;C:\Program Files\Java\jdk1.8.0_65\jre\lib\jfxswt.jar;C:\Program Files\Java\jdk1.8.0_65\jre\lib\jsse.jar;C:\Program Files\Java\jdk1.8.0_65\jre\lib\management-agent.jar;C:\Program Files\Java\jdk1.8.0_65\jre\lib\plugin.jar;C:\Program Files\Java\jdk1.8.0_65\jre\lib\resources.jar;C:\Program Files\Java\jdk1.8.0_65\jre\lib\rt.jar;D:\Code\Java\Projects\WireEngine20\out\production\WireEngine20;D:\Code\Java\Projects\WireEngine20\lib\jar\lwjgl.jar;D:\Code\Java\Projects\WireEngine20\lib\jar\slick-util.jar;D:\Program Files (x86)\JetBrains\IntelliJ IDEA 2016.1\lib\idea_rt.jar
Launcher Type: SUN_STANDARD

Environment Variables:
JAVA_HOME=C:\Program Files\Java\jdk1.8.0_65
PATH=C:\ProgramData\Oracle\Java\javapath;C:\Program Files (x86)\Razer Chroma SDK\bin;C:\Program Files\Razer Chroma SDK\bin;C:\Program Files (x86)\NVIDIA Corporation\PhysX\Common;C:\Program Files (x86)\Intel\iCLS Client\;C:\Program Files\Intel\iCLS Client\;C:\Windows\system32;C:\Windows;C:\Windows\System32\Wbem;C:\Windows\System32\WindowsPowerShell\v1.0\;C:\Program Files\Intel\Intel(R) Management Engine Components\DAL;C:\Program Files (x86)\Intel\Intel(R) Management Engine Components\DAL;C:\Program Files\Intel\Intel(R) Management Engine Components\IPT;C:\Program Files (x86)\Intel\Intel(R) Management Engine Components\IPT;C:\Program Files\Java\jre1.8.0_65\bin;C:\MinGW\bin;C:\WINDOWS\system32;C:\WINDOWS;C:\WINDOWS\System32\Wbem;C:\WINDOWS\System32\WindowsPowerShell\v1.0\;D:\Program Files (x86)\CMake\bin;D:\Program Files\Programs\Python\Python35-32;D:\Program Files\Programs\Python\Python35-32\Scripts;C:\Program Files (x86)\Skype\Phone\;D:\Program Files\Programs\Python\Python35-32\Scripts\;D:\Program Files\Programs\Python\Python35-32\
USERNAME=Kelan
OS=Windows_NT
PROCESSOR_IDENTIFIER=Intel64 Family 6 Model 60 Stepping 3, GenuineIntel



---------------  S Y S T E M  ---------------

OS: Windows 10.0 , 64 bit Build 10586 (10.0.10586.0)

CPU:total 8 (4 cores per cpu, 2 threads per core) family 6 model 60 stepping 3, cmov, cx8, fxsr, mmx, sse, sse2, sse3, ssse3, sse4.1, sse4.2, popcnt, avx, avx2, aes, clmul, erms, lzcnt, ht, tsc, tscinvbit, bmi1, bmi2

Memory: 4k page, physical 16609500k(8910384k free), swap 33386716k(22651560k free)

vm_info: Java HotSpot(TM) 64-Bit Server VM (25.65-b01) for windows-amd64 JRE (1.8.0_65-b17), built on Oct  6 2015 16:39:20 by "java_re" with MS VC++ 10.0 (VS2010)

time: Fri Apr 15 22:37:12 2016
elapsed time: 1 seconds (0d 0h 0m 1s)

