#
# A fatal error has been detected by the Java Runtime Environment:
#
#  EXCEPTION_ACCESS_VIOLATION (0xc0000005) at pc=0x00007ffd11dd24b9, pid=912, tid=13972
#
# JRE version: Java(TM) SE Runtime Environment (8.0_65-b17) (build 1.8.0_65-b17)
# Java VM: Java HotSpot(TM) 64-Bit Server VM (25.65-b01 mixed mode windows-amd64 compressed oops)
# Problematic frame:
# C  [glfw.dll+0x24b9]
#
# Failed to write core dump. Minidumps are not enabled by default on client versions of Windows
#
# If you would like to submit a bug report, please visit:
#   http://bugreport.java.com/bugreport/crash.jsp
# The crash happened outside the Java Virtual Machine in native code.
# See problematic frame for where to report the bug.
#

---------------  T H R E A D  ---------------

Current thread (0x000000001e1ca000):  JavaThread "CLIENT" [_thread_in_native, id=13972, stack(0x000000001eef0000,0x000000001eff0000)]

siginfo: ExceptionCode=0xc0000005, reading address 0x0000000000000000

Registers:
RAX=0x0000000000000000, RBX=0x000000001b9af240, RCX=0x0000000000000000, RDX=0x0000000000000000
RSP=0x000000001efef0b0, RBP=0x000000001efef168, RSI=0x0000000000000108, RDI=0x000000000043c680
R8 =0x000000001efef0a8, R9 =0x000000001efef168, R10=0x0000000000000000, R11=0x0000000000000246
R12=0x0000000000000000, R13=0x000000001b9af240, R14=0x000000001efef1a0, R15=0x000000001e1ca000
RIP=0x00007ffd11dd24b9, EFLAGS=0x0000000000010283

Top of Stack: (sp=0x000000001efef0b0)
0x000000001efef0b0:   000000001e1ca000 000000001e1ca000
0x000000001efef0c0:   000000001e1ca000 000000001e1ca000
0x000000001efef0d0:   0000000000000650 00000000025adfcc
0x000000001efef0e0:   000000001b9af240 000000005a975005
0x000000001efef0f0:   000000000000064f 00000000025ae86b
0x000000001efef100:   000000000000000e 000000001e1ca000
0x000000001efef110:   000000001b9cb9c8 000000005a88aea4
0x000000001efef120:   00000000025ae825 000000001efef128
0x000000001efef130:   0000000000000000 000000001efef1a0
0x000000001efef140:   000000001b9af9e0 0000000000000000
0x000000001efef150:   000000001b9af240 0000000000000000
0x000000001efef160:   000000001efef188 000000001efef1e8
0x000000001efef170:   0000000002597d8d 00000006c28063a8
0x000000001efef180:   00000000025a42f8 000000000043c680
0x000000001efef190:   00000000025978a0 00007ffd11dd2420
0x000000001efef1a0:   0000000000000001 000000001efef1a8 

Instructions: (pc=0x00007ffd11dd24b9)
0x00007ffd11dd2499:   48 8b cf e8 1f 3a 00 00 48 39 3d f0 d5 02 00 48
0x00007ffd11dd24a9:   8d 0d e9 d5 02 00 48 8b 5c 24 30 74 08 48 8b 09
0x00007ffd11dd24b9:   48 39 39 75 f8 48 8b 07 48 89 01 48 8b cf 48 83
0x00007ffd11dd24c9:   c4 20 5f e9 5b fe 00 00 48 83 c4 20 5f c3 cc cc 


Register to memory mapping:

RAX=0x0000000000000000 is an unknown value
RBX={method} {0x000000001b9af248} 'invokePV' '(JJ)V' in 'org/lwjgl/system/JNI'
RCX=0x0000000000000000 is an unknown value
RDX=0x0000000000000000 is an unknown value
RSP=0x000000001efef0b0 is pointing into the stack for thread: 0x000000001e1ca000
RBP=0x000000001efef168 is pointing into the stack for thread: 0x000000001e1ca000
RSI=0x0000000000000108 is an unknown value
RDI=0x000000000043c680 is an unknown value
R8 =0x000000001efef0a8 is pointing into the stack for thread: 0x000000001e1ca000
R9 =0x000000001efef168 is pointing into the stack for thread: 0x000000001e1ca000
R10=0x0000000000000000 is an unknown value
R11=0x0000000000000246 is an unknown value
R12=0x0000000000000000 is an unknown value
R13={method} {0x000000001b9af248} 'invokePV' '(JJ)V' in 'org/lwjgl/system/JNI'
R14=0x000000001efef1a0 is pointing into the stack for thread: 0x000000001e1ca000
R15=0x000000001e1ca000 is a thread


Stack: [0x000000001eef0000,0x000000001eff0000],  sp=0x000000001efef0b0,  free space=1020k
Native frames: (J=compiled Java code, j=interpreted, Vv=VM code, C=native code)
C  [glfw.dll+0x24b9]
C  0x00000000025adfcc

Java frames: (J=compiled Java code, j=interpreted, Vv=VM code)
j  org.lwjgl.system.JNI.invokePV(JJ)V+0
j  org.lwjgl.glfw.GLFW.glfwDestroyCursor(J)V+20
j  main.client.Window.destroyWindow()V+9
j  main.coreEngine.Engine.stop()V+70
j  main.client.Window.update()V+33
j  main.client.renderEngine.RenderEngine.render()V+38
j  main.client.ClientThread.tick()V+12
j  main.coreEngine.TickableThread.run()V+469
v  ~StubRoutines::call_stub

---------------  P R O C E S S  ---------------

Java Threads: ( => current thread )
  0x000000001e1cc000 JavaThread "SERVER" [_thread_in_Java, id=10864, stack(0x000000001eff0000,0x000000001f0f0000)]
=>0x000000001e1ca000 JavaThread "CLIENT" [_thread_in_native, id=13972, stack(0x000000001eef0000,0x000000001eff0000)]
  0x000000001e0e7000 JavaThread "Service Thread" daemon [_thread_blocked, id=3848, stack(0x000000001ecf0000,0x000000001edf0000)]
  0x000000001e051800 JavaThread "C1 CompilerThread3" daemon [_thread_blocked, id=11556, stack(0x000000001ebf0000,0x000000001ecf0000)]
  0x000000001e043000 JavaThread "C2 CompilerThread2" daemon [_thread_blocked, id=7388, stack(0x000000001eaf0000,0x000000001ebf0000)]
  0x000000001e042800 JavaThread "C2 CompilerThread1" daemon [_thread_blocked, id=13772, stack(0x000000001e9f0000,0x000000001eaf0000)]
  0x000000001e04c800 JavaThread "C2 CompilerThread0" daemon [_thread_blocked, id=13432, stack(0x000000001e8f0000,0x000000001e9f0000)]
  0x000000001e032000 JavaThread "JDWP Command Reader" daemon [_thread_in_native, id=6020, stack(0x000000001e7f0000,0x000000001e8f0000)]
  0x000000001e02f800 JavaThread "JDWP Event Helper Thread" daemon [_thread_blocked, id=3876, stack(0x000000001e6f0000,0x000000001e7f0000)]
  0x000000001e021800 JavaThread "JDWP Transport Listener: dt_socket" daemon [_thread_blocked, id=11896, stack(0x000000001e5f0000,0x000000001e6f0000)]
  0x000000001e016800 JavaThread "Attach Listener" daemon [_thread_blocked, id=1196, stack(0x000000001e4f0000,0x000000001e5f0000)]
  0x000000001e015800 JavaThread "Signal Dispatcher" daemon [_thread_blocked, id=13676, stack(0x000000001e3f0000,0x000000001e4f0000)]
  0x000000000258a000 JavaThread "Finalizer" daemon [_thread_blocked, id=13720, stack(0x000000001de10000,0x000000001df10000)]
  0x0000000002583000 JavaThread "Reference Handler" daemon [_thread_blocked, id=13724, stack(0x000000001dd10000,0x000000001de10000)]
  0x0000000000aae000 JavaThread "main" [_thread_in_Java, id=1848, stack(0x0000000002390000,0x0000000002490000)]

Other Threads:
  0x000000001bf29800 VMThread [stack: 0x000000001dc10000,0x000000001dd10000] [id=12612]
  0x000000001e101000 WatcherThread [stack: 0x000000001edf0000,0x000000001eef0000] [id=10332]

VM state:not at safepoint (normal execution)

VM Mutex/Monitor currently owned by a thread: None

Heap:
 PSYoungGen      total 165888K, used 96863K [0x000000076b800000, 0x000000077ad80000, 0x00000007c0000000)
  eden space 165376K, 58% used [0x000000076b800000,0x0000000771677e40,0x0000000775980000)
  from space 512K, 25% used [0x000000077ad00000,0x000000077ad20000,0x000000077ad80000)
  to   space 2048K, 0% used [0x000000077a980000,0x000000077a980000,0x000000077ab80000)
 ParOldGen       total 173568K, used 1392K [0x00000006c2800000, 0x00000006cd180000, 0x000000076b800000)
  object space 173568K, 0% used [0x00000006c2800000,0x00000006c295c220,0x00000006cd180000)
 Metaspace       used 8115K, capacity 8646K, committed 8960K, reserved 1056768K
  class space    used 649K, capacity 690K, committed 768K, reserved 1048576K

Card table byte_map: [0x0000000011950000,0x0000000012140000] byte_map_base: 0x000000000e33c000

Marking Bits: (ParMarkBitMap*) 0x000000005af6a5b0
 Begin Bits: [0x0000000012e90000, 0x0000000016df0000)
 End Bits:   [0x0000000016df0000, 0x000000001ad50000)

Polling page: 0x0000000000a80000

CodeCache: size=245760Kb used=2715Kb max_used=2715Kb free=243044Kb
 bounds [0x0000000002590000, 0x0000000002840000, 0x0000000011590000]
 total_blobs=1204 nmethods=555 adapters=570
 compilation: enabled

Compilation events (10 events):
Event: 2.372 Thread 0x000000001e051800  552       3       java.nio.DirectDoubleBufferU::get (16 bytes)
Event: 2.372 Thread 0x000000001e051800 nmethod 552 0x0000000002837c10 code [0x0000000002837d80, 0x0000000002837ff0]
Event: 2.372 Thread 0x000000001e051800  553       3       java.nio.DirectDoubleBufferU::ix (10 bytes)
Event: 2.372 Thread 0x000000001e051800 nmethod 553 0x0000000002838150 code [0x00000000028382a0, 0x0000000002838410]
Event: 2.454 Thread 0x000000001e051800  554       3       main.client.InputHandler::resetKeyboard (25 bytes)
Event: 2.455 Thread 0x000000001e051800 nmethod 554 0x0000000002838490 code [0x0000000002838600, 0x0000000002838810]
Event: 2.615 Thread 0x000000001e051800  555       1       java.lang.ref.Reference::access$100 (4 bytes)
Event: 2.615 Thread 0x000000001e051800 nmethod 555 0x00000000028388d0 code [0x0000000002838a20, 0x0000000002838b10]
Event: 2.721 Thread 0x000000001e051800  556       3       main.coreEngine.util.maths.Vector3f::<init> (5 bytes)
Event: 2.722 Thread 0x000000001e051800 nmethod 556 0x0000000002838b90 code [0x0000000002838d00, 0x0000000002838f10]

GC Heap History (10 events):
Event: 2.098 GC heap before
{Heap before GC invocations=14 (full 0):
 PSYoungGen      total 200704K, used 198304K [0x000000076b800000, 0x000000077b300000, 0x00000007c0000000)
  eden space 198144K, 100% used [0x000000076b800000,0x0000000777980000,0x0000000777980000)
  from space 2560K, 6% used [0x000000077ae00000,0x000000077ae28000,0x000000077b080000)
  to   space 2560K, 0% used [0x000000077b080000,0x000000077b080000,0x000000077b300000)
 ParOldGen       total 173568K, used 1384K [0x00000006c2800000, 0x00000006cd180000, 0x000000076b800000)
  object space 173568K, 0% used [0x00000006c2800000,0x00000006c295a220,0x00000006cd180000)
 Metaspace       used 8107K, capacity 8646K, committed 8960K, reserved 1056768K
  class space    used 649K, capacity 690K, committed 768K, reserved 1048576K
Event: 2.098 GC heap after
Heap after GC invocations=14 (full 0):
 PSYoungGen      total 191488K, used 160K [0x000000076b800000, 0x000000077b100000, 0x00000007c0000000)
  eden space 190976K, 0% used [0x000000076b800000,0x000000076b800000,0x0000000777280000)
  from space 512K, 31% used [0x000000077b080000,0x000000077b0a8000,0x000000077b100000)
  to   space 2560K, 0% used [0x000000077ac00000,0x000000077ac00000,0x000000077ae80000)
 ParOldGen       total 173568K, used 1392K [0x00000006c2800000, 0x00000006cd180000, 0x000000076b800000)
  object space 173568K, 0% used [0x00000006c2800000,0x00000006c295c220,0x00000006cd180000)
 Metaspace       used 8107K, capacity 8646K, committed 8960K, reserved 1056768K
  class space    used 649K, capacity 690K, committed 768K, reserved 1048576K
}
Event: 2.249 GC heap before
{Heap before GC invocations=15 (full 0):
 PSYoungGen      total 191488K, used 191136K [0x000000076b800000, 0x000000077b100000, 0x00000007c0000000)
  eden space 190976K, 100% used [0x000000076b800000,0x0000000777280000,0x0000000777280000)
  from space 512K, 31% used [0x000000077b080000,0x000000077b0a8000,0x000000077b100000)
  to   space 2560K, 0% used [0x000000077ac00000,0x000000077ac00000,0x000000077ae80000)
 ParOldGen       total 173568K, used 1392K [0x00000006c2800000, 0x00000006cd180000, 0x000000076b800000)
  object space 173568K, 0% used [0x00000006c2800000,0x00000006c295c220,0x00000006cd180000)
 Metaspace       used 8112K, capacity 8646K, committed 8960K, reserved 1056768K
  class space    used 649K, capacity 690K, committed 768K, reserved 1048576K
Event: 2.250 GC heap after
Heap after GC invocations=15 (full 0):
 PSYoungGen      total 186880K, used 160K [0x000000076b800000, 0x000000077b100000, 0x00000007c0000000)
  eden space 184320K, 0% used [0x000000076b800000,0x000000076b800000,0x0000000776c00000)
  from space 2560K, 6% used [0x000000077ac00000,0x000000077ac28000,0x000000077ae80000)
  to   space 2560K, 0% used [0x000000077ae80000,0x000000077ae80000,0x000000077b100000)
 ParOldGen       total 173568K, used 1392K [0x00000006c2800000, 0x00000006cd180000, 0x000000076b800000)
  object space 173568K, 0% used [0x00000006c2800000,0x00000006c295c220,0x00000006cd180000)
 Metaspace       used 8112K, capacity 8646K, committed 8960K, reserved 1056768K
  class space    used 649K, capacity 690K, committed 768K, reserved 1048576K
}
Event: 2.419 GC heap before
{Heap before GC invocations=16 (full 0):
 PSYoungGen      total 186880K, used 184480K [0x000000076b800000, 0x000000077b100000, 0x00000007c0000000)
  eden space 184320K, 100% used [0x000000076b800000,0x0000000776c00000,0x0000000776c00000)
  from space 2560K, 6% used [0x000000077ac00000,0x000000077ac28000,0x000000077ae80000)
  to   space 2560K, 0% used [0x000000077ae80000,0x000000077ae80000,0x000000077b100000)
 ParOldGen       total 173568K, used 1392K [0x00000006c2800000, 0x00000006cd180000, 0x000000076b800000)
  object space 173568K, 0% used [0x00000006c2800000,0x00000006c295c220,0x00000006cd180000)
 Metaspace       used 8114K, capacity 8646K, committed 8960K, reserved 1056768K
  class space    used 649K, capacity 690K, committed 768K, reserved 1048576K
Event: 2.420 GC heap after
Heap after GC invocations=16 (full 0):
 PSYoungGen      total 178176K, used 192K [0x000000076b800000, 0x000000077af00000, 0x00000007c0000000)
  eden space 177664K, 0% used [0x000000076b800000,0x000000076b800000,0x0000000776580000)
  from space 512K, 37% used [0x000000077ae80000,0x000000077aeb0000,0x000000077af00000)
  to   space 2560K, 0% used [0x000000077aa00000,0x000000077aa00000,0x000000077ac80000)
 ParOldGen       total 173568K, used 1392K [0x00000006c2800000, 0x00000006cd180000, 0x000000076b800000)
  object space 173568K, 0% used [0x00000006c2800000,0x00000006c295c220,0x00000006cd180000)
 Metaspace       used 8114K, capacity 8646K, committed 8960K, reserved 1056768K
  class space    used 649K, capacity 690K, committed 768K, reserved 1048576K
}
Event: 2.614 GC heap before
{Heap before GC invocations=17 (full 0):
 PSYoungGen      total 178176K, used 177856K [0x000000076b800000, 0x000000077af00000, 0x00000007c0000000)
  eden space 177664K, 100% used [0x000000076b800000,0x0000000776580000,0x0000000776580000)
  from space 512K, 37% used [0x000000077ae80000,0x000000077aeb0000,0x000000077af00000)
  to   space 2560K, 0% used [0x000000077aa00000,0x000000077aa00000,0x000000077ac80000)
 ParOldGen       total 173568K, used 1392K [0x00000006c2800000, 0x00000006cd180000, 0x000000076b800000)
  object space 173568K, 0% used [0x00000006c2800000,0x00000006c295c220,0x00000006cd180000)
 Metaspace       used 8115K, capacity 8646K, committed 8960K, reserved 1056768K
  class space    used 649K, capacity 690K, committed 768K, reserved 1048576K
Event: 2.615 GC heap after
Heap after GC invocations=17 (full 0):
 PSYoungGen      total 174080K, used 224K [0x000000076b800000, 0x000000077af00000, 0x00000007c0000000)
  eden space 171520K, 0% used [0x000000076b800000,0x000000076b800000,0x0000000775f80000)
  from space 2560K, 8% used [0x000000077aa00000,0x000000077aa38000,0x000000077ac80000)
  to   space 2048K, 0% used [0x000000077ad00000,0x000000077ad00000,0x000000077af00000)
 ParOldGen       total 173568K, used 1392K [0x00000006c2800000, 0x00000006cd180000, 0x000000076b800000)
  object space 173568K, 0% used [0x00000006c2800000,0x00000006c295c220,0x00000006cd180000)
 Metaspace       used 8115K, capacity 8646K, committed 8960K, reserved 1056768K
  class space    used 649K, capacity 690K, committed 768K, reserved 1048576K
}
Event: 2.768 GC heap before
{Heap before GC invocations=18 (full 0):
 PSYoungGen      total 174080K, used 171744K [0x000000076b800000, 0x000000077af00000, 0x00000007c0000000)
  eden space 171520K, 100% used [0x000000076b800000,0x0000000775f80000,0x0000000775f80000)
  from space 2560K, 8% used [0x000000077aa00000,0x000000077aa38000,0x000000077ac80000)
  to   space 2048K, 0% used [0x000000077ad00000,0x000000077ad00000,0x000000077af00000)
 ParOldGen       total 173568K, used 1392K [0x00000006c2800000, 0x00000006cd180000, 0x000000076b800000)
  object space 173568K, 0% used [0x00000006c2800000,0x00000006c295c220,0x00000006cd180000)
 Metaspace       used 8115K, capacity 8646K, committed 8960K, reserved 1056768K
  class space    used 649K, capacity 690K, committed 768K, reserved 1048576K
Event: 2.769 GC heap after
Heap after GC invocations=18 (full 0):
 PSYoungGen      total 165888K, used 128K [0x000000076b800000, 0x000000077ad80000, 0x00000007c0000000)
  eden space 165376K, 0% used [0x000000076b800000,0x000000076b800000,0x0000000775980000)
  from space 512K, 25% used [0x000000077ad00000,0x000000077ad20000,0x000000077ad80000)
  to   space 2048K, 0% used [0x000000077a980000,0x000000077a980000,0x000000077ab80000)
 ParOldGen       total 173568K, used 1392K [0x00000006c2800000, 0x00000006cd180000, 0x000000076b800000)
  object space 173568K, 0% used [0x00000006c2800000,0x00000006c295c220,0x00000006cd180000)
 Metaspace       used 8115K, capacity 8646K, committed 8960K, reserved 1056768K
  class space    used 649K, capacity 690K, committed 768K, reserved 1048576K
}

Deoptimization events (10 events):
Event: 0.380 Thread 0x000000001e1ca000 Uncommon trap: reason=unstable_if action=reinterpret pc=0x00000000026dc300 method=java.util.HashMap.containsKey(Ljava/lang/Object;)Z @ 9
Event: 0.380 Thread 0x000000001e1ca000 Uncommon trap: reason=bimorphic action=maybe_recompile pc=0x00000000026d9578 method=java.util.HashMap.getNode(ILjava/lang/Object;)Ljava/util/HashMap$Node; @ 126
Event: 0.381 Thread 0x000000001e1ca000 Uncommon trap: reason=bimorphic action=maybe_recompile pc=0x00000000026d9578 method=java.util.HashMap.getNode(ILjava/lang/Object;)Ljava/util/HashMap$Node; @ 126
Event: 0.387 Thread 0x000000001e1ca000 Uncommon trap: reason=unstable_if action=reinterpret pc=0x00000000026cf558 method=java.util.HashMap.keySet()Ljava/util/Set; @ 6
Event: 0.731 Thread 0x000000001e1ca000 Uncommon trap: reason=unstable_if action=reinterpret pc=0x00000000026d2fc4 method=java.util.HashMap.clear()V @ 16
Event: 0.731 Thread 0x000000001e1ca000 Uncommon trap: reason=unstable_if action=reinterpret pc=0x00000000026cfe58 method=java.util.HashMap.clear()V @ 16
Event: 0.731 Thread 0x0000000000aae000 Uncommon trap: reason=unstable_if action=reinterpret pc=0x00000000026f082c method=main.coreEngine.TickableThread.invoke(Ljava/lang/String;[Ljava/lang/Object;)V @ 53
Event: 0.731 Thread 0x000000001e1cc000 Uncommon trap: reason=unstable_if action=reinterpret pc=0x0000000002732434 method=main.coreEngine.TickableThread.run()V @ 58
Event: 0.778 Thread 0x0000000000aae000 Uncommon trap: reason=unstable_if action=reinterpret pc=0x00000000027ec6bc method=main.coreEngine.Engine.start()V @ 163
Event: 0.828 Thread 0x000000001e1cc000 Uncommon trap: reason=unstable_if action=reinterpret pc=0x0000000002800f2c method=main.coreEngine.TickableThread.run()V @ 461

Internal exceptions (8 events):
Event: 0.022 Thread 0x0000000000aae000 Exception <a 'java/lang/NoSuchMethodError': Method sun.misc.Unsafe.defineClass(Ljava/lang/String;[BII)Ljava/lang/Class; name or signature does not match> (0x000000076b80da30) thrown at [C:\workspace\8-2-build-windows-amd64-cygwin\jdk8u65\4987\hotspot\src\s¶c+s¢–?
Event: 0.022 Thread 0x0000000000aae000 Exception <a 'java/lang/NoSuchMethodError': Method sun.misc.Unsafe.prefetchRead(Ljava/lang/Object;J)V name or signature does not match> (0x000000076b80dd18) thrown at [C:\workspace\8-2-build-windows-amd64-cygwin\jdk8u65\4987\hotspot\src\share\vm\prims\jni.ÂN„
öPØ?
Event: 0.380 Thread 0x000000001e1ca000 Implicit null exception at 0x00000000026dbf8f to 0x00000000026dc2f1
Event: 0.381 Thread 0x000000001e1ca000 Exception <a 'java/security/PrivilegedActionException'> (0x000000076d5ff880) thrown at [C:\workspace\8-2-build-windows-amd64-cygwin\jdk8u65\4987\hotspot\src\share\vm\prims\jvm.cpp, line 1386]
Event: 0.381 Thread 0x000000001e1ca000 Exception <a 'java/security/PrivilegedActionException'> (0x000000076d5ffc78) thrown at [C:\workspace\8-2-build-windows-amd64-cygwin\jdk8u65\4987\hotspot\src\share\vm\prims\jvm.cpp, line 1386]
Event: 0.381 Thread 0x000000001e1ca000 Exception <a 'java/security/PrivilegedActionException'> (0x000000076d603e90) thrown at [C:\workspace\8-2-build-windows-amd64-cygwin\jdk8u65\4987\hotspot\src\share\vm\prims\jvm.cpp, line 1386]
Event: 0.381 Thread 0x000000001e1ca000 Exception <a 'java/security/PrivilegedActionException'> (0x000000076d604288) thrown at [C:\workspace\8-2-build-windows-amd64-cygwin\jdk8u65\4987\hotspot\src\share\vm\prims\jvm.cpp, line 1386]
Event: 0.731 Thread 0x0000000000aae000 Implicit null exception at 0x00000000026f0244 to 0x00000000026f0805

Events (10 events):
Event: 2.098 Executing VM operation: ParallelGCFailedAllocation
Event: 2.098 Executing VM operation: ParallelGCFailedAllocation done
Event: 2.249 Executing VM operation: ParallelGCFailedAllocation
Event: 2.250 Executing VM operation: ParallelGCFailedAllocation done
Event: 2.419 Executing VM operation: ParallelGCFailedAllocation
Event: 2.420 Executing VM operation: ParallelGCFailedAllocation done
Event: 2.614 Executing VM operation: ParallelGCFailedAllocation
Event: 2.615 Executing VM operation: ParallelGCFailedAllocation done
Event: 2.768 Executing VM operation: ParallelGCFailedAllocation
Event: 2.769 Executing VM operation: ParallelGCFailedAllocation done


Dynamic libraries:
0x00007ff75d350000 - 0x00007ff75d387000 	C:\Program Files\Java\jdk1.8.0_65\bin\java.exe
0x00007ffd2b8f0000 - 0x00007ffd2bab1000 	C:\WINDOWS\SYSTEM32\ntdll.dll
0x00007ffd29160000 - 0x00007ffd2920d000 	C:\WINDOWS\system32\KERNEL32.DLL
0x00007ffd28890000 - 0x00007ffd28a78000 	C:\WINDOWS\system32\KERNELBASE.dll
0x00007ffd296a0000 - 0x00007ffd29747000 	C:\WINDOWS\system32\ADVAPI32.dll
0x00007ffd29430000 - 0x00007ffd294cd000 	C:\WINDOWS\system32\msvcrt.dll
0x00007ffd29510000 - 0x00007ffd2956b000 	C:\WINDOWS\system32\sechost.dll
0x00007ffd29580000 - 0x00007ffd2969c000 	C:\WINDOWS\system32\RPCRT4.dll
0x00007ffd28e50000 - 0x00007ffd28fa6000 	C:\WINDOWS\system32\USER32.dll
0x00007ffd299d0000 - 0x00007ffd29b56000 	C:\WINDOWS\system32\GDI32.dll
0x00007ffd24690000 - 0x00007ffd24904000 	C:\WINDOWS\WinSxS\amd64_microsoft.windows.common-controls_6595b64144ccf1df_6.0.10586.0_none_8c15ae12515e1c22\COMCTL32.dll
0x00007ffd29750000 - 0x00007ffd299cd000 	C:\WINDOWS\system32\combase.dll
0x00007ffd27f80000 - 0x00007ffd27fea000 	C:\WINDOWS\system32\bcryptPrimitives.dll
0x00007ffd294d0000 - 0x00007ffd2950b000 	C:\WINDOWS\system32\IMM32.DLL
0x000000005b5d0000 - 0x000000005b6a2000 	C:\Program Files\Java\jdk1.8.0_65\jre\bin\msvcr100.dll
0x000000005a760000 - 0x000000005afe9000 	C:\Program Files\Java\jdk1.8.0_65\jre\bin\server\jvm.dll
0x00007ffd29b60000 - 0x00007ffd29b68000 	C:\WINDOWS\system32\PSAPI.DLL
0x00007ffd249f0000 - 0x00007ffd249fa000 	C:\WINDOWS\SYSTEM32\VERSION.dll
0x00007ffd1e6b0000 - 0x00007ffd1e6b9000 	C:\WINDOWS\SYSTEM32\WSOCK32.dll
0x00007ffd26170000 - 0x00007ffd26193000 	C:\WINDOWS\SYSTEM32\WINMM.dll
0x00007ffd29cd0000 - 0x00007ffd29d3b000 	C:\WINDOWS\system32\WS2_32.dll
0x0000000000bb0000 - 0x0000000000bdc000 	C:\WINDOWS\SYSTEM32\WINMMBASE.dll
0x00007ffd28a80000 - 0x00007ffd28ac3000 	C:\WINDOWS\system32\cfgmgr32.dll
0x000000005b5c0000 - 0x000000005b5cf000 	C:\Program Files\Java\jdk1.8.0_65\jre\bin\verify.dll
0x000000005b590000 - 0x000000005b5b9000 	C:\Program Files\Java\jdk1.8.0_65\jre\bin\java.dll
0x000000005b550000 - 0x000000005b585000 	C:\Program Files\Java\jdk1.8.0_65\jre\bin\jdwp.dll
0x000000005b540000 - 0x000000005b548000 	C:\Program Files\Java\jdk1.8.0_65\jre\bin\npt.dll
0x000000005b520000 - 0x000000005b536000 	C:\Program Files\Java\jdk1.8.0_65\jre\bin\zip.dll
0x00007ffd2a2c0000 - 0x00007ffd2b81c000 	C:\WINDOWS\system32\SHELL32.dll
0x00007ffd28070000 - 0x00007ffd286b5000 	C:\WINDOWS\system32\windows.storage.dll
0x00007ffd2a250000 - 0x00007ffd2a2a2000 	C:\WINDOWS\system32\shlwapi.dll
0x00007ffd27f70000 - 0x00007ffd27f7f000 	C:\WINDOWS\system32\kernel.appcore.dll
0x00007ffd28c10000 - 0x00007ffd28cc5000 	C:\WINDOWS\system32\shcore.dll
0x00007ffd27ef0000 - 0x00007ffd27f3b000 	C:\WINDOWS\system32\powrprof.dll
0x00007ffd27f40000 - 0x00007ffd27f54000 	C:\WINDOWS\system32\profapi.dll
0x000000005b510000 - 0x000000005b519000 	C:\Program Files\Java\jdk1.8.0_65\jre\bin\dt_socket.dll
0x00007ffd27820000 - 0x00007ffd2787c000 	C:\WINDOWS\system32\mswsock.dll
0x00007ffd0dd80000 - 0x00007ffd0de08000 	D:\Code\Java\Projects\WireEngine20\lib\native\lwjgl.dll
0x00007ffd279f0000 - 0x00007ffd279fb000 	C:\WINDOWS\SYSTEM32\CRYPTBASE.DLL
0x00007ffd0e4a0000 - 0x00007ffd0e4e2000 	D:\Code\Java\Projects\WireEngine20\lib\native\jemalloc.dll
0x00007ffd11dd0000 - 0x00007ffd11e08000 	D:\Code\Java\Projects\WireEngine20\lib\native\glfw.dll
0x00007ffd26870000 - 0x00007ffd26906000 	C:\WINDOWS\system32\uxtheme.dll
0x00007ffd25f20000 - 0x00007ffd25f42000 	C:\WINDOWS\SYSTEM32\dwmapi.dll
0x00007ffd18b80000 - 0x00007ffd18ca9000 	C:\WINDOWS\SYSTEM32\opengl32.dll
0x00007ffd18a80000 - 0x00007ffd18b7a000 	C:\WINDOWS\SYSTEM32\DDRAW.dll
0x00007ffd1c880000 - 0x00007ffd1c8ae000 	C:\WINDOWS\SYSTEM32\GLU32.dll
0x00007ffd1d2d0000 - 0x00007ffd1d2d8000 	C:\WINDOWS\SYSTEM32\DCIMAN32.dll
0x00007ffd29b70000 - 0x00007ffd29cca000 	C:\WINDOWS\system32\MSCTF.dll
0x00007ffd15240000 - 0x00007ffd15289000 	C:\Program Files (x86)\TeamViewer\tv_x64.dll
0x00007ffd29210000 - 0x00007ffd29353000 	C:\WINDOWS\system32\ole32.dll
0x0000000058a10000 - 0x000000005a759000 	C:\WINDOWS\SYSTEM32\nvoglv64.DLL
0x00007ffd29d60000 - 0x00007ffd2a189000 	C:\WINDOWS\system32\SETUPAPI.dll
0x00007ffd25f70000 - 0x00007ffd25f83000 	C:\WINDOWS\SYSTEM32\WTSAPI32.dll
0x00007ffd269c0000 - 0x00007ffd269e7000 	C:\WINDOWS\SYSTEM32\DEVOBJ.dll
0x00007ffd27ff0000 - 0x00007ffd28045000 	C:\WINDOWS\system32\WINTRUST.dll
0x00007ffd27f60000 - 0x00007ffd27f70000 	C:\WINDOWS\system32\MSASN1.dll
0x00007ffd286c0000 - 0x00007ffd28887000 	C:\WINDOWS\system32\CRYPT32.dll
0x00007ffd27440000 - 0x00007ffd27471000 	C:\WINDOWS\SYSTEM32\ntmarta.dll
0x00007ffd27190000 - 0x00007ffd271e6000 	C:\WINDOWS\SYSTEM32\WINSTA.dll
0x00007ffd2b840000 - 0x00007ffd2b8e7000 	C:\WINDOWS\system32\clbcatq.dll
0x00007ffd231a0000 - 0x00007ffd231c5000 	C:\Program Files (x86)\Samsung\Easy Printer Manager\SmartScreenPrint\CDAKEYMonitor64.dll
0x00007ffd29360000 - 0x00007ffd29421000 	C:\WINDOWS\system32\OLEAUT32.dll
0x00007ffd238a0000 - 0x00007ffd23a2c000 	C:\WINDOWS\SYSTEM32\dbghelp.dll

VM Arguments:
jvm_args: -agentlib:jdwp=transport=dt_socket,address=127.0.0.1:64827,suspend=y,server=n -Djava.library.path=lib/native/ -Dfile.encoding=UTF-8 
java_command: main.Main
java_class_path (initial): C:\Program Files\Java\jdk1.8.0_65\jre\lib\charsets.jar;C:\Program Files\Java\jdk1.8.0_65\jre\lib\deploy.jar;C:\Program Files\Java\jdk1.8.0_65\jre\lib\ext\access-bridge-64.jar;C:\Program Files\Java\jdk1.8.0_65\jre\lib\ext\cldrdata.jar;C:\Program Files\Java\jdk1.8.0_65\jre\lib\ext\dnsns.jar;C:\Program Files\Java\jdk1.8.0_65\jre\lib\ext\jaccess.jar;C:\Program Files\Java\jdk1.8.0_65\jre\lib\ext\jfxrt.jar;C:\Program Files\Java\jdk1.8.0_65\jre\lib\ext\localedata.jar;C:\Program Files\Java\jdk1.8.0_65\jre\lib\ext\nashorn.jar;C:\Program Files\Java\jdk1.8.0_65\jre\lib\ext\sunec.jar;C:\Program Files\Java\jdk1.8.0_65\jre\lib\ext\sunjce_provider.jar;C:\Program Files\Java\jdk1.8.0_65\jre\lib\ext\sunmscapi.jar;C:\Program Files\Java\jdk1.8.0_65\jre\lib\ext\sunpkcs11.jar;C:\Program Files\Java\jdk1.8.0_65\jre\lib\ext\zipfs.jar;C:\Program Files\Java\jdk1.8.0_65\jre\lib\javaws.jar;C:\Program Files\Java\jdk1.8.0_65\jre\lib\jce.jar;C:\Program Files\Java\jdk1.8.0_65\jre\lib\jfr.jar;C:\Program Files\Java\jdk1.8.0_65\jre\lib\jfxswt.jar;C:\Program Files\Java\jdk1.8.0_65\jre\lib\jsse.jar;C:\Program Files\Java\jdk1.8.0_65\jre\lib\management-agent.jar;C:\Program Files\Java\jdk1.8.0_65\jre\lib\plugin.jar;C:\Program Files\Java\jdk1.8.0_65\jre\lib\resources.jar;C:\Program Files\Java\jdk1.8.0_65\jre\lib\rt.jar;D:\Code\Java\Projects\WireEngine20\out\production\WireEngine20;D:\Code\Java\Projects\WireEngine20\lib\jar\lwjgl.jar;D:\Code\Java\Projects\WireEngine20\lib\jar\slick-util.jar;D:\Program Files (x86)\JetBrains\IntelliJ IDEA 2016.1\lib\idea_rt.jar
Launcher Type: SUN_STANDARD

Environment Variables:
JAVA_HOME=C:\Program Files\Java\jdk1.8.0_65
PATH=C:\ProgramData\Oracle\Java\javapath;C:\Program Files (x86)\Razer Chroma SDK\bin;C:\Program Files\Razer Chroma SDK\bin;C:\Program Files (x86)\NVIDIA Corporation\PhysX\Common;C:\Program Files (x86)\Intel\iCLS Client\;C:\Program Files\Intel\iCLS Client\;C:\Windows\system32;C:\Windows;C:\Windows\System32\Wbem;C:\Windows\System32\WindowsPowerShell\v1.0\;C:\Program Files\Intel\Intel(R) Management Engine Components\DAL;C:\Program Files (x86)\Intel\Intel(R) Management Engine Components\DAL;C:\Program Files\Intel\Intel(R) Management Engine Components\IPT;C:\Program Files (x86)\Intel\Intel(R) Management Engine Components\IPT;C:\Program Files\Java\jre1.8.0_65\bin;C:\MinGW\bin;C:\WINDOWS\system32;C:\WINDOWS;C:\WINDOWS\System32\Wbem;C:\WINDOWS\System32\WindowsPowerShell\v1.0\;D:\Program Files (x86)\CMake\bin;D:\Program Files\Programs\Python\Python35-32;D:\Program Files\Programs\Python\Python35-32\Scripts;C:\Program Files (x86)\Skype\Phone\;D:\Program Files\Programs\Python\Python35-32\Scripts\;D:\Program Files\Programs\Python\Python35-32\
USERNAME=Kelan
OS=Windows_NT
PROCESSOR_IDENTIFIER=Intel64 Family 6 Model 60 Stepping 3, GenuineIntel



---------------  S Y S T E M  ---------------

OS: Windows 10.0 , 64 bit Build 10586 (10.0.10586.0)

CPU:total 8 (4 cores per cpu, 2 threads per core) family 6 model 60 stepping 3, cmov, cx8, fxsr, mmx, sse, sse2, sse3, ssse3, sse4.1, sse4.2, popcnt, avx, avx2, aes, clmul, erms, lzcnt, ht, tsc, tscinvbit, bmi1, bmi2

Memory: 4k page, physical 16609500k(8992160k free), swap 33386716k(22707152k free)

vm_info: Java HotSpot(TM) 64-Bit Server VM (25.65-b01) for windows-amd64 JRE (1.8.0_65-b17), built on Oct  6 2015 16:39:20 by "java_re" with MS VC++ 10.0 (VS2010)

time: Fri Apr 15 22:16:09 2016
elapsed time: 2 seconds (0d 0h 0m 2s)

