#
# A fatal error has been detected by the Java Runtime Environment:
#
#  EXCEPTION_ACCESS_VIOLATION (0xc0000005) at pc=0x00007ffdd3df24b9, pid=10136, tid=14304
#
# JRE version: Java(TM) SE Runtime Environment (8.0_65-b17) (build 1.8.0_65-b17)
# Java VM: Java HotSpot(TM) 64-Bit Server VM (25.65-b01 mixed mode windows-amd64 compressed oops)
# Problematic frame:
# C  [glfw.dll+0x24b9]
#
# Failed to write core dump. Minidumps are not enabled by default on client versions of Windows
#
# If you would like to submit a bug report, please visit:
#   http://bugreport.java.com/bugreport/crash.jsp
# The crash happened outside the Java Virtual Machine in native code.
# See problematic frame for where to report the bug.
#

---------------  T H R E A D  ---------------

Current thread (0x000000001e219800):  JavaThread "CLIENT" [_thread_in_native, id=14304, stack(0x000000001ef10000,0x000000001f010000)]

siginfo: ExceptionCode=0xc0000005, reading address 0x0000000000000000

Registers:
RAX=0x0000000000000000, RBX=0x000000001b9c6d70, RCX=0x0000000000000000, RDX=0x0000000000000000
RSP=0x000000001f00ecb0, RBP=0x000000001f00ed60, RSI=0x0000000000000108, RDI=0x000000000053ed30
R8 =0x000000001f00eca8, R9 =0x000000001f00ed60, R10=0x0000000000000000, R11=0x0000000000000246
R12=0x0000000000000000, R13=0x000000001b9c6d70, R14=0x000000001f00ed98, R15=0x000000001e219800
RIP=0x00007ffdd3df24b9, EFLAGS=0x0000000000010283

Top of Stack: (sp=0x000000001f00ecb0)
0x000000001f00ecb0:   000000001e219800 000000001e219800
0x000000001f00ecc0:   000000001b9e0ce0 000000007052d610
0x000000001f00ecd0:   00000000000001bd 000000000257dfcc
0x000000001f00ece0:   000000001b9c6d70 000000001bf501f0
0x000000001f00ecf0:   000000000000000e 000000001e219800
0x000000001f00ed00:   000000001b9e0ce0 000000007052aea4
0x000000001f00ed10:   000000001e219800 000000001e219800
0x000000001f00ed20:   000000001f00ed20 0000000000000000
0x000000001f00ed30:   000000001f00ed98 000000001b9c7510
0x000000001f00ed40:   0000000000000000 000000001b9c6d70
0x000000001f00ed50:   0000000000000000 000000001f00ed80
0x000000001f00ed60:   000000001f00ede0 0000000002567d8d
0x000000001f00ed70:   00000006c2808288 00000000025742f8
0x000000001f00ed80:   000000000053ed30 00000000025678a0
0x000000001f00ed90:   00007ffdd3df2420 0000000000000001
0x000000001f00eda0:   000000001f00eda0 000000001b9e0cb4 

Instructions: (pc=0x00007ffdd3df24b9)
0x00007ffdd3df2499:   48 8b cf e8 1f 3a 00 00 48 39 3d f0 d5 02 00 48
0x00007ffdd3df24a9:   8d 0d e9 d5 02 00 48 8b 5c 24 30 74 08 48 8b 09
0x00007ffdd3df24b9:   48 39 39 75 f8 48 8b 07 48 89 01 48 8b cf 48 83
0x00007ffdd3df24c9:   c4 20 5f e9 5b fe 00 00 48 83 c4 20 5f c3 cc cc 


Register to memory mapping:

RAX=0x0000000000000000 is an unknown value
RBX={method} {0x000000001b9c6d78} 'invokePV' '(JJ)V' in 'org/lwjgl/system/JNI'
RCX=0x0000000000000000 is an unknown value
RDX=0x0000000000000000 is an unknown value
RSP=0x000000001f00ecb0 is pointing into the stack for thread: 0x000000001e219800
RBP=0x000000001f00ed60 is pointing into the stack for thread: 0x000000001e219800
RSI=0x0000000000000108 is an unknown value
RDI=0x000000000053ed30 is an unknown value
R8 =0x000000001f00eca8 is pointing into the stack for thread: 0x000000001e219800
R9 =0x000000001f00ed60 is pointing into the stack for thread: 0x000000001e219800
R10=0x0000000000000000 is an unknown value
R11=0x0000000000000246 is an unknown value
R12=0x0000000000000000 is an unknown value
R13={method} {0x000000001b9c6d78} 'invokePV' '(JJ)V' in 'org/lwjgl/system/JNI'
R14=0x000000001f00ed98 is pointing into the stack for thread: 0x000000001e219800
R15=0x000000001e219800 is a thread


Stack: [0x000000001ef10000,0x000000001f010000],  sp=0x000000001f00ecb0,  free space=1019k
Native frames: (J=compiled Java code, j=interpreted, Vv=VM code, C=native code)
C  [glfw.dll+0x24b9]
C  0x000000000257dfcc

Java frames: (J=compiled Java code, j=interpreted, Vv=VM code)
j  org.lwjgl.system.JNI.invokePV(JJ)V+0
j  org.lwjgl.glfw.GLFW.glfwDestroyCursor(J)V+20
j  main.client.Window.destroyWindow()V+9
j  main.coreEngine.Engine.stop()V+70
j  main.client.Window.update()V+43
j  main.client.renderEngine.RenderEngine.render()V+29
j  main.client.ClientThread.tick()V+12
J 429% C1 main.coreEngine.TickableThread.run()V (481 bytes) @ 0x00000000027b81dc [0x00000000027b3900+0x48dc]
v  ~StubRoutines::call_stub

---------------  P R O C E S S  ---------------

Java Threads: ( => current thread )
  0x000000001e21a000 JavaThread "SERVER" [_thread_in_Java, id=13024, stack(0x000000001f010000,0x000000001f110000)]
=>0x000000001e219800 JavaThread "CLIENT" [_thread_in_native, id=14304, stack(0x000000001ef10000,0x000000001f010000)]
  0x000000001e107000 JavaThread "Service Thread" daemon [_thread_blocked, id=2368, stack(0x000000001ed10000,0x000000001ee10000)]
  0x000000001e071800 JavaThread "C1 CompilerThread3" daemon [_thread_blocked, id=6736, stack(0x000000001ec10000,0x000000001ed10000)]
  0x000000001e068800 JavaThread "C2 CompilerThread2" daemon [_thread_blocked, id=13572, stack(0x000000001eb10000,0x000000001ec10000)]
  0x000000001e067800 JavaThread "C2 CompilerThread1" daemon [_thread_blocked, id=7868, stack(0x000000001ea10000,0x000000001eb10000)]
  0x000000001e06c800 JavaThread "C2 CompilerThread0" daemon [_thread_blocked, id=912, stack(0x000000001e910000,0x000000001ea10000)]
  0x000000001e052000 JavaThread "JDWP Command Reader" daemon [_thread_in_native, id=9688, stack(0x000000001e810000,0x000000001e910000)]
  0x000000001e04f000 JavaThread "JDWP Event Helper Thread" daemon [_thread_blocked, id=6076, stack(0x000000001e710000,0x000000001e810000)]
  0x000000001e041800 JavaThread "JDWP Transport Listener: dt_socket" daemon [_thread_blocked, id=3456, stack(0x000000001e610000,0x000000001e710000)]
  0x000000001e037800 JavaThread "Attach Listener" daemon [_thread_blocked, id=6548, stack(0x000000001e510000,0x000000001e610000)]
  0x000000001e036800 JavaThread "Signal Dispatcher" daemon [_thread_blocked, id=14080, stack(0x000000001e410000,0x000000001e510000)]
  0x000000000255a000 JavaThread "Finalizer" daemon [_thread_blocked, id=13272, stack(0x000000001de30000,0x000000001df30000)]
  0x0000000002553000 JavaThread "Reference Handler" daemon [_thread_blocked, id=3528, stack(0x000000001dd30000,0x000000001de30000)]
  0x00000000009de000 JavaThread "main" [_thread_in_Java, id=11000, stack(0x0000000002360000,0x0000000002460000)]

Other Threads:
  0x000000001bf49800 VMThread [stack: 0x000000001dc30000,0x000000001dd30000] [id=3512]
  0x000000001e111000 WatcherThread [stack: 0x000000001ee10000,0x000000001ef10000] [id=6224]

VM state:not at safepoint (normal execution)

VM Mutex/Monitor currently owned by a thread: None

Heap:
 PSYoungGen      total 123392K, used 114720K [0x000000076b800000, 0x000000077ac80000, 0x00000007c0000000)
  eden space 122368K, 93% used [0x000000076b800000,0x00000007727f0150,0x0000000772f80000)
  from space 1024K, 9% used [0x000000077aa80000,0x000000077aa98000,0x000000077ab80000)
  to   space 1024K, 0% used [0x000000077ab80000,0x000000077ab80000,0x000000077ac80000)
 ParOldGen       total 173568K, used 1332K [0x00000006c2800000, 0x00000006cd180000, 0x000000076b800000)
  object space 173568K, 0% used [0x00000006c2800000,0x00000006c294d030,0x00000006cd180000)
 Metaspace       used 7954K, capacity 8550K, committed 8704K, reserved 1056768K
  class space    used 642K, capacity 658K, committed 768K, reserved 1048576K

Card table byte_map: [0x0000000011920000,0x0000000012110000] byte_map_base: 0x000000000e30c000

Marking Bits: (ParMarkBitMap*) 0x0000000070c0a5b0
 Begin Bits: [0x0000000012e60000, 0x0000000016dc0000)
 End Bits:   [0x0000000016dc0000, 0x000000001ad20000)

Polling page: 0x0000000000960000

CodeCache: size=245760Kb used=2638Kb max_used=2638Kb free=243121Kb
 bounds [0x0000000002560000, 0x0000000002800000, 0x0000000011560000]
 total_blobs=1137 nmethods=494 adapters=564
 compilation: enabled

Compilation events (10 events):
Event: 2.991 Thread 0x000000001e071800  489       3       main.coreEngine.sceneGraph.Node::render (75 bytes)
Event: 2.992 Thread 0x000000001e071800 nmethod 489 0x00000000027d3ed0 code [0x00000000027d40e0, 0x00000000027d4b18]
Event: 2.992 Thread 0x000000001e071800  490       1       main.client.ClientThread::getRenderEngine (5 bytes)
Event: 2.992 Thread 0x000000001e071800 nmethod 490 0x00000000027e9650 code [0x00000000027e97a0, 0x00000000027e98b0]
Event: 2.992 Thread 0x000000001e071800  491       1       main.client.renderEngine.RenderEngine$ModelData::getMesh (5 bytes)
Event: 2.992 Thread 0x000000001e071800 nmethod 491 0x00000000027e7b90 code [0x00000000027e7ce0, 0x00000000027e7df0]
Event: 2.997 Thread 0x000000001e071800  492       3       main.coreEngine.sceneGraph.Node::tick (75 bytes)
Event: 2.997 Thread 0x000000001e071800 nmethod 492 0x00000000027f3dd0 code [0x00000000027f3fe0, 0x00000000027f4a18]
Event: 4.058 Thread 0x000000001e071800  493       3       org.lwjgl.opengl.GL11::glClearColor (18 bytes)
Event: 4.058 Thread 0x000000001e071800 nmethod 493 0x00000000027f4d90 code [0x00000000027f4f80, 0x00000000027f5698]

GC Heap History (10 events):
Event: 3.626 GC heap before
{Heap before GC invocations=25 (full 0):
 PSYoungGen      total 144384K, used 143936K [0x000000076b800000, 0x000000077ae80000, 0x00000007c0000000)
  eden space 143872K, 100% used [0x000000076b800000,0x0000000774480000,0x0000000774480000)
  from space 512K, 12% used [0x000000077ae00000,0x000000077ae10000,0x000000077ae80000)
  to   space 1536K, 0% used [0x000000077ab80000,0x000000077ab80000,0x000000077ad00000)
 ParOldGen       total 173568K, used 1332K [0x00000006c2800000, 0x00000006cd180000, 0x000000076b800000)
  object space 173568K, 0% used [0x00000006c2800000,0x00000006c294d030,0x00000006cd180000)
 Metaspace       used 7953K, capacity 8550K, committed 8704K, reserved 1056768K
  class space    used 642K, capacity 658K, committed 768K, reserved 1048576K
Event: 3.627 GC heap after
Heap after GC invocations=25 (full 0):
 PSYoungGen      total 140800K, used 96K [0x000000076b800000, 0x000000077ae80000, 0x00000007c0000000)
  eden space 139264K, 0% used [0x000000076b800000,0x000000076b800000,0x0000000774000000)
  from space 1536K, 6% used [0x000000077ab80000,0x000000077ab98000,0x000000077ad00000)
  to   space 1536K, 0% used [0x000000077ad00000,0x000000077ad00000,0x000000077ae80000)
 ParOldGen       total 173568K, used 1332K [0x00000006c2800000, 0x00000006cd180000, 0x000000076b800000)
  object space 173568K, 0% used [0x00000006c2800000,0x00000006c294d030,0x00000006cd180000)
 Metaspace       used 7953K, capacity 8550K, committed 8704K, reserved 1056768K
  class space    used 642K, capacity 658K, committed 768K, reserved 1048576K
}
Event: 3.741 GC heap before
{Heap before GC invocations=26 (full 0):
 PSYoungGen      total 140800K, used 139360K [0x000000076b800000, 0x000000077ae80000, 0x00000007c0000000)
  eden space 139264K, 100% used [0x000000076b800000,0x0000000774000000,0x0000000774000000)
  from space 1536K, 6% used [0x000000077ab80000,0x000000077ab98000,0x000000077ad00000)
  to   space 1536K, 0% used [0x000000077ad00000,0x000000077ad00000,0x000000077ae80000)
 ParOldGen       total 173568K, used 1332K [0x00000006c2800000, 0x00000006cd180000, 0x000000076b800000)
  object space 173568K, 0% used [0x00000006c2800000,0x00000006c294d030,0x00000006cd180000)
 Metaspace       used 7953K, capacity 8550K, committed 8704K, reserved 1056768K
  class space    used 642K, capacity 658K, committed 768K, reserved 1048576K
Event: 3.742 GC heap after
Heap after GC invocations=26 (full 0):
 PSYoungGen      total 135168K, used 64K [0x000000076b800000, 0x000000077ad80000, 0x00000007c0000000)
  eden space 134656K, 0% used [0x000000076b800000,0x000000076b800000,0x0000000773b80000)
  from space 512K, 12% used [0x000000077ad00000,0x000000077ad10000,0x000000077ad80000)
  to   space 1536K, 0% used [0x000000077aa80000,0x000000077aa80000,0x000000077ac00000)
 ParOldGen       total 173568K, used 1332K [0x00000006c2800000, 0x00000006cd180000, 0x000000076b800000)
  object space 173568K, 0% used [0x00000006c2800000,0x00000006c294d030,0x00000006cd180000)
 Metaspace       used 7953K, capacity 8550K, committed 8704K, reserved 1056768K
  class space    used 642K, capacity 658K, committed 768K, reserved 1048576K
}
Event: 3.855 GC heap before
{Heap before GC invocations=27 (full 0):
 PSYoungGen      total 135168K, used 134720K [0x000000076b800000, 0x000000077ad80000, 0x00000007c0000000)
  eden space 134656K, 100% used [0x000000076b800000,0x0000000773b80000,0x0000000773b80000)
  from space 512K, 12% used [0x000000077ad00000,0x000000077ad10000,0x000000077ad80000)
  to   space 1536K, 0% used [0x000000077aa80000,0x000000077aa80000,0x000000077ac00000)
 ParOldGen       total 173568K, used 1332K [0x00000006c2800000, 0x00000006cd180000, 0x000000076b800000)
  object space 173568K, 0% used [0x00000006c2800000,0x00000006c294d030,0x00000006cd180000)
 Metaspace       used 7953K, capacity 8550K, committed 8704K, reserved 1056768K
  class space    used 642K, capacity 658K, committed 768K, reserved 1048576K
Event: 3.855 GC heap after
Heap after GC invocations=27 (full 0):
 PSYoungGen      total 132096K, used 32K [0x000000076b800000, 0x000000077ad80000, 0x00000007c0000000)
  eden space 130560K, 0% used [0x000000076b800000,0x000000076b800000,0x0000000773780000)
  from space 1536K, 2% used [0x000000077aa80000,0x000000077aa88000,0x000000077ac00000)
  to   space 1536K, 0% used [0x000000077ac00000,0x000000077ac00000,0x000000077ad80000)
 ParOldGen       total 173568K, used 1332K [0x00000006c2800000, 0x00000006cd180000, 0x000000076b800000)
  object space 173568K, 0% used [0x00000006c2800000,0x00000006c294d030,0x00000006cd180000)
 Metaspace       used 7953K, capacity 8550K, committed 8704K, reserved 1056768K
  class space    used 642K, capacity 658K, committed 768K, reserved 1048576K
}
Event: 3.985 GC heap before
{Heap before GC invocations=28 (full 0):
 PSYoungGen      total 132096K, used 130592K [0x000000076b800000, 0x000000077ad80000, 0x00000007c0000000)
  eden space 130560K, 100% used [0x000000076b800000,0x0000000773780000,0x0000000773780000)
  from space 1536K, 2% used [0x000000077aa80000,0x000000077aa88000,0x000000077ac00000)
  to   space 1536K, 0% used [0x000000077ac00000,0x000000077ac00000,0x000000077ad80000)
 ParOldGen       total 173568K, used 1332K [0x00000006c2800000, 0x00000006cd180000, 0x000000076b800000)
  object space 173568K, 0% used [0x00000006c2800000,0x00000006c294d030,0x00000006cd180000)
 Metaspace       used 7953K, capacity 8550K, committed 8704K, reserved 1056768K
  class space    used 642K, capacity 658K, committed 768K, reserved 1048576K
Event: 3.985 GC heap after
Heap after GC invocations=28 (full 0):
 PSYoungGen      total 126976K, used 96K [0x000000076b800000, 0x000000077ac80000, 0x00000007c0000000)
  eden space 126464K, 0% used [0x000000076b800000,0x000000076b800000,0x0000000773380000)
  from space 512K, 18% used [0x000000077ac00000,0x000000077ac18000,0x000000077ac80000)
  to   space 1024K, 0% used [0x000000077aa80000,0x000000077aa80000,0x000000077ab80000)
 ParOldGen       total 173568K, used 1332K [0x00000006c2800000, 0x00000006cd180000, 0x000000076b800000)
  object space 173568K, 0% used [0x00000006c2800000,0x00000006c294d030,0x00000006cd180000)
 Metaspace       used 7953K, capacity 8550K, committed 8704K, reserved 1056768K
  class space    used 642K, capacity 658K, committed 768K, reserved 1048576K
}
Event: 4.116 GC heap before
{Heap before GC invocations=29 (full 0):
 PSYoungGen      total 126976K, used 126560K [0x000000076b800000, 0x000000077ac80000, 0x00000007c0000000)
  eden space 126464K, 100% used [0x000000076b800000,0x0000000773380000,0x0000000773380000)
  from space 512K, 18% used [0x000000077ac00000,0x000000077ac18000,0x000000077ac80000)
  to   space 1024K, 0% used [0x000000077aa80000,0x000000077aa80000,0x000000077ab80000)
 ParOldGen       total 173568K, used 1332K [0x00000006c2800000, 0x00000006cd180000, 0x000000076b800000)
  object space 173568K, 0% used [0x00000006c2800000,0x00000006c294d030,0x00000006cd180000)
 Metaspace       used 7954K, capacity 8550K, committed 8704K, reserved 1056768K
  class space    used 642K, capacity 658K, committed 768K, reserved 1048576K
Event: 4.117 GC heap after
Heap after GC invocations=29 (full 0):
 PSYoungGen      total 123392K, used 96K [0x000000076b800000, 0x000000077ac80000, 0x00000007c0000000)
  eden space 122368K, 0% used [0x000000076b800000,0x000000076b800000,0x0000000772f80000)
  from space 1024K, 9% used [0x000000077aa80000,0x000000077aa98000,0x000000077ab80000)
  to   space 1024K, 0% used [0x000000077ab80000,0x000000077ab80000,0x000000077ac80000)
 ParOldGen       total 173568K, used 1332K [0x00000006c2800000, 0x00000006cd180000, 0x000000076b800000)
  object space 173568K, 0% used [0x00000006c2800000,0x00000006c294d030,0x00000006cd180000)
 Metaspace       used 7954K, capacity 8550K, committed 8704K, reserved 1056768K
  class space    used 642K, capacity 658K, committed 768K, reserved 1048576K
}

Deoptimization events (10 events):
Event: 0.424 Thread 0x000000001e219800 Uncommon trap: reason=bimorphic action=maybe_recompile pc=0x00000000026a39f4 method=java.util.HashMap.getNode(ILjava/lang/Object;)Ljava/util/HashMap$Node; @ 126
Event: 0.427 Thread 0x000000001e219800 Uncommon trap: reason=bimorphic action=maybe_recompile pc=0x00000000026a39f4 method=java.util.HashMap.getNode(ILjava/lang/Object;)Ljava/util/HashMap$Node; @ 126
Event: 0.433 Thread 0x000000001e219800 Uncommon trap: reason=unstable_if action=reinterpret pc=0x000000000269f058 method=java.util.HashMap.keySet()Ljava/util/Set; @ 6
Event: 0.855 Thread 0x000000001e219800 Uncommon trap: reason=unstable_if action=reinterpret pc=0x00000000026997c4 method=java.util.HashMap.clear()V @ 16
Event: 0.855 Thread 0x000000001e219800 Uncommon trap: reason=unstable_if action=reinterpret pc=0x000000000269b248 method=java.util.HashMap$HashIterator.<init>(Ljava/util/HashMap;)V @ 38
Event: 0.855 Thread 0x00000000009de000 Uncommon trap: reason=unstable_if action=reinterpret pc=0x00000000026cd280 method=main.coreEngine.TickableThread.invoke(Ljava/lang/String;[Ljava/lang/Object;)V @ 53
Event: 0.855 Thread 0x000000001e219800 Uncommon trap: reason=unstable_if action=reinterpret pc=0x000000000269d358 method=java.util.HashMap.clear()V @ 16
Event: 0.855 Thread 0x000000001e21a000 Uncommon trap: reason=unstable_if action=reinterpret pc=0x00000000026ca6b4 method=main.coreEngine.TickableThread.run()V @ 58
Event: 0.889 Thread 0x00000000009de000 Uncommon trap: reason=unstable_if action=reinterpret pc=0x00000000027cb5f0 method=main.coreEngine.Engine.start()V @ 163
Event: 0.964 Thread 0x000000001e21a000 Uncommon trap: reason=unstable_if action=reinterpret pc=0x00000000027d8b4c method=main.coreEngine.TickableThread.run()V @ 461

Internal exceptions (8 events):
Event: 0.029 Thread 0x00000000009de000 Exception <a 'java/lang/NoSuchMethodError': Method sun.misc.Unsafe.defineClass(Ljava/lang/String;[BII)Ljava/lang/Class; name or signature does not match> (0x000000076b80d9b8) thrown at [C:\workspace\8-2-build-windows-amd64-cygwin\jdk8u65\4987\hotspot\src\s
Event: 0.029 Thread 0x00000000009de000 Exception <a 'java/lang/NoSuchMethodError': Method sun.misc.Unsafe.prefetchRead(Ljava/lang/Object;J)V name or signature does not match> (0x000000076b80dca0) thrown at [C:\workspace\8-2-build-windows-amd64-cygwin\jdk8u65\4987\hotspot\src\share\vm\prims\jni.ÇÂFï
Event: 0.148 Thread 0x000000001e219800 Exception <a 'java/lang/ArrayIndexOutOfBoundsException': -1> (0x000000076c998170) thrown at [C:\workspace\8-2-build-windows-amd64-cygwin\jdk8u65\4987\hotspot\src\share\vm\interpreter\interpreterRuntime.cpp, line 366]
Event: 0.426 Thread 0x000000001e219800 Exception <a 'java/security/PrivilegedActionException'> (0x000000076b940c88) thrown at [C:\workspace\8-2-build-windows-amd64-cygwin\jdk8u65\4987\hotspot\src\share\vm\prims\jvm.cpp, line 1386]
Event: 0.426 Thread 0x000000001e219800 Exception <a 'java/security/PrivilegedActionException'> (0x000000076b941080) thrown at [C:\workspace\8-2-build-windows-amd64-cygwin\jdk8u65\4987\hotspot\src\share\vm\prims\jvm.cpp, line 1386]
Event: 0.427 Thread 0x000000001e219800 Exception <a 'java/security/PrivilegedActionException'> (0x000000076b945298) thrown at [C:\workspace\8-2-build-windows-amd64-cygwin\jdk8u65\4987\hotspot\src\share\vm\prims\jvm.cpp, line 1386]
Event: 0.427 Thread 0x000000001e219800 Exception <a 'java/security/PrivilegedActionException'> (0x000000076b945690) thrown at [C:\workspace\8-2-build-windows-amd64-cygwin\jdk8u65\4987\hotspot\src\share\vm\prims\jvm.cpp, line 1386]
Event: 0.855 Thread 0x00000000009de000 Implicit null exception at 0x00000000026cccbc to 0x00000000026cd259

Events (10 events):
Event: 3.741 Executing VM operation: ParallelGCFailedAllocation
Event: 3.742 Executing VM operation: ParallelGCFailedAllocation done
Event: 3.854 Executing VM operation: ParallelGCFailedAllocation
Event: 3.855 Executing VM operation: ParallelGCFailedAllocation done
Event: 3.984 Executing VM operation: ParallelGCFailedAllocation
Event: 3.985 Executing VM operation: ParallelGCFailedAllocation done
Event: 4.072 Executing VM operation: EnableBiasedLocking
Event: 4.072 Executing VM operation: EnableBiasedLocking done
Event: 4.116 Executing VM operation: ParallelGCFailedAllocation
Event: 4.117 Executing VM operation: ParallelGCFailedAllocation done


Dynamic libraries:
0x00007ff7d2c20000 - 0x00007ff7d2c57000 	C:\Program Files\Java\jdk1.8.0_65\bin\java.exe
0x00007ffde4980000 - 0x00007ffde4b41000 	C:\WINDOWS\SYSTEM32\ntdll.dll
0x00007ffde42a0000 - 0x00007ffde434d000 	C:\WINDOWS\system32\KERNEL32.DLL
0x00007ffde19f0000 - 0x00007ffde1bd8000 	C:\WINDOWS\system32\KERNELBASE.dll
0x00007ffde1e70000 - 0x00007ffde1f17000 	C:\WINDOWS\system32\ADVAPI32.dll
0x00007ffde3800000 - 0x00007ffde389d000 	C:\WINDOWS\system32\msvcrt.dll
0x00007ffde1e10000 - 0x00007ffde1e6b000 	C:\WINDOWS\system32\sechost.dll
0x00007ffde3bd0000 - 0x00007ffde3cec000 	C:\WINDOWS\system32\RPCRT4.dll
0x00007ffde3fe0000 - 0x00007ffde4136000 	C:\WINDOWS\system32\USER32.dll
0x00007ffde3cf0000 - 0x00007ffde3e76000 	C:\WINDOWS\system32\GDI32.dll
0x00007ffddd690000 - 0x00007ffddd904000 	C:\WINDOWS\WinSxS\amd64_microsoft.windows.common-controls_6595b64144ccf1df_6.0.10586.0_none_8c15ae12515e1c22\COMCTL32.dll
0x00007ffde3950000 - 0x00007ffde3bcd000 	C:\WINDOWS\system32\combase.dll
0x00007ffde1cf0000 - 0x00007ffde1d5a000 	C:\WINDOWS\system32\bcryptPrimitives.dll
0x00007ffde1dc0000 - 0x00007ffde1dfb000 	C:\WINDOWS\system32\IMM32.DLL
0x0000000070c90000 - 0x0000000070d62000 	C:\Program Files\Java\jdk1.8.0_65\jre\bin\msvcr100.dll
0x0000000070400000 - 0x0000000070c89000 	C:\Program Files\Java\jdk1.8.0_65\jre\bin\server\jvm.dll
0x00007ffde4290000 - 0x00007ffde4298000 	C:\WINDOWS\system32\PSAPI.DLL
0x00007ffddf730000 - 0x00007ffddf753000 	C:\WINDOWS\SYSTEM32\WINMM.dll
0x00007ffdd8550000 - 0x00007ffdd8559000 	C:\WINDOWS\SYSTEM32\WSOCK32.dll
0x00007ffddd9c0000 - 0x00007ffddd9ca000 	C:\WINDOWS\SYSTEM32\VERSION.dll
0x00007ffde4470000 - 0x00007ffde44db000 	C:\WINDOWS\system32\WS2_32.dll
0x00007ffddf6d0000 - 0x00007ffddf6fc000 	C:\WINDOWS\SYSTEM32\WINMMBASE.dll
0x00007ffde1be0000 - 0x00007ffde1c23000 	C:\WINDOWS\system32\cfgmgr32.dll
0x00000000703f0000 - 0x00000000703ff000 	C:\Program Files\Java\jdk1.8.0_65\jre\bin\verify.dll
0x00000000703c0000 - 0x00000000703e9000 	C:\Program Files\Java\jdk1.8.0_65\jre\bin\java.dll
0x0000000070380000 - 0x00000000703b5000 	C:\Program Files\Java\jdk1.8.0_65\jre\bin\jdwp.dll
0x0000000070370000 - 0x0000000070378000 	C:\Program Files\Java\jdk1.8.0_65\jre\bin\npt.dll
0x0000000070350000 - 0x0000000070366000 	C:\Program Files\Java\jdk1.8.0_65\jre\bin\zip.dll
0x00007ffde1f80000 - 0x00007ffde34dc000 	C:\WINDOWS\system32\SHELL32.dll
0x00007ffde11d0000 - 0x00007ffde1815000 	C:\WINDOWS\system32\windows.storage.dll
0x00007ffde36b0000 - 0x00007ffde3702000 	C:\WINDOWS\system32\shlwapi.dll
0x00007ffde0fb0000 - 0x00007ffde0fbf000 	C:\WINDOWS\system32\kernel.appcore.dll
0x00007ffde1c30000 - 0x00007ffde1ce5000 	C:\WINDOWS\system32\shcore.dll
0x00007ffde0fc0000 - 0x00007ffde100b000 	C:\WINDOWS\system32\powrprof.dll
0x00007ffde0f80000 - 0x00007ffde0f94000 	C:\WINDOWS\system32\profapi.dll
0x0000000070340000 - 0x0000000070349000 	C:\Program Files\Java\jdk1.8.0_65\jre\bin\dt_socket.dll
0x00007ffde08b0000 - 0x00007ffde090c000 	C:\WINDOWS\system32\mswsock.dll
0x00007ffdd4590000 - 0x00007ffdd4618000 	D:\Code\Java\Projects\WireEngine20\lib\native\lwjgl.dll
0x00007ffde0a80000 - 0x00007ffde0a8b000 	C:\WINDOWS\SYSTEM32\CRYPTBASE.DLL
0x00007ffdd4190000 - 0x00007ffdd41d2000 	D:\Code\Java\Projects\WireEngine20\lib\native\jemalloc.dll
0x00007ffdd3df0000 - 0x00007ffdd3e28000 	D:\Code\Java\Projects\WireEngine20\lib\native\glfw.dll
0x00007ffddf850000 - 0x00007ffddf8e6000 	C:\WINDOWS\system32\uxtheme.dll
0x00007ffdde650000 - 0x00007ffdde672000 	C:\WINDOWS\SYSTEM32\dwmapi.dll
0x00007ffdc9d10000 - 0x00007ffdc9e39000 	C:\WINDOWS\SYSTEM32\opengl32.dll
0x00007ffdcc690000 - 0x00007ffdcc6be000 	C:\WINDOWS\SYSTEM32\GLU32.dll
0x00007ffdc8ba0000 - 0x00007ffdc8c9a000 	C:\WINDOWS\SYSTEM32\DDRAW.dll
0x00007ffdd3d80000 - 0x00007ffdd3d88000 	C:\WINDOWS\SYSTEM32\DCIMAN32.dll
0x00007ffde3e80000 - 0x00007ffde3fda000 	C:\WINDOWS\system32\MSCTF.dll
0x00007ffdc3f50000 - 0x00007ffdc3f99000 	C:\Program Files (x86)\TeamViewer\tv_x64.dll
0x00007ffde4140000 - 0x00007ffde4283000 	C:\WINDOWS\system32\ole32.dll
0x000000006e5f0000 - 0x0000000070339000 	C:\WINDOWS\SYSTEM32\nvoglv64.DLL
0x00007ffde4550000 - 0x00007ffde4979000 	C:\WINDOWS\system32\SETUPAPI.dll
0x00007ffddf2f0000 - 0x00007ffddf303000 	C:\WINDOWS\SYSTEM32\WTSAPI32.dll
0x00007ffddf9a0000 - 0x00007ffddf9c7000 	C:\WINDOWS\SYSTEM32\DEVOBJ.dll
0x00007ffde1170000 - 0x00007ffde11c5000 	C:\WINDOWS\system32\WINTRUST.dll
0x00007ffde0fa0000 - 0x00007ffde0fb0000 	C:\WINDOWS\system32\MSASN1.dll
0x00007ffde1820000 - 0x00007ffde19e7000 	C:\WINDOWS\system32\CRYPT32.dll
0x00007ffde04d0000 - 0x00007ffde0501000 	C:\WINDOWS\SYSTEM32\ntmarta.dll
0x00007ffde0220000 - 0x00007ffde0276000 	C:\WINDOWS\SYSTEM32\WINSTA.dll
0x00007ffde38a0000 - 0x00007ffde3947000 	C:\WINDOWS\system32\clbcatq.dll
0x00007ffdb9de0000 - 0x00007ffdb9f6c000 	C:\WINDOWS\SYSTEM32\dbghelp.dll

VM Arguments:
jvm_args: -agentlib:jdwp=transport=dt_socket,address=127.0.0.1:61851,suspend=y,server=n -Djava.library.path=lib/native/ -Dfile.encoding=UTF-8 
java_command: main.Main
java_class_path (initial): C:\Program Files\Java\jdk1.8.0_65\jre\lib\charsets.jar;C:\Program Files\Java\jdk1.8.0_65\jre\lib\deploy.jar;C:\Program Files\Java\jdk1.8.0_65\jre\lib\ext\access-bridge-64.jar;C:\Program Files\Java\jdk1.8.0_65\jre\lib\ext\cldrdata.jar;C:\Program Files\Java\jdk1.8.0_65\jre\lib\ext\dnsns.jar;C:\Program Files\Java\jdk1.8.0_65\jre\lib\ext\jaccess.jar;C:\Program Files\Java\jdk1.8.0_65\jre\lib\ext\jfxrt.jar;C:\Program Files\Java\jdk1.8.0_65\jre\lib\ext\localedata.jar;C:\Program Files\Java\jdk1.8.0_65\jre\lib\ext\nashorn.jar;C:\Program Files\Java\jdk1.8.0_65\jre\lib\ext\sunec.jar;C:\Program Files\Java\jdk1.8.0_65\jre\lib\ext\sunjce_provider.jar;C:\Program Files\Java\jdk1.8.0_65\jre\lib\ext\sunmscapi.jar;C:\Program Files\Java\jdk1.8.0_65\jre\lib\ext\sunpkcs11.jar;C:\Program Files\Java\jdk1.8.0_65\jre\lib\ext\zipfs.jar;C:\Program Files\Java\jdk1.8.0_65\jre\lib\javaws.jar;C:\Program Files\Java\jdk1.8.0_65\jre\lib\jce.jar;C:\Program Files\Java\jdk1.8.0_65\jre\lib\jfr.jar;C:\Program Files\Java\jdk1.8.0_65\jre\lib\jfxswt.jar;C:\Program Files\Java\jdk1.8.0_65\jre\lib\jsse.jar;C:\Program Files\Java\jdk1.8.0_65\jre\lib\management-agent.jar;C:\Program Files\Java\jdk1.8.0_65\jre\lib\plugin.jar;C:\Program Files\Java\jdk1.8.0_65\jre\lib\resources.jar;C:\Program Files\Java\jdk1.8.0_65\jre\lib\rt.jar;D:\Code\Java\Projects\WireEngine20\out\production\WireEngine20;D:\Code\Java\Projects\WireEngine20\lib\jar\lwjgl.jar;D:\Program Files (x86)\JetBrains\IntelliJ IDEA 2016.1\lib\idea_rt.jar
Launcher Type: SUN_STANDARD

Environment Variables:
JAVA_HOME=C:\Program Files\Java\jdk1.8.0_65
PATH=C:\ProgramData\Oracle\Java\javapath;C:\Program Files (x86)\Razer Chroma SDK\bin;C:\Program Files\Razer Chroma SDK\bin;C:\Program Files (x86)\NVIDIA Corporation\PhysX\Common;C:\Program Files (x86)\Intel\iCLS Client\;C:\Program Files\Intel\iCLS Client\;C:\Windows\system32;C:\Windows;C:\Windows\System32\Wbem;C:\Windows\System32\WindowsPowerShell\v1.0\;C:\Program Files\Intel\Intel(R) Management Engine Components\DAL;C:\Program Files (x86)\Intel\Intel(R) Management Engine Components\DAL;C:\Program Files\Intel\Intel(R) Management Engine Components\IPT;C:\Program Files (x86)\Intel\Intel(R) Management Engine Components\IPT;C:\Program Files\Java\jre1.8.0_65\bin;C:\MinGW\bin;C:\WINDOWS\system32;C:\WINDOWS;C:\WINDOWS\System32\Wbem;C:\WINDOWS\System32\WindowsPowerShell\v1.0\;D:\Program Files (x86)\CMake\bin;D:\Program Files\Programs\Python\Python35-32;D:\Program Files\Programs\Python\Python35-32\Scripts;C:\Program Files (x86)\Skype\Phone\;D:\Program Files\Programs\Python\Python35-32\Scripts\;D:\Program Files\Programs\Python\Python35-32\
USERNAME=Kelan
OS=Windows_NT
PROCESSOR_IDENTIFIER=Intel64 Family 6 Model 60 Stepping 3, GenuineIntel



---------------  S Y S T E M  ---------------

OS: Windows 10.0 , 64 bit Build 10586 (10.0.10586.0)

CPU:total 8 (4 cores per cpu, 2 threads per core) family 6 model 60 stepping 3, cmov, cx8, fxsr, mmx, sse, sse2, sse3, ssse3, sse4.1, sse4.2, popcnt, avx, avx2, aes, clmul, erms, lzcnt, ht, tsc, tscinvbit, bmi1, bmi2

Memory: 4k page, physical 16609500k(5159796k free), swap 33386716k(19513524k free)

vm_info: Java HotSpot(TM) 64-Bit Server VM (25.65-b01) for windows-amd64 JRE (1.8.0_65-b17), built on Oct  6 2015 16:39:20 by "java_re" with MS VC++ 10.0 (VS2010)

time: Sat Apr 09 17:15:36 2016
elapsed time: 4 seconds (0d 0h 0m 4s)

