#
# A fatal error has been detected by the Java Runtime Environment:
#
#  EXCEPTION_ACCESS_VIOLATION (0xc0000005) at pc=0x00007ffb31e324b9, pid=2484, tid=9260
#
# JRE version: Java(TM) SE Runtime Environment (8.0_65-b17) (build 1.8.0_65-b17)
# Java VM: Java HotSpot(TM) 64-Bit Server VM (25.65-b01 mixed mode windows-amd64 compressed oops)
# Problematic frame:
# C  [glfw.dll+0x24b9]
#
# Failed to write core dump. Minidumps are not enabled by default on client versions of Windows
#
# If you would like to submit a bug report, please visit:
#   http://bugreport.java.com/bugreport/crash.jsp
# The crash happened outside the Java Virtual Machine in native code.
# See problematic frame for where to report the bug.
#

---------------  T H R E A D  ---------------

Current thread (0x000000001e2a7800):  JavaThread "CLIENT" [_thread_in_native, id=9260, stack(0x000000001efa0000,0x000000001f0a0000)]

siginfo: ExceptionCode=0xc0000005, reading address 0x0000000000000000

Registers:
RAX=0x0000000000000000, RBX=0x000000001ba73030, RCX=0x0000000000000000, RDX=0x0000000000000000
RSP=0x000000001f09f050, RBP=0x000000001f09f0e0, RSI=0x0000000000000e60, RDI=0x00000000007be580
R8 =0x000000001f09f048, R9 =0x000000001f09f0e0, R10=0x0000000000000000, R11=0x0000000000000246
R12=0x0000000000000000, R13=0x000000001f09f0f8, R14=0x000000001f09f0d0, R15=0x000000001e2a7800
RIP=0x00007ffb31e324b9, EFLAGS=0x0000000000010283

Top of Stack: (sp=0x000000001f09f050)
0x000000001f09f050:   0000000000000000 0000000000000e60
0x000000001f09f060:   000000001ba17d50 000000000264e770
0x000000001f09f070:   0000000002657d8d 0000000002acdb8a
0x000000001f09f080:   000000001ba73030 000000006c6faea4
0x000000001f09f090:   000000001e2a7800 000000001e2a7800
0x000000001f09f0a0:   000000001e2a7800 0000000000000000
0x000000001f09f0b0:   000000001e260890 000000006c685eba
0x000000001f09f0c0:   000000001f09f868 000000001f09f158
0x000000001f09f0d0:   00000006c2817b78 0000000002657d8d
0x000000001f09f0e0:   000000001f09f158 0000000002657d8d
0x000000001f09f0f0:   0000000002657d8d 00000000007be580
0x000000001f09f100:   00000000026578a0 00007ffb31e32420
0x000000001f09f110:   0000000000000001 000000001f09f118
0x000000001f09f120:   000000001ba8f0bc 000000001f09f180
0x000000001f09f130:   000000001ba910a0 0000000000000000
0x000000001f09f140:   000000001ba8f0e8 000000001f09f0f8 

Instructions: (pc=0x00007ffb31e324b9)
0x00007ffb31e32499:   48 8b cf e8 1f 3a 00 00 48 39 3d f0 d5 02 00 48
0x00007ffb31e324a9:   8d 0d e9 d5 02 00 48 8b 5c 24 30 74 08 48 8b 09
0x00007ffb31e324b9:   48 39 39 75 f8 48 8b 07 48 89 01 48 8b cf 48 83
0x00007ffb31e324c9:   c4 20 5f e9 5b fe 00 00 48 83 c4 20 5f c3 cc cc 


Register to memory mapping:

RAX=0x0000000000000000 is an unknown value
RBX={method} {0x000000001ba73038} 'invokePV' '(JJ)V' in 'org/lwjgl/system/JNI'
RCX=0x0000000000000000 is an unknown value
RDX=0x0000000000000000 is an unknown value
RSP=0x000000001f09f050 is pointing into the stack for thread: 0x000000001e2a7800
RBP=0x000000001f09f0e0 is pointing into the stack for thread: 0x000000001e2a7800
RSI=0x0000000000000e60 is an unknown value
RDI=0x00000000007be580 is an unknown value
R8 =0x000000001f09f048 is pointing into the stack for thread: 0x000000001e2a7800
R9 =0x000000001f09f0e0 is pointing into the stack for thread: 0x000000001e2a7800
R10=0x0000000000000000 is an unknown value
R11=0x0000000000000246 is an unknown value
R12=0x0000000000000000 is an unknown value
R13=0x000000001f09f0f8 is pointing into the stack for thread: 0x000000001e2a7800
R14=0x000000001f09f0d0 is pointing into the stack for thread: 0x000000001e2a7800
R15=0x000000001e2a7800 is a thread


Stack: [0x000000001efa0000,0x000000001f0a0000],  sp=0x000000001f09f050,  free space=1020k
Native frames: (J=compiled Java code, j=interpreted, Vv=VM code, C=native code)
C  [glfw.dll+0x24b9]
C  0x0000000002acdb8a

Java frames: (J=compiled Java code, j=interpreted, Vv=VM code)
J 833  org.lwjgl.system.JNI.invokePV(JJ)V (0 bytes) @ 0x0000000002acdb04 [0x0000000002acdac0+0x44]
j  org.lwjgl.glfw.GLFW.glfwDestroyCursor(J)V+20
j  main.client.Window.destroyWindow()V+9
j  main.coreEngine.Engine.stop()V+70
J 873 C1 main.client.Window.update()V (37 bytes) @ 0x0000000002af122c [0x0000000002af0d80+0x4ac]
J 851 C1 main.client.renderEngine.RenderEngine.render()V (75 bytes) @ 0x0000000002aebaec [0x0000000002aea320+0x17cc]
J 836 C1 main.client.ClientThread.tick()V (16 bytes) @ 0x0000000002ad6434 [0x0000000002ad5f80+0x4b4]
j  main.coreEngine.TickableThread.run()V+469
v  ~StubRoutines::call_stub

---------------  P R O C E S S  ---------------

Java Threads: ( => current thread )
  0x000000001e2b1800 JavaThread "SERVER" [_thread_in_Java, id=9988, stack(0x000000001f0a0000,0x000000001f1a0000)]
=>0x000000001e2a7800 JavaThread "CLIENT" [_thread_in_native, id=9260, stack(0x000000001efa0000,0x000000001f0a0000)]
  0x000000001e19c800 JavaThread "Service Thread" daemon [_thread_blocked, id=1416, stack(0x000000001eda0000,0x000000001eea0000)]
  0x000000001e103000 JavaThread "C1 CompilerThread3" daemon [_thread_blocked, id=7116, stack(0x000000001eca0000,0x000000001eda0000)]
  0x000000001e0fa000 JavaThread "C2 CompilerThread2" daemon [_thread_blocked, id=4032, stack(0x000000001eba0000,0x000000001eca0000)]
  0x000000001e0f9800 JavaThread "C2 CompilerThread1" daemon [_thread_blocked, id=10888, stack(0x000000001eaa0000,0x000000001eba0000)]
  0x000000001e0fe000 JavaThread "C2 CompilerThread0" daemon [_thread_blocked, id=6100, stack(0x000000001e9a0000,0x000000001eaa0000)]
  0x000000001e0e3000 JavaThread "JDWP Command Reader" daemon [_thread_in_native, id=3740, stack(0x000000001e8a0000,0x000000001e9a0000)]
  0x000000001e0e2000 JavaThread "JDWP Event Helper Thread" daemon [_thread_blocked, id=5496, stack(0x000000001e7a0000,0x000000001e8a0000)]
  0x000000001e0d1000 JavaThread "JDWP Transport Listener: dt_socket" daemon [_thread_blocked, id=9556, stack(0x000000001e6a0000,0x000000001e7a0000)]
  0x000000001e0c7000 JavaThread "Attach Listener" daemon [_thread_blocked, id=5660, stack(0x000000001e5a0000,0x000000001e6a0000)]
  0x000000001e0c6000 JavaThread "Signal Dispatcher" daemon [_thread_blocked, id=772, stack(0x000000001e4a0000,0x000000001e5a0000)]
  0x000000000264a800 JavaThread "Finalizer" daemon [_thread_blocked, id=12268, stack(0x000000001dec0000,0x000000001dfc0000)]
  0x0000000002644000 JavaThread "Reference Handler" daemon [_thread_blocked, id=7004, stack(0x000000001ddc0000,0x000000001dec0000)]
  0x000000000254e000 JavaThread "main" [_thread_in_Java, id=9456, stack(0x0000000002380000,0x0000000002480000)]

Other Threads:
  0x000000001bfe9800 VMThread [stack: 0x000000001dcc0000,0x000000001ddc0000] [id=1264]
  0x000000001e1b0000 WatcherThread [stack: 0x000000001eea0000,0x000000001efa0000] [id=8816]

VM state:not at safepoint (normal execution)

VM Mutex/Monitor currently owned by a thread: None

Heap:
 PSYoungGen      total 92672K, used 84463K [0x000000076b800000, 0x00000007baa80000, 0x00000007c0000000)
  eden space 92160K, 91% used [0x000000076b800000,0x0000000770a6bc70,0x0000000771200000)
  from space 512K, 12% used [0x00000007ba980000,0x00000007ba990000,0x00000007baa00000)
  to   space 512K, 0% used [0x00000007baa00000,0x00000007baa00000,0x00000007baa80000)
 ParOldGen       total 173568K, used 21337K [0x00000006c2800000, 0x00000006cd180000, 0x000000076b800000)
  object space 173568K, 12% used [0x00000006c2800000,0x00000006c3cd65d8,0x00000006cd180000)
 Metaspace       used 8389K, capacity 8774K, committed 8960K, reserved 1056768K
  class space    used 662K, capacity 690K, committed 768K, reserved 1048576K

Card table byte_map: [0x0000000011a10000,0x0000000012200000] byte_map_base: 0x000000000e3fc000

Marking Bits: (ParMarkBitMap*) 0x000000006cdda5b0
 Begin Bits: [0x0000000012f50000, 0x0000000016eb0000)
 End Bits:   [0x0000000016eb0000, 0x000000001ae10000)

Polling page: 0x0000000000760000

CodeCache: size=245760Kb used=4807Kb max_used=4833Kb free=240952Kb
 bounds [0x0000000002650000, 0x0000000002b20000, 0x0000000011650000]
 total_blobs=1533 nmethods=875 adapters=579
 compilation: enabled

Compilation events (10 events):
Event: 28.071 Thread 0x000000001e0f9800  881       4       main.coreEngine.sceneGraph.Node::render (75 bytes)
Event: 28.081 Thread 0x000000001e0f9800 nmethod 881 0x0000000002b04010 code [0x0000000002b04240, 0x0000000002b05668]
Event: 28.104 Thread 0x000000001e0fe000  882       4       main.coreEngine.sceneGraph.Node::input (75 bytes)
Event: 28.115 Thread 0x000000001e0fe000 nmethod 882 0x0000000002b06c50 code [0x0000000002b06e80, 0x0000000002b082a8]
Event: 29.966 Thread 0x000000001e0fa000  883   !   4       main.coreEngine.TickableThread::scheduleTick (25 bytes)
Event: 29.967 Thread 0x000000001e0fa000 nmethod 883 0x0000000002afb050 code [0x0000000002afb180, 0x0000000002afb378]
Event: 30.653 Thread 0x000000001e0f9800  884 % !   4       main.coreEngine.TickableThread::run @ 457 (500 bytes)
Event: 30.693 Thread 0x000000001e0f9800 nmethod 884% 0x0000000002b0c8d0 code [0x0000000002b0cce0, 0x0000000002b0f520]
Event: 33.470 Thread 0x000000001e0fe000  885       4       main.coreEngine.util.maths.Matrix4f::translate (166 bytes)
Event: 33.471 Thread 0x000000001e0fe000 nmethod 885 0x000000000274ead0 code [0x000000000274ec20, 0x000000000274edd8]

GC Heap History (10 events):
Event: 34.032 GC heap before
{Heap before GC invocations=181 (full 0):
 PSYoungGen      total 69120K, used 68768K [0x000000076b800000, 0x00000007baa80000, 0x00000007c0000000)
  eden space 68608K, 100% used [0x000000076b800000,0x000000076fb00000,0x000000076fb00000)
  from space 512K, 31% used [0x00000007baa00000,0x00000007baa28000,0x00000007baa80000)
  to   space 512K, 0% used [0x00000007ba980000,0x00000007ba980000,0x00000007baa00000)
 ParOldGen       total 173568K, used 21305K [0x00000006c2800000, 0x00000006cd180000, 0x000000076b800000)
  object space 173568K, 12% used [0x00000006c2800000,0x00000006c3cce5d8,0x00000006cd180000)
 Metaspace       used 8389K, capacity 8774K, committed 8960K, reserved 1056768K
  class space    used 662K, capacity 690K, committed 768K, reserved 1048576K
Event: 34.033 GC heap after
Heap after GC invocations=181 (full 0):
 PSYoungGen      total 67584K, used 192K [0x000000076b800000, 0x00000007baa80000, 0x00000007c0000000)
  eden space 67072K, 0% used [0x000000076b800000,0x000000076b800000,0x000000076f980000)
  from space 512K, 37% used [0x00000007ba980000,0x00000007ba9b0000,0x00000007baa00000)
  to   space 512K, 0% used [0x00000007baa00000,0x00000007baa00000,0x00000007baa80000)
 ParOldGen       total 173568K, used 21305K [0x00000006c2800000, 0x00000006cd180000, 0x000000076b800000)
  object space 173568K, 12% used [0x00000006c2800000,0x00000006c3cce5d8,0x00000006cd180000)
 Metaspace       used 8389K, capacity 8774K, committed 8960K, reserved 1056768K
  class space    used 662K, capacity 690K, committed 768K, reserved 1048576K
}
Event: 34.085 GC heap before
{Heap before GC invocations=182 (full 0):
 PSYoungGen      total 67584K, used 67264K [0x000000076b800000, 0x00000007baa80000, 0x00000007c0000000)
  eden space 67072K, 100% used [0x000000076b800000,0x000000076f980000,0x000000076f980000)
  from space 512K, 37% used [0x00000007ba980000,0x00000007ba9b0000,0x00000007baa00000)
  to   space 512K, 0% used [0x00000007baa00000,0x00000007baa00000,0x00000007baa80000)
 ParOldGen       total 173568K, used 21305K [0x00000006c2800000, 0x00000006cd180000, 0x000000076b800000)
  object space 173568K, 12% used [0x00000006c2800000,0x00000006c3cce5d8,0x00000006cd180000)
 Metaspace       used 8389K, capacity 8774K, committed 8960K, reserved 1056768K
  class space    used 662K, capacity 690K, committed 768K, reserved 1048576K
Event: 34.086 GC heap after
Heap after GC invocations=182 (full 0):
 PSYoungGen      total 66048K, used 160K [0x000000076b800000, 0x00000007baa80000, 0x00000007c0000000)
  eden space 65536K, 0% used [0x000000076b800000,0x000000076b800000,0x000000076f800000)
  from space 512K, 31% used [0x00000007baa00000,0x00000007baa28000,0x00000007baa80000)
  to   space 512K, 0% used [0x00000007ba980000,0x00000007ba980000,0x00000007baa00000)
 ParOldGen       total 173568K, used 21305K [0x00000006c2800000, 0x00000006cd180000, 0x000000076b800000)
  object space 173568K, 12% used [0x00000006c2800000,0x00000006c3cce5d8,0x00000006cd180000)
 Metaspace       used 8389K, capacity 8774K, committed 8960K, reserved 1056768K
  class space    used 662K, capacity 690K, committed 768K, reserved 1048576K
}
Event: 34.153 GC heap before
{Heap before GC invocations=183 (full 0):
 PSYoungGen      total 66048K, used 65696K [0x000000076b800000, 0x00000007baa80000, 0x00000007c0000000)
  eden space 65536K, 100% used [0x000000076b800000,0x000000076f800000,0x000000076f800000)
  from space 512K, 31% used [0x00000007baa00000,0x00000007baa28000,0x00000007baa80000)
  to   space 512K, 0% used [0x00000007ba980000,0x00000007ba980000,0x00000007baa00000)
 ParOldGen       total 173568K, used 21305K [0x00000006c2800000, 0x00000006cd180000, 0x000000076b800000)
  object space 173568K, 12% used [0x00000006c2800000,0x00000006c3cce5d8,0x00000006cd180000)
 Metaspace       used 8389K, capacity 8774K, committed 8960K, reserved 1056768K
  class space    used 662K, capacity 690K, committed 768K, reserved 1048576K
Event: 34.154 GC heap after
Heap after GC invocations=183 (full 0):
 PSYoungGen      total 64512K, used 224K [0x000000076b800000, 0x00000007baa80000, 0x00000007c0000000)
  eden space 64000K, 0% used [0x000000076b800000,0x000000076b800000,0x000000076f680000)
  from space 512K, 43% used [0x00000007ba980000,0x00000007ba9b8000,0x00000007baa00000)
  to   space 512K, 0% used [0x00000007baa00000,0x00000007baa00000,0x00000007baa80000)
 ParOldGen       total 173568K, used 21305K [0x00000006c2800000, 0x00000006cd180000, 0x000000076b800000)
  object space 173568K, 12% used [0x00000006c2800000,0x00000006c3cce5d8,0x00000006cd180000)
 Metaspace       used 8389K, capacity 8774K, committed 8960K, reserved 1056768K
  class space    used 662K, capacity 690K, committed 768K, reserved 1048576K
}
Event: 34.205 GC heap before
{Heap before GC invocations=184 (full 0):
 PSYoungGen      total 64512K, used 64224K [0x000000076b800000, 0x00000007baa80000, 0x00000007c0000000)
  eden space 64000K, 100% used [0x000000076b800000,0x000000076f680000,0x000000076f680000)
  from space 512K, 43% used [0x00000007ba980000,0x00000007ba9b8000,0x00000007baa00000)
  to   space 512K, 0% used [0x00000007baa00000,0x00000007baa00000,0x00000007baa80000)
 ParOldGen       total 173568K, used 21305K [0x00000006c2800000, 0x00000006cd180000, 0x000000076b800000)
  object space 173568K, 12% used [0x00000006c2800000,0x00000006c3cce5d8,0x00000006cd180000)
 Metaspace       used 8389K, capacity 8774K, committed 8960K, reserved 1056768K
  class space    used 662K, capacity 690K, committed 768K, reserved 1048576K
Event: 34.206 GC heap after
Heap after GC invocations=184 (full 0):
 PSYoungGen      total 77312K, used 160K [0x000000076b800000, 0x00000007baa80000, 0x00000007c0000000)
  eden space 76800K, 0% used [0x000000076b800000,0x000000076b800000,0x0000000770300000)
  from space 512K, 31% used [0x00000007baa00000,0x00000007baa28000,0x00000007baa80000)
  to   space 512K, 0% used [0x00000007ba980000,0x00000007ba980000,0x00000007baa00000)
 ParOldGen       total 173568K, used 21305K [0x00000006c2800000, 0x00000006cd180000, 0x000000076b800000)
  object space 173568K, 12% used [0x00000006c2800000,0x00000006c3cce5d8,0x00000006cd180000)
 Metaspace       used 8389K, capacity 8774K, committed 8960K, reserved 1056768K
  class space    used 662K, capacity 690K, committed 768K, reserved 1048576K
}
Event: 34.266 GC heap before
{Heap before GC invocations=185 (full 0):
 PSYoungGen      total 77312K, used 76960K [0x000000076b800000, 0x00000007baa80000, 0x00000007c0000000)
  eden space 76800K, 100% used [0x000000076b800000,0x0000000770300000,0x0000000770300000)
  from space 512K, 31% used [0x00000007baa00000,0x00000007baa28000,0x00000007baa80000)
  to   space 512K, 0% used [0x00000007ba980000,0x00000007ba980000,0x00000007baa00000)
 ParOldGen       total 173568K, used 21305K [0x00000006c2800000, 0x00000006cd180000, 0x000000076b800000)
  object space 173568K, 12% used [0x00000006c2800000,0x00000006c3cce5d8,0x00000006cd180000)
 Metaspace       used 8389K, capacity 8774K, committed 8960K, reserved 1056768K
  class space    used 662K, capacity 690K, committed 768K, reserved 1048576K
Event: 34.267 GC heap after
Heap after GC invocations=185 (full 0):
 PSYoungGen      total 92672K, used 64K [0x000000076b800000, 0x00000007baa80000, 0x00000007c0000000)
  eden space 92160K, 0% used [0x000000076b800000,0x000000076b800000,0x0000000771200000)
  from space 512K, 12% used [0x00000007ba980000,0x00000007ba990000,0x00000007baa00000)
  to   space 512K, 0% used [0x00000007baa00000,0x00000007baa00000,0x00000007baa80000)
 ParOldGen       total 173568K, used 21337K [0x00000006c2800000, 0x00000006cd180000, 0x000000076b800000)
  object space 173568K, 12% used [0x00000006c2800000,0x00000006c3cd65d8,0x00000006cd180000)
 Metaspace       used 8389K, capacity 8774K, committed 8960K, reserved 1056768K
  class space    used 662K, capacity 690K, committed 768K, reserved 1048576K
}

Deoptimization events (10 events):
Event: 1.462 Thread 0x000000001e2a7800 Uncommon trap: reason=class_check action=maybe_recompile pc=0x00000000028ff0c4 method=sun.misc.FloatingDecimal.parseFloat(Ljava/lang/String;)F @ 4
Event: 1.462 Thread 0x000000001e2a7800 Uncommon trap: reason=class_check action=maybe_recompile pc=0x00000000028ff0c4 method=sun.misc.FloatingDecimal.parseFloat(Ljava/lang/String;)F @ 4
Event: 1.462 Thread 0x000000001e2a7800 Uncommon trap: reason=class_check action=maybe_recompile pc=0x00000000028ff0c4 method=sun.misc.FloatingDecimal.parseFloat(Ljava/lang/String;)F @ 4
Event: 1.462 Thread 0x000000001e2a7800 Uncommon trap: reason=class_check action=maybe_recompile pc=0x00000000028ff0c4 method=sun.misc.FloatingDecimal.parseFloat(Ljava/lang/String;)F @ 4
Event: 1.462 Thread 0x000000001e2a7800 Uncommon trap: reason=unstable_if action=reinterpret pc=0x000000000298735c method=main.client.renderEngine.mesh.MeshBuilder.processFace(Ljava/lang/String;Lmain/client/renderEngine/mesh/MeshBuilder;)Z @ 114
Event: 1.465 Thread 0x000000001e2a7800 Uncommon trap: reason=bimorphic action=maybe_recompile pc=0x00000000027a5e38 method=java.util.HashMap.getNode(ILjava/lang/Object;)Ljava/util/HashMap$Node; @ 126
Event: 1.524 Thread 0x000000001e2a7800 Uncommon trap: reason=unstable_if action=reinterpret pc=0x0000000002928be4 method=main.coreEngine.TickableThread.run()V @ 461
Event: 1.532 Thread 0x000000001e2b1800 Uncommon trap: reason=unstable_if action=reinterpret pc=0x0000000002928be4 method=main.coreEngine.TickableThread.run()V @ 461
Event: 1.540 Thread 0x000000001e2a7800 Uncommon trap: reason=unstable_if action=reinterpret pc=0x0000000002980270 method=java.lang.Integer.valueOf(I)Ljava/lang/Integer; @ 10
Event: 1.541 Thread 0x000000000254e000 Uncommon trap: reason=unstable_if action=reinterpret pc=0x0000000002a4f024 method=main.coreEngine.Engine.start()V @ 163

Internal exceptions (8 events):
Event: 0.031 Thread 0x000000000254e000 Exception <a 'java/lang/NoSuchMethodError': Method sun.misc.Unsafe.defineClass(Ljava/lang/String;[BII)Ljava/lang/Class; name or signature does not match> (0x000000076b80da30) thrown at [C:\workspace\8-2-build-windows-amd64-cygwin\jdk8u65\4987\hotspot\src\s"¶Ö”V ?
Event: 0.031 Thread 0x000000000254e000 Exception <a 'java/lang/NoSuchMethodError': Method sun.misc.Unsafe.prefetchRead(Ljava/lang/Object;J)V name or signature does not match> (0x000000076b80dd18) thrown at [C:\workspace\8-2-build-windows-amd64-cygwin\jdk8u65\4987\hotspot\src\share\vm\prims\jni.è~²4
Event: 0.381 Thread 0x000000001e2a7800 Implicit null exception at 0x00000000027aa3cf to 0x00000000027aa735
Event: 0.382 Thread 0x000000001e2a7800 Exception <a 'java/security/PrivilegedActionException'> (0x000000076daf7b28) thrown at [C:\workspace\8-2-build-windows-amd64-cygwin\jdk8u65\4987\hotspot\src\share\vm\prims\jvm.cpp, line 1386]
Event: 0.382 Thread 0x000000001e2a7800 Exception <a 'java/security/PrivilegedActionException'> (0x000000076daf7f20) thrown at [C:\workspace\8-2-build-windows-amd64-cygwin\jdk8u65\4987\hotspot\src\share\vm\prims\jvm.cpp, line 1386]
Event: 0.382 Thread 0x000000001e2a7800 Exception <a 'java/security/PrivilegedActionException'> (0x000000076dafc138) thrown at [C:\workspace\8-2-build-windows-amd64-cygwin\jdk8u65\4987\hotspot\src\share\vm\prims\jvm.cpp, line 1386]
Event: 0.382 Thread 0x000000001e2a7800 Exception <a 'java/security/PrivilegedActionException'> (0x000000076dafc530) thrown at [C:\workspace\8-2-build-windows-amd64-cygwin\jdk8u65\4987\hotspot\src\share\vm\prims\jvm.cpp, line 1386]
Event: 0.776 Thread 0x000000000254e000 Implicit null exception at 0x00000000027b673c to 0x00000000027b6d09

Events (10 events):
Event: 34.032 Executing VM operation: ParallelGCFailedAllocation
Event: 34.033 Executing VM operation: ParallelGCFailedAllocation done
Event: 34.085 Executing VM operation: ParallelGCFailedAllocation
Event: 34.086 Executing VM operation: ParallelGCFailedAllocation done
Event: 34.153 Executing VM operation: ParallelGCFailedAllocation
Event: 34.154 Executing VM operation: ParallelGCFailedAllocation done
Event: 34.205 Executing VM operation: ParallelGCFailedAllocation
Event: 34.206 Executing VM operation: ParallelGCFailedAllocation done
Event: 34.266 Executing VM operation: ParallelGCFailedAllocation
Event: 34.267 Executing VM operation: ParallelGCFailedAllocation done


Dynamic libraries:
0x00007ff603aa0000 - 0x00007ff603ad7000 	C:\Program Files\Java\jdk1.8.0_65\bin\java.exe
0x00007ffb48720000 - 0x00007ffb488e1000 	C:\WINDOWS\SYSTEM32\ntdll.dll
0x00007ffb48170000 - 0x00007ffb4821d000 	C:\WINDOWS\system32\KERNEL32.DLL
0x00007ffb45560000 - 0x00007ffb45748000 	C:\WINDOWS\system32\KERNELBASE.dll
0x00007ffb47a50000 - 0x00007ffb47af7000 	C:\WINDOWS\system32\ADVAPI32.dll
0x00007ffb480d0000 - 0x00007ffb4816d000 	C:\WINDOWS\system32\msvcrt.dll
0x00007ffb47b00000 - 0x00007ffb47b5b000 	C:\WINDOWS\system32\sechost.dll
0x00007ffb47700000 - 0x00007ffb4781c000 	C:\WINDOWS\system32\RPCRT4.dll
0x00007ffb485c0000 - 0x00007ffb48716000 	C:\WINDOWS\system32\USER32.dll
0x00007ffb48220000 - 0x00007ffb483a6000 	C:\WINDOWS\system32\GDI32.dll
0x00007ffb41530000 - 0x00007ffb417a4000 	C:\WINDOWS\WinSxS\amd64_microsoft.windows.common-controls_6595b64144ccf1df_6.0.10586.0_none_8c15ae12515e1c22\COMCTL32.dll
0x00007ffb45b00000 - 0x00007ffb45d7d000 	C:\WINDOWS\system32\combase.dll
0x00007ffb45920000 - 0x00007ffb4598a000 	C:\WINDOWS\system32\bcryptPrimitives.dll
0x00007ffb45f90000 - 0x00007ffb45fcb000 	C:\WINDOWS\system32\IMM32.DLL
0x000000006ce60000 - 0x000000006cf32000 	C:\Program Files\Java\jdk1.8.0_65\jre\bin\msvcr100.dll
0x000000006c5d0000 - 0x000000006ce59000 	C:\Program Files\Java\jdk1.8.0_65\jre\bin\server\jvm.dll
0x00007ffb475a0000 - 0x00007ffb475a8000 	C:\WINDOWS\system32\PSAPI.DLL
0x00007ffb42fa0000 - 0x00007ffb42fc3000 	C:\WINDOWS\SYSTEM32\WINMM.dll
0x00007ffb3c060000 - 0x00007ffb3c069000 	C:\WINDOWS\SYSTEM32\WSOCK32.dll
0x00007ffb418d0000 - 0x00007ffb418da000 	C:\WINDOWS\SYSTEM32\VERSION.dll
0x00007ffb48420000 - 0x00007ffb4848b000 	C:\WINDOWS\system32\WS2_32.dll
0x00007ffb42f40000 - 0x00007ffb42f6c000 	C:\WINDOWS\SYSTEM32\WINMMBASE.dll
0x00007ffb45ab0000 - 0x00007ffb45af3000 	C:\WINDOWS\system32\cfgmgr32.dll
0x000000006c5c0000 - 0x000000006c5cf000 	C:\Program Files\Java\jdk1.8.0_65\jre\bin\verify.dll
0x000000006c590000 - 0x000000006c5b9000 	C:\Program Files\Java\jdk1.8.0_65\jre\bin\java.dll
0x000000006c550000 - 0x000000006c585000 	C:\Program Files\Java\jdk1.8.0_65\jre\bin\jdwp.dll
0x000000006c540000 - 0x000000006c548000 	C:\Program Files\Java\jdk1.8.0_65\jre\bin\npt.dll
0x000000006c520000 - 0x000000006c536000 	C:\Program Files\Java\jdk1.8.0_65\jre\bin\zip.dll
0x00007ffb45fd0000 - 0x00007ffb4752c000 	C:\WINDOWS\system32\SHELL32.dll
0x00007ffb44ef0000 - 0x00007ffb45535000 	C:\WINDOWS\system32\windows.storage.dll
0x00007ffb483c0000 - 0x00007ffb48412000 	C:\WINDOWS\system32\shlwapi.dll
0x00007ffb44da0000 - 0x00007ffb44daf000 	C:\WINDOWS\system32\kernel.appcore.dll
0x00007ffb459f0000 - 0x00007ffb45aa5000 	C:\WINDOWS\system32\shcore.dll
0x00007ffb44d50000 - 0x00007ffb44d9b000 	C:\WINDOWS\system32\powrprof.dll
0x00007ffb44d20000 - 0x00007ffb44d34000 	C:\WINDOWS\system32\profapi.dll
0x000000006c2f0000 - 0x000000006c2f9000 	C:\Program Files\Java\jdk1.8.0_65\jre\bin\dt_socket.dll
0x00007ffb44650000 - 0x00007ffb446ac000 	C:\WINDOWS\system32\mswsock.dll
0x00007ffb31ec0000 - 0x00007ffb31f48000 	D:\Code\Java\Projects\WireEngine20\lib\native\lwjgl.dll
0x00007ffb44820000 - 0x00007ffb4482b000 	C:\WINDOWS\SYSTEM32\CRYPTBASE.DLL
0x00007ffb31e70000 - 0x00007ffb31eb2000 	D:\Code\Java\Projects\WireEngine20\lib\native\jemalloc.dll
0x00007ffb31e30000 - 0x00007ffb31e68000 	D:\Code\Java\Projects\WireEngine20\lib\native\glfw.dll
0x00007ffb436a0000 - 0x00007ffb43736000 	C:\WINDOWS\system32\uxtheme.dll
0x00007ffb42950000 - 0x00007ffb42972000 	C:\WINDOWS\SYSTEM32\dwmapi.dll
0x00007ffb2da30000 - 0x00007ffb2db59000 	C:\WINDOWS\SYSTEM32\opengl32.dll
0x00007ffb2fd50000 - 0x00007ffb2fe4a000 	C:\WINDOWS\SYSTEM32\DDRAW.dll
0x00007ffb3a050000 - 0x00007ffb3a07e000 	C:\WINDOWS\SYSTEM32\GLU32.dll
0x00007ffb40230000 - 0x00007ffb40238000 	C:\WINDOWS\SYSTEM32\DCIMAN32.dll
0x00007ffb478f0000 - 0x00007ffb47a4a000 	C:\WINDOWS\system32\MSCTF.dll
0x00007ffb2cbb0000 - 0x00007ffb2cbf9000 	C:\Program Files (x86)\TeamViewer\tv_x64.dll
0x00007ffb475b0000 - 0x00007ffb476f3000 	C:\WINDOWS\system32\ole32.dll
0x000000006a5a0000 - 0x000000006c2e9000 	C:\WINDOWS\SYSTEM32\nvoglv64.DLL
0x00007ffb47c20000 - 0x00007ffb48049000 	C:\WINDOWS\system32\SETUPAPI.dll
0x00007ffb42d00000 - 0x00007ffb42d13000 	C:\WINDOWS\SYSTEM32\WTSAPI32.dll
0x00007ffb437f0000 - 0x00007ffb43817000 	C:\WINDOWS\SYSTEM32\DEVOBJ.dll
0x00007ffb45990000 - 0x00007ffb459e5000 	C:\WINDOWS\system32\WINTRUST.dll
0x00007ffb44d40000 - 0x00007ffb44d50000 	C:\WINDOWS\system32\MSASN1.dll
0x00007ffb45750000 - 0x00007ffb45917000 	C:\WINDOWS\system32\CRYPT32.dll
0x00007ffb44270000 - 0x00007ffb442a1000 	C:\WINDOWS\SYSTEM32\ntmarta.dll
0x00007ffb43fc0000 - 0x00007ffb44016000 	C:\WINDOWS\SYSTEM32\WINSTA.dll
0x00007ffb47b70000 - 0x00007ffb47c17000 	C:\WINDOWS\system32\clbcatq.dll
0x00007ffb3d0b0000 - 0x00007ffb3d0d5000 	C:\Program Files (x86)\Samsung\Easy Printer Manager\SmartScreenPrint\CDAKEYMonitor64.dll
0x00007ffb47820000 - 0x00007ffb478e1000 	C:\WINDOWS\system32\OLEAUT32.dll
0x00007ffb2ca20000 - 0x00007ffb2cbac000 	C:\WINDOWS\SYSTEM32\dbghelp.dll

VM Arguments:
jvm_args: -agentlib:jdwp=transport=dt_socket,address=127.0.0.1:63747,suspend=y,server=n -Djava.library.path=lib/native/ -Dfile.encoding=UTF-8 
java_command: main.Main
java_class_path (initial): C:\Program Files\Java\jdk1.8.0_65\jre\lib\charsets.jar;C:\Program Files\Java\jdk1.8.0_65\jre\lib\deploy.jar;C:\Program Files\Java\jdk1.8.0_65\jre\lib\ext\access-bridge-64.jar;C:\Program Files\Java\jdk1.8.0_65\jre\lib\ext\cldrdata.jar;C:\Program Files\Java\jdk1.8.0_65\jre\lib\ext\dnsns.jar;C:\Program Files\Java\jdk1.8.0_65\jre\lib\ext\jaccess.jar;C:\Program Files\Java\jdk1.8.0_65\jre\lib\ext\jfxrt.jar;C:\Program Files\Java\jdk1.8.0_65\jre\lib\ext\localedata.jar;C:\Program Files\Java\jdk1.8.0_65\jre\lib\ext\nashorn.jar;C:\Program Files\Java\jdk1.8.0_65\jre\lib\ext\sunec.jar;C:\Program Files\Java\jdk1.8.0_65\jre\lib\ext\sunjce_provider.jar;C:\Program Files\Java\jdk1.8.0_65\jre\lib\ext\sunmscapi.jar;C:\Program Files\Java\jdk1.8.0_65\jre\lib\ext\sunpkcs11.jar;C:\Program Files\Java\jdk1.8.0_65\jre\lib\ext\zipfs.jar;C:\Program Files\Java\jdk1.8.0_65\jre\lib\javaws.jar;C:\Program Files\Java\jdk1.8.0_65\jre\lib\jce.jar;C:\Program Files\Java\jdk1.8.0_65\jre\lib\jfr.jar;C:\Program Files\Java\jdk1.8.0_65\jre\lib\jfxswt.jar;C:\Program Files\Java\jdk1.8.0_65\jre\lib\jsse.jar;C:\Program Files\Java\jdk1.8.0_65\jre\lib\management-agent.jar;C:\Program Files\Java\jdk1.8.0_65\jre\lib\plugin.jar;C:\Program Files\Java\jdk1.8.0_65\jre\lib\resources.jar;C:\Program Files\Java\jdk1.8.0_65\jre\lib\rt.jar;D:\Code\Java\Projects\WireEngine20\out\production\WireEngine20;D:\Code\Java\Projects\WireEngine20\lib\jar\lwjgl.jar;D:\Code\Java\Projects\WireEngine20\lib\jar\slick-util.jar;D:\Program Files (x86)\JetBrains\IntelliJ IDEA 2016.1\lib\idea_rt.jar
Launcher Type: SUN_STANDARD

Environment Variables:
JAVA_HOME=C:\Program Files\Java\jdk1.8.0_65
PATH=C:\ProgramData\Oracle\Java\javapath;C:\Program Files (x86)\Razer Chroma SDK\bin;C:\Program Files\Razer Chroma SDK\bin;C:\Program Files (x86)\NVIDIA Corporation\PhysX\Common;C:\Program Files (x86)\Intel\iCLS Client\;C:\Program Files\Intel\iCLS Client\;C:\Windows\system32;C:\Windows;C:\Windows\System32\Wbem;C:\Windows\System32\WindowsPowerShell\v1.0\;C:\Program Files\Intel\Intel(R) Management Engine Components\DAL;C:\Program Files (x86)\Intel\Intel(R) Management Engine Components\DAL;C:\Program Files\Intel\Intel(R) Management Engine Components\IPT;C:\Program Files (x86)\Intel\Intel(R) Management Engine Components\IPT;C:\Program Files\Java\jre1.8.0_65\bin;C:\MinGW\bin;C:\WINDOWS\system32;C:\WINDOWS;C:\WINDOWS\System32\Wbem;C:\WINDOWS\System32\WindowsPowerShell\v1.0\;D:\Program Files (x86)\CMake\bin;D:\Program Files\Programs\Python\Python35-32;D:\Program Files\Programs\Python\Python35-32\Scripts;C:\Program Files (x86)\Skype\Phone\;D:\Program Files\Programs\Python\Python35-32\Scripts\;D:\Program Files\Programs\Python\Python35-32\
USERNAME=Kelan
OS=Windows_NT
PROCESSOR_IDENTIFIER=Intel64 Family 6 Model 60 Stepping 3, GenuineIntel



---------------  S Y S T E M  ---------------

OS: Windows 10.0 , 64 bit Build 10586 (10.0.10586.0)

CPU:total 8 (4 cores per cpu, 2 threads per core) family 6 model 60 stepping 3, cmov, cx8, fxsr, mmx, sse, sse2, sse3, ssse3, sse4.1, sse4.2, popcnt, avx, avx2, aes, clmul, erms, lzcnt, ht, tsc, tscinvbit, bmi1, bmi2

Memory: 4k page, physical 16609500k(7096352k free), swap 33386716k(20704932k free)

vm_info: Java HotSpot(TM) 64-Bit Server VM (25.65-b01) for windows-amd64 JRE (1.8.0_65-b17), built on Oct  6 2015 16:39:20 by "java_re" with MS VC++ 10.0 (VS2010)

time: Tue Apr 19 16:39:25 2016
elapsed time: 34 seconds (0d 0h 0m 34s)

