#
# A fatal error has been detected by the Java Runtime Environment:
#
#  EXCEPTION_ACCESS_VIOLATION (0xc0000005) at pc=0x00007ffdd40d24b9, pid=8092, tid=6712
#
# JRE version: Java(TM) SE Runtime Environment (8.0_65-b17) (build 1.8.0_65-b17)
# Java VM: Java HotSpot(TM) 64-Bit Server VM (25.65-b01 mixed mode windows-amd64 compressed oops)
# Problematic frame:
# C  [glfw.dll+0x24b9]
#
# Failed to write core dump. Minidumps are not enabled by default on client versions of Windows
#
# If you would like to submit a bug report, please visit:
#   http://bugreport.java.com/bugreport/crash.jsp
# The crash happened outside the Java Virtual Machine in native code.
# See problematic frame for where to report the bug.
#

---------------  T H R E A D  ---------------

Current thread (0x000000001e2a5000):  JavaThread "CLIENT" [_thread_in_native, id=6712, stack(0x000000001efb0000,0x000000001f0b0000)]

siginfo: ExceptionCode=0xc0000005, reading address 0x0000000000000000

Registers:
RAX=0x0000000000000000, RBX=0x000000001bb3ec50, RCX=0x0000000000000000, RDX=0x0000000000000000
RSP=0x000000001f0aec00, RBP=0x000000001f0aec90, RSI=0x0000000000000108, RDI=0x00000000005f0f30
R8 =0x000000001f0aebf8, R9 =0x000000001f0aec90, R10=0x0000000000000000, R11=0x0000000000000246
R12=0x0000000000000000, R13=0x000000001f0aeca8, R14=0x000000001f0aec80, R15=0x000000001e2a5000
RIP=0x00007ffdd40d24b9, EFLAGS=0x0000000000010283

Top of Stack: (sp=0x000000001f0aec00)
0x000000001f0aec00:   0000000000000000 0000000000000108
0x000000001f0aec10:   000000001bae53e8 000000000271e670
0x000000001f0aec20:   0000000000000ed4 0000000002a66b4a
0x000000001f0aec30:   000000001bb3ec50 000000007052aea4
0x000000001f0aec40:   000000001e2a5000 000000001e2a5000
0x000000001f0aec50:   000000001e2a5000 0000000000000000
0x000000001f0aec60:   000000001e285bf0 00000000704b5eba
0x000000001f0aec70:   000000001f0af438 000000001f0aed08
0x000000001f0aec80:   00000006c2802010 0000000000000ed3
0x000000001f0aec90:   000000001f0aed08 0000000002727d8d
0x000000001f0aeca0:   0000000002727d8d 00000000005f0f30
0x000000001f0aecb0:   00000000027278a0 00007ffdd40d2420
0x000000001f0aecc0:   0000000000000001 000000001f0aecc8
0x000000001f0aecd0:   000000001bb58a8c 000000001f0aed30
0x000000001f0aece0:   000000001bb5aa50 0000000000000000
0x000000001f0aecf0:   000000001bb58ab8 000000001f0aeca8 

Instructions: (pc=0x00007ffdd40d24b9)
0x00007ffdd40d2499:   48 8b cf e8 1f 3a 00 00 48 39 3d f0 d5 02 00 48
0x00007ffdd40d24a9:   8d 0d e9 d5 02 00 48 8b 5c 24 30 74 08 48 8b 09
0x00007ffdd40d24b9:   48 39 39 75 f8 48 8b 07 48 89 01 48 8b cf 48 83
0x00007ffdd40d24c9:   c4 20 5f e9 5b fe 00 00 48 83 c4 20 5f c3 cc cc 


Register to memory mapping:

RAX=0x0000000000000000 is an unknown value
RBX={method} {0x000000001bb3ec58} 'invokePV' '(JJ)V' in 'org/lwjgl/system/JNI'
RCX=0x0000000000000000 is an unknown value
RDX=0x0000000000000000 is an unknown value
RSP=0x000000001f0aec00 is pointing into the stack for thread: 0x000000001e2a5000
RBP=0x000000001f0aec90 is pointing into the stack for thread: 0x000000001e2a5000
RSI=0x0000000000000108 is an unknown value
RDI=0x00000000005f0f30 is an unknown value
R8 =0x000000001f0aebf8 is pointing into the stack for thread: 0x000000001e2a5000
R9 =0x000000001f0aec90 is pointing into the stack for thread: 0x000000001e2a5000
R10=0x0000000000000000 is an unknown value
R11=0x0000000000000246 is an unknown value
R12=0x0000000000000000 is an unknown value
R13=0x000000001f0aeca8 is pointing into the stack for thread: 0x000000001e2a5000
R14=0x000000001f0aec80 is pointing into the stack for thread: 0x000000001e2a5000
R15=0x000000001e2a5000 is a thread


Stack: [0x000000001efb0000,0x000000001f0b0000],  sp=0x000000001f0aec00,  free space=1019k
Native frames: (J=compiled Java code, j=interpreted, Vv=VM code, C=native code)
C  [glfw.dll+0x24b9]
C  0x0000000002a66b4a

Java frames: (J=compiled Java code, j=interpreted, Vv=VM code)
J 677  org.lwjgl.system.JNI.invokePV(JJ)V (0 bytes) @ 0x0000000002a66ac4 [0x0000000002a66a80+0x44]
j  org.lwjgl.glfw.GLFW.glfwDestroyCursor(J)V+20
j  main.client.Window.destroyWindow()V+9
j  main.coreEngine.Engine.stop()V+70
J 725 C1 main.client.Window.update()V (47 bytes) @ 0x0000000002a98c14 [0x0000000002a982c0+0x954]
J 703 C1 main.client.renderEngine.RenderEngine.render()V (51 bytes) @ 0x0000000002a7976c [0x0000000002a787e0+0xf8c]
J 679 C1 main.client.ClientThread.tick()V (64 bytes) @ 0x0000000002a67834 [0x0000000002a67300+0x534]
j  main.coreEngine.TickableThread.run()V+465
v  ~StubRoutines::call_stub

---------------  P R O C E S S  ---------------

Java Threads: ( => current thread )
  0x000000001e2a6800 JavaThread "SERVER" [_thread_in_Java, id=2508, stack(0x000000001f0b0000,0x000000001f1b0000)]
=>0x000000001e2a5000 JavaThread "CLIENT" [_thread_in_native, id=6712, stack(0x000000001efb0000,0x000000001f0b0000)]
  0x000000001e1a0000 JavaThread "Service Thread" daemon [_thread_blocked, id=14192, stack(0x000000001edb0000,0x000000001eeb0000)]
  0x000000001e112800 JavaThread "C1 CompilerThread3" daemon [_thread_blocked, id=10672, stack(0x000000001ecb0000,0x000000001edb0000)]
  0x000000001e104000 JavaThread "C2 CompilerThread2" daemon [_thread_blocked, id=11072, stack(0x000000001ebb0000,0x000000001ecb0000)]
  0x000000001e103800 JavaThread "C2 CompilerThread1" daemon [_thread_blocked, id=7244, stack(0x000000001eab0000,0x000000001ebb0000)]
  0x000000001e10d800 JavaThread "C2 CompilerThread0" daemon [_thread_blocked, id=7968, stack(0x000000001e9b0000,0x000000001eab0000)]
  0x000000001e0f3000 JavaThread "JDWP Command Reader" daemon [_thread_in_native, id=10428, stack(0x000000001e8b0000,0x000000001e9b0000)]
  0x000000001e0f2000 JavaThread "JDWP Event Helper Thread" daemon [_thread_blocked, id=10836, stack(0x000000001e7b0000,0x000000001e8b0000)]
  0x000000001e0e1000 JavaThread "JDWP Transport Listener: dt_socket" daemon [_thread_blocked, id=7580, stack(0x000000001e6b0000,0x000000001e7b0000)]
  0x000000001e0d7000 JavaThread "Attach Listener" daemon [_thread_blocked, id=5712, stack(0x000000001e5b0000,0x000000001e6b0000)]
  0x000000001e0d6000 JavaThread "Signal Dispatcher" daemon [_thread_blocked, id=5956, stack(0x000000001e4b0000,0x000000001e5b0000)]
  0x000000000271a800 JavaThread "Finalizer" daemon [_thread_blocked, id=6376, stack(0x000000001dfb0000,0x000000001e0b0000)]
  0x0000000002714000 JavaThread "Reference Handler" daemon [_thread_blocked, id=8908, stack(0x000000001deb0000,0x000000001dfb0000)]
  0x0000000000a2e000 JavaThread "main" [_thread_in_Java, id=14120, stack(0x0000000002520000,0x0000000002620000)]

Other Threads:
  0x000000001c0b9800 VMThread [stack: 0x000000001ddb0000,0x000000001deb0000] [id=2464]
  0x000000001e1b3000 WatcherThread [stack: 0x000000001eeb0000,0x000000001efb0000] [id=9756]

VM state:not at safepoint (normal execution)

VM Mutex/Monitor currently owned by a thread: None

Heap:
 PSYoungGen      total 45568K, used 28444K [0x000000076b800000, 0x0000000784280000, 0x00000007c0000000)
  eden space 45056K, 62% used [0x000000076b800000,0x000000076d3b7168,0x000000076e400000)
  from space 512K, 12% used [0x0000000784180000,0x0000000784190000,0x0000000784200000)
  to   space 512K, 0% used [0x0000000784200000,0x0000000784200000,0x0000000784280000)
 ParOldGen       total 173568K, used 1492K [0x00000006c2800000, 0x00000006cd180000, 0x000000076b800000)
  object space 173568K, 0% used [0x00000006c2800000,0x00000006c2975060,0x00000006cd180000)
 Metaspace       used 8262K, capacity 8710K, committed 8960K, reserved 1056768K
  class space    used 655K, capacity 690K, committed 768K, reserved 1048576K

Card table byte_map: [0x0000000011ae0000,0x00000000122d0000] byte_map_base: 0x000000000e4cc000

Marking Bits: (ParMarkBitMap*) 0x0000000070c0a5b0
 Begin Bits: [0x0000000013020000, 0x0000000016f80000)
 End Bits:   [0x0000000016f80000, 0x000000001aee0000)

Polling page: 0x00000000005a0000

CodeCache: size=245760Kb used=3446Kb max_used=3541Kb free=242313Kb
 bounds [0x0000000002720000, 0x0000000002aa0000, 0x0000000011720000]
 total_blobs=1344 nmethods=691 adapters=574
 compilation: enabled

Compilation events (10 events):
Event: 13.749 Thread 0x000000001e112800  725       3       main.client.Window::update (47 bytes)
Event: 13.750 Thread 0x000000001e112800 nmethod 725 0x0000000002a97f90 code [0x0000000002a982c0, 0x0000000002a992f8]
Event: 13.750 Thread 0x000000001e112800  726       3       org.lwjgl.glfw.GLFW::glfwSwapBuffers (24 bytes)
Event: 13.750 Thread 0x000000001e112800 nmethod 726 0x0000000002a75350 code [0x0000000002a754e0, 0x0000000002a75838]
Event: 14.099 Thread 0x000000001e103800  727       4       java.nio.Buffer::position (43 bytes)
Event: 14.100 Thread 0x000000001e103800 nmethod 727 0x0000000002838750 code [0x0000000002838880, 0x0000000002838938]
Event: 14.899 Thread 0x000000001e104000  728       4       java.nio.Buffer::<init> (121 bytes)
Event: 14.900 Thread 0x000000001e104000 nmethod 728 0x0000000002862b10 code [0x0000000002862c60, 0x0000000002862e38]
Event: 15.900 Thread 0x000000001e10d800  729       4       main.coreEngine.util.maths.Matrix4f::rotate (563 bytes)
Event: 15.902 Thread 0x000000001e10d800 nmethod 729 0x0000000002821bd0 code [0x0000000002821d40, 0x0000000002822278]

GC Heap History (10 events):
Event: 15.910 GC heap before
{Heap before GC invocations=233 (full 0):
 PSYoungGen      total 48128K, used 47712K [0x000000076b800000, 0x0000000784280000, 0x00000007c0000000)
  eden space 47616K, 100% used [0x000000076b800000,0x000000076e680000,0x000000076e680000)
  from space 512K, 18% used [0x0000000784200000,0x0000000784218000,0x0000000784280000)
  to   space 512K, 0% used [0x0000000784180000,0x0000000784180000,0x0000000784200000)
 ParOldGen       total 173568K, used 1468K [0x00000006c2800000, 0x00000006cd180000, 0x000000076b800000)
  object space 173568K, 0% used [0x00000006c2800000,0x00000006c296f060,0x00000006cd180000)
 Metaspace       used 8261K, capacity 8710K, committed 8960K, reserved 1056768K
  class space    used 655K, capacity 690K, committed 768K, reserved 1048576K
Event: 15.911 GC heap after
Heap after GC invocations=233 (full 0):
 PSYoungGen      total 47616K, used 160K [0x000000076b800000, 0x0000000784280000, 0x00000007c0000000)
  eden space 47104K, 0% used [0x000000076b800000,0x000000076b800000,0x000000076e600000)
  from space 512K, 31% used [0x0000000784180000,0x00000007841a8000,0x0000000784200000)
  to   space 512K, 0% used [0x0000000784200000,0x0000000784200000,0x0000000784280000)
 ParOldGen       total 173568K, used 1468K [0x00000006c2800000, 0x00000006cd180000, 0x000000076b800000)
  object space 173568K, 0% used [0x00000006c2800000,0x00000006c296f060,0x00000006cd180000)
 Metaspace       used 8261K, capacity 8710K, committed 8960K, reserved 1056768K
  class space    used 655K, capacity 690K, committed 768K, reserved 1048576K
}
Event: 15.957 GC heap before
{Heap before GC invocations=234 (full 0):
 PSYoungGen      total 47616K, used 47264K [0x000000076b800000, 0x0000000784280000, 0x00000007c0000000)
  eden space 47104K, 100% used [0x000000076b800000,0x000000076e600000,0x000000076e600000)
  from space 512K, 31% used [0x0000000784180000,0x00000007841a8000,0x0000000784200000)
  to   space 512K, 0% used [0x0000000784200000,0x0000000784200000,0x0000000784280000)
 ParOldGen       total 173568K, used 1468K [0x00000006c2800000, 0x00000006cd180000, 0x000000076b800000)
  object space 173568K, 0% used [0x00000006c2800000,0x00000006c296f060,0x00000006cd180000)
 Metaspace       used 8261K, capacity 8710K, committed 8960K, reserved 1056768K
  class space    used 655K, capacity 690K, committed 768K, reserved 1048576K
Event: 15.957 GC heap after
Heap after GC invocations=234 (full 0):
 PSYoungGen      total 47104K, used 160K [0x000000076b800000, 0x0000000784280000, 0x00000007c0000000)
  eden space 46592K, 0% used [0x000000076b800000,0x000000076b800000,0x000000076e580000)
  from space 512K, 31% used [0x0000000784200000,0x0000000784228000,0x0000000784280000)
  to   space 512K, 0% used [0x0000000784180000,0x0000000784180000,0x0000000784200000)
 ParOldGen       total 173568K, used 1468K [0x00000006c2800000, 0x00000006cd180000, 0x000000076b800000)
  object space 173568K, 0% used [0x00000006c2800000,0x00000006c296f060,0x00000006cd180000)
 Metaspace       used 8261K, capacity 8710K, committed 8960K, reserved 1056768K
  class space    used 655K, capacity 690K, committed 768K, reserved 1048576K
}
Event: 16.008 GC heap before
{Heap before GC invocations=235 (full 0):
 PSYoungGen      total 47104K, used 46752K [0x000000076b800000, 0x0000000784280000, 0x00000007c0000000)
  eden space 46592K, 100% used [0x000000076b800000,0x000000076e580000,0x000000076e580000)
  from space 512K, 31% used [0x0000000784200000,0x0000000784228000,0x0000000784280000)
  to   space 512K, 0% used [0x0000000784180000,0x0000000784180000,0x0000000784200000)
 ParOldGen       total 173568K, used 1468K [0x00000006c2800000, 0x00000006cd180000, 0x000000076b800000)
  object space 173568K, 0% used [0x00000006c2800000,0x00000006c296f060,0x00000006cd180000)
 Metaspace       used 8261K, capacity 8710K, committed 8960K, reserved 1056768K
  class space    used 655K, capacity 690K, committed 768K, reserved 1048576K
Event: 16.009 GC heap after
Heap after GC invocations=235 (full 0):
 PSYoungGen      total 46592K, used 160K [0x000000076b800000, 0x0000000784280000, 0x00000007c0000000)
  eden space 46080K, 0% used [0x000000076b800000,0x000000076b800000,0x000000076e500000)
  from space 512K, 31% used [0x0000000784180000,0x00000007841a8000,0x0000000784200000)
  to   space 512K, 0% used [0x0000000784200000,0x0000000784200000,0x0000000784280000)
 ParOldGen       total 173568K, used 1468K [0x00000006c2800000, 0x00000006cd180000, 0x000000076b800000)
  object space 173568K, 0% used [0x00000006c2800000,0x00000006c296f060,0x00000006cd180000)
 Metaspace       used 8261K, capacity 8710K, committed 8960K, reserved 1056768K
  class space    used 655K, capacity 690K, committed 768K, reserved 1048576K
}
Event: 16.046 GC heap before
{Heap before GC invocations=236 (full 0):
 PSYoungGen      total 46592K, used 46240K [0x000000076b800000, 0x0000000784280000, 0x00000007c0000000)
  eden space 46080K, 100% used [0x000000076b800000,0x000000076e500000,0x000000076e500000)
  from space 512K, 31% used [0x0000000784180000,0x00000007841a8000,0x0000000784200000)
  to   space 512K, 0% used [0x0000000784200000,0x0000000784200000,0x0000000784280000)
 ParOldGen       total 173568K, used 1468K [0x00000006c2800000, 0x00000006cd180000, 0x000000076b800000)
  object space 173568K, 0% used [0x00000006c2800000,0x00000006c296f060,0x00000006cd180000)
 Metaspace       used 8261K, capacity 8710K, committed 8960K, reserved 1056768K
  class space    used 655K, capacity 690K, committed 768K, reserved 1048576K
Event: 16.047 GC heap after
Heap after GC invocations=236 (full 0):
 PSYoungGen      total 46080K, used 128K [0x000000076b800000, 0x0000000784280000, 0x00000007c0000000)
  eden space 45568K, 0% used [0x000000076b800000,0x000000076b800000,0x000000076e480000)
  from space 512K, 25% used [0x0000000784200000,0x0000000784220000,0x0000000784280000)
  to   space 512K, 0% used [0x0000000784180000,0x0000000784180000,0x0000000784200000)
 ParOldGen       total 173568K, used 1468K [0x00000006c2800000, 0x00000006cd180000, 0x000000076b800000)
  object space 173568K, 0% used [0x00000006c2800000,0x00000006c296f060,0x00000006cd180000)
 Metaspace       used 8261K, capacity 8710K, committed 8960K, reserved 1056768K
  class space    used 655K, capacity 690K, committed 768K, reserved 1048576K
}
Event: 16.096 GC heap before
{Heap before GC invocations=237 (full 0):
 PSYoungGen      total 46080K, used 45696K [0x000000076b800000, 0x0000000784280000, 0x00000007c0000000)
  eden space 45568K, 100% used [0x000000076b800000,0x000000076e480000,0x000000076e480000)
  from space 512K, 25% used [0x0000000784200000,0x0000000784220000,0x0000000784280000)
  to   space 512K, 0% used [0x0000000784180000,0x0000000784180000,0x0000000784200000)
 ParOldGen       total 173568K, used 1468K [0x00000006c2800000, 0x00000006cd180000, 0x000000076b800000)
  object space 173568K, 0% used [0x00000006c2800000,0x00000006c296f060,0x00000006cd180000)
 Metaspace       used 8261K, capacity 8710K, committed 8960K, reserved 1056768K
  class space    used 655K, capacity 690K, committed 768K, reserved 1048576K
Event: 16.097 GC heap after
Heap after GC invocations=237 (full 0):
 PSYoungGen      total 45568K, used 64K [0x000000076b800000, 0x0000000784280000, 0x00000007c0000000)
  eden space 45056K, 0% used [0x000000076b800000,0x000000076b800000,0x000000076e400000)
  from space 512K, 12% used [0x0000000784180000,0x0000000784190000,0x0000000784200000)
  to   space 512K, 0% used [0x0000000784200000,0x0000000784200000,0x0000000784280000)
 ParOldGen       total 173568K, used 1492K [0x00000006c2800000, 0x00000006cd180000, 0x000000076b800000)
  object space 173568K, 0% used [0x00000006c2800000,0x00000006c2975060,0x00000006cd180000)
 Metaspace       used 8261K, capacity 8710K, committed 8960K, reserved 1056768K
  class space    used 655K, capacity 690K, committed 768K, reserved 1048576K
}

Deoptimization events (10 events):
Event: 0.443 Thread 0x000000001e2a5000 Uncommon trap: reason=bimorphic action=maybe_recompile pc=0x00000000028747f8 method=java.util.HashMap.getNode(ILjava/lang/Object;)Ljava/util/HashMap$Node; @ 126
Event: 0.444 Thread 0x000000001e2a5000 Uncommon trap: reason=bimorphic action=maybe_recompile pc=0x00000000028747f8 method=java.util.HashMap.getNode(ILjava/lang/Object;)Ljava/util/HashMap$Node; @ 126
Event: 0.449 Thread 0x000000001e2a5000 Uncommon trap: reason=unstable_if action=reinterpret pc=0x000000000286bc18 method=java.util.HashMap.keySet()Ljava/util/Set; @ 6
Event: 0.861 Thread 0x000000001e2a5000 Uncommon trap: reason=unstable_if action=reinterpret pc=0x0000000002864484 method=java.util.HashMap.clear()V @ 16
Event: 0.861 Thread 0x000000001e2a5000 Uncommon trap: reason=unstable_if action=reinterpret pc=0x0000000002865c18 method=java.util.HashMap.clear()V @ 16
Event: 0.861 Thread 0x0000000000a2e000 Uncommon trap: reason=unstable_if action=reinterpret pc=0x00000000028933fc method=main.coreEngine.TickableThread.invoke(Ljava/lang/String;[Ljava/lang/Object;)V @ 53
Event: 0.861 Thread 0x000000001e2a6800 Uncommon trap: reason=unstable_if action=reinterpret pc=0x000000000289c364 method=main.coreEngine.TickableThread.run()V @ 58
Event: 0.976 Thread 0x000000001e2a5000 Uncommon trap: reason=unstable_if action=reinterpret pc=0x0000000002a0caac method=main.coreEngine.TickableThread.run()V @ 461
Event: 0.984 Thread 0x000000001e2a6800 Uncommon trap: reason=unstable_if action=reinterpret pc=0x0000000002a0caac method=main.coreEngine.TickableThread.run()V @ 461
Event: 0.992 Thread 0x0000000000a2e000 Uncommon trap: reason=unstable_if action=reinterpret pc=0x0000000002a070b0 method=main.coreEngine.Engine.start()V @ 163

Internal exceptions (8 events):
Event: 0.025 Thread 0x0000000000a2e000 Exception <a 'java/lang/NoSuchMethodError': Method sun.misc.Unsafe.defineClass(Ljava/lang/String;[BII)Ljava/lang/Class; name or signature does not match> (0x000000076b80d9b8) thrown at [C:\workspace\8-2-build-windows-amd64-cygwin\jdk8u65\4987\hotspot\src\sëhoú‡ô?
Event: 0.025 Thread 0x0000000000a2e000 Exception <a 'java/lang/NoSuchMethodError': Method sun.misc.Unsafe.prefetchRead(Ljava/lang/Object;J)V name or signature does not match> (0x000000076b80dca0) thrown at [C:\workspace\8-2-build-windows-amd64-cygwin\jdk8u65\4987\hotspot\src\share\vm\prims\jni.8a’¯Km≈?
Event: 0.167 Thread 0x000000001e2a5000 Exception <a 'java/lang/ArrayIndexOutOfBoundsException': -1> (0x000000076cc25308) thrown at [C:\workspace\8-2-build-windows-amd64-cygwin\jdk8u65\4987\hotspot\src\share\vm\interpreter\interpreterRuntime.cpp, line 366]
Event: 0.443 Thread 0x000000001e2a5000 Exception <a 'java/security/PrivilegedActionException'> (0x000000076d9c3000) thrown at [C:\workspace\8-2-build-windows-amd64-cygwin\jdk8u65\4987\hotspot\src\share\vm\prims\jvm.cpp, line 1386]
Event: 0.443 Thread 0x000000001e2a5000 Exception <a 'java/security/PrivilegedActionException'> (0x000000076d9c33f8) thrown at [C:\workspace\8-2-build-windows-amd64-cygwin\jdk8u65\4987\hotspot\src\share\vm\prims\jvm.cpp, line 1386]
Event: 0.444 Thread 0x000000001e2a5000 Exception <a 'java/security/PrivilegedActionException'> (0x000000076d9c7610) thrown at [C:\workspace\8-2-build-windows-amd64-cygwin\jdk8u65\4987\hotspot\src\share\vm\prims\jvm.cpp, line 1386]
Event: 0.444 Thread 0x000000001e2a5000 Exception <a 'java/security/PrivilegedActionException'> (0x000000076d9c7a08) thrown at [C:\workspace\8-2-build-windows-amd64-cygwin\jdk8u65\4987\hotspot\src\share\vm\prims\jvm.cpp, line 1386]
Event: 0.861 Thread 0x0000000000a2e000 Implicit null exception at 0x0000000002892e44 to 0x00000000028933d5

Events (10 events):
Event: 15.910 Executing VM operation: ParallelGCFailedAllocation
Event: 15.911 Executing VM operation: ParallelGCFailedAllocation done
Event: 15.956 Executing VM operation: ParallelGCFailedAllocation
Event: 15.957 Executing VM operation: ParallelGCFailedAllocation done
Event: 16.008 Executing VM operation: ParallelGCFailedAllocation
Event: 16.009 Executing VM operation: ParallelGCFailedAllocation done
Event: 16.046 Executing VM operation: ParallelGCFailedAllocation
Event: 16.047 Executing VM operation: ParallelGCFailedAllocation done
Event: 16.096 Executing VM operation: ParallelGCFailedAllocation
Event: 16.097 Executing VM operation: ParallelGCFailedAllocation done


Dynamic libraries:
0x00007ff75ee90000 - 0x00007ff75eec7000 	C:\Program Files\Java\jdk1.8.0_65\bin\java.exe
0x00007ffde4980000 - 0x00007ffde4b41000 	C:\WINDOWS\SYSTEM32\ntdll.dll
0x00007ffde42a0000 - 0x00007ffde434d000 	C:\WINDOWS\system32\KERNEL32.DLL
0x00007ffde19f0000 - 0x00007ffde1bd8000 	C:\WINDOWS\system32\KERNELBASE.dll
0x00007ffde1e70000 - 0x00007ffde1f17000 	C:\WINDOWS\system32\ADVAPI32.dll
0x00007ffde3800000 - 0x00007ffde389d000 	C:\WINDOWS\system32\msvcrt.dll
0x00007ffde1e10000 - 0x00007ffde1e6b000 	C:\WINDOWS\system32\sechost.dll
0x00007ffde3bd0000 - 0x00007ffde3cec000 	C:\WINDOWS\system32\RPCRT4.dll
0x00007ffde3fe0000 - 0x00007ffde4136000 	C:\WINDOWS\system32\USER32.dll
0x00007ffde3cf0000 - 0x00007ffde3e76000 	C:\WINDOWS\system32\GDI32.dll
0x00007ffddd690000 - 0x00007ffddd904000 	C:\WINDOWS\WinSxS\amd64_microsoft.windows.common-controls_6595b64144ccf1df_6.0.10586.0_none_8c15ae12515e1c22\COMCTL32.dll
0x00007ffde3950000 - 0x00007ffde3bcd000 	C:\WINDOWS\system32\combase.dll
0x00007ffde1cf0000 - 0x00007ffde1d5a000 	C:\WINDOWS\system32\bcryptPrimitives.dll
0x00007ffde1dc0000 - 0x00007ffde1dfb000 	C:\WINDOWS\system32\IMM32.DLL
0x0000000070c90000 - 0x0000000070d62000 	C:\Program Files\Java\jdk1.8.0_65\jre\bin\msvcr100.dll
0x0000000070400000 - 0x0000000070c89000 	C:\Program Files\Java\jdk1.8.0_65\jre\bin\server\jvm.dll
0x00007ffde4290000 - 0x00007ffde4298000 	C:\WINDOWS\system32\PSAPI.DLL
0x00007ffdd8550000 - 0x00007ffdd8559000 	C:\WINDOWS\SYSTEM32\WSOCK32.dll
0x00007ffddf730000 - 0x00007ffddf753000 	C:\WINDOWS\SYSTEM32\WINMM.dll
0x00007ffddd9c0000 - 0x00007ffddd9ca000 	C:\WINDOWS\SYSTEM32\VERSION.dll
0x00007ffde4470000 - 0x00007ffde44db000 	C:\WINDOWS\system32\WS2_32.dll
0x0000000000ab0000 - 0x0000000000adc000 	C:\WINDOWS\SYSTEM32\WINMMBASE.dll
0x00007ffde1be0000 - 0x00007ffde1c23000 	C:\WINDOWS\system32\cfgmgr32.dll
0x00000000703f0000 - 0x00000000703ff000 	C:\Program Files\Java\jdk1.8.0_65\jre\bin\verify.dll
0x00000000703c0000 - 0x00000000703e9000 	C:\Program Files\Java\jdk1.8.0_65\jre\bin\java.dll
0x0000000070310000 - 0x0000000070345000 	C:\Program Files\Java\jdk1.8.0_65\jre\bin\jdwp.dll
0x00000000702f0000 - 0x00000000702f8000 	C:\Program Files\Java\jdk1.8.0_65\jre\bin\npt.dll
0x0000000070350000 - 0x0000000070366000 	C:\Program Files\Java\jdk1.8.0_65\jre\bin\zip.dll
0x00007ffde1f80000 - 0x00007ffde34dc000 	C:\WINDOWS\system32\SHELL32.dll
0x00007ffde11d0000 - 0x00007ffde1815000 	C:\WINDOWS\system32\windows.storage.dll
0x00007ffde36b0000 - 0x00007ffde3702000 	C:\WINDOWS\system32\shlwapi.dll
0x00007ffde0fb0000 - 0x00007ffde0fbf000 	C:\WINDOWS\system32\kernel.appcore.dll
0x00007ffde1c30000 - 0x00007ffde1ce5000 	C:\WINDOWS\system32\shcore.dll
0x00007ffde0fc0000 - 0x00007ffde100b000 	C:\WINDOWS\system32\powrprof.dll
0x00007ffde0f80000 - 0x00007ffde0f94000 	C:\WINDOWS\system32\profapi.dll
0x0000000070300000 - 0x0000000070309000 	C:\Program Files\Java\jdk1.8.0_65\jre\bin\dt_socket.dll
0x00007ffde08b0000 - 0x00007ffde090c000 	C:\WINDOWS\system32\mswsock.dll
0x00007ffdb7d20000 - 0x00007ffdb7da8000 	D:\Code\Java\Projects\WireEngine20\lib\native\lwjgl.dll
0x00007ffde0a80000 - 0x00007ffde0a8b000 	C:\WINDOWS\SYSTEM32\CRYPTBASE.DLL
0x00007ffdbfbb0000 - 0x00007ffdbfbf2000 	D:\Code\Java\Projects\WireEngine20\lib\native\jemalloc.dll
0x00007ffdd40d0000 - 0x00007ffdd4108000 	D:\Code\Java\Projects\WireEngine20\lib\native\glfw.dll
0x00007ffddf850000 - 0x00007ffddf8e6000 	C:\WINDOWS\system32\uxtheme.dll
0x00007ffdde650000 - 0x00007ffdde672000 	C:\WINDOWS\SYSTEM32\dwmapi.dll
0x00007ffdc8b70000 - 0x00007ffdc8c99000 	C:\WINDOWS\SYSTEM32\opengl32.dll
0x00007ffdc6920000 - 0x00007ffdc6a1a000 	C:\WINDOWS\SYSTEM32\DDRAW.dll
0x00007ffdcd0c0000 - 0x00007ffdcd0ee000 	C:\WINDOWS\SYSTEM32\GLU32.dll
0x00007ffddaa30000 - 0x00007ffddaa38000 	C:\WINDOWS\SYSTEM32\DCIMAN32.dll
0x00007ffde3e80000 - 0x00007ffde3fda000 	C:\WINDOWS\system32\MSCTF.dll
0x00007ffdc9cc0000 - 0x00007ffdc9d09000 	C:\Program Files (x86)\TeamViewer\tv_x64.dll
0x00007ffde4140000 - 0x00007ffde4283000 	C:\WINDOWS\system32\ole32.dll
0x000000006e5a0000 - 0x00000000702e9000 	C:\WINDOWS\SYSTEM32\nvoglv64.DLL
0x00007ffde4550000 - 0x00007ffde4979000 	C:\WINDOWS\system32\SETUPAPI.dll
0x00007ffddf2f0000 - 0x00007ffddf303000 	C:\WINDOWS\SYSTEM32\WTSAPI32.dll
0x00007ffddf9a0000 - 0x00007ffddf9c7000 	C:\WINDOWS\SYSTEM32\DEVOBJ.dll
0x00007ffde1170000 - 0x00007ffde11c5000 	C:\WINDOWS\system32\WINTRUST.dll
0x00007ffde0fa0000 - 0x00007ffde0fb0000 	C:\WINDOWS\system32\MSASN1.dll
0x00007ffde1820000 - 0x00007ffde19e7000 	C:\WINDOWS\system32\CRYPT32.dll
0x00007ffde04d0000 - 0x00007ffde0501000 	C:\WINDOWS\SYSTEM32\ntmarta.dll
0x00007ffde0220000 - 0x00007ffde0276000 	C:\WINDOWS\SYSTEM32\WINSTA.dll
0x00007ffde38a0000 - 0x00007ffde3947000 	C:\WINDOWS\system32\clbcatq.dll
0x00007ffdb9de0000 - 0x00007ffdb9f6c000 	C:\WINDOWS\SYSTEM32\dbghelp.dll

VM Arguments:
jvm_args: -agentlib:jdwp=transport=dt_socket,address=127.0.0.1:54226,suspend=y,server=n -Djava.library.path=lib/native/ -Dfile.encoding=UTF-8 
java_command: main.Main
java_class_path (initial): C:\Program Files\Java\jdk1.8.0_65\jre\lib\charsets.jar;C:\Program Files\Java\jdk1.8.0_65\jre\lib\deploy.jar;C:\Program Files\Java\jdk1.8.0_65\jre\lib\ext\access-bridge-64.jar;C:\Program Files\Java\jdk1.8.0_65\jre\lib\ext\cldrdata.jar;C:\Program Files\Java\jdk1.8.0_65\jre\lib\ext\dnsns.jar;C:\Program Files\Java\jdk1.8.0_65\jre\lib\ext\jaccess.jar;C:\Program Files\Java\jdk1.8.0_65\jre\lib\ext\jfxrt.jar;C:\Program Files\Java\jdk1.8.0_65\jre\lib\ext\localedata.jar;C:\Program Files\Java\jdk1.8.0_65\jre\lib\ext\nashorn.jar;C:\Program Files\Java\jdk1.8.0_65\jre\lib\ext\sunec.jar;C:\Program Files\Java\jdk1.8.0_65\jre\lib\ext\sunjce_provider.jar;C:\Program Files\Java\jdk1.8.0_65\jre\lib\ext\sunmscapi.jar;C:\Program Files\Java\jdk1.8.0_65\jre\lib\ext\sunpkcs11.jar;C:\Program Files\Java\jdk1.8.0_65\jre\lib\ext\zipfs.jar;C:\Program Files\Java\jdk1.8.0_65\jre\lib\javaws.jar;C:\Program Files\Java\jdk1.8.0_65\jre\lib\jce.jar;C:\Program Files\Java\jdk1.8.0_65\jre\lib\jfr.jar;C:\Program Files\Java\jdk1.8.0_65\jre\lib\jfxswt.jar;C:\Program Files\Java\jdk1.8.0_65\jre\lib\jsse.jar;C:\Program Files\Java\jdk1.8.0_65\jre\lib\management-agent.jar;C:\Program Files\Java\jdk1.8.0_65\jre\lib\plugin.jar;C:\Program Files\Java\jdk1.8.0_65\jre\lib\resources.jar;C:\Program Files\Java\jdk1.8.0_65\jre\lib\rt.jar;D:\Code\Java\Projects\WireEngine20\out\production\WireEngine20;D:\Code\Java\Projects\WireEngine20\lib\jar\lwjgl.jar;D:\Program Files (x86)\JetBrains\IntelliJ IDEA 2016.1\lib\idea_rt.jar
Launcher Type: SUN_STANDARD

Environment Variables:
JAVA_HOME=C:\Program Files\Java\jdk1.8.0_65
PATH=C:\ProgramData\Oracle\Java\javapath;C:\Program Files (x86)\Razer Chroma SDK\bin;C:\Program Files\Razer Chroma SDK\bin;C:\Program Files (x86)\NVIDIA Corporation\PhysX\Common;C:\Program Files (x86)\Intel\iCLS Client\;C:\Program Files\Intel\iCLS Client\;C:\Windows\system32;C:\Windows;C:\Windows\System32\Wbem;C:\Windows\System32\WindowsPowerShell\v1.0\;C:\Program Files\Intel\Intel(R) Management Engine Components\DAL;C:\Program Files (x86)\Intel\Intel(R) Management Engine Components\DAL;C:\Program Files\Intel\Intel(R) Management Engine Components\IPT;C:\Program Files (x86)\Intel\Intel(R) Management Engine Components\IPT;C:\Program Files\Java\jre1.8.0_65\bin;C:\MinGW\bin;C:\WINDOWS\system32;C:\WINDOWS;C:\WINDOWS\System32\Wbem;C:\WINDOWS\System32\WindowsPowerShell\v1.0\;D:\Program Files (x86)\CMake\bin;D:\Program Files\Programs\Python\Python35-32;D:\Program Files\Programs\Python\Python35-32\Scripts;C:\Program Files (x86)\Skype\Phone\;D:\Program Files\Programs\Python\Python35-32\Scripts\;D:\Program Files\Programs\Python\Python35-32\
USERNAME=Kelan
OS=Windows_NT
PROCESSOR_IDENTIFIER=Intel64 Family 6 Model 60 Stepping 3, GenuineIntel



---------------  S Y S T E M  ---------------

OS: Windows 10.0 , 64 bit Build 10586 (10.0.10586.0)

CPU:total 8 (4 cores per cpu, 2 threads per core) family 6 model 60 stepping 3, cmov, cx8, fxsr, mmx, sse, sse2, sse3, ssse3, sse4.1, sse4.2, popcnt, avx, avx2, aes, clmul, erms, lzcnt, ht, tsc, tscinvbit, bmi1, bmi2

Memory: 4k page, physical 16609500k(3985976k free), swap 33386716k(17318080k free)

vm_info: Java HotSpot(TM) 64-Bit Server VM (25.65-b01) for windows-amd64 JRE (1.8.0_65-b17), built on Oct  6 2015 16:39:20 by "java_re" with MS VC++ 10.0 (VS2010)

time: Sun Apr 10 22:00:24 2016
elapsed time: 16 seconds (0d 0h 0m 16s)

