#
# A fatal error has been detected by the Java Runtime Environment:
#
#  EXCEPTION_ACCESS_VIOLATION (0xc0000005) at pc=0x00007ffdcf9f24b9, pid=11248, tid=5504
#
# JRE version: Java(TM) SE Runtime Environment (8.0_65-b17) (build 1.8.0_65-b17)
# Java VM: Java HotSpot(TM) 64-Bit Server VM (25.65-b01 mixed mode windows-amd64 compressed oops)
# Problematic frame:
# C  [glfw.dll+0x24b9]
#
# Failed to write core dump. Minidumps are not enabled by default on client versions of Windows
#
# If you would like to submit a bug report, please visit:
#   http://bugreport.java.com/bugreport/crash.jsp
# The crash happened outside the Java Virtual Machine in native code.
# See problematic frame for where to report the bug.
#

---------------  T H R E A D  ---------------

Current thread (0x000000001e260000):  JavaThread "CLIENT" [_thread_in_native, id=5504, stack(0x000000001ef80000,0x000000001f080000)]

siginfo: ExceptionCode=0xc0000005, reading address 0x0000000000000000

Registers:
RAX=0x0000000000000000, RBX=0x000000001ba1ec50, RCX=0x0000000000000000, RDX=0x0000000000000000
RSP=0x000000001f07ee90, RBP=0x000000001f07ef40, RSI=0x0000000000000108, RDI=0x00000000005ebfa0
R8 =0x000000001f07ee88, R9 =0x000000001f07ef40, R10=0x0000000000000000, R11=0x0000000000000246
R12=0x0000000000000000, R13=0x000000001ba1ec50, R14=0x000000001f07ef78, R15=0x000000001e260000
RIP=0x00007ffdcf9f24b9, EFLAGS=0x0000000000010287

Top of Stack: (sp=0x000000001f07ee90)
0x000000001f07ee90:   000000001e260000 000000001e260000
0x000000001f07eea0:   000000001ba38ab8 000000007052d610
0x000000001f07eeb0:   00000000000001d4 000000000261dfcc
0x000000001f07eec0:   000000001ba1ec50 000000001bfa1630
0x000000001f07eed0:   000000000000000e 000000001e260000
0x000000001f07eee0:   000000001ba38ab8 000000007052aea4
0x000000001f07eef0:   000000001e260000 000000001e260000
0x000000001f07ef00:   000000001f07ef00 0000000000000000
0x000000001f07ef10:   000000001f07ef78 000000001ba1f3f0
0x000000001f07ef20:   0000000000000000 000000001ba1ec50
0x000000001f07ef30:   0000000000000000 000000001f07ef60
0x000000001f07ef40:   000000001f07efc0 0000000002607d8d
0x000000001f07ef50:   00000006c2804278 00000000026142f8
0x000000001f07ef60:   00000000005ebfa0 00000000026078a0
0x000000001f07ef70:   00007ffdcf9f2420 0000000000000001
0x000000001f07ef80:   000000001f07ef80 000000001ba38a8c 

Instructions: (pc=0x00007ffdcf9f24b9)
0x00007ffdcf9f2499:   48 8b cf e8 1f 3a 00 00 48 39 3d f0 d5 02 00 48
0x00007ffdcf9f24a9:   8d 0d e9 d5 02 00 48 8b 5c 24 30 74 08 48 8b 09
0x00007ffdcf9f24b9:   48 39 39 75 f8 48 8b 07 48 89 01 48 8b cf 48 83
0x00007ffdcf9f24c9:   c4 20 5f e9 5b fe 00 00 48 83 c4 20 5f c3 cc cc 


Register to memory mapping:

RAX=0x0000000000000000 is an unknown value
RBX={method} {0x000000001ba1ec58} 'invokePV' '(JJ)V' in 'org/lwjgl/system/JNI'
RCX=0x0000000000000000 is an unknown value
RDX=0x0000000000000000 is an unknown value
RSP=0x000000001f07ee90 is pointing into the stack for thread: 0x000000001e260000
RBP=0x000000001f07ef40 is pointing into the stack for thread: 0x000000001e260000
RSI=0x0000000000000108 is an unknown value
RDI=0x00000000005ebfa0 is an unknown value
R8 =0x000000001f07ee88 is pointing into the stack for thread: 0x000000001e260000
R9 =0x000000001f07ef40 is pointing into the stack for thread: 0x000000001e260000
R10=0x0000000000000000 is an unknown value
R11=0x0000000000000246 is an unknown value
R12=0x0000000000000000 is an unknown value
R13={method} {0x000000001ba1ec58} 'invokePV' '(JJ)V' in 'org/lwjgl/system/JNI'
R14=0x000000001f07ef78 is pointing into the stack for thread: 0x000000001e260000
R15=0x000000001e260000 is a thread


Stack: [0x000000001ef80000,0x000000001f080000],  sp=0x000000001f07ee90,  free space=1019k
Native frames: (J=compiled Java code, j=interpreted, Vv=VM code, C=native code)
C  [glfw.dll+0x24b9]
C  0x000000000261dfcc

Java frames: (J=compiled Java code, j=interpreted, Vv=VM code)
j  org.lwjgl.system.JNI.invokePV(JJ)V+0
j  org.lwjgl.glfw.GLFW.glfwDestroyCursor(J)V+20
j  main.client.Window.destroyWindow()V+9
j  main.coreEngine.Engine.stop()V+70
j  main.client.Window.update()V+43
j  main.client.renderEngine.RenderEngine.render()V+32
j  main.client.ClientThread.tick()V+12
J 461% C1 main.coreEngine.TickableThread.run()V (481 bytes) @ 0x0000000002869b9c [0x00000000028652c0+0x48dc]
v  ~StubRoutines::call_stub

---------------  P R O C E S S  ---------------

Java Threads: ( => current thread )
  0x000000001e261000 JavaThread "SERVER" [_thread_in_Java, id=3140, stack(0x000000001f080000,0x000000001f180000)]
=>0x000000001e260000 JavaThread "CLIENT" [_thread_in_native, id=5504, stack(0x000000001ef80000,0x000000001f080000)]
  0x000000001e179000 JavaThread "Service Thread" daemon [_thread_blocked, id=4728, stack(0x000000001ed80000,0x000000001ee80000)]
  0x000000001e0e3800 JavaThread "C1 CompilerThread3" daemon [_thread_blocked, id=10296, stack(0x000000001ec80000,0x000000001ed80000)]
  0x000000001e0e3000 JavaThread "C2 CompilerThread2" daemon [_thread_blocked, id=13232, stack(0x000000001eb80000,0x000000001ec80000)]
  0x000000001e0d6000 JavaThread "C2 CompilerThread1" daemon [_thread_blocked, id=12680, stack(0x000000001ea80000,0x000000001eb80000)]
  0x000000001e0da000 JavaThread "C2 CompilerThread0" daemon [_thread_blocked, id=5836, stack(0x000000001e980000,0x000000001ea80000)]
  0x000000001e0c0000 JavaThread "JDWP Command Reader" daemon [_thread_in_native, id=1704, stack(0x000000001e880000,0x000000001e980000)]
  0x000000001e0bf000 JavaThread "JDWP Event Helper Thread" daemon [_thread_blocked, id=5516, stack(0x000000001e780000,0x000000001e880000)]
  0x000000001e0b1800 JavaThread "JDWP Transport Listener: dt_socket" daemon [_thread_blocked, id=1696, stack(0x000000001e680000,0x000000001e780000)]
  0x000000001e0a7800 JavaThread "Attach Listener" daemon [_thread_blocked, id=10436, stack(0x000000001e580000,0x000000001e680000)]
  0x000000001e0a6800 JavaThread "Signal Dispatcher" daemon [_thread_blocked, id=10916, stack(0x000000001e480000,0x000000001e580000)]
  0x00000000025fb800 JavaThread "Finalizer" daemon [_thread_blocked, id=14128, stack(0x000000001dea0000,0x000000001dfa0000)]
  0x000000001bf9d800 JavaThread "Reference Handler" daemon [_thread_blocked, id=8840, stack(0x000000001dda0000,0x000000001dea0000)]
  0x00000000024fe000 JavaThread "main" [_thread_in_Java, id=8980, stack(0x0000000002320000,0x0000000002420000)]

Other Threads:
  0x000000001bf99000 VMThread [stack: 0x000000001dca0000,0x000000001dda0000] [id=6916]
  0x000000001e187000 WatcherThread [stack: 0x000000001ee80000,0x000000001ef80000] [id=4760]

VM state:not at safepoint (normal execution)

VM Mutex/Monitor currently owned by a thread: None

Heap:
 PSYoungGen      total 230400K, used 101689K [0x000000076b800000, 0x0000000784e00000, 0x00000007c0000000)
  eden space 229888K, 44% used [0x000000076b800000,0x0000000771b166d0,0x0000000779880000)
  from space 512K, 43% used [0x0000000784d80000,0x0000000784db8000,0x0000000784e00000)
  to   space 2048K, 0% used [0x0000000784a00000,0x0000000784a00000,0x0000000784c00000)
 ParOldGen       total 173568K, used 1519K [0x00000006c2800000, 0x00000006cd180000, 0x000000076b800000)
  object space 173568K, 0% used [0x00000006c2800000,0x00000006c297bee0,0x00000006cd180000)
 Metaspace       used 8050K, capacity 8582K, committed 8704K, reserved 1056768K
  class space    used 646K, capacity 690K, committed 768K, reserved 1048576K

Card table byte_map: [0x00000000119c0000,0x00000000121b0000] byte_map_base: 0x000000000e3ac000

Marking Bits: (ParMarkBitMap*) 0x0000000070c0a5b0
 Begin Bits: [0x0000000012f00000, 0x0000000016e60000)
 End Bits:   [0x0000000016e60000, 0x000000001adc0000)

Polling page: 0x00000000007e0000

CodeCache: size=245760Kb used=2681Kb max_used=2681Kb free=243078Kb
 bounds [0x0000000002600000, 0x00000000028b0000, 0x0000000011600000]
 total_blobs=1162 nmethods=516 adapters=567
 compilation: enabled

Compilation events (10 events):
Event: 1.898 Thread 0x000000001e0e3800  513       3       org.lwjgl.system.Checks::checkBuffer (14 bytes)
Event: 1.898 Thread 0x000000001e0e3800 nmethod 513 0x0000000002883490 code [0x0000000002883600, 0x00000000028838a8]
Event: 1.898 Thread 0x000000001e0e3800  514       3       main.coreEngine.util.maths.Matrix4f::setIdentity (5 bytes)
Event: 1.898 Thread 0x000000001e0e3800 nmethod 514 0x0000000002883110 code [0x0000000002883280, 0x0000000002883408]
Event: 1.898 Thread 0x000000001e0e3800  512       1       main.coreEngine.sceneGraph.Node::getTransform (5 bytes)
Event: 1.898 Thread 0x000000001e0e3800 nmethod 512 0x0000000002898790 code [0x00000000028988e0, 0x00000000028989f0]
Event: 1.898 Thread 0x000000001e0e3800  515       1       main.coreEngine.sceneGraph.Transformation::getPosition (5 bytes)
Event: 1.898 Thread 0x000000001e0e3800 nmethod 515 0x0000000002882e50 code [0x0000000002882fa0, 0x00000000028830b0]
Event: 2.031 Thread 0x000000001e0e3800  516       3       main.coreEngine.util.maths.Vector::<init> (5 bytes)
Event: 2.032 Thread 0x000000001e0e3800 nmethod 516 0x0000000002882a90 code [0x0000000002882be0, 0x0000000002882d90]

GC Heap History (10 events):
Event: 0.755 GC heap before
{Heap before GC invocations=8 (full 0):
 PSYoungGen      total 131584K, used 130871K [0x000000076b800000, 0x000000077b900000, 0x00000007c0000000)
  eden space 129536K, 100% used [0x000000076b800000,0x0000000773680000,0x0000000773680000)
  from space 2048K, 65% used [0x0000000773680000,0x00000007737cdea0,0x0000000773880000)
  to   space 2048K, 0% used [0x000000077b700000,0x000000077b700000,0x000000077b900000)
 ParOldGen       total 173568K, used 855K [0x00000006c2800000, 0x00000006cd180000, 0x000000076b800000)
  object space 173568K, 0% used [0x00000006c2800000,0x00000006c28d5ee0,0x00000006cd180000)
 Metaspace       used 7558K, capacity 8070K, committed 8320K, reserved 1056768K
  class space    used 611K, capacity 626K, committed 640K, reserved 1048576K
Event: 0.757 GC heap after
Heap after GC invocations=8 (full 0):
 PSYoungGen      total 261120K, used 849K [0x000000076b800000, 0x000000077b900000, 0x00000007c0000000)
  eden space 259072K, 0% used [0x000000076b800000,0x000000076b800000,0x000000077b500000)
  from space 2048K, 41% used [0x000000077b700000,0x000000077b7d4638,0x000000077b900000)
  to   space 2048K, 0% used [0x000000077b500000,0x000000077b500000,0x000000077b700000)
 ParOldGen       total 173568K, used 911K [0x00000006c2800000, 0x00000006cd180000, 0x000000076b800000)
  object space 173568K, 0% used [0x00000006c2800000,0x00000006c28e3ee0,0x00000006cd180000)
 Metaspace       used 7558K, capacity 8070K, committed 8320K, reserved 1056768K
  class space    used 611K, capacity 626K, committed 640K, reserved 1048576K
}
Event: 1.086 GC heap before
{Heap before GC invocations=9 (full 0):
 PSYoungGen      total 261120K, used 259921K [0x000000076b800000, 0x000000077b900000, 0x00000007c0000000)
  eden space 259072K, 100% used [0x000000076b800000,0x000000077b500000,0x000000077b500000)
  from space 2048K, 41% used [0x000000077b700000,0x000000077b7d4638,0x000000077b900000)
  to   space 2048K, 0% used [0x000000077b500000,0x000000077b500000,0x000000077b700000)
 ParOldGen       total 173568K, used 911K [0x00000006c2800000, 0x00000006cd180000, 0x000000076b800000)
  object space 173568K, 0% used [0x00000006c2800000,0x00000006c28e3ee0,0x00000006cd180000)
 Metaspace       used 8044K, capacity 8582K, committed 8704K, reserved 1056768K
  class space    used 646K, capacity 690K, committed 768K, reserved 1048576K
Event: 1.087 GC heap after
Heap after GC invocations=9 (full 0):
 PSYoungGen      total 261120K, used 686K [0x000000076b800000, 0x0000000785100000, 0x00000007c0000000)
  eden space 259072K, 0% used [0x000000076b800000,0x000000076b800000,0x000000077b500000)
  from space 2048K, 33% used [0x000000077b500000,0x000000077b5aba88,0x000000077b700000)
  to   space 2048K, 0% used [0x0000000784f00000,0x0000000784f00000,0x0000000785100000)
 ParOldGen       total 173568K, used 1223K [0x00000006c2800000, 0x00000006cd180000, 0x000000076b800000)
  object space 173568K, 0% used [0x00000006c2800000,0x00000006c2931ee0,0x00000006cd180000)
 Metaspace       used 8044K, capacity 8582K, committed 8704K, reserved 1056768K
  class space    used 646K, capacity 690K, committed 768K, reserved 1048576K
}
Event: 1.396 GC heap before
{Heap before GC invocations=10 (full 0):
 PSYoungGen      total 261120K, used 259758K [0x000000076b800000, 0x0000000785100000, 0x00000007c0000000)
  eden space 259072K, 100% used [0x000000076b800000,0x000000077b500000,0x000000077b500000)
  from space 2048K, 33% used [0x000000077b500000,0x000000077b5aba88,0x000000077b700000)
  to   space 2048K, 0% used [0x0000000784f00000,0x0000000784f00000,0x0000000785100000)
 ParOldGen       total 173568K, used 1223K [0x00000006c2800000, 0x00000006cd180000, 0x000000076b800000)
  object space 173568K, 0% used [0x00000006c2800000,0x00000006c2931ee0,0x00000006cd180000)
 Metaspace       used 8045K, capacity 8582K, committed 8704K, reserved 1056768K
  class space    used 646K, capacity 690K, committed 768K, reserved 1048576K
Event: 1.396 GC heap after
Heap after GC invocations=10 (full 0):
 PSYoungGen      total 249344K, used 256K [0x000000076b800000, 0x0000000784f80000, 0x00000007c0000000)
  eden space 248832K, 0% used [0x000000076b800000,0x000000076b800000,0x000000077ab00000)
  from space 512K, 50% used [0x0000000784f00000,0x0000000784f40000,0x0000000784f80000)
  to   space 2048K, 0% used [0x0000000784b80000,0x0000000784b80000,0x0000000784d80000)
 ParOldGen       total 173568K, used 1423K [0x00000006c2800000, 0x00000006cd180000, 0x000000076b800000)
  object space 173568K, 0% used [0x00000006c2800000,0x00000006c2963ee0,0x00000006cd180000)
 Metaspace       used 8045K, capacity 8582K, committed 8704K, reserved 1056768K
  class space    used 646K, capacity 690K, committed 768K, reserved 1048576K
}
Event: 1.720 GC heap before
{Heap before GC invocations=11 (full 0):
 PSYoungGen      total 249344K, used 249088K [0x000000076b800000, 0x0000000784f80000, 0x00000007c0000000)
  eden space 248832K, 100% used [0x000000076b800000,0x000000077ab00000,0x000000077ab00000)
  from space 512K, 50% used [0x0000000784f00000,0x0000000784f40000,0x0000000784f80000)
  to   space 2048K, 0% used [0x0000000784b80000,0x0000000784b80000,0x0000000784d80000)
 ParOldGen       total 173568K, used 1423K [0x00000006c2800000, 0x00000006cd180000, 0x000000076b800000)
  object space 173568K, 0% used [0x00000006c2800000,0x00000006c2963ee0,0x00000006cd180000)
 Metaspace       used 8047K, capacity 8582K, committed 8704K, reserved 1056768K
  class space    used 646K, capacity 690K, committed 768K, reserved 1048576K
Event: 1.720 GC heap after
Heap after GC invocations=11 (full 0):
 PSYoungGen      total 241152K, used 192K [0x000000076b800000, 0x0000000784f80000, 0x00000007c0000000)
  eden space 239104K, 0% used [0x000000076b800000,0x000000076b800000,0x000000077a180000)
  from space 2048K, 9% used [0x0000000784b80000,0x0000000784bb0000,0x0000000784d80000)
  to   space 2048K, 0% used [0x0000000784d80000,0x0000000784d80000,0x0000000784f80000)
 ParOldGen       total 173568K, used 1519K [0x00000006c2800000, 0x00000006cd180000, 0x000000076b800000)
  object space 173568K, 0% used [0x00000006c2800000,0x00000006c297bee0,0x00000006cd180000)
 Metaspace       used 8047K, capacity 8582K, committed 8704K, reserved 1056768K
  class space    used 646K, capacity 690K, committed 768K, reserved 1048576K
}
Event: 2.034 GC heap before
{Heap before GC invocations=12 (full 0):
 PSYoungGen      total 241152K, used 239296K [0x000000076b800000, 0x0000000784f80000, 0x00000007c0000000)
  eden space 239104K, 100% used [0x000000076b800000,0x000000077a180000,0x000000077a180000)
  from space 2048K, 9% used [0x0000000784b80000,0x0000000784bb0000,0x0000000784d80000)
  to   space 2048K, 0% used [0x0000000784d80000,0x0000000784d80000,0x0000000784f80000)
 ParOldGen       total 173568K, used 1519K [0x00000006c2800000, 0x00000006cd180000, 0x000000076b800000)
  object space 173568K, 0% used [0x00000006c2800000,0x00000006c297bee0,0x00000006cd180000)
 Metaspace       used 8050K, capacity 8582K, committed 8704K, reserved 1056768K
  class space    used 646K, capacity 690K, committed 768K, reserved 1048576K
Event: 2.034 GC heap after
Heap after GC invocations=12 (full 0):
 PSYoungGen      total 230400K, used 224K [0x000000076b800000, 0x0000000784e00000, 0x00000007c0000000)
  eden space 229888K, 0% used [0x000000076b800000,0x000000076b800000,0x0000000779880000)
  from space 512K, 43% used [0x0000000784d80000,0x0000000784db8000,0x0000000784e00000)
  to   space 2048K, 0% used [0x0000000784a00000,0x0000000784a00000,0x0000000784c00000)
 ParOldGen       total 173568K, used 1519K [0x00000006c2800000, 0x00000006cd180000, 0x000000076b800000)
  object space 173568K, 0% used [0x00000006c2800000,0x00000006c297bee0,0x00000006cd180000)
 Metaspace       used 8050K, capacity 8582K, committed 8704K, reserved 1056768K
  class space    used 646K, capacity 690K, committed 768K, reserved 1048576K
}

Deoptimization events (10 events):
Event: 0.387 Thread 0x000000001e260000 Uncommon trap: reason=bimorphic action=maybe_recompile pc=0x000000000274f880 method=java.util.HashMap.getNode(ILjava/lang/Object;)Ljava/util/HashMap$Node; @ 126
Event: 0.391 Thread 0x000000001e260000 Uncommon trap: reason=unstable_if action=reinterpret pc=0x00000000027413d8 method=java.util.HashMap.keySet()Ljava/util/Set; @ 6
Event: 0.805 Thread 0x000000001e260000 Uncommon trap: reason=unstable_if action=reinterpret pc=0x0000000002741944 method=java.util.HashMap.clear()V @ 16
Event: 0.805 Thread 0x000000001e260000 Uncommon trap: reason=unstable_if action=reinterpret pc=0x0000000002741198 method=java.util.HashMap.clear()V @ 16
Event: 0.805 Thread 0x00000000024fe000 Uncommon trap: reason=unstable_if action=reinterpret pc=0x0000000002775430 method=main.coreEngine.TickableThread.invoke(Ljava/lang/String;[Ljava/lang/Object;)V @ 53
Event: 0.805 Thread 0x000000001e260000 Uncommon trap: reason=unstable_if action=reinterpret pc=0x0000000002773d58 method=java.util.HashMap.clear()V @ 16
Event: 0.805 Thread 0x000000001e261000 Uncommon trap: reason=unstable_if action=reinterpret pc=0x0000000002773d34 method=main.coreEngine.TickableThread.run()V @ 58
Event: 0.806 Thread 0x00000000024fe000 Uncommon trap: reason=unstable_if action=reinterpret pc=0x0000000002784234 method=main.coreEngine.TickableThread.invoke(Ljava/lang/String;[Ljava/lang/Object;)V @ 53
Event: 0.848 Thread 0x00000000024fe000 Uncommon trap: reason=unstable_if action=reinterpret pc=0x000000000287af7c method=main.coreEngine.Engine.start()V @ 163
Event: 0.915 Thread 0x000000001e261000 Uncommon trap: reason=unstable_if action=reinterpret pc=0x00000000028896e0 method=main.coreEngine.TickableThread.run()V @ 461

Internal exceptions (9 events):
Event: 0.035 Thread 0x00000000024fe000 Exception <a 'java/lang/NoSuchMethodError': Method sun.misc.Unsafe.defineClass(Ljava/lang/String;[BII)Ljava/lang/Class; name or signature does not match> (0x000000076b80d9b8) thrown at [C:\workspace\8-2-build-windows-amd64-cygwin\jdk8u65\4987\hotspot\src\sN,VŒÁ¡?
Event: 0.035 Thread 0x00000000024fe000 Exception <a 'java/lang/NoSuchMethodError': Method sun.misc.Unsafe.prefetchRead(Ljava/lang/Object;J)V name or signature does not match> (0x000000076b80dca0) thrown at [C:\workspace\8-2-build-windows-amd64-cygwin\jdk8u65\4987\hotspot\src\share\vm\prims\jni.í@kQŠÄ?
Event: 0.160 Thread 0x000000001e260000 Exception <a 'java/lang/ArrayIndexOutOfBoundsException': -1> (0x000000076c9b4188) thrown at [C:\workspace\8-2-build-windows-amd64-cygwin\jdk8u65\4987\hotspot\src\share\vm\interpreter\interpreterRuntime.cpp, line 366]
Event: 0.387 Thread 0x000000001e260000 Exception <a 'java/security/PrivilegedActionException'> (0x000000076b9577e0) thrown at [C:\workspace\8-2-build-windows-amd64-cygwin\jdk8u65\4987\hotspot\src\share\vm\prims\jvm.cpp, line 1386]
Event: 0.387 Thread 0x000000001e260000 Exception <a 'java/security/PrivilegedActionException'> (0x000000076b957bd8) thrown at [C:\workspace\8-2-build-windows-amd64-cygwin\jdk8u65\4987\hotspot\src\share\vm\prims\jvm.cpp, line 1386]
Event: 0.388 Thread 0x000000001e260000 Exception <a 'java/security/PrivilegedActionException'> (0x000000076b95bdf0) thrown at [C:\workspace\8-2-build-windows-amd64-cygwin\jdk8u65\4987\hotspot\src\share\vm\prims\jvm.cpp, line 1386]
Event: 0.388 Thread 0x000000001e260000 Exception <a 'java/security/PrivilegedActionException'> (0x000000076b95c1e8) thrown at [C:\workspace\8-2-build-windows-amd64-cygwin\jdk8u65\4987\hotspot\src\share\vm\prims\jvm.cpp, line 1386]
Event: 0.805 Thread 0x00000000024fe000 Implicit null exception at 0x0000000002774e3c to 0x0000000002775409
Event: 0.806 Thread 0x00000000024fe000 Implicit null exception at 0x0000000002783c49 to 0x000000000278420b

Events (10 events):
Event: 1.028 Thread 0x000000001e261000 DEOPT PACKING pc=0x0000000002893c0b sp=0x000000001f17ec80
Event: 1.029 Thread 0x000000001e261000 DEOPT UNPACKING pc=0x000000000264787f sp=0x000000001f17eab0 mode 0
Event: 1.086 Executing VM operation: ParallelGCFailedAllocation
Event: 1.087 Executing VM operation: ParallelGCFailedAllocation done
Event: 1.396 Executing VM operation: ParallelGCFailedAllocation
Event: 1.396 Executing VM operation: ParallelGCFailedAllocation done
Event: 1.720 Executing VM operation: ParallelGCFailedAllocation
Event: 1.720 Executing VM operation: ParallelGCFailedAllocation done
Event: 2.034 Executing VM operation: ParallelGCFailedAllocation
Event: 2.035 Executing VM operation: ParallelGCFailedAllocation done


Dynamic libraries:
0x00007ff75ee90000 - 0x00007ff75eec7000 	C:\Program Files\Java\jdk1.8.0_65\bin\java.exe
0x00007ffde4980000 - 0x00007ffde4b41000 	C:\WINDOWS\SYSTEM32\ntdll.dll
0x00007ffde42a0000 - 0x00007ffde434d000 	C:\WINDOWS\system32\KERNEL32.DLL
0x00007ffde19f0000 - 0x00007ffde1bd8000 	C:\WINDOWS\system32\KERNELBASE.dll
0x00007ffde1e70000 - 0x00007ffde1f17000 	C:\WINDOWS\system32\ADVAPI32.dll
0x00007ffde3800000 - 0x00007ffde389d000 	C:\WINDOWS\system32\msvcrt.dll
0x00007ffde1e10000 - 0x00007ffde1e6b000 	C:\WINDOWS\system32\sechost.dll
0x00007ffde3bd0000 - 0x00007ffde3cec000 	C:\WINDOWS\system32\RPCRT4.dll
0x00007ffde3fe0000 - 0x00007ffde4136000 	C:\WINDOWS\system32\USER32.dll
0x00007ffde3cf0000 - 0x00007ffde3e76000 	C:\WINDOWS\system32\GDI32.dll
0x00007ffddd690000 - 0x00007ffddd904000 	C:\WINDOWS\WinSxS\amd64_microsoft.windows.common-controls_6595b64144ccf1df_6.0.10586.0_none_8c15ae12515e1c22\COMCTL32.dll
0x00007ffde3950000 - 0x00007ffde3bcd000 	C:\WINDOWS\system32\combase.dll
0x00007ffde1cf0000 - 0x00007ffde1d5a000 	C:\WINDOWS\system32\bcryptPrimitives.dll
0x00007ffde1dc0000 - 0x00007ffde1dfb000 	C:\WINDOWS\system32\IMM32.DLL
0x0000000070c90000 - 0x0000000070d62000 	C:\Program Files\Java\jdk1.8.0_65\jre\bin\msvcr100.dll
0x0000000070400000 - 0x0000000070c89000 	C:\Program Files\Java\jdk1.8.0_65\jre\bin\server\jvm.dll
0x00007ffde4290000 - 0x00007ffde4298000 	C:\WINDOWS\system32\PSAPI.DLL
0x00007ffddd9c0000 - 0x00007ffddd9ca000 	C:\WINDOWS\SYSTEM32\VERSION.dll
0x00007ffddf730000 - 0x00007ffddf753000 	C:\WINDOWS\SYSTEM32\WINMM.dll
0x00007ffdd8550000 - 0x00007ffdd8559000 	C:\WINDOWS\SYSTEM32\WSOCK32.dll
0x00007ffde4470000 - 0x00007ffde44db000 	C:\WINDOWS\system32\WS2_32.dll
0x00000000007b0000 - 0x00000000007dc000 	C:\WINDOWS\SYSTEM32\WINMMBASE.dll
0x00007ffde1be0000 - 0x00007ffde1c23000 	C:\WINDOWS\system32\cfgmgr32.dll
0x00000000703f0000 - 0x00000000703ff000 	C:\Program Files\Java\jdk1.8.0_65\jre\bin\verify.dll
0x00000000703c0000 - 0x00000000703e9000 	C:\Program Files\Java\jdk1.8.0_65\jre\bin\java.dll
0x0000000070380000 - 0x00000000703b5000 	C:\Program Files\Java\jdk1.8.0_65\jre\bin\jdwp.dll
0x0000000070370000 - 0x0000000070378000 	C:\Program Files\Java\jdk1.8.0_65\jre\bin\npt.dll
0x0000000070350000 - 0x0000000070366000 	C:\Program Files\Java\jdk1.8.0_65\jre\bin\zip.dll
0x00007ffde1f80000 - 0x00007ffde34dc000 	C:\WINDOWS\system32\SHELL32.dll
0x00007ffde11d0000 - 0x00007ffde1815000 	C:\WINDOWS\system32\windows.storage.dll
0x00007ffde36b0000 - 0x00007ffde3702000 	C:\WINDOWS\system32\shlwapi.dll
0x00007ffde0fb0000 - 0x00007ffde0fbf000 	C:\WINDOWS\system32\kernel.appcore.dll
0x00007ffde1c30000 - 0x00007ffde1ce5000 	C:\WINDOWS\system32\shcore.dll
0x00007ffde0fc0000 - 0x00007ffde100b000 	C:\WINDOWS\system32\powrprof.dll
0x00007ffde0f80000 - 0x00007ffde0f94000 	C:\WINDOWS\system32\profapi.dll
0x0000000070340000 - 0x0000000070349000 	C:\Program Files\Java\jdk1.8.0_65\jre\bin\dt_socket.dll
0x00007ffde08b0000 - 0x00007ffde090c000 	C:\WINDOWS\system32\mswsock.dll
0x00007ffdcf260000 - 0x00007ffdcf2e8000 	D:\Code\Java\Projects\WireEngine20\lib\native\lwjgl.dll
0x00007ffde0a80000 - 0x00007ffde0a8b000 	C:\WINDOWS\SYSTEM32\CRYPTBASE.DLL
0x00007ffdd40a0000 - 0x00007ffdd40e2000 	D:\Code\Java\Projects\WireEngine20\lib\native\jemalloc.dll
0x00007ffdcf9f0000 - 0x00007ffdcfa28000 	D:\Code\Java\Projects\WireEngine20\lib\native\glfw.dll
0x00007ffddf850000 - 0x00007ffddf8e6000 	C:\WINDOWS\system32\uxtheme.dll
0x00007ffdde650000 - 0x00007ffdde672000 	C:\WINDOWS\SYSTEM32\dwmapi.dll
0x00007ffdc8b70000 - 0x00007ffdc8c99000 	C:\WINDOWS\SYSTEM32\opengl32.dll
0x00007ffdcd0c0000 - 0x00007ffdcd0ee000 	C:\WINDOWS\SYSTEM32\GLU32.dll
0x00007ffdc6920000 - 0x00007ffdc6a1a000 	C:\WINDOWS\SYSTEM32\DDRAW.dll
0x00007ffddaa30000 - 0x00007ffddaa38000 	C:\WINDOWS\SYSTEM32\DCIMAN32.dll
0x00007ffde3e80000 - 0x00007ffde3fda000 	C:\WINDOWS\system32\MSCTF.dll
0x00007ffdc9cc0000 - 0x00007ffdc9d09000 	C:\Program Files (x86)\TeamViewer\tv_x64.dll
0x00007ffde4140000 - 0x00007ffde4283000 	C:\WINDOWS\system32\ole32.dll
0x000000006e5f0000 - 0x0000000070339000 	C:\WINDOWS\SYSTEM32\nvoglv64.DLL
0x00007ffde4550000 - 0x00007ffde4979000 	C:\WINDOWS\system32\SETUPAPI.dll
0x00007ffddf2f0000 - 0x00007ffddf303000 	C:\WINDOWS\SYSTEM32\WTSAPI32.dll
0x00007ffddf9a0000 - 0x00007ffddf9c7000 	C:\WINDOWS\SYSTEM32\DEVOBJ.dll
0x00007ffde1170000 - 0x00007ffde11c5000 	C:\WINDOWS\system32\WINTRUST.dll
0x00007ffde0fa0000 - 0x00007ffde0fb0000 	C:\WINDOWS\system32\MSASN1.dll
0x00007ffde1820000 - 0x00007ffde19e7000 	C:\WINDOWS\system32\CRYPT32.dll
0x00007ffde04d0000 - 0x00007ffde0501000 	C:\WINDOWS\SYSTEM32\ntmarta.dll
0x00007ffde0220000 - 0x00007ffde0276000 	C:\WINDOWS\SYSTEM32\WINSTA.dll
0x00007ffde38a0000 - 0x00007ffde3947000 	C:\WINDOWS\system32\clbcatq.dll
0x00007ffdb9de0000 - 0x00007ffdb9f6c000 	C:\WINDOWS\SYSTEM32\dbghelp.dll

VM Arguments:
jvm_args: -agentlib:jdwp=transport=dt_socket,address=127.0.0.1:49202,suspend=y,server=n -Djava.library.path=lib/native/ -Dfile.encoding=UTF-8 
java_command: main.Main
java_class_path (initial): C:\Program Files\Java\jdk1.8.0_65\jre\lib\charsets.jar;C:\Program Files\Java\jdk1.8.0_65\jre\lib\deploy.jar;C:\Program Files\Java\jdk1.8.0_65\jre\lib\ext\access-bridge-64.jar;C:\Program Files\Java\jdk1.8.0_65\jre\lib\ext\cldrdata.jar;C:\Program Files\Java\jdk1.8.0_65\jre\lib\ext\dnsns.jar;C:\Program Files\Java\jdk1.8.0_65\jre\lib\ext\jaccess.jar;C:\Program Files\Java\jdk1.8.0_65\jre\lib\ext\jfxrt.jar;C:\Program Files\Java\jdk1.8.0_65\jre\lib\ext\localedata.jar;C:\Program Files\Java\jdk1.8.0_65\jre\lib\ext\nashorn.jar;C:\Program Files\Java\jdk1.8.0_65\jre\lib\ext\sunec.jar;C:\Program Files\Java\jdk1.8.0_65\jre\lib\ext\sunjce_provider.jar;C:\Program Files\Java\jdk1.8.0_65\jre\lib\ext\sunmscapi.jar;C:\Program Files\Java\jdk1.8.0_65\jre\lib\ext\sunpkcs11.jar;C:\Program Files\Java\jdk1.8.0_65\jre\lib\ext\zipfs.jar;C:\Program Files\Java\jdk1.8.0_65\jre\lib\javaws.jar;C:\Program Files\Java\jdk1.8.0_65\jre\lib\jce.jar;C:\Program Files\Java\jdk1.8.0_65\jre\lib\jfr.jar;C:\Program Files\Java\jdk1.8.0_65\jre\lib\jfxswt.jar;C:\Program Files\Java\jdk1.8.0_65\jre\lib\jsse.jar;C:\Program Files\Java\jdk1.8.0_65\jre\lib\management-agent.jar;C:\Program Files\Java\jdk1.8.0_65\jre\lib\plugin.jar;C:\Program Files\Java\jdk1.8.0_65\jre\lib\resources.jar;C:\Program Files\Java\jdk1.8.0_65\jre\lib\rt.jar;D:\Code\Java\Projects\WireEngine20\out\production\WireEngine20;D:\Code\Java\Projects\WireEngine20\lib\jar\lwjgl.jar;D:\Program Files (x86)\JetBrains\IntelliJ IDEA 2016.1\lib\idea_rt.jar
Launcher Type: SUN_STANDARD

Environment Variables:
JAVA_HOME=C:\Program Files\Java\jdk1.8.0_65
PATH=C:\ProgramData\Oracle\Java\javapath;C:\Program Files (x86)\Razer Chroma SDK\bin;C:\Program Files\Razer Chroma SDK\bin;C:\Program Files (x86)\NVIDIA Corporation\PhysX\Common;C:\Program Files (x86)\Intel\iCLS Client\;C:\Program Files\Intel\iCLS Client\;C:\Windows\system32;C:\Windows;C:\Windows\System32\Wbem;C:\Windows\System32\WindowsPowerShell\v1.0\;C:\Program Files\Intel\Intel(R) Management Engine Components\DAL;C:\Program Files (x86)\Intel\Intel(R) Management Engine Components\DAL;C:\Program Files\Intel\Intel(R) Management Engine Components\IPT;C:\Program Files (x86)\Intel\Intel(R) Management Engine Components\IPT;C:\Program Files\Java\jre1.8.0_65\bin;C:\MinGW\bin;C:\WINDOWS\system32;C:\WINDOWS;C:\WINDOWS\System32\Wbem;C:\WINDOWS\System32\WindowsPowerShell\v1.0\;D:\Program Files (x86)\CMake\bin;D:\Program Files\Programs\Python\Python35-32;D:\Program Files\Programs\Python\Python35-32\Scripts;C:\Program Files (x86)\Skype\Phone\;D:\Program Files\Programs\Python\Python35-32\Scripts\;D:\Program Files\Programs\Python\Python35-32\
USERNAME=Kelan
OS=Windows_NT
PROCESSOR_IDENTIFIER=Intel64 Family 6 Model 60 Stepping 3, GenuineIntel



---------------  S Y S T E M  ---------------

OS: Windows 10.0 , 64 bit Build 10586 (10.0.10586.0)

CPU:total 8 (4 cores per cpu, 2 threads per core) family 6 model 60 stepping 3, cmov, cx8, fxsr, mmx, sse, sse2, sse3, ssse3, sse4.1, sse4.2, popcnt, avx, avx2, aes, clmul, erms, lzcnt, ht, tsc, tscinvbit, bmi1, bmi2

Memory: 4k page, physical 16609500k(4669660k free), swap 33386716k(18758852k free)

vm_info: Java HotSpot(TM) 64-Bit Server VM (25.65-b01) for windows-amd64 JRE (1.8.0_65-b17), built on Oct  6 2015 16:39:20 by "java_re" with MS VC++ 10.0 (VS2010)

time: Sun Apr 10 11:48:19 2016
elapsed time: 2 seconds (0d 0h 0m 2s)

