#
# A fatal error has been detected by the Java Runtime Environment:
#
#  EXCEPTION_ACCESS_VIOLATION (0xc0000005) at pc=0x00007ffb31d024b9, pid=2284, tid=8732
#
# JRE version: Java(TM) SE Runtime Environment (8.0_65-b17) (build 1.8.0_65-b17)
# Java VM: Java HotSpot(TM) 64-Bit Server VM (25.65-b01 mixed mode windows-amd64 compressed oops)
# Problematic frame:
# C  [glfw.dll+0x24b9]
#
# Failed to write core dump. Minidumps are not enabled by default on client versions of Windows
#
# If you would like to submit a bug report, please visit:
#   http://bugreport.java.com/bugreport/crash.jsp
# The crash happened outside the Java Virtual Machine in native code.
# See problematic frame for where to report the bug.
#

---------------  T H R E A D  ---------------

Current thread (0x000000001e247000):  JavaThread "CLIENT" [_thread_in_native, id=8732, stack(0x000000001ef40000,0x000000001f040000)]

siginfo: ExceptionCode=0xc0000005, reading address 0x0000000000000000

Registers:
RAX=0x0000000000000000, RBX=0x000000001ba23030, RCX=0x0000000000000000, RDX=0x0000000000000000
RSP=0x000000001f03eb30, RBP=0x000000001f03ebc0, RSI=0x0000000000000e60, RDI=0x00000000004db090
R8 =0x000000001f03eb28, R9 =0x000000001f03ebc0, R10=0x0000000000000000, R11=0x0000000000000246
R12=0x0000000000000000, R13=0x000000001f03ebd8, R14=0x000000001f03ebb0, R15=0x000000001e247000
RIP=0x00007ffb31d024b9, EFLAGS=0x0000000000010283

Top of Stack: (sp=0x000000001f03eb30)
0x000000001f03eb30:   0000000000000000 0000000000000e60
0x000000001f03eb40:   000000001b9c7ba8 000000001bfa1720
0x000000001f03eb50:   0000000002607d8d 0000000002a9598a
0x000000001f03eb60:   000000001ba23030 000000006c6caea4
0x000000001f03eb70:   000000001e247000 000000001e247000
0x000000001f03eb80:   000000001e247000 0000000000000000
0x000000001f03eb90:   000000001e247ed0 000000006c655eba
0x000000001f03eba0:   000000001f03f308 000000001f03ec38
0x000000001f03ebb0:   00000006c2808218 0000000002607d8d
0x000000001f03ebc0:   000000001f03ec38 0000000002607d8d
0x000000001f03ebd0:   0000000002607d8d 00000000004db090
0x000000001f03ebe0:   00000000026078a0 00007ffb31d02420
0x000000001f03ebf0:   0000000000000001 000000001f03ebf8
0x000000001f03ec00:   000000001ba3f0bc 000000001f03ec60
0x000000001f03ec10:   000000001ba410a0 0000000000000000
0x000000001f03ec20:   000000001ba3f0e8 000000001f03ebd8 

Instructions: (pc=0x00007ffb31d024b9)
0x00007ffb31d02499:   48 8b cf e8 1f 3a 00 00 48 39 3d f0 d5 02 00 48
0x00007ffb31d024a9:   8d 0d e9 d5 02 00 48 8b 5c 24 30 74 08 48 8b 09
0x00007ffb31d024b9:   48 39 39 75 f8 48 8b 07 48 89 01 48 8b cf 48 83
0x00007ffb31d024c9:   c4 20 5f e9 5b fe 00 00 48 83 c4 20 5f c3 cc cc 


Register to memory mapping:

RAX=0x0000000000000000 is an unknown value
RBX={method} {0x000000001ba23038} 'invokePV' '(JJ)V' in 'org/lwjgl/system/JNI'
RCX=0x0000000000000000 is an unknown value
RDX=0x0000000000000000 is an unknown value
RSP=0x000000001f03eb30 is pointing into the stack for thread: 0x000000001e247000
RBP=0x000000001f03ebc0 is pointing into the stack for thread: 0x000000001e247000
RSI=0x0000000000000e60 is an unknown value
RDI=0x00000000004db090 is an unknown value
R8 =0x000000001f03eb28 is pointing into the stack for thread: 0x000000001e247000
R9 =0x000000001f03ebc0 is pointing into the stack for thread: 0x000000001e247000
R10=0x0000000000000000 is an unknown value
R11=0x0000000000000246 is an unknown value
R12=0x0000000000000000 is an unknown value
R13=0x000000001f03ebd8 is pointing into the stack for thread: 0x000000001e247000
R14=0x000000001f03ebb0 is pointing into the stack for thread: 0x000000001e247000
R15=0x000000001e247000 is a thread


Stack: [0x000000001ef40000,0x000000001f040000],  sp=0x000000001f03eb30,  free space=1018k
Native frames: (J=compiled Java code, j=interpreted, Vv=VM code, C=native code)
C  [glfw.dll+0x24b9]
C  0x0000000002a9598a

Java frames: (J=compiled Java code, j=interpreted, Vv=VM code)
J 834  org.lwjgl.system.JNI.invokePV(JJ)V (0 bytes) @ 0x0000000002a95904 [0x0000000002a958c0+0x44]
j  org.lwjgl.glfw.GLFW.glfwDestroyCursor(J)V+20
j  main.client.Window.destroyWindow()V+9
j  main.coreEngine.Engine.stop()V+70
J 875 C1 main.client.Window.update()V (37 bytes) @ 0x0000000002ab226c [0x0000000002ab1dc0+0x4ac]
J 850 C1 main.client.renderEngine.RenderEngine.render()V (60 bytes) @ 0x0000000002a9fd1c [0x0000000002a9ebe0+0x113c]
J 837 C1 main.client.ClientThread.tick()V (16 bytes) @ 0x0000000002a98a34 [0x0000000002a98580+0x4b4]
j  main.coreEngine.TickableThread.run()V+469
v  ~StubRoutines::call_stub

---------------  P R O C E S S  ---------------

Java Threads: ( => current thread )
  0x000000001e249000 JavaThread "SERVER" [_thread_in_Java, id=10380, stack(0x000000001f040000,0x000000001f140000)]
=>0x000000001e247000 JavaThread "CLIENT" [_thread_in_native, id=8732, stack(0x000000001ef40000,0x000000001f040000)]
  0x000000001e13a000 JavaThread "Service Thread" daemon [_thread_blocked, id=10664, stack(0x000000001ed40000,0x000000001ee40000)]
  0x000000001e0a3000 JavaThread "C1 CompilerThread3" daemon [_thread_blocked, id=5556, stack(0x000000001ec40000,0x000000001ed40000)]
  0x000000001e09a000 JavaThread "C2 CompilerThread2" daemon [_thread_blocked, id=13112, stack(0x000000001eb40000,0x000000001ec40000)]
  0x000000001e099000 JavaThread "C2 CompilerThread1" daemon [_thread_blocked, id=9696, stack(0x000000001ea40000,0x000000001eb40000)]
  0x000000001e09e000 JavaThread "C2 CompilerThread0" daemon [_thread_blocked, id=13164, stack(0x000000001e940000,0x000000001ea40000)]
  0x000000001e080000 JavaThread "JDWP Command Reader" daemon [_thread_in_native, id=4436, stack(0x000000001e840000,0x000000001e940000)]
  0x000000001e07e800 JavaThread "JDWP Event Helper Thread" daemon [_thread_blocked, id=8048, stack(0x000000001e740000,0x000000001e840000)]
  0x000000001e07c800 JavaThread "JDWP Transport Listener: dt_socket" daemon [_thread_blocked, id=7004, stack(0x000000001e640000,0x000000001e740000)]
  0x000000001e067800 JavaThread "Attach Listener" daemon [_thread_blocked, id=228, stack(0x000000001e540000,0x000000001e640000)]
  0x000000001e066800 JavaThread "Signal Dispatcher" daemon [_thread_blocked, id=2584, stack(0x000000001e440000,0x000000001e540000)]
  0x0000000000eeb000 JavaThread "Finalizer" daemon [_thread_blocked, id=10528, stack(0x000000001de60000,0x000000001df60000)]
  0x000000001bf9d000 JavaThread "Reference Handler" daemon [_thread_blocked, id=6036, stack(0x000000001dd60000,0x000000001de60000)]
  0x0000000000f8e000 JavaThread "main" [_thread_in_Java, id=8976, stack(0x00000000009a0000,0x0000000000aa0000)]

Other Threads:
  0x000000001bf99000 VMThread [stack: 0x000000001dc60000,0x000000001dd60000] [id=9156]
  0x000000001e144000 WatcherThread [stack: 0x000000001ee40000,0x000000001ef40000] [id=12764]

VM state:not at safepoint (normal execution)

VM Mutex/Monitor currently owned by a thread: None

Heap:
 PSYoungGen      total 247808K, used 88574K [0x000000076b800000, 0x00000007a9600000, 0x00000007c0000000)
  eden space 246272K, 35% used [0x000000076b800000,0x0000000770e47910,0x000000077a880000)
  from space 1536K, 14% used [0x00000007a9300000,0x00000007a9338000,0x00000007a9480000)
  to   space 1536K, 0% used [0x00000007a9480000,0x00000007a9480000,0x00000007a9600000)
 ParOldGen       total 173568K, used 18924K [0x00000006c2800000, 0x00000006cd180000, 0x000000076b800000)
  object space 173568K, 10% used [0x00000006c2800000,0x00000006c3a7b060,0x00000006cd180000)
 Metaspace       used 8399K, capacity 8774K, committed 8960K, reserved 1056768K
  class space    used 662K, capacity 690K, committed 768K, reserved 1048576K

Card table byte_map: [0x00000000119c0000,0x00000000121b0000] byte_map_base: 0x000000000e3ac000

Marking Bits: (ParMarkBitMap*) 0x000000006cdaa5b0
 Begin Bits: [0x0000000012f00000, 0x0000000016e60000)
 End Bits:   [0x0000000016e60000, 0x000000001adc0000)

Polling page: 0x0000000000aa0000

CodeCache: size=245760Kb used=4884Kb max_used=4900Kb free=240875Kb
 bounds [0x0000000002600000, 0x0000000002ad0000, 0x0000000011600000]
 total_blobs=1541 nmethods=883 adapters=579
 compilation: enabled

Compilation events (10 events):
Event: 13.109 Thread 0x000000001e0a3000  881       1       main.coreEngine.sceneGraph.components.CameraComponent::tick (1 bytes)
Event: 13.109 Thread 0x000000001e0a3000 nmethod 881 0x0000000002ac09d0 code [0x0000000002ac0b20, 0x0000000002ac0c30]
Event: 13.109 Thread 0x000000001e0a3000  882       1       main.coreEngine.sceneGraph.components.ControllerComponent::tick (1 bytes)
Event: 13.109 Thread 0x000000001e0a3000 nmethod 882 0x0000000002ac0710 code [0x0000000002ac0860, 0x0000000002ac0970]
Event: 16.324 Thread 0x000000001e099000  883       4       main.coreEngine.sceneGraph.Node::render (75 bytes)
Event: 16.326 Thread 0x000000001e09a000  884       4       main.coreEngine.sceneGraph.Node::tick (75 bytes)
Event: 16.338 Thread 0x000000001e09a000 nmethod 884 0x0000000002ac6c50 code [0x0000000002ac6e80, 0x0000000002ac82a8]
Event: 16.339 Thread 0x000000001e099000 nmethod 883 0x0000000002ac9890 code [0x0000000002ac9ac0, 0x0000000002acaee8]
Event: 16.341 Thread 0x000000001e09e000  885       4       main.coreEngine.sceneGraph.Node::input (75 bytes)
Event: 16.352 Thread 0x000000001e09e000 nmethod 885 0x0000000002acc4d0 code [0x0000000002acc700, 0x0000000002acdb28]

GC Heap History (10 events):
Event: 16.668 GC heap before
{Heap before GC invocations=43 (full 0):
 PSYoungGen      total 301056K, used 300800K [0x000000076b800000, 0x00000007a9800000, 0x00000007c0000000)
  eden space 300544K, 100% used [0x000000076b800000,0x000000077dd80000,0x000000077dd80000)
  from space 512K, 50% used [0x00000007a9780000,0x00000007a97c0000,0x00000007a9800000)
  to   space 1536K, 0% used [0x00000007a9500000,0x00000007a9500000,0x00000007a9680000)
 ParOldGen       total 173568K, used 18828K [0x00000006c2800000, 0x00000006cd180000, 0x000000076b800000)
  object space 173568K, 10% used [0x00000006c2800000,0x00000006c3a63060,0x00000006cd180000)
 Metaspace       used 8399K, capacity 8774K, committed 8960K, reserved 1056768K
  class space    used 662K, capacity 690K, committed 768K, reserved 1048576K
Event: 16.669 GC heap after
Heap after GC invocations=43 (full 0):
 PSYoungGen      total 289792K, used 224K [0x000000076b800000, 0x00000007a9800000, 0x00000007c0000000)
  eden space 288256K, 0% used [0x000000076b800000,0x000000076b800000,0x000000077d180000)
  from space 1536K, 14% used [0x00000007a9500000,0x00000007a9538000,0x00000007a9680000)
  to   space 1536K, 0% used [0x00000007a9680000,0x00000007a9680000,0x00000007a9800000)
 ParOldGen       total 173568K, used 18868K [0x00000006c2800000, 0x00000006cd180000, 0x000000076b800000)
  object space 173568K, 10% used [0x00000006c2800000,0x00000006c3a6d060,0x00000006cd180000)
 Metaspace       used 8399K, capacity 8774K, committed 8960K, reserved 1056768K
  class space    used 662K, capacity 690K, committed 768K, reserved 1048576K
}
Event: 16.900 GC heap before
{Heap before GC invocations=44 (full 0):
 PSYoungGen      total 289792K, used 288480K [0x000000076b800000, 0x00000007a9800000, 0x00000007c0000000)
  eden space 288256K, 100% used [0x000000076b800000,0x000000077d180000,0x000000077d180000)
  from space 1536K, 14% used [0x00000007a9500000,0x00000007a9538000,0x00000007a9680000)
  to   space 1536K, 0% used [0x00000007a9680000,0x00000007a9680000,0x00000007a9800000)
 ParOldGen       total 173568K, used 18868K [0x00000006c2800000, 0x00000006cd180000, 0x000000076b800000)
  object space 173568K, 10% used [0x00000006c2800000,0x00000006c3a6d060,0x00000006cd180000)
 Metaspace       used 8399K, capacity 8774K, committed 8960K, reserved 1056768K
  class space    used 662K, capacity 690K, committed 768K, reserved 1048576K
Event: 16.901 GC heap after
Heap after GC invocations=44 (full 0):
 PSYoungGen      total 277504K, used 192K [0x000000076b800000, 0x00000007a9700000, 0x00000007c0000000)
  eden space 276992K, 0% used [0x000000076b800000,0x000000076b800000,0x000000077c680000)
  from space 512K, 37% used [0x00000007a9680000,0x00000007a96b0000,0x00000007a9700000)
  to   space 1536K, 0% used [0x00000007a9400000,0x00000007a9400000,0x00000007a9580000)
 ParOldGen       total 173568K, used 18868K [0x00000006c2800000, 0x00000006cd180000, 0x000000076b800000)
  object space 173568K, 10% used [0x00000006c2800000,0x00000006c3a6d060,0x00000006cd180000)
 Metaspace       used 8399K, capacity 8774K, committed 8960K, reserved 1056768K
  class space    used 662K, capacity 690K, committed 768K, reserved 1048576K
}
Event: 17.157 GC heap before
{Heap before GC invocations=45 (full 0):
 PSYoungGen      total 277504K, used 277184K [0x000000076b800000, 0x00000007a9700000, 0x00000007c0000000)
  eden space 276992K, 100% used [0x000000076b800000,0x000000077c680000,0x000000077c680000)
  from space 512K, 37% used [0x00000007a9680000,0x00000007a96b0000,0x00000007a9700000)
  to   space 1536K, 0% used [0x00000007a9400000,0x00000007a9400000,0x00000007a9580000)
 ParOldGen       total 173568K, used 18868K [0x00000006c2800000, 0x00000006cd180000, 0x000000076b800000)
  object space 173568K, 10% used [0x00000006c2800000,0x00000006c3a6d060,0x00000006cd180000)
 Metaspace       used 8399K, capacity 8774K, committed 8960K, reserved 1056768K
  class space    used 662K, capacity 690K, committed 768K, reserved 1048576K
Event: 17.158 GC heap after
Heap after GC invocations=45 (full 0):
 PSYoungGen      total 267776K, used 128K [0x000000076b800000, 0x00000007a9700000, 0x00000007c0000000)
  eden space 266240K, 0% used [0x000000076b800000,0x000000076b800000,0x000000077bc00000)
  from space 1536K, 8% used [0x00000007a9400000,0x00000007a9420000,0x00000007a9580000)
  to   space 1536K, 0% used [0x00000007a9580000,0x00000007a9580000,0x00000007a9700000)
 ParOldGen       total 173568K, used 18868K [0x00000006c2800000, 0x00000006cd180000, 0x000000076b800000)
  object space 173568K, 10% used [0x00000006c2800000,0x00000006c3a6d060,0x00000006cd180000)
 Metaspace       used 8399K, capacity 8774K, committed 8960K, reserved 1056768K
  class space    used 662K, capacity 690K, committed 768K, reserved 1048576K
}
Event: 17.457 GC heap before
{Heap before GC invocations=46 (full 0):
 PSYoungGen      total 267776K, used 266368K [0x000000076b800000, 0x00000007a9700000, 0x00000007c0000000)
  eden space 266240K, 100% used [0x000000076b800000,0x000000077bc00000,0x000000077bc00000)
  from space 1536K, 8% used [0x00000007a9400000,0x00000007a9420000,0x00000007a9580000)
  to   space 1536K, 0% used [0x00000007a9580000,0x00000007a9580000,0x00000007a9700000)
 ParOldGen       total 173568K, used 18868K [0x00000006c2800000, 0x00000006cd180000, 0x000000076b800000)
  object space 173568K, 10% used [0x00000006c2800000,0x00000006c3a6d060,0x00000006cd180000)
 Metaspace       used 8399K, capacity 8774K, committed 8960K, reserved 1056768K
  class space    used 662K, capacity 690K, committed 768K, reserved 1048576K
Event: 17.458 GC heap after
Heap after GC invocations=46 (full 0):
 PSYoungGen      total 256512K, used 160K [0x000000076b800000, 0x00000007a9600000, 0x00000007c0000000)
  eden space 256000K, 0% used [0x000000076b800000,0x000000076b800000,0x000000077b200000)
  from space 512K, 31% used [0x00000007a9580000,0x00000007a95a8000,0x00000007a9600000)
  to   space 1536K, 0% used [0x00000007a9300000,0x00000007a9300000,0x00000007a9480000)
 ParOldGen       total 173568K, used 18884K [0x00000006c2800000, 0x00000006cd180000, 0x000000076b800000)
  object space 173568K, 10% used [0x00000006c2800000,0x00000006c3a71060,0x00000006cd180000)
 Metaspace       used 8399K, capacity 8774K, committed 8960K, reserved 1056768K
  class space    used 662K, capacity 690K, committed 768K, reserved 1048576K
}
Event: 17.698 GC heap before
{Heap before GC invocations=47 (full 0):
 PSYoungGen      total 256512K, used 256160K [0x000000076b800000, 0x00000007a9600000, 0x00000007c0000000)
  eden space 256000K, 100% used [0x000000076b800000,0x000000077b200000,0x000000077b200000)
  from space 512K, 31% used [0x00000007a9580000,0x00000007a95a8000,0x00000007a9600000)
  to   space 1536K, 0% used [0x00000007a9300000,0x00000007a9300000,0x00000007a9480000)
 ParOldGen       total 173568K, used 18884K [0x00000006c2800000, 0x00000006cd180000, 0x000000076b800000)
  object space 173568K, 10% used [0x00000006c2800000,0x00000006c3a71060,0x00000006cd180000)
 Metaspace       used 8399K, capacity 8774K, committed 8960K, reserved 1056768K
  class space    used 662K, capacity 690K, committed 768K, reserved 1048576K
Event: 17.698 GC heap after
Heap after GC invocations=47 (full 0):
 PSYoungGen      total 247808K, used 224K [0x000000076b800000, 0x00000007a9600000, 0x00000007c0000000)
  eden space 246272K, 0% used [0x000000076b800000,0x000000076b800000,0x000000077a880000)
  from space 1536K, 14% used [0x00000007a9300000,0x00000007a9338000,0x00000007a9480000)
  to   space 1536K, 0% used [0x00000007a9480000,0x00000007a9480000,0x00000007a9600000)
 ParOldGen       total 173568K, used 18924K [0x00000006c2800000, 0x00000006cd180000, 0x000000076b800000)
  object space 173568K, 10% used [0x00000006c2800000,0x00000006c3a7b060,0x00000006cd180000)
 Metaspace       used 8399K, capacity 8774K, committed 8960K, reserved 1056768K
  class space    used 662K, capacity 690K, committed 768K, reserved 1048576K
}

Deoptimization events (10 events):
Event: 1.313 Thread 0x000000001e247000 Uncommon trap: reason=class_check action=maybe_recompile pc=0x00000000028d1484 method=sun.misc.FloatingDecimal.parseFloat(Ljava/lang/String;)F @ 4
Event: 1.313 Thread 0x000000001e247000 Uncommon trap: reason=class_check action=maybe_recompile pc=0x00000000028d1484 method=sun.misc.FloatingDecimal.parseFloat(Ljava/lang/String;)F @ 4
Event: 1.313 Thread 0x000000001e247000 Uncommon trap: reason=class_check action=maybe_recompile pc=0x00000000028d1484 method=sun.misc.FloatingDecimal.parseFloat(Ljava/lang/String;)F @ 4
Event: 1.313 Thread 0x000000001e247000 Uncommon trap: reason=class_check action=maybe_recompile pc=0x00000000028d1484 method=sun.misc.FloatingDecimal.parseFloat(Ljava/lang/String;)F @ 4
Event: 1.314 Thread 0x000000001e247000 Uncommon trap: reason=unstable_if action=reinterpret pc=0x000000000292b8a0 method=main.client.renderEngine.mesh.MeshBuilder.processFace(Ljava/lang/String;Lmain/client/renderEngine/mesh/MeshBuilder;)Z @ 114
Event: 1.317 Thread 0x000000001e247000 Uncommon trap: reason=bimorphic action=maybe_recompile pc=0x0000000002750a80 method=java.util.HashMap.getNode(ILjava/lang/Object;)Ljava/util/HashMap$Node; @ 126
Event: 1.384 Thread 0x000000001e247000 Uncommon trap: reason=unstable_if action=reinterpret pc=0x00000000028bb3ec method=main.coreEngine.TickableThread.run()V @ 461
Event: 1.392 Thread 0x000000001e247000 Uncommon trap: reason=unstable_if action=reinterpret pc=0x0000000002919bb0 method=java.lang.Integer.valueOf(I)Ljava/lang/Integer; @ 10
Event: 1.392 Thread 0x000000001e249000 Uncommon trap: reason=unstable_if action=reinterpret pc=0x00000000028bb3ec method=main.coreEngine.TickableThread.run()V @ 461
Event: 1.400 Thread 0x0000000000f8e000 Uncommon trap: reason=unstable_if action=reinterpret pc=0x0000000002a1ad14 method=main.coreEngine.Engine.start()V @ 163

Internal exceptions (8 events):
Event: 0.022 Thread 0x0000000000f8e000 Exception <a 'java/lang/NoSuchMethodError': Method sun.misc.Unsafe.defineClass(Ljava/lang/String;[BII)Ljava/lang/Class; name or signature does not match> (0x000000076b80d890) thrown at [C:\workspace\8-2-build-windows-amd64-cygwin\jdk8u65\4987\hotspot\src\sn…Õo±€ñ?
Event: 0.022 Thread 0x0000000000f8e000 Exception <a 'java/lang/NoSuchMethodError': Method sun.misc.Unsafe.prefetchRead(Ljava/lang/Object;J)V name or signature does not match> (0x000000076b80db78) thrown at [C:\workspace\8-2-build-windows-amd64-cygwin\jdk8u65\4987\hotspot\src\share\vm\prims\jni.ó!ËH‚Ÿ?
Event: 0.404 Thread 0x000000001e247000 Implicit null exception at 0x0000000002751f0f to 0x0000000002752275
Event: 0.405 Thread 0x000000001e247000 Exception <a 'java/security/PrivilegedActionException'> (0x000000076deddff8) thrown at [C:\workspace\8-2-build-windows-amd64-cygwin\jdk8u65\4987\hotspot\src\share\vm\prims\jvm.cpp, line 1386]
Event: 0.405 Thread 0x000000001e247000 Exception <a 'java/security/PrivilegedActionException'> (0x000000076dede3f0) thrown at [C:\workspace\8-2-build-windows-amd64-cygwin\jdk8u65\4987\hotspot\src\share\vm\prims\jvm.cpp, line 1386]
Event: 0.406 Thread 0x000000001e247000 Exception <a 'java/security/PrivilegedActionException'> (0x000000076dee2608) thrown at [C:\workspace\8-2-build-windows-amd64-cygwin\jdk8u65\4987\hotspot\src\share\vm\prims\jvm.cpp, line 1386]
Event: 0.406 Thread 0x000000001e247000 Exception <a 'java/security/PrivilegedActionException'> (0x000000076dee2a00) thrown at [C:\workspace\8-2-build-windows-amd64-cygwin\jdk8u65\4987\hotspot\src\share\vm\prims\jvm.cpp, line 1386]
Event: 0.684 Thread 0x0000000000f8e000 Implicit null exception at 0x000000000276367c to 0x0000000002763c4b

Events (10 events):
Event: 16.668 Executing VM operation: ParallelGCFailedAllocation
Event: 16.669 Executing VM operation: ParallelGCFailedAllocation done
Event: 16.900 Executing VM operation: ParallelGCFailedAllocation
Event: 16.901 Executing VM operation: ParallelGCFailedAllocation done
Event: 17.157 Executing VM operation: ParallelGCFailedAllocation
Event: 17.158 Executing VM operation: ParallelGCFailedAllocation done
Event: 17.457 Executing VM operation: ParallelGCFailedAllocation
Event: 17.458 Executing VM operation: ParallelGCFailedAllocation done
Event: 17.698 Executing VM operation: ParallelGCFailedAllocation
Event: 17.698 Executing VM operation: ParallelGCFailedAllocation done


Dynamic libraries:
0x00007ff603aa0000 - 0x00007ff603ad7000 	C:\Program Files\Java\jdk1.8.0_65\bin\java.exe
0x00007ffb48720000 - 0x00007ffb488e1000 	C:\WINDOWS\SYSTEM32\ntdll.dll
0x00007ffb48170000 - 0x00007ffb4821d000 	C:\WINDOWS\system32\KERNEL32.DLL
0x00007ffb45560000 - 0x00007ffb45748000 	C:\WINDOWS\system32\KERNELBASE.dll
0x00007ffb47a50000 - 0x00007ffb47af7000 	C:\WINDOWS\system32\ADVAPI32.dll
0x00007ffb480d0000 - 0x00007ffb4816d000 	C:\WINDOWS\system32\msvcrt.dll
0x00007ffb47b00000 - 0x00007ffb47b5b000 	C:\WINDOWS\system32\sechost.dll
0x00007ffb47700000 - 0x00007ffb4781c000 	C:\WINDOWS\system32\RPCRT4.dll
0x00007ffb485c0000 - 0x00007ffb48716000 	C:\WINDOWS\system32\USER32.dll
0x00007ffb48220000 - 0x00007ffb483a6000 	C:\WINDOWS\system32\GDI32.dll
0x00007ffb41530000 - 0x00007ffb417a4000 	C:\WINDOWS\WinSxS\amd64_microsoft.windows.common-controls_6595b64144ccf1df_6.0.10586.0_none_8c15ae12515e1c22\COMCTL32.dll
0x00007ffb45b00000 - 0x00007ffb45d7d000 	C:\WINDOWS\system32\combase.dll
0x00007ffb45920000 - 0x00007ffb4598a000 	C:\WINDOWS\system32\bcryptPrimitives.dll
0x00007ffb45f90000 - 0x00007ffb45fcb000 	C:\WINDOWS\system32\IMM32.DLL
0x000000006ce30000 - 0x000000006cf02000 	C:\Program Files\Java\jdk1.8.0_65\jre\bin\msvcr100.dll
0x000000006c5a0000 - 0x000000006ce29000 	C:\Program Files\Java\jdk1.8.0_65\jre\bin\server\jvm.dll
0x00007ffb475a0000 - 0x00007ffb475a8000 	C:\WINDOWS\system32\PSAPI.DLL
0x00007ffb3c060000 - 0x00007ffb3c069000 	C:\WINDOWS\SYSTEM32\WSOCK32.dll
0x00007ffb42fa0000 - 0x00007ffb42fc3000 	C:\WINDOWS\SYSTEM32\WINMM.dll
0x00007ffb418d0000 - 0x00007ffb418da000 	C:\WINDOWS\SYSTEM32\VERSION.dll
0x00007ffb48420000 - 0x00007ffb4848b000 	C:\WINDOWS\system32\WS2_32.dll
0x00007ffb42f40000 - 0x00007ffb42f6c000 	C:\WINDOWS\SYSTEM32\WINMMBASE.dll
0x00007ffb45ab0000 - 0x00007ffb45af3000 	C:\WINDOWS\system32\cfgmgr32.dll
0x000000006c590000 - 0x000000006c59f000 	C:\Program Files\Java\jdk1.8.0_65\jre\bin\verify.dll
0x000000006c560000 - 0x000000006c589000 	C:\Program Files\Java\jdk1.8.0_65\jre\bin\java.dll
0x000000006c4b0000 - 0x000000006c4e5000 	C:\Program Files\Java\jdk1.8.0_65\jre\bin\jdwp.dll
0x000000006c550000 - 0x000000006c558000 	C:\Program Files\Java\jdk1.8.0_65\jre\bin\npt.dll
0x000000006c4f0000 - 0x000000006c506000 	C:\Program Files\Java\jdk1.8.0_65\jre\bin\zip.dll
0x00007ffb45fd0000 - 0x00007ffb4752c000 	C:\WINDOWS\system32\SHELL32.dll
0x00007ffb44ef0000 - 0x00007ffb45535000 	C:\WINDOWS\system32\windows.storage.dll
0x00007ffb483c0000 - 0x00007ffb48412000 	C:\WINDOWS\system32\shlwapi.dll
0x00007ffb44da0000 - 0x00007ffb44daf000 	C:\WINDOWS\system32\kernel.appcore.dll
0x00007ffb459f0000 - 0x00007ffb45aa5000 	C:\WINDOWS\system32\shcore.dll
0x00007ffb44d50000 - 0x00007ffb44d9b000 	C:\WINDOWS\system32\powrprof.dll
0x00007ffb44d20000 - 0x00007ffb44d34000 	C:\WINDOWS\system32\profapi.dll
0x000000006c540000 - 0x000000006c549000 	C:\Program Files\Java\jdk1.8.0_65\jre\bin\dt_socket.dll
0x00007ffb44650000 - 0x00007ffb446ac000 	C:\WINDOWS\system32\mswsock.dll
0x00007ffb31d90000 - 0x00007ffb31e18000 	D:\Code\Java\Projects\WireEngine20\lib\native\lwjgl.dll
0x00007ffb44820000 - 0x00007ffb4482b000 	C:\WINDOWS\SYSTEM32\CRYPTBASE.DLL
0x00007ffb31d40000 - 0x00007ffb31d82000 	D:\Code\Java\Projects\WireEngine20\lib\native\jemalloc.dll
0x00007ffb31d00000 - 0x00007ffb31d38000 	D:\Code\Java\Projects\WireEngine20\lib\native\glfw.dll
0x00007ffb436a0000 - 0x00007ffb43736000 	C:\WINDOWS\system32\uxtheme.dll
0x00007ffb42950000 - 0x00007ffb42972000 	C:\WINDOWS\SYSTEM32\dwmapi.dll
0x00007ffb2da30000 - 0x00007ffb2db59000 	C:\WINDOWS\SYSTEM32\opengl32.dll
0x00007ffb3a050000 - 0x00007ffb3a07e000 	C:\WINDOWS\SYSTEM32\GLU32.dll
0x00007ffb2fd50000 - 0x00007ffb2fe4a000 	C:\WINDOWS\SYSTEM32\DDRAW.dll
0x00007ffb40230000 - 0x00007ffb40238000 	C:\WINDOWS\SYSTEM32\DCIMAN32.dll
0x00007ffb478f0000 - 0x00007ffb47a4a000 	C:\WINDOWS\system32\MSCTF.dll
0x00007ffb2cbb0000 - 0x00007ffb2cbf9000 	C:\Program Files (x86)\TeamViewer\tv_x64.dll
0x00007ffb475b0000 - 0x00007ffb476f3000 	C:\WINDOWS\system32\ole32.dll
0x000000006a760000 - 0x000000006c4a9000 	C:\WINDOWS\SYSTEM32\nvoglv64.DLL
0x00007ffb47c20000 - 0x00007ffb48049000 	C:\WINDOWS\system32\SETUPAPI.dll
0x00007ffb42d00000 - 0x00007ffb42d13000 	C:\WINDOWS\SYSTEM32\WTSAPI32.dll
0x00007ffb437f0000 - 0x00007ffb43817000 	C:\WINDOWS\SYSTEM32\DEVOBJ.dll
0x00007ffb45990000 - 0x00007ffb459e5000 	C:\WINDOWS\system32\WINTRUST.dll
0x00007ffb44d40000 - 0x00007ffb44d50000 	C:\WINDOWS\system32\MSASN1.dll
0x00007ffb45750000 - 0x00007ffb45917000 	C:\WINDOWS\system32\CRYPT32.dll
0x00007ffb44270000 - 0x00007ffb442a1000 	C:\WINDOWS\SYSTEM32\ntmarta.dll
0x00007ffb43fc0000 - 0x00007ffb44016000 	C:\WINDOWS\SYSTEM32\WINSTA.dll
0x00007ffb47b70000 - 0x00007ffb47c17000 	C:\WINDOWS\system32\clbcatq.dll
0x00007ffb3d0b0000 - 0x00007ffb3d0d5000 	C:\Program Files (x86)\Samsung\Easy Printer Manager\SmartScreenPrint\CDAKEYMonitor64.dll
0x00007ffb47820000 - 0x00007ffb478e1000 	C:\WINDOWS\system32\OLEAUT32.dll
0x00007ffb2ca20000 - 0x00007ffb2cbac000 	C:\WINDOWS\SYSTEM32\dbghelp.dll

VM Arguments:
jvm_args: -agentlib:jdwp=transport=dt_socket,address=127.0.0.1:62016,suspend=y,server=n -Djava.library.path=lib/native/ -Dfile.encoding=UTF-8 
java_command: main.Main
java_class_path (initial): C:\Program Files\Java\jdk1.8.0_65\jre\lib\charsets.jar;C:\Program Files\Java\jdk1.8.0_65\jre\lib\deploy.jar;C:\Program Files\Java\jdk1.8.0_65\jre\lib\ext\access-bridge-64.jar;C:\Program Files\Java\jdk1.8.0_65\jre\lib\ext\cldrdata.jar;C:\Program Files\Java\jdk1.8.0_65\jre\lib\ext\dnsns.jar;C:\Program Files\Java\jdk1.8.0_65\jre\lib\ext\jaccess.jar;C:\Program Files\Java\jdk1.8.0_65\jre\lib\ext\jfxrt.jar;C:\Program Files\Java\jdk1.8.0_65\jre\lib\ext\localedata.jar;C:\Program Files\Java\jdk1.8.0_65\jre\lib\ext\nashorn.jar;C:\Program Files\Java\jdk1.8.0_65\jre\lib\ext\sunec.jar;C:\Program Files\Java\jdk1.8.0_65\jre\lib\ext\sunjce_provider.jar;C:\Program Files\Java\jdk1.8.0_65\jre\lib\ext\sunmscapi.jar;C:\Program Files\Java\jdk1.8.0_65\jre\lib\ext\sunpkcs11.jar;C:\Program Files\Java\jdk1.8.0_65\jre\lib\ext\zipfs.jar;C:\Program Files\Java\jdk1.8.0_65\jre\lib\javaws.jar;C:\Program Files\Java\jdk1.8.0_65\jre\lib\jce.jar;C:\Program Files\Java\jdk1.8.0_65\jre\lib\jfr.jar;C:\Program Files\Java\jdk1.8.0_65\jre\lib\jfxswt.jar;C:\Program Files\Java\jdk1.8.0_65\jre\lib\jsse.jar;C:\Program Files\Java\jdk1.8.0_65\jre\lib\management-agent.jar;C:\Program Files\Java\jdk1.8.0_65\jre\lib\plugin.jar;C:\Program Files\Java\jdk1.8.0_65\jre\lib\resources.jar;C:\Program Files\Java\jdk1.8.0_65\jre\lib\rt.jar;D:\Code\Java\Projects\WireEngine20\out\production\WireEngine20;D:\Code\Java\Projects\WireEngine20\lib\jar\lwjgl.jar;D:\Code\Java\Projects\WireEngine20\lib\jar\slick-util.jar;D:\Program Files (x86)\JetBrains\IntelliJ IDEA 2016.1\lib\idea_rt.jar
Launcher Type: SUN_STANDARD

Environment Variables:
JAVA_HOME=C:\Program Files\Java\jdk1.8.0_65
PATH=C:\ProgramData\Oracle\Java\javapath;C:\Program Files (x86)\Razer Chroma SDK\bin;C:\Program Files\Razer Chroma SDK\bin;C:\Program Files (x86)\NVIDIA Corporation\PhysX\Common;C:\Program Files (x86)\Intel\iCLS Client\;C:\Program Files\Intel\iCLS Client\;C:\Windows\system32;C:\Windows;C:\Windows\System32\Wbem;C:\Windows\System32\WindowsPowerShell\v1.0\;C:\Program Files\Intel\Intel(R) Management Engine Components\DAL;C:\Program Files (x86)\Intel\Intel(R) Management Engine Components\DAL;C:\Program Files\Intel\Intel(R) Management Engine Components\IPT;C:\Program Files (x86)\Intel\Intel(R) Management Engine Components\IPT;C:\Program Files\Java\jre1.8.0_65\bin;C:\MinGW\bin;C:\WINDOWS\system32;C:\WINDOWS;C:\WINDOWS\System32\Wbem;C:\WINDOWS\System32\WindowsPowerShell\v1.0\;D:\Program Files (x86)\CMake\bin;D:\Program Files\Programs\Python\Python35-32;D:\Program Files\Programs\Python\Python35-32\Scripts;C:\Program Files (x86)\Skype\Phone\;D:\Program Files\Programs\Python\Python35-32\Scripts\;D:\Program Files\Programs\Python\Python35-32\
USERNAME=Kelan
OS=Windows_NT
PROCESSOR_IDENTIFIER=Intel64 Family 6 Model 60 Stepping 3, GenuineIntel



---------------  S Y S T E M  ---------------

OS: Windows 10.0 , 64 bit Build 10586 (10.0.10586.0)

CPU:total 8 (4 cores per cpu, 2 threads per core) family 6 model 60 stepping 3, cmov, cx8, fxsr, mmx, sse, sse2, sse3, ssse3, sse4.1, sse4.2, popcnt, avx, avx2, aes, clmul, erms, lzcnt, ht, tsc, tscinvbit, bmi1, bmi2

Memory: 4k page, physical 16609500k(8438968k free), swap 33386716k(22624412k free)

vm_info: Java HotSpot(TM) 64-Bit Server VM (25.65-b01) for windows-amd64 JRE (1.8.0_65-b17), built on Oct  6 2015 16:39:20 by "java_re" with MS VC++ 10.0 (VS2010)

time: Tue Apr 19 13:43:38 2016
elapsed time: 17 seconds (0d 0h 0m 17s)

