#
# A fatal error has been detected by the Java Runtime Environment:
#
#  EXCEPTION_ACCESS_VIOLATION (0xc0000005) at pc=0x00007ffdc91324b9, pid=10436, tid=4420
#
# JRE version: Java(TM) SE Runtime Environment (8.0_65-b17) (build 1.8.0_65-b17)
# Java VM: Java HotSpot(TM) 64-Bit Server VM (25.65-b01 mixed mode windows-amd64 compressed oops)
# Problematic frame:
# C  [glfw.dll+0x24b9]
#
# Failed to write core dump. Minidumps are not enabled by default on client versions of Windows
#
# If you would like to submit a bug report, please visit:
#   http://bugreport.java.com/bugreport/crash.jsp
# The crash happened outside the Java Virtual Machine in native code.
# See problematic frame for where to report the bug.
#

---------------  T H R E A D  ---------------

Current thread (0x000000001e293800):  JavaThread "CLIENT" [_thread_in_native, id=4420, stack(0x000000001efb0000,0x000000001f0b0000)]

siginfo: ExceptionCode=0xc0000005, reading address 0x0000000000000000

Registers:
RAX=0x0000000000000000, RBX=0x000000001ba17888, RCX=0x0000000000000000, RDX=0x0000000000000000
RSP=0x000000001f0af320, RBP=0x000000001f0af3d0, RSI=0x0000000000000108, RDI=0x00000000005c4ce0
R8 =0x000000001f0af318, R9 =0x000000001f0af3d0, R10=0x0000000000000000, R11=0x0000000000000246
R12=0x0000000000000000, R13=0x000000001ba17888, R14=0x000000001f0af408, R15=0x000000001e293800
RIP=0x00007ffdc91324b9, EFLAGS=0x0000000000010283

Top of Stack: (sp=0x000000001f0af320)
0x000000001f0af320:   000000001e293800 000000001e293800
0x000000001f0af330:   000000001ba31608 000000007052d610
0x000000001f0af340:   0000000000000191 000000000261dfcc
0x000000001f0af350:   000000001ba17888 000000001bfa14e0
0x000000001f0af360:   000000000000000e 000000001e293800
0x000000001f0af370:   000000001ba31608 000000007052aea4
0x000000001f0af380:   000000001e293800 000000001e293800
0x000000001f0af390:   000000001f0af390 0000000000000000
0x000000001f0af3a0:   000000001f0af408 000000001ba18028
0x000000001f0af3b0:   0000000000000000 000000001ba17888
0x000000001f0af3c0:   0000000000000000 000000001f0af3f0
0x000000001f0af3d0:   000000001f0af450 0000000002607d8d
0x000000001f0af3e0:   00000006c2806110 00000000026142f8
0x000000001f0af3f0:   00000000005c4ce0 00000000026078a0
0x000000001f0af400:   00007ffdc9132420 0000000000000001
0x000000001f0af410:   000000001f0af410 000000001ba315dc 

Instructions: (pc=0x00007ffdc91324b9)
0x00007ffdc9132499:   48 8b cf e8 1f 3a 00 00 48 39 3d f0 d5 02 00 48
0x00007ffdc91324a9:   8d 0d e9 d5 02 00 48 8b 5c 24 30 74 08 48 8b 09
0x00007ffdc91324b9:   48 39 39 75 f8 48 8b 07 48 89 01 48 8b cf 48 83
0x00007ffdc91324c9:   c4 20 5f e9 5b fe 00 00 48 83 c4 20 5f c3 cc cc 


Register to memory mapping:

RAX=0x0000000000000000 is an unknown value
RBX={method} {0x000000001ba17890} 'invokePV' '(JJ)V' in 'org/lwjgl/system/JNI'
RCX=0x0000000000000000 is an unknown value
RDX=0x0000000000000000 is an unknown value
RSP=0x000000001f0af320 is pointing into the stack for thread: 0x000000001e293800
RBP=0x000000001f0af3d0 is pointing into the stack for thread: 0x000000001e293800
RSI=0x0000000000000108 is an unknown value
RDI=0x00000000005c4ce0 is an unknown value
R8 =0x000000001f0af318 is pointing into the stack for thread: 0x000000001e293800
R9 =0x000000001f0af3d0 is pointing into the stack for thread: 0x000000001e293800
R10=0x0000000000000000 is an unknown value
R11=0x0000000000000246 is an unknown value
R12=0x0000000000000000 is an unknown value
R13={method} {0x000000001ba17890} 'invokePV' '(JJ)V' in 'org/lwjgl/system/JNI'
R14=0x000000001f0af408 is pointing into the stack for thread: 0x000000001e293800
R15=0x000000001e293800 is a thread


Stack: [0x000000001efb0000,0x000000001f0b0000],  sp=0x000000001f0af320,  free space=1020k
Native frames: (J=compiled Java code, j=interpreted, Vv=VM code, C=native code)
C  [glfw.dll+0x24b9]
C  0x000000000261dfcc

Java frames: (J=compiled Java code, j=interpreted, Vv=VM code)
j  org.lwjgl.system.JNI.invokePV(JJ)V+0
j  org.lwjgl.glfw.GLFW.glfwDestroyCursor(J)V+20
j  main.client.Window.destroyWindow()V+9
j  main.coreEngine.Engine.stop()V+70
j  main.client.Window.update()V+43
j  main.client.renderEngine.RenderEngine.render()V+32
j  main.client.ClientThread.tick()V+12
J 433% C1 main.coreEngine.TickableThread.run()V (481 bytes) @ 0x000000000284b89c [0x0000000002846fc0+0x48dc]
v  ~StubRoutines::call_stub

---------------  P R O C E S S  ---------------

Java Threads: ( => current thread )
  0x000000001e294000 JavaThread "SERVER" [_thread_in_Java, id=13452, stack(0x000000001f0b0000,0x000000001f1b0000)]
=>0x000000001e293800 JavaThread "CLIENT" [_thread_in_native, id=4420, stack(0x000000001efb0000,0x000000001f0b0000)]
  0x000000001e1a9800 JavaThread "Service Thread" daemon [_thread_blocked, id=10004, stack(0x000000001edb0000,0x000000001eeb0000)]
  0x000000001e113000 JavaThread "C1 CompilerThread3" daemon [_thread_blocked, id=9180, stack(0x000000001ecb0000,0x000000001edb0000)]
  0x000000001e10a000 JavaThread "C2 CompilerThread2" daemon [_thread_blocked, id=728, stack(0x000000001ebb0000,0x000000001ecb0000)]
  0x000000001e109000 JavaThread "C2 CompilerThread1" daemon [_thread_blocked, id=4332, stack(0x000000001eab0000,0x000000001ebb0000)]
  0x000000001e10e000 JavaThread "C2 CompilerThread0" daemon [_thread_blocked, id=1492, stack(0x000000001e9b0000,0x000000001eab0000)]
  0x000000001e0ef800 JavaThread "JDWP Command Reader" daemon [_thread_in_native, id=5940, stack(0x000000001e8b0000,0x000000001e9b0000)]
  0x000000001e0ee800 JavaThread "JDWP Event Helper Thread" daemon [_thread_blocked, id=12928, stack(0x000000001e7b0000,0x000000001e8b0000)]
  0x000000001e0ec800 JavaThread "JDWP Transport Listener: dt_socket" daemon [_thread_blocked, id=11148, stack(0x000000001e6b0000,0x000000001e7b0000)]
  0x000000001e0d7800 JavaThread "Attach Listener" daemon [_thread_blocked, id=10784, stack(0x000000001e5b0000,0x000000001e6b0000)]
  0x000000001e0d6000 JavaThread "Signal Dispatcher" daemon [_thread_blocked, id=860, stack(0x000000001e4b0000,0x000000001e5b0000)]
  0x00000000025fb000 JavaThread "Finalizer" daemon [_thread_blocked, id=7088, stack(0x000000001ded0000,0x000000001dfd0000)]
  0x000000001bf9d000 JavaThread "Reference Handler" daemon [_thread_blocked, id=11596, stack(0x000000001ddd0000,0x000000001ded0000)]
  0x00000000024fe000 JavaThread "main" [_thread_in_Java, id=5752, stack(0x00000000023d0000,0x00000000024d0000)]

Other Threads:
  0x000000001bf99000 VMThread [stack: 0x000000001dcd0000,0x000000001ddd0000] [id=5964]
  0x000000001e1b2000 WatcherThread [stack: 0x000000001eeb0000,0x000000001efb0000] [id=10408]

VM state:not at safepoint (normal execution)

VM Mutex/Monitor currently owned by a thread: None

Heap:
 PSYoungGen      total 173568K, used 32733K [0x000000076b800000, 0x000000077b200000, 0x00000007c0000000)
  eden space 171520K, 19% used [0x000000076b800000,0x000000076d7e7638,0x0000000775f80000)
  from space 2048K, 3% used [0x000000077ae00000,0x000000077ae10000,0x000000077b000000)
  to   space 1536K, 0% used [0x000000077b080000,0x000000077b080000,0x000000077b200000)
 ParOldGen       total 173568K, used 1268K [0x00000006c2800000, 0x00000006cd180000, 0x000000076b800000)
  object space 173568K, 0% used [0x00000006c2800000,0x00000006c293d060,0x00000006cd180000)
 Metaspace       used 7956K, capacity 8486K, committed 8704K, reserved 1056768K
  class space    used 641K, capacity 658K, committed 768K, reserved 1048576K

Card table byte_map: [0x00000000119c0000,0x00000000121b0000] byte_map_base: 0x000000000e3ac000

Marking Bits: (ParMarkBitMap*) 0x0000000070c0a5b0
 Begin Bits: [0x0000000012f00000, 0x0000000016e60000)
 End Bits:   [0x0000000016e60000, 0x000000001adc0000)

Polling page: 0x0000000000560000

CodeCache: size=245760Kb used=2546Kb max_used=2556Kb free=243213Kb
 bounds [0x0000000002600000, 0x0000000002890000, 0x0000000011600000]
 total_blobs=1123 nmethods=480 adapters=564
 compilation: enabled

Compilation events (10 events):
Event: 2.392 Thread 0x000000001e113000  477       3       main.coreEngine.Engine::getGame (28 bytes)
Event: 2.392 Thread 0x000000001e113000 nmethod 477 0x0000000002862d90 code [0x0000000002862f40, 0x00000000028635a8]
Event: 2.417 Thread 0x000000001e113000  478   !   3       main.coreEngine.TickableThread::scheduleTick (25 bytes)
Event: 2.417 Thread 0x000000001e113000 nmethod 478 0x000000000287b5d0 code [0x000000000287b740, 0x000000000287ba50]
Event: 2.425 Thread 0x000000001e113000  479       3       java.lang.Enum::equals (11 bytes)
Event: 2.425 Thread 0x000000001e113000 nmethod 479 0x0000000002862950 code [0x0000000002862aa0, 0x0000000002862c50]
Event: 2.642 Thread 0x000000001e10a000  480       4       java.lang.ThreadLocal::get (38 bytes)
Event: 2.643 Thread 0x000000001e10a000 nmethod 480 0x00000000028782d0 code [0x0000000002878420, 0x00000000028785d8]
Event: 2.708 Thread 0x000000001e113000  481       3       main.client.Window::resetKeys (29 bytes)
Event: 2.709 Thread 0x000000001e113000 nmethod 481 0x0000000002877d90 code [0x0000000002877f00, 0x00000000028781c8]

GC Heap History (10 events):
Event: 2.185 GC heap before
{Heap before GC invocations=15 (full 0):
 PSYoungGen      total 206336K, used 205888K [0x000000076b800000, 0x000000077b500000, 0x00000007c0000000)
  eden space 205824K, 100% used [0x000000076b800000,0x0000000778100000,0x0000000778100000)
  from space 512K, 12% used [0x000000077b480000,0x000000077b490000,0x000000077b500000)
  to   space 2048K, 0% used [0x000000077b100000,0x000000077b100000,0x000000077b300000)
 ParOldGen       total 173568K, used 1268K [0x00000006c2800000, 0x00000006cd180000, 0x000000076b800000)
  object space 173568K, 0% used [0x00000006c2800000,0x00000006c293d060,0x00000006cd180000)
 Metaspace       used 7954K, capacity 8486K, committed 8704K, reserved 1056768K
  class space    used 641K, capacity 658K, committed 768K, reserved 1048576K
Event: 2.186 GC heap after
Heap after GC invocations=15 (full 0):
 PSYoungGen      total 200192K, used 64K [0x000000076b800000, 0x000000077b500000, 0x00000007c0000000)
  eden space 198144K, 0% used [0x000000076b800000,0x000000076b800000,0x0000000777980000)
  from space 2048K, 3% used [0x000000077b100000,0x000000077b110000,0x000000077b300000)
  to   space 2048K, 0% used [0x000000077b300000,0x000000077b300000,0x000000077b500000)
 ParOldGen       total 173568K, used 1268K [0x00000006c2800000, 0x00000006cd180000, 0x000000076b800000)
  object space 173568K, 0% used [0x00000006c2800000,0x00000006c293d060,0x00000006cd180000)
 Metaspace       used 7954K, capacity 8486K, committed 8704K, reserved 1056768K
  class space    used 641K, capacity 658K, committed 768K, reserved 1048576K
}
Event: 2.335 GC heap before
{Heap before GC invocations=16 (full 0):
 PSYoungGen      total 200192K, used 198208K [0x000000076b800000, 0x000000077b500000, 0x00000007c0000000)
  eden space 198144K, 100% used [0x000000076b800000,0x0000000777980000,0x0000000777980000)
  from space 2048K, 3% used [0x000000077b100000,0x000000077b110000,0x000000077b300000)
  to   space 2048K, 0% used [0x000000077b300000,0x000000077b300000,0x000000077b500000)
 ParOldGen       total 173568K, used 1268K [0x00000006c2800000, 0x00000006cd180000, 0x000000076b800000)
  object space 173568K, 0% used [0x00000006c2800000,0x00000006c293d060,0x00000006cd180000)
 Metaspace       used 7954K, capacity 8486K, committed 8704K, reserved 1056768K
  class space    used 641K, capacity 658K, committed 768K, reserved 1048576K
Event: 2.336 GC heap after
Heap after GC invocations=16 (full 0):
 PSYoungGen      total 191488K, used 64K [0x000000076b800000, 0x000000077b380000, 0x00000007c0000000)
  eden space 190976K, 0% used [0x000000076b800000,0x000000076b800000,0x0000000777280000)
  from space 512K, 12% used [0x000000077b300000,0x000000077b310000,0x000000077b380000)
  to   space 2048K, 0% used [0x000000077af80000,0x000000077af80000,0x000000077b180000)
 ParOldGen       total 173568K, used 1268K [0x00000006c2800000, 0x00000006cd180000, 0x000000076b800000)
  object space 173568K, 0% used [0x00000006c2800000,0x00000006c293d060,0x00000006cd180000)
 Metaspace       used 7954K, capacity 8486K, committed 8704K, reserved 1056768K
  class space    used 641K, capacity 658K, committed 768K, reserved 1048576K
}
Event: 2.494 GC heap before
{Heap before GC invocations=17 (full 0):
 PSYoungGen      total 191488K, used 191040K [0x000000076b800000, 0x000000077b380000, 0x00000007c0000000)
  eden space 190976K, 100% used [0x000000076b800000,0x0000000777280000,0x0000000777280000)
  from space 512K, 12% used [0x000000077b300000,0x000000077b310000,0x000000077b380000)
  to   space 2048K, 0% used [0x000000077af80000,0x000000077af80000,0x000000077b180000)
 ParOldGen       total 173568K, used 1268K [0x00000006c2800000, 0x00000006cd180000, 0x000000076b800000)
  object space 173568K, 0% used [0x00000006c2800000,0x00000006c293d060,0x00000006cd180000)
 Metaspace       used 7956K, capacity 8486K, committed 8704K, reserved 1056768K
  class space    used 641K, capacity 658K, committed 768K, reserved 1048576K
Event: 2.494 GC heap after
Heap after GC invocations=17 (full 0):
 PSYoungGen      total 186368K, used 64K [0x000000076b800000, 0x000000077b380000, 0x00000007c0000000)
  eden space 184320K, 0% used [0x000000076b800000,0x000000076b800000,0x0000000776c00000)
  from space 2048K, 3% used [0x000000077af80000,0x000000077af90000,0x000000077b180000)
  to   space 2048K, 0% used [0x000000077b180000,0x000000077b180000,0x000000077b380000)
 ParOldGen       total 173568K, used 1268K [0x00000006c2800000, 0x00000006cd180000, 0x000000076b800000)
  object space 173568K, 0% used [0x00000006c2800000,0x00000006c293d060,0x00000006cd180000)
 Metaspace       used 7956K, capacity 8486K, committed 8704K, reserved 1056768K
  class space    used 641K, capacity 658K, committed 768K, reserved 1048576K
}
Event: 2.695 GC heap before
{Heap before GC invocations=18 (full 0):
 PSYoungGen      total 186368K, used 184384K [0x000000076b800000, 0x000000077b380000, 0x00000007c0000000)
  eden space 184320K, 100% used [0x000000076b800000,0x0000000776c00000,0x0000000776c00000)
  from space 2048K, 3% used [0x000000077af80000,0x000000077af90000,0x000000077b180000)
  to   space 2048K, 0% used [0x000000077b180000,0x000000077b180000,0x000000077b380000)
 ParOldGen       total 173568K, used 1268K [0x00000006c2800000, 0x00000006cd180000, 0x000000076b800000)
  object space 173568K, 0% used [0x00000006c2800000,0x00000006c293d060,0x00000006cd180000)
 Metaspace       used 7956K, capacity 8486K, committed 8704K, reserved 1056768K
  class space    used 641K, capacity 658K, committed 768K, reserved 1048576K
Event: 2.696 GC heap after
Heap after GC invocations=18 (full 0):
 PSYoungGen      total 178176K, used 64K [0x000000076b800000, 0x000000077b200000, 0x00000007c0000000)
  eden space 177664K, 0% used [0x000000076b800000,0x000000076b800000,0x0000000776580000)
  from space 512K, 12% used [0x000000077b180000,0x000000077b190000,0x000000077b200000)
  to   space 2048K, 0% used [0x000000077ae00000,0x000000077ae00000,0x000000077b000000)
 ParOldGen       total 173568K, used 1268K [0x00000006c2800000, 0x00000006cd180000, 0x000000076b800000)
  object space 173568K, 0% used [0x00000006c2800000,0x00000006c293d060,0x00000006cd180000)
 Metaspace       used 7956K, capacity 8486K, committed 8704K, reserved 1056768K
  class space    used 641K, capacity 658K, committed 768K, reserved 1048576K
}
Event: 2.892 GC heap before
{Heap before GC invocations=19 (full 0):
 PSYoungGen      total 178176K, used 177728K [0x000000076b800000, 0x000000077b200000, 0x00000007c0000000)
  eden space 177664K, 100% used [0x000000076b800000,0x0000000776580000,0x0000000776580000)
  from space 512K, 12% used [0x000000077b180000,0x000000077b190000,0x000000077b200000)
  to   space 2048K, 0% used [0x000000077ae00000,0x000000077ae00000,0x000000077b000000)
 ParOldGen       total 173568K, used 1268K [0x00000006c2800000, 0x00000006cd180000, 0x000000076b800000)
  object space 173568K, 0% used [0x00000006c2800000,0x00000006c293d060,0x00000006cd180000)
 Metaspace       used 7956K, capacity 8486K, committed 8704K, reserved 1056768K
  class space    used 641K, capacity 658K, committed 768K, reserved 1048576K
Event: 2.892 GC heap after
Heap after GC invocations=19 (full 0):
 PSYoungGen      total 173568K, used 64K [0x000000076b800000, 0x000000077b200000, 0x00000007c0000000)
  eden space 171520K, 0% used [0x000000076b800000,0x000000076b800000,0x0000000775f80000)
  from space 2048K, 3% used [0x000000077ae00000,0x000000077ae10000,0x000000077b000000)
  to   space 1536K, 0% used [0x000000077b080000,0x000000077b080000,0x000000077b200000)
 ParOldGen       total 173568K, used 1268K [0x00000006c2800000, 0x00000006cd180000, 0x000000076b800000)
  object space 173568K, 0% used [0x00000006c2800000,0x00000006c293d060,0x00000006cd180000)
 Metaspace       used 7956K, capacity 8486K, committed 8704K, reserved 1056768K
  class space    used 641K, capacity 658K, committed 768K, reserved 1048576K
}

Deoptimization events (10 events):
Event: 0.165 Thread 0x000000001e293800 Uncommon trap: reason=bimorphic action=maybe_recompile pc=0x00000000027449b4 method=java.util.HashMap.getNode(ILjava/lang/Object;)Ljava/util/HashMap$Node; @ 126
Event: 0.438 Thread 0x000000001e293800 Uncommon trap: reason=bimorphic action=maybe_recompile pc=0x00000000027449b4 method=java.util.HashMap.getNode(ILjava/lang/Object;)Ljava/util/HashMap$Node; @ 126
Event: 0.439 Thread 0x000000001e293800 Uncommon trap: reason=bimorphic action=maybe_recompile pc=0x00000000027449b4 method=java.util.HashMap.getNode(ILjava/lang/Object;)Ljava/util/HashMap$Node; @ 126
Event: 0.445 Thread 0x000000001e293800 Uncommon trap: reason=unstable_if action=reinterpret pc=0x000000000273a918 method=java.util.HashMap.keySet()Ljava/util/Set; @ 6
Event: 0.976 Thread 0x000000001e293800 Uncommon trap: reason=unstable_if action=reinterpret pc=0x00000000027425c4 method=java.util.HashMap.clear()V @ 16
Event: 0.976 Thread 0x000000001e293800 Uncommon trap: reason=unstable_if action=reinterpret pc=0x0000000002742318 method=java.util.HashMap.clear()V @ 16
Event: 0.976 Thread 0x00000000024fe000 Uncommon trap: reason=unstable_if action=reinterpret pc=0x0000000002765dbc method=main.coreEngine.TickableThread.invoke(Ljava/lang/String;[Ljava/lang/Object;)V @ 53
Event: 0.976 Thread 0x000000001e294000 Uncommon trap: reason=unstable_if action=reinterpret pc=0x0000000002764174 method=main.coreEngine.TickableThread.run()V @ 58
Event: 1.017 Thread 0x00000000024fe000 Uncommon trap: reason=unstable_if action=reinterpret pc=0x000000000285b8f0 method=main.coreEngine.Engine.start()V @ 163
Event: 1.083 Thread 0x000000001e294000 Uncommon trap: reason=unstable_if action=reinterpret pc=0x000000000286798c method=main.coreEngine.TickableThread.run()V @ 461

Internal exceptions (8 events):
Event: 0.036 Thread 0x00000000024fe000 Exception <a 'java/lang/NoSuchMethodError': Method sun.misc.Unsafe.defineClass(Ljava/lang/String;[BII)Ljava/lang/Class; name or signature does not match> (0x000000076b80d9b8) thrown at [C:\workspace\8-2-build-windows-amd64-cygwin\jdk8u65\4987\hotspot\src\s%Ü±íåQ¢?
Event: 0.036 Thread 0x00000000024fe000 Exception <a 'java/lang/NoSuchMethodError': Method sun.misc.Unsafe.prefetchRead(Ljava/lang/Object;J)V name or signature does not match> (0x000000076b80dca0) thrown at [C:\workspace\8-2-build-windows-amd64-cygwin\jdk8u65\4987\hotspot\src\share\vm\prims\jni.ù¥·¿I„Ç?
Event: 0.184 Thread 0x000000001e293800 Exception <a 'java/lang/ArrayIndexOutOfBoundsException': -1> (0x000000076cab0258) thrown at [C:\workspace\8-2-build-windows-amd64-cygwin\jdk8u65\4987\hotspot\src\share\vm\interpreter\interpreterRuntime.cpp, line 366]
Event: 0.439 Thread 0x000000001e293800 Exception <a 'java/security/PrivilegedActionException'> (0x000000076bc9fa18) thrown at [C:\workspace\8-2-build-windows-amd64-cygwin\jdk8u65\4987\hotspot\src\share\vm\prims\jvm.cpp, line 1386]
Event: 0.439 Thread 0x000000001e293800 Exception <a 'java/security/PrivilegedActionException'> (0x000000076bc9fe10) thrown at [C:\workspace\8-2-build-windows-amd64-cygwin\jdk8u65\4987\hotspot\src\share\vm\prims\jvm.cpp, line 1386]
Event: 0.439 Thread 0x000000001e293800 Exception <a 'java/security/PrivilegedActionException'> (0x000000076bca4028) thrown at [C:\workspace\8-2-build-windows-amd64-cygwin\jdk8u65\4987\hotspot\src\share\vm\prims\jvm.cpp, line 1386]
Event: 0.439 Thread 0x000000001e293800 Exception <a 'java/security/PrivilegedActionException'> (0x000000076bca4420) thrown at [C:\workspace\8-2-build-windows-amd64-cygwin\jdk8u65\4987\hotspot\src\share\vm\prims\jvm.cpp, line 1386]
Event: 0.976 Thread 0x00000000024fe000 Implicit null exception at 0x0000000002765804 to 0x0000000002765d95

Events (10 events):
Event: 2.185 Executing VM operation: ParallelGCFailedAllocation
Event: 2.186 Executing VM operation: ParallelGCFailedAllocation done
Event: 2.335 Executing VM operation: ParallelGCFailedAllocation
Event: 2.336 Executing VM operation: ParallelGCFailedAllocation done
Event: 2.494 Executing VM operation: ParallelGCFailedAllocation
Event: 2.494 Executing VM operation: ParallelGCFailedAllocation done
Event: 2.695 Executing VM operation: ParallelGCFailedAllocation
Event: 2.696 Executing VM operation: ParallelGCFailedAllocation done
Event: 2.891 Executing VM operation: ParallelGCFailedAllocation
Event: 2.892 Executing VM operation: ParallelGCFailedAllocation done


Dynamic libraries:
0x00007ff75ee90000 - 0x00007ff75eec7000 	C:\Program Files\Java\jdk1.8.0_65\bin\java.exe
0x00007ffde4980000 - 0x00007ffde4b41000 	C:\WINDOWS\SYSTEM32\ntdll.dll
0x00007ffde42a0000 - 0x00007ffde434d000 	C:\WINDOWS\system32\KERNEL32.DLL
0x00007ffde19f0000 - 0x00007ffde1bd8000 	C:\WINDOWS\system32\KERNELBASE.dll
0x00007ffde1e70000 - 0x00007ffde1f17000 	C:\WINDOWS\system32\ADVAPI32.dll
0x00007ffde3800000 - 0x00007ffde389d000 	C:\WINDOWS\system32\msvcrt.dll
0x00007ffde1e10000 - 0x00007ffde1e6b000 	C:\WINDOWS\system32\sechost.dll
0x00007ffde3bd0000 - 0x00007ffde3cec000 	C:\WINDOWS\system32\RPCRT4.dll
0x00007ffde3fe0000 - 0x00007ffde4136000 	C:\WINDOWS\system32\USER32.dll
0x00007ffde3cf0000 - 0x00007ffde3e76000 	C:\WINDOWS\system32\GDI32.dll
0x00007ffddd690000 - 0x00007ffddd904000 	C:\WINDOWS\WinSxS\amd64_microsoft.windows.common-controls_6595b64144ccf1df_6.0.10586.0_none_8c15ae12515e1c22\COMCTL32.dll
0x00007ffde3950000 - 0x00007ffde3bcd000 	C:\WINDOWS\system32\combase.dll
0x00007ffde1cf0000 - 0x00007ffde1d5a000 	C:\WINDOWS\system32\bcryptPrimitives.dll
0x00007ffde1dc0000 - 0x00007ffde1dfb000 	C:\WINDOWS\system32\IMM32.DLL
0x0000000070c90000 - 0x0000000070d62000 	C:\Program Files\Java\jdk1.8.0_65\jre\bin\msvcr100.dll
0x0000000070400000 - 0x0000000070c89000 	C:\Program Files\Java\jdk1.8.0_65\jre\bin\server\jvm.dll
0x00007ffde4290000 - 0x00007ffde4298000 	C:\WINDOWS\system32\PSAPI.DLL
0x00007ffddf730000 - 0x00007ffddf753000 	C:\WINDOWS\SYSTEM32\WINMM.dll
0x00007ffdd8550000 - 0x00007ffdd8559000 	C:\WINDOWS\SYSTEM32\WSOCK32.dll
0x00007ffddd9c0000 - 0x00007ffddd9ca000 	C:\WINDOWS\SYSTEM32\VERSION.dll
0x00007ffde4470000 - 0x00007ffde44db000 	C:\WINDOWS\system32\WS2_32.dll
0x00007ffddf6d0000 - 0x00007ffddf6fc000 	C:\WINDOWS\SYSTEM32\WINMMBASE.dll
0x00007ffde1be0000 - 0x00007ffde1c23000 	C:\WINDOWS\system32\cfgmgr32.dll
0x00000000703f0000 - 0x00000000703ff000 	C:\Program Files\Java\jdk1.8.0_65\jre\bin\verify.dll
0x00000000703c0000 - 0x00000000703e9000 	C:\Program Files\Java\jdk1.8.0_65\jre\bin\java.dll
0x0000000070320000 - 0x0000000070355000 	C:\Program Files\Java\jdk1.8.0_65\jre\bin\jdwp.dll
0x0000000070310000 - 0x0000000070318000 	C:\Program Files\Java\jdk1.8.0_65\jre\bin\npt.dll
0x00000000703a0000 - 0x00000000703b6000 	C:\Program Files\Java\jdk1.8.0_65\jre\bin\zip.dll
0x00007ffde1f80000 - 0x00007ffde34dc000 	C:\WINDOWS\system32\SHELL32.dll
0x00007ffde11d0000 - 0x00007ffde1815000 	C:\WINDOWS\system32\windows.storage.dll
0x00007ffde36b0000 - 0x00007ffde3702000 	C:\WINDOWS\system32\shlwapi.dll
0x00007ffde0fb0000 - 0x00007ffde0fbf000 	C:\WINDOWS\system32\kernel.appcore.dll
0x00007ffde1c30000 - 0x00007ffde1ce5000 	C:\WINDOWS\system32\shcore.dll
0x00007ffde0fc0000 - 0x00007ffde100b000 	C:\WINDOWS\system32\powrprof.dll
0x00007ffde0f80000 - 0x00007ffde0f94000 	C:\WINDOWS\system32\profapi.dll
0x0000000070390000 - 0x0000000070399000 	C:\Program Files\Java\jdk1.8.0_65\jre\bin\dt_socket.dll
0x00007ffde08b0000 - 0x00007ffde090c000 	C:\WINDOWS\system32\mswsock.dll
0x00007ffdcf260000 - 0x00007ffdcf2e8000 	D:\Code\Java\Projects\WireEngine20\lib\native\lwjgl.dll
0x00007ffde0a80000 - 0x00007ffde0a8b000 	C:\WINDOWS\SYSTEM32\CRYPTBASE.DLL
0x00007ffdc9170000 - 0x00007ffdc91b2000 	D:\Code\Java\Projects\WireEngine20\lib\native\jemalloc.dll
0x00007ffdc9130000 - 0x00007ffdc9168000 	D:\Code\Java\Projects\WireEngine20\lib\native\glfw.dll
0x00007ffddf850000 - 0x00007ffddf8e6000 	C:\WINDOWS\system32\uxtheme.dll
0x00007ffdde650000 - 0x00007ffdde672000 	C:\WINDOWS\SYSTEM32\dwmapi.dll
0x00007ffdc8b70000 - 0x00007ffdc8c99000 	C:\WINDOWS\SYSTEM32\opengl32.dll
0x00007ffdc6920000 - 0x00007ffdc6a1a000 	C:\WINDOWS\SYSTEM32\DDRAW.dll
0x00007ffdcd0c0000 - 0x00007ffdcd0ee000 	C:\WINDOWS\SYSTEM32\GLU32.dll
0x00007ffddaa30000 - 0x00007ffddaa38000 	C:\WINDOWS\SYSTEM32\DCIMAN32.dll
0x00007ffde3e80000 - 0x00007ffde3fda000 	C:\WINDOWS\system32\MSCTF.dll
0x00007ffdc9cc0000 - 0x00007ffdc9d09000 	C:\Program Files (x86)\TeamViewer\tv_x64.dll
0x00007ffde4140000 - 0x00007ffde4283000 	C:\WINDOWS\system32\ole32.dll
0x000000006e5c0000 - 0x0000000070309000 	C:\WINDOWS\SYSTEM32\nvoglv64.DLL
0x00007ffde4550000 - 0x00007ffde4979000 	C:\WINDOWS\system32\SETUPAPI.dll
0x00007ffddf2f0000 - 0x00007ffddf303000 	C:\WINDOWS\SYSTEM32\WTSAPI32.dll
0x00007ffddf9a0000 - 0x00007ffddf9c7000 	C:\WINDOWS\SYSTEM32\DEVOBJ.dll
0x00007ffde1170000 - 0x00007ffde11c5000 	C:\WINDOWS\system32\WINTRUST.dll
0x00007ffde0fa0000 - 0x00007ffde0fb0000 	C:\WINDOWS\system32\MSASN1.dll
0x00007ffde1820000 - 0x00007ffde19e7000 	C:\WINDOWS\system32\CRYPT32.dll
0x00007ffde04d0000 - 0x00007ffde0501000 	C:\WINDOWS\SYSTEM32\ntmarta.dll
0x00007ffde0220000 - 0x00007ffde0276000 	C:\WINDOWS\SYSTEM32\WINSTA.dll
0x00007ffde38a0000 - 0x00007ffde3947000 	C:\WINDOWS\system32\clbcatq.dll
0x00007ffdb9de0000 - 0x00007ffdb9f6c000 	C:\WINDOWS\SYSTEM32\dbghelp.dll

VM Arguments:
jvm_args: -agentlib:jdwp=transport=dt_socket,address=127.0.0.1:64658,suspend=y,server=n -Djava.library.path=lib/native/ -Dfile.encoding=UTF-8 
java_command: main.Main
java_class_path (initial): C:\Program Files\Java\jdk1.8.0_65\jre\lib\charsets.jar;C:\Program Files\Java\jdk1.8.0_65\jre\lib\deploy.jar;C:\Program Files\Java\jdk1.8.0_65\jre\lib\ext\access-bridge-64.jar;C:\Program Files\Java\jdk1.8.0_65\jre\lib\ext\cldrdata.jar;C:\Program Files\Java\jdk1.8.0_65\jre\lib\ext\dnsns.jar;C:\Program Files\Java\jdk1.8.0_65\jre\lib\ext\jaccess.jar;C:\Program Files\Java\jdk1.8.0_65\jre\lib\ext\jfxrt.jar;C:\Program Files\Java\jdk1.8.0_65\jre\lib\ext\localedata.jar;C:\Program Files\Java\jdk1.8.0_65\jre\lib\ext\nashorn.jar;C:\Program Files\Java\jdk1.8.0_65\jre\lib\ext\sunec.jar;C:\Program Files\Java\jdk1.8.0_65\jre\lib\ext\sunjce_provider.jar;C:\Program Files\Java\jdk1.8.0_65\jre\lib\ext\sunmscapi.jar;C:\Program Files\Java\jdk1.8.0_65\jre\lib\ext\sunpkcs11.jar;C:\Program Files\Java\jdk1.8.0_65\jre\lib\ext\zipfs.jar;C:\Program Files\Java\jdk1.8.0_65\jre\lib\javaws.jar;C:\Program Files\Java\jdk1.8.0_65\jre\lib\jce.jar;C:\Program Files\Java\jdk1.8.0_65\jre\lib\jfr.jar;C:\Program Files\Java\jdk1.8.0_65\jre\lib\jfxswt.jar;C:\Program Files\Java\jdk1.8.0_65\jre\lib\jsse.jar;C:\Program Files\Java\jdk1.8.0_65\jre\lib\management-agent.jar;C:\Program Files\Java\jdk1.8.0_65\jre\lib\plugin.jar;C:\Program Files\Java\jdk1.8.0_65\jre\lib\resources.jar;C:\Program Files\Java\jdk1.8.0_65\jre\lib\rt.jar;D:\Code\Java\Projects\WireEngine20\out\production\WireEngine20;D:\Code\Java\Projects\WireEngine20\lib\jar\lwjgl.jar;D:\Program Files (x86)\JetBrains\IntelliJ IDEA 2016.1\lib\idea_rt.jar
Launcher Type: SUN_STANDARD

Environment Variables:
JAVA_HOME=C:\Program Files\Java\jdk1.8.0_65
PATH=C:\ProgramData\Oracle\Java\javapath;C:\Program Files (x86)\Razer Chroma SDK\bin;C:\Program Files\Razer Chroma SDK\bin;C:\Program Files (x86)\NVIDIA Corporation\PhysX\Common;C:\Program Files (x86)\Intel\iCLS Client\;C:\Program Files\Intel\iCLS Client\;C:\Windows\system32;C:\Windows;C:\Windows\System32\Wbem;C:\Windows\System32\WindowsPowerShell\v1.0\;C:\Program Files\Intel\Intel(R) Management Engine Components\DAL;C:\Program Files (x86)\Intel\Intel(R) Management Engine Components\DAL;C:\Program Files\Intel\Intel(R) Management Engine Components\IPT;C:\Program Files (x86)\Intel\Intel(R) Management Engine Components\IPT;C:\Program Files\Java\jre1.8.0_65\bin;C:\MinGW\bin;C:\WINDOWS\system32;C:\WINDOWS;C:\WINDOWS\System32\Wbem;C:\WINDOWS\System32\WindowsPowerShell\v1.0\;D:\Program Files (x86)\CMake\bin;D:\Program Files\Programs\Python\Python35-32;D:\Program Files\Programs\Python\Python35-32\Scripts;C:\Program Files (x86)\Skype\Phone\;D:\Program Files\Programs\Python\Python35-32\Scripts\;D:\Program Files\Programs\Python\Python35-32\
USERNAME=Kelan
OS=Windows_NT
PROCESSOR_IDENTIFIER=Intel64 Family 6 Model 60 Stepping 3, GenuineIntel



---------------  S Y S T E M  ---------------

OS: Windows 10.0 , 64 bit Build 10586 (10.0.10586.0)

CPU:total 8 (4 cores per cpu, 2 threads per core) family 6 model 60 stepping 3, cmov, cx8, fxsr, mmx, sse, sse2, sse3, ssse3, sse4.1, sse4.2, popcnt, avx, avx2, aes, clmul, erms, lzcnt, ht, tsc, tscinvbit, bmi1, bmi2

Memory: 4k page, physical 16609500k(5419404k free), swap 33386716k(20962188k free)

vm_info: Java HotSpot(TM) 64-Bit Server VM (25.65-b01) for windows-amd64 JRE (1.8.0_65-b17), built on Oct  6 2015 16:39:20 by "java_re" with MS VC++ 10.0 (VS2010)

time: Sun Apr 10 09:34:01 2016
elapsed time: 2 seconds (0d 0h 0m 2s)

