#
# A fatal error has been detected by the Java Runtime Environment:
#
#  EXCEPTION_ACCESS_VIOLATION (0xc0000005) at pc=0x00007ffb27d724b9, pid=12776, tid=8108
#
# JRE version: Java(TM) SE Runtime Environment (8.0_65-b17) (build 1.8.0_65-b17)
# Java VM: Java HotSpot(TM) 64-Bit Server VM (25.65-b01 mixed mode windows-amd64 compressed oops)
# Problematic frame:
# C  [glfw.dll+0x24b9]
#
# Failed to write core dump. Minidumps are not enabled by default on client versions of Windows
#
# If you would like to submit a bug report, please visit:
#   http://bugreport.java.com/bugreport/crash.jsp
# The crash happened outside the Java Virtual Machine in native code.
# See problematic frame for where to report the bug.
#

---------------  T H R E A D  ---------------

Current thread (0x000000001e2b8800):  JavaThread "CLIENT" [_thread_in_native, id=8108, stack(0x000000001efc0000,0x000000001f0c0000)]

siginfo: ExceptionCode=0xc0000005, reading address 0x0000000000000000

Registers:
RAX=0x0000000000000000, RBX=0x000000001ba93030, RCX=0x0000000000000000, RDX=0x0000000000000000
RSP=0x000000001f0beac0, RBP=0x000000001f0beb50, RSI=0x0000000000000108, RDI=0x000000000053b770
R8 =0x000000001f0beab8, R9 =0x000000001f0beb50, R10=0x0000000000000000, R11=0x0000000000000246
R12=0x0000000000000000, R13=0x000000001f0beb68, R14=0x000000001f0beb40, R15=0x000000001e2b8800
RIP=0x00007ffb27d724b9, EFLAGS=0x0000000000010287

Top of Stack: (sp=0x000000001f0beac0)
0x000000001f0beac0:   0000000000000000 0000000000000108
0x000000001f0bead0:   000000001ba37c10 000000000266eb60
0x000000001f0beae0:   0000000000002a0f 0000000002af3a4a
0x000000001f0beaf0:   000000001ba93030 000000006c6faea4
0x000000001f0beb00:   000000001e2b8800 000000001e2b8800
0x000000001f0beb10:   000000001e2b8800 0000000000000000
0x000000001f0beb20:   000000001e2b2ce0 000000006c685eba
0x000000001f0beb30:   000000001f0bf298 000000001f0bebc8
0x000000001f0beb40:   00000006c28060c8 0000000000002a0e
0x000000001f0beb50:   000000001f0bebc8 0000000002677d8d
0x000000001f0beb60:   0000000002677d8d 000000000053b770
0x000000001f0beb70:   00000000026778a0 00007ffb27d72420
0x000000001f0beb80:   0000000000000001 000000001f0beb88
0x000000001f0beb90:   000000001baaf0bc 000000001f0bebf0
0x000000001f0beba0:   000000001bab10a0 0000000000000000
0x000000001f0bebb0:   000000001baaf0e8 000000001f0beb68 

Instructions: (pc=0x00007ffb27d724b9)
0x00007ffb27d72499:   48 8b cf e8 1f 3a 00 00 48 39 3d f0 d5 02 00 48
0x00007ffb27d724a9:   8d 0d e9 d5 02 00 48 8b 5c 24 30 74 08 48 8b 09
0x00007ffb27d724b9:   48 39 39 75 f8 48 8b 07 48 89 01 48 8b cf 48 83
0x00007ffb27d724c9:   c4 20 5f e9 5b fe 00 00 48 83 c4 20 5f c3 cc cc 


Register to memory mapping:

RAX=0x0000000000000000 is an unknown value
RBX={method} {0x000000001ba93038} 'invokePV' '(JJ)V' in 'org/lwjgl/system/JNI'
RCX=0x0000000000000000 is an unknown value
RDX=0x0000000000000000 is an unknown value
RSP=0x000000001f0beac0 is pointing into the stack for thread: 0x000000001e2b8800
RBP=0x000000001f0beb50 is pointing into the stack for thread: 0x000000001e2b8800
RSI=0x0000000000000108 is an unknown value
RDI=0x000000000053b770 is an unknown value
R8 =0x000000001f0beab8 is pointing into the stack for thread: 0x000000001e2b8800
R9 =0x000000001f0beb50 is pointing into the stack for thread: 0x000000001e2b8800
R10=0x0000000000000000 is an unknown value
R11=0x0000000000000246 is an unknown value
R12=0x0000000000000000 is an unknown value
R13=0x000000001f0beb68 is pointing into the stack for thread: 0x000000001e2b8800
R14=0x000000001f0beb40 is pointing into the stack for thread: 0x000000001e2b8800
R15=0x000000001e2b8800 is a thread


Stack: [0x000000001efc0000,0x000000001f0c0000],  sp=0x000000001f0beac0,  free space=1018k
Native frames: (J=compiled Java code, j=interpreted, Vv=VM code, C=native code)
C  [glfw.dll+0x24b9]
C  0x0000000002af3a4a

Java frames: (J=compiled Java code, j=interpreted, Vv=VM code)
J 840  org.lwjgl.system.JNI.invokePV(JJ)V (0 bytes) @ 0x0000000002af39c4 [0x0000000002af3980+0x44]
j  org.lwjgl.glfw.GLFW.glfwDestroyCursor(J)V+20
j  main.client.Window.destroyWindow()V+9
j  main.coreEngine.Engine.stop()V+70
J 882 C1 main.client.Window.update()V (37 bytes) @ 0x0000000002b1412c [0x0000000002b13c80+0x4ac]
J 860 C1 main.client.renderEngine.RenderEngine.render()V (60 bytes) @ 0x0000000002b0a09c [0x0000000002b08f60+0x113c]
J 843 C1 main.client.ClientThread.tick()V (16 bytes) @ 0x0000000002afba74 [0x0000000002afb5c0+0x4b4]
j  main.coreEngine.TickableThread.run()V+469
v  ~StubRoutines::call_stub

---------------  P R O C E S S  ---------------

Java Threads: ( => current thread )
  0x000000001e2ba000 JavaThread "SERVER" [_thread_in_Java, id=11368, stack(0x000000001f0c0000,0x000000001f1c0000)]
=>0x000000001e2b8800 JavaThread "CLIENT" [_thread_in_native, id=8108, stack(0x000000001efc0000,0x000000001f0c0000)]
  0x000000001e10e000 JavaThread "Service Thread" daemon [_thread_blocked, id=10676, stack(0x000000001edc0000,0x000000001eec0000)]
  0x000000001e121000 JavaThread "C1 CompilerThread3" daemon [_thread_blocked, id=13128, stack(0x000000001ecc0000,0x000000001edc0000)]
  0x000000001e120800 JavaThread "C2 CompilerThread2" daemon [_thread_blocked, id=12268, stack(0x000000001ebc0000,0x000000001ecc0000)]
  0x000000001e117800 JavaThread "C2 CompilerThread1" daemon [_thread_blocked, id=10604, stack(0x000000001eac0000,0x000000001ebc0000)]
  0x000000001e11b800 JavaThread "C2 CompilerThread0" daemon [_thread_blocked, id=1796, stack(0x000000001e9c0000,0x000000001eac0000)]
  0x000000001e101800 JavaThread "JDWP Command Reader" daemon [_thread_in_native, id=7116, stack(0x000000001e8c0000,0x000000001e9c0000)]
  0x000000001e0fe800 JavaThread "JDWP Event Helper Thread" daemon [_thread_blocked, id=5608, stack(0x000000001e7c0000,0x000000001e8c0000)]
  0x000000001e0fc000 JavaThread "JDWP Transport Listener: dt_socket" daemon [_thread_blocked, id=5112, stack(0x000000001e6c0000,0x000000001e7c0000)]
  0x000000001e0e6800 JavaThread "Attach Listener" daemon [_thread_blocked, id=10160, stack(0x000000001e5c0000,0x000000001e6c0000)]
  0x000000001e0e5800 JavaThread "Signal Dispatcher" daemon [_thread_blocked, id=1344, stack(0x000000001e4c0000,0x000000001e5c0000)]
  0x000000000266a000 JavaThread "Finalizer" daemon [_thread_blocked, id=10340, stack(0x000000001dee0000,0x000000001dfe0000)]
  0x0000000002663000 JavaThread "Reference Handler" daemon [_thread_blocked, id=2832, stack(0x000000001dde0000,0x000000001dee0000)]
  0x000000000256e000 JavaThread "main" [_thread_in_Java, id=5356, stack(0x0000000002390000,0x0000000002490000)]

Other Threads:
  0x000000001c009800 VMThread [stack: 0x000000001dce0000,0x000000001dde0000] [id=2268]
  0x000000001e1d1000 WatcherThread [stack: 0x000000001eec0000,0x000000001efc0000] [id=2896]

VM state:not at safepoint (normal execution)

VM Mutex/Monitor currently owned by a thread: None

Heap:
 PSYoungGen      total 71680K, used 62165K [0x000000076b800000, 0x00000007bb080000, 0x00000007c0000000)
  eden space 71168K, 87% used [0x000000076b800000,0x000000076f48d580,0x000000076fd80000)
  from space 512K, 31% used [0x00000007bb000000,0x00000007bb028000,0x00000007bb080000)
  to   space 512K, 0% used [0x00000007baf80000,0x00000007baf80000,0x00000007bb000000)
 ParOldGen       total 173568K, used 28976K [0x00000006c2800000, 0x00000006cd180000, 0x000000076b800000)
  object space 173568K, 16% used [0x00000006c2800000,0x00000006c444c3d0,0x00000006cd180000)
 Metaspace       used 8396K, capacity 8774K, committed 8960K, reserved 1056768K
  class space    used 662K, capacity 690K, committed 768K, reserved 1048576K

Card table byte_map: [0x0000000011a30000,0x0000000012220000] byte_map_base: 0x000000000e41c000

Marking Bits: (ParMarkBitMap*) 0x000000006cdda5b0
 Begin Bits: [0x0000000012f70000, 0x0000000016ed0000)
 End Bits:   [0x0000000016ed0000, 0x000000001ae30000)

Polling page: 0x0000000000b30000

CodeCache: size=245760Kb used=4762Kb max_used=4773Kb free=240997Kb
 bounds [0x0000000002670000, 0x0000000002b30000, 0x0000000011670000]
 total_blobs=1522 nmethods=864 adapters=579
 compilation: enabled

Compilation events (10 events):
Event: 17.709 Thread 0x000000001e121000  886       1       main.coreEngine.sceneGraph.components.CameraComponent::input (1 bytes)
Event: 17.709 Thread 0x000000001e121000 nmethod 886 0x0000000002771b90 code [0x0000000002771ce0, 0x0000000002771df0]
Event: 18.242 Thread 0x000000001e117800  887       4       java.nio.DirectByteBuffer::asDoubleBuffer (151 bytes)
Event: 18.244 Thread 0x000000001e117800 nmethod 887 0x00000000027bca10 code [0x00000000027bcb60, 0x00000000027bcd58]
Event: 18.509 Thread 0x000000001e11b800  888       4       java.nio.DirectDoubleBufferU::get (16 bytes)
Event: 18.510 Thread 0x000000001e11b800 nmethod 888 0x0000000002783590 code [0x00000000027836c0, 0x0000000002783778]
Event: 18.559 Thread 0x000000001e120800  889       4       main.coreEngine.util.maths.Vector3f::add (72 bytes)
Event: 18.560 Thread 0x000000001e120800 nmethod 889 0x0000000002789550 code [0x00000000027896a0, 0x00000000027898d8]
Event: 18.759 Thread 0x000000001e121000  890       1       main.coreEngine.sceneGraph.components.ControllerComponent::render (1 bytes)
Event: 18.759 Thread 0x000000001e121000 nmethod 890 0x000000000276ef10 code [0x000000000276f060, 0x000000000276f170]

GC Heap History (10 events):
Event: 18.949 GC heap before
{Heap before GC invocations=162 (full 0):
 PSYoungGen      total 80896K, used 80608K [0x000000076b800000, 0x00000007bb080000, 0x00000007c0000000)
  eden space 80384K, 100% used [0x000000076b800000,0x0000000770680000,0x0000000770680000)
  from space 512K, 43% used [0x00000007baf80000,0x00000007bafb8000,0x00000007bb000000)
  to   space 512K, 0% used [0x00000007bb000000,0x00000007bb000000,0x00000007bb080000)
 ParOldGen       total 173568K, used 28976K [0x00000006c2800000, 0x00000006cd180000, 0x000000076b800000)
  object space 173568K, 16% used [0x00000006c2800000,0x00000006c444c3d0,0x00000006cd180000)
 Metaspace       used 8396K, capacity 8774K, committed 8960K, reserved 1056768K
  class space    used 662K, capacity 690K, committed 768K, reserved 1048576K
Event: 18.950 GC heap after
Heap after GC invocations=162 (full 0):
 PSYoungGen      total 78848K, used 192K [0x000000076b800000, 0x00000007bb080000, 0x00000007c0000000)
  eden space 78336K, 0% used [0x000000076b800000,0x000000076b800000,0x0000000770480000)
  from space 512K, 37% used [0x00000007bb000000,0x00000007bb030000,0x00000007bb080000)
  to   space 512K, 0% used [0x00000007baf80000,0x00000007baf80000,0x00000007bb000000)
 ParOldGen       total 173568K, used 28976K [0x00000006c2800000, 0x00000006cd180000, 0x000000076b800000)
  object space 173568K, 16% used [0x00000006c2800000,0x00000006c444c3d0,0x00000006cd180000)
 Metaspace       used 8396K, capacity 8774K, committed 8960K, reserved 1056768K
  class space    used 662K, capacity 690K, committed 768K, reserved 1048576K
}
Event: 19.015 GC heap before
{Heap before GC invocations=163 (full 0):
 PSYoungGen      total 78848K, used 78528K [0x000000076b800000, 0x00000007bb080000, 0x00000007c0000000)
  eden space 78336K, 100% used [0x000000076b800000,0x0000000770480000,0x0000000770480000)
  from space 512K, 37% used [0x00000007bb000000,0x00000007bb030000,0x00000007bb080000)
  to   space 512K, 0% used [0x00000007baf80000,0x00000007baf80000,0x00000007bb000000)
 ParOldGen       total 173568K, used 28976K [0x00000006c2800000, 0x00000006cd180000, 0x000000076b800000)
  object space 173568K, 16% used [0x00000006c2800000,0x00000006c444c3d0,0x00000006cd180000)
 Metaspace       used 8396K, capacity 8774K, committed 8960K, reserved 1056768K
  class space    used 662K, capacity 690K, committed 768K, reserved 1048576K
Event: 19.015 GC heap after
Heap after GC invocations=163 (full 0):
 PSYoungGen      total 76800K, used 224K [0x000000076b800000, 0x00000007bb080000, 0x00000007c0000000)
  eden space 76288K, 0% used [0x000000076b800000,0x000000076b800000,0x0000000770280000)
  from space 512K, 43% used [0x00000007baf80000,0x00000007bafb8000,0x00000007bb000000)
  to   space 512K, 0% used [0x00000007bb000000,0x00000007bb000000,0x00000007bb080000)
 ParOldGen       total 173568K, used 28976K [0x00000006c2800000, 0x00000006cd180000, 0x000000076b800000)
  object space 173568K, 16% used [0x00000006c2800000,0x00000006c444c3d0,0x00000006cd180000)
 Metaspace       used 8396K, capacity 8774K, committed 8960K, reserved 1056768K
  class space    used 662K, capacity 690K, committed 768K, reserved 1048576K
}
Event: 19.048 GC heap before
{Heap before GC invocations=164 (full 0):
 PSYoungGen      total 76800K, used 76512K [0x000000076b800000, 0x00000007bb080000, 0x00000007c0000000)
  eden space 76288K, 100% used [0x000000076b800000,0x0000000770280000,0x0000000770280000)
  from space 512K, 43% used [0x00000007baf80000,0x00000007bafb8000,0x00000007bb000000)
  to   space 512K, 0% used [0x00000007bb000000,0x00000007bb000000,0x00000007bb080000)
 ParOldGen       total 173568K, used 28976K [0x00000006c2800000, 0x00000006cd180000, 0x000000076b800000)
  object space 173568K, 16% used [0x00000006c2800000,0x00000006c444c3d0,0x00000006cd180000)
 Metaspace       used 8396K, capacity 8774K, committed 8960K, reserved 1056768K
  class space    used 662K, capacity 690K, committed 768K, reserved 1048576K
Event: 19.049 GC heap after
Heap after GC invocations=164 (full 0):
 PSYoungGen      total 74752K, used 224K [0x000000076b800000, 0x00000007bb080000, 0x00000007c0000000)
  eden space 74240K, 0% used [0x000000076b800000,0x000000076b800000,0x0000000770080000)
  from space 512K, 43% used [0x00000007bb000000,0x00000007bb038000,0x00000007bb080000)
  to   space 512K, 0% used [0x00000007baf80000,0x00000007baf80000,0x00000007bb000000)
 ParOldGen       total 173568K, used 28976K [0x00000006c2800000, 0x00000006cd180000, 0x000000076b800000)
  object space 173568K, 16% used [0x00000006c2800000,0x00000006c444c3d0,0x00000006cd180000)
 Metaspace       used 8396K, capacity 8774K, committed 8960K, reserved 1056768K
  class space    used 662K, capacity 690K, committed 768K, reserved 1048576K
}
Event: 19.101 GC heap before
{Heap before GC invocations=165 (full 0):
 PSYoungGen      total 74752K, used 74464K [0x000000076b800000, 0x00000007bb080000, 0x00000007c0000000)
  eden space 74240K, 100% used [0x000000076b800000,0x0000000770080000,0x0000000770080000)
  from space 512K, 43% used [0x00000007bb000000,0x00000007bb038000,0x00000007bb080000)
  to   space 512K, 0% used [0x00000007baf80000,0x00000007baf80000,0x00000007bb000000)
 ParOldGen       total 173568K, used 28976K [0x00000006c2800000, 0x00000006cd180000, 0x000000076b800000)
  object space 173568K, 16% used [0x00000006c2800000,0x00000006c444c3d0,0x00000006cd180000)
 Metaspace       used 8396K, capacity 8774K, committed 8960K, reserved 1056768K
  class space    used 662K, capacity 690K, committed 768K, reserved 1048576K
Event: 19.102 GC heap after
Heap after GC invocations=165 (full 0):
 PSYoungGen      total 73216K, used 128K [0x000000076b800000, 0x00000007bb080000, 0x00000007c0000000)
  eden space 72704K, 0% used [0x000000076b800000,0x000000076b800000,0x000000076ff00000)
  from space 512K, 25% used [0x00000007baf80000,0x00000007bafa0000,0x00000007bb000000)
  to   space 512K, 0% used [0x00000007bb000000,0x00000007bb000000,0x00000007bb080000)
 ParOldGen       total 173568K, used 28976K [0x00000006c2800000, 0x00000006cd180000, 0x000000076b800000)
  object space 173568K, 16% used [0x00000006c2800000,0x00000006c444c3d0,0x00000006cd180000)
 Metaspace       used 8396K, capacity 8774K, committed 8960K, reserved 1056768K
  class space    used 662K, capacity 690K, committed 768K, reserved 1048576K
}
Event: 19.173 GC heap before
{Heap before GC invocations=166 (full 0):
 PSYoungGen      total 73216K, used 72832K [0x000000076b800000, 0x00000007bb080000, 0x00000007c0000000)
  eden space 72704K, 100% used [0x000000076b800000,0x000000076ff00000,0x000000076ff00000)
  from space 512K, 25% used [0x00000007baf80000,0x00000007bafa0000,0x00000007bb000000)
  to   space 512K, 0% used [0x00000007bb000000,0x00000007bb000000,0x00000007bb080000)
 ParOldGen       total 173568K, used 28976K [0x00000006c2800000, 0x00000006cd180000, 0x000000076b800000)
  object space 173568K, 16% used [0x00000006c2800000,0x00000006c444c3d0,0x00000006cd180000)
 Metaspace       used 8396K, capacity 8774K, committed 8960K, reserved 1056768K
  class space    used 662K, capacity 690K, committed 768K, reserved 1048576K
Event: 19.173 GC heap after
Heap after GC invocations=166 (full 0):
 PSYoungGen      total 71680K, used 160K [0x000000076b800000, 0x00000007bb080000, 0x00000007c0000000)
  eden space 71168K, 0% used [0x000000076b800000,0x000000076b800000,0x000000076fd80000)
  from space 512K, 31% used [0x00000007bb000000,0x00000007bb028000,0x00000007bb080000)
  to   space 512K, 0% used [0x00000007baf80000,0x00000007baf80000,0x00000007bb000000)
 ParOldGen       total 173568K, used 28976K [0x00000006c2800000, 0x00000006cd180000, 0x000000076b800000)
  object space 173568K, 16% used [0x00000006c2800000,0x00000006c444c3d0,0x00000006cd180000)
 Metaspace       used 8396K, capacity 8774K, committed 8960K, reserved 1056768K
  class space    used 662K, capacity 690K, committed 768K, reserved 1048576K
}

Deoptimization events (10 events):
Event: 1.428 Thread 0x000000001e2b8800 Uncommon trap: reason=class_check action=maybe_recompile pc=0x00000000029368c4 method=sun.misc.FloatingDecimal.parseFloat(Ljava/lang/String;)F @ 4
Event: 1.428 Thread 0x000000001e2b8800 Uncommon trap: reason=class_check action=maybe_recompile pc=0x00000000029368c4 method=sun.misc.FloatingDecimal.parseFloat(Ljava/lang/String;)F @ 4
Event: 1.428 Thread 0x000000001e2b8800 Uncommon trap: reason=class_check action=maybe_recompile pc=0x00000000029368c4 method=sun.misc.FloatingDecimal.parseFloat(Ljava/lang/String;)F @ 4
Event: 1.429 Thread 0x000000001e2b8800 Uncommon trap: reason=unstable_if action=reinterpret pc=0x00000000029a3d34 method=main.client.renderEngine.mesh.MeshBuilder.processFace(Ljava/lang/String;Lmain/client/renderEngine/mesh/MeshBuilder;)Z @ 114
Event: 1.431 Thread 0x000000001e2b8800 Uncommon trap: reason=unstable_if action=reinterpret pc=0x00000000029e78b4 method=java.lang.Integer.valueOf(I)Ljava/lang/Integer; @ 10
Event: 1.431 Thread 0x000000001e2b8800 Uncommon trap: reason=unstable_if action=reinterpret pc=0x00000000029a9230 method=java.lang.Integer.valueOf(I)Ljava/lang/Integer; @ 10
Event: 1.432 Thread 0x000000001e2b8800 Uncommon trap: reason=unstable_if action=reinterpret pc=0x00000000029e9d58 method=main.client.renderEngine.mesh.Mesh.compile(Ljava/util/List;)Lmain/client/renderEngine/mesh/Mesh; @ 102
Event: 1.492 Thread 0x000000001e2b8800 Uncommon trap: reason=unstable_if action=reinterpret pc=0x0000000002947d30 method=main.coreEngine.TickableThread.run()V @ 461
Event: 1.500 Thread 0x000000001e2ba000 Uncommon trap: reason=unstable_if action=reinterpret pc=0x0000000002947d30 method=main.coreEngine.TickableThread.run()V @ 461
Event: 1.509 Thread 0x000000000256e000 Uncommon trap: reason=unstable_if action=reinterpret pc=0x0000000002a5c430 method=main.coreEngine.Engine.start()V @ 163

Internal exceptions (9 events):
Event: 0.032 Thread 0x000000000256e000 Exception <a 'java/lang/NoSuchMethodError': Method sun.misc.Unsafe.defineClass(Ljava/lang/String;[BII)Ljava/lang/Class; name or signature does not match> (0x000000076b80d890) thrown at [C:\workspace\8-2-build-windows-amd64-cygwin\jdk8u65\4987\hotspot\src\sxæKu~ ?
Event: 0.032 Thread 0x000000000256e000 Exception <a 'java/lang/NoSuchMethodError': Method sun.misc.Unsafe.prefetchRead(Ljava/lang/Object;J)V name or signature does not match> (0x000000076b80db78) thrown at [C:\workspace\8-2-build-windows-amd64-cygwin\jdk8u65\4987\hotspot\src\share\vm\prims\jni.=„÷î¸<Ú?
Event: 0.410 Thread 0x000000001e2b8800 Implicit null exception at 0x00000000027c6f8f to 0x00000000027c72f5
Event: 0.411 Thread 0x000000001e2b8800 Exception <a 'java/security/PrivilegedActionException'> (0x000000076b9468a8) thrown at [C:\workspace\8-2-build-windows-amd64-cygwin\jdk8u65\4987\hotspot\src\share\vm\prims\jvm.cpp, line 1386]
Event: 0.411 Thread 0x000000001e2b8800 Exception <a 'java/security/PrivilegedActionException'> (0x000000076b946ca0) thrown at [C:\workspace\8-2-build-windows-amd64-cygwin\jdk8u65\4987\hotspot\src\share\vm\prims\jvm.cpp, line 1386]
Event: 0.411 Thread 0x000000001e2b8800 Exception <a 'java/security/PrivilegedActionException'> (0x000000076b94aeb8) thrown at [C:\workspace\8-2-build-windows-amd64-cygwin\jdk8u65\4987\hotspot\src\share\vm\prims\jvm.cpp, line 1386]
Event: 0.411 Thread 0x000000001e2b8800 Exception <a 'java/security/PrivilegedActionException'> (0x000000076b94b2b0) thrown at [C:\workspace\8-2-build-windows-amd64-cygwin\jdk8u65\4987\hotspot\src\share\vm\prims\jvm.cpp, line 1386]
Event: 0.800 Thread 0x000000000256e000 Implicit null exception at 0x00000000027d8afc to 0x00000000027d9099
Event: 1.431 Thread 0x000000001e2b8800 Implicit null exception at 0x00000000029e769c to 0x00000000029e7880

Events (10 events):
Event: 18.949 Executing VM operation: ParallelGCFailedAllocation
Event: 18.950 Executing VM operation: ParallelGCFailedAllocation done
Event: 19.015 Executing VM operation: ParallelGCFailedAllocation
Event: 19.015 Executing VM operation: ParallelGCFailedAllocation done
Event: 19.048 Executing VM operation: ParallelGCFailedAllocation
Event: 19.049 Executing VM operation: ParallelGCFailedAllocation done
Event: 19.101 Executing VM operation: ParallelGCFailedAllocation
Event: 19.102 Executing VM operation: ParallelGCFailedAllocation done
Event: 19.173 Executing VM operation: ParallelGCFailedAllocation
Event: 19.173 Executing VM operation: ParallelGCFailedAllocation done


Dynamic libraries:
0x00007ff603aa0000 - 0x00007ff603ad7000 	C:\Program Files\Java\jdk1.8.0_65\bin\java.exe
0x00007ffb48720000 - 0x00007ffb488e1000 	C:\WINDOWS\SYSTEM32\ntdll.dll
0x00007ffb48170000 - 0x00007ffb4821d000 	C:\WINDOWS\system32\KERNEL32.DLL
0x00007ffb45560000 - 0x00007ffb45748000 	C:\WINDOWS\system32\KERNELBASE.dll
0x00007ffb47a50000 - 0x00007ffb47af7000 	C:\WINDOWS\system32\ADVAPI32.dll
0x00007ffb480d0000 - 0x00007ffb4816d000 	C:\WINDOWS\system32\msvcrt.dll
0x00007ffb47b00000 - 0x00007ffb47b5b000 	C:\WINDOWS\system32\sechost.dll
0x00007ffb47700000 - 0x00007ffb4781c000 	C:\WINDOWS\system32\RPCRT4.dll
0x00007ffb485c0000 - 0x00007ffb48716000 	C:\WINDOWS\system32\USER32.dll
0x00007ffb48220000 - 0x00007ffb483a6000 	C:\WINDOWS\system32\GDI32.dll
0x00007ffb41530000 - 0x00007ffb417a4000 	C:\WINDOWS\WinSxS\amd64_microsoft.windows.common-controls_6595b64144ccf1df_6.0.10586.0_none_8c15ae12515e1c22\COMCTL32.dll
0x00007ffb45b00000 - 0x00007ffb45d7d000 	C:\WINDOWS\system32\combase.dll
0x00007ffb45920000 - 0x00007ffb4598a000 	C:\WINDOWS\system32\bcryptPrimitives.dll
0x00007ffb45f90000 - 0x00007ffb45fcb000 	C:\WINDOWS\system32\IMM32.DLL
0x000000006ce60000 - 0x000000006cf32000 	C:\Program Files\Java\jdk1.8.0_65\jre\bin\msvcr100.dll
0x000000006c5d0000 - 0x000000006ce59000 	C:\Program Files\Java\jdk1.8.0_65\jre\bin\server\jvm.dll
0x00007ffb475a0000 - 0x00007ffb475a8000 	C:\WINDOWS\system32\PSAPI.DLL
0x00007ffb3c060000 - 0x00007ffb3c069000 	C:\WINDOWS\SYSTEM32\WSOCK32.dll
0x00007ffb42fa0000 - 0x00007ffb42fc3000 	C:\WINDOWS\SYSTEM32\WINMM.dll
0x00007ffb418d0000 - 0x00007ffb418da000 	C:\WINDOWS\SYSTEM32\VERSION.dll
0x00007ffb48420000 - 0x00007ffb4848b000 	C:\WINDOWS\system32\WS2_32.dll
0x0000000000b50000 - 0x0000000000b7c000 	C:\WINDOWS\SYSTEM32\WINMMBASE.dll
0x00007ffb45ab0000 - 0x00007ffb45af3000 	C:\WINDOWS\system32\cfgmgr32.dll
0x000000006c5c0000 - 0x000000006c5cf000 	C:\Program Files\Java\jdk1.8.0_65\jre\bin\verify.dll
0x000000006c590000 - 0x000000006c5b9000 	C:\Program Files\Java\jdk1.8.0_65\jre\bin\java.dll
0x000000006c550000 - 0x000000006c585000 	C:\Program Files\Java\jdk1.8.0_65\jre\bin\jdwp.dll
0x000000006c540000 - 0x000000006c548000 	C:\Program Files\Java\jdk1.8.0_65\jre\bin\npt.dll
0x000000006c520000 - 0x000000006c536000 	C:\Program Files\Java\jdk1.8.0_65\jre\bin\zip.dll
0x00007ffb45fd0000 - 0x00007ffb4752c000 	C:\WINDOWS\system32\SHELL32.dll
0x00007ffb44ef0000 - 0x00007ffb45535000 	C:\WINDOWS\system32\windows.storage.dll
0x00007ffb483c0000 - 0x00007ffb48412000 	C:\WINDOWS\system32\shlwapi.dll
0x00007ffb44da0000 - 0x00007ffb44daf000 	C:\WINDOWS\system32\kernel.appcore.dll
0x00007ffb459f0000 - 0x00007ffb45aa5000 	C:\WINDOWS\system32\shcore.dll
0x00007ffb44d50000 - 0x00007ffb44d9b000 	C:\WINDOWS\system32\powrprof.dll
0x00007ffb44d20000 - 0x00007ffb44d34000 	C:\WINDOWS\system32\profapi.dll
0x000000006c510000 - 0x000000006c519000 	C:\Program Files\Java\jdk1.8.0_65\jre\bin\dt_socket.dll
0x00007ffb44650000 - 0x00007ffb446ac000 	C:\WINDOWS\system32\mswsock.dll
0x00007ffb26e40000 - 0x00007ffb26ec8000 	D:\Code\Java\Projects\WireEngine20\lib\native\lwjgl.dll
0x00007ffb44820000 - 0x00007ffb4482b000 	C:\WINDOWS\SYSTEM32\CRYPTBASE.DLL
0x00007ffb2f200000 - 0x00007ffb2f242000 	D:\Code\Java\Projects\WireEngine20\lib\native\jemalloc.dll
0x00007ffb27d70000 - 0x00007ffb27da8000 	D:\Code\Java\Projects\WireEngine20\lib\native\glfw.dll
0x00007ffb436a0000 - 0x00007ffb43736000 	C:\WINDOWS\system32\uxtheme.dll
0x00007ffb42950000 - 0x00007ffb42972000 	C:\WINDOWS\SYSTEM32\dwmapi.dll
0x00007ffb2da30000 - 0x00007ffb2db59000 	C:\WINDOWS\SYSTEM32\opengl32.dll
0x00007ffb3a050000 - 0x00007ffb3a07e000 	C:\WINDOWS\SYSTEM32\GLU32.dll
0x00007ffb2fd50000 - 0x00007ffb2fe4a000 	C:\WINDOWS\SYSTEM32\DDRAW.dll
0x00007ffb40230000 - 0x00007ffb40238000 	C:\WINDOWS\SYSTEM32\DCIMAN32.dll
0x00007ffb478f0000 - 0x00007ffb47a4a000 	C:\WINDOWS\system32\MSCTF.dll
0x00007ffb2cbb0000 - 0x00007ffb2cbf9000 	C:\Program Files (x86)\TeamViewer\tv_x64.dll
0x00007ffb475b0000 - 0x00007ffb476f3000 	C:\WINDOWS\system32\ole32.dll
0x000000006a7c0000 - 0x000000006c509000 	C:\WINDOWS\SYSTEM32\nvoglv64.DLL
0x00007ffb47c20000 - 0x00007ffb48049000 	C:\WINDOWS\system32\SETUPAPI.dll
0x00007ffb42d00000 - 0x00007ffb42d13000 	C:\WINDOWS\SYSTEM32\WTSAPI32.dll
0x00007ffb437f0000 - 0x00007ffb43817000 	C:\WINDOWS\SYSTEM32\DEVOBJ.dll
0x00007ffb45990000 - 0x00007ffb459e5000 	C:\WINDOWS\system32\WINTRUST.dll
0x00007ffb44d40000 - 0x00007ffb44d50000 	C:\WINDOWS\system32\MSASN1.dll
0x00007ffb45750000 - 0x00007ffb45917000 	C:\WINDOWS\system32\CRYPT32.dll
0x00007ffb44270000 - 0x00007ffb442a1000 	C:\WINDOWS\SYSTEM32\ntmarta.dll
0x00007ffb43fc0000 - 0x00007ffb44016000 	C:\WINDOWS\SYSTEM32\WINSTA.dll
0x00007ffb47b70000 - 0x00007ffb47c17000 	C:\WINDOWS\system32\clbcatq.dll
0x00007ffb3d0b0000 - 0x00007ffb3d0d5000 	C:\Program Files (x86)\Samsung\Easy Printer Manager\SmartScreenPrint\CDAKEYMonitor64.dll
0x00007ffb47820000 - 0x00007ffb478e1000 	C:\WINDOWS\system32\OLEAUT32.dll
0x00007ffb2ca20000 - 0x00007ffb2cbac000 	C:\WINDOWS\SYSTEM32\dbghelp.dll

VM Arguments:
jvm_args: -agentlib:jdwp=transport=dt_socket,address=127.0.0.1:63571,suspend=y,server=n -Djava.library.path=lib/native/ -Dfile.encoding=UTF-8 
java_command: main.Main
java_class_path (initial): C:\Program Files\Java\jdk1.8.0_65\jre\lib\charsets.jar;C:\Program Files\Java\jdk1.8.0_65\jre\lib\deploy.jar;C:\Program Files\Java\jdk1.8.0_65\jre\lib\ext\access-bridge-64.jar;C:\Program Files\Java\jdk1.8.0_65\jre\lib\ext\cldrdata.jar;C:\Program Files\Java\jdk1.8.0_65\jre\lib\ext\dnsns.jar;C:\Program Files\Java\jdk1.8.0_65\jre\lib\ext\jaccess.jar;C:\Program Files\Java\jdk1.8.0_65\jre\lib\ext\jfxrt.jar;C:\Program Files\Java\jdk1.8.0_65\jre\lib\ext\localedata.jar;C:\Program Files\Java\jdk1.8.0_65\jre\lib\ext\nashorn.jar;C:\Program Files\Java\jdk1.8.0_65\jre\lib\ext\sunec.jar;C:\Program Files\Java\jdk1.8.0_65\jre\lib\ext\sunjce_provider.jar;C:\Program Files\Java\jdk1.8.0_65\jre\lib\ext\sunmscapi.jar;C:\Program Files\Java\jdk1.8.0_65\jre\lib\ext\sunpkcs11.jar;C:\Program Files\Java\jdk1.8.0_65\jre\lib\ext\zipfs.jar;C:\Program Files\Java\jdk1.8.0_65\jre\lib\javaws.jar;C:\Program Files\Java\jdk1.8.0_65\jre\lib\jce.jar;C:\Program Files\Java\jdk1.8.0_65\jre\lib\jfr.jar;C:\Program Files\Java\jdk1.8.0_65\jre\lib\jfxswt.jar;C:\Program Files\Java\jdk1.8.0_65\jre\lib\jsse.jar;C:\Program Files\Java\jdk1.8.0_65\jre\lib\management-agent.jar;C:\Program Files\Java\jdk1.8.0_65\jre\lib\plugin.jar;C:\Program Files\Java\jdk1.8.0_65\jre\lib\resources.jar;C:\Program Files\Java\jdk1.8.0_65\jre\lib\rt.jar;D:\Code\Java\Projects\WireEngine20\out\production\WireEngine20;D:\Code\Java\Projects\WireEngine20\lib\jar\lwjgl.jar;D:\Code\Java\Projects\WireEngine20\lib\jar\slick-util.jar;D:\Program Files (x86)\JetBrains\IntelliJ IDEA 2016.1\lib\idea_rt.jar
Launcher Type: SUN_STANDARD

Environment Variables:
JAVA_HOME=C:\Program Files\Java\jdk1.8.0_65
PATH=C:\ProgramData\Oracle\Java\javapath;C:\Program Files (x86)\Razer Chroma SDK\bin;C:\Program Files\Razer Chroma SDK\bin;C:\Program Files (x86)\NVIDIA Corporation\PhysX\Common;C:\Program Files (x86)\Intel\iCLS Client\;C:\Program Files\Intel\iCLS Client\;C:\Windows\system32;C:\Windows;C:\Windows\System32\Wbem;C:\Windows\System32\WindowsPowerShell\v1.0\;C:\Program Files\Intel\Intel(R) Management Engine Components\DAL;C:\Program Files (x86)\Intel\Intel(R) Management Engine Components\DAL;C:\Program Files\Intel\Intel(R) Management Engine Components\IPT;C:\Program Files (x86)\Intel\Intel(R) Management Engine Components\IPT;C:\Program Files\Java\jre1.8.0_65\bin;C:\MinGW\bin;C:\WINDOWS\system32;C:\WINDOWS;C:\WINDOWS\System32\Wbem;C:\WINDOWS\System32\WindowsPowerShell\v1.0\;D:\Program Files (x86)\CMake\bin;D:\Program Files\Programs\Python\Python35-32;D:\Program Files\Programs\Python\Python35-32\Scripts;C:\Program Files (x86)\Skype\Phone\;D:\Program Files\Programs\Python\Python35-32\Scripts\;D:\Program Files\Programs\Python\Python35-32\
USERNAME=Kelan
OS=Windows_NT
PROCESSOR_IDENTIFIER=Intel64 Family 6 Model 60 Stepping 3, GenuineIntel



---------------  S Y S T E M  ---------------

OS: Windows 10.0 , 64 bit Build 10586 (10.0.10586.0)

CPU:total 8 (4 cores per cpu, 2 threads per core) family 6 model 60 stepping 3, cmov, cx8, fxsr, mmx, sse, sse2, sse3, ssse3, sse4.1, sse4.2, popcnt, avx, avx2, aes, clmul, erms, lzcnt, ht, tsc, tscinvbit, bmi1, bmi2

Memory: 4k page, physical 16609500k(7519540k free), swap 33386716k(21049268k free)

vm_info: Java HotSpot(TM) 64-Bit Server VM (25.65-b01) for windows-amd64 JRE (1.8.0_65-b17), built on Oct  6 2015 16:39:20 by "java_re" with MS VC++ 10.0 (VS2010)

time: Tue Apr 19 16:21:27 2016
elapsed time: 19 seconds (0d 0h 0m 19s)

