#
# A fatal error has been detected by the Java Runtime Environment:
#
#  EXCEPTION_ACCESS_VIOLATION (0xc0000005) at pc=0x00007ffdbbf124b9, pid=9488, tid=13752
#
# JRE version: Java(TM) SE Runtime Environment (8.0_65-b17) (build 1.8.0_65-b17)
# Java VM: Java HotSpot(TM) 64-Bit Server VM (25.65-b01 mixed mode windows-amd64 compressed oops)
# Problematic frame:
# C  [glfw.dll+0x24b9]
#
# Failed to write core dump. Minidumps are not enabled by default on client versions of Windows
#
# If you would like to submit a bug report, please visit:
#   http://bugreport.java.com/bugreport/crash.jsp
# The crash happened outside the Java Virtual Machine in native code.
# See problematic frame for where to report the bug.
#

---------------  T H R E A D  ---------------

Current thread (0x000000001e217800):  JavaThread "CLIENT" [_thread_in_native, id=13752, stack(0x000000001ef30000,0x000000001f030000)]

siginfo: ExceptionCode=0xc0000005, reading address 0x0000000000000000

Registers:
RAX=0x0000000000000000, RBX=0x000000001b9eec50, RCX=0x0000000000000000, RDX=0x0000000000000000
RSP=0x000000001f02f070, RBP=0x000000001f02f100, RSI=0x0000000000000108, RDI=0x000000000070b7f0
R8 =0x000000001f02f068, R9 =0x000000001f02f100, R10=0x0000000000000000, R11=0x0000000000000246
R12=0x0000000000000000, R13=0x000000001f02f118, R14=0x000000001f02f0f0, R15=0x000000001e217800
RIP=0x00007ffdbbf124b9, EFLAGS=0x0000000000010283

Top of Stack: (sp=0x000000001f02f070)
0x000000001f02f070:   0000000000000000 0000000000000108
0x000000001f02f080:   000000001b9954b0 000000001bf70790
0x000000001f02f090:   0000000000000505 00000000029d5d4a
0x000000001f02f0a0:   000000001b9eec50 000000007052aea4
0x000000001f02f0b0:   000000001e217800 000000001e217800
0x000000001f02f0c0:   000000001e217800 0000000000000000
0x000000001f02f0d0:   000000001e1e34f0 00000000704b5eba
0x000000001f02f0e0:   000000001f02f698 000000001f02f178
0x000000001f02f0f0:   00000006c280a7b0 0000000000000504
0x000000001f02f100:   000000001f02f178 00000000025d7d8d
0x000000001f02f110:   00000000025d7d8d 000000000070b7f0
0x000000001f02f120:   00000000025d78a0 00007ffdbbf12420
0x000000001f02f130:   0000000000000001 000000001f02f138
0x000000001f02f140:   000000001ba08a8c 000000001f02f1a0
0x000000001f02f150:   000000001ba0aa50 0000000000000000
0x000000001f02f160:   000000001ba08ab8 000000001f02f118 

Instructions: (pc=0x00007ffdbbf124b9)
0x00007ffdbbf12499:   48 8b cf e8 1f 3a 00 00 48 39 3d f0 d5 02 00 48
0x00007ffdbbf124a9:   8d 0d e9 d5 02 00 48 8b 5c 24 30 74 08 48 8b 09
0x00007ffdbbf124b9:   48 39 39 75 f8 48 8b 07 48 89 01 48 8b cf 48 83
0x00007ffdbbf124c9:   c4 20 5f e9 5b fe 00 00 48 83 c4 20 5f c3 cc cc 


Register to memory mapping:

RAX=0x0000000000000000 is an unknown value
RBX={method} {0x000000001b9eec58} 'invokePV' '(JJ)V' in 'org/lwjgl/system/JNI'
RCX=0x0000000000000000 is an unknown value
RDX=0x0000000000000000 is an unknown value
RSP=0x000000001f02f070 is pointing into the stack for thread: 0x000000001e217800
RBP=0x000000001f02f100 is pointing into the stack for thread: 0x000000001e217800
RSI=0x0000000000000108 is an unknown value
RDI=0x000000000070b7f0 is an unknown value
R8 =0x000000001f02f068 is pointing into the stack for thread: 0x000000001e217800
R9 =0x000000001f02f100 is pointing into the stack for thread: 0x000000001e217800
R10=0x0000000000000000 is an unknown value
R11=0x0000000000000246 is an unknown value
R12=0x0000000000000000 is an unknown value
R13=0x000000001f02f118 is pointing into the stack for thread: 0x000000001e217800
R14=0x000000001f02f0f0 is pointing into the stack for thread: 0x000000001e217800
R15=0x000000001e217800 is a thread


Stack: [0x000000001ef30000,0x000000001f030000],  sp=0x000000001f02f070,  free space=1020k
Native frames: (J=compiled Java code, j=interpreted, Vv=VM code, C=native code)
C  [glfw.dll+0x24b9]
C  0x00000000029d5d4a

Java frames: (J=compiled Java code, j=interpreted, Vv=VM code)
J 771  org.lwjgl.system.JNI.invokePV(JJ)V (0 bytes) @ 0x00000000029d5cc4 [0x00000000029d5c80+0x44]
j  org.lwjgl.glfw.GLFW.glfwDestroyCursor(J)V+20
j  main.client.Window.destroyWindow()V+9
j  main.coreEngine.Engine.stop()V+70
j  main.client.Window.update()V+43
j  main.client.renderEngine.RenderEngine.render()V+35
J 773 C1 main.client.ClientThread.tick()V (64 bytes) @ 0x00000000029d6a34 [0x00000000029d6500+0x534]
j  main.coreEngine.TickableThread.run()V+465
v  ~StubRoutines::call_stub

---------------  P R O C E S S  ---------------

Java Threads: ( => current thread )
  0x000000001e219800 JavaThread "SERVER" [_thread_in_Java, id=6652, stack(0x000000001f030000,0x000000001f130000)]
=>0x000000001e217800 JavaThread "CLIENT" [_thread_in_native, id=13752, stack(0x000000001ef30000,0x000000001f030000)]
  0x000000001e11f000 JavaThread "Service Thread" daemon [_thread_blocked, id=5380, stack(0x000000001ed30000,0x000000001ee30000)]
  0x000000001e091800 JavaThread "C1 CompilerThread3" daemon [_thread_blocked, id=7084, stack(0x000000001ec30000,0x000000001ed30000)]
  0x000000001e083800 JavaThread "C2 CompilerThread2" daemon [_thread_blocked, id=9416, stack(0x000000001eb30000,0x000000001ec30000)]
  0x000000001e082800 JavaThread "C2 CompilerThread1" daemon [_thread_blocked, id=8152, stack(0x000000001ea30000,0x000000001eb30000)]
  0x000000001e08c800 JavaThread "C2 CompilerThread0" daemon [_thread_blocked, id=11996, stack(0x000000001e930000,0x000000001ea30000)]
  0x000000001e072800 JavaThread "JDWP Command Reader" daemon [_thread_in_native, id=10944, stack(0x000000001e830000,0x000000001e930000)]
  0x000000001e06f000 JavaThread "JDWP Event Helper Thread" daemon [_thread_blocked, id=10852, stack(0x000000001e730000,0x000000001e830000)]
  0x000000001e06d000 JavaThread "JDWP Transport Listener: dt_socket" daemon [_thread_blocked, id=10000, stack(0x000000001e630000,0x000000001e730000)]
  0x000000001e057800 JavaThread "Attach Listener" daemon [_thread_blocked, id=468, stack(0x000000001e530000,0x000000001e630000)]
  0x000000001e056800 JavaThread "Signal Dispatcher" daemon [_thread_blocked, id=10604, stack(0x000000001e430000,0x000000001e530000)]
  0x00000000025ca000 JavaThread "Finalizer" daemon [_thread_blocked, id=13900, stack(0x000000001de50000,0x000000001df50000)]
  0x00000000025c3000 JavaThread "Reference Handler" daemon [_thread_blocked, id=12380, stack(0x000000001dd50000,0x000000001de50000)]
  0x00000000024ce000 JavaThread "main" [_thread_in_Java, id=6376, stack(0x0000000002390000,0x0000000002490000)]

Other Threads:
  0x000000001bf69800 VMThread [stack: 0x000000001dc50000,0x000000001dd50000] [id=12596]
  0x000000001e142000 WatcherThread [stack: 0x000000001ee30000,0x000000001ef30000] [id=6576]

VM state:not at safepoint (normal execution)

VM Mutex/Monitor currently owned by a thread: None

Heap:
 PSYoungGen      total 871424K, used 44158K [0x000000076b800000, 0x00000007be980000, 0x00000007c0000000)
  eden space 860672K, 5% used [0x000000076b800000,0x000000076e2f7888,0x00000007a0080000)
  from space 10752K, 1% used [0x00000007bd480000,0x00000007bd4a8000,0x00000007bdf00000)
  to   space 10240K, 0% used [0x00000007bdf80000,0x00000007bdf80000,0x00000007be980000)
 ParOldGen       total 173568K, used 40744K [0x00000006c2800000, 0x00000006cd180000, 0x000000076b800000)
  object space 173568K, 23% used [0x00000006c2800000,0x00000006c4fca158,0x00000006cd180000)
 Metaspace       used 8281K, capacity 8710K, committed 8960K, reserved 1056768K
  class space    used 655K, capacity 690K, committed 768K, reserved 1048576K

Card table byte_map: [0x0000000011990000,0x0000000012180000] byte_map_base: 0x000000000e37c000

Marking Bits: (ParMarkBitMap*) 0x0000000070c0a5b0
 Begin Bits: [0x0000000012ed0000, 0x0000000016e30000)
 End Bits:   [0x0000000016e30000, 0x000000001ad90000)

Polling page: 0x00000000022c0000

CodeCache: size=245760Kb used=4143Kb max_used=4154Kb free=241616Kb
 bounds [0x00000000025d0000, 0x00000000029f0000, 0x00000000115d0000]
 total_blobs=1434 nmethods=781 adapters=574
 compilation: enabled

Compilation events (10 events):
Event: 5.959 Thread 0x000000001e091800  777       3       main.game.TestGame::onTick (30 bytes)
Event: 5.959 Thread 0x000000001e091800 nmethod 777 0x00000000029dc2d0 code [0x00000000029dc480, 0x00000000029dc938]
Event: 5.961 Thread 0x000000001e091800  778       3       org.lwjgl.glfw.GLFW::glfwPollEvents (15 bytes)
Event: 5.962 Thread 0x000000001e091800 nmethod 778 0x00000000029dcc10 code [0x00000000029dcd80, 0x00000000029dcfc8]
Event: 5.963 Thread 0x000000001e091800  780       3       main.client.Window::isCloseRequested (16 bytes)
Event: 5.963 Thread 0x000000001e091800 nmethod 780 0x00000000029dd450 code [0x00000000029dd600, 0x00000000029dda38]
Event: 5.963 Thread 0x000000001e091800  781       3       org.lwjgl.glfw.GLFW::glfwWindowShouldClose (24 bytes)
Event: 5.963 Thread 0x000000001e091800 nmethod 781 0x00000000029ddc90 code [0x00000000029dde20, 0x00000000029de178]
Event: 6.078 Thread 0x000000001e082800  782 %     4       main.client.Window::resetKeys @ 2 (29 bytes)
Event: 6.082 Thread 0x000000001e082800 nmethod 782% 0x00000000029e1290 code [0x00000000029e1400, 0x00000000029e1758]

GC Heap History (10 events):
Event: 3.421 GC heap before
{Heap before GC invocations=17 (full 0):
 PSYoungGen      total 1053696K, used 1041568K [0x000000076b800000, 0x00000007aca00000, 0x00000007c0000000)
  eden space 1041408K, 100% used [0x000000076b800000,0x00000007ab100000,0x00000007ab100000)
  from space 12288K, 1% used [0x00000007abe00000,0x00000007abe28000,0x00000007aca00000)
  to   space 12800K, 0% used [0x00000007ab100000,0x00000007ab100000,0x00000007abd80000)
 ParOldGen       total 173568K, used 40720K [0x00000006c2800000, 0x00000006cd180000, 0x000000076b800000)
  object space 173568K, 23% used [0x00000006c2800000,0x00000006c4fc4158,0x00000006cd180000)
 Metaspace       used 8262K, capacity 8646K, committed 8960K, reserved 1056768K
  class space    used 655K, capacity 690K, committed 768K, reserved 1048576K
Event: 3.422 GC heap after
Heap after GC invocations=17 (full 0):
 PSYoungGen      total 1054208K, used 192K [0x000000076b800000, 0x00000007bff80000, 0x00000007c0000000)
  eden space 1041408K, 0% used [0x000000076b800000,0x000000076b800000,0x00000007ab100000)
  from space 12800K, 1% used [0x00000007ab100000,0x00000007ab130000,0x00000007abd80000)
  to   space 12288K, 0% used [0x00000007bf380000,0x00000007bf380000,0x00000007bff80000)
 ParOldGen       total 173568K, used 40720K [0x00000006c2800000, 0x00000006cd180000, 0x000000076b800000)
  object space 173568K, 23% used [0x00000006c2800000,0x00000006c4fc4158,0x00000006cd180000)
 Metaspace       used 8262K, capacity 8646K, committed 8960K, reserved 1056768K
  class space    used 655K, capacity 690K, committed 768K, reserved 1048576K
}
Event: 4.229 GC heap before
{Heap before GC invocations=18 (full 0):
 PSYoungGen      total 1054208K, used 1041600K [0x000000076b800000, 0x00000007bff80000, 0x00000007c0000000)
  eden space 1041408K, 100% used [0x000000076b800000,0x00000007ab100000,0x00000007ab100000)
  from space 12800K, 1% used [0x00000007ab100000,0x00000007ab130000,0x00000007abd80000)
  to   space 12288K, 0% used [0x00000007bf380000,0x00000007bf380000,0x00000007bff80000)
 ParOldGen       total 173568K, used 40720K [0x00000006c2800000, 0x00000006cd180000, 0x000000076b800000)
  object space 173568K, 23% used [0x00000006c2800000,0x00000006c4fc4158,0x00000006cd180000)
 Metaspace       used 8272K, capacity 8646K, committed 8960K, reserved 1056768K
  class space    used 655K, capacity 690K, committed 768K, reserved 1048576K
Event: 4.230 GC heap after
Heap after GC invocations=18 (full 0):
 PSYoungGen      total 993280K, used 192K [0x000000076b800000, 0x00000007bf400000, 0x00000007c0000000)
  eden space 992768K, 0% used [0x000000076b800000,0x000000076b800000,0x00000007a8180000)
  from space 512K, 37% used [0x00000007bf380000,0x00000007bf3b0000,0x00000007bf400000)
  to   space 11776K, 0% used [0x00000007bdd00000,0x00000007bdd00000,0x00000007be880000)
 ParOldGen       total 173568K, used 40736K [0x00000006c2800000, 0x00000006cd180000, 0x000000076b800000)
  object space 173568K, 23% used [0x00000006c2800000,0x00000006c4fc8158,0x00000006cd180000)
 Metaspace       used 8272K, capacity 8646K, committed 8960K, reserved 1056768K
  class space    used 655K, capacity 690K, committed 768K, reserved 1048576K
}
Event: 4.981 GC heap before
{Heap before GC invocations=19 (full 0):
 PSYoungGen      total 993280K, used 992960K [0x000000076b800000, 0x00000007bf400000, 0x00000007c0000000)
  eden space 992768K, 100% used [0x000000076b800000,0x00000007a8180000,0x00000007a8180000)
  from space 512K, 37% used [0x00000007bf380000,0x00000007bf3b0000,0x00000007bf400000)
  to   space 11776K, 0% used [0x00000007bdd00000,0x00000007bdd00000,0x00000007be880000)
 ParOldGen       total 173568K, used 40736K [0x00000006c2800000, 0x00000006cd180000, 0x000000076b800000)
  object space 173568K, 23% used [0x00000006c2800000,0x00000006c4fc8158,0x00000006cd180000)
 Metaspace       used 8273K, capacity 8646K, committed 8960K, reserved 1056768K
  class space    used 655K, capacity 690K, committed 768K, reserved 1048576K
Event: 4.982 GC heap after
Heap after GC invocations=19 (full 0):
 PSYoungGen      total 958464K, used 192K [0x000000076b800000, 0x00000007bf400000, 0x00000007c0000000)
  eden space 946688K, 0% used [0x000000076b800000,0x000000076b800000,0x00000007a5480000)
  from space 11776K, 1% used [0x00000007bdd00000,0x00000007bdd30000,0x00000007be880000)
  to   space 11264K, 0% used [0x00000007be900000,0x00000007be900000,0x00000007bf400000)
 ParOldGen       total 173568K, used 40744K [0x00000006c2800000, 0x00000006cd180000, 0x000000076b800000)
  object space 173568K, 23% used [0x00000006c2800000,0x00000006c4fca158,0x00000006cd180000)
 Metaspace       used 8273K, capacity 8646K, committed 8960K, reserved 1056768K
  class space    used 655K, capacity 690K, committed 768K, reserved 1048576K
}
Event: 5.689 GC heap before
{Heap before GC invocations=20 (full 0):
 PSYoungGen      total 958464K, used 946880K [0x000000076b800000, 0x00000007bf400000, 0x00000007c0000000)
  eden space 946688K, 100% used [0x000000076b800000,0x00000007a5480000,0x00000007a5480000)
  from space 11776K, 1% used [0x00000007bdd00000,0x00000007bdd30000,0x00000007be880000)
  to   space 11264K, 0% used [0x00000007be900000,0x00000007be900000,0x00000007bf400000)
 ParOldGen       total 173568K, used 40744K [0x00000006c2800000, 0x00000006cd180000, 0x000000076b800000)
  object space 173568K, 23% used [0x00000006c2800000,0x00000006c4fca158,0x00000006cd180000)
 Metaspace       used 8273K, capacity 8646K, committed 8960K, reserved 1056768K
  class space    used 655K, capacity 690K, committed 768K, reserved 1048576K
Event: 5.689 GC heap after
Heap after GC invocations=20 (full 0):
 PSYoungGen      total 903168K, used 192K [0x000000076b800000, 0x00000007be980000, 0x00000007c0000000)
  eden space 902656K, 0% used [0x000000076b800000,0x000000076b800000,0x00000007a2980000)
  from space 512K, 37% used [0x00000007be900000,0x00000007be930000,0x00000007be980000)
  to   space 10752K, 0% used [0x00000007bd480000,0x00000007bd480000,0x00000007bdf00000)
 ParOldGen       total 173568K, used 40744K [0x00000006c2800000, 0x00000006cd180000, 0x000000076b800000)
  object space 173568K, 23% used [0x00000006c2800000,0x00000006c4fca158,0x00000006cd180000)
 Metaspace       used 8273K, capacity 8646K, committed 8960K, reserved 1056768K
  class space    used 655K, capacity 690K, committed 768K, reserved 1048576K
}
Event: 6.377 GC heap before
{Heap before GC invocations=21 (full 0):
 PSYoungGen      total 903168K, used 902848K [0x000000076b800000, 0x00000007be980000, 0x00000007c0000000)
  eden space 902656K, 100% used [0x000000076b800000,0x00000007a2980000,0x00000007a2980000)
  from space 512K, 37% used [0x00000007be900000,0x00000007be930000,0x00000007be980000)
  to   space 10752K, 0% used [0x00000007bd480000,0x00000007bd480000,0x00000007bdf00000)
 ParOldGen       total 173568K, used 40744K [0x00000006c2800000, 0x00000006cd180000, 0x000000076b800000)
  object space 173568K, 23% used [0x00000006c2800000,0x00000006c4fca158,0x00000006cd180000)
 Metaspace       used 8281K, capacity 8710K, committed 8960K, reserved 1056768K
  class space    used 655K, capacity 690K, committed 768K, reserved 1048576K
Event: 6.377 GC heap after
Heap after GC invocations=21 (full 0):
 PSYoungGen      total 871424K, used 160K [0x000000076b800000, 0x00000007be980000, 0x00000007c0000000)
  eden space 860672K, 0% used [0x000000076b800000,0x000000076b800000,0x00000007a0080000)
  from space 10752K, 1% used [0x00000007bd480000,0x00000007bd4a8000,0x00000007bdf00000)
  to   space 10240K, 0% used [0x00000007bdf80000,0x00000007bdf80000,0x00000007be980000)
 ParOldGen       total 173568K, used 40744K [0x00000006c2800000, 0x00000006cd180000, 0x000000076b800000)
  object space 173568K, 23% used [0x00000006c2800000,0x00000006c4fca158,0x00000006cd180000)
 Metaspace       used 8281K, capacity 8710K, committed 8960K, reserved 1056768K
  class space    used 655K, capacity 690K, committed 768K, reserved 1048576K
}

Deoptimization events (10 events):
Event: 1.488 Thread 0x000000001e217800 Uncommon trap: reason=unstable_if action=reinterpret pc=0x00000000029105d0 method=java.util.HashMap.getNode(ILjava/lang/Object;)Ljava/util/HashMap$Node; @ 129
Event: 1.488 Thread 0x000000001e217800 Uncommon trap: reason=class_check action=maybe_recompile pc=0x0000000002919c84 method=java.util.HashMap.putVal(ILjava/lang/Object;Ljava/lang/Object;ZZ)Ljava/lang/Object; @ 203
Event: 1.514 Thread 0x000000001e217800 Uncommon trap: reason=class_check action=maybe_recompile pc=0x0000000002919c84 method=java.util.HashMap.putVal(ILjava/lang/Object;Ljava/lang/Object;ZZ)Ljava/lang/Object; @ 203
Event: 1.533 Thread 0x000000001e217800 Uncommon trap: reason=class_check action=maybe_recompile pc=0x0000000002919c84 method=java.util.HashMap.putVal(ILjava/lang/Object;Ljava/lang/Object;ZZ)Ljava/lang/Object; @ 203
Event: 1.557 Thread 0x000000001e217800 Uncommon trap: reason=unstable_if action=reinterpret pc=0x0000000002956570 method=main.client.renderEngine.mesh.Mesh.compile(ILjava/util/List;)Lmain/client/renderEngine/mesh/Mesh; @ 102
Event: 1.617 Thread 0x000000001e217800 Uncommon trap: reason=unstable_if action=reinterpret pc=0x000000000296a4c8 method=main.client.renderEngine.mesh.Mesh.compile(ILjava/util/List;)Lmain/client/renderEngine/mesh/Mesh; @ 219
Event: 1.682 Thread 0x000000001e217800 Uncommon trap: reason=unstable_if action=reinterpret pc=0x00000000029536c0 method=main.client.renderEngine.mesh.Mesh.compile(ILjava/util/List;)Lmain/client/renderEngine/mesh/Mesh; @ 559
Event: 1.700 Thread 0x000000001e217800 Uncommon trap: reason=unstable_if action=reinterpret pc=0x00000000028b202c method=main.coreEngine.TickableThread.run()V @ 461
Event: 1.709 Thread 0x000000001e219800 Uncommon trap: reason=unstable_if action=reinterpret pc=0x00000000028b202c method=main.coreEngine.TickableThread.run()V @ 461
Event: 1.717 Thread 0x00000000024ce000 Uncommon trap: reason=unstable_if action=reinterpret pc=0x00000000029918e4 method=main.coreEngine.Engine.start()V @ 163

Internal exceptions (10 events):
Event: 0.032 Thread 0x00000000024ce000 Exception <a 'java/lang/NoSuchMethodError': Method sun.misc.Unsafe.defineClass(Ljava/lang/String;[BII)Ljava/lang/Class; name or signature does not match> (0x000000076b80d7c0) thrown at [C:\workspace\8-2-build-windows-amd64-cygwin\jdk8u65\4987\hotspot\src\sﬁÃπ1¬B†?
Event: 0.032 Thread 0x00000000024ce000 Exception <a 'java/lang/NoSuchMethodError': Method sun.misc.Unsafe.prefetchRead(Ljava/lang/Object;J)V name or signature does not match> (0x000000076b80daa8) thrown at [C:\workspace\8-2-build-windows-amd64-cygwin\jdk8u65\4987\hotspot\src\share\vm\prims\jni.2s%ÅÂ∂«?
Event: 0.185 Thread 0x000000001e217800 Exception <a 'java/lang/ArrayIndexOutOfBoundsException': -1> (0x000000076caf9398) thrown at [C:\workspace\8-2-build-windows-amd64-cygwin\jdk8u65\4987\hotspot\src\share\vm\interpreter\interpreterRuntime.cpp, line 366]
Event: 0.498 Thread 0x000000001e217800 Implicit null exception at 0x0000000002723e4f to 0x00000000027241b1
Event: 0.500 Thread 0x000000001e217800 Exception <a 'java/security/PrivilegedActionException'> (0x000000076b9417b8) thrown at [C:\workspace\8-2-build-windows-amd64-cygwin\jdk8u65\4987\hotspot\src\share\vm\prims\jvm.cpp, line 1386]
Event: 0.500 Thread 0x000000001e217800 Exception <a 'java/security/PrivilegedActionException'> (0x000000076b941bb0) thrown at [C:\workspace\8-2-build-windows-amd64-cygwin\jdk8u65\4987\hotspot\src\share\vm\prims\jvm.cpp, line 1386]
Event: 0.500 Thread 0x000000001e217800 Exception <a 'java/security/PrivilegedActionException'> (0x000000076b945dc8) thrown at [C:\workspace\8-2-build-windows-amd64-cygwin\jdk8u65\4987\hotspot\src\share\vm\prims\jvm.cpp, line 1386]
Event: 0.500 Thread 0x000000001e217800 Exception <a 'java/security/PrivilegedActionException'> (0x000000076b9461c0) thrown at [C:\workspace\8-2-build-windows-amd64-cygwin\jdk8u65\4987\hotspot\src\share\vm\prims\jvm.cpp, line 1386]
Event: 1.124 Thread 0x00000000024ce000 Implicit null exception at 0x00000000027439bc to 0x0000000002743f89
Event: 1.447 Thread 0x000000001e217800 Implicit null exception at 0x000000000290a1e4 to 0x000000000290a75d

Events (10 events):
Event: 4.082 Executing VM operation: EnableBiasedLocking
Event: 4.082 Executing VM operation: EnableBiasedLocking done
Event: 4.229 Executing VM operation: ParallelGCFailedAllocation
Event: 4.230 Executing VM operation: ParallelGCFailedAllocation done
Event: 4.981 Executing VM operation: ParallelGCFailedAllocation
Event: 4.982 Executing VM operation: ParallelGCFailedAllocation done
Event: 5.688 Executing VM operation: ParallelGCFailedAllocation
Event: 5.689 Executing VM operation: ParallelGCFailedAllocation done
Event: 6.377 Executing VM operation: ParallelGCFailedAllocation
Event: 6.377 Executing VM operation: ParallelGCFailedAllocation done


Dynamic libraries:
0x00007ff75ee90000 - 0x00007ff75eec7000 	C:\Program Files\Java\jdk1.8.0_65\bin\java.exe
0x00007ffde4980000 - 0x00007ffde4b41000 	C:\WINDOWS\SYSTEM32\ntdll.dll
0x00007ffde42a0000 - 0x00007ffde434d000 	C:\WINDOWS\system32\KERNEL32.DLL
0x00007ffde19f0000 - 0x00007ffde1bd8000 	C:\WINDOWS\system32\KERNELBASE.dll
0x00007ffde1e70000 - 0x00007ffde1f17000 	C:\WINDOWS\system32\ADVAPI32.dll
0x00007ffde3800000 - 0x00007ffde389d000 	C:\WINDOWS\system32\msvcrt.dll
0x00007ffde1e10000 - 0x00007ffde1e6b000 	C:\WINDOWS\system32\sechost.dll
0x00007ffde3bd0000 - 0x00007ffde3cec000 	C:\WINDOWS\system32\RPCRT4.dll
0x00007ffde3fe0000 - 0x00007ffde4136000 	C:\WINDOWS\system32\USER32.dll
0x00007ffde3cf0000 - 0x00007ffde3e76000 	C:\WINDOWS\system32\GDI32.dll
0x00007ffddd690000 - 0x00007ffddd904000 	C:\WINDOWS\WinSxS\amd64_microsoft.windows.common-controls_6595b64144ccf1df_6.0.10586.0_none_8c15ae12515e1c22\COMCTL32.dll
0x00007ffde3950000 - 0x00007ffde3bcd000 	C:\WINDOWS\system32\combase.dll
0x00007ffde1cf0000 - 0x00007ffde1d5a000 	C:\WINDOWS\system32\bcryptPrimitives.dll
0x00007ffde1dc0000 - 0x00007ffde1dfb000 	C:\WINDOWS\system32\IMM32.DLL
0x0000000070c90000 - 0x0000000070d62000 	C:\Program Files\Java\jdk1.8.0_65\jre\bin\msvcr100.dll
0x0000000070400000 - 0x0000000070c89000 	C:\Program Files\Java\jdk1.8.0_65\jre\bin\server\jvm.dll
0x00007ffde4290000 - 0x00007ffde4298000 	C:\WINDOWS\system32\PSAPI.DLL
0x00007ffddf730000 - 0x00007ffddf753000 	C:\WINDOWS\SYSTEM32\WINMM.dll
0x00007ffdd8550000 - 0x00007ffdd8559000 	C:\WINDOWS\SYSTEM32\WSOCK32.dll
0x00007ffddd9c0000 - 0x00007ffddd9ca000 	C:\WINDOWS\SYSTEM32\VERSION.dll
0x00007ffde4470000 - 0x00007ffde44db000 	C:\WINDOWS\system32\WS2_32.dll
0x00007ffddf6d0000 - 0x00007ffddf6fc000 	C:\WINDOWS\SYSTEM32\WINMMBASE.dll
0x00007ffde1be0000 - 0x00007ffde1c23000 	C:\WINDOWS\system32\cfgmgr32.dll
0x00000000703f0000 - 0x00000000703ff000 	C:\Program Files\Java\jdk1.8.0_65\jre\bin\verify.dll
0x00000000703c0000 - 0x00000000703e9000 	C:\Program Files\Java\jdk1.8.0_65\jre\bin\java.dll
0x0000000070380000 - 0x00000000703b5000 	C:\Program Files\Java\jdk1.8.0_65\jre\bin\jdwp.dll
0x0000000070370000 - 0x0000000070378000 	C:\Program Files\Java\jdk1.8.0_65\jre\bin\npt.dll
0x0000000070350000 - 0x0000000070366000 	C:\Program Files\Java\jdk1.8.0_65\jre\bin\zip.dll
0x00007ffde1f80000 - 0x00007ffde34dc000 	C:\WINDOWS\system32\SHELL32.dll
0x00007ffde11d0000 - 0x00007ffde1815000 	C:\WINDOWS\system32\windows.storage.dll
0x00007ffde36b0000 - 0x00007ffde3702000 	C:\WINDOWS\system32\shlwapi.dll
0x00007ffde0fb0000 - 0x00007ffde0fbf000 	C:\WINDOWS\system32\kernel.appcore.dll
0x00007ffde1c30000 - 0x00007ffde1ce5000 	C:\WINDOWS\system32\shcore.dll
0x00007ffde0fc0000 - 0x00007ffde100b000 	C:\WINDOWS\system32\powrprof.dll
0x00007ffde0f80000 - 0x00007ffde0f94000 	C:\WINDOWS\system32\profapi.dll
0x0000000070340000 - 0x0000000070349000 	C:\Program Files\Java\jdk1.8.0_65\jre\bin\dt_socket.dll
0x00007ffde08b0000 - 0x00007ffde090c000 	C:\WINDOWS\system32\mswsock.dll
0x00007ffdb7a50000 - 0x00007ffdb7ad8000 	D:\Code\Java\Projects\WireEngine20\lib\native\lwjgl.dll
0x00007ffde0a80000 - 0x00007ffde0a8b000 	C:\WINDOWS\SYSTEM32\CRYPTBASE.DLL
0x00007ffdbfbb0000 - 0x00007ffdbfbf2000 	D:\Code\Java\Projects\WireEngine20\lib\native\jemalloc.dll
0x00007ffdbbf10000 - 0x00007ffdbbf48000 	D:\Code\Java\Projects\WireEngine20\lib\native\glfw.dll
0x00007ffddf850000 - 0x00007ffddf8e6000 	C:\WINDOWS\system32\uxtheme.dll
0x00007ffdde650000 - 0x00007ffdde672000 	C:\WINDOWS\SYSTEM32\dwmapi.dll
0x00007ffdc8b70000 - 0x00007ffdc8c99000 	C:\WINDOWS\SYSTEM32\opengl32.dll
0x00007ffdc6920000 - 0x00007ffdc6a1a000 	C:\WINDOWS\SYSTEM32\DDRAW.dll
0x00007ffdcd0c0000 - 0x00007ffdcd0ee000 	C:\WINDOWS\SYSTEM32\GLU32.dll
0x00007ffddaa30000 - 0x00007ffddaa38000 	C:\WINDOWS\SYSTEM32\DCIMAN32.dll
0x00007ffde3e80000 - 0x00007ffde3fda000 	C:\WINDOWS\system32\MSCTF.dll
0x00007ffdc9cc0000 - 0x00007ffdc9d09000 	C:\Program Files (x86)\TeamViewer\tv_x64.dll
0x00007ffde4140000 - 0x00007ffde4283000 	C:\WINDOWS\system32\ole32.dll
0x000000006e5f0000 - 0x0000000070339000 	C:\WINDOWS\SYSTEM32\nvoglv64.DLL
0x00007ffde4550000 - 0x00007ffde4979000 	C:\WINDOWS\system32\SETUPAPI.dll
0x00007ffddf2f0000 - 0x00007ffddf303000 	C:\WINDOWS\SYSTEM32\WTSAPI32.dll
0x00007ffddf9a0000 - 0x00007ffddf9c7000 	C:\WINDOWS\SYSTEM32\DEVOBJ.dll
0x00007ffde1170000 - 0x00007ffde11c5000 	C:\WINDOWS\system32\WINTRUST.dll
0x00007ffde0fa0000 - 0x00007ffde0fb0000 	C:\WINDOWS\system32\MSASN1.dll
0x00007ffde1820000 - 0x00007ffde19e7000 	C:\WINDOWS\system32\CRYPT32.dll
0x00007ffde04d0000 - 0x00007ffde0501000 	C:\WINDOWS\SYSTEM32\ntmarta.dll
0x00007ffde0220000 - 0x00007ffde0276000 	C:\WINDOWS\SYSTEM32\WINSTA.dll
0x00007ffde38a0000 - 0x00007ffde3947000 	C:\WINDOWS\system32\clbcatq.dll
0x00007ffdb9de0000 - 0x00007ffdb9f6c000 	C:\WINDOWS\SYSTEM32\dbghelp.dll

VM Arguments:
jvm_args: -agentlib:jdwp=transport=dt_socket,address=127.0.0.1:54819,suspend=y,server=n -Djava.library.path=lib/native/ -Dfile.encoding=UTF-8 
java_command: main.Main
java_class_path (initial): C:\Program Files\Java\jdk1.8.0_65\jre\lib\charsets.jar;C:\Program Files\Java\jdk1.8.0_65\jre\lib\deploy.jar;C:\Program Files\Java\jdk1.8.0_65\jre\lib\ext\access-bridge-64.jar;C:\Program Files\Java\jdk1.8.0_65\jre\lib\ext\cldrdata.jar;C:\Program Files\Java\jdk1.8.0_65\jre\lib\ext\dnsns.jar;C:\Program Files\Java\jdk1.8.0_65\jre\lib\ext\jaccess.jar;C:\Program Files\Java\jdk1.8.0_65\jre\lib\ext\jfxrt.jar;C:\Program Files\Java\jdk1.8.0_65\jre\lib\ext\localedata.jar;C:\Program Files\Java\jdk1.8.0_65\jre\lib\ext\nashorn.jar;C:\Program Files\Java\jdk1.8.0_65\jre\lib\ext\sunec.jar;C:\Program Files\Java\jdk1.8.0_65\jre\lib\ext\sunjce_provider.jar;C:\Program Files\Java\jdk1.8.0_65\jre\lib\ext\sunmscapi.jar;C:\Program Files\Java\jdk1.8.0_65\jre\lib\ext\sunpkcs11.jar;C:\Program Files\Java\jdk1.8.0_65\jre\lib\ext\zipfs.jar;C:\Program Files\Java\jdk1.8.0_65\jre\lib\javaws.jar;C:\Program Files\Java\jdk1.8.0_65\jre\lib\jce.jar;C:\Program Files\Java\jdk1.8.0_65\jre\lib\jfr.jar;C:\Program Files\Java\jdk1.8.0_65\jre\lib\jfxswt.jar;C:\Program Files\Java\jdk1.8.0_65\jre\lib\jsse.jar;C:\Program Files\Java\jdk1.8.0_65\jre\lib\management-agent.jar;C:\Program Files\Java\jdk1.8.0_65\jre\lib\plugin.jar;C:\Program Files\Java\jdk1.8.0_65\jre\lib\resources.jar;C:\Program Files\Java\jdk1.8.0_65\jre\lib\rt.jar;D:\Code\Java\Projects\WireEngine20\out\production\WireEngine20;D:\Code\Java\Projects\WireEngine20\lib\jar\lwjgl.jar;D:\Program Files (x86)\JetBrains\IntelliJ IDEA 2016.1\lib\idea_rt.jar
Launcher Type: SUN_STANDARD

Environment Variables:
JAVA_HOME=C:\Program Files\Java\jdk1.8.0_65
PATH=C:\ProgramData\Oracle\Java\javapath;C:\Program Files (x86)\Razer Chroma SDK\bin;C:\Program Files\Razer Chroma SDK\bin;C:\Program Files (x86)\NVIDIA Corporation\PhysX\Common;C:\Program Files (x86)\Intel\iCLS Client\;C:\Program Files\Intel\iCLS Client\;C:\Windows\system32;C:\Windows;C:\Windows\System32\Wbem;C:\Windows\System32\WindowsPowerShell\v1.0\;C:\Program Files\Intel\Intel(R) Management Engine Components\DAL;C:\Program Files (x86)\Intel\Intel(R) Management Engine Components\DAL;C:\Program Files\Intel\Intel(R) Management Engine Components\IPT;C:\Program Files (x86)\Intel\Intel(R) Management Engine Components\IPT;C:\Program Files\Java\jre1.8.0_65\bin;C:\MinGW\bin;C:\WINDOWS\system32;C:\WINDOWS;C:\WINDOWS\System32\Wbem;C:\WINDOWS\System32\WindowsPowerShell\v1.0\;D:\Program Files (x86)\CMake\bin;D:\Program Files\Programs\Python\Python35-32;D:\Program Files\Programs\Python\Python35-32\Scripts;C:\Program Files (x86)\Skype\Phone\;D:\Program Files\Programs\Python\Python35-32\Scripts\;D:\Program Files\Programs\Python\Python35-32\
USERNAME=Kelan
OS=Windows_NT
PROCESSOR_IDENTIFIER=Intel64 Family 6 Model 60 Stepping 3, GenuineIntel



---------------  S Y S T E M  ---------------

OS: Windows 10.0 , 64 bit Build 10586 (10.0.10586.0)

CPU:total 8 (4 cores per cpu, 2 threads per core) family 6 model 60 stepping 3, cmov, cx8, fxsr, mmx, sse, sse2, sse3, ssse3, sse4.1, sse4.2, popcnt, avx, avx2, aes, clmul, erms, lzcnt, ht, tsc, tscinvbit, bmi1, bmi2

Memory: 4k page, physical 16609500k(2890472k free), swap 33386716k(15291488k free)

vm_info: Java HotSpot(TM) 64-Bit Server VM (25.65-b01) for windows-amd64 JRE (1.8.0_65-b17), built on Oct  6 2015 16:39:20 by "java_re" with MS VC++ 10.0 (VS2010)

time: Sun Apr 10 22:44:56 2016
elapsed time: 6 seconds (0d 0h 0m 6s)

