#
# A fatal error has been detected by the Java Runtime Environment:
#
#  EXCEPTION_ACCESS_VIOLATION (0xc0000005) at pc=0x00007ffdd40d24b9, pid=11604, tid=11916
#
# JRE version: Java(TM) SE Runtime Environment (8.0_65-b17) (build 1.8.0_65-b17)
# Java VM: Java HotSpot(TM) 64-Bit Server VM (25.65-b01 mixed mode windows-amd64 compressed oops)
# Problematic frame:
# C  [glfw.dll+0x24b9]
#
# Failed to write core dump. Minidumps are not enabled by default on client versions of Windows
#
# If you would like to submit a bug report, please visit:
#   http://bugreport.java.com/bugreport/crash.jsp
# The crash happened outside the Java Virtual Machine in native code.
# See problematic frame for where to report the bug.
#

---------------  T H R E A D  ---------------

Current thread (0x000000001e1ad800):  JavaThread "CLIENT" [_thread_in_native, id=11916, stack(0x000000001eed0000,0x000000001efd0000)]

siginfo: ExceptionCode=0xc0000005, reading address 0x0000000000000000

Registers:
RAX=0x0000000000000000, RBX=0x000000001ba7ec50, RCX=0x0000000000000000, RDX=0x0000000000000000
RSP=0x000000001efcf1b0, RBP=0x000000001efcf268, RSI=0x0000000000000108, RDI=0x00000000004562c0
R8 =0x000000001efcf1a8, R9 =0x000000001efcf268, R10=0x0000000000000000, R11=0x0000000000000246
R12=0x0000000000000000, R13=0x000000001ba7ec50, R14=0x000000001efcf2a0, R15=0x000000001e1ad800
RIP=0x00007ffdd40d24b9, EFLAGS=0x0000000000010283

Top of Stack: (sp=0x000000001efcf1b0)
0x000000001efcf1b0:   000000001e1ad800 000000001e1ad800
0x000000001efcf1c0:   000000001e1ad800 000000001e1ad800
0x000000001efcf1d0:   00000000000001c2 000000000267dfcc
0x000000001efcf1e0:   000000001ba7ec50 0000000070615005
0x000000001efcf1f0:   000000001ba253e8 000000000265e7e0
0x000000001efcf200:   000000000000000e 000000001e1ad800
0x000000001efcf210:   000000001ba98ab8 000000007052aea4
0x000000001efcf220:   000000001e1ad800 000000001efcf228
0x000000001efcf230:   0000000000000000 000000001efcf2a0
0x000000001efcf240:   000000001ba7f3f0 0000000000000000
0x000000001efcf250:   000000001ba7ec50 0000000000000000
0x000000001efcf260:   000000001efcf288 000000001efcf2e8
0x000000001efcf270:   0000000002667d8d 00000006c28081e0
0x000000001efcf280:   00000000026742f8 00000000004562c0
0x000000001efcf290:   00000000026678a0 00007ffdd40d2420
0x000000001efcf2a0:   0000000000000001 000000001efcf2a8 

Instructions: (pc=0x00007ffdd40d24b9)
0x00007ffdd40d2499:   48 8b cf e8 1f 3a 00 00 48 39 3d f0 d5 02 00 48
0x00007ffdd40d24a9:   8d 0d e9 d5 02 00 48 8b 5c 24 30 74 08 48 8b 09
0x00007ffdd40d24b9:   48 39 39 75 f8 48 8b 07 48 89 01 48 8b cf 48 83
0x00007ffdd40d24c9:   c4 20 5f e9 5b fe 00 00 48 83 c4 20 5f c3 cc cc 


Register to memory mapping:

RAX=0x0000000000000000 is an unknown value
RBX={method} {0x000000001ba7ec58} 'invokePV' '(JJ)V' in 'org/lwjgl/system/JNI'
RCX=0x0000000000000000 is an unknown value
RDX=0x0000000000000000 is an unknown value
RSP=0x000000001efcf1b0 is pointing into the stack for thread: 0x000000001e1ad800
RBP=0x000000001efcf268 is pointing into the stack for thread: 0x000000001e1ad800
RSI=0x0000000000000108 is an unknown value
RDI=0x00000000004562c0 is an unknown value
R8 =0x000000001efcf1a8 is pointing into the stack for thread: 0x000000001e1ad800
R9 =0x000000001efcf268 is pointing into the stack for thread: 0x000000001e1ad800
R10=0x0000000000000000 is an unknown value
R11=0x0000000000000246 is an unknown value
R12=0x0000000000000000 is an unknown value
R13={method} {0x000000001ba7ec58} 'invokePV' '(JJ)V' in 'org/lwjgl/system/JNI'
R14=0x000000001efcf2a0 is pointing into the stack for thread: 0x000000001e1ad800
R15=0x000000001e1ad800 is a thread


Stack: [0x000000001eed0000,0x000000001efd0000],  sp=0x000000001efcf1b0,  free space=1020k
Native frames: (J=compiled Java code, j=interpreted, Vv=VM code, C=native code)
C  [glfw.dll+0x24b9]
C  0x000000000267dfcc

Java frames: (J=compiled Java code, j=interpreted, Vv=VM code)
j  org.lwjgl.system.JNI.invokePV(JJ)V+0
j  org.lwjgl.glfw.GLFW.glfwDestroyCursor(J)V+20
j  main.client.Window.destroyWindow()V+9
j  main.coreEngine.Engine.stop()V+70
j  main.client.Window.update()V+43
j  main.client.renderEngine.RenderEngine.render()V+38
j  main.client.ClientThread.tick()V+12
j  main.coreEngine.TickableThread.run()V+465
v  ~StubRoutines::call_stub

---------------  P R O C E S S  ---------------

Java Threads: ( => current thread )
  0x000000001e1ae800 JavaThread "SERVER" [_thread_in_Java, id=1512, stack(0x000000001efd0000,0x000000001f0d0000)]
=>0x000000001e1ad800 JavaThread "CLIENT" [_thread_in_native, id=11916, stack(0x000000001eed0000,0x000000001efd0000)]
  0x000000001e0bf800 JavaThread "Service Thread" daemon [_thread_blocked, id=11236, stack(0x000000001ecd0000,0x000000001edd0000)]
  0x000000001e031000 JavaThread "C1 CompilerThread3" daemon [_thread_blocked, id=6172, stack(0x000000001ebd0000,0x000000001ecd0000)]
  0x000000001e030800 JavaThread "C2 CompilerThread2" daemon [_thread_blocked, id=10824, stack(0x000000001ead0000,0x000000001ebd0000)]
  0x000000001e027800 JavaThread "C2 CompilerThread1" daemon [_thread_blocked, id=8972, stack(0x000000001e9d0000,0x000000001ead0000)]
  0x000000001e02b800 JavaThread "C2 CompilerThread0" daemon [_thread_blocked, id=4220, stack(0x000000001e8d0000,0x000000001e9d0000)]
  0x000000001e010800 JavaThread "JDWP Command Reader" daemon [_thread_in_native, id=9388, stack(0x000000001e7d0000,0x000000001e8d0000)]
  0x000000001e00d800 JavaThread "JDWP Event Helper Thread" daemon [_thread_blocked, id=1168, stack(0x000000001e6d0000,0x000000001e7d0000)]
  0x000000001e00b000 JavaThread "JDWP Transport Listener: dt_socket" daemon [_thread_blocked, id=2480, stack(0x000000001e5d0000,0x000000001e6d0000)]
  0x000000001dff6000 JavaThread "Attach Listener" daemon [_thread_blocked, id=10532, stack(0x000000001e4d0000,0x000000001e5d0000)]
  0x000000001dff4800 JavaThread "Signal Dispatcher" daemon [_thread_blocked, id=11328, stack(0x000000001e3d0000,0x000000001e4d0000)]
  0x000000000265b000 JavaThread "Finalizer" daemon [_thread_blocked, id=3920, stack(0x000000001ded0000,0x000000001dfd0000)]
  0x0000000002653000 JavaThread "Reference Handler" daemon [_thread_blocked, id=10504, stack(0x000000001ddd0000,0x000000001ded0000)]
  0x000000000235e000 JavaThread "main" [_thread_in_Java, id=10196, stack(0x0000000002460000,0x0000000002560000)]

Other Threads:
  0x000000001bff9800 VMThread [stack: 0x000000001dcd0000,0x000000001ddd0000] [id=14256]
  0x000000001e0d3800 WatcherThread [stack: 0x000000001edd0000,0x000000001eed0000] [id=9676]

VM state:not at safepoint (normal execution)

VM Mutex/Monitor currently owned by a thread: None

Heap:
 PSYoungGen      total 214528K, used 156060K [0x000000076b800000, 0x0000000784d00000, 0x00000007c0000000)
  eden space 214016K, 72% used [0x000000076b800000,0x0000000775037220,0x0000000778900000)
  from space 512K, 37% used [0x0000000784c80000,0x0000000784cb0000,0x0000000784d00000)
  to   space 2048K, 0% used [0x0000000784900000,0x0000000784900000,0x0000000784b00000)
 ParOldGen       total 173568K, used 1403K [0x00000006c2800000, 0x00000006cd180000, 0x000000076b800000)
  object space 173568K, 0% used [0x00000006c2800000,0x00000006c295ec08,0x00000006cd180000)
 Metaspace       used 8197K, capacity 8646K, committed 8960K, reserved 1056768K
  class space    used 655K, capacity 690K, committed 768K, reserved 1048576K

Card table byte_map: [0x0000000011a20000,0x0000000012210000] byte_map_base: 0x000000000e40c000

Marking Bits: (ParMarkBitMap*) 0x0000000070c0a5b0
 Begin Bits: [0x0000000012f60000, 0x0000000016ec0000)
 End Bits:   [0x0000000016ec0000, 0x000000001ae20000)

Polling page: 0x00000000007e0000

CodeCache: size=245760Kb used=3214Kb max_used=3214Kb free=242545Kb
 bounds [0x0000000002660000, 0x0000000002990000, 0x0000000011660000]
 total_blobs=1273 nmethods=620 adapters=574
 compilation: enabled

Compilation events (10 events):
Event: 2.004 Thread 0x000000001e031000  618       3       org.lwjgl.system.MemoryUtil::memAddress (9 bytes)
Event: 2.004 Thread 0x000000001e031000 nmethod 618 0x000000000297a410 code [0x000000000297a580, 0x000000000297a890]
Event: 2.004 Thread 0x000000001e031000  619       3       org.lwjgl.system.MemoryUtil::memAddress (10 bytes)
Event: 2.004 Thread 0x000000001e031000 nmethod 619 0x0000000002979f90 code [0x000000000297a100, 0x000000000297a310]
Event: 2.020 Thread 0x000000001e031000  620       3       org.lwjgl.system.Checks::checkBuffer (14 bytes)
Event: 2.021 Thread 0x000000001e031000 nmethod 620 0x0000000002979a90 code [0x0000000002979c00, 0x0000000002979ea8]
Event: 2.021 Thread 0x000000001e031000  621       3       org.lwjgl.system.MemoryUtil::memAddressSafe (13 bytes)
Event: 2.021 Thread 0x000000001e031000 nmethod 621 0x0000000002979390 code [0x0000000002979520, 0x00000000029798f0]
Event: 2.021 Thread 0x000000001e031000  622       1       main.coreEngine.sceneGraph.Transformation::getPosition (5 bytes)
Event: 2.021 Thread 0x000000001e031000 nmethod 622 0x000000000297c410 code [0x000000000297c560, 0x000000000297c670]

GC Heap History (10 events):
Event: 1.324 GC heap before
{Heap before GC invocations=10 (full 0):
 PSYoungGen      total 262144K, used 260736K [0x000000076b800000, 0x0000000785280000, 0x00000007c0000000)
  eden space 260096K, 100% used [0x000000076b800000,0x000000077b600000,0x000000077b600000)
  from space 2048K, 31% used [0x000000077b600000,0x000000077b6a0000,0x000000077b800000)
  to   space 2048K, 0% used [0x0000000785080000,0x0000000785080000,0x0000000785280000)
 ParOldGen       total 173568K, used 1006K [0x00000006c2800000, 0x00000006cd180000, 0x000000076b800000)
  object space 173568K, 0% used [0x00000006c2800000,0x00000006c28fbbf8,0x00000006cd180000)
 Metaspace       used 8191K, capacity 8646K, committed 8960K, reserved 1056768K
  class space    used 655K, capacity 690K, committed 768K, reserved 1048576K
Event: 1.325 GC heap after
Heap after GC invocations=10 (full 0):
 PSYoungGen      total 250368K, used 256K [0x000000076b800000, 0x0000000785100000, 0x00000007c0000000)
  eden space 249856K, 0% used [0x000000076b800000,0x000000076b800000,0x000000077ac00000)
  from space 512K, 50% used [0x0000000785080000,0x00000007850c0000,0x0000000785100000)
  to   space 2048K, 0% used [0x0000000784d00000,0x0000000784d00000,0x0000000784f00000)
 ParOldGen       total 173568K, used 1267K [0x00000006c2800000, 0x00000006cd180000, 0x000000076b800000)
  object space 173568K, 0% used [0x00000006c2800000,0x00000006c293cc08,0x00000006cd180000)
 Metaspace       used 8191K, capacity 8646K, committed 8960K, reserved 1056768K
  class space    used 655K, capacity 690K, committed 768K, reserved 1048576K
}
Event: 1.507 GC heap before
{Heap before GC invocations=11 (full 0):
 PSYoungGen      total 250368K, used 250112K [0x000000076b800000, 0x0000000785100000, 0x00000007c0000000)
  eden space 249856K, 100% used [0x000000076b800000,0x000000077ac00000,0x000000077ac00000)
  from space 512K, 50% used [0x0000000785080000,0x00000007850c0000,0x0000000785100000)
  to   space 2048K, 0% used [0x0000000784d00000,0x0000000784d00000,0x0000000784f00000)
 ParOldGen       total 173568K, used 1267K [0x00000006c2800000, 0x00000006cd180000, 0x000000076b800000)
  object space 173568K, 0% used [0x00000006c2800000,0x00000006c293cc08,0x00000006cd180000)
 Metaspace       used 8191K, capacity 8646K, committed 8960K, reserved 1056768K
  class space    used 655K, capacity 690K, committed 768K, reserved 1048576K
Event: 1.507 GC heap after
Heap after GC invocations=11 (full 0):
 PSYoungGen      total 240640K, used 96K [0x000000076b800000, 0x0000000785100000, 0x00000007c0000000)
  eden space 240128K, 0% used [0x000000076b800000,0x000000076b800000,0x000000077a280000)
  from space 512K, 18% used [0x0000000784d00000,0x0000000784d18000,0x0000000784d80000)
  to   space 2560K, 0% used [0x0000000784e80000,0x0000000784e80000,0x0000000785100000)
 ParOldGen       total 173568K, used 1403K [0x00000006c2800000, 0x00000006cd180000, 0x000000076b800000)
  object space 173568K, 0% used [0x00000006c2800000,0x00000006c295ec08,0x00000006cd180000)
 Metaspace       used 8191K, capacity 8646K, committed 8960K, reserved 1056768K
  class space    used 655K, capacity 690K, committed 768K, reserved 1048576K
}
Event: 1.689 GC heap before
{Heap before GC invocations=12 (full 0):
 PSYoungGen      total 240640K, used 240224K [0x000000076b800000, 0x0000000785100000, 0x00000007c0000000)
  eden space 240128K, 100% used [0x000000076b800000,0x000000077a280000,0x000000077a280000)
  from space 512K, 18% used [0x0000000784d00000,0x0000000784d18000,0x0000000784d80000)
  to   space 2560K, 0% used [0x0000000784e80000,0x0000000784e80000,0x0000000785100000)
 ParOldGen       total 173568K, used 1403K [0x00000006c2800000, 0x00000006cd180000, 0x000000076b800000)
  object space 173568K, 0% used [0x00000006c2800000,0x00000006c295ec08,0x00000006cd180000)
 Metaspace       used 8194K, capacity 8646K, committed 8960K, reserved 1056768K
  class space    used 655K, capacity 690K, committed 768K, reserved 1048576K
Event: 1.690 GC heap after
Heap after GC invocations=12 (full 0):
 PSYoungGen      total 231424K, used 160K [0x000000076b800000, 0x0000000784f00000, 0x00000007c0000000)
  eden space 230912K, 0% used [0x000000076b800000,0x000000076b800000,0x0000000779980000)
  from space 512K, 31% used [0x0000000784e80000,0x0000000784ea8000,0x0000000784f00000)
  to   space 2560K, 0% used [0x0000000784a00000,0x0000000784a00000,0x0000000784c80000)
 ParOldGen       total 173568K, used 1403K [0x00000006c2800000, 0x00000006cd180000, 0x000000076b800000)
  object space 173568K, 0% used [0x00000006c2800000,0x00000006c295ec08,0x00000006cd180000)
 Metaspace       used 8194K, capacity 8646K, committed 8960K, reserved 1056768K
  class space    used 655K, capacity 690K, committed 768K, reserved 1048576K
}
Event: 1.867 GC heap before
{Heap before GC invocations=13 (full 0):
 PSYoungGen      total 231424K, used 231072K [0x000000076b800000, 0x0000000784f00000, 0x00000007c0000000)
  eden space 230912K, 100% used [0x000000076b800000,0x0000000779980000,0x0000000779980000)
  from space 512K, 31% used [0x0000000784e80000,0x0000000784ea8000,0x0000000784f00000)
  to   space 2560K, 0% used [0x0000000784a00000,0x0000000784a00000,0x0000000784c80000)
 ParOldGen       total 173568K, used 1403K [0x00000006c2800000, 0x00000006cd180000, 0x000000076b800000)
  object space 173568K, 0% used [0x00000006c2800000,0x00000006c295ec08,0x00000006cd180000)
 Metaspace       used 8195K, capacity 8646K, committed 8960K, reserved 1056768K
  class space    used 655K, capacity 690K, committed 768K, reserved 1048576K
Event: 1.867 GC heap after
Heap after GC invocations=13 (full 0):
 PSYoungGen      total 224768K, used 160K [0x000000076b800000, 0x0000000784f00000, 0x00000007c0000000)
  eden space 222208K, 0% used [0x000000076b800000,0x000000076b800000,0x0000000779100000)
  from space 2560K, 6% used [0x0000000784a00000,0x0000000784a28000,0x0000000784c80000)
  to   space 2560K, 0% used [0x0000000784c80000,0x0000000784c80000,0x0000000784f00000)
 ParOldGen       total 173568K, used 1403K [0x00000006c2800000, 0x00000006cd180000, 0x000000076b800000)
  object space 173568K, 0% used [0x00000006c2800000,0x00000006c295ec08,0x00000006cd180000)
 Metaspace       used 8195K, capacity 8646K, committed 8960K, reserved 1056768K
  class space    used 655K, capacity 690K, committed 768K, reserved 1048576K
}
Event: 2.042 GC heap before
{Heap before GC invocations=14 (full 0):
 PSYoungGen      total 224768K, used 222368K [0x000000076b800000, 0x0000000784f00000, 0x00000007c0000000)
  eden space 222208K, 100% used [0x000000076b800000,0x0000000779100000,0x0000000779100000)
  from space 2560K, 6% used [0x0000000784a00000,0x0000000784a28000,0x0000000784c80000)
  to   space 2560K, 0% used [0x0000000784c80000,0x0000000784c80000,0x0000000784f00000)
 ParOldGen       total 173568K, used 1403K [0x00000006c2800000, 0x00000006cd180000, 0x000000076b800000)
  object space 173568K, 0% used [0x00000006c2800000,0x00000006c295ec08,0x00000006cd180000)
 Metaspace       used 8197K, capacity 8646K, committed 8960K, reserved 1056768K
  class space    used 655K, capacity 690K, committed 768K, reserved 1048576K
Event: 2.043 GC heap after
Heap after GC invocations=14 (full 0):
 PSYoungGen      total 214528K, used 192K [0x000000076b800000, 0x0000000784d00000, 0x00000007c0000000)
  eden space 214016K, 0% used [0x000000076b800000,0x000000076b800000,0x0000000778900000)
  from space 512K, 37% used [0x0000000784c80000,0x0000000784cb0000,0x0000000784d00000)
  to   space 2048K, 0% used [0x0000000784900000,0x0000000784900000,0x0000000784b00000)
 ParOldGen       total 173568K, used 1403K [0x00000006c2800000, 0x00000006cd180000, 0x000000076b800000)
  object space 173568K, 0% used [0x00000006c2800000,0x00000006c295ec08,0x00000006cd180000)
 Metaspace       used 8197K, capacity 8646K, committed 8960K, reserved 1056768K
  class space    used 655K, capacity 690K, committed 768K, reserved 1048576K
}

Deoptimization events (10 events):
Event: 0.436 Thread 0x000000001e1ad800 Uncommon trap: reason=unstable_if action=reinterpret pc=0x00000000027a2058 method=java.util.HashMap.keySet()Ljava/util/Set; @ 6
Event: 0.829 Thread 0x000000001e1ad800 Uncommon trap: reason=unstable_if action=reinterpret pc=0x00000000027a0684 method=java.util.HashMap.clear()V @ 16
Event: 0.829 Thread 0x000000001e1ad800 Uncommon trap: reason=unstable_if action=reinterpret pc=0x00000000027a51c8 method=java.util.HashMap$HashIterator.<init>(Ljava/util/HashMap;)V @ 38
Event: 0.829 Thread 0x000000000235e000 Uncommon trap: reason=unstable_if action=reinterpret pc=0x00000000027ca8ec method=main.coreEngine.TickableThread.invoke(Ljava/lang/String;[Ljava/lang/Object;)V @ 53
Event: 0.829 Thread 0x000000001e1ad800 Uncommon trap: reason=unstable_if action=reinterpret pc=0x00000000027a6818 method=java.util.HashMap.clear()V @ 16
Event: 0.830 Thread 0x000000001e1ad800 Uncommon trap: reason=unstable_if action=reinterpret pc=0x00000000027ec358 method=java.util.HashMap.clear()V @ 16
Event: 0.830 Thread 0x000000001e1ae800 Uncommon trap: reason=unstable_if action=reinterpret pc=0x00000000027ec334 method=main.coreEngine.TickableThread.run()V @ 58
Event: 0.970 Thread 0x000000001e1ad800 Uncommon trap: reason=unstable_if action=reinterpret pc=0x0000000002947764 method=main.coreEngine.TickableThread.run()V @ 461
Event: 0.978 Thread 0x000000001e1ae800 Uncommon trap: reason=unstable_if action=reinterpret pc=0x0000000002947764 method=main.coreEngine.TickableThread.run()V @ 461
Event: 0.986 Thread 0x000000000235e000 Uncommon trap: reason=unstable_if action=reinterpret pc=0x0000000002972714 method=main.coreEngine.Engine.start()V @ 163

Internal exceptions (9 events):
Event: 0.024 Thread 0x000000000235e000 Exception <a 'java/lang/NoSuchMethodError': Method sun.misc.Unsafe.defineClass(Ljava/lang/String;[BII)Ljava/lang/Class; name or signature does not match> (0x000000076b80d9b8) thrown at [C:\workspace\8-2-build-windows-amd64-cygwin\jdk8u65\4987\hotspot\src\ss‚Ÿ·-Vò?
Event: 0.024 Thread 0x000000000235e000 Exception <a 'java/lang/NoSuchMethodError': Method sun.misc.Unsafe.prefetchRead(Ljava/lang/Object;J)V name or signature does not match> (0x000000076b80dca0) thrown at [C:\workspace\8-2-build-windows-amd64-cygwin\jdk8u65\4987\hotspot\src\share\vm\prims\jni.2—CÅV≈?
Event: 0.167 Thread 0x000000001e1ad800 Exception <a 'java/lang/ArrayIndexOutOfBoundsException': -1> (0x000000076c985178) thrown at [C:\workspace\8-2-build-windows-amd64-cygwin\jdk8u65\4987\hotspot\src\share\vm\interpreter\interpreterRuntime.cpp, line 366]
Event: 0.430 Thread 0x000000001e1ad800 Implicit null exception at 0x00000000027aaa8f to 0x00000000027aadf1
Event: 0.430 Thread 0x000000001e1ad800 Exception <a 'java/security/PrivilegedActionException'> (0x000000076db27680) thrown at [C:\workspace\8-2-build-windows-amd64-cygwin\jdk8u65\4987\hotspot\src\share\vm\prims\jvm.cpp, line 1386]
Event: 0.430 Thread 0x000000001e1ad800 Exception <a 'java/security/PrivilegedActionException'> (0x000000076db27a78) thrown at [C:\workspace\8-2-build-windows-amd64-cygwin\jdk8u65\4987\hotspot\src\share\vm\prims\jvm.cpp, line 1386]
Event: 0.430 Thread 0x000000001e1ad800 Exception <a 'java/security/PrivilegedActionException'> (0x000000076db2bc90) thrown at [C:\workspace\8-2-build-windows-amd64-cygwin\jdk8u65\4987\hotspot\src\share\vm\prims\jvm.cpp, line 1386]
Event: 0.430 Thread 0x000000001e1ad800 Exception <a 'java/security/PrivilegedActionException'> (0x000000076db2c088) thrown at [C:\workspace\8-2-build-windows-amd64-cygwin\jdk8u65\4987\hotspot\src\share\vm\prims\jvm.cpp, line 1386]
Event: 0.829 Thread 0x000000000235e000 Implicit null exception at 0x00000000027ca304 to 0x00000000027ca8c5

Events (10 events):
Event: 1.324 Executing VM operation: ParallelGCFailedAllocation
Event: 1.325 Executing VM operation: ParallelGCFailedAllocation done
Event: 1.507 Executing VM operation: ParallelGCFailedAllocation
Event: 1.507 Executing VM operation: ParallelGCFailedAllocation done
Event: 1.689 Executing VM operation: ParallelGCFailedAllocation
Event: 1.690 Executing VM operation: ParallelGCFailedAllocation done
Event: 1.867 Executing VM operation: ParallelGCFailedAllocation
Event: 1.867 Executing VM operation: ParallelGCFailedAllocation done
Event: 2.042 Executing VM operation: ParallelGCFailedAllocation
Event: 2.043 Executing VM operation: ParallelGCFailedAllocation done


Dynamic libraries:
0x00007ff75ee90000 - 0x00007ff75eec7000 	C:\Program Files\Java\jdk1.8.0_65\bin\java.exe
0x00007ffde4980000 - 0x00007ffde4b41000 	C:\WINDOWS\SYSTEM32\ntdll.dll
0x00007ffde42a0000 - 0x00007ffde434d000 	C:\WINDOWS\system32\KERNEL32.DLL
0x00007ffde19f0000 - 0x00007ffde1bd8000 	C:\WINDOWS\system32\KERNELBASE.dll
0x00007ffde1e70000 - 0x00007ffde1f17000 	C:\WINDOWS\system32\ADVAPI32.dll
0x00007ffde3800000 - 0x00007ffde389d000 	C:\WINDOWS\system32\msvcrt.dll
0x00007ffde1e10000 - 0x00007ffde1e6b000 	C:\WINDOWS\system32\sechost.dll
0x00007ffde3bd0000 - 0x00007ffde3cec000 	C:\WINDOWS\system32\RPCRT4.dll
0x00007ffde3fe0000 - 0x00007ffde4136000 	C:\WINDOWS\system32\USER32.dll
0x00007ffde3cf0000 - 0x00007ffde3e76000 	C:\WINDOWS\system32\GDI32.dll
0x00007ffddd690000 - 0x00007ffddd904000 	C:\WINDOWS\WinSxS\amd64_microsoft.windows.common-controls_6595b64144ccf1df_6.0.10586.0_none_8c15ae12515e1c22\COMCTL32.dll
0x00007ffde3950000 - 0x00007ffde3bcd000 	C:\WINDOWS\system32\combase.dll
0x00007ffde1cf0000 - 0x00007ffde1d5a000 	C:\WINDOWS\system32\bcryptPrimitives.dll
0x00007ffde1dc0000 - 0x00007ffde1dfb000 	C:\WINDOWS\system32\IMM32.DLL
0x0000000070c90000 - 0x0000000070d62000 	C:\Program Files\Java\jdk1.8.0_65\jre\bin\msvcr100.dll
0x0000000070400000 - 0x0000000070c89000 	C:\Program Files\Java\jdk1.8.0_65\jre\bin\server\jvm.dll
0x00007ffde4290000 - 0x00007ffde4298000 	C:\WINDOWS\system32\PSAPI.DLL
0x00007ffdd8550000 - 0x00007ffdd8559000 	C:\WINDOWS\SYSTEM32\WSOCK32.dll
0x00007ffddd9c0000 - 0x00007ffddd9ca000 	C:\WINDOWS\SYSTEM32\VERSION.dll
0x00007ffddf730000 - 0x00007ffddf753000 	C:\WINDOWS\SYSTEM32\WINMM.dll
0x00007ffde4470000 - 0x00007ffde44db000 	C:\WINDOWS\system32\WS2_32.dll
0x00007ffddf6d0000 - 0x00007ffddf6fc000 	C:\WINDOWS\SYSTEM32\WINMMBASE.dll
0x00007ffde1be0000 - 0x00007ffde1c23000 	C:\WINDOWS\system32\cfgmgr32.dll
0x00000000703f0000 - 0x00000000703ff000 	C:\Program Files\Java\jdk1.8.0_65\jre\bin\verify.dll
0x00000000703c0000 - 0x00000000703e9000 	C:\Program Files\Java\jdk1.8.0_65\jre\bin\java.dll
0x0000000070380000 - 0x00000000703b5000 	C:\Program Files\Java\jdk1.8.0_65\jre\bin\jdwp.dll
0x0000000070370000 - 0x0000000070378000 	C:\Program Files\Java\jdk1.8.0_65\jre\bin\npt.dll
0x0000000070350000 - 0x0000000070366000 	C:\Program Files\Java\jdk1.8.0_65\jre\bin\zip.dll
0x00007ffde1f80000 - 0x00007ffde34dc000 	C:\WINDOWS\system32\SHELL32.dll
0x00007ffde11d0000 - 0x00007ffde1815000 	C:\WINDOWS\system32\windows.storage.dll
0x00007ffde36b0000 - 0x00007ffde3702000 	C:\WINDOWS\system32\shlwapi.dll
0x00007ffde0fb0000 - 0x00007ffde0fbf000 	C:\WINDOWS\system32\kernel.appcore.dll
0x00007ffde1c30000 - 0x00007ffde1ce5000 	C:\WINDOWS\system32\shcore.dll
0x00007ffde0fc0000 - 0x00007ffde100b000 	C:\WINDOWS\system32\powrprof.dll
0x00007ffde0f80000 - 0x00007ffde0f94000 	C:\WINDOWS\system32\profapi.dll
0x0000000070340000 - 0x0000000070349000 	C:\Program Files\Java\jdk1.8.0_65\jre\bin\dt_socket.dll
0x00007ffde08b0000 - 0x00007ffde090c000 	C:\WINDOWS\system32\mswsock.dll
0x00007ffdcf260000 - 0x00007ffdcf2e8000 	D:\Code\Java\Projects\WireEngine20\lib\native\lwjgl.dll
0x00007ffde0a80000 - 0x00007ffde0a8b000 	C:\WINDOWS\SYSTEM32\CRYPTBASE.DLL
0x00007ffdbfbb0000 - 0x00007ffdbfbf2000 	D:\Code\Java\Projects\WireEngine20\lib\native\jemalloc.dll
0x00007ffdd40d0000 - 0x00007ffdd4108000 	D:\Code\Java\Projects\WireEngine20\lib\native\glfw.dll
0x00007ffddf850000 - 0x00007ffddf8e6000 	C:\WINDOWS\system32\uxtheme.dll
0x00007ffdde650000 - 0x00007ffdde672000 	C:\WINDOWS\SYSTEM32\dwmapi.dll
0x00007ffdc8b70000 - 0x00007ffdc8c99000 	C:\WINDOWS\SYSTEM32\opengl32.dll
0x00007ffdcd0c0000 - 0x00007ffdcd0ee000 	C:\WINDOWS\SYSTEM32\GLU32.dll
0x00007ffdc6920000 - 0x00007ffdc6a1a000 	C:\WINDOWS\SYSTEM32\DDRAW.dll
0x00007ffddaa30000 - 0x00007ffddaa38000 	C:\WINDOWS\SYSTEM32\DCIMAN32.dll
0x00007ffde3e80000 - 0x00007ffde3fda000 	C:\WINDOWS\system32\MSCTF.dll
0x00007ffdc9cc0000 - 0x00007ffdc9d09000 	C:\Program Files (x86)\TeamViewer\tv_x64.dll
0x00007ffde4140000 - 0x00007ffde4283000 	C:\WINDOWS\system32\ole32.dll
0x000000006e5f0000 - 0x0000000070339000 	C:\WINDOWS\SYSTEM32\nvoglv64.DLL
0x00007ffde4550000 - 0x00007ffde4979000 	C:\WINDOWS\system32\SETUPAPI.dll
0x00007ffddf2f0000 - 0x00007ffddf303000 	C:\WINDOWS\SYSTEM32\WTSAPI32.dll
0x00007ffddf9a0000 - 0x00007ffddf9c7000 	C:\WINDOWS\SYSTEM32\DEVOBJ.dll
0x00007ffde1170000 - 0x00007ffde11c5000 	C:\WINDOWS\system32\WINTRUST.dll
0x00007ffde0fa0000 - 0x00007ffde0fb0000 	C:\WINDOWS\system32\MSASN1.dll
0x00007ffde1820000 - 0x00007ffde19e7000 	C:\WINDOWS\system32\CRYPT32.dll
0x00007ffde04d0000 - 0x00007ffde0501000 	C:\WINDOWS\SYSTEM32\ntmarta.dll
0x00007ffde0220000 - 0x00007ffde0276000 	C:\WINDOWS\SYSTEM32\WINSTA.dll
0x00007ffde38a0000 - 0x00007ffde3947000 	C:\WINDOWS\system32\clbcatq.dll
0x00007ffdb9de0000 - 0x00007ffdb9f6c000 	C:\WINDOWS\SYSTEM32\dbghelp.dll

VM Arguments:
jvm_args: -agentlib:jdwp=transport=dt_socket,address=127.0.0.1:54168,suspend=y,server=n -Djava.library.path=lib/native/ -Dfile.encoding=UTF-8 
java_command: main.Main
java_class_path (initial): C:\Program Files\Java\jdk1.8.0_65\jre\lib\charsets.jar;C:\Program Files\Java\jdk1.8.0_65\jre\lib\deploy.jar;C:\Program Files\Java\jdk1.8.0_65\jre\lib\ext\access-bridge-64.jar;C:\Program Files\Java\jdk1.8.0_65\jre\lib\ext\cldrdata.jar;C:\Program Files\Java\jdk1.8.0_65\jre\lib\ext\dnsns.jar;C:\Program Files\Java\jdk1.8.0_65\jre\lib\ext\jaccess.jar;C:\Program Files\Java\jdk1.8.0_65\jre\lib\ext\jfxrt.jar;C:\Program Files\Java\jdk1.8.0_65\jre\lib\ext\localedata.jar;C:\Program Files\Java\jdk1.8.0_65\jre\lib\ext\nashorn.jar;C:\Program Files\Java\jdk1.8.0_65\jre\lib\ext\sunec.jar;C:\Program Files\Java\jdk1.8.0_65\jre\lib\ext\sunjce_provider.jar;C:\Program Files\Java\jdk1.8.0_65\jre\lib\ext\sunmscapi.jar;C:\Program Files\Java\jdk1.8.0_65\jre\lib\ext\sunpkcs11.jar;C:\Program Files\Java\jdk1.8.0_65\jre\lib\ext\zipfs.jar;C:\Program Files\Java\jdk1.8.0_65\jre\lib\javaws.jar;C:\Program Files\Java\jdk1.8.0_65\jre\lib\jce.jar;C:\Program Files\Java\jdk1.8.0_65\jre\lib\jfr.jar;C:\Program Files\Java\jdk1.8.0_65\jre\lib\jfxswt.jar;C:\Program Files\Java\jdk1.8.0_65\jre\lib\jsse.jar;C:\Program Files\Java\jdk1.8.0_65\jre\lib\management-agent.jar;C:\Program Files\Java\jdk1.8.0_65\jre\lib\plugin.jar;C:\Program Files\Java\jdk1.8.0_65\jre\lib\resources.jar;C:\Program Files\Java\jdk1.8.0_65\jre\lib\rt.jar;D:\Code\Java\Projects\WireEngine20\out\production\WireEngine20;D:\Code\Java\Projects\WireEngine20\lib\jar\lwjgl.jar;D:\Program Files (x86)\JetBrains\IntelliJ IDEA 2016.1\lib\idea_rt.jar
Launcher Type: SUN_STANDARD

Environment Variables:
JAVA_HOME=C:\Program Files\Java\jdk1.8.0_65
PATH=C:\ProgramData\Oracle\Java\javapath;C:\Program Files (x86)\Razer Chroma SDK\bin;C:\Program Files\Razer Chroma SDK\bin;C:\Program Files (x86)\NVIDIA Corporation\PhysX\Common;C:\Program Files (x86)\Intel\iCLS Client\;C:\Program Files\Intel\iCLS Client\;C:\Windows\system32;C:\Windows;C:\Windows\System32\Wbem;C:\Windows\System32\WindowsPowerShell\v1.0\;C:\Program Files\Intel\Intel(R) Management Engine Components\DAL;C:\Program Files (x86)\Intel\Intel(R) Management Engine Components\DAL;C:\Program Files\Intel\Intel(R) Management Engine Components\IPT;C:\Program Files (x86)\Intel\Intel(R) Management Engine Components\IPT;C:\Program Files\Java\jre1.8.0_65\bin;C:\MinGW\bin;C:\WINDOWS\system32;C:\WINDOWS;C:\WINDOWS\System32\Wbem;C:\WINDOWS\System32\WindowsPowerShell\v1.0\;D:\Program Files (x86)\CMake\bin;D:\Program Files\Programs\Python\Python35-32;D:\Program Files\Programs\Python\Python35-32\Scripts;C:\Program Files (x86)\Skype\Phone\;D:\Program Files\Programs\Python\Python35-32\Scripts\;D:\Program Files\Programs\Python\Python35-32\
USERNAME=Kelan
OS=Windows_NT
PROCESSOR_IDENTIFIER=Intel64 Family 6 Model 60 Stepping 3, GenuineIntel



---------------  S Y S T E M  ---------------

OS: Windows 10.0 , 64 bit Build 10586 (10.0.10586.0)

CPU:total 8 (4 cores per cpu, 2 threads per core) family 6 model 60 stepping 3, cmov, cx8, fxsr, mmx, sse, sse2, sse3, ssse3, sse4.1, sse4.2, popcnt, avx, avx2, aes, clmul, erms, lzcnt, ht, tsc, tscinvbit, bmi1, bmi2

Memory: 4k page, physical 16609500k(3914264k free), swap 33386716k(17350668k free)

vm_info: Java HotSpot(TM) 64-Bit Server VM (25.65-b01) for windows-amd64 JRE (1.8.0_65-b17), built on Oct  6 2015 16:39:20 by "java_re" with MS VC++ 10.0 (VS2010)

time: Sun Apr 10 21:56:55 2016
elapsed time: 2 seconds (0d 0h 0m 2s)

