#
# A fatal error has been detected by the Java Runtime Environment:
#
#  EXCEPTION_ACCESS_VIOLATION (0xc0000005) at pc=0x00007ffb31e824b9, pid=7108, tid=13252
#
# JRE version: Java(TM) SE Runtime Environment (8.0_65-b17) (build 1.8.0_65-b17)
# Java VM: Java HotSpot(TM) 64-Bit Server VM (25.65-b01 mixed mode windows-amd64 compressed oops)
# Problematic frame:
# C  [glfw.dll+0x24b9]
#
# Failed to write core dump. Minidumps are not enabled by default on client versions of Windows
#
# If you would like to submit a bug report, please visit:
#   http://bugreport.java.com/bugreport/crash.jsp
# The crash happened outside the Java Virtual Machine in native code.
# See problematic frame for where to report the bug.
#

---------------  T H R E A D  ---------------

Current thread (0x000000001e21f800):  JavaThread "CLIENT" [_thread_in_native, id=13252, stack(0x000000001ef30000,0x000000001f030000)]

siginfo: ExceptionCode=0xc0000005, reading address 0x0000000000000000

Registers:
RAX=0x0000000000000000, RBX=0x000000001ba03030, RCX=0x0000000000000000, RDX=0x0000000000000000
RSP=0x000000001f02ed70, RBP=0x000000001f02ee00, RSI=0x0000000000000108, RDI=0x00000000004ebb10
R8 =0x000000001f02ed68, R9 =0x000000001f02ee00, R10=0x0000000000000000, R11=0x0000000000000246
R12=0x0000000000000000, R13=0x000000001f02ee18, R14=0x000000001f02edf0, R15=0x000000001e21f800
RIP=0x00007ffb31e824b9, EFLAGS=0x0000000000010287

Top of Stack: (sp=0x000000001f02ed70)
0x000000001f02ed70:   0000000000000000 0000000000000108
0x000000001f02ed80:   000000001b9a7bd0 000000001bf81930
0x000000001f02ed90:   0000000000001e0b 0000000002a6f6ca
0x000000001f02eda0:   000000001ba03030 000000006c6faea4
0x000000001f02edb0:   000000001e21f800 000000001e21f800
0x000000001f02edc0:   000000001e21f800 0000000000000000
0x000000001f02edd0:   000000001e210260 000000006c685eba
0x000000001f02ede0:   000000001f02f368 000000001f02ee78
0x000000001f02edf0:   00000006c2810098 0000000000001e0a
0x000000001f02ee00:   000000001f02ee78 00000000025e7d8d
0x000000001f02ee10:   00000000025e7d8d 00000000004ebb10
0x000000001f02ee20:   00000000025e78a0 00007ffb31e82420
0x000000001f02ee30:   0000000000000001 000000001f02ee38
0x000000001f02ee40:   000000001ba1f0bc 000000001f02eea0
0x000000001f02ee50:   000000001ba210a0 0000000000000000
0x000000001f02ee60:   000000001ba1f0e8 000000001f02ee18 

Instructions: (pc=0x00007ffb31e824b9)
0x00007ffb31e82499:   48 8b cf e8 1f 3a 00 00 48 39 3d f0 d5 02 00 48
0x00007ffb31e824a9:   8d 0d e9 d5 02 00 48 8b 5c 24 30 74 08 48 8b 09
0x00007ffb31e824b9:   48 39 39 75 f8 48 8b 07 48 89 01 48 8b cf 48 83
0x00007ffb31e824c9:   c4 20 5f e9 5b fe 00 00 48 83 c4 20 5f c3 cc cc 


Register to memory mapping:

RAX=0x0000000000000000 is an unknown value
RBX={method} {0x000000001ba03038} 'invokePV' '(JJ)V' in 'org/lwjgl/system/JNI'
RCX=0x0000000000000000 is an unknown value
RDX=0x0000000000000000 is an unknown value
RSP=0x000000001f02ed70 is pointing into the stack for thread: 0x000000001e21f800
RBP=0x000000001f02ee00 is pointing into the stack for thread: 0x000000001e21f800
RSI=0x0000000000000108 is an unknown value
RDI=0x00000000004ebb10 is an unknown value
R8 =0x000000001f02ed68 is pointing into the stack for thread: 0x000000001e21f800
R9 =0x000000001f02ee00 is pointing into the stack for thread: 0x000000001e21f800
R10=0x0000000000000000 is an unknown value
R11=0x0000000000000246 is an unknown value
R12=0x0000000000000000 is an unknown value
R13=0x000000001f02ee18 is pointing into the stack for thread: 0x000000001e21f800
R14=0x000000001f02edf0 is pointing into the stack for thread: 0x000000001e21f800
R15=0x000000001e21f800 is a thread


Stack: [0x000000001ef30000,0x000000001f030000],  sp=0x000000001f02ed70,  free space=1019k
Native frames: (J=compiled Java code, j=interpreted, Vv=VM code, C=native code)
C  [glfw.dll+0x24b9]
C  0x0000000002a6f6ca

Java frames: (J=compiled Java code, j=interpreted, Vv=VM code)
J 837  org.lwjgl.system.JNI.invokePV(JJ)V (0 bytes) @ 0x0000000002a6f644 [0x0000000002a6f600+0x44]
j  org.lwjgl.glfw.GLFW.glfwDestroyCursor(J)V+20
j  main.client.Window.destroyWindow()V+9
j  main.coreEngine.Engine.stop()V+70
j  main.client.Window.update()V+33
j  main.client.renderEngine.RenderEngine.render()V+32
J 840 C1 main.client.ClientThread.tick()V (16 bytes) @ 0x0000000002a78cb4 [0x0000000002a78800+0x4b4]
j  main.coreEngine.TickableThread.run()V+469
v  ~StubRoutines::call_stub

---------------  P R O C E S S  ---------------

Java Threads: ( => current thread )
  0x000000001e221000 JavaThread "SERVER" [_thread_in_Java, id=4384, stack(0x000000001f030000,0x000000001f130000)]
=>0x000000001e21f800 JavaThread "CLIENT" [_thread_in_native, id=13252, stack(0x000000001ef30000,0x000000001f030000)]
  0x000000001e083800 JavaThread "Service Thread" daemon [_thread_blocked, id=12456, stack(0x000000001ed30000,0x000000001ee30000)]
  0x000000001e08f800 JavaThread "C1 CompilerThread3" daemon [_thread_blocked, id=10680, stack(0x000000001ec30000,0x000000001ed30000)]
  0x000000001e089000 JavaThread "C2 CompilerThread2" daemon [_thread_blocked, id=13000, stack(0x000000001eb30000,0x000000001ec30000)]
  0x000000001e086000 JavaThread "C2 CompilerThread1" daemon [_thread_blocked, id=3956, stack(0x000000001ea30000,0x000000001eb30000)]
  0x000000001e08c800 JavaThread "C2 CompilerThread0" daemon [_thread_blocked, id=12864, stack(0x000000001e930000,0x000000001ea30000)]
  0x000000001e072800 JavaThread "JDWP Command Reader" daemon [_thread_in_native, id=8336, stack(0x000000001e830000,0x000000001e930000)]
  0x000000001e06f800 JavaThread "JDWP Event Helper Thread" daemon [_thread_blocked, id=13100, stack(0x000000001e730000,0x000000001e830000)]
  0x000000001e06d000 JavaThread "JDWP Transport Listener: dt_socket" daemon [_thread_blocked, id=9416, stack(0x000000001e630000,0x000000001e730000)]
  0x000000001e057800 JavaThread "Attach Listener" daemon [_thread_blocked, id=6904, stack(0x000000001e530000,0x000000001e630000)]
  0x000000001e056000 JavaThread "Signal Dispatcher" daemon [_thread_blocked, id=10256, stack(0x000000001e430000,0x000000001e530000)]
  0x00000000025db000 JavaThread "Finalizer" daemon [_thread_blocked, id=6492, stack(0x000000001de50000,0x000000001df50000)]
  0x00000000025d3000 JavaThread "Reference Handler" daemon [_thread_blocked, id=10620, stack(0x000000001dd50000,0x000000001de50000)]
  0x0000000000bae000 JavaThread "main" [_thread_in_Java, id=7856, stack(0x0000000002390000,0x0000000002490000)]

Other Threads:
  0x000000001bf79800 VMThread [stack: 0x000000001dc50000,0x000000001dd50000] [id=1892]
  0x000000001e13e800 WatcherThread [stack: 0x000000001ee30000,0x000000001ef30000] [id=1888]

VM state:not at safepoint (normal execution)

VM Mutex/Monitor currently owned by a thread: None

Heap:
 PSYoungGen      total 120320K, used 88935K [0x000000076b800000, 0x00000007a9900000, 0x00000007c0000000)
  eden space 119808K, 74% used [0x000000076b800000,0x0000000770eb9dc8,0x0000000772d00000)
  from space 512K, 25% used [0x00000007a9800000,0x00000007a9820000,0x00000007a9880000)
  to   space 512K, 0% used [0x00000007a9880000,0x00000007a9880000,0x00000007a9900000)
 ParOldGen       total 173568K, used 14314K [0x00000006c2800000, 0x00000006cd180000, 0x000000076b800000)
  object space 173568K, 8% used [0x00000006c2800000,0x00000006c35faac0,0x00000006cd180000)
 Metaspace       used 8395K, capacity 8774K, committed 8960K, reserved 1056768K
  class space    used 661K, capacity 690K, committed 768K, reserved 1048576K

Card table byte_map: [0x00000000119a0000,0x0000000012190000] byte_map_base: 0x000000000e38c000

Marking Bits: (ParMarkBitMap*) 0x000000006cdda5b0
 Begin Bits: [0x0000000012ee0000, 0x0000000016e40000)
 End Bits:   [0x0000000016e40000, 0x000000001ada0000)

Polling page: 0x00000000004a0000

CodeCache: size=245760Kb used=4696Kb max_used=4735Kb free=241064Kb
 bounds [0x00000000025e0000, 0x0000000002a90000, 0x00000000115e0000]
 total_blobs=1486 nmethods=828 adapters=579
 compilation: enabled

Compilation events (10 events):
Event: 8.215 Thread 0x000000001e08f800  848       3       java.lang.Float::<init> (10 bytes)
Event: 8.216 Thread 0x000000001e08f800 nmethod 848 0x0000000002a73490 code [0x0000000002a73600, 0x0000000002a73810]
Event: 8.878 Thread 0x000000001e08f800  849       1       main.coreEngine.sceneGraph.components.ModelComponent::tick (1 bytes)
Event: 8.879 Thread 0x000000001e08f800 nmethod 849 0x0000000002a731d0 code [0x0000000002a73320, 0x0000000002a73430]
Event: 9.532 Thread 0x000000001e089000  850       4       org.lwjgl.opengl.GL::getCapabilities (26 bytes)
Event: 9.534 Thread 0x000000001e089000 nmethod 850 0x0000000002a71750 code [0x0000000002a718a0, 0x0000000002a71a18]
Event: 10.598 Thread 0x000000001e086000  851       4       java.lang.ref.Reference::<init> (25 bytes)
Event: 10.599 Thread 0x000000001e086000 nmethod 851 0x0000000002a71510 code [0x0000000002a71640, 0x0000000002a716f8]
Event: 11.348 Thread 0x000000001e08c800  852       4       main.coreEngine.util.maths.Matrix4f::rotate (563 bytes)
Event: 11.350 Thread 0x000000001e08c800 nmethod 852 0x00000000026dfe90 code [0x00000000026e0000, 0x00000000026e0538]

GC Heap History (10 events):
Event: 11.460 GC heap before
{Heap before GC invocations=89 (full 0):
 PSYoungGen      total 140800K, used 140512K [0x000000076b800000, 0x00000007a9900000, 0x00000007c0000000)
  eden space 140288K, 100% used [0x000000076b800000,0x0000000774100000,0x0000000774100000)
  from space 512K, 43% used [0x00000007a9880000,0x00000007a98b8000,0x00000007a9900000)
  to   space 512K, 0% used [0x00000007a9800000,0x00000007a9800000,0x00000007a9880000)
 ParOldGen       total 173568K, used 14282K [0x00000006c2800000, 0x00000006cd180000, 0x000000076b800000)
  object space 173568K, 8% used [0x00000006c2800000,0x00000006c35f2ac0,0x00000006cd180000)
 Metaspace       used 8395K, capacity 8774K, committed 8960K, reserved 1056768K
  class space    used 661K, capacity 690K, committed 768K, reserved 1048576K
Event: 11.460 GC heap after
Heap after GC invocations=89 (full 0):
 PSYoungGen      total 136192K, used 224K [0x000000076b800000, 0x00000007a9900000, 0x00000007c0000000)
  eden space 135680K, 0% used [0x000000076b800000,0x000000076b800000,0x0000000773c80000)
  from space 512K, 43% used [0x00000007a9800000,0x00000007a9838000,0x00000007a9880000)
  to   space 512K, 0% used [0x00000007a9880000,0x00000007a9880000,0x00000007a9900000)
 ParOldGen       total 173568K, used 14282K [0x00000006c2800000, 0x00000006cd180000, 0x000000076b800000)
  object space 173568K, 8% used [0x00000006c2800000,0x00000006c35f2ac0,0x00000006cd180000)
 Metaspace       used 8395K, capacity 8774K, committed 8960K, reserved 1056768K
  class space    used 661K, capacity 690K, committed 768K, reserved 1048576K
}
Event: 11.537 GC heap before
{Heap before GC invocations=90 (full 0):
 PSYoungGen      total 136192K, used 135904K [0x000000076b800000, 0x00000007a9900000, 0x00000007c0000000)
  eden space 135680K, 100% used [0x000000076b800000,0x0000000773c80000,0x0000000773c80000)
  from space 512K, 43% used [0x00000007a9800000,0x00000007a9838000,0x00000007a9880000)
  to   space 512K, 0% used [0x00000007a9880000,0x00000007a9880000,0x00000007a9900000)
 ParOldGen       total 173568K, used 14282K [0x00000006c2800000, 0x00000006cd180000, 0x000000076b800000)
  object space 173568K, 8% used [0x00000006c2800000,0x00000006c35f2ac0,0x00000006cd180000)
 Metaspace       used 8395K, capacity 8774K, committed 8960K, reserved 1056768K
  class space    used 661K, capacity 690K, committed 768K, reserved 1048576K
Event: 11.538 GC heap after
Heap after GC invocations=90 (full 0):
 PSYoungGen      total 132096K, used 192K [0x000000076b800000, 0x00000007a9900000, 0x00000007c0000000)
  eden space 131584K, 0% used [0x000000076b800000,0x000000076b800000,0x0000000773880000)
  from space 512K, 37% used [0x00000007a9880000,0x00000007a98b0000,0x00000007a9900000)
  to   space 512K, 0% used [0x00000007a9800000,0x00000007a9800000,0x00000007a9880000)
 ParOldGen       total 173568K, used 14282K [0x00000006c2800000, 0x00000006cd180000, 0x000000076b800000)
  object space 173568K, 8% used [0x00000006c2800000,0x00000006c35f2ac0,0x00000006cd180000)
 Metaspace       used 8395K, capacity 8774K, committed 8960K, reserved 1056768K
  class space    used 661K, capacity 690K, committed 768K, reserved 1048576K
}
Event: 11.601 GC heap before
{Heap before GC invocations=91 (full 0):
 PSYoungGen      total 132096K, used 131776K [0x000000076b800000, 0x00000007a9900000, 0x00000007c0000000)
  eden space 131584K, 100% used [0x000000076b800000,0x0000000773880000,0x0000000773880000)
  from space 512K, 37% used [0x00000007a9880000,0x00000007a98b0000,0x00000007a9900000)
  to   space 512K, 0% used [0x00000007a9800000,0x00000007a9800000,0x00000007a9880000)
 ParOldGen       total 173568K, used 14282K [0x00000006c2800000, 0x00000006cd180000, 0x000000076b800000)
  object space 173568K, 8% used [0x00000006c2800000,0x00000006c35f2ac0,0x00000006cd180000)
 Metaspace       used 8395K, capacity 8774K, committed 8960K, reserved 1056768K
  class space    used 661K, capacity 690K, committed 768K, reserved 1048576K
Event: 11.602 GC heap after
Heap after GC invocations=91 (full 0):
 PSYoungGen      total 128000K, used 224K [0x000000076b800000, 0x00000007a9900000, 0x00000007c0000000)
  eden space 127488K, 0% used [0x000000076b800000,0x000000076b800000,0x0000000773480000)
  from space 512K, 43% used [0x00000007a9800000,0x00000007a9838000,0x00000007a9880000)
  to   space 512K, 0% used [0x00000007a9880000,0x00000007a9880000,0x00000007a9900000)
 ParOldGen       total 173568K, used 14282K [0x00000006c2800000, 0x00000006cd180000, 0x000000076b800000)
  object space 173568K, 8% used [0x00000006c2800000,0x00000006c35f2ac0,0x00000006cd180000)
 Metaspace       used 8395K, capacity 8774K, committed 8960K, reserved 1056768K
  class space    used 661K, capacity 690K, committed 768K, reserved 1048576K
}
Event: 11.663 GC heap before
{Heap before GC invocations=92 (full 0):
 PSYoungGen      total 128000K, used 127712K [0x000000076b800000, 0x00000007a9900000, 0x00000007c0000000)
  eden space 127488K, 100% used [0x000000076b800000,0x0000000773480000,0x0000000773480000)
  from space 512K, 43% used [0x00000007a9800000,0x00000007a9838000,0x00000007a9880000)
  to   space 512K, 0% used [0x00000007a9880000,0x00000007a9880000,0x00000007a9900000)
 ParOldGen       total 173568K, used 14282K [0x00000006c2800000, 0x00000006cd180000, 0x000000076b800000)
  object space 173568K, 8% used [0x00000006c2800000,0x00000006c35f2ac0,0x00000006cd180000)
 Metaspace       used 8395K, capacity 8774K, committed 8960K, reserved 1056768K
  class space    used 661K, capacity 690K, committed 768K, reserved 1048576K
Event: 11.664 GC heap after
Heap after GC invocations=92 (full 0):
 PSYoungGen      total 123904K, used 128K [0x000000076b800000, 0x00000007a9900000, 0x00000007c0000000)
  eden space 123392K, 0% used [0x000000076b800000,0x000000076b800000,0x0000000773080000)
  from space 512K, 25% used [0x00000007a9880000,0x00000007a98a0000,0x00000007a9900000)
  to   space 512K, 0% used [0x00000007a9800000,0x00000007a9800000,0x00000007a9880000)
 ParOldGen       total 173568K, used 14282K [0x00000006c2800000, 0x00000006cd180000, 0x000000076b800000)
  object space 173568K, 8% used [0x00000006c2800000,0x00000006c35f2ac0,0x00000006cd180000)
 Metaspace       used 8395K, capacity 8774K, committed 8960K, reserved 1056768K
  class space    used 661K, capacity 690K, committed 768K, reserved 1048576K
}
Event: 11.731 GC heap before
{Heap before GC invocations=93 (full 0):
 PSYoungGen      total 123904K, used 123520K [0x000000076b800000, 0x00000007a9900000, 0x00000007c0000000)
  eden space 123392K, 100% used [0x000000076b800000,0x0000000773080000,0x0000000773080000)
  from space 512K, 25% used [0x00000007a9880000,0x00000007a98a0000,0x00000007a9900000)
  to   space 512K, 0% used [0x00000007a9800000,0x00000007a9800000,0x00000007a9880000)
 ParOldGen       total 173568K, used 14282K [0x00000006c2800000, 0x00000006cd180000, 0x000000076b800000)
  object space 173568K, 8% used [0x00000006c2800000,0x00000006c35f2ac0,0x00000006cd180000)
 Metaspace       used 8395K, capacity 8774K, committed 8960K, reserved 1056768K
  class space    used 661K, capacity 690K, committed 768K, reserved 1048576K
Event: 11.731 GC heap after
Heap after GC invocations=93 (full 0):
 PSYoungGen      total 120320K, used 128K [0x000000076b800000, 0x00000007a9900000, 0x00000007c0000000)
  eden space 119808K, 0% used [0x000000076b800000,0x000000076b800000,0x0000000772d00000)
  from space 512K, 25% used [0x00000007a9800000,0x00000007a9820000,0x00000007a9880000)
  to   space 512K, 0% used [0x00000007a9880000,0x00000007a9880000,0x00000007a9900000)
 ParOldGen       total 173568K, used 14314K [0x00000006c2800000, 0x00000006cd180000, 0x000000076b800000)
  object space 173568K, 8% used [0x00000006c2800000,0x00000006c35faac0,0x00000006cd180000)
 Metaspace       used 8395K, capacity 8774K, committed 8960K, reserved 1056768K
  class space    used 661K, capacity 690K, committed 768K, reserved 1048576K
}

Deoptimization events (10 events):
Event: 1.682 Thread 0x000000001e21f800 Uncommon trap: reason=class_check action=maybe_recompile pc=0x00000000028b87c4 method=sun.misc.FloatingDecimal.parseFloat(Ljava/lang/String;)F @ 4
Event: 1.682 Thread 0x000000001e21f800 Uncommon trap: reason=class_check action=maybe_recompile pc=0x00000000028b87c4 method=sun.misc.FloatingDecimal.parseFloat(Ljava/lang/String;)F @ 4
Event: 1.682 Thread 0x000000001e21f800 Uncommon trap: reason=class_check action=maybe_recompile pc=0x00000000028b87c4 method=sun.misc.FloatingDecimal.parseFloat(Ljava/lang/String;)F @ 4
Event: 1.682 Thread 0x000000001e21f800 Uncommon trap: reason=class_check action=maybe_recompile pc=0x00000000028b87c4 method=sun.misc.FloatingDecimal.parseFloat(Ljava/lang/String;)F @ 4
Event: 1.683 Thread 0x000000001e21f800 Uncommon trap: reason=unstable_if action=reinterpret pc=0x00000000029254dc method=main.client.renderEngine.mesh.MeshBuilder.processFace(Ljava/lang/String;Lmain/client/renderEngine/mesh/MeshBuilder;)Z @ 114
Event: 1.689 Thread 0x000000001e21f800 Uncommon trap: reason=bimorphic action=maybe_recompile pc=0x00000000027387f8 method=java.util.HashMap.getNode(ILjava/lang/Object;)Ljava/util/HashMap$Node; @ 126
Event: 1.754 Thread 0x000000001e21f800 Uncommon trap: reason=unstable_if action=reinterpret pc=0x00000000028b1c84 method=main.coreEngine.TickableThread.run()V @ 461
Event: 1.762 Thread 0x000000001e221000 Uncommon trap: reason=unstable_if action=reinterpret pc=0x00000000028b1c84 method=main.coreEngine.TickableThread.run()V @ 461
Event: 1.765 Thread 0x000000001e21f800 Uncommon trap: reason=unstable_if action=reinterpret pc=0x000000000291d730 method=java.lang.Integer.valueOf(I)Ljava/lang/Integer; @ 10
Event: 1.778 Thread 0x0000000000bae000 Uncommon trap: reason=unstable_if action=reinterpret pc=0x00000000029db3c4 method=main.coreEngine.Engine.start()V @ 163

Internal exceptions (8 events):
Event: 0.026 Thread 0x0000000000bae000 Exception <a 'java/lang/NoSuchMethodError': Method sun.misc.Unsafe.defineClass(Ljava/lang/String;[BII)Ljava/lang/Class; name or signature does not match> (0x000000076b80d738) thrown at [C:\workspace\8-2-build-windows-amd64-cygwin\jdk8u65\4987\hotspot\src\s¿¦è/š?
Event: 0.026 Thread 0x0000000000bae000 Exception <a 'java/lang/NoSuchMethodError': Method sun.misc.Unsafe.prefetchRead(Ljava/lang/Object;J)V name or signature does not match> (0x000000076b80da20) thrown at [C:\workspace\8-2-build-windows-amd64-cygwin\jdk8u65\4987\hotspot\src\share\vm\prims\jni.&u´ÄªÝ?
Event: 0.455 Thread 0x000000001e21f800 Implicit null exception at 0x0000000002736e4f to 0x00000000027371b5
Event: 0.455 Thread 0x000000001e21f800 Exception <a 'java/security/PrivilegedActionException'> (0x000000076b965538) thrown at [C:\workspace\8-2-build-windows-amd64-cygwin\jdk8u65\4987\hotspot\src\share\vm\prims\jvm.cpp, line 1386]
Event: 0.455 Thread 0x000000001e21f800 Exception <a 'java/security/PrivilegedActionException'> (0x000000076b965930) thrown at [C:\workspace\8-2-build-windows-amd64-cygwin\jdk8u65\4987\hotspot\src\share\vm\prims\jvm.cpp, line 1386]
Event: 0.456 Thread 0x000000001e21f800 Exception <a 'java/security/PrivilegedActionException'> (0x000000076b969b48) thrown at [C:\workspace\8-2-build-windows-amd64-cygwin\jdk8u65\4987\hotspot\src\share\vm\prims\jvm.cpp, line 1386]
Event: 0.456 Thread 0x000000001e21f800 Exception <a 'java/security/PrivilegedActionException'> (0x000000076b969f40) thrown at [C:\workspace\8-2-build-windows-amd64-cygwin\jdk8u65\4987\hotspot\src\share\vm\prims\jvm.cpp, line 1386]
Event: 1.043 Thread 0x0000000000bae000 Implicit null exception at 0x00000000027478fc to 0x0000000002747ec9

Events (10 events):
Event: 11.460 Executing VM operation: ParallelGCFailedAllocation
Event: 11.461 Executing VM operation: ParallelGCFailedAllocation done
Event: 11.537 Executing VM operation: ParallelGCFailedAllocation
Event: 11.538 Executing VM operation: ParallelGCFailedAllocation done
Event: 11.601 Executing VM operation: ParallelGCFailedAllocation
Event: 11.602 Executing VM operation: ParallelGCFailedAllocation done
Event: 11.663 Executing VM operation: ParallelGCFailedAllocation
Event: 11.664 Executing VM operation: ParallelGCFailedAllocation done
Event: 11.731 Executing VM operation: ParallelGCFailedAllocation
Event: 11.731 Executing VM operation: ParallelGCFailedAllocation done


Dynamic libraries:
0x00007ff603aa0000 - 0x00007ff603ad7000 	C:\Program Files\Java\jdk1.8.0_65\bin\java.exe
0x00007ffb48720000 - 0x00007ffb488e1000 	C:\WINDOWS\SYSTEM32\ntdll.dll
0x00007ffb48170000 - 0x00007ffb4821d000 	C:\WINDOWS\system32\KERNEL32.DLL
0x00007ffb45560000 - 0x00007ffb45748000 	C:\WINDOWS\system32\KERNELBASE.dll
0x00007ffb47a50000 - 0x00007ffb47af7000 	C:\WINDOWS\system32\ADVAPI32.dll
0x00007ffb480d0000 - 0x00007ffb4816d000 	C:\WINDOWS\system32\msvcrt.dll
0x00007ffb47b00000 - 0x00007ffb47b5b000 	C:\WINDOWS\system32\sechost.dll
0x00007ffb47700000 - 0x00007ffb4781c000 	C:\WINDOWS\system32\RPCRT4.dll
0x00007ffb485c0000 - 0x00007ffb48716000 	C:\WINDOWS\system32\USER32.dll
0x00007ffb48220000 - 0x00007ffb483a6000 	C:\WINDOWS\system32\GDI32.dll
0x00007ffb41530000 - 0x00007ffb417a4000 	C:\WINDOWS\WinSxS\amd64_microsoft.windows.common-controls_6595b64144ccf1df_6.0.10586.0_none_8c15ae12515e1c22\COMCTL32.dll
0x00007ffb45b00000 - 0x00007ffb45d7d000 	C:\WINDOWS\system32\combase.dll
0x00007ffb45920000 - 0x00007ffb4598a000 	C:\WINDOWS\system32\bcryptPrimitives.dll
0x00007ffb45f90000 - 0x00007ffb45fcb000 	C:\WINDOWS\system32\IMM32.DLL
0x000000006ce60000 - 0x000000006cf32000 	C:\Program Files\Java\jdk1.8.0_65\jre\bin\msvcr100.dll
0x000000006c5d0000 - 0x000000006ce59000 	C:\Program Files\Java\jdk1.8.0_65\jre\bin\server\jvm.dll
0x00007ffb475a0000 - 0x00007ffb475a8000 	C:\WINDOWS\system32\PSAPI.DLL
0x00007ffb3c060000 - 0x00007ffb3c069000 	C:\WINDOWS\SYSTEM32\WSOCK32.dll
0x00007ffb42fa0000 - 0x00007ffb42fc3000 	C:\WINDOWS\SYSTEM32\WINMM.dll
0x00007ffb418d0000 - 0x00007ffb418da000 	C:\WINDOWS\SYSTEM32\VERSION.dll
0x00007ffb48420000 - 0x00007ffb4848b000 	C:\WINDOWS\system32\WS2_32.dll
0x00007ffb42f40000 - 0x00007ffb42f6c000 	C:\WINDOWS\SYSTEM32\WINMMBASE.dll
0x00007ffb45ab0000 - 0x00007ffb45af3000 	C:\WINDOWS\system32\cfgmgr32.dll
0x000000006c5c0000 - 0x000000006c5cf000 	C:\Program Files\Java\jdk1.8.0_65\jre\bin\verify.dll
0x000000006c590000 - 0x000000006c5b9000 	C:\Program Files\Java\jdk1.8.0_65\jre\bin\java.dll
0x000000006c550000 - 0x000000006c585000 	C:\Program Files\Java\jdk1.8.0_65\jre\bin\jdwp.dll
0x000000006c540000 - 0x000000006c548000 	C:\Program Files\Java\jdk1.8.0_65\jre\bin\npt.dll
0x000000006c520000 - 0x000000006c536000 	C:\Program Files\Java\jdk1.8.0_65\jre\bin\zip.dll
0x00007ffb45fd0000 - 0x00007ffb4752c000 	C:\WINDOWS\system32\SHELL32.dll
0x00007ffb44ef0000 - 0x00007ffb45535000 	C:\WINDOWS\system32\windows.storage.dll
0x00007ffb483c0000 - 0x00007ffb48412000 	C:\WINDOWS\system32\shlwapi.dll
0x00007ffb44da0000 - 0x00007ffb44daf000 	C:\WINDOWS\system32\kernel.appcore.dll
0x00007ffb459f0000 - 0x00007ffb45aa5000 	C:\WINDOWS\system32\shcore.dll
0x00007ffb44d50000 - 0x00007ffb44d9b000 	C:\WINDOWS\system32\powrprof.dll
0x00007ffb44d20000 - 0x00007ffb44d34000 	C:\WINDOWS\system32\profapi.dll
0x000000006c2f0000 - 0x000000006c2f9000 	C:\Program Files\Java\jdk1.8.0_65\jre\bin\dt_socket.dll
0x00007ffb44650000 - 0x00007ffb446ac000 	C:\WINDOWS\system32\mswsock.dll
0x00007ffb31ec0000 - 0x00007ffb31f48000 	D:\Code\Java\Projects\WireEngine20\lib\native\lwjgl.dll
0x00007ffb44820000 - 0x00007ffb4482b000 	C:\WINDOWS\SYSTEM32\CRYPTBASE.DLL
0x00007ffb39e30000 - 0x00007ffb39e72000 	D:\Code\Java\Projects\WireEngine20\lib\native\jemalloc.dll
0x00007ffb31e80000 - 0x00007ffb31eb8000 	D:\Code\Java\Projects\WireEngine20\lib\native\glfw.dll
0x00007ffb436a0000 - 0x00007ffb43736000 	C:\WINDOWS\system32\uxtheme.dll
0x00007ffb42950000 - 0x00007ffb42972000 	C:\WINDOWS\SYSTEM32\dwmapi.dll
0x00007ffb2da30000 - 0x00007ffb2db59000 	C:\WINDOWS\SYSTEM32\opengl32.dll
0x00007ffb3a050000 - 0x00007ffb3a07e000 	C:\WINDOWS\SYSTEM32\GLU32.dll
0x00007ffb2fd50000 - 0x00007ffb2fe4a000 	C:\WINDOWS\SYSTEM32\DDRAW.dll
0x00007ffb40230000 - 0x00007ffb40238000 	C:\WINDOWS\SYSTEM32\DCIMAN32.dll
0x00007ffb478f0000 - 0x00007ffb47a4a000 	C:\WINDOWS\system32\MSCTF.dll
0x00007ffb2cbb0000 - 0x00007ffb2cbf9000 	C:\Program Files (x86)\TeamViewer\tv_x64.dll
0x00007ffb475b0000 - 0x00007ffb476f3000 	C:\WINDOWS\system32\ole32.dll
0x000000006a5a0000 - 0x000000006c2e9000 	C:\WINDOWS\SYSTEM32\nvoglv64.DLL
0x00007ffb47c20000 - 0x00007ffb48049000 	C:\WINDOWS\system32\SETUPAPI.dll
0x00007ffb42d00000 - 0x00007ffb42d13000 	C:\WINDOWS\SYSTEM32\WTSAPI32.dll
0x00007ffb437f0000 - 0x00007ffb43817000 	C:\WINDOWS\SYSTEM32\DEVOBJ.dll
0x00007ffb45990000 - 0x00007ffb459e5000 	C:\WINDOWS\system32\WINTRUST.dll
0x00007ffb44d40000 - 0x00007ffb44d50000 	C:\WINDOWS\system32\MSASN1.dll
0x00007ffb45750000 - 0x00007ffb45917000 	C:\WINDOWS\system32\CRYPT32.dll
0x00007ffb44270000 - 0x00007ffb442a1000 	C:\WINDOWS\SYSTEM32\ntmarta.dll
0x00007ffb43fc0000 - 0x00007ffb44016000 	C:\WINDOWS\SYSTEM32\WINSTA.dll
0x00007ffb47b70000 - 0x00007ffb47c17000 	C:\WINDOWS\system32\clbcatq.dll
0x00007ffb3d0b0000 - 0x00007ffb3d0d5000 	C:\Program Files (x86)\Samsung\Easy Printer Manager\SmartScreenPrint\CDAKEYMonitor64.dll
0x00007ffb47820000 - 0x00007ffb478e1000 	C:\WINDOWS\system32\OLEAUT32.dll
0x00007ffb2ca20000 - 0x00007ffb2cbac000 	C:\WINDOWS\SYSTEM32\dbghelp.dll

VM Arguments:
jvm_args: -agentlib:jdwp=transport=dt_socket,address=127.0.0.1:64159,suspend=y,server=n -Djava.library.path=lib/native/ -Dfile.encoding=UTF-8 
java_command: main.Main
java_class_path (initial): C:\Program Files\Java\jdk1.8.0_65\jre\lib\charsets.jar;C:\Program Files\Java\jdk1.8.0_65\jre\lib\deploy.jar;C:\Program Files\Java\jdk1.8.0_65\jre\lib\ext\access-bridge-64.jar;C:\Program Files\Java\jdk1.8.0_65\jre\lib\ext\cldrdata.jar;C:\Program Files\Java\jdk1.8.0_65\jre\lib\ext\dnsns.jar;C:\Program Files\Java\jdk1.8.0_65\jre\lib\ext\jaccess.jar;C:\Program Files\Java\jdk1.8.0_65\jre\lib\ext\jfxrt.jar;C:\Program Files\Java\jdk1.8.0_65\jre\lib\ext\localedata.jar;C:\Program Files\Java\jdk1.8.0_65\jre\lib\ext\nashorn.jar;C:\Program Files\Java\jdk1.8.0_65\jre\lib\ext\sunec.jar;C:\Program Files\Java\jdk1.8.0_65\jre\lib\ext\sunjce_provider.jar;C:\Program Files\Java\jdk1.8.0_65\jre\lib\ext\sunmscapi.jar;C:\Program Files\Java\jdk1.8.0_65\jre\lib\ext\sunpkcs11.jar;C:\Program Files\Java\jdk1.8.0_65\jre\lib\ext\zipfs.jar;C:\Program Files\Java\jdk1.8.0_65\jre\lib\javaws.jar;C:\Program Files\Java\jdk1.8.0_65\jre\lib\jce.jar;C:\Program Files\Java\jdk1.8.0_65\jre\lib\jfr.jar;C:\Program Files\Java\jdk1.8.0_65\jre\lib\jfxswt.jar;C:\Program Files\Java\jdk1.8.0_65\jre\lib\jsse.jar;C:\Program Files\Java\jdk1.8.0_65\jre\lib\management-agent.jar;C:\Program Files\Java\jdk1.8.0_65\jre\lib\plugin.jar;C:\Program Files\Java\jdk1.8.0_65\jre\lib\resources.jar;C:\Program Files\Java\jdk1.8.0_65\jre\lib\rt.jar;D:\Code\Java\Projects\WireEngine20\out\production\WireEngine20;D:\Code\Java\Projects\WireEngine20\lib\jar\lwjgl.jar;D:\Code\Java\Projects\WireEngine20\lib\jar\slick-util.jar;D:\Program Files (x86)\JetBrains\IntelliJ IDEA 2016.1\lib\idea_rt.jar
Launcher Type: SUN_STANDARD

Environment Variables:
JAVA_HOME=C:\Program Files\Java\jdk1.8.0_65
PATH=C:\ProgramData\Oracle\Java\javapath;C:\Program Files (x86)\Razer Chroma SDK\bin;C:\Program Files\Razer Chroma SDK\bin;C:\Program Files (x86)\NVIDIA Corporation\PhysX\Common;C:\Program Files (x86)\Intel\iCLS Client\;C:\Program Files\Intel\iCLS Client\;C:\Windows\system32;C:\Windows;C:\Windows\System32\Wbem;C:\Windows\System32\WindowsPowerShell\v1.0\;C:\Program Files\Intel\Intel(R) Management Engine Components\DAL;C:\Program Files (x86)\Intel\Intel(R) Management Engine Components\DAL;C:\Program Files\Intel\Intel(R) Management Engine Components\IPT;C:\Program Files (x86)\Intel\Intel(R) Management Engine Components\IPT;C:\Program Files\Java\jre1.8.0_65\bin;C:\MinGW\bin;C:\WINDOWS\system32;C:\WINDOWS;C:\WINDOWS\System32\Wbem;C:\WINDOWS\System32\WindowsPowerShell\v1.0\;D:\Program Files (x86)\CMake\bin;D:\Program Files\Programs\Python\Python35-32;D:\Program Files\Programs\Python\Python35-32\Scripts;C:\Program Files (x86)\Skype\Phone\;D:\Program Files\Programs\Python\Python35-32\Scripts\;D:\Program Files\Programs\Python\Python35-32\
USERNAME=Kelan
OS=Windows_NT
PROCESSOR_IDENTIFIER=Intel64 Family 6 Model 60 Stepping 3, GenuineIntel



---------------  S Y S T E M  ---------------

OS: Windows 10.0 , 64 bit Build 10586 (10.0.10586.0)

CPU:total 8 (4 cores per cpu, 2 threads per core) family 6 model 60 stepping 3, cmov, cx8, fxsr, mmx, sse, sse2, sse3, ssse3, sse4.1, sse4.2, popcnt, avx, avx2, aes, clmul, erms, lzcnt, ht, tsc, tscinvbit, bmi1, bmi2

Memory: 4k page, physical 16609500k(7718848k free), swap 33386716k(20555516k free)

vm_info: Java HotSpot(TM) 64-Bit Server VM (25.65-b01) for windows-amd64 JRE (1.8.0_65-b17), built on Oct  6 2015 16:39:20 by "java_re" with MS VC++ 10.0 (VS2010)

time: Tue Apr 19 17:11:03 2016
elapsed time: 11 seconds (0d 0h 0m 11s)

