#
# A fatal error has been detected by the Java Runtime Environment:
#
#  EXCEPTION_ACCESS_VIOLATION (0xc0000005) at pc=0x00007ffb2f4324b9, pid=5160, tid=8216
#
# JRE version: Java(TM) SE Runtime Environment (8.0_65-b17) (build 1.8.0_65-b17)
# Java VM: Java HotSpot(TM) 64-Bit Server VM (25.65-b01 mixed mode windows-amd64 compressed oops)
# Problematic frame:
# C  [glfw.dll+0x24b9]
#
# Failed to write core dump. Minidumps are not enabled by default on client versions of Windows
#
# If you would like to submit a bug report, please visit:
#   http://bugreport.java.com/bugreport/crash.jsp
# The crash happened outside the Java Virtual Machine in native code.
# See problematic frame for where to report the bug.
#

---------------  T H R E A D  ---------------

Current thread (0x000000001e263800):  JavaThread "CLIENT" [_thread_in_native, id=8216, stack(0x000000001ef70000,0x000000001f070000)]

siginfo: ExceptionCode=0xc0000005, reading address 0x0000000000000000

Registers:
RAX=0x0000000000000000, RBX=0x000000001bb12bd8, RCX=0x0000000000000000, RDX=0x0000000000000000
RSP=0x000000001f06efc0, RBP=0x000000001f06f078, RSI=0x0000000000000108, RDI=0x000000000046d6b0
R8 =0x000000001f06efb8, R9 =0x000000001f06f078, R10=0x0000000000000000, R11=0x0000000000000246
R12=0x0000000000000000, R13=0x000000001bb12bd8, R14=0x000000001f06f0b0, R15=0x000000001e263800
RIP=0x00007ffb2f4324b9, EFLAGS=0x0000000000010287

Top of Stack: (sp=0x000000001f06efc0)
0x000000001f06efc0:   000000001e263800 000000001e263800
0x000000001f06efd0:   000000001e263800 000000001e263800
0x000000001f06efe0:   0000000000000706 000000000270dfcc
0x000000001f06eff0:   000000001bb12bd8 000000006c6f5005
0x000000001f06f000:   000000001bab7980 00000000026ee300
0x000000001f06f010:   000000000000000e 000000001e263800
0x000000001f06f020:   000000001bb2ecb8 000000006c60aea4
0x000000001f06f030:   000000001e263800 000000001f06f038
0x000000001f06f040:   0000000000000000 000000001f06f0b0
0x000000001f06f050:   000000001bb13378 0000000000000000
0x000000001f06f060:   000000001bb12bd8 0000000000000000
0x000000001f06f070:   000000001f06f098 000000001f06f0f8
0x000000001f06f080:   00000000026f7d8d 00000006c2808028
0x000000001f06f090:   00000000027042f8 000000000046d6b0
0x000000001f06f0a0:   00000000026f78a0 00007ffb2f432420
0x000000001f06f0b0:   0000000000000001 000000001f06f0b8 

Instructions: (pc=0x00007ffb2f4324b9)
0x00007ffb2f432499:   48 8b cf e8 1f 3a 00 00 48 39 3d f0 d5 02 00 48
0x00007ffb2f4324a9:   8d 0d e9 d5 02 00 48 8b 5c 24 30 74 08 48 8b 09
0x00007ffb2f4324b9:   48 39 39 75 f8 48 8b 07 48 89 01 48 8b cf 48 83
0x00007ffb2f4324c9:   c4 20 5f e9 5b fe 00 00 48 83 c4 20 5f c3 cc cc 


Register to memory mapping:

RAX=0x0000000000000000 is an unknown value
RBX={method} {0x000000001bb12be0} 'invokePV' '(JJ)V' in 'org/lwjgl/system/JNI'
RCX=0x0000000000000000 is an unknown value
RDX=0x0000000000000000 is an unknown value
RSP=0x000000001f06efc0 is pointing into the stack for thread: 0x000000001e263800
RBP=0x000000001f06f078 is pointing into the stack for thread: 0x000000001e263800
RSI=0x0000000000000108 is an unknown value
RDI=0x000000000046d6b0 is an unknown value
R8 =0x000000001f06efb8 is pointing into the stack for thread: 0x000000001e263800
R9 =0x000000001f06f078 is pointing into the stack for thread: 0x000000001e263800
R10=0x0000000000000000 is an unknown value
R11=0x0000000000000246 is an unknown value
R12=0x0000000000000000 is an unknown value
R13={method} {0x000000001bb12be0} 'invokePV' '(JJ)V' in 'org/lwjgl/system/JNI'
R14=0x000000001f06f0b0 is pointing into the stack for thread: 0x000000001e263800
R15=0x000000001e263800 is a thread


Stack: [0x000000001ef70000,0x000000001f070000],  sp=0x000000001f06efc0,  free space=1019k
Native frames: (J=compiled Java code, j=interpreted, Vv=VM code, C=native code)
C  [glfw.dll+0x24b9]
C  0x000000000270dfcc

Java frames: (J=compiled Java code, j=interpreted, Vv=VM code)
j  org.lwjgl.system.JNI.invokePV(JJ)V+0
j  org.lwjgl.glfw.GLFW.glfwDestroyCursor(J)V+20
j  main.client.Window.destroyWindow()V+9
j  main.coreEngine.Engine.stop()V+70
j  main.client.Window.update()V+33
j  main.client.renderEngine.RenderEngine.render()V+38
j  main.client.ClientThread.tick()V+12
j  main.coreEngine.TickableThread.run()V+469
v  ~StubRoutines::call_stub

---------------  P R O C E S S  ---------------

Java Threads: ( => current thread )
  0x000000001e264800 JavaThread "SERVER" [_thread_in_Java, id=12936, stack(0x000000001f070000,0x000000001f170000)]
=>0x000000001e263800 JavaThread "CLIENT" [_thread_in_native, id=8216, stack(0x000000001ef70000,0x000000001f070000)]
  0x000000001e168800 JavaThread "Service Thread" daemon [_thread_blocked, id=12888, stack(0x000000001ed70000,0x000000001ee70000)]
  0x000000001e0d2000 JavaThread "C1 CompilerThread3" daemon [_thread_blocked, id=11468, stack(0x000000001ec70000,0x000000001ed70000)]
  0x000000001e0c9000 JavaThread "C2 CompilerThread2" daemon [_thread_blocked, id=12444, stack(0x000000001eb70000,0x000000001ec70000)]
  0x000000001e0c8800 JavaThread "C2 CompilerThread1" daemon [_thread_blocked, id=4168, stack(0x000000001ea70000,0x000000001eb70000)]
  0x000000001e0cd800 JavaThread "C2 CompilerThread0" daemon [_thread_blocked, id=10032, stack(0x000000001e970000,0x000000001ea70000)]
  0x000000001e0b3000 JavaThread "JDWP Command Reader" daemon [_thread_in_native, id=13200, stack(0x000000001e870000,0x000000001e970000)]
  0x000000001e0b2000 JavaThread "JDWP Event Helper Thread" daemon [_thread_blocked, id=12668, stack(0x000000001e770000,0x000000001e870000)]
  0x000000001e0a4800 JavaThread "JDWP Transport Listener: dt_socket" daemon [_thread_blocked, id=5828, stack(0x000000001e670000,0x000000001e770000)]
  0x000000001e096800 JavaThread "Attach Listener" daemon [_thread_blocked, id=8764, stack(0x000000001e570000,0x000000001e670000)]
  0x000000001e095800 JavaThread "Signal Dispatcher" daemon [_thread_blocked, id=11508, stack(0x000000001e470000,0x000000001e570000)]
  0x00000000026ea800 JavaThread "Finalizer" daemon [_thread_blocked, id=7244, stack(0x000000001df70000,0x000000001e070000)]
  0x00000000026e4000 JavaThread "Reference Handler" daemon [_thread_blocked, id=10412, stack(0x000000001de70000,0x000000001df70000)]
  0x00000000024ee000 JavaThread "main" [_thread_in_Java, id=13092, stack(0x00000000024f0000,0x00000000025f0000)]

Other Threads:
  0x000000001c089800 VMThread [stack: 0x000000001dd70000,0x000000001de70000] [id=5752]
  0x000000001e18a800 WatcherThread [stack: 0x000000001ee70000,0x000000001ef70000] [id=10056]

VM state:not at safepoint (normal execution)

VM Mutex/Monitor currently owned by a thread: None

Heap:
 PSYoungGen      total 583680K, used 372682K [0x000000076b800000, 0x00000007a7980000, 0x00000007c0000000)
  eden space 583168K, 63% used [0x000000076b800000,0x00000007823c2a10,0x000000078f180000)
  from space 512K, 37% used [0x00000007a7900000,0x00000007a7930000,0x00000007a7980000)
  to   space 7168K, 0% used [0x00000007a6b80000,0x00000007a6b80000,0x00000007a7280000)
 ParOldGen       total 173568K, used 21472K [0x00000006c2800000, 0x00000006cd180000, 0x000000076b800000)
  object space 173568K, 12% used [0x00000006c2800000,0x00000006c3cf8078,0x00000006cd180000)
 Metaspace       used 8395K, capacity 8774K, committed 8960K, reserved 1056768K
  class space    used 661K, capacity 690K, committed 768K, reserved 1048576K

Card table byte_map: [0x0000000011ab0000,0x00000000122a0000] byte_map_base: 0x000000000e49c000

Marking Bits: (ParMarkBitMap*) 0x000000006ccea5b0
 Begin Bits: [0x0000000012ff0000, 0x0000000016f50000)
 End Bits:   [0x0000000016f50000, 0x000000001aeb0000)

Polling page: 0x0000000000910000

CodeCache: size=245760Kb used=4646Kb max_used=4646Kb free=241113Kb
 bounds [0x00000000026f0000, 0x0000000002b80000, 0x00000000116f0000]
 total_blobs=1500 nmethods=842 adapters=579
 compilation: enabled

Compilation events (10 events):
Event: 3.433 Thread 0x000000001e0d2000  840       3       main.client.InputHandler::cursorPosition (60 bytes)
Event: 3.433 Thread 0x000000001e0d2000 nmethod 840 0x0000000002b77b50 code [0x0000000002b77e80, 0x0000000002b79218]
Event: 3.433 Thread 0x000000001e0d2000  842       3       main.coreEngine.sceneGraph.Node::input (75 bytes)
Event: 3.434 Thread 0x000000001e0d2000 nmethod 842 0x0000000002b79e50 code [0x0000000002b7a060, 0x0000000002b7aaf8]
Event: 3.434 Thread 0x000000001e0d2000  841       3       org.lwjgl.glfw.GLFW::glfwGetCursorPos (37 bytes)
Event: 3.434 Thread 0x000000001e0d2000 nmethod 841 0x0000000002b7ae50 code [0x0000000002b7b0a0, 0x0000000002b7be78]
Event: 3.483 Thread 0x000000001e0d2000  843       3       main.coreEngine.util.maths.Vector3f::add (72 bytes)
Event: 3.483 Thread 0x000000001e0d2000 nmethod 843 0x0000000002b7c790 code [0x0000000002b7c920, 0x0000000002b7cd70]
Event: 3.788 Thread 0x000000001e0d2000  844   !   3       main.coreEngine.TickableThread::scheduleTick (25 bytes)
Event: 3.788 Thread 0x000000001e0d2000 nmethod 844 0x0000000002b7d050 code [0x0000000002b7d1c0, 0x0000000002b7d4d0]

GC Heap History (10 events):
Event: 1.934 GC heap before
{Heap before GC invocations=12 (full 0):
 PSYoungGen      total 260096K, used 260075K [0x000000076b800000, 0x0000000783680000, 0x00000007c0000000)
  eden space 258048K, 100% used [0x000000076b800000,0x000000077b400000,0x000000077b400000)
  from space 2048K, 99% used [0x000000077b400000,0x000000077b5fae90,0x000000077b600000)
  to   space 3584K, 0% used [0x0000000783300000,0x0000000783300000,0x0000000783680000)
 ParOldGen       total 173568K, used 5824K [0x00000006c2800000, 0x00000006cd180000, 0x000000076b800000)
  object space 173568K, 3% used [0x00000006c2800000,0x00000006c2db03b8,0x00000006cd180000)
 Metaspace       used 8225K, capacity 8646K, committed 8960K, reserved 1056768K
  class space    used 654K, capacity 690K, committed 768K, reserved 1048576K
Event: 1.941 GC heap after
Heap after GC invocations=12 (full 0):
 PSYoungGen      total 385024K, used 3573K [0x000000076b800000, 0x0000000785880000, 0x00000007c0000000)
  eden space 381440K, 0% used [0x000000076b800000,0x000000076b800000,0x0000000782c80000)
  from space 3584K, 99% used [0x0000000783300000,0x000000078367d7a0,0x0000000783680000)
  to   space 6656K, 0% used [0x0000000782c80000,0x0000000782c80000,0x0000000783300000)
 ParOldGen       total 173568K, used 12434K [0x00000006c2800000, 0x00000006cd180000, 0x000000076b800000)
  object space 173568K, 7% used [0x00000006c2800000,0x00000006c34248d8,0x00000006cd180000)
 Metaspace       used 8225K, capacity 8646K, committed 8960K, reserved 1056768K
  class space    used 654K, capacity 690K, committed 768K, reserved 1048576K
}
Event: 2.293 GC heap before
{Heap before GC invocations=13 (full 0):
 PSYoungGen      total 385024K, used 385013K [0x000000076b800000, 0x0000000785880000, 0x00000007c0000000)
  eden space 381440K, 100% used [0x000000076b800000,0x0000000782c80000,0x0000000782c80000)
  from space 3584K, 99% used [0x0000000783300000,0x000000078367d7a0,0x0000000783680000)
  to   space 6656K, 0% used [0x0000000782c80000,0x0000000782c80000,0x0000000783300000)
 ParOldGen       total 173568K, used 12434K [0x00000006c2800000, 0x00000006cd180000, 0x000000076b800000)
  object space 173568K, 7% used [0x00000006c2800000,0x00000006c34248d8,0x00000006cd180000)
 Metaspace       used 8291K, capacity 8646K, committed 8960K, reserved 1056768K
  class space    used 656K, capacity 690K, committed 768K, reserved 1048576K
Event: 2.299 GC heap after
Heap after GC invocations=13 (full 0):
 PSYoungGen      total 388096K, used 5472K [0x000000076b800000, 0x0000000791a00000, 0x00000007c0000000)
  eden space 381440K, 0% used [0x000000076b800000,0x000000076b800000,0x0000000782c80000)
  from space 6656K, 82% used [0x0000000782c80000,0x00000007831d8000,0x0000000783300000)
  to   space 7168K, 0% used [0x0000000791300000,0x0000000791300000,0x0000000791a00000)
 ParOldGen       total 173568K, used 16048K [0x00000006c2800000, 0x00000006cd180000, 0x000000076b800000)
  object space 173568K, 9% used [0x00000006c2800000,0x00000006c37ac078,0x00000006cd180000)
 Metaspace       used 8291K, capacity 8646K, committed 8960K, reserved 1056768K
  class space    used 656K, capacity 690K, committed 768K, reserved 1048576K
}
Event: 2.613 GC heap before
{Heap before GC invocations=14 (full 0):
 PSYoungGen      total 388096K, used 386912K [0x000000076b800000, 0x0000000791a00000, 0x00000007c0000000)
  eden space 381440K, 100% used [0x000000076b800000,0x0000000782c80000,0x0000000782c80000)
  from space 6656K, 82% used [0x0000000782c80000,0x00000007831d8000,0x0000000783300000)
  to   space 7168K, 0% used [0x0000000791300000,0x0000000791300000,0x0000000791a00000)
 ParOldGen       total 173568K, used 16048K [0x00000006c2800000, 0x00000006cd180000, 0x000000076b800000)
  object space 173568K, 9% used [0x00000006c2800000,0x00000006c37ac078,0x00000006cd180000)
 Metaspace       used 8364K, capacity 8710K, committed 8960K, reserved 1056768K
  class space    used 661K, capacity 690K, committed 768K, reserved 1048576K
Event: 2.618 GC heap after
Heap after GC invocations=14 (full 0):
 PSYoungGen      total 617472K, used 128K [0x000000076b800000, 0x0000000791a00000, 0x00000007c0000000)
  eden space 610304K, 0% used [0x000000076b800000,0x000000076b800000,0x0000000790c00000)
  from space 7168K, 1% used [0x0000000791300000,0x0000000791320000,0x0000000791a00000)
  to   space 7168K, 0% used [0x0000000790c00000,0x0000000790c00000,0x0000000791300000)
 ParOldGen       total 173568K, used 21384K [0x00000006c2800000, 0x00000006cd180000, 0x000000076b800000)
  object space 173568K, 12% used [0x00000006c2800000,0x00000006c3ce2078,0x00000006cd180000)
 Metaspace       used 8364K, capacity 8710K, committed 8960K, reserved 1056768K
  class space    used 661K, capacity 690K, committed 768K, reserved 1048576K
}
Event: 3.046 GC heap before
{Heap before GC invocations=15 (full 0):
 PSYoungGen      total 617472K, used 610432K [0x000000076b800000, 0x0000000791a00000, 0x00000007c0000000)
  eden space 610304K, 100% used [0x000000076b800000,0x0000000790c00000,0x0000000790c00000)
  from space 7168K, 1% used [0x0000000791300000,0x0000000791320000,0x0000000791a00000)
  to   space 7168K, 0% used [0x0000000790c00000,0x0000000790c00000,0x0000000791300000)
 ParOldGen       total 173568K, used 21384K [0x00000006c2800000, 0x00000006cd180000, 0x000000076b800000)
  object space 173568K, 12% used [0x00000006c2800000,0x00000006c3ce2078,0x00000006cd180000)
 Metaspace       used 8377K, capacity 8710K, committed 8960K, reserved 1056768K
  class space    used 661K, capacity 690K, committed 768K, reserved 1048576K
Event: 3.047 GC heap after
Heap after GC invocations=15 (full 0):
 PSYoungGen      total 617472K, used 224K [0x000000076b800000, 0x00000007a8000000, 0x00000007c0000000)
  eden space 610304K, 0% used [0x000000076b800000,0x000000076b800000,0x0000000790c00000)
  from space 7168K, 3% used [0x0000000790c00000,0x0000000790c38000,0x0000000791300000)
  to   space 7168K, 0% used [0x00000007a7900000,0x00000007a7900000,0x00000007a8000000)
 ParOldGen       total 173568K, used 21448K [0x00000006c2800000, 0x00000006cd180000, 0x000000076b800000)
  object space 173568K, 12% used [0x00000006c2800000,0x00000006c3cf2078,0x00000006cd180000)
 Metaspace       used 8377K, capacity 8710K, committed 8960K, reserved 1056768K
  class space    used 661K, capacity 690K, committed 768K, reserved 1048576K
}
Event: 3.614 GC heap before
{Heap before GC invocations=16 (full 0):
 PSYoungGen      total 617472K, used 610528K [0x000000076b800000, 0x00000007a8000000, 0x00000007c0000000)
  eden space 610304K, 100% used [0x000000076b800000,0x0000000790c00000,0x0000000790c00000)
  from space 7168K, 3% used [0x0000000790c00000,0x0000000790c38000,0x0000000791300000)
  to   space 7168K, 0% used [0x00000007a7900000,0x00000007a7900000,0x00000007a8000000)
 ParOldGen       total 173568K, used 21448K [0x00000006c2800000, 0x00000006cd180000, 0x000000076b800000)
  object space 173568K, 12% used [0x00000006c2800000,0x00000006c3cf2078,0x00000006cd180000)
 Metaspace       used 8395K, capacity 8774K, committed 8960K, reserved 1056768K
  class space    used 661K, capacity 690K, committed 768K, reserved 1048576K
Event: 3.614 GC heap after
Heap after GC invocations=16 (full 0):
 PSYoungGen      total 583680K, used 192K [0x000000076b800000, 0x00000007a7980000, 0x00000007c0000000)
  eden space 583168K, 0% used [0x000000076b800000,0x000000076b800000,0x000000078f180000)
  from space 512K, 37% used [0x00000007a7900000,0x00000007a7930000,0x00000007a7980000)
  to   space 7168K, 0% used [0x00000007a6b80000,0x00000007a6b80000,0x00000007a7280000)
 ParOldGen       total 173568K, used 21472K [0x00000006c2800000, 0x00000006cd180000, 0x000000076b800000)
  object space 173568K, 12% used [0x00000006c2800000,0x00000006c3cf8078,0x00000006cd180000)
 Metaspace       used 8395K, capacity 8774K, committed 8960K, reserved 1056768K
  class space    used 661K, capacity 690K, committed 768K, reserved 1048576K
}

Deoptimization events (10 events):
Event: 2.288 Thread 0x000000001e263800 Uncommon trap: reason=class_check action=maybe_recompile pc=0x00000000029fc684 method=sun.misc.FloatingDecimal.parseFloat(Ljava/lang/String;)F @ 4
Event: 2.288 Thread 0x000000001e263800 Uncommon trap: reason=class_check action=maybe_recompile pc=0x00000000029fc684 method=sun.misc.FloatingDecimal.parseFloat(Ljava/lang/String;)F @ 4
Event: 2.288 Thread 0x000000001e263800 Uncommon trap: reason=class_check action=maybe_recompile pc=0x00000000029fc684 method=sun.misc.FloatingDecimal.parseFloat(Ljava/lang/String;)F @ 4
Event: 2.288 Thread 0x000000001e263800 Uncommon trap: reason=class_check action=maybe_recompile pc=0x00000000029fc684 method=sun.misc.FloatingDecimal.parseFloat(Ljava/lang/String;)F @ 4
Event: 2.291 Thread 0x000000001e263800 Uncommon trap: reason=unstable_if action=reinterpret pc=0x0000000002a61c60 method=main.client.renderEngine.mesh.MeshBuilder.processFace(Ljava/lang/String;Lmain/client/renderEngine/mesh/MeshBuilder;)Z @ 112
Event: 2.308 Thread 0x000000001e263800 Uncommon trap: reason=bimorphic action=maybe_recompile pc=0x000000000283ee38 method=java.util.HashMap.getNode(ILjava/lang/Object;)Ljava/util/HashMap$Node; @ 126
Event: 2.363 Thread 0x000000001e263800 Uncommon trap: reason=unstable_if action=reinterpret pc=0x00000000029b1f30 method=main.coreEngine.TickableThread.run()V @ 461
Event: 2.371 Thread 0x000000001e264800 Uncommon trap: reason=unstable_if action=reinterpret pc=0x00000000029b1f30 method=main.coreEngine.TickableThread.run()V @ 461
Event: 2.375 Thread 0x000000001e263800 Uncommon trap: reason=unstable_if action=reinterpret pc=0x0000000002a66cf0 method=java.lang.Integer.valueOf(I)Ljava/lang/Integer; @ 10
Event: 2.388 Thread 0x00000000024ee000 Uncommon trap: reason=unstable_if action=reinterpret pc=0x0000000002b29ad4 method=main.coreEngine.Engine.start()V @ 163

Internal exceptions (9 events):
Event: 0.032 Thread 0x00000000024ee000 Exception <a 'java/lang/NoSuchMethodError': Method sun.misc.Unsafe.defineClass(Ljava/lang/String;[BII)Ljava/lang/Class; name or signature does not match> (0x000000076b80da30) thrown at [C:\workspace\8-2-build-windows-amd64-cygwin\jdk8u65\4987\hotspot\src\sâðn(h ?
Event: 0.032 Thread 0x00000000024ee000 Exception <a 'java/lang/NoSuchMethodError': Method sun.misc.Unsafe.prefetchRead(Ljava/lang/Object;J)V name or signature does not match> (0x000000076b80dd18) thrown at [C:\workspace\8-2-build-windows-amd64-cygwin\jdk8u65\4987\hotspot\src\share\vm\prims\jni.».:%íAÜ?
Event: 0.442 Thread 0x000000001e263800 Implicit null exception at 0x0000000002845c8f to 0x0000000002845ff5
Event: 0.442 Thread 0x000000001e263800 Exception <a 'java/security/PrivilegedActionException'> (0x000000076d22f760) thrown at [C:\workspace\8-2-build-windows-amd64-cygwin\jdk8u65\4987\hotspot\src\share\vm\prims\jvm.cpp, line 1386]
Event: 0.442 Thread 0x000000001e263800 Exception <a 'java/security/PrivilegedActionException'> (0x000000076d22fb58) thrown at [C:\workspace\8-2-build-windows-amd64-cygwin\jdk8u65\4987\hotspot\src\share\vm\prims\jvm.cpp, line 1386]
Event: 0.443 Thread 0x000000001e263800 Exception <a 'java/security/PrivilegedActionException'> (0x000000076d233d70) thrown at [C:\workspace\8-2-build-windows-amd64-cygwin\jdk8u65\4987\hotspot\src\share\vm\prims\jvm.cpp, line 1386]
Event: 0.443 Thread 0x000000001e263800 Exception <a 'java/security/PrivilegedActionException'> (0x000000076d234168) thrown at [C:\workspace\8-2-build-windows-amd64-cygwin\jdk8u65\4987\hotspot\src\share\vm\prims\jvm.cpp, line 1386]
Event: 1.069 Thread 0x00000000024ee000 Implicit null exception at 0x0000000002853a44 to 0x0000000002853fd5
Event: 2.062 Thread 0x000000001e263800 Implicit null exception at 0x0000000002a6aab4 to 0x0000000002a6c8a1

Events (10 events):
Event: 2.388 Thread 0x00000000024ee000 DEOPT PACKING pc=0x0000000002b29ad4 sp=0x00000000025ef320
Event: 2.388 Thread 0x00000000024ee000 DEOPT UNPACKING pc=0x000000000273582a sp=0x00000000025ef2e8 mode 2
Event: 2.397 Thread 0x00000000024ee000 DEOPT PACKING pc=0x0000000002b13c32 sp=0x00000000025ef290
Event: 2.397 Thread 0x00000000024ee000 DEOPT UNPACKING pc=0x000000000273787f sp=0x00000000025ef060 mode 0
Event: 2.613 Executing VM operation: ParallelGCFailedAllocation
Event: 2.618 Executing VM operation: ParallelGCFailedAllocation done
Event: 3.046 Executing VM operation: ParallelGCFailedAllocation
Event: 3.047 Executing VM operation: ParallelGCFailedAllocation done
Event: 3.614 Executing VM operation: ParallelGCFailedAllocation
Event: 3.614 Executing VM operation: ParallelGCFailedAllocation done


Dynamic libraries:
0x00007ff7a0d80000 - 0x00007ff7a0db7000 	C:\Program Files\Java\jdk1.8.0_65\bin\java.exe
0x00007ffb48720000 - 0x00007ffb488e1000 	C:\WINDOWS\SYSTEM32\ntdll.dll
0x00007ffb48170000 - 0x00007ffb4821d000 	C:\WINDOWS\system32\KERNEL32.DLL
0x00007ffb45560000 - 0x00007ffb45748000 	C:\WINDOWS\system32\KERNELBASE.dll
0x00007ffb47a50000 - 0x00007ffb47af7000 	C:\WINDOWS\system32\ADVAPI32.dll
0x00007ffb480d0000 - 0x00007ffb4816d000 	C:\WINDOWS\system32\msvcrt.dll
0x00007ffb47b00000 - 0x00007ffb47b5b000 	C:\WINDOWS\system32\sechost.dll
0x00007ffb47700000 - 0x00007ffb4781c000 	C:\WINDOWS\system32\RPCRT4.dll
0x00007ffb485c0000 - 0x00007ffb48716000 	C:\WINDOWS\system32\USER32.dll
0x00007ffb48220000 - 0x00007ffb483a6000 	C:\WINDOWS\system32\GDI32.dll
0x00007ffb41530000 - 0x00007ffb417a4000 	C:\WINDOWS\WinSxS\amd64_microsoft.windows.common-controls_6595b64144ccf1df_6.0.10586.0_none_8c15ae12515e1c22\COMCTL32.dll
0x00007ffb45b00000 - 0x00007ffb45d7d000 	C:\WINDOWS\system32\combase.dll
0x00007ffb45920000 - 0x00007ffb4598a000 	C:\WINDOWS\system32\bcryptPrimitives.dll
0x00007ffb45f90000 - 0x00007ffb45fcb000 	C:\WINDOWS\system32\IMM32.DLL
0x000000006d350000 - 0x000000006d422000 	C:\Program Files\Java\jdk1.8.0_65\jre\bin\msvcr100.dll
0x000000006c4e0000 - 0x000000006cd69000 	C:\Program Files\Java\jdk1.8.0_65\jre\bin\server\jvm.dll
0x00007ffb475a0000 - 0x00007ffb475a8000 	C:\WINDOWS\system32\PSAPI.DLL
0x00007ffb3c060000 - 0x00007ffb3c069000 	C:\WINDOWS\SYSTEM32\WSOCK32.dll
0x00007ffb42fa0000 - 0x00007ffb42fc3000 	C:\WINDOWS\SYSTEM32\WINMM.dll
0x00007ffb418d0000 - 0x00007ffb418da000 	C:\WINDOWS\SYSTEM32\VERSION.dll
0x00007ffb48420000 - 0x00007ffb4848b000 	C:\WINDOWS\system32\WS2_32.dll
0x00007ffb42f40000 - 0x00007ffb42f6c000 	C:\WINDOWS\SYSTEM32\WINMMBASE.dll
0x00007ffb45ab0000 - 0x00007ffb45af3000 	C:\WINDOWS\system32\cfgmgr32.dll
0x000000006d340000 - 0x000000006d34f000 	C:\Program Files\Java\jdk1.8.0_65\jre\bin\verify.dll
0x000000006d310000 - 0x000000006d339000 	C:\Program Files\Java\jdk1.8.0_65\jre\bin\java.dll
0x000000006d260000 - 0x000000006d295000 	C:\Program Files\Java\jdk1.8.0_65\jre\bin\jdwp.dll
0x000000006d2e0000 - 0x000000006d2e8000 	C:\Program Files\Java\jdk1.8.0_65\jre\bin\npt.dll
0x000000006d2a0000 - 0x000000006d2b6000 	C:\Program Files\Java\jdk1.8.0_65\jre\bin\zip.dll
0x00007ffb45fd0000 - 0x00007ffb4752c000 	C:\WINDOWS\system32\SHELL32.dll
0x00007ffb44ef0000 - 0x00007ffb45535000 	C:\WINDOWS\system32\windows.storage.dll
0x00007ffb483c0000 - 0x00007ffb48412000 	C:\WINDOWS\system32\shlwapi.dll
0x00007ffb44da0000 - 0x00007ffb44daf000 	C:\WINDOWS\system32\kernel.appcore.dll
0x00007ffb459f0000 - 0x00007ffb45aa5000 	C:\WINDOWS\system32\shcore.dll
0x00007ffb44d50000 - 0x00007ffb44d9b000 	C:\WINDOWS\system32\powrprof.dll
0x00007ffb44d20000 - 0x00007ffb44d34000 	C:\WINDOWS\system32\profapi.dll
0x000000006d2d0000 - 0x000000006d2d9000 	C:\Program Files\Java\jdk1.8.0_65\jre\bin\dt_socket.dll
0x00007ffb44650000 - 0x00007ffb446ac000 	C:\WINDOWS\system32\mswsock.dll
0x00007ffb1ce50000 - 0x00007ffb1ced8000 	D:\Code\Java\Projects\WireEngine20\lib\native\lwjgl.dll
0x00007ffb44820000 - 0x00007ffb4482b000 	C:\WINDOWS\SYSTEM32\CRYPTBASE.DLL
0x00007ffb2fdc0000 - 0x00007ffb2fe02000 	D:\Code\Java\Projects\WireEngine20\lib\native\jemalloc.dll
0x00007ffb2f430000 - 0x00007ffb2f468000 	D:\Code\Java\Projects\WireEngine20\lib\native\glfw.dll
0x00007ffb436a0000 - 0x00007ffb43736000 	C:\WINDOWS\system32\uxtheme.dll
0x00007ffb42950000 - 0x00007ffb42972000 	C:\WINDOWS\SYSTEM32\dwmapi.dll
0x00007ffb276f0000 - 0x00007ffb27819000 	C:\WINDOWS\SYSTEM32\opengl32.dll
0x00007ffb2d000000 - 0x00007ffb2d02e000 	C:\WINDOWS\SYSTEM32\GLU32.dll
0x00007ffb275f0000 - 0x00007ffb276ea000 	C:\WINDOWS\SYSTEM32\DDRAW.dll
0x00007ffb2e8d0000 - 0x00007ffb2e8d8000 	C:\WINDOWS\SYSTEM32\DCIMAN32.dll
0x00007ffb478f0000 - 0x00007ffb47a4a000 	C:\WINDOWS\system32\MSCTF.dll
0x00007ffb2c840000 - 0x00007ffb2c889000 	C:\Program Files (x86)\TeamViewer\tv_x64.dll
0x00007ffb475b0000 - 0x00007ffb476f3000 	C:\WINDOWS\system32\ole32.dll
0x000000006a790000 - 0x000000006c4d9000 	C:\WINDOWS\SYSTEM32\nvoglv64.DLL
0x00007ffb47c20000 - 0x00007ffb48049000 	C:\WINDOWS\system32\SETUPAPI.dll
0x00007ffb42d00000 - 0x00007ffb42d13000 	C:\WINDOWS\SYSTEM32\WTSAPI32.dll
0x00007ffb437f0000 - 0x00007ffb43817000 	C:\WINDOWS\SYSTEM32\DEVOBJ.dll
0x00007ffb45990000 - 0x00007ffb459e5000 	C:\WINDOWS\system32\WINTRUST.dll
0x00007ffb44d40000 - 0x00007ffb44d50000 	C:\WINDOWS\system32\MSASN1.dll
0x00007ffb45750000 - 0x00007ffb45917000 	C:\WINDOWS\system32\CRYPT32.dll
0x00007ffb44270000 - 0x00007ffb442a1000 	C:\WINDOWS\SYSTEM32\ntmarta.dll
0x00007ffb43fc0000 - 0x00007ffb44016000 	C:\WINDOWS\SYSTEM32\WINSTA.dll
0x00007ffb47b70000 - 0x00007ffb47c17000 	C:\WINDOWS\system32\clbcatq.dll
0x00007ffb34230000 - 0x00007ffb34255000 	C:\Program Files (x86)\Samsung\Easy Printer Manager\SmartScreenPrint\CDAKEYMonitor64.dll
0x00007ffb47820000 - 0x00007ffb478e1000 	C:\WINDOWS\system32\OLEAUT32.dll
0x00007ffb2ca20000 - 0x00007ffb2cbac000 	C:\WINDOWS\SYSTEM32\dbghelp.dll

VM Arguments:
jvm_args: -agentlib:jdwp=transport=dt_socket,address=127.0.0.1:51736,suspend=y,server=n -Djava.library.path=lib/native/ -Dfile.encoding=UTF-8 
java_command: main.Main
java_class_path (initial): C:\Program Files\Java\jdk1.8.0_65\jre\lib\charsets.jar;C:\Program Files\Java\jdk1.8.0_65\jre\lib\deploy.jar;C:\Program Files\Java\jdk1.8.0_65\jre\lib\ext\access-bridge-64.jar;C:\Program Files\Java\jdk1.8.0_65\jre\lib\ext\cldrdata.jar;C:\Program Files\Java\jdk1.8.0_65\jre\lib\ext\dnsns.jar;C:\Program Files\Java\jdk1.8.0_65\jre\lib\ext\jaccess.jar;C:\Program Files\Java\jdk1.8.0_65\jre\lib\ext\jfxrt.jar;C:\Program Files\Java\jdk1.8.0_65\jre\lib\ext\localedata.jar;C:\Program Files\Java\jdk1.8.0_65\jre\lib\ext\nashorn.jar;C:\Program Files\Java\jdk1.8.0_65\jre\lib\ext\sunec.jar;C:\Program Files\Java\jdk1.8.0_65\jre\lib\ext\sunjce_provider.jar;C:\Program Files\Java\jdk1.8.0_65\jre\lib\ext\sunmscapi.jar;C:\Program Files\Java\jdk1.8.0_65\jre\lib\ext\sunpkcs11.jar;C:\Program Files\Java\jdk1.8.0_65\jre\lib\ext\zipfs.jar;C:\Program Files\Java\jdk1.8.0_65\jre\lib\javaws.jar;C:\Program Files\Java\jdk1.8.0_65\jre\lib\jce.jar;C:\Program Files\Java\jdk1.8.0_65\jre\lib\jfr.jar;C:\Program Files\Java\jdk1.8.0_65\jre\lib\jfxswt.jar;C:\Program Files\Java\jdk1.8.0_65\jre\lib\jsse.jar;C:\Program Files\Java\jdk1.8.0_65\jre\lib\management-agent.jar;C:\Program Files\Java\jdk1.8.0_65\jre\lib\plugin.jar;C:\Program Files\Java\jdk1.8.0_65\jre\lib\resources.jar;C:\Program Files\Java\jdk1.8.0_65\jre\lib\rt.jar;D:\Code\Java\Projects\WireEngine20\out\production\WireEngine20;D:\Code\Java\Projects\WireEngine20\lib\jar\lwjgl.jar;D:\Code\Java\Projects\WireEngine20\lib\jar\slick-util.jar;D:\Program Files (x86)\JetBrains\IntelliJ IDEA 2016.1\lib\idea_rt.jar
Launcher Type: SUN_STANDARD

Environment Variables:
JAVA_HOME=C:\Program Files\Java\jdk1.8.0_65
PATH=C:\ProgramData\Oracle\Java\javapath;C:\Program Files (x86)\Razer Chroma SDK\bin;C:\Program Files\Razer Chroma SDK\bin;C:\Program Files (x86)\NVIDIA Corporation\PhysX\Common;C:\Program Files (x86)\Intel\iCLS Client\;C:\Program Files\Intel\iCLS Client\;C:\Windows\system32;C:\Windows;C:\Windows\System32\Wbem;C:\Windows\System32\WindowsPowerShell\v1.0\;C:\Program Files\Intel\Intel(R) Management Engine Components\DAL;C:\Program Files (x86)\Intel\Intel(R) Management Engine Components\DAL;C:\Program Files\Intel\Intel(R) Management Engine Components\IPT;C:\Program Files (x86)\Intel\Intel(R) Management Engine Components\IPT;C:\Program Files\Java\jre1.8.0_65\bin;C:\MinGW\bin;C:\WINDOWS\system32;C:\WINDOWS;C:\WINDOWS\System32\Wbem;C:\WINDOWS\System32\WindowsPowerShell\v1.0\;D:\Program Files (x86)\CMake\bin;D:\Program Files\Programs\Python\Python35-32;D:\Program Files\Programs\Python\Python35-32\Scripts;C:\Program Files (x86)\Skype\Phone\;D:\Program Files\Programs\Python\Python35-32\Scripts\;D:\Program Files\Programs\Python\Python35-32\
USERNAME=Kelan
OS=Windows_NT
PROCESSOR_IDENTIFIER=Intel64 Family 6 Model 60 Stepping 3, GenuineIntel



---------------  S Y S T E M  ---------------

OS: Windows 10.0 , 64 bit Build 10586 (10.0.10586.0)

CPU:total 8 (4 cores per cpu, 2 threads per core) family 6 model 60 stepping 3, cmov, cx8, fxsr, mmx, sse, sse2, sse3, ssse3, sse4.1, sse4.2, popcnt, avx, avx2, aes, clmul, erms, lzcnt, ht, tsc, tscinvbit, bmi1, bmi2

Memory: 4k page, physical 16609500k(10112120k free), swap 33386716k(24520120k free)

vm_info: Java HotSpot(TM) 64-Bit Server VM (25.65-b01) for windows-amd64 JRE (1.8.0_65-b17), built on Oct  6 2015 16:39:20 by "java_re" with MS VC++ 10.0 (VS2010)

time: Sun Apr 17 17:02:55 2016
elapsed time: 3 seconds (0d 0h 0m 3s)

