#
# A fatal error has been detected by the Java Runtime Environment:
#
#  EXCEPTION_ACCESS_VIOLATION (0xc0000005) at pc=0x00007ffd0eeb24b9, pid=13896, tid=13456
#
# JRE version: Java(TM) SE Runtime Environment (8.0_65-b17) (build 1.8.0_65-b17)
# Java VM: Java HotSpot(TM) 64-Bit Server VM (25.65-b01 mixed mode windows-amd64 compressed oops)
# Problematic frame:
# C  [glfw.dll+0x24b9]
#
# Failed to write core dump. Minidumps are not enabled by default on client versions of Windows
#
# If you would like to submit a bug report, please visit:
#   http://bugreport.java.com/bugreport/crash.jsp
# The crash happened outside the Java Virtual Machine in native code.
# See problematic frame for where to report the bug.
#

---------------  T H R E A D  ---------------

Current thread (0x000000001e358000):  JavaThread "CLIENT" [_thread_in_native, id=13456, stack(0x000000001f060000,0x000000001f160000)]

siginfo: ExceptionCode=0xc0000005, reading address 0x0000000000000000

Registers:
RAX=0x0000000000000000, RBX=0x000000001bb20868, RCX=0x0000000000000000, RDX=0x0000000000000000
RSP=0x000000001f15ea70, RBP=0x000000001f15eb00, RSI=0x0000000000000108, RDI=0x00000000005c9c70
R8 =0x000000001f15ea68, R9 =0x000000001f15eb00, R10=0x0000000000000000, R11=0x0000000000000246
R12=0x0000000000000000, R13=0x000000001f15eb18, R14=0x000000001f15eaf0, R15=0x000000001e358000
RIP=0x00007ffd0eeb24b9, EFLAGS=0x0000000000010287

Top of Stack: (sp=0x000000001f15ea70)
0x000000001f15ea70:   0000000000000000 0000000000000108
0x000000001f15ea80:   000000001bac5fe8 00000000026fd350
0x000000001f15ea90:   000000000000211c 0000000002ae6f0a
0x000000001f15eaa0:   000000001bb20868 000000005a88aea4
0x000000001f15eab0:   000000001e358000 000000001e358000
0x000000001f15eac0:   000000001e358000 0000000000000000
0x000000001f15ead0:   000000001e31dd80 000000005a815eba
0x000000001f15eae0:   000000001f15f1c8 000000001f15eb78
0x000000001f15eaf0:   00000006c28061d0 000000000000211b
0x000000001f15eb00:   000000001f15eb78 0000000002707d8d
0x000000001f15eb10:   0000000002707d8d 00000000005c9c70
0x000000001f15eb20:   00000000027078a0 00007ffd0eeb2420
0x000000001f15eb30:   0000000000000001 000000001f15eb38
0x000000001f15eb40:   000000001bb3e6e4 000000001f15eba0
0x000000001f15eb50:   000000001bb406c8 0000000000000000
0x000000001f15eb60:   000000001bb3e710 000000001f15eb18 

Instructions: (pc=0x00007ffd0eeb24b9)
0x00007ffd0eeb2499:   48 8b cf e8 1f 3a 00 00 48 39 3d f0 d5 02 00 48
0x00007ffd0eeb24a9:   8d 0d e9 d5 02 00 48 8b 5c 24 30 74 08 48 8b 09
0x00007ffd0eeb24b9:   48 39 39 75 f8 48 8b 07 48 89 01 48 8b cf 48 83
0x00007ffd0eeb24c9:   c4 20 5f e9 5b fe 00 00 48 83 c4 20 5f c3 cc cc 


Register to memory mapping:

RAX=0x0000000000000000 is an unknown value
RBX={method} {0x000000001bb20870} 'invokePV' '(JJ)V' in 'org/lwjgl/system/JNI'
RCX=0x0000000000000000 is an unknown value
RDX=0x0000000000000000 is an unknown value
RSP=0x000000001f15ea70 is pointing into the stack for thread: 0x000000001e358000
RBP=0x000000001f15eb00 is pointing into the stack for thread: 0x000000001e358000
RSI=0x0000000000000108 is an unknown value
RDI=0x00000000005c9c70 is an unknown value
R8 =0x000000001f15ea68 is pointing into the stack for thread: 0x000000001e358000
R9 =0x000000001f15eb00 is pointing into the stack for thread: 0x000000001e358000
R10=0x0000000000000000 is an unknown value
R11=0x0000000000000246 is an unknown value
R12=0x0000000000000000 is an unknown value
R13=0x000000001f15eb18 is pointing into the stack for thread: 0x000000001e358000
R14=0x000000001f15eaf0 is pointing into the stack for thread: 0x000000001e358000
R15=0x000000001e358000 is a thread


Stack: [0x000000001f060000,0x000000001f160000],  sp=0x000000001f15ea70,  free space=1018k
Native frames: (J=compiled Java code, j=interpreted, Vv=VM code, C=native code)
C  [glfw.dll+0x24b9]
C  0x0000000002ae6f0a

Java frames: (J=compiled Java code, j=interpreted, Vv=VM code)
J 804  org.lwjgl.system.JNI.invokePV(JJ)V (0 bytes) @ 0x0000000002ae6e84 [0x0000000002ae6e40+0x44]
j  org.lwjgl.glfw.GLFW.glfwDestroyCursor(J)V+20
j  main.client.Window.destroyWindow()V+9
j  main.coreEngine.Engine.stop()V+70
j  main.client.Window.update()V+33
J 825 C1 main.client.renderEngine.RenderEngine.render()V (51 bytes) @ 0x0000000002afa87c [0x0000000002af9740+0x113c]
J 807 C1 main.client.ClientThread.tick()V (16 bytes) @ 0x0000000002aed41c [0x0000000002aece80+0x59c]
j  main.coreEngine.TickableThread.run()V+469
v  ~StubRoutines::call_stub

---------------  P R O C E S S  ---------------

Java Threads: ( => current thread )
  0x000000001e359000 JavaThread "SERVER" [_thread_in_Java, id=13088, stack(0x000000001f160000,0x000000001f260000)]
=>0x000000001e358000 JavaThread "CLIENT" [_thread_in_native, id=13456, stack(0x000000001f060000,0x000000001f160000)]
  0x000000001e25a800 JavaThread "Service Thread" daemon [_thread_blocked, id=5984, stack(0x000000001ee60000,0x000000001ef60000)]
  0x000000001e1c4000 JavaThread "C1 CompilerThread3" daemon [_thread_blocked, id=5992, stack(0x000000001ed60000,0x000000001ee60000)]
  0x000000001e1b7000 JavaThread "C2 CompilerThread2" daemon [_thread_blocked, id=9888, stack(0x000000001ec60000,0x000000001ed60000)]
  0x000000001e1b6000 JavaThread "C2 CompilerThread1" daemon [_thread_blocked, id=3016, stack(0x000000001eb60000,0x000000001ec60000)]
  0x000000001e1bb000 JavaThread "C2 CompilerThread0" daemon [_thread_blocked, id=14052, stack(0x000000001ea60000,0x000000001eb60000)]
  0x000000001e1a0800 JavaThread "JDWP Command Reader" daemon [_thread_in_native, id=11060, stack(0x000000001e960000,0x000000001ea60000)]
  0x000000001e19f800 JavaThread "JDWP Event Helper Thread" daemon [_thread_blocked, id=7384, stack(0x000000001e860000,0x000000001e960000)]
  0x000000001e192800 JavaThread "JDWP Transport Listener: dt_socket" daemon [_thread_blocked, id=5532, stack(0x000000001e760000,0x000000001e860000)]
  0x000000001c0ad800 JavaThread "Attach Listener" daemon [_thread_blocked, id=10088, stack(0x000000001e660000,0x000000001e760000)]
  0x000000001c0ac800 JavaThread "Signal Dispatcher" daemon [_thread_blocked, id=14256, stack(0x000000001e560000,0x000000001e660000)]
  0x00000000026fc800 JavaThread "Finalizer" daemon [_thread_blocked, id=7516, stack(0x000000001df80000,0x000000001e080000)]
  0x00000000026f6000 JavaThread "Reference Handler" daemon [_thread_blocked, id=10556, stack(0x000000001de80000,0x000000001df80000)]
  0x0000000000d0e000 JavaThread "main" [_thread_in_Java, id=8440, stack(0x0000000002500000,0x0000000002600000)]

Other Threads:
  0x000000001c099000 VMThread [stack: 0x000000001dd80000,0x000000001de80000] [id=5788]
  0x000000001e275000 WatcherThread [stack: 0x000000001ef60000,0x000000001f060000] [id=11192]

VM state:not at safepoint (normal execution)

VM Mutex/Monitor currently owned by a thread: None

Heap:
 PSYoungGen      total 317440K, used 206823K [0x000000076b800000, 0x0000000792a00000, 0x00000007c0000000)
  eden space 314368K, 65% used [0x000000076b800000,0x00000007781b9d70,0x000000077eb00000)
  from space 3072K, 8% used [0x0000000792400000,0x0000000792440000,0x0000000792700000)
  to   space 2560K, 0% used [0x0000000792780000,0x0000000792780000,0x0000000792a00000)
 ParOldGen       total 173568K, used 10376K [0x00000006c2800000, 0x00000006cd180000, 0x000000076b800000)
  object space 173568K, 5% used [0x00000006c2800000,0x00000006c3222070,0x00000006cd180000)
 Metaspace       used 8355K, capacity 8710K, committed 8960K, reserved 1056768K
  class space    used 659K, capacity 690K, committed 768K, reserved 1048576K

Card table byte_map: [0x0000000011ac0000,0x00000000122b0000] byte_map_base: 0x000000000e4ac000

Marking Bits: (ParMarkBitMap*) 0x000000005af6a5b0
 Begin Bits: [0x0000000013000000, 0x0000000016f60000)
 End Bits:   [0x0000000016f60000, 0x000000001aec0000)

Polling page: 0x00000000004f0000

CodeCache: size=245760Kb used=4096Kb max_used=4106Kb free=241663Kb
 bounds [0x0000000002700000, 0x0000000002b10000, 0x0000000011700000]
 total_blobs=1495 nmethods=839 adapters=577
 compilation: enabled

Compilation events (10 events):
Event: 8.391 Thread 0x000000001e1c4000  836       1       main.coreEngine.sceneGraph.components.ModelComponent::input (1 bytes)
Event: 8.391 Thread 0x000000001e1c4000 nmethod 836 0x0000000002affdd0 code [0x0000000002afff20, 0x0000000002b00030]
Event: 8.485 Thread 0x000000001e1b6000  837   !   4       sun.misc.Cleaner::clean (35 bytes)
Event: 8.485 Thread 0x000000001e1b7000  838       4       java.nio.DirectByteBuffer$Deallocator::run (37 bytes)
Event: 8.486 Thread 0x000000001e1b7000 nmethod 838 0x0000000002afeed0 code [0x0000000002aff040, 0x0000000002aff408]
Event: 8.487 Thread 0x000000001e1b6000 nmethod 837 0x0000000002b04c10 code [0x0000000002b04da0, 0x0000000002b054a8]
Event: 8.641 Thread 0x000000001e1c4000  839       3       org.lwjgl.system.MemoryUtil::memGetInt (8 bytes)
Event: 8.641 Thread 0x000000001e1c4000 nmethod 839 0x0000000002afe750 code [0x0000000002afe8c0, 0x0000000002afea70]
Event: 8.641 Thread 0x000000001e1c4000  840       3       org.lwjgl.system.MemoryAccess$MemoryAccessorUnsafe::memGetInt (8 bytes)
Event: 8.641 Thread 0x000000001e1c4000 nmethod 840 0x0000000002b048d0 code [0x0000000002b04a20, 0x0000000002b04b70]

GC Heap History (10 events):
Event: 7.189 GC heap before
{Heap before GC invocations=25 (full 0):
 PSYoungGen      total 389120K, used 388832K [0x000000076b800000, 0x0000000792f80000, 0x00000007c0000000)
  eden space 388608K, 100% used [0x000000076b800000,0x0000000783380000,0x0000000783380000)
  from space 512K, 43% used [0x0000000792f00000,0x0000000792f38000,0x0000000792f80000)
  to   space 3584K, 0% used [0x0000000792880000,0x0000000792880000,0x0000000792c00000)
 ParOldGen       total 173568K, used 10352K [0x00000006c2800000, 0x00000006cd180000, 0x000000076b800000)
  object space 173568K, 5% used [0x00000006c2800000,0x00000006c321c070,0x00000006cd180000)
 Metaspace       used 8349K, capacity 8710K, committed 8960K, reserved 1056768K
  class space    used 658K, capacity 690K, committed 768K, reserved 1048576K
Event: 7.189 GC heap after
Heap after GC invocations=25 (full 0):
 PSYoungGen      total 375808K, used 224K [0x000000076b800000, 0x0000000792f80000, 0x00000007c0000000)
  eden space 372224K, 0% used [0x000000076b800000,0x000000076b800000,0x0000000782380000)
  from space 3584K, 6% used [0x0000000792880000,0x00000007928b8000,0x0000000792c00000)
  to   space 3584K, 0% used [0x0000000792c00000,0x0000000792c00000,0x0000000792f80000)
 ParOldGen       total 173568K, used 10352K [0x00000006c2800000, 0x00000006cd180000, 0x000000076b800000)
  object space 173568K, 5% used [0x00000006c2800000,0x00000006c321c070,0x00000006cd180000)
 Metaspace       used 8349K, capacity 8710K, committed 8960K, reserved 1056768K
  class space    used 658K, capacity 690K, committed 768K, reserved 1048576K
}
Event: 7.531 GC heap before
{Heap before GC invocations=26 (full 0):
 PSYoungGen      total 375808K, used 372448K [0x000000076b800000, 0x0000000792f80000, 0x00000007c0000000)
  eden space 372224K, 100% used [0x000000076b800000,0x0000000782380000,0x0000000782380000)
  from space 3584K, 6% used [0x0000000792880000,0x00000007928b8000,0x0000000792c00000)
  to   space 3584K, 0% used [0x0000000792c00000,0x0000000792c00000,0x0000000792f80000)
 ParOldGen       total 173568K, used 10352K [0x00000006c2800000, 0x00000006cd180000, 0x000000076b800000)
  object space 173568K, 5% used [0x00000006c2800000,0x00000006c321c070,0x00000006cd180000)
 Metaspace       used 8349K, capacity 8710K, committed 8960K, reserved 1056768K
  class space    used 658K, capacity 690K, committed 768K, reserved 1048576K
Event: 7.532 GC heap after
Heap after GC invocations=26 (full 0):
 PSYoungGen      total 357376K, used 224K [0x000000076b800000, 0x0000000792c80000, 0x00000007c0000000)
  eden space 356864K, 0% used [0x000000076b800000,0x000000076b800000,0x0000000781480000)
  from space 512K, 43% used [0x0000000792c00000,0x0000000792c38000,0x0000000792c80000)
  to   space 3072K, 0% used [0x0000000792680000,0x0000000792680000,0x0000000792980000)
 ParOldGen       total 173568K, used 10352K [0x00000006c2800000, 0x00000006cd180000, 0x000000076b800000)
  object space 173568K, 5% used [0x00000006c2800000,0x00000006c321c070,0x00000006cd180000)
 Metaspace       used 8349K, capacity 8710K, committed 8960K, reserved 1056768K
  class space    used 658K, capacity 690K, committed 768K, reserved 1048576K
}
Event: 7.799 GC heap before
{Heap before GC invocations=27 (full 0):
 PSYoungGen      total 357376K, used 357088K [0x000000076b800000, 0x0000000792c80000, 0x00000007c0000000)
  eden space 356864K, 100% used [0x000000076b800000,0x0000000781480000,0x0000000781480000)
  from space 512K, 43% used [0x0000000792c00000,0x0000000792c38000,0x0000000792c80000)
  to   space 3072K, 0% used [0x0000000792680000,0x0000000792680000,0x0000000792980000)
 ParOldGen       total 173568K, used 10352K [0x00000006c2800000, 0x00000006cd180000, 0x000000076b800000)
  object space 173568K, 5% used [0x00000006c2800000,0x00000006c321c070,0x00000006cd180000)
 Metaspace       used 8353K, capacity 8710K, committed 8960K, reserved 1056768K
  class space    used 658K, capacity 690K, committed 768K, reserved 1048576K
Event: 7.800 GC heap after
Heap after GC invocations=27 (full 0):
 PSYoungGen      total 345088K, used 224K [0x000000076b800000, 0x0000000792c80000, 0x00000007c0000000)
  eden space 342016K, 0% used [0x000000076b800000,0x000000076b800000,0x0000000780600000)
  from space 3072K, 7% used [0x0000000792680000,0x00000007926b8000,0x0000000792980000)
  to   space 3072K, 0% used [0x0000000792980000,0x0000000792980000,0x0000000792c80000)
 ParOldGen       total 173568K, used 10352K [0x00000006c2800000, 0x00000006cd180000, 0x000000076b800000)
  object space 173568K, 5% used [0x00000006c2800000,0x00000006c321c070,0x00000006cd180000)
 Metaspace       used 8353K, capacity 8710K, committed 8960K, reserved 1056768K
  class space    used 658K, capacity 690K, committed 768K, reserved 1048576K
}
Event: 8.151 GC heap before
{Heap before GC invocations=28 (full 0):
 PSYoungGen      total 345088K, used 342240K [0x000000076b800000, 0x0000000792c80000, 0x00000007c0000000)
  eden space 342016K, 100% used [0x000000076b800000,0x0000000780600000,0x0000000780600000)
  from space 3072K, 7% used [0x0000000792680000,0x00000007926b8000,0x0000000792980000)
  to   space 3072K, 0% used [0x0000000792980000,0x0000000792980000,0x0000000792c80000)
 ParOldGen       total 173568K, used 10352K [0x00000006c2800000, 0x00000006cd180000, 0x000000076b800000)
  object space 173568K, 5% used [0x00000006c2800000,0x00000006c321c070,0x00000006cd180000)
 Metaspace       used 8353K, capacity 8710K, committed 8960K, reserved 1056768K
  class space    used 658K, capacity 690K, committed 768K, reserved 1048576K
Event: 8.151 GC heap after
Heap after GC invocations=28 (full 0):
 PSYoungGen      total 328192K, used 224K [0x000000076b800000, 0x0000000792a00000, 0x00000007c0000000)
  eden space 327680K, 0% used [0x000000076b800000,0x000000076b800000,0x000000077f800000)
  from space 512K, 43% used [0x0000000792980000,0x00000007929b8000,0x0000000792a00000)
  to   space 3072K, 0% used [0x0000000792400000,0x0000000792400000,0x0000000792700000)
 ParOldGen       total 173568K, used 10376K [0x00000006c2800000, 0x00000006cd180000, 0x000000076b800000)
  object space 173568K, 5% used [0x00000006c2800000,0x00000006c3222070,0x00000006cd180000)
 Metaspace       used 8353K, capacity 8710K, committed 8960K, reserved 1056768K
  class space    used 658K, capacity 690K, committed 768K, reserved 1048576K
}
Event: 8.484 GC heap before
{Heap before GC invocations=29 (full 0):
 PSYoungGen      total 328192K, used 327904K [0x000000076b800000, 0x0000000792a00000, 0x00000007c0000000)
  eden space 327680K, 100% used [0x000000076b800000,0x000000077f800000,0x000000077f800000)
  from space 512K, 43% used [0x0000000792980000,0x00000007929b8000,0x0000000792a00000)
  to   space 3072K, 0% used [0x0000000792400000,0x0000000792400000,0x0000000792700000)
 ParOldGen       total 173568K, used 10376K [0x00000006c2800000, 0x00000006cd180000, 0x000000076b800000)
  object space 173568K, 5% used [0x00000006c2800000,0x00000006c3222070,0x00000006cd180000)
 Metaspace       used 8354K, capacity 8710K, committed 8960K, reserved 1056768K
  class space    used 659K, capacity 690K, committed 768K, reserved 1048576K
Event: 8.484 GC heap after
Heap after GC invocations=29 (full 0):
 PSYoungGen      total 317440K, used 256K [0x000000076b800000, 0x0000000792a00000, 0x00000007c0000000)
  eden space 314368K, 0% used [0x000000076b800000,0x000000076b800000,0x000000077eb00000)
  from space 3072K, 8% used [0x0000000792400000,0x0000000792440000,0x0000000792700000)
  to   space 2560K, 0% used [0x0000000792780000,0x0000000792780000,0x0000000792a00000)
 ParOldGen       total 173568K, used 10376K [0x00000006c2800000, 0x00000006cd180000, 0x000000076b800000)
  object space 173568K, 5% used [0x00000006c2800000,0x00000006c3222070,0x00000006cd180000)
 Metaspace       used 8354K, capacity 8710K, committed 8960K, reserved 1056768K
  class space    used 659K, capacity 690K, committed 768K, reserved 1048576K
}

Deoptimization events (10 events):
Event: 0.814 Thread 0x000000001e358000 Uncommon trap: reason=array_check action=maybe_recompile pc=0x00000000029b5640 method=java.util.AbstractCollection.toArray([Ljava/lang/Object;)[Ljava/lang/Object; @ 119
Event: 0.882 Thread 0x000000001e358000 Uncommon trap: reason=unstable_if action=reinterpret pc=0x00000000029e4c18 method=sun.misc.FloatingDecimal.readJavaFormatString(Ljava/lang/String;)Lsun/misc/FloatingDecimal$ASCIIToBinaryConverter; @ 445
Event: 0.882 Thread 0x000000001e358000 Uncommon trap: reason=unstable_if action=reinterpret pc=0x00000000029bf324 method=sun.misc.FloatingDecimal$ASCIIToBinaryBuffer.floatValue()F @ 190
Event: 0.931 Thread 0x000000001e358000 Uncommon trap: reason=unstable_if action=reinterpret pc=0x0000000002994078 method=java.lang.String.isEmpty()Z @ 5
Event: 1.188 Thread 0x000000001e358000 Uncommon trap: reason=unstable_if action=reinterpret pc=0x0000000002a413cc method=main.client.renderEngine.mesh.Mesh.compile(Ljava/util/List;)Lmain/client/renderEngine/mesh/Mesh; @ 52
Event: 1.249 Thread 0x000000001e358000 Uncommon trap: reason=unstable_if action=reinterpret pc=0x0000000002a79c18 method=main.client.renderEngine.mesh.Mesh.compile(Ljava/util/List;)Lmain/client/renderEngine/mesh/Mesh; @ 536
Event: 1.252 Thread 0x000000001e358000 Uncommon trap: reason=unstable_if action=reinterpret pc=0x0000000002a49984 method=main.client.renderEngine.mesh.Mesh.compile(Ljava/util/List;)Lmain/client/renderEngine/mesh/Mesh; @ 52
Event: 1.262 Thread 0x000000001e358000 Uncommon trap: reason=unstable_if action=reinterpret pc=0x00000000029cf450 method=main.coreEngine.TickableThread.run()V @ 461
Event: 1.270 Thread 0x000000001e359000 Uncommon trap: reason=unstable_if action=reinterpret pc=0x00000000029cf450 method=main.coreEngine.TickableThread.run()V @ 461
Event: 1.278 Thread 0x0000000000d0e000 Uncommon trap: reason=unstable_if action=reinterpret pc=0x0000000002a3d514 method=main.coreEngine.Engine.start()V @ 163

Internal exceptions (8 events):
Event: 0.022 Thread 0x0000000000d0e000 Exception <a 'java/lang/NoSuchMethodError': Method sun.misc.Unsafe.defineClass(Ljava/lang/String;[BII)Ljava/lang/Class; name or signature does not match> (0x000000076b80da30) thrown at [C:\workspace\8-2-build-windows-amd64-cygwin\jdk8u65\4987\hotspot\src\sÂØÂ\òí–?
Event: 0.022 Thread 0x0000000000d0e000 Exception <a 'java/lang/NoSuchMethodError': Method sun.misc.Unsafe.prefetchRead(Ljava/lang/Object;J)V name or signature does not match> (0x000000076b80dd18) thrown at [C:\workspace\8-2-build-windows-amd64-cygwin\jdk8u65\4987\hotspot\src\share\vm\prims\jni.Z¯úä®Ø?
Event: 0.386 Thread 0x000000001e358000 Implicit null exception at 0x000000000285364f to 0x00000000028539b1
Event: 0.386 Thread 0x000000001e358000 Exception <a 'java/security/PrivilegedActionException'> (0x000000076c732a60) thrown at [C:\workspace\8-2-build-windows-amd64-cygwin\jdk8u65\4987\hotspot\src\share\vm\prims\jvm.cpp, line 1386]
Event: 0.386 Thread 0x000000001e358000 Exception <a 'java/security/PrivilegedActionException'> (0x000000076c732e58) thrown at [C:\workspace\8-2-build-windows-amd64-cygwin\jdk8u65\4987\hotspot\src\share\vm\prims\jvm.cpp, line 1386]
Event: 0.387 Thread 0x000000001e358000 Exception <a 'java/security/PrivilegedActionException'> (0x000000076c737070) thrown at [C:\workspace\8-2-build-windows-amd64-cygwin\jdk8u65\4987\hotspot\src\share\vm\prims\jvm.cpp, line 1386]
Event: 0.387 Thread 0x000000001e358000 Exception <a 'java/security/PrivilegedActionException'> (0x000000076c737468) thrown at [C:\workspace\8-2-build-windows-amd64-cygwin\jdk8u65\4987\hotspot\src\share\vm\prims\jvm.cpp, line 1386]
Event: 0.715 Thread 0x0000000000d0e000 Implicit null exception at 0x000000000286683c to 0x0000000002866e09

Events (10 events):
Event: 7.531 Executing VM operation: ParallelGCFailedAllocation
Event: 7.532 Executing VM operation: ParallelGCFailedAllocation done
Event: 7.799 Executing VM operation: ParallelGCFailedAllocation
Event: 7.800 Executing VM operation: ParallelGCFailedAllocation done
Event: 8.151 Executing VM operation: ParallelGCFailedAllocation
Event: 8.151 Executing VM operation: ParallelGCFailedAllocation done
Event: 8.291 loading class java/nio/DirectByteBuffer$1
Event: 8.291 loading class java/nio/DirectByteBuffer$1 done
Event: 8.484 Executing VM operation: ParallelGCFailedAllocation
Event: 8.485 Executing VM operation: ParallelGCFailedAllocation done


Dynamic libraries:
0x00007ff75d350000 - 0x00007ff75d387000 	C:\Program Files\Java\jdk1.8.0_65\bin\java.exe
0x00007ffd2b8f0000 - 0x00007ffd2bab1000 	C:\WINDOWS\SYSTEM32\ntdll.dll
0x00007ffd29160000 - 0x00007ffd2920d000 	C:\WINDOWS\system32\KERNEL32.DLL
0x00007ffd28890000 - 0x00007ffd28a78000 	C:\WINDOWS\system32\KERNELBASE.dll
0x00007ffd296a0000 - 0x00007ffd29747000 	C:\WINDOWS\system32\ADVAPI32.dll
0x00007ffd29430000 - 0x00007ffd294cd000 	C:\WINDOWS\system32\msvcrt.dll
0x00007ffd29510000 - 0x00007ffd2956b000 	C:\WINDOWS\system32\sechost.dll
0x00007ffd29580000 - 0x00007ffd2969c000 	C:\WINDOWS\system32\RPCRT4.dll
0x00007ffd28e50000 - 0x00007ffd28fa6000 	C:\WINDOWS\system32\USER32.dll
0x00007ffd299d0000 - 0x00007ffd29b56000 	C:\WINDOWS\system32\GDI32.dll
0x00007ffd24690000 - 0x00007ffd24904000 	C:\WINDOWS\WinSxS\amd64_microsoft.windows.common-controls_6595b64144ccf1df_6.0.10586.0_none_8c15ae12515e1c22\COMCTL32.dll
0x00007ffd29750000 - 0x00007ffd299cd000 	C:\WINDOWS\system32\combase.dll
0x00007ffd27f80000 - 0x00007ffd27fea000 	C:\WINDOWS\system32\bcryptPrimitives.dll
0x00007ffd294d0000 - 0x00007ffd2950b000 	C:\WINDOWS\system32\IMM32.DLL
0x000000005b5d0000 - 0x000000005b6a2000 	C:\Program Files\Java\jdk1.8.0_65\jre\bin\msvcr100.dll
0x000000005a760000 - 0x000000005afe9000 	C:\Program Files\Java\jdk1.8.0_65\jre\bin\server\jvm.dll
0x00007ffd29b60000 - 0x00007ffd29b68000 	C:\WINDOWS\system32\PSAPI.DLL
0x00007ffd1e6b0000 - 0x00007ffd1e6b9000 	C:\WINDOWS\SYSTEM32\WSOCK32.dll
0x00007ffd26170000 - 0x00007ffd26193000 	C:\WINDOWS\SYSTEM32\WINMM.dll
0x00007ffd249f0000 - 0x00007ffd249fa000 	C:\WINDOWS\SYSTEM32\VERSION.dll
0x00007ffd29cd0000 - 0x00007ffd29d3b000 	C:\WINDOWS\system32\WS2_32.dll
0x0000000000d10000 - 0x0000000000d3c000 	C:\WINDOWS\SYSTEM32\WINMMBASE.dll
0x00007ffd28a80000 - 0x00007ffd28ac3000 	C:\WINDOWS\system32\cfgmgr32.dll
0x000000005b5c0000 - 0x000000005b5cf000 	C:\Program Files\Java\jdk1.8.0_65\jre\bin\verify.dll
0x000000005b590000 - 0x000000005b5b9000 	C:\Program Files\Java\jdk1.8.0_65\jre\bin\java.dll
0x000000005b550000 - 0x000000005b585000 	C:\Program Files\Java\jdk1.8.0_65\jre\bin\jdwp.dll
0x000000005b540000 - 0x000000005b548000 	C:\Program Files\Java\jdk1.8.0_65\jre\bin\npt.dll
0x000000005b520000 - 0x000000005b536000 	C:\Program Files\Java\jdk1.8.0_65\jre\bin\zip.dll
0x00007ffd2a2c0000 - 0x00007ffd2b81c000 	C:\WINDOWS\system32\SHELL32.dll
0x00007ffd28070000 - 0x00007ffd286b5000 	C:\WINDOWS\system32\windows.storage.dll
0x00007ffd2a250000 - 0x00007ffd2a2a2000 	C:\WINDOWS\system32\shlwapi.dll
0x00007ffd27f70000 - 0x00007ffd27f7f000 	C:\WINDOWS\system32\kernel.appcore.dll
0x00007ffd28c10000 - 0x00007ffd28cc5000 	C:\WINDOWS\system32\shcore.dll
0x00007ffd27ef0000 - 0x00007ffd27f3b000 	C:\WINDOWS\system32\powrprof.dll
0x00007ffd27f40000 - 0x00007ffd27f54000 	C:\WINDOWS\system32\profapi.dll
0x000000005b510000 - 0x000000005b519000 	C:\Program Files\Java\jdk1.8.0_65\jre\bin\dt_socket.dll
0x00007ffd27820000 - 0x00007ffd2787c000 	C:\WINDOWS\system32\mswsock.dll
0x00007ffd0dd80000 - 0x00007ffd0de08000 	D:\Code\Java\Projects\WireEngine20\lib\native\lwjgl.dll
0x00007ffd279f0000 - 0x00007ffd279fb000 	C:\WINDOWS\SYSTEM32\CRYPTBASE.DLL
0x00007ffd0e080000 - 0x00007ffd0e0c2000 	D:\Code\Java\Projects\WireEngine20\lib\native\jemalloc.dll
0x00007ffd0eeb0000 - 0x00007ffd0eee8000 	D:\Code\Java\Projects\WireEngine20\lib\native\glfw.dll
0x00007ffd26870000 - 0x00007ffd26906000 	C:\WINDOWS\system32\uxtheme.dll
0x00007ffd25f20000 - 0x00007ffd25f42000 	C:\WINDOWS\SYSTEM32\dwmapi.dll
0x00007ffd18b80000 - 0x00007ffd18ca9000 	C:\WINDOWS\SYSTEM32\opengl32.dll
0x00007ffd1c880000 - 0x00007ffd1c8ae000 	C:\WINDOWS\SYSTEM32\GLU32.dll
0x00007ffd18a80000 - 0x00007ffd18b7a000 	C:\WINDOWS\SYSTEM32\DDRAW.dll
0x00007ffd1d2d0000 - 0x00007ffd1d2d8000 	C:\WINDOWS\SYSTEM32\DCIMAN32.dll
0x00007ffd29b70000 - 0x00007ffd29cca000 	C:\WINDOWS\system32\MSCTF.dll
0x00007ffd15240000 - 0x00007ffd15289000 	C:\Program Files (x86)\TeamViewer\tv_x64.dll
0x00007ffd29210000 - 0x00007ffd29353000 	C:\WINDOWS\system32\ole32.dll
0x0000000058a10000 - 0x000000005a759000 	C:\WINDOWS\SYSTEM32\nvoglv64.DLL
0x00007ffd29d60000 - 0x00007ffd2a189000 	C:\WINDOWS\system32\SETUPAPI.dll
0x00007ffd25f70000 - 0x00007ffd25f83000 	C:\WINDOWS\SYSTEM32\WTSAPI32.dll
0x00007ffd269c0000 - 0x00007ffd269e7000 	C:\WINDOWS\SYSTEM32\DEVOBJ.dll
0x00007ffd27ff0000 - 0x00007ffd28045000 	C:\WINDOWS\system32\WINTRUST.dll
0x00007ffd27f60000 - 0x00007ffd27f70000 	C:\WINDOWS\system32\MSASN1.dll
0x00007ffd286c0000 - 0x00007ffd28887000 	C:\WINDOWS\system32\CRYPT32.dll
0x00007ffd27440000 - 0x00007ffd27471000 	C:\WINDOWS\SYSTEM32\ntmarta.dll
0x00007ffd27190000 - 0x00007ffd271e6000 	C:\WINDOWS\SYSTEM32\WINSTA.dll
0x00007ffd2b840000 - 0x00007ffd2b8e7000 	C:\WINDOWS\system32\clbcatq.dll
0x00007ffd231a0000 - 0x00007ffd231c5000 	C:\Program Files (x86)\Samsung\Easy Printer Manager\SmartScreenPrint\CDAKEYMonitor64.dll
0x00007ffd29360000 - 0x00007ffd29421000 	C:\WINDOWS\system32\OLEAUT32.dll
0x00007ffd238a0000 - 0x00007ffd23a2c000 	C:\WINDOWS\SYSTEM32\dbghelp.dll

VM Arguments:
jvm_args: -agentlib:jdwp=transport=dt_socket,address=127.0.0.1:49551,suspend=y,server=n -Djava.library.path=lib/native/ -Dfile.encoding=UTF-8 
java_command: main.Main
java_class_path (initial): C:\Program Files\Java\jdk1.8.0_65\jre\lib\charsets.jar;C:\Program Files\Java\jdk1.8.0_65\jre\lib\deploy.jar;C:\Program Files\Java\jdk1.8.0_65\jre\lib\ext\access-bridge-64.jar;C:\Program Files\Java\jdk1.8.0_65\jre\lib\ext\cldrdata.jar;C:\Program Files\Java\jdk1.8.0_65\jre\lib\ext\dnsns.jar;C:\Program Files\Java\jdk1.8.0_65\jre\lib\ext\jaccess.jar;C:\Program Files\Java\jdk1.8.0_65\jre\lib\ext\jfxrt.jar;C:\Program Files\Java\jdk1.8.0_65\jre\lib\ext\localedata.jar;C:\Program Files\Java\jdk1.8.0_65\jre\lib\ext\nashorn.jar;C:\Program Files\Java\jdk1.8.0_65\jre\lib\ext\sunec.jar;C:\Program Files\Java\jdk1.8.0_65\jre\lib\ext\sunjce_provider.jar;C:\Program Files\Java\jdk1.8.0_65\jre\lib\ext\sunmscapi.jar;C:\Program Files\Java\jdk1.8.0_65\jre\lib\ext\sunpkcs11.jar;C:\Program Files\Java\jdk1.8.0_65\jre\lib\ext\zipfs.jar;C:\Program Files\Java\jdk1.8.0_65\jre\lib\javaws.jar;C:\Program Files\Java\jdk1.8.0_65\jre\lib\jce.jar;C:\Program Files\Java\jdk1.8.0_65\jre\lib\jfr.jar;C:\Program Files\Java\jdk1.8.0_65\jre\lib\jfxswt.jar;C:\Program Files\Java\jdk1.8.0_65\jre\lib\jsse.jar;C:\Program Files\Java\jdk1.8.0_65\jre\lib\management-agent.jar;C:\Program Files\Java\jdk1.8.0_65\jre\lib\plugin.jar;C:\Program Files\Java\jdk1.8.0_65\jre\lib\resources.jar;C:\Program Files\Java\jdk1.8.0_65\jre\lib\rt.jar;D:\Code\Java\Projects\WireEngine20\out\production\WireEngine20;D:\Code\Java\Projects\WireEngine20\lib\jar\lwjgl.jar;D:\Code\Java\Projects\WireEngine20\lib\jar\slick-util.jar;D:\Program Files (x86)\JetBrains\IntelliJ IDEA 2016.1\lib\idea_rt.jar
Launcher Type: SUN_STANDARD

Environment Variables:
JAVA_HOME=C:\Program Files\Java\jdk1.8.0_65
PATH=C:\ProgramData\Oracle\Java\javapath;C:\Program Files (x86)\Razer Chroma SDK\bin;C:\Program Files\Razer Chroma SDK\bin;C:\Program Files (x86)\NVIDIA Corporation\PhysX\Common;C:\Program Files (x86)\Intel\iCLS Client\;C:\Program Files\Intel\iCLS Client\;C:\Windows\system32;C:\Windows;C:\Windows\System32\Wbem;C:\Windows\System32\WindowsPowerShell\v1.0\;C:\Program Files\Intel\Intel(R) Management Engine Components\DAL;C:\Program Files (x86)\Intel\Intel(R) Management Engine Components\DAL;C:\Program Files\Intel\Intel(R) Management Engine Components\IPT;C:\Program Files (x86)\Intel\Intel(R) Management Engine Components\IPT;C:\Program Files\Java\jre1.8.0_65\bin;C:\MinGW\bin;C:\WINDOWS\system32;C:\WINDOWS;C:\WINDOWS\System32\Wbem;C:\WINDOWS\System32\WindowsPowerShell\v1.0\;D:\Program Files (x86)\CMake\bin;D:\Program Files\Programs\Python\Python35-32;D:\Program Files\Programs\Python\Python35-32\Scripts;C:\Program Files (x86)\Skype\Phone\;D:\Program Files\Programs\Python\Python35-32\Scripts\;D:\Program Files\Programs\Python\Python35-32\
USERNAME=Kelan
OS=Windows_NT
PROCESSOR_IDENTIFIER=Intel64 Family 6 Model 60 Stepping 3, GenuineIntel



---------------  S Y S T E M  ---------------

OS: Windows 10.0 , 64 bit Build 10586 (10.0.10586.0)

CPU:total 8 (4 cores per cpu, 2 threads per core) family 6 model 60 stepping 3, cmov, cx8, fxsr, mmx, sse, sse2, sse3, ssse3, sse4.1, sse4.2, popcnt, avx, avx2, aes, clmul, erms, lzcnt, ht, tsc, tscinvbit, bmi1, bmi2

Memory: 4k page, physical 16609500k(8425628k free), swap 33386716k(22362932k free)

vm_info: Java HotSpot(TM) 64-Bit Server VM (25.65-b01) for windows-amd64 JRE (1.8.0_65-b17), built on Oct  6 2015 16:39:20 by "java_re" with MS VC++ 10.0 (VS2010)

time: Fri Apr 15 23:02:22 2016
elapsed time: 8 seconds (0d 0h 0m 8s)

