#
# A fatal error has been detected by the Java Runtime Environment:
#
#  EXCEPTION_ACCESS_VIOLATION (0xc0000005) at pc=0x00007ffb31d024b9, pid=10520, tid=4068
#
# JRE version: Java(TM) SE Runtime Environment (8.0_65-b17) (build 1.8.0_65-b17)
# Java VM: Java HotSpot(TM) 64-Bit Server VM (25.65-b01 mixed mode windows-amd64 compressed oops)
# Problematic frame:
# C  [glfw.dll+0x24b9]
#
# Failed to write core dump. Minidumps are not enabled by default on client versions of Windows
#
# If you would like to submit a bug report, please visit:
#   http://bugreport.java.com/bugreport/crash.jsp
# The crash happened outside the Java Virtual Machine in native code.
# See problematic frame for where to report the bug.
#

---------------  T H R E A D  ---------------

Current thread (0x000000001e258000):  JavaThread "CLIENT" [_thread_in_native, id=4068, stack(0x000000001ef60000,0x000000001f060000)]

siginfo: ExceptionCode=0xc0000005, reading address 0x0000000000000000

Registers:
RAX=0x0000000000000000, RBX=0x000000001ba03030, RCX=0x0000000000000000, RDX=0x0000000000000000
RSP=0x000000001f05eb60, RBP=0x000000001f05ebf0, RSI=0x0000000000000108, RDI=0x000000000045e9b0
R8 =0x000000001f05eb58, R9 =0x000000001f05ebf0, R10=0x0000000000000000, R11=0x0000000000000246
R12=0x0000000000000000, R13=0x000000001f05ec08, R14=0x000000001f05ebe0, R15=0x000000001e258000
RIP=0x00007ffb31d024b9, EFLAGS=0x0000000000010287

Top of Stack: (sp=0x000000001f05eb60)
0x000000001f05eb60:   0000000000000000 0000000000000108
0x000000001f05eb70:   000000001b9a7bc8 000000001bf80640
0x000000001f05eb80:   0000000000003dec 0000000002a7034a
0x000000001f05eb90:   000000001ba03030 000000006c6caea4
0x000000001f05eba0:   000000001e258000 000000001e258000
0x000000001f05ebb0:   000000001e258000 0000000000000000
0x000000001f05ebc0:   000000001e2191c0 000000006c655eba
0x000000001f05ebd0:   000000001f05f338 000000001f05ec68
0x000000001f05ebe0:   00000006c2806208 0000000000003deb
0x000000001f05ebf0:   000000001f05ec68 00000000025e7d8d
0x000000001f05ec00:   00000000025e7d8d 000000000045e9b0
0x000000001f05ec10:   00000000025e78a0 00007ffb31d02420
0x000000001f05ec20:   0000000000000001 000000001f05ec28
0x000000001f05ec30:   000000001ba1f0bc 000000001f05ec90
0x000000001f05ec40:   000000001ba210a0 0000000000000000
0x000000001f05ec50:   000000001ba1f0e8 000000001f05ec08 

Instructions: (pc=0x00007ffb31d024b9)
0x00007ffb31d02499:   48 8b cf e8 1f 3a 00 00 48 39 3d f0 d5 02 00 48
0x00007ffb31d024a9:   8d 0d e9 d5 02 00 48 8b 5c 24 30 74 08 48 8b 09
0x00007ffb31d024b9:   48 39 39 75 f8 48 8b 07 48 89 01 48 8b cf 48 83
0x00007ffb31d024c9:   c4 20 5f e9 5b fe 00 00 48 83 c4 20 5f c3 cc cc 


Register to memory mapping:

RAX=0x0000000000000000 is an unknown value
RBX={method} {0x000000001ba03038} 'invokePV' '(JJ)V' in 'org/lwjgl/system/JNI'
RCX=0x0000000000000000 is an unknown value
RDX=0x0000000000000000 is an unknown value
RSP=0x000000001f05eb60 is pointing into the stack for thread: 0x000000001e258000
RBP=0x000000001f05ebf0 is pointing into the stack for thread: 0x000000001e258000
RSI=0x0000000000000108 is an unknown value
RDI=0x000000000045e9b0 is an unknown value
R8 =0x000000001f05eb58 is pointing into the stack for thread: 0x000000001e258000
R9 =0x000000001f05ebf0 is pointing into the stack for thread: 0x000000001e258000
R10=0x0000000000000000 is an unknown value
R11=0x0000000000000246 is an unknown value
R12=0x0000000000000000 is an unknown value
R13=0x000000001f05ec08 is pointing into the stack for thread: 0x000000001e258000
R14=0x000000001f05ebe0 is pointing into the stack for thread: 0x000000001e258000
R15=0x000000001e258000 is a thread


Stack: [0x000000001ef60000,0x000000001f060000],  sp=0x000000001f05eb60,  free space=1018k
Native frames: (J=compiled Java code, j=interpreted, Vv=VM code, C=native code)
C  [glfw.dll+0x24b9]
C  0x0000000002a7034a

Java frames: (J=compiled Java code, j=interpreted, Vv=VM code)
J 841  org.lwjgl.system.JNI.invokePV(JJ)V (0 bytes) @ 0x0000000002a702c4 [0x0000000002a70280+0x44]
j  org.lwjgl.glfw.GLFW.glfwDestroyCursor(J)V+20
j  main.client.Window.destroyWindow()V+9
j  main.coreEngine.Engine.stop()V+70
J 868 C1 main.client.Window.update()V (37 bytes) @ 0x0000000002a80fac [0x0000000002a80b00+0x4ac]
J 848 C1 main.client.renderEngine.RenderEngine.render()V (60 bytes) @ 0x0000000002a79a5c [0x0000000002a78920+0x113c]
J 846 C1 main.client.ClientThread.tick()V (16 bytes) @ 0x0000000002a76434 [0x0000000002a75f80+0x4b4]
j  main.coreEngine.TickableThread.run()V+469
v  ~StubRoutines::call_stub

---------------  P R O C E S S  ---------------

Java Threads: ( => current thread )
  0x000000001e258800 JavaThread "SERVER" [_thread_in_Java, id=8908, stack(0x000000001f060000,0x000000001f160000)]
=>0x000000001e258000 JavaThread "CLIENT" [_thread_in_native, id=4068, stack(0x000000001ef60000,0x000000001f060000)]
  0x000000001e0b3000 JavaThread "Service Thread" daemon [_thread_blocked, id=728, stack(0x000000001ed60000,0x000000001ee60000)]
  0x000000001e0b2800 JavaThread "C1 CompilerThread3" daemon [_thread_blocked, id=9352, stack(0x000000001ec60000,0x000000001ed60000)]
  0x000000001e0b8800 JavaThread "C2 CompilerThread2" daemon [_thread_blocked, id=8428, stack(0x000000001eb60000,0x000000001ec60000)]
  0x000000001e0b8000 JavaThread "C2 CompilerThread1" daemon [_thread_blocked, id=11196, stack(0x000000001ea60000,0x000000001eb60000)]
  0x000000001e0bc800 JavaThread "C2 CompilerThread0" daemon [_thread_blocked, id=11628, stack(0x000000001e960000,0x000000001ea60000)]
  0x000000001e0a2800 JavaThread "JDWP Command Reader" daemon [_thread_in_native, id=1704, stack(0x000000001e860000,0x000000001e960000)]
  0x000000001e09f000 JavaThread "JDWP Event Helper Thread" daemon [_thread_blocked, id=11016, stack(0x000000001e760000,0x000000001e860000)]
  0x000000001e091800 JavaThread "JDWP Transport Listener: dt_socket" daemon [_thread_blocked, id=9244, stack(0x000000001e660000,0x000000001e760000)]
  0x000000001e086800 JavaThread "Attach Listener" daemon [_thread_blocked, id=5664, stack(0x000000001e560000,0x000000001e660000)]
  0x000000001e085800 JavaThread "Signal Dispatcher" daemon [_thread_blocked, id=5444, stack(0x000000001e460000,0x000000001e560000)]
  0x00000000024fa000 JavaThread "Finalizer" daemon [_thread_blocked, id=12580, stack(0x000000001de80000,0x000000001df80000)]
  0x00000000024f3000 JavaThread "Reference Handler" daemon [_thread_blocked, id=10904, stack(0x000000001dd80000,0x000000001de80000)]
  0x00000000025de000 JavaThread "main" [_thread_in_Java, id=11836, stack(0x0000000000d00000,0x0000000000e00000)]

Other Threads:
  0x000000001bf79800 VMThread [stack: 0x000000001dc80000,0x000000001dd80000] [id=8572]
  0x000000001e149000 WatcherThread [stack: 0x000000001ee60000,0x000000001ef60000] [id=4704]

VM state:not at safepoint (normal execution)

VM Mutex/Monitor currently owned by a thread: None

Heap:
 PSYoungGen      total 62464K, used 36137K [0x000000076b800000, 0x00000007bb780000, 0x00000007c0000000)
  eden space 61952K, 57% used [0x000000076b800000,0x000000076db12770,0x000000076f480000)
  from space 512K, 43% used [0x00000007bb700000,0x00000007bb738000,0x00000007bb780000)
  to   space 512K, 0% used [0x00000007bb680000,0x00000007bb680000,0x00000007bb700000)
 ParOldGen       total 173568K, used 18962K [0x00000006c2800000, 0x00000006cd180000, 0x000000076b800000)
  object space 173568K, 10% used [0x00000006c2800000,0x00000006c3a84b48,0x00000006cd180000)
 Metaspace       used 8406K, capacity 8774K, committed 8960K, reserved 1056768K
  class space    used 662K, capacity 690K, committed 768K, reserved 1048576K

Card table byte_map: [0x00000000119a0000,0x0000000012190000] byte_map_base: 0x000000000e38c000

Marking Bits: (ParMarkBitMap*) 0x000000006cdaa5b0
 Begin Bits: [0x0000000012ee0000, 0x0000000016e40000)
 End Bits:   [0x0000000016e40000, 0x000000001ada0000)

Polling page: 0x0000000000950000

CodeCache: size=245760Kb used=4907Kb max_used=4917Kb free=240852Kb
 bounds [0x00000000025e0000, 0x0000000002ac0000, 0x00000000115e0000]
 total_blobs=1556 nmethods=898 adapters=579
 compilation: enabled

Compilation events (10 events):
Event: 23.057 Thread 0x000000001e0b2800  896       1       main.coreEngine.sceneGraph.components.LightComponent::input (1 bytes)
Event: 23.057 Thread 0x000000001e0b2800 nmethod 896 0x0000000002a9a790 code [0x0000000002a9a8e0, 0x0000000002a9a9f0]
Event: 24.126 Thread 0x000000001e0b8800  897       4       main.client.InputHandler::cursorPosition (60 bytes)
Event: 24.126 Thread 0x000000001e0b8000  898       4       main.coreEngine.util.maths.Vector2f::sub (54 bytes)
Event: 24.127 Thread 0x000000001e0b8000 nmethod 898 0x0000000002a9a350 code [0x0000000002a9a4a0, 0x0000000002a9a5f8]
Event: 24.137 Thread 0x000000001e0b8800 nmethod 897 0x0000000002aa3390 code [0x0000000002aa35c0, 0x0000000002aa42a0]
Event: 24.423 Thread 0x000000001e0bc800  899       4       java.lang.Integer::valueOf (32 bytes)
Event: 24.424 Thread 0x000000001e0bc800 nmethod 899 0x0000000002a9e210 code [0x0000000002a9e360, 0x0000000002a9e458]
Event: 25.002 Thread 0x000000001e0b2800  900       1       main.coreEngine.sceneGraph.components.LightComponent::tick (1 bytes)
Event: 25.002 Thread 0x000000001e0b2800 nmethod 900 0x0000000002a9a090 code [0x0000000002a9a1e0, 0x0000000002a9a2f0]

GC Heap History (10 events):
Event: 28.195 GC heap before
{Heap before GC invocations=92 (full 0):
 PSYoungGen      total 70144K, used 69824K [0x000000076b800000, 0x00000007bb780000, 0x00000007c0000000)
  eden space 69632K, 100% used [0x000000076b800000,0x000000076fc00000,0x000000076fc00000)
  from space 512K, 37% used [0x00000007bb680000,0x00000007bb6b0000,0x00000007bb700000)
  to   space 512K, 0% used [0x00000007bb700000,0x00000007bb700000,0x00000007bb780000)
 ParOldGen       total 173568K, used 18962K [0x00000006c2800000, 0x00000006cd180000, 0x000000076b800000)
  object space 173568K, 10% used [0x00000006c2800000,0x00000006c3a84b48,0x00000006cd180000)
 Metaspace       used 8406K, capacity 8774K, committed 8960K, reserved 1056768K
  class space    used 662K, capacity 690K, committed 768K, reserved 1048576K
Event: 28.196 GC heap after
Heap after GC invocations=92 (full 0):
 PSYoungGen      total 68608K, used 192K [0x000000076b800000, 0x00000007bb780000, 0x00000007c0000000)
  eden space 68096K, 0% used [0x000000076b800000,0x000000076b800000,0x000000076fa80000)
  from space 512K, 37% used [0x00000007bb700000,0x00000007bb730000,0x00000007bb780000)
  to   space 512K, 0% used [0x00000007bb680000,0x00000007bb680000,0x00000007bb700000)
 ParOldGen       total 173568K, used 18962K [0x00000006c2800000, 0x00000006cd180000, 0x000000076b800000)
  object space 173568K, 10% used [0x00000006c2800000,0x00000006c3a84b48,0x00000006cd180000)
 Metaspace       used 8406K, capacity 8774K, committed 8960K, reserved 1056768K
  class space    used 662K, capacity 690K, committed 768K, reserved 1048576K
}
Event: 28.259 GC heap before
{Heap before GC invocations=93 (full 0):
 PSYoungGen      total 68608K, used 68288K [0x000000076b800000, 0x00000007bb780000, 0x00000007c0000000)
  eden space 68096K, 100% used [0x000000076b800000,0x000000076fa80000,0x000000076fa80000)
  from space 512K, 37% used [0x00000007bb700000,0x00000007bb730000,0x00000007bb780000)
  to   space 512K, 0% used [0x00000007bb680000,0x00000007bb680000,0x00000007bb700000)
 ParOldGen       total 173568K, used 18962K [0x00000006c2800000, 0x00000006cd180000, 0x000000076b800000)
  object space 173568K, 10% used [0x00000006c2800000,0x00000006c3a84b48,0x00000006cd180000)
 Metaspace       used 8406K, capacity 8774K, committed 8960K, reserved 1056768K
  class space    used 662K, capacity 690K, committed 768K, reserved 1048576K
Event: 28.260 GC heap after
Heap after GC invocations=93 (full 0):
 PSYoungGen      total 67072K, used 224K [0x000000076b800000, 0x00000007bb780000, 0x00000007c0000000)
  eden space 66560K, 0% used [0x000000076b800000,0x000000076b800000,0x000000076f900000)
  from space 512K, 43% used [0x00000007bb680000,0x00000007bb6b8000,0x00000007bb700000)
  to   space 512K, 0% used [0x00000007bb700000,0x00000007bb700000,0x00000007bb780000)
 ParOldGen       total 173568K, used 18962K [0x00000006c2800000, 0x00000006cd180000, 0x000000076b800000)
  object space 173568K, 10% used [0x00000006c2800000,0x00000006c3a84b48,0x00000006cd180000)
 Metaspace       used 8406K, capacity 8774K, committed 8960K, reserved 1056768K
  class space    used 662K, capacity 690K, committed 768K, reserved 1048576K
}
Event: 28.320 GC heap before
{Heap before GC invocations=94 (full 0):
 PSYoungGen      total 67072K, used 66784K [0x000000076b800000, 0x00000007bb780000, 0x00000007c0000000)
  eden space 66560K, 100% used [0x000000076b800000,0x000000076f900000,0x000000076f900000)
  from space 512K, 43% used [0x00000007bb680000,0x00000007bb6b8000,0x00000007bb700000)
  to   space 512K, 0% used [0x00000007bb700000,0x00000007bb700000,0x00000007bb780000)
 ParOldGen       total 173568K, used 18962K [0x00000006c2800000, 0x00000006cd180000, 0x000000076b800000)
  object space 173568K, 10% used [0x00000006c2800000,0x00000006c3a84b48,0x00000006cd180000)
 Metaspace       used 8406K, capacity 8774K, committed 8960K, reserved 1056768K
  class space    used 662K, capacity 690K, committed 768K, reserved 1048576K
Event: 28.321 GC heap after
Heap after GC invocations=94 (full 0):
 PSYoungGen      total 65536K, used 256K [0x000000076b800000, 0x00000007bb780000, 0x00000007c0000000)
  eden space 65024K, 0% used [0x000000076b800000,0x000000076b800000,0x000000076f780000)
  from space 512K, 50% used [0x00000007bb700000,0x00000007bb740000,0x00000007bb780000)
  to   space 512K, 0% used [0x00000007bb680000,0x00000007bb680000,0x00000007bb700000)
 ParOldGen       total 173568K, used 18962K [0x00000006c2800000, 0x00000006cd180000, 0x000000076b800000)
  object space 173568K, 10% used [0x00000006c2800000,0x00000006c3a84b48,0x00000006cd180000)
 Metaspace       used 8406K, capacity 8774K, committed 8960K, reserved 1056768K
  class space    used 662K, capacity 690K, committed 768K, reserved 1048576K
}
Event: 28.395 GC heap before
{Heap before GC invocations=95 (full 0):
 PSYoungGen      total 65536K, used 65280K [0x000000076b800000, 0x00000007bb780000, 0x00000007c0000000)
  eden space 65024K, 100% used [0x000000076b800000,0x000000076f780000,0x000000076f780000)
  from space 512K, 50% used [0x00000007bb700000,0x00000007bb740000,0x00000007bb780000)
  to   space 512K, 0% used [0x00000007bb680000,0x00000007bb680000,0x00000007bb700000)
 ParOldGen       total 173568K, used 18962K [0x00000006c2800000, 0x00000006cd180000, 0x000000076b800000)
  object space 173568K, 10% used [0x00000006c2800000,0x00000006c3a84b48,0x00000006cd180000)
 Metaspace       used 8406K, capacity 8774K, committed 8960K, reserved 1056768K
  class space    used 662K, capacity 690K, committed 768K, reserved 1048576K
Event: 28.395 GC heap after
Heap after GC invocations=95 (full 0):
 PSYoungGen      total 64000K, used 224K [0x000000076b800000, 0x00000007bb780000, 0x00000007c0000000)
  eden space 63488K, 0% used [0x000000076b800000,0x000000076b800000,0x000000076f600000)
  from space 512K, 43% used [0x00000007bb680000,0x00000007bb6b8000,0x00000007bb700000)
  to   space 512K, 0% used [0x00000007bb700000,0x00000007bb700000,0x00000007bb780000)
 ParOldGen       total 173568K, used 18962K [0x00000006c2800000, 0x00000006cd180000, 0x000000076b800000)
  object space 173568K, 10% used [0x00000006c2800000,0x00000006c3a84b48,0x00000006cd180000)
 Metaspace       used 8406K, capacity 8774K, committed 8960K, reserved 1056768K
  class space    used 662K, capacity 690K, committed 768K, reserved 1048576K
}
Event: 28.445 GC heap before
{Heap before GC invocations=96 (full 0):
 PSYoungGen      total 64000K, used 63712K [0x000000076b800000, 0x00000007bb780000, 0x00000007c0000000)
  eden space 63488K, 100% used [0x000000076b800000,0x000000076f600000,0x000000076f600000)
  from space 512K, 43% used [0x00000007bb680000,0x00000007bb6b8000,0x00000007bb700000)
  to   space 512K, 0% used [0x00000007bb700000,0x00000007bb700000,0x00000007bb780000)
 ParOldGen       total 173568K, used 18962K [0x00000006c2800000, 0x00000006cd180000, 0x000000076b800000)
  object space 173568K, 10% used [0x00000006c2800000,0x00000006c3a84b48,0x00000006cd180000)
 Metaspace       used 8406K, capacity 8774K, committed 8960K, reserved 1056768K
  class space    used 662K, capacity 690K, committed 768K, reserved 1048576K
Event: 28.445 GC heap after
Heap after GC invocations=96 (full 0):
 PSYoungGen      total 62464K, used 224K [0x000000076b800000, 0x00000007bb780000, 0x00000007c0000000)
  eden space 61952K, 0% used [0x000000076b800000,0x000000076b800000,0x000000076f480000)
  from space 512K, 43% used [0x00000007bb700000,0x00000007bb738000,0x00000007bb780000)
  to   space 512K, 0% used [0x00000007bb680000,0x00000007bb680000,0x00000007bb700000)
 ParOldGen       total 173568K, used 18962K [0x00000006c2800000, 0x00000006cd180000, 0x000000076b800000)
  object space 173568K, 10% used [0x00000006c2800000,0x00000006c3a84b48,0x00000006cd180000)
 Metaspace       used 8406K, capacity 8774K, committed 8960K, reserved 1056768K
  class space    used 662K, capacity 690K, committed 768K, reserved 1048576K
}

Deoptimization events (10 events):
Event: 1.439 Thread 0x000000001e258000 Uncommon trap: reason=class_check action=maybe_recompile pc=0x00000000028bb584 method=sun.misc.FloatingDecimal.parseFloat(Ljava/lang/String;)F @ 4
Event: 1.439 Thread 0x000000001e258000 Uncommon trap: reason=class_check action=maybe_recompile pc=0x00000000028bb584 method=sun.misc.FloatingDecimal.parseFloat(Ljava/lang/String;)F @ 4
Event: 1.439 Thread 0x000000001e258000 Uncommon trap: reason=class_check action=maybe_recompile pc=0x00000000028bb584 method=sun.misc.FloatingDecimal.parseFloat(Ljava/lang/String;)F @ 4
Event: 1.439 Thread 0x000000001e258000 Uncommon trap: reason=class_check action=maybe_recompile pc=0x00000000028bb584 method=sun.misc.FloatingDecimal.parseFloat(Ljava/lang/String;)F @ 4
Event: 1.441 Thread 0x000000001e258000 Uncommon trap: reason=unstable_if action=reinterpret pc=0x0000000002913600 method=main.client.renderEngine.mesh.MeshBuilder.processFace(Ljava/lang/String;Lmain/client/renderEngine/mesh/MeshBuilder;)Z @ 114
Event: 1.443 Thread 0x000000001e258000 Uncommon trap: reason=bimorphic action=maybe_recompile pc=0x0000000002732a80 method=java.util.HashMap.getNode(ILjava/lang/Object;)Ljava/util/HashMap$Node; @ 126
Event: 1.544 Thread 0x000000001e258000 Uncommon trap: reason=unstable_if action=reinterpret pc=0x00000000028b43d0 method=main.coreEngine.TickableThread.run()V @ 461
Event: 1.552 Thread 0x000000001e258800 Uncommon trap: reason=unstable_if action=reinterpret pc=0x00000000028b43d0 method=main.coreEngine.TickableThread.run()V @ 461
Event: 1.553 Thread 0x000000001e258000 Uncommon trap: reason=unstable_if action=reinterpret pc=0x00000000029187b0 method=java.lang.Integer.valueOf(I)Ljava/lang/Integer; @ 10
Event: 1.560 Thread 0x00000000025de000 Uncommon trap: reason=unstable_if action=reinterpret pc=0x00000000029f754c method=main.coreEngine.Engine.start()V @ 163

Internal exceptions (8 events):
Event: 0.031 Thread 0x00000000025de000 Exception <a 'java/lang/NoSuchMethodError': Method sun.misc.Unsafe.defineClass(Ljava/lang/String;[BII)Ljava/lang/Class; name or signature does not match> (0x000000076b80da30) thrown at [C:\workspace\8-2-build-windows-amd64-cygwin\jdk8u65\4987\hotspot\src\sŽz¹¼}# ?
Event: 0.032 Thread 0x00000000025de000 Exception <a 'java/lang/NoSuchMethodError': Method sun.misc.Unsafe.prefetchRead(Ljava/lang/Object;J)V name or signature does not match> (0x000000076b80dd18) thrown at [C:\workspace\8-2-build-windows-amd64-cygwin\jdk8u65\4987\hotspot\src\share\vm\prims\jni.ŒâUüQÜ?
Event: 0.442 Thread 0x000000001e258000 Implicit null exception at 0x0000000002734d8f to 0x00000000027350f1
Event: 0.443 Thread 0x000000001e258000 Exception <a 'java/security/PrivilegedActionException'> (0x000000076dea1b28) thrown at [C:\workspace\8-2-build-windows-amd64-cygwin\jdk8u65\4987\hotspot\src\share\vm\prims\jvm.cpp, line 1386]
Event: 0.443 Thread 0x000000001e258000 Exception <a 'java/security/PrivilegedActionException'> (0x000000076dea1f20) thrown at [C:\workspace\8-2-build-windows-amd64-cygwin\jdk8u65\4987\hotspot\src\share\vm\prims\jvm.cpp, line 1386]
Event: 0.444 Thread 0x000000001e258000 Exception <a 'java/security/PrivilegedActionException'> (0x000000076dea6138) thrown at [C:\workspace\8-2-build-windows-amd64-cygwin\jdk8u65\4987\hotspot\src\share\vm\prims\jvm.cpp, line 1386]
Event: 0.444 Thread 0x000000001e258000 Exception <a 'java/security/PrivilegedActionException'> (0x000000076dea6530) thrown at [C:\workspace\8-2-build-windows-amd64-cygwin\jdk8u65\4987\hotspot\src\share\vm\prims\jvm.cpp, line 1386]
Event: 0.905 Thread 0x00000000025de000 Implicit null exception at 0x000000000274463c to 0x0000000002744c09

Events (10 events):
Event: 28.195 Executing VM operation: ParallelGCFailedAllocation
Event: 28.196 Executing VM operation: ParallelGCFailedAllocation done
Event: 28.259 Executing VM operation: ParallelGCFailedAllocation
Event: 28.260 Executing VM operation: ParallelGCFailedAllocation done
Event: 28.320 Executing VM operation: ParallelGCFailedAllocation
Event: 28.321 Executing VM operation: ParallelGCFailedAllocation done
Event: 28.395 Executing VM operation: ParallelGCFailedAllocation
Event: 28.395 Executing VM operation: ParallelGCFailedAllocation done
Event: 28.445 Executing VM operation: ParallelGCFailedAllocation
Event: 28.445 Executing VM operation: ParallelGCFailedAllocation done


Dynamic libraries:
0x00007ff603aa0000 - 0x00007ff603ad7000 	C:\Program Files\Java\jdk1.8.0_65\bin\java.exe
0x00007ffb48720000 - 0x00007ffb488e1000 	C:\WINDOWS\SYSTEM32\ntdll.dll
0x00007ffb48170000 - 0x00007ffb4821d000 	C:\WINDOWS\system32\KERNEL32.DLL
0x00007ffb45560000 - 0x00007ffb45748000 	C:\WINDOWS\system32\KERNELBASE.dll
0x00007ffb47a50000 - 0x00007ffb47af7000 	C:\WINDOWS\system32\ADVAPI32.dll
0x00007ffb480d0000 - 0x00007ffb4816d000 	C:\WINDOWS\system32\msvcrt.dll
0x00007ffb47b00000 - 0x00007ffb47b5b000 	C:\WINDOWS\system32\sechost.dll
0x00007ffb47700000 - 0x00007ffb4781c000 	C:\WINDOWS\system32\RPCRT4.dll
0x00007ffb485c0000 - 0x00007ffb48716000 	C:\WINDOWS\system32\USER32.dll
0x00007ffb48220000 - 0x00007ffb483a6000 	C:\WINDOWS\system32\GDI32.dll
0x00007ffb41530000 - 0x00007ffb417a4000 	C:\WINDOWS\WinSxS\amd64_microsoft.windows.common-controls_6595b64144ccf1df_6.0.10586.0_none_8c15ae12515e1c22\COMCTL32.dll
0x00007ffb45b00000 - 0x00007ffb45d7d000 	C:\WINDOWS\system32\combase.dll
0x00007ffb45920000 - 0x00007ffb4598a000 	C:\WINDOWS\system32\bcryptPrimitives.dll
0x00007ffb45f90000 - 0x00007ffb45fcb000 	C:\WINDOWS\system32\IMM32.DLL
0x000000006ce30000 - 0x000000006cf02000 	C:\Program Files\Java\jdk1.8.0_65\jre\bin\msvcr100.dll
0x000000006c5a0000 - 0x000000006ce29000 	C:\Program Files\Java\jdk1.8.0_65\jre\bin\server\jvm.dll
0x00007ffb475a0000 - 0x00007ffb475a8000 	C:\WINDOWS\system32\PSAPI.DLL
0x00007ffb3c060000 - 0x00007ffb3c069000 	C:\WINDOWS\SYSTEM32\WSOCK32.dll
0x00007ffb42fa0000 - 0x00007ffb42fc3000 	C:\WINDOWS\SYSTEM32\WINMM.dll
0x00007ffb48420000 - 0x00007ffb4848b000 	C:\WINDOWS\system32\WS2_32.dll
0x00007ffb418d0000 - 0x00007ffb418da000 	C:\WINDOWS\SYSTEM32\VERSION.dll
0x00007ffb42f40000 - 0x00007ffb42f6c000 	C:\WINDOWS\SYSTEM32\WINMMBASE.dll
0x00007ffb45ab0000 - 0x00007ffb45af3000 	C:\WINDOWS\system32\cfgmgr32.dll
0x000000006c590000 - 0x000000006c59f000 	C:\Program Files\Java\jdk1.8.0_65\jre\bin\verify.dll
0x000000006c560000 - 0x000000006c589000 	C:\Program Files\Java\jdk1.8.0_65\jre\bin\java.dll
0x000000006c520000 - 0x000000006c555000 	C:\Program Files\Java\jdk1.8.0_65\jre\bin\jdwp.dll
0x000000006c510000 - 0x000000006c518000 	C:\Program Files\Java\jdk1.8.0_65\jre\bin\npt.dll
0x000000006c4f0000 - 0x000000006c506000 	C:\Program Files\Java\jdk1.8.0_65\jre\bin\zip.dll
0x00007ffb45fd0000 - 0x00007ffb4752c000 	C:\WINDOWS\system32\SHELL32.dll
0x00007ffb44ef0000 - 0x00007ffb45535000 	C:\WINDOWS\system32\windows.storage.dll
0x00007ffb483c0000 - 0x00007ffb48412000 	C:\WINDOWS\system32\shlwapi.dll
0x00007ffb44da0000 - 0x00007ffb44daf000 	C:\WINDOWS\system32\kernel.appcore.dll
0x00007ffb459f0000 - 0x00007ffb45aa5000 	C:\WINDOWS\system32\shcore.dll
0x00007ffb44d50000 - 0x00007ffb44d9b000 	C:\WINDOWS\system32\powrprof.dll
0x00007ffb44d20000 - 0x00007ffb44d34000 	C:\WINDOWS\system32\profapi.dll
0x000000006c4e0000 - 0x000000006c4e9000 	C:\Program Files\Java\jdk1.8.0_65\jre\bin\dt_socket.dll
0x00007ffb44650000 - 0x00007ffb446ac000 	C:\WINDOWS\system32\mswsock.dll
0x00007ffb31d90000 - 0x00007ffb31e18000 	D:\Code\Java\Projects\WireEngine20\lib\native\lwjgl.dll
0x00007ffb44820000 - 0x00007ffb4482b000 	C:\WINDOWS\SYSTEM32\CRYPTBASE.DLL
0x00007ffb31d40000 - 0x00007ffb31d82000 	D:\Code\Java\Projects\WireEngine20\lib\native\jemalloc.dll
0x00007ffb31d00000 - 0x00007ffb31d38000 	D:\Code\Java\Projects\WireEngine20\lib\native\glfw.dll
0x00007ffb436a0000 - 0x00007ffb43736000 	C:\WINDOWS\system32\uxtheme.dll
0x00007ffb42950000 - 0x00007ffb42972000 	C:\WINDOWS\SYSTEM32\dwmapi.dll
0x00007ffb2da30000 - 0x00007ffb2db59000 	C:\WINDOWS\SYSTEM32\opengl32.dll
0x00007ffb2fd50000 - 0x00007ffb2fe4a000 	C:\WINDOWS\SYSTEM32\DDRAW.dll
0x00007ffb3a050000 - 0x00007ffb3a07e000 	C:\WINDOWS\SYSTEM32\GLU32.dll
0x00007ffb40230000 - 0x00007ffb40238000 	C:\WINDOWS\SYSTEM32\DCIMAN32.dll
0x00007ffb478f0000 - 0x00007ffb47a4a000 	C:\WINDOWS\system32\MSCTF.dll
0x00007ffb2cbb0000 - 0x00007ffb2cbf9000 	C:\Program Files (x86)\TeamViewer\tv_x64.dll
0x00007ffb475b0000 - 0x00007ffb476f3000 	C:\WINDOWS\system32\ole32.dll
0x000000006a790000 - 0x000000006c4d9000 	C:\WINDOWS\SYSTEM32\nvoglv64.DLL
0x00007ffb47c20000 - 0x00007ffb48049000 	C:\WINDOWS\system32\SETUPAPI.dll
0x00007ffb42d00000 - 0x00007ffb42d13000 	C:\WINDOWS\SYSTEM32\WTSAPI32.dll
0x00007ffb437f0000 - 0x00007ffb43817000 	C:\WINDOWS\SYSTEM32\DEVOBJ.dll
0x00007ffb45990000 - 0x00007ffb459e5000 	C:\WINDOWS\system32\WINTRUST.dll
0x00007ffb44d40000 - 0x00007ffb44d50000 	C:\WINDOWS\system32\MSASN1.dll
0x00007ffb45750000 - 0x00007ffb45917000 	C:\WINDOWS\system32\CRYPT32.dll
0x00007ffb44270000 - 0x00007ffb442a1000 	C:\WINDOWS\SYSTEM32\ntmarta.dll
0x00007ffb43fc0000 - 0x00007ffb44016000 	C:\WINDOWS\SYSTEM32\WINSTA.dll
0x00007ffb47b70000 - 0x00007ffb47c17000 	C:\WINDOWS\system32\clbcatq.dll
0x00007ffb3d0b0000 - 0x00007ffb3d0d5000 	C:\Program Files (x86)\Samsung\Easy Printer Manager\SmartScreenPrint\CDAKEYMonitor64.dll
0x00007ffb47820000 - 0x00007ffb478e1000 	C:\WINDOWS\system32\OLEAUT32.dll
0x00007ffb2ca20000 - 0x00007ffb2cbac000 	C:\WINDOWS\SYSTEM32\dbghelp.dll

VM Arguments:
jvm_args: -agentlib:jdwp=transport=dt_socket,address=127.0.0.1:62080,suspend=y,server=n -Djava.library.path=lib/native/ -Dfile.encoding=UTF-8 
java_command: main.Main
java_class_path (initial): C:\Program Files\Java\jdk1.8.0_65\jre\lib\charsets.jar;C:\Program Files\Java\jdk1.8.0_65\jre\lib\deploy.jar;C:\Program Files\Java\jdk1.8.0_65\jre\lib\ext\access-bridge-64.jar;C:\Program Files\Java\jdk1.8.0_65\jre\lib\ext\cldrdata.jar;C:\Program Files\Java\jdk1.8.0_65\jre\lib\ext\dnsns.jar;C:\Program Files\Java\jdk1.8.0_65\jre\lib\ext\jaccess.jar;C:\Program Files\Java\jdk1.8.0_65\jre\lib\ext\jfxrt.jar;C:\Program Files\Java\jdk1.8.0_65\jre\lib\ext\localedata.jar;C:\Program Files\Java\jdk1.8.0_65\jre\lib\ext\nashorn.jar;C:\Program Files\Java\jdk1.8.0_65\jre\lib\ext\sunec.jar;C:\Program Files\Java\jdk1.8.0_65\jre\lib\ext\sunjce_provider.jar;C:\Program Files\Java\jdk1.8.0_65\jre\lib\ext\sunmscapi.jar;C:\Program Files\Java\jdk1.8.0_65\jre\lib\ext\sunpkcs11.jar;C:\Program Files\Java\jdk1.8.0_65\jre\lib\ext\zipfs.jar;C:\Program Files\Java\jdk1.8.0_65\jre\lib\javaws.jar;C:\Program Files\Java\jdk1.8.0_65\jre\lib\jce.jar;C:\Program Files\Java\jdk1.8.0_65\jre\lib\jfr.jar;C:\Program Files\Java\jdk1.8.0_65\jre\lib\jfxswt.jar;C:\Program Files\Java\jdk1.8.0_65\jre\lib\jsse.jar;C:\Program Files\Java\jdk1.8.0_65\jre\lib\management-agent.jar;C:\Program Files\Java\jdk1.8.0_65\jre\lib\plugin.jar;C:\Program Files\Java\jdk1.8.0_65\jre\lib\resources.jar;C:\Program Files\Java\jdk1.8.0_65\jre\lib\rt.jar;D:\Code\Java\Projects\WireEngine20\out\production\WireEngine20;D:\Code\Java\Projects\WireEngine20\lib\jar\lwjgl.jar;D:\Code\Java\Projects\WireEngine20\lib\jar\slick-util.jar;D:\Program Files (x86)\JetBrains\IntelliJ IDEA 2016.1\lib\idea_rt.jar
Launcher Type: SUN_STANDARD

Environment Variables:
JAVA_HOME=C:\Program Files\Java\jdk1.8.0_65
PATH=C:\ProgramData\Oracle\Java\javapath;C:\Program Files (x86)\Razer Chroma SDK\bin;C:\Program Files\Razer Chroma SDK\bin;C:\Program Files (x86)\NVIDIA Corporation\PhysX\Common;C:\Program Files (x86)\Intel\iCLS Client\;C:\Program Files\Intel\iCLS Client\;C:\Windows\system32;C:\Windows;C:\Windows\System32\Wbem;C:\Windows\System32\WindowsPowerShell\v1.0\;C:\Program Files\Intel\Intel(R) Management Engine Components\DAL;C:\Program Files (x86)\Intel\Intel(R) Management Engine Components\DAL;C:\Program Files\Intel\Intel(R) Management Engine Components\IPT;C:\Program Files (x86)\Intel\Intel(R) Management Engine Components\IPT;C:\Program Files\Java\jre1.8.0_65\bin;C:\MinGW\bin;C:\WINDOWS\system32;C:\WINDOWS;C:\WINDOWS\System32\Wbem;C:\WINDOWS\System32\WindowsPowerShell\v1.0\;D:\Program Files (x86)\CMake\bin;D:\Program Files\Programs\Python\Python35-32;D:\Program Files\Programs\Python\Python35-32\Scripts;C:\Program Files (x86)\Skype\Phone\;D:\Program Files\Programs\Python\Python35-32\Scripts\;D:\Program Files\Programs\Python\Python35-32\
USERNAME=Kelan
OS=Windows_NT
PROCESSOR_IDENTIFIER=Intel64 Family 6 Model 60 Stepping 3, GenuineIntel



---------------  S Y S T E M  ---------------

OS: Windows 10.0 , 64 bit Build 10586 (10.0.10586.0)

CPU:total 8 (4 cores per cpu, 2 threads per core) family 6 model 60 stepping 3, cmov, cx8, fxsr, mmx, sse, sse2, sse3, ssse3, sse4.1, sse4.2, popcnt, avx, avx2, aes, clmul, erms, lzcnt, ht, tsc, tscinvbit, bmi1, bmi2

Memory: 4k page, physical 16609500k(8069776k free), swap 33386716k(22287896k free)

vm_info: Java HotSpot(TM) 64-Bit Server VM (25.65-b01) for windows-amd64 JRE (1.8.0_65-b17), built on Oct  6 2015 16:39:20 by "java_re" with MS VC++ 10.0 (VS2010)

time: Tue Apr 19 13:49:04 2016
elapsed time: 28 seconds (0d 0h 0m 28s)

