#
# A fatal error has been detected by the Java Runtime Environment:
#
#  EXCEPTION_ACCESS_VIOLATION (0xc0000005) at pc=0x00007ffdd45924b9, pid=4932, tid=9284
#
# JRE version: Java(TM) SE Runtime Environment (8.0_65-b17) (build 1.8.0_65-b17)
# Java VM: Java HotSpot(TM) 64-Bit Server VM (25.65-b01 mixed mode windows-amd64 compressed oops)
# Problematic frame:
# C  [glfw.dll+0x24b9]
#
# Failed to write core dump. Minidumps are not enabled by default on client versions of Windows
#
# If you would like to submit a bug report, please visit:
#   http://bugreport.java.com/bugreport/crash.jsp
# The crash happened outside the Java Virtual Machine in native code.
# See problematic frame for where to report the bug.
#

---------------  T H R E A D  ---------------

Current thread (0x000000001e2a7000):  JavaThread "CLIENT" [_thread_in_native, id=9284, stack(0x000000001efc0000,0x000000001f0c0000)]

siginfo: ExceptionCode=0xc0000005, reading address 0x0000000000000000

Registers:
RAX=0x0000000000000000, RBX=0x000000001ba86d70, RCX=0x0000000000000000, RDX=0x0000000000000000
RSP=0x000000001f0bedf0, RBP=0x000000001f0beea0, RSI=0x0000000000000108, RDI=0x00000000004aece0
R8 =0x000000001f0bede8, R9 =0x000000001f0beea0, R10=0x0000000000000000, R11=0x0000000000000246
R12=0x0000000000000000, R13=0x000000001ba86d70, R14=0x000000001f0beed8, R15=0x000000001e2a7000
RIP=0x00007ffdd45924b9, EFLAGS=0x0000000000010283

Top of Stack: (sp=0x000000001f0bedf0)
0x000000001f0bedf0:   000000001e2a7000 000000001e2a7000
0x000000001f0bee00:   000000001baa0ce0 000000007052d610
0x000000001f0bee10:   00000000000000df 000000000268dfcc
0x000000001f0bee20:   000000001ba86d70 000000001c011520
0x000000001f0bee30:   000000000000000e 000000001e2a7000
0x000000001f0bee40:   000000001baa0ce0 000000007052aea4
0x000000001f0bee50:   000000001e2a7000 000000001e2a7000
0x000000001f0bee60:   000000001f0bee60 0000000000000000
0x000000001f0bee70:   000000001f0beed8 000000001ba87510
0x000000001f0bee80:   0000000000000000 000000001ba86d70
0x000000001f0bee90:   0000000000000000 000000001f0beec0
0x000000001f0beea0:   000000001f0bef20 0000000002677d8d
0x000000001f0beeb0:   00000006c280a328 00000000026842f8
0x000000001f0beec0:   00000000004aece0 00000000026778a0
0x000000001f0beed0:   00007ffdd4592420 0000000000000001
0x000000001f0beee0:   000000001f0beee0 000000001baa0cb4 

Instructions: (pc=0x00007ffdd45924b9)
0x00007ffdd4592499:   48 8b cf e8 1f 3a 00 00 48 39 3d f0 d5 02 00 48
0x00007ffdd45924a9:   8d 0d e9 d5 02 00 48 8b 5c 24 30 74 08 48 8b 09
0x00007ffdd45924b9:   48 39 39 75 f8 48 8b 07 48 89 01 48 8b cf 48 83
0x00007ffdd45924c9:   c4 20 5f e9 5b fe 00 00 48 83 c4 20 5f c3 cc cc 


Register to memory mapping:

RAX=0x0000000000000000 is an unknown value
RBX={method} {0x000000001ba86d78} 'invokePV' '(JJ)V' in 'org/lwjgl/system/JNI'
RCX=0x0000000000000000 is an unknown value
RDX=0x0000000000000000 is an unknown value
RSP=0x000000001f0bedf0 is pointing into the stack for thread: 0x000000001e2a7000
RBP=0x000000001f0beea0 is pointing into the stack for thread: 0x000000001e2a7000
RSI=0x0000000000000108 is an unknown value
RDI=0x00000000004aece0 is an unknown value
R8 =0x000000001f0bede8 is pointing into the stack for thread: 0x000000001e2a7000
R9 =0x000000001f0beea0 is pointing into the stack for thread: 0x000000001e2a7000
R10=0x0000000000000000 is an unknown value
R11=0x0000000000000246 is an unknown value
R12=0x0000000000000000 is an unknown value
R13={method} {0x000000001ba86d78} 'invokePV' '(JJ)V' in 'org/lwjgl/system/JNI'
R14=0x000000001f0beed8 is pointing into the stack for thread: 0x000000001e2a7000
R15=0x000000001e2a7000 is a thread


Stack: [0x000000001efc0000,0x000000001f0c0000],  sp=0x000000001f0bedf0,  free space=1019k
Native frames: (J=compiled Java code, j=interpreted, Vv=VM code, C=native code)
C  [glfw.dll+0x24b9]
C  0x000000000268dfcc

Java frames: (J=compiled Java code, j=interpreted, Vv=VM code)
j  org.lwjgl.system.JNI.invokePV(JJ)V+0
j  org.lwjgl.glfw.GLFW.glfwDestroyCursor(J)V+20
j  main.client.Window.destroyWindow()V+9
j  main.coreEngine.Engine.stop()V+70
j  main.client.Window.update()V+43
j  main.client.renderEngine.RenderEngine.render()V+32
j  main.client.ClientThread.tick()V+12
J 435% C1 main.coreEngine.TickableThread.run()V (481 bytes) @ 0x00000000028cc89c [0x00000000028c7fc0+0x48dc]
v  ~StubRoutines::call_stub

---------------  P R O C E S S  ---------------

Java Threads: ( => current thread )
  0x000000001e2b9800 JavaThread "SERVER" [_thread_in_Java, id=7928, stack(0x000000001f0c0000,0x000000001f1c0000)]
=>0x000000001e2a7000 JavaThread "CLIENT" [_thread_in_native, id=9284, stack(0x000000001efc0000,0x000000001f0c0000)]
  0x000000001e112000 JavaThread "Service Thread" daemon [_thread_blocked, id=6748, stack(0x000000001edc0000,0x000000001eec0000)]
  0x000000001e127800 JavaThread "C1 CompilerThread3" daemon [_thread_blocked, id=13372, stack(0x000000001ecc0000,0x000000001edc0000)]
  0x000000001e123000 JavaThread "C2 CompilerThread2" daemon [_thread_blocked, id=9860, stack(0x000000001ebc0000,0x000000001ecc0000)]
  0x000000001e122000 JavaThread "C2 CompilerThread1" daemon [_thread_blocked, id=7388, stack(0x000000001eac0000,0x000000001ebc0000)]
  0x000000001e11c000 JavaThread "C2 CompilerThread0" daemon [_thread_blocked, id=7416, stack(0x000000001e9c0000,0x000000001eac0000)]
  0x000000001e100000 JavaThread "JDWP Command Reader" daemon [_thread_in_native, id=10856, stack(0x000000001e8c0000,0x000000001e9c0000)]
  0x000000001e0ff000 JavaThread "JDWP Event Helper Thread" daemon [_thread_blocked, id=10212, stack(0x000000001e7c0000,0x000000001e8c0000)]
  0x000000001e0f1800 JavaThread "JDWP Transport Listener: dt_socket" daemon [_thread_blocked, id=6116, stack(0x000000001e6c0000,0x000000001e7c0000)]
  0x000000001e0e7800 JavaThread "Attach Listener" daemon [_thread_blocked, id=12824, stack(0x000000001e5c0000,0x000000001e6c0000)]
  0x000000001e0e6800 JavaThread "Signal Dispatcher" daemon [_thread_blocked, id=12756, stack(0x000000001e4c0000,0x000000001e5c0000)]
  0x000000000266b800 JavaThread "Finalizer" daemon [_thread_blocked, id=6588, stack(0x000000001dee0000,0x000000001dfe0000)]
  0x0000000002665000 JavaThread "Reference Handler" daemon [_thread_blocked, id=892, stack(0x000000001dde0000,0x000000001dee0000)]
  0x000000000256e000 JavaThread "main" [_thread_in_Java, id=10788, stack(0x0000000002390000,0x0000000002490000)]

Other Threads:
  0x000000001c009800 VMThread [stack: 0x000000001dce0000,0x000000001dde0000] [id=9468]
  0x000000001e111000 WatcherThread [stack: 0x000000001eec0000,0x000000001efc0000] [id=960]

VM state:not at safepoint (normal execution)

VM Mutex/Monitor currently owned by a thread: None

Heap:
 PSYoungGen      total 80896K, used 7935K [0x000000076b800000, 0x0000000777380000, 0x00000007c0000000)
  eden space 79360K, 9% used [0x000000076b800000,0x000000076bfaffa8,0x0000000770580000)
  from space 1536K, 4% used [0x0000000777080000,0x0000000777090000,0x0000000777200000)
  to   space 1536K, 0% used [0x0000000777200000,0x0000000777200000,0x0000000777380000)
 ParOldGen       total 173568K, used 1248K [0x00000006c2800000, 0x00000006cd180000, 0x000000076b800000)
  object space 173568K, 0% used [0x00000006c2800000,0x00000006c2938050,0x00000006cd180000)
 Metaspace       used 7963K, capacity 8486K, committed 8704K, reserved 1056768K
  class space    used 642K, capacity 658K, committed 768K, reserved 1048576K

Card table byte_map: [0x0000000011a30000,0x0000000012220000] byte_map_base: 0x000000000e41c000

Marking Bits: (ParMarkBitMap*) 0x0000000070c0a5b0
 Begin Bits: [0x0000000012f70000, 0x0000000016ed0000)
 End Bits:   [0x0000000016ed0000, 0x000000001ae30000)

Polling page: 0x0000000000460000

CodeCache: size=245760Kb used=2627Kb max_used=2632Kb free=243132Kb
 bounds [0x0000000002670000, 0x0000000002910000, 0x0000000011670000]
 total_blobs=1126 nmethods=483 adapters=564
 compilation: enabled

Compilation events (10 events):
Event: 1.636 Thread 0x000000001e127800  478       3       org.lwjgl.opengl.GLChecks::ensureBufferObject (73 bytes)
Event: 1.636 Thread 0x000000001e127800 nmethod 478 0x00000000028ed5d0 code [0x00000000028ed720, 0x00000000028ed870]
Event: 1.836 Thread 0x000000001e127800  479       3       org.lwjgl.opengl.GL11::glEnableClientState (24 bytes)
Event: 1.837 Thread 0x000000001e127800 nmethod 479 0x00000000028ec590 code [0x00000000028ec7a0, 0x00000000028ed028]
Event: 1.837 Thread 0x000000001e127800  481       3       org.lwjgl.opengl.GL11::glDisableClientState (24 bytes)
Event: 1.838 Thread 0x000000001e127800 nmethod 481 0x00000000028eb190 code [0x00000000028eb3a0, 0x00000000028ebc28]
Event: 2.153 Thread 0x000000001e127800  482       3       org.lwjgl.glfw.GLFW::getInstance (4 bytes)
Event: 2.153 Thread 0x000000001e127800 nmethod 482 0x00000000028eae90 code [0x00000000028eafe0, 0x00000000028eb110]
Event: 2.222 Thread 0x000000001e127800  483   !   3       main.coreEngine.TickableThread::scheduleTick (25 bytes)
Event: 2.222 Thread 0x000000001e127800 nmethod 483 0x00000000028ea950 code [0x00000000028eaac0, 0x00000000028eadd0]

GC Heap History (10 events):
Event: 1.955 GC heap before
{Heap before GC invocations=21 (full 0):
 PSYoungGen      total 90624K, used 90176K [0x000000076b800000, 0x0000000777580000, 0x00000007c0000000)
  eden space 90112K, 100% used [0x000000076b800000,0x0000000771000000,0x0000000771000000)
  from space 512K, 12% used [0x0000000777500000,0x0000000777510000,0x0000000777580000)
  to   space 1536K, 0% used [0x0000000777280000,0x0000000777280000,0x0000000777400000)
 ParOldGen       total 173568K, used 1240K [0x00000006c2800000, 0x00000006cd180000, 0x000000076b800000)
  object space 173568K, 0% used [0x00000006c2800000,0x00000006c2936050,0x00000006cd180000)
 Metaspace       used 7963K, capacity 8486K, committed 8704K, reserved 1056768K
  class space    used 642K, capacity 658K, committed 768K, reserved 1048576K
Event: 1.955 GC heap after
Heap after GC invocations=21 (full 0):
 PSYoungGen      total 89088K, used 64K [0x000000076b800000, 0x0000000777580000, 0x00000007c0000000)
  eden space 87552K, 0% used [0x000000076b800000,0x000000076b800000,0x0000000770d80000)
  from space 1536K, 4% used [0x0000000777280000,0x0000000777290000,0x0000000777400000)
  to   space 1536K, 0% used [0x0000000777400000,0x0000000777400000,0x0000000777580000)
 ParOldGen       total 173568K, used 1240K [0x00000006c2800000, 0x00000006cd180000, 0x000000076b800000)
  object space 173568K, 0% used [0x00000006c2800000,0x00000006c2936050,0x00000006cd180000)
 Metaspace       used 7963K, capacity 8486K, committed 8704K, reserved 1056768K
  class space    used 642K, capacity 658K, committed 768K, reserved 1048576K
}
Event: 2.056 GC heap before
{Heap before GC invocations=22 (full 0):
 PSYoungGen      total 89088K, used 87616K [0x000000076b800000, 0x0000000777580000, 0x00000007c0000000)
  eden space 87552K, 100% used [0x000000076b800000,0x0000000770d80000,0x0000000770d80000)
  from space 1536K, 4% used [0x0000000777280000,0x0000000777290000,0x0000000777400000)
  to   space 1536K, 0% used [0x0000000777400000,0x0000000777400000,0x0000000777580000)
 ParOldGen       total 173568K, used 1240K [0x00000006c2800000, 0x00000006cd180000, 0x000000076b800000)
  object space 173568K, 0% used [0x00000006c2800000,0x00000006c2936050,0x00000006cd180000)
 Metaspace       used 7963K, capacity 8486K, committed 8704K, reserved 1056768K
  class space    used 642K, capacity 658K, committed 768K, reserved 1048576K
Event: 2.057 GC heap after
Heap after GC invocations=22 (full 0):
 PSYoungGen      total 86016K, used 64K [0x000000076b800000, 0x0000000777480000, 0x00000007c0000000)
  eden space 85504K, 0% used [0x000000076b800000,0x000000076b800000,0x0000000770b80000)
  from space 512K, 12% used [0x0000000777400000,0x0000000777410000,0x0000000777480000)
  to   space 1536K, 0% used [0x0000000777180000,0x0000000777180000,0x0000000777300000)
 ParOldGen       total 173568K, used 1240K [0x00000006c2800000, 0x00000006cd180000, 0x000000076b800000)
  object space 173568K, 0% used [0x00000006c2800000,0x00000006c2936050,0x00000006cd180000)
 Metaspace       used 7963K, capacity 8486K, committed 8704K, reserved 1056768K
  class space    used 642K, capacity 658K, committed 768K, reserved 1048576K
}
Event: 2.122 GC heap before
{Heap before GC invocations=23 (full 0):
 PSYoungGen      total 86016K, used 85568K [0x000000076b800000, 0x0000000777480000, 0x00000007c0000000)
  eden space 85504K, 100% used [0x000000076b800000,0x0000000770b80000,0x0000000770b80000)
  from space 512K, 12% used [0x0000000777400000,0x0000000777410000,0x0000000777480000)
  to   space 1536K, 0% used [0x0000000777180000,0x0000000777180000,0x0000000777300000)
 ParOldGen       total 173568K, used 1240K [0x00000006c2800000, 0x00000006cd180000, 0x000000076b800000)
  object space 173568K, 0% used [0x00000006c2800000,0x00000006c2936050,0x00000006cd180000)
 Metaspace       used 7963K, capacity 8486K, committed 8704K, reserved 1056768K
  class space    used 642K, capacity 658K, committed 768K, reserved 1048576K
Event: 2.122 GC heap after
Heap after GC invocations=23 (full 0):
 PSYoungGen      total 84992K, used 64K [0x000000076b800000, 0x0000000777480000, 0x00000007c0000000)
  eden space 83456K, 0% used [0x000000076b800000,0x000000076b800000,0x0000000770980000)
  from space 1536K, 4% used [0x0000000777180000,0x0000000777190000,0x0000000777300000)
  to   space 1536K, 0% used [0x0000000777300000,0x0000000777300000,0x0000000777480000)
 ParOldGen       total 173568K, used 1240K [0x00000006c2800000, 0x00000006cd180000, 0x000000076b800000)
  object space 173568K, 0% used [0x00000006c2800000,0x00000006c2936050,0x00000006cd180000)
 Metaspace       used 7963K, capacity 8486K, committed 8704K, reserved 1056768K
  class space    used 642K, capacity 658K, committed 768K, reserved 1048576K
}
Event: 2.183 GC heap before
{Heap before GC invocations=24 (full 0):
 PSYoungGen      total 84992K, used 83520K [0x000000076b800000, 0x0000000777480000, 0x00000007c0000000)
  eden space 83456K, 100% used [0x000000076b800000,0x0000000770980000,0x0000000770980000)
  from space 1536K, 4% used [0x0000000777180000,0x0000000777190000,0x0000000777300000)
  to   space 1536K, 0% used [0x0000000777300000,0x0000000777300000,0x0000000777480000)
 ParOldGen       total 173568K, used 1240K [0x00000006c2800000, 0x00000006cd180000, 0x000000076b800000)
  object space 173568K, 0% used [0x00000006c2800000,0x00000006c2936050,0x00000006cd180000)
 Metaspace       used 7963K, capacity 8486K, committed 8704K, reserved 1056768K
  class space    used 642K, capacity 658K, committed 768K, reserved 1048576K
Event: 2.183 GC heap after
Heap after GC invocations=24 (full 0):
 PSYoungGen      total 81920K, used 64K [0x000000076b800000, 0x0000000777380000, 0x00000007c0000000)
  eden space 81408K, 0% used [0x000000076b800000,0x000000076b800000,0x0000000770780000)
  from space 512K, 12% used [0x0000000777300000,0x0000000777310000,0x0000000777380000)
  to   space 1536K, 0% used [0x0000000777080000,0x0000000777080000,0x0000000777200000)
 ParOldGen       total 173568K, used 1240K [0x00000006c2800000, 0x00000006cd180000, 0x000000076b800000)
  object space 173568K, 0% used [0x00000006c2800000,0x00000006c2936050,0x00000006cd180000)
 Metaspace       used 7963K, capacity 8486K, committed 8704K, reserved 1056768K
  class space    used 642K, capacity 658K, committed 768K, reserved 1048576K
}
Event: 2.245 GC heap before
{Heap before GC invocations=25 (full 0):
 PSYoungGen      total 81920K, used 81472K [0x000000076b800000, 0x0000000777380000, 0x00000007c0000000)
  eden space 81408K, 100% used [0x000000076b800000,0x0000000770780000,0x0000000770780000)
  from space 512K, 12% used [0x0000000777300000,0x0000000777310000,0x0000000777380000)
  to   space 1536K, 0% used [0x0000000777080000,0x0000000777080000,0x0000000777200000)
 ParOldGen       total 173568K, used 1240K [0x00000006c2800000, 0x00000006cd180000, 0x000000076b800000)
  object space 173568K, 0% used [0x00000006c2800000,0x00000006c2936050,0x00000006cd180000)
 Metaspace       used 7963K, capacity 8486K, committed 8704K, reserved 1056768K
  class space    used 642K, capacity 658K, committed 768K, reserved 1048576K
Event: 2.246 GC heap after
Heap after GC invocations=25 (full 0):
 PSYoungGen      total 80896K, used 64K [0x000000076b800000, 0x0000000777380000, 0x00000007c0000000)
  eden space 79360K, 0% used [0x000000076b800000,0x000000076b800000,0x0000000770580000)
  from space 1536K, 4% used [0x0000000777080000,0x0000000777090000,0x0000000777200000)
  to   space 1536K, 0% used [0x0000000777200000,0x0000000777200000,0x0000000777380000)
 ParOldGen       total 173568K, used 1248K [0x00000006c2800000, 0x00000006cd180000, 0x000000076b800000)
  object space 173568K, 0% used [0x00000006c2800000,0x00000006c2938050,0x00000006cd180000)
 Metaspace       used 7963K, capacity 8486K, committed 8704K, reserved 1056768K
  class space    used 642K, capacity 658K, committed 768K, reserved 1048576K
}

Deoptimization events (10 events):
Event: 0.130 Thread 0x000000001e2a7000 Uncommon trap: reason=bimorphic action=maybe_recompile pc=0x00000000027b3ef4 method=java.util.HashMap.getNode(ILjava/lang/Object;)Ljava/util/HashMap$Node; @ 126
Event: 0.403 Thread 0x000000001e2a7000 Uncommon trap: reason=bimorphic action=maybe_recompile pc=0x00000000027b3ef4 method=java.util.HashMap.getNode(ILjava/lang/Object;)Ljava/util/HashMap$Node; @ 126
Event: 0.404 Thread 0x000000001e2a7000 Uncommon trap: reason=bimorphic action=maybe_recompile pc=0x00000000027b3ef4 method=java.util.HashMap.getNode(ILjava/lang/Object;)Ljava/util/HashMap$Node; @ 126
Event: 0.409 Thread 0x000000001e2a7000 Uncommon trap: reason=unstable_if action=reinterpret pc=0x00000000027ab258 method=java.util.HashMap.keySet()Ljava/util/Set; @ 6
Event: 0.778 Thread 0x000000001e2a7000 Uncommon trap: reason=unstable_if action=reinterpret pc=0x00000000027aafc4 method=java.util.HashMap.clear()V @ 16
Event: 0.778 Thread 0x000000001e2a7000 Uncommon trap: reason=unstable_if action=reinterpret pc=0x00000000027b31c8 method=java.util.HashMap$HashIterator.<init>(Ljava/util/HashMap;)V @ 38
Event: 0.778 Thread 0x000000000256e000 Uncommon trap: reason=unstable_if action=reinterpret pc=0x00000000027decb0 method=main.coreEngine.TickableThread.invoke(Ljava/lang/String;[Ljava/lang/Object;)V @ 53
Event: 0.778 Thread 0x000000001e2a7000 Uncommon trap: reason=unstable_if action=reinterpret pc=0x00000000027af898 method=java.util.HashMap.clear()V @ 16
Event: 0.778 Thread 0x000000001e2b9800 Uncommon trap: reason=unstable_if action=reinterpret pc=0x00000000027dd5b4 method=main.coreEngine.TickableThread.run()V @ 58
Event: 0.872 Thread 0x000000001e2b9800 Uncommon trap: reason=unstable_if action=reinterpret pc=0x00000000028f16c8 method=main.coreEngine.TickableThread.run()V @ 461

Internal exceptions (8 events):
Event: 0.028 Thread 0x000000000256e000 Exception <a 'java/lang/NoSuchMethodError': Method sun.misc.Unsafe.defineClass(Ljava/lang/String;[BII)Ljava/lang/Class; name or signature does not match> (0x000000076b80d908) thrown at [C:\workspace\8-2-build-windows-amd64-cygwin\jdk8u65\4987\hotspot\src\s¼Œä"Û_œ?
Event: 0.028 Thread 0x000000000256e000 Exception <a 'java/lang/NoSuchMethodError': Method sun.misc.Unsafe.prefetchRead(Ljava/lang/Object;J)V name or signature does not match> (0x000000076b80dbf0) thrown at [C:\workspace\8-2-build-windows-amd64-cygwin\jdk8u65\4987\hotspot\src\share\vm\prims\jni.a–÷0Æ¹Â?
Event: 0.146 Thread 0x000000001e2a7000 Exception <a 'java/lang/ArrayIndexOutOfBoundsException': -1> (0x000000076cc20fd0) thrown at [C:\workspace\8-2-build-windows-amd64-cygwin\jdk8u65\4987\hotspot\src\share\vm\interpreter\interpreterRuntime.cpp, line 366]
Event: 0.403 Thread 0x000000001e2a7000 Exception <a 'java/security/PrivilegedActionException'> (0x000000076b9740a0) thrown at [C:\workspace\8-2-build-windows-amd64-cygwin\jdk8u65\4987\hotspot\src\share\vm\prims\jvm.cpp, line 1386]
Event: 0.403 Thread 0x000000001e2a7000 Exception <a 'java/security/PrivilegedActionException'> (0x000000076b974498) thrown at [C:\workspace\8-2-build-windows-amd64-cygwin\jdk8u65\4987\hotspot\src\share\vm\prims\jvm.cpp, line 1386]
Event: 0.404 Thread 0x000000001e2a7000 Exception <a 'java/security/PrivilegedActionException'> (0x000000076b9786b0) thrown at [C:\workspace\8-2-build-windows-amd64-cygwin\jdk8u65\4987\hotspot\src\share\vm\prims\jvm.cpp, line 1386]
Event: 0.404 Thread 0x000000001e2a7000 Exception <a 'java/security/PrivilegedActionException'> (0x000000076b978aa8) thrown at [C:\workspace\8-2-build-windows-amd64-cygwin\jdk8u65\4987\hotspot\src\share\vm\prims\jvm.cpp, line 1386]
Event: 0.778 Thread 0x000000000256e000 Implicit null exception at 0x00000000027de6bc to 0x00000000027dec89

Events (10 events):
Event: 1.955 Executing VM operation: ParallelGCFailedAllocation
Event: 1.955 Executing VM operation: ParallelGCFailedAllocation done
Event: 2.056 Executing VM operation: ParallelGCFailedAllocation
Event: 2.057 Executing VM operation: ParallelGCFailedAllocation done
Event: 2.122 Executing VM operation: ParallelGCFailedAllocation
Event: 2.122 Executing VM operation: ParallelGCFailedAllocation done
Event: 2.183 Executing VM operation: ParallelGCFailedAllocation
Event: 2.183 Executing VM operation: ParallelGCFailedAllocation done
Event: 2.245 Executing VM operation: ParallelGCFailedAllocation
Event: 2.246 Executing VM operation: ParallelGCFailedAllocation done


Dynamic libraries:
0x00007ff7d2c20000 - 0x00007ff7d2c57000 	C:\Program Files\Java\jdk1.8.0_65\bin\java.exe
0x00007ffde4980000 - 0x00007ffde4b41000 	C:\WINDOWS\SYSTEM32\ntdll.dll
0x00007ffde42a0000 - 0x00007ffde434d000 	C:\WINDOWS\system32\KERNEL32.DLL
0x00007ffde19f0000 - 0x00007ffde1bd8000 	C:\WINDOWS\system32\KERNELBASE.dll
0x00007ffde1e70000 - 0x00007ffde1f17000 	C:\WINDOWS\system32\ADVAPI32.dll
0x00007ffde3800000 - 0x00007ffde389d000 	C:\WINDOWS\system32\msvcrt.dll
0x00007ffde1e10000 - 0x00007ffde1e6b000 	C:\WINDOWS\system32\sechost.dll
0x00007ffde3bd0000 - 0x00007ffde3cec000 	C:\WINDOWS\system32\RPCRT4.dll
0x00007ffde3fe0000 - 0x00007ffde4136000 	C:\WINDOWS\system32\USER32.dll
0x00007ffde3cf0000 - 0x00007ffde3e76000 	C:\WINDOWS\system32\GDI32.dll
0x00007ffddd690000 - 0x00007ffddd904000 	C:\WINDOWS\WinSxS\amd64_microsoft.windows.common-controls_6595b64144ccf1df_6.0.10586.0_none_8c15ae12515e1c22\COMCTL32.dll
0x00007ffde3950000 - 0x00007ffde3bcd000 	C:\WINDOWS\system32\combase.dll
0x00007ffde1cf0000 - 0x00007ffde1d5a000 	C:\WINDOWS\system32\bcryptPrimitives.dll
0x00007ffde1dc0000 - 0x00007ffde1dfb000 	C:\WINDOWS\system32\IMM32.DLL
0x0000000070c90000 - 0x0000000070d62000 	C:\Program Files\Java\jdk1.8.0_65\jre\bin\msvcr100.dll
0x0000000070400000 - 0x0000000070c89000 	C:\Program Files\Java\jdk1.8.0_65\jre\bin\server\jvm.dll
0x00007ffde4290000 - 0x00007ffde4298000 	C:\WINDOWS\system32\PSAPI.DLL
0x00007ffdd8550000 - 0x00007ffdd8559000 	C:\WINDOWS\SYSTEM32\WSOCK32.dll
0x00007ffddf730000 - 0x00007ffddf753000 	C:\WINDOWS\SYSTEM32\WINMM.dll
0x00007ffddd9c0000 - 0x00007ffddd9ca000 	C:\WINDOWS\SYSTEM32\VERSION.dll
0x00007ffde4470000 - 0x00007ffde44db000 	C:\WINDOWS\system32\WS2_32.dll
0x00007ffddf6d0000 - 0x00007ffddf6fc000 	C:\WINDOWS\SYSTEM32\WINMMBASE.dll
0x00007ffde1be0000 - 0x00007ffde1c23000 	C:\WINDOWS\system32\cfgmgr32.dll
0x00000000703f0000 - 0x00000000703ff000 	C:\Program Files\Java\jdk1.8.0_65\jre\bin\verify.dll
0x00000000703c0000 - 0x00000000703e9000 	C:\Program Files\Java\jdk1.8.0_65\jre\bin\java.dll
0x0000000070310000 - 0x0000000070345000 	C:\Program Files\Java\jdk1.8.0_65\jre\bin\jdwp.dll
0x00000000703b0000 - 0x00000000703b8000 	C:\Program Files\Java\jdk1.8.0_65\jre\bin\npt.dll
0x0000000070350000 - 0x0000000070366000 	C:\Program Files\Java\jdk1.8.0_65\jre\bin\zip.dll
0x00007ffde1f80000 - 0x00007ffde34dc000 	C:\WINDOWS\system32\SHELL32.dll
0x00007ffde11d0000 - 0x00007ffde1815000 	C:\WINDOWS\system32\windows.storage.dll
0x00007ffde36b0000 - 0x00007ffde3702000 	C:\WINDOWS\system32\shlwapi.dll
0x00007ffde0fb0000 - 0x00007ffde0fbf000 	C:\WINDOWS\system32\kernel.appcore.dll
0x00007ffde1c30000 - 0x00007ffde1ce5000 	C:\WINDOWS\system32\shcore.dll
0x00007ffde0fc0000 - 0x00007ffde100b000 	C:\WINDOWS\system32\powrprof.dll
0x00007ffde0f80000 - 0x00007ffde0f94000 	C:\WINDOWS\system32\profapi.dll
0x00000000703a0000 - 0x00000000703a9000 	C:\Program Files\Java\jdk1.8.0_65\jre\bin\dt_socket.dll
0x00007ffde08b0000 - 0x00007ffde090c000 	C:\WINDOWS\system32\mswsock.dll
0x00007ffdd46c0000 - 0x00007ffdd4748000 	D:\Code\Java\Projects\WireEngine20\lib\native\lwjgl.dll
0x00007ffde0a80000 - 0x00007ffde0a8b000 	C:\WINDOWS\SYSTEM32\CRYPTBASE.DLL
0x00007ffdd45d0000 - 0x00007ffdd4612000 	D:\Code\Java\Projects\WireEngine20\lib\native\jemalloc.dll
0x00007ffdd4590000 - 0x00007ffdd45c8000 	D:\Code\Java\Projects\WireEngine20\lib\native\glfw.dll
0x00007ffddf850000 - 0x00007ffddf8e6000 	C:\WINDOWS\system32\uxtheme.dll
0x00007ffdde650000 - 0x00007ffdde672000 	C:\WINDOWS\SYSTEM32\dwmapi.dll
0x00007ffdc9d10000 - 0x00007ffdc9e39000 	C:\WINDOWS\SYSTEM32\opengl32.dll
0x00007ffdc8ba0000 - 0x00007ffdc8c9a000 	C:\WINDOWS\SYSTEM32\DDRAW.dll
0x00007ffdcc690000 - 0x00007ffdcc6be000 	C:\WINDOWS\SYSTEM32\GLU32.dll
0x00007ffdd3d80000 - 0x00007ffdd3d88000 	C:\WINDOWS\SYSTEM32\DCIMAN32.dll
0x00007ffde3e80000 - 0x00007ffde3fda000 	C:\WINDOWS\system32\MSCTF.dll
0x00007ffdc3f50000 - 0x00007ffdc3f99000 	C:\Program Files (x86)\TeamViewer\tv_x64.dll
0x00007ffde4140000 - 0x00007ffde4283000 	C:\WINDOWS\system32\ole32.dll
0x000000006e5c0000 - 0x0000000070309000 	C:\WINDOWS\SYSTEM32\nvoglv64.DLL
0x00007ffde4550000 - 0x00007ffde4979000 	C:\WINDOWS\system32\SETUPAPI.dll
0x00007ffddf2f0000 - 0x00007ffddf303000 	C:\WINDOWS\SYSTEM32\WTSAPI32.dll
0x00007ffddf9a0000 - 0x00007ffddf9c7000 	C:\WINDOWS\SYSTEM32\DEVOBJ.dll
0x00007ffde1170000 - 0x00007ffde11c5000 	C:\WINDOWS\system32\WINTRUST.dll
0x00007ffde0fa0000 - 0x00007ffde0fb0000 	C:\WINDOWS\system32\MSASN1.dll
0x00007ffde1820000 - 0x00007ffde19e7000 	C:\WINDOWS\system32\CRYPT32.dll
0x00007ffde04d0000 - 0x00007ffde0501000 	C:\WINDOWS\SYSTEM32\ntmarta.dll
0x00007ffde0220000 - 0x00007ffde0276000 	C:\WINDOWS\SYSTEM32\WINSTA.dll
0x00007ffde38a0000 - 0x00007ffde3947000 	C:\WINDOWS\system32\clbcatq.dll
0x00007ffdb9de0000 - 0x00007ffdb9f6c000 	C:\WINDOWS\SYSTEM32\dbghelp.dll

VM Arguments:
jvm_args: -agentlib:jdwp=transport=dt_socket,address=127.0.0.1:62419,suspend=y,server=n -Djava.library.path=lib/native/ -Dfile.encoding=UTF-8 
java_command: main.Main
java_class_path (initial): C:\Program Files\Java\jdk1.8.0_65\jre\lib\charsets.jar;C:\Program Files\Java\jdk1.8.0_65\jre\lib\deploy.jar;C:\Program Files\Java\jdk1.8.0_65\jre\lib\ext\access-bridge-64.jar;C:\Program Files\Java\jdk1.8.0_65\jre\lib\ext\cldrdata.jar;C:\Program Files\Java\jdk1.8.0_65\jre\lib\ext\dnsns.jar;C:\Program Files\Java\jdk1.8.0_65\jre\lib\ext\jaccess.jar;C:\Program Files\Java\jdk1.8.0_65\jre\lib\ext\jfxrt.jar;C:\Program Files\Java\jdk1.8.0_65\jre\lib\ext\localedata.jar;C:\Program Files\Java\jdk1.8.0_65\jre\lib\ext\nashorn.jar;C:\Program Files\Java\jdk1.8.0_65\jre\lib\ext\sunec.jar;C:\Program Files\Java\jdk1.8.0_65\jre\lib\ext\sunjce_provider.jar;C:\Program Files\Java\jdk1.8.0_65\jre\lib\ext\sunmscapi.jar;C:\Program Files\Java\jdk1.8.0_65\jre\lib\ext\sunpkcs11.jar;C:\Program Files\Java\jdk1.8.0_65\jre\lib\ext\zipfs.jar;C:\Program Files\Java\jdk1.8.0_65\jre\lib\javaws.jar;C:\Program Files\Java\jdk1.8.0_65\jre\lib\jce.jar;C:\Program Files\Java\jdk1.8.0_65\jre\lib\jfr.jar;C:\Program Files\Java\jdk1.8.0_65\jre\lib\jfxswt.jar;C:\Program Files\Java\jdk1.8.0_65\jre\lib\jsse.jar;C:\Program Files\Java\jdk1.8.0_65\jre\lib\management-agent.jar;C:\Program Files\Java\jdk1.8.0_65\jre\lib\plugin.jar;C:\Program Files\Java\jdk1.8.0_65\jre\lib\resources.jar;C:\Program Files\Java\jdk1.8.0_65\jre\lib\rt.jar;D:\Code\Java\Projects\WireEngine20\out\production\WireEngine20;D:\Code\Java\Projects\WireEngine20\lib\jar\lwjgl.jar;D:\Program Files (x86)\JetBrains\IntelliJ IDEA 2016.1\lib\idea_rt.jar
Launcher Type: SUN_STANDARD

Environment Variables:
JAVA_HOME=C:\Program Files\Java\jdk1.8.0_65
PATH=C:\ProgramData\Oracle\Java\javapath;C:\Program Files (x86)\Razer Chroma SDK\bin;C:\Program Files\Razer Chroma SDK\bin;C:\Program Files (x86)\NVIDIA Corporation\PhysX\Common;C:\Program Files (x86)\Intel\iCLS Client\;C:\Program Files\Intel\iCLS Client\;C:\Windows\system32;C:\Windows;C:\Windows\System32\Wbem;C:\Windows\System32\WindowsPowerShell\v1.0\;C:\Program Files\Intel\Intel(R) Management Engine Components\DAL;C:\Program Files (x86)\Intel\Intel(R) Management Engine Components\DAL;C:\Program Files\Intel\Intel(R) Management Engine Components\IPT;C:\Program Files (x86)\Intel\Intel(R) Management Engine Components\IPT;C:\Program Files\Java\jre1.8.0_65\bin;C:\MinGW\bin;C:\WINDOWS\system32;C:\WINDOWS;C:\WINDOWS\System32\Wbem;C:\WINDOWS\System32\WindowsPowerShell\v1.0\;D:\Program Files (x86)\CMake\bin;D:\Program Files\Programs\Python\Python35-32;D:\Program Files\Programs\Python\Python35-32\Scripts;C:\Program Files (x86)\Skype\Phone\;D:\Program Files\Programs\Python\Python35-32\Scripts\;D:\Program Files\Programs\Python\Python35-32\
USERNAME=Kelan
OS=Windows_NT
PROCESSOR_IDENTIFIER=Intel64 Family 6 Model 60 Stepping 3, GenuineIntel



---------------  S Y S T E M  ---------------

OS: Windows 10.0 , 64 bit Build 10586 (10.0.10586.0)

CPU:total 8 (4 cores per cpu, 2 threads per core) family 6 model 60 stepping 3, cmov, cx8, fxsr, mmx, sse, sse2, sse3, ssse3, sse4.1, sse4.2, popcnt, avx, avx2, aes, clmul, erms, lzcnt, ht, tsc, tscinvbit, bmi1, bmi2

Memory: 4k page, physical 16609500k(5223004k free), swap 33386716k(19398456k free)

vm_info: Java HotSpot(TM) 64-Bit Server VM (25.65-b01) for windows-amd64 JRE (1.8.0_65-b17), built on Oct  6 2015 16:39:20 by "java_re" with MS VC++ 10.0 (VS2010)

time: Sat Apr 09 18:45:51 2016
elapsed time: 2 seconds (0d 0h 0m 2s)

