#
# A fatal error has been detected by the Java Runtime Environment:
#
#  EXCEPTION_ACCESS_VIOLATION (0xc0000005) at pc=0x00007ffdd3df24b9, pid=12588, tid=11612
#
# JRE version: Java(TM) SE Runtime Environment (8.0_65-b17) (build 1.8.0_65-b17)
# Java VM: Java HotSpot(TM) 64-Bit Server VM (25.65-b01 mixed mode windows-amd64 compressed oops)
# Problematic frame:
# C  [glfw.dll+0x24b9]
#
# Failed to write core dump. Minidumps are not enabled by default on client versions of Windows
#
# If you would like to submit a bug report, please visit:
#   http://bugreport.java.com/bugreport/crash.jsp
# The crash happened outside the Java Virtual Machine in native code.
# See problematic frame for where to report the bug.
#

---------------  T H R E A D  ---------------

Current thread (0x000000001e26b000):  JavaThread "CLIENT" [_thread_in_native, id=11612, stack(0x000000001ef50000,0x000000001f050000)]

siginfo: ExceptionCode=0xc0000005, reading address 0x0000000000000000

Registers:
RAX=0x0000000000000000, RBX=0x000000001ba16d70, RCX=0x0000000000000000, RDX=0x0000000000000000
RSP=0x000000001f04f090, RBP=0x000000001f04f140, RSI=0x0000000000000108, RDI=0x00000000004cebd0
R8 =0x000000001f04f088, R9 =0x000000001f04f140, R10=0x0000000000000000, R11=0x0000000000000246
R12=0x0000000000000000, R13=0x000000001ba16d70, R14=0x000000001f04f178, R15=0x000000001e26b000
RIP=0x00007ffdd3df24b9, EFLAGS=0x0000000000010287

Top of Stack: (sp=0x000000001f04f090)
0x000000001f04f090:   000000001e26b000 000000001e26b000
0x000000001f04f0a0:   000000001ba30ce0 000000007052d610
0x000000001f04f0b0:   000000000000015e 000000000261dfcc
0x000000001f04f0c0:   000000001ba16d70 000000001bfa03f0
0x000000001f04f0d0:   000000000000000e 000000001e26b000
0x000000001f04f0e0:   000000001ba30ce0 000000007052aea4
0x000000001f04f0f0:   000000001e26b000 000000001e26b000
0x000000001f04f100:   000000001f04f100 0000000000000000
0x000000001f04f110:   000000001f04f178 000000001ba17510
0x000000001f04f120:   0000000000000000 000000001ba16d70
0x000000001f04f130:   0000000000000000 000000001f04f160
0x000000001f04f140:   000000001f04f1c0 0000000002607d8d
0x000000001f04f150:   00000006c2806128 00000000026142f8
0x000000001f04f160:   00000000004cebd0 00000000026078a0
0x000000001f04f170:   00007ffdd3df2420 0000000000000001
0x000000001f04f180:   000000001f04f180 000000001ba30cb4 

Instructions: (pc=0x00007ffdd3df24b9)
0x00007ffdd3df2499:   48 8b cf e8 1f 3a 00 00 48 39 3d f0 d5 02 00 48
0x00007ffdd3df24a9:   8d 0d e9 d5 02 00 48 8b 5c 24 30 74 08 48 8b 09
0x00007ffdd3df24b9:   48 39 39 75 f8 48 8b 07 48 89 01 48 8b cf 48 83
0x00007ffdd3df24c9:   c4 20 5f e9 5b fe 00 00 48 83 c4 20 5f c3 cc cc 


Register to memory mapping:

RAX=0x0000000000000000 is an unknown value
RBX={method} {0x000000001ba16d78} 'invokePV' '(JJ)V' in 'org/lwjgl/system/JNI'
RCX=0x0000000000000000 is an unknown value
RDX=0x0000000000000000 is an unknown value
RSP=0x000000001f04f090 is pointing into the stack for thread: 0x000000001e26b000
RBP=0x000000001f04f140 is pointing into the stack for thread: 0x000000001e26b000
RSI=0x0000000000000108 is an unknown value
RDI=0x00000000004cebd0 is an unknown value
R8 =0x000000001f04f088 is pointing into the stack for thread: 0x000000001e26b000
R9 =0x000000001f04f140 is pointing into the stack for thread: 0x000000001e26b000
R10=0x0000000000000000 is an unknown value
R11=0x0000000000000246 is an unknown value
R12=0x0000000000000000 is an unknown value
R13={method} {0x000000001ba16d78} 'invokePV' '(JJ)V' in 'org/lwjgl/system/JNI'
R14=0x000000001f04f178 is pointing into the stack for thread: 0x000000001e26b000
R15=0x000000001e26b000 is a thread


Stack: [0x000000001ef50000,0x000000001f050000],  sp=0x000000001f04f090,  free space=1020k
Native frames: (J=compiled Java code, j=interpreted, Vv=VM code, C=native code)
C  [glfw.dll+0x24b9]
C  0x000000000261dfcc

Java frames: (J=compiled Java code, j=interpreted, Vv=VM code)
j  org.lwjgl.system.JNI.invokePV(JJ)V+0
j  org.lwjgl.glfw.GLFW.glfwDestroyCursor(J)V+20
j  main.client.Window.destroyWindow()V+9
j  main.coreEngine.Engine.stop()V+70
j  main.client.Window.update()V+43
j  main.client.renderEngine.RenderEngine.render()V+29
j  main.client.ClientThread.tick()V+12
J 430% C1 main.coreEngine.TickableThread.run()V (481 bytes) @ 0x000000000285519c [0x00000000028508c0+0x48dc]
v  ~StubRoutines::call_stub

---------------  P R O C E S S  ---------------

Java Threads: ( => current thread )
  0x000000001e26c000 JavaThread "SERVER" [_thread_in_Java, id=11808, stack(0x000000001f050000,0x000000001f150000)]
=>0x000000001e26b000 JavaThread "CLIENT" [_thread_in_native, id=11612, stack(0x000000001ef50000,0x000000001f050000)]
  0x000000001e139000 JavaThread "Service Thread" daemon [_thread_blocked, id=3536, stack(0x000000001ed50000,0x000000001ee50000)]
  0x000000001e0aa800 JavaThread "C1 CompilerThread3" daemon [_thread_blocked, id=7220, stack(0x000000001ec50000,0x000000001ed50000)]
  0x000000001e0a9800 JavaThread "C2 CompilerThread2" daemon [_thread_blocked, id=9680, stack(0x000000001eb50000,0x000000001ec50000)]
  0x000000001e0a4000 JavaThread "C2 CompilerThread1" daemon [_thread_blocked, id=12616, stack(0x000000001ea50000,0x000000001eb50000)]
  0x000000001e0ae800 JavaThread "C2 CompilerThread0" daemon [_thread_blocked, id=9744, stack(0x000000001e950000,0x000000001ea50000)]
  0x000000001e092800 JavaThread "JDWP Command Reader" daemon [_thread_in_native, id=9560, stack(0x000000001e850000,0x000000001e950000)]
  0x000000001e08f000 JavaThread "JDWP Event Helper Thread" daemon [_thread_blocked, id=6588, stack(0x000000001e750000,0x000000001e850000)]
  0x000000001e08d000 JavaThread "JDWP Transport Listener: dt_socket" daemon [_thread_blocked, id=13956, stack(0x000000001e650000,0x000000001e750000)]
  0x000000001e077800 JavaThread "Attach Listener" daemon [_thread_blocked, id=3692, stack(0x000000001e550000,0x000000001e650000)]
  0x000000001e076800 JavaThread "Signal Dispatcher" daemon [_thread_blocked, id=10952, stack(0x000000001e450000,0x000000001e550000)]
  0x00000000025fa000 JavaThread "Finalizer" daemon [_thread_blocked, id=12156, stack(0x000000001de70000,0x000000001df70000)]
  0x00000000025f3000 JavaThread "Reference Handler" daemon [_thread_blocked, id=13664, stack(0x000000001dd70000,0x000000001de70000)]
  0x00000000024fe000 JavaThread "main" [_thread_in_Java, id=8512, stack(0x0000000002390000,0x0000000002490000)]

Other Threads:
  0x000000001bf99800 VMThread [stack: 0x000000001dc70000,0x000000001dd70000] [id=588]
  0x000000001e162000 WatcherThread [stack: 0x000000001ee50000,0x000000001ef50000] [id=12372]

VM state:not at safepoint (normal execution)

VM Mutex/Monitor currently owned by a thread: None

Heap:
 PSYoungGen      total 435200K, used 67069K [0x000000076b800000, 0x000000078b200000, 0x00000007c0000000)
  eden space 434688K, 15% used [0x000000076b800000,0x000000076f96f5d8,0x0000000786080000)
  from space 512K, 12% used [0x000000078b180000,0x000000078b190000,0x000000078b200000)
  to   space 2560K, 0% used [0x000000078ad00000,0x000000078ad00000,0x000000078af80000)
 ParOldGen       total 173568K, used 1830K [0x00000006c2800000, 0x00000006cd180000, 0x000000076b800000)
  object space 173568K, 1% used [0x00000006c2800000,0x00000006c29c9b70,0x00000006cd180000)
 Metaspace       used 7958K, capacity 8486K, committed 8704K, reserved 1056768K
  class space    used 642K, capacity 658K, committed 768K, reserved 1048576K

Card table byte_map: [0x00000000119c0000,0x00000000121b0000] byte_map_base: 0x000000000e3ac000

Marking Bits: (ParMarkBitMap*) 0x0000000070c0a5b0
 Begin Bits: [0x0000000012f00000, 0x0000000016e60000)
 End Bits:   [0x0000000016e60000, 0x000000001adc0000)

Polling page: 0x0000000000990000

CodeCache: size=245760Kb used=2584Kb max_used=2584Kb free=243175Kb
 bounds [0x0000000002600000, 0x0000000002890000, 0x0000000011600000]
 total_blobs=1120 nmethods=477 adapters=564
 compilation: enabled

Compilation events (10 events):
Event: 1.789 Thread 0x000000001e0aa800  471       3       org.lwjgl.opengl.GL11::glEnableClientState (24 bytes)
Event: 1.789 Thread 0x000000001e0aa800 nmethod 471 0x0000000002869290 code [0x00000000028694a0, 0x0000000002869d28]
Event: 1.790 Thread 0x000000001e0aa800  473       3       org.lwjgl.opengl.GL11::glDisableClientState (24 bytes)
Event: 1.790 Thread 0x000000001e0aa800 nmethod 473 0x000000000286c690 code [0x000000000286c8a0, 0x000000000286d128]
Event: 2.106 Thread 0x000000001e0aa800  474       3       org.lwjgl.glfw.GLFW::getInstance (4 bytes)
Event: 2.106 Thread 0x000000001e0aa800 nmethod 474 0x000000000286c390 code [0x000000000286c4e0, 0x000000000286c610]
Event: 2.166 Thread 0x000000001e0aa800  476   !   3       main.coreEngine.TickableThread::scheduleTick (25 bytes)
Event: 2.166 Thread 0x000000001e0aa800 nmethod 476 0x000000000286b190 code [0x000000000286b300, 0x000000000286b610]
Event: 2.166 Thread 0x000000001e0aa800  477       3       main.coreEngine.Engine::getGame (28 bytes)
Event: 2.167 Thread 0x000000001e0aa800 nmethod 477 0x0000000002888150 code [0x0000000002888300, 0x0000000002888968]

GC Heap History (10 events):
Event: 1.057 GC heap before
{Heap before GC invocations=8 (full 0):
 PSYoungGen      total 261632K, used 260906K [0x000000076b800000, 0x000000078b700000, 0x00000007c0000000)
  eden space 259584K, 100% used [0x000000076b800000,0x000000077b580000,0x000000077b580000)
  from space 2048K, 64% used [0x000000077b580000,0x000000077b6cabf8,0x000000077b780000)
  to   space 2048K, 0% used [0x000000078b500000,0x000000078b500000,0x000000078b700000)
 ParOldGen       total 173568K, used 1298K [0x00000006c2800000, 0x00000006cd180000, 0x000000076b800000)
  object space 173568K, 0% used [0x00000006c2800000,0x00000006c2944b60,0x00000006cd180000)
 Metaspace       used 7955K, capacity 8486K, committed 8704K, reserved 1056768K
  class space    used 642K, capacity 658K, committed 768K, reserved 1048576K
Event: 1.058 GC heap after
Heap after GC invocations=8 (full 0):
 PSYoungGen      total 521216K, used 544K [0x000000076b800000, 0x000000078b700000, 0x00000007c0000000)
  eden space 519168K, 0% used [0x000000076b800000,0x000000076b800000,0x000000078b300000)
  from space 2048K, 26% used [0x000000078b500000,0x000000078b588000,0x000000078b700000)
  to   space 2048K, 0% used [0x000000078b300000,0x000000078b300000,0x000000078b500000)
 ParOldGen       total 173568K, used 1298K [0x00000006c2800000, 0x00000006cd180000, 0x000000076b800000)
  object space 173568K, 0% used [0x00000006c2800000,0x00000006c2944b60,0x00000006cd180000)
 Metaspace       used 7955K, capacity 8486K, committed 8704K, reserved 1056768K
  class space    used 642K, capacity 658K, committed 768K, reserved 1048576K
}
Event: 1.288 GC heap before
{Heap before GC invocations=9 (full 0):
 PSYoungGen      total 521216K, used 519712K [0x000000076b800000, 0x000000078b700000, 0x00000007c0000000)
  eden space 519168K, 100% used [0x000000076b800000,0x000000078b300000,0x000000078b300000)
  from space 2048K, 26% used [0x000000078b500000,0x000000078b588000,0x000000078b700000)
  to   space 2048K, 0% used [0x000000078b300000,0x000000078b300000,0x000000078b500000)
 ParOldGen       total 173568K, used 1298K [0x00000006c2800000, 0x00000006cd180000, 0x000000076b800000)
  object space 173568K, 0% used [0x00000006c2800000,0x00000006c2944b60,0x00000006cd180000)
 Metaspace       used 7955K, capacity 8486K, committed 8704K, reserved 1056768K
  class space    used 642K, capacity 658K, committed 768K, reserved 1048576K
Event: 1.289 GC heap after
Heap after GC invocations=9 (full 0):
 PSYoungGen      total 496640K, used 288K [0x000000076b800000, 0x000000078b580000, 0x00000007c0000000)
  eden space 496128K, 0% used [0x000000076b800000,0x000000076b800000,0x0000000789c80000)
  from space 512K, 56% used [0x000000078b300000,0x000000078b348000,0x000000078b380000)
  to   space 2048K, 0% used [0x000000078b380000,0x000000078b380000,0x000000078b580000)
 ParOldGen       total 173568K, used 1650K [0x00000006c2800000, 0x00000006cd180000, 0x000000076b800000)
  object space 173568K, 0% used [0x00000006c2800000,0x00000006c299cb60,0x00000006cd180000)
 Metaspace       used 7955K, capacity 8486K, committed 8704K, reserved 1056768K
  class space    used 642K, capacity 658K, committed 768K, reserved 1048576K
}
Event: 1.488 GC heap before
{Heap before GC invocations=10 (full 0):
 PSYoungGen      total 496640K, used 496416K [0x000000076b800000, 0x000000078b580000, 0x00000007c0000000)
  eden space 496128K, 100% used [0x000000076b800000,0x0000000789c80000,0x0000000789c80000)
  from space 512K, 56% used [0x000000078b300000,0x000000078b348000,0x000000078b380000)
  to   space 2048K, 0% used [0x000000078b380000,0x000000078b380000,0x000000078b580000)
 ParOldGen       total 173568K, used 1650K [0x00000006c2800000, 0x00000006cd180000, 0x000000076b800000)
  object space 173568K, 0% used [0x00000006c2800000,0x00000006c299cb60,0x00000006cd180000)
 Metaspace       used 7955K, capacity 8486K, committed 8704K, reserved 1056768K
  class space    used 642K, capacity 658K, committed 768K, reserved 1048576K
Event: 1.489 GC heap after
Heap after GC invocations=10 (full 0):
 PSYoungGen      total 475136K, used 96K [0x000000076b800000, 0x000000078b400000, 0x00000007c0000000)
  eden space 474624K, 0% used [0x000000076b800000,0x000000076b800000,0x0000000788780000)
  from space 512K, 18% used [0x000000078b380000,0x000000078b398000,0x000000078b400000)
  to   space 2560K, 0% used [0x000000078af00000,0x000000078af00000,0x000000078b180000)
 ParOldGen       total 173568K, used 1830K [0x00000006c2800000, 0x00000006cd180000, 0x000000076b800000)
  object space 173568K, 1% used [0x00000006c2800000,0x00000006c29c9b70,0x00000006cd180000)
 Metaspace       used 7955K, capacity 8486K, committed 8704K, reserved 1056768K
  class space    used 642K, capacity 658K, committed 768K, reserved 1048576K
}
Event: 1.838 GC heap before
{Heap before GC invocations=11 (full 0):
 PSYoungGen      total 475136K, used 474720K [0x000000076b800000, 0x000000078b400000, 0x00000007c0000000)
  eden space 474624K, 100% used [0x000000076b800000,0x0000000788780000,0x0000000788780000)
  from space 512K, 18% used [0x000000078b380000,0x000000078b398000,0x000000078b400000)
  to   space 2560K, 0% used [0x000000078af00000,0x000000078af00000,0x000000078b180000)
 ParOldGen       total 173568K, used 1830K [0x00000006c2800000, 0x00000006cd180000, 0x000000076b800000)
  object space 173568K, 1% used [0x00000006c2800000,0x00000006c29c9b70,0x00000006cd180000)
 Metaspace       used 7957K, capacity 8486K, committed 8704K, reserved 1056768K
  class space    used 642K, capacity 658K, committed 768K, reserved 1048576K
Event: 1.839 GC heap after
Heap after GC invocations=11 (full 0):
 PSYoungGen      total 456704K, used 64K [0x000000076b800000, 0x000000078b400000, 0x00000007c0000000)
  eden space 454144K, 0% used [0x000000076b800000,0x000000076b800000,0x0000000787380000)
  from space 2560K, 2% used [0x000000078af00000,0x000000078af10000,0x000000078b180000)
  to   space 2560K, 0% used [0x000000078b180000,0x000000078b180000,0x000000078b400000)
 ParOldGen       total 173568K, used 1830K [0x00000006c2800000, 0x00000006cd180000, 0x000000076b800000)
  object space 173568K, 1% used [0x00000006c2800000,0x00000006c29c9b70,0x00000006cd180000)
 Metaspace       used 7957K, capacity 8486K, committed 8704K, reserved 1056768K
  class space    used 642K, capacity 658K, committed 768K, reserved 1048576K
}
Event: 2.173 GC heap before
{Heap before GC invocations=12 (full 0):
 PSYoungGen      total 456704K, used 454208K [0x000000076b800000, 0x000000078b400000, 0x00000007c0000000)
  eden space 454144K, 100% used [0x000000076b800000,0x0000000787380000,0x0000000787380000)
  from space 2560K, 2% used [0x000000078af00000,0x000000078af10000,0x000000078b180000)
  to   space 2560K, 0% used [0x000000078b180000,0x000000078b180000,0x000000078b400000)
 ParOldGen       total 173568K, used 1830K [0x00000006c2800000, 0x00000006cd180000, 0x000000076b800000)
  object space 173568K, 1% used [0x00000006c2800000,0x00000006c29c9b70,0x00000006cd180000)
 Metaspace       used 7958K, capacity 8486K, committed 8704K, reserved 1056768K
  class space    used 642K, capacity 658K, committed 768K, reserved 1048576K
Event: 2.174 GC heap after
Heap after GC invocations=12 (full 0):
 PSYoungGen      total 435200K, used 64K [0x000000076b800000, 0x000000078b200000, 0x00000007c0000000)
  eden space 434688K, 0% used [0x000000076b800000,0x000000076b800000,0x0000000786080000)
  from space 512K, 12% used [0x000000078b180000,0x000000078b190000,0x000000078b200000)
  to   space 2560K, 0% used [0x000000078ad00000,0x000000078ad00000,0x000000078af80000)
 ParOldGen       total 173568K, used 1830K [0x00000006c2800000, 0x00000006cd180000, 0x000000076b800000)
  object space 173568K, 1% used [0x00000006c2800000,0x00000006c29c9b70,0x00000006cd180000)
 Metaspace       used 7958K, capacity 8486K, committed 8704K, reserved 1056768K
  class space    used 642K, capacity 658K, committed 768K, reserved 1048576K
}

Deoptimization events (10 events):
Event: 0.125 Thread 0x000000001e26b000 Uncommon trap: reason=unstable_if action=reinterpret pc=0x000000000273b0a4 method=java.util.HashMap$HashIterator.<init>(Ljava/util/HashMap;)V @ 38
Event: 0.134 Thread 0x000000001e26b000 Uncommon trap: reason=bimorphic action=maybe_recompile pc=0x0000000002744cf4 method=java.util.HashMap.getNode(ILjava/lang/Object;)Ljava/util/HashMap$Node; @ 126
Event: 0.404 Thread 0x000000001e26b000 Uncommon trap: reason=bimorphic action=maybe_recompile pc=0x0000000002744cf4 method=java.util.HashMap.getNode(ILjava/lang/Object;)Ljava/util/HashMap$Node; @ 126
Event: 0.405 Thread 0x000000001e26b000 Uncommon trap: reason=bimorphic action=maybe_recompile pc=0x0000000002744cf4 method=java.util.HashMap.getNode(ILjava/lang/Object;)Ljava/util/HashMap$Node; @ 126
Event: 0.409 Thread 0x000000001e26b000 Uncommon trap: reason=unstable_if action=reinterpret pc=0x000000000273ae18 method=java.util.HashMap.keySet()Ljava/util/Set; @ 6
Event: 0.721 Thread 0x000000001e26b000 Uncommon trap: reason=unstable_if action=reinterpret pc=0x000000000273b384 method=java.util.HashMap.clear()V @ 16
Event: 0.722 Thread 0x000000001e26b000 Uncommon trap: reason=unstable_if action=reinterpret pc=0x000000000273fc58 method=java.util.HashMap.clear()V @ 16
Event: 0.722 Thread 0x00000000024fe000 Uncommon trap: reason=unstable_if action=reinterpret pc=0x000000000276d448 method=main.coreEngine.TickableThread.invoke(Ljava/lang/String;[Ljava/lang/Object;)V @ 53
Event: 0.722 Thread 0x000000001e26c000 Uncommon trap: reason=unstable_if action=reinterpret pc=0x000000000276bd34 method=main.coreEngine.TickableThread.run()V @ 58
Event: 0.816 Thread 0x000000001e26c000 Uncommon trap: reason=unstable_if action=reinterpret pc=0x00000000028720c4 method=main.coreEngine.TickableThread.run()V @ 461

Internal exceptions (8 events):
Event: 0.029 Thread 0x00000000024fe000 Exception <a 'java/lang/NoSuchMethodError': Method sun.misc.Unsafe.defineClass(Ljava/lang/String;[BII)Ljava/lang/Class; name or signature does not match> (0x000000076b80d688) thrown at [C:\workspace\8-2-build-windows-amd64-cygwin\jdk8u65\4987\hotspot\src\sdP€ãÁ†ù?
Event: 0.029 Thread 0x00000000024fe000 Exception <a 'java/lang/NoSuchMethodError': Method sun.misc.Unsafe.prefetchRead(Ljava/lang/Object;J)V name or signature does not match> (0x000000076b80d970) thrown at [C:\workspace\8-2-build-windows-amd64-cygwin\jdk8u65\4987\hotspot\src\share\vm\prims\jni.⁄ñn¢√?
Event: 0.153 Thread 0x000000001e26b000 Exception <a 'java/lang/ArrayIndexOutOfBoundsException': -1> (0x000000076c864870) thrown at [C:\workspace\8-2-build-windows-amd64-cygwin\jdk8u65\4987\hotspot\src\share\vm\interpreter\interpreterRuntime.cpp, line 366]
Event: 0.404 Thread 0x000000001e26b000 Exception <a 'java/security/PrivilegedActionException'> (0x000000076fb414d8) thrown at [C:\workspace\8-2-build-windows-amd64-cygwin\jdk8u65\4987\hotspot\src\share\vm\prims\jvm.cpp, line 1386]
Event: 0.404 Thread 0x000000001e26b000 Exception <a 'java/security/PrivilegedActionException'> (0x000000076fb418d0) thrown at [C:\workspace\8-2-build-windows-amd64-cygwin\jdk8u65\4987\hotspot\src\share\vm\prims\jvm.cpp, line 1386]
Event: 0.405 Thread 0x000000001e26b000 Exception <a 'java/security/PrivilegedActionException'> (0x000000076fb45ae8) thrown at [C:\workspace\8-2-build-windows-amd64-cygwin\jdk8u65\4987\hotspot\src\share\vm\prims\jvm.cpp, line 1386]
Event: 0.405 Thread 0x000000001e26b000 Exception <a 'java/security/PrivilegedActionException'> (0x000000076fb45ee0) thrown at [C:\workspace\8-2-build-windows-amd64-cygwin\jdk8u65\4987\hotspot\src\share\vm\prims\jvm.cpp, line 1386]
Event: 0.722 Thread 0x00000000024fe000 Implicit null exception at 0x000000000276ce48 to 0x000000000276d421

Events (10 events):
Event: 1.057 Executing VM operation: ParallelGCFailedAllocation
Event: 1.059 Executing VM operation: ParallelGCFailedAllocation done
Event: 1.288 Executing VM operation: ParallelGCFailedAllocation
Event: 1.289 Executing VM operation: ParallelGCFailedAllocation done
Event: 1.488 Executing VM operation: ParallelGCFailedAllocation
Event: 1.489 Executing VM operation: ParallelGCFailedAllocation done
Event: 1.838 Executing VM operation: ParallelGCFailedAllocation
Event: 1.839 Executing VM operation: ParallelGCFailedAllocation done
Event: 2.173 Executing VM operation: ParallelGCFailedAllocation
Event: 2.174 Executing VM operation: ParallelGCFailedAllocation done


Dynamic libraries:
0x00007ff7d2c20000 - 0x00007ff7d2c57000 	C:\Program Files\Java\jdk1.8.0_65\bin\java.exe
0x00007ffde4980000 - 0x00007ffde4b41000 	C:\WINDOWS\SYSTEM32\ntdll.dll
0x00007ffde42a0000 - 0x00007ffde434d000 	C:\WINDOWS\system32\KERNEL32.DLL
0x00007ffde19f0000 - 0x00007ffde1bd8000 	C:\WINDOWS\system32\KERNELBASE.dll
0x00007ffde1e70000 - 0x00007ffde1f17000 	C:\WINDOWS\system32\ADVAPI32.dll
0x00007ffde3800000 - 0x00007ffde389d000 	C:\WINDOWS\system32\msvcrt.dll
0x00007ffde1e10000 - 0x00007ffde1e6b000 	C:\WINDOWS\system32\sechost.dll
0x00007ffde3bd0000 - 0x00007ffde3cec000 	C:\WINDOWS\system32\RPCRT4.dll
0x00007ffde3fe0000 - 0x00007ffde4136000 	C:\WINDOWS\system32\USER32.dll
0x00007ffde3cf0000 - 0x00007ffde3e76000 	C:\WINDOWS\system32\GDI32.dll
0x00007ffddd690000 - 0x00007ffddd904000 	C:\WINDOWS\WinSxS\amd64_microsoft.windows.common-controls_6595b64144ccf1df_6.0.10586.0_none_8c15ae12515e1c22\COMCTL32.dll
0x00007ffde3950000 - 0x00007ffde3bcd000 	C:\WINDOWS\system32\combase.dll
0x00007ffde1cf0000 - 0x00007ffde1d5a000 	C:\WINDOWS\system32\bcryptPrimitives.dll
0x00007ffde1dc0000 - 0x00007ffde1dfb000 	C:\WINDOWS\system32\IMM32.DLL
0x0000000070c90000 - 0x0000000070d62000 	C:\Program Files\Java\jdk1.8.0_65\jre\bin\msvcr100.dll
0x0000000070400000 - 0x0000000070c89000 	C:\Program Files\Java\jdk1.8.0_65\jre\bin\server\jvm.dll
0x00007ffde4290000 - 0x00007ffde4298000 	C:\WINDOWS\system32\PSAPI.DLL
0x00007ffdd8550000 - 0x00007ffdd8559000 	C:\WINDOWS\SYSTEM32\WSOCK32.dll
0x00007ffddf730000 - 0x00007ffddf753000 	C:\WINDOWS\SYSTEM32\WINMM.dll
0x00007ffddd9c0000 - 0x00007ffddd9ca000 	C:\WINDOWS\SYSTEM32\VERSION.dll
0x00007ffde4470000 - 0x00007ffde44db000 	C:\WINDOWS\system32\WS2_32.dll
0x00007ffddf6d0000 - 0x00007ffddf6fc000 	C:\WINDOWS\SYSTEM32\WINMMBASE.dll
0x00007ffde1be0000 - 0x00007ffde1c23000 	C:\WINDOWS\system32\cfgmgr32.dll
0x00000000703f0000 - 0x00000000703ff000 	C:\Program Files\Java\jdk1.8.0_65\jre\bin\verify.dll
0x00000000703c0000 - 0x00000000703e9000 	C:\Program Files\Java\jdk1.8.0_65\jre\bin\java.dll
0x0000000070380000 - 0x00000000703b5000 	C:\Program Files\Java\jdk1.8.0_65\jre\bin\jdwp.dll
0x0000000070370000 - 0x0000000070378000 	C:\Program Files\Java\jdk1.8.0_65\jre\bin\npt.dll
0x0000000070350000 - 0x0000000070366000 	C:\Program Files\Java\jdk1.8.0_65\jre\bin\zip.dll
0x00007ffde1f80000 - 0x00007ffde34dc000 	C:\WINDOWS\system32\SHELL32.dll
0x00007ffde11d0000 - 0x00007ffde1815000 	C:\WINDOWS\system32\windows.storage.dll
0x00007ffde36b0000 - 0x00007ffde3702000 	C:\WINDOWS\system32\shlwapi.dll
0x00007ffde0fb0000 - 0x00007ffde0fbf000 	C:\WINDOWS\system32\kernel.appcore.dll
0x00007ffde1c30000 - 0x00007ffde1ce5000 	C:\WINDOWS\system32\shcore.dll
0x00007ffde0fc0000 - 0x00007ffde100b000 	C:\WINDOWS\system32\powrprof.dll
0x00007ffde0f80000 - 0x00007ffde0f94000 	C:\WINDOWS\system32\profapi.dll
0x0000000070340000 - 0x0000000070349000 	C:\Program Files\Java\jdk1.8.0_65\jre\bin\dt_socket.dll
0x00007ffde08b0000 - 0x00007ffde090c000 	C:\WINDOWS\system32\mswsock.dll
0x00007ffdd4590000 - 0x00007ffdd4618000 	D:\Code\Java\Projects\WireEngine20\lib\native\lwjgl.dll
0x00007ffde0a80000 - 0x00007ffde0a8b000 	C:\WINDOWS\SYSTEM32\CRYPTBASE.DLL
0x00007ffdd4190000 - 0x00007ffdd41d2000 	D:\Code\Java\Projects\WireEngine20\lib\native\jemalloc.dll
0x00007ffdd3df0000 - 0x00007ffdd3e28000 	D:\Code\Java\Projects\WireEngine20\lib\native\glfw.dll
0x00007ffddf850000 - 0x00007ffddf8e6000 	C:\WINDOWS\system32\uxtheme.dll
0x00007ffdde650000 - 0x00007ffdde672000 	C:\WINDOWS\SYSTEM32\dwmapi.dll
0x00007ffdc9d10000 - 0x00007ffdc9e39000 	C:\WINDOWS\SYSTEM32\opengl32.dll
0x00007ffdc8ba0000 - 0x00007ffdc8c9a000 	C:\WINDOWS\SYSTEM32\DDRAW.dll
0x00007ffdcc690000 - 0x00007ffdcc6be000 	C:\WINDOWS\SYSTEM32\GLU32.dll
0x00007ffdd3d80000 - 0x00007ffdd3d88000 	C:\WINDOWS\SYSTEM32\DCIMAN32.dll
0x00007ffde3e80000 - 0x00007ffde3fda000 	C:\WINDOWS\system32\MSCTF.dll
0x00007ffdc3f50000 - 0x00007ffdc3f99000 	C:\Program Files (x86)\TeamViewer\tv_x64.dll
0x00007ffde4140000 - 0x00007ffde4283000 	C:\WINDOWS\system32\ole32.dll
0x000000006e5f0000 - 0x0000000070339000 	C:\WINDOWS\SYSTEM32\nvoglv64.DLL
0x00007ffde4550000 - 0x00007ffde4979000 	C:\WINDOWS\system32\SETUPAPI.dll
0x00007ffddf2f0000 - 0x00007ffddf303000 	C:\WINDOWS\SYSTEM32\WTSAPI32.dll
0x00007ffddf9a0000 - 0x00007ffddf9c7000 	C:\WINDOWS\SYSTEM32\DEVOBJ.dll
0x00007ffde1170000 - 0x00007ffde11c5000 	C:\WINDOWS\system32\WINTRUST.dll
0x00007ffde0fa0000 - 0x00007ffde0fb0000 	C:\WINDOWS\system32\MSASN1.dll
0x00007ffde1820000 - 0x00007ffde19e7000 	C:\WINDOWS\system32\CRYPT32.dll
0x00007ffde04d0000 - 0x00007ffde0501000 	C:\WINDOWS\SYSTEM32\ntmarta.dll
0x00007ffde0220000 - 0x00007ffde0276000 	C:\WINDOWS\SYSTEM32\WINSTA.dll
0x00007ffde38a0000 - 0x00007ffde3947000 	C:\WINDOWS\system32\clbcatq.dll
0x00007ffdb9de0000 - 0x00007ffdb9f6c000 	C:\WINDOWS\SYSTEM32\dbghelp.dll

VM Arguments:
jvm_args: -agentlib:jdwp=transport=dt_socket,address=127.0.0.1:61836,suspend=y,server=n -Djava.library.path=lib/native/ -Dfile.encoding=UTF-8 
java_command: main.Main
java_class_path (initial): C:\Program Files\Java\jdk1.8.0_65\jre\lib\charsets.jar;C:\Program Files\Java\jdk1.8.0_65\jre\lib\deploy.jar;C:\Program Files\Java\jdk1.8.0_65\jre\lib\ext\access-bridge-64.jar;C:\Program Files\Java\jdk1.8.0_65\jre\lib\ext\cldrdata.jar;C:\Program Files\Java\jdk1.8.0_65\jre\lib\ext\dnsns.jar;C:\Program Files\Java\jdk1.8.0_65\jre\lib\ext\jaccess.jar;C:\Program Files\Java\jdk1.8.0_65\jre\lib\ext\jfxrt.jar;C:\Program Files\Java\jdk1.8.0_65\jre\lib\ext\localedata.jar;C:\Program Files\Java\jdk1.8.0_65\jre\lib\ext\nashorn.jar;C:\Program Files\Java\jdk1.8.0_65\jre\lib\ext\sunec.jar;C:\Program Files\Java\jdk1.8.0_65\jre\lib\ext\sunjce_provider.jar;C:\Program Files\Java\jdk1.8.0_65\jre\lib\ext\sunmscapi.jar;C:\Program Files\Java\jdk1.8.0_65\jre\lib\ext\sunpkcs11.jar;C:\Program Files\Java\jdk1.8.0_65\jre\lib\ext\zipfs.jar;C:\Program Files\Java\jdk1.8.0_65\jre\lib\javaws.jar;C:\Program Files\Java\jdk1.8.0_65\jre\lib\jce.jar;C:\Program Files\Java\jdk1.8.0_65\jre\lib\jfr.jar;C:\Program Files\Java\jdk1.8.0_65\jre\lib\jfxswt.jar;C:\Program Files\Java\jdk1.8.0_65\jre\lib\jsse.jar;C:\Program Files\Java\jdk1.8.0_65\jre\lib\management-agent.jar;C:\Program Files\Java\jdk1.8.0_65\jre\lib\plugin.jar;C:\Program Files\Java\jdk1.8.0_65\jre\lib\resources.jar;C:\Program Files\Java\jdk1.8.0_65\jre\lib\rt.jar;D:\Code\Java\Projects\WireEngine20\out\production\WireEngine20;D:\Code\Java\Projects\WireEngine20\lib\jar\lwjgl.jar;D:\Program Files (x86)\JetBrains\IntelliJ IDEA 2016.1\lib\idea_rt.jar
Launcher Type: SUN_STANDARD

Environment Variables:
JAVA_HOME=C:\Program Files\Java\jdk1.8.0_65
PATH=C:\ProgramData\Oracle\Java\javapath;C:\Program Files (x86)\Razer Chroma SDK\bin;C:\Program Files\Razer Chroma SDK\bin;C:\Program Files (x86)\NVIDIA Corporation\PhysX\Common;C:\Program Files (x86)\Intel\iCLS Client\;C:\Program Files\Intel\iCLS Client\;C:\Windows\system32;C:\Windows;C:\Windows\System32\Wbem;C:\Windows\System32\WindowsPowerShell\v1.0\;C:\Program Files\Intel\Intel(R) Management Engine Components\DAL;C:\Program Files (x86)\Intel\Intel(R) Management Engine Components\DAL;C:\Program Files\Intel\Intel(R) Management Engine Components\IPT;C:\Program Files (x86)\Intel\Intel(R) Management Engine Components\IPT;C:\Program Files\Java\jre1.8.0_65\bin;C:\MinGW\bin;C:\WINDOWS\system32;C:\WINDOWS;C:\WINDOWS\System32\Wbem;C:\WINDOWS\System32\WindowsPowerShell\v1.0\;D:\Program Files (x86)\CMake\bin;D:\Program Files\Programs\Python\Python35-32;D:\Program Files\Programs\Python\Python35-32\Scripts;C:\Program Files (x86)\Skype\Phone\;D:\Program Files\Programs\Python\Python35-32\Scripts\;D:\Program Files\Programs\Python\Python35-32\
USERNAME=Kelan
OS=Windows_NT
PROCESSOR_IDENTIFIER=Intel64 Family 6 Model 60 Stepping 3, GenuineIntel



---------------  S Y S T E M  ---------------

OS: Windows 10.0 , 64 bit Build 10586 (10.0.10586.0)

CPU:total 8 (4 cores per cpu, 2 threads per core) family 6 model 60 stepping 3, cmov, cx8, fxsr, mmx, sse, sse2, sse3, ssse3, sse4.1, sse4.2, popcnt, avx, avx2, aes, clmul, erms, lzcnt, ht, tsc, tscinvbit, bmi1, bmi2

Memory: 4k page, physical 16609500k(4922800k free), swap 33386716k(19244212k free)

vm_info: Java HotSpot(TM) 64-Bit Server VM (25.65-b01) for windows-amd64 JRE (1.8.0_65-b17), built on Oct  6 2015 16:39:20 by "java_re" with MS VC++ 10.0 (VS2010)

time: Sat Apr 09 17:15:11 2016
elapsed time: 2 seconds (0d 0h 0m 2s)

