#
# A fatal error has been detected by the Java Runtime Environment:
#
#  EXCEPTION_ACCESS_VIOLATION (0xc0000005) at pc=0x00007ffd11dd24b9, pid=5392, tid=10056
#
# JRE version: Java(TM) SE Runtime Environment (8.0_65-b17) (build 1.8.0_65-b17)
# Java VM: Java HotSpot(TM) 64-Bit Server VM (25.65-b01 mixed mode windows-amd64 compressed oops)
# Problematic frame:
# C  [glfw.dll+0x24b9]
#
# Failed to write core dump. Minidumps are not enabled by default on client versions of Windows
#
# If you would like to submit a bug report, please visit:
#   http://bugreport.java.com/bugreport/crash.jsp
# The crash happened outside the Java Virtual Machine in native code.
# See problematic frame for where to report the bug.
#

---------------  T H R E A D  ---------------

Current thread (0x000000001e19c800):  JavaThread "CLIENT" [_thread_in_native, id=10056, stack(0x000000001ed50000,0x000000001ee50000)]

siginfo: ExceptionCode=0xc0000005, reading address 0x0000000000000000

Registers:
RAX=0x0000000000000000, RBX=0x000000001ba50738, RCX=0x0000000000000000, RDX=0x0000000000000000
RSP=0x000000001ee4f240, RBP=0x000000001ee4f2f0, RSI=0x0000000000000108, RDI=0x00000000007321c0
R8 =0x000000001ee4f238, R9 =0x000000001ee4f2f0, R10=0x0000000000000000, R11=0x0000000000000246
R12=0x0000000000000000, R13=0x000000001ba50738, R14=0x000000001ee4f328, R15=0x000000001e19c800
RIP=0x00007ffd11dd24b9, EFLAGS=0x0000000000010283

Top of Stack: (sp=0x000000001ee4f240)
0x000000001ee4f240:   000000001e19c800 000000001e19c800
0x000000001ee4f250:   000000001ba6e710 000000005a88d610
0x000000001ee4f260:   00000000000002fa 0000000002645e34
0x000000001ee4f270:   000000001ba50738 000000001e0b2a50
0x000000001ee4f280:   000000000000000e 000000001e19c800
0x000000001ee4f290:   000000001ba6e710 000000005a88aea4
0x000000001ee4f2a0:   000000001e19c800 000000001e19c800
0x000000001ee4f2b0:   000000001ee4f2b0 0000000000000000
0x000000001ee4f2c0:   000000001ee4f328 000000001ba508d0
0x000000001ee4f2d0:   0000000000000000 000000001ba50738
0x000000001ee4f2e0:   0000000000000000 000000001ee4f310
0x000000001ee4f2f0:   000000001ee4f370 0000000002637ced
0x000000001ee4f300:   00000006c280a618 000000000263f978
0x000000001ee4f310:   00000000007321c0 0000000002637800
0x000000001ee4f320:   00007ffd11dd2420 0000000000000001
0x000000001ee4f330:   000000001ee4f330 000000001ba6e6e4 

Instructions: (pc=0x00007ffd11dd24b9)
0x00007ffd11dd2499:   48 8b cf e8 1f 3a 00 00 48 39 3d f0 d5 02 00 48
0x00007ffd11dd24a9:   8d 0d e9 d5 02 00 48 8b 5c 24 30 74 08 48 8b 09
0x00007ffd11dd24b9:   48 39 39 75 f8 48 8b 07 48 89 01 48 8b cf 48 83
0x00007ffd11dd24c9:   c4 20 5f e9 5b fe 00 00 48 83 c4 20 5f c3 cc cc 


Register to memory mapping:

RAX=0x0000000000000000 is an unknown value
RBX={method} {0x000000001ba50740} 'invokePV' '(JJ)V' in 'org/lwjgl/system/JNI'
RCX=0x0000000000000000 is an unknown value
RDX=0x0000000000000000 is an unknown value
RSP=0x000000001ee4f240 is pointing into the stack for thread: 0x000000001e19c800
RBP=0x000000001ee4f2f0 is pointing into the stack for thread: 0x000000001e19c800
RSI=0x0000000000000108 is an unknown value
RDI=0x00000000007321c0 is an unknown value
R8 =0x000000001ee4f238 is pointing into the stack for thread: 0x000000001e19c800
R9 =0x000000001ee4f2f0 is pointing into the stack for thread: 0x000000001e19c800
R10=0x0000000000000000 is an unknown value
R11=0x0000000000000246 is an unknown value
R12=0x0000000000000000 is an unknown value
R13={method} {0x000000001ba50740} 'invokePV' '(JJ)V' in 'org/lwjgl/system/JNI'
R14=0x000000001ee4f328 is pointing into the stack for thread: 0x000000001e19c800
R15=0x000000001e19c800 is a thread


Stack: [0x000000001ed50000,0x000000001ee50000],  sp=0x000000001ee4f240,  free space=1020k
Native frames: (J=compiled Java code, j=interpreted, Vv=VM code, C=native code)
C  [glfw.dll+0x24b9]
C  0x0000000002645e34

Java frames: (J=compiled Java code, j=interpreted, Vv=VM code)
j  org.lwjgl.system.JNI.invokePV(JJ)V+0
j  org.lwjgl.glfw.GLFW.glfwDestroyCursor(J)V+20
j  main.client.Window.destroyWindow()V+9
j  main.coreEngine.Engine.stop()V+70
j  main.client.Window.update()V+33
j  main.client.renderEngine.RenderEngine.render()V+38
j  main.client.ClientThread.tick()V+12
J 431% C1 main.coreEngine.TickableThread.run()V (500 bytes) @ 0x0000000002880db4 [0x000000000287c560+0x4854]
v  ~StubRoutines::call_stub

---------------  P R O C E S S  ---------------

Java Threads: ( => current thread )
  0x000000001e1a8000 JavaThread "SERVER" [_thread_in_Java, id=13276, stack(0x000000001ee50000,0x000000001ef50000)]
=>0x000000001e19c800 JavaThread "CLIENT" [_thread_in_native, id=10056, stack(0x000000001ed50000,0x000000001ee50000)]
  0x000000001e15c800 JavaThread "Monitor Ctrl-Break" daemon [_thread_in_native, id=11156, stack(0x000000001ec50000,0x000000001ed50000)]
  0x000000001e099000 JavaThread "Service Thread" daemon [_thread_blocked, id=12160, stack(0x000000001e9c0000,0x000000001eac0000)]
  0x000000001dffd000 JavaThread "C1 CompilerThread3" daemon [_thread_blocked, id=7248, stack(0x000000001e8c0000,0x000000001e9c0000)]
  0x000000001dff5000 JavaThread "C2 CompilerThread2" daemon [_thread_blocked, id=7508, stack(0x000000001e7c0000,0x000000001e8c0000)]
  0x000000001dfeb800 JavaThread "C2 CompilerThread1" daemon [_thread_blocked, id=5788, stack(0x000000001e6c0000,0x000000001e7c0000)]
  0x000000001dfe6800 JavaThread "C2 CompilerThread0" daemon [_thread_blocked, id=4504, stack(0x000000001e5c0000,0x000000001e6c0000)]
  0x000000001dfe5000 JavaThread "Attach Listener" daemon [_thread_blocked, id=11276, stack(0x000000001e4c0000,0x000000001e5c0000)]
  0x000000001dfe4000 JavaThread "Signal Dispatcher" daemon [_thread_blocked, id=8644, stack(0x000000001e3c0000,0x000000001e4c0000)]
  0x0000000002629800 JavaThread "Finalizer" daemon [_thread_blocked, id=11252, stack(0x000000001dec0000,0x000000001dfc0000)]
  0x000000001bfcd800 JavaThread "Reference Handler" daemon [_thread_blocked, id=14280, stack(0x000000001ddc0000,0x000000001dec0000)]
  0x0000000000b6e000 JavaThread "main" [_thread_in_Java, id=13044, stack(0x0000000002330000,0x0000000002430000)]

Other Threads:
  0x000000001bfc9000 VMThread [stack: 0x000000001dcc0000,0x000000001ddc0000] [id=5544]
  0x000000001e0b4800 WatcherThread [stack: 0x000000001eac0000,0x000000001ebc0000] [id=1784]

VM state:not at safepoint (normal execution)

VM Mutex/Monitor currently owned by a thread: None

Heap:
 PSYoungGen      total 524288K, used 342386K [0x000000076b800000, 0x000000078bc00000, 0x00000007c0000000)
  eden space 520192K, 65% used [0x000000076b800000,0x0000000780634988,0x000000078b400000)
  from space 4096K, 3% used [0x000000078b800000,0x000000078b828000,0x000000078bc00000)
  to   space 4096K, 0% used [0x000000078b400000,0x000000078b400000,0x000000078b800000)
 ParOldGen       total 173568K, used 1180K [0x00000006c2800000, 0x00000006cd180000, 0x000000076b800000)
  object space 173568K, 0% used [0x00000006c2800000,0x00000006c2927060,0x00000006cd180000)
 Metaspace       used 8273K, capacity 8678K, committed 8960K, reserved 1056768K
  class space    used 678K, capacity 722K, committed 768K, reserved 1048576K

Card table byte_map: [0x00000000119f0000,0x00000000121e0000] byte_map_base: 0x000000000e3dc000

Marking Bits: (ParMarkBitMap*) 0x000000005af6a5b0
 Begin Bits: [0x0000000012f30000, 0x0000000016e90000)
 End Bits:   [0x0000000016e90000, 0x000000001adf0000)

Polling page: 0x0000000000b30000

CodeCache: size=245760Kb used=2611Kb max_used=2611Kb free=243148Kb
 bounds [0x0000000002630000, 0x00000000028c0000, 0x0000000011630000]
 total_blobs=1183 nmethods=517 adapters=579
 compilation: enabled

Compilation events (10 events):
Event: 1.362 Thread 0x000000001dffd000  512       3       main.coreEngine.util.maths.Vector3f::set (16 bytes)
Event: 1.362 Thread 0x000000001dffd000 nmethod 512 0x00000000028bd5d0 code [0x00000000028bd720, 0x00000000028bd890]
Event: 1.370 Thread 0x000000001dffd000  514   !   3       sun.misc.Cleaner::clean (35 bytes)
Event: 1.371 Thread 0x000000001dffd000 nmethod 514 0x00000000028bdc90 code [0x00000000028bde40, 0x00000000028be1b8]
Event: 1.371 Thread 0x000000001dffd000  515  s    3       sun.misc.Cleaner::remove (89 bytes)
Event: 1.371 Thread 0x000000001dffd000 nmethod 515 0x00000000028be350 code [0x00000000028be4c0, 0x00000000028be9f0]
Event: 1.462 Thread 0x000000001dffd000  516       3       main.coreEngine.util.maths.MathUtil::toRadiansf (7 bytes)
Event: 1.462 Thread 0x000000001dffd000 nmethod 516 0x00000000028beb10 code [0x00000000028beca0, 0x00000000028bee50]
Event: 1.462 Thread 0x000000001dffd000  517       3       java.lang.Math::toRadians (10 bytes)
Event: 1.462 Thread 0x000000001dffd000 nmethod 517 0x00000000028bef10 code [0x00000000028bf080, 0x00000000028bf1d0]

GC Heap History (10 events):
Event: 0.878 GC heap before
{Heap before GC invocations=4 (full 0):
 PSYoungGen      total 75776K, used 66320K [0x000000076b800000, 0x0000000774c00000, 0x00000007c0000000)
  eden space 65024K, 100% used [0x000000076b800000,0x000000076f780000,0x000000076f780000)
  from space 10752K, 12% used [0x000000076f780000,0x000000076f8c4010,0x0000000770200000)
  to   space 10752K, 0% used [0x0000000774180000,0x0000000774180000,0x0000000774c00000)
 ParOldGen       total 173568K, used 24K [0x00000006c2800000, 0x00000006cd180000, 0x000000076b800000)
  object space 173568K, 0% used [0x00000006c2800000,0x00000006c2806000,0x00000006cd180000)
 Metaspace       used 8257K, capacity 8614K, committed 8704K, reserved 1056768K
  class space    used 678K, capacity 722K, committed 768K, reserved 1048576K
Event: 0.879 GC heap after
Heap after GC invocations=4 (full 0):
 PSYoungGen      total 140800K, used 1200K [0x000000076b800000, 0x0000000774c00000, 0x00000007c0000000)
  eden space 130048K, 0% used [0x000000076b800000,0x000000076b800000,0x0000000773700000)
  from space 10752K, 11% used [0x0000000774180000,0x00000007742ac010,0x0000000774c00000)
  to   space 10752K, 0% used [0x0000000773700000,0x0000000773700000,0x0000000774180000)
 ParOldGen       total 173568K, used 24K [0x00000006c2800000, 0x00000006cd180000, 0x000000076b800000)
  object space 173568K, 0% used [0x00000006c2800000,0x00000006c2806000,0x00000006cd180000)
 Metaspace       used 8257K, capacity 8614K, committed 8704K, reserved 1056768K
  class space    used 678K, capacity 722K, committed 768K, reserved 1048576K
}
Event: 0.981 GC heap before
{Heap before GC invocations=5 (full 0):
 PSYoungGen      total 140800K, used 131248K [0x000000076b800000, 0x0000000774c00000, 0x00000007c0000000)
  eden space 130048K, 100% used [0x000000076b800000,0x0000000773700000,0x0000000773700000)
  from space 10752K, 11% used [0x0000000774180000,0x00000007742ac010,0x0000000774c00000)
  to   space 10752K, 0% used [0x0000000773700000,0x0000000773700000,0x0000000774180000)
 ParOldGen       total 173568K, used 24K [0x00000006c2800000, 0x00000006cd180000, 0x000000076b800000)
  object space 173568K, 0% used [0x00000006c2800000,0x00000006c2806000,0x00000006cd180000)
 Metaspace       used 8259K, capacity 8678K, committed 8960K, reserved 1056768K
  class space    used 678K, capacity 722K, committed 768K, reserved 1048576K
Event: 0.982 GC heap after
Heap after GC invocations=5 (full 0):
 PSYoungGen      total 140800K, used 1216K [0x000000076b800000, 0x000000077be00000, 0x00000007c0000000)
  eden space 130048K, 0% used [0x000000076b800000,0x000000076b800000,0x0000000773700000)
  from space 10752K, 11% used [0x0000000773700000,0x0000000773830000,0x0000000774180000)
  to   space 4096K, 0% used [0x000000077ba00000,0x000000077ba00000,0x000000077be00000)
 ParOldGen       total 173568K, used 32K [0x00000006c2800000, 0x00000006cd180000, 0x000000076b800000)
  object space 173568K, 0% used [0x00000006c2800000,0x00000006c2808000,0x00000006cd180000)
 Metaspace       used 8259K, capacity 8678K, committed 8960K, reserved 1056768K
  class space    used 678K, capacity 722K, committed 768K, reserved 1048576K
}
Event: 1.038 GC heap before
{Heap before GC invocations=6 (full 0):
 PSYoungGen      total 140800K, used 131264K [0x000000076b800000, 0x000000077be00000, 0x00000007c0000000)
  eden space 130048K, 100% used [0x000000076b800000,0x0000000773700000,0x0000000773700000)
  from space 10752K, 11% used [0x0000000773700000,0x0000000773830000,0x0000000774180000)
  to   space 4096K, 0% used [0x000000077ba00000,0x000000077ba00000,0x000000077be00000)
 ParOldGen       total 173568K, used 32K [0x00000006c2800000, 0x00000006cd180000, 0x000000076b800000)
  object space 173568K, 0% used [0x00000006c2800000,0x00000006c2808000,0x00000006cd180000)
 Metaspace       used 8259K, capacity 8678K, committed 8960K, reserved 1056768K
  class space    used 678K, capacity 722K, committed 768K, reserved 1048576K
Event: 1.039 GC heap after
Heap after GC invocations=6 (full 0):
 PSYoungGen      total 263168K, used 1216K [0x000000076b800000, 0x000000077bd00000, 0x00000007c0000000)
  eden space 260096K, 0% used [0x000000076b800000,0x000000076b800000,0x000000077b600000)
  from space 3072K, 39% used [0x000000077ba00000,0x000000077bb30000,0x000000077bd00000)
  to   space 3584K, 0% used [0x000000077b600000,0x000000077b600000,0x000000077b980000)
 ParOldGen       total 173568K, used 32K [0x00000006c2800000, 0x00000006cd180000, 0x000000076b800000)
  object space 173568K, 0% used [0x00000006c2800000,0x00000006c2808000,0x00000006cd180000)
 Metaspace       used 8259K, capacity 8678K, committed 8960K, reserved 1056768K
  class space    used 678K, capacity 722K, committed 768K, reserved 1048576K
}
Event: 1.248 GC heap before
{Heap before GC invocations=7 (full 0):
 PSYoungGen      total 263168K, used 261312K [0x000000076b800000, 0x000000077bd00000, 0x00000007c0000000)
  eden space 260096K, 100% used [0x000000076b800000,0x000000077b600000,0x000000077b600000)
  from space 3072K, 39% used [0x000000077ba00000,0x000000077bb30000,0x000000077bd00000)
  to   space 3584K, 0% used [0x000000077b600000,0x000000077b600000,0x000000077b980000)
 ParOldGen       total 173568K, used 32K [0x00000006c2800000, 0x00000006cd180000, 0x000000076b800000)
  object space 173568K, 0% used [0x00000006c2800000,0x00000006c2808000,0x00000006cd180000)
 Metaspace       used 8262K, capacity 8678K, committed 8960K, reserved 1056768K
  class space    used 678K, capacity 722K, committed 768K, reserved 1048576K
Event: 1.250 GC heap after
Heap after GC invocations=7 (full 0):
 PSYoungGen      total 263680K, used 96K [0x000000076b800000, 0x000000078bc00000, 0x00000007c0000000)
  eden space 260096K, 0% used [0x000000076b800000,0x000000076b800000,0x000000077b600000)
  from space 3584K, 2% used [0x000000077b600000,0x000000077b618000,0x000000077b980000)
  to   space 4096K, 0% used [0x000000078b800000,0x000000078b800000,0x000000078bc00000)
 ParOldGen       total 173568K, used 1180K [0x00000006c2800000, 0x00000006cd180000, 0x000000076b800000)
  object space 173568K, 0% used [0x00000006c2800000,0x00000006c2927060,0x00000006cd180000)
 Metaspace       used 8262K, capacity 8678K, committed 8960K, reserved 1056768K
  class space    used 678K, capacity 722K, committed 768K, reserved 1048576K
}
Event: 1.370 GC heap before
{Heap before GC invocations=8 (full 0):
 PSYoungGen      total 263680K, used 260192K [0x000000076b800000, 0x000000078bc00000, 0x00000007c0000000)
  eden space 260096K, 100% used [0x000000076b800000,0x000000077b600000,0x000000077b600000)
  from space 3584K, 2% used [0x000000077b600000,0x000000077b618000,0x000000077b980000)
  to   space 4096K, 0% used [0x000000078b800000,0x000000078b800000,0x000000078bc00000)
 ParOldGen       total 173568K, used 1180K [0x00000006c2800000, 0x00000006cd180000, 0x000000076b800000)
  object space 173568K, 0% used [0x00000006c2800000,0x00000006c2927060,0x00000006cd180000)
 Metaspace       used 8271K, capacity 8678K, committed 8960K, reserved 1056768K
  class space    used 678K, capacity 722K, committed 768K, reserved 1048576K
Event: 1.370 GC heap after
Heap after GC invocations=8 (full 0):
 PSYoungGen      total 524288K, used 160K [0x000000076b800000, 0x000000078bc00000, 0x00000007c0000000)
  eden space 520192K, 0% used [0x000000076b800000,0x000000076b800000,0x000000078b400000)
  from space 4096K, 3% used [0x000000078b800000,0x000000078b828000,0x000000078bc00000)
  to   space 4096K, 0% used [0x000000078b400000,0x000000078b400000,0x000000078b800000)
 ParOldGen       total 173568K, used 1180K [0x00000006c2800000, 0x00000006cd180000, 0x000000076b800000)
  object space 173568K, 0% used [0x00000006c2800000,0x00000006c2927060,0x00000006cd180000)
 Metaspace       used 8271K, capacity 8678K, committed 8960K, reserved 1056768K
  class space    used 678K, capacity 722K, committed 768K, reserved 1048576K
}

Deoptimization events (10 events):
Event: 0.372 Thread 0x000000001e19c800 Uncommon trap: reason=bimorphic action=maybe_recompile pc=0x00000000027883a4 method=java.util.HashMap.getNode(ILjava/lang/Object;)Ljava/util/HashMap$Node; @ 126
Event: 0.373 Thread 0x000000001e19c800 Uncommon trap: reason=bimorphic action=maybe_recompile pc=0x00000000027883a4 method=java.util.HashMap.getNode(ILjava/lang/Object;)Ljava/util/HashMap$Node; @ 126
Event: 0.378 Thread 0x000000001e19c800 Uncommon trap: reason=unstable_if action=reinterpret pc=0x000000000278d9a4 method=java.util.HashMap.containsKey(Ljava/lang/Object;)Z @ 9
Event: 0.378 Thread 0x000000001e19c800 Uncommon trap: reason=unstable_if action=reinterpret pc=0x000000000277aa18 method=java.util.HashMap.keySet()Ljava/util/Set; @ 6
Event: 0.598 Thread 0x000000001e19c800 Uncommon trap: reason=unstable_if action=reinterpret pc=0x0000000002779258 method=java.util.HashMap.clear()V @ 16
Event: 0.598 Thread 0x000000001e19c800 Uncommon trap: reason=unstable_if action=reinterpret pc=0x000000000277ac58 method=java.util.HashMap.clear()V @ 16
Event: 0.598 Thread 0x0000000000b6e000 Uncommon trap: reason=unstable_if action=reinterpret pc=0x000000000278e534 method=java.util.HashMap.containsKey(Ljava/lang/Object;)Z @ 9
Event: 0.598 Thread 0x000000001e1a8000 Uncommon trap: reason=unstable_if action=reinterpret pc=0x00000000027a5640 method=main.coreEngine.TickableThread.run()V @ 58
Event: 0.641 Thread 0x0000000000b6e000 Uncommon trap: reason=unstable_if action=reinterpret pc=0x0000000002890020 method=main.coreEngine.Engine.start()V @ 163
Event: 0.707 Thread 0x000000001e1a8000 Uncommon trap: reason=unstable_if action=reinterpret pc=0x000000000289c72c method=main.coreEngine.TickableThread.run()V @ 461

Internal exceptions (9 events):
Event: 0.023 Thread 0x0000000000b6e000 Exception <a 'java/lang/NoSuchMethodError': Method sun.misc.Unsafe.defineClass(Ljava/lang/String;[BII)Ljava/lang/Class; name or signature does not match> (0x000000076b80dc80) thrown at [C:\workspace\8-2-build-windows-amd64-cygwin\jdk8u65\4987\hotspot\src\sª≤◊DZò?
Event: 0.024 Thread 0x0000000000b6e000 Exception <a 'java/lang/NoSuchMethodError': Method sun.misc.Unsafe.prefetchRead(Ljava/lang/Object;J)V name or signature does not match> (0x000000076b80df68) thrown at [C:\workspace\8-2-build-windows-amd64-cygwin\jdk8u65\4987\hotspot\src\share\vm\prims\jni.ùLH%Œ◊?
Event: 0.372 Thread 0x000000001e19c800 Implicit null exception at 0x00000000027888cd to 0x0000000002788bbd
Event: 0.373 Thread 0x000000001e19c800 Exception <a 'java/security/PrivilegedActionException'> (0x000000076c78b280) thrown at [C:\workspace\8-2-build-windows-amd64-cygwin\jdk8u65\4987\hotspot\src\share\vm\prims\jvm.cpp, line 1386]
Event: 0.373 Thread 0x000000001e19c800 Exception <a 'java/security/PrivilegedActionException'> (0x000000076c78b678) thrown at [C:\workspace\8-2-build-windows-amd64-cygwin\jdk8u65\4987\hotspot\src\share\vm\prims\jvm.cpp, line 1386]
Event: 0.373 Thread 0x000000001e19c800 Exception <a 'java/security/PrivilegedActionException'> (0x000000076c78f930) thrown at [C:\workspace\8-2-build-windows-amd64-cygwin\jdk8u65\4987\hotspot\src\share\vm\prims\jvm.cpp, line 1386]
Event: 0.373 Thread 0x000000001e19c800 Exception <a 'java/security/PrivilegedActionException'> (0x000000076c78fd28) thrown at [C:\workspace\8-2-build-windows-amd64-cygwin\jdk8u65\4987\hotspot\src\share\vm\prims\jvm.cpp, line 1386]
Event: 0.378 Thread 0x000000001e19c800 Implicit null exception at 0x000000000278d6d4 to 0x000000000278d999
Event: 0.598 Thread 0x0000000000b6e000 Implicit null exception at 0x000000000278e24f to 0x000000000278e521

Events (10 events):
Event: 0.878 Executing VM operation: ParallelGCFailedAllocation
Event: 0.879 Executing VM operation: ParallelGCFailedAllocation done
Event: 0.981 Executing VM operation: ParallelGCFailedAllocation
Event: 0.982 Executing VM operation: ParallelGCFailedAllocation done
Event: 1.038 Executing VM operation: ParallelGCFailedAllocation
Event: 1.040 Executing VM operation: ParallelGCFailedAllocation done
Event: 1.248 Executing VM operation: ParallelGCFailedAllocation
Event: 1.250 Executing VM operation: ParallelGCFailedAllocation done
Event: 1.370 Executing VM operation: ParallelGCFailedAllocation
Event: 1.370 Executing VM operation: ParallelGCFailedAllocation done


Dynamic libraries:
0x00007ff75d350000 - 0x00007ff75d387000 	C:\Program Files\Java\jdk1.8.0_65\bin\java.exe
0x00007ffd2b8f0000 - 0x00007ffd2bab1000 	C:\WINDOWS\SYSTEM32\ntdll.dll
0x00007ffd29160000 - 0x00007ffd2920d000 	C:\WINDOWS\system32\KERNEL32.DLL
0x00007ffd28890000 - 0x00007ffd28a78000 	C:\WINDOWS\system32\KERNELBASE.dll
0x00007ffd296a0000 - 0x00007ffd29747000 	C:\WINDOWS\system32\ADVAPI32.dll
0x00007ffd29430000 - 0x00007ffd294cd000 	C:\WINDOWS\system32\msvcrt.dll
0x00007ffd29510000 - 0x00007ffd2956b000 	C:\WINDOWS\system32\sechost.dll
0x00007ffd29580000 - 0x00007ffd2969c000 	C:\WINDOWS\system32\RPCRT4.dll
0x00007ffd28e50000 - 0x00007ffd28fa6000 	C:\WINDOWS\system32\USER32.dll
0x00007ffd299d0000 - 0x00007ffd29b56000 	C:\WINDOWS\system32\GDI32.dll
0x00007ffd24690000 - 0x00007ffd24904000 	C:\WINDOWS\WinSxS\amd64_microsoft.windows.common-controls_6595b64144ccf1df_6.0.10586.0_none_8c15ae12515e1c22\COMCTL32.dll
0x00007ffd29750000 - 0x00007ffd299cd000 	C:\WINDOWS\system32\combase.dll
0x00007ffd27f80000 - 0x00007ffd27fea000 	C:\WINDOWS\system32\bcryptPrimitives.dll
0x00007ffd294d0000 - 0x00007ffd2950b000 	C:\WINDOWS\system32\IMM32.DLL
0x000000005b5d0000 - 0x000000005b6a2000 	C:\Program Files\Java\jdk1.8.0_65\jre\bin\msvcr100.dll
0x000000005a760000 - 0x000000005afe9000 	C:\Program Files\Java\jdk1.8.0_65\jre\bin\server\jvm.dll
0x00007ffd29b60000 - 0x00007ffd29b68000 	C:\WINDOWS\system32\PSAPI.DLL
0x00007ffd1e6b0000 - 0x00007ffd1e6b9000 	C:\WINDOWS\SYSTEM32\WSOCK32.dll
0x00007ffd26170000 - 0x00007ffd26193000 	C:\WINDOWS\SYSTEM32\WINMM.dll
0x00007ffd249f0000 - 0x00007ffd249fa000 	C:\WINDOWS\SYSTEM32\VERSION.dll
0x00007ffd29cd0000 - 0x00007ffd29d3b000 	C:\WINDOWS\system32\WS2_32.dll
0x00007ffd26110000 - 0x00007ffd2613c000 	C:\WINDOWS\SYSTEM32\WINMMBASE.dll
0x00007ffd28a80000 - 0x00007ffd28ac3000 	C:\WINDOWS\system32\cfgmgr32.dll
0x000000005b5c0000 - 0x000000005b5cf000 	C:\Program Files\Java\jdk1.8.0_65\jre\bin\verify.dll
0x000000005b590000 - 0x000000005b5b9000 	C:\Program Files\Java\jdk1.8.0_65\jre\bin\java.dll
0x000000005b520000 - 0x000000005b536000 	C:\Program Files\Java\jdk1.8.0_65\jre\bin\zip.dll
0x00007ffd2a2c0000 - 0x00007ffd2b81c000 	C:\WINDOWS\system32\SHELL32.dll
0x00007ffd28070000 - 0x00007ffd286b5000 	C:\WINDOWS\system32\windows.storage.dll
0x00007ffd2a250000 - 0x00007ffd2a2a2000 	C:\WINDOWS\system32\shlwapi.dll
0x00007ffd27f70000 - 0x00007ffd27f7f000 	C:\WINDOWS\system32\kernel.appcore.dll
0x00007ffd28c10000 - 0x00007ffd28cc5000 	C:\WINDOWS\system32\shcore.dll
0x00007ffd27ef0000 - 0x00007ffd27f3b000 	C:\WINDOWS\system32\powrprof.dll
0x00007ffd27f40000 - 0x00007ffd27f54000 	C:\WINDOWS\system32\profapi.dll
0x00007ffd26060000 - 0x00007ffd26070000 	D:\Program Files (x86)\JetBrains\IntelliJ IDEA 2016.1\bin\breakgen64.dll
0x000000005b570000 - 0x000000005b58a000 	C:\Program Files\Java\jdk1.8.0_65\jre\bin\net.dll
0x00007ffd27820000 - 0x00007ffd2787c000 	C:\WINDOWS\system32\mswsock.dll
0x00007ffd0dd80000 - 0x00007ffd0de08000 	D:\Code\Java\Projects\WireEngine20\lib\native\lwjgl.dll
0x00007ffd279f0000 - 0x00007ffd279fb000 	C:\WINDOWS\SYSTEM32\CRYPTBASE.DLL
0x00007ffd0f000000 - 0x00007ffd0f042000 	D:\Code\Java\Projects\WireEngine20\lib\native\jemalloc.dll
0x00007ffd11dd0000 - 0x00007ffd11e08000 	D:\Code\Java\Projects\WireEngine20\lib\native\glfw.dll
0x00007ffd26870000 - 0x00007ffd26906000 	C:\WINDOWS\system32\uxtheme.dll
0x00007ffd25f20000 - 0x00007ffd25f42000 	C:\WINDOWS\SYSTEM32\dwmapi.dll
0x00007ffd18b80000 - 0x00007ffd18ca9000 	C:\WINDOWS\SYSTEM32\opengl32.dll
0x00007ffd1c880000 - 0x00007ffd1c8ae000 	C:\WINDOWS\SYSTEM32\GLU32.dll
0x00007ffd18a80000 - 0x00007ffd18b7a000 	C:\WINDOWS\SYSTEM32\DDRAW.dll
0x00007ffd1d2d0000 - 0x00007ffd1d2d8000 	C:\WINDOWS\SYSTEM32\DCIMAN32.dll
0x00007ffd29b70000 - 0x00007ffd29cca000 	C:\WINDOWS\system32\MSCTF.dll
0x00007ffd15240000 - 0x00007ffd15289000 	C:\Program Files (x86)\TeamViewer\tv_x64.dll
0x00007ffd29210000 - 0x00007ffd29353000 	C:\WINDOWS\system32\ole32.dll
0x0000000058a10000 - 0x000000005a759000 	C:\WINDOWS\SYSTEM32\nvoglv64.DLL
0x00007ffd29d60000 - 0x00007ffd2a189000 	C:\WINDOWS\system32\SETUPAPI.dll
0x00007ffd25f70000 - 0x00007ffd25f83000 	C:\WINDOWS\SYSTEM32\WTSAPI32.dll
0x00007ffd269c0000 - 0x00007ffd269e7000 	C:\WINDOWS\SYSTEM32\DEVOBJ.dll
0x00007ffd27ff0000 - 0x00007ffd28045000 	C:\WINDOWS\system32\WINTRUST.dll
0x00007ffd27f60000 - 0x00007ffd27f70000 	C:\WINDOWS\system32\MSASN1.dll
0x00007ffd286c0000 - 0x00007ffd28887000 	C:\WINDOWS\system32\CRYPT32.dll
0x00007ffd27440000 - 0x00007ffd27471000 	C:\WINDOWS\SYSTEM32\ntmarta.dll
0x00007ffd27190000 - 0x00007ffd271e6000 	C:\WINDOWS\SYSTEM32\WINSTA.dll
0x00007ffd2b840000 - 0x00007ffd2b8e7000 	C:\WINDOWS\system32\clbcatq.dll
0x00007ffd231a0000 - 0x00007ffd231c5000 	C:\Program Files (x86)\Samsung\Easy Printer Manager\SmartScreenPrint\CDAKEYMonitor64.dll
0x00007ffd29360000 - 0x00007ffd29421000 	C:\WINDOWS\system32\OLEAUT32.dll
0x00007ffd238a0000 - 0x00007ffd23a2c000 	C:\WINDOWS\SYSTEM32\dbghelp.dll

VM Arguments:
jvm_args: -Djava.library.path=lib/native/ -Didea.launcher.port=7532 -Didea.launcher.bin.path=D:\Program Files (x86)\JetBrains\IntelliJ IDEA 2016.1\bin -Dfile.encoding=UTF-8 
java_command: com.intellij.rt.execution.application.AppMain main.Main
java_class_path (initial): C:\Program Files\Java\jdk1.8.0_65\jre\lib\charsets.jar;C:\Program Files\Java\jdk1.8.0_65\jre\lib\deploy.jar;C:\Program Files\Java\jdk1.8.0_65\jre\lib\ext\access-bridge-64.jar;C:\Program Files\Java\jdk1.8.0_65\jre\lib\ext\cldrdata.jar;C:\Program Files\Java\jdk1.8.0_65\jre\lib\ext\dnsns.jar;C:\Program Files\Java\jdk1.8.0_65\jre\lib\ext\jaccess.jar;C:\Program Files\Java\jdk1.8.0_65\jre\lib\ext\jfxrt.jar;C:\Program Files\Java\jdk1.8.0_65\jre\lib\ext\localedata.jar;C:\Program Files\Java\jdk1.8.0_65\jre\lib\ext\nashorn.jar;C:\Program Files\Java\jdk1.8.0_65\jre\lib\ext\sunec.jar;C:\Program Files\Java\jdk1.8.0_65\jre\lib\ext\sunjce_provider.jar;C:\Program Files\Java\jdk1.8.0_65\jre\lib\ext\sunmscapi.jar;C:\Program Files\Java\jdk1.8.0_65\jre\lib\ext\sunpkcs11.jar;C:\Program Files\Java\jdk1.8.0_65\jre\lib\ext\zipfs.jar;C:\Program Files\Java\jdk1.8.0_65\jre\lib\javaws.jar;C:\Program Files\Java\jdk1.8.0_65\jre\lib\jce.jar;C:\Program Files\Java\jdk1.8.0_65\jre\lib\jfr.jar;C:\Program Files\Java\jdk1.8.0_65\jre\lib\jfxswt.jar;C:\Program Files\Java\jdk1.8.0_65\jre\lib\jsse.jar;C:\Program Files\Java\jdk1.8.0_65\jre\lib\management-agent.jar;C:\Program Files\Java\jdk1.8.0_65\jre\lib\plugin.jar;C:\Program Files\Java\jdk1.8.0_65\jre\lib\resources.jar;C:\Program Files\Java\jdk1.8.0_65\jre\lib\rt.jar;D:\Code\Java\Projects\WireEngine20\out\production\WireEngine20;D:\Code\Java\Projects\WireEngine20\lib\jar\lwjgl.jar;D:\Code\Java\Projects\WireEngine20\lib\jar\slick-util.jar;D:\Program Files (x86)\JetBrains\IntelliJ IDEA 2016.1\lib\idea_rt.jar
Launcher Type: SUN_STANDARD

Environment Variables:
JAVA_HOME=C:\Program Files\Java\jdk1.8.0_65
PATH=C:\ProgramData\Oracle\Java\javapath;C:\Program Files (x86)\Razer Chroma SDK\bin;C:\Program Files\Razer Chroma SDK\bin;C:\Program Files (x86)\NVIDIA Corporation\PhysX\Common;C:\Program Files (x86)\Intel\iCLS Client\;C:\Program Files\Intel\iCLS Client\;C:\Windows\system32;C:\Windows;C:\Windows\System32\Wbem;C:\Windows\System32\WindowsPowerShell\v1.0\;C:\Program Files\Intel\Intel(R) Management Engine Components\DAL;C:\Program Files (x86)\Intel\Intel(R) Management Engine Components\DAL;C:\Program Files\Intel\Intel(R) Management Engine Components\IPT;C:\Program Files (x86)\Intel\Intel(R) Management Engine Components\IPT;C:\Program Files\Java\jre1.8.0_65\bin;C:\MinGW\bin;C:\WINDOWS\system32;C:\WINDOWS;C:\WINDOWS\System32\Wbem;C:\WINDOWS\System32\WindowsPowerShell\v1.0\;D:\Program Files (x86)\CMake\bin;D:\Program Files\Programs\Python\Python35-32;D:\Program Files\Programs\Python\Python35-32\Scripts;C:\Program Files (x86)\Skype\Phone\;D:\Program Files\Programs\Python\Python35-32\Scripts\;D:\Program Files\Programs\Python\Python35-32\
USERNAME=Kelan
OS=Windows_NT
PROCESSOR_IDENTIFIER=Intel64 Family 6 Model 60 Stepping 3, GenuineIntel



---------------  S Y S T E M  ---------------

OS: Windows 10.0 , 64 bit Build 10586 (10.0.10586.0)

CPU:total 8 (4 cores per cpu, 2 threads per core) family 6 model 60 stepping 3, cmov, cx8, fxsr, mmx, sse, sse2, sse3, ssse3, sse4.1, sse4.2, popcnt, avx, avx2, aes, clmul, erms, lzcnt, ht, tsc, tscinvbit, bmi1, bmi2

Memory: 4k page, physical 16609500k(8837456k free), swap 33386716k(22536556k free)

vm_info: Java HotSpot(TM) 64-Bit Server VM (25.65-b01) for windows-amd64 JRE (1.8.0_65-b17), built on Oct  6 2015 16:39:20 by "java_re" with MS VC++ 10.0 (VS2010)

time: Fri Apr 15 22:35:31 2016
elapsed time: 1 seconds (0d 0h 0m 1s)

