#
# A fatal error has been detected by the Java Runtime Environment:
#
#  EXCEPTION_ACCESS_VIOLATION (0xc0000005) at pc=0x00007ffb27d724b9, pid=4396, tid=4152
#
# JRE version: Java(TM) SE Runtime Environment (8.0_65-b17) (build 1.8.0_65-b17)
# Java VM: Java HotSpot(TM) 64-Bit Server VM (25.65-b01 mixed mode windows-amd64 compressed oops)
# Problematic frame:
# C  [glfw.dll+0x24b9]
#
# Failed to write core dump. Minidumps are not enabled by default on client versions of Windows
#
# If you would like to submit a bug report, please visit:
#   http://bugreport.java.com/bugreport/crash.jsp
# The crash happened outside the Java Virtual Machine in native code.
# See problematic frame for where to report the bug.
#

---------------  T H R E A D  ---------------

Current thread (0x000000001e258800):  JavaThread "CLIENT" [_thread_in_native, id=4152, stack(0x000000001ef60000,0x000000001f060000)]

siginfo: ExceptionCode=0xc0000005, reading address 0x0000000000000000

Registers:
RAX=0x0000000000000000, RBX=0x000000001ba33030, RCX=0x0000000000000000, RDX=0x0000000000000000
RSP=0x000000001f05edd0, RBP=0x000000001f05ee60, RSI=0x0000000000000108, RDI=0x0000000000543bb0
R8 =0x000000001f05edc8, R9 =0x000000001f05ee60, R10=0x0000000000000000, R11=0x0000000000000246
R12=0x0000000000000000, R13=0x000000001f05ee78, R14=0x000000001f05ee50, R15=0x000000001e258800
RIP=0x00007ffb27d724b9, EFLAGS=0x0000000000010287

Top of Stack: (sp=0x000000001f05edd0)
0x000000001f05edd0:   0000000000000000 0000000000000108
0x000000001f05ede0:   000000001b9d7bf0 000000000260ec10
0x000000001f05edf0:   00000000000029be 0000000002a6ac0a
0x000000001f05ee00:   000000001ba33030 000000006c6faea4
0x000000001f05ee10:   000000001e258800 000000001e258800
0x000000001f05ee20:   000000001e258800 0000000000000000
0x000000001f05ee30:   000000001e23f560 000000006c685eba
0x000000001f05ee40:   000000001f05f5a8 000000001f05eed8
0x000000001f05ee50:   00000006c28063b0 00000000000029bd
0x000000001f05ee60:   000000001f05eed8 0000000002617d8d
0x000000001f05ee70:   0000000002617d8d 0000000000543bb0
0x000000001f05ee80:   00000000026178a0 00007ffb27d72420
0x000000001f05ee90:   0000000000000001 000000001f05ee98
0x000000001f05eea0:   000000001ba4f0bc 000000001f05ef00
0x000000001f05eeb0:   000000001ba510a0 0000000000000000
0x000000001f05eec0:   000000001ba4f0e8 000000001f05ee78 

Instructions: (pc=0x00007ffb27d724b9)
0x00007ffb27d72499:   48 8b cf e8 1f 3a 00 00 48 39 3d f0 d5 02 00 48
0x00007ffb27d724a9:   8d 0d e9 d5 02 00 48 8b 5c 24 30 74 08 48 8b 09
0x00007ffb27d724b9:   48 39 39 75 f8 48 8b 07 48 89 01 48 8b cf 48 83
0x00007ffb27d724c9:   c4 20 5f e9 5b fe 00 00 48 83 c4 20 5f c3 cc cc 


Register to memory mapping:

RAX=0x0000000000000000 is an unknown value
RBX={method} {0x000000001ba33038} 'invokePV' '(JJ)V' in 'org/lwjgl/system/JNI'
RCX=0x0000000000000000 is an unknown value
RDX=0x0000000000000000 is an unknown value
RSP=0x000000001f05edd0 is pointing into the stack for thread: 0x000000001e258800
RBP=0x000000001f05ee60 is pointing into the stack for thread: 0x000000001e258800
RSI=0x0000000000000108 is an unknown value
RDI=0x0000000000543bb0 is an unknown value
R8 =0x000000001f05edc8 is pointing into the stack for thread: 0x000000001e258800
R9 =0x000000001f05ee60 is pointing into the stack for thread: 0x000000001e258800
R10=0x0000000000000000 is an unknown value
R11=0x0000000000000246 is an unknown value
R12=0x0000000000000000 is an unknown value
R13=0x000000001f05ee78 is pointing into the stack for thread: 0x000000001e258800
R14=0x000000001f05ee50 is pointing into the stack for thread: 0x000000001e258800
R15=0x000000001e258800 is a thread


Stack: [0x000000001ef60000,0x000000001f060000],  sp=0x000000001f05edd0,  free space=1019k
Native frames: (J=compiled Java code, j=interpreted, Vv=VM code, C=native code)
C  [glfw.dll+0x24b9]
C  0x0000000002a6ac0a

Java frames: (J=compiled Java code, j=interpreted, Vv=VM code)
J 812  org.lwjgl.system.JNI.invokePV(JJ)V (0 bytes) @ 0x0000000002a6ab84 [0x0000000002a6ab40+0x44]
j  org.lwjgl.glfw.GLFW.glfwDestroyCursor(J)V+20
j  main.client.Window.destroyWindow()V+9
j  main.coreEngine.Engine.stop()V+70
J 856 C1 main.client.Window.update()V (37 bytes) @ 0x0000000002a9516c [0x0000000002a94cc0+0x4ac]
J 833 C1 main.client.renderEngine.RenderEngine.render()V (60 bytes) @ 0x0000000002a8b9dc [0x0000000002a8a8a0+0x113c]
J 818 C1 main.client.ClientThread.tick()V (16 bytes) @ 0x0000000002a75cf4 [0x0000000002a75840+0x4b4]
j  main.coreEngine.TickableThread.run()V+469
v  ~StubRoutines::call_stub

---------------  P R O C E S S  ---------------

Java Threads: ( => current thread )
  0x000000001e25a000 JavaThread "SERVER" [_thread_in_Java, id=12132, stack(0x000000001f060000,0x000000001f160000)]
=>0x000000001e258800 JavaThread "CLIENT" [_thread_in_native, id=4152, stack(0x000000001ef60000,0x000000001f060000)]
  0x000000001e158000 JavaThread "Service Thread" daemon [_thread_blocked, id=6096, stack(0x000000001ed60000,0x000000001ee60000)]
  0x000000001e0c2800 JavaThread "C1 CompilerThread3" daemon [_thread_blocked, id=1968, stack(0x000000001ec60000,0x000000001ed60000)]
  0x000000001e0b4000 JavaThread "C2 CompilerThread2" daemon [_thread_blocked, id=11460, stack(0x000000001eb60000,0x000000001ec60000)]
  0x000000001e0b3800 JavaThread "C2 CompilerThread1" daemon [_thread_blocked, id=10648, stack(0x000000001ea60000,0x000000001eb60000)]
  0x000000001e0bd800 JavaThread "C2 CompilerThread0" daemon [_thread_blocked, id=7316, stack(0x000000001e960000,0x000000001ea60000)]
  0x000000001e0a3800 JavaThread "JDWP Command Reader" daemon [_thread_in_native, id=5996, stack(0x000000001e860000,0x000000001e960000)]
  0x000000001e0a2000 JavaThread "JDWP Event Helper Thread" daemon [_thread_blocked, id=9628, stack(0x000000001e760000,0x000000001e860000)]
  0x000000001e091000 JavaThread "JDWP Transport Listener: dt_socket" daemon [_thread_blocked, id=916, stack(0x000000001e660000,0x000000001e760000)]
  0x000000001e087000 JavaThread "Attach Listener" daemon [_thread_blocked, id=12260, stack(0x000000001e560000,0x000000001e660000)]
  0x000000001e086000 JavaThread "Signal Dispatcher" daemon [_thread_blocked, id=12496, stack(0x000000001e460000,0x000000001e560000)]
  0x000000000260a800 JavaThread "Finalizer" daemon [_thread_blocked, id=3496, stack(0x000000001de80000,0x000000001df80000)]
  0x0000000002604000 JavaThread "Reference Handler" daemon [_thread_blocked, id=9492, stack(0x000000001dd80000,0x000000001de80000)]
  0x000000000096e000 JavaThread "main" [_thread_in_Java, id=12704, stack(0x0000000002410000,0x0000000002510000)]

Other Threads:
  0x000000001bfa9800 VMThread [stack: 0x000000001dc80000,0x000000001dd80000] [id=10680]
  0x000000001e17b000 WatcherThread [stack: 0x000000001ee60000,0x000000001ef60000] [id=7460]

VM state:not at safepoint (normal execution)

VM Mutex/Monitor currently owned by a thread: None

Heap:
 PSYoungGen      total 393728K, used 35340K [0x000000076b800000, 0x00000007bb200000, 0x00000007c0000000)
  eden space 391168K, 8% used [0x000000076b800000,0x000000076da4b200,0x0000000783600000)
  from space 2560K, 8% used [0x00000007bad00000,0x00000007bad38000,0x00000007baf80000)
  to   space 2560K, 0% used [0x00000007baf80000,0x00000007baf80000,0x00000007bb200000)
 ParOldGen       total 173568K, used 23555K [0x00000006c2800000, 0x00000006cd180000, 0x000000076b800000)
  object space 173568K, 13% used [0x00000006c2800000,0x00000006c3f00c40,0x00000006cd180000)
 Metaspace       used 8383K, capacity 8774K, committed 8960K, reserved 1056768K
  class space    used 662K, capacity 690K, committed 768K, reserved 1048576K

Card table byte_map: [0x00000000119d0000,0x00000000121c0000] byte_map_base: 0x000000000e3bc000

Marking Bits: (ParMarkBitMap*) 0x000000006cdda5b0
 Begin Bits: [0x0000000012f10000, 0x0000000016e70000)
 End Bits:   [0x0000000016e70000, 0x000000001add0000)

Polling page: 0x0000000000950000

CodeCache: size=245760Kb used=4652Kb max_used=4663Kb free=241107Kb
 bounds [0x0000000002610000, 0x0000000002ab0000, 0x0000000011610000]
 total_blobs=1519 nmethods=861 adapters=579
 compilation: enabled

Compilation events (10 events):
Event: 18.284 Thread 0x000000001e0c2800  859       1       main.coreEngine.sceneGraph.components.CameraComponent::input (1 bytes)
Event: 18.284 Thread 0x000000001e0c2800 nmethod 859 0x0000000002a98990 code [0x0000000002a98ae0, 0x0000000002a98bf0]
Event: 18.818 Thread 0x000000001e0bd800  860       4       java.nio.DirectByteBuffer::asDoubleBuffer (151 bytes)
Event: 18.818 Thread 0x000000001e0b3800  861       4       main.coreEngine.util.maths.Vector3f::add (72 bytes)
Event: 18.819 Thread 0x000000001e0bd800 nmethod 860 0x0000000002a9d710 code [0x0000000002a9d860, 0x0000000002a9da58]
Event: 18.819 Thread 0x000000001e0b3800 nmethod 861 0x0000000002a9ec10 code [0x0000000002a9ed60, 0x0000000002a9ef98]
Event: 19.084 Thread 0x000000001e0b4000  862       4       java.nio.DirectDoubleBufferU::get (16 bytes)
Event: 19.085 Thread 0x000000001e0b4000 nmethod 862 0x0000000002a97250 code [0x0000000002a97380, 0x0000000002a97438]
Event: 19.334 Thread 0x000000001e0c2800  863       1       main.coreEngine.sceneGraph.components.ControllerComponent::render (1 bytes)
Event: 19.334 Thread 0x000000001e0c2800 nmethod 863 0x0000000002a9a150 code [0x0000000002a9a2a0, 0x0000000002a9a3b0]

GC Heap History (10 events):
Event: 18.537 GC heap before
{Heap before GC invocations=35 (full 0):
 PSYoungGen      total 488960K, used 488672K [0x000000076b800000, 0x00000007bb700000, 0x00000007c0000000)
  eden space 488448K, 100% used [0x000000076b800000,0x0000000789500000,0x0000000789500000)
  from space 512K, 43% used [0x00000007bb680000,0x00000007bb6b8000,0x00000007bb700000)
  to   space 3584K, 0% used [0x00000007bb000000,0x00000007bb000000,0x00000007bb380000)
 ParOldGen       total 173568K, used 23555K [0x00000006c2800000, 0x00000006cd180000, 0x000000076b800000)
  object space 173568K, 13% used [0x00000006c2800000,0x00000006c3f00c40,0x00000006cd180000)
 Metaspace       used 8383K, capacity 8774K, committed 8960K, reserved 1056768K
  class space    used 662K, capacity 690K, committed 768K, reserved 1048576K
Event: 18.538 GC heap after
Heap after GC invocations=35 (full 0):
 PSYoungGen      total 470528K, used 224K [0x000000076b800000, 0x00000007bb700000, 0x00000007c0000000)
  eden space 466944K, 0% used [0x000000076b800000,0x000000076b800000,0x0000000788000000)
  from space 3584K, 6% used [0x00000007bb000000,0x00000007bb038000,0x00000007bb380000)
  to   space 3072K, 0% used [0x00000007bb400000,0x00000007bb400000,0x00000007bb700000)
 ParOldGen       total 173568K, used 23555K [0x00000006c2800000, 0x00000006cd180000, 0x000000076b800000)
  object space 173568K, 13% used [0x00000006c2800000,0x00000006c3f00c40,0x00000006cd180000)
 Metaspace       used 8383K, capacity 8774K, committed 8960K, reserved 1056768K
  class space    used 662K, capacity 690K, committed 768K, reserved 1048576K
}
Event: 18.902 GC heap before
{Heap before GC invocations=36 (full 0):
 PSYoungGen      total 470528K, used 467168K [0x000000076b800000, 0x00000007bb700000, 0x00000007c0000000)
  eden space 466944K, 100% used [0x000000076b800000,0x0000000788000000,0x0000000788000000)
  from space 3584K, 6% used [0x00000007bb000000,0x00000007bb038000,0x00000007bb380000)
  to   space 3072K, 0% used [0x00000007bb400000,0x00000007bb400000,0x00000007bb700000)
 ParOldGen       total 173568K, used 23555K [0x00000006c2800000, 0x00000006cd180000, 0x000000076b800000)
  object space 173568K, 13% used [0x00000006c2800000,0x00000006c3f00c40,0x00000006cd180000)
 Metaspace       used 8383K, capacity 8774K, committed 8960K, reserved 1056768K
  class space    used 662K, capacity 690K, committed 768K, reserved 1048576K
Event: 18.903 GC heap after
Heap after GC invocations=36 (full 0):
 PSYoungGen      total 446976K, used 224K [0x000000076b800000, 0x00000007bb480000, 0x00000007c0000000)
  eden space 446464K, 0% used [0x000000076b800000,0x000000076b800000,0x0000000786c00000)
  from space 512K, 43% used [0x00000007bb400000,0x00000007bb438000,0x00000007bb480000)
  to   space 3072K, 0% used [0x00000007bae80000,0x00000007bae80000,0x00000007bb180000)
 ParOldGen       total 173568K, used 23555K [0x00000006c2800000, 0x00000006cd180000, 0x000000076b800000)
  object space 173568K, 13% used [0x00000006c2800000,0x00000006c3f00c40,0x00000006cd180000)
 Metaspace       used 8383K, capacity 8774K, committed 8960K, reserved 1056768K
  class space    used 662K, capacity 690K, committed 768K, reserved 1048576K
}
Event: 19.408 GC heap before
{Heap before GC invocations=37 (full 0):
 PSYoungGen      total 446976K, used 446688K [0x000000076b800000, 0x00000007bb480000, 0x00000007c0000000)
  eden space 446464K, 100% used [0x000000076b800000,0x0000000786c00000,0x0000000786c00000)
  from space 512K, 43% used [0x00000007bb400000,0x00000007bb438000,0x00000007bb480000)
  to   space 3072K, 0% used [0x00000007bae80000,0x00000007bae80000,0x00000007bb180000)
 ParOldGen       total 173568K, used 23555K [0x00000006c2800000, 0x00000006cd180000, 0x000000076b800000)
  object space 173568K, 13% used [0x00000006c2800000,0x00000006c3f00c40,0x00000006cd180000)
 Metaspace       used 8383K, capacity 8774K, committed 8960K, reserved 1056768K
  class space    used 662K, capacity 690K, committed 768K, reserved 1048576K
Event: 19.408 GC heap after
Heap after GC invocations=37 (full 0):
 PSYoungGen      total 430080K, used 224K [0x000000076b800000, 0x00000007bb480000, 0x00000007c0000000)
  eden space 427008K, 0% used [0x000000076b800000,0x000000076b800000,0x0000000785900000)
  from space 3072K, 7% used [0x00000007bae80000,0x00000007baeb8000,0x00000007bb180000)
  to   space 3072K, 0% used [0x00000007bb180000,0x00000007bb180000,0x00000007bb480000)
 ParOldGen       total 173568K, used 23555K [0x00000006c2800000, 0x00000006cd180000, 0x000000076b800000)
  object space 173568K, 13% used [0x00000006c2800000,0x00000006c3f00c40,0x00000006cd180000)
 Metaspace       used 8383K, capacity 8774K, committed 8960K, reserved 1056768K
  class space    used 662K, capacity 690K, committed 768K, reserved 1048576K
}
Event: 19.799 GC heap before
{Heap before GC invocations=38 (full 0):
 PSYoungGen      total 430080K, used 427232K [0x000000076b800000, 0x00000007bb480000, 0x00000007c0000000)
  eden space 427008K, 100% used [0x000000076b800000,0x0000000785900000,0x0000000785900000)
  from space 3072K, 7% used [0x00000007bae80000,0x00000007baeb8000,0x00000007bb180000)
  to   space 3072K, 0% used [0x00000007bb180000,0x00000007bb180000,0x00000007bb480000)
 ParOldGen       total 173568K, used 23555K [0x00000006c2800000, 0x00000006cd180000, 0x000000076b800000)
  object space 173568K, 13% used [0x00000006c2800000,0x00000006c3f00c40,0x00000006cd180000)
 Metaspace       used 8383K, capacity 8774K, committed 8960K, reserved 1056768K
  class space    used 662K, capacity 690K, committed 768K, reserved 1048576K
Event: 19.800 GC heap after
Heap after GC invocations=38 (full 0):
 PSYoungGen      total 409088K, used 256K [0x000000076b800000, 0x00000007bb200000, 0x00000007c0000000)
  eden space 408576K, 0% used [0x000000076b800000,0x000000076b800000,0x0000000784700000)
  from space 512K, 50% used [0x00000007bb180000,0x00000007bb1c0000,0x00000007bb200000)
  to   space 2560K, 0% used [0x00000007bad00000,0x00000007bad00000,0x00000007baf80000)
 ParOldGen       total 173568K, used 23555K [0x00000006c2800000, 0x00000006cd180000, 0x000000076b800000)
  object space 173568K, 13% used [0x00000006c2800000,0x00000006c3f00c40,0x00000006cd180000)
 Metaspace       used 8383K, capacity 8774K, committed 8960K, reserved 1056768K
  class space    used 662K, capacity 690K, committed 768K, reserved 1048576K
}
Event: 20.107 GC heap before
{Heap before GC invocations=39 (full 0):
 PSYoungGen      total 409088K, used 408832K [0x000000076b800000, 0x00000007bb200000, 0x00000007c0000000)
  eden space 408576K, 100% used [0x000000076b800000,0x0000000784700000,0x0000000784700000)
  from space 512K, 50% used [0x00000007bb180000,0x00000007bb1c0000,0x00000007bb200000)
  to   space 2560K, 0% used [0x00000007bad00000,0x00000007bad00000,0x00000007baf80000)
 ParOldGen       total 173568K, used 23555K [0x00000006c2800000, 0x00000006cd180000, 0x000000076b800000)
  object space 173568K, 13% used [0x00000006c2800000,0x00000006c3f00c40,0x00000006cd180000)
 Metaspace       used 8383K, capacity 8774K, committed 8960K, reserved 1056768K
  class space    used 662K, capacity 690K, committed 768K, reserved 1048576K
Event: 20.108 GC heap after
Heap after GC invocations=39 (full 0):
 PSYoungGen      total 393728K, used 224K [0x000000076b800000, 0x00000007bb200000, 0x00000007c0000000)
  eden space 391168K, 0% used [0x000000076b800000,0x000000076b800000,0x0000000783600000)
  from space 2560K, 8% used [0x00000007bad00000,0x00000007bad38000,0x00000007baf80000)
  to   space 2560K, 0% used [0x00000007baf80000,0x00000007baf80000,0x00000007bb200000)
 ParOldGen       total 173568K, used 23555K [0x00000006c2800000, 0x00000006cd180000, 0x000000076b800000)
  object space 173568K, 13% used [0x00000006c2800000,0x00000006c3f00c40,0x00000006cd180000)
 Metaspace       used 8383K, capacity 8774K, committed 8960K, reserved 1056768K
  class space    used 662K, capacity 690K, committed 768K, reserved 1048576K
}

Deoptimization events (10 events):
Event: 1.375 Thread 0x000000001e258800 Uncommon trap: reason=class_check action=maybe_recompile pc=0x00000000028d7404 method=sun.misc.FloatingDecimal.parseFloat(Ljava/lang/String;)F @ 4
Event: 1.375 Thread 0x000000001e258800 Uncommon trap: reason=class_check action=maybe_recompile pc=0x00000000028d7404 method=sun.misc.FloatingDecimal.parseFloat(Ljava/lang/String;)F @ 4
Event: 1.375 Thread 0x000000001e258800 Uncommon trap: reason=class_check action=maybe_recompile pc=0x00000000028d7404 method=sun.misc.FloatingDecimal.parseFloat(Ljava/lang/String;)F @ 4
Event: 1.375 Thread 0x000000001e258800 Uncommon trap: reason=class_check action=maybe_recompile pc=0x00000000028d7404 method=sun.misc.FloatingDecimal.parseFloat(Ljava/lang/String;)F @ 4
Event: 1.376 Thread 0x000000001e258800 Uncommon trap: reason=unstable_if action=reinterpret pc=0x0000000002924a28 method=main.client.renderEngine.mesh.MeshBuilder.processFace(Ljava/lang/String;Lmain/client/renderEngine/mesh/MeshBuilder;)Z @ 114
Event: 1.381 Thread 0x000000001e258800 Uncommon trap: reason=bimorphic action=maybe_recompile pc=0x0000000002764238 method=java.util.HashMap.getNode(ILjava/lang/Object;)Ljava/util/HashMap$Node; @ 126
Event: 1.439 Thread 0x000000001e258800 Uncommon trap: reason=unstable_if action=reinterpret pc=0x00000000028ce82c method=main.coreEngine.TickableThread.run()V @ 461
Event: 1.448 Thread 0x000000001e25a000 Uncommon trap: reason=unstable_if action=reinterpret pc=0x00000000028ce82c method=main.coreEngine.TickableThread.run()V @ 461
Event: 1.456 Thread 0x000000000096e000 Uncommon trap: reason=unstable_if action=reinterpret pc=0x00000000029df6c4 method=main.coreEngine.Engine.start()V @ 163
Event: 1.457 Thread 0x000000001e258800 Uncommon trap: reason=unstable_if action=reinterpret pc=0x0000000002929d30 method=java.lang.Integer.valueOf(I)Ljava/lang/Integer; @ 10

Internal exceptions (8 events):
Event: 0.029 Thread 0x000000000096e000 Exception <a 'java/lang/NoSuchMethodError': Method sun.misc.Unsafe.defineClass(Ljava/lang/String;[BII)Ljava/lang/Class; name or signature does not match> (0x000000076b80da30) thrown at [C:\workspace\8-2-build-windows-amd64-cygwin\jdk8u65\4987\hotspot\src\s\¤:ø6ž?
Event: 0.030 Thread 0x000000000096e000 Exception <a 'java/lang/NoSuchMethodError': Method sun.misc.Unsafe.prefetchRead(Ljava/lang/Object;J)V name or signature does not match> (0x000000076b80dd18) thrown at [C:\workspace\8-2-build-windows-amd64-cygwin\jdk8u65\4987\hotspot\src\share\vm\prims\jni.ïÁ¥í<DÛ?
Event: 0.426 Thread 0x000000001e258800 Implicit null exception at 0x000000000276304f to 0x00000000027633b1
Event: 0.427 Thread 0x000000001e258800 Exception <a 'java/security/PrivilegedActionException'> (0x000000076ba8c1f8) thrown at [C:\workspace\8-2-build-windows-amd64-cygwin\jdk8u65\4987\hotspot\src\share\vm\prims\jvm.cpp, line 1386]
Event: 0.427 Thread 0x000000001e258800 Exception <a 'java/security/PrivilegedActionException'> (0x000000076ba8c5f0) thrown at [C:\workspace\8-2-build-windows-amd64-cygwin\jdk8u65\4987\hotspot\src\share\vm\prims\jvm.cpp, line 1386]
Event: 0.427 Thread 0x000000001e258800 Exception <a 'java/security/PrivilegedActionException'> (0x000000076ba90898) thrown at [C:\workspace\8-2-build-windows-amd64-cygwin\jdk8u65\4987\hotspot\src\share\vm\prims\jvm.cpp, line 1386]
Event: 0.427 Thread 0x000000001e258800 Exception <a 'java/security/PrivilegedActionException'> (0x000000076ba90c90) thrown at [C:\workspace\8-2-build-windows-amd64-cygwin\jdk8u65\4987\hotspot\src\share\vm\prims\jvm.cpp, line 1386]
Event: 0.774 Thread 0x000000000096e000 Implicit null exception at 0x0000000002772abc to 0x0000000002773059

Events (10 events):
Event: 18.537 Executing VM operation: ParallelGCFailedAllocation
Event: 18.538 Executing VM operation: ParallelGCFailedAllocation done
Event: 18.902 Executing VM operation: ParallelGCFailedAllocation
Event: 18.903 Executing VM operation: ParallelGCFailedAllocation done
Event: 19.407 Executing VM operation: ParallelGCFailedAllocation
Event: 19.408 Executing VM operation: ParallelGCFailedAllocation done
Event: 19.799 Executing VM operation: ParallelGCFailedAllocation
Event: 19.800 Executing VM operation: ParallelGCFailedAllocation done
Event: 20.107 Executing VM operation: ParallelGCFailedAllocation
Event: 20.108 Executing VM operation: ParallelGCFailedAllocation done


Dynamic libraries:
0x00007ff603aa0000 - 0x00007ff603ad7000 	C:\Program Files\Java\jdk1.8.0_65\bin\java.exe
0x00007ffb48720000 - 0x00007ffb488e1000 	C:\WINDOWS\SYSTEM32\ntdll.dll
0x00007ffb48170000 - 0x00007ffb4821d000 	C:\WINDOWS\system32\KERNEL32.DLL
0x00007ffb45560000 - 0x00007ffb45748000 	C:\WINDOWS\system32\KERNELBASE.dll
0x00007ffb47a50000 - 0x00007ffb47af7000 	C:\WINDOWS\system32\ADVAPI32.dll
0x00007ffb480d0000 - 0x00007ffb4816d000 	C:\WINDOWS\system32\msvcrt.dll
0x00007ffb47b00000 - 0x00007ffb47b5b000 	C:\WINDOWS\system32\sechost.dll
0x00007ffb47700000 - 0x00007ffb4781c000 	C:\WINDOWS\system32\RPCRT4.dll
0x00007ffb485c0000 - 0x00007ffb48716000 	C:\WINDOWS\system32\USER32.dll
0x00007ffb48220000 - 0x00007ffb483a6000 	C:\WINDOWS\system32\GDI32.dll
0x00007ffb41530000 - 0x00007ffb417a4000 	C:\WINDOWS\WinSxS\amd64_microsoft.windows.common-controls_6595b64144ccf1df_6.0.10586.0_none_8c15ae12515e1c22\COMCTL32.dll
0x00007ffb45b00000 - 0x00007ffb45d7d000 	C:\WINDOWS\system32\combase.dll
0x00007ffb45920000 - 0x00007ffb4598a000 	C:\WINDOWS\system32\bcryptPrimitives.dll
0x00007ffb45f90000 - 0x00007ffb45fcb000 	C:\WINDOWS\system32\IMM32.DLL
0x000000006ce60000 - 0x000000006cf32000 	C:\Program Files\Java\jdk1.8.0_65\jre\bin\msvcr100.dll
0x000000006c5d0000 - 0x000000006ce59000 	C:\Program Files\Java\jdk1.8.0_65\jre\bin\server\jvm.dll
0x00007ffb475a0000 - 0x00007ffb475a8000 	C:\WINDOWS\system32\PSAPI.DLL
0x00007ffb418d0000 - 0x00007ffb418da000 	C:\WINDOWS\SYSTEM32\VERSION.dll
0x00007ffb42fa0000 - 0x00007ffb42fc3000 	C:\WINDOWS\SYSTEM32\WINMM.dll
0x00007ffb3c060000 - 0x00007ffb3c069000 	C:\WINDOWS\SYSTEM32\WSOCK32.dll
0x00007ffb48420000 - 0x00007ffb4848b000 	C:\WINDOWS\system32\WS2_32.dll
0x00007ffb42f40000 - 0x00007ffb42f6c000 	C:\WINDOWS\SYSTEM32\WINMMBASE.dll
0x00007ffb45ab0000 - 0x00007ffb45af3000 	C:\WINDOWS\system32\cfgmgr32.dll
0x000000006c5c0000 - 0x000000006c5cf000 	C:\Program Files\Java\jdk1.8.0_65\jre\bin\verify.dll
0x000000006c590000 - 0x000000006c5b9000 	C:\Program Files\Java\jdk1.8.0_65\jre\bin\java.dll
0x000000006c550000 - 0x000000006c585000 	C:\Program Files\Java\jdk1.8.0_65\jre\bin\jdwp.dll
0x000000006c540000 - 0x000000006c548000 	C:\Program Files\Java\jdk1.8.0_65\jre\bin\npt.dll
0x000000006c520000 - 0x000000006c536000 	C:\Program Files\Java\jdk1.8.0_65\jre\bin\zip.dll
0x00007ffb45fd0000 - 0x00007ffb4752c000 	C:\WINDOWS\system32\SHELL32.dll
0x00007ffb44ef0000 - 0x00007ffb45535000 	C:\WINDOWS\system32\windows.storage.dll
0x00007ffb483c0000 - 0x00007ffb48412000 	C:\WINDOWS\system32\shlwapi.dll
0x00007ffb44da0000 - 0x00007ffb44daf000 	C:\WINDOWS\system32\kernel.appcore.dll
0x00007ffb459f0000 - 0x00007ffb45aa5000 	C:\WINDOWS\system32\shcore.dll
0x00007ffb44d50000 - 0x00007ffb44d9b000 	C:\WINDOWS\system32\powrprof.dll
0x00007ffb44d20000 - 0x00007ffb44d34000 	C:\WINDOWS\system32\profapi.dll
0x000000006c510000 - 0x000000006c519000 	C:\Program Files\Java\jdk1.8.0_65\jre\bin\dt_socket.dll
0x00007ffb44650000 - 0x00007ffb446ac000 	C:\WINDOWS\system32\mswsock.dll
0x00007ffb26e40000 - 0x00007ffb26ec8000 	D:\Code\Java\Projects\WireEngine20\lib\native\lwjgl.dll
0x00007ffb44820000 - 0x00007ffb4482b000 	C:\WINDOWS\SYSTEM32\CRYPTBASE.DLL
0x00007ffb2f200000 - 0x00007ffb2f242000 	D:\Code\Java\Projects\WireEngine20\lib\native\jemalloc.dll
0x00007ffb27d70000 - 0x00007ffb27da8000 	D:\Code\Java\Projects\WireEngine20\lib\native\glfw.dll
0x00007ffb436a0000 - 0x00007ffb43736000 	C:\WINDOWS\system32\uxtheme.dll
0x00007ffb42950000 - 0x00007ffb42972000 	C:\WINDOWS\SYSTEM32\dwmapi.dll
0x00007ffb2da30000 - 0x00007ffb2db59000 	C:\WINDOWS\SYSTEM32\opengl32.dll
0x00007ffb2fd50000 - 0x00007ffb2fe4a000 	C:\WINDOWS\SYSTEM32\DDRAW.dll
0x00007ffb3a050000 - 0x00007ffb3a07e000 	C:\WINDOWS\SYSTEM32\GLU32.dll
0x00007ffb40230000 - 0x00007ffb40238000 	C:\WINDOWS\SYSTEM32\DCIMAN32.dll
0x00007ffb478f0000 - 0x00007ffb47a4a000 	C:\WINDOWS\system32\MSCTF.dll
0x00007ffb2cbb0000 - 0x00007ffb2cbf9000 	C:\Program Files (x86)\TeamViewer\tv_x64.dll
0x00007ffb475b0000 - 0x00007ffb476f3000 	C:\WINDOWS\system32\ole32.dll
0x000000006a7c0000 - 0x000000006c509000 	C:\WINDOWS\SYSTEM32\nvoglv64.DLL
0x00007ffb47c20000 - 0x00007ffb48049000 	C:\WINDOWS\system32\SETUPAPI.dll
0x00007ffb42d00000 - 0x00007ffb42d13000 	C:\WINDOWS\SYSTEM32\WTSAPI32.dll
0x00007ffb437f0000 - 0x00007ffb43817000 	C:\WINDOWS\SYSTEM32\DEVOBJ.dll
0x00007ffb45990000 - 0x00007ffb459e5000 	C:\WINDOWS\system32\WINTRUST.dll
0x00007ffb44d40000 - 0x00007ffb44d50000 	C:\WINDOWS\system32\MSASN1.dll
0x00007ffb45750000 - 0x00007ffb45917000 	C:\WINDOWS\system32\CRYPT32.dll
0x00007ffb44270000 - 0x00007ffb442a1000 	C:\WINDOWS\SYSTEM32\ntmarta.dll
0x00007ffb43fc0000 - 0x00007ffb44016000 	C:\WINDOWS\SYSTEM32\WINSTA.dll
0x00007ffb47b70000 - 0x00007ffb47c17000 	C:\WINDOWS\system32\clbcatq.dll
0x00007ffb3d0b0000 - 0x00007ffb3d0d5000 	C:\Program Files (x86)\Samsung\Easy Printer Manager\SmartScreenPrint\CDAKEYMonitor64.dll
0x00007ffb47820000 - 0x00007ffb478e1000 	C:\WINDOWS\system32\OLEAUT32.dll
0x00007ffb2ca20000 - 0x00007ffb2cbac000 	C:\WINDOWS\SYSTEM32\dbghelp.dll

VM Arguments:
jvm_args: -agentlib:jdwp=transport=dt_socket,address=127.0.0.1:63506,suspend=y,server=n -Djava.library.path=lib/native/ -Dfile.encoding=UTF-8 
java_command: main.Main
java_class_path (initial): C:\Program Files\Java\jdk1.8.0_65\jre\lib\charsets.jar;C:\Program Files\Java\jdk1.8.0_65\jre\lib\deploy.jar;C:\Program Files\Java\jdk1.8.0_65\jre\lib\ext\access-bridge-64.jar;C:\Program Files\Java\jdk1.8.0_65\jre\lib\ext\cldrdata.jar;C:\Program Files\Java\jdk1.8.0_65\jre\lib\ext\dnsns.jar;C:\Program Files\Java\jdk1.8.0_65\jre\lib\ext\jaccess.jar;C:\Program Files\Java\jdk1.8.0_65\jre\lib\ext\jfxrt.jar;C:\Program Files\Java\jdk1.8.0_65\jre\lib\ext\localedata.jar;C:\Program Files\Java\jdk1.8.0_65\jre\lib\ext\nashorn.jar;C:\Program Files\Java\jdk1.8.0_65\jre\lib\ext\sunec.jar;C:\Program Files\Java\jdk1.8.0_65\jre\lib\ext\sunjce_provider.jar;C:\Program Files\Java\jdk1.8.0_65\jre\lib\ext\sunmscapi.jar;C:\Program Files\Java\jdk1.8.0_65\jre\lib\ext\sunpkcs11.jar;C:\Program Files\Java\jdk1.8.0_65\jre\lib\ext\zipfs.jar;C:\Program Files\Java\jdk1.8.0_65\jre\lib\javaws.jar;C:\Program Files\Java\jdk1.8.0_65\jre\lib\jce.jar;C:\Program Files\Java\jdk1.8.0_65\jre\lib\jfr.jar;C:\Program Files\Java\jdk1.8.0_65\jre\lib\jfxswt.jar;C:\Program Files\Java\jdk1.8.0_65\jre\lib\jsse.jar;C:\Program Files\Java\jdk1.8.0_65\jre\lib\management-agent.jar;C:\Program Files\Java\jdk1.8.0_65\jre\lib\plugin.jar;C:\Program Files\Java\jdk1.8.0_65\jre\lib\resources.jar;C:\Program Files\Java\jdk1.8.0_65\jre\lib\rt.jar;D:\Code\Java\Projects\WireEngine20\out\production\WireEngine20;D:\Code\Java\Projects\WireEngine20\lib\jar\lwjgl.jar;D:\Code\Java\Projects\WireEngine20\lib\jar\slick-util.jar;D:\Program Files (x86)\JetBrains\IntelliJ IDEA 2016.1\lib\idea_rt.jar
Launcher Type: SUN_STANDARD

Environment Variables:
JAVA_HOME=C:\Program Files\Java\jdk1.8.0_65
PATH=C:\ProgramData\Oracle\Java\javapath;C:\Program Files (x86)\Razer Chroma SDK\bin;C:\Program Files\Razer Chroma SDK\bin;C:\Program Files (x86)\NVIDIA Corporation\PhysX\Common;C:\Program Files (x86)\Intel\iCLS Client\;C:\Program Files\Intel\iCLS Client\;C:\Windows\system32;C:\Windows;C:\Windows\System32\Wbem;C:\Windows\System32\WindowsPowerShell\v1.0\;C:\Program Files\Intel\Intel(R) Management Engine Components\DAL;C:\Program Files (x86)\Intel\Intel(R) Management Engine Components\DAL;C:\Program Files\Intel\Intel(R) Management Engine Components\IPT;C:\Program Files (x86)\Intel\Intel(R) Management Engine Components\IPT;C:\Program Files\Java\jre1.8.0_65\bin;C:\MinGW\bin;C:\WINDOWS\system32;C:\WINDOWS;C:\WINDOWS\System32\Wbem;C:\WINDOWS\System32\WindowsPowerShell\v1.0\;D:\Program Files (x86)\CMake\bin;D:\Program Files\Programs\Python\Python35-32;D:\Program Files\Programs\Python\Python35-32\Scripts;C:\Program Files (x86)\Skype\Phone\;D:\Program Files\Programs\Python\Python35-32\Scripts\;D:\Program Files\Programs\Python\Python35-32\
USERNAME=Kelan
OS=Windows_NT
PROCESSOR_IDENTIFIER=Intel64 Family 6 Model 60 Stepping 3, GenuineIntel



---------------  S Y S T E M  ---------------

OS: Windows 10.0 , 64 bit Build 10586 (10.0.10586.0)

CPU:total 8 (4 cores per cpu, 2 threads per core) family 6 model 60 stepping 3, cmov, cx8, fxsr, mmx, sse, sse2, sse3, ssse3, sse4.1, sse4.2, popcnt, avx, avx2, aes, clmul, erms, lzcnt, ht, tsc, tscinvbit, bmi1, bmi2

Memory: 4k page, physical 16609500k(7337852k free), swap 33386716k(21138504k free)

vm_info: Java HotSpot(TM) 64-Bit Server VM (25.65-b01) for windows-amd64 JRE (1.8.0_65-b17), built on Oct  6 2015 16:39:20 by "java_re" with MS VC++ 10.0 (VS2010)

time: Tue Apr 19 16:17:57 2016
elapsed time: 20 seconds (0d 0h 0m 20s)

