#
# A fatal error has been detected by the Java Runtime Environment:
#
#  EXCEPTION_ACCESS_VIOLATION (0xc0000005) at pc=0x00007ffdd3df24b9, pid=6488, tid=13548
#
# JRE version: Java(TM) SE Runtime Environment (8.0_65-b17) (build 1.8.0_65-b17)
# Java VM: Java HotSpot(TM) 64-Bit Server VM (25.65-b01 mixed mode windows-amd64 compressed oops)
# Problematic frame:
# C  [glfw.dll+0x24b9]
#
# Failed to write core dump. Minidumps are not enabled by default on client versions of Windows
#
# If you would like to submit a bug report, please visit:
#   http://bugreport.java.com/bugreport/crash.jsp
# The crash happened outside the Java Virtual Machine in native code.
# See problematic frame for where to report the bug.
#

---------------  T H R E A D  ---------------

Current thread (0x000000001e20c000):  JavaThread "CLIENT" [_thread_in_native, id=13548, stack(0x000000001ef20000,0x000000001f020000)]

siginfo: ExceptionCode=0xc0000005, reading address 0x0000000000000000

Registers:
RAX=0x0000000000000000, RBX=0x000000001b9c7888, RCX=0x0000000000000000, RDX=0x0000000000000000
RSP=0x000000001f01eaa0, RBP=0x000000001f01eb50, RSI=0x00000000000009a8, RDI=0x000000000067cbf0
R8 =0x000000001f01ea98, R9 =0x000000001f01eb50, R10=0x0000000000000000, R11=0x0000000000000246
R12=0x0000000000000000, R13=0x000000001b9c7888, R14=0x000000001f01eb88, R15=0x000000001e20c000
RIP=0x00007ffdd3df24b9, EFLAGS=0x0000000000010283

Top of Stack: (sp=0x000000001f01eaa0)
0x000000001f01eaa0:   000000001e20c000 000000001e20c000
0x000000001f01eab0:   000000001b9e1608 000000007052d610
0x000000001f01eac0:   00000000025b7d8d 00000000025cdfcc
0x000000001f01ead0:   000000001b9c7888 00000000024ed630
0x000000001f01eae0:   000000000000000e 000000001e20c000
0x000000001f01eaf0:   000000001b9e1608 000000007052aea4
0x000000001f01eb00:   000000001e20c000 000000001e20c000
0x000000001f01eb10:   000000001f01eb10 0000000000000000
0x000000001f01eb20:   000000001f01eb88 000000001b9c8028
0x000000001f01eb30:   0000000000000000 000000001b9c7888
0x000000001f01eb40:   0000000000000000 000000001f01eb70
0x000000001f01eb50:   000000001f01ebd0 00000000025b7d8d
0x000000001f01eb60:   00000006c2802150 00000000025c42f8
0x000000001f01eb70:   000000000067cbf0 00000000025b78a0
0x000000001f01eb80:   00007ffdd3df2420 0000000000000001
0x000000001f01eb90:   000000001f01eb90 000000001b9e15dc 

Instructions: (pc=0x00007ffdd3df24b9)
0x00007ffdd3df2499:   48 8b cf e8 1f 3a 00 00 48 39 3d f0 d5 02 00 48
0x00007ffdd3df24a9:   8d 0d e9 d5 02 00 48 8b 5c 24 30 74 08 48 8b 09
0x00007ffdd3df24b9:   48 39 39 75 f8 48 8b 07 48 89 01 48 8b cf 48 83
0x00007ffdd3df24c9:   c4 20 5f e9 5b fe 00 00 48 83 c4 20 5f c3 cc cc 


Register to memory mapping:

RAX=0x0000000000000000 is an unknown value
RBX={method} {0x000000001b9c7890} 'invokePV' '(JJ)V' in 'org/lwjgl/system/JNI'
RCX=0x0000000000000000 is an unknown value
RDX=0x0000000000000000 is an unknown value
RSP=0x000000001f01eaa0 is pointing into the stack for thread: 0x000000001e20c000
RBP=0x000000001f01eb50 is pointing into the stack for thread: 0x000000001e20c000
RSI=0x00000000000009a8 is an unknown value
RDI=0x000000000067cbf0 is an unknown value
R8 =0x000000001f01ea98 is pointing into the stack for thread: 0x000000001e20c000
R9 =0x000000001f01eb50 is pointing into the stack for thread: 0x000000001e20c000
R10=0x0000000000000000 is an unknown value
R11=0x0000000000000246 is an unknown value
R12=0x0000000000000000 is an unknown value
R13={method} {0x000000001b9c7890} 'invokePV' '(JJ)V' in 'org/lwjgl/system/JNI'
R14=0x000000001f01eb88 is pointing into the stack for thread: 0x000000001e20c000
R15=0x000000001e20c000 is a thread


Stack: [0x000000001ef20000,0x000000001f020000],  sp=0x000000001f01eaa0,  free space=1018k
Native frames: (J=compiled Java code, j=interpreted, Vv=VM code, C=native code)
C  [glfw.dll+0x24b9]
C  0x00000000025cdfcc

Java frames: (J=compiled Java code, j=interpreted, Vv=VM code)
j  org.lwjgl.system.JNI.invokePV(JJ)V+0
j  org.lwjgl.glfw.GLFW.glfwDestroyCursor(J)V+20
j  main.client.Window.destroyWindow()V+9
j  main.coreEngine.Engine.stop()V+70
j  main.client.Window.update()V+43
j  main.client.renderEngine.RenderEngine.render()V+29
j  main.client.ClientThread.tick()V+12
J 435% C1 main.coreEngine.TickableThread.run()V (481 bytes) @ 0x00000000028121dc [0x000000000280d900+0x48dc]
v  ~StubRoutines::call_stub

---------------  P R O C E S S  ---------------

Java Threads: ( => current thread )
  0x000000001e20d000 JavaThread "SERVER" [_thread_in_Java, id=14160, stack(0x000000001f020000,0x000000001f120000)]
=>0x000000001e20c000 JavaThread "CLIENT" [_thread_in_native, id=13548, stack(0x000000001ef20000,0x000000001f020000)]
  0x000000001e110800 JavaThread "Service Thread" daemon [_thread_blocked, id=10252, stack(0x000000001ed20000,0x000000001ee20000)]
  0x000000001e082000 JavaThread "C1 CompilerThread3" daemon [_thread_blocked, id=7408, stack(0x000000001ec20000,0x000000001ed20000)]
  0x000000001e07b000 JavaThread "C2 CompilerThread2" daemon [_thread_blocked, id=2740, stack(0x000000001eb20000,0x000000001ec20000)]
  0x000000001e078800 JavaThread "C2 CompilerThread1" daemon [_thread_blocked, id=10520, stack(0x000000001ea20000,0x000000001eb20000)]
  0x000000001e07f000 JavaThread "C2 CompilerThread0" daemon [_thread_blocked, id=1136, stack(0x000000001e920000,0x000000001ea20000)]
  0x000000001e061000 JavaThread "JDWP Command Reader" daemon [_thread_in_native, id=11940, stack(0x000000001e820000,0x000000001e920000)]
  0x000000001e060000 JavaThread "JDWP Event Helper Thread" daemon [_thread_blocked, id=4820, stack(0x000000001e720000,0x000000001e820000)]
  0x000000001bf5e000 JavaThread "JDWP Transport Listener: dt_socket" daemon [_thread_blocked, id=9444, stack(0x000000001e620000,0x000000001e720000)]
  0x000000001e04f800 JavaThread "Attach Listener" daemon [_thread_blocked, id=6432, stack(0x000000001e520000,0x000000001e620000)]
  0x000000001e04e000 JavaThread "Signal Dispatcher" daemon [_thread_blocked, id=11728, stack(0x000000001e420000,0x000000001e520000)]
  0x00000000024ec000 JavaThread "Finalizer" daemon [_thread_blocked, id=11632, stack(0x000000001de40000,0x000000001df40000)]
  0x000000001bf4d000 JavaThread "Reference Handler" daemon [_thread_blocked, id=13692, stack(0x000000001dd40000,0x000000001de40000)]
  0x00000000025ae000 JavaThread "main" [_thread_in_Java, id=6364, stack(0x00000000022c0000,0x00000000023c0000)]

Other Threads:
  0x000000001bf49000 VMThread [stack: 0x000000001dc40000,0x000000001dd40000] [id=9868]
  0x000000001e132800 WatcherThread [stack: 0x000000001ee20000,0x000000001ef20000] [id=9276]

VM state:not at safepoint (normal execution)

VM Mutex/Monitor currently owned by a thread: None

Heap:
 PSYoungGen      total 222208K, used 95457K [0x000000076b800000, 0x000000077b580000, 0x00000007c0000000)
  eden space 221696K, 43% used [0x000000076b800000,0x0000000771520440,0x0000000779080000)
  from space 512K, 18% used [0x000000077b500000,0x000000077b518000,0x000000077b580000)
  to   space 2560K, 0% used [0x000000077b080000,0x000000077b080000,0x000000077b300000)
 ParOldGen       total 173568K, used 1228K [0x00000006c2800000, 0x00000006cd180000, 0x000000076b800000)
  object space 173568K, 0% used [0x00000006c2800000,0x00000006c2933060,0x00000006cd180000)
 Metaspace       used 7973K, capacity 8486K, committed 8704K, reserved 1056768K
  class space    used 642K, capacity 658K, committed 768K, reserved 1048576K

Card table byte_map: [0x0000000011970000,0x0000000012160000] byte_map_base: 0x000000000e35c000

Marking Bits: (ParMarkBitMap*) 0x0000000070c0a5b0
 Begin Bits: [0x0000000012eb0000, 0x0000000016e10000)
 End Bits:   [0x0000000016e10000, 0x000000001ad70000)

Polling page: 0x00000000023d0000

CodeCache: size=245760Kb used=2624Kb max_used=2635Kb free=243135Kb
 bounds [0x00000000025b0000, 0x0000000002850000, 0x00000000115b0000]
 total_blobs=1113 nmethods=470 adapters=564
 compilation: enabled

Compilation events (10 events):
Event: 0.962 Thread 0x000000001e082000  465       3       org.lwjgl.system.Checks::checkFunctionAddress (18 bytes)
Event: 0.962 Thread 0x000000001e082000 nmethod 465 0x00000000028192d0 code [0x0000000002819440, 0x00000000028196a8]
Event: 0.979 Thread 0x000000001e082000  466       3       org.lwjgl.opengl.GL11::getInstance (7 bytes)
Event: 0.979 Thread 0x000000001e082000 nmethod 466 0x0000000002818790 code [0x0000000002818960, 0x0000000002818f88]
Event: 0.979 Thread 0x000000001e082000  467       3       org.lwjgl.opengl.GL11::getInstance (11 bytes)
Event: 0.979 Thread 0x000000001e082000 nmethod 467 0x0000000002824350 code [0x00000000028244e0, 0x00000000028247a8]
Event: 1.096 Thread 0x000000001e078800  469       4       java.util.ArrayList::set (20 bytes)
Event: 1.096 Thread 0x000000001e078800 nmethod 469 0x0000000002823b90 code [0x0000000002823ce0, 0x0000000002823e58]
Event: 1.396 Thread 0x000000001e07f000  470       4       java.util.ArrayList::get (11 bytes)
Event: 1.396 Thread 0x000000001e07f000 nmethod 470 0x0000000002823810 code [0x0000000002823960, 0x0000000002823a78]

GC Heap History (10 events):
Event: 0.586 GC heap before
{Heap before GC invocations=6 (full 0):
 PSYoungGen      total 140800K, used 131620K [0x000000076b800000, 0x000000077ba00000, 0x00000007c0000000)
  eden space 130048K, 100% used [0x000000076b800000,0x0000000773700000,0x0000000773700000)
  from space 10752K, 14% used [0x0000000773700000,0x0000000773889370,0x0000000774180000)
  to   space 2048K, 0% used [0x000000077b800000,0x000000077b800000,0x000000077ba00000)
 ParOldGen       total 173568K, used 16K [0x00000006c2800000, 0x00000006cd180000, 0x000000076b800000)
  object space 173568K, 0% used [0x00000006c2800000,0x00000006c2804000,0x00000006cd180000)
 Metaspace       used 6912K, capacity 7558K, committed 7808K, reserved 1056768K
  class space    used 581K, capacity 626K, committed 640K, reserved 1048576K
Event: 0.588 GC heap after
Heap after GC invocations=6 (full 0):
 PSYoungGen      total 261632K, used 2020K [0x000000076b800000, 0x000000077bb00000, 0x00000007c0000000)
  eden space 259584K, 0% used [0x000000076b800000,0x000000076b800000,0x000000077b580000)
  from space 2048K, 98% used [0x000000077b800000,0x000000077b9f9268,0x000000077ba00000)
  to   space 2560K, 0% used [0x000000077b580000,0x000000077b580000,0x000000077b800000)
 ParOldGen       total 173568K, used 40K [0x00000006c2800000, 0x00000006cd180000, 0x000000076b800000)
  object space 173568K, 0% used [0x00000006c2800000,0x00000006c280a000,0x00000006cd180000)
 Metaspace       used 6912K, capacity 7558K, committed 7808K, reserved 1056768K
  class space    used 581K, capacity 626K, committed 640K, reserved 1048576K
}
Event: 0.911 GC heap before
{Heap before GC invocations=7 (full 0):
 PSYoungGen      total 261632K, used 261604K [0x000000076b800000, 0x000000077bb00000, 0x00000007c0000000)
  eden space 259584K, 100% used [0x000000076b800000,0x000000077b580000,0x000000077b580000)
  from space 2048K, 98% used [0x000000077b800000,0x000000077b9f9268,0x000000077ba00000)
  to   space 2560K, 0% used [0x000000077b580000,0x000000077b580000,0x000000077b800000)
 ParOldGen       total 173568K, used 40K [0x00000006c2800000, 0x00000006cd180000, 0x000000076b800000)
  object space 173568K, 0% used [0x00000006c2800000,0x00000006c280a000,0x00000006cd180000)
 Metaspace       used 7970K, capacity 8486K, committed 8704K, reserved 1056768K
  class space    used 642K, capacity 658K, committed 768K, reserved 1048576K
Event: 0.913 GC heap after
Heap after GC invocations=7 (full 0):
 PSYoungGen      total 250880K, used 1217K [0x000000076b800000, 0x000000077b880000, 0x00000007c0000000)
  eden space 249344K, 0% used [0x000000076b800000,0x000000076b800000,0x000000077ab80000)
  from space 1536K, 79% used [0x000000077b580000,0x000000077b6b0560,0x000000077b700000)
  to   space 1536K, 0% used [0x000000077b700000,0x000000077b700000,0x000000077b880000)
 ParOldGen       total 173568K, used 676K [0x00000006c2800000, 0x00000006cd180000, 0x000000076b800000)
  object space 173568K, 0% used [0x00000006c2800000,0x00000006c28a9060,0x00000006cd180000)
 Metaspace       used 7970K, capacity 8486K, committed 8704K, reserved 1056768K
  class space    used 642K, capacity 658K, committed 768K, reserved 1048576K
}
Event: 1.096 GC heap before
{Heap before GC invocations=8 (full 0):
 PSYoungGen      total 250880K, used 250561K [0x000000076b800000, 0x000000077b880000, 0x00000007c0000000)
  eden space 249344K, 100% used [0x000000076b800000,0x000000077ab80000,0x000000077ab80000)
  from space 1536K, 79% used [0x000000077b580000,0x000000077b6b0560,0x000000077b700000)
  to   space 1536K, 0% used [0x000000077b700000,0x000000077b700000,0x000000077b880000)
 ParOldGen       total 173568K, used 676K [0x00000006c2800000, 0x00000006cd180000, 0x000000076b800000)
  object space 173568K, 0% used [0x00000006c2800000,0x00000006c28a9060,0x00000006cd180000)
 Metaspace       used 7972K, capacity 8486K, committed 8704K, reserved 1056768K
  class space    used 642K, capacity 658K, committed 768K, reserved 1048576K
Event: 1.097 GC heap after
Heap after GC invocations=8 (full 0):
 PSYoungGen      total 240640K, used 544K [0x000000076b800000, 0x000000077b800000, 0x00000007c0000000)
  eden space 239616K, 0% used [0x000000076b800000,0x000000076b800000,0x000000077a200000)
  from space 1024K, 53% used [0x000000077b700000,0x000000077b788000,0x000000077b800000)
  to   space 2048K, 0% used [0x000000077b400000,0x000000077b400000,0x000000077b600000)
 ParOldGen       total 173568K, used 684K [0x00000006c2800000, 0x00000006cd180000, 0x000000076b800000)
  object space 173568K, 0% used [0x00000006c2800000,0x00000006c28ab060,0x00000006cd180000)
 Metaspace       used 7972K, capacity 8486K, committed 8704K, reserved 1056768K
  class space    used 642K, capacity 658K, committed 768K, reserved 1048576K
}
Event: 1.309 GC heap before
{Heap before GC invocations=9 (full 0):
 PSYoungGen      total 240640K, used 240160K [0x000000076b800000, 0x000000077b800000, 0x00000007c0000000)
  eden space 239616K, 100% used [0x000000076b800000,0x000000077a200000,0x000000077a200000)
  from space 1024K, 53% used [0x000000077b700000,0x000000077b788000,0x000000077b800000)
  to   space 2048K, 0% used [0x000000077b400000,0x000000077b400000,0x000000077b600000)
 ParOldGen       total 173568K, used 684K [0x00000006c2800000, 0x00000006cd180000, 0x000000076b800000)
  object space 173568K, 0% used [0x00000006c2800000,0x00000006c28ab060,0x00000006cd180000)
 Metaspace       used 7972K, capacity 8486K, committed 8704K, reserved 1056768K
  class space    used 642K, capacity 658K, committed 768K, reserved 1048576K
Event: 1.310 GC heap after
Heap after GC invocations=9 (full 0):
 PSYoungGen      total 230912K, used 288K [0x000000076b800000, 0x000000077b780000, 0x00000007c0000000)
  eden space 230400K, 0% used [0x000000076b800000,0x000000076b800000,0x0000000779900000)
  from space 512K, 56% used [0x000000077b400000,0x000000077b448000,0x000000077b480000)
  to   space 2560K, 0% used [0x000000077b500000,0x000000077b500000,0x000000077b780000)
 ParOldGen       total 173568K, used 1044K [0x00000006c2800000, 0x00000006cd180000, 0x000000076b800000)
  object space 173568K, 0% used [0x00000006c2800000,0x00000006c2905060,0x00000006cd180000)
 Metaspace       used 7972K, capacity 8486K, committed 8704K, reserved 1056768K
  class space    used 642K, capacity 658K, committed 768K, reserved 1048576K
}
Event: 1.481 GC heap before
{Heap before GC invocations=10 (full 0):
 PSYoungGen      total 230912K, used 230688K [0x000000076b800000, 0x000000077b780000, 0x00000007c0000000)
  eden space 230400K, 100% used [0x000000076b800000,0x0000000779900000,0x0000000779900000)
  from space 512K, 56% used [0x000000077b400000,0x000000077b448000,0x000000077b480000)
  to   space 2560K, 0% used [0x000000077b500000,0x000000077b500000,0x000000077b780000)
 ParOldGen       total 173568K, used 1044K [0x00000006c2800000, 0x00000006cd180000, 0x000000076b800000)
  object space 173568K, 0% used [0x00000006c2800000,0x00000006c2905060,0x00000006cd180000)
 Metaspace       used 7972K, capacity 8486K, committed 8704K, reserved 1056768K
  class space    used 642K, capacity 658K, committed 768K, reserved 1048576K
Event: 1.482 GC heap after
Heap after GC invocations=10 (full 0):
 PSYoungGen      total 222208K, used 96K [0x000000076b800000, 0x000000077b580000, 0x00000007c0000000)
  eden space 221696K, 0% used [0x000000076b800000,0x000000076b800000,0x0000000779080000)
  from space 512K, 18% used [0x000000077b500000,0x000000077b518000,0x000000077b580000)
  to   space 2560K, 0% used [0x000000077b080000,0x000000077b080000,0x000000077b300000)
 ParOldGen       total 173568K, used 1228K [0x00000006c2800000, 0x00000006cd180000, 0x000000076b800000)
  object space 173568K, 0% used [0x00000006c2800000,0x00000006c2933060,0x00000006cd180000)
 Metaspace       used 7972K, capacity 8486K, committed 8704K, reserved 1056768K
  class space    used 642K, capacity 658K, committed 768K, reserved 1048576K
}

Deoptimization events (10 events):
Event: 0.123 Thread 0x000000001e20c000 Uncommon trap: reason=unstable_if action=reinterpret pc=0x00000000026eeba4 method=java.util.HashMap$HashIterator.<init>(Ljava/util/HashMap;)V @ 38
Event: 0.131 Thread 0x000000001e20c000 Uncommon trap: reason=bimorphic action=maybe_recompile pc=0x00000000026f71b4 method=java.util.HashMap.getNode(ILjava/lang/Object;)Ljava/util/HashMap$Node; @ 126
Event: 0.395 Thread 0x000000001e20c000 Uncommon trap: reason=bimorphic action=maybe_recompile pc=0x00000000026f71b4 method=java.util.HashMap.getNode(ILjava/lang/Object;)Ljava/util/HashMap$Node; @ 126
Event: 0.396 Thread 0x000000001e20c000 Uncommon trap: reason=bimorphic action=maybe_recompile pc=0x00000000026f71b4 method=java.util.HashMap.getNode(ILjava/lang/Object;)Ljava/util/HashMap$Node; @ 126
Event: 0.401 Thread 0x000000001e20c000 Uncommon trap: reason=unstable_if action=reinterpret pc=0x00000000026ec998 method=java.util.HashMap.keySet()Ljava/util/Set; @ 6
Event: 0.738 Thread 0x000000001e20c000 Uncommon trap: reason=unstable_if action=reinterpret pc=0x00000000026ebc04 method=java.util.HashMap.clear()V @ 16
Event: 0.738 Thread 0x000000001e20c000 Uncommon trap: reason=unstable_if action=reinterpret pc=0x00000000026ec758 method=java.util.HashMap.clear()V @ 16
Event: 0.738 Thread 0x00000000025ae000 Uncommon trap: reason=unstable_if action=reinterpret pc=0x000000000271e9b0 method=main.coreEngine.TickableThread.invoke(Ljava/lang/String;[Ljava/lang/Object;)V @ 53
Event: 0.738 Thread 0x000000001e20d000 Uncommon trap: reason=unstable_if action=reinterpret pc=0x00000000027226f4 method=main.coreEngine.TickableThread.run()V @ 58
Event: 0.825 Thread 0x000000001e20d000 Uncommon trap: reason=unstable_if action=reinterpret pc=0x0000000002833634 method=main.coreEngine.TickableThread.run()V @ 461

Internal exceptions (8 events):
Event: 0.026 Thread 0x00000000025ae000 Exception <a 'java/lang/NoSuchMethodError': Method sun.misc.Unsafe.defineClass(Ljava/lang/String;[BII)Ljava/lang/Class; name or signature does not match> (0x000000076b80d880) thrown at [C:\workspace\8-2-build-windows-amd64-cygwin\jdk8u65\4987\hotspot\src\sÆÕ\Ô(ùš?
Event: 0.026 Thread 0x00000000025ae000 Exception <a 'java/lang/NoSuchMethodError': Method sun.misc.Unsafe.prefetchRead(Ljava/lang/Object;J)V name or signature does not match> (0x000000076b80db68) thrown at [C:\workspace\8-2-build-windows-amd64-cygwin\jdk8u65\4987\hotspot\src\share\vm\prims\jni.÷wEtµÂ?
Event: 0.146 Thread 0x000000001e20c000 Exception <a 'java/lang/ArrayIndexOutOfBoundsException': -1> (0x000000076c6fbb30) thrown at [C:\workspace\8-2-build-windows-amd64-cygwin\jdk8u65\4987\hotspot\src\share\vm\interpreter\interpreterRuntime.cpp, line 366]
Event: 0.395 Thread 0x000000001e20c000 Exception <a 'java/security/PrivilegedActionException'> (0x000000076db25f10) thrown at [C:\workspace\8-2-build-windows-amd64-cygwin\jdk8u65\4987\hotspot\src\share\vm\prims\jvm.cpp, line 1386]
Event: 0.395 Thread 0x000000001e20c000 Exception <a 'java/security/PrivilegedActionException'> (0x000000076db26308) thrown at [C:\workspace\8-2-build-windows-amd64-cygwin\jdk8u65\4987\hotspot\src\share\vm\prims\jvm.cpp, line 1386]
Event: 0.396 Thread 0x000000001e20c000 Exception <a 'java/security/PrivilegedActionException'> (0x000000076db2a520) thrown at [C:\workspace\8-2-build-windows-amd64-cygwin\jdk8u65\4987\hotspot\src\share\vm\prims\jvm.cpp, line 1386]
Event: 0.396 Thread 0x000000001e20c000 Exception <a 'java/security/PrivilegedActionException'> (0x000000076db2a918) thrown at [C:\workspace\8-2-build-windows-amd64-cygwin\jdk8u65\4987\hotspot\src\share\vm\prims\jvm.cpp, line 1386]
Event: 0.738 Thread 0x00000000025ae000 Implicit null exception at 0x000000000271e3bc to 0x000000000271e989

Events (10 events):
Event: 0.911 Executing VM operation: ParallelGCFailedAllocation
Event: 0.913 Executing VM operation: ParallelGCFailedAllocation done
Event: 0.914 Thread 0x000000001e20d000 DEOPT PACKING pc=0x000000000283df21 sp=0x000000001f11ef30
Event: 0.914 Thread 0x000000001e20d000 DEOPT UNPACKING pc=0x00000000025f787f sp=0x000000001f11ed60 mode 0
Event: 1.096 Executing VM operation: ParallelGCFailedAllocation
Event: 1.097 Executing VM operation: ParallelGCFailedAllocation done
Event: 1.309 Executing VM operation: ParallelGCFailedAllocation
Event: 1.310 Executing VM operation: ParallelGCFailedAllocation done
Event: 1.481 Executing VM operation: ParallelGCFailedAllocation
Event: 1.482 Executing VM operation: ParallelGCFailedAllocation done


Dynamic libraries:
0x00007ff7d2c20000 - 0x00007ff7d2c57000 	C:\Program Files\Java\jdk1.8.0_65\bin\java.exe
0x00007ffde4980000 - 0x00007ffde4b41000 	C:\WINDOWS\SYSTEM32\ntdll.dll
0x00007ffde42a0000 - 0x00007ffde434d000 	C:\WINDOWS\system32\KERNEL32.DLL
0x00007ffde19f0000 - 0x00007ffde1bd8000 	C:\WINDOWS\system32\KERNELBASE.dll
0x00007ffde1e70000 - 0x00007ffde1f17000 	C:\WINDOWS\system32\ADVAPI32.dll
0x00007ffde3800000 - 0x00007ffde389d000 	C:\WINDOWS\system32\msvcrt.dll
0x00007ffde1e10000 - 0x00007ffde1e6b000 	C:\WINDOWS\system32\sechost.dll
0x00007ffde3bd0000 - 0x00007ffde3cec000 	C:\WINDOWS\system32\RPCRT4.dll
0x00007ffde3fe0000 - 0x00007ffde4136000 	C:\WINDOWS\system32\USER32.dll
0x00007ffde3cf0000 - 0x00007ffde3e76000 	C:\WINDOWS\system32\GDI32.dll
0x00007ffddd690000 - 0x00007ffddd904000 	C:\WINDOWS\WinSxS\amd64_microsoft.windows.common-controls_6595b64144ccf1df_6.0.10586.0_none_8c15ae12515e1c22\COMCTL32.dll
0x00007ffde3950000 - 0x00007ffde3bcd000 	C:\WINDOWS\system32\combase.dll
0x00007ffde1cf0000 - 0x00007ffde1d5a000 	C:\WINDOWS\system32\bcryptPrimitives.dll
0x00007ffde1dc0000 - 0x00007ffde1dfb000 	C:\WINDOWS\system32\IMM32.DLL
0x0000000070c90000 - 0x0000000070d62000 	C:\Program Files\Java\jdk1.8.0_65\jre\bin\msvcr100.dll
0x0000000070400000 - 0x0000000070c89000 	C:\Program Files\Java\jdk1.8.0_65\jre\bin\server\jvm.dll
0x00007ffde4290000 - 0x00007ffde4298000 	C:\WINDOWS\system32\PSAPI.DLL
0x00007ffdd8550000 - 0x00007ffdd8559000 	C:\WINDOWS\SYSTEM32\WSOCK32.dll
0x00007ffddf730000 - 0x00007ffddf753000 	C:\WINDOWS\SYSTEM32\WINMM.dll
0x00007ffddd9c0000 - 0x00007ffddd9ca000 	C:\WINDOWS\SYSTEM32\VERSION.dll
0x00007ffde4470000 - 0x00007ffde44db000 	C:\WINDOWS\system32\WS2_32.dll
0x00007ffddf6d0000 - 0x00007ffddf6fc000 	C:\WINDOWS\SYSTEM32\WINMMBASE.dll
0x00007ffde1be0000 - 0x00007ffde1c23000 	C:\WINDOWS\system32\cfgmgr32.dll
0x00000000703f0000 - 0x00000000703ff000 	C:\Program Files\Java\jdk1.8.0_65\jre\bin\verify.dll
0x00000000703c0000 - 0x00000000703e9000 	C:\Program Files\Java\jdk1.8.0_65\jre\bin\java.dll
0x0000000070380000 - 0x00000000703b5000 	C:\Program Files\Java\jdk1.8.0_65\jre\bin\jdwp.dll
0x0000000070370000 - 0x0000000070378000 	C:\Program Files\Java\jdk1.8.0_65\jre\bin\npt.dll
0x0000000070350000 - 0x0000000070366000 	C:\Program Files\Java\jdk1.8.0_65\jre\bin\zip.dll
0x00007ffde1f80000 - 0x00007ffde34dc000 	C:\WINDOWS\system32\SHELL32.dll
0x00007ffde11d0000 - 0x00007ffde1815000 	C:\WINDOWS\system32\windows.storage.dll
0x00007ffde36b0000 - 0x00007ffde3702000 	C:\WINDOWS\system32\shlwapi.dll
0x00007ffde0fb0000 - 0x00007ffde0fbf000 	C:\WINDOWS\system32\kernel.appcore.dll
0x00007ffde1c30000 - 0x00007ffde1ce5000 	C:\WINDOWS\system32\shcore.dll
0x00007ffde0fc0000 - 0x00007ffde100b000 	C:\WINDOWS\system32\powrprof.dll
0x00007ffde0f80000 - 0x00007ffde0f94000 	C:\WINDOWS\system32\profapi.dll
0x0000000070340000 - 0x0000000070349000 	C:\Program Files\Java\jdk1.8.0_65\jre\bin\dt_socket.dll
0x00007ffde08b0000 - 0x00007ffde090c000 	C:\WINDOWS\system32\mswsock.dll
0x00007ffdd4590000 - 0x00007ffdd4618000 	D:\Code\Java\Projects\WireEngine20\lib\native\lwjgl.dll
0x00007ffde0a80000 - 0x00007ffde0a8b000 	C:\WINDOWS\SYSTEM32\CRYPTBASE.DLL
0x00007ffdd4190000 - 0x00007ffdd41d2000 	D:\Code\Java\Projects\WireEngine20\lib\native\jemalloc.dll
0x00007ffdd3df0000 - 0x00007ffdd3e28000 	D:\Code\Java\Projects\WireEngine20\lib\native\glfw.dll
0x00007ffddf850000 - 0x00007ffddf8e6000 	C:\WINDOWS\system32\uxtheme.dll
0x00007ffdde650000 - 0x00007ffdde672000 	C:\WINDOWS\SYSTEM32\dwmapi.dll
0x00007ffdc9d10000 - 0x00007ffdc9e39000 	C:\WINDOWS\SYSTEM32\opengl32.dll
0x00007ffdc8ba0000 - 0x00007ffdc8c9a000 	C:\WINDOWS\SYSTEM32\DDRAW.dll
0x00007ffdcc690000 - 0x00007ffdcc6be000 	C:\WINDOWS\SYSTEM32\GLU32.dll
0x00007ffdd3d80000 - 0x00007ffdd3d88000 	C:\WINDOWS\SYSTEM32\DCIMAN32.dll
0x00007ffde3e80000 - 0x00007ffde3fda000 	C:\WINDOWS\system32\MSCTF.dll
0x00007ffdc3f50000 - 0x00007ffdc3f99000 	C:\Program Files (x86)\TeamViewer\tv_x64.dll
0x00007ffde4140000 - 0x00007ffde4283000 	C:\WINDOWS\system32\ole32.dll
0x000000006e5f0000 - 0x0000000070339000 	C:\WINDOWS\SYSTEM32\nvoglv64.DLL
0x00007ffde4550000 - 0x00007ffde4979000 	C:\WINDOWS\system32\SETUPAPI.dll
0x00007ffddf2f0000 - 0x00007ffddf303000 	C:\WINDOWS\SYSTEM32\WTSAPI32.dll
0x00007ffddf9a0000 - 0x00007ffddf9c7000 	C:\WINDOWS\SYSTEM32\DEVOBJ.dll
0x00007ffde1170000 - 0x00007ffde11c5000 	C:\WINDOWS\system32\WINTRUST.dll
0x00007ffde0fa0000 - 0x00007ffde0fb0000 	C:\WINDOWS\system32\MSASN1.dll
0x00007ffde1820000 - 0x00007ffde19e7000 	C:\WINDOWS\system32\CRYPT32.dll
0x00007ffde04d0000 - 0x00007ffde0501000 	C:\WINDOWS\SYSTEM32\ntmarta.dll
0x00007ffde0220000 - 0x00007ffde0276000 	C:\WINDOWS\SYSTEM32\WINSTA.dll
0x00007ffde38a0000 - 0x00007ffde3947000 	C:\WINDOWS\system32\clbcatq.dll
0x00007ffdb9de0000 - 0x00007ffdb9f6c000 	C:\WINDOWS\SYSTEM32\dbghelp.dll

VM Arguments:
jvm_args: -agentlib:jdwp=transport=dt_socket,address=127.0.0.1:61902,suspend=y,server=n -Djava.library.path=lib/native/ -Dfile.encoding=UTF-8 
java_command: main.Main
java_class_path (initial): C:\Program Files\Java\jdk1.8.0_65\jre\lib\charsets.jar;C:\Program Files\Java\jdk1.8.0_65\jre\lib\deploy.jar;C:\Program Files\Java\jdk1.8.0_65\jre\lib\ext\access-bridge-64.jar;C:\Program Files\Java\jdk1.8.0_65\jre\lib\ext\cldrdata.jar;C:\Program Files\Java\jdk1.8.0_65\jre\lib\ext\dnsns.jar;C:\Program Files\Java\jdk1.8.0_65\jre\lib\ext\jaccess.jar;C:\Program Files\Java\jdk1.8.0_65\jre\lib\ext\jfxrt.jar;C:\Program Files\Java\jdk1.8.0_65\jre\lib\ext\localedata.jar;C:\Program Files\Java\jdk1.8.0_65\jre\lib\ext\nashorn.jar;C:\Program Files\Java\jdk1.8.0_65\jre\lib\ext\sunec.jar;C:\Program Files\Java\jdk1.8.0_65\jre\lib\ext\sunjce_provider.jar;C:\Program Files\Java\jdk1.8.0_65\jre\lib\ext\sunmscapi.jar;C:\Program Files\Java\jdk1.8.0_65\jre\lib\ext\sunpkcs11.jar;C:\Program Files\Java\jdk1.8.0_65\jre\lib\ext\zipfs.jar;C:\Program Files\Java\jdk1.8.0_65\jre\lib\javaws.jar;C:\Program Files\Java\jdk1.8.0_65\jre\lib\jce.jar;C:\Program Files\Java\jdk1.8.0_65\jre\lib\jfr.jar;C:\Program Files\Java\jdk1.8.0_65\jre\lib\jfxswt.jar;C:\Program Files\Java\jdk1.8.0_65\jre\lib\jsse.jar;C:\Program Files\Java\jdk1.8.0_65\jre\lib\management-agent.jar;C:\Program Files\Java\jdk1.8.0_65\jre\lib\plugin.jar;C:\Program Files\Java\jdk1.8.0_65\jre\lib\resources.jar;C:\Program Files\Java\jdk1.8.0_65\jre\lib\rt.jar;D:\Code\Java\Projects\WireEngine20\out\production\WireEngine20;D:\Code\Java\Projects\WireEngine20\lib\jar\lwjgl.jar;D:\Program Files (x86)\JetBrains\IntelliJ IDEA 2016.1\lib\idea_rt.jar
Launcher Type: SUN_STANDARD

Environment Variables:
JAVA_HOME=C:\Program Files\Java\jdk1.8.0_65
PATH=C:\ProgramData\Oracle\Java\javapath;C:\Program Files (x86)\Razer Chroma SDK\bin;C:\Program Files\Razer Chroma SDK\bin;C:\Program Files (x86)\NVIDIA Corporation\PhysX\Common;C:\Program Files (x86)\Intel\iCLS Client\;C:\Program Files\Intel\iCLS Client\;C:\Windows\system32;C:\Windows;C:\Windows\System32\Wbem;C:\Windows\System32\WindowsPowerShell\v1.0\;C:\Program Files\Intel\Intel(R) Management Engine Components\DAL;C:\Program Files (x86)\Intel\Intel(R) Management Engine Components\DAL;C:\Program Files\Intel\Intel(R) Management Engine Components\IPT;C:\Program Files (x86)\Intel\Intel(R) Management Engine Components\IPT;C:\Program Files\Java\jre1.8.0_65\bin;C:\MinGW\bin;C:\WINDOWS\system32;C:\WINDOWS;C:\WINDOWS\System32\Wbem;C:\WINDOWS\System32\WindowsPowerShell\v1.0\;D:\Program Files (x86)\CMake\bin;D:\Program Files\Programs\Python\Python35-32;D:\Program Files\Programs\Python\Python35-32\Scripts;C:\Program Files (x86)\Skype\Phone\;D:\Program Files\Programs\Python\Python35-32\Scripts\;D:\Program Files\Programs\Python\Python35-32\
USERNAME=Kelan
OS=Windows_NT
PROCESSOR_IDENTIFIER=Intel64 Family 6 Model 60 Stepping 3, GenuineIntel



---------------  S Y S T E M  ---------------

OS: Windows 10.0 , 64 bit Build 10586 (10.0.10586.0)

CPU:total 8 (4 cores per cpu, 2 threads per core) family 6 model 60 stepping 3, cmov, cx8, fxsr, mmx, sse, sse2, sse3, ssse3, sse4.1, sse4.2, popcnt, avx, avx2, aes, clmul, erms, lzcnt, ht, tsc, tscinvbit, bmi1, bmi2

Memory: 4k page, physical 16609500k(5162520k free), swap 33386716k(19507420k free)

vm_info: Java HotSpot(TM) 64-Bit Server VM (25.65-b01) for windows-amd64 JRE (1.8.0_65-b17), built on Oct  6 2015 16:39:20 by "java_re" with MS VC++ 10.0 (VS2010)

time: Sat Apr 09 17:17:14 2016
elapsed time: 1 seconds (0d 0h 0m 1s)

