#
# A fatal error has been detected by the Java Runtime Environment:
#
#  EXCEPTION_ACCESS_VIOLATION (0xc0000005) at pc=0x00007ffdd3df24b9, pid=13204, tid=6660
#
# JRE version: Java(TM) SE Runtime Environment (8.0_65-b17) (build 1.8.0_65-b17)
# Java VM: Java HotSpot(TM) 64-Bit Server VM (25.65-b01 mixed mode windows-amd64 compressed oops)
# Problematic frame:
# C  [glfw.dll+0x24b9]
#
# Failed to write core dump. Minidumps are not enabled by default on client versions of Windows
#
# If you would like to submit a bug report, please visit:
#   http://bugreport.java.com/bugreport/crash.jsp
# The crash happened outside the Java Virtual Machine in native code.
# See problematic frame for where to report the bug.
#

---------------  T H R E A D  ---------------

Current thread (0x000000001e267000):  JavaThread "CLIENT" [_thread_in_native, id=6660, stack(0x000000001ef80000,0x000000001f080000)]

siginfo: ExceptionCode=0xc0000005, reading address 0x0000000000000000

Registers:
RAX=0x0000000000000000, RBX=0x000000001ba56d70, RCX=0x0000000000000000, RDX=0x0000000000000000
RSP=0x000000001f07efb0, RBP=0x000000001f07f060, RSI=0x0000000000000108, RDI=0x000000000045e140
R8 =0x000000001f07efa8, R9 =0x000000001f07f060, R10=0x0000000000000000, R11=0x0000000000000246
R12=0x0000000000000000, R13=0x000000001ba56d70, R14=0x000000001f07f098, R15=0x000000001e267000
RIP=0x00007ffdd3df24b9, EFLAGS=0x0000000000010287

Top of Stack: (sp=0x000000001f07efb0)
0x000000001f07efb0:   000000001e267000 000000001e267000
0x000000001f07efc0:   000000001ba70ce0 000000007052d610
0x000000001f07efd0:   00000000000000ed 000000000265dfcc
0x000000001f07efe0:   000000001ba56d70 000000001bfe1560
0x000000001f07eff0:   000000000000000e 000000001e267000
0x000000001f07f000:   000000001ba70ce0 000000007052aea4
0x000000001f07f010:   000000001e267000 000000001e267000
0x000000001f07f020:   000000001f07f020 0000000000000000
0x000000001f07f030:   000000001f07f098 000000001ba57510
0x000000001f07f040:   0000000000000000 000000001ba56d70
0x000000001f07f050:   0000000000000000 000000001f07f080
0x000000001f07f060:   000000001f07f0e0 0000000002647d8d
0x000000001f07f070:   00000006c280c348 00000000026542f8
0x000000001f07f080:   000000000045e140 00000000026478a0
0x000000001f07f090:   00007ffdd3df2420 0000000000000001
0x000000001f07f0a0:   000000001f07f0a0 000000001ba70cb4 

Instructions: (pc=0x00007ffdd3df24b9)
0x00007ffdd3df2499:   48 8b cf e8 1f 3a 00 00 48 39 3d f0 d5 02 00 48
0x00007ffdd3df24a9:   8d 0d e9 d5 02 00 48 8b 5c 24 30 74 08 48 8b 09
0x00007ffdd3df24b9:   48 39 39 75 f8 48 8b 07 48 89 01 48 8b cf 48 83
0x00007ffdd3df24c9:   c4 20 5f e9 5b fe 00 00 48 83 c4 20 5f c3 cc cc 


Register to memory mapping:

RAX=0x0000000000000000 is an unknown value
RBX={method} {0x000000001ba56d78} 'invokePV' '(JJ)V' in 'org/lwjgl/system/JNI'
RCX=0x0000000000000000 is an unknown value
RDX=0x0000000000000000 is an unknown value
RSP=0x000000001f07efb0 is pointing into the stack for thread: 0x000000001e267000
RBP=0x000000001f07f060 is pointing into the stack for thread: 0x000000001e267000
RSI=0x0000000000000108 is an unknown value
RDI=0x000000000045e140 is an unknown value
R8 =0x000000001f07efa8 is pointing into the stack for thread: 0x000000001e267000
R9 =0x000000001f07f060 is pointing into the stack for thread: 0x000000001e267000
R10=0x0000000000000000 is an unknown value
R11=0x0000000000000246 is an unknown value
R12=0x0000000000000000 is an unknown value
R13={method} {0x000000001ba56d78} 'invokePV' '(JJ)V' in 'org/lwjgl/system/JNI'
R14=0x000000001f07f098 is pointing into the stack for thread: 0x000000001e267000
R15=0x000000001e267000 is a thread


Stack: [0x000000001ef80000,0x000000001f080000],  sp=0x000000001f07efb0,  free space=1019k
Native frames: (J=compiled Java code, j=interpreted, Vv=VM code, C=native code)
C  [glfw.dll+0x24b9]
C  0x000000000265dfcc

Java frames: (J=compiled Java code, j=interpreted, Vv=VM code)
j  org.lwjgl.system.JNI.invokePV(JJ)V+0
j  org.lwjgl.glfw.GLFW.glfwDestroyCursor(J)V+20
j  main.client.Window.destroyWindow()V+9
j  main.coreEngine.Engine.stop()V+70
j  main.client.Window.update()V+43
j  main.client.renderEngine.RenderEngine.render()V+32
j  main.client.ClientThread.tick()V+12
J 436% C1 main.coreEngine.TickableThread.run()V (481 bytes) @ 0x000000000289a2dc [0x0000000002895a00+0x48dc]
v  ~StubRoutines::call_stub

---------------  P R O C E S S  ---------------

Java Threads: ( => current thread )
  0x000000001e268000 JavaThread "SERVER" [_thread_in_Java, id=11620, stack(0x000000001f080000,0x000000001f180000)]
=>0x000000001e267000 JavaThread "CLIENT" [_thread_in_native, id=6660, stack(0x000000001ef80000,0x000000001f080000)]
  0x000000001e170800 JavaThread "Service Thread" daemon [_thread_blocked, id=1908, stack(0x000000001ed80000,0x000000001ee80000)]
  0x000000001e0e2000 JavaThread "C1 CompilerThread3" daemon [_thread_blocked, id=8956, stack(0x000000001ec80000,0x000000001ed80000)]
  0x000000001e0d9000 JavaThread "C2 CompilerThread2" daemon [_thread_blocked, id=4320, stack(0x000000001eb80000,0x000000001ec80000)]
  0x000000001e0d8000 JavaThread "C2 CompilerThread1" daemon [_thread_blocked, id=5416, stack(0x000000001ea80000,0x000000001eb80000)]
  0x000000001e0dd000 JavaThread "C2 CompilerThread0" daemon [_thread_blocked, id=13616, stack(0x000000001e980000,0x000000001ea80000)]
  0x000000001e0c2800 JavaThread "JDWP Command Reader" daemon [_thread_in_native, id=13284, stack(0x000000001e880000,0x000000001e980000)]
  0x000000001e0c1800 JavaThread "JDWP Event Helper Thread" daemon [_thread_blocked, id=1300, stack(0x000000001e780000,0x000000001e880000)]
  0x000000001e0bb800 JavaThread "JDWP Transport Listener: dt_socket" daemon [_thread_blocked, id=14052, stack(0x000000001e680000,0x000000001e780000)]
  0x000000001e0a6800 JavaThread "Attach Listener" daemon [_thread_blocked, id=7656, stack(0x000000001e580000,0x000000001e680000)]
  0x000000001e0a5800 JavaThread "Signal Dispatcher" daemon [_thread_blocked, id=8764, stack(0x000000001e480000,0x000000001e580000)]
  0x000000000263a800 JavaThread "Finalizer" daemon [_thread_blocked, id=6828, stack(0x000000001dea0000,0x000000001dfa0000)]
  0x0000000002634000 JavaThread "Reference Handler" daemon [_thread_blocked, id=6252, stack(0x000000001dda0000,0x000000001dea0000)]
  0x00000000023ce000 JavaThread "main" [_thread_in_Java, id=1768, stack(0x0000000002440000,0x0000000002540000)]

Other Threads:
  0x000000001bfd9800 VMThread [stack: 0x000000001dca0000,0x000000001dda0000] [id=8100]
  0x000000001e192800 WatcherThread [stack: 0x000000001ee80000,0x000000001ef80000] [id=10348]

VM state:not at safepoint (normal execution)

VM Mutex/Monitor currently owned by a thread: None

Heap:
 PSYoungGen      total 162816K, used 131408K [0x000000076b800000, 0x0000000779880000, 0x00000007c0000000)
  eden space 162304K, 80% used [0x000000076b800000,0x00000007738443a0,0x0000000775680000)
  from space 512K, 12% used [0x0000000779800000,0x0000000779810000,0x0000000779880000)
  to   space 1536K, 0% used [0x0000000779580000,0x0000000779580000,0x0000000779700000)
 ParOldGen       total 173568K, used 1240K [0x00000006c2800000, 0x00000006cd180000, 0x000000076b800000)
  object space 173568K, 0% used [0x00000006c2800000,0x00000006c2936050,0x00000006cd180000)
 Metaspace       used 7956K, capacity 8486K, committed 8704K, reserved 1056768K
  class space    used 642K, capacity 658K, committed 768K, reserved 1048576K

Card table byte_map: [0x0000000011a00000,0x00000000121f0000] byte_map_base: 0x000000000e3ec000

Marking Bits: (ParMarkBitMap*) 0x0000000070c0a5b0
 Begin Bits: [0x0000000012f40000, 0x0000000016ea0000)
 End Bits:   [0x0000000016ea0000, 0x000000001ae00000)

Polling page: 0x0000000000990000

CodeCache: size=245760Kb used=2604Kb max_used=2605Kb free=243155Kb
 bounds [0x0000000002640000, 0x00000000028e0000, 0x0000000011640000]
 total_blobs=1126 nmethods=483 adapters=564
 compilation: enabled

Compilation events (10 events):
Event: 1.721 Thread 0x000000001e0e2000  478       3       org.lwjgl.opengl.GL11::glDisableClientState (24 bytes)
Event: 1.721 Thread 0x000000001e0e2000 nmethod 478 0x00000000028b4510 code [0x00000000028b4720, 0x00000000028b4fa8]
Event: 2.036 Thread 0x000000001e0e2000  479       3       org.lwjgl.glfw.GLFW::getInstance (4 bytes)
Event: 2.036 Thread 0x000000001e0e2000 nmethod 479 0x00000000028b1190 code [0x00000000028b12e0, 0x00000000028b1410]
Event: 2.069 Thread 0x000000001e0e2000  481       3       main.coreEngine.Engine::getGame (28 bytes)
Event: 2.070 Thread 0x000000001e0e2000 nmethod 481 0x00000000028b3710 code [0x00000000028b38c0, 0x00000000028b3f28]
Event: 2.103 Thread 0x000000001e0e2000  482       3       java.lang.Enum::equals (11 bytes)
Event: 2.103 Thread 0x000000001e0e2000 nmethod 482 0x00000000028b3390 code [0x00000000028b34e0, 0x00000000028b3690]
Event: 2.105 Thread 0x000000001e0e2000  483   !   3       main.coreEngine.TickableThread::scheduleTick (25 bytes)
Event: 2.105 Thread 0x000000001e0e2000 nmethod 483 0x00000000028b2e50 code [0x00000000028b2fc0, 0x00000000028b32d0]

GC Heap History (10 events):
Event: 1.685 GC heap before
{Heap before GC invocations=16 (full 0):
 PSYoungGen      total 196096K, used 194144K [0x000000076b800000, 0x0000000779c80000, 0x00000007c0000000)
  eden space 194048K, 100% used [0x000000076b800000,0x0000000777580000,0x0000000777580000)
  from space 2048K, 4% used [0x0000000779880000,0x0000000779898000,0x0000000779a80000)
  to   space 2048K, 0% used [0x0000000779a80000,0x0000000779a80000,0x0000000779c80000)
 ParOldGen       total 173568K, used 1240K [0x00000006c2800000, 0x00000006cd180000, 0x000000076b800000)
  object space 173568K, 0% used [0x00000006c2800000,0x00000006c2936050,0x00000006cd180000)
 Metaspace       used 7953K, capacity 8486K, committed 8704K, reserved 1056768K
  class space    used 642K, capacity 658K, committed 768K, reserved 1048576K
Event: 1.686 GC heap after
Heap after GC invocations=16 (full 0):
 PSYoungGen      total 187392K, used 32K [0x000000076b800000, 0x0000000779b00000, 0x00000007c0000000)
  eden space 186880K, 0% used [0x000000076b800000,0x000000076b800000,0x0000000776e80000)
  from space 512K, 6% used [0x0000000779a80000,0x0000000779a88000,0x0000000779b00000)
  to   space 2048K, 0% used [0x0000000779700000,0x0000000779700000,0x0000000779900000)
 ParOldGen       total 173568K, used 1240K [0x00000006c2800000, 0x00000006cd180000, 0x000000076b800000)
  object space 173568K, 0% used [0x00000006c2800000,0x00000006c2936050,0x00000006cd180000)
 Metaspace       used 7953K, capacity 8486K, committed 8704K, reserved 1056768K
  class space    used 642K, capacity 658K, committed 768K, reserved 1048576K
}
Event: 1.822 GC heap before
{Heap before GC invocations=17 (full 0):
 PSYoungGen      total 187392K, used 186912K [0x000000076b800000, 0x0000000779b00000, 0x00000007c0000000)
  eden space 186880K, 100% used [0x000000076b800000,0x0000000776e80000,0x0000000776e80000)
  from space 512K, 6% used [0x0000000779a80000,0x0000000779a88000,0x0000000779b00000)
  to   space 2048K, 0% used [0x0000000779700000,0x0000000779700000,0x0000000779900000)
 ParOldGen       total 173568K, used 1240K [0x00000006c2800000, 0x00000006cd180000, 0x000000076b800000)
  object space 173568K, 0% used [0x00000006c2800000,0x00000006c2936050,0x00000006cd180000)
 Metaspace       used 7954K, capacity 8486K, committed 8704K, reserved 1056768K
  class space    used 642K, capacity 658K, committed 768K, reserved 1048576K
Event: 1.822 GC heap after
Heap after GC invocations=17 (full 0):
 PSYoungGen      total 182272K, used 96K [0x000000076b800000, 0x0000000779b00000, 0x00000007c0000000)
  eden space 180224K, 0% used [0x000000076b800000,0x000000076b800000,0x0000000776800000)
  from space 2048K, 4% used [0x0000000779700000,0x0000000779718000,0x0000000779900000)
  to   space 2048K, 0% used [0x0000000779900000,0x0000000779900000,0x0000000779b00000)
 ParOldGen       total 173568K, used 1240K [0x00000006c2800000, 0x00000006cd180000, 0x000000076b800000)
  object space 173568K, 0% used [0x00000006c2800000,0x00000006c2936050,0x00000006cd180000)
 Metaspace       used 7954K, capacity 8486K, committed 8704K, reserved 1056768K
  class space    used 642K, capacity 658K, committed 768K, reserved 1048576K
}
Event: 1.954 GC heap before
{Heap before GC invocations=18 (full 0):
 PSYoungGen      total 182272K, used 180320K [0x000000076b800000, 0x0000000779b00000, 0x00000007c0000000)
  eden space 180224K, 100% used [0x000000076b800000,0x0000000776800000,0x0000000776800000)
  from space 2048K, 4% used [0x0000000779700000,0x0000000779718000,0x0000000779900000)
  to   space 2048K, 0% used [0x0000000779900000,0x0000000779900000,0x0000000779b00000)
 ParOldGen       total 173568K, used 1240K [0x00000006c2800000, 0x00000006cd180000, 0x000000076b800000)
  object space 173568K, 0% used [0x00000006c2800000,0x00000006c2936050,0x00000006cd180000)
 Metaspace       used 7954K, capacity 8486K, committed 8704K, reserved 1056768K
  class space    used 642K, capacity 658K, committed 768K, reserved 1048576K
Event: 1.954 GC heap after
Heap after GC invocations=18 (full 0):
 PSYoungGen      total 174592K, used 64K [0x000000076b800000, 0x0000000779980000, 0x00000007c0000000)
  eden space 174080K, 0% used [0x000000076b800000,0x000000076b800000,0x0000000776200000)
  from space 512K, 12% used [0x0000000779900000,0x0000000779910000,0x0000000779980000)
  to   space 1536K, 0% used [0x0000000779680000,0x0000000779680000,0x0000000779800000)
 ParOldGen       total 173568K, used 1240K [0x00000006c2800000, 0x00000006cd180000, 0x000000076b800000)
  object space 173568K, 0% used [0x00000006c2800000,0x00000006c2936050,0x00000006cd180000)
 Metaspace       used 7954K, capacity 8486K, committed 8704K, reserved 1056768K
  class space    used 642K, capacity 658K, committed 768K, reserved 1048576K
}
Event: 2.082 GC heap before
{Heap before GC invocations=19 (full 0):
 PSYoungGen      total 174592K, used 174144K [0x000000076b800000, 0x0000000779980000, 0x00000007c0000000)
  eden space 174080K, 100% used [0x000000076b800000,0x0000000776200000,0x0000000776200000)
  from space 512K, 12% used [0x0000000779900000,0x0000000779910000,0x0000000779980000)
  to   space 1536K, 0% used [0x0000000779680000,0x0000000779680000,0x0000000779800000)
 ParOldGen       total 173568K, used 1240K [0x00000006c2800000, 0x00000006cd180000, 0x000000076b800000)
  object space 173568K, 0% used [0x00000006c2800000,0x00000006c2936050,0x00000006cd180000)
 Metaspace       used 7955K, capacity 8486K, committed 8704K, reserved 1056768K
  class space    used 642K, capacity 658K, committed 768K, reserved 1048576K
Event: 2.083 GC heap after
Heap after GC invocations=19 (full 0):
 PSYoungGen      total 169472K, used 96K [0x000000076b800000, 0x0000000779980000, 0x00000007c0000000)
  eden space 167936K, 0% used [0x000000076b800000,0x000000076b800000,0x0000000775c00000)
  from space 1536K, 6% used [0x0000000779680000,0x0000000779698000,0x0000000779800000)
  to   space 1536K, 0% used [0x0000000779800000,0x0000000779800000,0x0000000779980000)
 ParOldGen       total 173568K, used 1240K [0x00000006c2800000, 0x00000006cd180000, 0x000000076b800000)
  object space 173568K, 0% used [0x00000006c2800000,0x00000006c2936050,0x00000006cd180000)
 Metaspace       used 7955K, capacity 8486K, committed 8704K, reserved 1056768K
  class space    used 642K, capacity 658K, committed 768K, reserved 1048576K
}
Event: 2.210 GC heap before
{Heap before GC invocations=20 (full 0):
 PSYoungGen      total 169472K, used 168032K [0x000000076b800000, 0x0000000779980000, 0x00000007c0000000)
  eden space 167936K, 100% used [0x000000076b800000,0x0000000775c00000,0x0000000775c00000)
  from space 1536K, 6% used [0x0000000779680000,0x0000000779698000,0x0000000779800000)
  to   space 1536K, 0% used [0x0000000779800000,0x0000000779800000,0x0000000779980000)
 ParOldGen       total 173568K, used 1240K [0x00000006c2800000, 0x00000006cd180000, 0x000000076b800000)
  object space 173568K, 0% used [0x00000006c2800000,0x00000006c2936050,0x00000006cd180000)
 Metaspace       used 7955K, capacity 8486K, committed 8704K, reserved 1056768K
  class space    used 642K, capacity 658K, committed 768K, reserved 1048576K
Event: 2.210 GC heap after
Heap after GC invocations=20 (full 0):
 PSYoungGen      total 162816K, used 64K [0x000000076b800000, 0x0000000779880000, 0x00000007c0000000)
  eden space 162304K, 0% used [0x000000076b800000,0x000000076b800000,0x0000000775680000)
  from space 512K, 12% used [0x0000000779800000,0x0000000779810000,0x0000000779880000)
  to   space 1536K, 0% used [0x0000000779580000,0x0000000779580000,0x0000000779700000)
 ParOldGen       total 173568K, used 1240K [0x00000006c2800000, 0x00000006cd180000, 0x000000076b800000)
  object space 173568K, 0% used [0x00000006c2800000,0x00000006c2936050,0x00000006cd180000)
 Metaspace       used 7955K, capacity 8486K, committed 8704K, reserved 1056768K
  class space    used 642K, capacity 658K, committed 768K, reserved 1048576K
}

Deoptimization events (10 events):
Event: 0.132 Thread 0x000000001e267000 Uncommon trap: reason=unstable_if action=reinterpret pc=0x000000000277eb24 method=java.util.HashMap$HashIterator.<init>(Ljava/util/HashMap;)V @ 38
Event: 0.139 Thread 0x000000001e267000 Uncommon trap: reason=bimorphic action=maybe_recompile pc=0x0000000002783174 method=java.util.HashMap.getNode(ILjava/lang/Object;)Ljava/util/HashMap$Node; @ 126
Event: 0.399 Thread 0x000000001e267000 Uncommon trap: reason=bimorphic action=maybe_recompile pc=0x0000000002783174 method=java.util.HashMap.getNode(ILjava/lang/Object;)Ljava/util/HashMap$Node; @ 126
Event: 0.399 Thread 0x000000001e267000 Uncommon trap: reason=bimorphic action=maybe_recompile pc=0x0000000002783174 method=java.util.HashMap.getNode(ILjava/lang/Object;)Ljava/util/HashMap$Node; @ 126
Event: 0.404 Thread 0x000000001e267000 Uncommon trap: reason=unstable_if action=reinterpret pc=0x0000000002779ed8 method=java.util.HashMap.keySet()Ljava/util/Set; @ 6
Event: 0.650 Thread 0x000000001e267000 Uncommon trap: reason=unstable_if action=reinterpret pc=0x000000000277b684 method=java.util.HashMap.clear()V @ 16
Event: 0.650 Thread 0x000000001e267000 Uncommon trap: reason=unstable_if action=reinterpret pc=0x0000000002779c98 method=java.util.HashMap.clear()V @ 16
Event: 0.650 Thread 0x00000000023ce000 Uncommon trap: reason=unstable_if action=reinterpret pc=0x00000000027ae5b0 method=main.coreEngine.TickableThread.invoke(Ljava/lang/String;[Ljava/lang/Object;)V @ 53
Event: 0.650 Thread 0x000000001e268000 Uncommon trap: reason=unstable_if action=reinterpret pc=0x00000000027acee0 method=main.coreEngine.TickableThread.run()V @ 58
Event: 0.763 Thread 0x000000001e268000 Uncommon trap: reason=unstable_if action=reinterpret pc=0x00000000028b7464 method=main.coreEngine.TickableThread.run()V @ 461

Internal exceptions (8 events):
Event: 0.021 Thread 0x00000000023ce000 Exception <a 'java/lang/NoSuchMethodError': Method sun.misc.Unsafe.defineClass(Ljava/lang/String;[BII)Ljava/lang/Class; name or signature does not match> (0x000000076b80d9b8) thrown at [C:\workspace\8-2-build-windows-amd64-cygwin\jdk8u65\4987\hotspot\src\sR¥zr–?
Event: 0.022 Thread 0x00000000023ce000 Exception <a 'java/lang/NoSuchMethodError': Method sun.misc.Unsafe.prefetchRead(Ljava/lang/Object;J)V name or signature does not match> (0x000000076b80dca0) thrown at [C:\workspace\8-2-build-windows-amd64-cygwin\jdk8u65\4987\hotspot\src\share\vm\prims\jni.Äà¸êÄ?
Event: 0.157 Thread 0x000000001e267000 Exception <a 'java/lang/ArrayIndexOutOfBoundsException': -1> (0x000000076c8693b8) thrown at [C:\workspace\8-2-build-windows-amd64-cygwin\jdk8u65\4987\hotspot\src\share\vm\interpreter\interpreterRuntime.cpp, line 366]
Event: 0.399 Thread 0x000000001e267000 Exception <a 'java/security/PrivilegedActionException'> (0x000000076b9519d0) thrown at [C:\workspace\8-2-build-windows-amd64-cygwin\jdk8u65\4987\hotspot\src\share\vm\prims\jvm.cpp, line 1386]
Event: 0.399 Thread 0x000000001e267000 Exception <a 'java/security/PrivilegedActionException'> (0x000000076b951dc8) thrown at [C:\workspace\8-2-build-windows-amd64-cygwin\jdk8u65\4987\hotspot\src\share\vm\prims\jvm.cpp, line 1386]
Event: 0.399 Thread 0x000000001e267000 Exception <a 'java/security/PrivilegedActionException'> (0x000000076b956070) thrown at [C:\workspace\8-2-build-windows-amd64-cygwin\jdk8u65\4987\hotspot\src\share\vm\prims\jvm.cpp, line 1386]
Event: 0.399 Thread 0x000000001e267000 Exception <a 'java/security/PrivilegedActionException'> (0x000000076b956468) thrown at [C:\workspace\8-2-build-windows-amd64-cygwin\jdk8u65\4987\hotspot\src\share\vm\prims\jvm.cpp, line 1386]
Event: 0.650 Thread 0x00000000023ce000 Implicit null exception at 0x00000000027adfbc to 0x00000000027ae589

Events (10 events):
Event: 1.685 Executing VM operation: ParallelGCFailedAllocation
Event: 1.686 Executing VM operation: ParallelGCFailedAllocation done
Event: 1.822 Executing VM operation: ParallelGCFailedAllocation
Event: 1.822 Executing VM operation: ParallelGCFailedAllocation done
Event: 1.954 Executing VM operation: ParallelGCFailedAllocation
Event: 1.954 Executing VM operation: ParallelGCFailedAllocation done
Event: 2.082 Executing VM operation: ParallelGCFailedAllocation
Event: 2.083 Executing VM operation: ParallelGCFailedAllocation done
Event: 2.209 Executing VM operation: ParallelGCFailedAllocation
Event: 2.210 Executing VM operation: ParallelGCFailedAllocation done


Dynamic libraries:
0x00007ff7d2c20000 - 0x00007ff7d2c57000 	C:\Program Files\Java\jdk1.8.0_65\bin\java.exe
0x00007ffde4980000 - 0x00007ffde4b41000 	C:\WINDOWS\SYSTEM32\ntdll.dll
0x00007ffde42a0000 - 0x00007ffde434d000 	C:\WINDOWS\system32\KERNEL32.DLL
0x00007ffde19f0000 - 0x00007ffde1bd8000 	C:\WINDOWS\system32\KERNELBASE.dll
0x00007ffde1e70000 - 0x00007ffde1f17000 	C:\WINDOWS\system32\ADVAPI32.dll
0x00007ffde3800000 - 0x00007ffde389d000 	C:\WINDOWS\system32\msvcrt.dll
0x00007ffde1e10000 - 0x00007ffde1e6b000 	C:\WINDOWS\system32\sechost.dll
0x00007ffde3bd0000 - 0x00007ffde3cec000 	C:\WINDOWS\system32\RPCRT4.dll
0x00007ffde3fe0000 - 0x00007ffde4136000 	C:\WINDOWS\system32\USER32.dll
0x00007ffde3cf0000 - 0x00007ffde3e76000 	C:\WINDOWS\system32\GDI32.dll
0x00007ffddd690000 - 0x00007ffddd904000 	C:\WINDOWS\WinSxS\amd64_microsoft.windows.common-controls_6595b64144ccf1df_6.0.10586.0_none_8c15ae12515e1c22\COMCTL32.dll
0x00007ffde3950000 - 0x00007ffde3bcd000 	C:\WINDOWS\system32\combase.dll
0x00007ffde1cf0000 - 0x00007ffde1d5a000 	C:\WINDOWS\system32\bcryptPrimitives.dll
0x00007ffde1dc0000 - 0x00007ffde1dfb000 	C:\WINDOWS\system32\IMM32.DLL
0x0000000070c90000 - 0x0000000070d62000 	C:\Program Files\Java\jdk1.8.0_65\jre\bin\msvcr100.dll
0x0000000070400000 - 0x0000000070c89000 	C:\Program Files\Java\jdk1.8.0_65\jre\bin\server\jvm.dll
0x00007ffde4290000 - 0x00007ffde4298000 	C:\WINDOWS\system32\PSAPI.DLL
0x00007ffdd8550000 - 0x00007ffdd8559000 	C:\WINDOWS\SYSTEM32\WSOCK32.dll
0x00007ffddf730000 - 0x00007ffddf753000 	C:\WINDOWS\SYSTEM32\WINMM.dll
0x00007ffddd9c0000 - 0x00007ffddd9ca000 	C:\WINDOWS\SYSTEM32\VERSION.dll
0x00007ffde4470000 - 0x00007ffde44db000 	C:\WINDOWS\system32\WS2_32.dll
0x00007ffddf6d0000 - 0x00007ffddf6fc000 	C:\WINDOWS\SYSTEM32\WINMMBASE.dll
0x00007ffde1be0000 - 0x00007ffde1c23000 	C:\WINDOWS\system32\cfgmgr32.dll
0x00000000703f0000 - 0x00000000703ff000 	C:\Program Files\Java\jdk1.8.0_65\jre\bin\verify.dll
0x00000000703c0000 - 0x00000000703e9000 	C:\Program Files\Java\jdk1.8.0_65\jre\bin\java.dll
0x0000000070380000 - 0x00000000703b5000 	C:\Program Files\Java\jdk1.8.0_65\jre\bin\jdwp.dll
0x0000000070370000 - 0x0000000070378000 	C:\Program Files\Java\jdk1.8.0_65\jre\bin\npt.dll
0x0000000070350000 - 0x0000000070366000 	C:\Program Files\Java\jdk1.8.0_65\jre\bin\zip.dll
0x00007ffde1f80000 - 0x00007ffde34dc000 	C:\WINDOWS\system32\SHELL32.dll
0x00007ffde11d0000 - 0x00007ffde1815000 	C:\WINDOWS\system32\windows.storage.dll
0x00007ffde36b0000 - 0x00007ffde3702000 	C:\WINDOWS\system32\shlwapi.dll
0x00007ffde0fb0000 - 0x00007ffde0fbf000 	C:\WINDOWS\system32\kernel.appcore.dll
0x00007ffde1c30000 - 0x00007ffde1ce5000 	C:\WINDOWS\system32\shcore.dll
0x00007ffde0fc0000 - 0x00007ffde100b000 	C:\WINDOWS\system32\powrprof.dll
0x00007ffde0f80000 - 0x00007ffde0f94000 	C:\WINDOWS\system32\profapi.dll
0x0000000070340000 - 0x0000000070349000 	C:\Program Files\Java\jdk1.8.0_65\jre\bin\dt_socket.dll
0x00007ffde08b0000 - 0x00007ffde090c000 	C:\WINDOWS\system32\mswsock.dll
0x00007ffdd4590000 - 0x00007ffdd4618000 	D:\Code\Java\Projects\WireEngine20\lib\native\lwjgl.dll
0x00007ffde0a80000 - 0x00007ffde0a8b000 	C:\WINDOWS\SYSTEM32\CRYPTBASE.DLL
0x00007ffdd4190000 - 0x00007ffdd41d2000 	D:\Code\Java\Projects\WireEngine20\lib\native\jemalloc.dll
0x00007ffdd3df0000 - 0x00007ffdd3e28000 	D:\Code\Java\Projects\WireEngine20\lib\native\glfw.dll
0x00007ffddf850000 - 0x00007ffddf8e6000 	C:\WINDOWS\system32\uxtheme.dll
0x00007ffdde650000 - 0x00007ffdde672000 	C:\WINDOWS\SYSTEM32\dwmapi.dll
0x00007ffdc9d10000 - 0x00007ffdc9e39000 	C:\WINDOWS\SYSTEM32\opengl32.dll
0x00007ffdcc690000 - 0x00007ffdcc6be000 	C:\WINDOWS\SYSTEM32\GLU32.dll
0x00007ffdc8ba0000 - 0x00007ffdc8c9a000 	C:\WINDOWS\SYSTEM32\DDRAW.dll
0x00007ffdd3d80000 - 0x00007ffdd3d88000 	C:\WINDOWS\SYSTEM32\DCIMAN32.dll
0x00007ffde3e80000 - 0x00007ffde3fda000 	C:\WINDOWS\system32\MSCTF.dll
0x00007ffdc3f50000 - 0x00007ffdc3f99000 	C:\Program Files (x86)\TeamViewer\tv_x64.dll
0x00007ffde4140000 - 0x00007ffde4283000 	C:\WINDOWS\system32\ole32.dll
0x000000006e5f0000 - 0x0000000070339000 	C:\WINDOWS\SYSTEM32\nvoglv64.DLL
0x00007ffde4550000 - 0x00007ffde4979000 	C:\WINDOWS\system32\SETUPAPI.dll
0x00007ffddf2f0000 - 0x00007ffddf303000 	C:\WINDOWS\SYSTEM32\WTSAPI32.dll
0x00007ffddf9a0000 - 0x00007ffddf9c7000 	C:\WINDOWS\SYSTEM32\DEVOBJ.dll
0x00007ffde1170000 - 0x00007ffde11c5000 	C:\WINDOWS\system32\WINTRUST.dll
0x00007ffde0fa0000 - 0x00007ffde0fb0000 	C:\WINDOWS\system32\MSASN1.dll
0x00007ffde1820000 - 0x00007ffde19e7000 	C:\WINDOWS\system32\CRYPT32.dll
0x00007ffde04d0000 - 0x00007ffde0501000 	C:\WINDOWS\SYSTEM32\ntmarta.dll
0x00007ffde0220000 - 0x00007ffde0276000 	C:\WINDOWS\SYSTEM32\WINSTA.dll
0x00007ffde38a0000 - 0x00007ffde3947000 	C:\WINDOWS\system32\clbcatq.dll
0x00007ffdb9de0000 - 0x00007ffdb9f6c000 	C:\WINDOWS\SYSTEM32\dbghelp.dll

VM Arguments:
jvm_args: -agentlib:jdwp=transport=dt_socket,address=127.0.0.1:62530,suspend=y,server=n -Djava.library.path=lib/native/ -Dfile.encoding=UTF-8 
java_command: main.Main
java_class_path (initial): C:\Program Files\Java\jdk1.8.0_65\jre\lib\charsets.jar;C:\Program Files\Java\jdk1.8.0_65\jre\lib\deploy.jar;C:\Program Files\Java\jdk1.8.0_65\jre\lib\ext\access-bridge-64.jar;C:\Program Files\Java\jdk1.8.0_65\jre\lib\ext\cldrdata.jar;C:\Program Files\Java\jdk1.8.0_65\jre\lib\ext\dnsns.jar;C:\Program Files\Java\jdk1.8.0_65\jre\lib\ext\jaccess.jar;C:\Program Files\Java\jdk1.8.0_65\jre\lib\ext\jfxrt.jar;C:\Program Files\Java\jdk1.8.0_65\jre\lib\ext\localedata.jar;C:\Program Files\Java\jdk1.8.0_65\jre\lib\ext\nashorn.jar;C:\Program Files\Java\jdk1.8.0_65\jre\lib\ext\sunec.jar;C:\Program Files\Java\jdk1.8.0_65\jre\lib\ext\sunjce_provider.jar;C:\Program Files\Java\jdk1.8.0_65\jre\lib\ext\sunmscapi.jar;C:\Program Files\Java\jdk1.8.0_65\jre\lib\ext\sunpkcs11.jar;C:\Program Files\Java\jdk1.8.0_65\jre\lib\ext\zipfs.jar;C:\Program Files\Java\jdk1.8.0_65\jre\lib\javaws.jar;C:\Program Files\Java\jdk1.8.0_65\jre\lib\jce.jar;C:\Program Files\Java\jdk1.8.0_65\jre\lib\jfr.jar;C:\Program Files\Java\jdk1.8.0_65\jre\lib\jfxswt.jar;C:\Program Files\Java\jdk1.8.0_65\jre\lib\jsse.jar;C:\Program Files\Java\jdk1.8.0_65\jre\lib\management-agent.jar;C:\Program Files\Java\jdk1.8.0_65\jre\lib\plugin.jar;C:\Program Files\Java\jdk1.8.0_65\jre\lib\resources.jar;C:\Program Files\Java\jdk1.8.0_65\jre\lib\rt.jar;D:\Code\Java\Projects\WireEngine20\out\production\WireEngine20;D:\Code\Java\Projects\WireEngine20\lib\jar\lwjgl.jar;D:\Program Files (x86)\JetBrains\IntelliJ IDEA 2016.1\lib\idea_rt.jar
Launcher Type: SUN_STANDARD

Environment Variables:
JAVA_HOME=C:\Program Files\Java\jdk1.8.0_65
PATH=C:\ProgramData\Oracle\Java\javapath;C:\Program Files (x86)\Razer Chroma SDK\bin;C:\Program Files\Razer Chroma SDK\bin;C:\Program Files (x86)\NVIDIA Corporation\PhysX\Common;C:\Program Files (x86)\Intel\iCLS Client\;C:\Program Files\Intel\iCLS Client\;C:\Windows\system32;C:\Windows;C:\Windows\System32\Wbem;C:\Windows\System32\WindowsPowerShell\v1.0\;C:\Program Files\Intel\Intel(R) Management Engine Components\DAL;C:\Program Files (x86)\Intel\Intel(R) Management Engine Components\DAL;C:\Program Files\Intel\Intel(R) Management Engine Components\IPT;C:\Program Files (x86)\Intel\Intel(R) Management Engine Components\IPT;C:\Program Files\Java\jre1.8.0_65\bin;C:\MinGW\bin;C:\WINDOWS\system32;C:\WINDOWS;C:\WINDOWS\System32\Wbem;C:\WINDOWS\System32\WindowsPowerShell\v1.0\;D:\Program Files (x86)\CMake\bin;D:\Program Files\Programs\Python\Python35-32;D:\Program Files\Programs\Python\Python35-32\Scripts;C:\Program Files (x86)\Skype\Phone\;D:\Program Files\Programs\Python\Python35-32\Scripts\;D:\Program Files\Programs\Python\Python35-32\
USERNAME=Kelan
OS=Windows_NT
PROCESSOR_IDENTIFIER=Intel64 Family 6 Model 60 Stepping 3, GenuineIntel



---------------  S Y S T E M  ---------------

OS: Windows 10.0 , 64 bit Build 10586 (10.0.10586.0)

CPU:total 8 (4 cores per cpu, 2 threads per core) family 6 model 60 stepping 3, cmov, cx8, fxsr, mmx, sse, sse2, sse3, ssse3, sse4.1, sse4.2, popcnt, avx, avx2, aes, clmul, erms, lzcnt, ht, tsc, tscinvbit, bmi1, bmi2

Memory: 4k page, physical 16609500k(4927200k free), swap 33386716k(19217540k free)

vm_info: Java HotSpot(TM) 64-Bit Server VM (25.65-b01) for windows-amd64 JRE (1.8.0_65-b17), built on Oct  6 2015 16:39:20 by "java_re" with MS VC++ 10.0 (VS2010)

time: Sat Apr 09 19:04:09 2016
elapsed time: 2 seconds (0d 0h 0m 2s)

