#
# A fatal error has been detected by the Java Runtime Environment:
#
#  EXCEPTION_ACCESS_VIOLATION (0xc0000005) at pc=0x00007ffb221824b9, pid=9012, tid=11560
#
# JRE version: Java(TM) SE Runtime Environment (8.0_65-b17) (build 1.8.0_65-b17)
# Java VM: Java HotSpot(TM) 64-Bit Server VM (25.65-b01 mixed mode windows-amd64 compressed oops)
# Problematic frame:
# C  [glfw.dll+0x24b9]
#
# Failed to write core dump. Minidumps are not enabled by default on client versions of Windows
#
# If you would like to submit a bug report, please visit:
#   http://bugreport.java.com/bugreport/crash.jsp
# The crash happened outside the Java Virtual Machine in native code.
# See problematic frame for where to report the bug.
#

---------------  T H R E A D  ---------------

Current thread (0x000000001e2a2000):  JavaThread "CLIENT" [_thread_in_native, id=11560, stack(0x000000001efa0000,0x000000001f0a0000)]

siginfo: ExceptionCode=0xc0000005, reading address 0x0000000000000000

Registers:
RAX=0x0000000000000000, RBX=0x000000001ba63f40, RCX=0x0000000000000000, RDX=0x0000000000000000
RSP=0x000000001f09f250, RBP=0x000000001f09f2e0, RSI=0x0000000000000108, RDI=0x000000000061ac90
R8 =0x000000001f09f248, R9 =0x000000001f09f2e0, R10=0x0000000000000000, R11=0x0000000000000246
R12=0x0000000000000000, R13=0x000000001f09f2f8, R14=0x000000001f09f2d0, R15=0x000000001e2a2000
RIP=0x00007ffb221824b9, EFLAGS=0x0000000000010283

Top of Stack: (sp=0x000000001f09f250)
0x000000001f09f250:   0000000000000000 0000000000000108
0x000000001f09f260:   000000001ba07fa0 000000000263e5f0
0x000000001f09f270:   000000000000493a 0000000002aa808a
0x000000001f09f280:   000000001ba63f40 000000006c6faea4
0x000000001f09f290:   000000001e2a2000 000000001e2a2000
0x000000001f09f2a0:   000000001e2a2000 0000000000000000
0x000000001f09f2b0:   000000001e25c1d0 000000006c685eba
0x000000001f09f2c0:   000000001f09f9a8 000000001f09f358
0x000000001f09f2d0:   00000006c28060c8 0000000000004939
0x000000001f09f2e0:   000000001f09f358 0000000002647d8d
0x000000001f09f2f0:   0000000002647d8d 000000000061ac90
0x000000001f09f300:   00000000026478a0 00007ffb22182420
0x000000001f09f310:   0000000000000001 000000001f09f318
0x000000001f09f320:   000000001ba7ffac 000000001f09f380
0x000000001f09f330:   000000001ba81f90 0000000000000000
0x000000001f09f340:   000000001ba7ffd8 000000001f09f2f8 

Instructions: (pc=0x00007ffb221824b9)
0x00007ffb22182499:   48 8b cf e8 1f 3a 00 00 48 39 3d f0 d5 02 00 48
0x00007ffb221824a9:   8d 0d e9 d5 02 00 48 8b 5c 24 30 74 08 48 8b 09
0x00007ffb221824b9:   48 39 39 75 f8 48 8b 07 48 89 01 48 8b cf 48 83
0x00007ffb221824c9:   c4 20 5f e9 5b fe 00 00 48 83 c4 20 5f c3 cc cc 


Register to memory mapping:

RAX=0x0000000000000000 is an unknown value
RBX={method} {0x000000001ba63f48} 'invokePV' '(JJ)V' in 'org/lwjgl/system/JNI'
RCX=0x0000000000000000 is an unknown value
RDX=0x0000000000000000 is an unknown value
RSP=0x000000001f09f250 is pointing into the stack for thread: 0x000000001e2a2000
RBP=0x000000001f09f2e0 is pointing into the stack for thread: 0x000000001e2a2000
RSI=0x0000000000000108 is an unknown value
RDI=0x000000000061ac90 is an unknown value
R8 =0x000000001f09f248 is pointing into the stack for thread: 0x000000001e2a2000
R9 =0x000000001f09f2e0 is pointing into the stack for thread: 0x000000001e2a2000
R10=0x0000000000000000 is an unknown value
R11=0x0000000000000246 is an unknown value
R12=0x0000000000000000 is an unknown value
R13=0x000000001f09f2f8 is pointing into the stack for thread: 0x000000001e2a2000
R14=0x000000001f09f2d0 is pointing into the stack for thread: 0x000000001e2a2000
R15=0x000000001e2a2000 is a thread


Stack: [0x000000001efa0000,0x000000001f0a0000],  sp=0x000000001f09f250,  free space=1020k
Native frames: (J=compiled Java code, j=interpreted, Vv=VM code, C=native code)
C  [glfw.dll+0x24b9]
C  0x0000000002aa808a

Java frames: (J=compiled Java code, j=interpreted, Vv=VM code)
J 836  org.lwjgl.system.JNI.invokePV(JJ)V (0 bytes) @ 0x0000000002aa8004 [0x0000000002aa7fc0+0x44]
j  org.lwjgl.glfw.GLFW.glfwDestroyCursor(J)V+20
j  main.client.Window.destroyWindow()V+9
j  main.coreEngine.Engine.stop()V+70
J 879 C1 main.client.Window.update()V (37 bytes) @ 0x0000000002ac692c [0x0000000002ac6480+0x4ac]
J 854 C1 main.client.renderEngine.RenderEngine.render()V (54 bytes) @ 0x0000000002ac0c3c [0x0000000002abff40+0xcfc]
J 894% C2 main.coreEngine.TickableThread.run()V (500 bytes) @ 0x0000000002ae8548 [0x0000000002ae8420+0x128]
v  ~StubRoutines::call_stub

---------------  P R O C E S S  ---------------

Java Threads: ( => current thread )
  0x000000001e2a4800 JavaThread "SERVER" [_thread_in_Java, id=464, stack(0x000000001f0a0000,0x000000001f1a0000)]
=>0x000000001e2a2000 JavaThread "CLIENT" [_thread_in_native, id=11560, stack(0x000000001efa0000,0x000000001f0a0000)]
  0x000000001e1a0000 JavaThread "Service Thread" daemon [_thread_blocked, id=1624, stack(0x000000001eda0000,0x000000001eea0000)]
  0x000000001e10a800 JavaThread "C1 CompilerThread3" daemon [_thread_blocked, id=15216, stack(0x000000001eca0000,0x000000001eda0000)]
  0x000000001e101800 JavaThread "C2 CompilerThread2" daemon [_thread_blocked, id=7836, stack(0x000000001eba0000,0x000000001eca0000)]
  0x000000001e101000 JavaThread "C2 CompilerThread1" daemon [_thread_blocked, id=8708, stack(0x000000001eaa0000,0x000000001eba0000)]
  0x000000001e106000 JavaThread "C2 CompilerThread0" daemon [_thread_blocked, id=10476, stack(0x000000001e9a0000,0x000000001eaa0000)]
  0x000000001e0e5000 JavaThread "JDWP Command Reader" daemon [_thread_in_native, id=13372, stack(0x000000001e8a0000,0x000000001e9a0000)]
  0x000000001e0e2000 JavaThread "JDWP Event Helper Thread" daemon [_thread_blocked, id=15176, stack(0x000000001e7a0000,0x000000001e8a0000)]
  0x000000001e0d1000 JavaThread "JDWP Transport Listener: dt_socket" daemon [_thread_blocked, id=8400, stack(0x000000001e6a0000,0x000000001e7a0000)]
  0x000000001e0c7000 JavaThread "Attach Listener" daemon [_thread_blocked, id=1896, stack(0x000000001e5a0000,0x000000001e6a0000)]
  0x000000001e0c6000 JavaThread "Signal Dispatcher" daemon [_thread_blocked, id=3032, stack(0x000000001e4a0000,0x000000001e5a0000)]
  0x000000000263a800 JavaThread "Finalizer" daemon [_thread_blocked, id=7108, stack(0x000000001dec0000,0x000000001dfc0000)]
  0x0000000002634000 JavaThread "Reference Handler" daemon [_thread_blocked, id=3744, stack(0x000000001ddc0000,0x000000001dec0000)]
  0x000000000226e000 JavaThread "main" [_thread_in_Java, id=8884, stack(0x0000000002440000,0x0000000002540000)]

Other Threads:
  0x000000001bfd9800 VMThread [stack: 0x000000001dcc0000,0x000000001ddc0000] [id=5772]
  0x000000001e1aa800 WatcherThread [stack: 0x000000001eea0000,0x000000001efa0000] [id=14876]

VM state:not at safepoint (normal execution)

VM Mutex/Monitor currently owned by a thread: None

Heap:
 PSYoungGen      total 51712K, used 38820K [0x000000076b800000, 0x00000007a8000000, 0x00000007c0000000)
  eden space 51200K, 75% used [0x000000076b800000,0x000000076dde1210,0x000000076ea00000)
  from space 512K, 6% used [0x00000007a7f00000,0x00000007a7f08000,0x00000007a7f80000)
  to   space 512K, 0% used [0x00000007a7f80000,0x00000007a7f80000,0x00000007a8000000)
 ParOldGen       total 173568K, used 24947K [0x00000006c2800000, 0x00000006cd180000, 0x000000076b800000)
  object space 173568K, 14% used [0x00000006c2800000,0x00000006c405cd70,0x00000006cd180000)
 Metaspace       used 8409K, capacity 8774K, committed 8960K, reserved 1056768K
  class space    used 663K, capacity 690K, committed 768K, reserved 1048576K

Card table byte_map: [0x0000000011a00000,0x00000000121f0000] byte_map_base: 0x000000000e3ec000

Marking Bits: (ParMarkBitMap*) 0x000000006cdda5b0
 Begin Bits: [0x0000000012f40000, 0x0000000016ea0000)
 End Bits:   [0x0000000016ea0000, 0x000000001ae00000)

Polling page: 0x0000000000a50000

CodeCache: size=245760Kb used=4778Kb max_used=4793Kb free=240981Kb
 bounds [0x0000000002640000, 0x0000000002b00000, 0x0000000011640000]
 total_blobs=1540 nmethods=882 adapters=579
 compilation: enabled

Compilation events (10 events):
Event: 44.104 Thread 0x000000001e106000  905       4       org.lwjgl.opengl.GLChecks::ensureBufferObject (73 bytes)
Event: 44.104 Thread 0x000000001e106000 nmethod 905 0x000000000278a8d0 code [0x000000000278aa00, 0x000000000278aa38]
Event: 44.220 Thread 0x000000001e101800  906       4       main.coreEngine.sceneGraph.components.ModelComponent::render (29 bytes)
Event: 44.220 Thread 0x000000001e101000  907       4       main.client.renderEngine.mesh.Mesh::draw (102 bytes)
Event: 44.221 Thread 0x000000001e101800 nmethod 906 0x0000000002792250 code [0x00000000027923a0, 0x00000000027925c8]
Event: 44.240 Thread 0x000000001e101000 nmethod 907 0x0000000002af4310 code [0x0000000002af4720, 0x0000000002af6d48]
Event: 44.920 Thread 0x000000001e106000  908       4       main.coreEngine.sceneGraph.Transformation::getMatrix (113 bytes)
Event: 44.923 Thread 0x000000001e106000 nmethod 908 0x0000000002773e10 code [0x0000000002774000, 0x0000000002774588]
Event: 44.937 Thread 0x000000001e101800  909       4       main.client.renderEngine.RenderEngine::send (24 bytes)
Event: 44.941 Thread 0x000000001e101800 nmethod 909 0x0000000002adb350 code [0x0000000002adb4c0, 0x0000000002adbad8]

GC Heap History (10 events):
Event: 71.062 GC heap before
{Heap before GC invocations=849 (full 0):
 PSYoungGen      total 45056K, used 44576K [0x000000076b800000, 0x00000007a8000000, 0x00000007c0000000)
  eden space 44544K, 100% used [0x000000076b800000,0x000000076e380000,0x000000076e380000)
  from space 512K, 6% used [0x00000007a7f80000,0x00000007a7f88000,0x00000007a8000000)
  to   space 512K, 0% used [0x00000007a7f00000,0x00000007a7f00000,0x00000007a7f80000)
 ParOldGen       total 173568K, used 24947K [0x00000006c2800000, 0x00000006cd180000, 0x000000076b800000)
  object space 173568K, 14% used [0x00000006c2800000,0x00000006c405cd70,0x00000006cd180000)
 Metaspace       used 8409K, capacity 8774K, committed 8960K, reserved 1056768K
  class space    used 663K, capacity 690K, committed 768K, reserved 1048576K
Event: 71.063 GC heap after
Heap after GC invocations=849 (full 0):
 PSYoungGen      total 44544K, used 64K [0x000000076b800000, 0x00000007a8000000, 0x00000007c0000000)
  eden space 44032K, 0% used [0x000000076b800000,0x000000076b800000,0x000000076e300000)
  from space 512K, 12% used [0x00000007a7f00000,0x00000007a7f10000,0x00000007a7f80000)
  to   space 512K, 0% used [0x00000007a7f80000,0x00000007a7f80000,0x00000007a8000000)
 ParOldGen       total 173568K, used 24947K [0x00000006c2800000, 0x00000006cd180000, 0x000000076b800000)
  object space 173568K, 14% used [0x00000006c2800000,0x00000006c405cd70,0x00000006cd180000)
 Metaspace       used 8409K, capacity 8774K, committed 8960K, reserved 1056768K
  class space    used 663K, capacity 690K, committed 768K, reserved 1048576K
}
Event: 71.111 GC heap before
{Heap before GC invocations=850 (full 0):
 PSYoungGen      total 44544K, used 44096K [0x000000076b800000, 0x00000007a8000000, 0x00000007c0000000)
  eden space 44032K, 100% used [0x000000076b800000,0x000000076e300000,0x000000076e300000)
  from space 512K, 12% used [0x00000007a7f00000,0x00000007a7f10000,0x00000007a7f80000)
  to   space 512K, 0% used [0x00000007a7f80000,0x00000007a7f80000,0x00000007a8000000)
 ParOldGen       total 173568K, used 24947K [0x00000006c2800000, 0x00000006cd180000, 0x000000076b800000)
  object space 173568K, 14% used [0x00000006c2800000,0x00000006c405cd70,0x00000006cd180000)
 Metaspace       used 8409K, capacity 8774K, committed 8960K, reserved 1056768K
  class space    used 663K, capacity 690K, committed 768K, reserved 1048576K
Event: 71.111 GC heap after
Heap after GC invocations=850 (full 0):
 PSYoungGen      total 44032K, used 32K [0x000000076b800000, 0x00000007a8000000, 0x00000007c0000000)
  eden space 43520K, 0% used [0x000000076b800000,0x000000076b800000,0x000000076e280000)
  from space 512K, 6% used [0x00000007a7f80000,0x00000007a7f88000,0x00000007a8000000)
  to   space 512K, 0% used [0x00000007a7f00000,0x00000007a7f00000,0x00000007a7f80000)
 ParOldGen       total 173568K, used 24947K [0x00000006c2800000, 0x00000006cd180000, 0x000000076b800000)
  object space 173568K, 14% used [0x00000006c2800000,0x00000006c405cd70,0x00000006cd180000)
 Metaspace       used 8409K, capacity 8774K, committed 8960K, reserved 1056768K
  class space    used 663K, capacity 690K, committed 768K, reserved 1048576K
}
Event: 71.162 GC heap before
{Heap before GC invocations=851 (full 0):
 PSYoungGen      total 44032K, used 43552K [0x000000076b800000, 0x00000007a8000000, 0x00000007c0000000)
  eden space 43520K, 100% used [0x000000076b800000,0x000000076e280000,0x000000076e280000)
  from space 512K, 6% used [0x00000007a7f80000,0x00000007a7f88000,0x00000007a8000000)
  to   space 512K, 0% used [0x00000007a7f00000,0x00000007a7f00000,0x00000007a7f80000)
 ParOldGen       total 173568K, used 24947K [0x00000006c2800000, 0x00000006cd180000, 0x000000076b800000)
  object space 173568K, 14% used [0x00000006c2800000,0x00000006c405cd70,0x00000006cd180000)
 Metaspace       used 8409K, capacity 8774K, committed 8960K, reserved 1056768K
  class space    used 663K, capacity 690K, committed 768K, reserved 1048576K
Event: 71.163 GC heap after
Heap after GC invocations=851 (full 0):
 PSYoungGen      total 43520K, used 32K [0x000000076b800000, 0x00000007a8000000, 0x00000007c0000000)
  eden space 43008K, 0% used [0x000000076b800000,0x000000076b800000,0x000000076e200000)
  from space 512K, 6% used [0x00000007a7f00000,0x00000007a7f08000,0x00000007a7f80000)
  to   space 512K, 0% used [0x00000007a7f80000,0x00000007a7f80000,0x00000007a8000000)
 ParOldGen       total 173568K, used 24947K [0x00000006c2800000, 0x00000006cd180000, 0x000000076b800000)
  object space 173568K, 14% used [0x00000006c2800000,0x00000006c405cd70,0x00000006cd180000)
 Metaspace       used 8409K, capacity 8774K, committed 8960K, reserved 1056768K
  class space    used 663K, capacity 690K, committed 768K, reserved 1048576K
}
Event: 71.216 GC heap before
{Heap before GC invocations=852 (full 0):
 PSYoungGen      total 43520K, used 43040K [0x000000076b800000, 0x00000007a8000000, 0x00000007c0000000)
  eden space 43008K, 100% used [0x000000076b800000,0x000000076e200000,0x000000076e200000)
  from space 512K, 6% used [0x00000007a7f00000,0x00000007a7f08000,0x00000007a7f80000)
  to   space 512K, 0% used [0x00000007a7f80000,0x00000007a7f80000,0x00000007a8000000)
 ParOldGen       total 173568K, used 24947K [0x00000006c2800000, 0x00000006cd180000, 0x000000076b800000)
  object space 173568K, 14% used [0x00000006c2800000,0x00000006c405cd70,0x00000006cd180000)
 Metaspace       used 8409K, capacity 8774K, committed 8960K, reserved 1056768K
  class space    used 663K, capacity 690K, committed 768K, reserved 1048576K
Event: 71.216 GC heap after
Heap after GC invocations=852 (full 0):
 PSYoungGen      total 43008K, used 64K [0x000000076b800000, 0x00000007a8000000, 0x00000007c0000000)
  eden space 42496K, 0% used [0x000000076b800000,0x000000076b800000,0x000000076e180000)
  from space 512K, 12% used [0x00000007a7f80000,0x00000007a7f90000,0x00000007a8000000)
  to   space 512K, 0% used [0x00000007a7f00000,0x00000007a7f00000,0x00000007a7f80000)
 ParOldGen       total 173568K, used 24947K [0x00000006c2800000, 0x00000006cd180000, 0x000000076b800000)
  object space 173568K, 14% used [0x00000006c2800000,0x00000006c405cd70,0x00000006cd180000)
 Metaspace       used 8409K, capacity 8774K, committed 8960K, reserved 1056768K
  class space    used 663K, capacity 690K, committed 768K, reserved 1048576K
}
Event: 71.264 GC heap before
{Heap before GC invocations=853 (full 0):
 PSYoungGen      total 43008K, used 42560K [0x000000076b800000, 0x00000007a8000000, 0x00000007c0000000)
  eden space 42496K, 100% used [0x000000076b800000,0x000000076e180000,0x000000076e180000)
  from space 512K, 12% used [0x00000007a7f80000,0x00000007a7f90000,0x00000007a8000000)
  to   space 512K, 0% used [0x00000007a7f00000,0x00000007a7f00000,0x00000007a7f80000)
 ParOldGen       total 173568K, used 24947K [0x00000006c2800000, 0x00000006cd180000, 0x000000076b800000)
  object space 173568K, 14% used [0x00000006c2800000,0x00000006c405cd70,0x00000006cd180000)
 Metaspace       used 8409K, capacity 8774K, committed 8960K, reserved 1056768K
  class space    used 663K, capacity 690K, committed 768K, reserved 1048576K
Event: 71.265 GC heap after
Heap after GC invocations=853 (full 0):
 PSYoungGen      total 51712K, used 32K [0x000000076b800000, 0x00000007a8000000, 0x00000007c0000000)
  eden space 51200K, 0% used [0x000000076b800000,0x000000076b800000,0x000000076ea00000)
  from space 512K, 6% used [0x00000007a7f00000,0x00000007a7f08000,0x00000007a7f80000)
  to   space 512K, 0% used [0x00000007a7f80000,0x00000007a7f80000,0x00000007a8000000)
 ParOldGen       total 173568K, used 24947K [0x00000006c2800000, 0x00000006cd180000, 0x000000076b800000)
  object space 173568K, 14% used [0x00000006c2800000,0x00000006c405cd70,0x00000006cd180000)
 Metaspace       used 8409K, capacity 8774K, committed 8960K, reserved 1056768K
  class space    used 663K, capacity 690K, committed 768K, reserved 1048576K
}

Deoptimization events (10 events):
Event: 1.969 Thread 0x000000001e2a2000 Uncommon trap: reason=unstable_if action=reinterpret pc=0x00000000029c18d8 method=main.client.renderEngine.mesh.Mesh.compile(Ljava/util/List;)Lmain/client/renderEngine/mesh/Mesh; @ 52
Event: 2.001 Thread 0x000000001e2a2000 Uncommon trap: reason=unstable_if action=reinterpret pc=0x00000000029c8b90 method=main.client.renderEngine.mesh.Mesh.compile(Ljava/util/List;)Lmain/client/renderEngine/mesh/Mesh; @ 202
Event: 2.048 Thread 0x000000001e2a2000 Uncommon trap: reason=unstable_if action=reinterpret pc=0x0000000002a08a88 method=main.client.renderEngine.mesh.Mesh.compile(Ljava/util/List;)Lmain/client/renderEngine/mesh/Mesh; @ 536
Event: 2.061 Thread 0x000000001e2a2000 Uncommon trap: reason=unstable_if action=reinterpret pc=0x0000000002958e20 method=sun.misc.FloatingDecimal.readJavaFormatString(Ljava/lang/String;)Lsun/misc/FloatingDecimal$ASCIIToBinaryConverter; @ 235
Event: 2.062 Thread 0x000000001e2a2000 Uncommon trap: reason=unstable_if action=reinterpret pc=0x000000000297c60c method=main.client.renderEngine.mesh.MeshBuilder.processFace(Ljava/lang/String;Lmain/client/renderEngine/mesh/MeshBuilder;)Z @ 114
Event: 2.064 Thread 0x000000001e2a2000 Uncommon trap: reason=bimorphic action=maybe_recompile pc=0x0000000002794c80 method=java.util.HashMap.getNode(ILjava/lang/Object;)Ljava/util/HashMap$Node; @ 126
Event: 2.127 Thread 0x000000001e2a2000 Uncommon trap: reason=unstable_if action=reinterpret pc=0x0000000002916bac method=main.coreEngine.TickableThread.run()V @ 461
Event: 2.135 Thread 0x000000001e2a2000 Uncommon trap: reason=unstable_if action=reinterpret pc=0x000000000295c670 method=java.lang.Integer.valueOf(I)Ljava/lang/Integer; @ 10
Event: 2.135 Thread 0x000000001e2a4800 Uncommon trap: reason=unstable_if action=reinterpret pc=0x0000000002916bac method=main.coreEngine.TickableThread.run()V @ 461
Event: 2.143 Thread 0x000000000226e000 Uncommon trap: reason=unstable_if action=reinterpret pc=0x0000000002a30e94 method=main.coreEngine.Engine.start()V @ 163

Internal exceptions (9 events):
Event: 0.024 Thread 0x000000000226e000 Exception <a 'java/lang/NoSuchMethodError': Method sun.misc.Unsafe.defineClass(Ljava/lang/String;[BII)Ljava/lang/Class; name or signature does not match> (0x000000076b80da30) thrown at [C:\workspace\8-2-build-windows-amd64-cygwin\jdk8u65\4987\hotspot\src\sc{:”¶â˜?
Event: 0.024 Thread 0x000000000226e000 Exception <a 'java/lang/NoSuchMethodError': Method sun.misc.Unsafe.prefetchRead(Ljava/lang/Object;J)V name or signature does not match> (0x000000076b80dd18) thrown at [C:\workspace\8-2-build-windows-amd64-cygwin\jdk8u65\4987\hotspot\src\share\vm\prims\jni.q˜/†ñ?
Event: 1.095 Thread 0x000000001e2a2000 Implicit null exception at 0x00000000027982cf to 0x0000000002798635
Event: 1.096 Thread 0x000000001e2a2000 Exception <a 'java/security/PrivilegedActionException'> (0x000000076b95b2b8) thrown at [C:\workspace\8-2-build-windows-amd64-cygwin\jdk8u65\4987\hotspot\src\share\vm\prims\jvm.cpp, line 1386]
Event: 1.096 Thread 0x000000001e2a2000 Exception <a 'java/security/PrivilegedActionException'> (0x000000076b95b6b0) thrown at [C:\workspace\8-2-build-windows-amd64-cygwin\jdk8u65\4987\hotspot\src\share\vm\prims\jvm.cpp, line 1386]
Event: 1.096 Thread 0x000000001e2a2000 Exception <a 'java/security/PrivilegedActionException'> (0x000000076b95f8c8) thrown at [C:\workspace\8-2-build-windows-amd64-cygwin\jdk8u65\4987\hotspot\src\share\vm\prims\jvm.cpp, line 1386]
Event: 1.096 Thread 0x000000001e2a2000 Exception <a 'java/security/PrivilegedActionException'> (0x000000076b95fcc0) thrown at [C:\workspace\8-2-build-windows-amd64-cygwin\jdk8u65\4987\hotspot\src\share\vm\prims\jvm.cpp, line 1386]
Event: 1.101 Thread 0x000000001e2a2000 Implicit null exception at 0x000000000279a1b9 to 0x000000000279a579
Event: 1.537 Thread 0x000000000226e000 Implicit null exception at 0x00000000027a7dbc to 0x00000000027a8359

Events (10 events):
Event: 71.062 Executing VM operation: ParallelGCFailedAllocation
Event: 71.063 Executing VM operation: ParallelGCFailedAllocation done
Event: 71.111 Executing VM operation: ParallelGCFailedAllocation
Event: 71.111 Executing VM operation: ParallelGCFailedAllocation done
Event: 71.162 Executing VM operation: ParallelGCFailedAllocation
Event: 71.163 Executing VM operation: ParallelGCFailedAllocation done
Event: 71.216 Executing VM operation: ParallelGCFailedAllocation
Event: 71.216 Executing VM operation: ParallelGCFailedAllocation done
Event: 71.262 Executing VM operation: ParallelGCFailedAllocation
Event: 71.265 Executing VM operation: ParallelGCFailedAllocation done


Dynamic libraries:
0x00007ff7076a0000 - 0x00007ff7076d7000 	C:\Program Files\Java\jdk1.8.0_65\bin\java.exe
0x00007ffb48720000 - 0x00007ffb488e1000 	C:\WINDOWS\SYSTEM32\ntdll.dll
0x00007ffb48170000 - 0x00007ffb4821d000 	C:\WINDOWS\system32\KERNEL32.DLL
0x00007ffb45560000 - 0x00007ffb45748000 	C:\WINDOWS\system32\KERNELBASE.dll
0x00007ffb47a50000 - 0x00007ffb47af7000 	C:\WINDOWS\system32\ADVAPI32.dll
0x00007ffb480d0000 - 0x00007ffb4816d000 	C:\WINDOWS\system32\msvcrt.dll
0x00007ffb47b00000 - 0x00007ffb47b5b000 	C:\WINDOWS\system32\sechost.dll
0x00007ffb47700000 - 0x00007ffb4781c000 	C:\WINDOWS\system32\RPCRT4.dll
0x00007ffb485c0000 - 0x00007ffb48716000 	C:\WINDOWS\system32\USER32.dll
0x00007ffb48220000 - 0x00007ffb483a6000 	C:\WINDOWS\system32\GDI32.dll
0x00007ffb41530000 - 0x00007ffb417a4000 	C:\WINDOWS\WinSxS\amd64_microsoft.windows.common-controls_6595b64144ccf1df_6.0.10586.0_none_8c15ae12515e1c22\COMCTL32.dll
0x00007ffb45b00000 - 0x00007ffb45d7d000 	C:\WINDOWS\system32\combase.dll
0x00007ffb45920000 - 0x00007ffb4598a000 	C:\WINDOWS\system32\bcryptPrimitives.dll
0x00007ffb45f90000 - 0x00007ffb45fcb000 	C:\WINDOWS\system32\IMM32.DLL
0x000000006ce60000 - 0x000000006cf32000 	C:\Program Files\Java\jdk1.8.0_65\jre\bin\msvcr100.dll
0x000000006c5d0000 - 0x000000006ce59000 	C:\Program Files\Java\jdk1.8.0_65\jre\bin\server\jvm.dll
0x00007ffb475a0000 - 0x00007ffb475a8000 	C:\WINDOWS\system32\PSAPI.DLL
0x00007ffb3c060000 - 0x00007ffb3c069000 	C:\WINDOWS\SYSTEM32\WSOCK32.dll
0x00007ffb418d0000 - 0x00007ffb418da000 	C:\WINDOWS\SYSTEM32\VERSION.dll
0x00007ffb42fa0000 - 0x00007ffb42fc3000 	C:\WINDOWS\SYSTEM32\WINMM.dll
0x00007ffb48420000 - 0x00007ffb4848b000 	C:\WINDOWS\system32\WS2_32.dll
0x00007ffb42f40000 - 0x00007ffb42f6c000 	C:\WINDOWS\SYSTEM32\WINMMBASE.dll
0x00007ffb45ab0000 - 0x00007ffb45af3000 	C:\WINDOWS\system32\cfgmgr32.dll
0x000000006c5c0000 - 0x000000006c5cf000 	C:\Program Files\Java\jdk1.8.0_65\jre\bin\verify.dll
0x000000006c590000 - 0x000000006c5b9000 	C:\Program Files\Java\jdk1.8.0_65\jre\bin\java.dll
0x000000006c2c0000 - 0x000000006c2f5000 	C:\Program Files\Java\jdk1.8.0_65\jre\bin\jdwp.dll
0x000000006c520000 - 0x000000006c528000 	C:\Program Files\Java\jdk1.8.0_65\jre\bin\npt.dll
0x000000006c570000 - 0x000000006c586000 	C:\Program Files\Java\jdk1.8.0_65\jre\bin\zip.dll
0x00007ffb45fd0000 - 0x00007ffb4752c000 	C:\WINDOWS\system32\SHELL32.dll
0x00007ffb44ef0000 - 0x00007ffb45535000 	C:\WINDOWS\system32\windows.storage.dll
0x00007ffb483c0000 - 0x00007ffb48412000 	C:\WINDOWS\system32\shlwapi.dll
0x00007ffb44da0000 - 0x00007ffb44daf000 	C:\WINDOWS\system32\kernel.appcore.dll
0x00007ffb459f0000 - 0x00007ffb45aa5000 	C:\WINDOWS\system32\shcore.dll
0x00007ffb44d50000 - 0x00007ffb44d9b000 	C:\WINDOWS\system32\powrprof.dll
0x00007ffb44d20000 - 0x00007ffb44d34000 	C:\WINDOWS\system32\profapi.dll
0x000000006c2b0000 - 0x000000006c2b9000 	C:\Program Files\Java\jdk1.8.0_65\jre\bin\dt_socket.dll
0x00007ffb44650000 - 0x00007ffb446ac000 	C:\WINDOWS\system32\mswsock.dll
0x00007ffb241b0000 - 0x00007ffb24238000 	D:\Code\Java\Projects\WireEngine20\lib\native\lwjgl.dll
0x00007ffb44820000 - 0x00007ffb4482b000 	C:\WINDOWS\SYSTEM32\CRYPTBASE.DLL
0x00007ffb32590000 - 0x00007ffb325d2000 	D:\Code\Java\Projects\WireEngine20\lib\native\jemalloc.dll
0x00007ffb22180000 - 0x00007ffb221b8000 	D:\Code\Java\Projects\WireEngine20\lib\native\glfw.dll
0x00007ffb436a0000 - 0x00007ffb43736000 	C:\WINDOWS\system32\uxtheme.dll
0x00007ffb42950000 - 0x00007ffb42972000 	C:\WINDOWS\SYSTEM32\dwmapi.dll
0x00007ffb2afe0000 - 0x00007ffb2b109000 	C:\WINDOWS\SYSTEM32\opengl32.dll
0x00007ffb27ab0000 - 0x00007ffb27baa000 	C:\WINDOWS\SYSTEM32\DDRAW.dll
0x00007ffb3a760000 - 0x00007ffb3a78e000 	C:\WINDOWS\SYSTEM32\GLU32.dll
0x00007ffb3fdb0000 - 0x00007ffb3fdb8000 	C:\WINDOWS\SYSTEM32\DCIMAN32.dll
0x00007ffb478f0000 - 0x00007ffb47a4a000 	C:\WINDOWS\system32\MSCTF.dll
0x00007ffb25520000 - 0x00007ffb25569000 	C:\Program Files (x86)\TeamViewer\tv_x64.dll
0x00007ffb475b0000 - 0x00007ffb476f3000 	C:\WINDOWS\system32\ole32.dll
0x000000006a550000 - 0x000000006c299000 	C:\WINDOWS\SYSTEM32\nvoglv64.DLL
0x00007ffb47c20000 - 0x00007ffb48049000 	C:\WINDOWS\system32\SETUPAPI.dll
0x00007ffb42d00000 - 0x00007ffb42d13000 	C:\WINDOWS\SYSTEM32\WTSAPI32.dll
0x00007ffb437f0000 - 0x00007ffb43817000 	C:\WINDOWS\SYSTEM32\DEVOBJ.dll
0x00007ffb45990000 - 0x00007ffb459e5000 	C:\WINDOWS\system32\WINTRUST.dll
0x00007ffb44d40000 - 0x00007ffb44d50000 	C:\WINDOWS\system32\MSASN1.dll
0x00007ffb45750000 - 0x00007ffb45917000 	C:\WINDOWS\system32\CRYPT32.dll
0x00007ffb44270000 - 0x00007ffb442a1000 	C:\WINDOWS\SYSTEM32\ntmarta.dll
0x00007ffb43fc0000 - 0x00007ffb44016000 	C:\WINDOWS\SYSTEM32\WINSTA.dll
0x00007ffb47b70000 - 0x00007ffb47c17000 	C:\WINDOWS\system32\clbcatq.dll
0x00007ffb3f6b0000 - 0x00007ffb3f6d5000 	C:\Program Files (x86)\Samsung\Easy Printer Manager\SmartScreenPrint\CDAKEYMonitor64.dll
0x00007ffb47820000 - 0x00007ffb478e1000 	C:\WINDOWS\system32\OLEAUT32.dll
0x00007ffb2ca20000 - 0x00007ffb2cbac000 	C:\WINDOWS\SYSTEM32\dbghelp.dll

VM Arguments:
jvm_args: -agentlib:jdwp=transport=dt_socket,address=127.0.0.1:57282,suspend=y,server=n -Djava.library.path=lib/native/ -Dfile.encoding=UTF-8 
java_command: main.Main
java_class_path (initial): C:\Program Files\Java\jdk1.8.0_65\jre\lib\charsets.jar;C:\Program Files\Java\jdk1.8.0_65\jre\lib\deploy.jar;C:\Program Files\Java\jdk1.8.0_65\jre\lib\ext\access-bridge-64.jar;C:\Program Files\Java\jdk1.8.0_65\jre\lib\ext\cldrdata.jar;C:\Program Files\Java\jdk1.8.0_65\jre\lib\ext\dnsns.jar;C:\Program Files\Java\jdk1.8.0_65\jre\lib\ext\jaccess.jar;C:\Program Files\Java\jdk1.8.0_65\jre\lib\ext\jfxrt.jar;C:\Program Files\Java\jdk1.8.0_65\jre\lib\ext\localedata.jar;C:\Program Files\Java\jdk1.8.0_65\jre\lib\ext\nashorn.jar;C:\Program Files\Java\jdk1.8.0_65\jre\lib\ext\sunec.jar;C:\Program Files\Java\jdk1.8.0_65\jre\lib\ext\sunjce_provider.jar;C:\Program Files\Java\jdk1.8.0_65\jre\lib\ext\sunmscapi.jar;C:\Program Files\Java\jdk1.8.0_65\jre\lib\ext\sunpkcs11.jar;C:\Program Files\Java\jdk1.8.0_65\jre\lib\ext\zipfs.jar;C:\Program Files\Java\jdk1.8.0_65\jre\lib\javaws.jar;C:\Program Files\Java\jdk1.8.0_65\jre\lib\jce.jar;C:\Program Files\Java\jdk1.8.0_65\jre\lib\jfr.jar;C:\Program Files\Java\jdk1.8.0_65\jre\lib\jfxswt.jar;C:\Program Files\Java\jdk1.8.0_65\jre\lib\jsse.jar;C:\Program Files\Java\jdk1.8.0_65\jre\lib\management-agent.jar;C:\Program Files\Java\jdk1.8.0_65\jre\lib\plugin.jar;C:\Program Files\Java\jdk1.8.0_65\jre\lib\resources.jar;C:\Program Files\Java\jdk1.8.0_65\jre\lib\rt.jar;D:\Code\Java\Projects\WireEngine20\out\production\WireEngine20;D:\Code\Java\Projects\WireEngine20\lib\jar\lwjgl.jar;D:\Code\Java\Projects\WireEngine20\lib\jar\slick-util.jar;D:\Program Files (x86)\JetBrains\IntelliJ IDEA 2016.1\lib\idea_rt.jar
Launcher Type: SUN_STANDARD

Environment Variables:
JAVA_HOME=C:\Program Files\Java\jdk1.8.0_65
PATH=C:\ProgramData\Oracle\Java\javapath;C:\Program Files (x86)\Razer Chroma SDK\bin;C:\Program Files\Razer Chroma SDK\bin;C:\Program Files (x86)\NVIDIA Corporation\PhysX\Common;C:\Program Files (x86)\Intel\iCLS Client\;C:\Program Files\Intel\iCLS Client\;C:\Windows\system32;C:\Windows;C:\Windows\System32\Wbem;C:\Windows\System32\WindowsPowerShell\v1.0\;C:\Program Files\Intel\Intel(R) Management Engine Components\DAL;C:\Program Files (x86)\Intel\Intel(R) Management Engine Components\DAL;C:\Program Files\Intel\Intel(R) Management Engine Components\IPT;C:\Program Files (x86)\Intel\Intel(R) Management Engine Components\IPT;C:\Program Files\Java\jre1.8.0_65\bin;C:\MinGW\bin;C:\WINDOWS\system32;C:\WINDOWS;C:\WINDOWS\System32\Wbem;C:\WINDOWS\System32\WindowsPowerShell\v1.0\;D:\Program Files (x86)\CMake\bin;D:\Program Files\Programs\Python\Python35-32;D:\Program Files\Programs\Python\Python35-32\Scripts;C:\Program Files (x86)\Skype\Phone\;D:\Program Files\Programs\Python\Python35-32\Scripts\;D:\Program Files\Programs\Python\Python35-32\
USERNAME=Kelan
OS=Windows_NT
PROCESSOR_IDENTIFIER=Intel64 Family 6 Model 60 Stepping 3, GenuineIntel



---------------  S Y S T E M  ---------------

OS: Windows 10.0 , 64 bit Build 10586 (10.0.10586.0)

CPU:total 8 (4 cores per cpu, 2 threads per core) family 6 model 60 stepping 3, cmov, cx8, fxsr, mmx, sse, sse2, sse3, ssse3, sse4.1, sse4.2, popcnt, avx, avx2, aes, clmul, erms, lzcnt, ht, tsc, tscinvbit, bmi1, bmi2

Memory: 4k page, physical 16609500k(5106540k free), swap 33386716k(19605052k free)

vm_info: Java HotSpot(TM) 64-Bit Server VM (25.65-b01) for windows-amd64 JRE (1.8.0_65-b17), built on Oct  6 2015 16:39:20 by "java_re" with MS VC++ 10.0 (VS2010)

time: Thu Apr 21 17:52:20 2016
elapsed time: 71 seconds (0d 0h 1m 11s)

