#
# A fatal error has been detected by the Java Runtime Environment:
#
#  EXCEPTION_ACCESS_VIOLATION (0xc0000005) at pc=0x00007ffd1fcb24b9, pid=10996, tid=4856
#
# JRE version: Java(TM) SE Runtime Environment (8.0_65-b17) (build 1.8.0_65-b17)
# Java VM: Java HotSpot(TM) 64-Bit Server VM (25.65-b01 mixed mode windows-amd64 compressed oops)
# Problematic frame:
# C  [glfw.dll+0x24b9]
#
# Failed to write core dump. Minidumps are not enabled by default on client versions of Windows
#
# If you would like to submit a bug report, please visit:
#   http://bugreport.java.com/bugreport/crash.jsp
# The crash happened outside the Java Virtual Machine in native code.
# See problematic frame for where to report the bug.
#

---------------  T H R E A D  ---------------

Current thread (0x000000001e21e800):  JavaThread "CLIENT" [_thread_in_native, id=4856, stack(0x000000001ef40000,0x000000001f040000)]

siginfo: ExceptionCode=0xc0000005, reading address 0x0000000000000000

Registers:
RAX=0x0000000000000000, RBX=0x000000001ba0f240, RCX=0x0000000000000000, RDX=0x0000000000000000
RSP=0x000000001f03ef00, RBP=0x000000001f03efb8, RSI=0x0000000000000108, RDI=0x00000000005d9480
R8 =0x000000001f03eef8, R9 =0x000000001f03efb8, R10=0x0000000000000000, R11=0x0000000000000246
R12=0x0000000000000000, R13=0x000000001ba0f240, R14=0x000000001f03eff0, R15=0x000000001e21e800
RIP=0x00007ffd1fcb24b9, EFLAGS=0x0000000000010283

Top of Stack: (sp=0x000000001f03ef00)
0x000000001f03ef00:   000000001e21e800 000000001e21e800
0x000000001f03ef10:   000000001e21e800 000000001e21e800
0x000000001f03ef20:   00000000000004d7 000000000260dfcc
0x000000001f03ef30:   000000001ba0f240 000000005a975005
0x000000001f03ef40:   000000001b9b50c8 000000001bf91780
0x000000001f03ef50:   000000000000000e 000000001e21e800
0x000000001f03ef60:   000000001ba2b9c8 000000005a88aea4
0x000000001f03ef70:   000000001e21e800 000000001f03ef78
0x000000001f03ef80:   0000000000000000 000000001f03eff0
0x000000001f03ef90:   000000001ba0f9e0 0000000000000000
0x000000001f03efa0:   000000001ba0f240 0000000000000000
0x000000001f03efb0:   000000001f03efd8 000000001f03f038
0x000000001f03efc0:   00000000025f7d8d 00000006c280a738
0x000000001f03efd0:   00000000026042f8 00000000005d9480
0x000000001f03efe0:   00000000025f78a0 00007ffd1fcb2420
0x000000001f03eff0:   0000000000000001 000000001f03eff8 

Instructions: (pc=0x00007ffd1fcb24b9)
0x00007ffd1fcb2499:   48 8b cf e8 1f 3a 00 00 48 39 3d f0 d5 02 00 48
0x00007ffd1fcb24a9:   8d 0d e9 d5 02 00 48 8b 5c 24 30 74 08 48 8b 09
0x00007ffd1fcb24b9:   48 39 39 75 f8 48 8b 07 48 89 01 48 8b cf 48 83
0x00007ffd1fcb24c9:   c4 20 5f e9 5b fe 00 00 48 83 c4 20 5f c3 cc cc 


Register to memory mapping:

RAX=0x0000000000000000 is an unknown value
RBX={method} {0x000000001ba0f248} 'invokePV' '(JJ)V' in 'org/lwjgl/system/JNI'
RCX=0x0000000000000000 is an unknown value
RDX=0x0000000000000000 is an unknown value
RSP=0x000000001f03ef00 is pointing into the stack for thread: 0x000000001e21e800
RBP=0x000000001f03efb8 is pointing into the stack for thread: 0x000000001e21e800
RSI=0x0000000000000108 is an unknown value
RDI=0x00000000005d9480 is an unknown value
R8 =0x000000001f03eef8 is pointing into the stack for thread: 0x000000001e21e800
R9 =0x000000001f03efb8 is pointing into the stack for thread: 0x000000001e21e800
R10=0x0000000000000000 is an unknown value
R11=0x0000000000000246 is an unknown value
R12=0x0000000000000000 is an unknown value
R13={method} {0x000000001ba0f248} 'invokePV' '(JJ)V' in 'org/lwjgl/system/JNI'
R14=0x000000001f03eff0 is pointing into the stack for thread: 0x000000001e21e800
R15=0x000000001e21e800 is a thread


Stack: [0x000000001ef40000,0x000000001f040000],  sp=0x000000001f03ef00,  free space=1019k
Native frames: (J=compiled Java code, j=interpreted, Vv=VM code, C=native code)
C  [glfw.dll+0x24b9]
C  0x000000000260dfcc

Java frames: (J=compiled Java code, j=interpreted, Vv=VM code)
j  org.lwjgl.system.JNI.invokePV(JJ)V+0
j  org.lwjgl.glfw.GLFW.glfwDestroyCursor(J)V+20
j  main.client.Window.destroyWindow()V+9
j  main.coreEngine.Engine.stop()V+70
j  main.client.Window.update()V+33
j  main.client.renderEngine.RenderEngine.render()V+38
j  main.client.ClientThread.tick()V+12
j  main.coreEngine.TickableThread.run()V+469
v  ~StubRoutines::call_stub

---------------  P R O C E S S  ---------------

Java Threads: ( => current thread )
  0x000000001e227800 JavaThread "SERVER" [_thread_in_Java, id=8188, stack(0x000000001f040000,0x000000001f140000)]
=>0x000000001e21e800 JavaThread "CLIENT" [_thread_in_native, id=4856, stack(0x000000001ef40000,0x000000001f040000)]
  0x000000001e094000 JavaThread "Service Thread" daemon [_thread_blocked, id=2188, stack(0x000000001ed40000,0x000000001ee40000)]
  0x000000001e093800 JavaThread "C1 CompilerThread3" daemon [_thread_blocked, id=7244, stack(0x000000001ec40000,0x000000001ed40000)]
  0x000000001e09a000 JavaThread "C2 CompilerThread2" daemon [_thread_blocked, id=4164, stack(0x000000001eb40000,0x000000001ec40000)]
  0x000000001e099000 JavaThread "C2 CompilerThread1" daemon [_thread_blocked, id=9472, stack(0x000000001ea40000,0x000000001eb40000)]
  0x000000001e09d800 JavaThread "C2 CompilerThread0" daemon [_thread_blocked, id=988, stack(0x000000001e940000,0x000000001ea40000)]
  0x000000001e082000 JavaThread "JDWP Command Reader" daemon [_thread_in_native, id=5160, stack(0x000000001e840000,0x000000001e940000)]
  0x000000001e07f800 JavaThread "JDWP Event Helper Thread" daemon [_thread_blocked, id=1976, stack(0x000000001e740000,0x000000001e840000)]
  0x000000001e071800 JavaThread "JDWP Transport Listener: dt_socket" daemon [_thread_blocked, id=9736, stack(0x000000001e640000,0x000000001e740000)]
  0x000000001e067800 JavaThread "Attach Listener" daemon [_thread_blocked, id=11948, stack(0x000000001e540000,0x000000001e640000)]
  0x000000001e066000 JavaThread "Signal Dispatcher" daemon [_thread_blocked, id=11380, stack(0x000000001e440000,0x000000001e540000)]
  0x000000000255a000 JavaThread "Finalizer" daemon [_thread_blocked, id=10216, stack(0x000000001de60000,0x000000001df60000)]
  0x0000000002553000 JavaThread "Reference Handler" daemon [_thread_blocked, id=12676, stack(0x000000001dd60000,0x000000001de60000)]
  0x00000000025ee000 JavaThread "main" [_thread_in_Java, id=912, stack(0x0000000002320000,0x0000000002420000)]

Other Threads:
  0x000000001bf89800 VMThread [stack: 0x000000001dc60000,0x000000001dd60000] [id=13056]
  0x000000001e14a800 WatcherThread [stack: 0x000000001ee40000,0x000000001ef40000] [id=11512]

VM state:not at safepoint (normal execution)

VM Mutex/Monitor currently owned by a thread: None

Heap:
 PSYoungGen      total 208384K, used 46021K [0x000000076b800000, 0x000000078b300000, 0x00000007c0000000)
  eden space 205824K, 22% used [0x000000076b800000,0x000000076e4b97f0,0x0000000778100000)
  from space 2560K, 8% used [0x000000078ae00000,0x000000078ae38000,0x000000078b080000)
  to   space 2560K, 0% used [0x000000078b080000,0x000000078b080000,0x000000078b300000)
 ParOldGen       total 173568K, used 1268K [0x00000006c2800000, 0x00000006cd180000, 0x000000076b800000)
  object space 173568K, 0% used [0x00000006c2800000,0x00000006c293d060,0x00000006cd180000)
 Metaspace       used 8108K, capacity 8646K, committed 8960K, reserved 1056768K
  class space    used 649K, capacity 690K, committed 768K, reserved 1048576K

Card table byte_map: [0x00000000119b0000,0x00000000121a0000] byte_map_base: 0x000000000e39c000

Marking Bits: (ParMarkBitMap*) 0x000000005af6a5b0
 Begin Bits: [0x0000000012ef0000, 0x0000000016e50000)
 End Bits:   [0x0000000016e50000, 0x000000001adb0000)

Polling page: 0x0000000000570000

CodeCache: size=245760Kb used=2641Kb max_used=2641Kb free=243118Kb
 bounds [0x00000000025f0000, 0x0000000002890000, 0x00000000115f0000]
 total_blobs=1174 nmethods=525 adapters=570
 compilation: enabled

Compilation events (10 events):
Event: 2.089 Thread 0x000000001e093800  521   !   3       main.coreEngine.TickableThread::scheduleTick (25 bytes)
Event: 2.090 Thread 0x000000001e093800 nmethod 521 0x0000000002881a50 code [0x0000000002881bc0, 0x0000000002881ed0]
Event: 2.103 Thread 0x000000001e093800  523       3       main.coreEngine.sceneGraph.Node::render (75 bytes)
Event: 2.103 Thread 0x000000001e093800 nmethod 523 0x0000000002881f90 code [0x00000000028821a0, 0x0000000002882c38]
Event: 2.103 Thread 0x000000001e093800  524       3       main.coreEngine.util.maths.Matrix4f::rotate (563 bytes)
Event: 2.104 Thread 0x000000001e093800 nmethod 524 0x0000000002882f90 code [0x0000000002883160, 0x0000000002884048]
Event: 2.104 Thread 0x000000001e093800  525       3       main.client.renderEngine.shader.AbstractShaderProgram::useProgram (16 bytes)
Event: 2.104 Thread 0x000000001e093800 nmethod 525 0x0000000002884550 code [0x0000000002884740, 0x0000000002884ef8]
Event: 2.120 Thread 0x000000001e093800  526       3       main.coreEngine.sceneGraph.Node::input (75 bytes)
Event: 2.121 Thread 0x000000001e093800 nmethod 526 0x00000000028854d0 code [0x00000000028856e0, 0x0000000002886178]

GC Heap History (10 events):
Event: 1.409 GC heap before
{Heap before GC invocations=9 (full 0):
 PSYoungGen      total 250368K, used 250336K [0x000000076b800000, 0x000000078b700000, 0x00000007c0000000)
  eden space 249856K, 100% used [0x000000076b800000,0x000000077ac00000,0x000000077ac00000)
  from space 512K, 93% used [0x000000078b680000,0x000000078b6f8000,0x000000078b700000)
  to   space 2560K, 0% used [0x000000078b200000,0x000000078b200000,0x000000078b480000)
 ParOldGen       total 173568K, used 816K [0x00000006c2800000, 0x00000006cd180000, 0x000000076b800000)
  object space 173568K, 0% used [0x00000006c2800000,0x00000006c28cc050,0x00000006cd180000)
 Metaspace       used 8082K, capacity 8646K, committed 8960K, reserved 1056768K
  class space    used 649K, capacity 690K, committed 768K, reserved 1048576K
Event: 1.410 GC heap after
Heap after GC invocations=9 (full 0):
 PSYoungGen      total 242688K, used 160K [0x000000076b800000, 0x000000078b700000, 0x00000007c0000000)
  eden space 240128K, 0% used [0x000000076b800000,0x000000076b800000,0x000000077a280000)
  from space 2560K, 6% used [0x000000078b200000,0x000000078b228000,0x000000078b480000)
  to   space 2560K, 0% used [0x000000078b480000,0x000000078b480000,0x000000078b700000)
 ParOldGen       total 173568K, used 1220K [0x00000006c2800000, 0x00000006cd180000, 0x000000076b800000)
  object space 173568K, 0% used [0x00000006c2800000,0x00000006c2931060,0x00000006cd180000)
 Metaspace       used 8082K, capacity 8646K, committed 8960K, reserved 1056768K
  class space    used 649K, capacity 690K, committed 768K, reserved 1048576K
}
Event: 1.588 GC heap before
{Heap before GC invocations=10 (full 0):
 PSYoungGen      total 242688K, used 240288K [0x000000076b800000, 0x000000078b700000, 0x00000007c0000000)
  eden space 240128K, 100% used [0x000000076b800000,0x000000077a280000,0x000000077a280000)
  from space 2560K, 6% used [0x000000078b200000,0x000000078b228000,0x000000078b480000)
  to   space 2560K, 0% used [0x000000078b480000,0x000000078b480000,0x000000078b700000)
 ParOldGen       total 173568K, used 1220K [0x00000006c2800000, 0x00000006cd180000, 0x000000076b800000)
  object space 173568K, 0% used [0x00000006c2800000,0x00000006c2931060,0x00000006cd180000)
 Metaspace       used 8085K, capacity 8646K, committed 8960K, reserved 1056768K
  class space    used 649K, capacity 690K, committed 768K, reserved 1048576K
Event: 1.589 GC heap after
Heap after GC invocations=10 (full 0):
 PSYoungGen      total 231424K, used 160K [0x000000076b800000, 0x000000078b500000, 0x00000007c0000000)
  eden space 230912K, 0% used [0x000000076b800000,0x000000076b800000,0x0000000779980000)
  from space 512K, 31% used [0x000000078b480000,0x000000078b4a8000,0x000000078b500000)
  to   space 2560K, 0% used [0x000000078b000000,0x000000078b000000,0x000000078b280000)
 ParOldGen       total 173568K, used 1228K [0x00000006c2800000, 0x00000006cd180000, 0x000000076b800000)
  object space 173568K, 0% used [0x00000006c2800000,0x00000006c2933060,0x00000006cd180000)
 Metaspace       used 8085K, capacity 8646K, committed 8960K, reserved 1056768K
  class space    used 649K, capacity 690K, committed 768K, reserved 1048576K
}
Event: 1.764 GC heap before
{Heap before GC invocations=11 (full 0):
 PSYoungGen      total 231424K, used 231072K [0x000000076b800000, 0x000000078b500000, 0x00000007c0000000)
  eden space 230912K, 100% used [0x000000076b800000,0x0000000779980000,0x0000000779980000)
  from space 512K, 31% used [0x000000078b480000,0x000000078b4a8000,0x000000078b500000)
  to   space 2560K, 0% used [0x000000078b000000,0x000000078b000000,0x000000078b280000)
 ParOldGen       total 173568K, used 1228K [0x00000006c2800000, 0x00000006cd180000, 0x000000076b800000)
  object space 173568K, 0% used [0x00000006c2800000,0x00000006c2933060,0x00000006cd180000)
 Metaspace       used 8101K, capacity 8646K, committed 8960K, reserved 1056768K
  class space    used 649K, capacity 690K, committed 768K, reserved 1048576K
Event: 1.764 GC heap after
Heap after GC invocations=11 (full 0):
 PSYoungGen      total 224768K, used 192K [0x000000076b800000, 0x000000078b500000, 0x00000007c0000000)
  eden space 222208K, 0% used [0x000000076b800000,0x000000076b800000,0x0000000779100000)
  from space 2560K, 7% used [0x000000078b000000,0x000000078b030000,0x000000078b280000)
  to   space 2560K, 0% used [0x000000078b280000,0x000000078b280000,0x000000078b500000)
 ParOldGen       total 173568K, used 1236K [0x00000006c2800000, 0x00000006cd180000, 0x000000076b800000)
  object space 173568K, 0% used [0x00000006c2800000,0x00000006c2935060,0x00000006cd180000)
 Metaspace       used 8101K, capacity 8646K, committed 8960K, reserved 1056768K
  class space    used 649K, capacity 690K, committed 768K, reserved 1048576K
}
Event: 1.949 GC heap before
{Heap before GC invocations=12 (full 0):
 PSYoungGen      total 224768K, used 222400K [0x000000076b800000, 0x000000078b500000, 0x00000007c0000000)
  eden space 222208K, 100% used [0x000000076b800000,0x0000000779100000,0x0000000779100000)
  from space 2560K, 7% used [0x000000078b000000,0x000000078b030000,0x000000078b280000)
  to   space 2560K, 0% used [0x000000078b280000,0x000000078b280000,0x000000078b500000)
 ParOldGen       total 173568K, used 1236K [0x00000006c2800000, 0x00000006cd180000, 0x000000076b800000)
  object space 173568K, 0% used [0x00000006c2800000,0x00000006c2935060,0x00000006cd180000)
 Metaspace       used 8101K, capacity 8646K, committed 8960K, reserved 1056768K
  class space    used 649K, capacity 690K, committed 768K, reserved 1048576K
Event: 1.950 GC heap after
Heap after GC invocations=12 (full 0):
 PSYoungGen      total 214528K, used 160K [0x000000076b800000, 0x000000078b300000, 0x00000007c0000000)
  eden space 214016K, 0% used [0x000000076b800000,0x000000076b800000,0x0000000778900000)
  from space 512K, 31% used [0x000000078b280000,0x000000078b2a8000,0x000000078b300000)
  to   space 2560K, 0% used [0x000000078ae00000,0x000000078ae00000,0x000000078b080000)
 ParOldGen       total 173568K, used 1268K [0x00000006c2800000, 0x00000006cd180000, 0x000000076b800000)
  object space 173568K, 0% used [0x00000006c2800000,0x00000006c293d060,0x00000006cd180000)
 Metaspace       used 8101K, capacity 8646K, committed 8960K, reserved 1056768K
  class space    used 649K, capacity 690K, committed 768K, reserved 1048576K
}
Event: 2.163 GC heap before
{Heap before GC invocations=13 (full 0):
 PSYoungGen      total 214528K, used 214176K [0x000000076b800000, 0x000000078b300000, 0x00000007c0000000)
  eden space 214016K, 100% used [0x000000076b800000,0x0000000778900000,0x0000000778900000)
  from space 512K, 31% used [0x000000078b280000,0x000000078b2a8000,0x000000078b300000)
  to   space 2560K, 0% used [0x000000078ae00000,0x000000078ae00000,0x000000078b080000)
 ParOldGen       total 173568K, used 1268K [0x00000006c2800000, 0x00000006cd180000, 0x000000076b800000)
  object space 173568K, 0% used [0x00000006c2800000,0x00000006c293d060,0x00000006cd180000)
 Metaspace       used 8107K, capacity 8646K, committed 8960K, reserved 1056768K
  class space    used 649K, capacity 690K, committed 768K, reserved 1048576K
Event: 2.164 GC heap after
Heap after GC invocations=13 (full 0):
 PSYoungGen      total 208384K, used 224K [0x000000076b800000, 0x000000078b300000, 0x00000007c0000000)
  eden space 205824K, 0% used [0x000000076b800000,0x000000076b800000,0x0000000778100000)
  from space 2560K, 8% used [0x000000078ae00000,0x000000078ae38000,0x000000078b080000)
  to   space 2560K, 0% used [0x000000078b080000,0x000000078b080000,0x000000078b300000)
 ParOldGen       total 173568K, used 1268K [0x00000006c2800000, 0x00000006cd180000, 0x000000076b800000)
  object space 173568K, 0% used [0x00000006c2800000,0x00000006c293d060,0x00000006cd180000)
 Metaspace       used 8107K, capacity 8646K, committed 8960K, reserved 1056768K
  class space    used 649K, capacity 690K, committed 768K, reserved 1048576K
}

Deoptimization events (10 events):
Event: 0.391 Thread 0x000000001e21e800 Uncommon trap: reason=unstable_if action=reinterpret pc=0x000000000273d540 method=java.util.HashMap.containsKey(Ljava/lang/Object;)Z @ 9
Event: 0.391 Thread 0x000000001e21e800 Uncommon trap: reason=bimorphic action=maybe_recompile pc=0x00000000027393b8 method=java.util.HashMap.getNode(ILjava/lang/Object;)Ljava/util/HashMap$Node; @ 126
Event: 0.392 Thread 0x000000001e21e800 Uncommon trap: reason=bimorphic action=maybe_recompile pc=0x00000000027393b8 method=java.util.HashMap.getNode(ILjava/lang/Object;)Ljava/util/HashMap$Node; @ 126
Event: 0.397 Thread 0x000000001e21e800 Uncommon trap: reason=unstable_if action=reinterpret pc=0x0000000002731f98 method=java.util.HashMap.keySet()Ljava/util/Set; @ 6
Event: 0.646 Thread 0x000000001e21e800 Uncommon trap: reason=unstable_if action=reinterpret pc=0x0000000002735544 method=java.util.HashMap.clear()V @ 16
Event: 0.646 Thread 0x000000001e21e800 Uncommon trap: reason=unstable_if action=reinterpret pc=0x00000000027321d8 method=java.util.HashMap.clear()V @ 16
Event: 0.646 Thread 0x00000000025ee000 Uncommon trap: reason=unstable_if action=reinterpret pc=0x0000000002752cf0 method=main.coreEngine.TickableThread.invoke(Ljava/lang/String;[Ljava/lang/Object;)V @ 53
Event: 0.646 Thread 0x000000001e21e800 Uncommon trap: reason=unstable_if action=reinterpret pc=0x0000000002792814 method=java.util.HashMap.clear()V @ 16
Event: 0.646 Thread 0x000000001e227800 Uncommon trap: reason=unstable_if action=reinterpret pc=0x00000000027927f4 method=main.coreEngine.TickableThread.run()V @ 58
Event: 0.756 Thread 0x000000001e227800 Uncommon trap: reason=unstable_if action=reinterpret pc=0x000000000284f478 method=main.coreEngine.TickableThread.run()V @ 461

Internal exceptions (8 events):
Event: 0.033 Thread 0x00000000025ee000 Exception <a 'java/lang/NoSuchMethodError': Method sun.misc.Unsafe.defineClass(Ljava/lang/String;[BII)Ljava/lang/Class; name or signature does not match> (0x000000076b80da30) thrown at [C:\workspace\8-2-build-windows-amd64-cygwin\jdk8u65\4987\hotspot\src\s$,\!╝а?
Event: 0.033 Thread 0x00000000025ee000 Exception <a 'java/lang/NoSuchMethodError': Method sun.misc.Unsafe.prefetchRead(Ljava/lang/Object;J)V name or signature does not match> (0x000000076b80dd18) thrown at [C:\workspace\8-2-build-windows-amd64-cygwin\jdk8u65\4987\hotspot\src\share\vm\prims\jni.K;зд
Event: 0.391 Thread 0x000000001e21e800 Implicit null exception at 0x000000000273d1cf to 0x000000000273d531
Event: 0.391 Thread 0x000000001e21e800 Exception <a 'java/security/PrivilegedActionException'> (0x000000076cae5b18) thrown at [C:\workspace\8-2-build-windows-amd64-cygwin\jdk8u65\4987\hotspot\src\share\vm\prims\jvm.cpp, line 1386]
Event: 0.391 Thread 0x000000001e21e800 Exception <a 'java/security/PrivilegedActionException'> (0x000000076cae5f10) thrown at [C:\workspace\8-2-build-windows-amd64-cygwin\jdk8u65\4987\hotspot\src\share\vm\prims\jvm.cpp, line 1386]
Event: 0.392 Thread 0x000000001e21e800 Exception <a 'java/security/PrivilegedActionException'> (0x000000076caea128) thrown at [C:\workspace\8-2-build-windows-amd64-cygwin\jdk8u65\4987\hotspot\src\share\vm\prims\jvm.cpp, line 1386]
Event: 0.392 Thread 0x000000001e21e800 Exception <a 'java/security/PrivilegedActionException'> (0x000000076caea520) thrown at [C:\workspace\8-2-build-windows-amd64-cygwin\jdk8u65\4987\hotspot\src\share\vm\prims\jvm.cpp, line 1386]
Event: 0.646 Thread 0x00000000025ee000 Implicit null exception at 0x00000000027526fc to 0x0000000002752cc9

Events (10 events):
Event: 1.409 Executing VM operation: ParallelGCFailedAllocation
Event: 1.410 Executing VM operation: ParallelGCFailedAllocation done
Event: 1.588 Executing VM operation: ParallelGCFailedAllocation
Event: 1.589 Executing VM operation: ParallelGCFailedAllocation done
Event: 1.764 Executing VM operation: ParallelGCFailedAllocation
Event: 1.764 Executing VM operation: ParallelGCFailedAllocation done
Event: 1.949 Executing VM operation: ParallelGCFailedAllocation
Event: 1.950 Executing VM operation: ParallelGCFailedAllocation done
Event: 2.163 Executing VM operation: ParallelGCFailedAllocation
Event: 2.164 Executing VM operation: ParallelGCFailedAllocation done


Dynamic libraries:
0x00007ff75d350000 - 0x00007ff75d387000 	C:\Program Files\Java\jdk1.8.0_65\bin\java.exe
0x00007ffd2b8f0000 - 0x00007ffd2bab1000 	C:\WINDOWS\SYSTEM32\ntdll.dll
0x00007ffd29160000 - 0x00007ffd2920d000 	C:\WINDOWS\system32\KERNEL32.DLL
0x00007ffd28890000 - 0x00007ffd28a78000 	C:\WINDOWS\system32\KERNELBASE.dll
0x00007ffd296a0000 - 0x00007ffd29747000 	C:\WINDOWS\system32\ADVAPI32.dll
0x00007ffd29430000 - 0x00007ffd294cd000 	C:\WINDOWS\system32\msvcrt.dll
0x00007ffd29510000 - 0x00007ffd2956b000 	C:\WINDOWS\system32\sechost.dll
0x00007ffd29580000 - 0x00007ffd2969c000 	C:\WINDOWS\system32\RPCRT4.dll
0x00007ffd28e50000 - 0x00007ffd28fa6000 	C:\WINDOWS\system32\USER32.dll
0x00007ffd299d0000 - 0x00007ffd29b56000 	C:\WINDOWS\system32\GDI32.dll
0x00007ffd24690000 - 0x00007ffd24904000 	C:\WINDOWS\WinSxS\amd64_microsoft.windows.common-controls_6595b64144ccf1df_6.0.10586.0_none_8c15ae12515e1c22\COMCTL32.dll
0x00007ffd29750000 - 0x00007ffd299cd000 	C:\WINDOWS\system32\combase.dll
0x00007ffd27f80000 - 0x00007ffd27fea000 	C:\WINDOWS\system32\bcryptPrimitives.dll
0x00007ffd294d0000 - 0x00007ffd2950b000 	C:\WINDOWS\system32\IMM32.DLL
0x000000005b5d0000 - 0x000000005b6a2000 	C:\Program Files\Java\jdk1.8.0_65\jre\bin\msvcr100.dll
0x000000005a760000 - 0x000000005afe9000 	C:\Program Files\Java\jdk1.8.0_65\jre\bin\server\jvm.dll
0x00007ffd29b60000 - 0x00007ffd29b68000 	C:\WINDOWS\system32\PSAPI.DLL
0x00007ffd1e6b0000 - 0x00007ffd1e6b9000 	C:\WINDOWS\SYSTEM32\WSOCK32.dll
0x00007ffd249f0000 - 0x00007ffd249fa000 	C:\WINDOWS\SYSTEM32\VERSION.dll
0x00007ffd26170000 - 0x00007ffd26193000 	C:\WINDOWS\SYSTEM32\WINMM.dll
0x00007ffd29cd0000 - 0x00007ffd29d3b000 	C:\WINDOWS\system32\WS2_32.dll
0x00000000007d0000 - 0x00000000007fc000 	C:\WINDOWS\SYSTEM32\WINMMBASE.dll
0x00007ffd28a80000 - 0x00007ffd28ac3000 	C:\WINDOWS\system32\cfgmgr32.dll
0x000000005b5c0000 - 0x000000005b5cf000 	C:\Program Files\Java\jdk1.8.0_65\jre\bin\verify.dll
0x000000005b590000 - 0x000000005b5b9000 	C:\Program Files\Java\jdk1.8.0_65\jre\bin\java.dll
0x000000005b4e0000 - 0x000000005b515000 	C:\Program Files\Java\jdk1.8.0_65\jre\bin\jdwp.dll
0x000000005b4d0000 - 0x000000005b4d8000 	C:\Program Files\Java\jdk1.8.0_65\jre\bin\npt.dll
0x000000005b570000 - 0x000000005b586000 	C:\Program Files\Java\jdk1.8.0_65\jre\bin\zip.dll
0x00007ffd2a2c0000 - 0x00007ffd2b81c000 	C:\WINDOWS\system32\SHELL32.dll
0x00007ffd28070000 - 0x00007ffd286b5000 	C:\WINDOWS\system32\windows.storage.dll
0x00007ffd2a250000 - 0x00007ffd2a2a2000 	C:\WINDOWS\system32\shlwapi.dll
0x00007ffd27f70000 - 0x00007ffd27f7f000 	C:\WINDOWS\system32\kernel.appcore.dll
0x00007ffd28c10000 - 0x00007ffd28cc5000 	C:\WINDOWS\system32\shcore.dll
0x00007ffd27ef0000 - 0x00007ffd27f3b000 	C:\WINDOWS\system32\powrprof.dll
0x00007ffd27f40000 - 0x00007ffd27f54000 	C:\WINDOWS\system32\profapi.dll
0x000000005b560000 - 0x000000005b569000 	C:\Program Files\Java\jdk1.8.0_65\jre\bin\dt_socket.dll
0x00007ffd27820000 - 0x00007ffd2787c000 	C:\WINDOWS\system32\mswsock.dll
0x00007ffd0dd80000 - 0x00007ffd0de08000 	D:\Code\Java\Projects\WireEngine20\lib\native\lwjgl.dll
0x00007ffd279f0000 - 0x00007ffd279fb000 	C:\WINDOWS\SYSTEM32\CRYPTBASE.DLL
0x00007ffd0f140000 - 0x00007ffd0f182000 	D:\Code\Java\Projects\WireEngine20\lib\native\jemalloc.dll
0x00007ffd1fcb0000 - 0x00007ffd1fce8000 	D:\Code\Java\Projects\WireEngine20\lib\native\glfw.dll
0x00007ffd26870000 - 0x00007ffd26906000 	C:\WINDOWS\system32\uxtheme.dll
0x00007ffd25f20000 - 0x00007ffd25f42000 	C:\WINDOWS\SYSTEM32\dwmapi.dll
0x00007ffd18b80000 - 0x00007ffd18ca9000 	C:\WINDOWS\SYSTEM32\opengl32.dll
0x00007ffd18a80000 - 0x00007ffd18b7a000 	C:\WINDOWS\SYSTEM32\DDRAW.dll
0x00007ffd1c880000 - 0x00007ffd1c8ae000 	C:\WINDOWS\SYSTEM32\GLU32.dll
0x00007ffd1d2d0000 - 0x00007ffd1d2d8000 	C:\WINDOWS\SYSTEM32\DCIMAN32.dll
0x00007ffd29b70000 - 0x00007ffd29cca000 	C:\WINDOWS\system32\MSCTF.dll
0x00007ffd15240000 - 0x00007ffd15289000 	C:\Program Files (x86)\TeamViewer\tv_x64.dll
0x00007ffd29210000 - 0x00007ffd29353000 	C:\WINDOWS\system32\ole32.dll
0x0000000058a10000 - 0x000000005a759000 	C:\WINDOWS\SYSTEM32\nvoglv64.DLL
0x00007ffd29d60000 - 0x00007ffd2a189000 	C:\WINDOWS\system32\SETUPAPI.dll
0x00007ffd25f70000 - 0x00007ffd25f83000 	C:\WINDOWS\SYSTEM32\WTSAPI32.dll
0x00007ffd269c0000 - 0x00007ffd269e7000 	C:\WINDOWS\SYSTEM32\DEVOBJ.dll
0x00007ffd27ff0000 - 0x00007ffd28045000 	C:\WINDOWS\system32\WINTRUST.dll
0x00007ffd27f60000 - 0x00007ffd27f70000 	C:\WINDOWS\system32\MSASN1.dll
0x00007ffd286c0000 - 0x00007ffd28887000 	C:\WINDOWS\system32\CRYPT32.dll
0x00007ffd27440000 - 0x00007ffd27471000 	C:\WINDOWS\SYSTEM32\ntmarta.dll
0x00007ffd27190000 - 0x00007ffd271e6000 	C:\WINDOWS\SYSTEM32\WINSTA.dll
0x00007ffd2b840000 - 0x00007ffd2b8e7000 	C:\WINDOWS\system32\clbcatq.dll
0x00007ffd231a0000 - 0x00007ffd231c5000 	C:\Program Files (x86)\Samsung\Easy Printer Manager\SmartScreenPrint\CDAKEYMonitor64.dll
0x00007ffd29360000 - 0x00007ffd29421000 	C:\WINDOWS\system32\OLEAUT32.dll
0x00007ffd238a0000 - 0x00007ffd23a2c000 	C:\WINDOWS\SYSTEM32\dbghelp.dll

VM Arguments:
jvm_args: -agentlib:jdwp=transport=dt_socket,address=127.0.0.1:57724,suspend=y,server=n -Djava.library.path=lib/native/ -Dfile.encoding=UTF-8 
java_command: main.Main
java_class_path (initial): C:\Program Files\Java\jdk1.8.0_65\jre\lib\charsets.jar;C:\Program Files\Java\jdk1.8.0_65\jre\lib\deploy.jar;C:\Program Files\Java\jdk1.8.0_65\jre\lib\ext\access-bridge-64.jar;C:\Program Files\Java\jdk1.8.0_65\jre\lib\ext\cldrdata.jar;C:\Program Files\Java\jdk1.8.0_65\jre\lib\ext\dnsns.jar;C:\Program Files\Java\jdk1.8.0_65\jre\lib\ext\jaccess.jar;C:\Program Files\Java\jdk1.8.0_65\jre\lib\ext\jfxrt.jar;C:\Program Files\Java\jdk1.8.0_65\jre\lib\ext\localedata.jar;C:\Program Files\Java\jdk1.8.0_65\jre\lib\ext\nashorn.jar;C:\Program Files\Java\jdk1.8.0_65\jre\lib\ext\sunec.jar;C:\Program Files\Java\jdk1.8.0_65\jre\lib\ext\sunjce_provider.jar;C:\Program Files\Java\jdk1.8.0_65\jre\lib\ext\sunmscapi.jar;C:\Program Files\Java\jdk1.8.0_65\jre\lib\ext\sunpkcs11.jar;C:\Program Files\Java\jdk1.8.0_65\jre\lib\ext\zipfs.jar;C:\Program Files\Java\jdk1.8.0_65\jre\lib\javaws.jar;C:\Program Files\Java\jdk1.8.0_65\jre\lib\jce.jar;C:\Program Files\Java\jdk1.8.0_65\jre\lib\jfr.jar;C:\Program Files\Java\jdk1.8.0_65\jre\lib\jfxswt.jar;C:\Program Files\Java\jdk1.8.0_65\jre\lib\jsse.jar;C:\Program Files\Java\jdk1.8.0_65\jre\lib\management-agent.jar;C:\Program Files\Java\jdk1.8.0_65\jre\lib\plugin.jar;C:\Program Files\Java\jdk1.8.0_65\jre\lib\resources.jar;C:\Program Files\Java\jdk1.8.0_65\jre\lib\rt.jar;D:\Code\Java\Projects\WireEngine20\out\production\WireEngine20;D:\Code\Java\Projects\WireEngine20\lib\jar\lwjgl.jar;D:\Code\Java\Projects\WireEngine20\lib\jar\slick-util.jar;D:\Program Files (x86)\JetBrains\IntelliJ IDEA 2016.1\lib\idea_rt.jar
Launcher Type: SUN_STANDARD

Environment Variables:
JAVA_HOME=C:\Program Files\Java\jdk1.8.0_65
PATH=C:\ProgramData\Oracle\Java\javapath;C:\Program Files (x86)\Razer Chroma SDK\bin;C:\Program Files\Razer Chroma SDK\bin;C:\Program Files (x86)\NVIDIA Corporation\PhysX\Common;C:\Program Files (x86)\Intel\iCLS Client\;C:\Program Files\Intel\iCLS Client\;C:\Windows\system32;C:\Windows;C:\Windows\System32\Wbem;C:\Windows\System32\WindowsPowerShell\v1.0\;C:\Program Files\Intel\Intel(R) Management Engine Components\DAL;C:\Program Files (x86)\Intel\Intel(R) Management Engine Components\DAL;C:\Program Files\Intel\Intel(R) Management Engine Components\IPT;C:\Program Files (x86)\Intel\Intel(R) Management Engine Components\IPT;C:\Program Files\Java\jre1.8.0_65\bin;C:\MinGW\bin;C:\WINDOWS\system32;C:\WINDOWS;C:\WINDOWS\System32\Wbem;C:\WINDOWS\System32\WindowsPowerShell\v1.0\;D:\Program Files (x86)\CMake\bin;D:\Program Files\Programs\Python\Python35-32;D:\Program Files\Programs\Python\Python35-32\Scripts;C:\Program Files (x86)\Skype\Phone\;D:\Program Files\Programs\Python\Python35-32\Scripts\;D:\Program Files\Programs\Python\Python35-32\
USERNAME=Kelan
OS=Windows_NT
PROCESSOR_IDENTIFIER=Intel64 Family 6 Model 60 Stepping 3, GenuineIntel



---------------  S Y S T E M  ---------------

OS: Windows 10.0 , 64 bit Build 10586 (10.0.10586.0)

CPU:total 8 (4 cores per cpu, 2 threads per core) family 6 model 60 stepping 3, cmov, cx8, fxsr, mmx, sse, sse2, sse3, ssse3, sse4.1, sse4.2, popcnt, avx, avx2, aes, clmul, erms, lzcnt, ht, tsc, tscinvbit, bmi1, bmi2

Memory: 4k page, physical 16609500k(9903588k free), swap 33386716k(23778460k free)

vm_info: Java HotSpot(TM) 64-Bit Server VM (25.65-b01) for windows-amd64 JRE (1.8.0_65-b17), built on Oct  6 2015 16:39:20 by "java_re" with MS VC++ 10.0 (VS2010)

time: Fri Apr 15 16:24:13 2016
elapsed time: 2 seconds (0d 0h 0m 2s)

