#
# A fatal error has been detected by the Java Runtime Environment:
#
#  EXCEPTION_ACCESS_VIOLATION (0xc0000005) at pc=0x00007ffdc27424b9, pid=13760, tid=12808
#
# JRE version: Java(TM) SE Runtime Environment (8.0_65-b17) (build 1.8.0_65-b17)
# Java VM: Java HotSpot(TM) 64-Bit Server VM (25.65-b01 mixed mode windows-amd64 compressed oops)
# Problematic frame:
# C  [glfw.dll+0x24b9]
#
# Failed to write core dump. Minidumps are not enabled by default on client versions of Windows
#
# If you would like to submit a bug report, please visit:
#   http://bugreport.java.com/bugreport/crash.jsp
# The crash happened outside the Java Virtual Machine in native code.
# See problematic frame for where to report the bug.
#

---------------  T H R E A D  ---------------

Current thread (0x000000001e260000):  JavaThread "CLIENT" [_thread_in_native, id=12808, stack(0x000000001ef70000,0x000000001f070000)]

siginfo: ExceptionCode=0xc0000005, reading address 0x0000000000000000

Registers:
RAX=0x0000000000000000, RBX=0x000000001ba2f240, RCX=0x0000000000000000, RDX=0x0000000000000000
RSP=0x000000001f06ef20, RBP=0x000000001f06efb0, RSI=0x0000000000000108, RDI=0x00000000004eef50
R8 =0x000000001f06ef18, R9 =0x000000001f06efb0, R10=0x0000000000000000, R11=0x0000000000000246
R12=0x0000000000000000, R13=0x000000001f06efc8, R14=0x000000001f06efa0, R15=0x000000001e260000
RIP=0x00007ffdc27424b9, EFLAGS=0x0000000000010283

Top of Stack: (sp=0x000000001f06ef20)
0x000000001f06ef20:   0000000000000000 0000000000000108
0x000000001f06ef30:   000000001b9d5180 000000001bfb18c0
0x000000001f06ef40:   0000000000000f77 00000000029a324a
0x000000001f06ef50:   000000001ba2f240 000000007050aea4
0x000000001f06ef60:   000000001e260000 000000001e260000
0x000000001f06ef70:   000000001e260000 0000000000000000
0x000000001f06ef80:   000000001e229a10 0000000070495eba
0x000000001f06ef90:   000000001f06f538 000000001f06f028
0x000000001f06efa0:   00000006c2804330 0000000000000f76
0x000000001f06efb0:   000000001f06f028 00000000025c7d8d
0x000000001f06efc0:   00000000025c7d8d 00000000004eef50
0x000000001f06efd0:   00000000025c78a0 00007ffdc2742420
0x000000001f06efe0:   0000000000000001 000000001f06efe8
0x000000001f06eff0:   000000001ba4b99c 000000001f06f050
0x000000001f06f000:   000000001ba4d980 0000000000000000
0x000000001f06f010:   000000001ba4b9c8 000000001f06efc8 

Instructions: (pc=0x00007ffdc27424b9)
0x00007ffdc2742499:   48 8b cf e8 1f 3a 00 00 48 39 3d f0 d5 02 00 48
0x00007ffdc27424a9:   8d 0d e9 d5 02 00 48 8b 5c 24 30 74 08 48 8b 09
0x00007ffdc27424b9:   48 39 39 75 f8 48 8b 07 48 89 01 48 8b cf 48 83
0x00007ffdc27424c9:   c4 20 5f e9 5b fe 00 00 48 83 c4 20 5f c3 cc cc 


Register to memory mapping:

RAX=0x0000000000000000 is an unknown value
RBX={method} {0x000000001ba2f248} 'invokePV' '(JJ)V' in 'org/lwjgl/system/JNI'
RCX=0x0000000000000000 is an unknown value
RDX=0x0000000000000000 is an unknown value
RSP=0x000000001f06ef20 is pointing into the stack for thread: 0x000000001e260000
RBP=0x000000001f06efb0 is pointing into the stack for thread: 0x000000001e260000
RSI=0x0000000000000108 is an unknown value
RDI=0x00000000004eef50 is an unknown value
R8 =0x000000001f06ef18 is pointing into the stack for thread: 0x000000001e260000
R9 =0x000000001f06efb0 is pointing into the stack for thread: 0x000000001e260000
R10=0x0000000000000000 is an unknown value
R11=0x0000000000000246 is an unknown value
R12=0x0000000000000000 is an unknown value
R13=0x000000001f06efc8 is pointing into the stack for thread: 0x000000001e260000
R14=0x000000001f06efa0 is pointing into the stack for thread: 0x000000001e260000
R15=0x000000001e260000 is a thread


Stack: [0x000000001ef70000,0x000000001f070000],  sp=0x000000001f06ef20,  free space=1019k
Native frames: (J=compiled Java code, j=interpreted, Vv=VM code, C=native code)
C  [glfw.dll+0x24b9]
C  0x00000000029a324a

Java frames: (J=compiled Java code, j=interpreted, Vv=VM code)
J 781  org.lwjgl.system.JNI.invokePV(JJ)V (0 bytes) @ 0x00000000029a31c4 [0x00000000029a3180+0x44]
j  org.lwjgl.glfw.GLFW.glfwDestroyCursor(J)V+20
j  main.client.Window.destroyWindow()V+9
j  main.coreEngine.Engine.stop()V+70
j  main.client.Window.update()V+33
j  main.client.renderEngine.RenderEngine.render()V+38
J 785 C1 main.client.ClientThread.tick()V (16 bytes) @ 0x00000000029a761c [0x00000000029a7080+0x59c]
j  main.coreEngine.TickableThread.run()V+469
v  ~StubRoutines::call_stub

---------------  P R O C E S S  ---------------

Java Threads: ( => current thread )
  0x000000001e260800 JavaThread "SERVER" [_thread_in_Java, id=6236, stack(0x000000001f070000,0x000000001f170000)]
=>0x000000001e260000 JavaThread "CLIENT" [_thread_in_native, id=12808, stack(0x000000001ef70000,0x000000001f070000)]
  0x000000001e0ec800 JavaThread "Service Thread" daemon [_thread_blocked, id=12044, stack(0x000000001ed70000,0x000000001ee70000)]
  0x000000001e0d3000 JavaThread "C1 CompilerThread3" daemon [_thread_blocked, id=5180, stack(0x000000001ec70000,0x000000001ed70000)]
  0x000000001e0c6000 JavaThread "C2 CompilerThread2" daemon [_thread_blocked, id=2768, stack(0x000000001eb70000,0x000000001ec70000)]
  0x000000001e0c5800 JavaThread "C2 CompilerThread1" daemon [_thread_blocked, id=11184, stack(0x000000001ea70000,0x000000001eb70000)]
  0x000000001e0ca800 JavaThread "C2 CompilerThread0" daemon [_thread_blocked, id=3040, stack(0x000000001e970000,0x000000001ea70000)]
  0x000000001e0b0000 JavaThread "JDWP Command Reader" daemon [_thread_in_native, id=6800, stack(0x000000001e870000,0x000000001e970000)]
  0x000000001e0af000 JavaThread "JDWP Event Helper Thread" daemon [_thread_blocked, id=13716, stack(0x000000001e770000,0x000000001e870000)]
  0x000000001e0ad000 JavaThread "JDWP Transport Listener: dt_socket" daemon [_thread_blocked, id=10872, stack(0x000000001e670000,0x000000001e770000)]
  0x000000001e097800 JavaThread "Attach Listener" daemon [_thread_blocked, id=6580, stack(0x000000001e570000,0x000000001e670000)]
  0x000000001e096800 JavaThread "Signal Dispatcher" daemon [_thread_blocked, id=14160, stack(0x000000001e470000,0x000000001e570000)]
  0x00000000025bb800 JavaThread "Finalizer" daemon [_thread_blocked, id=3584, stack(0x000000001de90000,0x000000001df90000)]
  0x000000001bfad800 JavaThread "Reference Handler" daemon [_thread_blocked, id=9472, stack(0x000000001dd90000,0x000000001de90000)]
  0x000000000248e000 JavaThread "main" [_thread_in_Java, id=11296, stack(0x0000000002340000,0x0000000002440000)]

Other Threads:
  0x000000001bfa9000 VMThread [stack: 0x000000001dc90000,0x000000001dd90000] [id=6792]
  0x000000001e186000 WatcherThread [stack: 0x000000001ee70000,0x000000001ef70000] [id=6212]

VM state:not at safepoint (normal execution)

VM Mutex/Monitor currently owned by a thread: None

Heap:
 PSYoungGen      total 595968K, used 30205K [0x000000076b800000, 0x00000007bb500000, 0x00000007c0000000)
  eden space 595456K, 5% used [0x000000076b800000,0x000000076d54f5d0,0x000000078fd80000)
  from space 512K, 37% used [0x00000007bb480000,0x00000007bb4b0000,0x00000007bb500000)
  to   space 6656K, 0% used [0x00000007ba800000,0x00000007ba800000,0x00000007bae80000)
 ParOldGen       total 173568K, used 13144K [0x00000006c2800000, 0x00000006cd180000, 0x000000076b800000)
  object space 173568K, 7% used [0x00000006c2800000,0x00000006c34d6260,0x00000006cd180000)
 Metaspace       used 8347K, capacity 8710K, committed 8960K, reserved 1056768K
  class space    used 660K, capacity 690K, committed 768K, reserved 1048576K

Card table byte_map: [0x0000000011980000,0x0000000012170000] byte_map_base: 0x000000000e36c000

Marking Bits: (ParMarkBitMap*) 0x0000000070bea5b0
 Begin Bits: [0x0000000012ec0000, 0x0000000016e20000)
 End Bits:   [0x0000000016e20000, 0x000000001ad80000)

Polling page: 0x0000000000490000

CodeCache: size=245760Kb used=4003Kb max_used=4003Kb free=241756Kb
 bounds [0x00000000025c0000, 0x00000000029b0000, 0x00000000115c0000]
 total_blobs=1449 nmethods=793 adapters=577
 compilation: enabled

Compilation events (10 events):
Event: 5.584 Thread 0x000000001e0d3000  790       3       main.coreEngine.Engine::getInput (9 bytes)
Event: 5.584 Thread 0x000000001e0d3000 nmethod 790 0x00000000029a55d0 code [0x00000000029a57a0, 0x00000000029a5ed8]
Event: 5.585 Thread 0x000000001e0d3000  791       3       main.server.ServerThread::tick (9 bytes)
Event: 5.585 Thread 0x000000001e0d3000 nmethod 791 0x00000000029a9e90 code [0x00000000029aa080, 0x00000000029aa8f8]
Event: 5.585 Thread 0x000000001e0d3000  792       3       main.game.TestGame::onTick (9 bytes)
Event: 5.585 Thread 0x000000001e0d3000 nmethod 792 0x00000000029aad10 code [0x00000000029aae80, 0x00000000029ab0a8]
Event: 5.700 Thread 0x000000001e0d3000  793       3       org.lwjgl.system.MemoryUtil::memGetInt (8 bytes)
Event: 5.700 Thread 0x000000001e0d3000 nmethod 793 0x00000000029ab510 code [0x00000000029ab680, 0x00000000029ab830]
Event: 5.700 Thread 0x000000001e0d3000  794       3       org.lwjgl.system.MemoryAccess$MemoryAccessorUnsafe::memGetInt (8 bytes)
Event: 5.700 Thread 0x000000001e0d3000 nmethod 794 0x00000000029ab910 code [0x00000000029aba60, 0x00000000029abbb0]

GC Heap History (10 events):
Event: 4.321 GC heap before
{Heap before GC invocations=14 (full 0):
 PSYoungGen      total 758784K, used 750784K [0x000000076b800000, 0x00000007bc880000, 0x00000007c0000000)
  eden space 750592K, 100% used [0x000000076b800000,0x0000000799500000,0x0000000799500000)
  from space 8192K, 2% used [0x00000007bb880000,0x00000007bb8b0000,0x00000007bc080000)
  to   space 7680K, 0% used [0x00000007bc100000,0x00000007bc100000,0x00000007bc880000)
 ParOldGen       total 173568K, used 13088K [0x00000006c2800000, 0x00000006cd180000, 0x000000076b800000)
  object space 173568K, 7% used [0x00000006c2800000,0x00000006c34c8260,0x00000006cd180000)
 Metaspace       used 8335K, capacity 8710K, committed 8960K, reserved 1056768K
  class space    used 660K, capacity 690K, committed 768K, reserved 1048576K
Event: 4.321 GC heap after
Heap after GC invocations=14 (full 0):
 PSYoungGen      total 716800K, used 224K [0x000000076b800000, 0x00000007bc180000, 0x00000007c0000000)
  eden space 716288K, 0% used [0x000000076b800000,0x000000076b800000,0x0000000797380000)
  from space 512K, 43% used [0x00000007bc100000,0x00000007bc138000,0x00000007bc180000)
  to   space 7680K, 0% used [0x00000007bb280000,0x00000007bb280000,0x00000007bba00000)
 ParOldGen       total 173568K, used 13096K [0x00000006c2800000, 0x00000006cd180000, 0x000000076b800000)
  object space 173568K, 7% used [0x00000006c2800000,0x00000006c34ca260,0x00000006cd180000)
 Metaspace       used 8335K, capacity 8710K, committed 8960K, reserved 1056768K
  class space    used 660K, capacity 690K, committed 768K, reserved 1048576K
}
Event: 4.848 GC heap before
{Heap before GC invocations=15 (full 0):
 PSYoungGen      total 716800K, used 716512K [0x000000076b800000, 0x00000007bc180000, 0x00000007c0000000)
  eden space 716288K, 100% used [0x000000076b800000,0x0000000797380000,0x0000000797380000)
  from space 512K, 43% used [0x00000007bc100000,0x00000007bc138000,0x00000007bc180000)
  to   space 7680K, 0% used [0x00000007bb280000,0x00000007bb280000,0x00000007bba00000)
 ParOldGen       total 173568K, used 13096K [0x00000006c2800000, 0x00000006cd180000, 0x000000076b800000)
  object space 173568K, 7% used [0x00000006c2800000,0x00000006c34ca260,0x00000006cd180000)
 Metaspace       used 8339K, capacity 8710K, committed 8960K, reserved 1056768K
  class space    used 660K, capacity 690K, committed 768K, reserved 1048576K
Event: 4.849 GC heap after
Heap after GC invocations=15 (full 0):
 PSYoungGen      total 691200K, used 192K [0x000000076b800000, 0x00000007bc180000, 0x00000007c0000000)
  eden space 683520K, 0% used [0x000000076b800000,0x000000076b800000,0x0000000795380000)
  from space 7680K, 2% used [0x00000007bb280000,0x00000007bb2b0000,0x00000007bba00000)
  to   space 7168K, 0% used [0x00000007bba80000,0x00000007bba80000,0x00000007bc180000)
 ParOldGen       total 173568K, used 13104K [0x00000006c2800000, 0x00000006cd180000, 0x000000076b800000)
  object space 173568K, 7% used [0x00000006c2800000,0x00000006c34cc260,0x00000006cd180000)
 Metaspace       used 8339K, capacity 8710K, committed 8960K, reserved 1056768K
  class space    used 660K, capacity 690K, committed 768K, reserved 1048576K
}
Event: 5.345 GC heap before
{Heap before GC invocations=16 (full 0):
 PSYoungGen      total 691200K, used 683712K [0x000000076b800000, 0x00000007bc180000, 0x00000007c0000000)
  eden space 683520K, 100% used [0x000000076b800000,0x0000000795380000,0x0000000795380000)
  from space 7680K, 2% used [0x00000007bb280000,0x00000007bb2b0000,0x00000007bba00000)
  to   space 7168K, 0% used [0x00000007bba80000,0x00000007bba80000,0x00000007bc180000)
 ParOldGen       total 173568K, used 13104K [0x00000006c2800000, 0x00000006cd180000, 0x000000076b800000)
  object space 173568K, 7% used [0x00000006c2800000,0x00000006c34cc260,0x00000006cd180000)
 Metaspace       used 8341K, capacity 8710K, committed 8960K, reserved 1056768K
  class space    used 660K, capacity 690K, committed 768K, reserved 1048576K
Event: 5.345 GC heap after
Heap after GC invocations=16 (full 0):
 PSYoungGen      total 653312K, used 224K [0x000000076b800000, 0x00000007bbb00000, 0x00000007c0000000)
  eden space 652800K, 0% used [0x000000076b800000,0x000000076b800000,0x0000000793580000)
  from space 512K, 43% used [0x00000007bba80000,0x00000007bbab8000,0x00000007bbb00000)
  to   space 7168K, 0% used [0x00000007bad00000,0x00000007bad00000,0x00000007bb400000)
 ParOldGen       total 173568K, used 13144K [0x00000006c2800000, 0x00000006cd180000, 0x000000076b800000)
  object space 173568K, 7% used [0x00000006c2800000,0x00000006c34d6260,0x00000006cd180000)
 Metaspace       used 8341K, capacity 8710K, committed 8960K, reserved 1056768K
  class space    used 660K, capacity 690K, committed 768K, reserved 1048576K
}
Event: 5.849 GC heap before
{Heap before GC invocations=17 (full 0):
 PSYoungGen      total 653312K, used 653024K [0x000000076b800000, 0x00000007bbb00000, 0x00000007c0000000)
  eden space 652800K, 100% used [0x000000076b800000,0x0000000793580000,0x0000000793580000)
  from space 512K, 43% used [0x00000007bba80000,0x00000007bbab8000,0x00000007bbb00000)
  to   space 7168K, 0% used [0x00000007bad00000,0x00000007bad00000,0x00000007bb400000)
 ParOldGen       total 173568K, used 13144K [0x00000006c2800000, 0x00000006cd180000, 0x000000076b800000)
  object space 173568K, 7% used [0x00000006c2800000,0x00000006c34d6260,0x00000006cd180000)
 Metaspace       used 8347K, capacity 8710K, committed 8960K, reserved 1056768K
  class space    used 660K, capacity 690K, committed 768K, reserved 1048576K
Event: 5.850 GC heap after
Heap after GC invocations=17 (full 0):
 PSYoungGen      total 630784K, used 160K [0x000000076b800000, 0x00000007bbb00000, 0x00000007c0000000)
  eden space 623616K, 0% used [0x000000076b800000,0x000000076b800000,0x0000000791900000)
  from space 7168K, 2% used [0x00000007bad00000,0x00000007bad28000,0x00000007bb400000)
  to   space 6656K, 0% used [0x00000007bb480000,0x00000007bb480000,0x00000007bbb00000)
 ParOldGen       total 173568K, used 13144K [0x00000006c2800000, 0x00000006cd180000, 0x000000076b800000)
  object space 173568K, 7% used [0x00000006c2800000,0x00000006c34d6260,0x00000006cd180000)
 Metaspace       used 8347K, capacity 8710K, committed 8960K, reserved 1056768K
  class space    used 660K, capacity 690K, committed 768K, reserved 1048576K
}
Event: 6.301 GC heap before
{Heap before GC invocations=18 (full 0):
 PSYoungGen      total 630784K, used 623776K [0x000000076b800000, 0x00000007bbb00000, 0x00000007c0000000)
  eden space 623616K, 100% used [0x000000076b800000,0x0000000791900000,0x0000000791900000)
  from space 7168K, 2% used [0x00000007bad00000,0x00000007bad28000,0x00000007bb400000)
  to   space 6656K, 0% used [0x00000007bb480000,0x00000007bb480000,0x00000007bbb00000)
 ParOldGen       total 173568K, used 13144K [0x00000006c2800000, 0x00000006cd180000, 0x000000076b800000)
  object space 173568K, 7% used [0x00000006c2800000,0x00000006c34d6260,0x00000006cd180000)
 Metaspace       used 8347K, capacity 8710K, committed 8960K, reserved 1056768K
  class space    used 660K, capacity 690K, committed 768K, reserved 1048576K
Event: 6.301 GC heap after
Heap after GC invocations=18 (full 0):
 PSYoungGen      total 595968K, used 192K [0x000000076b800000, 0x00000007bb500000, 0x00000007c0000000)
  eden space 595456K, 0% used [0x000000076b800000,0x000000076b800000,0x000000078fd80000)
  from space 512K, 37% used [0x00000007bb480000,0x00000007bb4b0000,0x00000007bb500000)
  to   space 6656K, 0% used [0x00000007ba800000,0x00000007ba800000,0x00000007bae80000)
 ParOldGen       total 173568K, used 13144K [0x00000006c2800000, 0x00000006cd180000, 0x000000076b800000)
  object space 173568K, 7% used [0x00000006c2800000,0x00000006c34d6260,0x00000006cd180000)
 Metaspace       used 8347K, capacity 8710K, committed 8960K, reserved 1056768K
  class space    used 660K, capacity 690K, committed 768K, reserved 1048576K
}

Deoptimization events (10 events):
Event: 0.875 Thread 0x000000001e260000 Uncommon trap: reason=array_check action=maybe_recompile pc=0x0000000002878e80 method=java.util.AbstractCollection.toArray([Ljava/lang/Object;)[Ljava/lang/Object; @ 119
Event: 0.875 Thread 0x000000001e260000 Uncommon trap: reason=array_check action=maybe_recompile pc=0x0000000002878e80 method=java.util.AbstractCollection.toArray([Ljava/lang/Object;)[Ljava/lang/Object; @ 119
Event: 0.879 Thread 0x000000001e260000 Uncommon trap: reason=unstable_if action=reinterpret pc=0x0000000002860b7c method=sun.misc.FloatingDecimal.readJavaFormatString(Ljava/lang/String;)Lsun/misc/FloatingDecimal$ASCIIToBinaryConverter; @ 327
Event: 0.967 Thread 0x000000001e260000 Uncommon trap: reason=unstable_if action=reinterpret pc=0x00000000028976e0 method=sun.misc.FloatingDecimal.readJavaFormatString(Ljava/lang/String;)Lsun/misc/FloatingDecimal$ASCIIToBinaryConverter; @ 445
Event: 0.967 Thread 0x000000001e260000 Uncommon trap: reason=unstable_if action=reinterpret pc=0x0000000002882b64 method=sun.misc.FloatingDecimal$ASCIIToBinaryBuffer.floatValue()F @ 190
Event: 1.250 Thread 0x000000001e260000 Uncommon trap: reason=unstable_if action=reinterpret pc=0x00000000028fa370 method=main.client.renderEngine.mesh.Mesh.compile(Ljava/util/List;)Lmain/client/renderEngine/mesh/Mesh; @ 101
Event: 1.315 Thread 0x000000001e260000 Uncommon trap: reason=unstable_if action=reinterpret pc=0x00000000029400cc method=main.client.renderEngine.mesh.Mesh.compile(Ljava/util/List;)Lmain/client/renderEngine/mesh/Mesh; @ 591
Event: 1.327 Thread 0x000000001e260000 Uncommon trap: reason=unstable_if action=reinterpret pc=0x0000000002891790 method=main.coreEngine.TickableThread.run()V @ 461
Event: 1.335 Thread 0x000000001e260800 Uncommon trap: reason=unstable_if action=reinterpret pc=0x0000000002891790 method=main.coreEngine.TickableThread.run()V @ 461
Event: 1.343 Thread 0x000000000248e000 Uncommon trap: reason=unstable_if action=reinterpret pc=0x00000000028f55d4 method=main.coreEngine.Engine.start()V @ 163

Internal exceptions (7 events):
Event: 0.027 Thread 0x000000000248e000 Exception <a 'java/lang/NoSuchMethodError': Method sun.misc.Unsafe.defineClass(Ljava/lang/String;[BII)Ljava/lang/Class; name or signature does not match> (0x000000076b80d738) thrown at [C:\workspace\8-2-build-windows-amd64-cygwin\jdk8u65\4987\hotspot\src\s„¿ ŒCÉ›?
Event: 0.027 Thread 0x000000000248e000 Exception <a 'java/lang/NoSuchMethodError': Method sun.misc.Unsafe.prefetchRead(Ljava/lang/Object;J)V name or signature does not match> (0x000000076b80da20) thrown at [C:\workspace\8-2-build-windows-amd64-cygwin\jdk8u65\4987\hotspot\src\share\vm\prims\jni.çÆdÙ?
Event: 0.391 Thread 0x000000001e260000 Exception <a 'java/security/PrivilegedActionException'> (0x000000076cc219c0) thrown at [C:\workspace\8-2-build-windows-amd64-cygwin\jdk8u65\4987\hotspot\src\share\vm\prims\jvm.cpp, line 1386]
Event: 0.391 Thread 0x000000001e260000 Exception <a 'java/security/PrivilegedActionException'> (0x000000076cc21db8) thrown at [C:\workspace\8-2-build-windows-amd64-cygwin\jdk8u65\4987\hotspot\src\share\vm\prims\jvm.cpp, line 1386]
Event: 0.392 Thread 0x000000001e260000 Exception <a 'java/security/PrivilegedActionException'> (0x000000076cc25fd0) thrown at [C:\workspace\8-2-build-windows-amd64-cygwin\jdk8u65\4987\hotspot\src\share\vm\prims\jvm.cpp, line 1386]
Event: 0.392 Thread 0x000000001e260000 Exception <a 'java/security/PrivilegedActionException'> (0x000000076cc263c8) thrown at [C:\workspace\8-2-build-windows-amd64-cygwin\jdk8u65\4987\hotspot\src\share\vm\prims\jvm.cpp, line 1386]
Event: 0.778 Thread 0x000000000248e000 Implicit null exception at 0x0000000002727ffc to 0x00000000027285c9

Events (10 events):
Event: 4.599 Thread 0x000000001e260000 DEOPT PACKING pc=0x000000000297e86a sp=0x000000001f06f0e0
Event: 4.600 Thread 0x000000001e260000 DEOPT UNPACKING pc=0x000000000260787f sp=0x000000001f06ee08 mode 0
Event: 4.848 Executing VM operation: ParallelGCFailedAllocation
Event: 4.849 Executing VM operation: ParallelGCFailedAllocation done
Event: 5.345 Executing VM operation: ParallelGCFailedAllocation
Event: 5.345 Executing VM operation: ParallelGCFailedAllocation done
Event: 5.849 Executing VM operation: ParallelGCFailedAllocation
Event: 5.850 Executing VM operation: ParallelGCFailedAllocation done
Event: 6.301 Executing VM operation: ParallelGCFailedAllocation
Event: 6.301 Executing VM operation: ParallelGCFailedAllocation done


Dynamic libraries:
0x00007ff654d10000 - 0x00007ff654d47000 	C:\Program Files\Java\jdk1.8.0_65\bin\java.exe
0x00007ffde4980000 - 0x00007ffde4b41000 	C:\WINDOWS\SYSTEM32\ntdll.dll
0x00007ffde42a0000 - 0x00007ffde434d000 	C:\WINDOWS\system32\KERNEL32.DLL
0x00007ffde19f0000 - 0x00007ffde1bd8000 	C:\WINDOWS\system32\KERNELBASE.dll
0x00007ffde1e70000 - 0x00007ffde1f17000 	C:\WINDOWS\system32\ADVAPI32.dll
0x00007ffde3800000 - 0x00007ffde389d000 	C:\WINDOWS\system32\msvcrt.dll
0x00007ffde1e10000 - 0x00007ffde1e6b000 	C:\WINDOWS\system32\sechost.dll
0x00007ffde3bd0000 - 0x00007ffde3cec000 	C:\WINDOWS\system32\RPCRT4.dll
0x00007ffde3fe0000 - 0x00007ffde4136000 	C:\WINDOWS\system32\USER32.dll
0x00007ffde3cf0000 - 0x00007ffde3e76000 	C:\WINDOWS\system32\GDI32.dll
0x00007ffddd690000 - 0x00007ffddd904000 	C:\WINDOWS\WinSxS\amd64_microsoft.windows.common-controls_6595b64144ccf1df_6.0.10586.0_none_8c15ae12515e1c22\COMCTL32.dll
0x00007ffde3950000 - 0x00007ffde3bcd000 	C:\WINDOWS\system32\combase.dll
0x00007ffde1cf0000 - 0x00007ffde1d5a000 	C:\WINDOWS\system32\bcryptPrimitives.dll
0x00007ffde1dc0000 - 0x00007ffde1dfb000 	C:\WINDOWS\system32\IMM32.DLL
0x0000000070c70000 - 0x0000000070d42000 	C:\Program Files\Java\jdk1.8.0_65\jre\bin\msvcr100.dll
0x00000000703e0000 - 0x0000000070c69000 	C:\Program Files\Java\jdk1.8.0_65\jre\bin\server\jvm.dll
0x00007ffde4290000 - 0x00007ffde4298000 	C:\WINDOWS\system32\PSAPI.DLL
0x00007ffddd9c0000 - 0x00007ffddd9ca000 	C:\WINDOWS\SYSTEM32\VERSION.dll
0x00007ffddf730000 - 0x00007ffddf753000 	C:\WINDOWS\SYSTEM32\WINMM.dll
0x00007ffdd8550000 - 0x00007ffdd8559000 	C:\WINDOWS\SYSTEM32\WSOCK32.dll
0x00007ffde4470000 - 0x00007ffde44db000 	C:\WINDOWS\system32\WS2_32.dll
0x00007ffddf6d0000 - 0x00007ffddf6fc000 	C:\WINDOWS\SYSTEM32\WINMMBASE.dll
0x00007ffde1be0000 - 0x00007ffde1c23000 	C:\WINDOWS\system32\cfgmgr32.dll
0x00000000703d0000 - 0x00000000703df000 	C:\Program Files\Java\jdk1.8.0_65\jre\bin\verify.dll
0x00000000703a0000 - 0x00000000703c9000 	C:\Program Files\Java\jdk1.8.0_65\jre\bin\java.dll
0x0000000070360000 - 0x0000000070395000 	C:\Program Files\Java\jdk1.8.0_65\jre\bin\jdwp.dll
0x0000000070350000 - 0x0000000070358000 	C:\Program Files\Java\jdk1.8.0_65\jre\bin\npt.dll
0x0000000070330000 - 0x0000000070346000 	C:\Program Files\Java\jdk1.8.0_65\jre\bin\zip.dll
0x00007ffde1f80000 - 0x00007ffde34dc000 	C:\WINDOWS\system32\SHELL32.dll
0x00007ffde11d0000 - 0x00007ffde1815000 	C:\WINDOWS\system32\windows.storage.dll
0x00007ffde36b0000 - 0x00007ffde3702000 	C:\WINDOWS\system32\shlwapi.dll
0x00007ffde0fb0000 - 0x00007ffde0fbf000 	C:\WINDOWS\system32\kernel.appcore.dll
0x00007ffde1c30000 - 0x00007ffde1ce5000 	C:\WINDOWS\system32\shcore.dll
0x00007ffde0fc0000 - 0x00007ffde100b000 	C:\WINDOWS\system32\powrprof.dll
0x00007ffde0f80000 - 0x00007ffde0f94000 	C:\WINDOWS\system32\profapi.dll
0x0000000070100000 - 0x0000000070109000 	C:\Program Files\Java\jdk1.8.0_65\jre\bin\dt_socket.dll
0x00007ffde08b0000 - 0x00007ffde090c000 	C:\WINDOWS\system32\mswsock.dll
0x00007ffdbe200000 - 0x00007ffdbe288000 	D:\Code\Java\Projects\WireEngine20\lib\native\lwjgl.dll
0x00007ffde0a80000 - 0x00007ffde0a8b000 	C:\WINDOWS\SYSTEM32\CRYPTBASE.DLL
0x00007ffdcac80000 - 0x00007ffdcacc2000 	D:\Code\Java\Projects\WireEngine20\lib\native\jemalloc.dll
0x00007ffdc2740000 - 0x00007ffdc2778000 	D:\Code\Java\Projects\WireEngine20\lib\native\glfw.dll
0x00007ffddf850000 - 0x00007ffddf8e6000 	C:\WINDOWS\system32\uxtheme.dll
0x00007ffdde650000 - 0x00007ffdde672000 	C:\WINDOWS\SYSTEM32\dwmapi.dll
0x00007ffdc7780000 - 0x00007ffdc78a9000 	C:\WINDOWS\SYSTEM32\opengl32.dll
0x00007ffdc68b0000 - 0x00007ffdc69aa000 	C:\WINDOWS\SYSTEM32\DDRAW.dll
0x00007ffdcc690000 - 0x00007ffdcc6be000 	C:\WINDOWS\SYSTEM32\GLU32.dll
0x00007ffdd6380000 - 0x00007ffdd6388000 	C:\WINDOWS\SYSTEM32\DCIMAN32.dll
0x00007ffde3e80000 - 0x00007ffde3fda000 	C:\WINDOWS\system32\MSCTF.dll
0x00007ffdca080000 - 0x00007ffdca0c9000 	C:\Program Files (x86)\TeamViewer\tv_x64.dll
0x00007ffde4140000 - 0x00007ffde4283000 	C:\WINDOWS\system32\ole32.dll
0x000000006c800000 - 0x000000006e549000 	C:\WINDOWS\SYSTEM32\nvoglv64.DLL
0x00007ffde4550000 - 0x00007ffde4979000 	C:\WINDOWS\system32\SETUPAPI.dll
0x00007ffddf2f0000 - 0x00007ffddf303000 	C:\WINDOWS\SYSTEM32\WTSAPI32.dll
0x00007ffddf9a0000 - 0x00007ffddf9c7000 	C:\WINDOWS\SYSTEM32\DEVOBJ.dll
0x00007ffde1170000 - 0x00007ffde11c5000 	C:\WINDOWS\system32\WINTRUST.dll
0x00007ffde0fa0000 - 0x00007ffde0fb0000 	C:\WINDOWS\system32\MSASN1.dll
0x00007ffde1820000 - 0x00007ffde19e7000 	C:\WINDOWS\system32\CRYPT32.dll
0x00007ffde04d0000 - 0x00007ffde0501000 	C:\WINDOWS\SYSTEM32\ntmarta.dll
0x00007ffde0220000 - 0x00007ffde0276000 	C:\WINDOWS\SYSTEM32\WINSTA.dll
0x00007ffde38a0000 - 0x00007ffde3947000 	C:\WINDOWS\system32\clbcatq.dll
0x00007ffddc360000 - 0x00007ffddc385000 	C:\Program Files (x86)\Samsung\Easy Printer Manager\SmartScreenPrint\CDAKEYMonitor64.dll
0x00007ffde3730000 - 0x00007ffde37f1000 	C:\WINDOWS\system32\OLEAUT32.dll
0x00007ffdb9de0000 - 0x00007ffdb9f6c000 	C:\WINDOWS\SYSTEM32\dbghelp.dll

VM Arguments:
jvm_args: -agentlib:jdwp=transport=dt_socket,address=127.0.0.1:58881,suspend=y,server=n -Djava.library.path=lib/native/ -Dfile.encoding=UTF-8 
java_command: main.Main
java_class_path (initial): C:\Program Files\Java\jdk1.8.0_65\jre\lib\charsets.jar;C:\Program Files\Java\jdk1.8.0_65\jre\lib\deploy.jar;C:\Program Files\Java\jdk1.8.0_65\jre\lib\ext\access-bridge-64.jar;C:\Program Files\Java\jdk1.8.0_65\jre\lib\ext\cldrdata.jar;C:\Program Files\Java\jdk1.8.0_65\jre\lib\ext\dnsns.jar;C:\Program Files\Java\jdk1.8.0_65\jre\lib\ext\jaccess.jar;C:\Program Files\Java\jdk1.8.0_65\jre\lib\ext\jfxrt.jar;C:\Program Files\Java\jdk1.8.0_65\jre\lib\ext\localedata.jar;C:\Program Files\Java\jdk1.8.0_65\jre\lib\ext\nashorn.jar;C:\Program Files\Java\jdk1.8.0_65\jre\lib\ext\sunec.jar;C:\Program Files\Java\jdk1.8.0_65\jre\lib\ext\sunjce_provider.jar;C:\Program Files\Java\jdk1.8.0_65\jre\lib\ext\sunmscapi.jar;C:\Program Files\Java\jdk1.8.0_65\jre\lib\ext\sunpkcs11.jar;C:\Program Files\Java\jdk1.8.0_65\jre\lib\ext\zipfs.jar;C:\Program Files\Java\jdk1.8.0_65\jre\lib\javaws.jar;C:\Program Files\Java\jdk1.8.0_65\jre\lib\jce.jar;C:\Program Files\Java\jdk1.8.0_65\jre\lib\jfr.jar;C:\Program Files\Java\jdk1.8.0_65\jre\lib\jfxswt.jar;C:\Program Files\Java\jdk1.8.0_65\jre\lib\jsse.jar;C:\Program Files\Java\jdk1.8.0_65\jre\lib\management-agent.jar;C:\Program Files\Java\jdk1.8.0_65\jre\lib\plugin.jar;C:\Program Files\Java\jdk1.8.0_65\jre\lib\resources.jar;C:\Program Files\Java\jdk1.8.0_65\jre\lib\rt.jar;D:\Code\Java\Projects\WireEngine20\out\production\WireEngine20;D:\Code\Java\Projects\WireEngine20\lib\jar\lwjgl.jar;D:\Code\Java\Projects\WireEngine20\lib\jar\slick-util.jar;D:\Program Files (x86)\JetBrains\IntelliJ IDEA 2016.1\lib\idea_rt.jar
Launcher Type: SUN_STANDARD

Environment Variables:
JAVA_HOME=C:\Program Files\Java\jdk1.8.0_65
PATH=C:\ProgramData\Oracle\Java\javapath;C:\Program Files (x86)\Razer Chroma SDK\bin;C:\Program Files\Razer Chroma SDK\bin;C:\Program Files (x86)\NVIDIA Corporation\PhysX\Common;C:\Program Files (x86)\Intel\iCLS Client\;C:\Program Files\Intel\iCLS Client\;C:\Windows\system32;C:\Windows;C:\Windows\System32\Wbem;C:\Windows\System32\WindowsPowerShell\v1.0\;C:\Program Files\Intel\Intel(R) Management Engine Components\DAL;C:\Program Files (x86)\Intel\Intel(R) Management Engine Components\DAL;C:\Program Files\Intel\Intel(R) Management Engine Components\IPT;C:\Program Files (x86)\Intel\Intel(R) Management Engine Components\IPT;C:\Program Files\Java\jre1.8.0_65\bin;C:\MinGW\bin;C:\WINDOWS\system32;C:\WINDOWS;C:\WINDOWS\System32\Wbem;C:\WINDOWS\System32\WindowsPowerShell\v1.0\;D:\Program Files (x86)\CMake\bin;D:\Program Files\Programs\Python\Python35-32;D:\Program Files\Programs\Python\Python35-32\Scripts;C:\Program Files (x86)\Skype\Phone\;D:\Program Files\Programs\Python\Python35-32\Scripts\;D:\Program Files\Programs\Python\Python35-32\
USERNAME=Kelan
OS=Windows_NT
PROCESSOR_IDENTIFIER=Intel64 Family 6 Model 60 Stepping 3, GenuineIntel



---------------  S Y S T E M  ---------------

OS: Windows 10.0 , 64 bit Build 10586 (10.0.10586.0)

CPU:total 8 (4 cores per cpu, 2 threads per core) family 6 model 60 stepping 3, cmov, cx8, fxsr, mmx, sse, sse2, sse3, ssse3, sse4.1, sse4.2, popcnt, avx, avx2, aes, clmul, erms, lzcnt, ht, tsc, tscinvbit, bmi1, bmi2

Memory: 4k page, physical 16609500k(1287840k free), swap 33386716k(13901576k free)

vm_info: Java HotSpot(TM) 64-Bit Server VM (25.65-b01) for windows-amd64 JRE (1.8.0_65-b17), built on Oct  6 2015 16:39:20 by "java_re" with MS VC++ 10.0 (VS2010)

time: Wed Apr 13 15:39:29 2016
elapsed time: 6 seconds (0d 0h 0m 6s)

