#
# A fatal error has been detected by the Java Runtime Environment:
#
#  EXCEPTION_ACCESS_VIOLATION (0xc0000005) at pc=0x00007ffb2f2124b9, pid=1260, tid=12532
#
# JRE version: Java(TM) SE Runtime Environment (8.0_65-b17) (build 1.8.0_65-b17)
# Java VM: Java HotSpot(TM) 64-Bit Server VM (25.65-b01 mixed mode windows-amd64 compressed oops)
# Problematic frame:
# C  [glfw.dll+0x24b9]
#
# Failed to write core dump. Minidumps are not enabled by default on client versions of Windows
#
# If you would like to submit a bug report, please visit:
#   http://bugreport.java.com/bugreport/crash.jsp
# The crash happened outside the Java Virtual Machine in native code.
# See problematic frame for where to report the bug.
#

---------------  T H R E A D  ---------------

Current thread (0x000000001e271800):  JavaThread "CLIENT" [_thread_in_native, id=12532, stack(0x000000001ef80000,0x000000001f080000)]

siginfo: ExceptionCode=0xc0000005, reading address 0x0000000000000000

Registers:
RAX=0x0000000000000000, RBX=0x000000001ba43030, RCX=0x0000000000000000, RDX=0x0000000000000000
RSP=0x000000001f07f300, RBP=0x000000001f07f390, RSI=0x0000000000000e88, RDI=0x00000000005acb80
R8 =0x000000001f07f2f8, R9 =0x000000001f07f390, R10=0x0000000000000000, R11=0x0000000000000246
R12=0x0000000000000000, R13=0x000000001f07f3a8, R14=0x000000001f07f380, R15=0x000000001e271800
RIP=0x00007ffb2f2124b9, EFLAGS=0x0000000000010283

Top of Stack: (sp=0x000000001f07f300)
0x000000001f07f300:   0000000000000000 0000000000000e88
0x000000001f07f310:   000000001b9e8ba8 000000001bfc14e0
0x000000001f07f320:   0000000002627d8d 0000000002a9e68a
0x000000001f07f330:   000000001ba43030 000000006c6faea4
0x000000001f07f340:   000000001e271800 000000001e271800
0x000000001f07f350:   000000001e271800 0000000000000000
0x000000001f07f360:   000000001e261490 000000006c685eba
0x000000001f07f370:   000000001f07fa48 000000001f07f408
0x000000001f07f380:   00000006c2808218 0000000002627d8d
0x000000001f07f390:   000000001f07f408 0000000002627d8d
0x000000001f07f3a0:   0000000002627d8d 00000000005acb80
0x000000001f07f3b0:   00000000026278a0 00007ffb2f212420
0x000000001f07f3c0:   0000000000000001 000000001f07f3c8
0x000000001f07f3d0:   000000001ba5f0bc 000000001f07f430
0x000000001f07f3e0:   000000001ba610a0 0000000000000000
0x000000001f07f3f0:   000000001ba5f0e8 000000001f07f3a8 

Instructions: (pc=0x00007ffb2f2124b9)
0x00007ffb2f212499:   48 8b cf e8 1f 3a 00 00 48 39 3d f0 d5 02 00 48
0x00007ffb2f2124a9:   8d 0d e9 d5 02 00 48 8b 5c 24 30 74 08 48 8b 09
0x00007ffb2f2124b9:   48 39 39 75 f8 48 8b 07 48 89 01 48 8b cf 48 83
0x00007ffb2f2124c9:   c4 20 5f e9 5b fe 00 00 48 83 c4 20 5f c3 cc cc 


Register to memory mapping:

RAX=0x0000000000000000 is an unknown value
RBX={method} {0x000000001ba43038} 'invokePV' '(JJ)V' in 'org/lwjgl/system/JNI'
RCX=0x0000000000000000 is an unknown value
RDX=0x0000000000000000 is an unknown value
RSP=0x000000001f07f300 is pointing into the stack for thread: 0x000000001e271800
RBP=0x000000001f07f390 is pointing into the stack for thread: 0x000000001e271800
RSI=0x0000000000000e88 is an unknown value
RDI=0x00000000005acb80 is an unknown value
R8 =0x000000001f07f2f8 is pointing into the stack for thread: 0x000000001e271800
R9 =0x000000001f07f390 is pointing into the stack for thread: 0x000000001e271800
R10=0x0000000000000000 is an unknown value
R11=0x0000000000000246 is an unknown value
R12=0x0000000000000000 is an unknown value
R13=0x000000001f07f3a8 is pointing into the stack for thread: 0x000000001e271800
R14=0x000000001f07f380 is pointing into the stack for thread: 0x000000001e271800
R15=0x000000001e271800 is a thread


Stack: [0x000000001ef80000,0x000000001f080000],  sp=0x000000001f07f300,  free space=1020k
Native frames: (J=compiled Java code, j=interpreted, Vv=VM code, C=native code)
C  [glfw.dll+0x24b9]
C  0x0000000002a9e68a

Java frames: (J=compiled Java code, j=interpreted, Vv=VM code)
J 845  org.lwjgl.system.JNI.invokePV(JJ)V (0 bytes) @ 0x0000000002a9e604 [0x0000000002a9e5c0+0x44]
j  org.lwjgl.glfw.GLFW.glfwDestroyCursor(J)V+20
j  main.client.Window.destroyWindow()V+9
j  main.coreEngine.Engine.stop()V+70
j  main.client.Window.update()V+33
J 865 C1 main.client.renderEngine.RenderEngine.render()V (60 bytes) @ 0x0000000002ab705c [0x0000000002ab5f20+0x113c]
J 849 C1 main.client.ClientThread.tick()V (16 bytes) @ 0x0000000002aa8c34 [0x0000000002aa8780+0x4b4]
j  main.coreEngine.TickableThread.run()V+469
v  ~StubRoutines::call_stub

---------------  P R O C E S S  ---------------

Java Threads: ( => current thread )
  0x000000001e273800 JavaThread "SERVER" [_thread_in_Java, id=264, stack(0x000000001f080000,0x000000001f180000)]
=>0x000000001e271800 JavaThread "CLIENT" [_thread_in_native, id=12532, stack(0x000000001ef80000,0x000000001f080000)]
  0x000000001e178800 JavaThread "Service Thread" daemon [_thread_blocked, id=9128, stack(0x000000001ed80000,0x000000001ee80000)]
  0x000000001e0e3000 JavaThread "C1 CompilerThread3" daemon [_thread_blocked, id=11364, stack(0x000000001ec80000,0x000000001ed80000)]
  0x000000001e0da000 JavaThread "C2 CompilerThread2" daemon [_thread_blocked, id=11972, stack(0x000000001eb80000,0x000000001ec80000)]
  0x000000001e0d9000 JavaThread "C2 CompilerThread1" daemon [_thread_blocked, id=1836, stack(0x000000001ea80000,0x000000001eb80000)]
  0x000000001e0de000 JavaThread "C2 CompilerThread0" daemon [_thread_blocked, id=9444, stack(0x000000001e980000,0x000000001ea80000)]
  0x000000001e0bf800 JavaThread "JDWP Command Reader" daemon [_thread_in_native, id=1824, stack(0x000000001e880000,0x000000001e980000)]
  0x000000001e0be800 JavaThread "JDWP Event Helper Thread" daemon [_thread_blocked, id=9080, stack(0x000000001e780000,0x000000001e880000)]
  0x000000001e0bc800 JavaThread "JDWP Transport Listener: dt_socket" daemon [_thread_blocked, id=2968, stack(0x000000001e680000,0x000000001e780000)]
  0x000000001e0a7000 JavaThread "Attach Listener" daemon [_thread_blocked, id=4816, stack(0x000000001e580000,0x000000001e680000)]
  0x000000001e0a6000 JavaThread "Signal Dispatcher" daemon [_thread_blocked, id=404, stack(0x000000001e480000,0x000000001e580000)]
  0x000000000261b000 JavaThread "Finalizer" daemon [_thread_blocked, id=7440, stack(0x000000001dea0000,0x000000001dfa0000)]
  0x000000001bfbd000 JavaThread "Reference Handler" daemon [_thread_blocked, id=568, stack(0x000000001dda0000,0x000000001dea0000)]
  0x0000000000a9e000 JavaThread "main" [_thread_in_Java, id=8076, stack(0x0000000000b00000,0x0000000000c00000)]

Other Threads:
  0x000000001bfb9000 VMThread [stack: 0x000000001dca0000,0x000000001dda0000] [id=6100]
  0x000000001e191800 WatcherThread [stack: 0x000000001ee80000,0x000000001ef80000] [id=4308]

VM state:not at safepoint (normal execution)

VM Mutex/Monitor currently owned by a thread: None

Heap:
 PSYoungGen      total 335872K, used 176793K [0x000000076b800000, 0x00000007bbb80000, 0x00000007c0000000)
  eden space 335360K, 52% used [0x000000076b800000,0x000000077646e630,0x000000077ff80000)
  from space 512K, 43% used [0x00000007bbb00000,0x00000007bbb38000,0x00000007bbb80000)
  to   space 2560K, 0% used [0x00000007bb680000,0x00000007bb680000,0x00000007bb900000)
 ParOldGen       total 173568K, used 27559K [0x00000006c2800000, 0x00000006cd180000, 0x000000076b800000)
  object space 173568K, 15% used [0x00000006c2800000,0x00000006c42e9e90,0x00000006cd180000)
 Metaspace       used 8435K, capacity 8774K, committed 8960K, reserved 1056768K
  class space    used 665K, capacity 690K, committed 768K, reserved 1048576K

Card table byte_map: [0x00000000119e0000,0x00000000121d0000] byte_map_base: 0x000000000e3cc000

Marking Bits: (ParMarkBitMap*) 0x000000006cdda5b0
 Begin Bits: [0x0000000012f20000, 0x0000000016e80000)
 End Bits:   [0x0000000016e80000, 0x000000001ade0000)

Polling page: 0x0000000000550000

CodeCache: size=245760Kb used=4705Kb max_used=4717Kb free=241054Kb
 bounds [0x0000000002620000, 0x0000000002ac0000, 0x0000000011620000]
 total_blobs=1536 nmethods=877 adapters=580
 compilation: enabled

Compilation events (10 events):
Event: 15.550 Thread 0x000000001e0e3000 nmethod 872 0x0000000002ab38d0 code [0x0000000002ab3a20, 0x0000000002ab3b70]
Event: 15.550 Thread 0x000000001e0e3000  873       3       main.client.InputHandler::keyPressed (15 bytes)
Event: 15.550 Thread 0x000000001e0e3000 nmethod 873 0x0000000002ab3490 code [0x0000000002ab3600, 0x0000000002ab37d0]
Event: 15.550 Thread 0x000000001e0da000 nmethod 874 0x0000000002ab2f90 code [0x0000000002ab30e0, 0x0000000002ab3268]
Event: 15.550 Thread 0x000000001e0e3000  876       3       main.client.Window::isCloseRequested (16 bytes)
Event: 15.551 Thread 0x000000001e0e3000 nmethod 876 0x0000000002abbd90 code [0x0000000002abbf40, 0x0000000002abc378]
Event: 15.551 Thread 0x000000001e0e3000  877       3       org.lwjgl.glfw.GLFW::glfwWindowShouldClose (24 bytes)
Event: 15.551 Thread 0x000000001e0e3000 nmethod 877 0x0000000002abb6d0 code [0x0000000002abb860, 0x0000000002abbbb8]
Event: 16.293 Thread 0x000000001e0de000  879  s    4       java.nio.Bits::unreserveMemory (58 bytes)
Event: 16.294 Thread 0x000000001e0de000 nmethod 879 0x0000000002abe310 code [0x0000000002abe460, 0x0000000002abe738]

GC Heap History (10 events):
Event: 15.128 GC heap before
{Heap before GC invocations=36 (full 0):
 PSYoungGen      total 419328K, used 415904K [0x000000076b800000, 0x00000007bc280000, 0x00000007c0000000)
  eden space 415744K, 100% used [0x000000076b800000,0x0000000784e00000,0x0000000784e00000)
  from space 3584K, 4% used [0x00000007bbb80000,0x00000007bbba8000,0x00000007bbf00000)
  to   space 3072K, 0% used [0x00000007bbf80000,0x00000007bbf80000,0x00000007bc280000)
 ParOldGen       total 173568K, used 27551K [0x00000006c2800000, 0x00000006cd180000, 0x000000076b800000)
  object space 173568K, 15% used [0x00000006c2800000,0x00000006c42e7e90,0x00000006cd180000)
 Metaspace       used 8428K, capacity 8774K, committed 8960K, reserved 1056768K
  class space    used 665K, capacity 690K, committed 768K, reserved 1048576K
Event: 15.129 GC heap after
Heap after GC invocations=36 (full 0):
 PSYoungGen      total 398336K, used 224K [0x000000076b800000, 0x00000007bc000000, 0x00000007c0000000)
  eden space 397824K, 0% used [0x000000076b800000,0x000000076b800000,0x0000000783c80000)
  from space 512K, 43% used [0x00000007bbf80000,0x00000007bbfb8000,0x00000007bc000000)
  to   space 3072K, 0% used [0x00000007bba00000,0x00000007bba00000,0x00000007bbd00000)
 ParOldGen       total 173568K, used 27551K [0x00000006c2800000, 0x00000006cd180000, 0x000000076b800000)
  object space 173568K, 15% used [0x00000006c2800000,0x00000006c42e7e90,0x00000006cd180000)
 Metaspace       used 8428K, capacity 8774K, committed 8960K, reserved 1056768K
  class space    used 665K, capacity 690K, committed 768K, reserved 1048576K
}
Event: 15.449 GC heap before
{Heap before GC invocations=37 (full 0):
 PSYoungGen      total 398336K, used 398048K [0x000000076b800000, 0x00000007bc000000, 0x00000007c0000000)
  eden space 397824K, 100% used [0x000000076b800000,0x0000000783c80000,0x0000000783c80000)
  from space 512K, 43% used [0x00000007bbf80000,0x00000007bbfb8000,0x00000007bc000000)
  to   space 3072K, 0% used [0x00000007bba00000,0x00000007bba00000,0x00000007bbd00000)
 ParOldGen       total 173568K, used 27551K [0x00000006c2800000, 0x00000006cd180000, 0x000000076b800000)
  object space 173568K, 15% used [0x00000006c2800000,0x00000006c42e7e90,0x00000006cd180000)
 Metaspace       used 8428K, capacity 8774K, committed 8960K, reserved 1056768K
  class space    used 665K, capacity 690K, committed 768K, reserved 1048576K
Event: 15.449 GC heap after
Heap after GC invocations=37 (full 0):
 PSYoungGen      total 384000K, used 224K [0x000000076b800000, 0x00000007bc000000, 0x00000007c0000000)
  eden space 380928K, 0% used [0x000000076b800000,0x000000076b800000,0x0000000782c00000)
  from space 3072K, 7% used [0x00000007bba00000,0x00000007bba38000,0x00000007bbd00000)
  to   space 3072K, 0% used [0x00000007bbd00000,0x00000007bbd00000,0x00000007bc000000)
 ParOldGen       total 173568K, used 27551K [0x00000006c2800000, 0x00000006cd180000, 0x000000076b800000)
  object space 173568K, 15% used [0x00000006c2800000,0x00000006c42e7e90,0x00000006cd180000)
 Metaspace       used 8428K, capacity 8774K, committed 8960K, reserved 1056768K
  class space    used 665K, capacity 690K, committed 768K, reserved 1048576K
}
Event: 15.739 GC heap before
{Heap before GC invocations=38 (full 0):
 PSYoungGen      total 384000K, used 381152K [0x000000076b800000, 0x00000007bc000000, 0x00000007c0000000)
  eden space 380928K, 100% used [0x000000076b800000,0x0000000782c00000,0x0000000782c00000)
  from space 3072K, 7% used [0x00000007bba00000,0x00000007bba38000,0x00000007bbd00000)
  to   space 3072K, 0% used [0x00000007bbd00000,0x00000007bbd00000,0x00000007bc000000)
 ParOldGen       total 173568K, used 27551K [0x00000006c2800000, 0x00000006cd180000, 0x000000076b800000)
  object space 173568K, 15% used [0x00000006c2800000,0x00000006c42e7e90,0x00000006cd180000)
 Metaspace       used 8435K, capacity 8774K, committed 8960K, reserved 1056768K
  class space    used 665K, capacity 690K, committed 768K, reserved 1048576K
Event: 15.740 GC heap after
Heap after GC invocations=38 (full 0):
 PSYoungGen      total 365568K, used 224K [0x000000076b800000, 0x00000007bbd80000, 0x00000007c0000000)
  eden space 365056K, 0% used [0x000000076b800000,0x000000076b800000,0x0000000781c80000)
  from space 512K, 43% used [0x00000007bbd00000,0x00000007bbd38000,0x00000007bbd80000)
  to   space 2560K, 0% used [0x00000007bb880000,0x00000007bb880000,0x00000007bbb00000)
 ParOldGen       total 173568K, used 27551K [0x00000006c2800000, 0x00000006cd180000, 0x000000076b800000)
  object space 173568K, 15% used [0x00000006c2800000,0x00000006c42e7e90,0x00000006cd180000)
 Metaspace       used 8435K, capacity 8774K, committed 8960K, reserved 1056768K
  class space    used 665K, capacity 690K, committed 768K, reserved 1048576K
}
Event: 16.028 GC heap before
{Heap before GC invocations=39 (full 0):
 PSYoungGen      total 365568K, used 365280K [0x000000076b800000, 0x00000007bbd80000, 0x00000007c0000000)
  eden space 365056K, 100% used [0x000000076b800000,0x0000000781c80000,0x0000000781c80000)
  from space 512K, 43% used [0x00000007bbd00000,0x00000007bbd38000,0x00000007bbd80000)
  to   space 2560K, 0% used [0x00000007bb880000,0x00000007bb880000,0x00000007bbb00000)
 ParOldGen       total 173568K, used 27551K [0x00000006c2800000, 0x00000006cd180000, 0x000000076b800000)
  object space 173568K, 15% used [0x00000006c2800000,0x00000006c42e7e90,0x00000006cd180000)
 Metaspace       used 8435K, capacity 8774K, committed 8960K, reserved 1056768K
  class space    used 665K, capacity 690K, committed 768K, reserved 1048576K
Event: 16.029 GC heap after
Heap after GC invocations=39 (full 0):
 PSYoungGen      total 352256K, used 224K [0x000000076b800000, 0x00000007bbd80000, 0x00000007c0000000)
  eden space 349696K, 0% used [0x000000076b800000,0x000000076b800000,0x0000000780d80000)
  from space 2560K, 8% used [0x00000007bb880000,0x00000007bb8b8000,0x00000007bbb00000)
  to   space 2560K, 0% used [0x00000007bbb00000,0x00000007bbb00000,0x00000007bbd80000)
 ParOldGen       total 173568K, used 27559K [0x00000006c2800000, 0x00000006cd180000, 0x000000076b800000)
  object space 173568K, 15% used [0x00000006c2800000,0x00000006c42e9e90,0x00000006cd180000)
 Metaspace       used 8435K, capacity 8774K, committed 8960K, reserved 1056768K
  class space    used 665K, capacity 690K, committed 768K, reserved 1048576K
}
Event: 16.293 GC heap before
{Heap before GC invocations=40 (full 0):
 PSYoungGen      total 352256K, used 349920K [0x000000076b800000, 0x00000007bbd80000, 0x00000007c0000000)
  eden space 349696K, 100% used [0x000000076b800000,0x0000000780d80000,0x0000000780d80000)
  from space 2560K, 8% used [0x00000007bb880000,0x00000007bb8b8000,0x00000007bbb00000)
  to   space 2560K, 0% used [0x00000007bbb00000,0x00000007bbb00000,0x00000007bbd80000)
 ParOldGen       total 173568K, used 27559K [0x00000006c2800000, 0x00000006cd180000, 0x000000076b800000)
  object space 173568K, 15% used [0x00000006c2800000,0x00000006c42e9e90,0x00000006cd180000)
 Metaspace       used 8435K, capacity 8774K, committed 8960K, reserved 1056768K
  class space    used 665K, capacity 690K, committed 768K, reserved 1048576K
Event: 16.293 GC heap after
Heap after GC invocations=40 (full 0):
 PSYoungGen      total 335872K, used 224K [0x000000076b800000, 0x00000007bbb80000, 0x00000007c0000000)
  eden space 335360K, 0% used [0x000000076b800000,0x000000076b800000,0x000000077ff80000)
  from space 512K, 43% used [0x00000007bbb00000,0x00000007bbb38000,0x00000007bbb80000)
  to   space 2560K, 0% used [0x00000007bb680000,0x00000007bb680000,0x00000007bb900000)
 ParOldGen       total 173568K, used 27559K [0x00000006c2800000, 0x00000006cd180000, 0x000000076b800000)
  object space 173568K, 15% used [0x00000006c2800000,0x00000006c42e9e90,0x00000006cd180000)
 Metaspace       used 8435K, capacity 8774K, committed 8960K, reserved 1056768K
  class space    used 665K, capacity 690K, committed 768K, reserved 1048576K
}

Deoptimization events (10 events):
Event: 1.440 Thread 0x000000001e271800 Uncommon trap: reason=class_check action=maybe_recompile pc=0x00000000028f1504 method=sun.misc.FloatingDecimal.parseFloat(Ljava/lang/String;)F @ 4
Event: 1.440 Thread 0x000000001e271800 Uncommon trap: reason=class_check action=maybe_recompile pc=0x00000000028f1504 method=sun.misc.FloatingDecimal.parseFloat(Ljava/lang/String;)F @ 4
Event: 1.440 Thread 0x000000001e271800 Uncommon trap: reason=class_check action=maybe_recompile pc=0x00000000028f1504 method=sun.misc.FloatingDecimal.parseFloat(Ljava/lang/String;)F @ 4
Event: 1.440 Thread 0x000000001e271800 Uncommon trap: reason=class_check action=maybe_recompile pc=0x00000000028f1504 method=sun.misc.FloatingDecimal.parseFloat(Ljava/lang/String;)F @ 4
Event: 1.441 Thread 0x000000001e271800 Uncommon trap: reason=unstable_if action=reinterpret pc=0x000000000294ee50 method=main.client.renderEngine.mesh.MeshBuilder.processFace(Ljava/lang/String;Lmain/client/renderEngine/mesh/MeshBuilder;)Z @ 114
Event: 1.444 Thread 0x000000001e271800 Uncommon trap: reason=bimorphic action=maybe_recompile pc=0x000000000276f638 method=java.util.HashMap.getNode(ILjava/lang/Object;)Ljava/util/HashMap$Node; @ 126
Event: 1.508 Thread 0x000000001e271800 Uncommon trap: reason=unstable_if action=reinterpret pc=0x00000000028eb510 method=main.coreEngine.TickableThread.run()V @ 461
Event: 1.516 Thread 0x000000001e273800 Uncommon trap: reason=unstable_if action=reinterpret pc=0x00000000028eb510 method=main.coreEngine.TickableThread.run()V @ 461
Event: 1.523 Thread 0x000000001e271800 Uncommon trap: reason=unstable_if action=reinterpret pc=0x0000000002957bf0 method=java.lang.Integer.valueOf(I)Ljava/lang/Integer; @ 10
Event: 1.533 Thread 0x0000000000a9e000 Uncommon trap: reason=unstable_if action=reinterpret pc=0x0000000002a193b0 method=main.coreEngine.Engine.start()V @ 163

Internal exceptions (9 events):
Event: 0.024 Thread 0x0000000000a9e000 Exception <a 'java/lang/NoSuchMethodError': Method sun.misc.Unsafe.defineClass(Ljava/lang/String;[BII)Ljava/lang/Class; name or signature does not match> (0x000000076b80da30) thrown at [C:\workspace\8-2-build-windows-amd64-cygwin\jdk8u65\4987\hotspot\src\sΩb≠°Å|ò?
Event: 0.024 Thread 0x0000000000a9e000 Exception <a 'java/lang/NoSuchMethodError': Method sun.misc.Unsafe.prefetchRead(Ljava/lang/Object;J)V name or signature does not match> (0x000000076b80dd18) thrown at [C:\workspace\8-2-build-windows-amd64-cygwin\jdk8u65\4987\hotspot\src\share\vm\prims\jni.Ä¸Éy<˛ÿ?
Event: 0.391 Thread 0x000000001e271800 Implicit null exception at 0x0000000002779bcf to 0x0000000002779f35
Event: 0.391 Thread 0x000000001e271800 Exception <a 'java/security/PrivilegedActionException'> (0x000000076cad1420) thrown at [C:\workspace\8-2-build-windows-amd64-cygwin\jdk8u65\4987\hotspot\src\share\vm\prims\jvm.cpp, line 1386]
Event: 0.391 Thread 0x000000001e271800 Exception <a 'java/security/PrivilegedActionException'> (0x000000076cad1818) thrown at [C:\workspace\8-2-build-windows-amd64-cygwin\jdk8u65\4987\hotspot\src\share\vm\prims\jvm.cpp, line 1386]
Event: 0.392 Thread 0x000000001e271800 Exception <a 'java/security/PrivilegedActionException'> (0x000000076cad5a30) thrown at [C:\workspace\8-2-build-windows-amd64-cygwin\jdk8u65\4987\hotspot\src\share\vm\prims\jvm.cpp, line 1386]
Event: 0.392 Thread 0x000000001e271800 Exception <a 'java/security/PrivilegedActionException'> (0x000000076cad5e28) thrown at [C:\workspace\8-2-build-windows-amd64-cygwin\jdk8u65\4987\hotspot\src\share\vm\prims\jvm.cpp, line 1386]
Event: 0.396 Thread 0x000000001e271800 Implicit null exception at 0x0000000002774ab9 to 0x0000000002774e7d
Event: 0.822 Thread 0x0000000000a9e000 Implicit null exception at 0x0000000002783f04 to 0x00000000027844c7

Events (10 events):
Event: 15.128 Executing VM operation: ParallelGCFailedAllocation
Event: 15.129 Executing VM operation: ParallelGCFailedAllocation done
Event: 15.449 Executing VM operation: ParallelGCFailedAllocation
Event: 15.449 Executing VM operation: ParallelGCFailedAllocation done
Event: 15.739 Executing VM operation: ParallelGCFailedAllocation
Event: 15.740 Executing VM operation: ParallelGCFailedAllocation done
Event: 16.028 Executing VM operation: ParallelGCFailedAllocation
Event: 16.029 Executing VM operation: ParallelGCFailedAllocation done
Event: 16.292 Executing VM operation: ParallelGCFailedAllocation
Event: 16.293 Executing VM operation: ParallelGCFailedAllocation done


Dynamic libraries:
0x00007ff603aa0000 - 0x00007ff603ad7000 	C:\Program Files\Java\jdk1.8.0_65\bin\java.exe
0x00007ffb48720000 - 0x00007ffb488e1000 	C:\WINDOWS\SYSTEM32\ntdll.dll
0x00007ffb48170000 - 0x00007ffb4821d000 	C:\WINDOWS\system32\KERNEL32.DLL
0x00007ffb45560000 - 0x00007ffb45748000 	C:\WINDOWS\system32\KERNELBASE.dll
0x00007ffb47a50000 - 0x00007ffb47af7000 	C:\WINDOWS\system32\ADVAPI32.dll
0x00007ffb480d0000 - 0x00007ffb4816d000 	C:\WINDOWS\system32\msvcrt.dll
0x00007ffb47b00000 - 0x00007ffb47b5b000 	C:\WINDOWS\system32\sechost.dll
0x00007ffb47700000 - 0x00007ffb4781c000 	C:\WINDOWS\system32\RPCRT4.dll
0x00007ffb485c0000 - 0x00007ffb48716000 	C:\WINDOWS\system32\USER32.dll
0x00007ffb48220000 - 0x00007ffb483a6000 	C:\WINDOWS\system32\GDI32.dll
0x00007ffb41530000 - 0x00007ffb417a4000 	C:\WINDOWS\WinSxS\amd64_microsoft.windows.common-controls_6595b64144ccf1df_6.0.10586.0_none_8c15ae12515e1c22\COMCTL32.dll
0x00007ffb45b00000 - 0x00007ffb45d7d000 	C:\WINDOWS\system32\combase.dll
0x00007ffb45920000 - 0x00007ffb4598a000 	C:\WINDOWS\system32\bcryptPrimitives.dll
0x00007ffb45f90000 - 0x00007ffb45fcb000 	C:\WINDOWS\system32\IMM32.DLL
0x000000006ce60000 - 0x000000006cf32000 	C:\Program Files\Java\jdk1.8.0_65\jre\bin\msvcr100.dll
0x000000006c5d0000 - 0x000000006ce59000 	C:\Program Files\Java\jdk1.8.0_65\jre\bin\server\jvm.dll
0x00007ffb475a0000 - 0x00007ffb475a8000 	C:\WINDOWS\system32\PSAPI.DLL
0x00007ffb3c060000 - 0x00007ffb3c069000 	C:\WINDOWS\SYSTEM32\WSOCK32.dll
0x00007ffb418d0000 - 0x00007ffb418da000 	C:\WINDOWS\SYSTEM32\VERSION.dll
0x00007ffb42fa0000 - 0x00007ffb42fc3000 	C:\WINDOWS\SYSTEM32\WINMM.dll
0x00007ffb48420000 - 0x00007ffb4848b000 	C:\WINDOWS\system32\WS2_32.dll
0x00007ffb42f40000 - 0x00007ffb42f6c000 	C:\WINDOWS\SYSTEM32\WINMMBASE.dll
0x00007ffb45ab0000 - 0x00007ffb45af3000 	C:\WINDOWS\system32\cfgmgr32.dll
0x000000006c5c0000 - 0x000000006c5cf000 	C:\Program Files\Java\jdk1.8.0_65\jre\bin\verify.dll
0x000000006c590000 - 0x000000006c5b9000 	C:\Program Files\Java\jdk1.8.0_65\jre\bin\java.dll
0x000000006c550000 - 0x000000006c585000 	C:\Program Files\Java\jdk1.8.0_65\jre\bin\jdwp.dll
0x000000006c540000 - 0x000000006c548000 	C:\Program Files\Java\jdk1.8.0_65\jre\bin\npt.dll
0x000000006c520000 - 0x000000006c536000 	C:\Program Files\Java\jdk1.8.0_65\jre\bin\zip.dll
0x00007ffb45fd0000 - 0x00007ffb4752c000 	C:\WINDOWS\system32\SHELL32.dll
0x00007ffb44ef0000 - 0x00007ffb45535000 	C:\WINDOWS\system32\windows.storage.dll
0x00007ffb483c0000 - 0x00007ffb48412000 	C:\WINDOWS\system32\shlwapi.dll
0x00007ffb44da0000 - 0x00007ffb44daf000 	C:\WINDOWS\system32\kernel.appcore.dll
0x00007ffb459f0000 - 0x00007ffb45aa5000 	C:\WINDOWS\system32\shcore.dll
0x00007ffb44d50000 - 0x00007ffb44d9b000 	C:\WINDOWS\system32\powrprof.dll
0x00007ffb44d20000 - 0x00007ffb44d34000 	C:\WINDOWS\system32\profapi.dll
0x000000006c510000 - 0x000000006c519000 	C:\Program Files\Java\jdk1.8.0_65\jre\bin\dt_socket.dll
0x00007ffb44650000 - 0x00007ffb446ac000 	C:\WINDOWS\system32\mswsock.dll
0x00007ffb26e40000 - 0x00007ffb26ec8000 	D:\Code\Java\Projects\WireEngine20\lib\native\lwjgl.dll
0x00007ffb44820000 - 0x00007ffb4482b000 	C:\WINDOWS\SYSTEM32\CRYPTBASE.DLL
0x00007ffb31e50000 - 0x00007ffb31e92000 	D:\Code\Java\Projects\WireEngine20\lib\native\jemalloc.dll
0x00007ffb2f210000 - 0x00007ffb2f248000 	D:\Code\Java\Projects\WireEngine20\lib\native\glfw.dll
0x00007ffb436a0000 - 0x00007ffb43736000 	C:\WINDOWS\system32\uxtheme.dll
0x00007ffb42950000 - 0x00007ffb42972000 	C:\WINDOWS\SYSTEM32\dwmapi.dll
0x00007ffb2da30000 - 0x00007ffb2db59000 	C:\WINDOWS\SYSTEM32\opengl32.dll
0x00007ffb3a050000 - 0x00007ffb3a07e000 	C:\WINDOWS\SYSTEM32\GLU32.dll
0x00007ffb2fd50000 - 0x00007ffb2fe4a000 	C:\WINDOWS\SYSTEM32\DDRAW.dll
0x00007ffb40230000 - 0x00007ffb40238000 	C:\WINDOWS\SYSTEM32\DCIMAN32.dll
0x00007ffb478f0000 - 0x00007ffb47a4a000 	C:\WINDOWS\system32\MSCTF.dll
0x00007ffb2cbb0000 - 0x00007ffb2cbf9000 	C:\Program Files (x86)\TeamViewer\tv_x64.dll
0x00007ffb475b0000 - 0x00007ffb476f3000 	C:\WINDOWS\system32\ole32.dll
0x000000006a7c0000 - 0x000000006c509000 	C:\WINDOWS\SYSTEM32\nvoglv64.DLL
0x00007ffb47c20000 - 0x00007ffb48049000 	C:\WINDOWS\system32\SETUPAPI.dll
0x00007ffb42d00000 - 0x00007ffb42d13000 	C:\WINDOWS\SYSTEM32\WTSAPI32.dll
0x00007ffb437f0000 - 0x00007ffb43817000 	C:\WINDOWS\SYSTEM32\DEVOBJ.dll
0x00007ffb45990000 - 0x00007ffb459e5000 	C:\WINDOWS\system32\WINTRUST.dll
0x00007ffb44d40000 - 0x00007ffb44d50000 	C:\WINDOWS\system32\MSASN1.dll
0x00007ffb45750000 - 0x00007ffb45917000 	C:\WINDOWS\system32\CRYPT32.dll
0x00007ffb44270000 - 0x00007ffb442a1000 	C:\WINDOWS\SYSTEM32\ntmarta.dll
0x00007ffb43fc0000 - 0x00007ffb44016000 	C:\WINDOWS\SYSTEM32\WINSTA.dll
0x00007ffb47b70000 - 0x00007ffb47c17000 	C:\WINDOWS\system32\clbcatq.dll
0x00007ffb3d0b0000 - 0x00007ffb3d0d5000 	C:\Program Files (x86)\Samsung\Easy Printer Manager\SmartScreenPrint\CDAKEYMonitor64.dll
0x00007ffb47820000 - 0x00007ffb478e1000 	C:\WINDOWS\system32\OLEAUT32.dll
0x00007ffb2ca20000 - 0x00007ffb2cbac000 	C:\WINDOWS\SYSTEM32\dbghelp.dll

VM Arguments:
jvm_args: -agentlib:jdwp=transport=dt_socket,address=127.0.0.1:63466,suspend=y,server=n -Djava.library.path=lib/native/ -Dfile.encoding=UTF-8 
java_command: main.Main
java_class_path (initial): C:\Program Files\Java\jdk1.8.0_65\jre\lib\charsets.jar;C:\Program Files\Java\jdk1.8.0_65\jre\lib\deploy.jar;C:\Program Files\Java\jdk1.8.0_65\jre\lib\ext\access-bridge-64.jar;C:\Program Files\Java\jdk1.8.0_65\jre\lib\ext\cldrdata.jar;C:\Program Files\Java\jdk1.8.0_65\jre\lib\ext\dnsns.jar;C:\Program Files\Java\jdk1.8.0_65\jre\lib\ext\jaccess.jar;C:\Program Files\Java\jdk1.8.0_65\jre\lib\ext\jfxrt.jar;C:\Program Files\Java\jdk1.8.0_65\jre\lib\ext\localedata.jar;C:\Program Files\Java\jdk1.8.0_65\jre\lib\ext\nashorn.jar;C:\Program Files\Java\jdk1.8.0_65\jre\lib\ext\sunec.jar;C:\Program Files\Java\jdk1.8.0_65\jre\lib\ext\sunjce_provider.jar;C:\Program Files\Java\jdk1.8.0_65\jre\lib\ext\sunmscapi.jar;C:\Program Files\Java\jdk1.8.0_65\jre\lib\ext\sunpkcs11.jar;C:\Program Files\Java\jdk1.8.0_65\jre\lib\ext\zipfs.jar;C:\Program Files\Java\jdk1.8.0_65\jre\lib\javaws.jar;C:\Program Files\Java\jdk1.8.0_65\jre\lib\jce.jar;C:\Program Files\Java\jdk1.8.0_65\jre\lib\jfr.jar;C:\Program Files\Java\jdk1.8.0_65\jre\lib\jfxswt.jar;C:\Program Files\Java\jdk1.8.0_65\jre\lib\jsse.jar;C:\Program Files\Java\jdk1.8.0_65\jre\lib\management-agent.jar;C:\Program Files\Java\jdk1.8.0_65\jre\lib\plugin.jar;C:\Program Files\Java\jdk1.8.0_65\jre\lib\resources.jar;C:\Program Files\Java\jdk1.8.0_65\jre\lib\rt.jar;D:\Code\Java\Projects\WireEngine20\out\production\WireEngine20;D:\Code\Java\Projects\WireEngine20\lib\jar\lwjgl.jar;D:\Code\Java\Projects\WireEngine20\lib\jar\slick-util.jar;D:\Program Files (x86)\JetBrains\IntelliJ IDEA 2016.1\lib\idea_rt.jar
Launcher Type: SUN_STANDARD

Environment Variables:
JAVA_HOME=C:\Program Files\Java\jdk1.8.0_65
PATH=C:\ProgramData\Oracle\Java\javapath;C:\Program Files (x86)\Razer Chroma SDK\bin;C:\Program Files\Razer Chroma SDK\bin;C:\Program Files (x86)\NVIDIA Corporation\PhysX\Common;C:\Program Files (x86)\Intel\iCLS Client\;C:\Program Files\Intel\iCLS Client\;C:\Windows\system32;C:\Windows;C:\Windows\System32\Wbem;C:\Windows\System32\WindowsPowerShell\v1.0\;C:\Program Files\Intel\Intel(R) Management Engine Components\DAL;C:\Program Files (x86)\Intel\Intel(R) Management Engine Components\DAL;C:\Program Files\Intel\Intel(R) Management Engine Components\IPT;C:\Program Files (x86)\Intel\Intel(R) Management Engine Components\IPT;C:\Program Files\Java\jre1.8.0_65\bin;C:\MinGW\bin;C:\WINDOWS\system32;C:\WINDOWS;C:\WINDOWS\System32\Wbem;C:\WINDOWS\System32\WindowsPowerShell\v1.0\;D:\Program Files (x86)\CMake\bin;D:\Program Files\Programs\Python\Python35-32;D:\Program Files\Programs\Python\Python35-32\Scripts;C:\Program Files (x86)\Skype\Phone\;D:\Program Files\Programs\Python\Python35-32\Scripts\;D:\Program Files\Programs\Python\Python35-32\
USERNAME=Kelan
OS=Windows_NT
PROCESSOR_IDENTIFIER=Intel64 Family 6 Model 60 Stepping 3, GenuineIntel



---------------  S Y S T E M  ---------------

OS: Windows 10.0 , 64 bit Build 10586 (10.0.10586.0)

CPU:total 8 (4 cores per cpu, 2 threads per core) family 6 model 60 stepping 3, cmov, cx8, fxsr, mmx, sse, sse2, sse3, ssse3, sse4.1, sse4.2, popcnt, avx, avx2, aes, clmul, erms, lzcnt, ht, tsc, tscinvbit, bmi1, bmi2

Memory: 4k page, physical 16609500k(7614668k free), swap 33386716k(21147052k free)

vm_info: Java HotSpot(TM) 64-Bit Server VM (25.65-b01) for windows-amd64 JRE (1.8.0_65-b17), built on Oct  6 2015 16:39:20 by "java_re" with MS VC++ 10.0 (VS2010)

time: Tue Apr 19 16:12:04 2016
elapsed time: 16 seconds (0d 0h 0m 16s)

