#
# A fatal error has been detected by the Java Runtime Environment:
#
#  EXCEPTION_ACCESS_VIOLATION (0xc0000005) at pc=0x00007ffdc0fe24b9, pid=10124, tid=2236
#
# JRE version: Java(TM) SE Runtime Environment (8.0_65-b17) (build 1.8.0_65-b17)
# Java VM: Java HotSpot(TM) 64-Bit Server VM (25.65-b01 mixed mode windows-amd64 compressed oops)
# Problematic frame:
# C  [glfw.dll+0x24b9]
#
# Failed to write core dump. Minidumps are not enabled by default on client versions of Windows
#
# If you would like to submit a bug report, please visit:
#   http://bugreport.java.com/bugreport/crash.jsp
# The crash happened outside the Java Virtual Machine in native code.
# See problematic frame for where to report the bug.
#

---------------  T H R E A D  ---------------

Current thread (0x000000001e203800):  JavaThread "CLIENT" [_thread_in_native, id=2236, stack(0x000000001ef00000,0x000000001f000000)]

siginfo: ExceptionCode=0xc0000005, reading address 0x0000000000000000

Registers:
RAX=0x0000000000000000, RBX=0x000000001b9d7888, RCX=0x0000000000000000, RDX=0x0000000000000000
RSP=0x000000001efff080, RBP=0x000000001efff130, RSI=0x0000000000000108, RDI=0x000000000066ad00
R8 =0x000000001efff078, R9 =0x000000001efff130, R10=0x0000000000000000, R11=0x0000000000000246
R12=0x0000000000000000, R13=0x000000001b9d7888, R14=0x000000001efff168, R15=0x000000001e203800
RIP=0x00007ffdc0fe24b9, EFLAGS=0x0000000000010287

Top of Stack: (sp=0x000000001efff080)
0x000000001efff080:   000000001e203800 000000001e203800
0x000000001efff090:   000000001b9f1608 000000007052d610
0x000000001efff0a0:   000000000000010f 000000000258dfcc
0x000000001efff0b0:   000000001b9d7888 000000001bf609c0
0x000000001efff0c0:   000000000000000e 000000001e203800
0x000000001efff0d0:   000000001b9f1608 000000007052aea4
0x000000001efff0e0:   000000001e203800 000000001e203800
0x000000001efff0f0:   000000001efff0f0 0000000000000000
0x000000001efff100:   000000001efff168 000000001b9d8028
0x000000001efff110:   0000000000000000 000000001b9d7888
0x000000001efff120:   0000000000000000 000000001efff150
0x000000001efff130:   000000001efff1b0 0000000002577d8d
0x000000001efff140:   00000006c2804140 00000000025842f8
0x000000001efff150:   000000000066ad00 00000000025778a0
0x000000001efff160:   00007ffdc0fe2420 0000000000000001
0x000000001efff170:   000000001efff170 000000001b9f15dc 

Instructions: (pc=0x00007ffdc0fe24b9)
0x00007ffdc0fe2499:   48 8b cf e8 1f 3a 00 00 48 39 3d f0 d5 02 00 48
0x00007ffdc0fe24a9:   8d 0d e9 d5 02 00 48 8b 5c 24 30 74 08 48 8b 09
0x00007ffdc0fe24b9:   48 39 39 75 f8 48 8b 07 48 89 01 48 8b cf 48 83
0x00007ffdc0fe24c9:   c4 20 5f e9 5b fe 00 00 48 83 c4 20 5f c3 cc cc 


Register to memory mapping:

RAX=0x0000000000000000 is an unknown value
RBX={method} {0x000000001b9d7890} 'invokePV' '(JJ)V' in 'org/lwjgl/system/JNI'
RCX=0x0000000000000000 is an unknown value
RDX=0x0000000000000000 is an unknown value
RSP=0x000000001efff080 is pointing into the stack for thread: 0x000000001e203800
RBP=0x000000001efff130 is pointing into the stack for thread: 0x000000001e203800
RSI=0x0000000000000108 is an unknown value
RDI=0x000000000066ad00 is an unknown value
R8 =0x000000001efff078 is pointing into the stack for thread: 0x000000001e203800
R9 =0x000000001efff130 is pointing into the stack for thread: 0x000000001e203800
R10=0x0000000000000000 is an unknown value
R11=0x0000000000000246 is an unknown value
R12=0x0000000000000000 is an unknown value
R13={method} {0x000000001b9d7890} 'invokePV' '(JJ)V' in 'org/lwjgl/system/JNI'
R14=0x000000001efff168 is pointing into the stack for thread: 0x000000001e203800
R15=0x000000001e203800 is a thread


Stack: [0x000000001ef00000,0x000000001f000000],  sp=0x000000001efff080,  free space=1020k
Native frames: (J=compiled Java code, j=interpreted, Vv=VM code, C=native code)
C  [glfw.dll+0x24b9]
C  0x000000000258dfcc

Java frames: (J=compiled Java code, j=interpreted, Vv=VM code)
j  org.lwjgl.system.JNI.invokePV(JJ)V+0
j  org.lwjgl.glfw.GLFW.glfwDestroyCursor(J)V+20
j  main.client.Window.destroyWindow()V+9
j  main.coreEngine.Engine.stop()V+70
j  main.client.Window.update()V+43
j  main.client.renderEngine.RenderEngine.render()V+29
j  main.client.ClientThread.tick()V+12
J 425% C1 main.coreEngine.TickableThread.run()V (481 bytes) @ 0x00000000027bdcdc [0x00000000027b9400+0x48dc]
v  ~StubRoutines::call_stub

---------------  P R O C E S S  ---------------

Java Threads: ( => current thread )
  0x000000001e204800 JavaThread "SERVER" [_thread_in_Java, id=12644, stack(0x000000001f000000,0x000000001f100000)]
=>0x000000001e203800 JavaThread "CLIENT" [_thread_in_native, id=2236, stack(0x000000001ef00000,0x000000001f000000)]
  0x000000001e0fb800 JavaThread "Service Thread" daemon [_thread_blocked, id=5668, stack(0x000000001ed00000,0x000000001ee00000)]
  0x000000001e066000 JavaThread "C1 CompilerThread3" daemon [_thread_blocked, id=5280, stack(0x000000001ec00000,0x000000001ed00000)]
  0x000000001e061000 JavaThread "C2 CompilerThread2" daemon [_thread_blocked, id=12144, stack(0x000000001eb00000,0x000000001ec00000)]
  0x000000001e060800 JavaThread "C2 CompilerThread1" daemon [_thread_blocked, id=2760, stack(0x000000001ea00000,0x000000001eb00000)]
  0x000000001e05e800 JavaThread "C2 CompilerThread0" daemon [_thread_blocked, id=6896, stack(0x000000001e900000,0x000000001ea00000)]
  0x000000001e043000 JavaThread "JDWP Command Reader" daemon [_thread_in_native, id=7788, stack(0x000000001e800000,0x000000001e900000)]
  0x000000001e040000 JavaThread "JDWP Event Helper Thread" daemon [_thread_blocked, id=10192, stack(0x000000001e700000,0x000000001e800000)]
  0x000000001e03d800 JavaThread "JDWP Transport Listener: dt_socket" daemon [_thread_blocked, id=4676, stack(0x000000001e600000,0x000000001e700000)]
  0x000000001e028000 JavaThread "Attach Listener" daemon [_thread_blocked, id=6976, stack(0x000000001e500000,0x000000001e600000)]
  0x000000001e027000 JavaThread "Signal Dispatcher" daemon [_thread_blocked, id=10468, stack(0x000000001e400000,0x000000001e500000)]
  0x000000000256a000 JavaThread "Finalizer" daemon [_thread_blocked, id=13916, stack(0x000000001de20000,0x000000001df20000)]
  0x0000000002563000 JavaThread "Reference Handler" daemon [_thread_blocked, id=8704, stack(0x000000001dd20000,0x000000001de20000)]
  0x000000000231e000 JavaThread "main" [_thread_in_Java, id=7296, stack(0x0000000002370000,0x0000000002470000)]

Other Threads:
  0x000000001bf59800 VMThread [stack: 0x000000001dc20000,0x000000001dd20000] [id=7536]
  0x000000001e104000 WatcherThread [stack: 0x000000001ee00000,0x000000001ef00000] [id=7904]

VM state:not at safepoint (normal execution)

VM Mutex/Monitor currently owned by a thread: None

Heap:
 PSYoungGen      total 521728K, used 479554K [0x000000076b800000, 0x000000078b800000, 0x00000007c0000000)
  eden space 519168K, 92% used [0x000000076b800000,0x0000000788bc0a00,0x000000078b300000)
  from space 2560K, 22% used [0x000000078b580000,0x000000078b610000,0x000000078b800000)
  to   space 2560K, 0% used [0x000000078b300000,0x000000078b300000,0x000000078b580000)
 ParOldGen       total 173568K, used 747K [0x00000006c2800000, 0x00000006cd180000, 0x000000076b800000)
  object space 173568K, 0% used [0x00000006c2800000,0x00000006c28baf30,0x00000006cd180000)
 Metaspace       used 7956K, capacity 8486K, committed 8704K, reserved 1056768K
  class space    used 642K, capacity 658K, committed 768K, reserved 1048576K

Card table byte_map: [0x0000000011930000,0x0000000012120000] byte_map_base: 0x000000000e31c000

Marking Bits: (ParMarkBitMap*) 0x0000000070c0a5b0
 Begin Bits: [0x0000000012e70000, 0x0000000016dd0000)
 End Bits:   [0x0000000016dd0000, 0x000000001ad30000)

Polling page: 0x0000000000b50000

CodeCache: size=245760Kb used=2569Kb max_used=2587Kb free=243190Kb
 bounds [0x0000000002570000, 0x0000000002800000, 0x0000000011570000]
 total_blobs=1106 nmethods=463 adapters=564
 compilation: enabled

Compilation events (10 events):
Event: 0.854 Thread 0x000000001e061000  458       4       java.util.ArrayList::get (11 bytes)
Event: 0.854 Thread 0x000000001e066000  459       3       org.lwjgl.opengl.GL11::getInstance (7 bytes)
Event: 0.855 Thread 0x000000001e066000 nmethod 459 0x00000000027cd010 code [0x00000000027cd1e0, 0x00000000027cd808]
Event: 0.855 Thread 0x000000001e066000  460       3       org.lwjgl.opengl.GL11::getInstance (11 bytes)
Event: 0.855 Thread 0x000000001e066000 nmethod 460 0x00000000027b8310 code [0x00000000027b84a0, 0x00000000027b8768]
Event: 0.855 Thread 0x000000001e061000 nmethod 458 0x00000000027b7f90 code [0x00000000027b80e0, 0x00000000027b81f8]
Event: 0.877 Thread 0x000000001e066000  461       3       java.util.zip.ZipFile$ZipFileInflaterInputStream::finalize (5 bytes)
Event: 0.877 Thread 0x000000001e066000 nmethod 461 0x00000000027b7c10 code [0x00000000027b7d80, 0x00000000027b7f08]
Event: 0.971 Thread 0x000000001e05e800  463       4       java.util.ArrayList::set (20 bytes)
Event: 0.972 Thread 0x000000001e05e800 nmethod 463 0x00000000027b7410 code [0x00000000027b7560, 0x00000000027b76d8]

GC Heap History (10 events):
Event: 0.330 GC heap before
{Heap before GC invocations=4 (full 0):
 PSYoungGen      total 75776K, used 65728K [0x000000076b800000, 0x0000000774c00000, 0x00000007c0000000)
  eden space 65024K, 100% used [0x000000076b800000,0x000000076f780000,0x000000076f780000)
  from space 10752K, 6% used [0x000000076f780000,0x000000076f830000,0x0000000770200000)
  to   space 10752K, 0% used [0x0000000774180000,0x0000000774180000,0x0000000774c00000)
 ParOldGen       total 173568K, used 16K [0x00000006c2800000, 0x00000006cd180000, 0x000000076b800000)
  object space 173568K, 0% used [0x00000006c2800000,0x00000006c2804000,0x00000006cd180000)
 Metaspace       used 4110K, capacity 5150K, committed 5376K, reserved 1056768K
  class space    used 448K, capacity 458K, committed 512K, reserved 1048576K
Event: 0.331 GC heap after
Heap after GC invocations=4 (full 0):
 PSYoungGen      total 140800K, used 672K [0x000000076b800000, 0x0000000774c00000, 0x00000007c0000000)
  eden space 130048K, 0% used [0x000000076b800000,0x000000076b800000,0x0000000773700000)
  from space 10752K, 6% used [0x0000000774180000,0x0000000774228000,0x0000000774c00000)
  to   space 10752K, 0% used [0x0000000773700000,0x0000000773700000,0x0000000774180000)
 ParOldGen       total 173568K, used 16K [0x00000006c2800000, 0x00000006cd180000, 0x000000076b800000)
  object space 173568K, 0% used [0x00000006c2800000,0x00000006c2804000,0x00000006cd180000)
 Metaspace       used 4110K, capacity 5150K, committed 5376K, reserved 1056768K
  class space    used 448K, capacity 458K, committed 512K, reserved 1048576K
}
Event: 0.461 GC heap before
{Heap before GC invocations=5 (full 0):
 PSYoungGen      total 140800K, used 130720K [0x000000076b800000, 0x0000000774c00000, 0x00000007c0000000)
  eden space 130048K, 100% used [0x000000076b800000,0x0000000773700000,0x0000000773700000)
  from space 10752K, 6% used [0x0000000774180000,0x0000000774228000,0x0000000774c00000)
  to   space 10752K, 0% used [0x0000000773700000,0x0000000773700000,0x0000000774180000)
 ParOldGen       total 173568K, used 16K [0x00000006c2800000, 0x00000006cd180000, 0x000000076b800000)
  object space 173568K, 0% used [0x00000006c2800000,0x00000006c2804000,0x00000006cd180000)
 Metaspace       used 5691K, capacity 6342K, committed 6528K, reserved 1056768K
  class space    used 525K, capacity 562K, committed 640K, reserved 1048576K
Event: 0.462 GC heap after
Heap after GC invocations=5 (full 0):
 PSYoungGen      total 140800K, used 1540K [0x000000076b800000, 0x000000077ba00000, 0x00000007c0000000)
  eden space 130048K, 0% used [0x000000076b800000,0x000000076b800000,0x0000000773700000)
  from space 10752K, 14% used [0x0000000773700000,0x0000000773881370,0x0000000774180000)
  to   space 2048K, 0% used [0x000000077b800000,0x000000077b800000,0x000000077ba00000)
 ParOldGen       total 173568K, used 24K [0x00000006c2800000, 0x00000006cd180000, 0x000000076b800000)
  object space 173568K, 0% used [0x00000006c2800000,0x00000006c2806000,0x00000006cd180000)
 Metaspace       used 5691K, capacity 6342K, committed 6528K, reserved 1056768K
  class space    used 525K, capacity 562K, committed 640K, reserved 1048576K
}
Event: 0.567 GC heap before
{Heap before GC invocations=6 (full 0):
 PSYoungGen      total 140800K, used 131588K [0x000000076b800000, 0x000000077ba00000, 0x00000007c0000000)
  eden space 130048K, 100% used [0x000000076b800000,0x0000000773700000,0x0000000773700000)
  from space 10752K, 14% used [0x0000000773700000,0x0000000773881370,0x0000000774180000)
  to   space 2048K, 0% used [0x000000077b800000,0x000000077b800000,0x000000077ba00000)
 ParOldGen       total 173568K, used 24K [0x00000006c2800000, 0x00000006cd180000, 0x000000076b800000)
  object space 173568K, 0% used [0x00000006c2800000,0x00000006c2806000,0x00000006cd180000)
 Metaspace       used 7260K, capacity 7878K, committed 8064K, reserved 1056768K
  class space    used 589K, capacity 626K, committed 640K, reserved 1048576K
Event: 0.569 GC heap after
Heap after GC invocations=6 (full 0):
 PSYoungGen      total 261632K, used 2044K [0x000000076b800000, 0x000000077bb00000, 0x00000007c0000000)
  eden space 259584K, 0% used [0x000000076b800000,0x000000076b800000,0x000000077b580000)
  from space 2048K, 99% used [0x000000077b800000,0x000000077b9ff160,0x000000077ba00000)
  to   space 2560K, 0% used [0x000000077b580000,0x000000077b580000,0x000000077b800000)
 ParOldGen       total 173568K, used 111K [0x00000006c2800000, 0x00000006cd180000, 0x000000076b800000)
  object space 173568K, 0% used [0x00000006c2800000,0x00000006c281bed0,0x00000006cd180000)
 Metaspace       used 7260K, capacity 7878K, committed 8064K, reserved 1056768K
  class space    used 589K, capacity 626K, committed 640K, reserved 1048576K
}
Event: 0.875 GC heap before
{Heap before GC invocations=7 (full 0):
 PSYoungGen      total 261632K, used 261628K [0x000000076b800000, 0x000000077bb00000, 0x00000007c0000000)
  eden space 259584K, 100% used [0x000000076b800000,0x000000077b580000,0x000000077b580000)
  from space 2048K, 99% used [0x000000077b800000,0x000000077b9ff160,0x000000077ba00000)
  to   space 2560K, 0% used [0x000000077b580000,0x000000077b580000,0x000000077b800000)
 ParOldGen       total 173568K, used 111K [0x00000006c2800000, 0x00000006cd180000, 0x000000076b800000)
  object space 173568K, 0% used [0x00000006c2800000,0x00000006c281bed0,0x00000006cd180000)
 Metaspace       used 7955K, capacity 8486K, committed 8704K, reserved 1056768K
  class space    used 642K, capacity 658K, committed 768K, reserved 1048576K
Event: 0.877 GC heap after
Heap after GC invocations=7 (full 0):
 PSYoungGen      total 262144K, used 1089K [0x000000076b800000, 0x000000078b800000, 0x00000007c0000000)
  eden space 259584K, 0% used [0x000000076b800000,0x000000076b800000,0x000000077b580000)
  from space 2560K, 42% used [0x000000077b580000,0x000000077b690560,0x000000077b800000)
  to   space 2560K, 0% used [0x000000078b580000,0x000000078b580000,0x000000078b800000)
 ParOldGen       total 173568K, used 747K [0x00000006c2800000, 0x00000006cd180000, 0x000000076b800000)
  object space 173568K, 0% used [0x00000006c2800000,0x00000006c28baf30,0x00000006cd180000)
 Metaspace       used 7955K, capacity 8486K, committed 8704K, reserved 1056768K
  class space    used 642K, capacity 658K, committed 768K, reserved 1048576K
}
Event: 1.059 GC heap before
{Heap before GC invocations=8 (full 0):
 PSYoungGen      total 262144K, used 260673K [0x000000076b800000, 0x000000078b800000, 0x00000007c0000000)
  eden space 259584K, 100% used [0x000000076b800000,0x000000077b580000,0x000000077b580000)
  from space 2560K, 42% used [0x000000077b580000,0x000000077b690560,0x000000077b800000)
  to   space 2560K, 0% used [0x000000078b580000,0x000000078b580000,0x000000078b800000)
 ParOldGen       total 173568K, used 747K [0x00000006c2800000, 0x00000006cd180000, 0x000000076b800000)
  object space 173568K, 0% used [0x00000006c2800000,0x00000006c28baf30,0x00000006cd180000)
 Metaspace       used 7955K, capacity 8486K, committed 8704K, reserved 1056768K
  class space    used 642K, capacity 658K, committed 768K, reserved 1048576K
Event: 1.059 GC heap after
Heap after GC invocations=8 (full 0):
 PSYoungGen      total 521728K, used 576K [0x000000076b800000, 0x000000078b800000, 0x00000007c0000000)
  eden space 519168K, 0% used [0x000000076b800000,0x000000076b800000,0x000000078b300000)
  from space 2560K, 22% used [0x000000078b580000,0x000000078b610000,0x000000078b800000)
  to   space 2560K, 0% used [0x000000078b300000,0x000000078b300000,0x000000078b580000)
 ParOldGen       total 173568K, used 747K [0x00000006c2800000, 0x00000006cd180000, 0x000000076b800000)
  object space 173568K, 0% used [0x00000006c2800000,0x00000006c28baf30,0x00000006cd180000)
 Metaspace       used 7955K, capacity 8486K, committed 8704K, reserved 1056768K
  class space    used 642K, capacity 658K, committed 768K, reserved 1048576K
}

Deoptimization events (10 events):
Event: 0.132 Thread 0x000000001e203800 Uncommon trap: reason=bimorphic action=maybe_recompile pc=0x00000000026b7cf4 method=java.util.HashMap.getNode(ILjava/lang/Object;)Ljava/util/HashMap$Node; @ 126
Event: 0.391 Thread 0x000000001e203800 Uncommon trap: reason=bimorphic action=maybe_recompile pc=0x00000000026b7cf4 method=java.util.HashMap.getNode(ILjava/lang/Object;)Ljava/util/HashMap$Node; @ 126
Event: 0.392 Thread 0x000000001e203800 Uncommon trap: reason=bimorphic action=maybe_recompile pc=0x00000000026b7cf4 method=java.util.HashMap.getNode(ILjava/lang/Object;)Ljava/util/HashMap$Node; @ 126
Event: 0.396 Thread 0x000000001e203800 Uncommon trap: reason=unstable_if action=reinterpret pc=0x00000000026acd18 method=java.util.HashMap.keySet()Ljava/util/Set; @ 6
Event: 0.621 Thread 0x000000001e203800 Uncommon trap: reason=unstable_if action=reinterpret pc=0x00000000026ab984 method=java.util.HashMap.clear()V @ 16
Event: 0.621 Thread 0x000000001e203800 Uncommon trap: reason=unstable_if action=reinterpret pc=0x00000000026abc18 method=java.util.HashMap.clear()V @ 16
Event: 0.621 Thread 0x000000000231e000 Uncommon trap: reason=unstable_if action=reinterpret pc=0x00000000026d7630 method=main.coreEngine.TickableThread.invoke(Ljava/lang/String;[Ljava/lang/Object;)V @ 53
Event: 0.621 Thread 0x000000001e204800 Uncommon trap: reason=unstable_if action=reinterpret pc=0x00000000026d5f34 method=main.coreEngine.TickableThread.run()V @ 58
Event: 0.655 Thread 0x000000000231e000 Uncommon trap: reason=unstable_if action=reinterpret pc=0x00000000027d0bfc method=main.coreEngine.Engine.start()V @ 163
Event: 0.730 Thread 0x000000001e204800 Uncommon trap: reason=unstable_if action=reinterpret pc=0x00000000027e30e0 method=main.coreEngine.TickableThread.run()V @ 461

Internal exceptions (8 events):
Event: 0.027 Thread 0x000000000231e000 Exception <a 'java/lang/NoSuchMethodError': Method sun.misc.Unsafe.defineClass(Ljava/lang/String;[BII)Ljava/lang/Class; name or signature does not match> (0x000000076b80d880) thrown at [C:\workspace\8-2-build-windows-amd64-cygwin\jdk8u65\4987\hotspot\src\s¥mè“YÃõ?
Event: 0.027 Thread 0x000000000231e000 Exception <a 'java/lang/NoSuchMethodError': Method sun.misc.Unsafe.prefetchRead(Ljava/lang/Object;J)V name or signature does not match> (0x000000076b80db68) thrown at [C:\workspace\8-2-build-windows-amd64-cygwin\jdk8u65\4987\hotspot\src\share\vm\prims\jni.:—£ƒ√?
Event: 0.149 Thread 0x000000001e203800 Exception <a 'java/lang/ArrayIndexOutOfBoundsException': -1> (0x000000076ce8a260) thrown at [C:\workspace\8-2-build-windows-amd64-cygwin\jdk8u65\4987\hotspot\src\share\vm\interpreter\interpreterRuntime.cpp, line 366]
Event: 0.391 Thread 0x000000001e203800 Exception <a 'java/security/PrivilegedActionException'> (0x000000076e789820) thrown at [C:\workspace\8-2-build-windows-amd64-cygwin\jdk8u65\4987\hotspot\src\share\vm\prims\jvm.cpp, line 1386]
Event: 0.391 Thread 0x000000001e203800 Exception <a 'java/security/PrivilegedActionException'> (0x000000076e789c18) thrown at [C:\workspace\8-2-build-windows-amd64-cygwin\jdk8u65\4987\hotspot\src\share\vm\prims\jvm.cpp, line 1386]
Event: 0.392 Thread 0x000000001e203800 Exception <a 'java/security/PrivilegedActionException'> (0x000000076e78de30) thrown at [C:\workspace\8-2-build-windows-amd64-cygwin\jdk8u65\4987\hotspot\src\share\vm\prims\jvm.cpp, line 1386]
Event: 0.392 Thread 0x000000001e203800 Exception <a 'java/security/PrivilegedActionException'> (0x000000076e78e228) thrown at [C:\workspace\8-2-build-windows-amd64-cygwin\jdk8u65\4987\hotspot\src\share\vm\prims\jvm.cpp, line 1386]
Event: 0.621 Thread 0x000000000231e000 Implicit null exception at 0x00000000026d703c to 0x00000000026d7609

Events (10 events):
Event: 0.716 Thread 0x000000001e204800 DEOPT UNPACKING pc=0x00000000025b787f sp=0x000000001f0ff120 mode 0
Event: 0.730 Thread 0x000000001e204800 Uncommon trap: trap_request=0xffffff65 fr.pc=0x00000000027e30e0
Event: 0.730 Thread 0x000000001e204800 DEOPT PACKING pc=0x00000000027e30e0 sp=0x000000001f0ff360
Event: 0.730 Thread 0x000000001e204800 DEOPT UNPACKING pc=0x00000000025b582a sp=0x000000001f0ff3b0 mode 2
Event: 0.840 Thread 0x000000001e204800 DEOPT PACKING pc=0x00000000027ed9a1 sp=0x000000001f0ff2f0
Event: 0.840 Thread 0x000000001e204800 DEOPT UNPACKING pc=0x00000000025b787f sp=0x000000001f0ff120 mode 0
Event: 0.875 Executing VM operation: ParallelGCFailedAllocation
Event: 0.877 Executing VM operation: ParallelGCFailedAllocation done
Event: 1.058 Executing VM operation: ParallelGCFailedAllocation
Event: 1.060 Executing VM operation: ParallelGCFailedAllocation done


Dynamic libraries:
0x00007ff7d2c20000 - 0x00007ff7d2c57000 	C:\Program Files\Java\jdk1.8.0_65\bin\java.exe
0x00007ffde4980000 - 0x00007ffde4b41000 	C:\WINDOWS\SYSTEM32\ntdll.dll
0x00007ffde42a0000 - 0x00007ffde434d000 	C:\WINDOWS\system32\KERNEL32.DLL
0x00007ffde19f0000 - 0x00007ffde1bd8000 	C:\WINDOWS\system32\KERNELBASE.dll
0x00007ffde1e70000 - 0x00007ffde1f17000 	C:\WINDOWS\system32\ADVAPI32.dll
0x00007ffde3800000 - 0x00007ffde389d000 	C:\WINDOWS\system32\msvcrt.dll
0x00007ffde1e10000 - 0x00007ffde1e6b000 	C:\WINDOWS\system32\sechost.dll
0x00007ffde3bd0000 - 0x00007ffde3cec000 	C:\WINDOWS\system32\RPCRT4.dll
0x00007ffde3fe0000 - 0x00007ffde4136000 	C:\WINDOWS\system32\USER32.dll
0x00007ffde3cf0000 - 0x00007ffde3e76000 	C:\WINDOWS\system32\GDI32.dll
0x00007ffddd690000 - 0x00007ffddd904000 	C:\WINDOWS\WinSxS\amd64_microsoft.windows.common-controls_6595b64144ccf1df_6.0.10586.0_none_8c15ae12515e1c22\COMCTL32.dll
0x00007ffde3950000 - 0x00007ffde3bcd000 	C:\WINDOWS\system32\combase.dll
0x00007ffde1cf0000 - 0x00007ffde1d5a000 	C:\WINDOWS\system32\bcryptPrimitives.dll
0x00007ffde1dc0000 - 0x00007ffde1dfb000 	C:\WINDOWS\system32\IMM32.DLL
0x0000000070c90000 - 0x0000000070d62000 	C:\Program Files\Java\jdk1.8.0_65\jre\bin\msvcr100.dll
0x0000000070400000 - 0x0000000070c89000 	C:\Program Files\Java\jdk1.8.0_65\jre\bin\server\jvm.dll
0x00007ffde4290000 - 0x00007ffde4298000 	C:\WINDOWS\system32\PSAPI.DLL
0x00007ffdd8550000 - 0x00007ffdd8559000 	C:\WINDOWS\SYSTEM32\WSOCK32.dll
0x00007ffddf730000 - 0x00007ffddf753000 	C:\WINDOWS\SYSTEM32\WINMM.dll
0x00007ffddd9c0000 - 0x00007ffddd9ca000 	C:\WINDOWS\SYSTEM32\VERSION.dll
0x00007ffde4470000 - 0x00007ffde44db000 	C:\WINDOWS\system32\WS2_32.dll
0x00007ffddf6d0000 - 0x00007ffddf6fc000 	C:\WINDOWS\SYSTEM32\WINMMBASE.dll
0x00007ffde1be0000 - 0x00007ffde1c23000 	C:\WINDOWS\system32\cfgmgr32.dll
0x00000000703f0000 - 0x00000000703ff000 	C:\Program Files\Java\jdk1.8.0_65\jre\bin\verify.dll
0x00000000703c0000 - 0x00000000703e9000 	C:\Program Files\Java\jdk1.8.0_65\jre\bin\java.dll
0x0000000070380000 - 0x00000000703b5000 	C:\Program Files\Java\jdk1.8.0_65\jre\bin\jdwp.dll
0x0000000070370000 - 0x0000000070378000 	C:\Program Files\Java\jdk1.8.0_65\jre\bin\npt.dll
0x0000000070350000 - 0x0000000070366000 	C:\Program Files\Java\jdk1.8.0_65\jre\bin\zip.dll
0x00007ffde1f80000 - 0x00007ffde34dc000 	C:\WINDOWS\system32\SHELL32.dll
0x00007ffde11d0000 - 0x00007ffde1815000 	C:\WINDOWS\system32\windows.storage.dll
0x00007ffde36b0000 - 0x00007ffde3702000 	C:\WINDOWS\system32\shlwapi.dll
0x00007ffde0fb0000 - 0x00007ffde0fbf000 	C:\WINDOWS\system32\kernel.appcore.dll
0x00007ffde1c30000 - 0x00007ffde1ce5000 	C:\WINDOWS\system32\shcore.dll
0x00007ffde0fc0000 - 0x00007ffde100b000 	C:\WINDOWS\system32\powrprof.dll
0x00007ffde0f80000 - 0x00007ffde0f94000 	C:\WINDOWS\system32\profapi.dll
0x0000000070340000 - 0x0000000070349000 	C:\Program Files\Java\jdk1.8.0_65\jre\bin\dt_socket.dll
0x00007ffde08b0000 - 0x00007ffde090c000 	C:\WINDOWS\system32\mswsock.dll
0x00007ffdc1020000 - 0x00007ffdc10a8000 	D:\Code\Java\Projects\WireEngine20\lib\native\lwjgl.dll
0x00007ffde0a80000 - 0x00007ffde0a8b000 	C:\WINDOWS\SYSTEM32\CRYPTBASE.DLL
0x00007ffdd4700000 - 0x00007ffdd4742000 	D:\Code\Java\Projects\WireEngine20\lib\native\jemalloc.dll
0x00007ffdc0fe0000 - 0x00007ffdc1018000 	D:\Code\Java\Projects\WireEngine20\lib\native\glfw.dll
0x00007ffddf850000 - 0x00007ffddf8e6000 	C:\WINDOWS\system32\uxtheme.dll
0x00007ffdde650000 - 0x00007ffdde672000 	C:\WINDOWS\SYSTEM32\dwmapi.dll
0x00007ffdc9d10000 - 0x00007ffdc9e39000 	C:\WINDOWS\SYSTEM32\opengl32.dll
0x00007ffdcc690000 - 0x00007ffdcc6be000 	C:\WINDOWS\SYSTEM32\GLU32.dll
0x00007ffdc8ba0000 - 0x00007ffdc8c9a000 	C:\WINDOWS\SYSTEM32\DDRAW.dll
0x00007ffdd3d80000 - 0x00007ffdd3d88000 	C:\WINDOWS\SYSTEM32\DCIMAN32.dll
0x00007ffde3e80000 - 0x00007ffde3fda000 	C:\WINDOWS\system32\MSCTF.dll
0x00007ffdc3f50000 - 0x00007ffdc3f99000 	C:\Program Files (x86)\TeamViewer\tv_x64.dll
0x00007ffde4140000 - 0x00007ffde4283000 	C:\WINDOWS\system32\ole32.dll
0x000000006e5f0000 - 0x0000000070339000 	C:\WINDOWS\SYSTEM32\nvoglv64.DLL
0x00007ffde4550000 - 0x00007ffde4979000 	C:\WINDOWS\system32\SETUPAPI.dll
0x00007ffddf2f0000 - 0x00007ffddf303000 	C:\WINDOWS\SYSTEM32\WTSAPI32.dll
0x00007ffddf9a0000 - 0x00007ffddf9c7000 	C:\WINDOWS\SYSTEM32\DEVOBJ.dll
0x00007ffde1170000 - 0x00007ffde11c5000 	C:\WINDOWS\system32\WINTRUST.dll
0x00007ffde0fa0000 - 0x00007ffde0fb0000 	C:\WINDOWS\system32\MSASN1.dll
0x00007ffde1820000 - 0x00007ffde19e7000 	C:\WINDOWS\system32\CRYPT32.dll
0x00007ffde04d0000 - 0x00007ffde0501000 	C:\WINDOWS\SYSTEM32\ntmarta.dll
0x00007ffde0220000 - 0x00007ffde0276000 	C:\WINDOWS\SYSTEM32\WINSTA.dll
0x00007ffde38a0000 - 0x00007ffde3947000 	C:\WINDOWS\system32\clbcatq.dll
0x00007ffdb9de0000 - 0x00007ffdb9f6c000 	C:\WINDOWS\SYSTEM32\dbghelp.dll

VM Arguments:
jvm_args: -agentlib:jdwp=transport=dt_socket,address=127.0.0.1:61733,suspend=y,server=n -Djava.library.path=lib/native/ -Dfile.encoding=UTF-8 
java_command: main.Main
java_class_path (initial): C:\Program Files\Java\jdk1.8.0_65\jre\lib\charsets.jar;C:\Program Files\Java\jdk1.8.0_65\jre\lib\deploy.jar;C:\Program Files\Java\jdk1.8.0_65\jre\lib\ext\access-bridge-64.jar;C:\Program Files\Java\jdk1.8.0_65\jre\lib\ext\cldrdata.jar;C:\Program Files\Java\jdk1.8.0_65\jre\lib\ext\dnsns.jar;C:\Program Files\Java\jdk1.8.0_65\jre\lib\ext\jaccess.jar;C:\Program Files\Java\jdk1.8.0_65\jre\lib\ext\jfxrt.jar;C:\Program Files\Java\jdk1.8.0_65\jre\lib\ext\localedata.jar;C:\Program Files\Java\jdk1.8.0_65\jre\lib\ext\nashorn.jar;C:\Program Files\Java\jdk1.8.0_65\jre\lib\ext\sunec.jar;C:\Program Files\Java\jdk1.8.0_65\jre\lib\ext\sunjce_provider.jar;C:\Program Files\Java\jdk1.8.0_65\jre\lib\ext\sunmscapi.jar;C:\Program Files\Java\jdk1.8.0_65\jre\lib\ext\sunpkcs11.jar;C:\Program Files\Java\jdk1.8.0_65\jre\lib\ext\zipfs.jar;C:\Program Files\Java\jdk1.8.0_65\jre\lib\javaws.jar;C:\Program Files\Java\jdk1.8.0_65\jre\lib\jce.jar;C:\Program Files\Java\jdk1.8.0_65\jre\lib\jfr.jar;C:\Program Files\Java\jdk1.8.0_65\jre\lib\jfxswt.jar;C:\Program Files\Java\jdk1.8.0_65\jre\lib\jsse.jar;C:\Program Files\Java\jdk1.8.0_65\jre\lib\management-agent.jar;C:\Program Files\Java\jdk1.8.0_65\jre\lib\plugin.jar;C:\Program Files\Java\jdk1.8.0_65\jre\lib\resources.jar;C:\Program Files\Java\jdk1.8.0_65\jre\lib\rt.jar;D:\Code\Java\Projects\WireEngine20\out\production\WireEngine20;D:\Code\Java\Projects\WireEngine20\lib\jar\lwjgl.jar;D:\Program Files (x86)\JetBrains\IntelliJ IDEA 2016.1\lib\idea_rt.jar
Launcher Type: SUN_STANDARD

Environment Variables:
JAVA_HOME=C:\Program Files\Java\jdk1.8.0_65
PATH=C:\ProgramData\Oracle\Java\javapath;C:\Program Files (x86)\Razer Chroma SDK\bin;C:\Program Files\Razer Chroma SDK\bin;C:\Program Files (x86)\NVIDIA Corporation\PhysX\Common;C:\Program Files (x86)\Intel\iCLS Client\;C:\Program Files\Intel\iCLS Client\;C:\Windows\system32;C:\Windows;C:\Windows\System32\Wbem;C:\Windows\System32\WindowsPowerShell\v1.0\;C:\Program Files\Intel\Intel(R) Management Engine Components\DAL;C:\Program Files (x86)\Intel\Intel(R) Management Engine Components\DAL;C:\Program Files\Intel\Intel(R) Management Engine Components\IPT;C:\Program Files (x86)\Intel\Intel(R) Management Engine Components\IPT;C:\Program Files\Java\jre1.8.0_65\bin;C:\MinGW\bin;C:\WINDOWS\system32;C:\WINDOWS;C:\WINDOWS\System32\Wbem;C:\WINDOWS\System32\WindowsPowerShell\v1.0\;D:\Program Files (x86)\CMake\bin;D:\Program Files\Programs\Python\Python35-32;D:\Program Files\Programs\Python\Python35-32\Scripts;C:\Program Files (x86)\Skype\Phone\;D:\Program Files\Programs\Python\Python35-32\Scripts\;D:\Program Files\Programs\Python\Python35-32\
USERNAME=Kelan
OS=Windows_NT
PROCESSOR_IDENTIFIER=Intel64 Family 6 Model 60 Stepping 3, GenuineIntel



---------------  S Y S T E M  ---------------

OS: Windows 10.0 , 64 bit Build 10586 (10.0.10586.0)

CPU:total 8 (4 cores per cpu, 2 threads per core) family 6 model 60 stepping 3, cmov, cx8, fxsr, mmx, sse, sse2, sse3, ssse3, sse4.1, sse4.2, popcnt, avx, avx2, aes, clmul, erms, lzcnt, ht, tsc, tscinvbit, bmi1, bmi2

Memory: 4k page, physical 16609500k(5135384k free), swap 33386716k(19330236k free)

vm_info: Java HotSpot(TM) 64-Bit Server VM (25.65-b01) for windows-amd64 JRE (1.8.0_65-b17), built on Oct  6 2015 16:39:20 by "java_re" with MS VC++ 10.0 (VS2010)

time: Sat Apr 09 16:53:43 2016
elapsed time: 1 seconds (0d 0h 0m 1s)

