#
# A fatal error has been detected by the Java Runtime Environment:
#
#  EXCEPTION_ACCESS_VIOLATION (0xc0000005) at pc=0x00007ffdcf9f24b9, pid=11292, tid=8220
#
# JRE version: Java(TM) SE Runtime Environment (8.0_65-b17) (build 1.8.0_65-b17)
# Java VM: Java HotSpot(TM) 64-Bit Server VM (25.65-b01 mixed mode windows-amd64 compressed oops)
# Problematic frame:
# C  [glfw.dll+0x24b9]
#
# Failed to write core dump. Minidumps are not enabled by default on client versions of Windows
#
# If you would like to submit a bug report, please visit:
#   http://bugreport.java.com/bugreport/crash.jsp
# The crash happened outside the Java Virtual Machine in native code.
# See problematic frame for where to report the bug.
#

---------------  T H R E A D  ---------------

Current thread (0x000000001e285000):  JavaThread "CLIENT" [_thread_in_native, id=8220, stack(0x000000001ef90000,0x000000001f090000)]

siginfo: ExceptionCode=0xc0000005, reading address 0x0000000000000000

Registers:
RAX=0x0000000000000000, RBX=0x000000001ba4ec50, RCX=0x0000000000000000, RDX=0x0000000000000000
RSP=0x000000001f08ef40, RBP=0x000000001f08efd0, RSI=0x0000000000000108, RDI=0x0000000000643e70
R8 =0x000000001f08ef38, R9 =0x000000001f08efd0, R10=0x0000000000000000, R11=0x0000000000000246
R12=0x0000000000000000, R13=0x000000001f08efe8, R14=0x000000001f08efc0, R15=0x000000001e285000
RIP=0x00007ffdcf9f24b9, EFLAGS=0x0000000000010287

Top of Stack: (sp=0x000000001f08ef40)
0x000000001f08ef40:   0000000000000000 0000000000000108
0x000000001f08ef50:   000000001b9f3a90 000000001bfd01f0
0x000000001f08ef60:   000000000000068e 00000000028fbfca
0x000000001f08ef70:   000000001ba4ec50 000000007052aea4
0x000000001f08ef80:   000000001e285000 000000001e285000
0x000000001f08ef90:   000000001e285000 0000000000000000
0x000000001f08efa0:   000000001e25c9c0 00000000704b5eba
0x000000001f08efb0:   000000001f08f648 000000001f08f048
0x000000001f08efc0:   00000006c2804188 000000000000068d
0x000000001f08efd0:   000000001f08f048 0000000002637d8d
0x000000001f08efe0:   0000000002637d8d 0000000000643e70
0x000000001f08eff0:   00000000026378a0 00007ffdcf9f2420
0x000000001f08f000:   0000000000000001 000000001f08f008
0x000000001f08f010:   000000001ba68a8c 000000001f08f070
0x000000001f08f020:   000000001ba6aa50 0000000000000000
0x000000001f08f030:   000000001ba68ab8 000000001f08efe8 

Instructions: (pc=0x00007ffdcf9f24b9)
0x00007ffdcf9f2499:   48 8b cf e8 1f 3a 00 00 48 39 3d f0 d5 02 00 48
0x00007ffdcf9f24a9:   8d 0d e9 d5 02 00 48 8b 5c 24 30 74 08 48 8b 09
0x00007ffdcf9f24b9:   48 39 39 75 f8 48 8b 07 48 89 01 48 8b cf 48 83
0x00007ffdcf9f24c9:   c4 20 5f e9 5b fe 00 00 48 83 c4 20 5f c3 cc cc 


Register to memory mapping:

RAX=0x0000000000000000 is an unknown value
RBX={method} {0x000000001ba4ec58} 'invokePV' '(JJ)V' in 'org/lwjgl/system/JNI'
RCX=0x0000000000000000 is an unknown value
RDX=0x0000000000000000 is an unknown value
RSP=0x000000001f08ef40 is pointing into the stack for thread: 0x000000001e285000
RBP=0x000000001f08efd0 is pointing into the stack for thread: 0x000000001e285000
RSI=0x0000000000000108 is an unknown value
RDI=0x0000000000643e70 is an unknown value
R8 =0x000000001f08ef38 is pointing into the stack for thread: 0x000000001e285000
R9 =0x000000001f08efd0 is pointing into the stack for thread: 0x000000001e285000
R10=0x0000000000000000 is an unknown value
R11=0x0000000000000246 is an unknown value
R12=0x0000000000000000 is an unknown value
R13=0x000000001f08efe8 is pointing into the stack for thread: 0x000000001e285000
R14=0x000000001f08efc0 is pointing into the stack for thread: 0x000000001e285000
R15=0x000000001e285000 is a thread


Stack: [0x000000001ef90000,0x000000001f090000],  sp=0x000000001f08ef40,  free space=1019k
Native frames: (J=compiled Java code, j=interpreted, Vv=VM code, C=native code)
C  [glfw.dll+0x24b9]
C  0x00000000028fbfca

Java frames: (J=compiled Java code, j=interpreted, Vv=VM code)
J 572  org.lwjgl.system.JNI.invokePV(JJ)V (0 bytes) @ 0x00000000028fbf44 [0x00000000028fbf00+0x44]
j  org.lwjgl.glfw.GLFW.glfwDestroyCursor(J)V+20
j  main.client.Window.destroyWindow()V+9
j  main.coreEngine.Engine.stop()V+70
j  main.client.Window.update()V+43
j  main.client.renderEngine.RenderEngine.render()V+32
J 574 C1 main.client.ClientThread.tick()V (64 bytes) @ 0x00000000028fccb4 [0x00000000028fc780+0x534]
J 456% C1 main.coreEngine.TickableThread.run()V (481 bytes) @ 0x000000000289861c [0x0000000002893d40+0x48dc]
v  ~StubRoutines::call_stub

---------------  P R O C E S S  ---------------

Java Threads: ( => current thread )
  0x000000001e286000 JavaThread "SERVER" [_thread_in_Java, id=11000, stack(0x000000001f090000,0x000000001f190000)]
=>0x000000001e285000 JavaThread "CLIENT" [_thread_in_native, id=8220, stack(0x000000001ef90000,0x000000001f090000)]
  0x000000001e17e800 JavaThread "Service Thread" daemon [_thread_blocked, id=8152, stack(0x000000001ed90000,0x000000001ee90000)]
  0x000000001e0f2000 JavaThread "C1 CompilerThread3" daemon [_thread_blocked, id=9200, stack(0x000000001ec90000,0x000000001ed90000)]
  0x000000001e0e9000 JavaThread "C2 CompilerThread2" daemon [_thread_blocked, id=13624, stack(0x000000001eb90000,0x000000001ec90000)]
  0x000000001e0e8800 JavaThread "C2 CompilerThread1" daemon [_thread_blocked, id=6324, stack(0x000000001ea90000,0x000000001eb90000)]
  0x000000001e0ed000 JavaThread "C2 CompilerThread0" daemon [_thread_blocked, id=5288, stack(0x000000001e990000,0x000000001ea90000)]
  0x000000001e0d2000 JavaThread "JDWP Command Reader" daemon [_thread_in_native, id=7672, stack(0x000000001e890000,0x000000001e990000)]
  0x000000001e0cf000 JavaThread "JDWP Event Helper Thread" daemon [_thread_blocked, id=6516, stack(0x000000001e790000,0x000000001e890000)]
  0x000000001e0c1800 JavaThread "JDWP Transport Listener: dt_socket" daemon [_thread_blocked, id=10088, stack(0x000000001e690000,0x000000001e790000)]
  0x000000001e0b7800 JavaThread "Attach Listener" daemon [_thread_blocked, id=6232, stack(0x000000001e590000,0x000000001e690000)]
  0x000000001e0b6000 JavaThread "Signal Dispatcher" daemon [_thread_blocked, id=5752, stack(0x000000001e490000,0x000000001e590000)]
  0x000000000262a000 JavaThread "Finalizer" daemon [_thread_blocked, id=5216, stack(0x000000001deb0000,0x000000001dfb0000)]
  0x0000000002623000 JavaThread "Reference Handler" daemon [_thread_blocked, id=5928, stack(0x000000001ddb0000,0x000000001deb0000)]
  0x000000000252e000 JavaThread "main" [_thread_in_Java, id=1168, stack(0x0000000002370000,0x0000000002470000)]

Other Threads:
  0x000000001bfc9800 VMThread [stack: 0x000000001dcb0000,0x000000001ddb0000] [id=11304]
  0x000000001e1a1000 WatcherThread [stack: 0x000000001ee90000,0x000000001ef90000] [id=8368]

VM state:not at safepoint (normal execution)

VM Mutex/Monitor currently owned by a thread: None

Heap:
 PSYoungGen      total 52224K, used 44128K [0x000000076b800000, 0x000000078a380000, 0x00000007c0000000)
  eden space 51712K, 84% used [0x000000076b800000,0x000000076e2e8318,0x000000076ea80000)
  from space 512K, 37% used [0x000000078a300000,0x000000078a330000,0x000000078a380000)
  to   space 512K, 0% used [0x000000078a280000,0x000000078a280000,0x000000078a300000)
 ParOldGen       total 173568K, used 1476K [0x00000006c2800000, 0x00000006cd180000, 0x000000076b800000)
  object space 173568K, 0% used [0x00000006c2800000,0x00000006c2971318,0x00000006cd180000)
 Metaspace       used 8091K, capacity 8646K, committed 8960K, reserved 1056768K
  class space    used 646K, capacity 690K, committed 768K, reserved 1048576K

Card table byte_map: [0x00000000119f0000,0x00000000121e0000] byte_map_base: 0x000000000e3dc000

Marking Bits: (ParMarkBitMap*) 0x0000000070c0a5b0
 Begin Bits: [0x0000000012f30000, 0x0000000016e90000)
 End Bits:   [0x0000000016e90000, 0x000000001adf0000)

Polling page: 0x00000000022c0000

CodeCache: size=245760Kb used=2889Kb max_used=2900Kb free=242870Kb
 bounds [0x0000000002630000, 0x0000000002910000, 0x0000000011630000]
 total_blobs=1231 nmethods=585 adapters=567
 compilation: enabled

Compilation events (10 events):
Event: 5.005 Thread 0x000000001e0f2000  581       3       org.lwjgl.glfw.GLFW::glfwWindowShouldClose (24 bytes)
Event: 5.005 Thread 0x000000001e0f2000 nmethod 581 0x0000000002902410 code [0x00000000029025a0, 0x00000000029028f8]
Event: 5.120 Thread 0x000000001e0e9000  582 %     4       main.client.Window::resetKeys @ 2 (29 bytes)
Event: 5.123 Thread 0x000000001e0e9000 nmethod 582% 0x0000000002905a10 code [0x0000000002905b80, 0x0000000002905ed8]
Event: 5.454 Thread 0x000000001e0ed000  583       4       org.lwjgl.opengl.GL11::getInstance (7 bytes)
Event: 5.455 Thread 0x000000001e0ed000 nmethod 583 0x0000000002906110 code [0x0000000002906260, 0x00000000029063f8]
Event: 5.654 Thread 0x000000001e0e8800  584       4       main.client.Window::resetKeys (29 bytes)
Event: 5.657 Thread 0x000000001e0e8800 nmethod 584 0x0000000002906750 code [0x00000000029068c0, 0x0000000002906b98]
Event: 6.487 Thread 0x000000001e0e9000  585       4       org.lwjgl.opengl.GL::getCapabilities (26 bytes)
Event: 6.488 Thread 0x000000001e0e9000 nmethod 585 0x0000000002906dd0 code [0x0000000002906f20, 0x0000000002907098]

GC Heap History (10 events):
Event: 6.771 GC heap before
{Heap before GC invocations=60 (full 0):
 PSYoungGen      total 57344K, used 56992K [0x000000076b800000, 0x000000078a380000, 0x00000007c0000000)
  eden space 56832K, 100% used [0x000000076b800000,0x000000076ef80000,0x000000076ef80000)
  from space 512K, 31% used [0x000000078a280000,0x000000078a2a8000,0x000000078a300000)
  to   space 512K, 0% used [0x000000078a300000,0x000000078a300000,0x000000078a380000)
 ParOldGen       total 173568K, used 1476K [0x00000006c2800000, 0x00000006cd180000, 0x000000076b800000)
  object space 173568K, 0% used [0x00000006c2800000,0x00000006c2971318,0x00000006cd180000)
 Metaspace       used 8091K, capacity 8646K, committed 8960K, reserved 1056768K
  class space    used 646K, capacity 690K, committed 768K, reserved 1048576K
Event: 6.771 GC heap after
Heap after GC invocations=60 (full 0):
 PSYoungGen      total 56320K, used 64K [0x000000076b800000, 0x000000078a380000, 0x00000007c0000000)
  eden space 55808K, 0% used [0x000000076b800000,0x000000076b800000,0x000000076ee80000)
  from space 512K, 12% used [0x000000078a300000,0x000000078a310000,0x000000078a380000)
  to   space 512K, 0% used [0x000000078a280000,0x000000078a280000,0x000000078a300000)
 ParOldGen       total 173568K, used 1476K [0x00000006c2800000, 0x00000006cd180000, 0x000000076b800000)
  object space 173568K, 0% used [0x00000006c2800000,0x00000006c2971318,0x00000006cd180000)
 Metaspace       used 8091K, capacity 8646K, committed 8960K, reserved 1056768K
  class space    used 646K, capacity 690K, committed 768K, reserved 1048576K
}
Event: 6.830 GC heap before
{Heap before GC invocations=61 (full 0):
 PSYoungGen      total 56320K, used 55872K [0x000000076b800000, 0x000000078a380000, 0x00000007c0000000)
  eden space 55808K, 100% used [0x000000076b800000,0x000000076ee80000,0x000000076ee80000)
  from space 512K, 12% used [0x000000078a300000,0x000000078a310000,0x000000078a380000)
  to   space 512K, 0% used [0x000000078a280000,0x000000078a280000,0x000000078a300000)
 ParOldGen       total 173568K, used 1476K [0x00000006c2800000, 0x00000006cd180000, 0x000000076b800000)
  object space 173568K, 0% used [0x00000006c2800000,0x00000006c2971318,0x00000006cd180000)
 Metaspace       used 8091K, capacity 8646K, committed 8960K, reserved 1056768K
  class space    used 646K, capacity 690K, committed 768K, reserved 1048576K
Event: 6.830 GC heap after
Heap after GC invocations=61 (full 0):
 PSYoungGen      total 55296K, used 128K [0x000000076b800000, 0x000000078a380000, 0x00000007c0000000)
  eden space 54784K, 0% used [0x000000076b800000,0x000000076b800000,0x000000076ed80000)
  from space 512K, 25% used [0x000000078a280000,0x000000078a2a0000,0x000000078a300000)
  to   space 512K, 0% used [0x000000078a300000,0x000000078a300000,0x000000078a380000)
 ParOldGen       total 173568K, used 1476K [0x00000006c2800000, 0x00000006cd180000, 0x000000076b800000)
  object space 173568K, 0% used [0x00000006c2800000,0x00000006c2971318,0x00000006cd180000)
 Metaspace       used 8091K, capacity 8646K, committed 8960K, reserved 1056768K
  class space    used 646K, capacity 690K, committed 768K, reserved 1048576K
}
Event: 6.887 GC heap before
{Heap before GC invocations=62 (full 0):
 PSYoungGen      total 55296K, used 54912K [0x000000076b800000, 0x000000078a380000, 0x00000007c0000000)
  eden space 54784K, 100% used [0x000000076b800000,0x000000076ed80000,0x000000076ed80000)
  from space 512K, 25% used [0x000000078a280000,0x000000078a2a0000,0x000000078a300000)
  to   space 512K, 0% used [0x000000078a300000,0x000000078a300000,0x000000078a380000)
 ParOldGen       total 173568K, used 1476K [0x00000006c2800000, 0x00000006cd180000, 0x000000076b800000)
  object space 173568K, 0% used [0x00000006c2800000,0x00000006c2971318,0x00000006cd180000)
 Metaspace       used 8091K, capacity 8646K, committed 8960K, reserved 1056768K
  class space    used 646K, capacity 690K, committed 768K, reserved 1048576K
Event: 6.887 GC heap after
Heap after GC invocations=62 (full 0):
 PSYoungGen      total 54272K, used 160K [0x000000076b800000, 0x000000078a380000, 0x00000007c0000000)
  eden space 53760K, 0% used [0x000000076b800000,0x000000076b800000,0x000000076ec80000)
  from space 512K, 31% used [0x000000078a300000,0x000000078a328000,0x000000078a380000)
  to   space 512K, 0% used [0x000000078a280000,0x000000078a280000,0x000000078a300000)
 ParOldGen       total 173568K, used 1476K [0x00000006c2800000, 0x00000006cd180000, 0x000000076b800000)
  object space 173568K, 0% used [0x00000006c2800000,0x00000006c2971318,0x00000006cd180000)
 Metaspace       used 8091K, capacity 8646K, committed 8960K, reserved 1056768K
  class space    used 646K, capacity 690K, committed 768K, reserved 1048576K
}
Event: 6.944 GC heap before
{Heap before GC invocations=63 (full 0):
 PSYoungGen      total 54272K, used 53920K [0x000000076b800000, 0x000000078a380000, 0x00000007c0000000)
  eden space 53760K, 100% used [0x000000076b800000,0x000000076ec80000,0x000000076ec80000)
  from space 512K, 31% used [0x000000078a300000,0x000000078a328000,0x000000078a380000)
  to   space 512K, 0% used [0x000000078a280000,0x000000078a280000,0x000000078a300000)
 ParOldGen       total 173568K, used 1476K [0x00000006c2800000, 0x00000006cd180000, 0x000000076b800000)
  object space 173568K, 0% used [0x00000006c2800000,0x00000006c2971318,0x00000006cd180000)
 Metaspace       used 8091K, capacity 8646K, committed 8960K, reserved 1056768K
  class space    used 646K, capacity 690K, committed 768K, reserved 1048576K
Event: 6.944 GC heap after
Heap after GC invocations=63 (full 0):
 PSYoungGen      total 53248K, used 128K [0x000000076b800000, 0x000000078a380000, 0x00000007c0000000)
  eden space 52736K, 0% used [0x000000076b800000,0x000000076b800000,0x000000076eb80000)
  from space 512K, 25% used [0x000000078a280000,0x000000078a2a0000,0x000000078a300000)
  to   space 512K, 0% used [0x000000078a300000,0x000000078a300000,0x000000078a380000)
 ParOldGen       total 173568K, used 1476K [0x00000006c2800000, 0x00000006cd180000, 0x000000076b800000)
  object space 173568K, 0% used [0x00000006c2800000,0x00000006c2971318,0x00000006cd180000)
 Metaspace       used 8091K, capacity 8646K, committed 8960K, reserved 1056768K
  class space    used 646K, capacity 690K, committed 768K, reserved 1048576K
}
Event: 6.999 GC heap before
{Heap before GC invocations=64 (full 0):
 PSYoungGen      total 53248K, used 52864K [0x000000076b800000, 0x000000078a380000, 0x00000007c0000000)
  eden space 52736K, 100% used [0x000000076b800000,0x000000076eb80000,0x000000076eb80000)
  from space 512K, 25% used [0x000000078a280000,0x000000078a2a0000,0x000000078a300000)
  to   space 512K, 0% used [0x000000078a300000,0x000000078a300000,0x000000078a380000)
 ParOldGen       total 173568K, used 1476K [0x00000006c2800000, 0x00000006cd180000, 0x000000076b800000)
  object space 173568K, 0% used [0x00000006c2800000,0x00000006c2971318,0x00000006cd180000)
 Metaspace       used 8091K, capacity 8646K, committed 8960K, reserved 1056768K
  class space    used 646K, capacity 690K, committed 768K, reserved 1048576K
Event: 7.000 GC heap after
Heap after GC invocations=64 (full 0):
 PSYoungGen      total 52224K, used 192K [0x000000076b800000, 0x000000078a380000, 0x00000007c0000000)
  eden space 51712K, 0% used [0x000000076b800000,0x000000076b800000,0x000000076ea80000)
  from space 512K, 37% used [0x000000078a300000,0x000000078a330000,0x000000078a380000)
  to   space 512K, 0% used [0x000000078a280000,0x000000078a280000,0x000000078a300000)
 ParOldGen       total 173568K, used 1476K [0x00000006c2800000, 0x00000006cd180000, 0x000000076b800000)
  object space 173568K, 0% used [0x00000006c2800000,0x00000006c2971318,0x00000006cd180000)
 Metaspace       used 8091K, capacity 8646K, committed 8960K, reserved 1056768K
  class space    used 646K, capacity 690K, committed 768K, reserved 1048576K
}

Deoptimization events (10 events):
Event: 0.121 Thread 0x000000001e285000 Uncommon trap: reason=unstable_if action=reinterpret pc=0x0000000002774a24 method=java.util.HashMap$HashIterator.<init>(Ljava/util/HashMap;)V @ 38
Event: 0.128 Thread 0x000000001e285000 Uncommon trap: reason=bimorphic action=maybe_recompile pc=0x000000000277fd00 method=java.util.HashMap.getNode(ILjava/lang/Object;)Ljava/util/HashMap$Node; @ 126
Event: 0.360 Thread 0x000000001e285000 Uncommon trap: reason=bimorphic action=maybe_recompile pc=0x000000000277fd00 method=java.util.HashMap.getNode(ILjava/lang/Object;)Ljava/util/HashMap$Node; @ 126
Event: 0.360 Thread 0x000000001e285000 Uncommon trap: reason=bimorphic action=maybe_recompile pc=0x000000000277fd00 method=java.util.HashMap.getNode(ILjava/lang/Object;)Ljava/util/HashMap$Node; @ 126
Event: 0.366 Thread 0x000000001e285000 Uncommon trap: reason=unstable_if action=reinterpret pc=0x0000000002774498 method=java.util.HashMap.keySet()Ljava/util/Set; @ 6
Event: 0.720 Thread 0x000000001e285000 Uncommon trap: reason=unstable_if action=reinterpret pc=0x0000000002774744 method=java.util.HashMap.clear()V @ 16
Event: 0.720 Thread 0x000000001e285000 Uncommon trap: reason=unstable_if action=reinterpret pc=0x0000000002774258 method=java.util.HashMap.clear()V @ 16
Event: 0.720 Thread 0x000000000252e000 Uncommon trap: reason=unstable_if action=reinterpret pc=0x0000000002790ab0 method=main.coreEngine.TickableThread.invoke(Ljava/lang/String;[Ljava/lang/Object;)V @ 53
Event: 0.720 Thread 0x000000001e286000 Uncommon trap: reason=unstable_if action=reinterpret pc=0x00000000027b4a34 method=main.coreEngine.TickableThread.run()V @ 58
Event: 0.815 Thread 0x000000001e286000 Uncommon trap: reason=unstable_if action=reinterpret pc=0x00000000028b3f20 method=main.coreEngine.TickableThread.run()V @ 461

Internal exceptions (8 events):
Event: 0.023 Thread 0x000000000252e000 Exception <a 'java/lang/NoSuchMethodError': Method sun.misc.Unsafe.defineClass(Ljava/lang/String;[BII)Ljava/lang/Class; name or signature does not match> (0x000000076b80d9b8) thrown at [C:\workspace\8-2-build-windows-amd64-cygwin\jdk8u65\4987\hotspot\src\sw,°xô—?
Event: 0.023 Thread 0x000000000252e000 Exception <a 'java/lang/NoSuchMethodError': Method sun.misc.Unsafe.prefetchRead(Ljava/lang/Object;J)V name or signature does not match> (0x000000076b80dca0) thrown at [C:\workspace\8-2-build-windows-amd64-cygwin\jdk8u65\4987\hotspot\src\share\vm\prims\jni.—Ürö®Â?
Event: 0.146 Thread 0x000000001e285000 Exception <a 'java/lang/ArrayIndexOutOfBoundsException': -1> (0x000000076c5a8a48) thrown at [C:\workspace\8-2-build-windows-amd64-cygwin\jdk8u65\4987\hotspot\src\share\vm\interpreter\interpreterRuntime.cpp, line 366]
Event: 0.360 Thread 0x000000001e285000 Exception <a 'java/security/PrivilegedActionException'> (0x000000076bfbd080) thrown at [C:\workspace\8-2-build-windows-amd64-cygwin\jdk8u65\4987\hotspot\src\share\vm\prims\jvm.cpp, line 1386]
Event: 0.360 Thread 0x000000001e285000 Exception <a 'java/security/PrivilegedActionException'> (0x000000076bfbd478) thrown at [C:\workspace\8-2-build-windows-amd64-cygwin\jdk8u65\4987\hotspot\src\share\vm\prims\jvm.cpp, line 1386]
Event: 0.361 Thread 0x000000001e285000 Exception <a 'java/security/PrivilegedActionException'> (0x000000076bfc1690) thrown at [C:\workspace\8-2-build-windows-amd64-cygwin\jdk8u65\4987\hotspot\src\share\vm\prims\jvm.cpp, line 1386]
Event: 0.361 Thread 0x000000001e285000 Exception <a 'java/security/PrivilegedActionException'> (0x000000076bfc1a88) thrown at [C:\workspace\8-2-build-windows-amd64-cygwin\jdk8u65\4987\hotspot\src\share\vm\prims\jvm.cpp, line 1386]
Event: 0.720 Thread 0x000000000252e000 Implicit null exception at 0x00000000027904bc to 0x0000000002790a89

Events (10 events):
Event: 6.771 Executing VM operation: ParallelGCFailedAllocation
Event: 6.772 Executing VM operation: ParallelGCFailedAllocation done
Event: 6.830 Executing VM operation: ParallelGCFailedAllocation
Event: 6.830 Executing VM operation: ParallelGCFailedAllocation done
Event: 6.887 Executing VM operation: ParallelGCFailedAllocation
Event: 6.887 Executing VM operation: ParallelGCFailedAllocation done
Event: 6.944 Executing VM operation: ParallelGCFailedAllocation
Event: 6.944 Executing VM operation: ParallelGCFailedAllocation done
Event: 6.999 Executing VM operation: ParallelGCFailedAllocation
Event: 7.000 Executing VM operation: ParallelGCFailedAllocation done


Dynamic libraries:
0x00007ff75ee90000 - 0x00007ff75eec7000 	C:\Program Files\Java\jdk1.8.0_65\bin\java.exe
0x00007ffde4980000 - 0x00007ffde4b41000 	C:\WINDOWS\SYSTEM32\ntdll.dll
0x00007ffde42a0000 - 0x00007ffde434d000 	C:\WINDOWS\system32\KERNEL32.DLL
0x00007ffde19f0000 - 0x00007ffde1bd8000 	C:\WINDOWS\system32\KERNELBASE.dll
0x00007ffde1e70000 - 0x00007ffde1f17000 	C:\WINDOWS\system32\ADVAPI32.dll
0x00007ffde3800000 - 0x00007ffde389d000 	C:\WINDOWS\system32\msvcrt.dll
0x00007ffde1e10000 - 0x00007ffde1e6b000 	C:\WINDOWS\system32\sechost.dll
0x00007ffde3bd0000 - 0x00007ffde3cec000 	C:\WINDOWS\system32\RPCRT4.dll
0x00007ffde3fe0000 - 0x00007ffde4136000 	C:\WINDOWS\system32\USER32.dll
0x00007ffde3cf0000 - 0x00007ffde3e76000 	C:\WINDOWS\system32\GDI32.dll
0x00007ffddd690000 - 0x00007ffddd904000 	C:\WINDOWS\WinSxS\amd64_microsoft.windows.common-controls_6595b64144ccf1df_6.0.10586.0_none_8c15ae12515e1c22\COMCTL32.dll
0x00007ffde3950000 - 0x00007ffde3bcd000 	C:\WINDOWS\system32\combase.dll
0x00007ffde1cf0000 - 0x00007ffde1d5a000 	C:\WINDOWS\system32\bcryptPrimitives.dll
0x00007ffde1dc0000 - 0x00007ffde1dfb000 	C:\WINDOWS\system32\IMM32.DLL
0x0000000070c90000 - 0x0000000070d62000 	C:\Program Files\Java\jdk1.8.0_65\jre\bin\msvcr100.dll
0x0000000070400000 - 0x0000000070c89000 	C:\Program Files\Java\jdk1.8.0_65\jre\bin\server\jvm.dll
0x00007ffde4290000 - 0x00007ffde4298000 	C:\WINDOWS\system32\PSAPI.DLL
0x00007ffdd8550000 - 0x00007ffdd8559000 	C:\WINDOWS\SYSTEM32\WSOCK32.dll
0x00007ffddf730000 - 0x00007ffddf753000 	C:\WINDOWS\SYSTEM32\WINMM.dll
0x00007ffddd9c0000 - 0x00007ffddd9ca000 	C:\WINDOWS\SYSTEM32\VERSION.dll
0x00007ffde4470000 - 0x00007ffde44db000 	C:\WINDOWS\system32\WS2_32.dll
0x00007ffddf6d0000 - 0x00007ffddf6fc000 	C:\WINDOWS\SYSTEM32\WINMMBASE.dll
0x00007ffde1be0000 - 0x00007ffde1c23000 	C:\WINDOWS\system32\cfgmgr32.dll
0x00000000703f0000 - 0x00000000703ff000 	C:\Program Files\Java\jdk1.8.0_65\jre\bin\verify.dll
0x00000000703c0000 - 0x00000000703e9000 	C:\Program Files\Java\jdk1.8.0_65\jre\bin\java.dll
0x0000000070380000 - 0x00000000703b5000 	C:\Program Files\Java\jdk1.8.0_65\jre\bin\jdwp.dll
0x0000000070370000 - 0x0000000070378000 	C:\Program Files\Java\jdk1.8.0_65\jre\bin\npt.dll
0x0000000070350000 - 0x0000000070366000 	C:\Program Files\Java\jdk1.8.0_65\jre\bin\zip.dll
0x00007ffde1f80000 - 0x00007ffde34dc000 	C:\WINDOWS\system32\SHELL32.dll
0x00007ffde11d0000 - 0x00007ffde1815000 	C:\WINDOWS\system32\windows.storage.dll
0x00007ffde36b0000 - 0x00007ffde3702000 	C:\WINDOWS\system32\shlwapi.dll
0x00007ffde0fb0000 - 0x00007ffde0fbf000 	C:\WINDOWS\system32\kernel.appcore.dll
0x00007ffde1c30000 - 0x00007ffde1ce5000 	C:\WINDOWS\system32\shcore.dll
0x00007ffde0fc0000 - 0x00007ffde100b000 	C:\WINDOWS\system32\powrprof.dll
0x00007ffde0f80000 - 0x00007ffde0f94000 	C:\WINDOWS\system32\profapi.dll
0x0000000070340000 - 0x0000000070349000 	C:\Program Files\Java\jdk1.8.0_65\jre\bin\dt_socket.dll
0x00007ffde08b0000 - 0x00007ffde090c000 	C:\WINDOWS\system32\mswsock.dll
0x00007ffdcf260000 - 0x00007ffdcf2e8000 	D:\Code\Java\Projects\WireEngine20\lib\native\lwjgl.dll
0x00007ffde0a80000 - 0x00007ffde0a8b000 	C:\WINDOWS\SYSTEM32\CRYPTBASE.DLL
0x00007ffdd40a0000 - 0x00007ffdd40e2000 	D:\Code\Java\Projects\WireEngine20\lib\native\jemalloc.dll
0x00007ffdcf9f0000 - 0x00007ffdcfa28000 	D:\Code\Java\Projects\WireEngine20\lib\native\glfw.dll
0x00007ffddf850000 - 0x00007ffddf8e6000 	C:\WINDOWS\system32\uxtheme.dll
0x00007ffdde650000 - 0x00007ffdde672000 	C:\WINDOWS\SYSTEM32\dwmapi.dll
0x00007ffdc8b70000 - 0x00007ffdc8c99000 	C:\WINDOWS\SYSTEM32\opengl32.dll
0x00007ffdcd0c0000 - 0x00007ffdcd0ee000 	C:\WINDOWS\SYSTEM32\GLU32.dll
0x00007ffdc6920000 - 0x00007ffdc6a1a000 	C:\WINDOWS\SYSTEM32\DDRAW.dll
0x00007ffddaa30000 - 0x00007ffddaa38000 	C:\WINDOWS\SYSTEM32\DCIMAN32.dll
0x00007ffde3e80000 - 0x00007ffde3fda000 	C:\WINDOWS\system32\MSCTF.dll
0x00007ffdc9cc0000 - 0x00007ffdc9d09000 	C:\Program Files (x86)\TeamViewer\tv_x64.dll
0x00007ffde4140000 - 0x00007ffde4283000 	C:\WINDOWS\system32\ole32.dll
0x000000006e5f0000 - 0x0000000070339000 	C:\WINDOWS\SYSTEM32\nvoglv64.DLL
0x00007ffde4550000 - 0x00007ffde4979000 	C:\WINDOWS\system32\SETUPAPI.dll
0x00007ffddf2f0000 - 0x00007ffddf303000 	C:\WINDOWS\SYSTEM32\WTSAPI32.dll
0x00007ffddf9a0000 - 0x00007ffddf9c7000 	C:\WINDOWS\SYSTEM32\DEVOBJ.dll
0x00007ffde1170000 - 0x00007ffde11c5000 	C:\WINDOWS\system32\WINTRUST.dll
0x00007ffde0fa0000 - 0x00007ffde0fb0000 	C:\WINDOWS\system32\MSASN1.dll
0x00007ffde1820000 - 0x00007ffde19e7000 	C:\WINDOWS\system32\CRYPT32.dll
0x00007ffde04d0000 - 0x00007ffde0501000 	C:\WINDOWS\SYSTEM32\ntmarta.dll
0x00007ffde0220000 - 0x00007ffde0276000 	C:\WINDOWS\SYSTEM32\WINSTA.dll
0x00007ffde38a0000 - 0x00007ffde3947000 	C:\WINDOWS\system32\clbcatq.dll
0x00007ffdb9de0000 - 0x00007ffdb9f6c000 	C:\WINDOWS\SYSTEM32\dbghelp.dll

VM Arguments:
jvm_args: -agentlib:jdwp=transport=dt_socket,address=127.0.0.1:49422,suspend=y,server=n -Djava.library.path=lib/native/ -Dfile.encoding=UTF-8 
java_command: main.Main
java_class_path (initial): C:\Program Files\Java\jdk1.8.0_65\jre\lib\charsets.jar;C:\Program Files\Java\jdk1.8.0_65\jre\lib\deploy.jar;C:\Program Files\Java\jdk1.8.0_65\jre\lib\ext\access-bridge-64.jar;C:\Program Files\Java\jdk1.8.0_65\jre\lib\ext\cldrdata.jar;C:\Program Files\Java\jdk1.8.0_65\jre\lib\ext\dnsns.jar;C:\Program Files\Java\jdk1.8.0_65\jre\lib\ext\jaccess.jar;C:\Program Files\Java\jdk1.8.0_65\jre\lib\ext\jfxrt.jar;C:\Program Files\Java\jdk1.8.0_65\jre\lib\ext\localedata.jar;C:\Program Files\Java\jdk1.8.0_65\jre\lib\ext\nashorn.jar;C:\Program Files\Java\jdk1.8.0_65\jre\lib\ext\sunec.jar;C:\Program Files\Java\jdk1.8.0_65\jre\lib\ext\sunjce_provider.jar;C:\Program Files\Java\jdk1.8.0_65\jre\lib\ext\sunmscapi.jar;C:\Program Files\Java\jdk1.8.0_65\jre\lib\ext\sunpkcs11.jar;C:\Program Files\Java\jdk1.8.0_65\jre\lib\ext\zipfs.jar;C:\Program Files\Java\jdk1.8.0_65\jre\lib\javaws.jar;C:\Program Files\Java\jdk1.8.0_65\jre\lib\jce.jar;C:\Program Files\Java\jdk1.8.0_65\jre\lib\jfr.jar;C:\Program Files\Java\jdk1.8.0_65\jre\lib\jfxswt.jar;C:\Program Files\Java\jdk1.8.0_65\jre\lib\jsse.jar;C:\Program Files\Java\jdk1.8.0_65\jre\lib\management-agent.jar;C:\Program Files\Java\jdk1.8.0_65\jre\lib\plugin.jar;C:\Program Files\Java\jdk1.8.0_65\jre\lib\resources.jar;C:\Program Files\Java\jdk1.8.0_65\jre\lib\rt.jar;D:\Code\Java\Projects\WireEngine20\out\production\WireEngine20;D:\Code\Java\Projects\WireEngine20\lib\jar\lwjgl.jar;D:\Program Files (x86)\JetBrains\IntelliJ IDEA 2016.1\lib\idea_rt.jar
Launcher Type: SUN_STANDARD

Environment Variables:
JAVA_HOME=C:\Program Files\Java\jdk1.8.0_65
PATH=C:\ProgramData\Oracle\Java\javapath;C:\Program Files (x86)\Razer Chroma SDK\bin;C:\Program Files\Razer Chroma SDK\bin;C:\Program Files (x86)\NVIDIA Corporation\PhysX\Common;C:\Program Files (x86)\Intel\iCLS Client\;C:\Program Files\Intel\iCLS Client\;C:\Windows\system32;C:\Windows;C:\Windows\System32\Wbem;C:\Windows\System32\WindowsPowerShell\v1.0\;C:\Program Files\Intel\Intel(R) Management Engine Components\DAL;C:\Program Files (x86)\Intel\Intel(R) Management Engine Components\DAL;C:\Program Files\Intel\Intel(R) Management Engine Components\IPT;C:\Program Files (x86)\Intel\Intel(R) Management Engine Components\IPT;C:\Program Files\Java\jre1.8.0_65\bin;C:\MinGW\bin;C:\WINDOWS\system32;C:\WINDOWS;C:\WINDOWS\System32\Wbem;C:\WINDOWS\System32\WindowsPowerShell\v1.0\;D:\Program Files (x86)\CMake\bin;D:\Program Files\Programs\Python\Python35-32;D:\Program Files\Programs\Python\Python35-32\Scripts;C:\Program Files (x86)\Skype\Phone\;D:\Program Files\Programs\Python\Python35-32\Scripts\;D:\Program Files\Programs\Python\Python35-32\
USERNAME=Kelan
OS=Windows_NT
PROCESSOR_IDENTIFIER=Intel64 Family 6 Model 60 Stepping 3, GenuineIntel



---------------  S Y S T E M  ---------------

OS: Windows 10.0 , 64 bit Build 10586 (10.0.10586.0)

CPU:total 8 (4 cores per cpu, 2 threads per core) family 6 model 60 stepping 3, cmov, cx8, fxsr, mmx, sse, sse2, sse3, ssse3, sse4.1, sse4.2, popcnt, avx, avx2, aes, clmul, erms, lzcnt, ht, tsc, tscinvbit, bmi1, bmi2

Memory: 4k page, physical 16609500k(4541576k free), swap 33386716k(18537744k free)

vm_info: Java HotSpot(TM) 64-Bit Server VM (25.65-b01) for windows-amd64 JRE (1.8.0_65-b17), built on Oct  6 2015 16:39:20 by "java_re" with MS VC++ 10.0 (VS2010)

time: Sun Apr 10 12:00:10 2016
elapsed time: 7 seconds (0d 0h 0m 7s)

