#
# A fatal error has been detected by the Java Runtime Environment:
#
#  EXCEPTION_ACCESS_VIOLATION (0xc0000005) at pc=0x00007ffdd3df24b9, pid=11296, tid=12248
#
# JRE version: Java(TM) SE Runtime Environment (8.0_65-b17) (build 1.8.0_65-b17)
# Java VM: Java HotSpot(TM) 64-Bit Server VM (25.65-b01 mixed mode windows-amd64 compressed oops)
# Problematic frame:
# C  [glfw.dll+0x24b9]
#
# Failed to write core dump. Minidumps are not enabled by default on client versions of Windows
#
# If you would like to submit a bug report, please visit:
#   http://bugreport.java.com/bugreport/crash.jsp
# The crash happened outside the Java Virtual Machine in native code.
# See problematic frame for where to report the bug.
#

---------------  T H R E A D  ---------------

Current thread (0x000000001e2d6800):  JavaThread "CLIENT" [_thread_in_native, id=12248, stack(0x000000001eff0000,0x000000001f0f0000)]

siginfo: ExceptionCode=0xc0000005, reading address 0x0000000000000000

Registers:
RAX=0x0000000000000000, RBX=0x000000001bac7888, RCX=0x0000000000000000, RDX=0x0000000000000000
RSP=0x000000001f0ef0c0, RBP=0x000000001f0ef170, RSI=0x0000000000000108, RDI=0x000000000057ff00
R8 =0x000000001f0ef0b8, R9 =0x000000001f0ef170, R10=0x0000000000000000, R11=0x0000000000000246
R12=0x0000000000000000, R13=0x000000001bac7888, R14=0x000000001f0ef1a8, R15=0x000000001e2d6800
RIP=0x00007ffdd3df24b9, EFLAGS=0x0000000000010287

Top of Stack: (sp=0x000000001f0ef0c0)
0x000000001f0ef0c0:   000000001e2d6800 000000001e2d6800
0x000000001f0ef0d0:   000000001bae1608 000000007052d610
0x000000001f0ef0e0:   0000000000000146 00000000026cdfcc
0x000000001f0ef0f0:   000000001bac7888 00000000026ad850
0x000000001f0ef100:   000000000000000e 000000001e2d6800
0x000000001f0ef110:   000000001bae1608 000000007052aea4
0x000000001f0ef120:   000000001e2d6800 000000001e2d6800
0x000000001f0ef130:   000000001f0ef130 0000000000000000
0x000000001f0ef140:   000000001f0ef1a8 000000001bac8028
0x000000001f0ef150:   0000000000000000 000000001bac7888
0x000000001f0ef160:   0000000000000000 000000001f0ef190
0x000000001f0ef170:   000000001f0ef1f0 00000000026b7d8d
0x000000001f0ef180:   00000006c28060b8 00000000026c42f8
0x000000001f0ef190:   000000000057ff00 00000000026b78a0
0x000000001f0ef1a0:   00007ffdd3df2420 0000000000000001
0x000000001f0ef1b0:   000000001f0ef1b0 000000001bae15dc 

Instructions: (pc=0x00007ffdd3df24b9)
0x00007ffdd3df2499:   48 8b cf e8 1f 3a 00 00 48 39 3d f0 d5 02 00 48
0x00007ffdd3df24a9:   8d 0d e9 d5 02 00 48 8b 5c 24 30 74 08 48 8b 09
0x00007ffdd3df24b9:   48 39 39 75 f8 48 8b 07 48 89 01 48 8b cf 48 83
0x00007ffdd3df24c9:   c4 20 5f e9 5b fe 00 00 48 83 c4 20 5f c3 cc cc 


Register to memory mapping:

RAX=0x0000000000000000 is an unknown value
RBX={method} {0x000000001bac7890} 'invokePV' '(JJ)V' in 'org/lwjgl/system/JNI'
RCX=0x0000000000000000 is an unknown value
RDX=0x0000000000000000 is an unknown value
RSP=0x000000001f0ef0c0 is pointing into the stack for thread: 0x000000001e2d6800
RBP=0x000000001f0ef170 is pointing into the stack for thread: 0x000000001e2d6800
RSI=0x0000000000000108 is an unknown value
RDI=0x000000000057ff00 is an unknown value
R8 =0x000000001f0ef0b8 is pointing into the stack for thread: 0x000000001e2d6800
R9 =0x000000001f0ef170 is pointing into the stack for thread: 0x000000001e2d6800
R10=0x0000000000000000 is an unknown value
R11=0x0000000000000246 is an unknown value
R12=0x0000000000000000 is an unknown value
R13={method} {0x000000001bac7890} 'invokePV' '(JJ)V' in 'org/lwjgl/system/JNI'
R14=0x000000001f0ef1a8 is pointing into the stack for thread: 0x000000001e2d6800
R15=0x000000001e2d6800 is a thread


Stack: [0x000000001eff0000,0x000000001f0f0000],  sp=0x000000001f0ef0c0,  free space=1020k
Native frames: (J=compiled Java code, j=interpreted, Vv=VM code, C=native code)
C  [glfw.dll+0x24b9]
C  0x00000000026cdfcc

Java frames: (J=compiled Java code, j=interpreted, Vv=VM code)
j  org.lwjgl.system.JNI.invokePV(JJ)V+0
j  org.lwjgl.glfw.GLFW.glfwDestroyCursor(J)V+20
j  main.client.Window.destroyWindow()V+9
j  main.coreEngine.Engine.stop()V+70
j  main.client.Window.update()V+43
j  main.client.renderEngine.RenderEngine.render()V+29
j  main.client.ClientThread.tick()V+12
J 432% C1 main.coreEngine.TickableThread.run()V (481 bytes) @ 0x000000000290dadc [0x0000000002909200+0x48dc]
v  ~StubRoutines::call_stub

---------------  P R O C E S S  ---------------

Java Threads: ( => current thread )
  0x000000001e311800 JavaThread "SERVER" [_thread_in_Java, id=2256, stack(0x000000001f0f0000,0x000000001f1f0000)]
=>0x000000001e2d6800 JavaThread "CLIENT" [_thread_in_native, id=12248, stack(0x000000001eff0000,0x000000001f0f0000)]
  0x000000001e1da800 JavaThread "Service Thread" daemon [_thread_blocked, id=8864, stack(0x000000001edf0000,0x000000001eef0000)]
  0x000000001e154000 JavaThread "C1 CompilerThread3" daemon [_thread_blocked, id=1992, stack(0x000000001ecf0000,0x000000001edf0000)]
  0x000000001e147000 JavaThread "C2 CompilerThread2" daemon [_thread_blocked, id=11316, stack(0x000000001ebf0000,0x000000001ecf0000)]
  0x000000001e146000 JavaThread "C2 CompilerThread1" daemon [_thread_blocked, id=1412, stack(0x000000001eaf0000,0x000000001ebf0000)]
  0x000000001e14b000 JavaThread "C2 CompilerThread0" daemon [_thread_blocked, id=4024, stack(0x000000001e9f0000,0x000000001eaf0000)]
  0x000000001e131000 JavaThread "JDWP Command Reader" daemon [_thread_in_native, id=11656, stack(0x000000001e8f0000,0x000000001e9f0000)]
  0x000000001e12f800 JavaThread "JDWP Event Helper Thread" daemon [_thread_blocked, id=6860, stack(0x000000001e7f0000,0x000000001e8f0000)]
  0x000000001e122800 JavaThread "JDWP Transport Listener: dt_socket" daemon [_thread_blocked, id=11572, stack(0x000000001e6f0000,0x000000001e7f0000)]
  0x000000001c05d800 JavaThread "Attach Listener" daemon [_thread_blocked, id=5032, stack(0x000000001e5f0000,0x000000001e6f0000)]
  0x000000001c05c800 JavaThread "Signal Dispatcher" daemon [_thread_blocked, id=3528, stack(0x000000001e4f0000,0x000000001e5f0000)]
  0x00000000026ac800 JavaThread "Finalizer" daemon [_thread_blocked, id=12656, stack(0x000000001df10000,0x000000001e010000)]
  0x00000000026a6000 JavaThread "Reference Handler" daemon [_thread_blocked, id=14112, stack(0x000000001de10000,0x000000001df10000)]
  0x0000000000dbe000 JavaThread "main" [_thread_in_Java, id=12924, stack(0x0000000002400000,0x0000000002500000)]

Other Threads:
  0x000000001c049000 VMThread [stack: 0x000000001dd10000,0x000000001de10000] [id=13900]
  0x000000001e204800 WatcherThread [stack: 0x000000001eef0000,0x000000001eff0000] [id=4020]

VM state:not at safepoint (normal execution)

VM Mutex/Monitor currently owned by a thread: None

Heap:
 PSYoungGen      total 207872K, used 180675K [0x000000076b800000, 0x0000000784e00000, 0x00000007c0000000)
  eden space 205824K, 88% used [0x000000076b800000,0x0000000776a7bed0,0x0000000778100000)
  from space 2048K, 1% used [0x0000000784a00000,0x0000000784a08000,0x0000000784c00000)
  to   space 2048K, 0% used [0x0000000784c00000,0x0000000784c00000,0x0000000784e00000)
 ParOldGen       total 173568K, used 1443K [0x00000006c2800000, 0x00000006cd180000, 0x000000076b800000)
  object space 173568K, 0% used [0x00000006c2800000,0x00000006c2968f58,0x00000006cd180000)
 Metaspace       used 7891K, capacity 8422K, committed 8704K, reserved 1056768K
  class space    used 632K, capacity 658K, committed 768K, reserved 1048576K

Card table byte_map: [0x0000000011a70000,0x0000000012260000] byte_map_base: 0x000000000e45c000

Marking Bits: (ParMarkBitMap*) 0x0000000070c0a5b0
 Begin Bits: [0x0000000012fb0000, 0x0000000016f10000)
 End Bits:   [0x0000000016f10000, 0x000000001ae70000)

Polling page: 0x0000000000cc0000

CodeCache: size=245760Kb used=2617Kb max_used=2634Kb free=243142Kb
 bounds [0x00000000026b0000, 0x0000000002950000, 0x00000000116b0000]
 total_blobs=1108 nmethods=468 adapters=561
 compilation: enabled

Compilation events (10 events):
Event: 1.556 Thread 0x000000001e154000  464       3       org.lwjgl.opengl.GL::getCapabilities (26 bytes)
Event: 1.556 Thread 0x000000001e154000 nmethod 464 0x0000000002922dd0 code [0x0000000002922f60, 0x0000000002923358]
Event: 1.556 Thread 0x000000001e154000  465       3       org.lwjgl.system.Checks::checkFunctionality (16 bytes)
Event: 1.556 Thread 0x000000001e154000 nmethod 465 0x000000000291acd0 code [0x000000000291ae40, 0x000000000291b088]
Event: 1.573 Thread 0x000000001e154000  466       3       org.lwjgl.system.Checks::checkPointer (16 bytes)
Event: 1.573 Thread 0x000000001e154000 nmethod 466 0x0000000002922910 code [0x0000000002922a80, 0x0000000002922cc8]
Event: 2.139 Thread 0x000000001e154000  467       3       org.lwjgl.glfw.GLFW::getInstance (4 bytes)
Event: 2.139 Thread 0x000000001e154000 nmethod 467 0x0000000002916390 code [0x00000000029164e0, 0x0000000002916610]
Event: 2.198 Thread 0x000000001e154000  468   !   3       main.coreEngine.TickableThread::scheduleTick (25 bytes)
Event: 2.198 Thread 0x000000001e154000 nmethod 468 0x0000000002944110 code [0x0000000002944280, 0x0000000002944590]

GC Heap History (10 events):
Event: 1.364 GC heap before
{Heap before GC invocations=11 (full 0):
 PSYoungGen      total 250368K, used 250112K [0x000000076b800000, 0x0000000785100000, 0x00000007c0000000)
  eden space 249856K, 100% used [0x000000076b800000,0x000000077ac00000,0x000000077ac00000)
  from space 512K, 50% used [0x0000000785080000,0x00000007850c0000,0x0000000785100000)
  to   space 2048K, 0% used [0x0000000784d00000,0x0000000784d00000,0x0000000784f00000)
 ParOldGen       total 173568K, used 1331K [0x00000006c2800000, 0x00000006cd180000, 0x000000076b800000)
  object space 173568K, 0% used [0x00000006c2800000,0x00000006c294cf58,0x00000006cd180000)
 Metaspace       used 7889K, capacity 8422K, committed 8704K, reserved 1056768K
  class space    used 632K, capacity 658K, committed 768K, reserved 1048576K
Event: 1.364 GC heap after
Heap after GC invocations=11 (full 0):
 PSYoungGen      total 242176K, used 64K [0x000000076b800000, 0x0000000785100000, 0x00000007c0000000)
  eden space 240128K, 0% used [0x000000076b800000,0x000000076b800000,0x000000077a280000)
  from space 2048K, 3% used [0x0000000784d00000,0x0000000784d10000,0x0000000784f00000)
  to   space 2048K, 0% used [0x0000000784f00000,0x0000000784f00000,0x0000000785100000)
 ParOldGen       total 173568K, used 1403K [0x00000006c2800000, 0x00000006cd180000, 0x000000076b800000)
  object space 173568K, 0% used [0x00000006c2800000,0x00000006c295ef58,0x00000006cd180000)
 Metaspace       used 7889K, capacity 8422K, committed 8704K, reserved 1056768K
  class space    used 632K, capacity 658K, committed 768K, reserved 1048576K
}
Event: 1.547 GC heap before
{Heap before GC invocations=12 (full 0):
 PSYoungGen      total 242176K, used 240192K [0x000000076b800000, 0x0000000785100000, 0x00000007c0000000)
  eden space 240128K, 100% used [0x000000076b800000,0x000000077a280000,0x000000077a280000)
  from space 2048K, 3% used [0x0000000784d00000,0x0000000784d10000,0x0000000784f00000)
  to   space 2048K, 0% used [0x0000000784f00000,0x0000000784f00000,0x0000000785100000)
 ParOldGen       total 173568K, used 1403K [0x00000006c2800000, 0x00000006cd180000, 0x000000076b800000)
  object space 173568K, 0% used [0x00000006c2800000,0x00000006c295ef58,0x00000006cd180000)
 Metaspace       used 7889K, capacity 8422K, committed 8704K, reserved 1056768K
  class space    used 632K, capacity 658K, committed 768K, reserved 1048576K
Event: 1.548 GC heap after
Heap after GC invocations=12 (full 0):
 PSYoungGen      total 231424K, used 64K [0x000000076b800000, 0x0000000784f80000, 0x00000007c0000000)
  eden space 230912K, 0% used [0x000000076b800000,0x000000076b800000,0x0000000779980000)
  from space 512K, 12% used [0x0000000784f00000,0x0000000784f10000,0x0000000784f80000)
  to   space 2048K, 0% used [0x0000000784b80000,0x0000000784b80000,0x0000000784d80000)
 ParOldGen       total 173568K, used 1403K [0x00000006c2800000, 0x00000006cd180000, 0x000000076b800000)
  object space 173568K, 0% used [0x00000006c2800000,0x00000006c295ef58,0x00000006cd180000)
 Metaspace       used 7889K, capacity 8422K, committed 8704K, reserved 1056768K
  class space    used 632K, capacity 658K, committed 768K, reserved 1048576K
}
Event: 1.765 GC heap before
{Heap before GC invocations=13 (full 0):
 PSYoungGen      total 231424K, used 230976K [0x000000076b800000, 0x0000000784f80000, 0x00000007c0000000)
  eden space 230912K, 100% used [0x000000076b800000,0x0000000779980000,0x0000000779980000)
  from space 512K, 12% used [0x0000000784f00000,0x0000000784f10000,0x0000000784f80000)
  to   space 2048K, 0% used [0x0000000784b80000,0x0000000784b80000,0x0000000784d80000)
 ParOldGen       total 173568K, used 1403K [0x00000006c2800000, 0x00000006cd180000, 0x000000076b800000)
  object space 173568K, 0% used [0x00000006c2800000,0x00000006c295ef58,0x00000006cd180000)
 Metaspace       used 7890K, capacity 8422K, committed 8704K, reserved 1056768K
  class space    used 632K, capacity 658K, committed 768K, reserved 1048576K
Event: 1.765 GC heap after
Heap after GC invocations=13 (full 0):
 PSYoungGen      total 224256K, used 128K [0x000000076b800000, 0x0000000784f80000, 0x00000007c0000000)
  eden space 222208K, 0% used [0x000000076b800000,0x000000076b800000,0x0000000779100000)
  from space 2048K, 6% used [0x0000000784b80000,0x0000000784ba0000,0x0000000784d80000)
  to   space 2048K, 0% used [0x0000000784d80000,0x0000000784d80000,0x0000000784f80000)
 ParOldGen       total 173568K, used 1411K [0x00000006c2800000, 0x00000006cd180000, 0x000000076b800000)
  object space 173568K, 0% used [0x00000006c2800000,0x00000006c2960f58,0x00000006cd180000)
 Metaspace       used 7890K, capacity 8422K, committed 8704K, reserved 1056768K
  class space    used 632K, capacity 658K, committed 768K, reserved 1048576K
}
Event: 1.938 GC heap before
{Heap before GC invocations=14 (full 0):
 PSYoungGen      total 224256K, used 222336K [0x000000076b800000, 0x0000000784f80000, 0x00000007c0000000)
  eden space 222208K, 100% used [0x000000076b800000,0x0000000779100000,0x0000000779100000)
  from space 2048K, 6% used [0x0000000784b80000,0x0000000784ba0000,0x0000000784d80000)
  to   space 2048K, 0% used [0x0000000784d80000,0x0000000784d80000,0x0000000784f80000)
 ParOldGen       total 173568K, used 1411K [0x00000006c2800000, 0x00000006cd180000, 0x000000076b800000)
  object space 173568K, 0% used [0x00000006c2800000,0x00000006c2960f58,0x00000006cd180000)
 Metaspace       used 7890K, capacity 8422K, committed 8704K, reserved 1056768K
  class space    used 632K, capacity 658K, committed 768K, reserved 1048576K
Event: 1.939 GC heap after
Heap after GC invocations=14 (full 0):
 PSYoungGen      total 214528K, used 64K [0x000000076b800000, 0x0000000784e00000, 0x00000007c0000000)
  eden space 214016K, 0% used [0x000000076b800000,0x000000076b800000,0x0000000778900000)
  from space 512K, 12% used [0x0000000784d80000,0x0000000784d90000,0x0000000784e00000)
  to   space 2048K, 0% used [0x0000000784a00000,0x0000000784a00000,0x0000000784c00000)
 ParOldGen       total 173568K, used 1443K [0x00000006c2800000, 0x00000006cd180000, 0x000000076b800000)
  object space 173568K, 0% used [0x00000006c2800000,0x00000006c2968f58,0x00000006cd180000)
 Metaspace       used 7890K, capacity 8422K, committed 8704K, reserved 1056768K
  class space    used 632K, capacity 658K, committed 768K, reserved 1048576K
}
Event: 2.104 GC heap before
{Heap before GC invocations=15 (full 0):
 PSYoungGen      total 214528K, used 214080K [0x000000076b800000, 0x0000000784e00000, 0x00000007c0000000)
  eden space 214016K, 100% used [0x000000076b800000,0x0000000778900000,0x0000000778900000)
  from space 512K, 12% used [0x0000000784d80000,0x0000000784d90000,0x0000000784e00000)
  to   space 2048K, 0% used [0x0000000784a00000,0x0000000784a00000,0x0000000784c00000)
 ParOldGen       total 173568K, used 1443K [0x00000006c2800000, 0x00000006cd180000, 0x000000076b800000)
  object space 173568K, 0% used [0x00000006c2800000,0x00000006c2968f58,0x00000006cd180000)
 Metaspace       used 7890K, capacity 8422K, committed 8704K, reserved 1056768K
  class space    used 632K, capacity 658K, committed 768K, reserved 1048576K
Event: 2.105 GC heap after
Heap after GC invocations=15 (full 0):
 PSYoungGen      total 207872K, used 32K [0x000000076b800000, 0x0000000784e00000, 0x00000007c0000000)
  eden space 205824K, 0% used [0x000000076b800000,0x000000076b800000,0x0000000778100000)
  from space 2048K, 1% used [0x0000000784a00000,0x0000000784a08000,0x0000000784c00000)
  to   space 2048K, 0% used [0x0000000784c00000,0x0000000784c00000,0x0000000784e00000)
 ParOldGen       total 173568K, used 1443K [0x00000006c2800000, 0x00000006cd180000, 0x000000076b800000)
  object space 173568K, 0% used [0x00000006c2800000,0x00000006c2968f58,0x00000006cd180000)
 Metaspace       used 7890K, capacity 8422K, committed 8704K, reserved 1056768K
  class space    used 632K, capacity 658K, committed 768K, reserved 1048576K
}

Deoptimization events (10 events):
Event: 0.402 Thread 0x000000001e2d6800 Uncommon trap: reason=bimorphic action=maybe_recompile pc=0x00000000027f71b4 method=java.util.HashMap.getNode(ILjava/lang/Object;)Ljava/util/HashMap$Node; @ 126
Event: 0.403 Thread 0x000000001e2d6800 Uncommon trap: reason=bimorphic action=maybe_recompile pc=0x00000000027f71b4 method=java.util.HashMap.getNode(ILjava/lang/Object;)Ljava/util/HashMap$Node; @ 126
Event: 0.408 Thread 0x000000001e2d6800 Uncommon trap: reason=unstable_if action=reinterpret pc=0x00000000027ead58 method=java.util.HashMap.keySet()Ljava/util/Set; @ 6
Event: 0.752 Thread 0x000000001e2d6800 Uncommon trap: reason=unstable_if action=reinterpret pc=0x00000000027ebe84 method=java.util.HashMap.clear()V @ 16
Event: 0.753 Thread 0x000000001e2d6800 Uncommon trap: reason=unstable_if action=reinterpret pc=0x00000000027edbc8 method=java.util.HashMap$HashIterator.<init>(Ljava/util/HashMap;)V @ 38
Event: 0.753 Thread 0x0000000000dbe000 Uncommon trap: reason=unstable_if action=reinterpret pc=0x00000000028207f0 method=main.coreEngine.TickableThread.invoke(Ljava/lang/String;[Ljava/lang/Object;)V @ 53
Event: 0.753 Thread 0x000000001e2d6800 Uncommon trap: reason=unstable_if action=reinterpret pc=0x00000000027ecd58 method=java.util.HashMap.clear()V @ 16
Event: 0.753 Thread 0x000000001e311800 Uncommon trap: reason=unstable_if action=reinterpret pc=0x00000000028220f4 method=main.coreEngine.TickableThread.run()V @ 58
Event: 0.789 Thread 0x0000000000dbe000 Uncommon trap: reason=unstable_if action=reinterpret pc=0x000000000291bbf4 method=main.coreEngine.Engine.start()V @ 163
Event: 0.848 Thread 0x000000001e311800 Uncommon trap: reason=unstable_if action=reinterpret pc=0x0000000002930470 method=main.coreEngine.TickableThread.run()V @ 461

Internal exceptions (8 events):
Event: 0.028 Thread 0x0000000000dbe000 Exception <a 'java/lang/NoSuchMethodError': Method sun.misc.Unsafe.defineClass(Ljava/lang/String;[BII)Ljava/lang/Class; name or signature does not match> (0x000000076b80d9b8) thrown at [C:\workspace\8-2-build-windows-amd64-cygwin\jdk8u65\4987\hotspot\src\sc`gÂ∂ú?
Event: 0.028 Thread 0x0000000000dbe000 Exception <a 'java/lang/NoSuchMethodError': Method sun.misc.Unsafe.prefetchRead(Ljava/lang/Object;J)V name or signature does not match> (0x000000076b80dca0) thrown at [C:\workspace\8-2-build-windows-amd64-cygwin\jdk8u65\4987\hotspot\src\share\vm\prims\jni.[pè˘‹b√?
Event: 0.151 Thread 0x000000001e2d6800 Exception <a 'java/lang/ArrayIndexOutOfBoundsException': -1> (0x000000076cbf9fe0) thrown at [C:\workspace\8-2-build-windows-amd64-cygwin\jdk8u65\4987\hotspot\src\share\vm\interpreter\interpreterRuntime.cpp, line 366]
Event: 0.403 Thread 0x000000001e2d6800 Exception <a 'java/security/PrivilegedActionException'> (0x000000076b97bb38) thrown at [C:\workspace\8-2-build-windows-amd64-cygwin\jdk8u65\4987\hotspot\src\share\vm\prims\jvm.cpp, line 1386]
Event: 0.403 Thread 0x000000001e2d6800 Exception <a 'java/security/PrivilegedActionException'> (0x000000076b97bf30) thrown at [C:\workspace\8-2-build-windows-amd64-cygwin\jdk8u65\4987\hotspot\src\share\vm\prims\jvm.cpp, line 1386]
Event: 0.403 Thread 0x000000001e2d6800 Exception <a 'java/security/PrivilegedActionException'> (0x000000076b980148) thrown at [C:\workspace\8-2-build-windows-amd64-cygwin\jdk8u65\4987\hotspot\src\share\vm\prims\jvm.cpp, line 1386]
Event: 0.403 Thread 0x000000001e2d6800 Exception <a 'java/security/PrivilegedActionException'> (0x000000076b980540) thrown at [C:\workspace\8-2-build-windows-amd64-cygwin\jdk8u65\4987\hotspot\src\share\vm\prims\jvm.cpp, line 1386]
Event: 0.753 Thread 0x0000000000dbe000 Implicit null exception at 0x00000000028201fc to 0x00000000028207c9

Events (10 events):
Event: 1.364 Executing VM operation: ParallelGCFailedAllocation
Event: 1.364 Executing VM operation: ParallelGCFailedAllocation done
Event: 1.547 Executing VM operation: ParallelGCFailedAllocation
Event: 1.548 Executing VM operation: ParallelGCFailedAllocation done
Event: 1.764 Executing VM operation: ParallelGCFailedAllocation
Event: 1.765 Executing VM operation: ParallelGCFailedAllocation done
Event: 1.938 Executing VM operation: ParallelGCFailedAllocation
Event: 1.939 Executing VM operation: ParallelGCFailedAllocation done
Event: 2.104 Executing VM operation: ParallelGCFailedAllocation
Event: 2.105 Executing VM operation: ParallelGCFailedAllocation done


Dynamic libraries:
0x00007ff7d2c20000 - 0x00007ff7d2c57000 	C:\Program Files\Java\jdk1.8.0_65\bin\java.exe
0x00007ffde4980000 - 0x00007ffde4b41000 	C:\WINDOWS\SYSTEM32\ntdll.dll
0x00007ffde42a0000 - 0x00007ffde434d000 	C:\WINDOWS\system32\KERNEL32.DLL
0x00007ffde19f0000 - 0x00007ffde1bd8000 	C:\WINDOWS\system32\KERNELBASE.dll
0x00007ffde1e70000 - 0x00007ffde1f17000 	C:\WINDOWS\system32\ADVAPI32.dll
0x00007ffde3800000 - 0x00007ffde389d000 	C:\WINDOWS\system32\msvcrt.dll
0x00007ffde1e10000 - 0x00007ffde1e6b000 	C:\WINDOWS\system32\sechost.dll
0x00007ffde3bd0000 - 0x00007ffde3cec000 	C:\WINDOWS\system32\RPCRT4.dll
0x00007ffde3fe0000 - 0x00007ffde4136000 	C:\WINDOWS\system32\USER32.dll
0x00007ffde3cf0000 - 0x00007ffde3e76000 	C:\WINDOWS\system32\GDI32.dll
0x00007ffddd690000 - 0x00007ffddd904000 	C:\WINDOWS\WinSxS\amd64_microsoft.windows.common-controls_6595b64144ccf1df_6.0.10586.0_none_8c15ae12515e1c22\COMCTL32.dll
0x00007ffde3950000 - 0x00007ffde3bcd000 	C:\WINDOWS\system32\combase.dll
0x00007ffde1cf0000 - 0x00007ffde1d5a000 	C:\WINDOWS\system32\bcryptPrimitives.dll
0x00007ffde1dc0000 - 0x00007ffde1dfb000 	C:\WINDOWS\system32\IMM32.DLL
0x0000000070c90000 - 0x0000000070d62000 	C:\Program Files\Java\jdk1.8.0_65\jre\bin\msvcr100.dll
0x0000000070400000 - 0x0000000070c89000 	C:\Program Files\Java\jdk1.8.0_65\jre\bin\server\jvm.dll
0x00007ffde4290000 - 0x00007ffde4298000 	C:\WINDOWS\system32\PSAPI.DLL
0x00007ffddd9c0000 - 0x00007ffddd9ca000 	C:\WINDOWS\SYSTEM32\VERSION.dll
0x00007ffddf730000 - 0x00007ffddf753000 	C:\WINDOWS\SYSTEM32\WINMM.dll
0x00007ffdd8550000 - 0x00007ffdd8559000 	C:\WINDOWS\SYSTEM32\WSOCK32.dll
0x00007ffde4470000 - 0x00007ffde44db000 	C:\WINDOWS\system32\WS2_32.dll
0x00007ffddf6d0000 - 0x00007ffddf6fc000 	C:\WINDOWS\SYSTEM32\WINMMBASE.dll
0x00007ffde1be0000 - 0x00007ffde1c23000 	C:\WINDOWS\system32\cfgmgr32.dll
0x00000000703f0000 - 0x00000000703ff000 	C:\Program Files\Java\jdk1.8.0_65\jre\bin\verify.dll
0x00000000703c0000 - 0x00000000703e9000 	C:\Program Files\Java\jdk1.8.0_65\jre\bin\java.dll
0x0000000070380000 - 0x00000000703b5000 	C:\Program Files\Java\jdk1.8.0_65\jre\bin\jdwp.dll
0x0000000070370000 - 0x0000000070378000 	C:\Program Files\Java\jdk1.8.0_65\jre\bin\npt.dll
0x0000000070350000 - 0x0000000070366000 	C:\Program Files\Java\jdk1.8.0_65\jre\bin\zip.dll
0x00007ffde1f80000 - 0x00007ffde34dc000 	C:\WINDOWS\system32\SHELL32.dll
0x00007ffde11d0000 - 0x00007ffde1815000 	C:\WINDOWS\system32\windows.storage.dll
0x00007ffde36b0000 - 0x00007ffde3702000 	C:\WINDOWS\system32\shlwapi.dll
0x00007ffde0fb0000 - 0x00007ffde0fbf000 	C:\WINDOWS\system32\kernel.appcore.dll
0x00007ffde1c30000 - 0x00007ffde1ce5000 	C:\WINDOWS\system32\shcore.dll
0x00007ffde0fc0000 - 0x00007ffde100b000 	C:\WINDOWS\system32\powrprof.dll
0x00007ffde0f80000 - 0x00007ffde0f94000 	C:\WINDOWS\system32\profapi.dll
0x0000000070340000 - 0x0000000070349000 	C:\Program Files\Java\jdk1.8.0_65\jre\bin\dt_socket.dll
0x00007ffde08b0000 - 0x00007ffde090c000 	C:\WINDOWS\system32\mswsock.dll
0x00007ffdcfcf0000 - 0x00007ffdcfd78000 	D:\Code\Java\Projects\WireEngine20\lib\native\lwjgl.dll
0x00007ffde0a80000 - 0x00007ffde0a8b000 	C:\WINDOWS\SYSTEM32\CRYPTBASE.DLL
0x00007ffdd4190000 - 0x00007ffdd41d2000 	D:\Code\Java\Projects\WireEngine20\lib\native\jemalloc.dll
0x00007ffdd3df0000 - 0x00007ffdd3e28000 	D:\Code\Java\Projects\WireEngine20\lib\native\glfw.dll
0x00007ffddf850000 - 0x00007ffddf8e6000 	C:\WINDOWS\system32\uxtheme.dll
0x00007ffdde650000 - 0x00007ffdde672000 	C:\WINDOWS\SYSTEM32\dwmapi.dll
0x00007ffdc9d10000 - 0x00007ffdc9e39000 	C:\WINDOWS\SYSTEM32\opengl32.dll
0x00007ffdcc690000 - 0x00007ffdcc6be000 	C:\WINDOWS\SYSTEM32\GLU32.dll
0x00007ffdc8ba0000 - 0x00007ffdc8c9a000 	C:\WINDOWS\SYSTEM32\DDRAW.dll
0x00007ffdd3d80000 - 0x00007ffdd3d88000 	C:\WINDOWS\SYSTEM32\DCIMAN32.dll
0x00007ffde3e80000 - 0x00007ffde3fda000 	C:\WINDOWS\system32\MSCTF.dll
0x00007ffdc3f50000 - 0x00007ffdc3f99000 	C:\Program Files (x86)\TeamViewer\tv_x64.dll
0x00007ffde4140000 - 0x00007ffde4283000 	C:\WINDOWS\system32\ole32.dll
0x000000006e5f0000 - 0x0000000070339000 	C:\WINDOWS\SYSTEM32\nvoglv64.DLL
0x00007ffde4550000 - 0x00007ffde4979000 	C:\WINDOWS\system32\SETUPAPI.dll
0x00007ffddf2f0000 - 0x00007ffddf303000 	C:\WINDOWS\SYSTEM32\WTSAPI32.dll
0x00007ffddf9a0000 - 0x00007ffddf9c7000 	C:\WINDOWS\SYSTEM32\DEVOBJ.dll
0x00007ffde1170000 - 0x00007ffde11c5000 	C:\WINDOWS\system32\WINTRUST.dll
0x00007ffde0fa0000 - 0x00007ffde0fb0000 	C:\WINDOWS\system32\MSASN1.dll
0x00007ffde1820000 - 0x00007ffde19e7000 	C:\WINDOWS\system32\CRYPT32.dll
0x00007ffde04d0000 - 0x00007ffde0501000 	C:\WINDOWS\SYSTEM32\ntmarta.dll
0x00007ffde0220000 - 0x00007ffde0276000 	C:\WINDOWS\SYSTEM32\WINSTA.dll
0x00007ffde38a0000 - 0x00007ffde3947000 	C:\WINDOWS\system32\clbcatq.dll
0x00007ffdb9de0000 - 0x00007ffdb9f6c000 	C:\WINDOWS\SYSTEM32\dbghelp.dll

VM Arguments:
jvm_args: -agentlib:jdwp=transport=dt_socket,address=127.0.0.1:61152,suspend=y,server=n -Djava.library.path=lib/native/ -Dfile.encoding=UTF-8 
java_command: main.Main
java_class_path (initial): C:\Program Files\Java\jdk1.8.0_65\jre\lib\charsets.jar;C:\Program Files\Java\jdk1.8.0_65\jre\lib\deploy.jar;C:\Program Files\Java\jdk1.8.0_65\jre\lib\ext\access-bridge-64.jar;C:\Program Files\Java\jdk1.8.0_65\jre\lib\ext\cldrdata.jar;C:\Program Files\Java\jdk1.8.0_65\jre\lib\ext\dnsns.jar;C:\Program Files\Java\jdk1.8.0_65\jre\lib\ext\jaccess.jar;C:\Program Files\Java\jdk1.8.0_65\jre\lib\ext\jfxrt.jar;C:\Program Files\Java\jdk1.8.0_65\jre\lib\ext\localedata.jar;C:\Program Files\Java\jdk1.8.0_65\jre\lib\ext\nashorn.jar;C:\Program Files\Java\jdk1.8.0_65\jre\lib\ext\sunec.jar;C:\Program Files\Java\jdk1.8.0_65\jre\lib\ext\sunjce_provider.jar;C:\Program Files\Java\jdk1.8.0_65\jre\lib\ext\sunmscapi.jar;C:\Program Files\Java\jdk1.8.0_65\jre\lib\ext\sunpkcs11.jar;C:\Program Files\Java\jdk1.8.0_65\jre\lib\ext\zipfs.jar;C:\Program Files\Java\jdk1.8.0_65\jre\lib\javaws.jar;C:\Program Files\Java\jdk1.8.0_65\jre\lib\jce.jar;C:\Program Files\Java\jdk1.8.0_65\jre\lib\jfr.jar;C:\Program Files\Java\jdk1.8.0_65\jre\lib\jfxswt.jar;C:\Program Files\Java\jdk1.8.0_65\jre\lib\jsse.jar;C:\Program Files\Java\jdk1.8.0_65\jre\lib\management-agent.jar;C:\Program Files\Java\jdk1.8.0_65\jre\lib\plugin.jar;C:\Program Files\Java\jdk1.8.0_65\jre\lib\resources.jar;C:\Program Files\Java\jdk1.8.0_65\jre\lib\rt.jar;D:\Code\Java\Projects\WireEngine20\out\production\WireEngine20;D:\Code\Java\Projects\WireEngine20\lib\jar\lwjgl.jar;D:\Program Files (x86)\JetBrains\IntelliJ IDEA 2016.1\lib\idea_rt.jar
Launcher Type: SUN_STANDARD

Environment Variables:
JAVA_HOME=C:\Program Files\Java\jdk1.8.0_65
PATH=C:\ProgramData\Oracle\Java\javapath;C:\Program Files (x86)\Razer Chroma SDK\bin;C:\Program Files\Razer Chroma SDK\bin;C:\Program Files (x86)\NVIDIA Corporation\PhysX\Common;C:\Program Files (x86)\Intel\iCLS Client\;C:\Program Files\Intel\iCLS Client\;C:\Windows\system32;C:\Windows;C:\Windows\System32\Wbem;C:\Windows\System32\WindowsPowerShell\v1.0\;C:\Program Files\Intel\Intel(R) Management Engine Components\DAL;C:\Program Files (x86)\Intel\Intel(R) Management Engine Components\DAL;C:\Program Files\Intel\Intel(R) Management Engine Components\IPT;C:\Program Files (x86)\Intel\Intel(R) Management Engine Components\IPT;C:\Program Files\Java\jre1.8.0_65\bin;C:\MinGW\bin;C:\WINDOWS\system32;C:\WINDOWS;C:\WINDOWS\System32\Wbem;C:\WINDOWS\System32\WindowsPowerShell\v1.0\;D:\Program Files (x86)\CMake\bin;D:\Program Files\Programs\Python\Python35-32;D:\Program Files\Programs\Python\Python35-32\Scripts;C:\Program Files (x86)\Skype\Phone\;D:\Program Files\Programs\Python\Python35-32\Scripts\;D:\Program Files\Programs\Python\Python35-32\
USERNAME=Kelan
OS=Windows_NT
PROCESSOR_IDENTIFIER=Intel64 Family 6 Model 60 Stepping 3, GenuineIntel



---------------  S Y S T E M  ---------------

OS: Windows 10.0 , 64 bit Build 10586 (10.0.10586.0)

CPU:total 8 (4 cores per cpu, 2 threads per core) family 6 model 60 stepping 3, cmov, cx8, fxsr, mmx, sse, sse2, sse3, ssse3, sse4.1, sse4.2, popcnt, avx, avx2, aes, clmul, erms, lzcnt, ht, tsc, tscinvbit, bmi1, bmi2

Memory: 4k page, physical 16609500k(5361980k free), swap 33386716k(19336652k free)

vm_info: Java HotSpot(TM) 64-Bit Server VM (25.65-b01) for windows-amd64 JRE (1.8.0_65-b17), built on Oct  6 2015 16:39:20 by "java_re" with MS VC++ 10.0 (VS2010)

time: Sat Apr 09 16:18:28 2016
elapsed time: 2 seconds (0d 0h 0m 2s)

