#
# A fatal error has been detected by the Java Runtime Environment:
#
#  EXCEPTION_ACCESS_VIOLATION (0xc0000005) at pc=0x00007ffdd3f624b9, pid=8476, tid=5184
#
# JRE version: Java(TM) SE Runtime Environment (8.0_65-b17) (build 1.8.0_65-b17)
# Java VM: Java HotSpot(TM) 64-Bit Server VM (25.65-b01 mixed mode windows-amd64 compressed oops)
# Problematic frame:
# C  [glfw.dll+0x24b9]
#
# Failed to write core dump. Minidumps are not enabled by default on client versions of Windows
#
# If you would like to submit a bug report, please visit:
#   http://bugreport.java.com/bugreport/crash.jsp
# The crash happened outside the Java Virtual Machine in native code.
# See problematic frame for where to report the bug.
#

---------------  T H R E A D  ---------------

Current thread (0x000000001e1f0800):  JavaThread "CLIENT" [_thread_in_native, id=5184, stack(0x000000001ef00000,0x000000001f000000)]

siginfo: ExceptionCode=0xc0000005, reading address 0x0000000000000000

Registers:
RAX=0x0000000000000000, RBX=0x000000001b9af240, RCX=0x0000000000000000, RDX=0x0000000000000000
RSP=0x000000001efff090, RBP=0x000000001efff148, RSI=0x0000000000000108, RDI=0x000000000057d690
R8 =0x000000001efff088, R9 =0x000000001efff148, R10=0x0000000000000000, R11=0x0000000000000246
R12=0x0000000000000000, R13=0x000000001b9af240, R14=0x000000001efff180, R15=0x000000001e1f0800
RIP=0x00007ffdd3f624b9, EFLAGS=0x0000000000010283

Top of Stack: (sp=0x000000001efff090)
0x000000001efff090:   000000001e1f0800 000000001e1f0800
0x000000001efff0a0:   000000001e1f0800 000000001e1f0800
0x000000001efff0b0:   000000000000065f 00000000025adfcc
0x000000001efff0c0:   000000001b9af240 0000000070615005
0x000000001efff0d0:   000000001b955180 000000001bf313c0
0x000000001efff0e0:   000000000000000e 000000001e1f0800
0x000000001efff0f0:   000000001b9cb9c8 000000007052aea4
0x000000001efff100:   000000001e1f0800 000000001efff108
0x000000001efff110:   0000000000000000 000000001efff180
0x000000001efff120:   000000001b9af9e0 0000000000000000
0x000000001efff130:   000000001b9af240 0000000000000000
0x000000001efff140:   000000001efff168 000000001efff1c8
0x000000001efff150:   0000000002597d8d 00000006c2806010
0x000000001efff160:   00000000025a42f8 000000000057d690
0x000000001efff170:   00000000025978a0 00007ffdd3f62420
0x000000001efff180:   0000000000000001 000000001efff188 

Instructions: (pc=0x00007ffdd3f624b9)
0x00007ffdd3f62499:   48 8b cf e8 1f 3a 00 00 48 39 3d f0 d5 02 00 48
0x00007ffdd3f624a9:   8d 0d e9 d5 02 00 48 8b 5c 24 30 74 08 48 8b 09
0x00007ffdd3f624b9:   48 39 39 75 f8 48 8b 07 48 89 01 48 8b cf 48 83
0x00007ffdd3f624c9:   c4 20 5f e9 5b fe 00 00 48 83 c4 20 5f c3 cc cc 


Register to memory mapping:

RAX=0x0000000000000000 is an unknown value
RBX={method} {0x000000001b9af248} 'invokePV' '(JJ)V' in 'org/lwjgl/system/JNI'
RCX=0x0000000000000000 is an unknown value
RDX=0x0000000000000000 is an unknown value
RSP=0x000000001efff090 is pointing into the stack for thread: 0x000000001e1f0800
RBP=0x000000001efff148 is pointing into the stack for thread: 0x000000001e1f0800
RSI=0x0000000000000108 is an unknown value
RDI=0x000000000057d690 is an unknown value
R8 =0x000000001efff088 is pointing into the stack for thread: 0x000000001e1f0800
R9 =0x000000001efff148 is pointing into the stack for thread: 0x000000001e1f0800
R10=0x0000000000000000 is an unknown value
R11=0x0000000000000246 is an unknown value
R12=0x0000000000000000 is an unknown value
R13={method} {0x000000001b9af248} 'invokePV' '(JJ)V' in 'org/lwjgl/system/JNI'
R14=0x000000001efff180 is pointing into the stack for thread: 0x000000001e1f0800
R15=0x000000001e1f0800 is a thread


Stack: [0x000000001ef00000,0x000000001f000000],  sp=0x000000001efff090,  free space=1020k
Native frames: (J=compiled Java code, j=interpreted, Vv=VM code, C=native code)
C  [glfw.dll+0x24b9]
C  0x00000000025adfcc

Java frames: (J=compiled Java code, j=interpreted, Vv=VM code)
j  org.lwjgl.system.JNI.invokePV(JJ)V+0
j  org.lwjgl.glfw.GLFW.glfwDestroyCursor(J)V+20
j  main.client.Window.destroyWindow()V+9
j  main.coreEngine.Engine.stop()V+70
j  main.client.Window.update()V+33
j  main.client.renderEngine.RenderEngine.render()V+38
j  main.client.ClientThread.tick()V+12
j  main.coreEngine.TickableThread.run()V+469
v  ~StubRoutines::call_stub

---------------  P R O C E S S  ---------------

Java Threads: ( => current thread )
  0x000000001e1f1800 JavaThread "SERVER" [_thread_in_Java, id=7212, stack(0x000000001f000000,0x000000001f100000)]
=>0x000000001e1f0800 JavaThread "CLIENT" [_thread_in_native, id=5184, stack(0x000000001ef00000,0x000000001f000000)]
  0x000000001e0f9800 JavaThread "Service Thread" daemon [_thread_blocked, id=6668, stack(0x000000001ed00000,0x000000001ee00000)]
  0x000000001e063000 JavaThread "C1 CompilerThread3" daemon [_thread_blocked, id=3372, stack(0x000000001ec00000,0x000000001ed00000)]
  0x000000001e05a000 JavaThread "C2 CompilerThread2" daemon [_thread_blocked, id=2768, stack(0x000000001eb00000,0x000000001ec00000)]
  0x000000001e059000 JavaThread "C2 CompilerThread1" daemon [_thread_blocked, id=1812, stack(0x000000001ea00000,0x000000001eb00000)]
  0x000000001e05e000 JavaThread "C2 CompilerThread0" daemon [_thread_blocked, id=6540, stack(0x000000001e900000,0x000000001ea00000)]
  0x000000001e03f800 JavaThread "JDWP Command Reader" daemon [_thread_in_native, id=8064, stack(0x000000001e800000,0x000000001e900000)]
  0x000000001e03e800 JavaThread "JDWP Event Helper Thread" daemon [_thread_blocked, id=9104, stack(0x000000001e700000,0x000000001e800000)]
  0x000000001e031000 JavaThread "JDWP Transport Listener: dt_socket" daemon [_thread_blocked, id=8552, stack(0x000000001e600000,0x000000001e700000)]
  0x000000001e027800 JavaThread "Attach Listener" daemon [_thread_blocked, id=5468, stack(0x000000001e500000,0x000000001e600000)]
  0x000000001e026000 JavaThread "Signal Dispatcher" daemon [_thread_blocked, id=2404, stack(0x000000001e400000,0x000000001e500000)]
  0x000000000258b000 JavaThread "Finalizer" daemon [_thread_blocked, id=13324, stack(0x000000001de20000,0x000000001df20000)]
  0x000000001bf2d000 JavaThread "Reference Handler" daemon [_thread_blocked, id=12024, stack(0x000000001dd20000,0x000000001de20000)]
  0x0000000000b4e000 JavaThread "main" [_thread_in_Java, id=9536, stack(0x0000000002390000,0x0000000002490000)]

Other Threads:
  0x000000001bf29000 VMThread [stack: 0x000000001dc20000,0x000000001dd20000] [id=13044]
  0x000000001e105000 WatcherThread [stack: 0x000000001ee00000,0x000000001ef00000] [id=13416]

VM state:not at safepoint (normal execution)

VM Mutex/Monitor currently owned by a thread: None

Heap:
 PSYoungGen      total 604160K, used 147132K [0x000000076b800000, 0x0000000793f80000, 0x00000007c0000000)
  eden space 603648K, 24% used [0x000000076b800000,0x0000000774777318,0x0000000790580000)
  from space 512K, 43% used [0x0000000793f00000,0x0000000793f38000,0x0000000793f80000)
  to   space 6656K, 0% used [0x0000000793280000,0x0000000793280000,0x0000000793900000)
 ParOldGen       total 173568K, used 17413K [0x00000006c2800000, 0x00000006cd180000, 0x000000076b800000)
  object space 173568K, 10% used [0x00000006c2800000,0x00000006c3901700,0x00000006cd180000)
 Metaspace       used 8328K, capacity 8710K, committed 8960K, reserved 1056768K
  class space    used 660K, capacity 690K, committed 768K, reserved 1048576K

Card table byte_map: [0x0000000011950000,0x0000000012140000] byte_map_base: 0x000000000e33c000

Marking Bits: (ParMarkBitMap*) 0x0000000070c0a5b0
 Begin Bits: [0x0000000012e90000, 0x0000000016df0000)
 End Bits:   [0x0000000016df0000, 0x000000001ad50000)

Polling page: 0x0000000000510000

CodeCache: size=245760Kb used=3863Kb max_used=3863Kb free=241896Kb
 bounds [0x0000000002590000, 0x0000000002960000, 0x0000000011590000]
 total_blobs=1392 nmethods=736 adapters=577
 compilation: enabled

Compilation events (10 events):
Event: 3.340 Thread 0x000000001e063000  733       3       org.lwjgl.system.MemoryUtil::memAddressSafe (13 bytes)
Event: 3.341 Thread 0x000000001e063000 nmethod 733 0x0000000002957290 code [0x0000000002957420, 0x00000000029577f0]
Event: 3.341 Thread 0x000000001e063000  734       3       org.lwjgl.system.MemoryUtil::memAddress (9 bytes)
Event: 3.341 Thread 0x000000001e063000 nmethod 734 0x0000000002957990 code [0x0000000002957b00, 0x0000000002957e10]
Event: 3.341 Thread 0x000000001e063000  735       3       org.lwjgl.system.MemoryUtil::memAddress (10 bytes)
Event: 3.341 Thread 0x000000001e063000 nmethod 735 0x0000000002957f90 code [0x0000000002958100, 0x0000000002958310]
Event: 3.341 Thread 0x000000001e063000  736       3       java.nio.DirectDoubleBufferU::get (16 bytes)
Event: 3.341 Thread 0x000000001e063000 nmethod 736 0x0000000002958410 code [0x0000000002958580, 0x00000000029587f0]
Event: 3.423 Thread 0x000000001e063000  738       3       main.client.InputHandler::resetKeyboard (25 bytes)
Event: 3.423 Thread 0x000000001e063000 nmethod 738 0x0000000002958950 code [0x0000000002958ac0, 0x0000000002958cd0]

GC Heap History (10 events):
Event: 1.860 GC heap before
{Heap before GC invocations=12 (full 0):
 PSYoungGen      total 261632K, used 261617K [0x000000076b800000, 0x0000000785980000, 0x00000007c0000000)
  eden space 258048K, 100% used [0x000000076b800000,0x000000077b400000,0x000000077b400000)
  from space 3584K, 99% used [0x000000077b400000,0x000000077b77c5c8,0x000000077b780000)
  to   space 7168K, 0% used [0x0000000785280000,0x0000000785280000,0x0000000785980000)
 ParOldGen       total 173568K, used 14527K [0x00000006c2800000, 0x00000006cd180000, 0x000000076b800000)
  object space 173568K, 8% used [0x00000006c2800000,0x00000006c362ff60,0x00000006cd180000)
 Metaspace       used 8291K, capacity 8710K, committed 8960K, reserved 1056768K
  class space    used 660K, capacity 690K, committed 768K, reserved 1048576K
Event: 1.862 GC heap after
Heap after GC invocations=12 (full 0):
 PSYoungGen      total 420352K, used 288K [0x000000076b800000, 0x0000000785980000, 0x00000007c0000000)
  eden space 413184K, 0% used [0x000000076b800000,0x000000076b800000,0x0000000784b80000)
  from space 7168K, 4% used [0x0000000785280000,0x00000007852c8000,0x0000000785980000)
  to   space 7168K, 0% used [0x0000000784b80000,0x0000000784b80000,0x0000000785280000)
 ParOldGen       total 173568K, used 17277K [0x00000006c2800000, 0x00000006cd180000, 0x000000076b800000)
  object space 173568K, 9% used [0x00000006c2800000,0x00000006c38df700,0x00000006cd180000)
 Metaspace       used 8291K, capacity 8710K, committed 8960K, reserved 1056768K
  class space    used 660K, capacity 690K, committed 768K, reserved 1048576K
}
Event: 2.157 GC heap before
{Heap before GC invocations=13 (full 0):
 PSYoungGen      total 420352K, used 413472K [0x000000076b800000, 0x0000000785980000, 0x00000007c0000000)
  eden space 413184K, 100% used [0x000000076b800000,0x0000000784b80000,0x0000000784b80000)
  from space 7168K, 4% used [0x0000000785280000,0x00000007852c8000,0x0000000785980000)
  to   space 7168K, 0% used [0x0000000784b80000,0x0000000784b80000,0x0000000785280000)
 ParOldGen       total 173568K, used 17277K [0x00000006c2800000, 0x00000006cd180000, 0x000000076b800000)
  object space 173568K, 9% used [0x00000006c2800000,0x00000006c38df700,0x00000006cd180000)
 Metaspace       used 8294K, capacity 8710K, committed 8960K, reserved 1056768K
  class space    used 660K, capacity 690K, committed 768K, reserved 1048576K
Event: 2.158 GC heap after
Heap after GC invocations=13 (full 0):
 PSYoungGen      total 420352K, used 128K [0x000000076b800000, 0x0000000794c00000, 0x00000007c0000000)
  eden space 413184K, 0% used [0x000000076b800000,0x000000076b800000,0x0000000784b80000)
  from space 7168K, 1% used [0x0000000784b80000,0x0000000784ba0000,0x0000000785280000)
  to   space 7168K, 0% used [0x0000000794500000,0x0000000794500000,0x0000000794c00000)
 ParOldGen       total 173568K, used 17373K [0x00000006c2800000, 0x00000006cd180000, 0x000000076b800000)
  object space 173568K, 10% used [0x00000006c2800000,0x00000006c38f7700,0x00000006cd180000)
 Metaspace       used 8294K, capacity 8710K, committed 8960K, reserved 1056768K
  class space    used 660K, capacity 690K, committed 768K, reserved 1048576K
}
Event: 2.474 GC heap before
{Heap before GC invocations=14 (full 0):
 PSYoungGen      total 420352K, used 413312K [0x000000076b800000, 0x0000000794c00000, 0x00000007c0000000)
  eden space 413184K, 100% used [0x000000076b800000,0x0000000784b80000,0x0000000784b80000)
  from space 7168K, 1% used [0x0000000784b80000,0x0000000784ba0000,0x0000000785280000)
  to   space 7168K, 0% used [0x0000000794500000,0x0000000794500000,0x0000000794c00000)
 ParOldGen       total 173568K, used 17373K [0x00000006c2800000, 0x00000006cd180000, 0x000000076b800000)
  object space 173568K, 10% used [0x00000006c2800000,0x00000006c38f7700,0x00000006cd180000)
 Metaspace       used 8299K, capacity 8710K, committed 8960K, reserved 1056768K
  class space    used 660K, capacity 690K, committed 768K, reserved 1048576K
Event: 2.474 GC heap after
Heap after GC invocations=14 (full 0):
 PSYoungGen      total 668672K, used 160K [0x000000076b800000, 0x0000000794c00000, 0x00000007c0000000)
  eden space 661504K, 0% used [0x000000076b800000,0x000000076b800000,0x0000000793e00000)
  from space 7168K, 2% used [0x0000000794500000,0x0000000794528000,0x0000000794c00000)
  to   space 7168K, 0% used [0x0000000793e00000,0x0000000793e00000,0x0000000794500000)
 ParOldGen       total 173568K, used 17373K [0x00000006c2800000, 0x00000006cd180000, 0x000000076b800000)
  object space 173568K, 10% used [0x00000006c2800000,0x00000006c38f7700,0x00000006cd180000)
 Metaspace       used 8299K, capacity 8710K, committed 8960K, reserved 1056768K
  class space    used 660K, capacity 690K, committed 768K, reserved 1048576K
}
Event: 2.969 GC heap before
{Heap before GC invocations=15 (full 0):
 PSYoungGen      total 668672K, used 661664K [0x000000076b800000, 0x0000000794c00000, 0x00000007c0000000)
  eden space 661504K, 100% used [0x000000076b800000,0x0000000793e00000,0x0000000793e00000)
  from space 7168K, 2% used [0x0000000794500000,0x0000000794528000,0x0000000794c00000)
  to   space 7168K, 0% used [0x0000000793e00000,0x0000000793e00000,0x0000000794500000)
 ParOldGen       total 173568K, used 17373K [0x00000006c2800000, 0x00000006cd180000, 0x000000076b800000)
  object space 173568K, 10% used [0x00000006c2800000,0x00000006c38f7700,0x00000006cd180000)
 Metaspace       used 8321K, capacity 8710K, committed 8960K, reserved 1056768K
  class space    used 660K, capacity 690K, committed 768K, reserved 1048576K
Event: 2.970 GC heap after
Heap after GC invocations=15 (full 0):
 PSYoungGen      total 632320K, used 192K [0x000000076b800000, 0x0000000794580000, 0x00000007c0000000)
  eden space 631808K, 0% used [0x000000076b800000,0x000000076b800000,0x0000000792100000)
  from space 512K, 37% used [0x0000000793e00000,0x0000000793e30000,0x0000000793e80000)
  to   space 6656K, 0% used [0x0000000793f00000,0x0000000793f00000,0x0000000794580000)
 ParOldGen       total 173568K, used 17381K [0x00000006c2800000, 0x00000006cd180000, 0x000000076b800000)
  object space 173568K, 10% used [0x00000006c2800000,0x00000006c38f9700,0x00000006cd180000)
 Metaspace       used 8321K, capacity 8710K, committed 8960K, reserved 1056768K
  class space    used 660K, capacity 690K, committed 768K, reserved 1048576K
}
Event: 3.485 GC heap before
{Heap before GC invocations=16 (full 0):
 PSYoungGen      total 632320K, used 632000K [0x000000076b800000, 0x0000000794580000, 0x00000007c0000000)
  eden space 631808K, 100% used [0x000000076b800000,0x0000000792100000,0x0000000792100000)
  from space 512K, 37% used [0x0000000793e00000,0x0000000793e30000,0x0000000793e80000)
  to   space 6656K, 0% used [0x0000000793f00000,0x0000000793f00000,0x0000000794580000)
 ParOldGen       total 173568K, used 17381K [0x00000006c2800000, 0x00000006cd180000, 0x000000076b800000)
  object space 173568K, 10% used [0x00000006c2800000,0x00000006c38f9700,0x00000006cd180000)
 Metaspace       used 8328K, capacity 8710K, committed 8960K, reserved 1056768K
  class space    used 660K, capacity 690K, committed 768K, reserved 1048576K
Event: 3.485 GC heap after
Heap after GC invocations=16 (full 0):
 PSYoungGen      total 604160K, used 224K [0x000000076b800000, 0x0000000793f80000, 0x00000007c0000000)
  eden space 603648K, 0% used [0x000000076b800000,0x000000076b800000,0x0000000790580000)
  from space 512K, 43% used [0x0000000793f00000,0x0000000793f38000,0x0000000793f80000)
  to   space 6656K, 0% used [0x0000000793280000,0x0000000793280000,0x0000000793900000)
 ParOldGen       total 173568K, used 17413K [0x00000006c2800000, 0x00000006cd180000, 0x000000076b800000)
  object space 173568K, 10% used [0x00000006c2800000,0x00000006c3901700,0x00000006cd180000)
 Metaspace       used 8328K, capacity 8710K, committed 8960K, reserved 1056768K
  class space    used 660K, capacity 690K, committed 768K, reserved 1048576K
}

Deoptimization events (10 events):
Event: 1.277 Thread 0x000000001e1f0800 Uncommon trap: reason=array_check action=maybe_recompile pc=0x00000000028454c0 method=java.util.AbstractCollection.toArray([Ljava/lang/Object;)[Ljava/lang/Object; @ 119
Event: 1.277 Thread 0x000000001e1f0800 Uncommon trap: reason=array_check action=maybe_recompile pc=0x00000000028454c0 method=java.util.AbstractCollection.toArray([Ljava/lang/Object;)[Ljava/lang/Object; @ 119
Event: 1.277 Thread 0x000000001e1f0800 Uncommon trap: reason=array_check action=maybe_recompile pc=0x00000000028454c0 method=java.util.AbstractCollection.toArray([Ljava/lang/Object;)[Ljava/lang/Object; @ 119
Event: 1.351 Thread 0x000000001e1f0800 Uncommon trap: reason=unstable_if action=reinterpret pc=0x000000000286b0a0 method=sun.misc.FloatingDecimal.readJavaFormatString(Ljava/lang/String;)Lsun/misc/FloatingDecimal$ASCIIToBinaryConverter; @ 445
Event: 1.351 Thread 0x000000001e1f0800 Uncommon trap: reason=unstable_if action=reinterpret pc=0x000000000285b624 method=sun.misc.FloatingDecimal$ASCIIToBinaryBuffer.floatValue()F @ 190
Event: 1.651 Thread 0x000000001e1f0800 Uncommon trap: reason=unstable_if action=reinterpret pc=0x00000000028c8290 method=main.client.renderEngine.mesh.Mesh.compile(Ljava/util/List;)Lmain/client/renderEngine/mesh/Mesh; @ 101
Event: 1.737 Thread 0x000000001e1f0800 Uncommon trap: reason=unstable_if action=reinterpret pc=0x000000000291ab78 method=main.client.renderEngine.mesh.Mesh.compile(Ljava/util/List;)Lmain/client/renderEngine/mesh/Mesh; @ 687
Event: 1.750 Thread 0x000000001e1f0800 Uncommon trap: reason=unstable_if action=reinterpret pc=0x000000000284d76c method=main.coreEngine.TickableThread.run()V @ 461
Event: 1.758 Thread 0x000000001e1f1800 Uncommon trap: reason=unstable_if action=reinterpret pc=0x000000000284d76c method=main.coreEngine.TickableThread.run()V @ 461
Event: 1.766 Thread 0x0000000000b4e000 Uncommon trap: reason=unstable_if action=reinterpret pc=0x00000000029188d0 method=main.coreEngine.Engine.start()V @ 163

Internal exceptions (8 events):
Event: 0.034 Thread 0x0000000000b4e000 Exception <a 'java/lang/NoSuchMethodError': Method sun.misc.Unsafe.defineClass(Ljava/lang/String;[BII)Ljava/lang/Class; name or signature does not match> (0x000000076b80da30) thrown at [C:\workspace\8-2-build-windows-amd64-cygwin\jdk8u65\4987\hotspot\src\sõ>¢çMç°?
Event: 0.034 Thread 0x0000000000b4e000 Exception <a 'java/lang/NoSuchMethodError': Method sun.misc.Unsafe.prefetchRead(Ljava/lang/Object;J)V name or signature does not match> (0x000000076b80dd18) thrown at [C:\workspace\8-2-build-windows-amd64-cygwin\jdk8u65\4987\hotspot\src\share\vm\prims\jni.!Öq∫îî‡?
Event: 0.518 Thread 0x000000001e1f0800 Implicit null exception at 0x00000000026e17cf to 0x00000000026e1b31
Event: 0.519 Thread 0x000000001e1f0800 Exception <a 'java/security/PrivilegedActionException'> (0x000000076d1523c0) thrown at [C:\workspace\8-2-build-windows-amd64-cygwin\jdk8u65\4987\hotspot\src\share\vm\prims\jvm.cpp, line 1386]
Event: 0.519 Thread 0x000000001e1f0800 Exception <a 'java/security/PrivilegedActionException'> (0x000000076d1527b8) thrown at [C:\workspace\8-2-build-windows-amd64-cygwin\jdk8u65\4987\hotspot\src\share\vm\prims\jvm.cpp, line 1386]
Event: 0.519 Thread 0x000000001e1f0800 Exception <a 'java/security/PrivilegedActionException'> (0x000000076d1569d0) thrown at [C:\workspace\8-2-build-windows-amd64-cygwin\jdk8u65\4987\hotspot\src\share\vm\prims\jvm.cpp, line 1386]
Event: 0.519 Thread 0x000000001e1f0800 Exception <a 'java/security/PrivilegedActionException'> (0x000000076d156dc8) thrown at [C:\workspace\8-2-build-windows-amd64-cygwin\jdk8u65\4987\hotspot\src\share\vm\prims\jvm.cpp, line 1386]
Event: 1.173 Thread 0x0000000000b4e000 Implicit null exception at 0x00000000026f2d3c to 0x00000000026f3309

Events (10 events):
Event: 1.860 Executing VM operation: ParallelGCFailedAllocation
Event: 1.862 Executing VM operation: ParallelGCFailedAllocation done
Event: 2.157 Executing VM operation: ParallelGCFailedAllocation
Event: 2.158 Executing VM operation: ParallelGCFailedAllocation done
Event: 2.474 Executing VM operation: ParallelGCFailedAllocation
Event: 2.474 Executing VM operation: ParallelGCFailedAllocation done
Event: 2.969 Executing VM operation: ParallelGCFailedAllocation
Event: 2.970 Executing VM operation: ParallelGCFailedAllocation done
Event: 3.485 Executing VM operation: ParallelGCFailedAllocation
Event: 3.485 Executing VM operation: ParallelGCFailedAllocation done


Dynamic libraries:
0x00007ff67ba00000 - 0x00007ff67ba37000 	C:\Program Files\Java\jdk1.8.0_65\bin\java.exe
0x00007ffde4980000 - 0x00007ffde4b41000 	C:\WINDOWS\SYSTEM32\ntdll.dll
0x00007ffde42a0000 - 0x00007ffde434d000 	C:\WINDOWS\system32\KERNEL32.DLL
0x00007ffde19f0000 - 0x00007ffde1bd8000 	C:\WINDOWS\system32\KERNELBASE.dll
0x00007ffde1e70000 - 0x00007ffde1f17000 	C:\WINDOWS\system32\ADVAPI32.dll
0x00007ffde3800000 - 0x00007ffde389d000 	C:\WINDOWS\system32\msvcrt.dll
0x00007ffde1e10000 - 0x00007ffde1e6b000 	C:\WINDOWS\system32\sechost.dll
0x00007ffde3bd0000 - 0x00007ffde3cec000 	C:\WINDOWS\system32\RPCRT4.dll
0x00007ffde3fe0000 - 0x00007ffde4136000 	C:\WINDOWS\system32\USER32.dll
0x00007ffde3cf0000 - 0x00007ffde3e76000 	C:\WINDOWS\system32\GDI32.dll
0x00007ffddd690000 - 0x00007ffddd904000 	C:\WINDOWS\WinSxS\amd64_microsoft.windows.common-controls_6595b64144ccf1df_6.0.10586.0_none_8c15ae12515e1c22\COMCTL32.dll
0x00007ffde3950000 - 0x00007ffde3bcd000 	C:\WINDOWS\system32\combase.dll
0x00007ffde1cf0000 - 0x00007ffde1d5a000 	C:\WINDOWS\system32\bcryptPrimitives.dll
0x00007ffde1dc0000 - 0x00007ffde1dfb000 	C:\WINDOWS\system32\IMM32.DLL
0x0000000070c90000 - 0x0000000070d62000 	C:\Program Files\Java\jdk1.8.0_65\jre\bin\msvcr100.dll
0x0000000070400000 - 0x0000000070c89000 	C:\Program Files\Java\jdk1.8.0_65\jre\bin\server\jvm.dll
0x00007ffde4290000 - 0x00007ffde4298000 	C:\WINDOWS\system32\PSAPI.DLL
0x00007ffddf730000 - 0x00007ffddf753000 	C:\WINDOWS\SYSTEM32\WINMM.dll
0x00007ffdd8550000 - 0x00007ffdd8559000 	C:\WINDOWS\SYSTEM32\WSOCK32.dll
0x00007ffddd9c0000 - 0x00007ffddd9ca000 	C:\WINDOWS\SYSTEM32\VERSION.dll
0x00007ffde4470000 - 0x00007ffde44db000 	C:\WINDOWS\system32\WS2_32.dll
0x00007ffddf6d0000 - 0x00007ffddf6fc000 	C:\WINDOWS\SYSTEM32\WINMMBASE.dll
0x00007ffde1be0000 - 0x00007ffde1c23000 	C:\WINDOWS\system32\cfgmgr32.dll
0x00000000703f0000 - 0x00000000703ff000 	C:\Program Files\Java\jdk1.8.0_65\jre\bin\verify.dll
0x00000000703c0000 - 0x00000000703e9000 	C:\Program Files\Java\jdk1.8.0_65\jre\bin\java.dll
0x0000000070380000 - 0x00000000703b5000 	C:\Program Files\Java\jdk1.8.0_65\jre\bin\jdwp.dll
0x0000000070370000 - 0x0000000070378000 	C:\Program Files\Java\jdk1.8.0_65\jre\bin\npt.dll
0x0000000070350000 - 0x0000000070366000 	C:\Program Files\Java\jdk1.8.0_65\jre\bin\zip.dll
0x00007ffde1f80000 - 0x00007ffde34dc000 	C:\WINDOWS\system32\SHELL32.dll
0x00007ffde11d0000 - 0x00007ffde1815000 	C:\WINDOWS\system32\windows.storage.dll
0x00007ffde36b0000 - 0x00007ffde3702000 	C:\WINDOWS\system32\shlwapi.dll
0x00007ffde0fb0000 - 0x00007ffde0fbf000 	C:\WINDOWS\system32\kernel.appcore.dll
0x00007ffde1c30000 - 0x00007ffde1ce5000 	C:\WINDOWS\system32\shcore.dll
0x00007ffde0fc0000 - 0x00007ffde100b000 	C:\WINDOWS\system32\powrprof.dll
0x00007ffde0f80000 - 0x00007ffde0f94000 	C:\WINDOWS\system32\profapi.dll
0x0000000070340000 - 0x0000000070349000 	C:\Program Files\Java\jdk1.8.0_65\jre\bin\dt_socket.dll
0x00007ffde08b0000 - 0x00007ffde090c000 	C:\WINDOWS\system32\mswsock.dll
0x00007ffdd43a0000 - 0x00007ffdd4428000 	D:\Code\Java\Projects\WireEngine20\lib\native\lwjgl.dll
0x00007ffde0a80000 - 0x00007ffde0a8b000 	C:\WINDOWS\SYSTEM32\CRYPTBASE.DLL
0x00007ffdd4610000 - 0x00007ffdd4652000 	D:\Code\Java\Projects\WireEngine20\lib\native\jemalloc.dll
0x00007ffdd3f60000 - 0x00007ffdd3f98000 	D:\Code\Java\Projects\WireEngine20\lib\native\glfw.dll
0x00007ffddf850000 - 0x00007ffddf8e6000 	C:\WINDOWS\system32\uxtheme.dll
0x00007ffdde650000 - 0x00007ffdde672000 	C:\WINDOWS\SYSTEM32\dwmapi.dll
0x00007ffdc8b70000 - 0x00007ffdc8c99000 	C:\WINDOWS\SYSTEM32\opengl32.dll
0x00007ffdcfb70000 - 0x00007ffdcfb9e000 	C:\WINDOWS\SYSTEM32\GLU32.dll
0x00007ffdc68b0000 - 0x00007ffdc69aa000 	C:\WINDOWS\SYSTEM32\DDRAW.dll
0x00007ffdd47a0000 - 0x00007ffdd47a8000 	C:\WINDOWS\SYSTEM32\DCIMAN32.dll
0x00007ffde3e80000 - 0x00007ffde3fda000 	C:\WINDOWS\system32\MSCTF.dll
0x00007ffdcb820000 - 0x00007ffdcb869000 	C:\Program Files (x86)\TeamViewer\tv_x64.dll
0x00007ffde4140000 - 0x00007ffde4283000 	C:\WINDOWS\system32\ole32.dll
0x000000006e3c0000 - 0x0000000070109000 	C:\WINDOWS\SYSTEM32\nvoglv64.DLL
0x00007ffde4550000 - 0x00007ffde4979000 	C:\WINDOWS\system32\SETUPAPI.dll
0x00007ffddf2f0000 - 0x00007ffddf303000 	C:\WINDOWS\SYSTEM32\WTSAPI32.dll
0x00007ffddf9a0000 - 0x00007ffddf9c7000 	C:\WINDOWS\SYSTEM32\DEVOBJ.dll
0x00007ffde1170000 - 0x00007ffde11c5000 	C:\WINDOWS\system32\WINTRUST.dll
0x00007ffde0fa0000 - 0x00007ffde0fb0000 	C:\WINDOWS\system32\MSASN1.dll
0x00007ffde1820000 - 0x00007ffde19e7000 	C:\WINDOWS\system32\CRYPT32.dll
0x00007ffde04d0000 - 0x00007ffde0501000 	C:\WINDOWS\SYSTEM32\ntmarta.dll
0x00007ffde0220000 - 0x00007ffde0276000 	C:\WINDOWS\SYSTEM32\WINSTA.dll
0x00007ffde38a0000 - 0x00007ffde3947000 	C:\WINDOWS\system32\clbcatq.dll
0x00007ffdddd50000 - 0x00007ffdddd75000 	C:\Program Files (x86)\Samsung\Easy Printer Manager\SmartScreenPrint\CDAKEYMonitor64.dll
0x00007ffde3730000 - 0x00007ffde37f1000 	C:\WINDOWS\system32\OLEAUT32.dll
0x00007ffdb9de0000 - 0x00007ffdb9f6c000 	C:\WINDOWS\SYSTEM32\dbghelp.dll

VM Arguments:
jvm_args: -agentlib:jdwp=transport=dt_socket,address=127.0.0.1:61618,suspend=y,server=n -Djava.library.path=lib/native/ -Dfile.encoding=UTF-8 
java_command: main.Main
java_class_path (initial): C:\Program Files\Java\jdk1.8.0_65\jre\lib\charsets.jar;C:\Program Files\Java\jdk1.8.0_65\jre\lib\deploy.jar;C:\Program Files\Java\jdk1.8.0_65\jre\lib\ext\access-bridge-64.jar;C:\Program Files\Java\jdk1.8.0_65\jre\lib\ext\cldrdata.jar;C:\Program Files\Java\jdk1.8.0_65\jre\lib\ext\dnsns.jar;C:\Program Files\Java\jdk1.8.0_65\jre\lib\ext\jaccess.jar;C:\Program Files\Java\jdk1.8.0_65\jre\lib\ext\jfxrt.jar;C:\Program Files\Java\jdk1.8.0_65\jre\lib\ext\localedata.jar;C:\Program Files\Java\jdk1.8.0_65\jre\lib\ext\nashorn.jar;C:\Program Files\Java\jdk1.8.0_65\jre\lib\ext\sunec.jar;C:\Program Files\Java\jdk1.8.0_65\jre\lib\ext\sunjce_provider.jar;C:\Program Files\Java\jdk1.8.0_65\jre\lib\ext\sunmscapi.jar;C:\Program Files\Java\jdk1.8.0_65\jre\lib\ext\sunpkcs11.jar;C:\Program Files\Java\jdk1.8.0_65\jre\lib\ext\zipfs.jar;C:\Program Files\Java\jdk1.8.0_65\jre\lib\javaws.jar;C:\Program Files\Java\jdk1.8.0_65\jre\lib\jce.jar;C:\Program Files\Java\jdk1.8.0_65\jre\lib\jfr.jar;C:\Program Files\Java\jdk1.8.0_65\jre\lib\jfxswt.jar;C:\Program Files\Java\jdk1.8.0_65\jre\lib\jsse.jar;C:\Program Files\Java\jdk1.8.0_65\jre\lib\management-agent.jar;C:\Program Files\Java\jdk1.8.0_65\jre\lib\plugin.jar;C:\Program Files\Java\jdk1.8.0_65\jre\lib\resources.jar;C:\Program Files\Java\jdk1.8.0_65\jre\lib\rt.jar;D:\Code\Java\Projects\WireEngine20\out\production\WireEngine20;D:\Code\Java\Projects\WireEngine20\lib\jar\lwjgl.jar;D:\Code\Java\Projects\WireEngine20\lib\jar\slick-util.jar;D:\Program Files (x86)\JetBrains\IntelliJ IDEA 2016.1\lib\idea_rt.jar
Launcher Type: SUN_STANDARD

Environment Variables:
JAVA_HOME=C:\Program Files\Java\jdk1.8.0_65
PATH=C:\ProgramData\Oracle\Java\javapath;C:\Program Files (x86)\Razer Chroma SDK\bin;C:\Program Files\Razer Chroma SDK\bin;C:\Program Files (x86)\NVIDIA Corporation\PhysX\Common;C:\Program Files (x86)\Intel\iCLS Client\;C:\Program Files\Intel\iCLS Client\;C:\Windows\system32;C:\Windows;C:\Windows\System32\Wbem;C:\Windows\System32\WindowsPowerShell\v1.0\;C:\Program Files\Intel\Intel(R) Management Engine Components\DAL;C:\Program Files (x86)\Intel\Intel(R) Management Engine Components\DAL;C:\Program Files\Intel\Intel(R) Management Engine Components\IPT;C:\Program Files (x86)\Intel\Intel(R) Management Engine Components\IPT;C:\Program Files\Java\jre1.8.0_65\bin;C:\MinGW\bin;C:\WINDOWS\system32;C:\WINDOWS;C:\WINDOWS\System32\Wbem;C:\WINDOWS\System32\WindowsPowerShell\v1.0\;D:\Program Files (x86)\CMake\bin;D:\Program Files\Programs\Python\Python35-32;D:\Program Files\Programs\Python\Python35-32\Scripts;C:\Program Files (x86)\Skype\Phone\;D:\Program Files\Programs\Python\Python35-32\Scripts\;D:\Program Files\Programs\Python\Python35-32\
USERNAME=Kelan
OS=Windows_NT
PROCESSOR_IDENTIFIER=Intel64 Family 6 Model 60 Stepping 3, GenuineIntel



---------------  S Y S T E M  ---------------

OS: Windows 10.0 , 64 bit Build 10586 (10.0.10586.0)

CPU:total 8 (4 cores per cpu, 2 threads per core) family 6 model 60 stepping 3, cmov, cx8, fxsr, mmx, sse, sse2, sse3, ssse3, sse4.1, sse4.2, popcnt, avx, avx2, aes, clmul, erms, lzcnt, ht, tsc, tscinvbit, bmi1, bmi2

Memory: 4k page, physical 16609500k(795236k free), swap 33386716k(13054480k free)

vm_info: Java HotSpot(TM) 64-Bit Server VM (25.65-b01) for windows-amd64 JRE (1.8.0_65-b17), built on Oct  6 2015 16:39:20 by "java_re" with MS VC++ 10.0 (VS2010)

time: Thu Apr 14 14:14:27 2016
elapsed time: 3 seconds (0d 0h 0m 3s)

