#
# A fatal error has been detected by the Java Runtime Environment:
#
#  EXCEPTION_ACCESS_VIOLATION (0xc0000005) at pc=0x00007ffd0eeb24b9, pid=12760, tid=6780
#
# JRE version: Java(TM) SE Runtime Environment (8.0_65-b17) (build 1.8.0_65-b17)
# Java VM: Java HotSpot(TM) 64-Bit Server VM (25.65-b01 mixed mode windows-amd64 compressed oops)
# Problematic frame:
# C  [glfw.dll+0x24b9]
#
# Failed to write core dump. Minidumps are not enabled by default on client versions of Windows
#
# If you would like to submit a bug report, please visit:
#   http://bugreport.java.com/bugreport/crash.jsp
# The crash happened outside the Java Virtual Machine in native code.
# See problematic frame for where to report the bug.
#

---------------  T H R E A D  ---------------

Current thread (0x000000001e378000):  JavaThread "CLIENT" [_thread_in_native, id=6780, stack(0x000000001f070000,0x000000001f170000)]

siginfo: ExceptionCode=0xc0000005, reading address 0x0000000000000000

Registers:
RAX=0x0000000000000000, RBX=0x000000001bb20868, RCX=0x0000000000000000, RDX=0x0000000000000000
RSP=0x000000001f16e990, RBP=0x000000001f16ea20, RSI=0x0000000000000108, RDI=0x000000000055fd20
R8 =0x000000001f16e988, R9 =0x000000001f16ea20, R10=0x0000000000000000, R11=0x0000000000000246
R12=0x0000000000000000, R13=0x000000001f16ea38, R14=0x000000001f16ea10, R15=0x000000001e378000
RIP=0x00007ffd0eeb24b9, EFLAGS=0x0000000000010283

Top of Stack: (sp=0x000000001f16e990)
0x000000001f16e990:   0000000000000000 0000000000000108
0x000000001f16e9a0:   000000001bac5f90 000000001c0a15d0
0x000000001f16e9b0:   00000000000023e4 0000000002ae8c4a
0x000000001f16e9c0:   000000001bb20868 000000005a88aea4
0x000000001f16e9d0:   000000001e378000 000000001e378000
0x000000001f16e9e0:   000000001e378000 0000000000000000
0x000000001f16e9f0:   000000001e3460b0 000000005a815eba
0x000000001f16ea00:   000000001f16f178 000000001f16ea98
0x000000001f16ea10:   00000006c28040b0 00000000000023e3
0x000000001f16ea20:   000000001f16ea98 0000000002707d8d
0x000000001f16ea30:   0000000002707d8d 000000000055fd20
0x000000001f16ea40:   00000000027078a0 00007ffd0eeb2420
0x000000001f16ea50:   0000000000000001 000000001f16ea58
0x000000001f16ea60:   000000001bb3e6e4 000000001f16eac0
0x000000001f16ea70:   000000001bb406c8 0000000000000000
0x000000001f16ea80:   000000001bb3e710 000000001f16ea38 

Instructions: (pc=0x00007ffd0eeb24b9)
0x00007ffd0eeb2499:   48 8b cf e8 1f 3a 00 00 48 39 3d f0 d5 02 00 48
0x00007ffd0eeb24a9:   8d 0d e9 d5 02 00 48 8b 5c 24 30 74 08 48 8b 09
0x00007ffd0eeb24b9:   48 39 39 75 f8 48 8b 07 48 89 01 48 8b cf 48 83
0x00007ffd0eeb24c9:   c4 20 5f e9 5b fe 00 00 48 83 c4 20 5f c3 cc cc 


Register to memory mapping:

RAX=0x0000000000000000 is an unknown value
RBX={method} {0x000000001bb20870} 'invokePV' '(JJ)V' in 'org/lwjgl/system/JNI'
RCX=0x0000000000000000 is an unknown value
RDX=0x0000000000000000 is an unknown value
RSP=0x000000001f16e990 is pointing into the stack for thread: 0x000000001e378000
RBP=0x000000001f16ea20 is pointing into the stack for thread: 0x000000001e378000
RSI=0x0000000000000108 is an unknown value
RDI=0x000000000055fd20 is an unknown value
R8 =0x000000001f16e988 is pointing into the stack for thread: 0x000000001e378000
R9 =0x000000001f16ea20 is pointing into the stack for thread: 0x000000001e378000
R10=0x0000000000000000 is an unknown value
R11=0x0000000000000246 is an unknown value
R12=0x0000000000000000 is an unknown value
R13=0x000000001f16ea38 is pointing into the stack for thread: 0x000000001e378000
R14=0x000000001f16ea10 is pointing into the stack for thread: 0x000000001e378000
R15=0x000000001e378000 is a thread


Stack: [0x000000001f070000,0x000000001f170000],  sp=0x000000001f16e990,  free space=1018k
Native frames: (J=compiled Java code, j=interpreted, Vv=VM code, C=native code)
C  [glfw.dll+0x24b9]
C  0x0000000002ae8c4a

Java frames: (J=compiled Java code, j=interpreted, Vv=VM code)
J 799  org.lwjgl.system.JNI.invokePV(JJ)V (0 bytes) @ 0x0000000002ae8bc4 [0x0000000002ae8b80+0x44]
j  org.lwjgl.glfw.GLFW.glfwDestroyCursor(J)V+20
j  main.client.Window.destroyWindow()V+9
j  main.coreEngine.Engine.stop()V+70
J 839 C1 main.client.Window.update()V (37 bytes) @ 0x0000000002b0302c [0x0000000002b02b80+0x4ac]
J 814 C1 main.client.renderEngine.RenderEngine.render()V (51 bytes) @ 0x0000000002af44bc [0x0000000002af3380+0x113c]
J 802 C1 main.client.ClientThread.tick()V (16 bytes) @ 0x0000000002ae7c9c [0x0000000002ae7700+0x59c]
j  main.coreEngine.TickableThread.run()V+469
v  ~StubRoutines::call_stub

---------------  P R O C E S S  ---------------

Java Threads: ( => current thread )
  0x000000001e378800 JavaThread "SERVER" [_thread_in_Java, id=13216, stack(0x000000001f170000,0x000000001f270000)]
=>0x000000001e378000 JavaThread "CLIENT" [_thread_in_native, id=6780, stack(0x000000001f070000,0x000000001f170000)]
  0x000000001e262800 JavaThread "Service Thread" daemon [_thread_blocked, id=5904, stack(0x000000001ee70000,0x000000001ef70000)]
  0x000000001e1d4800 JavaThread "C1 CompilerThread3" daemon [_thread_blocked, id=5384, stack(0x000000001ed70000,0x000000001ee70000)]
  0x000000001e1cc000 JavaThread "C2 CompilerThread2" daemon [_thread_blocked, id=13948, stack(0x000000001ec70000,0x000000001ed70000)]
  0x000000001e1cb000 JavaThread "C2 CompilerThread1" daemon [_thread_blocked, id=10056, stack(0x000000001eb70000,0x000000001ec70000)]
  0x000000001e1d0000 JavaThread "C2 CompilerThread0" daemon [_thread_blocked, id=9564, stack(0x000000001ea70000,0x000000001eb70000)]
  0x000000001e1b5000 JavaThread "JDWP Command Reader" daemon [_thread_in_native, id=11052, stack(0x000000001e970000,0x000000001ea70000)]
  0x000000001e1b3800 JavaThread "JDWP Event Helper Thread" daemon [_thread_blocked, id=13632, stack(0x000000001e870000,0x000000001e970000)]
  0x000000001e1a0000 JavaThread "JDWP Transport Listener: dt_socket" daemon [_thread_blocked, id=13444, stack(0x000000001e770000,0x000000001e870000)]
  0x000000001e197800 JavaThread "Attach Listener" daemon [_thread_blocked, id=12100, stack(0x000000001e670000,0x000000001e770000)]
  0x000000001e196000 JavaThread "Signal Dispatcher" daemon [_thread_blocked, id=13044, stack(0x000000001e570000,0x000000001e670000)]
  0x00000000026fb800 JavaThread "Finalizer" daemon [_thread_blocked, id=3996, stack(0x000000001df90000,0x000000001e090000)]
  0x00000000026f4800 JavaThread "Reference Handler" daemon [_thread_blocked, id=9936, stack(0x000000001de90000,0x000000001df90000)]
  0x0000000000f1e000 JavaThread "main" [_thread_in_Java, id=13056, stack(0x0000000000d40000,0x0000000000e40000)]

Other Threads:
  0x000000001c09a000 VMThread [stack: 0x000000001dd90000,0x000000001de90000] [id=960]
  0x000000001e26b800 WatcherThread [stack: 0x000000001ef70000,0x000000001f070000] [id=13564]

VM state:not at safepoint (normal execution)

VM Mutex/Monitor currently owned by a thread: None

Heap:
 PSYoungGen      total 631296K, used 75194K [0x000000076b800000, 0x00000007aa880000, 0x00000007c0000000)
  eden space 626688K, 11% used [0x000000076b800000,0x0000000770136a10,0x0000000791c00000)
  from space 4608K, 4% used [0x00000007a9f80000,0x00000007a9fb8000,0x00000007aa400000)
  to   space 4608K, 0% used [0x00000007aa400000,0x00000007aa400000,0x00000007aa880000)
 ParOldGen       total 173568K, used 17627K [0x00000006c2800000, 0x00000006cd180000, 0x000000076b800000)
  object space 173568K, 10% used [0x00000006c2800000,0x00000006c3936fa0,0x00000006cd180000)
 Metaspace       used 8345K, capacity 8710K, committed 8960K, reserved 1056768K
  class space    used 659K, capacity 690K, committed 768K, reserved 1048576K

Card table byte_map: [0x0000000011ac0000,0x00000000122b0000] byte_map_base: 0x000000000e4ac000

Marking Bits: (ParMarkBitMap*) 0x000000005af6a5b0
 Begin Bits: [0x0000000013000000, 0x0000000016f60000)
 End Bits:   [0x0000000016f60000, 0x000000001aec0000)

Polling page: 0x00000000004f0000

CodeCache: size=245760Kb used=4093Kb max_used=4095Kb free=241666Kb
 bounds [0x0000000002700000, 0x0000000002b10000, 0x0000000011700000]
 total_blobs=1495 nmethods=839 adapters=577
 compilation: enabled

Compilation events (10 events):
Event: 8.742 Thread 0x000000001e1cc000  837       4       org.lwjgl.glfw.GLFW::glfwGetWindowSize (37 bytes)
Event: 8.744 Thread 0x000000001e1cc000 nmethod 837 0x0000000002b01c90 code [0x0000000002b01de0, 0x0000000002b01f68]
Event: 9.759 Thread 0x000000001e1d4800  838       3       main.client.renderEngine.RenderEngine::setupProjection3D (148 bytes)
Event: 9.760 Thread 0x000000001e1d4800 nmethod 838 0x0000000002afdf50 code [0x0000000002afe360, 0x0000000002b00028]
Event: 9.760 Thread 0x000000001e1d4800  839       3       main.client.Window::update (37 bytes)
Event: 9.760 Thread 0x000000001e1d4800 nmethod 839 0x0000000002b02950 code [0x0000000002b02b80, 0x0000000002b03468]
Event: 10.142 Thread 0x000000001e1d4800  840       3       org.lwjgl.system.MemoryUtil::memGetAddress (8 bytes)
Event: 10.143 Thread 0x000000001e1d4800 nmethod 840 0x0000000002b02450 code [0x0000000002b025c0, 0x0000000002b02828]
Event: 10.143 Thread 0x000000001e1d4800  841       3       org.lwjgl.system.MemoryAccess$MemoryAccessorUnsafe::memGetAddress (8 bytes)
Event: 10.143 Thread 0x000000001e1d4800 nmethod 841 0x0000000002afdb10 code [0x0000000002afdc80, 0x0000000002afdea8]

GC Heap History (10 events):
Event: 7.968 GC heap before
{Heap before GC invocations=21 (full 0):
 PSYoungGen      total 791552K, used 791296K [0x000000076b800000, 0x00000007ab200000, 0x00000007c0000000)
  eden space 791040K, 100% used [0x000000076b800000,0x000000079bc80000,0x000000079bc80000)
  from space 512K, 50% used [0x00000007ab180000,0x00000007ab1c0000,0x00000007ab200000)
  to   space 5632K, 0% used [0x00000007aa700000,0x00000007aa700000,0x00000007aac80000)
 ParOldGen       total 173568K, used 17579K [0x00000006c2800000, 0x00000006cd180000, 0x000000076b800000)
  object space 173568K, 10% used [0x00000006c2800000,0x00000006c392afa0,0x00000006cd180000)
 Metaspace       used 8342K, capacity 8710K, committed 8960K, reserved 1056768K
  class space    used 658K, capacity 690K, committed 768K, reserved 1048576K
Event: 7.969 GC heap after
Heap after GC invocations=21 (full 0):
 PSYoungGen      total 760320K, used 256K [0x000000076b800000, 0x00000007ab200000, 0x00000007c0000000)
  eden space 754688K, 0% used [0x000000076b800000,0x000000076b800000,0x0000000799900000)
  from space 5632K, 4% used [0x00000007aa700000,0x00000007aa740000,0x00000007aac80000)
  to   space 5632K, 0% used [0x00000007aac80000,0x00000007aac80000,0x00000007ab200000)
 ParOldGen       total 173568K, used 17579K [0x00000006c2800000, 0x00000006cd180000, 0x000000076b800000)
  object space 173568K, 10% used [0x00000006c2800000,0x00000006c392afa0,0x00000006cd180000)
 Metaspace       used 8342K, capacity 8710K, committed 8960K, reserved 1056768K
  class space    used 658K, capacity 690K, committed 768K, reserved 1048576K
}
Event: 8.571 GC heap before
{Heap before GC invocations=22 (full 0):
 PSYoungGen      total 760320K, used 754944K [0x000000076b800000, 0x00000007ab200000, 0x00000007c0000000)
  eden space 754688K, 100% used [0x000000076b800000,0x0000000799900000,0x0000000799900000)
  from space 5632K, 4% used [0x00000007aa700000,0x00000007aa740000,0x00000007aac80000)
  to   space 5632K, 0% used [0x00000007aac80000,0x00000007aac80000,0x00000007ab200000)
 ParOldGen       total 173568K, used 17579K [0x00000006c2800000, 0x00000006cd180000, 0x000000076b800000)
  object space 173568K, 10% used [0x00000006c2800000,0x00000006c392afa0,0x00000006cd180000)
 Metaspace       used 8343K, capacity 8710K, committed 8960K, reserved 1056768K
  class space    used 659K, capacity 690K, committed 768K, reserved 1048576K
Event: 8.572 GC heap after
Heap after GC invocations=22 (full 0):
 PSYoungGen      total 720896K, used 256K [0x000000076b800000, 0x00000007aad00000, 0x00000007c0000000)
  eden space 720384K, 0% used [0x000000076b800000,0x000000076b800000,0x0000000797780000)
  from space 512K, 50% used [0x00000007aac80000,0x00000007aacc0000,0x00000007aad00000)
  to   space 5120K, 0% used [0x00000007aa300000,0x00000007aa300000,0x00000007aa800000)
 ParOldGen       total 173568K, used 17603K [0x00000006c2800000, 0x00000006cd180000, 0x000000076b800000)
  object space 173568K, 10% used [0x00000006c2800000,0x00000006c3930fa0,0x00000006cd180000)
 Metaspace       used 8343K, capacity 8710K, committed 8960K, reserved 1056768K
  class space    used 659K, capacity 690K, committed 768K, reserved 1048576K
}
Event: 9.099 GC heap before
{Heap before GC invocations=23 (full 0):
 PSYoungGen      total 720896K, used 720640K [0x000000076b800000, 0x00000007aad00000, 0x00000007c0000000)
  eden space 720384K, 100% used [0x000000076b800000,0x0000000797780000,0x0000000797780000)
  from space 512K, 50% used [0x00000007aac80000,0x00000007aacc0000,0x00000007aad00000)
  to   space 5120K, 0% used [0x00000007aa300000,0x00000007aa300000,0x00000007aa800000)
 ParOldGen       total 173568K, used 17603K [0x00000006c2800000, 0x00000006cd180000, 0x000000076b800000)
  object space 173568K, 10% used [0x00000006c2800000,0x00000006c3930fa0,0x00000006cd180000)
 Metaspace       used 8343K, capacity 8710K, committed 8960K, reserved 1056768K
  class space    used 659K, capacity 690K, committed 768K, reserved 1048576K
Event: 9.100 GC heap after
Heap after GC invocations=23 (full 0):
 PSYoungGen      total 692736K, used 224K [0x000000076b800000, 0x00000007aad00000, 0x00000007c0000000)
  eden space 687616K, 0% used [0x000000076b800000,0x000000076b800000,0x0000000795780000)
  from space 5120K, 4% used [0x00000007aa300000,0x00000007aa338000,0x00000007aa800000)
  to   space 5120K, 0% used [0x00000007aa800000,0x00000007aa800000,0x00000007aad00000)
 ParOldGen       total 173568K, used 17619K [0x00000006c2800000, 0x00000006cd180000, 0x000000076b800000)
  object space 173568K, 10% used [0x00000006c2800000,0x00000006c3934fa0,0x00000006cd180000)
 Metaspace       used 8343K, capacity 8710K, committed 8960K, reserved 1056768K
  class space    used 659K, capacity 690K, committed 768K, reserved 1048576K
}
Event: 9.622 GC heap before
{Heap before GC invocations=24 (full 0):
 PSYoungGen      total 692736K, used 687840K [0x000000076b800000, 0x00000007aad00000, 0x00000007c0000000)
  eden space 687616K, 100% used [0x000000076b800000,0x0000000795780000,0x0000000795780000)
  from space 5120K, 4% used [0x00000007aa300000,0x00000007aa338000,0x00000007aa800000)
  to   space 5120K, 0% used [0x00000007aa800000,0x00000007aa800000,0x00000007aad00000)
 ParOldGen       total 173568K, used 17619K [0x00000006c2800000, 0x00000006cd180000, 0x000000076b800000)
  object space 173568K, 10% used [0x00000006c2800000,0x00000006c3934fa0,0x00000006cd180000)
 Metaspace       used 8343K, capacity 8710K, committed 8960K, reserved 1056768K
  class space    used 659K, capacity 690K, committed 768K, reserved 1048576K
Event: 9.623 GC heap after
Heap after GC invocations=24 (full 0):
 PSYoungGen      total 656896K, used 224K [0x000000076b800000, 0x00000007aa880000, 0x00000007c0000000)
  eden space 656384K, 0% used [0x000000076b800000,0x000000076b800000,0x0000000793900000)
  from space 512K, 43% used [0x00000007aa800000,0x00000007aa838000,0x00000007aa880000)
  to   space 4608K, 0% used [0x00000007a9f80000,0x00000007a9f80000,0x00000007aa400000)
 ParOldGen       total 173568K, used 17627K [0x00000006c2800000, 0x00000006cd180000, 0x000000076b800000)
  object space 173568K, 10% used [0x00000006c2800000,0x00000006c3936fa0,0x00000006cd180000)
 Metaspace       used 8343K, capacity 8710K, committed 8960K, reserved 1056768K
  class space    used 659K, capacity 690K, committed 768K, reserved 1048576K
}
Event: 10.121 GC heap before
{Heap before GC invocations=25 (full 0):
 PSYoungGen      total 656896K, used 656608K [0x000000076b800000, 0x00000007aa880000, 0x00000007c0000000)
  eden space 656384K, 100% used [0x000000076b800000,0x0000000793900000,0x0000000793900000)
  from space 512K, 43% used [0x00000007aa800000,0x00000007aa838000,0x00000007aa880000)
  to   space 4608K, 0% used [0x00000007a9f80000,0x00000007a9f80000,0x00000007aa400000)
 ParOldGen       total 173568K, used 17627K [0x00000006c2800000, 0x00000006cd180000, 0x000000076b800000)
  object space 173568K, 10% used [0x00000006c2800000,0x00000006c3936fa0,0x00000006cd180000)
 Metaspace       used 8344K, capacity 8710K, committed 8960K, reserved 1056768K
  class space    used 659K, capacity 690K, committed 768K, reserved 1048576K
Event: 10.122 GC heap after
Heap after GC invocations=25 (full 0):
 PSYoungGen      total 631296K, used 224K [0x000000076b800000, 0x00000007aa880000, 0x00000007c0000000)
  eden space 626688K, 0% used [0x000000076b800000,0x000000076b800000,0x0000000791c00000)
  from space 4608K, 4% used [0x00000007a9f80000,0x00000007a9fb8000,0x00000007aa400000)
  to   space 4608K, 0% used [0x00000007aa400000,0x00000007aa400000,0x00000007aa880000)
 ParOldGen       total 173568K, used 17627K [0x00000006c2800000, 0x00000006cd180000, 0x000000076b800000)
  object space 173568K, 10% used [0x00000006c2800000,0x00000006c3936fa0,0x00000006cd180000)
 Metaspace       used 8344K, capacity 8710K, committed 8960K, reserved 1056768K
  class space    used 659K, capacity 690K, committed 768K, reserved 1048576K
}

Deoptimization events (10 events):
Event: 0.840 Thread 0x000000001e378000 Uncommon trap: reason=array_check action=maybe_recompile pc=0x00000000029b8480 method=java.util.AbstractCollection.toArray([Ljava/lang/Object;)[Ljava/lang/Object; @ 119
Event: 0.844 Thread 0x000000001e378000 Uncommon trap: reason=unstable_if action=reinterpret pc=0x000000000299aa7c method=sun.misc.FloatingDecimal.readJavaFormatString(Ljava/lang/String;)Lsun/misc/FloatingDecimal$ASCIIToBinaryConverter; @ 327
Event: 0.923 Thread 0x000000001e378000 Uncommon trap: reason=unstable_if action=reinterpret pc=0x00000000029d5dd8 method=sun.misc.FloatingDecimal.readJavaFormatString(Ljava/lang/String;)Lsun/misc/FloatingDecimal$ASCIIToBinaryConverter; @ 445
Event: 0.923 Thread 0x000000001e378000 Uncommon trap: reason=unstable_if action=reinterpret pc=0x00000000029c2164 method=sun.misc.FloatingDecimal$ASCIIToBinaryBuffer.floatValue()F @ 190
Event: 1.187 Thread 0x000000001e378000 Uncommon trap: reason=unstable_if action=reinterpret pc=0x0000000002a3b308 method=main.client.renderEngine.mesh.Mesh.compile(Ljava/util/List;)Lmain/client/renderEngine/mesh/Mesh; @ 52
Event: 1.247 Thread 0x000000001e378000 Uncommon trap: reason=unstable_if action=reinterpret pc=0x0000000002a73bd8 method=main.client.renderEngine.mesh.Mesh.compile(Ljava/util/List;)Lmain/client/renderEngine/mesh/Mesh; @ 536
Event: 1.250 Thread 0x000000001e378000 Uncommon trap: reason=unstable_if action=reinterpret pc=0x0000000002a520c0 method=main.client.renderEngine.mesh.Mesh.compile(Ljava/util/List;)Lmain/client/renderEngine/mesh/Mesh; @ 52
Event: 1.259 Thread 0x000000001e378000 Uncommon trap: reason=unstable_if action=reinterpret pc=0x00000000029de234 method=main.coreEngine.TickableThread.run()V @ 461
Event: 1.268 Thread 0x000000001e378800 Uncommon trap: reason=unstable_if action=reinterpret pc=0x00000000029de234 method=main.coreEngine.TickableThread.run()V @ 461
Event: 1.276 Thread 0x0000000000f1e000 Uncommon trap: reason=unstable_if action=reinterpret pc=0x0000000002a28644 method=main.coreEngine.Engine.start()V @ 163

Internal exceptions (7 events):
Event: 0.033 Thread 0x0000000000f1e000 Exception <a 'java/lang/NoSuchMethodError': Method sun.misc.Unsafe.defineClass(Ljava/lang/String;[BII)Ljava/lang/Class; name or signature does not match> (0x000000076b80da30) thrown at [C:\workspace\8-2-build-windows-amd64-cygwin\jdk8u65\4987\hotspot\src\sæÌ≥ìj›†?
Event: 0.033 Thread 0x0000000000f1e000 Exception <a 'java/lang/NoSuchMethodError': Method sun.misc.Unsafe.prefetchRead(Ljava/lang/Object;J)V name or signature does not match> (0x000000076b80dd18) thrown at [C:\workspace\8-2-build-windows-amd64-cygwin\jdk8u65\4987\hotspot\src\share\vm\prims\jni.ﬂ#ÓG†Îÿ?
Event: 0.389 Thread 0x000000001e378000 Exception <a 'java/security/PrivilegedActionException'> (0x000000076c732a60) thrown at [C:\workspace\8-2-build-windows-amd64-cygwin\jdk8u65\4987\hotspot\src\share\vm\prims\jvm.cpp, line 1386]
Event: 0.389 Thread 0x000000001e378000 Exception <a 'java/security/PrivilegedActionException'> (0x000000076c732e58) thrown at [C:\workspace\8-2-build-windows-amd64-cygwin\jdk8u65\4987\hotspot\src\share\vm\prims\jvm.cpp, line 1386]
Event: 0.390 Thread 0x000000001e378000 Exception <a 'java/security/PrivilegedActionException'> (0x000000076c737070) thrown at [C:\workspace\8-2-build-windows-amd64-cygwin\jdk8u65\4987\hotspot\src\share\vm\prims\jvm.cpp, line 1386]
Event: 0.390 Thread 0x000000001e378000 Exception <a 'java/security/PrivilegedActionException'> (0x000000076c737468) thrown at [C:\workspace\8-2-build-windows-amd64-cygwin\jdk8u65\4987\hotspot\src\share\vm\prims\jvm.cpp, line 1386]
Event: 0.784 Thread 0x0000000000f1e000 Implicit null exception at 0x000000000286687c to 0x0000000002866e19

Events (10 events):
Event: 8.292 loading class java/nio/DirectByteBuffer$1
Event: 8.292 loading class java/nio/DirectByteBuffer$1 done
Event: 8.571 Executing VM operation: ParallelGCFailedAllocation
Event: 8.572 Executing VM operation: ParallelGCFailedAllocation done
Event: 9.099 Executing VM operation: ParallelGCFailedAllocation
Event: 9.100 Executing VM operation: ParallelGCFailedAllocation done
Event: 9.622 Executing VM operation: ParallelGCFailedAllocation
Event: 9.623 Executing VM operation: ParallelGCFailedAllocation done
Event: 10.121 Executing VM operation: ParallelGCFailedAllocation
Event: 10.122 Executing VM operation: ParallelGCFailedAllocation done


Dynamic libraries:
0x00007ff75d350000 - 0x00007ff75d387000 	C:\Program Files\Java\jdk1.8.0_65\bin\java.exe
0x00007ffd2b8f0000 - 0x00007ffd2bab1000 	C:\WINDOWS\SYSTEM32\ntdll.dll
0x00007ffd29160000 - 0x00007ffd2920d000 	C:\WINDOWS\system32\KERNEL32.DLL
0x00007ffd28890000 - 0x00007ffd28a78000 	C:\WINDOWS\system32\KERNELBASE.dll
0x00007ffd296a0000 - 0x00007ffd29747000 	C:\WINDOWS\system32\ADVAPI32.dll
0x00007ffd29430000 - 0x00007ffd294cd000 	C:\WINDOWS\system32\msvcrt.dll
0x00007ffd29510000 - 0x00007ffd2956b000 	C:\WINDOWS\system32\sechost.dll
0x00007ffd29580000 - 0x00007ffd2969c000 	C:\WINDOWS\system32\RPCRT4.dll
0x00007ffd28e50000 - 0x00007ffd28fa6000 	C:\WINDOWS\system32\USER32.dll
0x00007ffd299d0000 - 0x00007ffd29b56000 	C:\WINDOWS\system32\GDI32.dll
0x00007ffd24690000 - 0x00007ffd24904000 	C:\WINDOWS\WinSxS\amd64_microsoft.windows.common-controls_6595b64144ccf1df_6.0.10586.0_none_8c15ae12515e1c22\COMCTL32.dll
0x00007ffd29750000 - 0x00007ffd299cd000 	C:\WINDOWS\system32\combase.dll
0x00007ffd27f80000 - 0x00007ffd27fea000 	C:\WINDOWS\system32\bcryptPrimitives.dll
0x00007ffd294d0000 - 0x00007ffd2950b000 	C:\WINDOWS\system32\IMM32.DLL
0x000000005b5d0000 - 0x000000005b6a2000 	C:\Program Files\Java\jdk1.8.0_65\jre\bin\msvcr100.dll
0x000000005a760000 - 0x000000005afe9000 	C:\Program Files\Java\jdk1.8.0_65\jre\bin\server\jvm.dll
0x00007ffd29b60000 - 0x00007ffd29b68000 	C:\WINDOWS\system32\PSAPI.DLL
0x00007ffd1e6b0000 - 0x00007ffd1e6b9000 	C:\WINDOWS\SYSTEM32\WSOCK32.dll
0x00007ffd26170000 - 0x00007ffd26193000 	C:\WINDOWS\SYSTEM32\WINMM.dll
0x00007ffd249f0000 - 0x00007ffd249fa000 	C:\WINDOWS\SYSTEM32\VERSION.dll
0x00007ffd29cd0000 - 0x00007ffd29d3b000 	C:\WINDOWS\system32\WS2_32.dll
0x0000000000fb0000 - 0x0000000000fdc000 	C:\WINDOWS\SYSTEM32\WINMMBASE.dll
0x00007ffd28a80000 - 0x00007ffd28ac3000 	C:\WINDOWS\system32\cfgmgr32.dll
0x000000005b5c0000 - 0x000000005b5cf000 	C:\Program Files\Java\jdk1.8.0_65\jre\bin\verify.dll
0x000000005b590000 - 0x000000005b5b9000 	C:\Program Files\Java\jdk1.8.0_65\jre\bin\java.dll
0x000000005b550000 - 0x000000005b585000 	C:\Program Files\Java\jdk1.8.0_65\jre\bin\jdwp.dll
0x000000005b540000 - 0x000000005b548000 	C:\Program Files\Java\jdk1.8.0_65\jre\bin\npt.dll
0x000000005b520000 - 0x000000005b536000 	C:\Program Files\Java\jdk1.8.0_65\jre\bin\zip.dll
0x00007ffd2a2c0000 - 0x00007ffd2b81c000 	C:\WINDOWS\system32\SHELL32.dll
0x00007ffd28070000 - 0x00007ffd286b5000 	C:\WINDOWS\system32\windows.storage.dll
0x00007ffd2a250000 - 0x00007ffd2a2a2000 	C:\WINDOWS\system32\shlwapi.dll
0x00007ffd27f70000 - 0x00007ffd27f7f000 	C:\WINDOWS\system32\kernel.appcore.dll
0x00007ffd28c10000 - 0x00007ffd28cc5000 	C:\WINDOWS\system32\shcore.dll
0x00007ffd27ef0000 - 0x00007ffd27f3b000 	C:\WINDOWS\system32\powrprof.dll
0x00007ffd27f40000 - 0x00007ffd27f54000 	C:\WINDOWS\system32\profapi.dll
0x000000005b510000 - 0x000000005b519000 	C:\Program Files\Java\jdk1.8.0_65\jre\bin\dt_socket.dll
0x00007ffd27820000 - 0x00007ffd2787c000 	C:\WINDOWS\system32\mswsock.dll
0x00007ffd0dd80000 - 0x00007ffd0de08000 	D:\Code\Java\Projects\WireEngine20\lib\native\lwjgl.dll
0x00007ffd279f0000 - 0x00007ffd279fb000 	C:\WINDOWS\SYSTEM32\CRYPTBASE.DLL
0x00007ffd0e080000 - 0x00007ffd0e0c2000 	D:\Code\Java\Projects\WireEngine20\lib\native\jemalloc.dll
0x00007ffd0eeb0000 - 0x00007ffd0eee8000 	D:\Code\Java\Projects\WireEngine20\lib\native\glfw.dll
0x00007ffd26870000 - 0x00007ffd26906000 	C:\WINDOWS\system32\uxtheme.dll
0x00007ffd25f20000 - 0x00007ffd25f42000 	C:\WINDOWS\SYSTEM32\dwmapi.dll
0x00007ffd18b80000 - 0x00007ffd18ca9000 	C:\WINDOWS\SYSTEM32\opengl32.dll
0x00007ffd1c880000 - 0x00007ffd1c8ae000 	C:\WINDOWS\SYSTEM32\GLU32.dll
0x00007ffd18a80000 - 0x00007ffd18b7a000 	C:\WINDOWS\SYSTEM32\DDRAW.dll
0x00007ffd1d2d0000 - 0x00007ffd1d2d8000 	C:\WINDOWS\SYSTEM32\DCIMAN32.dll
0x00007ffd29b70000 - 0x00007ffd29cca000 	C:\WINDOWS\system32\MSCTF.dll
0x00007ffd15240000 - 0x00007ffd15289000 	C:\Program Files (x86)\TeamViewer\tv_x64.dll
0x00007ffd29210000 - 0x00007ffd29353000 	C:\WINDOWS\system32\ole32.dll
0x0000000058a10000 - 0x000000005a759000 	C:\WINDOWS\SYSTEM32\nvoglv64.DLL
0x00007ffd29d60000 - 0x00007ffd2a189000 	C:\WINDOWS\system32\SETUPAPI.dll
0x00007ffd25f70000 - 0x00007ffd25f83000 	C:\WINDOWS\SYSTEM32\WTSAPI32.dll
0x00007ffd269c0000 - 0x00007ffd269e7000 	C:\WINDOWS\SYSTEM32\DEVOBJ.dll
0x00007ffd27ff0000 - 0x00007ffd28045000 	C:\WINDOWS\system32\WINTRUST.dll
0x00007ffd27f60000 - 0x00007ffd27f70000 	C:\WINDOWS\system32\MSASN1.dll
0x00007ffd286c0000 - 0x00007ffd28887000 	C:\WINDOWS\system32\CRYPT32.dll
0x00007ffd27440000 - 0x00007ffd27471000 	C:\WINDOWS\SYSTEM32\ntmarta.dll
0x00007ffd27190000 - 0x00007ffd271e6000 	C:\WINDOWS\SYSTEM32\WINSTA.dll
0x00007ffd2b840000 - 0x00007ffd2b8e7000 	C:\WINDOWS\system32\clbcatq.dll
0x00007ffd231a0000 - 0x00007ffd231c5000 	C:\Program Files (x86)\Samsung\Easy Printer Manager\SmartScreenPrint\CDAKEYMonitor64.dll
0x00007ffd29360000 - 0x00007ffd29421000 	C:\WINDOWS\system32\OLEAUT32.dll
0x00007ffd238a0000 - 0x00007ffd23a2c000 	C:\WINDOWS\SYSTEM32\dbghelp.dll

VM Arguments:
jvm_args: -agentlib:jdwp=transport=dt_socket,address=127.0.0.1:49507,suspend=y,server=n -Djava.library.path=lib/native/ -Dfile.encoding=UTF-8 
java_command: main.Main
java_class_path (initial): C:\Program Files\Java\jdk1.8.0_65\jre\lib\charsets.jar;C:\Program Files\Java\jdk1.8.0_65\jre\lib\deploy.jar;C:\Program Files\Java\jdk1.8.0_65\jre\lib\ext\access-bridge-64.jar;C:\Program Files\Java\jdk1.8.0_65\jre\lib\ext\cldrdata.jar;C:\Program Files\Java\jdk1.8.0_65\jre\lib\ext\dnsns.jar;C:\Program Files\Java\jdk1.8.0_65\jre\lib\ext\jaccess.jar;C:\Program Files\Java\jdk1.8.0_65\jre\lib\ext\jfxrt.jar;C:\Program Files\Java\jdk1.8.0_65\jre\lib\ext\localedata.jar;C:\Program Files\Java\jdk1.8.0_65\jre\lib\ext\nashorn.jar;C:\Program Files\Java\jdk1.8.0_65\jre\lib\ext\sunec.jar;C:\Program Files\Java\jdk1.8.0_65\jre\lib\ext\sunjce_provider.jar;C:\Program Files\Java\jdk1.8.0_65\jre\lib\ext\sunmscapi.jar;C:\Program Files\Java\jdk1.8.0_65\jre\lib\ext\sunpkcs11.jar;C:\Program Files\Java\jdk1.8.0_65\jre\lib\ext\zipfs.jar;C:\Program Files\Java\jdk1.8.0_65\jre\lib\javaws.jar;C:\Program Files\Java\jdk1.8.0_65\jre\lib\jce.jar;C:\Program Files\Java\jdk1.8.0_65\jre\lib\jfr.jar;C:\Program Files\Java\jdk1.8.0_65\jre\lib\jfxswt.jar;C:\Program Files\Java\jdk1.8.0_65\jre\lib\jsse.jar;C:\Program Files\Java\jdk1.8.0_65\jre\lib\management-agent.jar;C:\Program Files\Java\jdk1.8.0_65\jre\lib\plugin.jar;C:\Program Files\Java\jdk1.8.0_65\jre\lib\resources.jar;C:\Program Files\Java\jdk1.8.0_65\jre\lib\rt.jar;D:\Code\Java\Projects\WireEngine20\out\production\WireEngine20;D:\Code\Java\Projects\WireEngine20\lib\jar\lwjgl.jar;D:\Code\Java\Projects\WireEngine20\lib\jar\slick-util.jar;D:\Program Files (x86)\JetBrains\IntelliJ IDEA 2016.1\lib\idea_rt.jar
Launcher Type: SUN_STANDARD

Environment Variables:
JAVA_HOME=C:\Program Files\Java\jdk1.8.0_65
PATH=C:\ProgramData\Oracle\Java\javapath;C:\Program Files (x86)\Razer Chroma SDK\bin;C:\Program Files\Razer Chroma SDK\bin;C:\Program Files (x86)\NVIDIA Corporation\PhysX\Common;C:\Program Files (x86)\Intel\iCLS Client\;C:\Program Files\Intel\iCLS Client\;C:\Windows\system32;C:\Windows;C:\Windows\System32\Wbem;C:\Windows\System32\WindowsPowerShell\v1.0\;C:\Program Files\Intel\Intel(R) Management Engine Components\DAL;C:\Program Files (x86)\Intel\Intel(R) Management Engine Components\DAL;C:\Program Files\Intel\Intel(R) Management Engine Components\IPT;C:\Program Files (x86)\Intel\Intel(R) Management Engine Components\IPT;C:\Program Files\Java\jre1.8.0_65\bin;C:\MinGW\bin;C:\WINDOWS\system32;C:\WINDOWS;C:\WINDOWS\System32\Wbem;C:\WINDOWS\System32\WindowsPowerShell\v1.0\;D:\Program Files (x86)\CMake\bin;D:\Program Files\Programs\Python\Python35-32;D:\Program Files\Programs\Python\Python35-32\Scripts;C:\Program Files (x86)\Skype\Phone\;D:\Program Files\Programs\Python\Python35-32\Scripts\;D:\Program Files\Programs\Python\Python35-32\
USERNAME=Kelan
OS=Windows_NT
PROCESSOR_IDENTIFIER=Intel64 Family 6 Model 60 Stepping 3, GenuineIntel



---------------  S Y S T E M  ---------------

OS: Windows 10.0 , 64 bit Build 10586 (10.0.10586.0)

CPU:total 8 (4 cores per cpu, 2 threads per core) family 6 model 60 stepping 3, cmov, cx8, fxsr, mmx, sse, sse2, sse3, ssse3, sse4.1, sse4.2, popcnt, avx, avx2, aes, clmul, erms, lzcnt, ht, tsc, tscinvbit, bmi1, bmi2

Memory: 4k page, physical 16609500k(8024376k free), swap 33386716k(21970116k free)

vm_info: Java HotSpot(TM) 64-Bit Server VM (25.65-b01) for windows-amd64 JRE (1.8.0_65-b17), built on Oct  6 2015 16:39:20 by "java_re" with MS VC++ 10.0 (VS2010)

time: Fri Apr 15 23:00:41 2016
elapsed time: 10 seconds (0d 0h 0m 10s)

