#
# A fatal error has been detected by the Java Runtime Environment:
#
#  EXCEPTION_ACCESS_VIOLATION (0xc0000005) at pc=0x00007ffdd40d24b9, pid=1128, tid=6376
#
# JRE version: Java(TM) SE Runtime Environment (8.0_65-b17) (build 1.8.0_65-b17)
# Java VM: Java HotSpot(TM) 64-Bit Server VM (25.65-b01 mixed mode windows-amd64 compressed oops)
# Problematic frame:
# C  [glfw.dll+0x24b9]
#
# Failed to write core dump. Minidumps are not enabled by default on client versions of Windows
#
# If you would like to submit a bug report, please visit:
#   http://bugreport.java.com/bugreport/crash.jsp
# The crash happened outside the Java Virtual Machine in native code.
# See problematic frame for where to report the bug.
#

---------------  T H R E A D  ---------------

Current thread (0x000000001e289800):  JavaThread "CLIENT" [_thread_in_native, id=6376, stack(0x000000001efb0000,0x000000001f0b0000)]

siginfo: ExceptionCode=0xc0000005, reading address 0x0000000000000000

Registers:
RAX=0x0000000000000000, RBX=0x000000001ba7ec50, RCX=0x0000000000000000, RDX=0x0000000000000000
RSP=0x000000001f0af120, RBP=0x000000001f0af1b0, RSI=0x0000000000000108, RDI=0x00000000005fc130
R8 =0x000000001f0af118, R9 =0x000000001f0af1b0, R10=0x0000000000000000, R11=0x0000000000000246
R12=0x0000000000000000, R13=0x000000001f0af1c8, R14=0x000000001f0af1a0, R15=0x000000001e289800
RIP=0x00007ffdd40d24b9, EFLAGS=0x0000000000010283

Top of Stack: (sp=0x000000001f0af120)
0x000000001f0af120:   0000000000000000 0000000000000108
0x000000001f0af130:   000000001ba253e8 000000001c001b20
0x000000001f0af140:   00000000000005af 0000000002992d4a
0x000000001f0af150:   000000001ba7ec50 000000007052aea4
0x000000001f0af160:   000000001e289800 000000001e289800
0x000000001f0af170:   000000001e289800 0000000000000000
0x000000001f0af180:   000000001e26b980 00000000704b5eba
0x000000001f0af190:   000000001f0af748 000000001f0af228
0x000000001f0af1a0:   00000006c2815eb8 00000000000005ae
0x000000001f0af1b0:   000000001f0af228 0000000002667d8d
0x000000001f0af1c0:   0000000002667d8d 00000000005fc130
0x000000001f0af1d0:   00000000026678a0 00007ffdd40d2420
0x000000001f0af1e0:   0000000000000001 000000001f0af1e8
0x000000001f0af1f0:   000000001ba98a8c 000000001f0af250
0x000000001f0af200:   000000001ba9aa50 0000000000000000
0x000000001f0af210:   000000001ba98ab8 000000001f0af1c8 

Instructions: (pc=0x00007ffdd40d24b9)
0x00007ffdd40d2499:   48 8b cf e8 1f 3a 00 00 48 39 3d f0 d5 02 00 48
0x00007ffdd40d24a9:   8d 0d e9 d5 02 00 48 8b 5c 24 30 74 08 48 8b 09
0x00007ffdd40d24b9:   48 39 39 75 f8 48 8b 07 48 89 01 48 8b cf 48 83
0x00007ffdd40d24c9:   c4 20 5f e9 5b fe 00 00 48 83 c4 20 5f c3 cc cc 


Register to memory mapping:

RAX=0x0000000000000000 is an unknown value
RBX={method} {0x000000001ba7ec58} 'invokePV' '(JJ)V' in 'org/lwjgl/system/JNI'
RCX=0x0000000000000000 is an unknown value
RDX=0x0000000000000000 is an unknown value
RSP=0x000000001f0af120 is pointing into the stack for thread: 0x000000001e289800
RBP=0x000000001f0af1b0 is pointing into the stack for thread: 0x000000001e289800
RSI=0x0000000000000108 is an unknown value
RDI=0x00000000005fc130 is an unknown value
R8 =0x000000001f0af118 is pointing into the stack for thread: 0x000000001e289800
R9 =0x000000001f0af1b0 is pointing into the stack for thread: 0x000000001e289800
R10=0x0000000000000000 is an unknown value
R11=0x0000000000000246 is an unknown value
R12=0x0000000000000000 is an unknown value
R13=0x000000001f0af1c8 is pointing into the stack for thread: 0x000000001e289800
R14=0x000000001f0af1a0 is pointing into the stack for thread: 0x000000001e289800
R15=0x000000001e289800 is a thread


Stack: [0x000000001efb0000,0x000000001f0b0000],  sp=0x000000001f0af120,  free space=1020k
Native frames: (J=compiled Java code, j=interpreted, Vv=VM code, C=native code)
C  [glfw.dll+0x24b9]
C  0x0000000002992d4a

Java frames: (J=compiled Java code, j=interpreted, Vv=VM code)
J 670  org.lwjgl.system.JNI.invokePV(JJ)V (0 bytes) @ 0x0000000002992cc4 [0x0000000002992c80+0x44]
j  org.lwjgl.glfw.GLFW.glfwDestroyCursor(J)V+20
j  main.client.Window.destroyWindow()V+9
j  main.coreEngine.Engine.stop()V+70
j  main.client.Window.update()V+43
j  main.client.renderEngine.RenderEngine.render()V+38
J 672 C1 main.client.ClientThread.tick()V (64 bytes) @ 0x0000000002993a34 [0x0000000002993500+0x534]
j  main.coreEngine.TickableThread.run()V+465
v  ~StubRoutines::call_stub

---------------  P R O C E S S  ---------------

Java Threads: ( => current thread )
  0x000000001e29f800 JavaThread "SERVER" [_thread_in_Java, id=14120, stack(0x000000001f0b0000,0x000000001f1b0000)]
=>0x000000001e289800 JavaThread "CLIENT" [_thread_in_native, id=6376, stack(0x000000001efb0000,0x000000001f0b0000)]
  0x000000001e198800 JavaThread "Service Thread" daemon [_thread_blocked, id=3372, stack(0x000000001edb0000,0x000000001eeb0000)]
  0x000000001e113000 JavaThread "C1 CompilerThread3" daemon [_thread_blocked, id=1016, stack(0x000000001ecb0000,0x000000001edb0000)]
  0x000000001e106000 JavaThread "C2 CompilerThread2" daemon [_thread_blocked, id=7956, stack(0x000000001ebb0000,0x000000001ecb0000)]
  0x000000001e105800 JavaThread "C2 CompilerThread1" daemon [_thread_blocked, id=13304, stack(0x000000001eab0000,0x000000001ebb0000)]
  0x000000001e10a800 JavaThread "C2 CompilerThread0" daemon [_thread_blocked, id=6804, stack(0x000000001e9b0000,0x000000001eab0000)]
  0x000000001e0f0000 JavaThread "JDWP Command Reader" daemon [_thread_in_native, id=6664, stack(0x000000001e8b0000,0x000000001e9b0000)]
  0x000000001e0ef000 JavaThread "JDWP Event Helper Thread" daemon [_thread_blocked, id=10088, stack(0x000000001e7b0000,0x000000001e8b0000)]
  0x000000001e0ed000 JavaThread "JDWP Transport Listener: dt_socket" daemon [_thread_blocked, id=12148, stack(0x000000001e6b0000,0x000000001e7b0000)]
  0x000000001e0d7800 JavaThread "Attach Listener" daemon [_thread_blocked, id=8092, stack(0x000000001e5b0000,0x000000001e6b0000)]
  0x000000001e0d6800 JavaThread "Signal Dispatcher" daemon [_thread_blocked, id=2468, stack(0x000000001e4b0000,0x000000001e5b0000)]
  0x000000000265b800 JavaThread "Finalizer" daemon [_thread_blocked, id=8516, stack(0x000000001ded0000,0x000000001dfd0000)]
  0x000000001bffd800 JavaThread "Reference Handler" daemon [_thread_blocked, id=8804, stack(0x000000001ddd0000,0x000000001ded0000)]
  0x000000000255e000 JavaThread "main" [_thread_in_Java, id=1404, stack(0x0000000002390000,0x0000000002490000)]

Other Threads:
  0x000000001bff9000 VMThread [stack: 0x000000001dcd0000,0x000000001ddd0000] [id=11848]
  0x000000001e1c2800 WatcherThread [stack: 0x000000001eeb0000,0x000000001efb0000] [id=13344]

VM state:not at safepoint (normal execution)

VM Mutex/Monitor currently owned by a thread: None

Heap:
 PSYoungGen      total 117760K, used 97522K [0x000000076b800000, 0x0000000783800000, 0x00000007c0000000)
  eden space 117248K, 83% used [0x000000076b800000,0x000000077171ca60,0x0000000772a80000)
  from space 512K, 25% used [0x0000000783780000,0x00000007837a0000,0x0000000783800000)
  to   space 512K, 0% used [0x0000000783700000,0x0000000783700000,0x0000000783780000)
 ParOldGen       total 173568K, used 5183K [0x00000006c2800000, 0x00000006cd180000, 0x000000076b800000)
  object space 173568K, 2% used [0x00000006c2800000,0x00000006c2d0fd30,0x00000006cd180000)
 Metaspace       used 8241K, capacity 8646K, committed 8960K, reserved 1056768K
  class space    used 655K, capacity 690K, committed 768K, reserved 1048576K

Card table byte_map: [0x0000000011a20000,0x0000000012210000] byte_map_base: 0x000000000e40c000

Marking Bits: (ParMarkBitMap*) 0x0000000070c0a5b0
 Begin Bits: [0x0000000012f60000, 0x0000000016ec0000)
 End Bits:   [0x0000000016ec0000, 0x000000001ae20000)

Polling page: 0x00000000009a0000

CodeCache: size=245760Kb used=3292Kb max_used=3304Kb free=242467Kb
 bounds [0x0000000002660000, 0x00000000029a0000, 0x0000000011660000]
 total_blobs=1325 nmethods=672 adapters=574
 compilation: enabled

Compilation events (10 events):
Event: 5.067 Thread 0x000000001e113000  674       3       main.server.ServerThread::tick (9 bytes)
Event: 5.068 Thread 0x000000001e113000 nmethod 674 0x0000000002996550 code [0x0000000002996780, 0x0000000002997288]
Event: 5.068 Thread 0x000000001e113000  675       3       main.game.TestGame::onTick (30 bytes)
Event: 5.068 Thread 0x000000001e113000 nmethod 675 0x0000000002997910 code [0x0000000002997ac0, 0x0000000002997f78]
Event: 5.068 Thread 0x000000001e113000  676       3       org.lwjgl.glfw.GLFW::glfwPollEvents (15 bytes)
Event: 5.069 Thread 0x000000001e113000 nmethod 676 0x0000000002998250 code [0x00000000029983c0, 0x0000000002998608]
Event: 5.185 Thread 0x000000001e106000  677 %     4       main.client.Window::resetKeys @ 2 (29 bytes)
Event: 5.188 Thread 0x000000001e106000 nmethod 677% 0x000000000299b650 code [0x000000000299b7c0, 0x000000000299bb18]
Event: 5.718 Thread 0x000000001e10a800  678       4       main.client.Window::resetKeys (29 bytes)
Event: 5.721 Thread 0x000000001e10a800 nmethod 678 0x000000000299bd50 code [0x000000000299bec0, 0x000000000299c198]

GC Heap History (10 events):
Event: 6.439 GC heap before
{Heap before GC invocations=76 (full 0):
 PSYoungGen      total 138240K, used 137920K [0x000000076b800000, 0x0000000783800000, 0x00000007c0000000)
  eden space 137728K, 100% used [0x000000076b800000,0x0000000773e80000,0x0000000773e80000)
  from space 512K, 37% used [0x0000000783700000,0x0000000783730000,0x0000000783780000)
  to   space 512K, 0% used [0x0000000783780000,0x0000000783780000,0x0000000783800000)
 ParOldGen       total 173568K, used 5183K [0x00000006c2800000, 0x00000006cd180000, 0x000000076b800000)
  object space 173568K, 2% used [0x00000006c2800000,0x00000006c2d0fd30,0x00000006cd180000)
 Metaspace       used 8241K, capacity 8646K, committed 8960K, reserved 1056768K
  class space    used 655K, capacity 690K, committed 768K, reserved 1048576K
Event: 6.440 GC heap after
Heap after GC invocations=76 (full 0):
 PSYoungGen      total 133632K, used 192K [0x000000076b800000, 0x0000000783800000, 0x00000007c0000000)
  eden space 133120K, 0% used [0x000000076b800000,0x000000076b800000,0x0000000773a00000)
  from space 512K, 37% used [0x0000000783780000,0x00000007837b0000,0x0000000783800000)
  to   space 512K, 0% used [0x0000000783700000,0x0000000783700000,0x0000000783780000)
 ParOldGen       total 173568K, used 5183K [0x00000006c2800000, 0x00000006cd180000, 0x000000076b800000)
  object space 173568K, 2% used [0x00000006c2800000,0x00000006c2d0fd30,0x00000006cd180000)
 Metaspace       used 8241K, capacity 8646K, committed 8960K, reserved 1056768K
  class space    used 655K, capacity 690K, committed 768K, reserved 1048576K
}
Event: 6.499 GC heap before
{Heap before GC invocations=77 (full 0):
 PSYoungGen      total 133632K, used 133312K [0x000000076b800000, 0x0000000783800000, 0x00000007c0000000)
  eden space 133120K, 100% used [0x000000076b800000,0x0000000773a00000,0x0000000773a00000)
  from space 512K, 37% used [0x0000000783780000,0x00000007837b0000,0x0000000783800000)
  to   space 512K, 0% used [0x0000000783700000,0x0000000783700000,0x0000000783780000)
 ParOldGen       total 173568K, used 5183K [0x00000006c2800000, 0x00000006cd180000, 0x000000076b800000)
  object space 173568K, 2% used [0x00000006c2800000,0x00000006c2d0fd30,0x00000006cd180000)
 Metaspace       used 8241K, capacity 8646K, committed 8960K, reserved 1056768K
  class space    used 655K, capacity 690K, committed 768K, reserved 1048576K
Event: 6.499 GC heap after
Heap after GC invocations=77 (full 0):
 PSYoungGen      total 129536K, used 192K [0x000000076b800000, 0x0000000783800000, 0x00000007c0000000)
  eden space 129024K, 0% used [0x000000076b800000,0x000000076b800000,0x0000000773600000)
  from space 512K, 37% used [0x0000000783700000,0x0000000783730000,0x0000000783780000)
  to   space 512K, 0% used [0x0000000783780000,0x0000000783780000,0x0000000783800000)
 ParOldGen       total 173568K, used 5183K [0x00000006c2800000, 0x00000006cd180000, 0x000000076b800000)
  object space 173568K, 2% used [0x00000006c2800000,0x00000006c2d0fd30,0x00000006cd180000)
 Metaspace       used 8241K, capacity 8646K, committed 8960K, reserved 1056768K
  class space    used 655K, capacity 690K, committed 768K, reserved 1048576K
}
Event: 6.554 GC heap before
{Heap before GC invocations=78 (full 0):
 PSYoungGen      total 129536K, used 129216K [0x000000076b800000, 0x0000000783800000, 0x00000007c0000000)
  eden space 129024K, 100% used [0x000000076b800000,0x0000000773600000,0x0000000773600000)
  from space 512K, 37% used [0x0000000783700000,0x0000000783730000,0x0000000783780000)
  to   space 512K, 0% used [0x0000000783780000,0x0000000783780000,0x0000000783800000)
 ParOldGen       total 173568K, used 5183K [0x00000006c2800000, 0x00000006cd180000, 0x000000076b800000)
  object space 173568K, 2% used [0x00000006c2800000,0x00000006c2d0fd30,0x00000006cd180000)
 Metaspace       used 8241K, capacity 8646K, committed 8960K, reserved 1056768K
  class space    used 655K, capacity 690K, committed 768K, reserved 1048576K
Event: 6.554 GC heap after
Heap after GC invocations=78 (full 0):
 PSYoungGen      total 125440K, used 192K [0x000000076b800000, 0x0000000783800000, 0x00000007c0000000)
  eden space 124928K, 0% used [0x000000076b800000,0x000000076b800000,0x0000000773200000)
  from space 512K, 37% used [0x0000000783780000,0x00000007837b0000,0x0000000783800000)
  to   space 512K, 0% used [0x0000000783700000,0x0000000783700000,0x0000000783780000)
 ParOldGen       total 173568K, used 5183K [0x00000006c2800000, 0x00000006cd180000, 0x000000076b800000)
  object space 173568K, 2% used [0x00000006c2800000,0x00000006c2d0fd30,0x00000006cd180000)
 Metaspace       used 8241K, capacity 8646K, committed 8960K, reserved 1056768K
  class space    used 655K, capacity 690K, committed 768K, reserved 1048576K
}
Event: 6.609 GC heap before
{Heap before GC invocations=79 (full 0):
 PSYoungGen      total 125440K, used 125120K [0x000000076b800000, 0x0000000783800000, 0x00000007c0000000)
  eden space 124928K, 100% used [0x000000076b800000,0x0000000773200000,0x0000000773200000)
  from space 512K, 37% used [0x0000000783780000,0x00000007837b0000,0x0000000783800000)
  to   space 512K, 0% used [0x0000000783700000,0x0000000783700000,0x0000000783780000)
 ParOldGen       total 173568K, used 5183K [0x00000006c2800000, 0x00000006cd180000, 0x000000076b800000)
  object space 173568K, 2% used [0x00000006c2800000,0x00000006c2d0fd30,0x00000006cd180000)
 Metaspace       used 8241K, capacity 8646K, committed 8960K, reserved 1056768K
  class space    used 655K, capacity 690K, committed 768K, reserved 1048576K
Event: 6.609 GC heap after
Heap after GC invocations=79 (full 0):
 PSYoungGen      total 121344K, used 160K [0x000000076b800000, 0x0000000783800000, 0x00000007c0000000)
  eden space 120832K, 0% used [0x000000076b800000,0x000000076b800000,0x0000000772e00000)
  from space 512K, 31% used [0x0000000783700000,0x0000000783728000,0x0000000783780000)
  to   space 512K, 0% used [0x0000000783780000,0x0000000783780000,0x0000000783800000)
 ParOldGen       total 173568K, used 5183K [0x00000006c2800000, 0x00000006cd180000, 0x000000076b800000)
  object space 173568K, 2% used [0x00000006c2800000,0x00000006c2d0fd30,0x00000006cd180000)
 Metaspace       used 8241K, capacity 8646K, committed 8960K, reserved 1056768K
  class space    used 655K, capacity 690K, committed 768K, reserved 1048576K
}
Event: 6.662 GC heap before
{Heap before GC invocations=80 (full 0):
 PSYoungGen      total 121344K, used 120992K [0x000000076b800000, 0x0000000783800000, 0x00000007c0000000)
  eden space 120832K, 100% used [0x000000076b800000,0x0000000772e00000,0x0000000772e00000)
  from space 512K, 31% used [0x0000000783700000,0x0000000783728000,0x0000000783780000)
  to   space 512K, 0% used [0x0000000783780000,0x0000000783780000,0x0000000783800000)
 ParOldGen       total 173568K, used 5183K [0x00000006c2800000, 0x00000006cd180000, 0x000000076b800000)
  object space 173568K, 2% used [0x00000006c2800000,0x00000006c2d0fd30,0x00000006cd180000)
 Metaspace       used 8241K, capacity 8646K, committed 8960K, reserved 1056768K
  class space    used 655K, capacity 690K, committed 768K, reserved 1048576K
Event: 6.662 GC heap after
Heap after GC invocations=80 (full 0):
 PSYoungGen      total 117760K, used 128K [0x000000076b800000, 0x0000000783800000, 0x00000007c0000000)
  eden space 117248K, 0% used [0x000000076b800000,0x000000076b800000,0x0000000772a80000)
  from space 512K, 25% used [0x0000000783780000,0x00000007837a0000,0x0000000783800000)
  to   space 512K, 0% used [0x0000000783700000,0x0000000783700000,0x0000000783780000)
 ParOldGen       total 173568K, used 5183K [0x00000006c2800000, 0x00000006cd180000, 0x000000076b800000)
  object space 173568K, 2% used [0x00000006c2800000,0x00000006c2d0fd30,0x00000006cd180000)
 Metaspace       used 8241K, capacity 8646K, committed 8960K, reserved 1056768K
  class space    used 655K, capacity 690K, committed 768K, reserved 1048576K
}

Deoptimization events (10 events):
Event: 0.420 Thread 0x000000001e289800 Uncommon trap: reason=bimorphic action=maybe_recompile pc=0x00000000027abd38 method=java.util.HashMap.getNode(ILjava/lang/Object;)Ljava/util/HashMap$Node; @ 126
Event: 0.420 Thread 0x000000001e289800 Uncommon trap: reason=bimorphic action=maybe_recompile pc=0x00000000027abd38 method=java.util.HashMap.getNode(ILjava/lang/Object;)Ljava/util/HashMap$Node; @ 126
Event: 0.427 Thread 0x000000001e289800 Uncommon trap: reason=unstable_if action=reinterpret pc=0x00000000027a0b18 method=java.util.HashMap.keySet()Ljava/util/Set; @ 6
Event: 0.666 Thread 0x000000001e289800 Uncommon trap: reason=unstable_if action=reinterpret pc=0x00000000027a5304 method=java.util.HashMap.clear()V @ 16
Event: 0.666 Thread 0x000000001e289800 Uncommon trap: reason=unstable_if action=reinterpret pc=0x00000000027a0d58 method=java.util.HashMap.clear()V @ 16
Event: 0.666 Thread 0x000000000255e000 Uncommon trap: reason=unstable_if action=reinterpret pc=0x00000000027ccebc method=main.coreEngine.TickableThread.invoke(Ljava/lang/String;[Ljava/lang/Object;)V @ 53
Event: 0.666 Thread 0x000000001e29f800 Uncommon trap: reason=unstable_if action=reinterpret pc=0x00000000027cb7f4 method=main.coreEngine.TickableThread.run()V @ 58
Event: 0.809 Thread 0x000000001e289800 Uncommon trap: reason=unstable_if action=reinterpret pc=0x000000000292db64 method=main.coreEngine.TickableThread.run()V @ 461
Event: 0.818 Thread 0x000000001e29f800 Uncommon trap: reason=unstable_if action=reinterpret pc=0x000000000292db64 method=main.coreEngine.TickableThread.run()V @ 461
Event: 0.834 Thread 0x000000000255e000 Uncommon trap: reason=unstable_if action=reinterpret pc=0x000000000293d384 method=main.coreEngine.Engine.start()V @ 163

Internal exceptions (8 events):
Event: 0.028 Thread 0x000000000255e000 Exception <a 'java/lang/NoSuchMethodError': Method sun.misc.Unsafe.defineClass(Ljava/lang/String;[BII)Ljava/lang/Class; name or signature does not match> (0x000000076b80d6c0) thrown at [C:\workspace\8-2-build-windows-amd64-cygwin\jdk8u65\4987\hotspot\src\s1<ŽNgœ?
Event: 0.028 Thread 0x000000000255e000 Exception <a 'java/lang/NoSuchMethodError': Method sun.misc.Unsafe.prefetchRead(Ljava/lang/Object;J)V name or signature does not match> (0x000000076b80d9a8) thrown at [C:\workspace\8-2-build-windows-amd64-cygwin\jdk8u65\4987\hotspot\src\share\vm\prims\jni.­¢É¦:Ä?
Event: 0.158 Thread 0x000000001e289800 Exception <a 'java/lang/ArrayIndexOutOfBoundsException': -1> (0x000000076cae69d8) thrown at [C:\workspace\8-2-build-windows-amd64-cygwin\jdk8u65\4987\hotspot\src\share\vm\interpreter\interpreterRuntime.cpp, line 366]
Event: 0.420 Thread 0x000000001e289800 Exception <a 'java/security/PrivilegedActionException'> (0x000000076b97f798) thrown at [C:\workspace\8-2-build-windows-amd64-cygwin\jdk8u65\4987\hotspot\src\share\vm\prims\jvm.cpp, line 1386]
Event: 0.420 Thread 0x000000001e289800 Exception <a 'java/security/PrivilegedActionException'> (0x000000076b97fb90) thrown at [C:\workspace\8-2-build-windows-amd64-cygwin\jdk8u65\4987\hotspot\src\share\vm\prims\jvm.cpp, line 1386]
Event: 0.421 Thread 0x000000001e289800 Exception <a 'java/security/PrivilegedActionException'> (0x000000076b983da8) thrown at [C:\workspace\8-2-build-windows-amd64-cygwin\jdk8u65\4987\hotspot\src\share\vm\prims\jvm.cpp, line 1386]
Event: 0.421 Thread 0x000000001e289800 Exception <a 'java/security/PrivilegedActionException'> (0x000000076b9841a0) thrown at [C:\workspace\8-2-build-windows-amd64-cygwin\jdk8u65\4987\hotspot\src\share\vm\prims\jvm.cpp, line 1386]
Event: 0.666 Thread 0x000000000255e000 Implicit null exception at 0x00000000027cc904 to 0x00000000027cce95

Events (10 events):
Event: 6.439 Executing VM operation: ParallelGCFailedAllocation
Event: 6.440 Executing VM operation: ParallelGCFailedAllocation done
Event: 6.498 Executing VM operation: ParallelGCFailedAllocation
Event: 6.499 Executing VM operation: ParallelGCFailedAllocation done
Event: 6.553 Executing VM operation: ParallelGCFailedAllocation
Event: 6.554 Executing VM operation: ParallelGCFailedAllocation done
Event: 6.609 Executing VM operation: ParallelGCFailedAllocation
Event: 6.609 Executing VM operation: ParallelGCFailedAllocation done
Event: 6.662 Executing VM operation: ParallelGCFailedAllocation
Event: 6.662 Executing VM operation: ParallelGCFailedAllocation done


Dynamic libraries:
0x00007ff75ee90000 - 0x00007ff75eec7000 	C:\Program Files\Java\jdk1.8.0_65\bin\java.exe
0x00007ffde4980000 - 0x00007ffde4b41000 	C:\WINDOWS\SYSTEM32\ntdll.dll
0x00007ffde42a0000 - 0x00007ffde434d000 	C:\WINDOWS\system32\KERNEL32.DLL
0x00007ffde19f0000 - 0x00007ffde1bd8000 	C:\WINDOWS\system32\KERNELBASE.dll
0x00007ffde1e70000 - 0x00007ffde1f17000 	C:\WINDOWS\system32\ADVAPI32.dll
0x00007ffde3800000 - 0x00007ffde389d000 	C:\WINDOWS\system32\msvcrt.dll
0x00007ffde1e10000 - 0x00007ffde1e6b000 	C:\WINDOWS\system32\sechost.dll
0x00007ffde3bd0000 - 0x00007ffde3cec000 	C:\WINDOWS\system32\RPCRT4.dll
0x00007ffde3fe0000 - 0x00007ffde4136000 	C:\WINDOWS\system32\USER32.dll
0x00007ffde3cf0000 - 0x00007ffde3e76000 	C:\WINDOWS\system32\GDI32.dll
0x00007ffddd690000 - 0x00007ffddd904000 	C:\WINDOWS\WinSxS\amd64_microsoft.windows.common-controls_6595b64144ccf1df_6.0.10586.0_none_8c15ae12515e1c22\COMCTL32.dll
0x00007ffde3950000 - 0x00007ffde3bcd000 	C:\WINDOWS\system32\combase.dll
0x00007ffde1cf0000 - 0x00007ffde1d5a000 	C:\WINDOWS\system32\bcryptPrimitives.dll
0x00007ffde1dc0000 - 0x00007ffde1dfb000 	C:\WINDOWS\system32\IMM32.DLL
0x0000000070c90000 - 0x0000000070d62000 	C:\Program Files\Java\jdk1.8.0_65\jre\bin\msvcr100.dll
0x0000000070400000 - 0x0000000070c89000 	C:\Program Files\Java\jdk1.8.0_65\jre\bin\server\jvm.dll
0x00007ffde4290000 - 0x00007ffde4298000 	C:\WINDOWS\system32\PSAPI.DLL
0x00007ffddd9c0000 - 0x00007ffddd9ca000 	C:\WINDOWS\SYSTEM32\VERSION.dll
0x00007ffddf730000 - 0x00007ffddf753000 	C:\WINDOWS\SYSTEM32\WINMM.dll
0x00007ffdd8550000 - 0x00007ffdd8559000 	C:\WINDOWS\SYSTEM32\WSOCK32.dll
0x00007ffde4470000 - 0x00007ffde44db000 	C:\WINDOWS\system32\WS2_32.dll
0x0000000000bd0000 - 0x0000000000bfc000 	C:\WINDOWS\SYSTEM32\WINMMBASE.dll
0x00007ffde1be0000 - 0x00007ffde1c23000 	C:\WINDOWS\system32\cfgmgr32.dll
0x00000000703f0000 - 0x00000000703ff000 	C:\Program Files\Java\jdk1.8.0_65\jre\bin\verify.dll
0x00000000703c0000 - 0x00000000703e9000 	C:\Program Files\Java\jdk1.8.0_65\jre\bin\java.dll
0x0000000070380000 - 0x00000000703b5000 	C:\Program Files\Java\jdk1.8.0_65\jre\bin\jdwp.dll
0x0000000070370000 - 0x0000000070378000 	C:\Program Files\Java\jdk1.8.0_65\jre\bin\npt.dll
0x0000000070350000 - 0x0000000070366000 	C:\Program Files\Java\jdk1.8.0_65\jre\bin\zip.dll
0x00007ffde1f80000 - 0x00007ffde34dc000 	C:\WINDOWS\system32\SHELL32.dll
0x00007ffde11d0000 - 0x00007ffde1815000 	C:\WINDOWS\system32\windows.storage.dll
0x00007ffde36b0000 - 0x00007ffde3702000 	C:\WINDOWS\system32\shlwapi.dll
0x00007ffde0fb0000 - 0x00007ffde0fbf000 	C:\WINDOWS\system32\kernel.appcore.dll
0x00007ffde1c30000 - 0x00007ffde1ce5000 	C:\WINDOWS\system32\shcore.dll
0x00007ffde0fc0000 - 0x00007ffde100b000 	C:\WINDOWS\system32\powrprof.dll
0x00007ffde0f80000 - 0x00007ffde0f94000 	C:\WINDOWS\system32\profapi.dll
0x0000000070340000 - 0x0000000070349000 	C:\Program Files\Java\jdk1.8.0_65\jre\bin\dt_socket.dll
0x00007ffde08b0000 - 0x00007ffde090c000 	C:\WINDOWS\system32\mswsock.dll
0x00007ffdcf260000 - 0x00007ffdcf2e8000 	D:\Code\Java\Projects\WireEngine20\lib\native\lwjgl.dll
0x00007ffde0a80000 - 0x00007ffde0a8b000 	C:\WINDOWS\SYSTEM32\CRYPTBASE.DLL
0x00007ffdbfbb0000 - 0x00007ffdbfbf2000 	D:\Code\Java\Projects\WireEngine20\lib\native\jemalloc.dll
0x00007ffdd40d0000 - 0x00007ffdd4108000 	D:\Code\Java\Projects\WireEngine20\lib\native\glfw.dll
0x00007ffddf850000 - 0x00007ffddf8e6000 	C:\WINDOWS\system32\uxtheme.dll
0x00007ffdde650000 - 0x00007ffdde672000 	C:\WINDOWS\SYSTEM32\dwmapi.dll
0x00007ffdc8b70000 - 0x00007ffdc8c99000 	C:\WINDOWS\SYSTEM32\opengl32.dll
0x00007ffdcd0c0000 - 0x00007ffdcd0ee000 	C:\WINDOWS\SYSTEM32\GLU32.dll
0x00007ffdc6920000 - 0x00007ffdc6a1a000 	C:\WINDOWS\SYSTEM32\DDRAW.dll
0x00007ffddaa30000 - 0x00007ffddaa38000 	C:\WINDOWS\SYSTEM32\DCIMAN32.dll
0x00007ffde3e80000 - 0x00007ffde3fda000 	C:\WINDOWS\system32\MSCTF.dll
0x00007ffdc9cc0000 - 0x00007ffdc9d09000 	C:\Program Files (x86)\TeamViewer\tv_x64.dll
0x00007ffde4140000 - 0x00007ffde4283000 	C:\WINDOWS\system32\ole32.dll
0x000000006e5f0000 - 0x0000000070339000 	C:\WINDOWS\SYSTEM32\nvoglv64.DLL
0x00007ffde4550000 - 0x00007ffde4979000 	C:\WINDOWS\system32\SETUPAPI.dll
0x00007ffddf2f0000 - 0x00007ffddf303000 	C:\WINDOWS\SYSTEM32\WTSAPI32.dll
0x00007ffddf9a0000 - 0x00007ffddf9c7000 	C:\WINDOWS\SYSTEM32\DEVOBJ.dll
0x00007ffde1170000 - 0x00007ffde11c5000 	C:\WINDOWS\system32\WINTRUST.dll
0x00007ffde0fa0000 - 0x00007ffde0fb0000 	C:\WINDOWS\system32\MSASN1.dll
0x00007ffde1820000 - 0x00007ffde19e7000 	C:\WINDOWS\system32\CRYPT32.dll
0x00007ffde04d0000 - 0x00007ffde0501000 	C:\WINDOWS\SYSTEM32\ntmarta.dll
0x00007ffde0220000 - 0x00007ffde0276000 	C:\WINDOWS\SYSTEM32\WINSTA.dll
0x00007ffde38a0000 - 0x00007ffde3947000 	C:\WINDOWS\system32\clbcatq.dll
0x00007ffdb9de0000 - 0x00007ffdb9f6c000 	C:\WINDOWS\SYSTEM32\dbghelp.dll

VM Arguments:
jvm_args: -agentlib:jdwp=transport=dt_socket,address=127.0.0.1:54181,suspend=y,server=n -Djava.library.path=lib/native/ -Dfile.encoding=UTF-8 
java_command: main.Main
java_class_path (initial): C:\Program Files\Java\jdk1.8.0_65\jre\lib\charsets.jar;C:\Program Files\Java\jdk1.8.0_65\jre\lib\deploy.jar;C:\Program Files\Java\jdk1.8.0_65\jre\lib\ext\access-bridge-64.jar;C:\Program Files\Java\jdk1.8.0_65\jre\lib\ext\cldrdata.jar;C:\Program Files\Java\jdk1.8.0_65\jre\lib\ext\dnsns.jar;C:\Program Files\Java\jdk1.8.0_65\jre\lib\ext\jaccess.jar;C:\Program Files\Java\jdk1.8.0_65\jre\lib\ext\jfxrt.jar;C:\Program Files\Java\jdk1.8.0_65\jre\lib\ext\localedata.jar;C:\Program Files\Java\jdk1.8.0_65\jre\lib\ext\nashorn.jar;C:\Program Files\Java\jdk1.8.0_65\jre\lib\ext\sunec.jar;C:\Program Files\Java\jdk1.8.0_65\jre\lib\ext\sunjce_provider.jar;C:\Program Files\Java\jdk1.8.0_65\jre\lib\ext\sunmscapi.jar;C:\Program Files\Java\jdk1.8.0_65\jre\lib\ext\sunpkcs11.jar;C:\Program Files\Java\jdk1.8.0_65\jre\lib\ext\zipfs.jar;C:\Program Files\Java\jdk1.8.0_65\jre\lib\javaws.jar;C:\Program Files\Java\jdk1.8.0_65\jre\lib\jce.jar;C:\Program Files\Java\jdk1.8.0_65\jre\lib\jfr.jar;C:\Program Files\Java\jdk1.8.0_65\jre\lib\jfxswt.jar;C:\Program Files\Java\jdk1.8.0_65\jre\lib\jsse.jar;C:\Program Files\Java\jdk1.8.0_65\jre\lib\management-agent.jar;C:\Program Files\Java\jdk1.8.0_65\jre\lib\plugin.jar;C:\Program Files\Java\jdk1.8.0_65\jre\lib\resources.jar;C:\Program Files\Java\jdk1.8.0_65\jre\lib\rt.jar;D:\Code\Java\Projects\WireEngine20\out\production\WireEngine20;D:\Code\Java\Projects\WireEngine20\lib\jar\lwjgl.jar;D:\Program Files (x86)\JetBrains\IntelliJ IDEA 2016.1\lib\idea_rt.jar
Launcher Type: SUN_STANDARD

Environment Variables:
JAVA_HOME=C:\Program Files\Java\jdk1.8.0_65
PATH=C:\ProgramData\Oracle\Java\javapath;C:\Program Files (x86)\Razer Chroma SDK\bin;C:\Program Files\Razer Chroma SDK\bin;C:\Program Files (x86)\NVIDIA Corporation\PhysX\Common;C:\Program Files (x86)\Intel\iCLS Client\;C:\Program Files\Intel\iCLS Client\;C:\Windows\system32;C:\Windows;C:\Windows\System32\Wbem;C:\Windows\System32\WindowsPowerShell\v1.0\;C:\Program Files\Intel\Intel(R) Management Engine Components\DAL;C:\Program Files (x86)\Intel\Intel(R) Management Engine Components\DAL;C:\Program Files\Intel\Intel(R) Management Engine Components\IPT;C:\Program Files (x86)\Intel\Intel(R) Management Engine Components\IPT;C:\Program Files\Java\jre1.8.0_65\bin;C:\MinGW\bin;C:\WINDOWS\system32;C:\WINDOWS;C:\WINDOWS\System32\Wbem;C:\WINDOWS\System32\WindowsPowerShell\v1.0\;D:\Program Files (x86)\CMake\bin;D:\Program Files\Programs\Python\Python35-32;D:\Program Files\Programs\Python\Python35-32\Scripts;C:\Program Files (x86)\Skype\Phone\;D:\Program Files\Programs\Python\Python35-32\Scripts\;D:\Program Files\Programs\Python\Python35-32\
USERNAME=Kelan
OS=Windows_NT
PROCESSOR_IDENTIFIER=Intel64 Family 6 Model 60 Stepping 3, GenuineIntel



---------------  S Y S T E M  ---------------

OS: Windows 10.0 , 64 bit Build 10586 (10.0.10586.0)

CPU:total 8 (4 cores per cpu, 2 threads per core) family 6 model 60 stepping 3, cmov, cx8, fxsr, mmx, sse, sse2, sse3, ssse3, sse4.1, sse4.2, popcnt, avx, avx2, aes, clmul, erms, lzcnt, ht, tsc, tscinvbit, bmi1, bmi2

Memory: 4k page, physical 16609500k(3851528k free), swap 33386716k(17395044k free)

vm_info: Java HotSpot(TM) 64-Bit Server VM (25.65-b01) for windows-amd64 JRE (1.8.0_65-b17), built on Oct  6 2015 16:39:20 by "java_re" with MS VC++ 10.0 (VS2010)

time: Sun Apr 10 21:58:45 2016
elapsed time: 6 seconds (0d 0h 0m 6s)

