#
# A fatal error has been detected by the Java Runtime Environment:
#
#  EXCEPTION_ACCESS_VIOLATION (0xc0000005) at pc=0x00007ffdd3e624b9, pid=9372, tid=5364
#
# JRE version: Java(TM) SE Runtime Environment (8.0_65-b17) (build 1.8.0_65-b17)
# Java VM: Java HotSpot(TM) 64-Bit Server VM (25.65-b01 mixed mode windows-amd64 compressed oops)
# Problematic frame:
# C  [glfw.dll+0x24b9]
#
# Failed to write core dump. Minidumps are not enabled by default on client versions of Windows
#
# If you would like to submit a bug report, please visit:
#   http://bugreport.java.com/bugreport/crash.jsp
# The crash happened outside the Java Virtual Machine in native code.
# See problematic frame for where to report the bug.
#

---------------  T H R E A D  ---------------

Current thread (0x000000001e24b800):  JavaThread "CLIENT" [_thread_in_native, id=5364, stack(0x000000001ef50000,0x000000001f050000)]

siginfo: ExceptionCode=0xc0000005, reading address 0x0000000000000000

Registers:
RAX=0x0000000000000000, RBX=0x000000001ba1f240, RCX=0x0000000000000000, RDX=0x0000000000000000
RSP=0x000000001f04f170, RBP=0x000000001f04f228, RSI=0x0000000000000108, RDI=0x00000000005f2e20
R8 =0x000000001f04f168, R9 =0x000000001f04f228, R10=0x0000000000000000, R11=0x0000000000000246
R12=0x0000000000000000, R13=0x000000001ba1f240, R14=0x000000001f04f260, R15=0x000000001e24b800
RIP=0x00007ffdd3e624b9, EFLAGS=0x0000000000010283

Top of Stack: (sp=0x000000001f04f170)
0x000000001f04f170:   000000001e24b800 000000001e24b800
0x000000001f04f180:   000000001e24b800 000000001e24b800
0x000000001f04f190:   000000000000047e 00000000025cdfcc
0x000000001f04f1a0:   000000001ba1f240 0000000070615005
0x000000001f04f1b0:   000000001b9c50c8 000000001bfa12e0
0x000000001f04f1c0:   000000000000000e 000000001e24b800
0x000000001f04f1d0:   000000001ba3b9c8 000000007052aea4
0x000000001f04f1e0:   000000001e24b800 000000001f04f1e8
0x000000001f04f1f0:   0000000000000000 000000001f04f260
0x000000001f04f200:   000000001ba1f9e0 0000000000000000
0x000000001f04f210:   000000001ba1f240 0000000000000000
0x000000001f04f220:   000000001f04f248 000000001f04f2a8
0x000000001f04f230:   00000000025b7d8d 00000006c280a290
0x000000001f04f240:   00000000025c42f8 00000000005f2e20
0x000000001f04f250:   00000000025b78a0 00007ffdd3e62420
0x000000001f04f260:   0000000000000001 000000001f04f268 

Instructions: (pc=0x00007ffdd3e624b9)
0x00007ffdd3e62499:   48 8b cf e8 1f 3a 00 00 48 39 3d f0 d5 02 00 48
0x00007ffdd3e624a9:   8d 0d e9 d5 02 00 48 8b 5c 24 30 74 08 48 8b 09
0x00007ffdd3e624b9:   48 39 39 75 f8 48 8b 07 48 89 01 48 8b cf 48 83
0x00007ffdd3e624c9:   c4 20 5f e9 5b fe 00 00 48 83 c4 20 5f c3 cc cc 


Register to memory mapping:

RAX=0x0000000000000000 is an unknown value
RBX={method} {0x000000001ba1f248} 'invokePV' '(JJ)V' in 'org/lwjgl/system/JNI'
RCX=0x0000000000000000 is an unknown value
RDX=0x0000000000000000 is an unknown value
RSP=0x000000001f04f170 is pointing into the stack for thread: 0x000000001e24b800
RBP=0x000000001f04f228 is pointing into the stack for thread: 0x000000001e24b800
RSI=0x0000000000000108 is an unknown value
RDI=0x00000000005f2e20 is an unknown value
R8 =0x000000001f04f168 is pointing into the stack for thread: 0x000000001e24b800
R9 =0x000000001f04f228 is pointing into the stack for thread: 0x000000001e24b800
R10=0x0000000000000000 is an unknown value
R11=0x0000000000000246 is an unknown value
R12=0x0000000000000000 is an unknown value
R13={method} {0x000000001ba1f248} 'invokePV' '(JJ)V' in 'org/lwjgl/system/JNI'
R14=0x000000001f04f260 is pointing into the stack for thread: 0x000000001e24b800
R15=0x000000001e24b800 is a thread


Stack: [0x000000001ef50000,0x000000001f050000],  sp=0x000000001f04f170,  free space=1020k
Native frames: (J=compiled Java code, j=interpreted, Vv=VM code, C=native code)
C  [glfw.dll+0x24b9]
C  0x00000000025cdfcc

Java frames: (J=compiled Java code, j=interpreted, Vv=VM code)
j  org.lwjgl.system.JNI.invokePV(JJ)V+0
j  org.lwjgl.glfw.GLFW.glfwDestroyCursor(J)V+20
j  main.client.Window.destroyWindow()V+9
j  main.coreEngine.Engine.stop()V+70
j  main.client.Window.update()V+33
j  main.client.renderEngine.RenderEngine.render()V+38
j  main.client.ClientThread.tick()V+12
j  main.coreEngine.TickableThread.run()V+469
v  ~StubRoutines::call_stub

---------------  P R O C E S S  ---------------

Java Threads: ( => current thread )
  0x000000001e24c800 JavaThread "SERVER" [_thread_in_Java, id=2244, stack(0x000000001f050000,0x000000001f150000)]
=>0x000000001e24b800 JavaThread "CLIENT" [_thread_in_native, id=5364, stack(0x000000001ef50000,0x000000001f050000)]
  0x000000001e14b800 JavaThread "Service Thread" daemon [_thread_blocked, id=10648, stack(0x000000001ed50000,0x000000001ee50000)]
  0x000000001e0b1000 JavaThread "C1 CompilerThread3" daemon [_thread_blocked, id=10156, stack(0x000000001ec50000,0x000000001ed50000)]
  0x000000001e0aa000 JavaThread "C2 CompilerThread2" daemon [_thread_blocked, id=10708, stack(0x000000001eb50000,0x000000001ec50000)]
  0x000000001e0a9000 JavaThread "C2 CompilerThread1" daemon [_thread_blocked, id=9008, stack(0x000000001ea50000,0x000000001eb50000)]
  0x000000001e0ae000 JavaThread "C2 CompilerThread0" daemon [_thread_blocked, id=10160, stack(0x000000001e950000,0x000000001ea50000)]
  0x000000001e094000 JavaThread "JDWP Command Reader" daemon [_thread_in_native, id=13148, stack(0x000000001e850000,0x000000001e950000)]
  0x000000001e093000 JavaThread "JDWP Event Helper Thread" daemon [_thread_blocked, id=1224, stack(0x000000001e750000,0x000000001e850000)]
  0x000000001e085800 JavaThread "JDWP Transport Listener: dt_socket" daemon [_thread_blocked, id=5440, stack(0x000000001e650000,0x000000001e750000)]
  0x000000001e077800 JavaThread "Attach Listener" daemon [_thread_blocked, id=9788, stack(0x000000001e550000,0x000000001e650000)]
  0x000000001e076800 JavaThread "Signal Dispatcher" daemon [_thread_blocked, id=13592, stack(0x000000001e450000,0x000000001e550000)]
  0x000000000255b800 JavaThread "Finalizer" daemon [_thread_blocked, id=11064, stack(0x000000001de70000,0x000000001df70000)]
  0x000000001bf9d800 JavaThread "Reference Handler" daemon [_thread_blocked, id=5368, stack(0x000000001dd70000,0x000000001de70000)]
  0x000000000056e000 JavaThread "main" [_thread_in_Java, id=11564, stack(0x0000000000c00000,0x0000000000d00000)]

Other Threads:
  0x000000001bf99000 VMThread [stack: 0x000000001dc70000,0x000000001dd70000] [id=5664]
  0x000000001e165800 WatcherThread [stack: 0x000000001ee50000,0x000000001ef50000] [id=11672]

VM state:not at safepoint (normal execution)

VM Mutex/Monitor currently owned by a thread: None

Heap:
 PSYoungGen      total 199680K, used 41366K [0x000000076b800000, 0x000000077b200000, 0x00000007c0000000)
  eden space 197632K, 20% used [0x000000076b800000,0x000000076e03d848,0x0000000777900000)
  from space 2048K, 7% used [0x000000077ae00000,0x000000077ae28000,0x000000077b000000)
  to   space 2048K, 0% used [0x000000077b000000,0x000000077b000000,0x000000077b200000)
 ParOldGen       total 173568K, used 1276K [0x00000006c2800000, 0x00000006cd180000, 0x000000076b800000)
  object space 173568K, 0% used [0x00000006c2800000,0x00000006c293f060,0x00000006cd180000)
 Metaspace       used 8126K, capacity 8646K, committed 8960K, reserved 1056768K
  class space    used 651K, capacity 690K, committed 768K, reserved 1048576K

Card table byte_map: [0x0000000011970000,0x0000000012160000] byte_map_base: 0x000000000e35c000

Marking Bits: (ParMarkBitMap*) 0x0000000070c0a5b0
 Begin Bits: [0x0000000012eb0000, 0x0000000016e10000)
 End Bits:   [0x0000000016e10000, 0x000000001ad70000)

Polling page: 0x0000000000550000

CodeCache: size=245760Kb used=2637Kb max_used=2637Kb free=243122Kb
 bounds [0x00000000025b0000, 0x0000000002850000, 0x00000000115b0000]
 total_blobs=1200 nmethods=551 adapters=570
 compilation: enabled

Compilation events (10 events):
Event: 1.902 Thread 0x000000001e0b1000  548       3       java.nio.DirectDoubleBufferU::<init> (30 bytes)
Event: 1.902 Thread 0x000000001e0b1000 nmethod 548 0x00000000028428d0 code [0x0000000002842a60, 0x0000000002842e38]
Event: 2.050 Thread 0x000000001e0b1000  549       3       java.nio.DirectByteBuffer$Deallocator::run (37 bytes)
Event: 2.051 Thread 0x000000001e0b1000 nmethod 549 0x0000000002843050 code [0x00000000028431c0, 0x0000000002843498]
Event: 2.102 Thread 0x000000001e0b1000  550       3       main.coreEngine.util.maths.Vector3f::<init> (12 bytes)
Event: 2.102 Thread 0x000000001e0b1000 nmethod 550 0x0000000002843550 code [0x00000000028436c0, 0x0000000002843950]
Event: 2.192 Thread 0x000000001e0b1000  552       3       main.coreEngine.sceneGraph.Node::tick (75 bytes)
Event: 2.192 Thread 0x000000001e0b1000 nmethod 552 0x0000000002843a90 code [0x0000000002843ca0, 0x0000000002844738]
Event: 2.192 Thread 0x000000001e0b1000  551   !   3       main.coreEngine.TickableThread::scheduleTick (25 bytes)
Event: 2.192 Thread 0x000000001e0b1000 nmethod 551 0x0000000002844a90 code [0x0000000002844c00, 0x0000000002844f10]

GC Heap History (10 events):
Event: 1.531 GC heap before
{Heap before GC invocations=11 (full 0):
 PSYoungGen      total 239616K, used 239296K [0x000000076b800000, 0x000000077b600000, 0x00000007c0000000)
  eden space 239104K, 100% used [0x000000076b800000,0x000000077a180000,0x000000077a180000)
  from space 512K, 37% used [0x000000077b580000,0x000000077b5b0000,0x000000077b600000)
  to   space 2560K, 0% used [0x000000077b100000,0x000000077b100000,0x000000077b380000)
 ParOldGen       total 173568K, used 1244K [0x00000006c2800000, 0x00000006cd180000, 0x000000076b800000)
  object space 173568K, 0% used [0x00000006c2800000,0x00000006c2937060,0x00000006cd180000)
 Metaspace       used 8114K, capacity 8646K, committed 8960K, reserved 1056768K
  class space    used 651K, capacity 690K, committed 768K, reserved 1048576K
Event: 1.531 GC heap after
Heap after GC invocations=11 (full 0):
 PSYoungGen      total 232448K, used 160K [0x000000076b800000, 0x000000077b600000, 0x00000007c0000000)
  eden space 229888K, 0% used [0x000000076b800000,0x000000076b800000,0x0000000779880000)
  from space 2560K, 6% used [0x000000077b100000,0x000000077b128000,0x000000077b380000)
  to   space 2560K, 0% used [0x000000077b380000,0x000000077b380000,0x000000077b600000)
 ParOldGen       total 173568K, used 1252K [0x00000006c2800000, 0x00000006cd180000, 0x000000076b800000)
  object space 173568K, 0% used [0x00000006c2800000,0x00000006c2939060,0x00000006cd180000)
 Metaspace       used 8114K, capacity 8646K, committed 8960K, reserved 1056768K
  class space    used 651K, capacity 690K, committed 768K, reserved 1048576K
}
Event: 1.704 GC heap before
{Heap before GC invocations=12 (full 0):
 PSYoungGen      total 232448K, used 230048K [0x000000076b800000, 0x000000077b600000, 0x00000007c0000000)
  eden space 229888K, 100% used [0x000000076b800000,0x0000000779880000,0x0000000779880000)
  from space 2560K, 6% used [0x000000077b100000,0x000000077b128000,0x000000077b380000)
  to   space 2560K, 0% used [0x000000077b380000,0x000000077b380000,0x000000077b600000)
 ParOldGen       total 173568K, used 1252K [0x00000006c2800000, 0x00000006cd180000, 0x000000076b800000)
  object space 173568K, 0% used [0x00000006c2800000,0x00000006c2939060,0x00000006cd180000)
 Metaspace       used 8118K, capacity 8646K, committed 8960K, reserved 1056768K
  class space    used 651K, capacity 690K, committed 768K, reserved 1048576K
Event: 1.705 GC heap after
Heap after GC invocations=12 (full 0):
 PSYoungGen      total 221696K, used 224K [0x000000076b800000, 0x000000077b400000, 0x00000007c0000000)
  eden space 221184K, 0% used [0x000000076b800000,0x000000076b800000,0x0000000779000000)
  from space 512K, 43% used [0x000000077b380000,0x000000077b3b8000,0x000000077b400000)
  to   space 2560K, 0% used [0x000000077af00000,0x000000077af00000,0x000000077b180000)
 ParOldGen       total 173568K, used 1252K [0x00000006c2800000, 0x00000006cd180000, 0x000000076b800000)
  object space 173568K, 0% used [0x00000006c2800000,0x00000006c2939060,0x00000006cd180000)
 Metaspace       used 8118K, capacity 8646K, committed 8960K, reserved 1056768K
  class space    used 651K, capacity 690K, committed 768K, reserved 1048576K
}
Event: 1.873 GC heap before
{Heap before GC invocations=13 (full 0):
 PSYoungGen      total 221696K, used 221408K [0x000000076b800000, 0x000000077b400000, 0x00000007c0000000)
  eden space 221184K, 100% used [0x000000076b800000,0x0000000779000000,0x0000000779000000)
  from space 512K, 43% used [0x000000077b380000,0x000000077b3b8000,0x000000077b400000)
  to   space 2560K, 0% used [0x000000077af00000,0x000000077af00000,0x000000077b180000)
 ParOldGen       total 173568K, used 1252K [0x00000006c2800000, 0x00000006cd180000, 0x000000076b800000)
  object space 173568K, 0% used [0x00000006c2800000,0x00000006c2939060,0x00000006cd180000)
 Metaspace       used 8119K, capacity 8646K, committed 8960K, reserved 1056768K
  class space    used 651K, capacity 690K, committed 768K, reserved 1048576K
Event: 1.873 GC heap after
Heap after GC invocations=13 (full 0):
 PSYoungGen      total 215552K, used 192K [0x000000076b800000, 0x000000077b400000, 0x00000007c0000000)
  eden space 212992K, 0% used [0x000000076b800000,0x000000076b800000,0x0000000778800000)
  from space 2560K, 7% used [0x000000077af00000,0x000000077af30000,0x000000077b180000)
  to   space 2560K, 0% used [0x000000077b180000,0x000000077b180000,0x000000077b400000)
 ParOldGen       total 173568K, used 1252K [0x00000006c2800000, 0x00000006cd180000, 0x000000076b800000)
  object space 173568K, 0% used [0x00000006c2800000,0x00000006c2939060,0x00000006cd180000)
 Metaspace       used 8119K, capacity 8646K, committed 8960K, reserved 1056768K
  class space    used 651K, capacity 690K, committed 768K, reserved 1048576K
}
Event: 2.050 GC heap before
{Heap before GC invocations=14 (full 0):
 PSYoungGen      total 215552K, used 213184K [0x000000076b800000, 0x000000077b400000, 0x00000007c0000000)
  eden space 212992K, 100% used [0x000000076b800000,0x0000000778800000,0x0000000778800000)
  from space 2560K, 7% used [0x000000077af00000,0x000000077af30000,0x000000077b180000)
  to   space 2560K, 0% used [0x000000077b180000,0x000000077b180000,0x000000077b400000)
 ParOldGen       total 173568K, used 1252K [0x00000006c2800000, 0x00000006cd180000, 0x000000076b800000)
  object space 173568K, 0% used [0x00000006c2800000,0x00000006c2939060,0x00000006cd180000)
 Metaspace       used 8124K, capacity 8646K, committed 8960K, reserved 1056768K
  class space    used 651K, capacity 690K, committed 768K, reserved 1048576K
Event: 2.050 GC heap after
Heap after GC invocations=14 (full 0):
 PSYoungGen      total 205824K, used 224K [0x000000076b800000, 0x000000077b200000, 0x00000007c0000000)
  eden space 205312K, 0% used [0x000000076b800000,0x000000076b800000,0x0000000778080000)
  from space 512K, 43% used [0x000000077b180000,0x000000077b1b8000,0x000000077b200000)
  to   space 2048K, 0% used [0x000000077ae00000,0x000000077ae00000,0x000000077b000000)
 ParOldGen       total 173568K, used 1260K [0x00000006c2800000, 0x00000006cd180000, 0x000000076b800000)
  object space 173568K, 0% used [0x00000006c2800000,0x00000006c293b060,0x00000006cd180000)
 Metaspace       used 8124K, capacity 8646K, committed 8960K, reserved 1056768K
  class space    used 651K, capacity 690K, committed 768K, reserved 1048576K
}
Event: 2.212 GC heap before
{Heap before GC invocations=15 (full 0):
 PSYoungGen      total 205824K, used 205536K [0x000000076b800000, 0x000000077b200000, 0x00000007c0000000)
  eden space 205312K, 100% used [0x000000076b800000,0x0000000778080000,0x0000000778080000)
  from space 512K, 43% used [0x000000077b180000,0x000000077b1b8000,0x000000077b200000)
  to   space 2048K, 0% used [0x000000077ae00000,0x000000077ae00000,0x000000077b000000)
 ParOldGen       total 173568K, used 1260K [0x00000006c2800000, 0x00000006cd180000, 0x000000076b800000)
  object space 173568K, 0% used [0x00000006c2800000,0x00000006c293b060,0x00000006cd180000)
 Metaspace       used 8125K, capacity 8646K, committed 8960K, reserved 1056768K
  class space    used 651K, capacity 690K, committed 768K, reserved 1048576K
Event: 2.212 GC heap after
Heap after GC invocations=15 (full 0):
 PSYoungGen      total 199680K, used 160K [0x000000076b800000, 0x000000077b200000, 0x00000007c0000000)
  eden space 197632K, 0% used [0x000000076b800000,0x000000076b800000,0x0000000777900000)
  from space 2048K, 7% used [0x000000077ae00000,0x000000077ae28000,0x000000077b000000)
  to   space 2048K, 0% used [0x000000077b000000,0x000000077b000000,0x000000077b200000)
 ParOldGen       total 173568K, used 1276K [0x00000006c2800000, 0x00000006cd180000, 0x000000076b800000)
  object space 173568K, 0% used [0x00000006c2800000,0x00000006c293f060,0x00000006cd180000)
 Metaspace       used 8125K, capacity 8646K, committed 8960K, reserved 1056768K
  class space    used 651K, capacity 690K, committed 768K, reserved 1048576K
}

Deoptimization events (10 events):
Event: 0.131 Thread 0x000000001e24c800 Uncommon trap: reason=unreached action=reinterpret pc=0x0000000002725abc method=main.coreEngine.TickableThread.run()V @ 461
Event: 0.132 Thread 0x000000001e24b800 Uncommon trap: reason=bimorphic action=maybe_recompile pc=0x00000000026ff6c0 method=java.util.HashMap.getNode(ILjava/lang/Object;)Ljava/util/HashMap$Node; @ 126
Event: 0.343 Thread 0x000000001e24b800 Uncommon trap: reason=bimorphic action=maybe_recompile pc=0x00000000026ff6c0 method=java.util.HashMap.getNode(ILjava/lang/Object;)Ljava/util/HashMap$Node; @ 126
Event: 0.344 Thread 0x000000001e24b800 Uncommon trap: reason=bimorphic action=maybe_recompile pc=0x00000000026ff6c0 method=java.util.HashMap.getNode(ILjava/lang/Object;)Ljava/util/HashMap$Node; @ 126
Event: 0.349 Thread 0x000000001e24b800 Uncommon trap: reason=unstable_if action=reinterpret pc=0x00000000026f4bd8 method=java.util.HashMap.keySet()Ljava/util/Set; @ 6
Event: 0.749 Thread 0x000000001e24b800 Uncommon trap: reason=unstable_if action=reinterpret pc=0x00000000026f72c4 method=java.util.HashMap.clear()V @ 16
Event: 0.749 Thread 0x000000001e24b800 Uncommon trap: reason=unstable_if action=reinterpret pc=0x00000000026f7798 method=java.util.HashMap.clear()V @ 16
Event: 0.749 Thread 0x000000000056e000 Uncommon trap: reason=unstable_if action=reinterpret pc=0x00000000027170b0 method=main.coreEngine.TickableThread.invoke(Ljava/lang/String;[Ljava/lang/Object;)V @ 53
Event: 0.749 Thread 0x000000001e24c800 Uncommon trap: reason=unstable_if action=reinterpret pc=0x0000000002758474 method=main.coreEngine.TickableThread.run()V @ 58
Event: 0.858 Thread 0x000000001e24c800 Uncommon trap: reason=unstable_if action=reinterpret pc=0x00000000028246b4 method=main.coreEngine.TickableThread.run()V @ 461

Internal exceptions (7 events):
Event: 0.024 Thread 0x000000000056e000 Exception <a 'java/lang/NoSuchMethodError': Method sun.misc.Unsafe.defineClass(Ljava/lang/String;[BII)Ljava/lang/Class; name or signature does not match> (0x000000076b80da30) thrown at [C:\workspace\8-2-build-windows-amd64-cygwin\jdk8u65\4987\hotspot\src\súçælq˜?
Event: 0.024 Thread 0x000000000056e000 Exception <a 'java/lang/NoSuchMethodError': Method sun.misc.Unsafe.prefetchRead(Ljava/lang/Object;J)V name or signature does not match> (0x000000076b80dd18) thrown at [C:\workspace\8-2-build-windows-amd64-cygwin\jdk8u65\4987\hotspot\src\share\vm\prims\jni.÷s¸rúÕ?
Event: 0.343 Thread 0x000000001e24b800 Exception <a 'java/security/PrivilegedActionException'> (0x000000076b8162a8) thrown at [C:\workspace\8-2-build-windows-amd64-cygwin\jdk8u65\4987\hotspot\src\share\vm\prims\jvm.cpp, line 1386]
Event: 0.343 Thread 0x000000001e24b800 Exception <a 'java/security/PrivilegedActionException'> (0x000000076b8166a0) thrown at [C:\workspace\8-2-build-windows-amd64-cygwin\jdk8u65\4987\hotspot\src\share\vm\prims\jvm.cpp, line 1386]
Event: 0.344 Thread 0x000000001e24b800 Exception <a 'java/security/PrivilegedActionException'> (0x000000076b81a8b8) thrown at [C:\workspace\8-2-build-windows-amd64-cygwin\jdk8u65\4987\hotspot\src\share\vm\prims\jvm.cpp, line 1386]
Event: 0.344 Thread 0x000000001e24b800 Exception <a 'java/security/PrivilegedActionException'> (0x000000076b81acb0) thrown at [C:\workspace\8-2-build-windows-amd64-cygwin\jdk8u65\4987\hotspot\src\share\vm\prims\jvm.cpp, line 1386]
Event: 0.749 Thread 0x000000000056e000 Implicit null exception at 0x0000000002716abc to 0x0000000002717089

Events (10 events):
Event: 1.531 Executing VM operation: ParallelGCFailedAllocation
Event: 1.531 Executing VM operation: ParallelGCFailedAllocation done
Event: 1.704 Executing VM operation: ParallelGCFailedAllocation
Event: 1.705 Executing VM operation: ParallelGCFailedAllocation done
Event: 1.873 Executing VM operation: ParallelGCFailedAllocation
Event: 1.873 Executing VM operation: ParallelGCFailedAllocation done
Event: 2.050 Executing VM operation: ParallelGCFailedAllocation
Event: 2.050 Executing VM operation: ParallelGCFailedAllocation done
Event: 2.212 Executing VM operation: ParallelGCFailedAllocation
Event: 2.212 Executing VM operation: ParallelGCFailedAllocation done


Dynamic libraries:
0x00007ff67ba00000 - 0x00007ff67ba37000 	C:\Program Files\Java\jdk1.8.0_65\bin\java.exe
0x00007ffde4980000 - 0x00007ffde4b41000 	C:\WINDOWS\SYSTEM32\ntdll.dll
0x00007ffde42a0000 - 0x00007ffde434d000 	C:\WINDOWS\system32\KERNEL32.DLL
0x00007ffde19f0000 - 0x00007ffde1bd8000 	C:\WINDOWS\system32\KERNELBASE.dll
0x00007ffde1e70000 - 0x00007ffde1f17000 	C:\WINDOWS\system32\ADVAPI32.dll
0x00007ffde3800000 - 0x00007ffde389d000 	C:\WINDOWS\system32\msvcrt.dll
0x00007ffde1e10000 - 0x00007ffde1e6b000 	C:\WINDOWS\system32\sechost.dll
0x00007ffde3bd0000 - 0x00007ffde3cec000 	C:\WINDOWS\system32\RPCRT4.dll
0x00007ffde3fe0000 - 0x00007ffde4136000 	C:\WINDOWS\system32\USER32.dll
0x00007ffde3cf0000 - 0x00007ffde3e76000 	C:\WINDOWS\system32\GDI32.dll
0x00007ffddd690000 - 0x00007ffddd904000 	C:\WINDOWS\WinSxS\amd64_microsoft.windows.common-controls_6595b64144ccf1df_6.0.10586.0_none_8c15ae12515e1c22\COMCTL32.dll
0x00007ffde3950000 - 0x00007ffde3bcd000 	C:\WINDOWS\system32\combase.dll
0x00007ffde1cf0000 - 0x00007ffde1d5a000 	C:\WINDOWS\system32\bcryptPrimitives.dll
0x00007ffde1dc0000 - 0x00007ffde1dfb000 	C:\WINDOWS\system32\IMM32.DLL
0x0000000070c90000 - 0x0000000070d62000 	C:\Program Files\Java\jdk1.8.0_65\jre\bin\msvcr100.dll
0x0000000070400000 - 0x0000000070c89000 	C:\Program Files\Java\jdk1.8.0_65\jre\bin\server\jvm.dll
0x00007ffde4290000 - 0x00007ffde4298000 	C:\WINDOWS\system32\PSAPI.DLL
0x00007ffdd8550000 - 0x00007ffdd8559000 	C:\WINDOWS\SYSTEM32\WSOCK32.dll
0x00007ffddf730000 - 0x00007ffddf753000 	C:\WINDOWS\SYSTEM32\WINMM.dll
0x00007ffddd9c0000 - 0x00007ffddd9ca000 	C:\WINDOWS\SYSTEM32\VERSION.dll
0x00007ffde4470000 - 0x00007ffde44db000 	C:\WINDOWS\system32\WS2_32.dll
0x00000000009b0000 - 0x00000000009dc000 	C:\WINDOWS\SYSTEM32\WINMMBASE.dll
0x00007ffde1be0000 - 0x00007ffde1c23000 	C:\WINDOWS\system32\cfgmgr32.dll
0x00000000703f0000 - 0x00000000703ff000 	C:\Program Files\Java\jdk1.8.0_65\jre\bin\verify.dll
0x00000000703c0000 - 0x00000000703e9000 	C:\Program Files\Java\jdk1.8.0_65\jre\bin\java.dll
0x0000000070380000 - 0x00000000703b5000 	C:\Program Files\Java\jdk1.8.0_65\jre\bin\jdwp.dll
0x0000000070370000 - 0x0000000070378000 	C:\Program Files\Java\jdk1.8.0_65\jre\bin\npt.dll
0x0000000070350000 - 0x0000000070366000 	C:\Program Files\Java\jdk1.8.0_65\jre\bin\zip.dll
0x00007ffde1f80000 - 0x00007ffde34dc000 	C:\WINDOWS\system32\SHELL32.dll
0x00007ffde11d0000 - 0x00007ffde1815000 	C:\WINDOWS\system32\windows.storage.dll
0x00007ffde36b0000 - 0x00007ffde3702000 	C:\WINDOWS\system32\shlwapi.dll
0x00007ffde0fb0000 - 0x00007ffde0fbf000 	C:\WINDOWS\system32\kernel.appcore.dll
0x00007ffde1c30000 - 0x00007ffde1ce5000 	C:\WINDOWS\system32\shcore.dll
0x00007ffde0fc0000 - 0x00007ffde100b000 	C:\WINDOWS\system32\powrprof.dll
0x00007ffde0f80000 - 0x00007ffde0f94000 	C:\WINDOWS\system32\profapi.dll
0x0000000070340000 - 0x0000000070349000 	C:\Program Files\Java\jdk1.8.0_65\jre\bin\dt_socket.dll
0x00007ffde08b0000 - 0x00007ffde090c000 	C:\WINDOWS\system32\mswsock.dll
0x00007ffdcfc70000 - 0x00007ffdcfcf8000 	D:\Code\Java\Projects\WireEngine20\lib\native\lwjgl.dll
0x00007ffde0a80000 - 0x00007ffde0a8b000 	C:\WINDOWS\SYSTEM32\CRYPTBASE.DLL
0x00007ffdd4610000 - 0x00007ffdd4652000 	D:\Code\Java\Projects\WireEngine20\lib\native\jemalloc.dll
0x00007ffdd3e60000 - 0x00007ffdd3e98000 	D:\Code\Java\Projects\WireEngine20\lib\native\glfw.dll
0x00007ffddf850000 - 0x00007ffddf8e6000 	C:\WINDOWS\system32\uxtheme.dll
0x00007ffdde650000 - 0x00007ffdde672000 	C:\WINDOWS\SYSTEM32\dwmapi.dll
0x00007ffdc8b70000 - 0x00007ffdc8c99000 	C:\WINDOWS\SYSTEM32\opengl32.dll
0x00007ffdcfb70000 - 0x00007ffdcfb9e000 	C:\WINDOWS\SYSTEM32\GLU32.dll
0x00007ffdc68b0000 - 0x00007ffdc69aa000 	C:\WINDOWS\SYSTEM32\DDRAW.dll
0x00007ffdd47a0000 - 0x00007ffdd47a8000 	C:\WINDOWS\SYSTEM32\DCIMAN32.dll
0x00007ffde3e80000 - 0x00007ffde3fda000 	C:\WINDOWS\system32\MSCTF.dll
0x00007ffdcb820000 - 0x00007ffdcb869000 	C:\Program Files (x86)\TeamViewer\tv_x64.dll
0x00007ffde4140000 - 0x00007ffde4283000 	C:\WINDOWS\system32\ole32.dll
0x000000006e3c0000 - 0x0000000070109000 	C:\WINDOWS\SYSTEM32\nvoglv64.DLL
0x00007ffde4550000 - 0x00007ffde4979000 	C:\WINDOWS\system32\SETUPAPI.dll
0x00007ffddf2f0000 - 0x00007ffddf303000 	C:\WINDOWS\SYSTEM32\WTSAPI32.dll
0x00007ffddf9a0000 - 0x00007ffddf9c7000 	C:\WINDOWS\SYSTEM32\DEVOBJ.dll
0x00007ffde1170000 - 0x00007ffde11c5000 	C:\WINDOWS\system32\WINTRUST.dll
0x00007ffde0fa0000 - 0x00007ffde0fb0000 	C:\WINDOWS\system32\MSASN1.dll
0x00007ffde1820000 - 0x00007ffde19e7000 	C:\WINDOWS\system32\CRYPT32.dll
0x00007ffde04d0000 - 0x00007ffde0501000 	C:\WINDOWS\SYSTEM32\ntmarta.dll
0x00007ffde0220000 - 0x00007ffde0276000 	C:\WINDOWS\SYSTEM32\WINSTA.dll
0x00007ffde38a0000 - 0x00007ffde3947000 	C:\WINDOWS\system32\clbcatq.dll
0x00007ffdddd50000 - 0x00007ffdddd75000 	C:\Program Files (x86)\Samsung\Easy Printer Manager\SmartScreenPrint\CDAKEYMonitor64.dll
0x00007ffde3730000 - 0x00007ffde37f1000 	C:\WINDOWS\system32\OLEAUT32.dll
0x00007ffdb9de0000 - 0x00007ffdb9f6c000 	C:\WINDOWS\SYSTEM32\dbghelp.dll

VM Arguments:
jvm_args: -agentlib:jdwp=transport=dt_socket,address=127.0.0.1:63933,suspend=y,server=n -Djava.library.path=lib/native/ -Dfile.encoding=UTF-8 
java_command: main.Main
java_class_path (initial): C:\Program Files\Java\jdk1.8.0_65\jre\lib\charsets.jar;C:\Program Files\Java\jdk1.8.0_65\jre\lib\deploy.jar;C:\Program Files\Java\jdk1.8.0_65\jre\lib\ext\access-bridge-64.jar;C:\Program Files\Java\jdk1.8.0_65\jre\lib\ext\cldrdata.jar;C:\Program Files\Java\jdk1.8.0_65\jre\lib\ext\dnsns.jar;C:\Program Files\Java\jdk1.8.0_65\jre\lib\ext\jaccess.jar;C:\Program Files\Java\jdk1.8.0_65\jre\lib\ext\jfxrt.jar;C:\Program Files\Java\jdk1.8.0_65\jre\lib\ext\localedata.jar;C:\Program Files\Java\jdk1.8.0_65\jre\lib\ext\nashorn.jar;C:\Program Files\Java\jdk1.8.0_65\jre\lib\ext\sunec.jar;C:\Program Files\Java\jdk1.8.0_65\jre\lib\ext\sunjce_provider.jar;C:\Program Files\Java\jdk1.8.0_65\jre\lib\ext\sunmscapi.jar;C:\Program Files\Java\jdk1.8.0_65\jre\lib\ext\sunpkcs11.jar;C:\Program Files\Java\jdk1.8.0_65\jre\lib\ext\zipfs.jar;C:\Program Files\Java\jdk1.8.0_65\jre\lib\javaws.jar;C:\Program Files\Java\jdk1.8.0_65\jre\lib\jce.jar;C:\Program Files\Java\jdk1.8.0_65\jre\lib\jfr.jar;C:\Program Files\Java\jdk1.8.0_65\jre\lib\jfxswt.jar;C:\Program Files\Java\jdk1.8.0_65\jre\lib\jsse.jar;C:\Program Files\Java\jdk1.8.0_65\jre\lib\management-agent.jar;C:\Program Files\Java\jdk1.8.0_65\jre\lib\plugin.jar;C:\Program Files\Java\jdk1.8.0_65\jre\lib\resources.jar;C:\Program Files\Java\jdk1.8.0_65\jre\lib\rt.jar;D:\Code\Java\Projects\WireEngine20\out\production\WireEngine20;D:\Code\Java\Projects\WireEngine20\lib\jar\lwjgl.jar;D:\Code\Java\Projects\WireEngine20\lib\jar\slick-util.jar;D:\Program Files (x86)\JetBrains\IntelliJ IDEA 2016.1\lib\idea_rt.jar
Launcher Type: SUN_STANDARD

Environment Variables:
JAVA_HOME=C:\Program Files\Java\jdk1.8.0_65
PATH=C:\ProgramData\Oracle\Java\javapath;C:\Program Files (x86)\Razer Chroma SDK\bin;C:\Program Files\Razer Chroma SDK\bin;C:\Program Files (x86)\NVIDIA Corporation\PhysX\Common;C:\Program Files (x86)\Intel\iCLS Client\;C:\Program Files\Intel\iCLS Client\;C:\Windows\system32;C:\Windows;C:\Windows\System32\Wbem;C:\Windows\System32\WindowsPowerShell\v1.0\;C:\Program Files\Intel\Intel(R) Management Engine Components\DAL;C:\Program Files (x86)\Intel\Intel(R) Management Engine Components\DAL;C:\Program Files\Intel\Intel(R) Management Engine Components\IPT;C:\Program Files (x86)\Intel\Intel(R) Management Engine Components\IPT;C:\Program Files\Java\jre1.8.0_65\bin;C:\MinGW\bin;C:\WINDOWS\system32;C:\WINDOWS;C:\WINDOWS\System32\Wbem;C:\WINDOWS\System32\WindowsPowerShell\v1.0\;D:\Program Files (x86)\CMake\bin;D:\Program Files\Programs\Python\Python35-32;D:\Program Files\Programs\Python\Python35-32\Scripts;C:\Program Files (x86)\Skype\Phone\;D:\Program Files\Programs\Python\Python35-32\Scripts\;D:\Program Files\Programs\Python\Python35-32\
USERNAME=Kelan
OS=Windows_NT
PROCESSOR_IDENTIFIER=Intel64 Family 6 Model 60 Stepping 3, GenuineIntel



---------------  S Y S T E M  ---------------

OS: Windows 10.0 , 64 bit Build 10586 (10.0.10586.0)

CPU:total 8 (4 cores per cpu, 2 threads per core) family 6 model 60 stepping 3, cmov, cx8, fxsr, mmx, sse, sse2, sse3, ssse3, sse4.1, sse4.2, popcnt, avx, avx2, aes, clmul, erms, lzcnt, ht, tsc, tscinvbit, bmi1, bmi2

Memory: 4k page, physical 16609500k(1559224k free), swap 33386716k(13800160k free)

vm_info: Java HotSpot(TM) 64-Bit Server VM (25.65-b01) for windows-amd64 JRE (1.8.0_65-b17), built on Oct  6 2015 16:39:20 by "java_re" with MS VC++ 10.0 (VS2010)

time: Thu Apr 14 15:06:36 2016
elapsed time: 2 seconds (0d 0h 0m 2s)

