#
# A fatal error has been detected by the Java Runtime Environment:
#
#  EXCEPTION_ACCESS_VIOLATION (0xc0000005) at pc=0x00007ffdcf9f24b9, pid=5212, tid=5928
#
# JRE version: Java(TM) SE Runtime Environment (8.0_65-b17) (build 1.8.0_65-b17)
# Java VM: Java HotSpot(TM) 64-Bit Server VM (25.65-b01 mixed mode windows-amd64 compressed oops)
# Problematic frame:
# C  [glfw.dll+0x24b9]
#
# Failed to write core dump. Minidumps are not enabled by default on client versions of Windows
#
# If you would like to submit a bug report, please visit:
#   http://bugreport.java.com/bugreport/crash.jsp
# The crash happened outside the Java Virtual Machine in native code.
# See problematic frame for where to report the bug.
#

---------------  T H R E A D  ---------------

Current thread (0x000000001e1ae800):  JavaThread "CLIENT" [_thread_in_native, id=5928, stack(0x000000001eed0000,0x000000001efd0000)]

siginfo: ExceptionCode=0xc0000005, reading address 0x0000000000000000

Registers:
RAX=0x0000000000000000, RBX=0x000000001b9aec50, RCX=0x0000000000000000, RDX=0x0000000000000000
RSP=0x000000001efcec30, RBP=0x000000001efcece0, RSI=0x0000000000000108, RDI=0x000000000062f5b0
R8 =0x000000001efcec28, R9 =0x000000001efcece0, R10=0x0000000000000000, R11=0x0000000000000246
R12=0x0000000000000000, R13=0x000000001b9aec50, R14=0x000000001efced18, R15=0x000000001e1ae800
RIP=0x00007ffdcf9f24b9, EFLAGS=0x0000000000010287

Top of Stack: (sp=0x000000001efcec30)
0x000000001efcec30:   000000001e1ae800 000000001e1ae800
0x000000001efcec40:   000000001b9c8ab8 000000007052d610
0x000000001efcec50:   00000000000001ed 00000000025adfcc
0x000000001efcec60:   000000001b9aec50 000000001bdb5d70
0x000000001efcec70:   000000000000000e 000000001e1ae800
0x000000001efcec80:   000000001b9c8ab8 000000007052aea4
0x000000001efcec90:   000000001e1ae800 000000001e1ae800
0x000000001efceca0:   000000001efceca0 0000000000000000
0x000000001efcecb0:   000000001efced18 000000001b9af3f0
0x000000001efcecc0:   0000000000000000 000000001b9aec50
0x000000001efcecd0:   0000000000000000 000000001efced00
0x000000001efcece0:   000000001efced60 0000000002597d8d
0x000000001efcecf0:   00000006c28951f8 00000000025a42f8
0x000000001efced00:   000000000062f5b0 00000000025978a0
0x000000001efced10:   00007ffdcf9f2420 0000000000000001
0x000000001efced20:   000000001efced20 000000001b9c8a8c 

Instructions: (pc=0x00007ffdcf9f24b9)
0x00007ffdcf9f2499:   48 8b cf e8 1f 3a 00 00 48 39 3d f0 d5 02 00 48
0x00007ffdcf9f24a9:   8d 0d e9 d5 02 00 48 8b 5c 24 30 74 08 48 8b 09
0x00007ffdcf9f24b9:   48 39 39 75 f8 48 8b 07 48 89 01 48 8b cf 48 83
0x00007ffdcf9f24c9:   c4 20 5f e9 5b fe 00 00 48 83 c4 20 5f c3 cc cc 


Register to memory mapping:

RAX=0x0000000000000000 is an unknown value
RBX={method} {0x000000001b9aec58} 'invokePV' '(JJ)V' in 'org/lwjgl/system/JNI'
RCX=0x0000000000000000 is an unknown value
RDX=0x0000000000000000 is an unknown value
RSP=0x000000001efcec30 is pointing into the stack for thread: 0x000000001e1ae800
RBP=0x000000001efcece0 is pointing into the stack for thread: 0x000000001e1ae800
RSI=0x0000000000000108 is an unknown value
RDI=0x000000000062f5b0 is an unknown value
R8 =0x000000001efcec28 is pointing into the stack for thread: 0x000000001e1ae800
R9 =0x000000001efcece0 is pointing into the stack for thread: 0x000000001e1ae800
R10=0x0000000000000000 is an unknown value
R11=0x0000000000000246 is an unknown value
R12=0x0000000000000000 is an unknown value
R13={method} {0x000000001b9aec58} 'invokePV' '(JJ)V' in 'org/lwjgl/system/JNI'
R14=0x000000001efced18 is pointing into the stack for thread: 0x000000001e1ae800
R15=0x000000001e1ae800 is a thread


Stack: [0x000000001eed0000,0x000000001efd0000],  sp=0x000000001efcec30,  free space=1019k
Native frames: (J=compiled Java code, j=interpreted, Vv=VM code, C=native code)
C  [glfw.dll+0x24b9]
C  0x00000000025adfcc

Java frames: (J=compiled Java code, j=interpreted, Vv=VM code)
j  org.lwjgl.system.JNI.invokePV(JJ)V+0
j  org.lwjgl.glfw.GLFW.glfwDestroyCursor(J)V+20
j  main.client.Window.destroyWindow()V+9
j  main.coreEngine.Engine.stop()V+70
j  main.client.Window.update()V+43
j  main.client.renderEngine.RenderEngine.render()V+32
j  main.client.ClientThread.tick()V+12
J 456% C1 main.coreEngine.TickableThread.run()V (481 bytes) @ 0x00000000027eec1c [0x00000000027ea340+0x48dc]
v  ~StubRoutines::call_stub

---------------  P R O C E S S  ---------------

Java Threads: ( => current thread )
  0x000000001e1af800 JavaThread "SERVER" [_thread_in_Java, id=7188, stack(0x000000001efd0000,0x000000001f0d0000)]
=>0x000000001e1ae800 JavaThread "CLIENT" [_thread_in_native, id=5928, stack(0x000000001eed0000,0x000000001efd0000)]
  0x000000001e0c1000 JavaThread "Service Thread" daemon [_thread_blocked, id=10848, stack(0x000000001ecd0000,0x000000001edd0000)]
  0x000000001e033800 JavaThread "C1 CompilerThread3" daemon [_thread_blocked, id=1168, stack(0x000000001ebd0000,0x000000001ecd0000)]
  0x000000001e02a800 JavaThread "C2 CompilerThread2" daemon [_thread_blocked, id=6156, stack(0x000000001ead0000,0x000000001ebd0000)]
  0x000000001e02a000 JavaThread "C2 CompilerThread1" daemon [_thread_blocked, id=12836, stack(0x000000001e9d0000,0x000000001ead0000)]
  0x000000001e02f000 JavaThread "C2 CompilerThread0" daemon [_thread_blocked, id=8308, stack(0x000000001e8d0000,0x000000001e9d0000)]
  0x000000001e010800 JavaThread "JDWP Command Reader" daemon [_thread_in_native, id=5304, stack(0x000000001e7d0000,0x000000001e8d0000)]
  0x000000001e00f800 JavaThread "JDWP Event Helper Thread" daemon [_thread_blocked, id=13148, stack(0x000000001e6d0000,0x000000001e7d0000)]
  0x000000001e00d800 JavaThread "JDWP Transport Listener: dt_socket" daemon [_thread_blocked, id=11304, stack(0x000000001e5d0000,0x000000001e6d0000)]
  0x000000001dff8000 JavaThread "Attach Listener" daemon [_thread_blocked, id=6236, stack(0x000000001e4d0000,0x000000001e5d0000)]
  0x000000001dff7000 JavaThread "Signal Dispatcher" daemon [_thread_blocked, id=13240, stack(0x000000001e3d0000,0x000000001e4d0000)]
  0x000000000258c800 JavaThread "Finalizer" daemon [_thread_blocked, id=1720, stack(0x000000001ddf0000,0x000000001def0000)]
  0x0000000002586000 JavaThread "Reference Handler" daemon [_thread_blocked, id=10088, stack(0x000000001dcf0000,0x000000001ddf0000)]
  0x00000000009be000 JavaThread "main" [_thread_in_Java, id=11092, stack(0x0000000002390000,0x0000000002490000)]

Other Threads:
  0x000000001bf29000 VMThread [stack: 0x000000001dbf0000,0x000000001dcf0000] [id=6516]
  0x000000001e0ed000 WatcherThread [stack: 0x000000001edd0000,0x000000001eed0000] [id=11748]

VM state:not at safepoint (normal execution)

VM Mutex/Monitor currently owned by a thread: None

Heap:
 PSYoungGen      total 211456K, used 139380K [0x000000076b800000, 0x000000077c300000, 0x00000007c0000000)
  eden space 209408K, 66% used [0x000000076b800000,0x0000000773fed1a8,0x0000000778480000)
  from space 2048K, 9% used [0x000000077bf00000,0x000000077bf30000,0x000000077c100000)
  to   space 2048K, 0% used [0x000000077c100000,0x000000077c100000,0x000000077c300000)
 ParOldGen       total 173568K, used 1872K [0x00000006c2800000, 0x00000006cd180000, 0x000000076b800000)
  object space 173568K, 1% used [0x00000006c2800000,0x00000006c29d41e0,0x00000006cd180000)
 Metaspace       used 8036K, capacity 8582K, committed 8704K, reserved 1056768K
  class space    used 646K, capacity 690K, committed 768K, reserved 1048576K

Card table byte_map: [0x0000000011950000,0x0000000012140000] byte_map_base: 0x000000000e33c000

Marking Bits: (ParMarkBitMap*) 0x0000000070c0a5b0
 Begin Bits: [0x0000000012e90000, 0x0000000016df0000)
 End Bits:   [0x0000000016df0000, 0x000000001ad50000)

Polling page: 0x0000000000990000

CodeCache: size=245760Kb used=2649Kb max_used=2649Kb free=243111Kb
 bounds [0x0000000002590000, 0x0000000002830000, 0x0000000011590000]
 total_blobs=1158 nmethods=512 adapters=567
 compilation: enabled

Compilation events (10 events):
Event: 1.946 Thread 0x000000001e033800  508       1       main.coreEngine.sceneGraph.Node::getTransform (5 bytes)
Event: 1.947 Thread 0x000000001e033800 nmethod 508 0x0000000002821710 code [0x0000000002821860, 0x0000000002821970]
Event: 1.947 Thread 0x000000001e033800  509       3       org.lwjgl.system.Checks::checkBuffer (14 bytes)
Event: 1.947 Thread 0x000000001e033800 nmethod 509 0x0000000002821210 code [0x0000000002821380, 0x0000000002821628]
Event: 1.947 Thread 0x000000001e033800  510       3       org.lwjgl.system.MemoryUtil::memAddressSafe (13 bytes)
Event: 1.947 Thread 0x000000001e033800 nmethod 510 0x0000000002820b10 code [0x0000000002820ca0, 0x0000000002821070]
Event: 1.947 Thread 0x000000001e033800  511       1       main.coreEngine.sceneGraph.Transformation::getPosition (5 bytes)
Event: 1.947 Thread 0x000000001e033800 nmethod 511 0x0000000002820850 code [0x00000000028209a0, 0x0000000002820ab0]
Event: 2.080 Thread 0x000000001e033800  512       3       main.coreEngine.util.maths.Vector::<init> (5 bytes)
Event: 2.080 Thread 0x000000001e033800 nmethod 512 0x0000000002820490 code [0x00000000028205e0, 0x0000000002820790]

GC Heap History (10 events):
Event: 1.423 GC heap before
{Heap before GC invocations=11 (full 0):
 PSYoungGen      total 254976K, used 254688K [0x000000076b800000, 0x000000077c600000, 0x00000007c0000000)
  eden space 254464K, 100% used [0x000000076b800000,0x000000077b080000,0x000000077b080000)
  from space 512K, 43% used [0x000000077c580000,0x000000077c5b8000,0x000000077c600000)
  to   space 2048K, 0% used [0x000000077c200000,0x000000077c200000,0x000000077c400000)
 ParOldGen       total 173568K, used 1792K [0x00000006c2800000, 0x00000006cd180000, 0x000000076b800000)
  object space 173568K, 1% used [0x00000006c2800000,0x00000006c29c01e0,0x00000006cd180000)
 Metaspace       used 8030K, capacity 8582K, committed 8704K, reserved 1056768K
  class space    used 646K, capacity 690K, committed 768K, reserved 1048576K
Event: 1.423 GC heap after
Heap after GC invocations=11 (full 0):
 PSYoungGen      total 246784K, used 192K [0x000000076b800000, 0x000000077c600000, 0x00000007c0000000)
  eden space 244736K, 0% used [0x000000076b800000,0x000000076b800000,0x000000077a700000)
  from space 2048K, 9% used [0x000000077c200000,0x000000077c230000,0x000000077c400000)
  to   space 2048K, 0% used [0x000000077c400000,0x000000077c400000,0x000000077c600000)
 ParOldGen       total 173568K, used 1872K [0x00000006c2800000, 0x00000006cd180000, 0x000000076b800000)
  object space 173568K, 1% used [0x00000006c2800000,0x00000006c29d41e0,0x00000006cd180000)
 Metaspace       used 8030K, capacity 8582K, committed 8704K, reserved 1056768K
  class space    used 646K, capacity 690K, committed 768K, reserved 1048576K
}
Event: 1.614 GC heap before
{Heap before GC invocations=12 (full 0):
 PSYoungGen      total 246784K, used 244928K [0x000000076b800000, 0x000000077c600000, 0x00000007c0000000)
  eden space 244736K, 100% used [0x000000076b800000,0x000000077a700000,0x000000077a700000)
  from space 2048K, 9% used [0x000000077c200000,0x000000077c230000,0x000000077c400000)
  to   space 2048K, 0% used [0x000000077c400000,0x000000077c400000,0x000000077c600000)
 ParOldGen       total 173568K, used 1872K [0x00000006c2800000, 0x00000006cd180000, 0x000000076b800000)
  object space 173568K, 1% used [0x00000006c2800000,0x00000006c29d41e0,0x00000006cd180000)
 Metaspace       used 8030K, capacity 8582K, committed 8704K, reserved 1056768K
  class space    used 646K, capacity 690K, committed 768K, reserved 1048576K
Event: 1.614 GC heap after
Heap after GC invocations=12 (full 0):
 PSYoungGen      total 236032K, used 224K [0x000000076b800000, 0x000000077c480000, 0x00000007c0000000)
  eden space 235520K, 0% used [0x000000076b800000,0x000000076b800000,0x0000000779e00000)
  from space 512K, 43% used [0x000000077c400000,0x000000077c438000,0x000000077c480000)
  to   space 2048K, 0% used [0x000000077c080000,0x000000077c080000,0x000000077c280000)
 ParOldGen       total 173568K, used 1872K [0x00000006c2800000, 0x00000006cd180000, 0x000000076b800000)
  object space 173568K, 1% used [0x00000006c2800000,0x00000006c29d41e0,0x00000006cd180000)
 Metaspace       used 8030K, capacity 8582K, committed 8704K, reserved 1056768K
  class space    used 646K, capacity 690K, committed 768K, reserved 1048576K
}
Event: 1.812 GC heap before
{Heap before GC invocations=13 (full 0):
 PSYoungGen      total 236032K, used 235744K [0x000000076b800000, 0x000000077c480000, 0x00000007c0000000)
  eden space 235520K, 100% used [0x000000076b800000,0x0000000779e00000,0x0000000779e00000)
  from space 512K, 43% used [0x000000077c400000,0x000000077c438000,0x000000077c480000)
  to   space 2048K, 0% used [0x000000077c080000,0x000000077c080000,0x000000077c280000)
 ParOldGen       total 173568K, used 1872K [0x00000006c2800000, 0x00000006cd180000, 0x000000076b800000)
  object space 173568K, 1% used [0x00000006c2800000,0x00000006c29d41e0,0x00000006cd180000)
 Metaspace       used 8033K, capacity 8582K, committed 8704K, reserved 1056768K
  class space    used 646K, capacity 690K, committed 768K, reserved 1048576K
Event: 1.813 GC heap after
Heap after GC invocations=13 (full 0):
 PSYoungGen      total 228352K, used 192K [0x000000076b800000, 0x000000077c480000, 0x00000007c0000000)
  eden space 226304K, 0% used [0x000000076b800000,0x000000076b800000,0x0000000779500000)
  from space 2048K, 9% used [0x000000077c080000,0x000000077c0b0000,0x000000077c280000)
  to   space 2048K, 0% used [0x000000077c280000,0x000000077c280000,0x000000077c480000)
 ParOldGen       total 173568K, used 1872K [0x00000006c2800000, 0x00000006cd180000, 0x000000076b800000)
  object space 173568K, 1% used [0x00000006c2800000,0x00000006c29d41e0,0x00000006cd180000)
 Metaspace       used 8033K, capacity 8582K, committed 8704K, reserved 1056768K
  class space    used 646K, capacity 690K, committed 768K, reserved 1048576K
}
Event: 1.983 GC heap before
{Heap before GC invocations=14 (full 0):
 PSYoungGen      total 228352K, used 226496K [0x000000076b800000, 0x000000077c480000, 0x00000007c0000000)
  eden space 226304K, 100% used [0x000000076b800000,0x0000000779500000,0x0000000779500000)
  from space 2048K, 9% used [0x000000077c080000,0x000000077c0b0000,0x000000077c280000)
  to   space 2048K, 0% used [0x000000077c280000,0x000000077c280000,0x000000077c480000)
 ParOldGen       total 173568K, used 1872K [0x00000006c2800000, 0x00000006cd180000, 0x000000076b800000)
  object space 173568K, 1% used [0x00000006c2800000,0x00000006c29d41e0,0x00000006cd180000)
 Metaspace       used 8035K, capacity 8582K, committed 8704K, reserved 1056768K
  class space    used 646K, capacity 690K, committed 768K, reserved 1048576K
Event: 1.983 GC heap after
Heap after GC invocations=14 (full 0):
 PSYoungGen      total 218112K, used 160K [0x000000076b800000, 0x000000077c300000, 0x00000007c0000000)
  eden space 217600K, 0% used [0x000000076b800000,0x000000076b800000,0x0000000778c80000)
  from space 512K, 31% used [0x000000077c280000,0x000000077c2a8000,0x000000077c300000)
  to   space 2048K, 0% used [0x000000077bf00000,0x000000077bf00000,0x000000077c100000)
 ParOldGen       total 173568K, used 1872K [0x00000006c2800000, 0x00000006cd180000, 0x000000076b800000)
  object space 173568K, 1% used [0x00000006c2800000,0x00000006c29d41e0,0x00000006cd180000)
 Metaspace       used 8035K, capacity 8582K, committed 8704K, reserved 1056768K
  class space    used 646K, capacity 690K, committed 768K, reserved 1048576K
}
Event: 2.152 GC heap before
{Heap before GC invocations=15 (full 0):
 PSYoungGen      total 218112K, used 217760K [0x000000076b800000, 0x000000077c300000, 0x00000007c0000000)
  eden space 217600K, 100% used [0x000000076b800000,0x0000000778c80000,0x0000000778c80000)
  from space 512K, 31% used [0x000000077c280000,0x000000077c2a8000,0x000000077c300000)
  to   space 2048K, 0% used [0x000000077bf00000,0x000000077bf00000,0x000000077c100000)
 ParOldGen       total 173568K, used 1872K [0x00000006c2800000, 0x00000006cd180000, 0x000000076b800000)
  object space 173568K, 1% used [0x00000006c2800000,0x00000006c29d41e0,0x00000006cd180000)
 Metaspace       used 8035K, capacity 8582K, committed 8704K, reserved 1056768K
  class space    used 646K, capacity 690K, committed 768K, reserved 1048576K
Event: 2.153 GC heap after
Heap after GC invocations=15 (full 0):
 PSYoungGen      total 211456K, used 192K [0x000000076b800000, 0x000000077c300000, 0x00000007c0000000)
  eden space 209408K, 0% used [0x000000076b800000,0x000000076b800000,0x0000000778480000)
  from space 2048K, 9% used [0x000000077bf00000,0x000000077bf30000,0x000000077c100000)
  to   space 2048K, 0% used [0x000000077c100000,0x000000077c100000,0x000000077c300000)
 ParOldGen       total 173568K, used 1872K [0x00000006c2800000, 0x00000006cd180000, 0x000000076b800000)
  object space 173568K, 1% used [0x00000006c2800000,0x00000006c29d41e0,0x00000006cd180000)
 Metaspace       used 8035K, capacity 8582K, committed 8704K, reserved 1056768K
  class space    used 646K, capacity 690K, committed 768K, reserved 1048576K
}

Deoptimization events (10 events):
Event: 0.370 Thread 0x000000001e1ae800 Uncommon trap: reason=unstable_if action=reinterpret pc=0x00000000026de940 method=java.util.HashMap.containsKey(Ljava/lang/Object;)Z @ 9
Event: 0.370 Thread 0x000000001e1ae800 Uncommon trap: reason=bimorphic action=maybe_recompile pc=0x00000000026df380 method=java.util.HashMap.getNode(ILjava/lang/Object;)Ljava/util/HashMap$Node; @ 126
Event: 0.371 Thread 0x000000001e1ae800 Uncommon trap: reason=bimorphic action=maybe_recompile pc=0x00000000026df380 method=java.util.HashMap.getNode(ILjava/lang/Object;)Ljava/util/HashMap$Node; @ 126
Event: 0.376 Thread 0x000000001e1ae800 Uncommon trap: reason=unstable_if action=reinterpret pc=0x00000000026cfe18 method=java.util.HashMap.keySet()Ljava/util/Set; @ 6
Event: 0.876 Thread 0x000000001e1ae800 Uncommon trap: reason=unstable_if action=reinterpret pc=0x00000000026d4704 method=java.util.HashMap.clear()V @ 16
Event: 0.876 Thread 0x000000001e1ae800 Uncommon trap: reason=unstable_if action=reinterpret pc=0x00000000026cfbd8 method=java.util.HashMap.clear()V @ 16
Event: 0.876 Thread 0x00000000009be000 Uncommon trap: reason=unstable_if action=reinterpret pc=0x00000000026fcd30 method=main.coreEngine.TickableThread.invoke(Ljava/lang/String;[Ljava/lang/Object;)V @ 53
Event: 0.876 Thread 0x000000001e1af800 Uncommon trap: reason=unstable_if action=reinterpret pc=0x00000000026fb634 method=main.coreEngine.TickableThread.run()V @ 58
Event: 0.905 Thread 0x00000000009be000 Uncommon trap: reason=unstable_if action=reinterpret pc=0x0000000002801fbc method=main.coreEngine.Engine.start()V @ 163
Event: 0.980 Thread 0x000000001e1af800 Uncommon trap: reason=unstable_if action=reinterpret pc=0x000000000280fc84 method=main.coreEngine.TickableThread.run()V @ 461

Internal exceptions (9 events):
Event: 0.028 Thread 0x00000000009be000 Exception <a 'java/lang/NoSuchMethodError': Method sun.misc.Unsafe.defineClass(Ljava/lang/String;[BII)Ljava/lang/Class; name or signature does not match> (0x000000076b80d950) thrown at [C:\workspace\8-2-build-windows-amd64-cygwin\jdk8u65\4987\hotspot\src\slÄ'Ógù?
Event: 0.028 Thread 0x00000000009be000 Exception <a 'java/lang/NoSuchMethodError': Method sun.misc.Unsafe.prefetchRead(Ljava/lang/Object;J)V name or signature does not match> (0x000000076b80dc38) thrown at [C:\workspace\8-2-build-windows-amd64-cygwin\jdk8u65\4987\hotspot\src\share\vm\prims\jni.∑î‚Ìqº√?
Event: 0.154 Thread 0x000000001e1ae800 Exception <a 'java/lang/ArrayIndexOutOfBoundsException': -1> (0x000000076e343ad0) thrown at [C:\workspace\8-2-build-windows-amd64-cygwin\jdk8u65\4987\hotspot\src\share\vm\interpreter\interpreterRuntime.cpp, line 366]
Event: 0.370 Thread 0x000000001e1ae800 Implicit null exception at 0x00000000026de5cf to 0x00000000026de931
Event: 0.370 Thread 0x000000001e1ae800 Exception <a 'java/security/PrivilegedActionException'> (0x000000076e5b2800) thrown at [C:\workspace\8-2-build-windows-amd64-cygwin\jdk8u65\4987\hotspot\src\share\vm\prims\jvm.cpp, line 1386]
Event: 0.370 Thread 0x000000001e1ae800 Exception <a 'java/security/PrivilegedActionException'> (0x000000076e5b2bf8) thrown at [C:\workspace\8-2-build-windows-amd64-cygwin\jdk8u65\4987\hotspot\src\share\vm\prims\jvm.cpp, line 1386]
Event: 0.371 Thread 0x000000001e1ae800 Exception <a 'java/security/PrivilegedActionException'> (0x000000076e5b6e10) thrown at [C:\workspace\8-2-build-windows-amd64-cygwin\jdk8u65\4987\hotspot\src\share\vm\prims\jvm.cpp, line 1386]
Event: 0.371 Thread 0x000000001e1ae800 Exception <a 'java/security/PrivilegedActionException'> (0x000000076e5b7208) thrown at [C:\workspace\8-2-build-windows-amd64-cygwin\jdk8u65\4987\hotspot\src\share\vm\prims\jvm.cpp, line 1386]
Event: 0.876 Thread 0x00000000009be000 Implicit null exception at 0x00000000026fc73c to 0x00000000026fcd09

Events (10 events):
Event: 1.423 Executing VM operation: ParallelGCFailedAllocation
Event: 1.423 Executing VM operation: ParallelGCFailedAllocation done
Event: 1.614 Executing VM operation: ParallelGCFailedAllocation
Event: 1.614 Executing VM operation: ParallelGCFailedAllocation done
Event: 1.812 Executing VM operation: ParallelGCFailedAllocation
Event: 1.813 Executing VM operation: ParallelGCFailedAllocation done
Event: 1.983 Executing VM operation: ParallelGCFailedAllocation
Event: 1.983 Executing VM operation: ParallelGCFailedAllocation done
Event: 2.152 Executing VM operation: ParallelGCFailedAllocation
Event: 2.153 Executing VM operation: ParallelGCFailedAllocation done


Dynamic libraries:
0x00007ff75ee90000 - 0x00007ff75eec7000 	C:\Program Files\Java\jdk1.8.0_65\bin\java.exe
0x00007ffde4980000 - 0x00007ffde4b41000 	C:\WINDOWS\SYSTEM32\ntdll.dll
0x00007ffde42a0000 - 0x00007ffde434d000 	C:\WINDOWS\system32\KERNEL32.DLL
0x00007ffde19f0000 - 0x00007ffde1bd8000 	C:\WINDOWS\system32\KERNELBASE.dll
0x00007ffde1e70000 - 0x00007ffde1f17000 	C:\WINDOWS\system32\ADVAPI32.dll
0x00007ffde3800000 - 0x00007ffde389d000 	C:\WINDOWS\system32\msvcrt.dll
0x00007ffde1e10000 - 0x00007ffde1e6b000 	C:\WINDOWS\system32\sechost.dll
0x00007ffde3bd0000 - 0x00007ffde3cec000 	C:\WINDOWS\system32\RPCRT4.dll
0x00007ffde3fe0000 - 0x00007ffde4136000 	C:\WINDOWS\system32\USER32.dll
0x00007ffde3cf0000 - 0x00007ffde3e76000 	C:\WINDOWS\system32\GDI32.dll
0x00007ffddd690000 - 0x00007ffddd904000 	C:\WINDOWS\WinSxS\amd64_microsoft.windows.common-controls_6595b64144ccf1df_6.0.10586.0_none_8c15ae12515e1c22\COMCTL32.dll
0x00007ffde3950000 - 0x00007ffde3bcd000 	C:\WINDOWS\system32\combase.dll
0x00007ffde1cf0000 - 0x00007ffde1d5a000 	C:\WINDOWS\system32\bcryptPrimitives.dll
0x00007ffde1dc0000 - 0x00007ffde1dfb000 	C:\WINDOWS\system32\IMM32.DLL
0x0000000070c90000 - 0x0000000070d62000 	C:\Program Files\Java\jdk1.8.0_65\jre\bin\msvcr100.dll
0x0000000070400000 - 0x0000000070c89000 	C:\Program Files\Java\jdk1.8.0_65\jre\bin\server\jvm.dll
0x00007ffde4290000 - 0x00007ffde4298000 	C:\WINDOWS\system32\PSAPI.DLL
0x00007ffdd8550000 - 0x00007ffdd8559000 	C:\WINDOWS\SYSTEM32\WSOCK32.dll
0x00007ffddf730000 - 0x00007ffddf753000 	C:\WINDOWS\SYSTEM32\WINMM.dll
0x00007ffddd9c0000 - 0x00007ffddd9ca000 	C:\WINDOWS\SYSTEM32\VERSION.dll
0x00007ffde4470000 - 0x00007ffde44db000 	C:\WINDOWS\system32\WS2_32.dll
0x00007ffddf6d0000 - 0x00007ffddf6fc000 	C:\WINDOWS\SYSTEM32\WINMMBASE.dll
0x00007ffde1be0000 - 0x00007ffde1c23000 	C:\WINDOWS\system32\cfgmgr32.dll
0x00000000703f0000 - 0x00000000703ff000 	C:\Program Files\Java\jdk1.8.0_65\jre\bin\verify.dll
0x00000000703c0000 - 0x00000000703e9000 	C:\Program Files\Java\jdk1.8.0_65\jre\bin\java.dll
0x0000000070380000 - 0x00000000703b5000 	C:\Program Files\Java\jdk1.8.0_65\jre\bin\jdwp.dll
0x0000000070370000 - 0x0000000070378000 	C:\Program Files\Java\jdk1.8.0_65\jre\bin\npt.dll
0x0000000070350000 - 0x0000000070366000 	C:\Program Files\Java\jdk1.8.0_65\jre\bin\zip.dll
0x00007ffde1f80000 - 0x00007ffde34dc000 	C:\WINDOWS\system32\SHELL32.dll
0x00007ffde11d0000 - 0x00007ffde1815000 	C:\WINDOWS\system32\windows.storage.dll
0x00007ffde36b0000 - 0x00007ffde3702000 	C:\WINDOWS\system32\shlwapi.dll
0x00007ffde0fb0000 - 0x00007ffde0fbf000 	C:\WINDOWS\system32\kernel.appcore.dll
0x00007ffde1c30000 - 0x00007ffde1ce5000 	C:\WINDOWS\system32\shcore.dll
0x00007ffde0fc0000 - 0x00007ffde100b000 	C:\WINDOWS\system32\powrprof.dll
0x00007ffde0f80000 - 0x00007ffde0f94000 	C:\WINDOWS\system32\profapi.dll
0x0000000070340000 - 0x0000000070349000 	C:\Program Files\Java\jdk1.8.0_65\jre\bin\dt_socket.dll
0x00007ffde08b0000 - 0x00007ffde090c000 	C:\WINDOWS\system32\mswsock.dll
0x00007ffdcf260000 - 0x00007ffdcf2e8000 	D:\Code\Java\Projects\WireEngine20\lib\native\lwjgl.dll
0x00007ffde0a80000 - 0x00007ffde0a8b000 	C:\WINDOWS\SYSTEM32\CRYPTBASE.DLL
0x00007ffdd40a0000 - 0x00007ffdd40e2000 	D:\Code\Java\Projects\WireEngine20\lib\native\jemalloc.dll
0x00007ffdcf9f0000 - 0x00007ffdcfa28000 	D:\Code\Java\Projects\WireEngine20\lib\native\glfw.dll
0x00007ffddf850000 - 0x00007ffddf8e6000 	C:\WINDOWS\system32\uxtheme.dll
0x00007ffdde650000 - 0x00007ffdde672000 	C:\WINDOWS\SYSTEM32\dwmapi.dll
0x00007ffdc8b70000 - 0x00007ffdc8c99000 	C:\WINDOWS\SYSTEM32\opengl32.dll
0x00007ffdc6920000 - 0x00007ffdc6a1a000 	C:\WINDOWS\SYSTEM32\DDRAW.dll
0x00007ffdcd0c0000 - 0x00007ffdcd0ee000 	C:\WINDOWS\SYSTEM32\GLU32.dll
0x00007ffddaa30000 - 0x00007ffddaa38000 	C:\WINDOWS\SYSTEM32\DCIMAN32.dll
0x00007ffde3e80000 - 0x00007ffde3fda000 	C:\WINDOWS\system32\MSCTF.dll
0x00007ffdc9cc0000 - 0x00007ffdc9d09000 	C:\Program Files (x86)\TeamViewer\tv_x64.dll
0x00007ffde4140000 - 0x00007ffde4283000 	C:\WINDOWS\system32\ole32.dll
0x000000006e5f0000 - 0x0000000070339000 	C:\WINDOWS\SYSTEM32\nvoglv64.DLL
0x00007ffde4550000 - 0x00007ffde4979000 	C:\WINDOWS\system32\SETUPAPI.dll
0x00007ffddf2f0000 - 0x00007ffddf303000 	C:\WINDOWS\SYSTEM32\WTSAPI32.dll
0x00007ffddf9a0000 - 0x00007ffddf9c7000 	C:\WINDOWS\SYSTEM32\DEVOBJ.dll
0x00007ffde1170000 - 0x00007ffde11c5000 	C:\WINDOWS\system32\WINTRUST.dll
0x00007ffde0fa0000 - 0x00007ffde0fb0000 	C:\WINDOWS\system32\MSASN1.dll
0x00007ffde1820000 - 0x00007ffde19e7000 	C:\WINDOWS\system32\CRYPT32.dll
0x00007ffde04d0000 - 0x00007ffde0501000 	C:\WINDOWS\SYSTEM32\ntmarta.dll
0x00007ffde0220000 - 0x00007ffde0276000 	C:\WINDOWS\SYSTEM32\WINSTA.dll
0x00007ffde38a0000 - 0x00007ffde3947000 	C:\WINDOWS\system32\clbcatq.dll
0x00007ffdb9de0000 - 0x00007ffdb9f6c000 	C:\WINDOWS\SYSTEM32\dbghelp.dll

VM Arguments:
jvm_args: -agentlib:jdwp=transport=dt_socket,address=127.0.0.1:49259,suspend=y,server=n -Djava.library.path=lib/native/ -Dfile.encoding=UTF-8 
java_command: main.Main
java_class_path (initial): C:\Program Files\Java\jdk1.8.0_65\jre\lib\charsets.jar;C:\Program Files\Java\jdk1.8.0_65\jre\lib\deploy.jar;C:\Program Files\Java\jdk1.8.0_65\jre\lib\ext\access-bridge-64.jar;C:\Program Files\Java\jdk1.8.0_65\jre\lib\ext\cldrdata.jar;C:\Program Files\Java\jdk1.8.0_65\jre\lib\ext\dnsns.jar;C:\Program Files\Java\jdk1.8.0_65\jre\lib\ext\jaccess.jar;C:\Program Files\Java\jdk1.8.0_65\jre\lib\ext\jfxrt.jar;C:\Program Files\Java\jdk1.8.0_65\jre\lib\ext\localedata.jar;C:\Program Files\Java\jdk1.8.0_65\jre\lib\ext\nashorn.jar;C:\Program Files\Java\jdk1.8.0_65\jre\lib\ext\sunec.jar;C:\Program Files\Java\jdk1.8.0_65\jre\lib\ext\sunjce_provider.jar;C:\Program Files\Java\jdk1.8.0_65\jre\lib\ext\sunmscapi.jar;C:\Program Files\Java\jdk1.8.0_65\jre\lib\ext\sunpkcs11.jar;C:\Program Files\Java\jdk1.8.0_65\jre\lib\ext\zipfs.jar;C:\Program Files\Java\jdk1.8.0_65\jre\lib\javaws.jar;C:\Program Files\Java\jdk1.8.0_65\jre\lib\jce.jar;C:\Program Files\Java\jdk1.8.0_65\jre\lib\jfr.jar;C:\Program Files\Java\jdk1.8.0_65\jre\lib\jfxswt.jar;C:\Program Files\Java\jdk1.8.0_65\jre\lib\jsse.jar;C:\Program Files\Java\jdk1.8.0_65\jre\lib\management-agent.jar;C:\Program Files\Java\jdk1.8.0_65\jre\lib\plugin.jar;C:\Program Files\Java\jdk1.8.0_65\jre\lib\resources.jar;C:\Program Files\Java\jdk1.8.0_65\jre\lib\rt.jar;D:\Code\Java\Projects\WireEngine20\out\production\WireEngine20;D:\Code\Java\Projects\WireEngine20\lib\jar\lwjgl.jar;D:\Program Files (x86)\JetBrains\IntelliJ IDEA 2016.1\lib\idea_rt.jar
Launcher Type: SUN_STANDARD

Environment Variables:
JAVA_HOME=C:\Program Files\Java\jdk1.8.0_65
PATH=C:\ProgramData\Oracle\Java\javapath;C:\Program Files (x86)\Razer Chroma SDK\bin;C:\Program Files\Razer Chroma SDK\bin;C:\Program Files (x86)\NVIDIA Corporation\PhysX\Common;C:\Program Files (x86)\Intel\iCLS Client\;C:\Program Files\Intel\iCLS Client\;C:\Windows\system32;C:\Windows;C:\Windows\System32\Wbem;C:\Windows\System32\WindowsPowerShell\v1.0\;C:\Program Files\Intel\Intel(R) Management Engine Components\DAL;C:\Program Files (x86)\Intel\Intel(R) Management Engine Components\DAL;C:\Program Files\Intel\Intel(R) Management Engine Components\IPT;C:\Program Files (x86)\Intel\Intel(R) Management Engine Components\IPT;C:\Program Files\Java\jre1.8.0_65\bin;C:\MinGW\bin;C:\WINDOWS\system32;C:\WINDOWS;C:\WINDOWS\System32\Wbem;C:\WINDOWS\System32\WindowsPowerShell\v1.0\;D:\Program Files (x86)\CMake\bin;D:\Program Files\Programs\Python\Python35-32;D:\Program Files\Programs\Python\Python35-32\Scripts;C:\Program Files (x86)\Skype\Phone\;D:\Program Files\Programs\Python\Python35-32\Scripts\;D:\Program Files\Programs\Python\Python35-32\
USERNAME=Kelan
OS=Windows_NT
PROCESSOR_IDENTIFIER=Intel64 Family 6 Model 60 Stepping 3, GenuineIntel



---------------  S Y S T E M  ---------------

OS: Windows 10.0 , 64 bit Build 10586 (10.0.10586.0)

CPU:total 8 (4 cores per cpu, 2 threads per core) family 6 model 60 stepping 3, cmov, cx8, fxsr, mmx, sse, sse2, sse3, ssse3, sse4.1, sse4.2, popcnt, avx, avx2, aes, clmul, erms, lzcnt, ht, tsc, tscinvbit, bmi1, bmi2

Memory: 4k page, physical 16609500k(4630036k free), swap 33386716k(18901692k free)

vm_info: Java HotSpot(TM) 64-Bit Server VM (25.65-b01) for windows-amd64 JRE (1.8.0_65-b17), built on Oct  6 2015 16:39:20 by "java_re" with MS VC++ 10.0 (VS2010)

time: Sun Apr 10 11:52:09 2016
elapsed time: 2 seconds (0d 0h 0m 2s)

