#
# A fatal error has been detected by the Java Runtime Environment:
#
#  EXCEPTION_ACCESS_VIOLATION (0xc0000005) at pc=0x00007ffdd40d24b9, pid=9108, tid=1404
#
# JRE version: Java(TM) SE Runtime Environment (8.0_65-b17) (build 1.8.0_65-b17)
# Java VM: Java HotSpot(TM) 64-Bit Server VM (25.65-b01 mixed mode windows-amd64 compressed oops)
# Problematic frame:
# C  [glfw.dll+0x24b9]
#
# Failed to write core dump. Minidumps are not enabled by default on client versions of Windows
#
# If you would like to submit a bug report, please visit:
#   http://bugreport.java.com/bugreport/crash.jsp
# The crash happened outside the Java Virtual Machine in native code.
# See problematic frame for where to report the bug.
#

---------------  T H R E A D  ---------------

Current thread (0x000000001e22a000):  JavaThread "CLIENT" [_thread_in_native, id=1404, stack(0x000000001ee10000,0x000000001ef10000)]

siginfo: ExceptionCode=0xc0000005, reading address 0x0000000000000000

Registers:
RAX=0x0000000000000000, RBX=0x000000001b9ff2d8, RCX=0x0000000000000000, RDX=0x0000000000000000
RSP=0x000000001ef0f2d0, RBP=0x000000001ef0f380, RSI=0x0000000000000108, RDI=0x000000000046b9d0
R8 =0x000000001ef0f2c8, R9 =0x000000001ef0f380, R10=0x0000000000000000, R11=0x0000000000000246
R12=0x0000000000000000, R13=0x000000001b9ff2d8, R14=0x000000001ef0f3b8, R15=0x000000001e22a000
RIP=0x00007ffdd40d24b9, EFLAGS=0x0000000000010287

Top of Stack: (sp=0x000000001ef0f2d0)
0x000000001ef0f2d0:   000000001e22a000 000000001e22a000
0x000000001ef0f2e0:   000000001ba187b8 000000007052d610
0x000000001ef0f2f0:   0000000000000381 00000000025f5e34
0x000000001ef0f300:   000000001b9ff2d8 000000001e1260c0
0x000000001ef0f310:   000000000000000e 000000001e22a000
0x000000001ef0f320:   000000001ba187b8 000000007052aea4
0x000000001ef0f330:   000000001e22a000 000000001e22a000
0x000000001ef0f340:   000000001ef0f340 0000000000000000
0x000000001ef0f350:   000000001ef0f3b8 000000001b9ff470
0x000000001ef0f360:   0000000000000000 000000001b9ff2d8
0x000000001ef0f370:   0000000000000000 000000001ef0f3a0
0x000000001ef0f380:   000000001ef0f400 00000000025e7ced
0x000000001ef0f390:   00000006c2810190 00000000025ef978
0x000000001ef0f3a0:   000000000046b9d0 00000000025e7800
0x000000001ef0f3b0:   00007ffdd40d2420 0000000000000001
0x000000001ef0f3c0:   000000001ef0f3c0 000000001ba1878c 

Instructions: (pc=0x00007ffdd40d24b9)
0x00007ffdd40d2499:   48 8b cf e8 1f 3a 00 00 48 39 3d f0 d5 02 00 48
0x00007ffdd40d24a9:   8d 0d e9 d5 02 00 48 8b 5c 24 30 74 08 48 8b 09
0x00007ffdd40d24b9:   48 39 39 75 f8 48 8b 07 48 89 01 48 8b cf 48 83
0x00007ffdd40d24c9:   c4 20 5f e9 5b fe 00 00 48 83 c4 20 5f c3 cc cc 


Register to memory mapping:

RAX=0x0000000000000000 is an unknown value
RBX={method} {0x000000001b9ff2e0} 'invokePV' '(JJ)V' in 'org/lwjgl/system/JNI'
RCX=0x0000000000000000 is an unknown value
RDX=0x0000000000000000 is an unknown value
RSP=0x000000001ef0f2d0 is pointing into the stack for thread: 0x000000001e22a000
RBP=0x000000001ef0f380 is pointing into the stack for thread: 0x000000001e22a000
RSI=0x0000000000000108 is an unknown value
RDI=0x000000000046b9d0 is an unknown value
R8 =0x000000001ef0f2c8 is pointing into the stack for thread: 0x000000001e22a000
R9 =0x000000001ef0f380 is pointing into the stack for thread: 0x000000001e22a000
R10=0x0000000000000000 is an unknown value
R11=0x0000000000000246 is an unknown value
R12=0x0000000000000000 is an unknown value
R13={method} {0x000000001b9ff2e0} 'invokePV' '(JJ)V' in 'org/lwjgl/system/JNI'
R14=0x000000001ef0f3b8 is pointing into the stack for thread: 0x000000001e22a000
R15=0x000000001e22a000 is a thread


Stack: [0x000000001ee10000,0x000000001ef10000],  sp=0x000000001ef0f2d0,  free space=1020k
Native frames: (J=compiled Java code, j=interpreted, Vv=VM code, C=native code)
C  [glfw.dll+0x24b9]
C  0x00000000025f5e34

Java frames: (J=compiled Java code, j=interpreted, Vv=VM code)
j  org.lwjgl.system.JNI.invokePV(JJ)V+0
j  org.lwjgl.glfw.GLFW.glfwDestroyCursor(J)V+20
j  main.client.Window.destroyWindow()V+9
j  main.coreEngine.Engine.stop()V+70
j  main.client.Window.update()V+43
j  main.client.renderEngine.RenderEngine.render()V+38
j  main.client.ClientThread.tick()V+12
J 438% C1 main.coreEngine.TickableThread.run()V (481 bytes) @ 0x000000000283c9fc [0x00000000028381e0+0x481c]
v  ~StubRoutines::call_stub

---------------  P R O C E S S  ---------------

Java Threads: ( => current thread )
  0x000000001e223000 JavaThread "SERVER" [_thread_in_Java, id=11656, stack(0x000000001ef10000,0x000000001f010000)]
=>0x000000001e22a000 JavaThread "CLIENT" [_thread_in_native, id=1404, stack(0x000000001ee10000,0x000000001ef10000)]
  0x000000001e1d7000 JavaThread "Monitor Ctrl-Break" daemon [_thread_in_native, id=468, stack(0x000000001ed10000,0x000000001ee10000)]
  0x000000001e105000 JavaThread "Service Thread" daemon [_thread_blocked, id=9696, stack(0x000000001ea40000,0x000000001eb40000)]
  0x000000001e078000 JavaThread "C1 CompilerThread3" daemon [_thread_blocked, id=10900, stack(0x000000001e940000,0x000000001ea40000)]
  0x000000001e06f800 JavaThread "C2 CompilerThread2" daemon [_thread_blocked, id=12296, stack(0x000000001e840000,0x000000001e940000)]
  0x000000001e06b800 JavaThread "C2 CompilerThread1" daemon [_thread_blocked, id=7364, stack(0x000000001e740000,0x000000001e840000)]
  0x000000001e068000 JavaThread "C2 CompilerThread0" daemon [_thread_blocked, id=1004, stack(0x000000001e640000,0x000000001e740000)]
  0x000000001e066800 JavaThread "Attach Listener" daemon [_thread_blocked, id=5776, stack(0x000000001e540000,0x000000001e640000)]
  0x000000001e065800 JavaThread "Signal Dispatcher" daemon [_thread_blocked, id=11780, stack(0x000000001e440000,0x000000001e540000)]
  0x00000000025db800 JavaThread "Finalizer" daemon [_thread_blocked, id=9332, stack(0x000000001de60000,0x000000001df60000)]
  0x00000000025d5000 JavaThread "Reference Handler" daemon [_thread_blocked, id=12868, stack(0x000000001dd60000,0x000000001de60000)]
  0x00000000024de000 JavaThread "main" [_thread_in_Java, id=3140, stack(0x0000000002320000,0x0000000002420000)]

Other Threads:
  0x000000001bf79000 VMThread [stack: 0x000000001dc60000,0x000000001dd60000] [id=11152]
  0x000000001e128800 WatcherThread [stack: 0x000000001eb40000,0x000000001ec40000] [id=4672]

VM state:not at safepoint (normal execution)

VM Mutex/Monitor currently owned by a thread: None

Heap:
 PSYoungGen      total 325120K, used 48855K [0x000000076b800000, 0x000000078aa00000, 0x00000007c0000000)
  eden space 322560K, 15% used [0x000000076b800000,0x000000076e795ff0,0x000000077f300000)
  from space 2560K, 5% used [0x000000078a500000,0x000000078a520000,0x000000078a780000)
  to   space 2560K, 0% used [0x000000078a780000,0x000000078a780000,0x000000078aa00000)
 ParOldGen       total 173568K, used 1308K [0x00000006c2800000, 0x00000006cd180000, 0x000000076b800000)
  object space 173568K, 0% used [0x00000006c2800000,0x00000006c2947080,0x00000006cd180000)
 Metaspace       used 8264K, capacity 8614K, committed 8704K, reserved 1056768K
  class space    used 675K, capacity 722K, committed 768K, reserved 1048576K

Card table byte_map: [0x00000000119a0000,0x0000000012190000] byte_map_base: 0x000000000e38c000

Marking Bits: (ParMarkBitMap*) 0x0000000070c0a5b0
 Begin Bits: [0x0000000012ee0000, 0x0000000016e40000)
 End Bits:   [0x0000000016e40000, 0x000000001ada0000)

Polling page: 0x00000000009a0000

CodeCache: size=245760Kb used=2794Kb max_used=2794Kb free=242965Kb
 bounds [0x00000000025e0000, 0x00000000028a0000, 0x00000000115e0000]
 total_blobs=1232 nmethods=569 adapters=576
 compilation: enabled

Compilation events (10 events):
Event: 3.777 Thread 0x000000001e078000  565       3       main.client.renderEngine.shader.AbstractShaderProgram::setUniform (428 bytes)
Event: 3.782 Thread 0x000000001e078000 nmethod 565 0x0000000002888910 code [0x00000000028895a0, 0x0000000002892e68]
Event: 3.782 Thread 0x000000001e078000  566       3       main.coreEngine.util.maths.Matrix::storeFlipped (13 bytes)
Event: 3.782 Thread 0x000000001e078000 nmethod 566 0x0000000002898d90 code [0x0000000002898f00, 0x0000000002899228]
Event: 3.782 Thread 0x000000001e078000  567       3       main.coreEngine.util.maths.Matrix4f::store (146 bytes)
Event: 3.782 Thread 0x000000001e078000 nmethod 567 0x0000000002899310 code [0x0000000002899560, 0x000000000289a338]
Event: 3.782 Thread 0x000000001e078000  568       3       org.lwjgl.opengl.GL20::glUniformMatrix4fv (16 bytes)
Event: 3.782 Thread 0x000000001e078000 nmethod 568 0x000000000289a5d0 code [0x000000000289a7e0, 0x000000000289b238]
Event: 3.782 Thread 0x000000001e078000  569       3       org.lwjgl.opengl.GL20::nglUniformMatrix4fv (18 bytes)
Event: 3.783 Thread 0x000000001e078000 nmethod 569 0x000000000289b9d0 code [0x000000000289bba0, 0x000000000289c298]

GC Heap History (10 events):
Event: 3.303 GC heap before
{Heap before GC invocations=15 (full 0):
 PSYoungGen      total 399360K, used 399008K [0x000000076b800000, 0x000000078af00000, 0x00000007c0000000)
  eden space 398848K, 100% used [0x000000076b800000,0x0000000783d80000,0x0000000783d80000)
  from space 512K, 31% used [0x000000078ae80000,0x000000078aea8000,0x000000078af00000)
  to   space 3072K, 0% used [0x000000078a900000,0x000000078a900000,0x000000078ac00000)
 ParOldGen       total 173568K, used 1236K [0x00000006c2800000, 0x00000006cd180000, 0x000000076b800000)
  object space 173568K, 0% used [0x00000006c2800000,0x00000006c2935080,0x00000006cd180000)
 Metaspace       used 8253K, capacity 8614K, committed 8704K, reserved 1056768K
  class space    used 675K, capacity 722K, committed 768K, reserved 1048576K
Event: 3.304 GC heap after
Heap after GC invocations=15 (full 0):
 PSYoungGen      total 385024K, used 224K [0x000000076b800000, 0x000000078af00000, 0x00000007c0000000)
  eden space 381952K, 0% used [0x000000076b800000,0x000000076b800000,0x0000000782d00000)
  from space 3072K, 7% used [0x000000078a900000,0x000000078a938000,0x000000078ac00000)
  to   space 3072K, 0% used [0x000000078ac00000,0x000000078ac00000,0x000000078af00000)
 ParOldGen       total 173568K, used 1260K [0x00000006c2800000, 0x00000006cd180000, 0x000000076b800000)
  object space 173568K, 0% used [0x00000006c2800000,0x00000006c293b080,0x00000006cd180000)
 Metaspace       used 8253K, capacity 8614K, committed 8704K, reserved 1056768K
  class space    used 675K, capacity 722K, committed 768K, reserved 1048576K
}
Event: 3.486 GC heap before
{Heap before GC invocations=16 (full 0):
 PSYoungGen      total 385024K, used 382176K [0x000000076b800000, 0x000000078af00000, 0x00000007c0000000)
  eden space 381952K, 100% used [0x000000076b800000,0x0000000782d00000,0x0000000782d00000)
  from space 3072K, 7% used [0x000000078a900000,0x000000078a938000,0x000000078ac00000)
  to   space 3072K, 0% used [0x000000078ac00000,0x000000078ac00000,0x000000078af00000)
 ParOldGen       total 173568K, used 1260K [0x00000006c2800000, 0x00000006cd180000, 0x000000076b800000)
  object space 173568K, 0% used [0x00000006c2800000,0x00000006c293b080,0x00000006cd180000)
 Metaspace       used 8253K, capacity 8614K, committed 8704K, reserved 1056768K
  class space    used 675K, capacity 722K, committed 768K, reserved 1048576K
Event: 3.486 GC heap after
Heap after GC invocations=16 (full 0):
 PSYoungGen      total 366592K, used 192K [0x000000076b800000, 0x000000078ac80000, 0x00000007c0000000)
  eden space 366080K, 0% used [0x000000076b800000,0x000000076b800000,0x0000000781d80000)
  from space 512K, 37% used [0x000000078ac00000,0x000000078ac30000,0x000000078ac80000)
  to   space 3072K, 0% used [0x000000078a680000,0x000000078a680000,0x000000078a980000)
 ParOldGen       total 173568K, used 1260K [0x00000006c2800000, 0x00000006cd180000, 0x000000076b800000)
  object space 173568K, 0% used [0x00000006c2800000,0x00000006c293b080,0x00000006cd180000)
 Metaspace       used 8253K, capacity 8614K, committed 8704K, reserved 1056768K
  class space    used 675K, capacity 722K, committed 768K, reserved 1048576K
}
Event: 3.649 GC heap before
{Heap before GC invocations=17 (full 0):
 PSYoungGen      total 366592K, used 366272K [0x000000076b800000, 0x000000078ac80000, 0x00000007c0000000)
  eden space 366080K, 100% used [0x000000076b800000,0x0000000781d80000,0x0000000781d80000)
  from space 512K, 37% used [0x000000078ac00000,0x000000078ac30000,0x000000078ac80000)
  to   space 3072K, 0% used [0x000000078a680000,0x000000078a680000,0x000000078a980000)
 ParOldGen       total 173568K, used 1260K [0x00000006c2800000, 0x00000006cd180000, 0x000000076b800000)
  object space 173568K, 0% used [0x00000006c2800000,0x00000006c293b080,0x00000006cd180000)
 Metaspace       used 8253K, capacity 8614K, committed 8704K, reserved 1056768K
  class space    used 675K, capacity 722K, committed 768K, reserved 1048576K
Event: 3.649 GC heap after
Heap after GC invocations=17 (full 0):
 PSYoungGen      total 353792K, used 192K [0x000000076b800000, 0x000000078ac80000, 0x00000007c0000000)
  eden space 350720K, 0% used [0x000000076b800000,0x000000076b800000,0x0000000780e80000)
  from space 3072K, 6% used [0x000000078a680000,0x000000078a6b0000,0x000000078a980000)
  to   space 3072K, 0% used [0x000000078a980000,0x000000078a980000,0x000000078ac80000)
 ParOldGen       total 173568K, used 1260K [0x00000006c2800000, 0x00000006cd180000, 0x000000076b800000)
  object space 173568K, 0% used [0x00000006c2800000,0x00000006c293b080,0x00000006cd180000)
 Metaspace       used 8253K, capacity 8614K, committed 8704K, reserved 1056768K
  class space    used 675K, capacity 722K, committed 768K, reserved 1048576K
}
Event: 3.810 GC heap before
{Heap before GC invocations=18 (full 0):
 PSYoungGen      total 353792K, used 350912K [0x000000076b800000, 0x000000078ac80000, 0x00000007c0000000)
  eden space 350720K, 100% used [0x000000076b800000,0x0000000780e80000,0x0000000780e80000)
  from space 3072K, 6% used [0x000000078a680000,0x000000078a6b0000,0x000000078a980000)
  to   space 3072K, 0% used [0x000000078a980000,0x000000078a980000,0x000000078ac80000)
 ParOldGen       total 173568K, used 1260K [0x00000006c2800000, 0x00000006cd180000, 0x000000076b800000)
  object space 173568K, 0% used [0x00000006c2800000,0x00000006c293b080,0x00000006cd180000)
 Metaspace       used 8264K, capacity 8614K, committed 8704K, reserved 1056768K
  class space    used 675K, capacity 722K, committed 768K, reserved 1048576K
Event: 3.811 GC heap after
Heap after GC invocations=18 (full 0):
 PSYoungGen      total 336896K, used 160K [0x000000076b800000, 0x000000078aa00000, 0x00000007c0000000)
  eden space 336384K, 0% used [0x000000076b800000,0x000000076b800000,0x0000000780080000)
  from space 512K, 31% used [0x000000078a980000,0x000000078a9a8000,0x000000078aa00000)
  to   space 2560K, 0% used [0x000000078a500000,0x000000078a500000,0x000000078a780000)
 ParOldGen       total 173568K, used 1268K [0x00000006c2800000, 0x00000006cd180000, 0x000000076b800000)
  object space 173568K, 0% used [0x00000006c2800000,0x00000006c293d080,0x00000006cd180000)
 Metaspace       used 8264K, capacity 8614K, committed 8704K, reserved 1056768K
  class space    used 675K, capacity 722K, committed 768K, reserved 1048576K
}
Event: 3.982 GC heap before
{Heap before GC invocations=19 (full 0):
 PSYoungGen      total 336896K, used 336544K [0x000000076b800000, 0x000000078aa00000, 0x00000007c0000000)
  eden space 336384K, 100% used [0x000000076b800000,0x0000000780080000,0x0000000780080000)
  from space 512K, 31% used [0x000000078a980000,0x000000078a9a8000,0x000000078aa00000)
  to   space 2560K, 0% used [0x000000078a500000,0x000000078a500000,0x000000078a780000)
 ParOldGen       total 173568K, used 1268K [0x00000006c2800000, 0x00000006cd180000, 0x000000076b800000)
  object space 173568K, 0% used [0x00000006c2800000,0x00000006c293d080,0x00000006cd180000)
 Metaspace       used 8264K, capacity 8614K, committed 8704K, reserved 1056768K
  class space    used 675K, capacity 722K, committed 768K, reserved 1048576K
Event: 3.983 GC heap after
Heap after GC invocations=19 (full 0):
 PSYoungGen      total 325120K, used 128K [0x000000076b800000, 0x000000078aa00000, 0x00000007c0000000)
  eden space 322560K, 0% used [0x000000076b800000,0x000000076b800000,0x000000077f300000)
  from space 2560K, 5% used [0x000000078a500000,0x000000078a520000,0x000000078a780000)
  to   space 2560K, 0% used [0x000000078a780000,0x000000078a780000,0x000000078aa00000)
 ParOldGen       total 173568K, used 1308K [0x00000006c2800000, 0x00000006cd180000, 0x000000076b800000)
  object space 173568K, 0% used [0x00000006c2800000,0x00000006c2947080,0x00000006cd180000)
 Metaspace       used 8264K, capacity 8614K, committed 8704K, reserved 1056768K
  class space    used 675K, capacity 722K, committed 768K, reserved 1048576K
}

Deoptimization events (10 events):
Event: 0.421 Thread 0x000000001e22a000 Uncommon trap: reason=bimorphic action=maybe_recompile pc=0x000000000272bbac method=java.util.HashMap.getNode(ILjava/lang/Object;)Ljava/util/HashMap$Node; @ 126
Event: 0.426 Thread 0x000000001e22a000 Uncommon trap: reason=unstable_if action=reinterpret pc=0x00000000027317e8 method=java.util.HashMap.containsKey(Ljava/lang/Object;)Z @ 9
Event: 0.427 Thread 0x000000001e22a000 Uncommon trap: reason=unstable_if action=reinterpret pc=0x0000000002724558 method=java.util.HashMap.keySet()Ljava/util/Set; @ 6
Event: 0.931 Thread 0x000000001e22a000 Uncommon trap: reason=unstable_if action=reinterpret pc=0x00000000027295d8 method=java.util.HashMap.clear()V @ 16
Event: 0.931 Thread 0x000000001e22a000 Uncommon trap: reason=unstable_if action=reinterpret pc=0x000000000272a840 method=java.util.HashMap$HashIterator.<init>(Ljava/util/HashMap;)V @ 38
Event: 0.931 Thread 0x000000001e22a000 Uncommon trap: reason=unstable_if action=reinterpret pc=0x0000000002724798 method=java.util.HashMap.clear()V @ 16
Event: 0.931 Thread 0x00000000024de000 Uncommon trap: reason=unstable_if action=reinterpret pc=0x000000000273f920 method=java.util.HashMap.containsKey(Ljava/lang/Object;)Z @ 9
Event: 0.931 Thread 0x000000001e223000 Uncommon trap: reason=unstable_if action=reinterpret pc=0x000000000275cf00 method=main.coreEngine.TickableThread.run()V @ 58
Event: 0.969 Thread 0x00000000024de000 Uncommon trap: reason=unstable_if action=reinterpret pc=0x0000000002849650 method=main.coreEngine.Engine.start()V @ 163
Event: 1.019 Thread 0x000000001e223000 Uncommon trap: reason=unstable_if action=reinterpret pc=0x0000000002858a44 method=main.coreEngine.TickableThread.run()V @ 461

Internal exceptions (10 events):
Event: 0.029 Thread 0x00000000024de000 Exception <a 'java/lang/NoSuchMethodError': Method sun.misc.Unsafe.defineClass(Ljava/lang/String;[BII)Ljava/lang/Class; name or signature does not match> (0x000000076b80db80) thrown at [C:\workspace\8-2-build-windows-amd64-cygwin\jdk8u65\4987\hotspot\src\s!ä(Jù?
Event: 0.029 Thread 0x00000000024de000 Exception <a 'java/lang/NoSuchMethodError': Method sun.misc.Unsafe.prefetchRead(Ljava/lang/Object;J)V name or signature does not match> (0x000000076b80de68) thrown at [C:\workspace\8-2-build-windows-amd64-cygwin\jdk8u65\4987\hotspot\src\share\vm\prims\jni. G3ﬂ-/≈?
Event: 0.166 Thread 0x000000001e22a000 Exception <a 'java/lang/ArrayIndexOutOfBoundsException': -1> (0x000000076cd04198) thrown at [C:\workspace\8-2-build-windows-amd64-cygwin\jdk8u65\4987\hotspot\src\share\vm\interpreter\interpreterRuntime.cpp, line 366]
Event: 0.420 Thread 0x000000001e22a000 Implicit null exception at 0x000000000272fc4d to 0x000000000272ff45
Event: 0.420 Thread 0x000000001e22a000 Exception <a 'java/security/PrivilegedActionException'> (0x000000076cd7e5c0) thrown at [C:\workspace\8-2-build-windows-amd64-cygwin\jdk8u65\4987\hotspot\src\share\vm\prims\jvm.cpp, line 1386]
Event: 0.420 Thread 0x000000001e22a000 Exception <a 'java/security/PrivilegedActionException'> (0x000000076cd7e9b8) thrown at [C:\workspace\8-2-build-windows-amd64-cygwin\jdk8u65\4987\hotspot\src\share\vm\prims\jvm.cpp, line 1386]
Event: 0.421 Thread 0x000000001e22a000 Exception <a 'java/security/PrivilegedActionException'> (0x000000076cd82bd0) thrown at [C:\workspace\8-2-build-windows-amd64-cygwin\jdk8u65\4987\hotspot\src\share\vm\prims\jvm.cpp, line 1386]
Event: 0.421 Thread 0x000000001e22a000 Exception <a 'java/security/PrivilegedActionException'> (0x000000076cd82fc8) thrown at [C:\workspace\8-2-build-windows-amd64-cygwin\jdk8u65\4987\hotspot\src\share\vm\prims\jvm.cpp, line 1386]
Event: 0.426 Thread 0x000000001e22a000 Implicit null exception at 0x0000000002731514 to 0x00000000027317dd
Event: 0.931 Thread 0x00000000024de000 Implicit null exception at 0x000000000273f63f to 0x000000000273f90c

Events (10 events):
Event: 3.303 Executing VM operation: ParallelGCFailedAllocation
Event: 3.304 Executing VM operation: ParallelGCFailedAllocation done
Event: 3.485 Executing VM operation: ParallelGCFailedAllocation
Event: 3.486 Executing VM operation: ParallelGCFailedAllocation done
Event: 3.649 Executing VM operation: ParallelGCFailedAllocation
Event: 3.649 Executing VM operation: ParallelGCFailedAllocation done
Event: 3.810 Executing VM operation: ParallelGCFailedAllocation
Event: 3.812 Executing VM operation: ParallelGCFailedAllocation done
Event: 3.982 Executing VM operation: ParallelGCFailedAllocation
Event: 3.983 Executing VM operation: ParallelGCFailedAllocation done


Dynamic libraries:
0x00007ff75ee90000 - 0x00007ff75eec7000 	C:\Program Files\Java\jdk1.8.0_65\bin\java.exe
0x00007ffde4980000 - 0x00007ffde4b41000 	C:\WINDOWS\SYSTEM32\ntdll.dll
0x00007ffde42a0000 - 0x00007ffde434d000 	C:\WINDOWS\system32\KERNEL32.DLL
0x00007ffde19f0000 - 0x00007ffde1bd8000 	C:\WINDOWS\system32\KERNELBASE.dll
0x00007ffde1e70000 - 0x00007ffde1f17000 	C:\WINDOWS\system32\ADVAPI32.dll
0x00007ffde3800000 - 0x00007ffde389d000 	C:\WINDOWS\system32\msvcrt.dll
0x00007ffde1e10000 - 0x00007ffde1e6b000 	C:\WINDOWS\system32\sechost.dll
0x00007ffde3bd0000 - 0x00007ffde3cec000 	C:\WINDOWS\system32\RPCRT4.dll
0x00007ffde3fe0000 - 0x00007ffde4136000 	C:\WINDOWS\system32\USER32.dll
0x00007ffde3cf0000 - 0x00007ffde3e76000 	C:\WINDOWS\system32\GDI32.dll
0x00007ffddd690000 - 0x00007ffddd904000 	C:\WINDOWS\WinSxS\amd64_microsoft.windows.common-controls_6595b64144ccf1df_6.0.10586.0_none_8c15ae12515e1c22\COMCTL32.dll
0x00007ffde3950000 - 0x00007ffde3bcd000 	C:\WINDOWS\system32\combase.dll
0x00007ffde1cf0000 - 0x00007ffde1d5a000 	C:\WINDOWS\system32\bcryptPrimitives.dll
0x00007ffde1dc0000 - 0x00007ffde1dfb000 	C:\WINDOWS\system32\IMM32.DLL
0x0000000070c90000 - 0x0000000070d62000 	C:\Program Files\Java\jdk1.8.0_65\jre\bin\msvcr100.dll
0x0000000070400000 - 0x0000000070c89000 	C:\Program Files\Java\jdk1.8.0_65\jre\bin\server\jvm.dll
0x00007ffde4290000 - 0x00007ffde4298000 	C:\WINDOWS\system32\PSAPI.DLL
0x00007ffdd8550000 - 0x00007ffdd8559000 	C:\WINDOWS\SYSTEM32\WSOCK32.dll
0x00007ffddf730000 - 0x00007ffddf753000 	C:\WINDOWS\SYSTEM32\WINMM.dll
0x00007ffddd9c0000 - 0x00007ffddd9ca000 	C:\WINDOWS\SYSTEM32\VERSION.dll
0x00007ffde4470000 - 0x00007ffde44db000 	C:\WINDOWS\system32\WS2_32.dll
0x00000000009d0000 - 0x00000000009fc000 	C:\WINDOWS\SYSTEM32\WINMMBASE.dll
0x00007ffde1be0000 - 0x00007ffde1c23000 	C:\WINDOWS\system32\cfgmgr32.dll
0x00000000703f0000 - 0x00000000703ff000 	C:\Program Files\Java\jdk1.8.0_65\jre\bin\verify.dll
0x00000000703c0000 - 0x00000000703e9000 	C:\Program Files\Java\jdk1.8.0_65\jre\bin\java.dll
0x0000000070350000 - 0x0000000070366000 	C:\Program Files\Java\jdk1.8.0_65\jre\bin\zip.dll
0x00007ffde1f80000 - 0x00007ffde34dc000 	C:\WINDOWS\system32\SHELL32.dll
0x00007ffde11d0000 - 0x00007ffde1815000 	C:\WINDOWS\system32\windows.storage.dll
0x00007ffde36b0000 - 0x00007ffde3702000 	C:\WINDOWS\system32\shlwapi.dll
0x00007ffde0fb0000 - 0x00007ffde0fbf000 	C:\WINDOWS\system32\kernel.appcore.dll
0x00007ffde1c30000 - 0x00007ffde1ce5000 	C:\WINDOWS\system32\shcore.dll
0x00007ffde0fc0000 - 0x00007ffde100b000 	C:\WINDOWS\system32\powrprof.dll
0x00007ffde0f80000 - 0x00007ffde0f94000 	C:\WINDOWS\system32\profapi.dll
0x00007ffddf7d0000 - 0x00007ffddf7e0000 	D:\Program Files (x86)\JetBrains\IntelliJ IDEA 2016.1\bin\breakgen64.dll
0x00000000703a0000 - 0x00000000703ba000 	C:\Program Files\Java\jdk1.8.0_65\jre\bin\net.dll
0x00007ffde08b0000 - 0x00007ffde090c000 	C:\WINDOWS\system32\mswsock.dll
0x00007ffdcf260000 - 0x00007ffdcf2e8000 	D:\Code\Java\Projects\WireEngine20\lib\native\lwjgl.dll
0x00007ffde0a80000 - 0x00007ffde0a8b000 	C:\WINDOWS\SYSTEM32\CRYPTBASE.DLL
0x00007ffdc2750000 - 0x00007ffdc2792000 	D:\Code\Java\Projects\WireEngine20\lib\native\jemalloc.dll
0x00007ffdd40d0000 - 0x00007ffdd4108000 	D:\Code\Java\Projects\WireEngine20\lib\native\glfw.dll
0x00007ffddf850000 - 0x00007ffddf8e6000 	C:\WINDOWS\system32\uxtheme.dll
0x00007ffdde650000 - 0x00007ffdde672000 	C:\WINDOWS\SYSTEM32\dwmapi.dll
0x00007ffdc8b70000 - 0x00007ffdc8c99000 	C:\WINDOWS\SYSTEM32\opengl32.dll
0x00007ffdcd0c0000 - 0x00007ffdcd0ee000 	C:\WINDOWS\SYSTEM32\GLU32.dll
0x00007ffdc6920000 - 0x00007ffdc6a1a000 	C:\WINDOWS\SYSTEM32\DDRAW.dll
0x00007ffddaa30000 - 0x00007ffddaa38000 	C:\WINDOWS\SYSTEM32\DCIMAN32.dll
0x00007ffde3e80000 - 0x00007ffde3fda000 	C:\WINDOWS\system32\MSCTF.dll
0x00007ffdc9cc0000 - 0x00007ffdc9d09000 	C:\Program Files (x86)\TeamViewer\tv_x64.dll
0x00007ffde4140000 - 0x00007ffde4283000 	C:\WINDOWS\system32\ole32.dll
0x000000006e600000 - 0x0000000070349000 	C:\WINDOWS\SYSTEM32\nvoglv64.DLL
0x00007ffde4550000 - 0x00007ffde4979000 	C:\WINDOWS\system32\SETUPAPI.dll
0x00007ffddf2f0000 - 0x00007ffddf303000 	C:\WINDOWS\SYSTEM32\WTSAPI32.dll
0x00007ffddf9a0000 - 0x00007ffddf9c7000 	C:\WINDOWS\SYSTEM32\DEVOBJ.dll
0x00007ffde1170000 - 0x00007ffde11c5000 	C:\WINDOWS\system32\WINTRUST.dll
0x00007ffde0fa0000 - 0x00007ffde0fb0000 	C:\WINDOWS\system32\MSASN1.dll
0x00007ffde1820000 - 0x00007ffde19e7000 	C:\WINDOWS\system32\CRYPT32.dll
0x00007ffde04d0000 - 0x00007ffde0501000 	C:\WINDOWS\SYSTEM32\ntmarta.dll
0x00007ffde0220000 - 0x00007ffde0276000 	C:\WINDOWS\SYSTEM32\WINSTA.dll
0x00007ffde38a0000 - 0x00007ffde3947000 	C:\WINDOWS\system32\clbcatq.dll
0x00007ffdb9de0000 - 0x00007ffdb9f6c000 	C:\WINDOWS\SYSTEM32\dbghelp.dll

VM Arguments:
jvm_args: -Djava.library.path=lib/native/ -Didea.launcher.port=7532 -Didea.launcher.bin.path=D:\Program Files (x86)\JetBrains\IntelliJ IDEA 2016.1\bin -Dfile.encoding=UTF-8 
java_command: com.intellij.rt.execution.application.AppMain main.Main
java_class_path (initial): C:\Program Files\Java\jdk1.8.0_65\jre\lib\charsets.jar;C:\Program Files\Java\jdk1.8.0_65\jre\lib\deploy.jar;C:\Program Files\Java\jdk1.8.0_65\jre\lib\ext\access-bridge-64.jar;C:\Program Files\Java\jdk1.8.0_65\jre\lib\ext\cldrdata.jar;C:\Program Files\Java\jdk1.8.0_65\jre\lib\ext\dnsns.jar;C:\Program Files\Java\jdk1.8.0_65\jre\lib\ext\jaccess.jar;C:\Program Files\Java\jdk1.8.0_65\jre\lib\ext\jfxrt.jar;C:\Program Files\Java\jdk1.8.0_65\jre\lib\ext\localedata.jar;C:\Program Files\Java\jdk1.8.0_65\jre\lib\ext\nashorn.jar;C:\Program Files\Java\jdk1.8.0_65\jre\lib\ext\sunec.jar;C:\Program Files\Java\jdk1.8.0_65\jre\lib\ext\sunjce_provider.jar;C:\Program Files\Java\jdk1.8.0_65\jre\lib\ext\sunmscapi.jar;C:\Program Files\Java\jdk1.8.0_65\jre\lib\ext\sunpkcs11.jar;C:\Program Files\Java\jdk1.8.0_65\jre\lib\ext\zipfs.jar;C:\Program Files\Java\jdk1.8.0_65\jre\lib\javaws.jar;C:\Program Files\Java\jdk1.8.0_65\jre\lib\jce.jar;C:\Program Files\Java\jdk1.8.0_65\jre\lib\jfr.jar;C:\Program Files\Java\jdk1.8.0_65\jre\lib\jfxswt.jar;C:\Program Files\Java\jdk1.8.0_65\jre\lib\jsse.jar;C:\Program Files\Java\jdk1.8.0_65\jre\lib\management-agent.jar;C:\Program Files\Java\jdk1.8.0_65\jre\lib\plugin.jar;C:\Program Files\Java\jdk1.8.0_65\jre\lib\resources.jar;C:\Program Files\Java\jdk1.8.0_65\jre\lib\rt.jar;D:\Code\Java\Projects\WireEngine20\out\production\WireEngine20;D:\Code\Java\Projects\WireEngine20\lib\jar\lwjgl.jar;D:\Program Files (x86)\JetBrains\IntelliJ IDEA 2016.1\lib\idea_rt.jar
Launcher Type: SUN_STANDARD

Environment Variables:
JAVA_HOME=C:\Program Files\Java\jdk1.8.0_65
PATH=C:\ProgramData\Oracle\Java\javapath;C:\Program Files (x86)\Razer Chroma SDK\bin;C:\Program Files\Razer Chroma SDK\bin;C:\Program Files (x86)\NVIDIA Corporation\PhysX\Common;C:\Program Files (x86)\Intel\iCLS Client\;C:\Program Files\Intel\iCLS Client\;C:\Windows\system32;C:\Windows;C:\Windows\System32\Wbem;C:\Windows\System32\WindowsPowerShell\v1.0\;C:\Program Files\Intel\Intel(R) Management Engine Components\DAL;C:\Program Files (x86)\Intel\Intel(R) Management Engine Components\DAL;C:\Program Files\Intel\Intel(R) Management Engine Components\IPT;C:\Program Files (x86)\Intel\Intel(R) Management Engine Components\IPT;C:\Program Files\Java\jre1.8.0_65\bin;C:\MinGW\bin;C:\WINDOWS\system32;C:\WINDOWS;C:\WINDOWS\System32\Wbem;C:\WINDOWS\System32\WindowsPowerShell\v1.0\;D:\Program Files (x86)\CMake\bin;D:\Program Files\Programs\Python\Python35-32;D:\Program Files\Programs\Python\Python35-32\Scripts;C:\Program Files (x86)\Skype\Phone\;D:\Program Files\Programs\Python\Python35-32\Scripts\;D:\Program Files\Programs\Python\Python35-32\
USERNAME=Kelan
OS=Windows_NT
PROCESSOR_IDENTIFIER=Intel64 Family 6 Model 60 Stepping 3, GenuineIntel



---------------  S Y S T E M  ---------------

OS: Windows 10.0 , 64 bit Build 10586 (10.0.10586.0)

CPU:total 8 (4 cores per cpu, 2 threads per core) family 6 model 60 stepping 3, cmov, cx8, fxsr, mmx, sse, sse2, sse3, ssse3, sse4.1, sse4.2, popcnt, avx, avx2, aes, clmul, erms, lzcnt, ht, tsc, tscinvbit, bmi1, bmi2

Memory: 4k page, physical 16609500k(3842712k free), swap 33386716k(17451912k free)

vm_info: Java HotSpot(TM) 64-Bit Server VM (25.65-b01) for windows-amd64 JRE (1.8.0_65-b17), built on Oct  6 2015 16:39:20 by "java_re" with MS VC++ 10.0 (VS2010)

time: Sun Apr 10 14:07:51 2016
elapsed time: 4 seconds (0d 0h 0m 4s)

