#
# A fatal error has been detected by the Java Runtime Environment:
#
#  EXCEPTION_ACCESS_VIOLATION (0xc0000005) at pc=0x00007ffdd3e624b9, pid=360, tid=4820
#
# JRE version: Java(TM) SE Runtime Environment (8.0_65-b17) (build 1.8.0_65-b17)
# Java VM: Java HotSpot(TM) 64-Bit Server VM (25.65-b01 mixed mode windows-amd64 compressed oops)
# Problematic frame:
# C  [glfw.dll+0x24b9]
#
# Failed to write core dump. Minidumps are not enabled by default on client versions of Windows
#
# If you would like to submit a bug report, please visit:
#   http://bugreport.java.com/bugreport/crash.jsp
# The crash happened outside the Java Virtual Machine in native code.
# See problematic frame for where to report the bug.
#

---------------  T H R E A D  ---------------

Current thread (0x000000001e221800):  JavaThread "CLIENT" [_thread_in_native, id=4820, stack(0x000000001ef30000,0x000000001f030000)]

siginfo: ExceptionCode=0xc0000005, reading address 0x0000000000000000

Registers:
RAX=0x0000000000000000, RBX=0x000000001b9ef240, RCX=0x0000000000000000, RDX=0x0000000000000000
RSP=0x000000001f02eb40, RBP=0x000000001f02ebf8, RSI=0x0000000000000108, RDI=0x00000000005e0a20
R8 =0x000000001f02eb38, R9 =0x000000001f02ebf8, R10=0x0000000000000000, R11=0x0000000000000246
R12=0x0000000000000000, R13=0x000000001b9ef240, R14=0x000000001f02ec30, R15=0x000000001e221800
RIP=0x00007ffdd3e624b9, EFLAGS=0x0000000000010283

Top of Stack: (sp=0x000000001f02eb40)
0x000000001f02eb40:   000000001e221800 000000001e221800
0x000000001f02eb50:   000000001e221800 000000001e221800
0x000000001f02eb60:   000000000000053c 00000000025edfcc
0x000000001f02eb70:   000000001b9ef240 0000000070615005
0x000000001f02eb80:   000000001b995180 00000000025cd720
0x000000001f02eb90:   000000000000000e 000000001e221800
0x000000001f02eba0:   000000001ba0b9c8 000000007052aea4
0x000000001f02ebb0:   000000001e221800 000000001f02ebb8
0x000000001f02ebc0:   0000000000000000 000000001f02ec30
0x000000001f02ebd0:   000000001b9ef9e0 0000000000000000
0x000000001f02ebe0:   000000001b9ef240 0000000000000000
0x000000001f02ebf0:   000000001f02ec18 000000001f02ec78
0x000000001f02ec00:   00000000025d7d8d 00000006c28080b0
0x000000001f02ec10:   00000000025e42f8 00000000005e0a20
0x000000001f02ec20:   00000000025d78a0 00007ffdd3e62420
0x000000001f02ec30:   0000000000000001 000000001f02ec38 

Instructions: (pc=0x00007ffdd3e624b9)
0x00007ffdd3e62499:   48 8b cf e8 1f 3a 00 00 48 39 3d f0 d5 02 00 48
0x00007ffdd3e624a9:   8d 0d e9 d5 02 00 48 8b 5c 24 30 74 08 48 8b 09
0x00007ffdd3e624b9:   48 39 39 75 f8 48 8b 07 48 89 01 48 8b cf 48 83
0x00007ffdd3e624c9:   c4 20 5f e9 5b fe 00 00 48 83 c4 20 5f c3 cc cc 


Register to memory mapping:

RAX=0x0000000000000000 is an unknown value
RBX={method} {0x000000001b9ef248} 'invokePV' '(JJ)V' in 'org/lwjgl/system/JNI'
RCX=0x0000000000000000 is an unknown value
RDX=0x0000000000000000 is an unknown value
RSP=0x000000001f02eb40 is pointing into the stack for thread: 0x000000001e221800
RBP=0x000000001f02ebf8 is pointing into the stack for thread: 0x000000001e221800
RSI=0x0000000000000108 is an unknown value
RDI=0x00000000005e0a20 is an unknown value
R8 =0x000000001f02eb38 is pointing into the stack for thread: 0x000000001e221800
R9 =0x000000001f02ebf8 is pointing into the stack for thread: 0x000000001e221800
R10=0x0000000000000000 is an unknown value
R11=0x0000000000000246 is an unknown value
R12=0x0000000000000000 is an unknown value
R13={method} {0x000000001b9ef248} 'invokePV' '(JJ)V' in 'org/lwjgl/system/JNI'
R14=0x000000001f02ec30 is pointing into the stack for thread: 0x000000001e221800
R15=0x000000001e221800 is a thread


Stack: [0x000000001ef30000,0x000000001f030000],  sp=0x000000001f02eb40,  free space=1018k
Native frames: (J=compiled Java code, j=interpreted, Vv=VM code, C=native code)
C  [glfw.dll+0x24b9]
C  0x00000000025edfcc

Java frames: (J=compiled Java code, j=interpreted, Vv=VM code)
j  org.lwjgl.system.JNI.invokePV(JJ)V+0
j  org.lwjgl.glfw.GLFW.glfwDestroyCursor(J)V+20
j  main.client.Window.destroyWindow()V+9
j  main.coreEngine.Engine.stop()V+70
j  main.client.Window.update()V+33
j  main.client.renderEngine.RenderEngine.render()V+38
j  main.client.ClientThread.tick()V+12
j  main.coreEngine.TickableThread.run()V+469
v  ~StubRoutines::call_stub

---------------  P R O C E S S  ---------------

Java Threads: ( => current thread )
  0x000000001e222800 JavaThread "SERVER" [_thread_in_Java, id=6212, stack(0x000000001f030000,0x000000001f130000)]
=>0x000000001e221800 JavaThread "CLIENT" [_thread_in_native, id=4820, stack(0x000000001ef30000,0x000000001f030000)]
  0x000000001e12a800 JavaThread "Service Thread" daemon [_thread_blocked, id=7936, stack(0x000000001ed30000,0x000000001ee30000)]
  0x000000001e094000 JavaThread "C1 CompilerThread3" daemon [_thread_blocked, id=4528, stack(0x000000001ec30000,0x000000001ed30000)]
  0x000000001e087000 JavaThread "C2 CompilerThread2" daemon [_thread_blocked, id=5200, stack(0x000000001eb30000,0x000000001ec30000)]
  0x000000001e086000 JavaThread "C2 CompilerThread1" daemon [_thread_blocked, id=14144, stack(0x000000001ea30000,0x000000001eb30000)]
  0x000000001e08b000 JavaThread "C2 CompilerThread0" daemon [_thread_blocked, id=11056, stack(0x000000001e930000,0x000000001ea30000)]
  0x000000001e071000 JavaThread "JDWP Command Reader" daemon [_thread_in_native, id=11828, stack(0x000000001e830000,0x000000001e930000)]
  0x000000001e070000 JavaThread "JDWP Event Helper Thread" daemon [_thread_blocked, id=11944, stack(0x000000001e730000,0x000000001e830000)]
  0x000000001bf7d800 JavaThread "JDWP Transport Listener: dt_socket" daemon [_thread_blocked, id=5596, stack(0x000000001e630000,0x000000001e730000)]
  0x000000001e05f800 JavaThread "Attach Listener" daemon [_thread_blocked, id=2608, stack(0x000000001e530000,0x000000001e630000)]
  0x000000001e05e800 JavaThread "Signal Dispatcher" daemon [_thread_blocked, id=6884, stack(0x000000001e430000,0x000000001e530000)]
  0x00000000025cc800 JavaThread "Finalizer" daemon [_thread_blocked, id=10412, stack(0x000000001de50000,0x000000001df50000)]
  0x00000000025c6000 JavaThread "Reference Handler" daemon [_thread_blocked, id=9048, stack(0x000000001dd50000,0x000000001de50000)]
  0x000000000243e000 JavaThread "main" [_thread_in_Java, id=13428, stack(0x0000000002320000,0x0000000002420000)]

Other Threads:
  0x000000001bf69000 VMThread [stack: 0x000000001dc50000,0x000000001dd50000] [id=14300]
  0x000000001e145000 WatcherThread [stack: 0x000000001ee30000,0x000000001ef30000] [id=5484]

VM state:not at safepoint (normal execution)

VM Mutex/Monitor currently owned by a thread: None

Heap:
 PSYoungGen      total 174592K, used 98072K [0x000000076b800000, 0x0000000779a00000, 0x00000007c0000000)
  eden space 174080K, 56% used [0x000000076b800000,0x00000007717a63e0,0x0000000776200000)
  from space 512K, 25% used [0x0000000779980000,0x00000007799a0000,0x0000000779a00000)
  to   space 1536K, 0% used [0x0000000779700000,0x0000000779700000,0x0000000779880000)
 ParOldGen       total 173568K, used 1336K [0x00000006c2800000, 0x00000006cd180000, 0x000000076b800000)
  object space 173568K, 0% used [0x00000006c2800000,0x00000006c294e050,0x00000006cd180000)
 Metaspace       used 8222K, capacity 8710K, committed 8960K, reserved 1056768K
  class space    used 658K, capacity 690K, committed 768K, reserved 1048576K

Card table byte_map: [0x0000000011990000,0x0000000012180000] byte_map_base: 0x000000000e37c000

Marking Bits: (ParMarkBitMap*) 0x0000000070c0a5b0
 Begin Bits: [0x0000000012ed0000, 0x0000000016e30000)
 End Bits:   [0x0000000016e30000, 0x000000001ad90000)

Polling page: 0x00000000007a0000

CodeCache: size=245760Kb used=2823Kb max_used=2823Kb free=242936Kb
 bounds [0x00000000025d0000, 0x00000000028a0000, 0x00000000115d0000]
 total_blobs=1253 nmethods=599 adapters=575
 compilation: enabled

Compilation events (10 events):
Event: 2.400 Thread 0x000000001e094000  596       3       main.coreEngine.util.maths.Matrix4f::rotate (563 bytes)
Event: 2.400 Thread 0x000000001e094000 nmethod 596 0x0000000002891910 code [0x0000000002891ae0, 0x00000000028929c8]
Event: 2.414 Thread 0x000000001e094000  598       3       main.coreEngine.sceneGraph.Node::tick (75 bytes)
Event: 2.414 Thread 0x000000001e094000 nmethod 598 0x000000000288e910 code [0x000000000288eb20, 0x000000000288f5b8]
Event: 2.414 Thread 0x000000001e094000  597   !   3       main.coreEngine.TickableThread::scheduleTick (25 bytes)
Event: 2.414 Thread 0x000000001e094000 nmethod 597 0x0000000002892ed0 code [0x0000000002893040, 0x0000000002893350]
Event: 2.416 Thread 0x000000001e094000  599       3       main.coreEngine.sceneGraph.Node::input (75 bytes)
Event: 2.416 Thread 0x000000001e094000 nmethod 599 0x0000000002893410 code [0x0000000002893620, 0x00000000028940b8]
Event: 2.418 Thread 0x000000001e094000  600       1       java.lang.ref.Reference::access$100 (4 bytes)
Event: 2.418 Thread 0x000000001e094000 nmethod 600 0x000000000288e610 code [0x000000000288e760, 0x000000000288e850]

GC Heap History (10 events):
Event: 1.783 GC heap before
{Heap before GC invocations=14 (full 0):
 PSYoungGen      total 210944K, used 209024K [0x000000076b800000, 0x0000000779e00000, 0x00000007c0000000)
  eden space 208896K, 100% used [0x000000076b800000,0x0000000778400000,0x0000000778400000)
  from space 2048K, 6% used [0x0000000779a00000,0x0000000779a20000,0x0000000779c00000)
  to   space 2048K, 0% used [0x0000000779c00000,0x0000000779c00000,0x0000000779e00000)
 ParOldGen       total 173568K, used 1312K [0x00000006c2800000, 0x00000006cd180000, 0x000000076b800000)
  object space 173568K, 0% used [0x00000006c2800000,0x00000006c2948050,0x00000006cd180000)
 Metaspace       used 8210K, capacity 8710K, committed 8960K, reserved 1056768K
  class space    used 658K, capacity 690K, committed 768K, reserved 1048576K
Event: 1.784 GC heap after
Heap after GC invocations=14 (full 0):
 PSYoungGen      total 201728K, used 192K [0x000000076b800000, 0x0000000779c80000, 0x00000007c0000000)
  eden space 201216K, 0% used [0x000000076b800000,0x000000076b800000,0x0000000777c80000)
  from space 512K, 37% used [0x0000000779c00000,0x0000000779c30000,0x0000000779c80000)
  to   space 2048K, 0% used [0x0000000779880000,0x0000000779880000,0x0000000779a80000)
 ParOldGen       total 173568K, used 1312K [0x00000006c2800000, 0x00000006cd180000, 0x000000076b800000)
  object space 173568K, 0% used [0x00000006c2800000,0x00000006c2948050,0x00000006cd180000)
 Metaspace       used 8210K, capacity 8710K, committed 8960K, reserved 1056768K
  class space    used 658K, capacity 690K, committed 768K, reserved 1048576K
}
Event: 1.963 GC heap before
{Heap before GC invocations=15 (full 0):
 PSYoungGen      total 201728K, used 201408K [0x000000076b800000, 0x0000000779c80000, 0x00000007c0000000)
  eden space 201216K, 100% used [0x000000076b800000,0x0000000777c80000,0x0000000777c80000)
  from space 512K, 37% used [0x0000000779c00000,0x0000000779c30000,0x0000000779c80000)
  to   space 2048K, 0% used [0x0000000779880000,0x0000000779880000,0x0000000779a80000)
 ParOldGen       total 173568K, used 1312K [0x00000006c2800000, 0x00000006cd180000, 0x000000076b800000)
  object space 173568K, 0% used [0x00000006c2800000,0x00000006c2948050,0x00000006cd180000)
 Metaspace       used 8212K, capacity 8710K, committed 8960K, reserved 1056768K
  class space    used 658K, capacity 690K, committed 768K, reserved 1048576K
Event: 1.964 GC heap after
Heap after GC invocations=15 (full 0):
 PSYoungGen      total 196096K, used 192K [0x000000076b800000, 0x0000000779c80000, 0x00000007c0000000)
  eden space 194048K, 0% used [0x000000076b800000,0x000000076b800000,0x0000000777580000)
  from space 2048K, 9% used [0x0000000779880000,0x00000007798b0000,0x0000000779a80000)
  to   space 2048K, 0% used [0x0000000779a80000,0x0000000779a80000,0x0000000779c80000)
 ParOldGen       total 173568K, used 1312K [0x00000006c2800000, 0x00000006cd180000, 0x000000076b800000)
  object space 173568K, 0% used [0x00000006c2800000,0x00000006c2948050,0x00000006cd180000)
 Metaspace       used 8212K, capacity 8710K, committed 8960K, reserved 1056768K
  class space    used 658K, capacity 690K, committed 768K, reserved 1048576K
}
Event: 2.116 GC heap before
{Heap before GC invocations=16 (full 0):
 PSYoungGen      total 196096K, used 194240K [0x000000076b800000, 0x0000000779c80000, 0x00000007c0000000)
  eden space 194048K, 100% used [0x000000076b800000,0x0000000777580000,0x0000000777580000)
  from space 2048K, 9% used [0x0000000779880000,0x00000007798b0000,0x0000000779a80000)
  to   space 2048K, 0% used [0x0000000779a80000,0x0000000779a80000,0x0000000779c80000)
 ParOldGen       total 173568K, used 1312K [0x00000006c2800000, 0x00000006cd180000, 0x000000076b800000)
  object space 173568K, 0% used [0x00000006c2800000,0x00000006c2948050,0x00000006cd180000)
 Metaspace       used 8217K, capacity 8710K, committed 8960K, reserved 1056768K
  class space    used 658K, capacity 690K, committed 768K, reserved 1048576K
Event: 2.116 GC heap after
Heap after GC invocations=16 (full 0):
 PSYoungGen      total 187392K, used 224K [0x000000076b800000, 0x0000000779b00000, 0x00000007c0000000)
  eden space 186880K, 0% used [0x000000076b800000,0x000000076b800000,0x0000000776e80000)
  from space 512K, 43% used [0x0000000779a80000,0x0000000779ab8000,0x0000000779b00000)
  to   space 2048K, 0% used [0x0000000779700000,0x0000000779700000,0x0000000779900000)
 ParOldGen       total 173568K, used 1320K [0x00000006c2800000, 0x00000006cd180000, 0x000000076b800000)
  object space 173568K, 0% used [0x00000006c2800000,0x00000006c294a050,0x00000006cd180000)
 Metaspace       used 8217K, capacity 8710K, committed 8960K, reserved 1056768K
  class space    used 658K, capacity 690K, committed 768K, reserved 1048576K
}
Event: 2.286 GC heap before
{Heap before GC invocations=17 (full 0):
 PSYoungGen      total 187392K, used 187104K [0x000000076b800000, 0x0000000779b00000, 0x00000007c0000000)
  eden space 186880K, 100% used [0x000000076b800000,0x0000000776e80000,0x0000000776e80000)
  from space 512K, 43% used [0x0000000779a80000,0x0000000779ab8000,0x0000000779b00000)
  to   space 2048K, 0% used [0x0000000779700000,0x0000000779700000,0x0000000779900000)
 ParOldGen       total 173568K, used 1320K [0x00000006c2800000, 0x00000006cd180000, 0x000000076b800000)
  object space 173568K, 0% used [0x00000006c2800000,0x00000006c294a050,0x00000006cd180000)
 Metaspace       used 8217K, capacity 8710K, committed 8960K, reserved 1056768K
  class space    used 658K, capacity 690K, committed 768K, reserved 1048576K
Event: 2.286 GC heap after
Heap after GC invocations=17 (full 0):
 PSYoungGen      total 182272K, used 192K [0x000000076b800000, 0x0000000779b00000, 0x00000007c0000000)
  eden space 180224K, 0% used [0x000000076b800000,0x000000076b800000,0x0000000776800000)
  from space 2048K, 9% used [0x0000000779700000,0x0000000779730000,0x0000000779900000)
  to   space 1536K, 0% used [0x0000000779980000,0x0000000779980000,0x0000000779b00000)
 ParOldGen       total 173568K, used 1336K [0x00000006c2800000, 0x00000006cd180000, 0x000000076b800000)
  object space 173568K, 0% used [0x00000006c2800000,0x00000006c294e050,0x00000006cd180000)
 Metaspace       used 8217K, capacity 8710K, committed 8960K, reserved 1056768K
  class space    used 658K, capacity 690K, committed 768K, reserved 1048576K
}
Event: 2.418 GC heap before
{Heap before GC invocations=18 (full 0):
 PSYoungGen      total 182272K, used 180416K [0x000000076b800000, 0x0000000779b00000, 0x00000007c0000000)
  eden space 180224K, 100% used [0x000000076b800000,0x0000000776800000,0x0000000776800000)
  from space 2048K, 9% used [0x0000000779700000,0x0000000779730000,0x0000000779900000)
  to   space 1536K, 0% used [0x0000000779980000,0x0000000779980000,0x0000000779b00000)
 ParOldGen       total 173568K, used 1336K [0x00000006c2800000, 0x00000006cd180000, 0x000000076b800000)
  object space 173568K, 0% used [0x00000006c2800000,0x00000006c294e050,0x00000006cd180000)
 Metaspace       used 8222K, capacity 8710K, committed 8960K, reserved 1056768K
  class space    used 658K, capacity 690K, committed 768K, reserved 1048576K
Event: 2.418 GC heap after
Heap after GC invocations=18 (full 0):
 PSYoungGen      total 174592K, used 128K [0x000000076b800000, 0x0000000779a00000, 0x00000007c0000000)
  eden space 174080K, 0% used [0x000000076b800000,0x000000076b800000,0x0000000776200000)
  from space 512K, 25% used [0x0000000779980000,0x00000007799a0000,0x0000000779a00000)
  to   space 1536K, 0% used [0x0000000779700000,0x0000000779700000,0x0000000779880000)
 ParOldGen       total 173568K, used 1336K [0x00000006c2800000, 0x00000006cd180000, 0x000000076b800000)
  object space 173568K, 0% used [0x00000006c2800000,0x00000006c294e050,0x00000006cd180000)
 Metaspace       used 8222K, capacity 8710K, committed 8960K, reserved 1056768K
  class space    used 658K, capacity 690K, committed 768K, reserved 1048576K
}

Deoptimization events (10 events):
Event: 0.421 Thread 0x000000001e221800 Uncommon trap: reason=bimorphic action=maybe_recompile pc=0x0000000002719238 method=java.util.HashMap.getNode(ILjava/lang/Object;)Ljava/util/HashMap$Node; @ 126
Event: 0.428 Thread 0x000000001e221800 Uncommon trap: reason=unstable_if action=reinterpret pc=0x0000000002714458 method=java.util.HashMap.keySet()Ljava/util/Set; @ 6
Event: 0.946 Thread 0x000000001e221800 Uncommon trap: reason=unstable_if action=reinterpret pc=0x0000000002712a84 method=java.util.HashMap.clear()V @ 16
Event: 0.946 Thread 0x000000001e221800 Uncommon trap: reason=unstable_if action=reinterpret pc=0x0000000002713758 method=java.util.HashMap.clear()V @ 16
Event: 0.946 Thread 0x000000000243e000 Uncommon trap: reason=unstable_if action=reinterpret pc=0x0000000002731a40 method=main.coreEngine.TickableThread.invoke(Ljava/lang/String;[Ljava/lang/Object;)V @ 53
Event: 0.946 Thread 0x000000001e222800 Uncommon trap: reason=unstable_if action=reinterpret pc=0x0000000002771ef4 method=main.coreEngine.TickableThread.run()V @ 58
Event: 0.968 Thread 0x000000001e221800 Uncommon trap: reason=bimorphic action=maybe_recompile pc=0x0000000002721454 method=java.util.HashMap.getNode(ILjava/lang/Object;)Ljava/util/HashMap$Node; @ 126
Event: 0.968 Thread 0x000000001e221800 Uncommon trap: reason=bimorphic action=maybe_recompile pc=0x0000000002719238 method=java.util.HashMap.getNode(ILjava/lang/Object;)Ljava/util/HashMap$Node; @ 126
Event: 1.005 Thread 0x000000000243e000 Uncommon trap: reason=unstable_if action=reinterpret pc=0x000000000286a53c method=main.coreEngine.Engine.start()V @ 163
Event: 1.031 Thread 0x000000001e222800 Uncommon trap: reason=unstable_if action=reinterpret pc=0x00000000028748ec method=main.coreEngine.TickableThread.run()V @ 461

Internal exceptions (7 events):
Event: 0.033 Thread 0x000000000243e000 Exception <a 'java/lang/NoSuchMethodError': Method sun.misc.Unsafe.defineClass(Ljava/lang/String;[BII)Ljava/lang/Class; name or signature does not match> (0x000000076b80d738) thrown at [C:\workspace\8-2-build-windows-amd64-cygwin\jdk8u65\4987\hotspot\src\s≈À∂¿‘†?
Event: 0.033 Thread 0x000000000243e000 Exception <a 'java/lang/NoSuchMethodError': Method sun.misc.Unsafe.prefetchRead(Ljava/lang/Object;J)V name or signature does not match> (0x000000076b80da20) thrown at [C:\workspace\8-2-build-windows-amd64-cygwin\jdk8u65\4987\hotspot\src\share\vm\prims\jni.^24ÑÚ⁄?
Event: 0.421 Thread 0x000000001e221800 Exception <a 'java/security/PrivilegedActionException'> (0x000000076e254ef0) thrown at [C:\workspace\8-2-build-windows-amd64-cygwin\jdk8u65\4987\hotspot\src\share\vm\prims\jvm.cpp, line 1386]
Event: 0.421 Thread 0x000000001e221800 Exception <a 'java/security/PrivilegedActionException'> (0x000000076e2552e8) thrown at [C:\workspace\8-2-build-windows-amd64-cygwin\jdk8u65\4987\hotspot\src\share\vm\prims\jvm.cpp, line 1386]
Event: 0.422 Thread 0x000000001e221800 Exception <a 'java/security/PrivilegedActionException'> (0x000000076e259500) thrown at [C:\workspace\8-2-build-windows-amd64-cygwin\jdk8u65\4987\hotspot\src\share\vm\prims\jvm.cpp, line 1386]
Event: 0.422 Thread 0x000000001e221800 Exception <a 'java/security/PrivilegedActionException'> (0x000000076e2598f8) thrown at [C:\workspace\8-2-build-windows-amd64-cygwin\jdk8u65\4987\hotspot\src\share\vm\prims\jvm.cpp, line 1386]
Event: 0.946 Thread 0x000000000243e000 Implicit null exception at 0x000000000273147c to 0x0000000002731a19

Events (10 events):
Event: 1.783 Executing VM operation: ParallelGCFailedAllocation
Event: 1.784 Executing VM operation: ParallelGCFailedAllocation done
Event: 1.963 Executing VM operation: ParallelGCFailedAllocation
Event: 1.964 Executing VM operation: ParallelGCFailedAllocation done
Event: 2.116 Executing VM operation: ParallelGCFailedAllocation
Event: 2.116 Executing VM operation: ParallelGCFailedAllocation done
Event: 2.285 Executing VM operation: ParallelGCFailedAllocation
Event: 2.286 Executing VM operation: ParallelGCFailedAllocation done
Event: 2.418 Executing VM operation: ParallelGCFailedAllocation
Event: 2.418 Executing VM operation: ParallelGCFailedAllocation done


Dynamic libraries:
0x00007ff67ba00000 - 0x00007ff67ba37000 	C:\Program Files\Java\jdk1.8.0_65\bin\java.exe
0x00007ffde4980000 - 0x00007ffde4b41000 	C:\WINDOWS\SYSTEM32\ntdll.dll
0x00007ffde42a0000 - 0x00007ffde434d000 	C:\WINDOWS\system32\KERNEL32.DLL
0x00007ffde19f0000 - 0x00007ffde1bd8000 	C:\WINDOWS\system32\KERNELBASE.dll
0x00007ffde1e70000 - 0x00007ffde1f17000 	C:\WINDOWS\system32\ADVAPI32.dll
0x00007ffde3800000 - 0x00007ffde389d000 	C:\WINDOWS\system32\msvcrt.dll
0x00007ffde1e10000 - 0x00007ffde1e6b000 	C:\WINDOWS\system32\sechost.dll
0x00007ffde3bd0000 - 0x00007ffde3cec000 	C:\WINDOWS\system32\RPCRT4.dll
0x00007ffde3fe0000 - 0x00007ffde4136000 	C:\WINDOWS\system32\USER32.dll
0x00007ffde3cf0000 - 0x00007ffde3e76000 	C:\WINDOWS\system32\GDI32.dll
0x00007ffddd690000 - 0x00007ffddd904000 	C:\WINDOWS\WinSxS\amd64_microsoft.windows.common-controls_6595b64144ccf1df_6.0.10586.0_none_8c15ae12515e1c22\COMCTL32.dll
0x00007ffde3950000 - 0x00007ffde3bcd000 	C:\WINDOWS\system32\combase.dll
0x00007ffde1cf0000 - 0x00007ffde1d5a000 	C:\WINDOWS\system32\bcryptPrimitives.dll
0x00007ffde1dc0000 - 0x00007ffde1dfb000 	C:\WINDOWS\system32\IMM32.DLL
0x0000000070c90000 - 0x0000000070d62000 	C:\Program Files\Java\jdk1.8.0_65\jre\bin\msvcr100.dll
0x0000000070400000 - 0x0000000070c89000 	C:\Program Files\Java\jdk1.8.0_65\jre\bin\server\jvm.dll
0x00007ffde4290000 - 0x00007ffde4298000 	C:\WINDOWS\system32\PSAPI.DLL
0x00007ffdd8550000 - 0x00007ffdd8559000 	C:\WINDOWS\SYSTEM32\WSOCK32.dll
0x00007ffddf730000 - 0x00007ffddf753000 	C:\WINDOWS\SYSTEM32\WINMM.dll
0x00007ffddd9c0000 - 0x00007ffddd9ca000 	C:\WINDOWS\SYSTEM32\VERSION.dll
0x00007ffde4470000 - 0x00007ffde44db000 	C:\WINDOWS\system32\WS2_32.dll
0x00000000007c0000 - 0x00000000007ec000 	C:\WINDOWS\SYSTEM32\WINMMBASE.dll
0x00007ffde1be0000 - 0x00007ffde1c23000 	C:\WINDOWS\system32\cfgmgr32.dll
0x00000000703f0000 - 0x00000000703ff000 	C:\Program Files\Java\jdk1.8.0_65\jre\bin\verify.dll
0x00000000703c0000 - 0x00000000703e9000 	C:\Program Files\Java\jdk1.8.0_65\jre\bin\java.dll
0x0000000070380000 - 0x00000000703b5000 	C:\Program Files\Java\jdk1.8.0_65\jre\bin\jdwp.dll
0x0000000070370000 - 0x0000000070378000 	C:\Program Files\Java\jdk1.8.0_65\jre\bin\npt.dll
0x0000000070350000 - 0x0000000070366000 	C:\Program Files\Java\jdk1.8.0_65\jre\bin\zip.dll
0x00007ffde1f80000 - 0x00007ffde34dc000 	C:\WINDOWS\system32\SHELL32.dll
0x00007ffde11d0000 - 0x00007ffde1815000 	C:\WINDOWS\system32\windows.storage.dll
0x00007ffde36b0000 - 0x00007ffde3702000 	C:\WINDOWS\system32\shlwapi.dll
0x00007ffde0fb0000 - 0x00007ffde0fbf000 	C:\WINDOWS\system32\kernel.appcore.dll
0x00007ffde1c30000 - 0x00007ffde1ce5000 	C:\WINDOWS\system32\shcore.dll
0x00007ffde0fc0000 - 0x00007ffde100b000 	C:\WINDOWS\system32\powrprof.dll
0x00007ffde0f80000 - 0x00007ffde0f94000 	C:\WINDOWS\system32\profapi.dll
0x0000000070340000 - 0x0000000070349000 	C:\Program Files\Java\jdk1.8.0_65\jre\bin\dt_socket.dll
0x00007ffde08b0000 - 0x00007ffde090c000 	C:\WINDOWS\system32\mswsock.dll
0x00007ffdd3f10000 - 0x00007ffdd3f98000 	D:\Code\Java\Projects\WireEngine20\lib\native\lwjgl.dll
0x00007ffde0a80000 - 0x00007ffde0a8b000 	C:\WINDOWS\SYSTEM32\CRYPTBASE.DLL
0x00007ffdd45f0000 - 0x00007ffdd4632000 	D:\Code\Java\Projects\WireEngine20\lib\native\jemalloc.dll
0x00007ffdd3e60000 - 0x00007ffdd3e98000 	D:\Code\Java\Projects\WireEngine20\lib\native\glfw.dll
0x00007ffddf850000 - 0x00007ffddf8e6000 	C:\WINDOWS\system32\uxtheme.dll
0x00007ffdde650000 - 0x00007ffdde672000 	C:\WINDOWS\SYSTEM32\dwmapi.dll
0x00007ffdc8b70000 - 0x00007ffdc8c99000 	C:\WINDOWS\SYSTEM32\opengl32.dll
0x00007ffdcfb70000 - 0x00007ffdcfb9e000 	C:\WINDOWS\SYSTEM32\GLU32.dll
0x00007ffdc68b0000 - 0x00007ffdc69aa000 	C:\WINDOWS\SYSTEM32\DDRAW.dll
0x00007ffdd47a0000 - 0x00007ffdd47a8000 	C:\WINDOWS\SYSTEM32\DCIMAN32.dll
0x00007ffde3e80000 - 0x00007ffde3fda000 	C:\WINDOWS\system32\MSCTF.dll
0x00007ffdcb820000 - 0x00007ffdcb869000 	C:\Program Files (x86)\TeamViewer\tv_x64.dll
0x00007ffde4140000 - 0x00007ffde4283000 	C:\WINDOWS\system32\ole32.dll
0x000000006e3c0000 - 0x0000000070109000 	C:\WINDOWS\SYSTEM32\nvoglv64.DLL
0x00007ffde4550000 - 0x00007ffde4979000 	C:\WINDOWS\system32\SETUPAPI.dll
0x00007ffddf2f0000 - 0x00007ffddf303000 	C:\WINDOWS\SYSTEM32\WTSAPI32.dll
0x00007ffddf9a0000 - 0x00007ffddf9c7000 	C:\WINDOWS\SYSTEM32\DEVOBJ.dll
0x00007ffde1170000 - 0x00007ffde11c5000 	C:\WINDOWS\system32\WINTRUST.dll
0x00007ffde0fa0000 - 0x00007ffde0fb0000 	C:\WINDOWS\system32\MSASN1.dll
0x00007ffde1820000 - 0x00007ffde19e7000 	C:\WINDOWS\system32\CRYPT32.dll
0x00007ffde04d0000 - 0x00007ffde0501000 	C:\WINDOWS\SYSTEM32\ntmarta.dll
0x00007ffde0220000 - 0x00007ffde0276000 	C:\WINDOWS\SYSTEM32\WINSTA.dll
0x00007ffde38a0000 - 0x00007ffde3947000 	C:\WINDOWS\system32\clbcatq.dll
0x00007ffdddd50000 - 0x00007ffdddd75000 	C:\Program Files (x86)\Samsung\Easy Printer Manager\SmartScreenPrint\CDAKEYMonitor64.dll
0x00007ffde3730000 - 0x00007ffde37f1000 	C:\WINDOWS\system32\OLEAUT32.dll
0x00007ffdb9de0000 - 0x00007ffdb9f6c000 	C:\WINDOWS\SYSTEM32\dbghelp.dll

VM Arguments:
jvm_args: -agentlib:jdwp=transport=dt_socket,address=127.0.0.1:62725,suspend=y,server=n -Djava.library.path=lib/native/ -Dfile.encoding=UTF-8 
java_command: main.Main
java_class_path (initial): C:\Program Files\Java\jdk1.8.0_65\jre\lib\charsets.jar;C:\Program Files\Java\jdk1.8.0_65\jre\lib\deploy.jar;C:\Program Files\Java\jdk1.8.0_65\jre\lib\ext\access-bridge-64.jar;C:\Program Files\Java\jdk1.8.0_65\jre\lib\ext\cldrdata.jar;C:\Program Files\Java\jdk1.8.0_65\jre\lib\ext\dnsns.jar;C:\Program Files\Java\jdk1.8.0_65\jre\lib\ext\jaccess.jar;C:\Program Files\Java\jdk1.8.0_65\jre\lib\ext\jfxrt.jar;C:\Program Files\Java\jdk1.8.0_65\jre\lib\ext\localedata.jar;C:\Program Files\Java\jdk1.8.0_65\jre\lib\ext\nashorn.jar;C:\Program Files\Java\jdk1.8.0_65\jre\lib\ext\sunec.jar;C:\Program Files\Java\jdk1.8.0_65\jre\lib\ext\sunjce_provider.jar;C:\Program Files\Java\jdk1.8.0_65\jre\lib\ext\sunmscapi.jar;C:\Program Files\Java\jdk1.8.0_65\jre\lib\ext\sunpkcs11.jar;C:\Program Files\Java\jdk1.8.0_65\jre\lib\ext\zipfs.jar;C:\Program Files\Java\jdk1.8.0_65\jre\lib\javaws.jar;C:\Program Files\Java\jdk1.8.0_65\jre\lib\jce.jar;C:\Program Files\Java\jdk1.8.0_65\jre\lib\jfr.jar;C:\Program Files\Java\jdk1.8.0_65\jre\lib\jfxswt.jar;C:\Program Files\Java\jdk1.8.0_65\jre\lib\jsse.jar;C:\Program Files\Java\jdk1.8.0_65\jre\lib\management-agent.jar;C:\Program Files\Java\jdk1.8.0_65\jre\lib\plugin.jar;C:\Program Files\Java\jdk1.8.0_65\jre\lib\resources.jar;C:\Program Files\Java\jdk1.8.0_65\jre\lib\rt.jar;D:\Code\Java\Projects\WireEngine20\out\production\WireEngine20;D:\Code\Java\Projects\WireEngine20\lib\jar\lwjgl.jar;D:\Code\Java\Projects\WireEngine20\lib\jar\slick-util.jar;D:\Program Files (x86)\JetBrains\IntelliJ IDEA 2016.1\lib\idea_rt.jar
Launcher Type: SUN_STANDARD

Environment Variables:
JAVA_HOME=C:\Program Files\Java\jdk1.8.0_65
PATH=C:\ProgramData\Oracle\Java\javapath;C:\Program Files (x86)\Razer Chroma SDK\bin;C:\Program Files\Razer Chroma SDK\bin;C:\Program Files (x86)\NVIDIA Corporation\PhysX\Common;C:\Program Files (x86)\Intel\iCLS Client\;C:\Program Files\Intel\iCLS Client\;C:\Windows\system32;C:\Windows;C:\Windows\System32\Wbem;C:\Windows\System32\WindowsPowerShell\v1.0\;C:\Program Files\Intel\Intel(R) Management Engine Components\DAL;C:\Program Files (x86)\Intel\Intel(R) Management Engine Components\DAL;C:\Program Files\Intel\Intel(R) Management Engine Components\IPT;C:\Program Files (x86)\Intel\Intel(R) Management Engine Components\IPT;C:\Program Files\Java\jre1.8.0_65\bin;C:\MinGW\bin;C:\WINDOWS\system32;C:\WINDOWS;C:\WINDOWS\System32\Wbem;C:\WINDOWS\System32\WindowsPowerShell\v1.0\;D:\Program Files (x86)\CMake\bin;D:\Program Files\Programs\Python\Python35-32;D:\Program Files\Programs\Python\Python35-32\Scripts;C:\Program Files (x86)\Skype\Phone\;D:\Program Files\Programs\Python\Python35-32\Scripts\;D:\Program Files\Programs\Python\Python35-32\
USERNAME=Kelan
OS=Windows_NT
PROCESSOR_IDENTIFIER=Intel64 Family 6 Model 60 Stepping 3, GenuineIntel



---------------  S Y S T E M  ---------------

OS: Windows 10.0 , 64 bit Build 10586 (10.0.10586.0)

CPU:total 8 (4 cores per cpu, 2 threads per core) family 6 model 60 stepping 3, cmov, cx8, fxsr, mmx, sse, sse2, sse3, ssse3, sse4.1, sse4.2, popcnt, avx, avx2, aes, clmul, erms, lzcnt, ht, tsc, tscinvbit, bmi1, bmi2

Memory: 4k page, physical 16609500k(1371296k free), swap 33386716k(13948892k free)

vm_info: Java HotSpot(TM) 64-Bit Server VM (25.65-b01) for windows-amd64 JRE (1.8.0_65-b17), built on Oct  6 2015 16:39:20 by "java_re" with MS VC++ 10.0 (VS2010)

time: Thu Apr 14 14:39:55 2016
elapsed time: 2 seconds (0d 0h 0m 2s)

