#
# A fatal error has been detected by the Java Runtime Environment:
#
#  EXCEPTION_ACCESS_VIOLATION (0xc0000005) at pc=0x00007ffdd3de24b9, pid=904, tid=4344
#
# JRE version: Java(TM) SE Runtime Environment (8.0_65-b17) (build 1.8.0_65-b17)
# Java VM: Java HotSpot(TM) 64-Bit Server VM (25.65-b01 mixed mode windows-amd64 compressed oops)
# Problematic frame:
# C  [glfw.dll+0x24b9]
#
# Failed to write core dump. Minidumps are not enabled by default on client versions of Windows
#
# If you would like to submit a bug report, please visit:
#   http://bugreport.java.com/bugreport/crash.jsp
# The crash happened outside the Java Virtual Machine in native code.
# See problematic frame for where to report the bug.
#

---------------  T H R E A D  ---------------

Current thread (0x000000001e18d800):  JavaThread "CLIENT" [_thread_in_native, id=4344, stack(0x000000001eeb0000,0x000000001efb0000)]

siginfo: ExceptionCode=0xc0000005, reading address 0x0000000000000000

Registers:
RAX=0x0000000000000000, RBX=0x000000001b98f240, RCX=0x0000000000000000, RDX=0x0000000000000000
RSP=0x000000001efaf170, RBP=0x000000001efaf228, RSI=0x0000000000000108, RDI=0x0000000000528050
R8 =0x000000001efaf168, R9 =0x000000001efaf228, R10=0x0000000000000000, R11=0x0000000000000246
R12=0x0000000000000000, R13=0x000000001b98f240, R14=0x000000001efaf260, R15=0x000000001e18d800
RIP=0x00007ffdd3de24b9, EFLAGS=0x0000000000010283

Top of Stack: (sp=0x000000001efaf170)
0x000000001efaf170:   000000001e18d800 000000001e18d800
0x000000001efaf180:   000000001e18d800 000000001e18d800
0x000000001efaf190:   00000000000008f5 000000000253dfcc
0x000000001efaf1a0:   000000001b98f240 0000000070615005
0x000000001efaf1b0:   000000001b9350c8 000000001bf10700
0x000000001efaf1c0:   000000000000000e 000000001e18d800
0x000000001efaf1d0:   000000001b9ab9c8 000000007052aea4
0x000000001efaf1e0:   000000001e18d800 000000001efaf1e8
0x000000001efaf1f0:   0000000000000000 000000001efaf260
0x000000001efaf200:   000000001b98f9e0 0000000000000000
0x000000001efaf210:   000000001b98f240 0000000000000000
0x000000001efaf220:   000000001efaf248 000000001efaf2a8
0x000000001efaf230:   0000000002527d8d 00000006c2806040
0x000000001efaf240:   00000000025342f8 0000000000528050
0x000000001efaf250:   00000000025278a0 00007ffdd3de2420
0x000000001efaf260:   0000000000000001 000000001efaf268 

Instructions: (pc=0x00007ffdd3de24b9)
0x00007ffdd3de2499:   48 8b cf e8 1f 3a 00 00 48 39 3d f0 d5 02 00 48
0x00007ffdd3de24a9:   8d 0d e9 d5 02 00 48 8b 5c 24 30 74 08 48 8b 09
0x00007ffdd3de24b9:   48 39 39 75 f8 48 8b 07 48 89 01 48 8b cf 48 83
0x00007ffdd3de24c9:   c4 20 5f e9 5b fe 00 00 48 83 c4 20 5f c3 cc cc 


Register to memory mapping:

RAX=0x0000000000000000 is an unknown value
RBX={method} {0x000000001b98f248} 'invokePV' '(JJ)V' in 'org/lwjgl/system/JNI'
RCX=0x0000000000000000 is an unknown value
RDX=0x0000000000000000 is an unknown value
RSP=0x000000001efaf170 is pointing into the stack for thread: 0x000000001e18d800
RBP=0x000000001efaf228 is pointing into the stack for thread: 0x000000001e18d800
RSI=0x0000000000000108 is an unknown value
RDI=0x0000000000528050 is an unknown value
R8 =0x000000001efaf168 is pointing into the stack for thread: 0x000000001e18d800
R9 =0x000000001efaf228 is pointing into the stack for thread: 0x000000001e18d800
R10=0x0000000000000000 is an unknown value
R11=0x0000000000000246 is an unknown value
R12=0x0000000000000000 is an unknown value
R13={method} {0x000000001b98f248} 'invokePV' '(JJ)V' in 'org/lwjgl/system/JNI'
R14=0x000000001efaf260 is pointing into the stack for thread: 0x000000001e18d800
R15=0x000000001e18d800 is a thread


Stack: [0x000000001eeb0000,0x000000001efb0000],  sp=0x000000001efaf170,  free space=1020k
Native frames: (J=compiled Java code, j=interpreted, Vv=VM code, C=native code)
C  [glfw.dll+0x24b9]
C  0x000000000253dfcc

Java frames: (J=compiled Java code, j=interpreted, Vv=VM code)
j  org.lwjgl.system.JNI.invokePV(JJ)V+0
j  org.lwjgl.glfw.GLFW.glfwDestroyCursor(J)V+20
j  main.client.Window.destroyWindow()V+9
j  main.coreEngine.Engine.stop()V+70
j  main.client.Window.update()V+33
j  main.client.renderEngine.RenderEngine.render()V+38
j  main.client.ClientThread.tick()V+12
j  main.coreEngine.TickableThread.run()V+469
v  ~StubRoutines::call_stub

---------------  P R O C E S S  ---------------

Java Threads: ( => current thread )
  0x000000001e1af800 JavaThread "SERVER" [_thread_in_Java, id=12548, stack(0x000000001efb0000,0x000000001f0b0000)]
=>0x000000001e18d800 JavaThread "CLIENT" [_thread_in_native, id=4344, stack(0x000000001eeb0000,0x000000001efb0000)]
  0x000000001e0a7000 JavaThread "Service Thread" daemon [_thread_blocked, id=10548, stack(0x000000001ecb0000,0x000000001edb0000)]
  0x000000001e011800 JavaThread "C1 CompilerThread3" daemon [_thread_blocked, id=3040, stack(0x000000001ebb0000,0x000000001ecb0000)]
  0x000000001e008800 JavaThread "C2 CompilerThread2" daemon [_thread_blocked, id=2392, stack(0x000000001eab0000,0x000000001ebb0000)]
  0x000000001e007800 JavaThread "C2 CompilerThread1" daemon [_thread_blocked, id=7800, stack(0x000000001e9b0000,0x000000001eab0000)]
  0x000000001e00c800 JavaThread "C2 CompilerThread0" daemon [_thread_blocked, id=7552, stack(0x000000001e8b0000,0x000000001e9b0000)]
  0x000000001dff2000 JavaThread "JDWP Command Reader" daemon [_thread_in_native, id=10348, stack(0x000000001e7b0000,0x000000001e8b0000)]
  0x000000001dfef000 JavaThread "JDWP Event Helper Thread" daemon [_thread_blocked, id=3972, stack(0x000000001e6b0000,0x000000001e7b0000)]
  0x000000001dfe1800 JavaThread "JDWP Transport Listener: dt_socket" daemon [_thread_blocked, id=9924, stack(0x000000001e5b0000,0x000000001e6b0000)]
  0x000000001dfd6800 JavaThread "Attach Listener" daemon [_thread_blocked, id=984, stack(0x000000001e4b0000,0x000000001e5b0000)]
  0x000000001dfd5800 JavaThread "Signal Dispatcher" daemon [_thread_blocked, id=6304, stack(0x000000001e3b0000,0x000000001e4b0000)]
  0x000000000251a000 JavaThread "Finalizer" daemon [_thread_blocked, id=6924, stack(0x000000001ddd0000,0x000000001ded0000)]
  0x0000000002513000 JavaThread "Reference Handler" daemon [_thread_blocked, id=9140, stack(0x000000001dcd0000,0x000000001ddd0000)]
  0x000000000241e000 JavaThread "main" [_thread_in_Java, id=7260, stack(0x0000000002300000,0x0000000002400000)]

Other Threads:
  0x000000001bf09800 VMThread [stack: 0x000000001dbd0000,0x000000001dcd0000] [id=6560]
  0x000000001e0c8800 WatcherThread [stack: 0x000000001edb0000,0x000000001eeb0000] [id=7860]

VM state:not at safepoint (normal execution)

VM Mutex/Monitor currently owned by a thread: None

Heap:
 PSYoungGen      total 167424K, used 115458K [0x000000076b800000, 0x0000000784900000, 0x00000007c0000000)
  eden space 165376K, 69% used [0x000000076b800000,0x0000000772888a20,0x0000000775980000)
  from space 2048K, 10% used [0x0000000784500000,0x0000000784538000,0x0000000784700000)
  to   space 2048K, 0% used [0x0000000784700000,0x0000000784700000,0x0000000784900000)
 ParOldGen       total 173568K, used 1300K [0x00000006c2800000, 0x00000006cd180000, 0x000000076b800000)
  object space 173568K, 0% used [0x00000006c2800000,0x00000006c2945060,0x00000006cd180000)
 Metaspace       used 8179K, capacity 8710K, committed 8960K, reserved 1056768K
  class space    used 654K, capacity 690K, committed 768K, reserved 1048576K

Card table byte_map: [0x00000000118e0000,0x00000000120d0000] byte_map_base: 0x000000000e2cc000

Marking Bits: (ParMarkBitMap*) 0x0000000070c0a5b0
 Begin Bits: [0x0000000012e20000, 0x0000000016d80000)
 End Bits:   [0x0000000016d80000, 0x000000001ace0000)

Polling page: 0x00000000022c0000

CodeCache: size=245760Kb used=2721Kb max_used=2721Kb free=243038Kb
 bounds [0x0000000002520000, 0x00000000027d0000, 0x0000000011520000]
 total_blobs=1238 nmethods=583 adapters=576
 compilation: enabled

Compilation events (10 events):
Event: 2.753 Thread 0x000000001e011800  582       3       main.client.Window::getHeight (21 bytes)
Event: 2.753 Thread 0x000000001e011800 nmethod 582 0x00000000027c5ad0 code [0x00000000027c5c40, 0x00000000027c5e98]
Event: 2.753 Thread 0x000000001e011800  579       3       main.client.InputHandler::cursorPosition (60 bytes)
Event: 2.754 Thread 0x000000001e011800 nmethod 579 0x00000000027c5f50 code [0x00000000027c6280, 0x00000000027c7618]
Event: 2.754 Thread 0x000000001e011800  580       3       org.lwjgl.glfw.GLFW::glfwGetCursorPos (37 bytes)
Event: 2.754 Thread 0x000000001e011800 nmethod 580 0x00000000027c8250 code [0x00000000027c84a0, 0x00000000027c9278]
Event: 3.103 Thread 0x000000001e011800  583       3       main.coreEngine.util.maths.Matrix4f::setIdentity (5 bytes)
Event: 3.103 Thread 0x000000001e011800 nmethod 583 0x00000000027c9b90 code [0x00000000027c9d00, 0x00000000027c9e88]
Event: 3.103 Thread 0x000000001e011800  584       3       main.coreEngine.util.maths.Matrix4f::setIdentity (82 bytes)
Event: 3.103 Thread 0x000000001e011800 nmethod 584 0x00000000027c9f10 code [0x00000000027ca060, 0x00000000027ca210]

GC Heap History (10 events):
Event: 2.453 GC heap before
{Heap before GC invocations=17 (full 0):
 PSYoungGen      total 198656K, used 198336K [0x000000076b800000, 0x0000000784c00000, 0x00000007c0000000)
  eden space 198144K, 100% used [0x000000076b800000,0x0000000777980000,0x0000000777980000)
  from space 512K, 37% used [0x0000000784b80000,0x0000000784bb0000,0x0000000784c00000)
  to   space 2048K, 0% used [0x0000000784800000,0x0000000784800000,0x0000000784a00000)
 ParOldGen       total 173568K, used 1300K [0x00000006c2800000, 0x00000006cd180000, 0x000000076b800000)
  object space 173568K, 0% used [0x00000006c2800000,0x00000006c2945060,0x00000006cd180000)
 Metaspace       used 8172K, capacity 8646K, committed 8960K, reserved 1056768K
  class space    used 654K, capacity 690K, committed 768K, reserved 1048576K
Event: 2.453 GC heap after
Heap after GC invocations=17 (full 0):
 PSYoungGen      total 193024K, used 160K [0x000000076b800000, 0x0000000784c00000, 0x00000007c0000000)
  eden space 190976K, 0% used [0x000000076b800000,0x000000076b800000,0x0000000777280000)
  from space 2048K, 7% used [0x0000000784800000,0x0000000784828000,0x0000000784a00000)
  to   space 2048K, 0% used [0x0000000784a00000,0x0000000784a00000,0x0000000784c00000)
 ParOldGen       total 173568K, used 1300K [0x00000006c2800000, 0x00000006cd180000, 0x000000076b800000)
  object space 173568K, 0% used [0x00000006c2800000,0x00000006c2945060,0x00000006cd180000)
 Metaspace       used 8172K, capacity 8646K, committed 8960K, reserved 1056768K
  class space    used 654K, capacity 690K, committed 768K, reserved 1048576K
}
Event: 2.612 GC heap before
{Heap before GC invocations=18 (full 0):
 PSYoungGen      total 193024K, used 191136K [0x000000076b800000, 0x0000000784c00000, 0x00000007c0000000)
  eden space 190976K, 100% used [0x000000076b800000,0x0000000777280000,0x0000000777280000)
  from space 2048K, 7% used [0x0000000784800000,0x0000000784828000,0x0000000784a00000)
  to   space 2048K, 0% used [0x0000000784a00000,0x0000000784a00000,0x0000000784c00000)
 ParOldGen       total 173568K, used 1300K [0x00000006c2800000, 0x00000006cd180000, 0x000000076b800000)
  object space 173568K, 0% used [0x00000006c2800000,0x00000006c2945060,0x00000006cd180000)
 Metaspace       used 8172K, capacity 8646K, committed 8960K, reserved 1056768K
  class space    used 654K, capacity 690K, committed 768K, reserved 1048576K
Event: 2.612 GC heap after
Heap after GC invocations=18 (full 0):
 PSYoungGen      total 184832K, used 224K [0x000000076b800000, 0x0000000784a80000, 0x00000007c0000000)
  eden space 184320K, 0% used [0x000000076b800000,0x000000076b800000,0x0000000776c00000)
  from space 512K, 43% used [0x0000000784a00000,0x0000000784a38000,0x0000000784a80000)
  to   space 2048K, 0% used [0x0000000784680000,0x0000000784680000,0x0000000784880000)
 ParOldGen       total 173568K, used 1300K [0x00000006c2800000, 0x00000006cd180000, 0x000000076b800000)
  object space 173568K, 0% used [0x00000006c2800000,0x00000006c2945060,0x00000006cd180000)
 Metaspace       used 8172K, capacity 8646K, committed 8960K, reserved 1056768K
  class space    used 654K, capacity 690K, committed 768K, reserved 1048576K
}
Event: 2.831 GC heap before
{Heap before GC invocations=19 (full 0):
 PSYoungGen      total 184832K, used 184544K [0x000000076b800000, 0x0000000784a80000, 0x00000007c0000000)
  eden space 184320K, 100% used [0x000000076b800000,0x0000000776c00000,0x0000000776c00000)
  from space 512K, 43% used [0x0000000784a00000,0x0000000784a38000,0x0000000784a80000)
  to   space 2048K, 0% used [0x0000000784680000,0x0000000784680000,0x0000000784880000)
 ParOldGen       total 173568K, used 1300K [0x00000006c2800000, 0x00000006cd180000, 0x000000076b800000)
  object space 173568K, 0% used [0x00000006c2800000,0x00000006c2945060,0x00000006cd180000)
 Metaspace       used 8179K, capacity 8710K, committed 8960K, reserved 1056768K
  class space    used 654K, capacity 690K, committed 768K, reserved 1048576K
Event: 2.831 GC heap after
Heap after GC invocations=19 (full 0):
 PSYoungGen      total 179712K, used 160K [0x000000076b800000, 0x0000000784a80000, 0x00000007c0000000)
  eden space 177664K, 0% used [0x000000076b800000,0x000000076b800000,0x0000000776580000)
  from space 2048K, 7% used [0x0000000784680000,0x00000007846a8000,0x0000000784880000)
  to   space 2048K, 0% used [0x0000000784880000,0x0000000784880000,0x0000000784a80000)
 ParOldGen       total 173568K, used 1300K [0x00000006c2800000, 0x00000006cd180000, 0x000000076b800000)
  object space 173568K, 0% used [0x00000006c2800000,0x00000006c2945060,0x00000006cd180000)
 Metaspace       used 8179K, capacity 8710K, committed 8960K, reserved 1056768K
  class space    used 654K, capacity 690K, committed 768K, reserved 1048576K
}
Event: 3.023 GC heap before
{Heap before GC invocations=20 (full 0):
 PSYoungGen      total 179712K, used 177824K [0x000000076b800000, 0x0000000784a80000, 0x00000007c0000000)
  eden space 177664K, 100% used [0x000000076b800000,0x0000000776580000,0x0000000776580000)
  from space 2048K, 7% used [0x0000000784680000,0x00000007846a8000,0x0000000784880000)
  to   space 2048K, 0% used [0x0000000784880000,0x0000000784880000,0x0000000784a80000)
 ParOldGen       total 173568K, used 1300K [0x00000006c2800000, 0x00000006cd180000, 0x000000076b800000)
  object space 173568K, 0% used [0x00000006c2800000,0x00000006c2945060,0x00000006cd180000)
 Metaspace       used 8179K, capacity 8710K, committed 8960K, reserved 1056768K
  class space    used 654K, capacity 690K, committed 768K, reserved 1048576K
Event: 3.024 GC heap after
Heap after GC invocations=20 (full 0):
 PSYoungGen      total 172032K, used 192K [0x000000076b800000, 0x0000000784900000, 0x00000007c0000000)
  eden space 171520K, 0% used [0x000000076b800000,0x000000076b800000,0x0000000775f80000)
  from space 512K, 37% used [0x0000000784880000,0x00000007848b0000,0x0000000784900000)
  to   space 2048K, 0% used [0x0000000784500000,0x0000000784500000,0x0000000784700000)
 ParOldGen       total 173568K, used 1300K [0x00000006c2800000, 0x00000006cd180000, 0x000000076b800000)
  object space 173568K, 0% used [0x00000006c2800000,0x00000006c2945060,0x00000006cd180000)
 Metaspace       used 8179K, capacity 8710K, committed 8960K, reserved 1056768K
  class space    used 654K, capacity 690K, committed 768K, reserved 1048576K
}
Event: 3.210 GC heap before
{Heap before GC invocations=21 (full 0):
 PSYoungGen      total 172032K, used 171712K [0x000000076b800000, 0x0000000784900000, 0x00000007c0000000)
  eden space 171520K, 100% used [0x000000076b800000,0x0000000775f80000,0x0000000775f80000)
  from space 512K, 37% used [0x0000000784880000,0x00000007848b0000,0x0000000784900000)
  to   space 2048K, 0% used [0x0000000784500000,0x0000000784500000,0x0000000784700000)
 ParOldGen       total 173568K, used 1300K [0x00000006c2800000, 0x00000006cd180000, 0x000000076b800000)
  object space 173568K, 0% used [0x00000006c2800000,0x00000006c2945060,0x00000006cd180000)
 Metaspace       used 8179K, capacity 8710K, committed 8960K, reserved 1056768K
  class space    used 654K, capacity 690K, committed 768K, reserved 1048576K
Event: 3.210 GC heap after
Heap after GC invocations=21 (full 0):
 PSYoungGen      total 167424K, used 224K [0x000000076b800000, 0x0000000784900000, 0x00000007c0000000)
  eden space 165376K, 0% used [0x000000076b800000,0x000000076b800000,0x0000000775980000)
  from space 2048K, 10% used [0x0000000784500000,0x0000000784538000,0x0000000784700000)
  to   space 2048K, 0% used [0x0000000784700000,0x0000000784700000,0x0000000784900000)
 ParOldGen       total 173568K, used 1300K [0x00000006c2800000, 0x00000006cd180000, 0x000000076b800000)
  object space 173568K, 0% used [0x00000006c2800000,0x00000006c2945060,0x00000006cd180000)
 Metaspace       used 8179K, capacity 8710K, committed 8960K, reserved 1056768K
  class space    used 654K, capacity 690K, committed 768K, reserved 1048576K
}

Deoptimization events (10 events):
Event: 0.125 Thread 0x000000001e18d800 Uncommon trap: reason=bimorphic action=maybe_recompile pc=0x000000000266dc00 method=java.util.HashMap.getNode(ILjava/lang/Object;)Ljava/util/HashMap$Node; @ 126
Event: 0.336 Thread 0x000000001e18d800 Uncommon trap: reason=bimorphic action=maybe_recompile pc=0x000000000266dc00 method=java.util.HashMap.getNode(ILjava/lang/Object;)Ljava/util/HashMap$Node; @ 126
Event: 0.337 Thread 0x000000001e18d800 Uncommon trap: reason=bimorphic action=maybe_recompile pc=0x000000000266dc00 method=java.util.HashMap.getNode(ILjava/lang/Object;)Ljava/util/HashMap$Node; @ 126
Event: 0.343 Thread 0x000000001e18d800 Uncommon trap: reason=unstable_if action=reinterpret pc=0x0000000002662858 method=java.util.HashMap.keySet()Ljava/util/Set; @ 6
Event: 0.613 Thread 0x000000001e18d800 Uncommon trap: reason=unstable_if action=reinterpret pc=0x0000000002661944 method=java.util.HashMap.clear()V @ 16
Event: 0.613 Thread 0x000000001e18d800 Uncommon trap: reason=unstable_if action=reinterpret pc=0x0000000002662d18 method=java.util.HashMap.clear()V @ 16
Event: 0.613 Thread 0x000000000241e000 Uncommon trap: reason=unstable_if action=reinterpret pc=0x0000000002684930 method=main.coreEngine.TickableThread.invoke(Ljava/lang/String;[Ljava/lang/Object;)V @ 53
Event: 0.613 Thread 0x000000001e1af800 Uncommon trap: reason=unstable_if action=reinterpret pc=0x00000000026c27b4 method=main.coreEngine.TickableThread.run()V @ 58
Event: 0.645 Thread 0x000000000241e000 Uncommon trap: reason=unstable_if action=reinterpret pc=0x000000000277c810 method=main.coreEngine.Engine.start()V @ 163
Event: 0.720 Thread 0x000000001e1af800 Uncommon trap: reason=unstable_if action=reinterpret pc=0x00000000027879f4 method=main.coreEngine.TickableThread.run()V @ 461

Internal exceptions (7 events):
Event: 0.022 Thread 0x000000000241e000 Exception <a 'java/lang/NoSuchMethodError': Method sun.misc.Unsafe.defineClass(Ljava/lang/String;[BII)Ljava/lang/Class; name or signature does not match> (0x000000076b80da30) thrown at [C:\workspace\8-2-build-windows-amd64-cygwin\jdk8u65\4987\hotspot\src\sg<8ÌJ–?
Event: 0.022 Thread 0x000000000241e000 Exception <a 'java/lang/NoSuchMethodError': Method sun.misc.Unsafe.prefetchRead(Ljava/lang/Object;J)V name or signature does not match> (0x000000076b80dd18) thrown at [C:\workspace\8-2-build-windows-amd64-cygwin\jdk8u65\4987\hotspot\src\share\vm\prims\jni.ê¯üŒŽÕ?
Event: 0.337 Thread 0x000000001e18d800 Exception <a 'java/security/PrivilegedActionException'> (0x000000076b803210) thrown at [C:\workspace\8-2-build-windows-amd64-cygwin\jdk8u65\4987\hotspot\src\share\vm\prims\jvm.cpp, line 1386]
Event: 0.337 Thread 0x000000001e18d800 Exception <a 'java/security/PrivilegedActionException'> (0x000000076b803608) thrown at [C:\workspace\8-2-build-windows-amd64-cygwin\jdk8u65\4987\hotspot\src\share\vm\prims\jvm.cpp, line 1386]
Event: 0.337 Thread 0x000000001e18d800 Exception <a 'java/security/PrivilegedActionException'> (0x000000076b807820) thrown at [C:\workspace\8-2-build-windows-amd64-cygwin\jdk8u65\4987\hotspot\src\share\vm\prims\jvm.cpp, line 1386]
Event: 0.337 Thread 0x000000001e18d800 Exception <a 'java/security/PrivilegedActionException'> (0x000000076b807c18) thrown at [C:\workspace\8-2-build-windows-amd64-cygwin\jdk8u65\4987\hotspot\src\share\vm\prims\jvm.cpp, line 1386]
Event: 0.613 Thread 0x000000000241e000 Implicit null exception at 0x000000000268433c to 0x0000000002684909

Events (10 events):
Event: 2.453 Executing VM operation: ParallelGCFailedAllocation
Event: 2.453 Executing VM operation: ParallelGCFailedAllocation done
Event: 2.612 Executing VM operation: ParallelGCFailedAllocation
Event: 2.612 Executing VM operation: ParallelGCFailedAllocation done
Event: 2.831 Executing VM operation: ParallelGCFailedAllocation
Event: 2.831 Executing VM operation: ParallelGCFailedAllocation done
Event: 3.023 Executing VM operation: ParallelGCFailedAllocation
Event: 3.024 Executing VM operation: ParallelGCFailedAllocation done
Event: 3.209 Executing VM operation: ParallelGCFailedAllocation
Event: 3.210 Executing VM operation: ParallelGCFailedAllocation done


Dynamic libraries:
0x00007ff67ba00000 - 0x00007ff67ba37000 	C:\Program Files\Java\jdk1.8.0_65\bin\java.exe
0x00007ffde4980000 - 0x00007ffde4b41000 	C:\WINDOWS\SYSTEM32\ntdll.dll
0x00007ffde42a0000 - 0x00007ffde434d000 	C:\WINDOWS\system32\KERNEL32.DLL
0x00007ffde19f0000 - 0x00007ffde1bd8000 	C:\WINDOWS\system32\KERNELBASE.dll
0x00007ffde1e70000 - 0x00007ffde1f17000 	C:\WINDOWS\system32\ADVAPI32.dll
0x00007ffde3800000 - 0x00007ffde389d000 	C:\WINDOWS\system32\msvcrt.dll
0x00007ffde1e10000 - 0x00007ffde1e6b000 	C:\WINDOWS\system32\sechost.dll
0x00007ffde3bd0000 - 0x00007ffde3cec000 	C:\WINDOWS\system32\RPCRT4.dll
0x00007ffde3fe0000 - 0x00007ffde4136000 	C:\WINDOWS\system32\USER32.dll
0x00007ffde3cf0000 - 0x00007ffde3e76000 	C:\WINDOWS\system32\GDI32.dll
0x00007ffddd690000 - 0x00007ffddd904000 	C:\WINDOWS\WinSxS\amd64_microsoft.windows.common-controls_6595b64144ccf1df_6.0.10586.0_none_8c15ae12515e1c22\COMCTL32.dll
0x00007ffde3950000 - 0x00007ffde3bcd000 	C:\WINDOWS\system32\combase.dll
0x00007ffde1cf0000 - 0x00007ffde1d5a000 	C:\WINDOWS\system32\bcryptPrimitives.dll
0x00007ffde1dc0000 - 0x00007ffde1dfb000 	C:\WINDOWS\system32\IMM32.DLL
0x0000000070c90000 - 0x0000000070d62000 	C:\Program Files\Java\jdk1.8.0_65\jre\bin\msvcr100.dll
0x0000000070400000 - 0x0000000070c89000 	C:\Program Files\Java\jdk1.8.0_65\jre\bin\server\jvm.dll
0x00007ffde4290000 - 0x00007ffde4298000 	C:\WINDOWS\system32\PSAPI.DLL
0x00007ffdd8550000 - 0x00007ffdd8559000 	C:\WINDOWS\SYSTEM32\WSOCK32.dll
0x00007ffddf730000 - 0x00007ffddf753000 	C:\WINDOWS\SYSTEM32\WINMM.dll
0x00007ffddd9c0000 - 0x00007ffddd9ca000 	C:\WINDOWS\SYSTEM32\VERSION.dll
0x00007ffde4470000 - 0x00007ffde44db000 	C:\WINDOWS\system32\WS2_32.dll
0x00007ffddf6d0000 - 0x00007ffddf6fc000 	C:\WINDOWS\SYSTEM32\WINMMBASE.dll
0x00007ffde1be0000 - 0x00007ffde1c23000 	C:\WINDOWS\system32\cfgmgr32.dll
0x00000000703f0000 - 0x00000000703ff000 	C:\Program Files\Java\jdk1.8.0_65\jre\bin\verify.dll
0x00000000703c0000 - 0x00000000703e9000 	C:\Program Files\Java\jdk1.8.0_65\jre\bin\java.dll
0x0000000070380000 - 0x00000000703b5000 	C:\Program Files\Java\jdk1.8.0_65\jre\bin\jdwp.dll
0x0000000070370000 - 0x0000000070378000 	C:\Program Files\Java\jdk1.8.0_65\jre\bin\npt.dll
0x0000000070350000 - 0x0000000070366000 	C:\Program Files\Java\jdk1.8.0_65\jre\bin\zip.dll
0x00007ffde1f80000 - 0x00007ffde34dc000 	C:\WINDOWS\system32\SHELL32.dll
0x00007ffde11d0000 - 0x00007ffde1815000 	C:\WINDOWS\system32\windows.storage.dll
0x00007ffde36b0000 - 0x00007ffde3702000 	C:\WINDOWS\system32\shlwapi.dll
0x00007ffde0fb0000 - 0x00007ffde0fbf000 	C:\WINDOWS\system32\kernel.appcore.dll
0x00007ffde1c30000 - 0x00007ffde1ce5000 	C:\WINDOWS\system32\shcore.dll
0x00007ffde0fc0000 - 0x00007ffde100b000 	C:\WINDOWS\system32\powrprof.dll
0x00007ffde0f80000 - 0x00007ffde0f94000 	C:\WINDOWS\system32\profapi.dll
0x0000000070340000 - 0x0000000070349000 	C:\Program Files\Java\jdk1.8.0_65\jre\bin\dt_socket.dll
0x00007ffde08b0000 - 0x00007ffde090c000 	C:\WINDOWS\system32\mswsock.dll
0x00007ffdd3f10000 - 0x00007ffdd3f98000 	D:\Code\Java\Projects\WireEngine20\lib\native\lwjgl.dll
0x00007ffde0a80000 - 0x00007ffde0a8b000 	C:\WINDOWS\SYSTEM32\CRYPTBASE.DLL
0x00007ffdd3e50000 - 0x00007ffdd3e92000 	D:\Code\Java\Projects\WireEngine20\lib\native\jemalloc.dll
0x00007ffdd3de0000 - 0x00007ffdd3e18000 	D:\Code\Java\Projects\WireEngine20\lib\native\glfw.dll
0x00007ffddf850000 - 0x00007ffddf8e6000 	C:\WINDOWS\system32\uxtheme.dll
0x00007ffdde650000 - 0x00007ffdde672000 	C:\WINDOWS\SYSTEM32\dwmapi.dll
0x00007ffdc8b70000 - 0x00007ffdc8c99000 	C:\WINDOWS\SYSTEM32\opengl32.dll
0x00007ffdc68b0000 - 0x00007ffdc69aa000 	C:\WINDOWS\SYSTEM32\DDRAW.dll
0x00007ffdcfb70000 - 0x00007ffdcfb9e000 	C:\WINDOWS\SYSTEM32\GLU32.dll
0x00007ffdd47a0000 - 0x00007ffdd47a8000 	C:\WINDOWS\SYSTEM32\DCIMAN32.dll
0x00007ffde3e80000 - 0x00007ffde3fda000 	C:\WINDOWS\system32\MSCTF.dll
0x00007ffdcb820000 - 0x00007ffdcb869000 	C:\Program Files (x86)\TeamViewer\tv_x64.dll
0x00007ffde4140000 - 0x00007ffde4283000 	C:\WINDOWS\system32\ole32.dll
0x000000006e3c0000 - 0x0000000070109000 	C:\WINDOWS\SYSTEM32\nvoglv64.DLL
0x00007ffde4550000 - 0x00007ffde4979000 	C:\WINDOWS\system32\SETUPAPI.dll
0x00007ffddf2f0000 - 0x00007ffddf303000 	C:\WINDOWS\SYSTEM32\WTSAPI32.dll
0x00007ffddf9a0000 - 0x00007ffddf9c7000 	C:\WINDOWS\SYSTEM32\DEVOBJ.dll
0x00007ffde1170000 - 0x00007ffde11c5000 	C:\WINDOWS\system32\WINTRUST.dll
0x00007ffde0fa0000 - 0x00007ffde0fb0000 	C:\WINDOWS\system32\MSASN1.dll
0x00007ffde1820000 - 0x00007ffde19e7000 	C:\WINDOWS\system32\CRYPT32.dll
0x00007ffde04d0000 - 0x00007ffde0501000 	C:\WINDOWS\SYSTEM32\ntmarta.dll
0x00007ffde0220000 - 0x00007ffde0276000 	C:\WINDOWS\SYSTEM32\WINSTA.dll
0x00007ffde38a0000 - 0x00007ffde3947000 	C:\WINDOWS\system32\clbcatq.dll
0x00007ffdddd50000 - 0x00007ffdddd75000 	C:\Program Files (x86)\Samsung\Easy Printer Manager\SmartScreenPrint\CDAKEYMonitor64.dll
0x00007ffde3730000 - 0x00007ffde37f1000 	C:\WINDOWS\system32\OLEAUT32.dll
0x00007ffdb9de0000 - 0x00007ffdb9f6c000 	C:\WINDOWS\SYSTEM32\dbghelp.dll

VM Arguments:
jvm_args: -agentlib:jdwp=transport=dt_socket,address=127.0.0.1:64995,suspend=y,server=n -Djava.library.path=lib/native/ -Dfile.encoding=UTF-8 
java_command: main.Main
java_class_path (initial): C:\Program Files\Java\jdk1.8.0_65\jre\lib\charsets.jar;C:\Program Files\Java\jdk1.8.0_65\jre\lib\deploy.jar;C:\Program Files\Java\jdk1.8.0_65\jre\lib\ext\access-bridge-64.jar;C:\Program Files\Java\jdk1.8.0_65\jre\lib\ext\cldrdata.jar;C:\Program Files\Java\jdk1.8.0_65\jre\lib\ext\dnsns.jar;C:\Program Files\Java\jdk1.8.0_65\jre\lib\ext\jaccess.jar;C:\Program Files\Java\jdk1.8.0_65\jre\lib\ext\jfxrt.jar;C:\Program Files\Java\jdk1.8.0_65\jre\lib\ext\localedata.jar;C:\Program Files\Java\jdk1.8.0_65\jre\lib\ext\nashorn.jar;C:\Program Files\Java\jdk1.8.0_65\jre\lib\ext\sunec.jar;C:\Program Files\Java\jdk1.8.0_65\jre\lib\ext\sunjce_provider.jar;C:\Program Files\Java\jdk1.8.0_65\jre\lib\ext\sunmscapi.jar;C:\Program Files\Java\jdk1.8.0_65\jre\lib\ext\sunpkcs11.jar;C:\Program Files\Java\jdk1.8.0_65\jre\lib\ext\zipfs.jar;C:\Program Files\Java\jdk1.8.0_65\jre\lib\javaws.jar;C:\Program Files\Java\jdk1.8.0_65\jre\lib\jce.jar;C:\Program Files\Java\jdk1.8.0_65\jre\lib\jfr.jar;C:\Program Files\Java\jdk1.8.0_65\jre\lib\jfxswt.jar;C:\Program Files\Java\jdk1.8.0_65\jre\lib\jsse.jar;C:\Program Files\Java\jdk1.8.0_65\jre\lib\management-agent.jar;C:\Program Files\Java\jdk1.8.0_65\jre\lib\plugin.jar;C:\Program Files\Java\jdk1.8.0_65\jre\lib\resources.jar;C:\Program Files\Java\jdk1.8.0_65\jre\lib\rt.jar;D:\Code\Java\Projects\WireEngine20\out\production\WireEngine20;D:\Code\Java\Projects\WireEngine20\lib\jar\lwjgl.jar;D:\Code\Java\Projects\WireEngine20\lib\jar\slick-util.jar;D:\Program Files (x86)\JetBrains\IntelliJ IDEA 2016.1\lib\idea_rt.jar
Launcher Type: SUN_STANDARD

Environment Variables:
JAVA_HOME=C:\Program Files\Java\jdk1.8.0_65
PATH=C:\ProgramData\Oracle\Java\javapath;C:\Program Files (x86)\Razer Chroma SDK\bin;C:\Program Files\Razer Chroma SDK\bin;C:\Program Files (x86)\NVIDIA Corporation\PhysX\Common;C:\Program Files (x86)\Intel\iCLS Client\;C:\Program Files\Intel\iCLS Client\;C:\Windows\system32;C:\Windows;C:\Windows\System32\Wbem;C:\Windows\System32\WindowsPowerShell\v1.0\;C:\Program Files\Intel\Intel(R) Management Engine Components\DAL;C:\Program Files (x86)\Intel\Intel(R) Management Engine Components\DAL;C:\Program Files\Intel\Intel(R) Management Engine Components\IPT;C:\Program Files (x86)\Intel\Intel(R) Management Engine Components\IPT;C:\Program Files\Java\jre1.8.0_65\bin;C:\MinGW\bin;C:\WINDOWS\system32;C:\WINDOWS;C:\WINDOWS\System32\Wbem;C:\WINDOWS\System32\WindowsPowerShell\v1.0\;D:\Program Files (x86)\CMake\bin;D:\Program Files\Programs\Python\Python35-32;D:\Program Files\Programs\Python\Python35-32\Scripts;C:\Program Files (x86)\Skype\Phone\;D:\Program Files\Programs\Python\Python35-32\Scripts\;D:\Program Files\Programs\Python\Python35-32\
USERNAME=Kelan
OS=Windows_NT
PROCESSOR_IDENTIFIER=Intel64 Family 6 Model 60 Stepping 3, GenuineIntel



---------------  S Y S T E M  ---------------

OS: Windows 10.0 , 64 bit Build 10586 (10.0.10586.0)

CPU:total 8 (4 cores per cpu, 2 threads per core) family 6 model 60 stepping 3, cmov, cx8, fxsr, mmx, sse, sse2, sse3, ssse3, sse4.1, sse4.2, popcnt, avx, avx2, aes, clmul, erms, lzcnt, ht, tsc, tscinvbit, bmi1, bmi2

Memory: 4k page, physical 16609500k(1374128k free), swap 33386716k(13583588k free)

vm_info: Java HotSpot(TM) 64-Bit Server VM (25.65-b01) for windows-amd64 JRE (1.8.0_65-b17), built on Oct  6 2015 16:39:20 by "java_re" with MS VC++ 10.0 (VS2010)

time: Thu Apr 14 15:29:33 2016
elapsed time: 3 seconds (0d 0h 0m 3s)

