#
# A fatal error has been detected by the Java Runtime Environment:
#
#  EXCEPTION_ACCESS_VIOLATION (0xc0000005) at pc=0x00007ffdd40d24b9, pid=12504, tid=1320
#
# JRE version: Java(TM) SE Runtime Environment (8.0_65-b17) (build 1.8.0_65-b17)
# Java VM: Java HotSpot(TM) 64-Bit Server VM (25.65-b01 mixed mode windows-amd64 compressed oops)
# Problematic frame:
# C  [glfw.dll+0x24b9]
#
# Failed to write core dump. Minidumps are not enabled by default on client versions of Windows
#
# If you would like to submit a bug report, please visit:
#   http://bugreport.java.com/bugreport/crash.jsp
# The crash happened outside the Java Virtual Machine in native code.
# See problematic frame for where to report the bug.
#

---------------  T H R E A D  ---------------

Current thread (0x000000001e1ee800):  JavaThread "CLIENT" [_thread_in_native, id=1320, stack(0x000000001ef10000,0x000000001f010000)]

siginfo: ExceptionCode=0xc0000005, reading address 0x0000000000000000

Registers:
RAX=0x0000000000000000, RBX=0x000000001b9bec50, RCX=0x0000000000000000, RDX=0x0000000000000000
RSP=0x000000001f00ef60, RBP=0x000000001f00f018, RSI=0x0000000000000108, RDI=0x0000000000438de0
R8 =0x000000001f00ef58, R9 =0x000000001f00f018, R10=0x0000000000000000, R11=0x0000000000000246
R12=0x0000000000000000, R13=0x000000001b9bec50, R14=0x000000001f00f050, R15=0x000000001e1ee800
RIP=0x00007ffdd40d24b9, EFLAGS=0x0000000000010283

Top of Stack: (sp=0x000000001f00ef60)
0x000000001f00ef60:   000000001e1ee800 000000001e1ee800
0x000000001f00ef70:   000000001e1ee800 000000001e1ee800
0x000000001f00ef80:   0000000000000295 000000000256dfcc
0x000000001f00ef90:   000000001b9bec50 0000000070615005
0x000000001f00efa0:   000000001b9653e8 000000000254e5f0
0x000000001f00efb0:   000000000000000e 000000001e1ee800
0x000000001f00efc0:   000000001b9d8ab8 000000007052aea4
0x000000001f00efd0:   000000001e1ee800 000000001f00efd8
0x000000001f00efe0:   0000000000000000 000000001f00f050
0x000000001f00eff0:   000000001b9bf3f0 0000000000000000
0x000000001f00f000:   000000001b9bec50 0000000000000000
0x000000001f00f010:   000000001f00f038 000000001f00f098
0x000000001f00f020:   0000000002557d8d 00000006c283b948
0x000000001f00f030:   00000000025642f8 0000000000438de0
0x000000001f00f040:   00000000025578a0 00007ffdd40d2420
0x000000001f00f050:   0000000000000001 000000001f00f058 

Instructions: (pc=0x00007ffdd40d24b9)
0x00007ffdd40d2499:   48 8b cf e8 1f 3a 00 00 48 39 3d f0 d5 02 00 48
0x00007ffdd40d24a9:   8d 0d e9 d5 02 00 48 8b 5c 24 30 74 08 48 8b 09
0x00007ffdd40d24b9:   48 39 39 75 f8 48 8b 07 48 89 01 48 8b cf 48 83
0x00007ffdd40d24c9:   c4 20 5f e9 5b fe 00 00 48 83 c4 20 5f c3 cc cc 


Register to memory mapping:

RAX=0x0000000000000000 is an unknown value
RBX={method} {0x000000001b9bec58} 'invokePV' '(JJ)V' in 'org/lwjgl/system/JNI'
RCX=0x0000000000000000 is an unknown value
RDX=0x0000000000000000 is an unknown value
RSP=0x000000001f00ef60 is pointing into the stack for thread: 0x000000001e1ee800
RBP=0x000000001f00f018 is pointing into the stack for thread: 0x000000001e1ee800
RSI=0x0000000000000108 is an unknown value
RDI=0x0000000000438de0 is an unknown value
R8 =0x000000001f00ef58 is pointing into the stack for thread: 0x000000001e1ee800
R9 =0x000000001f00f018 is pointing into the stack for thread: 0x000000001e1ee800
R10=0x0000000000000000 is an unknown value
R11=0x0000000000000246 is an unknown value
R12=0x0000000000000000 is an unknown value
R13={method} {0x000000001b9bec58} 'invokePV' '(JJ)V' in 'org/lwjgl/system/JNI'
R14=0x000000001f00f050 is pointing into the stack for thread: 0x000000001e1ee800
R15=0x000000001e1ee800 is a thread


Stack: [0x000000001ef10000,0x000000001f010000],  sp=0x000000001f00ef60,  free space=1019k
Native frames: (J=compiled Java code, j=interpreted, Vv=VM code, C=native code)
C  [glfw.dll+0x24b9]
C  0x000000000256dfcc

Java frames: (J=compiled Java code, j=interpreted, Vv=VM code)
j  org.lwjgl.system.JNI.invokePV(JJ)V+0
j  org.lwjgl.glfw.GLFW.glfwDestroyCursor(J)V+20
j  main.client.Window.destroyWindow()V+9
j  main.coreEngine.Engine.stop()V+70
j  main.client.Window.update()V+43
j  main.client.renderEngine.RenderEngine.render()V+38
j  main.client.ClientThread.tick()V+12
j  main.coreEngine.TickableThread.run()V+465
v  ~StubRoutines::call_stub

---------------  P R O C E S S  ---------------

Java Threads: ( => current thread )
  0x000000001e1fc000 JavaThread "SERVER" [_thread_in_Java, id=12448, stack(0x000000001f010000,0x000000001f110000)]
=>0x000000001e1ee800 JavaThread "CLIENT" [_thread_in_native, id=1320, stack(0x000000001ef10000,0x000000001f010000)]
  0x000000001e108000 JavaThread "Service Thread" daemon [_thread_blocked, id=9244, stack(0x000000001ed10000,0x000000001ee10000)]
  0x000000001e072800 JavaThread "C1 CompilerThread3" daemon [_thread_blocked, id=6552, stack(0x000000001ec10000,0x000000001ed10000)]
  0x000000001e064000 JavaThread "C2 CompilerThread2" daemon [_thread_blocked, id=4556, stack(0x000000001eb10000,0x000000001ec10000)]
  0x000000001e063800 JavaThread "C2 CompilerThread1" daemon [_thread_blocked, id=3856, stack(0x000000001ea10000,0x000000001eb10000)]
  0x000000001e06d800 JavaThread "C2 CompilerThread0" daemon [_thread_blocked, id=8116, stack(0x000000001e910000,0x000000001ea10000)]
  0x000000001e053000 JavaThread "JDWP Command Reader" daemon [_thread_in_native, id=12364, stack(0x000000001e810000,0x000000001e910000)]
  0x000000001e052000 JavaThread "JDWP Event Helper Thread" daemon [_thread_blocked, id=9260, stack(0x000000001e710000,0x000000001e810000)]
  0x000000001e041000 JavaThread "JDWP Transport Listener: dt_socket" daemon [_thread_blocked, id=10344, stack(0x000000001e610000,0x000000001e710000)]
  0x000000001e037000 JavaThread "Attach Listener" daemon [_thread_blocked, id=11868, stack(0x000000001e510000,0x000000001e610000)]
  0x000000001e036000 JavaThread "Signal Dispatcher" daemon [_thread_blocked, id=4188, stack(0x000000001e410000,0x000000001e510000)]
  0x000000000254a800 JavaThread "Finalizer" daemon [_thread_blocked, id=1412, stack(0x000000001de30000,0x000000001df30000)]
  0x0000000002544000 JavaThread "Reference Handler" daemon [_thread_blocked, id=1852, stack(0x000000001dd30000,0x000000001de30000)]
  0x000000000244e000 JavaThread "main" [_thread_in_Java, id=12268, stack(0x0000000002340000,0x0000000002440000)]

Other Threads:
  0x000000001bf39800 VMThread [stack: 0x000000001dc30000,0x000000001dd30000] [id=7636]
  0x000000001e11a800 WatcherThread [stack: 0x000000001ee10000,0x000000001ef10000] [id=9564]

VM state:not at safepoint (normal execution)

VM Mutex/Monitor currently owned by a thread: None

Heap:
 PSYoungGen      total 144384K, used 53777K [0x000000076b800000, 0x000000077ab00000, 0x00000007c0000000)
  eden space 143872K, 37% used [0x000000076b800000,0x000000076ec747f0,0x0000000774480000)
  from space 512K, 12% used [0x000000077aa80000,0x000000077aa90000,0x000000077ab00000)
  to   space 2048K, 0% used [0x000000077a700000,0x000000077a700000,0x000000077a900000)
 ParOldGen       total 173568K, used 1546K [0x00000006c2800000, 0x00000006cd180000, 0x000000076b800000)
  object space 173568K, 0% used [0x00000006c2800000,0x00000006c29829a8,0x00000006cd180000)
 Metaspace       used 8226K, capacity 8646K, committed 8960K, reserved 1056768K
  class space    used 655K, capacity 690K, committed 768K, reserved 1048576K

Card table byte_map: [0x0000000011910000,0x0000000012100000] byte_map_base: 0x000000000e2fc000

Marking Bits: (ParMarkBitMap*) 0x0000000070c0a5b0
 Begin Bits: [0x0000000012e50000, 0x0000000016db0000)
 End Bits:   [0x0000000016db0000, 0x000000001ad10000)

Polling page: 0x00000000022c0000

CodeCache: size=245760Kb used=3271Kb max_used=3271Kb free=242489Kb
 bounds [0x0000000002550000, 0x0000000002890000, 0x0000000011550000]
 total_blobs=1299 nmethods=646 adapters=574
 compilation: enabled

Compilation events (10 events):
Event: 2.996 Thread 0x000000001e072800  646       1       main.coreEngine.sceneGraph.Transformation::getScale (5 bytes)
Event: 2.996 Thread 0x000000001e072800 nmethod 646 0x0000000002882990 code [0x0000000002882ae0, 0x0000000002882bf0]
Event: 2.996 Thread 0x000000001e072800  647       1       main.client.renderEngine.RenderEngine$ModelData::getMesh (5 bytes)
Event: 2.996 Thread 0x000000001e072800 nmethod 647 0x0000000002882c50 code [0x0000000002882da0, 0x0000000002882eb0]
Event: 3.012 Thread 0x000000001e072800  648       3       main.coreEngine.util.maths.Matrix4f::setIdentity (82 bytes)
Event: 3.012 Thread 0x000000001e072800 nmethod 648 0x0000000002882f10 code [0x0000000002883060, 0x0000000002883210]
Event: 3.093 Thread 0x000000001e072800  649       3       java.nio.DirectByteBuffer$Deallocator::run (37 bytes)
Event: 3.093 Thread 0x000000001e072800 nmethod 649 0x00000000028832d0 code [0x0000000002883440, 0x0000000002883718]
Event: 3.178 Thread 0x000000001e072800  650       3       main.coreEngine.util.maths.Matrix4f::store (146 bytes)
Event: 3.179 Thread 0x000000001e072800 nmethod 650 0x00000000028837d0 code [0x0000000002883a20, 0x00000000028847f8]

GC Heap History (10 events):
Event: 2.930 GC heap before
{Heap before GC invocations=18 (full 0):
 PSYoungGen      total 173568K, used 171616K [0x000000076b800000, 0x000000077af80000, 0x00000007c0000000)
  eden space 171520K, 100% used [0x000000076b800000,0x0000000775f80000,0x0000000775f80000)
  from space 2048K, 4% used [0x000000077ab80000,0x000000077ab98000,0x000000077ad80000)
  to   space 2048K, 0% used [0x000000077ad80000,0x000000077ad80000,0x000000077af80000)
 ParOldGen       total 173568K, used 1498K [0x00000006c2800000, 0x00000006cd180000, 0x000000076b800000)
  object space 173568K, 0% used [0x00000006c2800000,0x00000006c29769a8,0x00000006cd180000)
 Metaspace       used 8221K, capacity 8646K, committed 8960K, reserved 1056768K
  class space    used 655K, capacity 690K, committed 768K, reserved 1048576K
Event: 2.930 GC heap after
Heap after GC invocations=18 (full 0):
 PSYoungGen      total 165888K, used 224K [0x000000076b800000, 0x000000077ae00000, 0x00000007c0000000)
  eden space 165376K, 0% used [0x000000076b800000,0x000000076b800000,0x0000000775980000)
  from space 512K, 43% used [0x000000077ad80000,0x000000077adb8000,0x000000077ae00000)
  to   space 2048K, 0% used [0x000000077aa00000,0x000000077aa00000,0x000000077ac00000)
 ParOldGen       total 173568K, used 1498K [0x00000006c2800000, 0x00000006cd180000, 0x000000076b800000)
  object space 173568K, 0% used [0x00000006c2800000,0x00000006c29769a8,0x00000006cd180000)
 Metaspace       used 8221K, capacity 8646K, committed 8960K, reserved 1056768K
  class space    used 655K, capacity 690K, committed 768K, reserved 1048576K
}
Event: 3.093 GC heap before
{Heap before GC invocations=19 (full 0):
 PSYoungGen      total 165888K, used 165600K [0x000000076b800000, 0x000000077ae00000, 0x00000007c0000000)
  eden space 165376K, 100% used [0x000000076b800000,0x0000000775980000,0x0000000775980000)
  from space 512K, 43% used [0x000000077ad80000,0x000000077adb8000,0x000000077ae00000)
  to   space 2048K, 0% used [0x000000077aa00000,0x000000077aa00000,0x000000077ac00000)
 ParOldGen       total 173568K, used 1498K [0x00000006c2800000, 0x00000006cd180000, 0x000000076b800000)
  object space 173568K, 0% used [0x00000006c2800000,0x00000006c29769a8,0x00000006cd180000)
 Metaspace       used 8226K, capacity 8646K, committed 8960K, reserved 1056768K
  class space    used 655K, capacity 690K, committed 768K, reserved 1048576K
Event: 3.093 GC heap after
Heap after GC invocations=19 (full 0):
 PSYoungGen      total 161792K, used 192K [0x000000076b800000, 0x000000077ae00000, 0x00000007c0000000)
  eden space 159744K, 0% used [0x000000076b800000,0x000000076b800000,0x0000000775400000)
  from space 2048K, 9% used [0x000000077aa00000,0x000000077aa30000,0x000000077ac00000)
  to   space 2048K, 0% used [0x000000077ac00000,0x000000077ac00000,0x000000077ae00000)
 ParOldGen       total 173568K, used 1506K [0x00000006c2800000, 0x00000006cd180000, 0x000000076b800000)
  object space 173568K, 0% used [0x00000006c2800000,0x00000006c29789a8,0x00000006cd180000)
 Metaspace       used 8226K, capacity 8646K, committed 8960K, reserved 1056768K
  class space    used 655K, capacity 690K, committed 768K, reserved 1048576K
}
Event: 3.231 GC heap before
{Heap before GC invocations=20 (full 0):
 PSYoungGen      total 161792K, used 159936K [0x000000076b800000, 0x000000077ae00000, 0x00000007c0000000)
  eden space 159744K, 100% used [0x000000076b800000,0x0000000775400000,0x0000000775400000)
  from space 2048K, 9% used [0x000000077aa00000,0x000000077aa30000,0x000000077ac00000)
  to   space 2048K, 0% used [0x000000077ac00000,0x000000077ac00000,0x000000077ae00000)
 ParOldGen       total 173568K, used 1506K [0x00000006c2800000, 0x00000006cd180000, 0x000000076b800000)
  object space 173568K, 0% used [0x00000006c2800000,0x00000006c29789a8,0x00000006cd180000)
 Metaspace       used 8226K, capacity 8646K, committed 8960K, reserved 1056768K
  class space    used 655K, capacity 690K, committed 768K, reserved 1048576K
Event: 3.231 GC heap after
Heap after GC invocations=20 (full 0):
 PSYoungGen      total 154624K, used 160K [0x000000076b800000, 0x000000077ac80000, 0x00000007c0000000)
  eden space 154112K, 0% used [0x000000076b800000,0x000000076b800000,0x0000000774e80000)
  from space 512K, 31% used [0x000000077ac00000,0x000000077ac28000,0x000000077ac80000)
  to   space 2048K, 0% used [0x000000077a880000,0x000000077a880000,0x000000077aa80000)
 ParOldGen       total 173568K, used 1522K [0x00000006c2800000, 0x00000006cd180000, 0x000000076b800000)
  object space 173568K, 0% used [0x00000006c2800000,0x00000006c297c9a8,0x00000006cd180000)
 Metaspace       used 8226K, capacity 8646K, committed 8960K, reserved 1056768K
  class space    used 655K, capacity 690K, committed 768K, reserved 1048576K
}
Event: 3.401 GC heap before
{Heap before GC invocations=21 (full 0):
 PSYoungGen      total 154624K, used 154272K [0x000000076b800000, 0x000000077ac80000, 0x00000007c0000000)
  eden space 154112K, 100% used [0x000000076b800000,0x0000000774e80000,0x0000000774e80000)
  from space 512K, 31% used [0x000000077ac00000,0x000000077ac28000,0x000000077ac80000)
  to   space 2048K, 0% used [0x000000077a880000,0x000000077a880000,0x000000077aa80000)
 ParOldGen       total 173568K, used 1522K [0x00000006c2800000, 0x00000006cd180000, 0x000000076b800000)
  object space 173568K, 0% used [0x00000006c2800000,0x00000006c297c9a8,0x00000006cd180000)
 Metaspace       used 8226K, capacity 8646K, committed 8960K, reserved 1056768K
  class space    used 655K, capacity 690K, committed 768K, reserved 1048576K
Event: 3.401 GC heap after
Heap after GC invocations=21 (full 0):
 PSYoungGen      total 151040K, used 160K [0x000000076b800000, 0x000000077ac80000, 0x00000007c0000000)
  eden space 148992K, 0% used [0x000000076b800000,0x000000076b800000,0x0000000774980000)
  from space 2048K, 7% used [0x000000077a880000,0x000000077a8a8000,0x000000077aa80000)
  to   space 2048K, 0% used [0x000000077aa80000,0x000000077aa80000,0x000000077ac80000)
 ParOldGen       total 173568K, used 1522K [0x00000006c2800000, 0x00000006cd180000, 0x000000076b800000)
  object space 173568K, 0% used [0x00000006c2800000,0x00000006c297c9a8,0x00000006cd180000)
 Metaspace       used 8226K, capacity 8646K, committed 8960K, reserved 1056768K
  class space    used 655K, capacity 690K, committed 768K, reserved 1048576K
}
Event: 3.526 GC heap before
{Heap before GC invocations=22 (full 0):
 PSYoungGen      total 151040K, used 149152K [0x000000076b800000, 0x000000077ac80000, 0x00000007c0000000)
  eden space 148992K, 100% used [0x000000076b800000,0x0000000774980000,0x0000000774980000)
  from space 2048K, 7% used [0x000000077a880000,0x000000077a8a8000,0x000000077aa80000)
  to   space 2048K, 0% used [0x000000077aa80000,0x000000077aa80000,0x000000077ac80000)
 ParOldGen       total 173568K, used 1522K [0x00000006c2800000, 0x00000006cd180000, 0x000000076b800000)
  object space 173568K, 0% used [0x00000006c2800000,0x00000006c297c9a8,0x00000006cd180000)
 Metaspace       used 8226K, capacity 8646K, committed 8960K, reserved 1056768K
  class space    used 655K, capacity 690K, committed 768K, reserved 1048576K
Event: 3.527 GC heap after
Heap after GC invocations=22 (full 0):
 PSYoungGen      total 144384K, used 64K [0x000000076b800000, 0x000000077ab00000, 0x00000007c0000000)
  eden space 143872K, 0% used [0x000000076b800000,0x000000076b800000,0x0000000774480000)
  from space 512K, 12% used [0x000000077aa80000,0x000000077aa90000,0x000000077ab00000)
  to   space 2048K, 0% used [0x000000077a700000,0x000000077a700000,0x000000077a900000)
 ParOldGen       total 173568K, used 1546K [0x00000006c2800000, 0x00000006cd180000, 0x000000076b800000)
  object space 173568K, 0% used [0x00000006c2800000,0x00000006c29829a8,0x00000006cd180000)
 Metaspace       used 8226K, capacity 8646K, committed 8960K, reserved 1056768K
  class space    used 655K, capacity 690K, committed 768K, reserved 1048576K
}

Deoptimization events (10 events):
Event: 0.428 Thread 0x000000001e1ee800 Uncommon trap: reason=bimorphic action=maybe_recompile pc=0x00000000026992f8 method=java.util.HashMap.getNode(ILjava/lang/Object;)Ljava/util/HashMap$Node; @ 126
Event: 0.429 Thread 0x000000001e1ee800 Uncommon trap: reason=bimorphic action=maybe_recompile pc=0x00000000026992f8 method=java.util.HashMap.getNode(ILjava/lang/Object;)Ljava/util/HashMap$Node; @ 126
Event: 0.434 Thread 0x000000001e1ee800 Uncommon trap: reason=unstable_if action=reinterpret pc=0x0000000002692798 method=java.util.HashMap.keySet()Ljava/util/Set; @ 6
Event: 0.772 Thread 0x000000001e1ee800 Uncommon trap: reason=unstable_if action=reinterpret pc=0x0000000002698c84 method=java.util.HashMap.clear()V @ 16
Event: 0.772 Thread 0x000000001e1ee800 Uncommon trap: reason=unstable_if action=reinterpret pc=0x00000000026929d8 method=java.util.HashMap.clear()V @ 16
Event: 0.772 Thread 0x000000000244e000 Uncommon trap: reason=unstable_if action=reinterpret pc=0x00000000026abbb0 method=main.coreEngine.TickableThread.invoke(Ljava/lang/String;[Ljava/lang/Object;)V @ 53
Event: 0.773 Thread 0x000000001e1fc000 Uncommon trap: reason=unstable_if action=reinterpret pc=0x00000000026cfa34 method=main.coreEngine.TickableThread.run()V @ 58
Event: 0.773 Thread 0x000000000244e000 Uncommon trap: reason=unstable_if action=reinterpret pc=0x00000000026d417c method=main.coreEngine.TickableThread.invoke(Ljava/lang/String;[Ljava/lang/Object;)V @ 53
Event: 0.876 Thread 0x000000001e1ee800 Uncommon trap: reason=unstable_if action=reinterpret pc=0x000000000282652c method=main.coreEngine.TickableThread.run()V @ 461
Event: 0.883 Thread 0x000000001e1fc000 Uncommon trap: reason=unstable_if action=reinterpret pc=0x000000000282652c method=main.coreEngine.TickableThread.run()V @ 461

Internal exceptions (9 events):
Event: 0.028 Thread 0x000000000244e000 Exception <a 'java/lang/NoSuchMethodError': Method sun.misc.Unsafe.defineClass(Ljava/lang/String;[BII)Ljava/lang/Class; name or signature does not match> (0x000000076b80d9b8) thrown at [C:\workspace\8-2-build-windows-amd64-cygwin\jdk8u65\4987\hotspot\src\sa¡…µIú?
Event: 0.028 Thread 0x000000000244e000 Exception <a 'java/lang/NoSuchMethodError': Method sun.misc.Unsafe.prefetchRead(Ljava/lang/Object;J)V name or signature does not match> (0x000000076b80dca0) thrown at [C:\workspace\8-2-build-windows-amd64-cygwin\jdk8u65\4987\hotspot\src\share\vm\prims\jni.	âp˘€i√?
Event: 0.152 Thread 0x000000001e1ee800 Exception <a 'java/lang/ArrayIndexOutOfBoundsException': -1> (0x000000076c986b90) thrown at [C:\workspace\8-2-build-windows-amd64-cygwin\jdk8u65\4987\hotspot\src\share\vm\interpreter\interpreterRuntime.cpp, line 366]
Event: 0.429 Thread 0x000000001e1ee800 Exception <a 'java/security/PrivilegedActionException'> (0x000000076ea1bb20) thrown at [C:\workspace\8-2-build-windows-amd64-cygwin\jdk8u65\4987\hotspot\src\share\vm\prims\jvm.cpp, line 1386]
Event: 0.429 Thread 0x000000001e1ee800 Exception <a 'java/security/PrivilegedActionException'> (0x000000076ea1bf18) thrown at [C:\workspace\8-2-build-windows-amd64-cygwin\jdk8u65\4987\hotspot\src\share\vm\prims\jvm.cpp, line 1386]
Event: 0.429 Thread 0x000000001e1ee800 Exception <a 'java/security/PrivilegedActionException'> (0x000000076ea20130) thrown at [C:\workspace\8-2-build-windows-amd64-cygwin\jdk8u65\4987\hotspot\src\share\vm\prims\jvm.cpp, line 1386]
Event: 0.429 Thread 0x000000001e1ee800 Exception <a 'java/security/PrivilegedActionException'> (0x000000076ea20528) thrown at [C:\workspace\8-2-build-windows-amd64-cygwin\jdk8u65\4987\hotspot\src\share\vm\prims\jvm.cpp, line 1386]
Event: 0.772 Thread 0x000000000244e000 Implicit null exception at 0x00000000026ab5bc to 0x00000000026abb89
Event: 0.773 Thread 0x000000000244e000 Implicit null exception at 0x00000000026d3b81 to 0x00000000026d4153

Events (10 events):
Event: 2.930 Executing VM operation: ParallelGCFailedAllocation
Event: 2.930 Executing VM operation: ParallelGCFailedAllocation done
Event: 3.092 Executing VM operation: ParallelGCFailedAllocation
Event: 3.093 Executing VM operation: ParallelGCFailedAllocation done
Event: 3.231 Executing VM operation: ParallelGCFailedAllocation
Event: 3.231 Executing VM operation: ParallelGCFailedAllocation done
Event: 3.401 Executing VM operation: ParallelGCFailedAllocation
Event: 3.401 Executing VM operation: ParallelGCFailedAllocation done
Event: 3.526 Executing VM operation: ParallelGCFailedAllocation
Event: 3.527 Executing VM operation: ParallelGCFailedAllocation done


Dynamic libraries:
0x00007ff75ee90000 - 0x00007ff75eec7000 	C:\Program Files\Java\jdk1.8.0_65\bin\java.exe
0x00007ffde4980000 - 0x00007ffde4b41000 	C:\WINDOWS\SYSTEM32\ntdll.dll
0x00007ffde42a0000 - 0x00007ffde434d000 	C:\WINDOWS\system32\KERNEL32.DLL
0x00007ffde19f0000 - 0x00007ffde1bd8000 	C:\WINDOWS\system32\KERNELBASE.dll
0x00007ffde1e70000 - 0x00007ffde1f17000 	C:\WINDOWS\system32\ADVAPI32.dll
0x00007ffde3800000 - 0x00007ffde389d000 	C:\WINDOWS\system32\msvcrt.dll
0x00007ffde1e10000 - 0x00007ffde1e6b000 	C:\WINDOWS\system32\sechost.dll
0x00007ffde3bd0000 - 0x00007ffde3cec000 	C:\WINDOWS\system32\RPCRT4.dll
0x00007ffde3fe0000 - 0x00007ffde4136000 	C:\WINDOWS\system32\USER32.dll
0x00007ffde3cf0000 - 0x00007ffde3e76000 	C:\WINDOWS\system32\GDI32.dll
0x00007ffddd690000 - 0x00007ffddd904000 	C:\WINDOWS\WinSxS\amd64_microsoft.windows.common-controls_6595b64144ccf1df_6.0.10586.0_none_8c15ae12515e1c22\COMCTL32.dll
0x00007ffde3950000 - 0x00007ffde3bcd000 	C:\WINDOWS\system32\combase.dll
0x00007ffde1cf0000 - 0x00007ffde1d5a000 	C:\WINDOWS\system32\bcryptPrimitives.dll
0x00007ffde1dc0000 - 0x00007ffde1dfb000 	C:\WINDOWS\system32\IMM32.DLL
0x0000000070c90000 - 0x0000000070d62000 	C:\Program Files\Java\jdk1.8.0_65\jre\bin\msvcr100.dll
0x0000000070400000 - 0x0000000070c89000 	C:\Program Files\Java\jdk1.8.0_65\jre\bin\server\jvm.dll
0x00007ffde4290000 - 0x00007ffde4298000 	C:\WINDOWS\system32\PSAPI.DLL
0x00007ffdd8550000 - 0x00007ffdd8559000 	C:\WINDOWS\SYSTEM32\WSOCK32.dll
0x00007ffddd9c0000 - 0x00007ffddd9ca000 	C:\WINDOWS\SYSTEM32\VERSION.dll
0x00007ffddf730000 - 0x00007ffddf753000 	C:\WINDOWS\SYSTEM32\WINMM.dll
0x00007ffde4470000 - 0x00007ffde44db000 	C:\WINDOWS\system32\WS2_32.dll
0x00007ffddf6d0000 - 0x00007ffddf6fc000 	C:\WINDOWS\SYSTEM32\WINMMBASE.dll
0x00007ffde1be0000 - 0x00007ffde1c23000 	C:\WINDOWS\system32\cfgmgr32.dll
0x00000000703f0000 - 0x00000000703ff000 	C:\Program Files\Java\jdk1.8.0_65\jre\bin\verify.dll
0x00000000703c0000 - 0x00000000703e9000 	C:\Program Files\Java\jdk1.8.0_65\jre\bin\java.dll
0x0000000070380000 - 0x00000000703b5000 	C:\Program Files\Java\jdk1.8.0_65\jre\bin\jdwp.dll
0x0000000070370000 - 0x0000000070378000 	C:\Program Files\Java\jdk1.8.0_65\jre\bin\npt.dll
0x0000000070350000 - 0x0000000070366000 	C:\Program Files\Java\jdk1.8.0_65\jre\bin\zip.dll
0x00007ffde1f80000 - 0x00007ffde34dc000 	C:\WINDOWS\system32\SHELL32.dll
0x00007ffde11d0000 - 0x00007ffde1815000 	C:\WINDOWS\system32\windows.storage.dll
0x00007ffde36b0000 - 0x00007ffde3702000 	C:\WINDOWS\system32\shlwapi.dll
0x00007ffde0fb0000 - 0x00007ffde0fbf000 	C:\WINDOWS\system32\kernel.appcore.dll
0x00007ffde1c30000 - 0x00007ffde1ce5000 	C:\WINDOWS\system32\shcore.dll
0x00007ffde0fc0000 - 0x00007ffde100b000 	C:\WINDOWS\system32\powrprof.dll
0x00007ffde0f80000 - 0x00007ffde0f94000 	C:\WINDOWS\system32\profapi.dll
0x0000000070340000 - 0x0000000070349000 	C:\Program Files\Java\jdk1.8.0_65\jre\bin\dt_socket.dll
0x00007ffde08b0000 - 0x00007ffde090c000 	C:\WINDOWS\system32\mswsock.dll
0x00007ffdcf260000 - 0x00007ffdcf2e8000 	D:\Code\Java\Projects\WireEngine20\lib\native\lwjgl.dll
0x00007ffde0a80000 - 0x00007ffde0a8b000 	C:\WINDOWS\SYSTEM32\CRYPTBASE.DLL
0x00007ffdbfbb0000 - 0x00007ffdbfbf2000 	D:\Code\Java\Projects\WireEngine20\lib\native\jemalloc.dll
0x00007ffdd40d0000 - 0x00007ffdd4108000 	D:\Code\Java\Projects\WireEngine20\lib\native\glfw.dll
0x00007ffddf850000 - 0x00007ffddf8e6000 	C:\WINDOWS\system32\uxtheme.dll
0x00007ffdde650000 - 0x00007ffdde672000 	C:\WINDOWS\SYSTEM32\dwmapi.dll
0x00007ffdc8b70000 - 0x00007ffdc8c99000 	C:\WINDOWS\SYSTEM32\opengl32.dll
0x00007ffdc6920000 - 0x00007ffdc6a1a000 	C:\WINDOWS\SYSTEM32\DDRAW.dll
0x00007ffdcd0c0000 - 0x00007ffdcd0ee000 	C:\WINDOWS\SYSTEM32\GLU32.dll
0x00007ffddaa30000 - 0x00007ffddaa38000 	C:\WINDOWS\SYSTEM32\DCIMAN32.dll
0x00007ffde3e80000 - 0x00007ffde3fda000 	C:\WINDOWS\system32\MSCTF.dll
0x00007ffdc9cc0000 - 0x00007ffdc9d09000 	C:\Program Files (x86)\TeamViewer\tv_x64.dll
0x00007ffde4140000 - 0x00007ffde4283000 	C:\WINDOWS\system32\ole32.dll
0x000000006e5f0000 - 0x0000000070339000 	C:\WINDOWS\SYSTEM32\nvoglv64.DLL
0x00007ffde4550000 - 0x00007ffde4979000 	C:\WINDOWS\system32\SETUPAPI.dll
0x00007ffddf2f0000 - 0x00007ffddf303000 	C:\WINDOWS\SYSTEM32\WTSAPI32.dll
0x00007ffddf9a0000 - 0x00007ffddf9c7000 	C:\WINDOWS\SYSTEM32\DEVOBJ.dll
0x00007ffde1170000 - 0x00007ffde11c5000 	C:\WINDOWS\system32\WINTRUST.dll
0x00007ffde0fa0000 - 0x00007ffde0fb0000 	C:\WINDOWS\system32\MSASN1.dll
0x00007ffde1820000 - 0x00007ffde19e7000 	C:\WINDOWS\system32\CRYPT32.dll
0x00007ffde04d0000 - 0x00007ffde0501000 	C:\WINDOWS\SYSTEM32\ntmarta.dll
0x00007ffde0220000 - 0x00007ffde0276000 	C:\WINDOWS\SYSTEM32\WINSTA.dll
0x00007ffde38a0000 - 0x00007ffde3947000 	C:\WINDOWS\system32\clbcatq.dll
0x00007ffdb9de0000 - 0x00007ffdb9f6c000 	C:\WINDOWS\SYSTEM32\dbghelp.dll

VM Arguments:
jvm_args: -agentlib:jdwp=transport=dt_socket,address=127.0.0.1:54175,suspend=y,server=n -Djava.library.path=lib/native/ -Dfile.encoding=UTF-8 
java_command: main.Main
java_class_path (initial): C:\Program Files\Java\jdk1.8.0_65\jre\lib\charsets.jar;C:\Program Files\Java\jdk1.8.0_65\jre\lib\deploy.jar;C:\Program Files\Java\jdk1.8.0_65\jre\lib\ext\access-bridge-64.jar;C:\Program Files\Java\jdk1.8.0_65\jre\lib\ext\cldrdata.jar;C:\Program Files\Java\jdk1.8.0_65\jre\lib\ext\dnsns.jar;C:\Program Files\Java\jdk1.8.0_65\jre\lib\ext\jaccess.jar;C:\Program Files\Java\jdk1.8.0_65\jre\lib\ext\jfxrt.jar;C:\Program Files\Java\jdk1.8.0_65\jre\lib\ext\localedata.jar;C:\Program Files\Java\jdk1.8.0_65\jre\lib\ext\nashorn.jar;C:\Program Files\Java\jdk1.8.0_65\jre\lib\ext\sunec.jar;C:\Program Files\Java\jdk1.8.0_65\jre\lib\ext\sunjce_provider.jar;C:\Program Files\Java\jdk1.8.0_65\jre\lib\ext\sunmscapi.jar;C:\Program Files\Java\jdk1.8.0_65\jre\lib\ext\sunpkcs11.jar;C:\Program Files\Java\jdk1.8.0_65\jre\lib\ext\zipfs.jar;C:\Program Files\Java\jdk1.8.0_65\jre\lib\javaws.jar;C:\Program Files\Java\jdk1.8.0_65\jre\lib\jce.jar;C:\Program Files\Java\jdk1.8.0_65\jre\lib\jfr.jar;C:\Program Files\Java\jdk1.8.0_65\jre\lib\jfxswt.jar;C:\Program Files\Java\jdk1.8.0_65\jre\lib\jsse.jar;C:\Program Files\Java\jdk1.8.0_65\jre\lib\management-agent.jar;C:\Program Files\Java\jdk1.8.0_65\jre\lib\plugin.jar;C:\Program Files\Java\jdk1.8.0_65\jre\lib\resources.jar;C:\Program Files\Java\jdk1.8.0_65\jre\lib\rt.jar;D:\Code\Java\Projects\WireEngine20\out\production\WireEngine20;D:\Code\Java\Projects\WireEngine20\lib\jar\lwjgl.jar;D:\Program Files (x86)\JetBrains\IntelliJ IDEA 2016.1\lib\idea_rt.jar
Launcher Type: SUN_STANDARD

Environment Variables:
JAVA_HOME=C:\Program Files\Java\jdk1.8.0_65
PATH=C:\ProgramData\Oracle\Java\javapath;C:\Program Files (x86)\Razer Chroma SDK\bin;C:\Program Files\Razer Chroma SDK\bin;C:\Program Files (x86)\NVIDIA Corporation\PhysX\Common;C:\Program Files (x86)\Intel\iCLS Client\;C:\Program Files\Intel\iCLS Client\;C:\Windows\system32;C:\Windows;C:\Windows\System32\Wbem;C:\Windows\System32\WindowsPowerShell\v1.0\;C:\Program Files\Intel\Intel(R) Management Engine Components\DAL;C:\Program Files (x86)\Intel\Intel(R) Management Engine Components\DAL;C:\Program Files\Intel\Intel(R) Management Engine Components\IPT;C:\Program Files (x86)\Intel\Intel(R) Management Engine Components\IPT;C:\Program Files\Java\jre1.8.0_65\bin;C:\MinGW\bin;C:\WINDOWS\system32;C:\WINDOWS;C:\WINDOWS\System32\Wbem;C:\WINDOWS\System32\WindowsPowerShell\v1.0\;D:\Program Files (x86)\CMake\bin;D:\Program Files\Programs\Python\Python35-32;D:\Program Files\Programs\Python\Python35-32\Scripts;C:\Program Files (x86)\Skype\Phone\;D:\Program Files\Programs\Python\Python35-32\Scripts\;D:\Program Files\Programs\Python\Python35-32\
USERNAME=Kelan
OS=Windows_NT
PROCESSOR_IDENTIFIER=Intel64 Family 6 Model 60 Stepping 3, GenuineIntel



---------------  S Y S T E M  ---------------

OS: Windows 10.0 , 64 bit Build 10586 (10.0.10586.0)

CPU:total 8 (4 cores per cpu, 2 threads per core) family 6 model 60 stepping 3, cmov, cx8, fxsr, mmx, sse, sse2, sse3, ssse3, sse4.1, sse4.2, popcnt, avx, avx2, aes, clmul, erms, lzcnt, ht, tsc, tscinvbit, bmi1, bmi2

Memory: 4k page, physical 16609500k(4017440k free), swap 33386716k(17519720k free)

vm_info: Java HotSpot(TM) 64-Bit Server VM (25.65-b01) for windows-amd64 JRE (1.8.0_65-b17), built on Oct  6 2015 16:39:20 by "java_re" with MS VC++ 10.0 (VS2010)

time: Sun Apr 10 21:58:18 2016
elapsed time: 3 seconds (0d 0h 0m 3s)

