#
# A fatal error has been detected by the Java Runtime Environment:
#
#  EXCEPTION_ACCESS_VIOLATION (0xc0000005) at pc=0x00007ffb39e424b9, pid=8924, tid=11992
#
# JRE version: Java(TM) SE Runtime Environment (8.0_65-b17) (build 1.8.0_65-b17)
# Java VM: Java HotSpot(TM) 64-Bit Server VM (25.65-b01 mixed mode windows-amd64 compressed oops)
# Problematic frame:
# C  [glfw.dll+0x24b9]
#
# Failed to write core dump. Minidumps are not enabled by default on client versions of Windows
#
# If you would like to submit a bug report, please visit:
#   http://bugreport.java.com/bugreport/crash.jsp
# The crash happened outside the Java Virtual Machine in native code.
# See problematic frame for where to report the bug.
#

---------------  T H R E A D  ---------------

Current thread (0x000000001e266000):  JavaThread "CLIENT" [_thread_in_native, id=11992, stack(0x000000001ef70000,0x000000001f070000)]

siginfo: ExceptionCode=0xc0000005, reading address 0x0000000000000000

Registers:
RAX=0x0000000000000000, RBX=0x000000001bb23030, RCX=0x0000000000000000, RDX=0x0000000000000000
RSP=0x000000001f06eee0, RBP=0x000000001f06ef98, RSI=0x0000000000000108, RDI=0x00000000004dd8f0
R8 =0x000000001f06eed8, R9 =0x000000001f06ef98, R10=0x0000000000000000, R11=0x0000000000000246
R12=0x0000000000000000, R13=0x000000001bb23030, R14=0x000000001f06efd0, R15=0x000000001e266000
RIP=0x00007ffb39e424b9, EFLAGS=0x0000000000010283

Top of Stack: (sp=0x000000001f06eee0)
0x000000001f06eee0:   000000001e266000 000000001e266000
0x000000001f06eef0:   000000001e266000 000000001e266000
0x000000001f06ef00:   0000000000000c78 000000000271dfcc
0x000000001f06ef10:   000000001bb23030 000000006c7e5005
0x000000001f06ef20:   000000001bac7bf0 000000001c0a0450
0x000000001f06ef30:   000000000000000e 000000001e266000
0x000000001f06ef40:   000000001bb3f0e8 000000006c6faea4
0x000000001f06ef50:   000000001e266000 000000001f06ef58
0x000000001f06ef60:   0000000000000000 000000001f06efd0
0x000000001f06ef70:   000000001bb237d0 0000000000000000
0x000000001f06ef80:   000000001bb23030 0000000000000000
0x000000001f06ef90:   000000001f06efb8 000000001f06f018
0x000000001f06efa0:   0000000002707d8d 00000006c2810078
0x000000001f06efb0:   00000000027142f8 00000000004dd8f0
0x000000001f06efc0:   00000000027078a0 00007ffb39e42420
0x000000001f06efd0:   0000000000000001 000000001f06efd8 

Instructions: (pc=0x00007ffb39e424b9)
0x00007ffb39e42499:   48 8b cf e8 1f 3a 00 00 48 39 3d f0 d5 02 00 48
0x00007ffb39e424a9:   8d 0d e9 d5 02 00 48 8b 5c 24 30 74 08 48 8b 09
0x00007ffb39e424b9:   48 39 39 75 f8 48 8b 07 48 89 01 48 8b cf 48 83
0x00007ffb39e424c9:   c4 20 5f e9 5b fe 00 00 48 83 c4 20 5f c3 cc cc 


Register to memory mapping:

RAX=0x0000000000000000 is an unknown value
RBX={method} {0x000000001bb23038} 'invokePV' '(JJ)V' in 'org/lwjgl/system/JNI'
RCX=0x0000000000000000 is an unknown value
RDX=0x0000000000000000 is an unknown value
RSP=0x000000001f06eee0 is pointing into the stack for thread: 0x000000001e266000
RBP=0x000000001f06ef98 is pointing into the stack for thread: 0x000000001e266000
RSI=0x0000000000000108 is an unknown value
RDI=0x00000000004dd8f0 is an unknown value
R8 =0x000000001f06eed8 is pointing into the stack for thread: 0x000000001e266000
R9 =0x000000001f06ef98 is pointing into the stack for thread: 0x000000001e266000
R10=0x0000000000000000 is an unknown value
R11=0x0000000000000246 is an unknown value
R12=0x0000000000000000 is an unknown value
R13={method} {0x000000001bb23038} 'invokePV' '(JJ)V' in 'org/lwjgl/system/JNI'
R14=0x000000001f06efd0 is pointing into the stack for thread: 0x000000001e266000
R15=0x000000001e266000 is a thread


Stack: [0x000000001ef70000,0x000000001f070000],  sp=0x000000001f06eee0,  free space=1019k
Native frames: (J=compiled Java code, j=interpreted, Vv=VM code, C=native code)
C  [glfw.dll+0x24b9]
C  0x000000000271dfcc

Java frames: (J=compiled Java code, j=interpreted, Vv=VM code)
j  org.lwjgl.system.JNI.invokePV(JJ)V+0
j  org.lwjgl.glfw.GLFW.glfwDestroyCursor(J)V+20
j  main.client.Window.destroyWindow()V+9
j  main.coreEngine.Engine.stop()V+70
j  main.client.Window.update()V+33
j  main.client.renderEngine.RenderEngine.render()V+32
j  main.client.ClientThread.tick()V+12
j  main.coreEngine.TickableThread.run()V+469
v  ~StubRoutines::call_stub

---------------  P R O C E S S  ---------------

Java Threads: ( => current thread )
  0x000000001e268000 JavaThread "SERVER" [_thread_in_Java, id=6076, stack(0x000000001f070000,0x000000001f170000)]
=>0x000000001e266000 JavaThread "CLIENT" [_thread_in_native, id=11992, stack(0x000000001ef70000,0x000000001f070000)]
  0x000000001e0be000 JavaThread "Service Thread" daemon [_thread_blocked, id=2592, stack(0x000000001ed70000,0x000000001ee70000)]
  0x000000001e127800 JavaThread "C1 CompilerThread3" daemon [_thread_blocked, id=1796, stack(0x000000001ec70000,0x000000001ed70000)]
  0x000000001e126800 JavaThread "C2 CompilerThread2" daemon [_thread_blocked, id=12120, stack(0x000000001eb70000,0x000000001ec70000)]
  0x000000001e0c7000 JavaThread "C2 CompilerThread1" daemon [_thread_blocked, id=4444, stack(0x000000001ea70000,0x000000001eb70000)]
  0x000000001e0cb800 JavaThread "C2 CompilerThread0" daemon [_thread_blocked, id=13064, stack(0x000000001e970000,0x000000001ea70000)]
  0x000000001e0b1800 JavaThread "JDWP Command Reader" daemon [_thread_in_native, id=4264, stack(0x000000001e870000,0x000000001e970000)]
  0x000000001e0ae000 JavaThread "JDWP Event Helper Thread" daemon [_thread_blocked, id=1624, stack(0x000000001e770000,0x000000001e870000)]
  0x000000001e0a0800 JavaThread "JDWP Transport Listener: dt_socket" daemon [_thread_blocked, id=4508, stack(0x000000001e670000,0x000000001e770000)]
  0x000000001e096800 JavaThread "Attach Listener" daemon [_thread_blocked, id=12308, stack(0x000000001e570000,0x000000001e670000)]
  0x000000001e095800 JavaThread "Signal Dispatcher" daemon [_thread_blocked, id=12960, stack(0x000000001e470000,0x000000001e570000)]
  0x00000000026fa000 JavaThread "Finalizer" daemon [_thread_blocked, id=9580, stack(0x000000001df70000,0x000000001e070000)]
  0x00000000026f3000 JavaThread "Reference Handler" daemon [_thread_blocked, id=4452, stack(0x000000001de70000,0x000000001df70000)]
  0x0000000000f9e000 JavaThread "main" [_thread_in_Java, id=13056, stack(0x0000000000db0000,0x0000000000eb0000)]

Other Threads:
  0x000000001c099800 VMThread [stack: 0x000000001dd70000,0x000000001de70000] [id=5804]
  0x000000001e151000 WatcherThread [stack: 0x000000001ee70000,0x000000001ef70000] [id=740]

VM state:not at safepoint (normal execution)

VM Mutex/Monitor currently owned by a thread: None

Heap:
 PSYoungGen      total 955392K, used 313959K [0x000000076b800000, 0x00000007abb80000, 0x00000007c0000000)
  eden space 954880K, 32% used [0x000000076b800000,0x000000077ea79f90,0x00000007a5c80000)
  from space 512K, 25% used [0x00000007abb00000,0x00000007abb20000,0x00000007abb80000)
  to   space 7680K, 0% used [0x00000007aac80000,0x00000007aac80000,0x00000007ab400000)
 ParOldGen       total 173568K, used 19562K [0x00000006c2800000, 0x00000006cd180000, 0x000000076b800000)
  object space 173568K, 11% used [0x00000006c2800000,0x00000006c3b1a860,0x00000006cd180000)
 Metaspace       used 8393K, capacity 8774K, committed 8960K, reserved 1056768K
  class space    used 661K, capacity 690K, committed 768K, reserved 1048576K

Card table byte_map: [0x0000000011ac0000,0x00000000122b0000] byte_map_base: 0x000000000e4ac000

Marking Bits: (ParMarkBitMap*) 0x000000006cdda5b0
 Begin Bits: [0x0000000013000000, 0x0000000016f60000)
 End Bits:   [0x0000000016f60000, 0x000000001aec0000)

Polling page: 0x0000000000cc0000

CodeCache: size=245760Kb used=4495Kb max_used=4507Kb free=241264Kb
 bounds [0x0000000002700000, 0x0000000002b70000, 0x0000000011700000]
 total_blobs=1484 nmethods=826 adapters=579
 compilation: enabled

Compilation events (10 events):
Event: 4.519 Thread 0x000000001e127800  825       3       main.client.renderEngine.RenderEngine$ModelData::<init> (32 bytes)
Event: 4.519 Thread 0x000000001e127800 nmethod 825 0x0000000002b5bb10 code [0x0000000002b5bc60, 0x0000000002b5be90]
Event: 4.519 Thread 0x000000001e127800  826       3       main.coreEngine.util.maths.Matrix4f::scale (170 bytes)
Event: 4.519 Thread 0x000000001e127800 nmethod 826 0x0000000002b5bf50 code [0x0000000002b5c0e0, 0x0000000002b5c568]
Event: 4.519 Thread 0x000000001e127800  824       3       main.coreEngine.sceneGraph.components.ControllerComponent::input (675 bytes)
Event: 4.523 Thread 0x000000001e127800 nmethod 824 0x0000000002b5c7d0 code [0x0000000002b5cfe0, 0x0000000002b63878]
Event: 4.568 Thread 0x000000001e0cb800  827       4       org.lwjgl.opengl.GL20::getInstance (7 bytes)
Event: 4.570 Thread 0x000000001e0cb800 nmethod 827 0x0000000002b69090 code [0x0000000002b691e0, 0x0000000002b69378]
Event: 4.634 Thread 0x000000001e0c7000  828       4       main.coreEngine.util.maths.Matrix4f::setIdentity (82 bytes)
Event: 4.635 Thread 0x000000001e0c7000 nmethod 828 0x0000000002b696d0 code [0x0000000002b69800, 0x0000000002b698b8]

GC Heap History (10 events):
Event: 2.496 GC heap before
{Heap before GC invocations=12 (full 0):
 PSYoungGen      total 418816K, used 410272K [0x000000076b800000, 0x0000000794a00000, 0x00000007c0000000)
  eden space 410112K, 100% used [0x000000076b800000,0x0000000784880000,0x0000000784880000)
  from space 8704K, 1% used [0x0000000784880000,0x00000007848a8000,0x0000000785100000)
  to   space 8704K, 0% used [0x0000000794180000,0x0000000794180000,0x0000000794a00000)
 ParOldGen       total 173568K, used 19490K [0x00000006c2800000, 0x00000006cd180000, 0x000000076b800000)
  object space 173568K, 11% used [0x00000006c2800000,0x00000006c3b08860,0x00000006cd180000)
 Metaspace       used 8360K, capacity 8774K, committed 8960K, reserved 1056768K
  class space    used 661K, capacity 690K, committed 768K, reserved 1048576K
Event: 2.497 GC heap after
Heap after GC invocations=12 (full 0):
 PSYoungGen      total 665088K, used 160K [0x000000076b800000, 0x0000000794a00000, 0x00000007c0000000)
  eden space 656384K, 0% used [0x000000076b800000,0x000000076b800000,0x0000000793900000)
  from space 8704K, 1% used [0x0000000794180000,0x00000007941a8000,0x0000000794a00000)
  to   space 8704K, 0% used [0x0000000793900000,0x0000000793900000,0x0000000794180000)
 ParOldGen       total 173568K, used 19538K [0x00000006c2800000, 0x00000006cd180000, 0x000000076b800000)
  object space 173568K, 11% used [0x00000006c2800000,0x00000006c3b14860,0x00000006cd180000)
 Metaspace       used 8360K, capacity 8774K, committed 8960K, reserved 1056768K
  class space    used 661K, capacity 690K, committed 768K, reserved 1048576K
}
Event: 3.006 GC heap before
{Heap before GC invocations=13 (full 0):
 PSYoungGen      total 665088K, used 656544K [0x000000076b800000, 0x0000000794a00000, 0x00000007c0000000)
  eden space 656384K, 100% used [0x000000076b800000,0x0000000793900000,0x0000000793900000)
  from space 8704K, 1% used [0x0000000794180000,0x00000007941a8000,0x0000000794a00000)
  to   space 8704K, 0% used [0x0000000793900000,0x0000000793900000,0x0000000794180000)
 ParOldGen       total 173568K, used 19538K [0x00000006c2800000, 0x00000006cd180000, 0x000000076b800000)
  object space 173568K, 11% used [0x00000006c2800000,0x00000006c3b14860,0x00000006cd180000)
 Metaspace       used 8376K, capacity 8774K, committed 8960K, reserved 1056768K
  class space    used 661K, capacity 690K, committed 768K, reserved 1048576K
Event: 3.007 GC heap after
Heap after GC invocations=13 (full 0):
 PSYoungGen      total 665088K, used 128K [0x000000076b800000, 0x00000007acb00000, 0x00000007c0000000)
  eden space 656384K, 0% used [0x000000076b800000,0x000000076b800000,0x0000000793900000)
  from space 8704K, 1% used [0x0000000793900000,0x0000000793920000,0x0000000794180000)
  to   space 8704K, 0% used [0x00000007ac280000,0x00000007ac280000,0x00000007acb00000)
 ParOldGen       total 173568K, used 19554K [0x00000006c2800000, 0x00000006cd180000, 0x000000076b800000)
  object space 173568K, 11% used [0x00000006c2800000,0x00000006c3b18860,0x00000006cd180000)
 Metaspace       used 8376K, capacity 8774K, committed 8960K, reserved 1056768K
  class space    used 661K, capacity 690K, committed 768K, reserved 1048576K
}
Event: 3.511 GC heap before
{Heap before GC invocations=14 (full 0):
 PSYoungGen      total 665088K, used 656512K [0x000000076b800000, 0x00000007acb00000, 0x00000007c0000000)
  eden space 656384K, 100% used [0x000000076b800000,0x0000000793900000,0x0000000793900000)
  from space 8704K, 1% used [0x0000000793900000,0x0000000793920000,0x0000000794180000)
  to   space 8704K, 0% used [0x00000007ac280000,0x00000007ac280000,0x00000007acb00000)
 ParOldGen       total 173568K, used 19554K [0x00000006c2800000, 0x00000006cd180000, 0x000000076b800000)
  object space 173568K, 11% used [0x00000006c2800000,0x00000006c3b18860,0x00000006cd180000)
 Metaspace       used 8383K, capacity 8774K, committed 8960K, reserved 1056768K
  class space    used 661K, capacity 690K, committed 768K, reserved 1048576K
Event: 3.511 GC heap after
Heap after GC invocations=14 (full 0):
 PSYoungGen      total 1058304K, used 128K [0x000000076b800000, 0x00000007aca00000, 0x00000007c0000000)
  eden space 1050624K, 0% used [0x000000076b800000,0x000000076b800000,0x00000007aba00000)
  from space 7680K, 1% used [0x00000007ac280000,0x00000007ac2a0000,0x00000007aca00000)
  to   space 8192K, 0% used [0x00000007aba00000,0x00000007aba00000,0x00000007ac200000)
 ParOldGen       total 173568K, used 19562K [0x00000006c2800000, 0x00000006cd180000, 0x000000076b800000)
  object space 173568K, 11% used [0x00000006c2800000,0x00000006c3b1a860,0x00000006cd180000)
 Metaspace       used 8383K, capacity 8774K, committed 8960K, reserved 1056768K
  class space    used 661K, capacity 690K, committed 768K, reserved 1048576K
}
Event: 4.360 GC heap before
{Heap before GC invocations=15 (full 0):
 PSYoungGen      total 1058304K, used 1050752K [0x000000076b800000, 0x00000007aca00000, 0x00000007c0000000)
  eden space 1050624K, 100% used [0x000000076b800000,0x00000007aba00000,0x00000007aba00000)
  from space 7680K, 1% used [0x00000007ac280000,0x00000007ac2a0000,0x00000007aca00000)
  to   space 8192K, 0% used [0x00000007aba00000,0x00000007aba00000,0x00000007ac200000)
 ParOldGen       total 173568K, used 19562K [0x00000006c2800000, 0x00000006cd180000, 0x000000076b800000)
  object space 173568K, 11% used [0x00000006c2800000,0x00000006c3b1a860,0x00000006cd180000)
 Metaspace       used 8385K, capacity 8774K, committed 8960K, reserved 1056768K
  class space    used 661K, capacity 690K, committed 768K, reserved 1048576K
Event: 4.360 GC heap after
Heap after GC invocations=15 (full 0):
 PSYoungGen      total 1001984K, used 160K [0x000000076b800000, 0x00000007ac300000, 0x00000007c0000000)
  eden space 1001472K, 0% used [0x000000076b800000,0x000000076b800000,0x00000007a8a00000)
  from space 512K, 31% used [0x00000007aba00000,0x00000007aba28000,0x00000007aba80000)
  to   space 8192K, 0% used [0x00000007abb00000,0x00000007abb00000,0x00000007ac300000)
 ParOldGen       total 173568K, used 19562K [0x00000006c2800000, 0x00000006cd180000, 0x000000076b800000)
  object space 173568K, 11% used [0x00000006c2800000,0x00000006c3b1a860,0x00000006cd180000)
 Metaspace       used 8385K, capacity 8774K, committed 8960K, reserved 1056768K
  class space    used 661K, capacity 690K, committed 768K, reserved 1048576K
}
Event: 5.139 GC heap before
{Heap before GC invocations=16 (full 0):
 PSYoungGen      total 1001984K, used 1001632K [0x000000076b800000, 0x00000007ac300000, 0x00000007c0000000)
  eden space 1001472K, 100% used [0x000000076b800000,0x00000007a8a00000,0x00000007a8a00000)
  from space 512K, 31% used [0x00000007aba00000,0x00000007aba28000,0x00000007aba80000)
  to   space 8192K, 0% used [0x00000007abb00000,0x00000007abb00000,0x00000007ac300000)
 ParOldGen       total 173568K, used 19562K [0x00000006c2800000, 0x00000006cd180000, 0x000000076b800000)
  object space 173568K, 11% used [0x00000006c2800000,0x00000006c3b1a860,0x00000006cd180000)
 Metaspace       used 8393K, capacity 8774K, committed 8960K, reserved 1056768K
  class space    used 661K, capacity 690K, committed 768K, reserved 1048576K
Event: 5.140 GC heap after
Heap after GC invocations=16 (full 0):
 PSYoungGen      total 955392K, used 128K [0x000000076b800000, 0x00000007abb80000, 0x00000007c0000000)
  eden space 954880K, 0% used [0x000000076b800000,0x000000076b800000,0x00000007a5c80000)
  from space 512K, 25% used [0x00000007abb00000,0x00000007abb20000,0x00000007abb80000)
  to   space 7680K, 0% used [0x00000007aac80000,0x00000007aac80000,0x00000007ab400000)
 ParOldGen       total 173568K, used 19562K [0x00000006c2800000, 0x00000006cd180000, 0x000000076b800000)
  object space 173568K, 11% used [0x00000006c2800000,0x00000006c3b1a860,0x00000006cd180000)
 Metaspace       used 8393K, capacity 8774K, committed 8960K, reserved 1056768K
  class space    used 661K, capacity 690K, committed 768K, reserved 1048576K
}

Deoptimization events (10 events):
Event: 1.967 Thread 0x000000001e266000 Uncommon trap: reason=class_check action=maybe_recompile pc=0x00000000029d3784 method=sun.misc.FloatingDecimal.parseFloat(Ljava/lang/String;)F @ 4
Event: 1.967 Thread 0x000000001e266000 Uncommon trap: reason=class_check action=maybe_recompile pc=0x00000000029d3784 method=sun.misc.FloatingDecimal.parseFloat(Ljava/lang/String;)F @ 4
Event: 1.967 Thread 0x000000001e266000 Uncommon trap: reason=class_check action=maybe_recompile pc=0x00000000029d3784 method=sun.misc.FloatingDecimal.parseFloat(Ljava/lang/String;)F @ 4
Event: 1.967 Thread 0x000000001e266000 Uncommon trap: reason=class_check action=maybe_recompile pc=0x00000000029d3784 method=sun.misc.FloatingDecimal.parseFloat(Ljava/lang/String;)F @ 4
Event: 1.968 Thread 0x000000001e266000 Uncommon trap: reason=unstable_if action=reinterpret pc=0x0000000002a2b898 method=main.client.renderEngine.mesh.MeshBuilder.processFace(Ljava/lang/String;Lmain/client/renderEngine/mesh/MeshBuilder;)Z @ 114
Event: 1.971 Thread 0x000000001e266000 Uncommon trap: reason=bimorphic action=maybe_recompile pc=0x0000000002855b38 method=java.util.HashMap.getNode(ILjava/lang/Object;)Ljava/util/HashMap$Node; @ 126
Event: 2.045 Thread 0x000000001e266000 Uncommon trap: reason=unstable_if action=reinterpret pc=0x00000000029c7f70 method=main.coreEngine.TickableThread.run()V @ 461
Event: 2.053 Thread 0x000000001e268000 Uncommon trap: reason=unstable_if action=reinterpret pc=0x00000000029c7f70 method=main.coreEngine.TickableThread.run()V @ 461
Event: 2.055 Thread 0x000000001e266000 Uncommon trap: reason=unstable_if action=reinterpret pc=0x0000000002a23f30 method=java.lang.Integer.valueOf(I)Ljava/lang/Integer; @ 10
Event: 2.070 Thread 0x0000000000f9e000 Uncommon trap: reason=unstable_if action=reinterpret pc=0x0000000002afda64 method=main.coreEngine.Engine.start()V @ 163

Internal exceptions (8 events):
Event: 0.034 Thread 0x0000000000f9e000 Exception <a 'java/lang/NoSuchMethodError': Method sun.misc.Unsafe.defineClass(Ljava/lang/String;[BII)Ljava/lang/Class; name or signature does not match> (0x000000076b80da30) thrown at [C:\workspace\8-2-build-windows-amd64-cygwin\jdk8u65\4987\hotspot\src\s€eº¨Ö;¡?
Event: 0.034 Thread 0x0000000000f9e000 Exception <a 'java/lang/NoSuchMethodError': Method sun.misc.Unsafe.prefetchRead(Ljava/lang/Object;J)V name or signature does not match> (0x000000076b80dd18) thrown at [C:\workspace\8-2-build-windows-amd64-cygwin\jdk8u65\4987\hotspot\src\share\vm\prims\jni.û¤2{ß?
Event: 0.492 Thread 0x000000001e266000 Implicit null exception at 0x000000000285724f to 0x00000000028575b5
Event: 0.493 Thread 0x000000001e266000 Exception <a 'java/security/PrivilegedActionException'> (0x000000076b99a680) thrown at [C:\workspace\8-2-build-windows-amd64-cygwin\jdk8u65\4987\hotspot\src\share\vm\prims\jvm.cpp, line 1386]
Event: 0.493 Thread 0x000000001e266000 Exception <a 'java/security/PrivilegedActionException'> (0x000000076b99aa78) thrown at [C:\workspace\8-2-build-windows-amd64-cygwin\jdk8u65\4987\hotspot\src\share\vm\prims\jvm.cpp, line 1386]
Event: 0.493 Thread 0x000000001e266000 Exception <a 'java/security/PrivilegedActionException'> (0x000000076b99ec90) thrown at [C:\workspace\8-2-build-windows-amd64-cygwin\jdk8u65\4987\hotspot\src\share\vm\prims\jvm.cpp, line 1386]
Event: 0.493 Thread 0x000000001e266000 Exception <a 'java/security/PrivilegedActionException'> (0x000000076b99f088) thrown at [C:\workspace\8-2-build-windows-amd64-cygwin\jdk8u65\4987\hotspot\src\share\vm\prims\jvm.cpp, line 1386]
Event: 1.314 Thread 0x0000000000f9e000 Implicit null exception at 0x00000000028687bc to 0x0000000002868d59

Events (10 events):
Event: 3.006 Executing VM operation: ParallelGCFailedAllocation
Event: 3.007 Executing VM operation: ParallelGCFailedAllocation done
Event: 3.510 Executing VM operation: ParallelGCFailedAllocation
Event: 3.511 Executing VM operation: ParallelGCFailedAllocation done
Event: 4.095 Executing VM operation: EnableBiasedLocking
Event: 4.095 Executing VM operation: EnableBiasedLocking done
Event: 4.360 Executing VM operation: ParallelGCFailedAllocation
Event: 4.360 Executing VM operation: ParallelGCFailedAllocation done
Event: 5.139 Executing VM operation: ParallelGCFailedAllocation
Event: 5.140 Executing VM operation: ParallelGCFailedAllocation done


Dynamic libraries:
0x00007ff603aa0000 - 0x00007ff603ad7000 	C:\Program Files\Java\jdk1.8.0_65\bin\java.exe
0x00007ffb48720000 - 0x00007ffb488e1000 	C:\WINDOWS\SYSTEM32\ntdll.dll
0x00007ffb48170000 - 0x00007ffb4821d000 	C:\WINDOWS\system32\KERNEL32.DLL
0x00007ffb45560000 - 0x00007ffb45748000 	C:\WINDOWS\system32\KERNELBASE.dll
0x00007ffb47a50000 - 0x00007ffb47af7000 	C:\WINDOWS\system32\ADVAPI32.dll
0x00007ffb480d0000 - 0x00007ffb4816d000 	C:\WINDOWS\system32\msvcrt.dll
0x00007ffb47b00000 - 0x00007ffb47b5b000 	C:\WINDOWS\system32\sechost.dll
0x00007ffb47700000 - 0x00007ffb4781c000 	C:\WINDOWS\system32\RPCRT4.dll
0x00007ffb485c0000 - 0x00007ffb48716000 	C:\WINDOWS\system32\USER32.dll
0x00007ffb48220000 - 0x00007ffb483a6000 	C:\WINDOWS\system32\GDI32.dll
0x00007ffb41530000 - 0x00007ffb417a4000 	C:\WINDOWS\WinSxS\amd64_microsoft.windows.common-controls_6595b64144ccf1df_6.0.10586.0_none_8c15ae12515e1c22\COMCTL32.dll
0x00007ffb45b00000 - 0x00007ffb45d7d000 	C:\WINDOWS\system32\combase.dll
0x00007ffb45920000 - 0x00007ffb4598a000 	C:\WINDOWS\system32\bcryptPrimitives.dll
0x00007ffb45f90000 - 0x00007ffb45fcb000 	C:\WINDOWS\system32\IMM32.DLL
0x000000006ce60000 - 0x000000006cf32000 	C:\Program Files\Java\jdk1.8.0_65\jre\bin\msvcr100.dll
0x000000006c5d0000 - 0x000000006ce59000 	C:\Program Files\Java\jdk1.8.0_65\jre\bin\server\jvm.dll
0x00007ffb475a0000 - 0x00007ffb475a8000 	C:\WINDOWS\system32\PSAPI.DLL
0x00007ffb3c060000 - 0x00007ffb3c069000 	C:\WINDOWS\SYSTEM32\WSOCK32.dll
0x00007ffb42fa0000 - 0x00007ffb42fc3000 	C:\WINDOWS\SYSTEM32\WINMM.dll
0x00007ffb48420000 - 0x00007ffb4848b000 	C:\WINDOWS\system32\WS2_32.dll
0x00007ffb418d0000 - 0x00007ffb418da000 	C:\WINDOWS\SYSTEM32\VERSION.dll
0x00007ffb42f40000 - 0x00007ffb42f6c000 	C:\WINDOWS\SYSTEM32\WINMMBASE.dll
0x00007ffb45ab0000 - 0x00007ffb45af3000 	C:\WINDOWS\system32\cfgmgr32.dll
0x000000006c5c0000 - 0x000000006c5cf000 	C:\Program Files\Java\jdk1.8.0_65\jre\bin\verify.dll
0x000000006c590000 - 0x000000006c5b9000 	C:\Program Files\Java\jdk1.8.0_65\jre\bin\java.dll
0x000000006c550000 - 0x000000006c585000 	C:\Program Files\Java\jdk1.8.0_65\jre\bin\jdwp.dll
0x000000006c540000 - 0x000000006c548000 	C:\Program Files\Java\jdk1.8.0_65\jre\bin\npt.dll
0x000000006c520000 - 0x000000006c536000 	C:\Program Files\Java\jdk1.8.0_65\jre\bin\zip.dll
0x00007ffb45fd0000 - 0x00007ffb4752c000 	C:\WINDOWS\system32\SHELL32.dll
0x00007ffb44ef0000 - 0x00007ffb45535000 	C:\WINDOWS\system32\windows.storage.dll
0x00007ffb483c0000 - 0x00007ffb48412000 	C:\WINDOWS\system32\shlwapi.dll
0x00007ffb44da0000 - 0x00007ffb44daf000 	C:\WINDOWS\system32\kernel.appcore.dll
0x00007ffb459f0000 - 0x00007ffb45aa5000 	C:\WINDOWS\system32\shcore.dll
0x00007ffb44d50000 - 0x00007ffb44d9b000 	C:\WINDOWS\system32\powrprof.dll
0x00007ffb44d20000 - 0x00007ffb44d34000 	C:\WINDOWS\system32\profapi.dll
0x000000006c2f0000 - 0x000000006c2f9000 	C:\Program Files\Java\jdk1.8.0_65\jre\bin\dt_socket.dll
0x00007ffb44650000 - 0x00007ffb446ac000 	C:\WINDOWS\system32\mswsock.dll
0x00007ffb31ec0000 - 0x00007ffb31f48000 	D:\Code\Java\Projects\WireEngine20\lib\native\lwjgl.dll
0x00007ffb44820000 - 0x00007ffb4482b000 	C:\WINDOWS\SYSTEM32\CRYPTBASE.DLL
0x00007ffb400c0000 - 0x00007ffb40102000 	D:\Code\Java\Projects\WireEngine20\lib\native\jemalloc.dll
0x00007ffb39e40000 - 0x00007ffb39e78000 	D:\Code\Java\Projects\WireEngine20\lib\native\glfw.dll
0x00007ffb436a0000 - 0x00007ffb43736000 	C:\WINDOWS\system32\uxtheme.dll
0x00007ffb42950000 - 0x00007ffb42972000 	C:\WINDOWS\SYSTEM32\dwmapi.dll
0x00007ffb2da30000 - 0x00007ffb2db59000 	C:\WINDOWS\SYSTEM32\opengl32.dll
0x00007ffb3a050000 - 0x00007ffb3a07e000 	C:\WINDOWS\SYSTEM32\GLU32.dll
0x00007ffb2fd50000 - 0x00007ffb2fe4a000 	C:\WINDOWS\SYSTEM32\DDRAW.dll
0x00007ffb40230000 - 0x00007ffb40238000 	C:\WINDOWS\SYSTEM32\DCIMAN32.dll
0x00007ffb478f0000 - 0x00007ffb47a4a000 	C:\WINDOWS\system32\MSCTF.dll
0x00007ffb2cbb0000 - 0x00007ffb2cbf9000 	C:\Program Files (x86)\TeamViewer\tv_x64.dll
0x00007ffb475b0000 - 0x00007ffb476f3000 	C:\WINDOWS\system32\ole32.dll
0x000000006a5a0000 - 0x000000006c2e9000 	C:\WINDOWS\SYSTEM32\nvoglv64.DLL
0x00007ffb47c20000 - 0x00007ffb48049000 	C:\WINDOWS\system32\SETUPAPI.dll
0x00007ffb42d00000 - 0x00007ffb42d13000 	C:\WINDOWS\SYSTEM32\WTSAPI32.dll
0x00007ffb437f0000 - 0x00007ffb43817000 	C:\WINDOWS\SYSTEM32\DEVOBJ.dll
0x00007ffb45990000 - 0x00007ffb459e5000 	C:\WINDOWS\system32\WINTRUST.dll
0x00007ffb44d40000 - 0x00007ffb44d50000 	C:\WINDOWS\system32\MSASN1.dll
0x00007ffb45750000 - 0x00007ffb45917000 	C:\WINDOWS\system32\CRYPT32.dll
0x00007ffb44270000 - 0x00007ffb442a1000 	C:\WINDOWS\SYSTEM32\ntmarta.dll
0x00007ffb43fc0000 - 0x00007ffb44016000 	C:\WINDOWS\SYSTEM32\WINSTA.dll
0x00007ffb47b70000 - 0x00007ffb47c17000 	C:\WINDOWS\system32\clbcatq.dll
0x00007ffb3d0b0000 - 0x00007ffb3d0d5000 	C:\Program Files (x86)\Samsung\Easy Printer Manager\SmartScreenPrint\CDAKEYMonitor64.dll
0x00007ffb47820000 - 0x00007ffb478e1000 	C:\WINDOWS\system32\OLEAUT32.dll
0x00007ffb2ca20000 - 0x00007ffb2cbac000 	C:\WINDOWS\SYSTEM32\dbghelp.dll

VM Arguments:
jvm_args: -agentlib:jdwp=transport=dt_socket,address=127.0.0.1:64271,suspend=y,server=n -Djava.library.path=lib/native/ -Dfile.encoding=UTF-8 
java_command: main.Main
java_class_path (initial): C:\Program Files\Java\jdk1.8.0_65\jre\lib\charsets.jar;C:\Program Files\Java\jdk1.8.0_65\jre\lib\deploy.jar;C:\Program Files\Java\jdk1.8.0_65\jre\lib\ext\access-bridge-64.jar;C:\Program Files\Java\jdk1.8.0_65\jre\lib\ext\cldrdata.jar;C:\Program Files\Java\jdk1.8.0_65\jre\lib\ext\dnsns.jar;C:\Program Files\Java\jdk1.8.0_65\jre\lib\ext\jaccess.jar;C:\Program Files\Java\jdk1.8.0_65\jre\lib\ext\jfxrt.jar;C:\Program Files\Java\jdk1.8.0_65\jre\lib\ext\localedata.jar;C:\Program Files\Java\jdk1.8.0_65\jre\lib\ext\nashorn.jar;C:\Program Files\Java\jdk1.8.0_65\jre\lib\ext\sunec.jar;C:\Program Files\Java\jdk1.8.0_65\jre\lib\ext\sunjce_provider.jar;C:\Program Files\Java\jdk1.8.0_65\jre\lib\ext\sunmscapi.jar;C:\Program Files\Java\jdk1.8.0_65\jre\lib\ext\sunpkcs11.jar;C:\Program Files\Java\jdk1.8.0_65\jre\lib\ext\zipfs.jar;C:\Program Files\Java\jdk1.8.0_65\jre\lib\javaws.jar;C:\Program Files\Java\jdk1.8.0_65\jre\lib\jce.jar;C:\Program Files\Java\jdk1.8.0_65\jre\lib\jfr.jar;C:\Program Files\Java\jdk1.8.0_65\jre\lib\jfxswt.jar;C:\Program Files\Java\jdk1.8.0_65\jre\lib\jsse.jar;C:\Program Files\Java\jdk1.8.0_65\jre\lib\management-agent.jar;C:\Program Files\Java\jdk1.8.0_65\jre\lib\plugin.jar;C:\Program Files\Java\jdk1.8.0_65\jre\lib\resources.jar;C:\Program Files\Java\jdk1.8.0_65\jre\lib\rt.jar;D:\Code\Java\Projects\WireEngine20\out\production\WireEngine20;D:\Code\Java\Projects\WireEngine20\lib\jar\lwjgl.jar;D:\Code\Java\Projects\WireEngine20\lib\jar\slick-util.jar;D:\Program Files (x86)\JetBrains\IntelliJ IDEA 2016.1\lib\idea_rt.jar
Launcher Type: SUN_STANDARD

Environment Variables:
JAVA_HOME=C:\Program Files\Java\jdk1.8.0_65
PATH=C:\ProgramData\Oracle\Java\javapath;C:\Program Files (x86)\Razer Chroma SDK\bin;C:\Program Files\Razer Chroma SDK\bin;C:\Program Files (x86)\NVIDIA Corporation\PhysX\Common;C:\Program Files (x86)\Intel\iCLS Client\;C:\Program Files\Intel\iCLS Client\;C:\Windows\system32;C:\Windows;C:\Windows\System32\Wbem;C:\Windows\System32\WindowsPowerShell\v1.0\;C:\Program Files\Intel\Intel(R) Management Engine Components\DAL;C:\Program Files (x86)\Intel\Intel(R) Management Engine Components\DAL;C:\Program Files\Intel\Intel(R) Management Engine Components\IPT;C:\Program Files (x86)\Intel\Intel(R) Management Engine Components\IPT;C:\Program Files\Java\jre1.8.0_65\bin;C:\MinGW\bin;C:\WINDOWS\system32;C:\WINDOWS;C:\WINDOWS\System32\Wbem;C:\WINDOWS\System32\WindowsPowerShell\v1.0\;D:\Program Files (x86)\CMake\bin;D:\Program Files\Programs\Python\Python35-32;D:\Program Files\Programs\Python\Python35-32\Scripts;C:\Program Files (x86)\Skype\Phone\;D:\Program Files\Programs\Python\Python35-32\Scripts\;D:\Program Files\Programs\Python\Python35-32\
USERNAME=Kelan
OS=Windows_NT
PROCESSOR_IDENTIFIER=Intel64 Family 6 Model 60 Stepping 3, GenuineIntel



---------------  S Y S T E M  ---------------

OS: Windows 10.0 , 64 bit Build 10586 (10.0.10586.0)

CPU:total 8 (4 cores per cpu, 2 threads per core) family 6 model 60 stepping 3, cmov, cx8, fxsr, mmx, sse, sse2, sse3, ssse3, sse4.1, sse4.2, popcnt, avx, avx2, aes, clmul, erms, lzcnt, ht, tsc, tscinvbit, bmi1, bmi2

Memory: 4k page, physical 16609500k(6590348k free), swap 33386716k(18767484k free)

vm_info: Java HotSpot(TM) 64-Bit Server VM (25.65-b01) for windows-amd64 JRE (1.8.0_65-b17), built on Oct  6 2015 16:39:20 by "java_re" with MS VC++ 10.0 (VS2010)

time: Tue Apr 19 17:19:19 2016
elapsed time: 5 seconds (0d 0h 0m 5s)

