#
# A fatal error has been detected by the Java Runtime Environment:
#
#  EXCEPTION_ACCESS_VIOLATION (0xc0000005) at pc=0x00007ffdd40d24b9, pid=11152, tid=7572
#
# JRE version: Java(TM) SE Runtime Environment (8.0_65-b17) (build 1.8.0_65-b17)
# Java VM: Java HotSpot(TM) 64-Bit Server VM (25.65-b01 mixed mode windows-amd64 compressed oops)
# Problematic frame:
# C  [glfw.dll+0x24b9]
#
# Failed to write core dump. Minidumps are not enabled by default on client versions of Windows
#
# If you would like to submit a bug report, please visit:
#   http://bugreport.java.com/bugreport/crash.jsp
# The crash happened outside the Java Virtual Machine in native code.
# See problematic frame for where to report the bug.
#

---------------  T H R E A D  ---------------

Current thread (0x000000001e239000):  JavaThread "CLIENT" [_thread_in_native, id=7572, stack(0x000000001ef50000,0x000000001f050000)]

siginfo: ExceptionCode=0xc0000005, reading address 0x0000000000000000

Registers:
RAX=0x0000000000000000, RBX=0x000000001ba1ec50, RCX=0x0000000000000000, RDX=0x0000000000000000
RSP=0x000000001f04f090, RBP=0x000000001f04f148, RSI=0x0000000000000108, RDI=0x0000000000560f20
R8 =0x000000001f04f088, R9 =0x000000001f04f148, R10=0x0000000000000000, R11=0x0000000000000246
R12=0x0000000000000000, R13=0x000000001ba1ec50, R14=0x000000001f04f180, R15=0x000000001e239000
RIP=0x00007ffdd40d24b9, EFLAGS=0x0000000000010283

Top of Stack: (sp=0x000000001f04f090)
0x000000001f04f090:   000000001e239000 000000001e239000
0x000000001f04f0a0:   000000001e239000 000000001e239000
0x000000001f04f0b0:   00000000000001a9 000000000261dfcc
0x000000001f04f0c0:   000000001ba1ec50 0000000070615005
0x000000001f04f0d0:   000000001b9c53e8 0000000000fada30
0x000000001f04f0e0:   000000000000000e 000000001e239000
0x000000001f04f0f0:   000000001ba38ab8 000000007052aea4
0x000000001f04f100:   000000001e239000 000000001f04f108
0x000000001f04f110:   0000000000000000 000000001f04f180
0x000000001f04f120:   000000001ba1f3f0 0000000000000000
0x000000001f04f130:   000000001ba1ec50 0000000000000000
0x000000001f04f140:   000000001f04f168 000000001f04f1c8
0x000000001f04f150:   0000000002607d8d 00000006c28061d0
0x000000001f04f160:   00000000026142f8 0000000000560f20
0x000000001f04f170:   00000000026078a0 00007ffdd40d2420
0x000000001f04f180:   0000000000000001 000000001f04f188 

Instructions: (pc=0x00007ffdd40d24b9)
0x00007ffdd40d2499:   48 8b cf e8 1f 3a 00 00 48 39 3d f0 d5 02 00 48
0x00007ffdd40d24a9:   8d 0d e9 d5 02 00 48 8b 5c 24 30 74 08 48 8b 09
0x00007ffdd40d24b9:   48 39 39 75 f8 48 8b 07 48 89 01 48 8b cf 48 83
0x00007ffdd40d24c9:   c4 20 5f e9 5b fe 00 00 48 83 c4 20 5f c3 cc cc 


Register to memory mapping:

RAX=0x0000000000000000 is an unknown value
RBX={method} {0x000000001ba1ec58} 'invokePV' '(JJ)V' in 'org/lwjgl/system/JNI'
RCX=0x0000000000000000 is an unknown value
RDX=0x0000000000000000 is an unknown value
RSP=0x000000001f04f090 is pointing into the stack for thread: 0x000000001e239000
RBP=0x000000001f04f148 is pointing into the stack for thread: 0x000000001e239000
RSI=0x0000000000000108 is an unknown value
RDI=0x0000000000560f20 is an unknown value
R8 =0x000000001f04f088 is pointing into the stack for thread: 0x000000001e239000
R9 =0x000000001f04f148 is pointing into the stack for thread: 0x000000001e239000
R10=0x0000000000000000 is an unknown value
R11=0x0000000000000246 is an unknown value
R12=0x0000000000000000 is an unknown value
R13={method} {0x000000001ba1ec58} 'invokePV' '(JJ)V' in 'org/lwjgl/system/JNI'
R14=0x000000001f04f180 is pointing into the stack for thread: 0x000000001e239000
R15=0x000000001e239000 is a thread


Stack: [0x000000001ef50000,0x000000001f050000],  sp=0x000000001f04f090,  free space=1020k
Native frames: (J=compiled Java code, j=interpreted, Vv=VM code, C=native code)
C  [glfw.dll+0x24b9]
C  0x000000000261dfcc

Java frames: (J=compiled Java code, j=interpreted, Vv=VM code)
j  org.lwjgl.system.JNI.invokePV(JJ)V+0
j  org.lwjgl.glfw.GLFW.glfwDestroyCursor(J)V+20
j  main.client.Window.destroyWindow()V+9
j  main.coreEngine.Engine.stop()V+70
j  main.client.Window.update()V+43
j  main.client.renderEngine.RenderEngine.render()V+38
j  main.client.ClientThread.tick()V+12
j  main.coreEngine.TickableThread.run()V+465
v  ~StubRoutines::call_stub

---------------  P R O C E S S  ---------------

Java Threads: ( => current thread )
  0x000000001e23a000 JavaThread "SERVER" [_thread_in_Java, id=11136, stack(0x000000001f050000,0x000000001f150000)]
=>0x000000001e239000 JavaThread "CLIENT" [_thread_in_native, id=7572, stack(0x000000001ef50000,0x000000001f050000)]
  0x000000001e151800 JavaThread "Service Thread" daemon [_thread_blocked, id=11716, stack(0x000000001ed50000,0x000000001ee50000)]
  0x000000001e0b8000 JavaThread "C1 CompilerThread3" daemon [_thread_blocked, id=13716, stack(0x000000001ec50000,0x000000001ed50000)]
  0x000000001e0a7000 JavaThread "C2 CompilerThread2" daemon [_thread_blocked, id=9788, stack(0x000000001eb50000,0x000000001ec50000)]
  0x000000001e0a6000 JavaThread "C2 CompilerThread1" daemon [_thread_blocked, id=4900, stack(0x000000001ea50000,0x000000001eb50000)]
  0x000000001e0ab000 JavaThread "C2 CompilerThread0" daemon [_thread_blocked, id=8680, stack(0x000000001e950000,0x000000001ea50000)]
  0x000000001e091000 JavaThread "JDWP Command Reader" daemon [_thread_in_native, id=7552, stack(0x000000001e850000,0x000000001e950000)]
  0x000000001e090000 JavaThread "JDWP Event Helper Thread" daemon [_thread_blocked, id=4172, stack(0x000000001e750000,0x000000001e850000)]
  0x000000001bfad800 JavaThread "JDWP Transport Listener: dt_socket" daemon [_thread_blocked, id=8832, stack(0x000000001e650000,0x000000001e750000)]
  0x000000001e07f800 JavaThread "Attach Listener" daemon [_thread_blocked, id=3532, stack(0x000000001e550000,0x000000001e650000)]
  0x000000001e07e800 JavaThread "Signal Dispatcher" daemon [_thread_blocked, id=5816, stack(0x000000001e450000,0x000000001e550000)]
  0x0000000000fac800 JavaThread "Finalizer" daemon [_thread_blocked, id=8220, stack(0x000000001de70000,0x000000001df70000)]
  0x0000000000fa6000 JavaThread "Reference Handler" daemon [_thread_blocked, id=256, stack(0x000000001dd70000,0x000000001de70000)]
  0x0000000000eae000 JavaThread "main" [_thread_in_Java, id=13000, stack(0x0000000000cf0000,0x0000000000df0000)]

Other Threads:
  0x000000001bf99000 VMThread [stack: 0x000000001dc70000,0x000000001dd70000] [id=612]
  0x000000001e15d000 WatcherThread [stack: 0x000000001ee50000,0x000000001ef50000] [id=2928]

VM state:not at safepoint (normal execution)

VM Mutex/Monitor currently owned by a thread: None

Heap:
 PSYoungGen      total 213504K, used 159560K [0x000000076b800000, 0x000000078b080000, 0x00000007c0000000)
  eden space 212992K, 74% used [0x000000076b800000,0x00000007753b2188,0x0000000778800000)
  from space 512K, 25% used [0x000000078b000000,0x000000078b020000,0x000000078b080000)
  to   space 2560K, 0% used [0x000000078ab80000,0x000000078ab80000,0x000000078ae00000)
 ParOldGen       total 173568K, used 1970K [0x00000006c2800000, 0x00000006cd180000, 0x000000076b800000)
  object space 173568K, 1% used [0x00000006c2800000,0x00000006c29ec948,0x00000006cd180000)
 Metaspace       used 8186K, capacity 8646K, committed 8960K, reserved 1056768K
  class space    used 655K, capacity 690K, committed 768K, reserved 1048576K

Card table byte_map: [0x00000000119c0000,0x00000000121b0000] byte_map_base: 0x000000000e3ac000

Marking Bits: (ParMarkBitMap*) 0x0000000070c0a5b0
 Begin Bits: [0x0000000012f00000, 0x0000000016e60000)
 End Bits:   [0x0000000016e60000, 0x000000001adc0000)

Polling page: 0x0000000000510000

CodeCache: size=245760Kb used=3125Kb max_used=3125Kb free=242634Kb
 bounds [0x0000000002600000, 0x0000000002910000, 0x0000000011600000]
 total_blobs=1257 nmethods=604 adapters=574
 compilation: enabled

Compilation events (10 events):
Event: 1.513 Thread 0x000000001e0b8000  600       3       org.lwjgl.opengl.GL20::getInstance (7 bytes)
Event: 1.514 Thread 0x000000001e0b8000 nmethod 600 0x00000000029024d0 code [0x00000000029026a0, 0x0000000002902cc8]
Event: 1.514 Thread 0x000000001e0b8000  601       3       org.lwjgl.opengl.GL20::getInstance (11 bytes)
Event: 1.514 Thread 0x000000001e0b8000 nmethod 601 0x0000000002906850 code [0x00000000029069e0, 0x0000000002906ca8]
Event: 1.597 Thread 0x000000001e0b8000  602       3       main.coreEngine.util.maths.Matrix4f::rotate (563 bytes)
Event: 1.597 Thread 0x000000001e0b8000 nmethod 602 0x0000000002905290 code [0x0000000002905460, 0x0000000002906348]
Event: 1.713 Thread 0x000000001e0b8000  603       3       org.lwjgl.glfw.GLFW::getInstance (4 bytes)
Event: 1.713 Thread 0x000000001e0b8000 nmethod 603 0x0000000002904f90 code [0x00000000029050e0, 0x0000000002905210]
Event: 1.747 Thread 0x000000001e0b8000  605       3       org.lwjgl.opengl.GLChecks::ensureBufferObject (73 bytes)
Event: 1.747 Thread 0x000000001e0b8000 nmethod 605 0x00000000029048d0 code [0x0000000002904a20, 0x0000000002904b70]

GC Heap History (10 events):
Event: 1.127 GC heap before
{Heap before GC invocations=8 (full 0):
 PSYoungGen      total 261632K, used 260270K [0x000000076b800000, 0x000000078b600000, 0x00000007c0000000)
  eden space 259072K, 100% used [0x000000076b800000,0x000000077b500000,0x000000077b500000)
  from space 2560K, 46% used [0x000000077b500000,0x000000077b62ba88,0x000000077b780000)
  to   space 2048K, 0% used [0x000000078b400000,0x000000078b400000,0x000000078b600000)
 ParOldGen       total 173568K, used 1382K [0x00000006c2800000, 0x00000006cd180000, 0x000000076b800000)
  object space 173568K, 0% used [0x00000006c2800000,0x00000006c2959938,0x00000006cd180000)
 Metaspace       used 8181K, capacity 8646K, committed 8960K, reserved 1056768K
  class space    used 655K, capacity 690K, committed 768K, reserved 1048576K
Event: 1.128 GC heap after
Heap after GC invocations=8 (full 0):
 PSYoungGen      total 249856K, used 672K [0x000000076b800000, 0x000000078b500000, 0x00000007c0000000)
  eden space 248832K, 0% used [0x000000076b800000,0x000000076b800000,0x000000077ab00000)
  from space 1024K, 65% used [0x000000078b400000,0x000000078b4a8000,0x000000078b500000)
  to   space 2048K, 0% used [0x000000078b100000,0x000000078b100000,0x000000078b300000)
 ParOldGen       total 173568K, used 1390K [0x00000006c2800000, 0x00000006cd180000, 0x000000076b800000)
  object space 173568K, 0% used [0x00000006c2800000,0x00000006c295b938,0x00000006cd180000)
 Metaspace       used 8181K, capacity 8646K, committed 8960K, reserved 1056768K
  class space    used 655K, capacity 690K, committed 768K, reserved 1048576K
}
Event: 1.349 GC heap before
{Heap before GC invocations=9 (full 0):
 PSYoungGen      total 249856K, used 249504K [0x000000076b800000, 0x000000078b500000, 0x00000007c0000000)
  eden space 248832K, 100% used [0x000000076b800000,0x000000077ab00000,0x000000077ab00000)
  from space 1024K, 65% used [0x000000078b400000,0x000000078b4a8000,0x000000078b500000)
  to   space 2048K, 0% used [0x000000078b100000,0x000000078b100000,0x000000078b300000)
 ParOldGen       total 173568K, used 1390K [0x00000006c2800000, 0x00000006cd180000, 0x000000076b800000)
  object space 173568K, 0% used [0x00000006c2800000,0x00000006c295b938,0x00000006cd180000)
 Metaspace       used 8181K, capacity 8646K, committed 8960K, reserved 1056768K
  class space    used 655K, capacity 690K, committed 768K, reserved 1048576K
Event: 1.350 GC heap after
Heap after GC invocations=9 (full 0):
 PSYoungGen      total 239616K, used 288K [0x000000076b800000, 0x000000078b480000, 0x00000007c0000000)
  eden space 239104K, 0% used [0x000000076b800000,0x000000076b800000,0x000000077a180000)
  from space 512K, 56% used [0x000000078b100000,0x000000078b148000,0x000000078b180000)
  to   space 2560K, 0% used [0x000000078b200000,0x000000078b200000,0x000000078b480000)
 ParOldGen       total 173568K, used 1750K [0x00000006c2800000, 0x00000006cd180000, 0x000000076b800000)
  object space 173568K, 1% used [0x00000006c2800000,0x00000006c29b5938,0x00000006cd180000)
 Metaspace       used 8181K, capacity 8646K, committed 8960K, reserved 1056768K
  class space    used 655K, capacity 690K, committed 768K, reserved 1048576K
}
Event: 1.530 GC heap before
{Heap before GC invocations=10 (full 0):
 PSYoungGen      total 239616K, used 239392K [0x000000076b800000, 0x000000078b480000, 0x00000007c0000000)
  eden space 239104K, 100% used [0x000000076b800000,0x000000077a180000,0x000000077a180000)
  from space 512K, 56% used [0x000000078b100000,0x000000078b148000,0x000000078b180000)
  to   space 2560K, 0% used [0x000000078b200000,0x000000078b200000,0x000000078b480000)
 ParOldGen       total 173568K, used 1750K [0x00000006c2800000, 0x00000006cd180000, 0x000000076b800000)
  object space 173568K, 1% used [0x00000006c2800000,0x00000006c29b5938,0x00000006cd180000)
 Metaspace       used 8183K, capacity 8646K, committed 8960K, reserved 1056768K
  class space    used 655K, capacity 690K, committed 768K, reserved 1048576K
Event: 1.530 GC heap after
Heap after GC invocations=10 (full 0):
 PSYoungGen      total 230400K, used 160K [0x000000076b800000, 0x000000078b280000, 0x00000007c0000000)
  eden space 229888K, 0% used [0x000000076b800000,0x000000076b800000,0x0000000779880000)
  from space 512K, 31% used [0x000000078b200000,0x000000078b228000,0x000000078b280000)
  to   space 2560K, 0% used [0x000000078ad80000,0x000000078ad80000,0x000000078b000000)
 ParOldGen       total 173568K, used 1970K [0x00000006c2800000, 0x00000006cd180000, 0x000000076b800000)
  object space 173568K, 1% used [0x00000006c2800000,0x00000006c29ec948,0x00000006cd180000)
 Metaspace       used 8183K, capacity 8646K, committed 8960K, reserved 1056768K
  class space    used 655K, capacity 690K, committed 768K, reserved 1048576K
}
Event: 1.700 GC heap before
{Heap before GC invocations=11 (full 0):
 PSYoungGen      total 230400K, used 230048K [0x000000076b800000, 0x000000078b280000, 0x00000007c0000000)
  eden space 229888K, 100% used [0x000000076b800000,0x0000000779880000,0x0000000779880000)
  from space 512K, 31% used [0x000000078b200000,0x000000078b228000,0x000000078b280000)
  to   space 2560K, 0% used [0x000000078ad80000,0x000000078ad80000,0x000000078b000000)
 ParOldGen       total 173568K, used 1970K [0x00000006c2800000, 0x00000006cd180000, 0x000000076b800000)
  object space 173568K, 1% used [0x00000006c2800000,0x00000006c29ec948,0x00000006cd180000)
 Metaspace       used 8184K, capacity 8646K, committed 8960K, reserved 1056768K
  class space    used 655K, capacity 690K, committed 768K, reserved 1048576K
Event: 1.700 GC heap after
Heap after GC invocations=11 (full 0):
 PSYoungGen      total 223744K, used 224K [0x000000076b800000, 0x000000078b280000, 0x00000007c0000000)
  eden space 221184K, 0% used [0x000000076b800000,0x000000076b800000,0x0000000779000000)
  from space 2560K, 8% used [0x000000078ad80000,0x000000078adb8000,0x000000078b000000)
  to   space 2560K, 0% used [0x000000078b000000,0x000000078b000000,0x000000078b280000)
 ParOldGen       total 173568K, used 1970K [0x00000006c2800000, 0x00000006cd180000, 0x000000076b800000)
  object space 173568K, 1% used [0x00000006c2800000,0x00000006c29ec948,0x00000006cd180000)
 Metaspace       used 8184K, capacity 8646K, committed 8960K, reserved 1056768K
  class space    used 655K, capacity 690K, committed 768K, reserved 1048576K
}
Event: 1.867 GC heap before
{Heap before GC invocations=12 (full 0):
 PSYoungGen      total 223744K, used 221408K [0x000000076b800000, 0x000000078b280000, 0x00000007c0000000)
  eden space 221184K, 100% used [0x000000076b800000,0x0000000779000000,0x0000000779000000)
  from space 2560K, 8% used [0x000000078ad80000,0x000000078adb8000,0x000000078b000000)
  to   space 2560K, 0% used [0x000000078b000000,0x000000078b000000,0x000000078b280000)
 ParOldGen       total 173568K, used 1970K [0x00000006c2800000, 0x00000006cd180000, 0x000000076b800000)
  object space 173568K, 1% used [0x00000006c2800000,0x00000006c29ec948,0x00000006cd180000)
 Metaspace       used 8185K, capacity 8646K, committed 8960K, reserved 1056768K
  class space    used 655K, capacity 690K, committed 768K, reserved 1048576K
Event: 1.868 GC heap after
Heap after GC invocations=12 (full 0):
 PSYoungGen      total 213504K, used 128K [0x000000076b800000, 0x000000078b080000, 0x00000007c0000000)
  eden space 212992K, 0% used [0x000000076b800000,0x000000076b800000,0x0000000778800000)
  from space 512K, 25% used [0x000000078b000000,0x000000078b020000,0x000000078b080000)
  to   space 2560K, 0% used [0x000000078ab80000,0x000000078ab80000,0x000000078ae00000)
 ParOldGen       total 173568K, used 1970K [0x00000006c2800000, 0x00000006cd180000, 0x000000076b800000)
  object space 173568K, 1% used [0x00000006c2800000,0x00000006c29ec948,0x00000006cd180000)
 Metaspace       used 8185K, capacity 8646K, committed 8960K, reserved 1056768K
  class space    used 655K, capacity 690K, committed 768K, reserved 1048576K
}

Deoptimization events (10 events):
Event: 0.385 Thread 0x000000001e239000 Uncommon trap: reason=bimorphic action=maybe_recompile pc=0x000000000274db00 method=java.util.HashMap.getNode(ILjava/lang/Object;)Ljava/util/HashMap$Node; @ 126
Event: 0.390 Thread 0x000000001e239000 Uncommon trap: reason=unstable_if action=reinterpret pc=0x0000000002743d18 method=java.util.HashMap.keySet()Ljava/util/Set; @ 6
Event: 0.724 Thread 0x000000001e239000 Uncommon trap: reason=unstable_if action=reinterpret pc=0x0000000002743a84 method=java.util.HashMap.clear()V @ 16
Event: 0.724 Thread 0x000000001e239000 Uncommon trap: reason=unstable_if action=reinterpret pc=0x0000000002743f58 method=java.util.HashMap.clear()V @ 16
Event: 0.724 Thread 0x0000000000eae000 Uncommon trap: reason=unstable_if action=reinterpret pc=0x0000000002775bc0 method=main.coreEngine.TickableThread.invoke(Ljava/lang/String;[Ljava/lang/Object;)V @ 53
Event: 0.724 Thread 0x000000001e239000 Uncommon trap: reason=unstable_if action=reinterpret pc=0x0000000002779958 method=java.util.HashMap.clear()V @ 16
Event: 0.733 Thread 0x000000001e23a000 Uncommon trap: reason=unstable_if action=reinterpret pc=0x0000000002779934 method=main.coreEngine.TickableThread.run()V @ 58
Event: 0.905 Thread 0x000000001e239000 Uncommon trap: reason=unstable_if action=reinterpret pc=0x00000000028d4dc4 method=main.coreEngine.TickableThread.run()V @ 461
Event: 0.913 Thread 0x000000001e23a000 Uncommon trap: reason=unstable_if action=reinterpret pc=0x00000000028d4dc4 method=main.coreEngine.TickableThread.run()V @ 461
Event: 0.922 Thread 0x0000000000eae000 Uncommon trap: reason=unstable_if action=reinterpret pc=0x00000000028fc794 method=main.coreEngine.Engine.start()V @ 163

Internal exceptions (8 events):
Event: 0.027 Thread 0x0000000000eae000 Exception <a 'java/lang/NoSuchMethodError': Method sun.misc.Unsafe.defineClass(Ljava/lang/String;[BII)Ljava/lang/Class; name or signature does not match> (0x000000076b80d818) thrown at [C:\workspace\8-2-build-windows-amd64-cygwin\jdk8u65\4987\hotspot\src\s)n¤Qra›?
Event: 0.027 Thread 0x0000000000eae000 Exception <a 'java/lang/NoSuchMethodError': Method sun.misc.Unsafe.prefetchRead(Ljava/lang/Object;J)V name or signature does not match> (0x000000076b80db00) thrown at [C:\workspace\8-2-build-windows-amd64-cygwin\jdk8u65\4987\hotspot\src\share\vm\prims\jni.•BÚ:ÂÒÃ?
Event: 0.155 Thread 0x000000001e239000 Exception <a 'java/lang/ArrayIndexOutOfBoundsException': -1> (0x000000076c731d40) thrown at [C:\workspace\8-2-build-windows-amd64-cygwin\jdk8u65\4987\hotspot\src\share\vm\interpreter\interpreterRuntime.cpp, line 366]
Event: 0.385 Thread 0x000000001e239000 Exception <a 'java/security/PrivilegedActionException'> (0x000000076d113790) thrown at [C:\workspace\8-2-build-windows-amd64-cygwin\jdk8u65\4987\hotspot\src\share\vm\prims\jvm.cpp, line 1386]
Event: 0.385 Thread 0x000000001e239000 Exception <a 'java/security/PrivilegedActionException'> (0x000000076d113b88) thrown at [C:\workspace\8-2-build-windows-amd64-cygwin\jdk8u65\4987\hotspot\src\share\vm\prims\jvm.cpp, line 1386]
Event: 0.386 Thread 0x000000001e239000 Exception <a 'java/security/PrivilegedActionException'> (0x000000076d117da0) thrown at [C:\workspace\8-2-build-windows-amd64-cygwin\jdk8u65\4987\hotspot\src\share\vm\prims\jvm.cpp, line 1386]
Event: 0.386 Thread 0x000000001e239000 Exception <a 'java/security/PrivilegedActionException'> (0x000000076d118198) thrown at [C:\workspace\8-2-build-windows-amd64-cygwin\jdk8u65\4987\hotspot\src\share\vm\prims\jvm.cpp, line 1386]
Event: 0.724 Thread 0x0000000000eae000 Implicit null exception at 0x00000000027755fc to 0x0000000002775b99

Events (10 events):
Event: 1.127 Executing VM operation: ParallelGCFailedAllocation
Event: 1.128 Executing VM operation: ParallelGCFailedAllocation done
Event: 1.349 Executing VM operation: ParallelGCFailedAllocation
Event: 1.350 Executing VM operation: ParallelGCFailedAllocation done
Event: 1.530 Executing VM operation: ParallelGCFailedAllocation
Event: 1.530 Executing VM operation: ParallelGCFailedAllocation done
Event: 1.700 Executing VM operation: ParallelGCFailedAllocation
Event: 1.700 Executing VM operation: ParallelGCFailedAllocation done
Event: 1.867 Executing VM operation: ParallelGCFailedAllocation
Event: 1.868 Executing VM operation: ParallelGCFailedAllocation done


Dynamic libraries:
0x00007ff75ee90000 - 0x00007ff75eec7000 	C:\Program Files\Java\jdk1.8.0_65\bin\java.exe
0x00007ffde4980000 - 0x00007ffde4b41000 	C:\WINDOWS\SYSTEM32\ntdll.dll
0x00007ffde42a0000 - 0x00007ffde434d000 	C:\WINDOWS\system32\KERNEL32.DLL
0x00007ffde19f0000 - 0x00007ffde1bd8000 	C:\WINDOWS\system32\KERNELBASE.dll
0x00007ffde1e70000 - 0x00007ffde1f17000 	C:\WINDOWS\system32\ADVAPI32.dll
0x00007ffde3800000 - 0x00007ffde389d000 	C:\WINDOWS\system32\msvcrt.dll
0x00007ffde1e10000 - 0x00007ffde1e6b000 	C:\WINDOWS\system32\sechost.dll
0x00007ffde3bd0000 - 0x00007ffde3cec000 	C:\WINDOWS\system32\RPCRT4.dll
0x00007ffde3fe0000 - 0x00007ffde4136000 	C:\WINDOWS\system32\USER32.dll
0x00007ffde3cf0000 - 0x00007ffde3e76000 	C:\WINDOWS\system32\GDI32.dll
0x00007ffddd690000 - 0x00007ffddd904000 	C:\WINDOWS\WinSxS\amd64_microsoft.windows.common-controls_6595b64144ccf1df_6.0.10586.0_none_8c15ae12515e1c22\COMCTL32.dll
0x00007ffde3950000 - 0x00007ffde3bcd000 	C:\WINDOWS\system32\combase.dll
0x00007ffde1cf0000 - 0x00007ffde1d5a000 	C:\WINDOWS\system32\bcryptPrimitives.dll
0x00007ffde1dc0000 - 0x00007ffde1dfb000 	C:\WINDOWS\system32\IMM32.DLL
0x0000000070c90000 - 0x0000000070d62000 	C:\Program Files\Java\jdk1.8.0_65\jre\bin\msvcr100.dll
0x0000000070400000 - 0x0000000070c89000 	C:\Program Files\Java\jdk1.8.0_65\jre\bin\server\jvm.dll
0x00007ffde4290000 - 0x00007ffde4298000 	C:\WINDOWS\system32\PSAPI.DLL
0x00007ffdd8550000 - 0x00007ffdd8559000 	C:\WINDOWS\SYSTEM32\WSOCK32.dll
0x00007ffddf730000 - 0x00007ffddf753000 	C:\WINDOWS\SYSTEM32\WINMM.dll
0x00007ffde4470000 - 0x00007ffde44db000 	C:\WINDOWS\system32\WS2_32.dll
0x00007ffddd9c0000 - 0x00007ffddd9ca000 	C:\WINDOWS\SYSTEM32\VERSION.dll
0x00007ffddf6d0000 - 0x00007ffddf6fc000 	C:\WINDOWS\SYSTEM32\WINMMBASE.dll
0x00007ffde1be0000 - 0x00007ffde1c23000 	C:\WINDOWS\system32\cfgmgr32.dll
0x00000000703f0000 - 0x00000000703ff000 	C:\Program Files\Java\jdk1.8.0_65\jre\bin\verify.dll
0x00000000703c0000 - 0x00000000703e9000 	C:\Program Files\Java\jdk1.8.0_65\jre\bin\java.dll
0x0000000070380000 - 0x00000000703b5000 	C:\Program Files\Java\jdk1.8.0_65\jre\bin\jdwp.dll
0x0000000070370000 - 0x0000000070378000 	C:\Program Files\Java\jdk1.8.0_65\jre\bin\npt.dll
0x0000000070350000 - 0x0000000070366000 	C:\Program Files\Java\jdk1.8.0_65\jre\bin\zip.dll
0x00007ffde1f80000 - 0x00007ffde34dc000 	C:\WINDOWS\system32\SHELL32.dll
0x00007ffde11d0000 - 0x00007ffde1815000 	C:\WINDOWS\system32\windows.storage.dll
0x00007ffde36b0000 - 0x00007ffde3702000 	C:\WINDOWS\system32\shlwapi.dll
0x00007ffde0fb0000 - 0x00007ffde0fbf000 	C:\WINDOWS\system32\kernel.appcore.dll
0x00007ffde1c30000 - 0x00007ffde1ce5000 	C:\WINDOWS\system32\shcore.dll
0x00007ffde0fc0000 - 0x00007ffde100b000 	C:\WINDOWS\system32\powrprof.dll
0x00007ffde0f80000 - 0x00007ffde0f94000 	C:\WINDOWS\system32\profapi.dll
0x0000000070340000 - 0x0000000070349000 	C:\Program Files\Java\jdk1.8.0_65\jre\bin\dt_socket.dll
0x00007ffde08b0000 - 0x00007ffde090c000 	C:\WINDOWS\system32\mswsock.dll
0x00007ffdb7d20000 - 0x00007ffdb7da8000 	D:\Code\Java\Projects\WireEngine20\lib\native\lwjgl.dll
0x00007ffde0a80000 - 0x00007ffde0a8b000 	C:\WINDOWS\SYSTEM32\CRYPTBASE.DLL
0x00007ffdbfbb0000 - 0x00007ffdbfbf2000 	D:\Code\Java\Projects\WireEngine20\lib\native\jemalloc.dll
0x00007ffdd40d0000 - 0x00007ffdd4108000 	D:\Code\Java\Projects\WireEngine20\lib\native\glfw.dll
0x00007ffddf850000 - 0x00007ffddf8e6000 	C:\WINDOWS\system32\uxtheme.dll
0x00007ffdde650000 - 0x00007ffdde672000 	C:\WINDOWS\SYSTEM32\dwmapi.dll
0x00007ffdc8b70000 - 0x00007ffdc8c99000 	C:\WINDOWS\SYSTEM32\opengl32.dll
0x00007ffdc6920000 - 0x00007ffdc6a1a000 	C:\WINDOWS\SYSTEM32\DDRAW.dll
0x00007ffdcd0c0000 - 0x00007ffdcd0ee000 	C:\WINDOWS\SYSTEM32\GLU32.dll
0x00007ffddaa30000 - 0x00007ffddaa38000 	C:\WINDOWS\SYSTEM32\DCIMAN32.dll
0x00007ffde3e80000 - 0x00007ffde3fda000 	C:\WINDOWS\system32\MSCTF.dll
0x00007ffdc9cc0000 - 0x00007ffdc9d09000 	C:\Program Files (x86)\TeamViewer\tv_x64.dll
0x00007ffde4140000 - 0x00007ffde4283000 	C:\WINDOWS\system32\ole32.dll
0x000000006e5f0000 - 0x0000000070339000 	C:\WINDOWS\SYSTEM32\nvoglv64.DLL
0x00007ffde4550000 - 0x00007ffde4979000 	C:\WINDOWS\system32\SETUPAPI.dll
0x00007ffddf2f0000 - 0x00007ffddf303000 	C:\WINDOWS\SYSTEM32\WTSAPI32.dll
0x00007ffddf9a0000 - 0x00007ffddf9c7000 	C:\WINDOWS\SYSTEM32\DEVOBJ.dll
0x00007ffde1170000 - 0x00007ffde11c5000 	C:\WINDOWS\system32\WINTRUST.dll
0x00007ffde0fa0000 - 0x00007ffde0fb0000 	C:\WINDOWS\system32\MSASN1.dll
0x00007ffde1820000 - 0x00007ffde19e7000 	C:\WINDOWS\system32\CRYPT32.dll
0x00007ffde04d0000 - 0x00007ffde0501000 	C:\WINDOWS\SYSTEM32\ntmarta.dll
0x00007ffde0220000 - 0x00007ffde0276000 	C:\WINDOWS\SYSTEM32\WINSTA.dll
0x00007ffde38a0000 - 0x00007ffde3947000 	C:\WINDOWS\system32\clbcatq.dll
0x00007ffdb9de0000 - 0x00007ffdb9f6c000 	C:\WINDOWS\SYSTEM32\dbghelp.dll

VM Arguments:
jvm_args: -agentlib:jdwp=transport=dt_socket,address=127.0.0.1:54161,suspend=y,server=n -Djava.library.path=lib/native/ -Dfile.encoding=UTF-8 
java_command: main.Main
java_class_path (initial): C:\Program Files\Java\jdk1.8.0_65\jre\lib\charsets.jar;C:\Program Files\Java\jdk1.8.0_65\jre\lib\deploy.jar;C:\Program Files\Java\jdk1.8.0_65\jre\lib\ext\access-bridge-64.jar;C:\Program Files\Java\jdk1.8.0_65\jre\lib\ext\cldrdata.jar;C:\Program Files\Java\jdk1.8.0_65\jre\lib\ext\dnsns.jar;C:\Program Files\Java\jdk1.8.0_65\jre\lib\ext\jaccess.jar;C:\Program Files\Java\jdk1.8.0_65\jre\lib\ext\jfxrt.jar;C:\Program Files\Java\jdk1.8.0_65\jre\lib\ext\localedata.jar;C:\Program Files\Java\jdk1.8.0_65\jre\lib\ext\nashorn.jar;C:\Program Files\Java\jdk1.8.0_65\jre\lib\ext\sunec.jar;C:\Program Files\Java\jdk1.8.0_65\jre\lib\ext\sunjce_provider.jar;C:\Program Files\Java\jdk1.8.0_65\jre\lib\ext\sunmscapi.jar;C:\Program Files\Java\jdk1.8.0_65\jre\lib\ext\sunpkcs11.jar;C:\Program Files\Java\jdk1.8.0_65\jre\lib\ext\zipfs.jar;C:\Program Files\Java\jdk1.8.0_65\jre\lib\javaws.jar;C:\Program Files\Java\jdk1.8.0_65\jre\lib\jce.jar;C:\Program Files\Java\jdk1.8.0_65\jre\lib\jfr.jar;C:\Program Files\Java\jdk1.8.0_65\jre\lib\jfxswt.jar;C:\Program Files\Java\jdk1.8.0_65\jre\lib\jsse.jar;C:\Program Files\Java\jdk1.8.0_65\jre\lib\management-agent.jar;C:\Program Files\Java\jdk1.8.0_65\jre\lib\plugin.jar;C:\Program Files\Java\jdk1.8.0_65\jre\lib\resources.jar;C:\Program Files\Java\jdk1.8.0_65\jre\lib\rt.jar;D:\Code\Java\Projects\WireEngine20\out\production\WireEngine20;D:\Code\Java\Projects\WireEngine20\lib\jar\lwjgl.jar;D:\Program Files (x86)\JetBrains\IntelliJ IDEA 2016.1\lib\idea_rt.jar
Launcher Type: SUN_STANDARD

Environment Variables:
JAVA_HOME=C:\Program Files\Java\jdk1.8.0_65
PATH=C:\ProgramData\Oracle\Java\javapath;C:\Program Files (x86)\Razer Chroma SDK\bin;C:\Program Files\Razer Chroma SDK\bin;C:\Program Files (x86)\NVIDIA Corporation\PhysX\Common;C:\Program Files (x86)\Intel\iCLS Client\;C:\Program Files\Intel\iCLS Client\;C:\Windows\system32;C:\Windows;C:\Windows\System32\Wbem;C:\Windows\System32\WindowsPowerShell\v1.0\;C:\Program Files\Intel\Intel(R) Management Engine Components\DAL;C:\Program Files (x86)\Intel\Intel(R) Management Engine Components\DAL;C:\Program Files\Intel\Intel(R) Management Engine Components\IPT;C:\Program Files (x86)\Intel\Intel(R) Management Engine Components\IPT;C:\Program Files\Java\jre1.8.0_65\bin;C:\MinGW\bin;C:\WINDOWS\system32;C:\WINDOWS;C:\WINDOWS\System32\Wbem;C:\WINDOWS\System32\WindowsPowerShell\v1.0\;D:\Program Files (x86)\CMake\bin;D:\Program Files\Programs\Python\Python35-32;D:\Program Files\Programs\Python\Python35-32\Scripts;C:\Program Files (x86)\Skype\Phone\;D:\Program Files\Programs\Python\Python35-32\Scripts\;D:\Program Files\Programs\Python\Python35-32\
USERNAME=Kelan
OS=Windows_NT
PROCESSOR_IDENTIFIER=Intel64 Family 6 Model 60 Stepping 3, GenuineIntel



---------------  S Y S T E M  ---------------

OS: Windows 10.0 , 64 bit Build 10586 (10.0.10586.0)

CPU:total 8 (4 cores per cpu, 2 threads per core) family 6 model 60 stepping 3, cmov, cx8, fxsr, mmx, sse, sse2, sse3, ssse3, sse4.1, sse4.2, popcnt, avx, avx2, aes, clmul, erms, lzcnt, ht, tsc, tscinvbit, bmi1, bmi2

Memory: 4k page, physical 16609500k(3910732k free), swap 33386716k(17253192k free)

vm_info: Java HotSpot(TM) 64-Bit Server VM (25.65-b01) for windows-amd64 JRE (1.8.0_65-b17), built on Oct  6 2015 16:39:20 by "java_re" with MS VC++ 10.0 (VS2010)

time: Sun Apr 10 21:56:48 2016
elapsed time: 1 seconds (0d 0h 0m 1s)

