#
# A fatal error has been detected by the Java Runtime Environment:
#
#  EXCEPTION_ACCESS_VIOLATION (0xc0000005) at pc=0x00007ffdbe7524b9, pid=10812, tid=8636
#
# JRE version: Java(TM) SE Runtime Environment (8.0_65-b17) (build 1.8.0_65-b17)
# Java VM: Java HotSpot(TM) 64-Bit Server VM (25.65-b01 mixed mode windows-amd64 compressed oops)
# Problematic frame:
# C  [glfw.dll+0x24b9]
#
# Failed to write core dump. Minidumps are not enabled by default on client versions of Windows
#
# If you would like to submit a bug report, please visit:
#   http://bugreport.java.com/bugreport/crash.jsp
# The crash happened outside the Java Virtual Machine in native code.
# See problematic frame for where to report the bug.
#

---------------  T H R E A D  ---------------

Current thread (0x000000001e243000):  JavaThread "CLIENT" [_thread_in_native, id=8636, stack(0x000000001ef40000,0x000000001f040000)]

siginfo: ExceptionCode=0xc0000005, reading address 0x0000000000000000

Registers:
RAX=0x0000000000000000, RBX=0x000000001b9ef240, RCX=0x0000000000000000, RDX=0x0000000000000000
RSP=0x000000001f03eeb0, RBP=0x000000001f03ef68, RSI=0x0000000000000108, RDI=0x00000000007b4b80
R8 =0x000000001f03eea8, R9 =0x000000001f03ef68, R10=0x0000000000000000, R11=0x0000000000000246
R12=0x0000000000000000, R13=0x000000001b9ef240, R14=0x000000001f03efa0, R15=0x000000001e243000
RIP=0x00007ffdbe7524b9, EFLAGS=0x0000000000010283

Top of Stack: (sp=0x000000001f03eeb0)
0x000000001f03eeb0:   000000001e243000 000000001e243000
0x000000001f03eec0:   000000001e243000 000000001e243000
0x000000001f03eed0:   0000000000000ba7 00000000025edfcc
0x000000001f03eee0:   000000001b9ef240 00000000705f5005
0x000000001f03eef0:   000000001b995180 000000001bf71960
0x000000001f03ef00:   000000000000000e 000000001e243000
0x000000001f03ef10:   000000001ba0b9c8 000000007050aea4
0x000000001f03ef20:   000000001e243000 000000001f03ef28
0x000000001f03ef30:   0000000000000000 000000001f03efa0
0x000000001f03ef40:   000000001b9ef9e0 0000000000000000
0x000000001f03ef50:   000000001b9ef240 0000000000000000
0x000000001f03ef60:   000000001f03ef88 000000001f03efe8
0x000000001f03ef70:   00000000025d7d8d 00000006c2806370
0x000000001f03ef80:   00000000025e42f8 00000000007b4b80
0x000000001f03ef90:   00000000025d78a0 00007ffdbe752420
0x000000001f03efa0:   0000000000000001 000000001f03efa8 

Instructions: (pc=0x00007ffdbe7524b9)
0x00007ffdbe752499:   48 8b cf e8 1f 3a 00 00 48 39 3d f0 d5 02 00 48
0x00007ffdbe7524a9:   8d 0d e9 d5 02 00 48 8b 5c 24 30 74 08 48 8b 09
0x00007ffdbe7524b9:   48 39 39 75 f8 48 8b 07 48 89 01 48 8b cf 48 83
0x00007ffdbe7524c9:   c4 20 5f e9 5b fe 00 00 48 83 c4 20 5f c3 cc cc 


Register to memory mapping:

RAX=0x0000000000000000 is an unknown value
RBX={method} {0x000000001b9ef248} 'invokePV' '(JJ)V' in 'org/lwjgl/system/JNI'
RCX=0x0000000000000000 is an unknown value
RDX=0x0000000000000000 is an unknown value
RSP=0x000000001f03eeb0 is pointing into the stack for thread: 0x000000001e243000
RBP=0x000000001f03ef68 is pointing into the stack for thread: 0x000000001e243000
RSI=0x0000000000000108 is an unknown value
RDI=0x00000000007b4b80 is an unknown value
R8 =0x000000001f03eea8 is pointing into the stack for thread: 0x000000001e243000
R9 =0x000000001f03ef68 is pointing into the stack for thread: 0x000000001e243000
R10=0x0000000000000000 is an unknown value
R11=0x0000000000000246 is an unknown value
R12=0x0000000000000000 is an unknown value
R13={method} {0x000000001b9ef248} 'invokePV' '(JJ)V' in 'org/lwjgl/system/JNI'
R14=0x000000001f03efa0 is pointing into the stack for thread: 0x000000001e243000
R15=0x000000001e243000 is a thread


Stack: [0x000000001ef40000,0x000000001f040000],  sp=0x000000001f03eeb0,  free space=1019k
Native frames: (J=compiled Java code, j=interpreted, Vv=VM code, C=native code)
C  [glfw.dll+0x24b9]
C  0x00000000025edfcc

Java frames: (J=compiled Java code, j=interpreted, Vv=VM code)
j  org.lwjgl.system.JNI.invokePV(JJ)V+0
j  org.lwjgl.glfw.GLFW.glfwDestroyCursor(J)V+20
j  main.client.Window.destroyWindow()V+9
j  main.coreEngine.Engine.stop()V+70
j  main.client.Window.update()V+33
j  main.client.renderEngine.RenderEngine.render()V+38
j  main.client.ClientThread.tick()V+12
j  main.coreEngine.TickableThread.run()V+469
v  ~StubRoutines::call_stub

---------------  P R O C E S S  ---------------

Java Threads: ( => current thread )
  0x000000001e23f800 JavaThread "SERVER" [_thread_in_Java, id=6432, stack(0x000000001f040000,0x000000001f140000)]
=>0x000000001e243000 JavaThread "CLIENT" [_thread_in_native, id=8636, stack(0x000000001ef40000,0x000000001f040000)]
  0x000000001e0b6000 JavaThread "Service Thread" daemon [_thread_blocked, id=6440, stack(0x000000001ed40000,0x000000001ee40000)]
  0x000000001e0a4800 JavaThread "C1 CompilerThread3" daemon [_thread_blocked, id=1612, stack(0x000000001ec40000,0x000000001ed40000)]
  0x000000001e09b800 JavaThread "C2 CompilerThread2" daemon [_thread_blocked, id=10620, stack(0x000000001eb40000,0x000000001ec40000)]
  0x000000001e09b000 JavaThread "C2 CompilerThread1" daemon [_thread_blocked, id=12612, stack(0x000000001ea40000,0x000000001eb40000)]
  0x000000001e0a0000 JavaThread "C2 CompilerThread0" daemon [_thread_blocked, id=6556, stack(0x000000001e940000,0x000000001ea40000)]
  0x000000001e07f800 JavaThread "JDWP Command Reader" daemon [_thread_in_native, id=6912, stack(0x000000001e840000,0x000000001e940000)]
  0x000000001e07e800 JavaThread "JDWP Event Helper Thread" daemon [_thread_blocked, id=8628, stack(0x000000001e740000,0x000000001e840000)]
  0x000000001e07c800 JavaThread "JDWP Transport Listener: dt_socket" daemon [_thread_blocked, id=2664, stack(0x000000001e640000,0x000000001e740000)]
  0x000000001e067000 JavaThread "Attach Listener" daemon [_thread_blocked, id=2616, stack(0x000000001e540000,0x000000001e640000)]
  0x000000001e066000 JavaThread "Signal Dispatcher" daemon [_thread_blocked, id=8664, stack(0x000000001e440000,0x000000001e540000)]
  0x000000000257b000 JavaThread "Finalizer" daemon [_thread_blocked, id=14068, stack(0x000000001de60000,0x000000001df60000)]
  0x000000001bf6d000 JavaThread "Reference Handler" daemon [_thread_blocked, id=9156, stack(0x000000001dd60000,0x000000001de60000)]
  0x00000000025ce000 JavaThread "main" [_thread_in_Java, id=5288, stack(0x0000000002370000,0x0000000002470000)]

Other Threads:
  0x000000001bf69000 VMThread [stack: 0x000000001dc60000,0x000000001dd60000] [id=6856]
  0x000000001e155000 WatcherThread [stack: 0x000000001ee40000,0x000000001ef40000] [id=7332]

VM state:not at safepoint (normal execution)

VM Mutex/Monitor currently owned by a thread: None

Heap:
 PSYoungGen      total 1199616K, used 24209K [0x000000076b800000, 0x00000007bc380000, 0x00000007c0000000)
  eden space 1199104K, 2% used [0x000000076b800000,0x000000076cf74678,0x00000007b4b00000)
  from space 512K, 37% used [0x00000007bc300000,0x00000007bc330000,0x00000007bc380000)
  to   space 9216K, 0% used [0x00000007bb180000,0x00000007bb180000,0x00000007bba80000)
 ParOldGen       total 173568K, used 13270K [0x00000006c2800000, 0x00000006cd180000, 0x000000076b800000)
  object space 173568K, 7% used [0x00000006c2800000,0x00000006c34f5838,0x00000006cd180000)
 Metaspace       used 8331K, capacity 8710K, committed 8960K, reserved 1056768K
  class space    used 660K, capacity 690K, committed 768K, reserved 1048576K

Card table byte_map: [0x0000000011990000,0x0000000012180000] byte_map_base: 0x000000000e37c000

Marking Bits: (ParMarkBitMap*) 0x0000000070bea5b0
 Begin Bits: [0x0000000012ed0000, 0x0000000016e30000)
 End Bits:   [0x0000000016e30000, 0x000000001ad90000)

Polling page: 0x0000000000750000

CodeCache: size=245760Kb used=3907Kb max_used=3917Kb free=241852Kb
 bounds [0x00000000025d0000, 0x00000000029b0000, 0x00000000115d0000]
 total_blobs=1421 nmethods=765 adapters=577
 compilation: enabled

Compilation events (10 events):
Event: 4.562 Thread 0x000000001e0a4800  763       3       main.coreEngine.util.maths.Vector2f::sub (54 bytes)
Event: 4.563 Thread 0x000000001e0a4800 nmethod 763 0x00000000029a2d90 code [0x00000000029a2f20, 0x00000000029a3350]
Event: 4.563 Thread 0x000000001e0a4800  764       3       main.coreEngine.util.maths.Vector3f::add (72 bytes)
Event: 4.563 Thread 0x000000001e0a4800 nmethod 764 0x00000000029a3610 code [0x00000000029a37a0, 0x00000000029a3bf0]
Event: 4.563 Thread 0x000000001e0a4800  765       3       main.coreEngine.sceneGraph.components.ModelComponent::input (1 bytes)
Event: 4.563 Thread 0x000000001e0a4800 nmethod 765 0x0000000002995a50 code [0x0000000002995ba0, 0x0000000002995cf0]
Event: 4.645 Thread 0x000000001e09b800  766       4       main.client.InputHandler::resetKeyboard (25 bytes)
Event: 4.646 Thread 0x000000001e09b800 nmethod 766 0x00000000029934d0 code [0x0000000002993600, 0x00000000029936b8]
Event: 4.912 Thread 0x000000001e0a4800  767       3       main.coreEngine.util.maths.Matrix4f::<init> (10 bytes)
Event: 4.912 Thread 0x000000001e0a4800 nmethod 767 0x00000000029a6650 code [0x00000000029a67c0, 0x00000000029a6a68]

GC Heap History (10 events):
Event: 1.677 GC heap before
{Heap before GC invocations=10 (full 0):
 PSYoungGen      total 526336K, used 516544K [0x000000076b800000, 0x000000079f200000, 0x00000007c0000000)
  eden space 515584K, 100% used [0x000000076b800000,0x000000078af80000,0x000000078af80000)
  from space 10752K, 8% used [0x000000078af80000,0x000000078b070000,0x000000078ba00000)
  to   space 10240K, 0% used [0x000000079e800000,0x000000079e800000,0x000000079f200000)
 ParOldGen       total 173568K, used 12414K [0x00000006c2800000, 0x00000006cd180000, 0x000000076b800000)
  object space 173568K, 7% used [0x00000006c2800000,0x00000006c341f838,0x00000006cd180000)
 Metaspace       used 8286K, capacity 8710K, committed 8960K, reserved 1056768K
  class space    used 660K, capacity 690K, committed 768K, reserved 1048576K
Event: 1.680 GC heap after
Heap after GC invocations=10 (full 0):
 PSYoungGen      total 835584K, used 224K [0x000000076b800000, 0x000000079f200000, 0x00000007c0000000)
  eden space 825344K, 0% used [0x000000076b800000,0x000000076b800000,0x000000079de00000)
  from space 10240K, 2% used [0x000000079e800000,0x000000079e838000,0x000000079f200000)
  to   space 10240K, 0% used [0x000000079de00000,0x000000079de00000,0x000000079e800000)
 ParOldGen       total 173568K, used 13182K [0x00000006c2800000, 0x00000006cd180000, 0x000000076b800000)
  object space 173568K, 7% used [0x00000006c2800000,0x00000006c34df838,0x00000006cd180000)
 Metaspace       used 8286K, capacity 8710K, committed 8960K, reserved 1056768K
  class space    used 660K, capacity 690K, committed 768K, reserved 1048576K
}
Event: 2.300 GC heap before
{Heap before GC invocations=11 (full 0):
 PSYoungGen      total 835584K, used 825568K [0x000000076b800000, 0x000000079f200000, 0x00000007c0000000)
  eden space 825344K, 100% used [0x000000076b800000,0x000000079de00000,0x000000079de00000)
  from space 10240K, 2% used [0x000000079e800000,0x000000079e838000,0x000000079f200000)
  to   space 10240K, 0% used [0x000000079de00000,0x000000079de00000,0x000000079e800000)
 ParOldGen       total 173568K, used 13182K [0x00000006c2800000, 0x00000006cd180000, 0x000000076b800000)
  object space 173568K, 7% used [0x00000006c2800000,0x00000006c34df838,0x00000006cd180000)
 Metaspace       used 8311K, capacity 8710K, committed 8960K, reserved 1056768K
  class space    used 660K, capacity 690K, committed 768K, reserved 1048576K
Event: 2.301 GC heap after
Heap after GC invocations=11 (full 0):
 PSYoungGen      total 835584K, used 224K [0x000000076b800000, 0x00000007bd500000, 0x00000007c0000000)
  eden space 825344K, 0% used [0x000000076b800000,0x000000076b800000,0x000000079de00000)
  from space 10240K, 2% used [0x000000079de00000,0x000000079de38000,0x000000079e800000)
  to   space 9728K, 0% used [0x00000007bcb80000,0x00000007bcb80000,0x00000007bd500000)
 ParOldGen       total 173568K, used 13246K [0x00000006c2800000, 0x00000006cd180000, 0x000000076b800000)
  object space 173568K, 7% used [0x00000006c2800000,0x00000006c34ef838,0x00000006cd180000)
 Metaspace       used 8311K, capacity 8710K, committed 8960K, reserved 1056768K
  class space    used 660K, capacity 690K, committed 768K, reserved 1048576K
}
Event: 2.913 GC heap before
{Heap before GC invocations=12 (full 0):
 PSYoungGen      total 835584K, used 825568K [0x000000076b800000, 0x00000007bd500000, 0x00000007c0000000)
  eden space 825344K, 100% used [0x000000076b800000,0x000000079de00000,0x000000079de00000)
  from space 10240K, 2% used [0x000000079de00000,0x000000079de38000,0x000000079e800000)
  to   space 9728K, 0% used [0x00000007bcb80000,0x00000007bcb80000,0x00000007bd500000)
 ParOldGen       total 173568K, used 13246K [0x00000006c2800000, 0x00000006cd180000, 0x000000076b800000)
  object space 173568K, 7% used [0x00000006c2800000,0x00000006c34ef838,0x00000006cd180000)
 Metaspace       used 8319K, capacity 8710K, committed 8960K, reserved 1056768K
  class space    used 660K, capacity 690K, committed 768K, reserved 1048576K
Event: 2.914 GC heap after
Heap after GC invocations=12 (full 0):
 PSYoungGen      total 1330688K, used 192K [0x000000076b800000, 0x00000007bd500000, 0x00000007c0000000)
  eden space 1320960K, 0% used [0x000000076b800000,0x000000076b800000,0x00000007bc200000)
  from space 9728K, 1% used [0x00000007bcb80000,0x00000007bcbb0000,0x00000007bd500000)
  to   space 9728K, 0% used [0x00000007bc200000,0x00000007bc200000,0x00000007bcb80000)
 ParOldGen       total 173568K, used 13254K [0x00000006c2800000, 0x00000006cd180000, 0x000000076b800000)
  object space 173568K, 7% used [0x00000006c2800000,0x00000006c34f1838,0x00000006cd180000)
 Metaspace       used 8319K, capacity 8710K, committed 8960K, reserved 1056768K
  class space    used 660K, capacity 690K, committed 768K, reserved 1048576K
}
Event: 4.009 GC heap before
{Heap before GC invocations=13 (full 0):
 PSYoungGen      total 1330688K, used 1321152K [0x000000076b800000, 0x00000007bd500000, 0x00000007c0000000)
  eden space 1320960K, 100% used [0x000000076b800000,0x00000007bc200000,0x00000007bc200000)
  from space 9728K, 1% used [0x00000007bcb80000,0x00000007bcbb0000,0x00000007bd500000)
  to   space 9728K, 0% used [0x00000007bc200000,0x00000007bc200000,0x00000007bcb80000)
 ParOldGen       total 173568K, used 13254K [0x00000006c2800000, 0x00000006cd180000, 0x000000076b800000)
  object space 173568K, 7% used [0x00000006c2800000,0x00000006c34f1838,0x00000006cd180000)
 Metaspace       used 8327K, capacity 8710K, committed 8960K, reserved 1056768K
  class space    used 660K, capacity 690K, committed 768K, reserved 1048576K
Event: 4.009 GC heap after
Heap after GC invocations=13 (full 0):
 PSYoungGen      total 1259008K, used 192K [0x000000076b800000, 0x00000007bcc00000, 0x00000007c0000000)
  eden space 1258496K, 0% used [0x000000076b800000,0x000000076b800000,0x00000007b8500000)
  from space 512K, 37% used [0x00000007bc200000,0x00000007bc230000,0x00000007bc280000)
  to   space 9216K, 0% used [0x00000007bc300000,0x00000007bc300000,0x00000007bcc00000)
 ParOldGen       total 173568K, used 13262K [0x00000006c2800000, 0x00000006cd180000, 0x000000076b800000)
  object space 173568K, 7% used [0x00000006c2800000,0x00000006c34f3838,0x00000006cd180000)
 Metaspace       used 8327K, capacity 8710K, committed 8960K, reserved 1056768K
  class space    used 660K, capacity 690K, committed 768K, reserved 1048576K
}
Event: 4.983 GC heap before
{Heap before GC invocations=14 (full 0):
 PSYoungGen      total 1259008K, used 1258688K [0x000000076b800000, 0x00000007bcc00000, 0x00000007c0000000)
  eden space 1258496K, 100% used [0x000000076b800000,0x00000007b8500000,0x00000007b8500000)
  from space 512K, 37% used [0x00000007bc200000,0x00000007bc230000,0x00000007bc280000)
  to   space 9216K, 0% used [0x00000007bc300000,0x00000007bc300000,0x00000007bcc00000)
 ParOldGen       total 173568K, used 13262K [0x00000006c2800000, 0x00000006cd180000, 0x000000076b800000)
  object space 173568K, 7% used [0x00000006c2800000,0x00000006c34f3838,0x00000006cd180000)
 Metaspace       used 8331K, capacity 8710K, committed 8960K, reserved 1056768K
  class space    used 660K, capacity 690K, committed 768K, reserved 1048576K
Event: 4.983 GC heap after
Heap after GC invocations=14 (full 0):
 PSYoungGen      total 1199616K, used 192K [0x000000076b800000, 0x00000007bc380000, 0x00000007c0000000)
  eden space 1199104K, 0% used [0x000000076b800000,0x000000076b800000,0x00000007b4b00000)
  from space 512K, 37% used [0x00000007bc300000,0x00000007bc330000,0x00000007bc380000)
  to   space 9216K, 0% used [0x00000007bb180000,0x00000007bb180000,0x00000007bba80000)
 ParOldGen       total 173568K, used 13270K [0x00000006c2800000, 0x00000006cd180000, 0x000000076b800000)
  object space 173568K, 7% used [0x00000006c2800000,0x00000006c34f5838,0x00000006cd180000)
 Metaspace       used 8331K, capacity 8710K, committed 8960K, reserved 1056768K
  class space    used 660K, capacity 690K, committed 768K, reserved 1048576K
}

Deoptimization events (10 events):
Event: 0.666 Thread 0x000000001e243000 Uncommon trap: reason=array_check action=maybe_recompile pc=0x0000000002882640 method=java.util.AbstractCollection.toArray([Ljava/lang/Object;)[Ljava/lang/Object; @ 119
Event: 0.666 Thread 0x000000001e243000 Uncommon trap: reason=array_check action=maybe_recompile pc=0x0000000002882640 method=java.util.AbstractCollection.toArray([Ljava/lang/Object;)[Ljava/lang/Object; @ 119
Event: 0.666 Thread 0x000000001e243000 Uncommon trap: reason=array_check action=maybe_recompile pc=0x0000000002882640 method=java.util.AbstractCollection.toArray([Ljava/lang/Object;)[Ljava/lang/Object; @ 119
Event: 0.760 Thread 0x000000001e243000 Uncommon trap: reason=unstable_if action=reinterpret pc=0x000000000289a160 method=sun.misc.FloatingDecimal.readJavaFormatString(Ljava/lang/String;)Lsun/misc/FloatingDecimal$ASCIIToBinaryConverter; @ 445
Event: 0.761 Thread 0x000000001e243000 Uncommon trap: reason=unstable_if action=reinterpret pc=0x000000000288c324 method=sun.misc.FloatingDecimal$ASCIIToBinaryBuffer.floatValue()F @ 190
Event: 1.111 Thread 0x000000001e243000 Uncommon trap: reason=unstable_if action=reinterpret pc=0x00000000028ffcf8 method=main.client.renderEngine.mesh.Mesh.compile(Ljava/util/List;)Lmain/client/renderEngine/mesh/Mesh; @ 101
Event: 1.186 Thread 0x000000001e243000 Uncommon trap: reason=unstable_if action=reinterpret pc=0x000000000294e08c method=main.client.renderEngine.mesh.Mesh.compile(Ljava/util/List;)Lmain/client/renderEngine/mesh/Mesh; @ 591
Event: 1.198 Thread 0x000000001e243000 Uncommon trap: reason=unstable_if action=reinterpret pc=0x00000000028b16c0 method=main.coreEngine.TickableThread.run()V @ 461
Event: 1.207 Thread 0x000000001e23f800 Uncommon trap: reason=unstable_if action=reinterpret pc=0x00000000028b16c0 method=main.coreEngine.TickableThread.run()V @ 461
Event: 1.215 Thread 0x00000000025ce000 Uncommon trap: reason=unstable_if action=reinterpret pc=0x0000000002904570 method=main.coreEngine.Engine.start()V @ 163

Internal exceptions (7 events):
Event: 0.027 Thread 0x00000000025ce000 Exception <a 'java/lang/NoSuchMethodError': Method sun.misc.Unsafe.defineClass(Ljava/lang/String;[BII)Ljava/lang/Class; name or signature does not match> (0x000000076b80da30) thrown at [C:\workspace\8-2-build-windows-amd64-cygwin\jdk8u65\4987\hotspot\src\s5ÅY‡œ?
Event: 0.027 Thread 0x00000000025ce000 Exception <a 'java/lang/NoSuchMethodError': Method sun.misc.Unsafe.prefetchRead(Ljava/lang/Object;J)V name or signature does not match> (0x000000076b80dd18) thrown at [C:\workspace\8-2-build-windows-amd64-cygwin\jdk8u65\4987\hotspot\src\share\vm\prims\jni.pŸ¹WúUØ?
Event: 0.380 Thread 0x000000001e243000 Exception <a 'java/security/PrivilegedActionException'> (0x000000076c86e638) thrown at [C:\workspace\8-2-build-windows-amd64-cygwin\jdk8u65\4987\hotspot\src\share\vm\prims\jvm.cpp, line 1386]
Event: 0.380 Thread 0x000000001e243000 Exception <a 'java/security/PrivilegedActionException'> (0x000000076c86ea30) thrown at [C:\workspace\8-2-build-windows-amd64-cygwin\jdk8u65\4987\hotspot\src\share\vm\prims\jvm.cpp, line 1386]
Event: 0.381 Thread 0x000000001e243000 Exception <a 'java/security/PrivilegedActionException'> (0x000000076c872c48) thrown at [C:\workspace\8-2-build-windows-amd64-cygwin\jdk8u65\4987\hotspot\src\share\vm\prims\jvm.cpp, line 1386]
Event: 0.381 Thread 0x000000001e243000 Exception <a 'java/security/PrivilegedActionException'> (0x000000076c873040) thrown at [C:\workspace\8-2-build-windows-amd64-cygwin\jdk8u65\4987\hotspot\src\share\vm\prims\jvm.cpp, line 1386]
Event: 0.611 Thread 0x00000000025ce000 Implicit null exception at 0x0000000002734efc to 0x00000000027354c9

Events (10 events):
Event: 2.913 Executing VM operation: ParallelGCFailedAllocation
Event: 2.914 Executing VM operation: ParallelGCFailedAllocation done
Event: 4.009 Executing VM operation: ParallelGCFailedAllocation
Event: 4.009 Executing VM operation: ParallelGCFailedAllocation done
Event: 4.071 Executing VM operation: EnableBiasedLocking
Event: 4.071 Executing VM operation: EnableBiasedLocking done
Event: 4.645 Thread 0x000000001e243000 DEOPT PACKING pc=0x0000000002987caa sp=0x000000001f03f030
Event: 4.645 Thread 0x000000001e243000 DEOPT UNPACKING pc=0x000000000261787f sp=0x000000001f03ed58 mode 0
Event: 4.982 Executing VM operation: ParallelGCFailedAllocation
Event: 4.983 Executing VM operation: ParallelGCFailedAllocation done


Dynamic libraries:
0x00007ff654d10000 - 0x00007ff654d47000 	C:\Program Files\Java\jdk1.8.0_65\bin\java.exe
0x00007ffde4980000 - 0x00007ffde4b41000 	C:\WINDOWS\SYSTEM32\ntdll.dll
0x00007ffde42a0000 - 0x00007ffde434d000 	C:\WINDOWS\system32\KERNEL32.DLL
0x00007ffde19f0000 - 0x00007ffde1bd8000 	C:\WINDOWS\system32\KERNELBASE.dll
0x00007ffde1e70000 - 0x00007ffde1f17000 	C:\WINDOWS\system32\ADVAPI32.dll
0x00007ffde3800000 - 0x00007ffde389d000 	C:\WINDOWS\system32\msvcrt.dll
0x00007ffde1e10000 - 0x00007ffde1e6b000 	C:\WINDOWS\system32\sechost.dll
0x00007ffde3bd0000 - 0x00007ffde3cec000 	C:\WINDOWS\system32\RPCRT4.dll
0x00007ffde3fe0000 - 0x00007ffde4136000 	C:\WINDOWS\system32\USER32.dll
0x00007ffde3cf0000 - 0x00007ffde3e76000 	C:\WINDOWS\system32\GDI32.dll
0x00007ffddd690000 - 0x00007ffddd904000 	C:\WINDOWS\WinSxS\amd64_microsoft.windows.common-controls_6595b64144ccf1df_6.0.10586.0_none_8c15ae12515e1c22\COMCTL32.dll
0x00007ffde3950000 - 0x00007ffde3bcd000 	C:\WINDOWS\system32\combase.dll
0x00007ffde1cf0000 - 0x00007ffde1d5a000 	C:\WINDOWS\system32\bcryptPrimitives.dll
0x00007ffde1dc0000 - 0x00007ffde1dfb000 	C:\WINDOWS\system32\IMM32.DLL
0x0000000070c70000 - 0x0000000070d42000 	C:\Program Files\Java\jdk1.8.0_65\jre\bin\msvcr100.dll
0x00000000703e0000 - 0x0000000070c69000 	C:\Program Files\Java\jdk1.8.0_65\jre\bin\server\jvm.dll
0x00007ffde4290000 - 0x00007ffde4298000 	C:\WINDOWS\system32\PSAPI.DLL
0x00007ffdd8550000 - 0x00007ffdd8559000 	C:\WINDOWS\SYSTEM32\WSOCK32.dll
0x00007ffddf730000 - 0x00007ffddf753000 	C:\WINDOWS\SYSTEM32\WINMM.dll
0x00007ffddd9c0000 - 0x00007ffddd9ca000 	C:\WINDOWS\SYSTEM32\VERSION.dll
0x00007ffde4470000 - 0x00007ffde44db000 	C:\WINDOWS\system32\WS2_32.dll
0x0000000000bb0000 - 0x0000000000bdc000 	C:\WINDOWS\SYSTEM32\WINMMBASE.dll
0x00007ffde1be0000 - 0x00007ffde1c23000 	C:\WINDOWS\system32\cfgmgr32.dll
0x00000000703d0000 - 0x00000000703df000 	C:\Program Files\Java\jdk1.8.0_65\jre\bin\verify.dll
0x00000000703a0000 - 0x00000000703c9000 	C:\Program Files\Java\jdk1.8.0_65\jre\bin\java.dll
0x0000000070360000 - 0x0000000070395000 	C:\Program Files\Java\jdk1.8.0_65\jre\bin\jdwp.dll
0x0000000070350000 - 0x0000000070358000 	C:\Program Files\Java\jdk1.8.0_65\jre\bin\npt.dll
0x0000000070330000 - 0x0000000070346000 	C:\Program Files\Java\jdk1.8.0_65\jre\bin\zip.dll
0x00007ffde1f80000 - 0x00007ffde34dc000 	C:\WINDOWS\system32\SHELL32.dll
0x00007ffde11d0000 - 0x00007ffde1815000 	C:\WINDOWS\system32\windows.storage.dll
0x00007ffde36b0000 - 0x00007ffde3702000 	C:\WINDOWS\system32\shlwapi.dll
0x00007ffde0fb0000 - 0x00007ffde0fbf000 	C:\WINDOWS\system32\kernel.appcore.dll
0x00007ffde1c30000 - 0x00007ffde1ce5000 	C:\WINDOWS\system32\shcore.dll
0x00007ffde0fc0000 - 0x00007ffde100b000 	C:\WINDOWS\system32\powrprof.dll
0x00007ffde0f80000 - 0x00007ffde0f94000 	C:\WINDOWS\system32\profapi.dll
0x0000000070100000 - 0x0000000070109000 	C:\Program Files\Java\jdk1.8.0_65\jre\bin\dt_socket.dll
0x00007ffde08b0000 - 0x00007ffde090c000 	C:\WINDOWS\system32\mswsock.dll
0x00007ffdbe200000 - 0x00007ffdbe288000 	D:\Code\Java\Projects\WireEngine20\lib\native\lwjgl.dll
0x00007ffde0a80000 - 0x00007ffde0a8b000 	C:\WINDOWS\SYSTEM32\CRYPTBASE.DLL
0x00007ffdc2730000 - 0x00007ffdc2772000 	D:\Code\Java\Projects\WireEngine20\lib\native\jemalloc.dll
0x00007ffdbe750000 - 0x00007ffdbe788000 	D:\Code\Java\Projects\WireEngine20\lib\native\glfw.dll
0x00007ffddf850000 - 0x00007ffddf8e6000 	C:\WINDOWS\system32\uxtheme.dll
0x00007ffdde650000 - 0x00007ffdde672000 	C:\WINDOWS\SYSTEM32\dwmapi.dll
0x00007ffdc7780000 - 0x00007ffdc78a9000 	C:\WINDOWS\SYSTEM32\opengl32.dll
0x00007ffdc68b0000 - 0x00007ffdc69aa000 	C:\WINDOWS\SYSTEM32\DDRAW.dll
0x00007ffdcc690000 - 0x00007ffdcc6be000 	C:\WINDOWS\SYSTEM32\GLU32.dll
0x00007ffdd6380000 - 0x00007ffdd6388000 	C:\WINDOWS\SYSTEM32\DCIMAN32.dll
0x00007ffde3e80000 - 0x00007ffde3fda000 	C:\WINDOWS\system32\MSCTF.dll
0x00007ffdca080000 - 0x00007ffdca0c9000 	C:\Program Files (x86)\TeamViewer\tv_x64.dll
0x00007ffde4140000 - 0x00007ffde4283000 	C:\WINDOWS\system32\ole32.dll
0x000000006c800000 - 0x000000006e549000 	C:\WINDOWS\SYSTEM32\nvoglv64.DLL
0x00007ffde4550000 - 0x00007ffde4979000 	C:\WINDOWS\system32\SETUPAPI.dll
0x00007ffddf2f0000 - 0x00007ffddf303000 	C:\WINDOWS\SYSTEM32\WTSAPI32.dll
0x00007ffddf9a0000 - 0x00007ffddf9c7000 	C:\WINDOWS\SYSTEM32\DEVOBJ.dll
0x00007ffde1170000 - 0x00007ffde11c5000 	C:\WINDOWS\system32\WINTRUST.dll
0x00007ffde0fa0000 - 0x00007ffde0fb0000 	C:\WINDOWS\system32\MSASN1.dll
0x00007ffde1820000 - 0x00007ffde19e7000 	C:\WINDOWS\system32\CRYPT32.dll
0x00007ffde04d0000 - 0x00007ffde0501000 	C:\WINDOWS\SYSTEM32\ntmarta.dll
0x00007ffde0220000 - 0x00007ffde0276000 	C:\WINDOWS\SYSTEM32\WINSTA.dll
0x00007ffde38a0000 - 0x00007ffde3947000 	C:\WINDOWS\system32\clbcatq.dll
0x00007ffddc360000 - 0x00007ffddc385000 	C:\Program Files (x86)\Samsung\Easy Printer Manager\SmartScreenPrint\CDAKEYMonitor64.dll
0x00007ffde3730000 - 0x00007ffde37f1000 	C:\WINDOWS\system32\OLEAUT32.dll
0x00007ffdb9de0000 - 0x00007ffdb9f6c000 	C:\WINDOWS\SYSTEM32\dbghelp.dll

VM Arguments:
jvm_args: -agentlib:jdwp=transport=dt_socket,address=127.0.0.1:59555,suspend=y,server=n -Djava.library.path=lib/native/ -Dfile.encoding=UTF-8 
java_command: main.Main
java_class_path (initial): C:\Program Files\Java\jdk1.8.0_65\jre\lib\charsets.jar;C:\Program Files\Java\jdk1.8.0_65\jre\lib\deploy.jar;C:\Program Files\Java\jdk1.8.0_65\jre\lib\ext\access-bridge-64.jar;C:\Program Files\Java\jdk1.8.0_65\jre\lib\ext\cldrdata.jar;C:\Program Files\Java\jdk1.8.0_65\jre\lib\ext\dnsns.jar;C:\Program Files\Java\jdk1.8.0_65\jre\lib\ext\jaccess.jar;C:\Program Files\Java\jdk1.8.0_65\jre\lib\ext\jfxrt.jar;C:\Program Files\Java\jdk1.8.0_65\jre\lib\ext\localedata.jar;C:\Program Files\Java\jdk1.8.0_65\jre\lib\ext\nashorn.jar;C:\Program Files\Java\jdk1.8.0_65\jre\lib\ext\sunec.jar;C:\Program Files\Java\jdk1.8.0_65\jre\lib\ext\sunjce_provider.jar;C:\Program Files\Java\jdk1.8.0_65\jre\lib\ext\sunmscapi.jar;C:\Program Files\Java\jdk1.8.0_65\jre\lib\ext\sunpkcs11.jar;C:\Program Files\Java\jdk1.8.0_65\jre\lib\ext\zipfs.jar;C:\Program Files\Java\jdk1.8.0_65\jre\lib\javaws.jar;C:\Program Files\Java\jdk1.8.0_65\jre\lib\jce.jar;C:\Program Files\Java\jdk1.8.0_65\jre\lib\jfr.jar;C:\Program Files\Java\jdk1.8.0_65\jre\lib\jfxswt.jar;C:\Program Files\Java\jdk1.8.0_65\jre\lib\jsse.jar;C:\Program Files\Java\jdk1.8.0_65\jre\lib\management-agent.jar;C:\Program Files\Java\jdk1.8.0_65\jre\lib\plugin.jar;C:\Program Files\Java\jdk1.8.0_65\jre\lib\resources.jar;C:\Program Files\Java\jdk1.8.0_65\jre\lib\rt.jar;D:\Code\Java\Projects\WireEngine20\out\production\WireEngine20;D:\Code\Java\Projects\WireEngine20\lib\jar\lwjgl.jar;D:\Code\Java\Projects\WireEngine20\lib\jar\slick-util.jar;D:\Program Files (x86)\JetBrains\IntelliJ IDEA 2016.1\lib\idea_rt.jar
Launcher Type: SUN_STANDARD

Environment Variables:
JAVA_HOME=C:\Program Files\Java\jdk1.8.0_65
PATH=C:\ProgramData\Oracle\Java\javapath;C:\Program Files (x86)\Razer Chroma SDK\bin;C:\Program Files\Razer Chroma SDK\bin;C:\Program Files (x86)\NVIDIA Corporation\PhysX\Common;C:\Program Files (x86)\Intel\iCLS Client\;C:\Program Files\Intel\iCLS Client\;C:\Windows\system32;C:\Windows;C:\Windows\System32\Wbem;C:\Windows\System32\WindowsPowerShell\v1.0\;C:\Program Files\Intel\Intel(R) Management Engine Components\DAL;C:\Program Files (x86)\Intel\Intel(R) Management Engine Components\DAL;C:\Program Files\Intel\Intel(R) Management Engine Components\IPT;C:\Program Files (x86)\Intel\Intel(R) Management Engine Components\IPT;C:\Program Files\Java\jre1.8.0_65\bin;C:\MinGW\bin;C:\WINDOWS\system32;C:\WINDOWS;C:\WINDOWS\System32\Wbem;C:\WINDOWS\System32\WindowsPowerShell\v1.0\;D:\Program Files (x86)\CMake\bin;D:\Program Files\Programs\Python\Python35-32;D:\Program Files\Programs\Python\Python35-32\Scripts;C:\Program Files (x86)\Skype\Phone\;D:\Program Files\Programs\Python\Python35-32\Scripts\;D:\Program Files\Programs\Python\Python35-32\
USERNAME=Kelan
OS=Windows_NT
PROCESSOR_IDENTIFIER=Intel64 Family 6 Model 60 Stepping 3, GenuineIntel



---------------  S Y S T E M  ---------------

OS: Windows 10.0 , 64 bit Build 10586 (10.0.10586.0)

CPU:total 8 (4 cores per cpu, 2 threads per core) family 6 model 60 stepping 3, cmov, cx8, fxsr, mmx, sse, sse2, sse3, ssse3, sse4.1, sse4.2, popcnt, avx, avx2, aes, clmul, erms, lzcnt, ht, tsc, tscinvbit, bmi1, bmi2

Memory: 4k page, physical 16609500k(797684k free), swap 33386716k(13891432k free)

vm_info: Java HotSpot(TM) 64-Bit Server VM (25.65-b01) for windows-amd64 JRE (1.8.0_65-b17), built on Oct  6 2015 16:39:20 by "java_re" with MS VC++ 10.0 (VS2010)

time: Wed Apr 13 15:49:26 2016
elapsed time: 4 seconds (0d 0h 0m 4s)

