#
# A fatal error has been detected by the Java Runtime Environment:
#
#  EXCEPTION_ACCESS_VIOLATION (0xc0000005) at pc=0x00007ffdc20424b9, pid=12492, tid=10784
#
# JRE version: Java(TM) SE Runtime Environment (8.0_65-b17) (build 1.8.0_65-b17)
# Java VM: Java HotSpot(TM) 64-Bit Server VM (25.65-b01 mixed mode windows-amd64 compressed oops)
# Problematic frame:
# C  [glfw.dll+0x24b9]
#
# Failed to write core dump. Minidumps are not enabled by default on client versions of Windows
#
# If you would like to submit a bug report, please visit:
#   http://bugreport.java.com/bugreport/crash.jsp
# The crash happened outside the Java Virtual Machine in native code.
# See problematic frame for where to report the bug.
#

---------------  T H R E A D  ---------------

Current thread (0x000000001f031000):  JavaThread "CLIENT" [_thread_in_native, id=10784, stack(0x000000001f790000,0x000000001f890000)]

siginfo: ExceptionCode=0xc0000005, reading address 0x0000000000000000

Registers:
RAX=0x0000000000000000, RBX=0x000000001bd3aca0, RCX=0x0000000000000000, RDX=0x0000000000000000
RSP=0x000000001f88ee00, RBP=0x000000001f88eeb8, RSI=0x0000000000000108, RDI=0x00000000004ba3e0
R8 =0x000000001f88edf8, R9 =0x000000001f88eeb8, R10=0x0000000000000000, R11=0x0000000000000246
R12=0x0000000000000000, R13=0x000000001bd3aca0, R14=0x000000001f88eef0, R15=0x000000001f031000
RIP=0x00007ffdc20424b9, EFLAGS=0x0000000000010283

Top of Stack: (sp=0x000000001f88ee00)
0x000000001f88ee00:   000000001f031000 000000001f031000
0x000000001f88ee10:   000000001f031000 000000001f031000
0x000000001f88ee20:   0000000000000a5b 00000000028a5e34
0x000000001f88ee30:   000000001bd3aca0 000000001f031000
0x000000001f88ee40:   000000001bccc400 000000001c231690
0x000000001f88ee50:   000000000000000e 000000001f031000
0x000000001f88ee60:   000000001bd66710 000000007052aea4
0x000000001f88ee70:   000000001f031000 000000001f88ee78
0x000000001f88ee80:   0000000000000000 000000001f88eef0
0x000000001f88ee90:   000000001bd3ae38 0000000000000000
0x000000001f88eea0:   000000001bd3aca0 0000000000000000
0x000000001f88eeb0:   000000001f88eed8 000000001f88ef38
0x000000001f88eec0:   0000000002897ced 00000006c2801f78
0x000000001f88eed0:   000000000289f978 00000000004ba3e0
0x000000001f88eee0:   0000000002897800 00007ffdc2042420
0x000000001f88eef0:   0000000000000001 000000001f88eef8 

Instructions: (pc=0x00007ffdc20424b9)
0x00007ffdc2042499:   48 8b cf e8 1f 3a 00 00 48 39 3d f0 d5 02 00 48
0x00007ffdc20424a9:   8d 0d e9 d5 02 00 48 8b 5c 24 30 74 08 48 8b 09
0x00007ffdc20424b9:   48 39 39 75 f8 48 8b 07 48 89 01 48 8b cf 48 83
0x00007ffdc20424c9:   c4 20 5f e9 5b fe 00 00 48 83 c4 20 5f c3 cc cc 


Register to memory mapping:

RAX=0x0000000000000000 is an unknown value
RBX={method} {0x000000001bd3aca8} 'invokePV' '(JJ)V' in 'org/lwjgl/system/JNI'
RCX=0x0000000000000000 is an unknown value
RDX=0x0000000000000000 is an unknown value
RSP=0x000000001f88ee00 is pointing into the stack for thread: 0x000000001f031000
RBP=0x000000001f88eeb8 is pointing into the stack for thread: 0x000000001f031000
RSI=0x0000000000000108 is an unknown value
RDI=0x00000000004ba3e0 is an unknown value
R8 =0x000000001f88edf8 is pointing into the stack for thread: 0x000000001f031000
R9 =0x000000001f88eeb8 is pointing into the stack for thread: 0x000000001f031000
R10=0x0000000000000000 is an unknown value
R11=0x0000000000000246 is an unknown value
R12=0x0000000000000000 is an unknown value
R13={method} {0x000000001bd3aca8} 'invokePV' '(JJ)V' in 'org/lwjgl/system/JNI'
R14=0x000000001f88eef0 is pointing into the stack for thread: 0x000000001f031000
R15=0x000000001f031000 is a thread


Stack: [0x000000001f790000,0x000000001f890000],  sp=0x000000001f88ee00,  free space=1019k
Native frames: (J=compiled Java code, j=interpreted, Vv=VM code, C=native code)
C  [glfw.dll+0x24b9]
C  0x00000000028a5e34

Java frames: (J=compiled Java code, j=interpreted, Vv=VM code)
j  org.lwjgl.system.JNI.invokePV(JJ)V+0
j  org.lwjgl.glfw.GLFW.glfwDestroyCursor(J)V+20
j  main.client.Window.destroyWindow()V+29
j  main.coreEngine.Engine.stop()V+111
j  main.client.Window.update()V+81
j  main.client.renderEngine.RenderEngine.render()V+100
j  main.client.ClientThread.tick()V+32
j  main.coreEngine.TickableThread.run()V+788
v  ~StubRoutines::call_stub

---------------  P R O C E S S  ---------------

Java Threads: ( => current thread )
  0x000000001f072800 JavaThread "SERVER" [_thread_in_Java, id=7148, stack(0x000000001f890000,0x000000001f990000)]
=>0x000000001f031000 JavaThread "CLIENT" [_thread_in_native, id=10784, stack(0x000000001f790000,0x000000001f890000)]
  0x000000001e488800 JavaThread "Monitor Ctrl-Break" daemon [_thread_in_native, id=11488, stack(0x000000001ee30000,0x000000001ef30000)]
  0x000000001e3dd800 JavaThread "Service Thread" daemon [_thread_blocked, id=9796, stack(0x000000001ec30000,0x000000001ed30000)]
  0x000000001e339000 JavaThread "C1 CompilerThread3" daemon [_thread_blocked, id=1240, stack(0x000000001eb30000,0x000000001ec30000)]
  0x000000001e338800 JavaThread "C2 CompilerThread2" daemon [_thread_blocked, id=4384, stack(0x000000001ea30000,0x000000001eb30000)]
  0x000000001e337800 JavaThread "C2 CompilerThread1" daemon [_thread_blocked, id=5648, stack(0x000000001e930000,0x000000001ea30000)]
  0x000000001e2e6800 JavaThread "C2 CompilerThread0" daemon [_thread_blocked, id=11472, stack(0x000000001e830000,0x000000001e930000)]
  0x000000001e257800 JavaThread "Attach Listener" daemon [_thread_blocked, id=8188, stack(0x000000001e730000,0x000000001e830000)]
  0x000000001e256800 JavaThread "Signal Dispatcher" daemon [_thread_blocked, id=8904, stack(0x000000001e630000,0x000000001e730000)]
  0x000000000288b800 JavaThread "Finalizer" daemon [_thread_blocked, id=13228, stack(0x000000001e130000,0x000000001e230000)]
  0x000000001c22d800 JavaThread "Reference Handler" daemon [_thread_blocked, id=6724, stack(0x000000001e030000,0x000000001e130000)]
  0x0000000002792800 JavaThread "main" [_thread_in_Java, id=9448, stack(0x0000000002490000,0x0000000002590000)]

Other Threads:
  0x000000001c229000 VMThread [stack: 0x000000001df30000,0x000000001e030000] [id=6968]
  0x000000001e2fc800 WatcherThread [stack: 0x000000001ed30000,0x000000001ee30000] [id=1760]

VM state:not at safepoint (normal execution)

VM Mutex/Monitor currently owned by a thread: None

Heap:
 PSYoungGen      total 831488K, used 797753K [0x000000076b800000, 0x000000079f900000, 0x00000007c0000000)
  eden space 811008K, 98% used [0x000000076b800000,0x000000079c2de620,0x000000079d000000)
  from space 20480K, 0% used [0x000000079e500000,0x000000079e530000,0x000000079f900000)
  to   space 20992K, 0% used [0x000000079d000000,0x000000079d000000,0x000000079e480000)
 ParOldGen       total 173568K, used 15722K [0x00000006c2800000, 0x00000006cd180000, 0x000000076b800000)
  object space 173568K, 9% used [0x00000006c2800000,0x00000006c375a8e8,0x00000006cd180000)
 Metaspace       used 9727K, capacity 9838K, committed 10112K, reserved 1058816K
  class space    used 778K, capacity 826K, committed 896K, reserved 1048576K

Card table byte_map: [0x0000000011c50000,0x0000000012440000] byte_map_base: 0x000000000e63c000

Marking Bits: (ParMarkBitMap*) 0x0000000070c0a5b0
 Begin Bits: [0x0000000013190000, 0x00000000170f0000)
 End Bits:   [0x00000000170f0000, 0x000000001b050000)

Polling page: 0x00000000008a0000

CodeCache: size=245760Kb used=5488Kb max_used=5498Kb free=240271Kb
 bounds [0x0000000002890000, 0x0000000002e00000, 0x0000000011890000]
 total_blobs=1728 nmethods=1030 adapters=611
 compilation: enabled

Compilation events (10 events):
Event: 4.449 Thread 0x000000001e339000 1026       3       java.io.OutputStreamWriter::write (11 bytes)
Event: 4.449 Thread 0x000000001e339000 nmethod 1026 0x0000000002deb8d0 code [0x0000000002deba40, 0x0000000002debbe8]
Event: 4.449 Thread 0x000000001e339000 1027   !   3       sun.nio.cs.StreamEncoder::write (78 bytes)
Event: 4.450 Thread 0x000000001e339000 nmethod 1027 0x0000000002deab50 code [0x0000000002dead20, 0x0000000002deb468]
Event: 4.450 Thread 0x000000001e339000 1028       3       sun.nio.cs.StreamEncoder::ensureOpen (18 bytes)
Event: 4.450 Thread 0x000000001e339000 nmethod 1028 0x0000000002dea6d0 code [0x0000000002dea840, 0x0000000002deaa88]
Event: 4.450 Thread 0x000000001e339000 1029       3       sun.nio.cs.StreamEncoder::implWrite (156 bytes)
Event: 4.450 Thread 0x000000001e339000 nmethod 1029 0x0000000002ded7d0 code [0x0000000002deda40, 0x0000000002dee8e8]
Event: 4.590 Thread 0x000000001e337800 1030 %     4       main.client.InputHandler::resetKeyboard @ 15 (59 bytes)
Event: 4.593 Thread 0x000000001e337800 nmethod 1030% 0x0000000002df2010 code [0x0000000002df2160, 0x0000000002df2428]

GC Heap History (10 events):
Event: 1.290 GC heap before
{Heap before GC invocations=6 (full 0):
 PSYoungGen      total 140800K, used 140798K [0x000000076b800000, 0x000000077d300000, 0x00000007c0000000)
  eden space 130048K, 100% used [0x000000076b800000,0x0000000773700000,0x0000000773700000)
  from space 10752K, 99% used [0x0000000773700000,0x000000077417fa58,0x0000000774180000)
  to   space 14848K, 0% used [0x000000077c480000,0x000000077c480000,0x000000077d300000)
 ParOldGen       total 173568K, used 5800K [0x00000006c2800000, 0x00000006cd180000, 0x000000076b800000)
  object space 173568K, 3% used [0x00000006c2800000,0x00000006c2daa000,0x00000006cd180000)
 Metaspace       used 9599K, capacity 9774K, committed 9856K, reserved 1058816K
  class space    used 775K, capacity 826K, committed 896K, reserved 1048576K
Event: 1.303 GC heap after
Heap after GC invocations=6 (full 0):
 PSYoungGen      total 268288K, used 14832K [0x000000076b800000, 0x000000077e000000, 0x00000007c0000000)
  eden space 253440K, 0% used [0x000000076b800000,0x000000076b800000,0x000000077af80000)
  from space 14848K, 99% used [0x000000077c480000,0x000000077d2fc2a0,0x000000077d300000)
  to   space 21504K, 0% used [0x000000077af80000,0x000000077af80000,0x000000077c480000)
 ParOldGen       total 173568K, used 11960K [0x00000006c2800000, 0x00000006cd180000, 0x000000076b800000)
  object space 173568K, 6% used [0x00000006c2800000,0x00000006c33ae000,0x00000006cd180000)
 Metaspace       used 9599K, capacity 9774K, committed 9856K, reserved 1058816K
  class space    used 775K, capacity 826K, committed 896K, reserved 1048576K
}
Event: 1.539 GC heap before
{Heap before GC invocations=7 (full 0):
 PSYoungGen      total 268288K, used 268272K [0x000000076b800000, 0x000000077e000000, 0x00000007c0000000)
  eden space 253440K, 100% used [0x000000076b800000,0x000000077af80000,0x000000077af80000)
  from space 14848K, 99% used [0x000000077c480000,0x000000077d2fc2a0,0x000000077d300000)
  to   space 21504K, 0% used [0x000000077af80000,0x000000077af80000,0x000000077c480000)
 ParOldGen       total 173568K, used 11960K [0x00000006c2800000, 0x00000006cd180000, 0x000000076b800000)
  object space 173568K, 6% used [0x00000006c2800000,0x00000006c33ae000,0x00000006cd180000)
 Metaspace       used 9623K, capacity 9774K, committed 9856K, reserved 1058816K
  class space    used 775K, capacity 826K, committed 896K, reserved 1048576K
Event: 1.543 GC heap after
Heap after GC invocations=7 (full 0):
 PSYoungGen      total 274944K, used 832K [0x000000076b800000, 0x000000078d100000, 0x00000007c0000000)
  eden space 253440K, 0% used [0x000000076b800000,0x000000076b800000,0x000000077af80000)
  from space 21504K, 3% used [0x000000077af80000,0x000000077b050000,0x000000077c480000)
  to   space 21504K, 0% used [0x000000078bc00000,0x000000078bc00000,0x000000078d100000)
 ParOldGen       total 173568K, used 14850K [0x00000006c2800000, 0x00000006cd180000, 0x000000076b800000)
  object space 173568K, 8% used [0x00000006c2800000,0x00000006c36808e8,0x00000006cd180000)
 Metaspace       used 9623K, capacity 9774K, committed 9856K, reserved 1058816K
  class space    used 775K, capacity 826K, committed 896K, reserved 1048576K
}
Event: 1.954 GC heap before
{Heap before GC invocations=8 (full 0):
 PSYoungGen      total 274944K, used 254272K [0x000000076b800000, 0x000000078d100000, 0x00000007c0000000)
  eden space 253440K, 100% used [0x000000076b800000,0x000000077af80000,0x000000077af80000)
  from space 21504K, 3% used [0x000000077af80000,0x000000077b050000,0x000000077c480000)
  to   space 21504K, 0% used [0x000000078bc00000,0x000000078bc00000,0x000000078d100000)
 ParOldGen       total 173568K, used 14850K [0x00000006c2800000, 0x00000006cd180000, 0x000000076b800000)
  object space 173568K, 8% used [0x00000006c2800000,0x00000006c36808e8,0x00000006cd180000)
 Metaspace       used 9669K, capacity 9774K, committed 9856K, reserved 1058816K
  class space    used 778K, capacity 826K, committed 896K, reserved 1048576K
Event: 1.957 GC heap after
Heap after GC invocations=8 (full 0):
 PSYoungGen      total 528384K, used 256K [0x000000076b800000, 0x000000078d100000, 0x00000007c0000000)
  eden space 506880K, 0% used [0x000000076b800000,0x000000076b800000,0x000000078a700000)
  from space 21504K, 1% used [0x000000078bc00000,0x000000078bc40000,0x000000078d100000)
  to   space 21504K, 0% used [0x000000078a700000,0x000000078a700000,0x000000078bc00000)
 ParOldGen       total 173568K, used 15594K [0x00000006c2800000, 0x00000006cd180000, 0x000000076b800000)
  object space 173568K, 8% used [0x00000006c2800000,0x00000006c373a8e8,0x00000006cd180000)
 Metaspace       used 9669K, capacity 9774K, committed 9856K, reserved 1058816K
  class space    used 778K, capacity 826K, committed 896K, reserved 1048576K
}
Event: 2.716 GC heap before
{Heap before GC invocations=9 (full 0):
 PSYoungGen      total 528384K, used 507136K [0x000000076b800000, 0x000000078d100000, 0x00000007c0000000)
  eden space 506880K, 100% used [0x000000076b800000,0x000000078a700000,0x000000078a700000)
  from space 21504K, 1% used [0x000000078bc00000,0x000000078bc40000,0x000000078d100000)
  to   space 21504K, 0% used [0x000000078a700000,0x000000078a700000,0x000000078bc00000)
 ParOldGen       total 173568K, used 15594K [0x00000006c2800000, 0x00000006cd180000, 0x000000076b800000)
  object space 173568K, 8% used [0x00000006c2800000,0x00000006c373a8e8,0x00000006cd180000)
 Metaspace       used 9698K, capacity 9838K, committed 10112K, reserved 1058816K
  class space    used 778K, capacity 826K, committed 896K, reserved 1048576K
Event: 2.717 GC heap after
Heap after GC invocations=9 (full 0):
 PSYoungGen      total 528384K, used 224K [0x000000076b800000, 0x000000079fa00000, 0x00000007c0000000)
  eden space 506880K, 0% used [0x000000076b800000,0x000000076b800000,0x000000078a700000)
  from space 21504K, 1% used [0x000000078a700000,0x000000078a738000,0x000000078bc00000)
  to   space 21504K, 0% used [0x000000079e500000,0x000000079e500000,0x000000079fa00000)
 ParOldGen       total 173568K, used 15650K [0x00000006c2800000, 0x00000006cd180000, 0x000000076b800000)
  object space 173568K, 9% used [0x00000006c2800000,0x00000006c37488e8,0x00000006cd180000)
 Metaspace       used 9698K, capacity 9838K, committed 10112K, reserved 1058816K
  class space    used 778K, capacity 826K, committed 896K, reserved 1048576K
}
Event: 3.514 GC heap before
{Heap before GC invocations=10 (full 0):
 PSYoungGen      total 528384K, used 507104K [0x000000076b800000, 0x000000079fa00000, 0x00000007c0000000)
  eden space 506880K, 100% used [0x000000076b800000,0x000000078a700000,0x000000078a700000)
  from space 21504K, 1% used [0x000000078a700000,0x000000078a738000,0x000000078bc00000)
  to   space 21504K, 0% used [0x000000079e500000,0x000000079e500000,0x000000079fa00000)
 ParOldGen       total 173568K, used 15650K [0x00000006c2800000, 0x00000006cd180000, 0x000000076b800000)
  object space 173568K, 9% used [0x00000006c2800000,0x00000006c37488e8,0x00000006cd180000)
 Metaspace       used 9713K, capacity 9838K, committed 10112K, reserved 1058816K
  class space    used 778K, capacity 826K, committed 896K, reserved 1048576K
Event: 3.514 GC heap after
Heap after GC invocations=10 (full 0):
 PSYoungGen      total 831488K, used 192K [0x000000076b800000, 0x000000079f900000, 0x00000007c0000000)
  eden space 811008K, 0% used [0x000000076b800000,0x000000076b800000,0x000000079d000000)
  from space 20480K, 0% used [0x000000079e500000,0x000000079e530000,0x000000079f900000)
  to   space 20992K, 0% used [0x000000079d000000,0x000000079d000000,0x000000079e480000)
 ParOldGen       total 173568K, used 15722K [0x00000006c2800000, 0x00000006cd180000, 0x000000076b800000)
  object space 173568K, 9% used [0x00000006c2800000,0x00000006c375a8e8,0x00000006cd180000)
 Metaspace       used 9713K, capacity 9838K, committed 10112K, reserved 1058816K
  class space    used 778K, capacity 826K, committed 896K, reserved 1048576K
}

Deoptimization events (10 events):
Event: 1.368 Thread 0x000000001f031000 Uncommon trap: reason=unstable_if action=reinterpret pc=0x0000000002bdd20c method=java.util.HashMap.getNode(ILjava/lang/Object;)Ljava/util/HashMap$Node; @ 129
Event: 1.368 Thread 0x000000001f031000 Uncommon trap: reason=class_check action=maybe_recompile pc=0x0000000002cbe1cc method=java.util.HashMap.putVal(ILjava/lang/Object;Ljava/lang/Object;ZZ)Ljava/lang/Object; @ 203
Event: 1.370 Thread 0x000000001f031000 Uncommon trap: reason=bimorphic action=maybe_recompile pc=0x0000000002cbe188 method=java.util.HashMap.putVal(ILjava/lang/Object;Ljava/lang/Object;ZZ)Ljava/lang/Object; @ 91
Event: 1.382 Thread 0x000000001f031000 Uncommon trap: reason=bimorphic action=maybe_recompile pc=0x0000000002cbe188 method=java.util.HashMap.putVal(ILjava/lang/Object;Ljava/lang/Object;ZZ)Ljava/lang/Object; @ 91
Event: 1.399 Thread 0x000000001f031000 Uncommon trap: reason=bimorphic action=maybe_recompile pc=0x0000000002cbe188 method=java.util.HashMap.putVal(ILjava/lang/Object;Ljava/lang/Object;ZZ)Ljava/lang/Object; @ 91
Event: 1.400 Thread 0x000000001f031000 Uncommon trap: reason=unstable_if action=reinterpret pc=0x0000000002d1b5a0 method=java.util.HashMap.getNode(ILjava/lang/Object;)Ljava/util/HashMap$Node; @ 129
Event: 1.470 Thread 0x000000001f031000 Uncommon trap: reason=unstable_if action=reinterpret pc=0x0000000002d504ac method=main.client.renderEngine.mesh.Mesh.compile(ILjava/util/List;)Lmain/client/renderEngine/mesh/Mesh; @ 347
Event: 1.524 Thread 0x000000001f031000 Uncommon trap: reason=unstable_if action=reinterpret pc=0x0000000002d70adc method=main.client.renderEngine.mesh.Mesh.compile(ILjava/util/List;)Lmain/client/renderEngine/mesh/Mesh; @ 799
Event: 1.543 Thread 0x000000001f031000 Uncommon trap: reason=unstable_if action=reinterpret pc=0x0000000002c313ac method=main.coreEngine.TickableThread.run()V @ 766
Event: 1.549 Thread 0x000000001f072800 Uncommon trap: reason=unstable_if action=reinterpret pc=0x0000000002c313ac method=main.coreEngine.TickableThread.run()V @ 766

Internal exceptions (9 events):
Event: 0.028 Thread 0x0000000002792800 Exception <a 'java/lang/NoSuchMethodError': Method sun.misc.Unsafe.defineClass(Ljava/lang/String;[BII)Ljava/lang/Class; name or signature does not match> (0x000000076b80dd40) thrown at [C:\workspace\8-2-build-windows-amd64-cygwin\jdk8u65\4987\hotspot\src\s|I©¿½½œ?
Event: 0.028 Thread 0x0000000002792800 Exception <a 'java/lang/NoSuchMethodError': Method sun.misc.Unsafe.prefetchRead(Ljava/lang/Object;J)V name or signature does not match> (0x000000076b80e028) thrown at [C:\workspace\8-2-build-windows-amd64-cygwin\jdk8u65\4987\hotspot\src\share\vm\prims\jni.^ÃÖQ®«?
Event: 0.054 Thread 0x0000000002792800 Exception <a 'java/security/PrivilegedActionException'> (0x000000076b87cb08) thrown at [C:\workspace\8-2-build-windows-amd64-cygwin\jdk8u65\4987\hotspot\src\share\vm\prims\jvm.cpp, line 1386]
Event: 0.054 Thread 0x0000000002792800 Exception <a 'java/security/PrivilegedActionException'> (0x000000076b87cd18) thrown at [C:\workspace\8-2-build-windows-amd64-cygwin\jdk8u65\4987\hotspot\src\share\vm\prims\jvm.cpp, line 1386]
Event: 0.055 Thread 0x0000000002792800 Exception <a 'java/security/PrivilegedActionException'> (0x000000076b880b60) thrown at [C:\workspace\8-2-build-windows-amd64-cygwin\jdk8u65\4987\hotspot\src\share\vm\prims\jvm.cpp, line 1386]
Event: 0.055 Thread 0x0000000002792800 Exception <a 'java/security/PrivilegedActionException'> (0x000000076b880d70) thrown at [C:\workspace\8-2-build-windows-amd64-cygwin\jdk8u65\4987\hotspot\src\share\vm\prims\jvm.cpp, line 1386]
Event: 0.735 Thread 0x000000001f031000 Implicit null exception at 0x0000000002a3d453 to 0x0000000002a3d5d1
Event: 0.735 Thread 0x000000001f031000 Implicit null exception at 0x0000000002a3dc24 to 0x0000000002a3dd91
Event: 0.880 Thread 0x0000000002792800 Implicit null exception at 0x0000000002a56ee4 to 0x0000000002a5728c

Events (10 events):
Event: 1.617 Thread 0x000000001f072800 DEOPT PACKING pc=0x0000000002d82dc6 sp=0x000000001f98f360
Event: 1.617 Thread 0x000000001f072800 DEOPT UNPACKING pc=0x00000000028d787f sp=0x000000001f98f218 mode 0
Event: 1.954 Executing VM operation: ParallelGCFailedAllocation
Event: 1.957 Executing VM operation: ParallelGCFailedAllocation done
Event: 2.716 Executing VM operation: ParallelGCFailedAllocation
Event: 2.717 Executing VM operation: ParallelGCFailedAllocation done
Event: 3.514 Executing VM operation: ParallelGCFailedAllocation
Event: 3.514 Executing VM operation: ParallelGCFailedAllocation done
Event: 4.128 Executing VM operation: EnableBiasedLocking
Event: 4.128 Executing VM operation: EnableBiasedLocking done


Dynamic libraries:
0x00007ff683ba0000 - 0x00007ff683bd7000 	C:\Program Files\Java\jdk1.8.0_65\bin\java.exe
0x00007ffde4980000 - 0x00007ffde4b41000 	C:\WINDOWS\SYSTEM32\ntdll.dll
0x00007ffde42a0000 - 0x00007ffde434d000 	C:\WINDOWS\system32\KERNEL32.DLL
0x00007ffde19f0000 - 0x00007ffde1bd8000 	C:\WINDOWS\system32\KERNELBASE.dll
0x00007ffde1e70000 - 0x00007ffde1f17000 	C:\WINDOWS\system32\ADVAPI32.dll
0x00007ffde3800000 - 0x00007ffde389d000 	C:\WINDOWS\system32\msvcrt.dll
0x00007ffde1e10000 - 0x00007ffde1e6b000 	C:\WINDOWS\system32\sechost.dll
0x00007ffde3bd0000 - 0x00007ffde3cec000 	C:\WINDOWS\system32\RPCRT4.dll
0x00007ffde3fe0000 - 0x00007ffde4136000 	C:\WINDOWS\system32\USER32.dll
0x00007ffde3cf0000 - 0x00007ffde3e76000 	C:\WINDOWS\system32\GDI32.dll
0x00007ffddd690000 - 0x00007ffddd904000 	C:\WINDOWS\WinSxS\amd64_microsoft.windows.common-controls_6595b64144ccf1df_6.0.10586.0_none_8c15ae12515e1c22\COMCTL32.dll
0x00007ffde3950000 - 0x00007ffde3bcd000 	C:\WINDOWS\system32\combase.dll
0x00007ffde1cf0000 - 0x00007ffde1d5a000 	C:\WINDOWS\system32\bcryptPrimitives.dll
0x00007ffde1dc0000 - 0x00007ffde1dfb000 	C:\WINDOWS\system32\IMM32.DLL
0x0000000070c90000 - 0x0000000070d62000 	C:\Program Files\Java\jdk1.8.0_65\jre\bin\msvcr100.dll
0x0000000070400000 - 0x0000000070c89000 	C:\Program Files\Java\jdk1.8.0_65\jre\bin\server\jvm.dll
0x00007ffde4290000 - 0x00007ffde4298000 	C:\WINDOWS\system32\PSAPI.DLL
0x00007ffdd8550000 - 0x00007ffdd8559000 	C:\WINDOWS\SYSTEM32\WSOCK32.dll
0x00007ffddd9c0000 - 0x00007ffddd9ca000 	C:\WINDOWS\SYSTEM32\VERSION.dll
0x00007ffddf730000 - 0x00007ffddf753000 	C:\WINDOWS\SYSTEM32\WINMM.dll
0x00007ffde4470000 - 0x00007ffde44db000 	C:\WINDOWS\system32\WS2_32.dll
0x00007ffddf6d0000 - 0x00007ffddf6fc000 	C:\WINDOWS\SYSTEM32\WINMMBASE.dll
0x00007ffde1be0000 - 0x00007ffde1c23000 	C:\WINDOWS\system32\cfgmgr32.dll
0x00000000703f0000 - 0x00000000703ff000 	C:\Program Files\Java\jdk1.8.0_65\jre\bin\verify.dll
0x00000000703c0000 - 0x00000000703e9000 	C:\Program Files\Java\jdk1.8.0_65\jre\bin\java.dll
0x0000000070370000 - 0x0000000070393000 	C:\Program Files\Java\jdk1.8.0_65\jre\bin\instrument.dll
0x00000000703a0000 - 0x00000000703b6000 	C:\Program Files\Java\jdk1.8.0_65\jre\bin\zip.dll
0x00007ffde1f80000 - 0x00007ffde34dc000 	C:\WINDOWS\system32\SHELL32.dll
0x00007ffde11d0000 - 0x00007ffde1815000 	C:\WINDOWS\system32\windows.storage.dll
0x00007ffde36b0000 - 0x00007ffde3702000 	C:\WINDOWS\system32\shlwapi.dll
0x00007ffde0fb0000 - 0x00007ffde0fbf000 	C:\WINDOWS\system32\kernel.appcore.dll
0x00007ffde1c30000 - 0x00007ffde1ce5000 	C:\WINDOWS\system32\shcore.dll
0x00007ffde0fc0000 - 0x00007ffde100b000 	C:\WINDOWS\system32\powrprof.dll
0x00007ffde0f80000 - 0x00007ffde0f94000 	C:\WINDOWS\system32\profapi.dll
0x00007ffddf7d0000 - 0x00007ffddf7e0000 	D:\Program Files (x86)\JetBrains\IntelliJ IDEA 2016.1\bin\breakgen64.dll
0x0000000070350000 - 0x000000007036a000 	C:\Program Files\Java\jdk1.8.0_65\jre\bin\net.dll
0x00007ffde08b0000 - 0x00007ffde090c000 	C:\WINDOWS\system32\mswsock.dll
0x00007ffdc20e0000 - 0x00007ffdc2168000 	D:\Code\Java\Projects\WireEngine20\lib\native\lwjgl.dll
0x00007ffde0a80000 - 0x00007ffde0a8b000 	C:\WINDOWS\SYSTEM32\CRYPTBASE.DLL
0x00007ffdcfd10000 - 0x00007ffdcfd52000 	D:\Code\Java\Projects\WireEngine20\lib\native\jemalloc.dll
0x00007ffdc2040000 - 0x00007ffdc2078000 	D:\Code\Java\Projects\WireEngine20\lib\native\glfw.dll
0x00007ffddf850000 - 0x00007ffddf8e6000 	C:\WINDOWS\system32\uxtheme.dll
0x00007ffdde650000 - 0x00007ffdde672000 	C:\WINDOWS\SYSTEM32\dwmapi.dll
0x00007ffdc8b70000 - 0x00007ffdc8c99000 	C:\WINDOWS\SYSTEM32\opengl32.dll
0x00007ffdcc520000 - 0x00007ffdcc61a000 	C:\WINDOWS\SYSTEM32\DDRAW.dll
0x00007ffdd9dd0000 - 0x00007ffdd9dfe000 	C:\WINDOWS\SYSTEM32\GLU32.dll
0x00007ffdd9f70000 - 0x00007ffdd9f78000 	C:\WINDOWS\SYSTEM32\DCIMAN32.dll
0x00007ffde3e80000 - 0x00007ffde3fda000 	C:\WINDOWS\system32\MSCTF.dll
0x00007ffdcc740000 - 0x00007ffdcc789000 	C:\Program Files (x86)\TeamViewer\tv_x64.dll
0x00007ffde4140000 - 0x00007ffde4283000 	C:\WINDOWS\system32\ole32.dll
0x000000006e5e0000 - 0x0000000070329000 	C:\WINDOWS\SYSTEM32\nvoglv64.DLL
0x00007ffde4550000 - 0x00007ffde4979000 	C:\WINDOWS\system32\SETUPAPI.dll
0x00007ffddf2f0000 - 0x00007ffddf303000 	C:\WINDOWS\SYSTEM32\WTSAPI32.dll
0x00007ffddf9a0000 - 0x00007ffddf9c7000 	C:\WINDOWS\SYSTEM32\DEVOBJ.dll
0x00007ffde1170000 - 0x00007ffde11c5000 	C:\WINDOWS\system32\WINTRUST.dll
0x00007ffde0fa0000 - 0x00007ffde0fb0000 	C:\WINDOWS\system32\MSASN1.dll
0x00007ffde1820000 - 0x00007ffde19e7000 	C:\WINDOWS\system32\CRYPT32.dll
0x00007ffde04d0000 - 0x00007ffde0501000 	C:\WINDOWS\SYSTEM32\ntmarta.dll
0x00007ffde0220000 - 0x00007ffde0276000 	C:\WINDOWS\SYSTEM32\WINSTA.dll
0x00007ffde38a0000 - 0x00007ffde3947000 	C:\WINDOWS\system32\clbcatq.dll
0x00007ffdd43c0000 - 0x00007ffdd43e5000 	C:\Program Files (x86)\Samsung\Easy Printer Manager\SmartScreenPrint\CDAKEYMonitor64.dll
0x00007ffde3730000 - 0x00007ffde37f1000 	C:\WINDOWS\system32\OLEAUT32.dll
0x00007ffdb9de0000 - 0x00007ffdb9f6c000 	C:\WINDOWS\SYSTEM32\dbghelp.dll

VM Arguments:
jvm_args: -Djava.library.path=lib/native/ -javaagent:D:\Program Files (x86)\JetBrains\IntelliJ IDEA 2016.1\lib\coverage-agent.jar=C:\Users\Kelan\AppData\Local\Temp\coverageargs -Didea.launcher.port=7532 -Didea.launcher.bin.path=D:\Program Files (x86)\JetBrains\IntelliJ IDEA 2016.1\bin -Dfile.encoding=UTF-8 
java_command: com.intellij.rt.execution.application.AppMain main.Main
java_class_path (initial): C:\Program Files\Java\jdk1.8.0_65\jre\lib\charsets.jar;C:\Program Files\Java\jdk1.8.0_65\jre\lib\deploy.jar;C:\Program Files\Java\jdk1.8.0_65\jre\lib\ext\access-bridge-64.jar;C:\Program Files\Java\jdk1.8.0_65\jre\lib\ext\cldrdata.jar;C:\Program Files\Java\jdk1.8.0_65\jre\lib\ext\dnsns.jar;C:\Program Files\Java\jdk1.8.0_65\jre\lib\ext\jaccess.jar;C:\Program Files\Java\jdk1.8.0_65\jre\lib\ext\jfxrt.jar;C:\Program Files\Java\jdk1.8.0_65\jre\lib\ext\localedata.jar;C:\Program Files\Java\jdk1.8.0_65\jre\lib\ext\nashorn.jar;C:\Program Files\Java\jdk1.8.0_65\jre\lib\ext\sunec.jar;C:\Program Files\Java\jdk1.8.0_65\jre\lib\ext\sunjce_provider.jar;C:\Program Files\Java\jdk1.8.0_65\jre\lib\ext\sunmscapi.jar;C:\Program Files\Java\jdk1.8.0_65\jre\lib\ext\sunpkcs11.jar;C:\Program Files\Java\jdk1.8.0_65\jre\lib\ext\zipfs.jar;C:\Program Files\Java\jdk1.8.0_65\jre\lib\javaws.jar;C:\Program Files\Java\jdk1.8.0_65\jre\lib\jce.jar;C:\Program Files\Java\jdk1.8.0_65\jre\lib\jfr.jar;C:\Program Files\Java\jdk1.8.0_65\jre\lib\jfxswt.jar;C:\Program Files\Java\jdk1.8.0_65\jre\lib\jsse.jar;C:\Program Files\Java\jdk1.8.0_65\jre\lib\management-agent.jar;C:\Program Files\Java\jdk1.8.0_65\jre\lib\plugin.jar;C:\Program Files\Java\jdk1.8.0_65\jre\lib\resources.jar;C:\Program Files\Java\jdk1.8.0_65\jre\lib\rt.jar;D:\Code\Java\Projects\WireEngine20\out\production\WireEngine20;D:\Code\Java\Projects\WireEngine20\lib\jar\lwjgl.jar;D:\Program Files (x86)\JetBrains\IntelliJ IDEA 2016.1\lib\idea_rt.jar;D:\Program Files (x86)\JetBrains\IntelliJ IDEA 2016.1\lib\coverage-agent.jar
Launcher Type: SUN_STANDARD

Environment Variables:
JAVA_HOME=C:\Program Files\Java\jdk1.8.0_65
PATH=C:\ProgramData\Oracle\Java\javapath;C:\Program Files (x86)\Razer Chroma SDK\bin;C:\Program Files\Razer Chroma SDK\bin;C:\Program Files (x86)\NVIDIA Corporation\PhysX\Common;C:\Program Files (x86)\Intel\iCLS Client\;C:\Program Files\Intel\iCLS Client\;C:\Windows\system32;C:\Windows;C:\Windows\System32\Wbem;C:\Windows\System32\WindowsPowerShell\v1.0\;C:\Program Files\Intel\Intel(R) Management Engine Components\DAL;C:\Program Files (x86)\Intel\Intel(R) Management Engine Components\DAL;C:\Program Files\Intel\Intel(R) Management Engine Components\IPT;C:\Program Files (x86)\Intel\Intel(R) Management Engine Components\IPT;C:\Program Files\Java\jre1.8.0_65\bin;C:\MinGW\bin;C:\WINDOWS\system32;C:\WINDOWS;C:\WINDOWS\System32\Wbem;C:\WINDOWS\System32\WindowsPowerShell\v1.0\;D:\Program Files (x86)\CMake\bin;D:\Program Files\Programs\Python\Python35-32;D:\Program Files\Programs\Python\Python35-32\Scripts;C:\Program Files (x86)\Skype\Phone\;D:\Program Files\Programs\Python\Python35-32\Scripts\;D:\Program Files\Programs\Python\Python35-32\
USERNAME=Kelan
OS=Windows_NT
PROCESSOR_IDENTIFIER=Intel64 Family 6 Model 60 Stepping 3, GenuineIntel



---------------  S Y S T E M  ---------------

OS: Windows 10.0 , 64 bit Build 10586 (10.0.10586.0)

CPU:total 8 (4 cores per cpu, 2 threads per core) family 6 model 60 stepping 3, cmov, cx8, fxsr, mmx, sse, sse2, sse3, ssse3, sse4.1, sse4.2, popcnt, avx, avx2, aes, clmul, erms, lzcnt, ht, tsc, tscinvbit, bmi1, bmi2

Memory: 4k page, physical 16609500k(3168372k free), swap 33386716k(16785508k free)

vm_info: Java HotSpot(TM) 64-Bit Server VM (25.65-b01) for windows-amd64 JRE (1.8.0_65-b17), built on Oct  6 2015 16:39:20 by "java_re" with MS VC++ 10.0 (VS2010)

time: Mon Apr 11 19:37:42 2016
elapsed time: 4 seconds (0d 0h 0m 4s)

