#
# A fatal error has been detected by the Java Runtime Environment:
#
#  EXCEPTION_ACCESS_VIOLATION (0xc0000005) at pc=0x00007ffb31d024b9, pid=4784, tid=2256
#
# JRE version: Java(TM) SE Runtime Environment (8.0_65-b17) (build 1.8.0_65-b17)
# Java VM: Java HotSpot(TM) 64-Bit Server VM (25.65-b01 mixed mode windows-amd64 compressed oops)
# Problematic frame:
# C  [glfw.dll+0x24b9]
#
# Failed to write core dump. Minidumps are not enabled by default on client versions of Windows
#
# If you would like to submit a bug report, please visit:
#   http://bugreport.java.com/bugreport/crash.jsp
# The crash happened outside the Java Virtual Machine in native code.
# See problematic frame for where to report the bug.
#

---------------  T H R E A D  ---------------

Current thread (0x000000001e297000):  JavaThread "CLIENT" [_thread_in_native, id=2256, stack(0x000000001efa0000,0x000000001f0a0000)]

siginfo: ExceptionCode=0xc0000005, reading address 0x0000000000000000

Registers:
RAX=0x0000000000000000, RBX=0x000000001ba73030, RCX=0x0000000000000000, RDX=0x0000000000000000
RSP=0x000000001f09ea30, RBP=0x000000001f09eac0, RSI=0x0000000000000e60, RDI=0x000000000050e9e0
R8 =0x000000001f09ea28, R9 =0x000000001f09eac0, R10=0x0000000000000000, R11=0x0000000000000246
R12=0x0000000000000000, R13=0x000000001f09ead8, R14=0x000000001f09eab0, R15=0x000000001e297000
RIP=0x00007ffb31d024b9, EFLAGS=0x0000000000010283

Top of Stack: (sp=0x000000001f09ea30)
0x000000001f09ea30:   0000000000000000 0000000000000e60
0x000000001f09ea40:   000000001ba17ba8 000000001bff19a0
0x000000001f09ea50:   0000000002657d8d 0000000002ad4d0a
0x000000001f09ea60:   000000001ba73030 000000006c6caea4
0x000000001f09ea70:   000000001e297000 000000001e297000
0x000000001f09ea80:   000000001e297000 0000000000000000
0x000000001f09ea90:   000000001e25e240 000000006c655eba
0x000000001f09eaa0:   000000001f09f178 000000001f09eb38
0x000000001f09eab0:   00000006c2806310 0000000002657d8d
0x000000001f09eac0:   000000001f09eb38 0000000002657d8d
0x000000001f09ead0:   0000000002657d8d 000000000050e9e0
0x000000001f09eae0:   00000000026578a0 00007ffb31d02420
0x000000001f09eaf0:   0000000000000001 000000001f09eaf8
0x000000001f09eb00:   000000001ba8f0bc 000000001f09eb60
0x000000001f09eb10:   000000001ba910a0 0000000000000000
0x000000001f09eb20:   000000001ba8f0e8 000000001f09ead8 

Instructions: (pc=0x00007ffb31d024b9)
0x00007ffb31d02499:   48 8b cf e8 1f 3a 00 00 48 39 3d f0 d5 02 00 48
0x00007ffb31d024a9:   8d 0d e9 d5 02 00 48 8b 5c 24 30 74 08 48 8b 09
0x00007ffb31d024b9:   48 39 39 75 f8 48 8b 07 48 89 01 48 8b cf 48 83
0x00007ffb31d024c9:   c4 20 5f e9 5b fe 00 00 48 83 c4 20 5f c3 cc cc 


Register to memory mapping:

RAX=0x0000000000000000 is an unknown value
RBX={method} {0x000000001ba73038} 'invokePV' '(JJ)V' in 'org/lwjgl/system/JNI'
RCX=0x0000000000000000 is an unknown value
RDX=0x0000000000000000 is an unknown value
RSP=0x000000001f09ea30 is pointing into the stack for thread: 0x000000001e297000
RBP=0x000000001f09eac0 is pointing into the stack for thread: 0x000000001e297000
RSI=0x0000000000000e60 is an unknown value
RDI=0x000000000050e9e0 is an unknown value
R8 =0x000000001f09ea28 is pointing into the stack for thread: 0x000000001e297000
R9 =0x000000001f09eac0 is pointing into the stack for thread: 0x000000001e297000
R10=0x0000000000000000 is an unknown value
R11=0x0000000000000246 is an unknown value
R12=0x0000000000000000 is an unknown value
R13=0x000000001f09ead8 is pointing into the stack for thread: 0x000000001e297000
R14=0x000000001f09eab0 is pointing into the stack for thread: 0x000000001e297000
R15=0x000000001e297000 is a thread


Stack: [0x000000001efa0000,0x000000001f0a0000],  sp=0x000000001f09ea30,  free space=1018k
Native frames: (J=compiled Java code, j=interpreted, Vv=VM code, C=native code)
C  [glfw.dll+0x24b9]
C  0x0000000002ad4d0a

Java frames: (J=compiled Java code, j=interpreted, Vv=VM code)
J 833  org.lwjgl.system.JNI.invokePV(JJ)V (0 bytes) @ 0x0000000002ad4c84 [0x0000000002ad4c40+0x44]
j  org.lwjgl.glfw.GLFW.glfwDestroyCursor(J)V+20
j  main.client.Window.destroyWindow()V+9
j  main.coreEngine.Engine.stop()V+70
j  main.client.Window.update()V+33
J 851 C1 main.client.renderEngine.RenderEngine.render()V (60 bytes) @ 0x0000000002af109c [0x0000000002aeff60+0x113c]
J 839 C1 main.client.ClientThread.tick()V (16 bytes) @ 0x0000000002adadb4 [0x0000000002ada900+0x4b4]
j  main.coreEngine.TickableThread.run()V+469
v  ~StubRoutines::call_stub

---------------  P R O C E S S  ---------------

Java Threads: ( => current thread )
  0x000000001e298800 JavaThread "SERVER" [_thread_in_Java, id=8992, stack(0x000000001f0a0000,0x000000001f1a0000)]
=>0x000000001e297000 JavaThread "CLIENT" [_thread_in_native, id=2256, stack(0x000000001efa0000,0x000000001f0a0000)]
  0x000000001e197800 JavaThread "Service Thread" daemon [_thread_blocked, id=10616, stack(0x000000001eda0000,0x000000001eea0000)]
  0x000000001e101000 JavaThread "C1 CompilerThread3" daemon [_thread_blocked, id=4900, stack(0x000000001eca0000,0x000000001eda0000)]
  0x000000001e0fa000 JavaThread "C2 CompilerThread2" daemon [_thread_blocked, id=11196, stack(0x000000001eba0000,0x000000001eca0000)]
  0x000000001e0f9000 JavaThread "C2 CompilerThread1" daemon [_thread_blocked, id=7116, stack(0x000000001eaa0000,0x000000001eba0000)]
  0x000000001e0fe000 JavaThread "C2 CompilerThread0" daemon [_thread_blocked, id=10708, stack(0x000000001e9a0000,0x000000001eaa0000)]
  0x000000001e0e4000 JavaThread "JDWP Command Reader" daemon [_thread_in_native, id=8692, stack(0x000000001e8a0000,0x000000001e9a0000)]
  0x000000001e0e3000 JavaThread "JDWP Event Helper Thread" daemon [_thread_blocked, id=2832, stack(0x000000001e7a0000,0x000000001e8a0000)]
  0x000000001e0d5800 JavaThread "JDWP Transport Listener: dt_socket" daemon [_thread_blocked, id=10416, stack(0x000000001e6a0000,0x000000001e7a0000)]
  0x000000001e0c7800 JavaThread "Attach Listener" daemon [_thread_blocked, id=8816, stack(0x000000001e5a0000,0x000000001e6a0000)]
  0x000000001e0c6800 JavaThread "Signal Dispatcher" daemon [_thread_blocked, id=3108, stack(0x000000001e4a0000,0x000000001e5a0000)]
  0x000000000264a800 JavaThread "Finalizer" daemon [_thread_blocked, id=10916, stack(0x000000001dec0000,0x000000001dfc0000)]
  0x000000001bfed800 JavaThread "Reference Handler" daemon [_thread_blocked, id=5476, stack(0x000000001ddc0000,0x000000001dec0000)]
  0x000000000254e000 JavaThread "main" [_thread_in_Java, id=9084, stack(0x0000000002390000,0x0000000002490000)]

Other Threads:
  0x000000001bfe9000 VMThread [stack: 0x000000001dcc0000,0x000000001ddc0000] [id=10256]
  0x000000001e1a9800 WatcherThread [stack: 0x000000001eea0000,0x000000001efa0000] [id=6372]

VM state:not at safepoint (normal execution)

VM Mutex/Monitor currently owned by a thread: None

Heap:
 PSYoungGen      total 989184K, used 576833K [0x000000076b800000, 0x00000007be680000, 0x00000007c0000000)
  eden space 980992K, 58% used [0x000000076b800000,0x000000078eb18740,0x00000007a7600000)
  from space 8192K, 2% used [0x00000007bd680000,0x00000007bd6b8000,0x00000007bde80000)
  to   space 7680K, 0% used [0x00000007bdf00000,0x00000007bdf00000,0x00000007be680000)
 ParOldGen       total 173568K, used 19608K [0x00000006c2800000, 0x00000006cd180000, 0x000000076b800000)
  object space 173568K, 11% used [0x00000006c2800000,0x00000006c3b26148,0x00000006cd180000)
 Metaspace       used 8392K, capacity 8774K, committed 8960K, reserved 1056768K
  class space    used 662K, capacity 690K, committed 768K, reserved 1048576K

Card table byte_map: [0x0000000011a10000,0x0000000012200000] byte_map_base: 0x000000000e3fc000

Marking Bits: (ParMarkBitMap*) 0x000000006cdaa5b0
 Begin Bits: [0x0000000012f50000, 0x0000000016eb0000)
 End Bits:   [0x0000000016eb0000, 0x000000001ae10000)

Polling page: 0x0000000000990000

CodeCache: size=245760Kb used=4751Kb max_used=4764Kb free=241008Kb
 bounds [0x0000000002650000, 0x0000000002b00000, 0x0000000011650000]
 total_blobs=1529 nmethods=871 adapters=579
 compilation: enabled

Compilation events (10 events):
Event: 8.617 Thread 0x000000001e0fa000  870  s    4       sun.misc.Cleaner::remove (89 bytes)
Event: 8.617 Thread 0x000000001e0f9000 nmethod 868 0x0000000002af4cd0 code [0x0000000002af4e20, 0x0000000002af50f8]
Event: 8.618 Thread 0x000000001e0fa000 nmethod 870 0x0000000002af4710 code [0x0000000002af4860, 0x0000000002af4b98]
Event: 8.619 Thread 0x000000001e0fe000 nmethod 869 0x0000000002af73d0 code [0x0000000002af7560, 0x0000000002af7c68]
Event: 9.028 Thread 0x000000001e0f9000  871       4       java.nio.ByteBuffer::order (48 bytes)
Event: 9.029 Thread 0x000000001e0f9000 nmethod 871 0x0000000002af83d0 code [0x0000000002af8500, 0x0000000002af8598]
Event: 9.179 Thread 0x000000001e0fa000  872       4       java.nio.ByteBuffer::<init> (45 bytes)
Event: 9.181 Thread 0x000000001e0fa000 nmethod 872 0x0000000002af6cd0 code [0x0000000002af6e20, 0x0000000002af7098]
Event: 9.245 Thread 0x000000001e0fe000  873   !   4       java.nio.DirectByteBuffer::<init> (146 bytes)
Event: 9.250 Thread 0x000000001e0fe000 nmethod 873 0x0000000002afb710 code [0x0000000002afb8e0, 0x0000000002afc308]

GC Heap History (10 events):
Event: 6.098 GC heap before
{Heap before GC invocations=15 (full 0):
 PSYoungGen      total 1248768K, used 1248512K [0x000000076b800000, 0x00000007bf680000, 0x00000007c0000000)
  eden space 1248256K, 100% used [0x000000076b800000,0x00000007b7b00000,0x00000007b7b00000)
  from space 512K, 50% used [0x00000007bf600000,0x00000007bf640000,0x00000007bf680000)
  to   space 9728K, 0% used [0x00000007be380000,0x00000007be380000,0x00000007bed00000)
 ParOldGen       total 173568K, used 19504K [0x00000006c2800000, 0x00000006cd180000, 0x000000076b800000)
  object space 173568K, 11% used [0x00000006c2800000,0x00000006c3b0c148,0x00000006cd180000)
 Metaspace       used 8384K, capacity 8774K, committed 8960K, reserved 1056768K
  class space    used 661K, capacity 690K, committed 768K, reserved 1048576K
Event: 6.098 GC heap after
Heap after GC invocations=15 (full 0):
 PSYoungGen      total 1199104K, used 256K [0x000000076b800000, 0x00000007bf680000, 0x00000007c0000000)
  eden space 1189376K, 0% used [0x000000076b800000,0x000000076b800000,0x00000007b4180000)
  from space 9728K, 2% used [0x00000007be380000,0x00000007be3c0000,0x00000007bed00000)
  to   space 9216K, 0% used [0x00000007bed80000,0x00000007bed80000,0x00000007bf680000)
 ParOldGen       total 173568K, used 19536K [0x00000006c2800000, 0x00000006cd180000, 0x000000076b800000)
  object space 173568K, 11% used [0x00000006c2800000,0x00000006c3b14148,0x00000006cd180000)
 Metaspace       used 8384K, capacity 8774K, committed 8960K, reserved 1056768K
  class space    used 661K, capacity 690K, committed 768K, reserved 1048576K
}
Event: 6.959 GC heap before
{Heap before GC invocations=16 (full 0):
 PSYoungGen      total 1199104K, used 1189632K [0x000000076b800000, 0x00000007bf680000, 0x00000007c0000000)
  eden space 1189376K, 100% used [0x000000076b800000,0x00000007b4180000,0x00000007b4180000)
  from space 9728K, 2% used [0x00000007be380000,0x00000007be3c0000,0x00000007bed00000)
  to   space 9216K, 0% used [0x00000007bed80000,0x00000007bed80000,0x00000007bf680000)
 ParOldGen       total 173568K, used 19536K [0x00000006c2800000, 0x00000006cd180000, 0x000000076b800000)
  object space 173568K, 11% used [0x00000006c2800000,0x00000006c3b14148,0x00000006cd180000)
 Metaspace       used 8384K, capacity 8774K, committed 8960K, reserved 1056768K
  class space    used 661K, capacity 690K, committed 768K, reserved 1048576K
Event: 6.959 GC heap after
Heap after GC invocations=16 (full 0):
 PSYoungGen      total 1133568K, used 224K [0x000000076b800000, 0x00000007bee00000, 0x00000007c0000000)
  eden space 1133056K, 0% used [0x000000076b800000,0x000000076b800000,0x00000007b0a80000)
  from space 512K, 43% used [0x00000007bed80000,0x00000007bedb8000,0x00000007bee00000)
  to   space 8704K, 0% used [0x00000007bdd00000,0x00000007bdd00000,0x00000007be580000)
 ParOldGen       total 173568K, used 19560K [0x00000006c2800000, 0x00000006cd180000, 0x000000076b800000)
  object space 173568K, 11% used [0x00000006c2800000,0x00000006c3b1a148,0x00000006cd180000)
 Metaspace       used 8384K, capacity 8774K, committed 8960K, reserved 1056768K
  class space    used 661K, capacity 690K, committed 768K, reserved 1048576K
}
Event: 7.807 GC heap before
{Heap before GC invocations=17 (full 0):
 PSYoungGen      total 1133568K, used 1133280K [0x000000076b800000, 0x00000007bee00000, 0x00000007c0000000)
  eden space 1133056K, 100% used [0x000000076b800000,0x00000007b0a80000,0x00000007b0a80000)
  from space 512K, 43% used [0x00000007bed80000,0x00000007bedb8000,0x00000007bee00000)
  to   space 8704K, 0% used [0x00000007bdd00000,0x00000007bdd00000,0x00000007be580000)
 ParOldGen       total 173568K, used 19560K [0x00000006c2800000, 0x00000006cd180000, 0x000000076b800000)
  object space 173568K, 11% used [0x00000006c2800000,0x00000006c3b1a148,0x00000006cd180000)
 Metaspace       used 8384K, capacity 8774K, committed 8960K, reserved 1056768K
  class space    used 661K, capacity 690K, committed 768K, reserved 1048576K
Event: 7.808 GC heap after
Heap after GC invocations=17 (full 0):
 PSYoungGen      total 1088512K, used 256K [0x000000076b800000, 0x00000007bee00000, 0x00000007c0000000)
  eden space 1079808K, 0% used [0x000000076b800000,0x000000076b800000,0x00000007ad680000)
  from space 8704K, 2% used [0x00000007bdd00000,0x00000007bdd40000,0x00000007be580000)
  to   space 8192K, 0% used [0x00000007be600000,0x00000007be600000,0x00000007bee00000)
 ParOldGen       total 173568K, used 19584K [0x00000006c2800000, 0x00000006cd180000, 0x000000076b800000)
  object space 173568K, 11% used [0x00000006c2800000,0x00000006c3b20148,0x00000006cd180000)
 Metaspace       used 8384K, capacity 8774K, committed 8960K, reserved 1056768K
  class space    used 661K, capacity 690K, committed 768K, reserved 1048576K
}
Event: 8.616 GC heap before
{Heap before GC invocations=18 (full 0):
 PSYoungGen      total 1088512K, used 1080064K [0x000000076b800000, 0x00000007bee00000, 0x00000007c0000000)
  eden space 1079808K, 100% used [0x000000076b800000,0x00000007ad680000,0x00000007ad680000)
  from space 8704K, 2% used [0x00000007bdd00000,0x00000007bdd40000,0x00000007be580000)
  to   space 8192K, 0% used [0x00000007be600000,0x00000007be600000,0x00000007bee00000)
 ParOldGen       total 173568K, used 19584K [0x00000006c2800000, 0x00000006cd180000, 0x000000076b800000)
  object space 173568K, 11% used [0x00000006c2800000,0x00000006c3b20148,0x00000006cd180000)
 Metaspace       used 8392K, capacity 8774K, committed 8960K, reserved 1056768K
  class space    used 662K, capacity 690K, committed 768K, reserved 1048576K
Event: 8.616 GC heap after
Heap after GC invocations=18 (full 0):
 PSYoungGen      total 1029632K, used 224K [0x000000076b800000, 0x00000007be680000, 0x00000007c0000000)
  eden space 1029120K, 0% used [0x000000076b800000,0x000000076b800000,0x00000007aa500000)
  from space 512K, 43% used [0x00000007be600000,0x00000007be638000,0x00000007be680000)
  to   space 8192K, 0% used [0x00000007bd680000,0x00000007bd680000,0x00000007bde80000)
 ParOldGen       total 173568K, used 19584K [0x00000006c2800000, 0x00000006cd180000, 0x000000076b800000)
  object space 173568K, 11% used [0x00000006c2800000,0x00000006c3b20148,0x00000006cd180000)
 Metaspace       used 8392K, capacity 8774K, committed 8960K, reserved 1056768K
  class space    used 662K, capacity 690K, committed 768K, reserved 1048576K
}
Event: 9.407 GC heap before
{Heap before GC invocations=19 (full 0):
 PSYoungGen      total 1029632K, used 1029344K [0x000000076b800000, 0x00000007be680000, 0x00000007c0000000)
  eden space 1029120K, 100% used [0x000000076b800000,0x00000007aa500000,0x00000007aa500000)
  from space 512K, 43% used [0x00000007be600000,0x00000007be638000,0x00000007be680000)
  to   space 8192K, 0% used [0x00000007bd680000,0x00000007bd680000,0x00000007bde80000)
 ParOldGen       total 173568K, used 19584K [0x00000006c2800000, 0x00000006cd180000, 0x000000076b800000)
  object space 173568K, 11% used [0x00000006c2800000,0x00000006c3b20148,0x00000006cd180000)
 Metaspace       used 8392K, capacity 8774K, committed 8960K, reserved 1056768K
  class space    used 662K, capacity 690K, committed 768K, reserved 1048576K
Event: 9.407 GC heap after
Heap after GC invocations=19 (full 0):
 PSYoungGen      total 989184K, used 224K [0x000000076b800000, 0x00000007be680000, 0x00000007c0000000)
  eden space 980992K, 0% used [0x000000076b800000,0x000000076b800000,0x00000007a7600000)
  from space 8192K, 2% used [0x00000007bd680000,0x00000007bd6b8000,0x00000007bde80000)
  to   space 7680K, 0% used [0x00000007bdf00000,0x00000007bdf00000,0x00000007be680000)
 ParOldGen       total 173568K, used 19608K [0x00000006c2800000, 0x00000006cd180000, 0x000000076b800000)
  object space 173568K, 11% used [0x00000006c2800000,0x00000006c3b26148,0x00000006cd180000)
 Metaspace       used 8392K, capacity 8774K, committed 8960K, reserved 1056768K
  class space    used 662K, capacity 690K, committed 768K, reserved 1048576K
}

Deoptimization events (10 events):
Event: 1.374 Thread 0x000000001e297000 Uncommon trap: reason=class_check action=maybe_recompile pc=0x0000000002929204 method=sun.misc.FloatingDecimal.parseFloat(Ljava/lang/String;)F @ 4
Event: 1.374 Thread 0x000000001e297000 Uncommon trap: reason=class_check action=maybe_recompile pc=0x0000000002929204 method=sun.misc.FloatingDecimal.parseFloat(Ljava/lang/String;)F @ 4
Event: 1.374 Thread 0x000000001e297000 Uncommon trap: reason=class_check action=maybe_recompile pc=0x0000000002929204 method=sun.misc.FloatingDecimal.parseFloat(Ljava/lang/String;)F @ 4
Event: 1.374 Thread 0x000000001e297000 Uncommon trap: reason=class_check action=maybe_recompile pc=0x0000000002929204 method=sun.misc.FloatingDecimal.parseFloat(Ljava/lang/String;)F @ 4
Event: 1.375 Thread 0x000000001e297000 Uncommon trap: reason=unstable_if action=reinterpret pc=0x0000000002995124 method=main.client.renderEngine.mesh.MeshBuilder.processFace(Ljava/lang/String;Lmain/client/renderEngine/mesh/MeshBuilder;)Z @ 114
Event: 1.377 Thread 0x000000001e297000 Uncommon trap: reason=bimorphic action=maybe_recompile pc=0x00000000027a8c00 method=java.util.HashMap.getNode(ILjava/lang/Object;)Ljava/util/HashMap$Node; @ 126
Event: 1.434 Thread 0x000000001e297000 Uncommon trap: reason=unstable_if action=reinterpret pc=0x0000000002936eb4 method=main.coreEngine.TickableThread.run()V @ 461
Event: 1.442 Thread 0x000000001e298800 Uncommon trap: reason=unstable_if action=reinterpret pc=0x0000000002936eb4 method=main.coreEngine.TickableThread.run()V @ 461
Event: 1.444 Thread 0x000000001e297000 Uncommon trap: reason=unstable_if action=reinterpret pc=0x0000000002987f70 method=java.lang.Integer.valueOf(I)Ljava/lang/Integer; @ 10
Event: 1.451 Thread 0x000000000254e000 Uncommon trap: reason=unstable_if action=reinterpret pc=0x0000000002a5f070 method=main.coreEngine.Engine.start()V @ 163

Internal exceptions (8 events):
Event: 0.022 Thread 0x000000000254e000 Exception <a 'java/lang/NoSuchMethodError': Method sun.misc.Unsafe.defineClass(Ljava/lang/String;[BII)Ljava/lang/Class; name or signature does not match> (0x000000076b80da30) thrown at [C:\workspace\8-2-build-windows-amd64-cygwin\jdk8u65\4987\hotspot\src\sÆ—√èbñ?
Event: 0.022 Thread 0x000000000254e000 Exception <a 'java/lang/NoSuchMethodError': Method sun.misc.Unsafe.prefetchRead(Ljava/lang/Object;J)V name or signature does not match> (0x000000076b80dd18) thrown at [C:\workspace\8-2-build-windows-amd64-cygwin\jdk8u65\4987\hotspot\src\share\vm\prims\jni.0\⁄?
Event: 0.408 Thread 0x000000001e297000 Implicit null exception at 0x00000000027a9d8f to 0x00000000027aa0f5
Event: 0.408 Thread 0x000000001e297000 Exception <a 'java/security/PrivilegedActionException'> (0x000000076dc2a378) thrown at [C:\workspace\8-2-build-windows-amd64-cygwin\jdk8u65\4987\hotspot\src\share\vm\prims\jvm.cpp, line 1386]
Event: 0.408 Thread 0x000000001e297000 Exception <a 'java/security/PrivilegedActionException'> (0x000000076dc2a770) thrown at [C:\workspace\8-2-build-windows-amd64-cygwin\jdk8u65\4987\hotspot\src\share\vm\prims\jvm.cpp, line 1386]
Event: 0.408 Thread 0x000000001e297000 Exception <a 'java/security/PrivilegedActionException'> (0x000000076dc2e988) thrown at [C:\workspace\8-2-build-windows-amd64-cygwin\jdk8u65\4987\hotspot\src\share\vm\prims\jvm.cpp, line 1386]
Event: 0.409 Thread 0x000000001e297000 Exception <a 'java/security/PrivilegedActionException'> (0x000000076dc2ed80) thrown at [C:\workspace\8-2-build-windows-amd64-cygwin\jdk8u65\4987\hotspot\src\share\vm\prims\jvm.cpp, line 1386]
Event: 0.832 Thread 0x000000000254e000 Implicit null exception at 0x00000000027b7104 to 0x00000000027b76c5

Events (10 events):
Event: 6.959 Executing VM operation: ParallelGCFailedAllocation
Event: 6.960 Executing VM operation: ParallelGCFailedAllocation done
Event: 7.807 Executing VM operation: ParallelGCFailedAllocation
Event: 7.808 Executing VM operation: ParallelGCFailedAllocation done
Event: 8.328 loading class java/nio/DirectByteBuffer$1
Event: 8.329 loading class java/nio/DirectByteBuffer$1 done
Event: 8.616 Executing VM operation: ParallelGCFailedAllocation
Event: 8.616 Executing VM operation: ParallelGCFailedAllocation done
Event: 9.407 Executing VM operation: ParallelGCFailedAllocation
Event: 9.407 Executing VM operation: ParallelGCFailedAllocation done


Dynamic libraries:
0x00007ff603aa0000 - 0x00007ff603ad7000 	C:\Program Files\Java\jdk1.8.0_65\bin\java.exe
0x00007ffb48720000 - 0x00007ffb488e1000 	C:\WINDOWS\SYSTEM32\ntdll.dll
0x00007ffb48170000 - 0x00007ffb4821d000 	C:\WINDOWS\system32\KERNEL32.DLL
0x00007ffb45560000 - 0x00007ffb45748000 	C:\WINDOWS\system32\KERNELBASE.dll
0x00007ffb47a50000 - 0x00007ffb47af7000 	C:\WINDOWS\system32\ADVAPI32.dll
0x00007ffb480d0000 - 0x00007ffb4816d000 	C:\WINDOWS\system32\msvcrt.dll
0x00007ffb47b00000 - 0x00007ffb47b5b000 	C:\WINDOWS\system32\sechost.dll
0x00007ffb47700000 - 0x00007ffb4781c000 	C:\WINDOWS\system32\RPCRT4.dll
0x00007ffb485c0000 - 0x00007ffb48716000 	C:\WINDOWS\system32\USER32.dll
0x00007ffb48220000 - 0x00007ffb483a6000 	C:\WINDOWS\system32\GDI32.dll
0x00007ffb41530000 - 0x00007ffb417a4000 	C:\WINDOWS\WinSxS\amd64_microsoft.windows.common-controls_6595b64144ccf1df_6.0.10586.0_none_8c15ae12515e1c22\COMCTL32.dll
0x00007ffb45b00000 - 0x00007ffb45d7d000 	C:\WINDOWS\system32\combase.dll
0x00007ffb45920000 - 0x00007ffb4598a000 	C:\WINDOWS\system32\bcryptPrimitives.dll
0x00007ffb45f90000 - 0x00007ffb45fcb000 	C:\WINDOWS\system32\IMM32.DLL
0x000000006ce30000 - 0x000000006cf02000 	C:\Program Files\Java\jdk1.8.0_65\jre\bin\msvcr100.dll
0x000000006c5a0000 - 0x000000006ce29000 	C:\Program Files\Java\jdk1.8.0_65\jre\bin\server\jvm.dll
0x00007ffb475a0000 - 0x00007ffb475a8000 	C:\WINDOWS\system32\PSAPI.DLL
0x00007ffb3c060000 - 0x00007ffb3c069000 	C:\WINDOWS\SYSTEM32\WSOCK32.dll
0x00007ffb42fa0000 - 0x00007ffb42fc3000 	C:\WINDOWS\SYSTEM32\WINMM.dll
0x00007ffb418d0000 - 0x00007ffb418da000 	C:\WINDOWS\SYSTEM32\VERSION.dll
0x00007ffb48420000 - 0x00007ffb4848b000 	C:\WINDOWS\system32\WS2_32.dll
0x00007ffb42f40000 - 0x00007ffb42f6c000 	C:\WINDOWS\SYSTEM32\WINMMBASE.dll
0x00007ffb45ab0000 - 0x00007ffb45af3000 	C:\WINDOWS\system32\cfgmgr32.dll
0x000000006c590000 - 0x000000006c59f000 	C:\Program Files\Java\jdk1.8.0_65\jre\bin\verify.dll
0x000000006c560000 - 0x000000006c589000 	C:\Program Files\Java\jdk1.8.0_65\jre\bin\java.dll
0x000000006c520000 - 0x000000006c555000 	C:\Program Files\Java\jdk1.8.0_65\jre\bin\jdwp.dll
0x000000006c510000 - 0x000000006c518000 	C:\Program Files\Java\jdk1.8.0_65\jre\bin\npt.dll
0x000000006c4f0000 - 0x000000006c506000 	C:\Program Files\Java\jdk1.8.0_65\jre\bin\zip.dll
0x00007ffb45fd0000 - 0x00007ffb4752c000 	C:\WINDOWS\system32\SHELL32.dll
0x00007ffb44ef0000 - 0x00007ffb45535000 	C:\WINDOWS\system32\windows.storage.dll
0x00007ffb483c0000 - 0x00007ffb48412000 	C:\WINDOWS\system32\shlwapi.dll
0x00007ffb44da0000 - 0x00007ffb44daf000 	C:\WINDOWS\system32\kernel.appcore.dll
0x00007ffb459f0000 - 0x00007ffb45aa5000 	C:\WINDOWS\system32\shcore.dll
0x00007ffb44d50000 - 0x00007ffb44d9b000 	C:\WINDOWS\system32\powrprof.dll
0x00007ffb44d20000 - 0x00007ffb44d34000 	C:\WINDOWS\system32\profapi.dll
0x000000006c4e0000 - 0x000000006c4e9000 	C:\Program Files\Java\jdk1.8.0_65\jre\bin\dt_socket.dll
0x00007ffb44650000 - 0x00007ffb446ac000 	C:\WINDOWS\system32\mswsock.dll
0x00007ffb31d90000 - 0x00007ffb31e18000 	D:\Code\Java\Projects\WireEngine20\lib\native\lwjgl.dll
0x00007ffb44820000 - 0x00007ffb4482b000 	C:\WINDOWS\SYSTEM32\CRYPTBASE.DLL
0x00007ffb31d40000 - 0x00007ffb31d82000 	D:\Code\Java\Projects\WireEngine20\lib\native\jemalloc.dll
0x00007ffb31d00000 - 0x00007ffb31d38000 	D:\Code\Java\Projects\WireEngine20\lib\native\glfw.dll
0x00007ffb436a0000 - 0x00007ffb43736000 	C:\WINDOWS\system32\uxtheme.dll
0x00007ffb42950000 - 0x00007ffb42972000 	C:\WINDOWS\SYSTEM32\dwmapi.dll
0x00007ffb2da30000 - 0x00007ffb2db59000 	C:\WINDOWS\SYSTEM32\opengl32.dll
0x00007ffb3a050000 - 0x00007ffb3a07e000 	C:\WINDOWS\SYSTEM32\GLU32.dll
0x00007ffb2fd50000 - 0x00007ffb2fe4a000 	C:\WINDOWS\SYSTEM32\DDRAW.dll
0x00007ffb40230000 - 0x00007ffb40238000 	C:\WINDOWS\SYSTEM32\DCIMAN32.dll
0x00007ffb478f0000 - 0x00007ffb47a4a000 	C:\WINDOWS\system32\MSCTF.dll
0x00007ffb2cbb0000 - 0x00007ffb2cbf9000 	C:\Program Files (x86)\TeamViewer\tv_x64.dll
0x00007ffb475b0000 - 0x00007ffb476f3000 	C:\WINDOWS\system32\ole32.dll
0x000000006a790000 - 0x000000006c4d9000 	C:\WINDOWS\SYSTEM32\nvoglv64.DLL
0x00007ffb47c20000 - 0x00007ffb48049000 	C:\WINDOWS\system32\SETUPAPI.dll
0x00007ffb42d00000 - 0x00007ffb42d13000 	C:\WINDOWS\SYSTEM32\WTSAPI32.dll
0x00007ffb437f0000 - 0x00007ffb43817000 	C:\WINDOWS\SYSTEM32\DEVOBJ.dll
0x00007ffb45990000 - 0x00007ffb459e5000 	C:\WINDOWS\system32\WINTRUST.dll
0x00007ffb44d40000 - 0x00007ffb44d50000 	C:\WINDOWS\system32\MSASN1.dll
0x00007ffb45750000 - 0x00007ffb45917000 	C:\WINDOWS\system32\CRYPT32.dll
0x00007ffb44270000 - 0x00007ffb442a1000 	C:\WINDOWS\SYSTEM32\ntmarta.dll
0x00007ffb43fc0000 - 0x00007ffb44016000 	C:\WINDOWS\SYSTEM32\WINSTA.dll
0x00007ffb47b70000 - 0x00007ffb47c17000 	C:\WINDOWS\system32\clbcatq.dll
0x00007ffb3d0b0000 - 0x00007ffb3d0d5000 	C:\Program Files (x86)\Samsung\Easy Printer Manager\SmartScreenPrint\CDAKEYMonitor64.dll
0x00007ffb47820000 - 0x00007ffb478e1000 	C:\WINDOWS\system32\OLEAUT32.dll
0x00007ffb2ca20000 - 0x00007ffb2cbac000 	C:\WINDOWS\SYSTEM32\dbghelp.dll

VM Arguments:
jvm_args: -agentlib:jdwp=transport=dt_socket,address=127.0.0.1:62690,suspend=y,server=n -Djava.library.path=lib/native/ -Dfile.encoding=UTF-8 
java_command: main.Main
java_class_path (initial): C:\Program Files\Java\jdk1.8.0_65\jre\lib\charsets.jar;C:\Program Files\Java\jdk1.8.0_65\jre\lib\deploy.jar;C:\Program Files\Java\jdk1.8.0_65\jre\lib\ext\access-bridge-64.jar;C:\Program Files\Java\jdk1.8.0_65\jre\lib\ext\cldrdata.jar;C:\Program Files\Java\jdk1.8.0_65\jre\lib\ext\dnsns.jar;C:\Program Files\Java\jdk1.8.0_65\jre\lib\ext\jaccess.jar;C:\Program Files\Java\jdk1.8.0_65\jre\lib\ext\jfxrt.jar;C:\Program Files\Java\jdk1.8.0_65\jre\lib\ext\localedata.jar;C:\Program Files\Java\jdk1.8.0_65\jre\lib\ext\nashorn.jar;C:\Program Files\Java\jdk1.8.0_65\jre\lib\ext\sunec.jar;C:\Program Files\Java\jdk1.8.0_65\jre\lib\ext\sunjce_provider.jar;C:\Program Files\Java\jdk1.8.0_65\jre\lib\ext\sunmscapi.jar;C:\Program Files\Java\jdk1.8.0_65\jre\lib\ext\sunpkcs11.jar;C:\Program Files\Java\jdk1.8.0_65\jre\lib\ext\zipfs.jar;C:\Program Files\Java\jdk1.8.0_65\jre\lib\javaws.jar;C:\Program Files\Java\jdk1.8.0_65\jre\lib\jce.jar;C:\Program Files\Java\jdk1.8.0_65\jre\lib\jfr.jar;C:\Program Files\Java\jdk1.8.0_65\jre\lib\jfxswt.jar;C:\Program Files\Java\jdk1.8.0_65\jre\lib\jsse.jar;C:\Program Files\Java\jdk1.8.0_65\jre\lib\management-agent.jar;C:\Program Files\Java\jdk1.8.0_65\jre\lib\plugin.jar;C:\Program Files\Java\jdk1.8.0_65\jre\lib\resources.jar;C:\Program Files\Java\jdk1.8.0_65\jre\lib\rt.jar;D:\Code\Java\Projects\WireEngine20\out\production\WireEngine20;D:\Code\Java\Projects\WireEngine20\lib\jar\lwjgl.jar;D:\Code\Java\Projects\WireEngine20\lib\jar\slick-util.jar;D:\Program Files (x86)\JetBrains\IntelliJ IDEA 2016.1\lib\idea_rt.jar
Launcher Type: SUN_STANDARD

Environment Variables:
JAVA_HOME=C:\Program Files\Java\jdk1.8.0_65
PATH=C:\ProgramData\Oracle\Java\javapath;C:\Program Files (x86)\Razer Chroma SDK\bin;C:\Program Files\Razer Chroma SDK\bin;C:\Program Files (x86)\NVIDIA Corporation\PhysX\Common;C:\Program Files (x86)\Intel\iCLS Client\;C:\Program Files\Intel\iCLS Client\;C:\Windows\system32;C:\Windows;C:\Windows\System32\Wbem;C:\Windows\System32\WindowsPowerShell\v1.0\;C:\Program Files\Intel\Intel(R) Management Engine Components\DAL;C:\Program Files (x86)\Intel\Intel(R) Management Engine Components\DAL;C:\Program Files\Intel\Intel(R) Management Engine Components\IPT;C:\Program Files (x86)\Intel\Intel(R) Management Engine Components\IPT;C:\Program Files\Java\jre1.8.0_65\bin;C:\MinGW\bin;C:\WINDOWS\system32;C:\WINDOWS;C:\WINDOWS\System32\Wbem;C:\WINDOWS\System32\WindowsPowerShell\v1.0\;D:\Program Files (x86)\CMake\bin;D:\Program Files\Programs\Python\Python35-32;D:\Program Files\Programs\Python\Python35-32\Scripts;C:\Program Files (x86)\Skype\Phone\;D:\Program Files\Programs\Python\Python35-32\Scripts\;D:\Program Files\Programs\Python\Python35-32\
USERNAME=Kelan
OS=Windows_NT
PROCESSOR_IDENTIFIER=Intel64 Family 6 Model 60 Stepping 3, GenuineIntel



---------------  S Y S T E M  ---------------

OS: Windows 10.0 , 64 bit Build 10586 (10.0.10586.0)

CPU:total 8 (4 cores per cpu, 2 threads per core) family 6 model 60 stepping 3, cmov, cx8, fxsr, mmx, sse, sse2, sse3, ssse3, sse4.1, sse4.2, popcnt, avx, avx2, aes, clmul, erms, lzcnt, ht, tsc, tscinvbit, bmi1, bmi2

Memory: 4k page, physical 16609500k(7675828k free), swap 33386716k(21869932k free)

vm_info: Java HotSpot(TM) 64-Bit Server VM (25.65-b01) for windows-amd64 JRE (1.8.0_65-b17), built on Oct  6 2015 16:39:20 by "java_re" with MS VC++ 10.0 (VS2010)

time: Tue Apr 19 14:29:19 2016
elapsed time: 9 seconds (0d 0h 0m 9s)

