#
# A fatal error has been detected by the Java Runtime Environment:
#
#  EXCEPTION_ACCESS_VIOLATION (0xc0000005) at pc=0x00007ffdc0fe24b9, pid=12192, tid=6344
#
# JRE version: Java(TM) SE Runtime Environment (8.0_65-b17) (build 1.8.0_65-b17)
# Java VM: Java HotSpot(TM) 64-Bit Server VM (25.65-b01 mixed mode windows-amd64 compressed oops)
# Problematic frame:
# C  [glfw.dll+0x24b9]
#
# Failed to write core dump. Minidumps are not enabled by default on client versions of Windows
#
# If you would like to submit a bug report, please visit:
#   http://bugreport.java.com/bugreport/crash.jsp
# The crash happened outside the Java Virtual Machine in native code.
# See problematic frame for where to report the bug.
#

---------------  T H R E A D  ---------------

Current thread (0x000000001e1d8000):  JavaThread "CLIENT" [_thread_in_native, id=6344, stack(0x000000001eef0000,0x000000001eff0000)]

siginfo: ExceptionCode=0xc0000005, reading address 0x0000000000000000

Registers:
RAX=0x0000000000000000, RBX=0x000000001b9b6d70, RCX=0x0000000000000000, RDX=0x0000000000000000
RSP=0x000000001efeeb70, RBP=0x000000001efeec20, RSI=0x0000000000000108, RDI=0x000000000048e6f0
R8 =0x000000001efeeb68, R9 =0x000000001efeec20, R10=0x0000000000000000, R11=0x0000000000000246
R12=0x0000000000000000, R13=0x000000001b9b6d70, R14=0x000000001efeec58, R15=0x000000001e1d8000
RIP=0x00007ffdc0fe24b9, EFLAGS=0x0000000000010283

Top of Stack: (sp=0x000000001efeeb70)
0x000000001efeeb70:   000000001e1d8000 000000001e1d8000
0x000000001efeeb80:   000000001b9d0ce0 000000007052d610
0x000000001efeeb90:   0000000000000144 00000000025bdfcc
0x000000001efeeba0:   000000001b9b6d70 000000001bf41940
0x000000001efeebb0:   000000000000000e 000000001e1d8000
0x000000001efeebc0:   000000001b9d0ce0 000000007052aea4
0x000000001efeebd0:   000000001e1d8000 000000001e1d8000
0x000000001efeebe0:   000000001efeebe0 0000000000000000
0x000000001efeebf0:   000000001efeec58 000000001b9b7510
0x000000001efeec00:   0000000000000000 000000001b9b6d70
0x000000001efeec10:   0000000000000000 000000001efeec40
0x000000001efeec20:   000000001efeeca0 00000000025a7d8d
0x000000001efeec30:   00000006c2808310 00000000025b42f8
0x000000001efeec40:   000000000048e6f0 00000000025a78a0
0x000000001efeec50:   00007ffdc0fe2420 0000000000000001
0x000000001efeec60:   000000001efeec60 000000001b9d0cb4 

Instructions: (pc=0x00007ffdc0fe24b9)
0x00007ffdc0fe2499:   48 8b cf e8 1f 3a 00 00 48 39 3d f0 d5 02 00 48
0x00007ffdc0fe24a9:   8d 0d e9 d5 02 00 48 8b 5c 24 30 74 08 48 8b 09
0x00007ffdc0fe24b9:   48 39 39 75 f8 48 8b 07 48 89 01 48 8b cf 48 83
0x00007ffdc0fe24c9:   c4 20 5f e9 5b fe 00 00 48 83 c4 20 5f c3 cc cc 


Register to memory mapping:

RAX=0x0000000000000000 is an unknown value
RBX={method} {0x000000001b9b6d78} 'invokePV' '(JJ)V' in 'org/lwjgl/system/JNI'
RCX=0x0000000000000000 is an unknown value
RDX=0x0000000000000000 is an unknown value
RSP=0x000000001efeeb70 is pointing into the stack for thread: 0x000000001e1d8000
RBP=0x000000001efeec20 is pointing into the stack for thread: 0x000000001e1d8000
RSI=0x0000000000000108 is an unknown value
RDI=0x000000000048e6f0 is an unknown value
R8 =0x000000001efeeb68 is pointing into the stack for thread: 0x000000001e1d8000
R9 =0x000000001efeec20 is pointing into the stack for thread: 0x000000001e1d8000
R10=0x0000000000000000 is an unknown value
R11=0x0000000000000246 is an unknown value
R12=0x0000000000000000 is an unknown value
R13={method} {0x000000001b9b6d78} 'invokePV' '(JJ)V' in 'org/lwjgl/system/JNI'
R14=0x000000001efeec58 is pointing into the stack for thread: 0x000000001e1d8000
R15=0x000000001e1d8000 is a thread


Stack: [0x000000001eef0000,0x000000001eff0000],  sp=0x000000001efeeb70,  free space=1018k
Native frames: (J=compiled Java code, j=interpreted, Vv=VM code, C=native code)
C  [glfw.dll+0x24b9]
C  0x00000000025bdfcc

Java frames: (J=compiled Java code, j=interpreted, Vv=VM code)
j  org.lwjgl.system.JNI.invokePV(JJ)V+0
j  org.lwjgl.glfw.GLFW.glfwDestroyCursor(J)V+20
j  main.client.Window.destroyWindow()V+9
j  main.coreEngine.Engine.stop()V+70
j  main.client.Window.update()V+43
j  main.client.renderEngine.RenderEngine.render()V+29
j  main.client.ClientThread.tick()V+12
J 424% C1 main.coreEngine.TickableThread.run()V (481 bytes) @ 0x00000000027f9e5c [0x00000000027f5580+0x48dc]
v  ~StubRoutines::call_stub

---------------  P R O C E S S  ---------------

Java Threads: ( => current thread )
  0x000000001e1d9000 JavaThread "SERVER" [_thread_in_Java, id=8844, stack(0x000000001eff0000,0x000000001f0f0000)]
=>0x000000001e1d8000 JavaThread "CLIENT" [_thread_in_native, id=6344, stack(0x000000001eef0000,0x000000001eff0000)]
  0x000000001e0e9800 JavaThread "Service Thread" daemon [_thread_blocked, id=13432, stack(0x000000001ecf0000,0x000000001edf0000)]
  0x000000001e054000 JavaThread "C1 CompilerThread3" daemon [_thread_blocked, id=4864, stack(0x000000001ebf0000,0x000000001ecf0000)]
  0x000000001e047000 JavaThread "C2 CompilerThread2" daemon [_thread_blocked, id=7560, stack(0x000000001eaf0000,0x000000001ebf0000)]
  0x000000001e046800 JavaThread "C2 CompilerThread1" daemon [_thread_blocked, id=5940, stack(0x000000001e9f0000,0x000000001eaf0000)]
  0x000000001e04b000 JavaThread "C2 CompilerThread0" daemon [_thread_blocked, id=10080, stack(0x000000001e8f0000,0x000000001e9f0000)]
  0x000000001e030000 JavaThread "JDWP Command Reader" daemon [_thread_in_native, id=3824, stack(0x000000001e7f0000,0x000000001e8f0000)]
  0x000000001e02f000 JavaThread "JDWP Event Helper Thread" daemon [_thread_blocked, id=7564, stack(0x000000001e6f0000,0x000000001e7f0000)]
  0x000000001e021800 JavaThread "JDWP Transport Listener: dt_socket" daemon [_thread_blocked, id=12896, stack(0x000000001e5f0000,0x000000001e6f0000)]
  0x000000001e017800 JavaThread "Attach Listener" daemon [_thread_blocked, id=12532, stack(0x000000001e4f0000,0x000000001e5f0000)]
  0x000000001e016800 JavaThread "Signal Dispatcher" daemon [_thread_blocked, id=8248, stack(0x000000001e3f0000,0x000000001e4f0000)]
  0x00000000024fb800 JavaThread "Finalizer" daemon [_thread_blocked, id=2736, stack(0x000000001de10000,0x000000001df10000)]
  0x00000000024f5000 JavaThread "Reference Handler" daemon [_thread_blocked, id=11580, stack(0x000000001dd10000,0x000000001de10000)]
  0x0000000000cae000 JavaThread "main" [_thread_in_Java, id=124, stack(0x0000000000cf0000,0x0000000000df0000)]

Other Threads:
  0x000000001bf39800 VMThread [stack: 0x000000001dc10000,0x000000001dd10000] [id=10940]
  0x000000001e0f3800 WatcherThread [stack: 0x000000001edf0000,0x000000001eef0000] [id=1140]

VM state:not at safepoint (normal execution)

VM Mutex/Monitor currently owned by a thread: None

Heap:
 PSYoungGen      total 193024K, used 36372K [0x000000076b800000, 0x000000078ae80000, 0x00000007c0000000)
  eden space 190464K, 19% used [0x000000076b800000,0x000000076db6d3e8,0x0000000777200000)
  from space 2560K, 3% used [0x000000078a980000,0x000000078a998000,0x000000078ac00000)
  to   space 2048K, 0% used [0x000000078ac80000,0x000000078ac80000,0x000000078ae80000)
 ParOldGen       total 173568K, used 1840K [0x00000006c2800000, 0x00000006cd180000, 0x000000076b800000)
  object space 173568K, 1% used [0x00000006c2800000,0x00000006c29cc2b0,0x00000006cd180000)
 Metaspace       used 7954K, capacity 8486K, committed 8704K, reserved 1056768K
  class space    used 642K, capacity 658K, committed 768K, reserved 1048576K

Card table byte_map: [0x0000000011960000,0x0000000012150000] byte_map_base: 0x000000000e34c000

Marking Bits: (ParMarkBitMap*) 0x0000000070c0a5b0
 Begin Bits: [0x0000000012ea0000, 0x0000000016e00000)
 End Bits:   [0x0000000016e00000, 0x000000001ad60000)

Polling page: 0x0000000000ae0000

CodeCache: size=245760Kb used=2615Kb max_used=2615Kb free=243144Kb
 bounds [0x00000000025a0000, 0x0000000002840000, 0x00000000115a0000]
 total_blobs=1117 nmethods=474 adapters=564
 compilation: enabled

Compilation events (10 events):
Event: 1.858 Thread 0x000000001e054000  469       3       org.lwjgl.opengl.GL11::glDisableClientState (24 bytes)
Event: 1.859 Thread 0x000000001e054000 nmethod 469 0x0000000002814990 code [0x0000000002814ba0, 0x0000000002815428]
Event: 2.174 Thread 0x000000001e054000  470       3       org.lwjgl.glfw.GLFW::getInstance (4 bytes)
Event: 2.174 Thread 0x000000001e054000 nmethod 470 0x0000000002812e50 code [0x0000000002812fa0, 0x00000000028130d0]
Event: 2.207 Thread 0x000000001e054000  472       3       main.coreEngine.Engine::getGame (28 bytes)
Event: 2.208 Thread 0x000000001e054000 nmethod 472 0x000000000282ce90 code [0x000000000282d040, 0x000000000282d6a8]
Event: 2.235 Thread 0x000000001e054000  473   !   3       main.coreEngine.TickableThread::scheduleTick (25 bytes)
Event: 2.235 Thread 0x000000001e054000 nmethod 473 0x00000000028140d0 code [0x0000000002814240, 0x0000000002814550]
Event: 2.241 Thread 0x000000001e054000  474       3       java.lang.Enum::equals (11 bytes)
Event: 2.241 Thread 0x000000001e054000 nmethod 474 0x0000000002813c90 code [0x0000000002813de0, 0x0000000002813f90]

GC Heap History (10 events):
Event: 1.677 GC heap before
{Heap before GC invocations=11 (full 0):
 PSYoungGen      total 230400K, used 229984K [0x000000076b800000, 0x000000078b280000, 0x00000007c0000000)
  eden space 229888K, 100% used [0x000000076b800000,0x0000000779880000,0x0000000779880000)
  from space 512K, 18% used [0x000000078b200000,0x000000078b218000,0x000000078b280000)
  to   space 2560K, 0% used [0x000000078ad80000,0x000000078ad80000,0x000000078b000000)
 ParOldGen       total 173568K, used 1840K [0x00000006c2800000, 0x00000006cd180000, 0x000000076b800000)
  object space 173568K, 1% used [0x00000006c2800000,0x00000006c29cc2b0,0x00000006cd180000)
 Metaspace       used 7952K, capacity 8486K, committed 8704K, reserved 1056768K
  class space    used 642K, capacity 658K, committed 768K, reserved 1048576K
Event: 1.678 GC heap after
Heap after GC invocations=11 (full 0):
 PSYoungGen      total 223744K, used 64K [0x000000076b800000, 0x000000078b280000, 0x00000007c0000000)
  eden space 221184K, 0% used [0x000000076b800000,0x000000076b800000,0x0000000779000000)
  from space 2560K, 2% used [0x000000078ad80000,0x000000078ad90000,0x000000078b000000)
  to   space 2560K, 0% used [0x000000078b000000,0x000000078b000000,0x000000078b280000)
 ParOldGen       total 173568K, used 1840K [0x00000006c2800000, 0x00000006cd180000, 0x000000076b800000)
  object space 173568K, 1% used [0x00000006c2800000,0x00000006c29cc2b0,0x00000006cd180000)
 Metaspace       used 7952K, capacity 8486K, committed 8704K, reserved 1056768K
  class space    used 642K, capacity 658K, committed 768K, reserved 1048576K
}
Event: 1.856 GC heap before
{Heap before GC invocations=12 (full 0):
 PSYoungGen      total 223744K, used 221248K [0x000000076b800000, 0x000000078b280000, 0x00000007c0000000)
  eden space 221184K, 100% used [0x000000076b800000,0x0000000779000000,0x0000000779000000)
  from space 2560K, 2% used [0x000000078ad80000,0x000000078ad90000,0x000000078b000000)
  to   space 2560K, 0% used [0x000000078b000000,0x000000078b000000,0x000000078b280000)
 ParOldGen       total 173568K, used 1840K [0x00000006c2800000, 0x00000006cd180000, 0x000000076b800000)
  object space 173568K, 1% used [0x00000006c2800000,0x00000006c29cc2b0,0x00000006cd180000)
 Metaspace       used 7952K, capacity 8486K, committed 8704K, reserved 1056768K
  class space    used 642K, capacity 658K, committed 768K, reserved 1048576K
Event: 1.856 GC heap after
Heap after GC invocations=12 (full 0):
 PSYoungGen      total 213504K, used 64K [0x000000076b800000, 0x000000078b080000, 0x00000007c0000000)
  eden space 212992K, 0% used [0x000000076b800000,0x000000076b800000,0x0000000778800000)
  from space 512K, 12% used [0x000000078b000000,0x000000078b010000,0x000000078b080000)
  to   space 2560K, 0% used [0x000000078ab80000,0x000000078ab80000,0x000000078ae00000)
 ParOldGen       total 173568K, used 1840K [0x00000006c2800000, 0x00000006cd180000, 0x000000076b800000)
  object space 173568K, 1% used [0x00000006c2800000,0x00000006c29cc2b0,0x00000006cd180000)
 Metaspace       used 7952K, capacity 8486K, committed 8704K, reserved 1056768K
  class space    used 642K, capacity 658K, committed 768K, reserved 1048576K
}
Event: 2.015 GC heap before
{Heap before GC invocations=13 (full 0):
 PSYoungGen      total 213504K, used 213056K [0x000000076b800000, 0x000000078b080000, 0x00000007c0000000)
  eden space 212992K, 100% used [0x000000076b800000,0x0000000778800000,0x0000000778800000)
  from space 512K, 12% used [0x000000078b000000,0x000000078b010000,0x000000078b080000)
  to   space 2560K, 0% used [0x000000078ab80000,0x000000078ab80000,0x000000078ae00000)
 ParOldGen       total 173568K, used 1840K [0x00000006c2800000, 0x00000006cd180000, 0x000000076b800000)
  object space 173568K, 1% used [0x00000006c2800000,0x00000006c29cc2b0,0x00000006cd180000)
 Metaspace       used 7953K, capacity 8486K, committed 8704K, reserved 1056768K
  class space    used 642K, capacity 658K, committed 768K, reserved 1048576K
Event: 2.016 GC heap after
Heap after GC invocations=13 (full 0):
 PSYoungGen      total 207872K, used 96K [0x000000076b800000, 0x000000078b080000, 0x00000007c0000000)
  eden space 205312K, 0% used [0x000000076b800000,0x000000076b800000,0x0000000778080000)
  from space 2560K, 3% used [0x000000078ab80000,0x000000078ab98000,0x000000078ae00000)
  to   space 2560K, 0% used [0x000000078ae00000,0x000000078ae00000,0x000000078b080000)
 ParOldGen       total 173568K, used 1840K [0x00000006c2800000, 0x00000006cd180000, 0x000000076b800000)
  object space 173568K, 1% used [0x00000006c2800000,0x00000006c29cc2b0,0x00000006cd180000)
 Metaspace       used 7953K, capacity 8486K, committed 8704K, reserved 1056768K
  class space    used 642K, capacity 658K, committed 768K, reserved 1048576K
}
Event: 2.178 GC heap before
{Heap before GC invocations=14 (full 0):
 PSYoungGen      total 207872K, used 205408K [0x000000076b800000, 0x000000078b080000, 0x00000007c0000000)
  eden space 205312K, 100% used [0x000000076b800000,0x0000000778080000,0x0000000778080000)
  from space 2560K, 3% used [0x000000078ab80000,0x000000078ab98000,0x000000078ae00000)
  to   space 2560K, 0% used [0x000000078ae00000,0x000000078ae00000,0x000000078b080000)
 ParOldGen       total 173568K, used 1840K [0x00000006c2800000, 0x00000006cd180000, 0x000000076b800000)
  object space 173568K, 1% used [0x00000006c2800000,0x00000006c29cc2b0,0x00000006cd180000)
 Metaspace       used 7953K, capacity 8486K, committed 8704K, reserved 1056768K
  class space    used 642K, capacity 658K, committed 768K, reserved 1048576K
Event: 2.178 GC heap after
Heap after GC invocations=14 (full 0):
 PSYoungGen      total 198144K, used 64K [0x000000076b800000, 0x000000078ae80000, 0x00000007c0000000)
  eden space 197632K, 0% used [0x000000076b800000,0x000000076b800000,0x0000000777900000)
  from space 512K, 12% used [0x000000078ae00000,0x000000078ae10000,0x000000078ae80000)
  to   space 2560K, 0% used [0x000000078a980000,0x000000078a980000,0x000000078ac00000)
 ParOldGen       total 173568K, used 1840K [0x00000006c2800000, 0x00000006cd180000, 0x000000076b800000)
  object space 173568K, 1% used [0x00000006c2800000,0x00000006c29cc2b0,0x00000006cd180000)
 Metaspace       used 7953K, capacity 8486K, committed 8704K, reserved 1056768K
  class space    used 642K, capacity 658K, committed 768K, reserved 1048576K
}
Event: 2.325 GC heap before
{Heap before GC invocations=15 (full 0):
 PSYoungGen      total 198144K, used 197696K [0x000000076b800000, 0x000000078ae80000, 0x00000007c0000000)
  eden space 197632K, 100% used [0x000000076b800000,0x0000000777900000,0x0000000777900000)
  from space 512K, 12% used [0x000000078ae00000,0x000000078ae10000,0x000000078ae80000)
  to   space 2560K, 0% used [0x000000078a980000,0x000000078a980000,0x000000078ac00000)
 ParOldGen       total 173568K, used 1840K [0x00000006c2800000, 0x00000006cd180000, 0x000000076b800000)
  object space 173568K, 1% used [0x00000006c2800000,0x00000006c29cc2b0,0x00000006cd180000)
 Metaspace       used 7954K, capacity 8486K, committed 8704K, reserved 1056768K
  class space    used 642K, capacity 658K, committed 768K, reserved 1048576K
Event: 2.326 GC heap after
Heap after GC invocations=15 (full 0):
 PSYoungGen      total 193024K, used 96K [0x000000076b800000, 0x000000078ae80000, 0x00000007c0000000)
  eden space 190464K, 0% used [0x000000076b800000,0x000000076b800000,0x0000000777200000)
  from space 2560K, 3% used [0x000000078a980000,0x000000078a998000,0x000000078ac00000)
  to   space 2048K, 0% used [0x000000078ac80000,0x000000078ac80000,0x000000078ae80000)
 ParOldGen       total 173568K, used 1840K [0x00000006c2800000, 0x00000006cd180000, 0x000000076b800000)
  object space 173568K, 1% used [0x00000006c2800000,0x00000006c29cc2b0,0x00000006cd180000)
 Metaspace       used 7954K, capacity 8486K, committed 8704K, reserved 1056768K
  class space    used 642K, capacity 658K, committed 768K, reserved 1048576K
}

Deoptimization events (10 events):
Event: 0.139 Thread 0x000000001e1d8000 Uncommon trap: reason=bimorphic action=maybe_recompile pc=0x00000000026e7b34 method=java.util.HashMap.getNode(ILjava/lang/Object;)Ljava/util/HashMap$Node; @ 126
Event: 0.441 Thread 0x000000001e1d8000 Uncommon trap: reason=bimorphic action=maybe_recompile pc=0x00000000026e7b34 method=java.util.HashMap.getNode(ILjava/lang/Object;)Ljava/util/HashMap$Node; @ 126
Event: 0.442 Thread 0x000000001e1d8000 Uncommon trap: reason=bimorphic action=maybe_recompile pc=0x00000000026e7b34 method=java.util.HashMap.getNode(ILjava/lang/Object;)Ljava/util/HashMap$Node; @ 126
Event: 0.447 Thread 0x000000001e1d8000 Uncommon trap: reason=unstable_if action=reinterpret pc=0x00000000026de858 method=java.util.HashMap.keySet()Ljava/util/Set; @ 6
Event: 0.759 Thread 0x000000001e1d8000 Uncommon trap: reason=unstable_if action=reinterpret pc=0x00000000026da684 method=java.util.HashMap.clear()V @ 16
Event: 0.759 Thread 0x000000001e1d8000 Uncommon trap: reason=unstable_if action=reinterpret pc=0x00000000026e16d8 method=java.util.HashMap.clear()V @ 16
Event: 0.759 Thread 0x0000000000cae000 Uncommon trap: reason=unstable_if action=reinterpret pc=0x000000000270d8f0 method=main.coreEngine.TickableThread.invoke(Ljava/lang/String;[Ljava/lang/Object;)V @ 53
Event: 0.759 Thread 0x000000001e1d9000 Uncommon trap: reason=unstable_if action=reinterpret pc=0x000000000270acf4 method=main.coreEngine.TickableThread.run()V @ 58
Event: 0.826 Thread 0x0000000000cae000 Uncommon trap: reason=unstable_if action=reinterpret pc=0x0000000002805608 method=main.coreEngine.Engine.start()V @ 163
Event: 0.851 Thread 0x000000001e1d9000 Uncommon trap: reason=unstable_if action=reinterpret pc=0x0000000002819764 method=main.coreEngine.TickableThread.run()V @ 461

Internal exceptions (8 events):
Event: 0.026 Thread 0x0000000000cae000 Exception <a 'java/lang/NoSuchMethodError': Method sun.misc.Unsafe.defineClass(Ljava/lang/String;[BII)Ljava/lang/Class; name or signature does not match> (0x000000076b80d9b8) thrown at [C:\workspace\8-2-build-windows-amd64-cygwin\jdk8u65\4987\hotspot\src\s.Pßš?
Event: 0.026 Thread 0x0000000000cae000 Exception <a 'java/lang/NoSuchMethodError': Method sun.misc.Unsafe.prefetchRead(Ljava/lang/Object;J)V name or signature does not match> (0x000000076b80dca0) thrown at [C:\workspace\8-2-build-windows-amd64-cygwin\jdk8u65\4987\hotspot\src\share\vm\prims\jni.5¹ShY¾Ã?
Event: 0.154 Thread 0x000000001e1d8000 Exception <a 'java/lang/ArrayIndexOutOfBoundsException': -1> (0x000000076e0a9e30) thrown at [C:\workspace\8-2-build-windows-amd64-cygwin\jdk8u65\4987\hotspot\src\share\vm\interpreter\interpreterRuntime.cpp, line 366]
Event: 0.442 Thread 0x000000001e1d8000 Exception <a 'java/security/PrivilegedActionException'> (0x000000076fe01850) thrown at [C:\workspace\8-2-build-windows-amd64-cygwin\jdk8u65\4987\hotspot\src\share\vm\prims\jvm.cpp, line 1386]
Event: 0.442 Thread 0x000000001e1d8000 Exception <a 'java/security/PrivilegedActionException'> (0x000000076fe01c48) thrown at [C:\workspace\8-2-build-windows-amd64-cygwin\jdk8u65\4987\hotspot\src\share\vm\prims\jvm.cpp, line 1386]
Event: 0.442 Thread 0x000000001e1d8000 Exception <a 'java/security/PrivilegedActionException'> (0x000000076fe05e60) thrown at [C:\workspace\8-2-build-windows-amd64-cygwin\jdk8u65\4987\hotspot\src\share\vm\prims\jvm.cpp, line 1386]
Event: 0.442 Thread 0x000000001e1d8000 Exception <a 'java/security/PrivilegedActionException'> (0x000000076fe06258) thrown at [C:\workspace\8-2-build-windows-amd64-cygwin\jdk8u65\4987\hotspot\src\share\vm\prims\jvm.cpp, line 1386]
Event: 0.759 Thread 0x0000000000cae000 Implicit null exception at 0x000000000270d2fc to 0x000000000270d8c9

Events (10 events):
Event: 1.677 Executing VM operation: ParallelGCFailedAllocation
Event: 1.678 Executing VM operation: ParallelGCFailedAllocation done
Event: 1.856 Executing VM operation: ParallelGCFailedAllocation
Event: 1.856 Executing VM operation: ParallelGCFailedAllocation done
Event: 2.015 Executing VM operation: ParallelGCFailedAllocation
Event: 2.016 Executing VM operation: ParallelGCFailedAllocation done
Event: 2.178 Executing VM operation: ParallelGCFailedAllocation
Event: 2.178 Executing VM operation: ParallelGCFailedAllocation done
Event: 2.325 Executing VM operation: ParallelGCFailedAllocation
Event: 2.326 Executing VM operation: ParallelGCFailedAllocation done


Dynamic libraries:
0x00007ff7d2c20000 - 0x00007ff7d2c57000 	C:\Program Files\Java\jdk1.8.0_65\bin\java.exe
0x00007ffde4980000 - 0x00007ffde4b41000 	C:\WINDOWS\SYSTEM32\ntdll.dll
0x00007ffde42a0000 - 0x00007ffde434d000 	C:\WINDOWS\system32\KERNEL32.DLL
0x00007ffde19f0000 - 0x00007ffde1bd8000 	C:\WINDOWS\system32\KERNELBASE.dll
0x00007ffde1e70000 - 0x00007ffde1f17000 	C:\WINDOWS\system32\ADVAPI32.dll
0x00007ffde3800000 - 0x00007ffde389d000 	C:\WINDOWS\system32\msvcrt.dll
0x00007ffde1e10000 - 0x00007ffde1e6b000 	C:\WINDOWS\system32\sechost.dll
0x00007ffde3bd0000 - 0x00007ffde3cec000 	C:\WINDOWS\system32\RPCRT4.dll
0x00007ffde3fe0000 - 0x00007ffde4136000 	C:\WINDOWS\system32\USER32.dll
0x00007ffde3cf0000 - 0x00007ffde3e76000 	C:\WINDOWS\system32\GDI32.dll
0x00007ffddd690000 - 0x00007ffddd904000 	C:\WINDOWS\WinSxS\amd64_microsoft.windows.common-controls_6595b64144ccf1df_6.0.10586.0_none_8c15ae12515e1c22\COMCTL32.dll
0x00007ffde3950000 - 0x00007ffde3bcd000 	C:\WINDOWS\system32\combase.dll
0x00007ffde1cf0000 - 0x00007ffde1d5a000 	C:\WINDOWS\system32\bcryptPrimitives.dll
0x00007ffde1dc0000 - 0x00007ffde1dfb000 	C:\WINDOWS\system32\IMM32.DLL
0x0000000070c90000 - 0x0000000070d62000 	C:\Program Files\Java\jdk1.8.0_65\jre\bin\msvcr100.dll
0x0000000070400000 - 0x0000000070c89000 	C:\Program Files\Java\jdk1.8.0_65\jre\bin\server\jvm.dll
0x00007ffde4290000 - 0x00007ffde4298000 	C:\WINDOWS\system32\PSAPI.DLL
0x00007ffdd8550000 - 0x00007ffdd8559000 	C:\WINDOWS\SYSTEM32\WSOCK32.dll
0x00007ffddf730000 - 0x00007ffddf753000 	C:\WINDOWS\SYSTEM32\WINMM.dll
0x00007ffddd9c0000 - 0x00007ffddd9ca000 	C:\WINDOWS\SYSTEM32\VERSION.dll
0x00007ffde4470000 - 0x00007ffde44db000 	C:\WINDOWS\system32\WS2_32.dll
0x00007ffddf6d0000 - 0x00007ffddf6fc000 	C:\WINDOWS\SYSTEM32\WINMMBASE.dll
0x00007ffde1be0000 - 0x00007ffde1c23000 	C:\WINDOWS\system32\cfgmgr32.dll
0x00000000703f0000 - 0x00000000703ff000 	C:\Program Files\Java\jdk1.8.0_65\jre\bin\verify.dll
0x00000000703c0000 - 0x00000000703e9000 	C:\Program Files\Java\jdk1.8.0_65\jre\bin\java.dll
0x0000000070380000 - 0x00000000703b5000 	C:\Program Files\Java\jdk1.8.0_65\jre\bin\jdwp.dll
0x0000000070370000 - 0x0000000070378000 	C:\Program Files\Java\jdk1.8.0_65\jre\bin\npt.dll
0x0000000070350000 - 0x0000000070366000 	C:\Program Files\Java\jdk1.8.0_65\jre\bin\zip.dll
0x00007ffde1f80000 - 0x00007ffde34dc000 	C:\WINDOWS\system32\SHELL32.dll
0x00007ffde11d0000 - 0x00007ffde1815000 	C:\WINDOWS\system32\windows.storage.dll
0x00007ffde36b0000 - 0x00007ffde3702000 	C:\WINDOWS\system32\shlwapi.dll
0x00007ffde0fb0000 - 0x00007ffde0fbf000 	C:\WINDOWS\system32\kernel.appcore.dll
0x00007ffde1c30000 - 0x00007ffde1ce5000 	C:\WINDOWS\system32\shcore.dll
0x00007ffde0fc0000 - 0x00007ffde100b000 	C:\WINDOWS\system32\powrprof.dll
0x00007ffde0f80000 - 0x00007ffde0f94000 	C:\WINDOWS\system32\profapi.dll
0x0000000070340000 - 0x0000000070349000 	C:\Program Files\Java\jdk1.8.0_65\jre\bin\dt_socket.dll
0x00007ffde08b0000 - 0x00007ffde090c000 	C:\WINDOWS\system32\mswsock.dll
0x00007ffdc1020000 - 0x00007ffdc10a8000 	D:\Code\Java\Projects\WireEngine20\lib\native\lwjgl.dll
0x00007ffde0a80000 - 0x00007ffde0a8b000 	C:\WINDOWS\SYSTEM32\CRYPTBASE.DLL
0x00007ffdd4700000 - 0x00007ffdd4742000 	D:\Code\Java\Projects\WireEngine20\lib\native\jemalloc.dll
0x00007ffdc0fe0000 - 0x00007ffdc1018000 	D:\Code\Java\Projects\WireEngine20\lib\native\glfw.dll
0x00007ffddf850000 - 0x00007ffddf8e6000 	C:\WINDOWS\system32\uxtheme.dll
0x00007ffdde650000 - 0x00007ffdde672000 	C:\WINDOWS\SYSTEM32\dwmapi.dll
0x00007ffdc9d10000 - 0x00007ffdc9e39000 	C:\WINDOWS\SYSTEM32\opengl32.dll
0x00007ffdc8ba0000 - 0x00007ffdc8c9a000 	C:\WINDOWS\SYSTEM32\DDRAW.dll
0x00007ffdcc690000 - 0x00007ffdcc6be000 	C:\WINDOWS\SYSTEM32\GLU32.dll
0x00007ffdd3d80000 - 0x00007ffdd3d88000 	C:\WINDOWS\SYSTEM32\DCIMAN32.dll
0x00007ffde3e80000 - 0x00007ffde3fda000 	C:\WINDOWS\system32\MSCTF.dll
0x00007ffdc3f50000 - 0x00007ffdc3f99000 	C:\Program Files (x86)\TeamViewer\tv_x64.dll
0x00007ffde4140000 - 0x00007ffde4283000 	C:\WINDOWS\system32\ole32.dll
0x000000006e5f0000 - 0x0000000070339000 	C:\WINDOWS\SYSTEM32\nvoglv64.DLL
0x00007ffde4550000 - 0x00007ffde4979000 	C:\WINDOWS\system32\SETUPAPI.dll
0x00007ffddf2f0000 - 0x00007ffddf303000 	C:\WINDOWS\SYSTEM32\WTSAPI32.dll
0x00007ffddf9a0000 - 0x00007ffddf9c7000 	C:\WINDOWS\SYSTEM32\DEVOBJ.dll
0x00007ffde1170000 - 0x00007ffde11c5000 	C:\WINDOWS\system32\WINTRUST.dll
0x00007ffde0fa0000 - 0x00007ffde0fb0000 	C:\WINDOWS\system32\MSASN1.dll
0x00007ffde1820000 - 0x00007ffde19e7000 	C:\WINDOWS\system32\CRYPT32.dll
0x00007ffde04d0000 - 0x00007ffde0501000 	C:\WINDOWS\SYSTEM32\ntmarta.dll
0x00007ffde0220000 - 0x00007ffde0276000 	C:\WINDOWS\SYSTEM32\WINSTA.dll
0x00007ffde38a0000 - 0x00007ffde3947000 	C:\WINDOWS\system32\clbcatq.dll
0x00007ffdb9de0000 - 0x00007ffdb9f6c000 	C:\WINDOWS\SYSTEM32\dbghelp.dll

VM Arguments:
jvm_args: -agentlib:jdwp=transport=dt_socket,address=127.0.0.1:61709,suspend=y,server=n -Djava.library.path=lib/native/ -Dfile.encoding=UTF-8 
java_command: main.Main
java_class_path (initial): C:\Program Files\Java\jdk1.8.0_65\jre\lib\charsets.jar;C:\Program Files\Java\jdk1.8.0_65\jre\lib\deploy.jar;C:\Program Files\Java\jdk1.8.0_65\jre\lib\ext\access-bridge-64.jar;C:\Program Files\Java\jdk1.8.0_65\jre\lib\ext\cldrdata.jar;C:\Program Files\Java\jdk1.8.0_65\jre\lib\ext\dnsns.jar;C:\Program Files\Java\jdk1.8.0_65\jre\lib\ext\jaccess.jar;C:\Program Files\Java\jdk1.8.0_65\jre\lib\ext\jfxrt.jar;C:\Program Files\Java\jdk1.8.0_65\jre\lib\ext\localedata.jar;C:\Program Files\Java\jdk1.8.0_65\jre\lib\ext\nashorn.jar;C:\Program Files\Java\jdk1.8.0_65\jre\lib\ext\sunec.jar;C:\Program Files\Java\jdk1.8.0_65\jre\lib\ext\sunjce_provider.jar;C:\Program Files\Java\jdk1.8.0_65\jre\lib\ext\sunmscapi.jar;C:\Program Files\Java\jdk1.8.0_65\jre\lib\ext\sunpkcs11.jar;C:\Program Files\Java\jdk1.8.0_65\jre\lib\ext\zipfs.jar;C:\Program Files\Java\jdk1.8.0_65\jre\lib\javaws.jar;C:\Program Files\Java\jdk1.8.0_65\jre\lib\jce.jar;C:\Program Files\Java\jdk1.8.0_65\jre\lib\jfr.jar;C:\Program Files\Java\jdk1.8.0_65\jre\lib\jfxswt.jar;C:\Program Files\Java\jdk1.8.0_65\jre\lib\jsse.jar;C:\Program Files\Java\jdk1.8.0_65\jre\lib\management-agent.jar;C:\Program Files\Java\jdk1.8.0_65\jre\lib\plugin.jar;C:\Program Files\Java\jdk1.8.0_65\jre\lib\resources.jar;C:\Program Files\Java\jdk1.8.0_65\jre\lib\rt.jar;D:\Code\Java\Projects\WireEngine20\out\production\WireEngine20;D:\Code\Java\Projects\WireEngine20\lib\jar\lwjgl.jar;D:\Program Files (x86)\JetBrains\IntelliJ IDEA 2016.1\lib\idea_rt.jar
Launcher Type: SUN_STANDARD

Environment Variables:
JAVA_HOME=C:\Program Files\Java\jdk1.8.0_65
PATH=C:\ProgramData\Oracle\Java\javapath;C:\Program Files (x86)\Razer Chroma SDK\bin;C:\Program Files\Razer Chroma SDK\bin;C:\Program Files (x86)\NVIDIA Corporation\PhysX\Common;C:\Program Files (x86)\Intel\iCLS Client\;C:\Program Files\Intel\iCLS Client\;C:\Windows\system32;C:\Windows;C:\Windows\System32\Wbem;C:\Windows\System32\WindowsPowerShell\v1.0\;C:\Program Files\Intel\Intel(R) Management Engine Components\DAL;C:\Program Files (x86)\Intel\Intel(R) Management Engine Components\DAL;C:\Program Files\Intel\Intel(R) Management Engine Components\IPT;C:\Program Files (x86)\Intel\Intel(R) Management Engine Components\IPT;C:\Program Files\Java\jre1.8.0_65\bin;C:\MinGW\bin;C:\WINDOWS\system32;C:\WINDOWS;C:\WINDOWS\System32\Wbem;C:\WINDOWS\System32\WindowsPowerShell\v1.0\;D:\Program Files (x86)\CMake\bin;D:\Program Files\Programs\Python\Python35-32;D:\Program Files\Programs\Python\Python35-32\Scripts;C:\Program Files (x86)\Skype\Phone\;D:\Program Files\Programs\Python\Python35-32\Scripts\;D:\Program Files\Programs\Python\Python35-32\
USERNAME=Kelan
OS=Windows_NT
PROCESSOR_IDENTIFIER=Intel64 Family 6 Model 60 Stepping 3, GenuineIntel



---------------  S Y S T E M  ---------------

OS: Windows 10.0 , 64 bit Build 10586 (10.0.10586.0)

CPU:total 8 (4 cores per cpu, 2 threads per core) family 6 model 60 stepping 3, cmov, cx8, fxsr, mmx, sse, sse2, sse3, ssse3, sse4.1, sse4.2, popcnt, avx, avx2, aes, clmul, erms, lzcnt, ht, tsc, tscinvbit, bmi1, bmi2

Memory: 4k page, physical 16609500k(5349988k free), swap 33386716k(19344252k free)

vm_info: Java HotSpot(TM) 64-Bit Server VM (25.65-b01) for windows-amd64 JRE (1.8.0_65-b17), built on Oct  6 2015 16:39:20 by "java_re" with MS VC++ 10.0 (VS2010)

time: Sat Apr 09 16:53:20 2016
elapsed time: 2 seconds (0d 0h 0m 2s)

