#
# A fatal error has been detected by the Java Runtime Environment:
#
#  EXCEPTION_ACCESS_VIOLATION (0xc0000005) at pc=0x00007ffb39e424b9, pid=10868, tid=9172
#
# JRE version: Java(TM) SE Runtime Environment (8.0_65-b17) (build 1.8.0_65-b17)
# Java VM: Java HotSpot(TM) 64-Bit Server VM (25.65-b01 mixed mode windows-amd64 compressed oops)
# Problematic frame:
# C  [glfw.dll+0x24b9]
#
# Failed to write core dump. Minidumps are not enabled by default on client versions of Windows
#
# If you would like to submit a bug report, please visit:
#   http://bugreport.java.com/bugreport/crash.jsp
# The crash happened outside the Java Virtual Machine in native code.
# See problematic frame for where to report the bug.
#

---------------  T H R E A D  ---------------

Current thread (0x000000001e2a4800):  JavaThread "CLIENT" [_thread_in_native, id=9172, stack(0x000000001efa0000,0x000000001f0a0000)]

siginfo: ExceptionCode=0xc0000005, reading address 0x0000000000000000

Registers:
RAX=0x0000000000000000, RBX=0x000000001bb23030, RCX=0x0000000000000000, RDX=0x0000000000000000
RSP=0x000000001f09f1a0, RBP=0x000000001f09f258, RSI=0x0000000000000108, RDI=0x0000000000541c70
R8 =0x000000001f09f198, R9 =0x000000001f09f258, R10=0x0000000000000000, R11=0x0000000000000246
R12=0x0000000000000000, R13=0x000000001bb23030, R14=0x000000001f09f290, R15=0x000000001e2a4800
RIP=0x00007ffb39e424b9, EFLAGS=0x0000000000010287

Top of Stack: (sp=0x000000001f09f1a0)
0x000000001f09f1a0:   000000001e2a4800 000000001e2a4800
0x000000001f09f1b0:   000000001e2a4800 000000001e2a4800
0x000000001f09f1c0:   0000000000000d80 000000000271dfcc
0x000000001f09f1d0:   000000001bb23030 000000006c7e5005
0x000000001f09f1e0:   000000001bac7bf0 000000001c0a1660
0x000000001f09f1f0:   000000000000000e 000000001e2a4800
0x000000001f09f200:   000000001bb3f0e8 000000006c6faea4
0x000000001f09f210:   000000001e2a4800 000000001f09f218
0x000000001f09f220:   0000000000000000 000000001f09f290
0x000000001f09f230:   000000001bb237d0 0000000000000000
0x000000001f09f240:   000000001bb23030 0000000000000000
0x000000001f09f250:   000000001f09f278 000000001f09f2d8
0x000000001f09f260:   0000000002707d8d 00000006c2802010
0x000000001f09f270:   00000000027142f8 0000000000541c70
0x000000001f09f280:   00000000027078a0 00007ffb39e42420
0x000000001f09f290:   0000000000000001 000000001f09f298 

Instructions: (pc=0x00007ffb39e424b9)
0x00007ffb39e42499:   48 8b cf e8 1f 3a 00 00 48 39 3d f0 d5 02 00 48
0x00007ffb39e424a9:   8d 0d e9 d5 02 00 48 8b 5c 24 30 74 08 48 8b 09
0x00007ffb39e424b9:   48 39 39 75 f8 48 8b 07 48 89 01 48 8b cf 48 83
0x00007ffb39e424c9:   c4 20 5f e9 5b fe 00 00 48 83 c4 20 5f c3 cc cc 


Register to memory mapping:

RAX=0x0000000000000000 is an unknown value
RBX={method} {0x000000001bb23038} 'invokePV' '(JJ)V' in 'org/lwjgl/system/JNI'
RCX=0x0000000000000000 is an unknown value
RDX=0x0000000000000000 is an unknown value
RSP=0x000000001f09f1a0 is pointing into the stack for thread: 0x000000001e2a4800
RBP=0x000000001f09f258 is pointing into the stack for thread: 0x000000001e2a4800
RSI=0x0000000000000108 is an unknown value
RDI=0x0000000000541c70 is an unknown value
R8 =0x000000001f09f198 is pointing into the stack for thread: 0x000000001e2a4800
R9 =0x000000001f09f258 is pointing into the stack for thread: 0x000000001e2a4800
R10=0x0000000000000000 is an unknown value
R11=0x0000000000000246 is an unknown value
R12=0x0000000000000000 is an unknown value
R13={method} {0x000000001bb23038} 'invokePV' '(JJ)V' in 'org/lwjgl/system/JNI'
R14=0x000000001f09f290 is pointing into the stack for thread: 0x000000001e2a4800
R15=0x000000001e2a4800 is a thread


Stack: [0x000000001efa0000,0x000000001f0a0000],  sp=0x000000001f09f1a0,  free space=1020k
Native frames: (J=compiled Java code, j=interpreted, Vv=VM code, C=native code)
C  [glfw.dll+0x24b9]
C  0x000000000271dfcc

Java frames: (J=compiled Java code, j=interpreted, Vv=VM code)
j  org.lwjgl.system.JNI.invokePV(JJ)V+0
j  org.lwjgl.glfw.GLFW.glfwDestroyCursor(J)V+20
j  main.client.Window.destroyWindow()V+9
j  main.coreEngine.Engine.stop()V+70
j  main.client.Window.update()V+33
j  main.client.renderEngine.RenderEngine.render()V+32
j  main.client.ClientThread.tick()V+12
j  main.coreEngine.TickableThread.run()V+469
v  ~StubRoutines::call_stub

---------------  P R O C E S S  ---------------

Java Threads: ( => current thread )
  0x000000001e2a6000 JavaThread "SERVER" [_thread_in_Java, id=11336, stack(0x000000001f0a0000,0x000000001f1a0000)]
=>0x000000001e2a4800 JavaThread "CLIENT" [_thread_in_native, id=9172, stack(0x000000001efa0000,0x000000001f0a0000)]
  0x000000001e199000 JavaThread "Service Thread" daemon [_thread_blocked, id=12844, stack(0x000000001eda0000,0x000000001eea0000)]
  0x000000001e103800 JavaThread "C1 CompilerThread3" daemon [_thread_blocked, id=1240, stack(0x000000001eca0000,0x000000001eda0000)]
  0x000000001e0fb000 JavaThread "C2 CompilerThread2" daemon [_thread_blocked, id=8892, stack(0x000000001eba0000,0x000000001eca0000)]
  0x000000001e0fa000 JavaThread "C2 CompilerThread1" daemon [_thread_blocked, id=2832, stack(0x000000001eaa0000,0x000000001eba0000)]
  0x000000001e0fe800 JavaThread "C2 CompilerThread0" daemon [_thread_blocked, id=9704, stack(0x000000001e9a0000,0x000000001eaa0000)]
  0x000000001e0df800 JavaThread "JDWP Command Reader" daemon [_thread_in_native, id=5356, stack(0x000000001e8a0000,0x000000001e9a0000)]
  0x000000001e0de800 JavaThread "JDWP Event Helper Thread" daemon [_thread_blocked, id=8692, stack(0x000000001e7a0000,0x000000001e8a0000)]
  0x000000001e0dc800 JavaThread "JDWP Transport Listener: dt_socket" daemon [_thread_blocked, id=2076, stack(0x000000001e6a0000,0x000000001e7a0000)]
  0x000000001e0c7000 JavaThread "Attach Listener" daemon [_thread_blocked, id=12492, stack(0x000000001e5a0000,0x000000001e6a0000)]
  0x000000001e0c6000 JavaThread "Signal Dispatcher" daemon [_thread_blocked, id=11024, stack(0x000000001e4a0000,0x000000001e5a0000)]
  0x00000000026fb000 JavaThread "Finalizer" daemon [_thread_blocked, id=1716, stack(0x000000001dfa0000,0x000000001e0a0000)]
  0x000000001c09d000 JavaThread "Reference Handler" daemon [_thread_blocked, id=9436, stack(0x000000001dea0000,0x000000001dfa0000)]
  0x000000000240e000 JavaThread "main" [_thread_in_Java, id=9620, stack(0x0000000002500000,0x0000000002600000)]

Other Threads:
  0x000000001c099000 VMThread [stack: 0x000000001dda0000,0x000000001dea0000] [id=5164]
  0x000000001e1a3800 WatcherThread [stack: 0x000000001eea0000,0x000000001efa0000] [id=10084]

VM state:not at safepoint (normal execution)

VM Mutex/Monitor currently owned by a thread: None

Heap:
 PSYoungGen      total 550400K, used 499592K [0x000000076b800000, 0x0000000793980000, 0x00000007c0000000)
  eden space 549888K, 90% used [0x000000076b800000,0x0000000789fa2330,0x000000078d100000)
  from space 512K, 50% used [0x0000000793900000,0x0000000793940000,0x0000000793980000)
  to   space 5120K, 0% used [0x0000000792f80000,0x0000000792f80000,0x0000000793480000)
 ParOldGen       total 173568K, used 11468K [0x00000006c2800000, 0x00000006cd180000, 0x000000076b800000)
  object space 173568K, 6% used [0x00000006c2800000,0x00000006c3333060,0x00000006cd180000)
 Metaspace       used 8383K, capacity 8774K, committed 8960K, reserved 1056768K
  class space    used 661K, capacity 690K, committed 768K, reserved 1048576K

Card table byte_map: [0x0000000011ac0000,0x00000000122b0000] byte_map_base: 0x000000000e4ac000

Marking Bits: (ParMarkBitMap*) 0x000000006cdda5b0
 Begin Bits: [0x0000000013000000, 0x0000000016f60000)
 End Bits:   [0x0000000016f60000, 0x000000001aec0000)

Polling page: 0x0000000000990000

CodeCache: size=245760Kb used=4439Kb max_used=4450Kb free=241320Kb
 bounds [0x0000000002700000, 0x0000000002b60000, 0x0000000011700000]
 total_blobs=1482 nmethods=824 adapters=579
 compilation: enabled

Compilation events (10 events):
Event: 4.271 Thread 0x000000001e103800  821       3       main.coreEngine.sceneGraph.components.ControllerComponent::input (675 bytes)
Event: 4.275 Thread 0x000000001e103800 nmethod 821 0x0000000002b4e450 code [0x0000000002b4ec60, 0x0000000002b554f8]
Event: 4.288 Thread 0x000000001e0fe800  823       4       org.lwjgl.opengl.GL20::getInstance (7 bytes)
Event: 4.290 Thread 0x000000001e0fe800 nmethod 823 0x0000000002b5ad10 code [0x0000000002b5ae60, 0x0000000002b5aff8]
Event: 4.321 Thread 0x000000001e0fb000  824       4       main.coreEngine.util.maths.Matrix4f::setIdentity (82 bytes)
Event: 4.322 Thread 0x000000001e0fb000 nmethod 824 0x0000000002b25850 code [0x0000000002b25980, 0x0000000002b25a38]
Event: 4.504 Thread 0x000000001e0fa000  825       4       java.nio.Bits::byteOrder (20 bytes)
Event: 4.505 Thread 0x000000001e0fa000 nmethod 825 0x0000000002ad64d0 code [0x0000000002ad6600, 0x0000000002ad6658]
Event: 4.639 Thread 0x000000001e0fe800  826       4       java.nio.Buffer::limit (62 bytes)
Event: 4.640 Thread 0x000000001e0fe800 nmethod 826 0x0000000002b5b350 code [0x0000000002b5b4a0, 0x0000000002b5b578]

GC Heap History (10 events):
Event: 2.377 GC heap before
{Heap before GC invocations=12 (full 0):
 PSYoungGen      total 418304K, used 412832K [0x000000076b800000, 0x0000000794800000, 0x00000007c0000000)
  eden space 412672K, 100% used [0x000000076b800000,0x0000000784b00000,0x0000000784b00000)
  from space 5632K, 2% used [0x0000000784b00000,0x0000000784b28000,0x0000000785080000)
  to   space 5632K, 0% used [0x0000000794280000,0x0000000794280000,0x0000000794800000)
 ParOldGen       total 173568K, used 11364K [0x00000006c2800000, 0x00000006cd180000, 0x000000076b800000)
  object space 173568K, 6% used [0x00000006c2800000,0x00000006c3319060,0x00000006cd180000)
 Metaspace       used 8341K, capacity 8710K, committed 8960K, reserved 1056768K
  class space    used 661K, capacity 690K, committed 768K, reserved 1048576K
Event: 2.378 GC heap after
Heap after GC invocations=12 (full 0):
 PSYoungGen      total 666112K, used 192K [0x000000076b800000, 0x0000000794800000, 0x00000007c0000000)
  eden space 660480K, 0% used [0x000000076b800000,0x000000076b800000,0x0000000793d00000)
  from space 5632K, 3% used [0x0000000794280000,0x00000007942b0000,0x0000000794800000)
  to   space 5632K, 0% used [0x0000000793d00000,0x0000000793d00000,0x0000000794280000)
 ParOldGen       total 173568K, used 11412K [0x00000006c2800000, 0x00000006cd180000, 0x000000076b800000)
  object space 173568K, 6% used [0x00000006c2800000,0x00000006c3325060,0x00000006cd180000)
 Metaspace       used 8341K, capacity 8710K, committed 8960K, reserved 1056768K
  class space    used 661K, capacity 690K, committed 768K, reserved 1048576K
}
Event: 2.912 GC heap before
{Heap before GC invocations=13 (full 0):
 PSYoungGen      total 666112K, used 660672K [0x000000076b800000, 0x0000000794800000, 0x00000007c0000000)
  eden space 660480K, 100% used [0x000000076b800000,0x0000000793d00000,0x0000000793d00000)
  from space 5632K, 3% used [0x0000000794280000,0x00000007942b0000,0x0000000794800000)
  to   space 5632K, 0% used [0x0000000793d00000,0x0000000793d00000,0x0000000794280000)
 ParOldGen       total 173568K, used 11412K [0x00000006c2800000, 0x00000006cd180000, 0x000000076b800000)
  object space 173568K, 6% used [0x00000006c2800000,0x00000006c3325060,0x00000006cd180000)
 Metaspace       used 8360K, capacity 8774K, committed 8960K, reserved 1056768K
  class space    used 661K, capacity 690K, committed 768K, reserved 1048576K
Event: 2.913 GC heap after
Heap after GC invocations=13 (full 0):
 PSYoungGen      total 631296K, used 160K [0x000000076b800000, 0x0000000794300000, 0x00000007c0000000)
  eden space 630784K, 0% used [0x000000076b800000,0x000000076b800000,0x0000000792000000)
  from space 512K, 31% used [0x0000000793d00000,0x0000000793d28000,0x0000000793d80000)
  to   space 5632K, 0% used [0x0000000793d80000,0x0000000793d80000,0x0000000794300000)
 ParOldGen       total 173568K, used 11460K [0x00000006c2800000, 0x00000006cd180000, 0x000000076b800000)
  object space 173568K, 6% used [0x00000006c2800000,0x00000006c3331060,0x00000006cd180000)
 Metaspace       used 8360K, capacity 8774K, committed 8960K, reserved 1056768K
  class space    used 661K, capacity 690K, committed 768K, reserved 1048576K
}
Event: 3.386 GC heap before
{Heap before GC invocations=14 (full 0):
 PSYoungGen      total 631296K, used 630944K [0x000000076b800000, 0x0000000794300000, 0x00000007c0000000)
  eden space 630784K, 100% used [0x000000076b800000,0x0000000792000000,0x0000000792000000)
  from space 512K, 31% used [0x0000000793d00000,0x0000000793d28000,0x0000000793d80000)
  to   space 5632K, 0% used [0x0000000793d80000,0x0000000793d80000,0x0000000794300000)
 ParOldGen       total 173568K, used 11460K [0x00000006c2800000, 0x00000006cd180000, 0x000000076b800000)
  object space 173568K, 6% used [0x00000006c2800000,0x00000006c3331060,0x00000006cd180000)
 Metaspace       used 8368K, capacity 8774K, committed 8960K, reserved 1056768K
  class space    used 661K, capacity 690K, committed 768K, reserved 1048576K
Event: 3.387 GC heap after
Heap after GC invocations=14 (full 0):
 PSYoungGen      total 603136K, used 96K [0x000000076b800000, 0x0000000793e00000, 0x00000007c0000000)
  eden space 602624K, 0% used [0x000000076b800000,0x000000076b800000,0x0000000790480000)
  from space 512K, 18% used [0x0000000793d80000,0x0000000793d98000,0x0000000793e00000)
  to   space 5632K, 0% used [0x0000000793300000,0x0000000793300000,0x0000000793880000)
 ParOldGen       total 173568K, used 11468K [0x00000006c2800000, 0x00000006cd180000, 0x000000076b800000)
  object space 173568K, 6% used [0x00000006c2800000,0x00000006c3333060,0x00000006cd180000)
 Metaspace       used 8368K, capacity 8774K, committed 8960K, reserved 1056768K
  class space    used 661K, capacity 690K, committed 768K, reserved 1048576K
}
Event: 3.836 GC heap before
{Heap before GC invocations=15 (full 0):
 PSYoungGen      total 603136K, used 602720K [0x000000076b800000, 0x0000000793e00000, 0x00000007c0000000)
  eden space 602624K, 100% used [0x000000076b800000,0x0000000790480000,0x0000000790480000)
  from space 512K, 18% used [0x0000000793d80000,0x0000000793d98000,0x0000000793e00000)
  to   space 5632K, 0% used [0x0000000793300000,0x0000000793300000,0x0000000793880000)
 ParOldGen       total 173568K, used 11468K [0x00000006c2800000, 0x00000006cd180000, 0x000000076b800000)
  object space 173568K, 6% used [0x00000006c2800000,0x00000006c3333060,0x00000006cd180000)
 Metaspace       used 8373K, capacity 8774K, committed 8960K, reserved 1056768K
  class space    used 661K, capacity 690K, committed 768K, reserved 1048576K
Event: 3.837 GC heap after
Heap after GC invocations=15 (full 0):
 PSYoungGen      total 581120K, used 96K [0x000000076b800000, 0x0000000793e00000, 0x00000007c0000000)
  eden space 575488K, 0% used [0x000000076b800000,0x000000076b800000,0x000000078ea00000)
  from space 5632K, 1% used [0x0000000793300000,0x0000000793318000,0x0000000793880000)
  to   space 5120K, 0% used [0x0000000793900000,0x0000000793900000,0x0000000793e00000)
 ParOldGen       total 173568K, used 11468K [0x00000006c2800000, 0x00000006cd180000, 0x000000076b800000)
  object space 173568K, 6% used [0x00000006c2800000,0x00000006c3333060,0x00000006cd180000)
 Metaspace       used 8373K, capacity 8774K, committed 8960K, reserved 1056768K
  class space    used 661K, capacity 690K, committed 768K, reserved 1048576K
}
Event: 4.348 GC heap before
{Heap before GC invocations=16 (full 0):
 PSYoungGen      total 581120K, used 575584K [0x000000076b800000, 0x0000000793e00000, 0x00000007c0000000)
  eden space 575488K, 100% used [0x000000076b800000,0x000000078ea00000,0x000000078ea00000)
  from space 5632K, 1% used [0x0000000793300000,0x0000000793318000,0x0000000793880000)
  to   space 5120K, 0% used [0x0000000793900000,0x0000000793900000,0x0000000793e00000)
 ParOldGen       total 173568K, used 11468K [0x00000006c2800000, 0x00000006cd180000, 0x000000076b800000)
  object space 173568K, 6% used [0x00000006c2800000,0x00000006c3333060,0x00000006cd180000)
 Metaspace       used 8383K, capacity 8774K, committed 8960K, reserved 1056768K
  class space    used 661K, capacity 690K, committed 768K, reserved 1048576K
Event: 4.349 GC heap after
Heap after GC invocations=16 (full 0):
 PSYoungGen      total 550400K, used 256K [0x000000076b800000, 0x0000000793980000, 0x00000007c0000000)
  eden space 549888K, 0% used [0x000000076b800000,0x000000076b800000,0x000000078d100000)
  from space 512K, 50% used [0x0000000793900000,0x0000000793940000,0x0000000793980000)
  to   space 5120K, 0% used [0x0000000792f80000,0x0000000792f80000,0x0000000793480000)
 ParOldGen       total 173568K, used 11468K [0x00000006c2800000, 0x00000006cd180000, 0x000000076b800000)
  object space 173568K, 6% used [0x00000006c2800000,0x00000006c3333060,0x00000006cd180000)
 Metaspace       used 8383K, capacity 8774K, committed 8960K, reserved 1056768K
  class space    used 661K, capacity 690K, committed 768K, reserved 1048576K
}

Deoptimization events (10 events):
Event: 2.031 Thread 0x000000001e2a4800 Uncommon trap: reason=class_check action=maybe_recompile pc=0x00000000029e8084 method=sun.misc.FloatingDecimal.parseFloat(Ljava/lang/String;)F @ 4
Event: 2.031 Thread 0x000000001e2a4800 Uncommon trap: reason=class_check action=maybe_recompile pc=0x00000000029e8084 method=sun.misc.FloatingDecimal.parseFloat(Ljava/lang/String;)F @ 4
Event: 2.031 Thread 0x000000001e2a4800 Uncommon trap: reason=class_check action=maybe_recompile pc=0x00000000029e8084 method=sun.misc.FloatingDecimal.parseFloat(Ljava/lang/String;)F @ 4
Event: 2.031 Thread 0x000000001e2a4800 Uncommon trap: reason=class_check action=maybe_recompile pc=0x00000000029e8084 method=sun.misc.FloatingDecimal.parseFloat(Ljava/lang/String;)F @ 4
Event: 2.035 Thread 0x000000001e2a4800 Uncommon trap: reason=unstable_if action=reinterpret pc=0x0000000002a3a9c4 method=main.client.renderEngine.mesh.MeshBuilder.processFace(Ljava/lang/String;Lmain/client/renderEngine/mesh/MeshBuilder;)Z @ 114
Event: 2.038 Thread 0x000000001e2a4800 Uncommon trap: reason=bimorphic action=maybe_recompile pc=0x0000000002852c00 method=java.util.HashMap.getNode(ILjava/lang/Object;)Ljava/util/HashMap$Node; @ 126
Event: 2.121 Thread 0x000000001e2a4800 Uncommon trap: reason=unstable_if action=reinterpret pc=0x00000000029f3abc method=main.coreEngine.TickableThread.run()V @ 461
Event: 2.129 Thread 0x000000001e2a6000 Uncommon trap: reason=unstable_if action=reinterpret pc=0x00000000029f3abc method=main.coreEngine.TickableThread.run()V @ 461
Event: 2.135 Thread 0x000000001e2a4800 Uncommon trap: reason=unstable_if action=reinterpret pc=0x0000000002a33830 method=java.lang.Integer.valueOf(I)Ljava/lang/Integer; @ 10
Event: 2.146 Thread 0x000000000240e000 Uncommon trap: reason=unstable_if action=reinterpret pc=0x0000000002aeb9b0 method=main.coreEngine.Engine.start()V @ 163

Internal exceptions (8 events):
Event: 0.029 Thread 0x000000000240e000 Exception <a 'java/lang/NoSuchMethodError': Method sun.misc.Unsafe.defineClass(Ljava/lang/String;[BII)Ljava/lang/Class; name or signature does not match> (0x000000076b80da30) thrown at [C:\workspace\8-2-build-windows-amd64-cygwin\jdk8u65\4987\hotspot\src\sΩ™X∫=cù?
Event: 0.029 Thread 0x000000000240e000 Exception <a 'java/lang/NoSuchMethodError': Method sun.misc.Unsafe.prefetchRead(Ljava/lang/Object;J)V name or signature does not match> (0x000000076b80dd18) thrown at [C:\workspace\8-2-build-windows-amd64-cygwin\jdk8u65\4987\hotspot\src\share\vm\prims\jni.Ò4ı:üã‚?
Event: 0.580 Thread 0x000000001e2a4800 Exception <a 'java/security/PrivilegedActionException'> (0x000000076b982520) thrown at [C:\workspace\8-2-build-windows-amd64-cygwin\jdk8u65\4987\hotspot\src\share\vm\prims\jvm.cpp, line 1386]
Event: 0.580 Thread 0x000000001e2a4800 Exception <a 'java/security/PrivilegedActionException'> (0x000000076b982918) thrown at [C:\workspace\8-2-build-windows-amd64-cygwin\jdk8u65\4987\hotspot\src\share\vm\prims\jvm.cpp, line 1386]
Event: 0.580 Thread 0x000000001e2a4800 Exception <a 'java/security/PrivilegedActionException'> (0x000000076b986b30) thrown at [C:\workspace\8-2-build-windows-amd64-cygwin\jdk8u65\4987\hotspot\src\share\vm\prims\jvm.cpp, line 1386]
Event: 0.580 Thread 0x000000001e2a4800 Exception <a 'java/security/PrivilegedActionException'> (0x000000076b986f28) thrown at [C:\workspace\8-2-build-windows-amd64-cygwin\jdk8u65\4987\hotspot\src\share\vm\prims\jvm.cpp, line 1386]
Event: 0.585 Thread 0x000000001e2a4800 Implicit null exception at 0x0000000002855cb9 to 0x0000000002856079
Event: 1.355 Thread 0x000000000240e000 Implicit null exception at 0x0000000002867b04 to 0x00000000028680c7

Events (10 events):
Event: 2.912 Executing VM operation: ParallelGCFailedAllocation
Event: 2.913 Executing VM operation: ParallelGCFailedAllocation done
Event: 3.386 Executing VM operation: ParallelGCFailedAllocation
Event: 3.387 Executing VM operation: ParallelGCFailedAllocation done
Event: 3.836 Executing VM operation: ParallelGCFailedAllocation
Event: 3.837 Executing VM operation: ParallelGCFailedAllocation done
Event: 4.090 Executing VM operation: EnableBiasedLocking
Event: 4.091 Executing VM operation: EnableBiasedLocking done
Event: 4.348 Executing VM operation: ParallelGCFailedAllocation
Event: 4.349 Executing VM operation: ParallelGCFailedAllocation done


Dynamic libraries:
0x00007ff603aa0000 - 0x00007ff603ad7000 	C:\Program Files\Java\jdk1.8.0_65\bin\java.exe
0x00007ffb48720000 - 0x00007ffb488e1000 	C:\WINDOWS\SYSTEM32\ntdll.dll
0x00007ffb48170000 - 0x00007ffb4821d000 	C:\WINDOWS\system32\KERNEL32.DLL
0x00007ffb45560000 - 0x00007ffb45748000 	C:\WINDOWS\system32\KERNELBASE.dll
0x00007ffb47a50000 - 0x00007ffb47af7000 	C:\WINDOWS\system32\ADVAPI32.dll
0x00007ffb480d0000 - 0x00007ffb4816d000 	C:\WINDOWS\system32\msvcrt.dll
0x00007ffb47b00000 - 0x00007ffb47b5b000 	C:\WINDOWS\system32\sechost.dll
0x00007ffb47700000 - 0x00007ffb4781c000 	C:\WINDOWS\system32\RPCRT4.dll
0x00007ffb485c0000 - 0x00007ffb48716000 	C:\WINDOWS\system32\USER32.dll
0x00007ffb48220000 - 0x00007ffb483a6000 	C:\WINDOWS\system32\GDI32.dll
0x00007ffb41530000 - 0x00007ffb417a4000 	C:\WINDOWS\WinSxS\amd64_microsoft.windows.common-controls_6595b64144ccf1df_6.0.10586.0_none_8c15ae12515e1c22\COMCTL32.dll
0x00007ffb45b00000 - 0x00007ffb45d7d000 	C:\WINDOWS\system32\combase.dll
0x00007ffb45920000 - 0x00007ffb4598a000 	C:\WINDOWS\system32\bcryptPrimitives.dll
0x00007ffb45f90000 - 0x00007ffb45fcb000 	C:\WINDOWS\system32\IMM32.DLL
0x000000006ce60000 - 0x000000006cf32000 	C:\Program Files\Java\jdk1.8.0_65\jre\bin\msvcr100.dll
0x000000006c5d0000 - 0x000000006ce59000 	C:\Program Files\Java\jdk1.8.0_65\jre\bin\server\jvm.dll
0x00007ffb475a0000 - 0x00007ffb475a8000 	C:\WINDOWS\system32\PSAPI.DLL
0x00007ffb3c060000 - 0x00007ffb3c069000 	C:\WINDOWS\SYSTEM32\WSOCK32.dll
0x00007ffb42fa0000 - 0x00007ffb42fc3000 	C:\WINDOWS\SYSTEM32\WINMM.dll
0x00007ffb418d0000 - 0x00007ffb418da000 	C:\WINDOWS\SYSTEM32\VERSION.dll
0x00007ffb48420000 - 0x00007ffb4848b000 	C:\WINDOWS\system32\WS2_32.dll
0x00007ffb42f40000 - 0x00007ffb42f6c000 	C:\WINDOWS\SYSTEM32\WINMMBASE.dll
0x00007ffb45ab0000 - 0x00007ffb45af3000 	C:\WINDOWS\system32\cfgmgr32.dll
0x000000006c5c0000 - 0x000000006c5cf000 	C:\Program Files\Java\jdk1.8.0_65\jre\bin\verify.dll
0x000000006c590000 - 0x000000006c5b9000 	C:\Program Files\Java\jdk1.8.0_65\jre\bin\java.dll
0x000000006c550000 - 0x000000006c585000 	C:\Program Files\Java\jdk1.8.0_65\jre\bin\jdwp.dll
0x000000006c540000 - 0x000000006c548000 	C:\Program Files\Java\jdk1.8.0_65\jre\bin\npt.dll
0x000000006c520000 - 0x000000006c536000 	C:\Program Files\Java\jdk1.8.0_65\jre\bin\zip.dll
0x00007ffb45fd0000 - 0x00007ffb4752c000 	C:\WINDOWS\system32\SHELL32.dll
0x00007ffb44ef0000 - 0x00007ffb45535000 	C:\WINDOWS\system32\windows.storage.dll
0x00007ffb483c0000 - 0x00007ffb48412000 	C:\WINDOWS\system32\shlwapi.dll
0x00007ffb44da0000 - 0x00007ffb44daf000 	C:\WINDOWS\system32\kernel.appcore.dll
0x00007ffb459f0000 - 0x00007ffb45aa5000 	C:\WINDOWS\system32\shcore.dll
0x00007ffb44d50000 - 0x00007ffb44d9b000 	C:\WINDOWS\system32\powrprof.dll
0x00007ffb44d20000 - 0x00007ffb44d34000 	C:\WINDOWS\system32\profapi.dll
0x000000006c2f0000 - 0x000000006c2f9000 	C:\Program Files\Java\jdk1.8.0_65\jre\bin\dt_socket.dll
0x00007ffb44650000 - 0x00007ffb446ac000 	C:\WINDOWS\system32\mswsock.dll
0x00007ffb31ec0000 - 0x00007ffb31f48000 	D:\Code\Java\Projects\WireEngine20\lib\native\lwjgl.dll
0x00007ffb44820000 - 0x00007ffb4482b000 	C:\WINDOWS\SYSTEM32\CRYPTBASE.DLL
0x00007ffb400c0000 - 0x00007ffb40102000 	D:\Code\Java\Projects\WireEngine20\lib\native\jemalloc.dll
0x00007ffb39e40000 - 0x00007ffb39e78000 	D:\Code\Java\Projects\WireEngine20\lib\native\glfw.dll
0x00007ffb436a0000 - 0x00007ffb43736000 	C:\WINDOWS\system32\uxtheme.dll
0x00007ffb42950000 - 0x00007ffb42972000 	C:\WINDOWS\SYSTEM32\dwmapi.dll
0x00007ffb2da30000 - 0x00007ffb2db59000 	C:\WINDOWS\SYSTEM32\opengl32.dll
0x00007ffb3a050000 - 0x00007ffb3a07e000 	C:\WINDOWS\SYSTEM32\GLU32.dll
0x00007ffb2fd50000 - 0x00007ffb2fe4a000 	C:\WINDOWS\SYSTEM32\DDRAW.dll
0x00007ffb40230000 - 0x00007ffb40238000 	C:\WINDOWS\SYSTEM32\DCIMAN32.dll
0x00007ffb478f0000 - 0x00007ffb47a4a000 	C:\WINDOWS\system32\MSCTF.dll
0x00007ffb2cbb0000 - 0x00007ffb2cbf9000 	C:\Program Files (x86)\TeamViewer\tv_x64.dll
0x00007ffb475b0000 - 0x00007ffb476f3000 	C:\WINDOWS\system32\ole32.dll
0x000000006a5a0000 - 0x000000006c2e9000 	C:\WINDOWS\SYSTEM32\nvoglv64.DLL
0x00007ffb47c20000 - 0x00007ffb48049000 	C:\WINDOWS\system32\SETUPAPI.dll
0x00007ffb42d00000 - 0x00007ffb42d13000 	C:\WINDOWS\SYSTEM32\WTSAPI32.dll
0x00007ffb437f0000 - 0x00007ffb43817000 	C:\WINDOWS\SYSTEM32\DEVOBJ.dll
0x00007ffb45990000 - 0x00007ffb459e5000 	C:\WINDOWS\system32\WINTRUST.dll
0x00007ffb44d40000 - 0x00007ffb44d50000 	C:\WINDOWS\system32\MSASN1.dll
0x00007ffb45750000 - 0x00007ffb45917000 	C:\WINDOWS\system32\CRYPT32.dll
0x00007ffb44270000 - 0x00007ffb442a1000 	C:\WINDOWS\SYSTEM32\ntmarta.dll
0x00007ffb43fc0000 - 0x00007ffb44016000 	C:\WINDOWS\SYSTEM32\WINSTA.dll
0x00007ffb47b70000 - 0x00007ffb47c17000 	C:\WINDOWS\system32\clbcatq.dll
0x00007ffb3d0b0000 - 0x00007ffb3d0d5000 	C:\Program Files (x86)\Samsung\Easy Printer Manager\SmartScreenPrint\CDAKEYMonitor64.dll
0x00007ffb47820000 - 0x00007ffb478e1000 	C:\WINDOWS\system32\OLEAUT32.dll
0x00007ffb2ca20000 - 0x00007ffb2cbac000 	C:\WINDOWS\SYSTEM32\dbghelp.dll

VM Arguments:
jvm_args: -agentlib:jdwp=transport=dt_socket,address=127.0.0.1:64249,suspend=y,server=n -Djava.library.path=lib/native/ -Dfile.encoding=UTF-8 
java_command: main.Main
java_class_path (initial): C:\Program Files\Java\jdk1.8.0_65\jre\lib\charsets.jar;C:\Program Files\Java\jdk1.8.0_65\jre\lib\deploy.jar;C:\Program Files\Java\jdk1.8.0_65\jre\lib\ext\access-bridge-64.jar;C:\Program Files\Java\jdk1.8.0_65\jre\lib\ext\cldrdata.jar;C:\Program Files\Java\jdk1.8.0_65\jre\lib\ext\dnsns.jar;C:\Program Files\Java\jdk1.8.0_65\jre\lib\ext\jaccess.jar;C:\Program Files\Java\jdk1.8.0_65\jre\lib\ext\jfxrt.jar;C:\Program Files\Java\jdk1.8.0_65\jre\lib\ext\localedata.jar;C:\Program Files\Java\jdk1.8.0_65\jre\lib\ext\nashorn.jar;C:\Program Files\Java\jdk1.8.0_65\jre\lib\ext\sunec.jar;C:\Program Files\Java\jdk1.8.0_65\jre\lib\ext\sunjce_provider.jar;C:\Program Files\Java\jdk1.8.0_65\jre\lib\ext\sunmscapi.jar;C:\Program Files\Java\jdk1.8.0_65\jre\lib\ext\sunpkcs11.jar;C:\Program Files\Java\jdk1.8.0_65\jre\lib\ext\zipfs.jar;C:\Program Files\Java\jdk1.8.0_65\jre\lib\javaws.jar;C:\Program Files\Java\jdk1.8.0_65\jre\lib\jce.jar;C:\Program Files\Java\jdk1.8.0_65\jre\lib\jfr.jar;C:\Program Files\Java\jdk1.8.0_65\jre\lib\jfxswt.jar;C:\Program Files\Java\jdk1.8.0_65\jre\lib\jsse.jar;C:\Program Files\Java\jdk1.8.0_65\jre\lib\management-agent.jar;C:\Program Files\Java\jdk1.8.0_65\jre\lib\plugin.jar;C:\Program Files\Java\jdk1.8.0_65\jre\lib\resources.jar;C:\Program Files\Java\jdk1.8.0_65\jre\lib\rt.jar;D:\Code\Java\Projects\WireEngine20\out\production\WireEngine20;D:\Code\Java\Projects\WireEngine20\lib\jar\lwjgl.jar;D:\Code\Java\Projects\WireEngine20\lib\jar\slick-util.jar;D:\Program Files (x86)\JetBrains\IntelliJ IDEA 2016.1\lib\idea_rt.jar
Launcher Type: SUN_STANDARD

Environment Variables:
JAVA_HOME=C:\Program Files\Java\jdk1.8.0_65
PATH=C:\ProgramData\Oracle\Java\javapath;C:\Program Files (x86)\Razer Chroma SDK\bin;C:\Program Files\Razer Chroma SDK\bin;C:\Program Files (x86)\NVIDIA Corporation\PhysX\Common;C:\Program Files (x86)\Intel\iCLS Client\;C:\Program Files\Intel\iCLS Client\;C:\Windows\system32;C:\Windows;C:\Windows\System32\Wbem;C:\Windows\System32\WindowsPowerShell\v1.0\;C:\Program Files\Intel\Intel(R) Management Engine Components\DAL;C:\Program Files (x86)\Intel\Intel(R) Management Engine Components\DAL;C:\Program Files\Intel\Intel(R) Management Engine Components\IPT;C:\Program Files (x86)\Intel\Intel(R) Management Engine Components\IPT;C:\Program Files\Java\jre1.8.0_65\bin;C:\MinGW\bin;C:\WINDOWS\system32;C:\WINDOWS;C:\WINDOWS\System32\Wbem;C:\WINDOWS\System32\WindowsPowerShell\v1.0\;D:\Program Files (x86)\CMake\bin;D:\Program Files\Programs\Python\Python35-32;D:\Program Files\Programs\Python\Python35-32\Scripts;C:\Program Files (x86)\Skype\Phone\;D:\Program Files\Programs\Python\Python35-32\Scripts\;D:\Program Files\Programs\Python\Python35-32\
USERNAME=Kelan
OS=Windows_NT
PROCESSOR_IDENTIFIER=Intel64 Family 6 Model 60 Stepping 3, GenuineIntel



---------------  S Y S T E M  ---------------

OS: Windows 10.0 , 64 bit Build 10586 (10.0.10586.0)

CPU:total 8 (4 cores per cpu, 2 threads per core) family 6 model 60 stepping 3, cmov, cx8, fxsr, mmx, sse, sse2, sse3, ssse3, sse4.1, sse4.2, popcnt, avx, avx2, aes, clmul, erms, lzcnt, ht, tsc, tscinvbit, bmi1, bmi2

Memory: 4k page, physical 16609500k(6992708k free), swap 33386716k(19075332k free)

vm_info: Java HotSpot(TM) 64-Bit Server VM (25.65-b01) for windows-amd64 JRE (1.8.0_65-b17), built on Oct  6 2015 16:39:20 by "java_re" with MS VC++ 10.0 (VS2010)

time: Tue Apr 19 17:18:10 2016
elapsed time: 4 seconds (0d 0h 0m 4s)

