#
# A fatal error has been detected by the Java Runtime Environment:
#
#  EXCEPTION_ACCESS_VIOLATION (0xc0000005) at pc=0x00007ffdcf9f24b9, pid=6232, tid=12716
#
# JRE version: Java(TM) SE Runtime Environment (8.0_65-b17) (build 1.8.0_65-b17)
# Java VM: Java HotSpot(TM) 64-Bit Server VM (25.65-b01 mixed mode windows-amd64 compressed oops)
# Problematic frame:
# C  [glfw.dll+0x24b9]
#
# Failed to write core dump. Minidumps are not enabled by default on client versions of Windows
#
# If you would like to submit a bug report, please visit:
#   http://bugreport.java.com/bugreport/crash.jsp
# The crash happened outside the Java Virtual Machine in native code.
# See problematic frame for where to report the bug.
#

---------------  T H R E A D  ---------------

Current thread (0x000000001e1fa800):  JavaThread "CLIENT" [_thread_in_native, id=12716, stack(0x000000001ef10000,0x000000001f010000)]

siginfo: ExceptionCode=0xc0000005, reading address 0x0000000000000000

Registers:
RAX=0x0000000000000000, RBX=0x000000001b9dec50, RCX=0x0000000000000000, RDX=0x0000000000000000
RSP=0x000000001f00ef90, RBP=0x000000001f00f040, RSI=0x0000000000000108, RDI=0x000000000043fcd0
R8 =0x000000001f00ef88, R9 =0x000000001f00f040, R10=0x0000000000000000, R11=0x0000000000000246
R12=0x0000000000000000, R13=0x000000001b9dec50, R14=0x000000001f00f078, R15=0x000000001e1fa800
RIP=0x00007ffdcf9f24b9, EFLAGS=0x0000000000010287

Top of Stack: (sp=0x000000001f00ef90)
0x000000001f00ef90:   000000001e1fa800 000000001e1fa800
0x000000001f00efa0:   000000001b9f8ab8 000000007052d610
0x000000001f00efb0:   00000000000003f5 00000000025ddfcc
0x000000001f00efc0:   000000001b9dec50 000000000251d810
0x000000001f00efd0:   000000000000000e 000000001e1fa800
0x000000001f00efe0:   000000001b9f8ab8 000000007052aea4
0x000000001f00eff0:   000000001e1fa800 000000001e1fa800
0x000000001f00f000:   000000001f00f000 0000000000000000
0x000000001f00f010:   000000001f00f078 000000001b9df3f0
0x000000001f00f020:   0000000000000000 000000001b9dec50
0x000000001f00f030:   0000000000000000 000000001f00f060
0x000000001f00f040:   000000001f00f0c0 00000000025c7d8d
0x000000001f00f050:   00000006c28061b8 00000000025d42f8
0x000000001f00f060:   000000000043fcd0 00000000025c78a0
0x000000001f00f070:   00007ffdcf9f2420 0000000000000001
0x000000001f00f080:   000000001f00f080 000000001b9f8a8c 

Instructions: (pc=0x00007ffdcf9f24b9)
0x00007ffdcf9f2499:   48 8b cf e8 1f 3a 00 00 48 39 3d f0 d5 02 00 48
0x00007ffdcf9f24a9:   8d 0d e9 d5 02 00 48 8b 5c 24 30 74 08 48 8b 09
0x00007ffdcf9f24b9:   48 39 39 75 f8 48 8b 07 48 89 01 48 8b cf 48 83
0x00007ffdcf9f24c9:   c4 20 5f e9 5b fe 00 00 48 83 c4 20 5f c3 cc cc 


Register to memory mapping:

RAX=0x0000000000000000 is an unknown value
RBX={method} {0x000000001b9dec58} 'invokePV' '(JJ)V' in 'org/lwjgl/system/JNI'
RCX=0x0000000000000000 is an unknown value
RDX=0x0000000000000000 is an unknown value
RSP=0x000000001f00ef90 is pointing into the stack for thread: 0x000000001e1fa800
RBP=0x000000001f00f040 is pointing into the stack for thread: 0x000000001e1fa800
RSI=0x0000000000000108 is an unknown value
RDI=0x000000000043fcd0 is an unknown value
R8 =0x000000001f00ef88 is pointing into the stack for thread: 0x000000001e1fa800
R9 =0x000000001f00f040 is pointing into the stack for thread: 0x000000001e1fa800
R10=0x0000000000000000 is an unknown value
R11=0x0000000000000246 is an unknown value
R12=0x0000000000000000 is an unknown value
R13={method} {0x000000001b9dec58} 'invokePV' '(JJ)V' in 'org/lwjgl/system/JNI'
R14=0x000000001f00f078 is pointing into the stack for thread: 0x000000001e1fa800
R15=0x000000001e1fa800 is a thread


Stack: [0x000000001ef10000,0x000000001f010000],  sp=0x000000001f00ef90,  free space=1019k
Native frames: (J=compiled Java code, j=interpreted, Vv=VM code, C=native code)
C  [glfw.dll+0x24b9]
C  0x00000000025ddfcc

Java frames: (J=compiled Java code, j=interpreted, Vv=VM code)
j  org.lwjgl.system.JNI.invokePV(JJ)V+0
j  org.lwjgl.glfw.GLFW.glfwDestroyCursor(J)V+20
j  main.client.Window.destroyWindow()V+9
j  main.coreEngine.Engine.stop()V+70
j  main.client.Window.update()V+43
j  main.client.renderEngine.RenderEngine.render()V+32
j  main.client.ClientThread.tick()V+12
J 448% C1 main.coreEngine.TickableThread.run()V (481 bytes) @ 0x000000000281bb1c [0x0000000002817240+0x48dc]
v  ~StubRoutines::call_stub

---------------  P R O C E S S  ---------------

Java Threads: ( => current thread )
  0x000000001e1fb800 JavaThread "SERVER" [_thread_in_Java, id=5624, stack(0x000000001f010000,0x000000001f110000)]
=>0x000000001e1fa800 JavaThread "CLIENT" [_thread_in_native, id=12716, stack(0x000000001ef10000,0x000000001f010000)]
  0x000000001e0f9800 JavaThread "Service Thread" daemon [_thread_blocked, id=7640, stack(0x000000001ed10000,0x000000001ee10000)]
  0x000000001e074000 JavaThread "C1 CompilerThread3" daemon [_thread_blocked, id=6592, stack(0x000000001ec10000,0x000000001ed10000)]
  0x000000001e067000 JavaThread "C2 CompilerThread2" daemon [_thread_blocked, id=6872, stack(0x000000001eb10000,0x000000001ec10000)]
  0x000000001e066000 JavaThread "C2 CompilerThread1" daemon [_thread_blocked, id=12088, stack(0x000000001ea10000,0x000000001eb10000)]
  0x000000001e06b000 JavaThread "C2 CompilerThread0" daemon [_thread_blocked, id=13384, stack(0x000000001e910000,0x000000001ea10000)]
  0x000000001e050800 JavaThread "JDWP Command Reader" daemon [_thread_in_native, id=8328, stack(0x000000001e810000,0x000000001e910000)]
  0x000000001e04f800 JavaThread "JDWP Event Helper Thread" daemon [_thread_blocked, id=8480, stack(0x000000001e710000,0x000000001e810000)]
  0x000000001e042800 JavaThread "JDWP Transport Listener: dt_socket" daemon [_thread_blocked, id=1744, stack(0x000000001e610000,0x000000001e710000)]
  0x000000001bf6d800 JavaThread "Attach Listener" daemon [_thread_blocked, id=1840, stack(0x000000001e510000,0x000000001e610000)]
  0x000000001bf6d000 JavaThread "Signal Dispatcher" daemon [_thread_blocked, id=10416, stack(0x000000001e410000,0x000000001e510000)]
  0x000000000251c800 JavaThread "Finalizer" daemon [_thread_blocked, id=9788, stack(0x000000001de30000,0x000000001df30000)]
  0x0000000002516000 JavaThread "Reference Handler" daemon [_thread_blocked, id=9468, stack(0x000000001dd30000,0x000000001de30000)]
  0x00000000025be000 JavaThread "main" [_thread_in_Java, id=1788, stack(0x00000000022f0000,0x00000000023f0000)]

Other Threads:
  0x000000001bf59000 VMThread [stack: 0x000000001dc30000,0x000000001dd30000] [id=9108]
  0x000000001e123800 WatcherThread [stack: 0x000000001ee10000,0x000000001ef10000] [id=11096]

VM state:not at safepoint (normal execution)

VM Mutex/Monitor currently owned by a thread: None

Heap:
 PSYoungGen      total 136192K, used 121964K [0x000000076b800000, 0x000000078a980000, 0x00000007c0000000)
  eden space 134656K, 90% used [0x000000076b800000,0x0000000772ee32a0,0x0000000773b80000)
  from space 1536K, 14% used [0x000000078a680000,0x000000078a6b8000,0x000000078a800000)
  to   space 1536K, 0% used [0x000000078a800000,0x000000078a800000,0x000000078a980000)
 ParOldGen       total 173568K, used 1276K [0x00000006c2800000, 0x00000006cd180000, 0x000000076b800000)
  object space 173568K, 0% used [0x00000006c2800000,0x00000006c293f060,0x00000006cd180000)
 Metaspace       used 8081K, capacity 8646K, committed 8960K, reserved 1056768K
  class space    used 646K, capacity 690K, committed 768K, reserved 1048576K

Card table byte_map: [0x0000000011980000,0x0000000012170000] byte_map_base: 0x000000000e36c000

Marking Bits: (ParMarkBitMap*) 0x0000000070c0a5b0
 Begin Bits: [0x0000000012ec0000, 0x0000000016e20000)
 End Bits:   [0x0000000016e20000, 0x000000001ad80000)

Polling page: 0x0000000002400000

CodeCache: size=245760Kb used=2851Kb max_used=2851Kb free=242908Kb
 bounds [0x00000000025c0000, 0x0000000002890000, 0x00000000115c0000]
 total_blobs=1221 nmethods=575 adapters=567
 compilation: enabled

Compilation events (10 events):
Event: 3.996 Thread 0x000000001e074000  570       3       main.coreEngine.util.maths.MathUtil::cotf (9 bytes)
Event: 3.997 Thread 0x000000001e074000 nmethod 570 0x0000000002887bd0 code [0x0000000002887d60, 0x0000000002888210]
Event: 3.997 Thread 0x000000001e074000  571       3       main.coreEngine.util.maths.Matrix4f::translate (166 bytes)
Event: 3.997 Thread 0x000000001e074000 nmethod 571 0x0000000002888290 code [0x0000000002888420, 0x00000000028888c8]
Event: 3.997 Thread 0x000000001e074000  572       3       org.lwjgl.opengl.GL11::glEnable (13 bytes)
Event: 3.997 Thread 0x000000001e074000 nmethod 572 0x0000000002888b50 code [0x0000000002888d40, 0x0000000002889438]
Event: 3.997 Thread 0x000000001e074000  573       3       org.lwjgl.opengl.GL11::glClearColor (18 bytes)
Event: 3.997 Thread 0x000000001e074000 nmethod 573 0x00000000028898d0 code [0x0000000002889ac0, 0x000000000288a1d8]
Event: 4.662 Thread 0x000000001e074000  575       3       main.coreEngine.util.maths.Vector3f::<init> (5 bytes)
Event: 4.662 Thread 0x000000001e074000 nmethod 575 0x000000000288aad0 code [0x000000000288ac40, 0x000000000288ae50]

GC Heap History (10 events):
Event: 3.940 GC heap before
{Heap before GC invocations=21 (full 0):
 PSYoungGen      total 160256K, used 159904K [0x000000076b800000, 0x000000078ac00000, 0x00000007c0000000)
  eden space 159744K, 100% used [0x000000076b800000,0x0000000775400000,0x0000000775400000)
  from space 512K, 31% used [0x000000078ab80000,0x000000078aba8000,0x000000078ac00000)
  to   space 2048K, 0% used [0x000000078a800000,0x000000078a800000,0x000000078aa00000)
 ParOldGen       total 173568K, used 1260K [0x00000006c2800000, 0x00000006cd180000, 0x000000076b800000)
  object space 173568K, 0% used [0x00000006c2800000,0x00000006c293b060,0x00000006cd180000)
 Metaspace       used 8079K, capacity 8646K, committed 8960K, reserved 1056768K
  class space    used 646K, capacity 690K, committed 768K, reserved 1048576K
Event: 3.940 GC heap after
Heap after GC invocations=21 (full 0):
 PSYoungGen      total 156160K, used 160K [0x000000076b800000, 0x000000078ac00000, 0x00000007c0000000)
  eden space 154112K, 0% used [0x000000076b800000,0x000000076b800000,0x0000000774e80000)
  from space 2048K, 7% used [0x000000078a800000,0x000000078a828000,0x000000078aa00000)
  to   space 2048K, 0% used [0x000000078aa00000,0x000000078aa00000,0x000000078ac00000)
 ParOldGen       total 173568K, used 1276K [0x00000006c2800000, 0x00000006cd180000, 0x000000076b800000)
  object space 173568K, 0% used [0x00000006c2800000,0x00000006c293f060,0x00000006cd180000)
 Metaspace       used 8079K, capacity 8646K, committed 8960K, reserved 1056768K
  class space    used 646K, capacity 690K, committed 768K, reserved 1048576K
}
Event: 4.154 GC heap before
{Heap before GC invocations=22 (full 0):
 PSYoungGen      total 156160K, used 154272K [0x000000076b800000, 0x000000078ac00000, 0x00000007c0000000)
  eden space 154112K, 100% used [0x000000076b800000,0x0000000774e80000,0x0000000774e80000)
  from space 2048K, 7% used [0x000000078a800000,0x000000078a828000,0x000000078aa00000)
  to   space 2048K, 0% used [0x000000078aa00000,0x000000078aa00000,0x000000078ac00000)
 ParOldGen       total 173568K, used 1276K [0x00000006c2800000, 0x00000006cd180000, 0x000000076b800000)
  object space 173568K, 0% used [0x00000006c2800000,0x00000006c293f060,0x00000006cd180000)
 Metaspace       used 8080K, capacity 8646K, committed 8960K, reserved 1056768K
  class space    used 646K, capacity 690K, committed 768K, reserved 1048576K
Event: 4.155 GC heap after
Heap after GC invocations=22 (full 0):
 PSYoungGen      total 149504K, used 224K [0x000000076b800000, 0x000000078aa80000, 0x00000007c0000000)
  eden space 148992K, 0% used [0x000000076b800000,0x000000076b800000,0x0000000774980000)
  from space 512K, 43% used [0x000000078aa00000,0x000000078aa38000,0x000000078aa80000)
  to   space 1536K, 0% used [0x000000078a780000,0x000000078a780000,0x000000078a900000)
 ParOldGen       total 173568K, used 1276K [0x00000006c2800000, 0x00000006cd180000, 0x000000076b800000)
  object space 173568K, 0% used [0x00000006c2800000,0x00000006c293f060,0x00000006cd180000)
 Metaspace       used 8080K, capacity 8646K, committed 8960K, reserved 1056768K
  class space    used 646K, capacity 690K, committed 768K, reserved 1048576K
}
Event: 4.344 GC heap before
{Heap before GC invocations=23 (full 0):
 PSYoungGen      total 149504K, used 149216K [0x000000076b800000, 0x000000078aa80000, 0x00000007c0000000)
  eden space 148992K, 100% used [0x000000076b800000,0x0000000774980000,0x0000000774980000)
  from space 512K, 43% used [0x000000078aa00000,0x000000078aa38000,0x000000078aa80000)
  to   space 1536K, 0% used [0x000000078a780000,0x000000078a780000,0x000000078a900000)
 ParOldGen       total 173568K, used 1276K [0x00000006c2800000, 0x00000006cd180000, 0x000000076b800000)
  object space 173568K, 0% used [0x00000006c2800000,0x00000006c293f060,0x00000006cd180000)
 Metaspace       used 8080K, capacity 8646K, committed 8960K, reserved 1056768K
  class space    used 646K, capacity 690K, committed 768K, reserved 1048576K
Event: 4.345 GC heap after
Heap after GC invocations=23 (full 0):
 PSYoungGen      total 145408K, used 128K [0x000000076b800000, 0x000000078aa80000, 0x00000007c0000000)
  eden space 143872K, 0% used [0x000000076b800000,0x000000076b800000,0x0000000774480000)
  from space 1536K, 8% used [0x000000078a780000,0x000000078a7a0000,0x000000078a900000)
  to   space 1536K, 0% used [0x000000078a900000,0x000000078a900000,0x000000078aa80000)
 ParOldGen       total 173568K, used 1276K [0x00000006c2800000, 0x00000006cd180000, 0x000000076b800000)
  object space 173568K, 0% used [0x00000006c2800000,0x00000006c293f060,0x00000006cd180000)
 Metaspace       used 8080K, capacity 8646K, committed 8960K, reserved 1056768K
  class space    used 646K, capacity 690K, committed 768K, reserved 1048576K
}
Event: 4.568 GC heap before
{Heap before GC invocations=24 (full 0):
 PSYoungGen      total 145408K, used 144000K [0x000000076b800000, 0x000000078aa80000, 0x00000007c0000000)
  eden space 143872K, 100% used [0x000000076b800000,0x0000000774480000,0x0000000774480000)
  from space 1536K, 8% used [0x000000078a780000,0x000000078a7a0000,0x000000078a900000)
  to   space 1536K, 0% used [0x000000078a900000,0x000000078a900000,0x000000078aa80000)
 ParOldGen       total 173568K, used 1276K [0x00000006c2800000, 0x00000006cd180000, 0x000000076b800000)
  object space 173568K, 0% used [0x00000006c2800000,0x00000006c293f060,0x00000006cd180000)
 Metaspace       used 8080K, capacity 8646K, committed 8960K, reserved 1056768K
  class space    used 646K, capacity 690K, committed 768K, reserved 1048576K
Event: 4.568 GC heap after
Heap after GC invocations=24 (full 0):
 PSYoungGen      total 139776K, used 224K [0x000000076b800000, 0x000000078a980000, 0x00000007c0000000)
  eden space 139264K, 0% used [0x000000076b800000,0x000000076b800000,0x0000000774000000)
  from space 512K, 43% used [0x000000078a900000,0x000000078a938000,0x000000078a980000)
  to   space 1536K, 0% used [0x000000078a680000,0x000000078a680000,0x000000078a800000)
 ParOldGen       total 173568K, used 1276K [0x00000006c2800000, 0x00000006cd180000, 0x000000076b800000)
  object space 173568K, 0% used [0x00000006c2800000,0x00000006c293f060,0x00000006cd180000)
 Metaspace       used 8080K, capacity 8646K, committed 8960K, reserved 1056768K
  class space    used 646K, capacity 690K, committed 768K, reserved 1048576K
}
Event: 4.754 GC heap before
{Heap before GC invocations=25 (full 0):
 PSYoungGen      total 139776K, used 139488K [0x000000076b800000, 0x000000078a980000, 0x00000007c0000000)
  eden space 139264K, 100% used [0x000000076b800000,0x0000000774000000,0x0000000774000000)
  from space 512K, 43% used [0x000000078a900000,0x000000078a938000,0x000000078a980000)
  to   space 1536K, 0% used [0x000000078a680000,0x000000078a680000,0x000000078a800000)
 ParOldGen       total 173568K, used 1276K [0x00000006c2800000, 0x00000006cd180000, 0x000000076b800000)
  object space 173568K, 0% used [0x00000006c2800000,0x00000006c293f060,0x00000006cd180000)
 Metaspace       used 8081K, capacity 8646K, committed 8960K, reserved 1056768K
  class space    used 646K, capacity 690K, committed 768K, reserved 1048576K
Event: 4.755 GC heap after
Heap after GC invocations=25 (full 0):
 PSYoungGen      total 136192K, used 224K [0x000000076b800000, 0x000000078a980000, 0x00000007c0000000)
  eden space 134656K, 0% used [0x000000076b800000,0x000000076b800000,0x0000000773b80000)
  from space 1536K, 14% used [0x000000078a680000,0x000000078a6b8000,0x000000078a800000)
  to   space 1536K, 0% used [0x000000078a800000,0x000000078a800000,0x000000078a980000)
 ParOldGen       total 173568K, used 1276K [0x00000006c2800000, 0x00000006cd180000, 0x000000076b800000)
  object space 173568K, 0% used [0x00000006c2800000,0x00000006c293f060,0x00000006cd180000)
 Metaspace       used 8081K, capacity 8646K, committed 8960K, reserved 1056768K
  class space    used 646K, capacity 690K, committed 768K, reserved 1048576K
}

Deoptimization events (10 events):
Event: 0.132 Thread 0x000000001e1fa800 Uncommon trap: reason=bimorphic action=maybe_recompile pc=0x000000000270f3f8 method=java.util.HashMap.getNode(ILjava/lang/Object;)Ljava/util/HashMap$Node; @ 126
Event: 0.396 Thread 0x000000001e1fa800 Uncommon trap: reason=bimorphic action=maybe_recompile pc=0x000000000270f3f8 method=java.util.HashMap.getNode(ILjava/lang/Object;)Ljava/util/HashMap$Node; @ 126
Event: 0.397 Thread 0x000000001e1fa800 Uncommon trap: reason=bimorphic action=maybe_recompile pc=0x000000000270f3f8 method=java.util.HashMap.getNode(ILjava/lang/Object;)Ljava/util/HashMap$Node; @ 126
Event: 0.402 Thread 0x000000001e1fa800 Uncommon trap: reason=unstable_if action=reinterpret pc=0x0000000002701918 method=java.util.HashMap.keySet()Ljava/util/Set; @ 6
Event: 0.793 Thread 0x000000001e1fa800 Uncommon trap: reason=unstable_if action=reinterpret pc=0x00000000027030c4 method=java.util.HashMap.clear()V @ 16
Event: 0.793 Thread 0x000000001e1fa800 Uncommon trap: reason=unstable_if action=reinterpret pc=0x0000000002700918 method=java.util.HashMap.clear()V @ 16
Event: 0.793 Thread 0x00000000025be000 Uncommon trap: reason=unstable_if action=reinterpret pc=0x000000000272cdf0 method=main.coreEngine.TickableThread.invoke(Ljava/lang/String;[Ljava/lang/Object;)V @ 53
Event: 0.793 Thread 0x000000001e1fb800 Uncommon trap: reason=unstable_if action=reinterpret pc=0x0000000002729ea0 method=main.coreEngine.TickableThread.run()V @ 58
Event: 0.839 Thread 0x00000000025be000 Uncommon trap: reason=unstable_if action=reinterpret pc=0x000000000283237c method=main.coreEngine.Engine.start()V @ 163
Event: 0.872 Thread 0x000000001e1fb800 Uncommon trap: reason=unstable_if action=reinterpret pc=0x000000000283ec74 method=main.coreEngine.TickableThread.run()V @ 461

Internal exceptions (8 events):
Event: 0.021 Thread 0x00000000025be000 Exception <a 'java/lang/NoSuchMethodError': Method sun.misc.Unsafe.defineClass(Ljava/lang/String;[BII)Ljava/lang/Class; name or signature does not match> (0x000000076b80d9b8) thrown at [C:\workspace\8-2-build-windows-amd64-cygwin\jdk8u65\4987\hotspot\src\s\Ò;ôÅ×•?
Event: 0.021 Thread 0x00000000025be000 Exception <a 'java/lang/NoSuchMethodError': Method sun.misc.Unsafe.prefetchRead(Ljava/lang/Object;J)V name or signature does not match> (0x000000076b80dca0) thrown at [C:\workspace\8-2-build-windows-amd64-cygwin\jdk8u65\4987\hotspot\src\share\vm\prims\jni.+eöhÉ.Ã?
Event: 0.150 Thread 0x000000001e1fa800 Exception <a 'java/lang/ArrayIndexOutOfBoundsException': -1> (0x000000076c84d3a8) thrown at [C:\workspace\8-2-build-windows-amd64-cygwin\jdk8u65\4987\hotspot\src\share\vm\interpreter\interpreterRuntime.cpp, line 366]
Event: 0.397 Thread 0x000000001e1fa800 Exception <a 'java/security/PrivilegedActionException'> (0x000000076c233ec0) thrown at [C:\workspace\8-2-build-windows-amd64-cygwin\jdk8u65\4987\hotspot\src\share\vm\prims\jvm.cpp, line 1386]
Event: 0.397 Thread 0x000000001e1fa800 Exception <a 'java/security/PrivilegedActionException'> (0x000000076c2342b8) thrown at [C:\workspace\8-2-build-windows-amd64-cygwin\jdk8u65\4987\hotspot\src\share\vm\prims\jvm.cpp, line 1386]
Event: 0.397 Thread 0x000000001e1fa800 Exception <a 'java/security/PrivilegedActionException'> (0x000000076c2384d0) thrown at [C:\workspace\8-2-build-windows-amd64-cygwin\jdk8u65\4987\hotspot\src\share\vm\prims\jvm.cpp, line 1386]
Event: 0.397 Thread 0x000000001e1fa800 Exception <a 'java/security/PrivilegedActionException'> (0x000000076c2388c8) thrown at [C:\workspace\8-2-build-windows-amd64-cygwin\jdk8u65\4987\hotspot\src\share\vm\prims\jvm.cpp, line 1386]
Event: 0.793 Thread 0x00000000025be000 Implicit null exception at 0x000000000272c7fc to 0x000000000272cdc9

Events (10 events):
Event: 4.066 Executing VM operation: EnableBiasedLocking
Event: 4.066 Executing VM operation: EnableBiasedLocking done
Event: 4.154 Executing VM operation: ParallelGCFailedAllocation
Event: 4.155 Executing VM operation: ParallelGCFailedAllocation done
Event: 4.344 Executing VM operation: ParallelGCFailedAllocation
Event: 4.345 Executing VM operation: ParallelGCFailedAllocation done
Event: 4.567 Executing VM operation: ParallelGCFailedAllocation
Event: 4.568 Executing VM operation: ParallelGCFailedAllocation done
Event: 4.754 Executing VM operation: ParallelGCFailedAllocation
Event: 4.755 Executing VM operation: ParallelGCFailedAllocation done


Dynamic libraries:
0x00007ff75ee90000 - 0x00007ff75eec7000 	C:\Program Files\Java\jdk1.8.0_65\bin\java.exe
0x00007ffde4980000 - 0x00007ffde4b41000 	C:\WINDOWS\SYSTEM32\ntdll.dll
0x00007ffde42a0000 - 0x00007ffde434d000 	C:\WINDOWS\system32\KERNEL32.DLL
0x00007ffde19f0000 - 0x00007ffde1bd8000 	C:\WINDOWS\system32\KERNELBASE.dll
0x00007ffde1e70000 - 0x00007ffde1f17000 	C:\WINDOWS\system32\ADVAPI32.dll
0x00007ffde3800000 - 0x00007ffde389d000 	C:\WINDOWS\system32\msvcrt.dll
0x00007ffde1e10000 - 0x00007ffde1e6b000 	C:\WINDOWS\system32\sechost.dll
0x00007ffde3bd0000 - 0x00007ffde3cec000 	C:\WINDOWS\system32\RPCRT4.dll
0x00007ffde3fe0000 - 0x00007ffde4136000 	C:\WINDOWS\system32\USER32.dll
0x00007ffde3cf0000 - 0x00007ffde3e76000 	C:\WINDOWS\system32\GDI32.dll
0x00007ffddd690000 - 0x00007ffddd904000 	C:\WINDOWS\WinSxS\amd64_microsoft.windows.common-controls_6595b64144ccf1df_6.0.10586.0_none_8c15ae12515e1c22\COMCTL32.dll
0x00007ffde3950000 - 0x00007ffde3bcd000 	C:\WINDOWS\system32\combase.dll
0x00007ffde1cf0000 - 0x00007ffde1d5a000 	C:\WINDOWS\system32\bcryptPrimitives.dll
0x00007ffde1dc0000 - 0x00007ffde1dfb000 	C:\WINDOWS\system32\IMM32.DLL
0x0000000070c90000 - 0x0000000070d62000 	C:\Program Files\Java\jdk1.8.0_65\jre\bin\msvcr100.dll
0x0000000070400000 - 0x0000000070c89000 	C:\Program Files\Java\jdk1.8.0_65\jre\bin\server\jvm.dll
0x00007ffde4290000 - 0x00007ffde4298000 	C:\WINDOWS\system32\PSAPI.DLL
0x00007ffdd8550000 - 0x00007ffdd8559000 	C:\WINDOWS\SYSTEM32\WSOCK32.dll
0x00007ffddf730000 - 0x00007ffddf753000 	C:\WINDOWS\SYSTEM32\WINMM.dll
0x00007ffddd9c0000 - 0x00007ffddd9ca000 	C:\WINDOWS\SYSTEM32\VERSION.dll
0x00007ffde4470000 - 0x00007ffde44db000 	C:\WINDOWS\system32\WS2_32.dll
0x00000000022c0000 - 0x00000000022ec000 	C:\WINDOWS\SYSTEM32\WINMMBASE.dll
0x00007ffde1be0000 - 0x00007ffde1c23000 	C:\WINDOWS\system32\cfgmgr32.dll
0x00000000703f0000 - 0x00000000703ff000 	C:\Program Files\Java\jdk1.8.0_65\jre\bin\verify.dll
0x00000000703c0000 - 0x00000000703e9000 	C:\Program Files\Java\jdk1.8.0_65\jre\bin\java.dll
0x0000000070380000 - 0x00000000703b5000 	C:\Program Files\Java\jdk1.8.0_65\jre\bin\jdwp.dll
0x0000000070370000 - 0x0000000070378000 	C:\Program Files\Java\jdk1.8.0_65\jre\bin\npt.dll
0x0000000070350000 - 0x0000000070366000 	C:\Program Files\Java\jdk1.8.0_65\jre\bin\zip.dll
0x00007ffde1f80000 - 0x00007ffde34dc000 	C:\WINDOWS\system32\SHELL32.dll
0x00007ffde11d0000 - 0x00007ffde1815000 	C:\WINDOWS\system32\windows.storage.dll
0x00007ffde36b0000 - 0x00007ffde3702000 	C:\WINDOWS\system32\shlwapi.dll
0x00007ffde0fb0000 - 0x00007ffde0fbf000 	C:\WINDOWS\system32\kernel.appcore.dll
0x00007ffde1c30000 - 0x00007ffde1ce5000 	C:\WINDOWS\system32\shcore.dll
0x00007ffde0fc0000 - 0x00007ffde100b000 	C:\WINDOWS\system32\powrprof.dll
0x00007ffde0f80000 - 0x00007ffde0f94000 	C:\WINDOWS\system32\profapi.dll
0x0000000070340000 - 0x0000000070349000 	C:\Program Files\Java\jdk1.8.0_65\jre\bin\dt_socket.dll
0x00007ffde08b0000 - 0x00007ffde090c000 	C:\WINDOWS\system32\mswsock.dll
0x00007ffdcf260000 - 0x00007ffdcf2e8000 	D:\Code\Java\Projects\WireEngine20\lib\native\lwjgl.dll
0x00007ffde0a80000 - 0x00007ffde0a8b000 	C:\WINDOWS\SYSTEM32\CRYPTBASE.DLL
0x00007ffdc2750000 - 0x00007ffdc2792000 	D:\Code\Java\Projects\WireEngine20\lib\native\jemalloc.dll
0x00007ffdcf9f0000 - 0x00007ffdcfa28000 	D:\Code\Java\Projects\WireEngine20\lib\native\glfw.dll
0x00007ffddf850000 - 0x00007ffddf8e6000 	C:\WINDOWS\system32\uxtheme.dll
0x00007ffdde650000 - 0x00007ffdde672000 	C:\WINDOWS\SYSTEM32\dwmapi.dll
0x00007ffdc8b70000 - 0x00007ffdc8c99000 	C:\WINDOWS\SYSTEM32\opengl32.dll
0x00007ffdcd0c0000 - 0x00007ffdcd0ee000 	C:\WINDOWS\SYSTEM32\GLU32.dll
0x00007ffdc6920000 - 0x00007ffdc6a1a000 	C:\WINDOWS\SYSTEM32\DDRAW.dll
0x00007ffddaa30000 - 0x00007ffddaa38000 	C:\WINDOWS\SYSTEM32\DCIMAN32.dll
0x00007ffde3e80000 - 0x00007ffde3fda000 	C:\WINDOWS\system32\MSCTF.dll
0x00007ffdc9cc0000 - 0x00007ffdc9d09000 	C:\Program Files (x86)\TeamViewer\tv_x64.dll
0x00007ffde4140000 - 0x00007ffde4283000 	C:\WINDOWS\system32\ole32.dll
0x000000006e5f0000 - 0x0000000070339000 	C:\WINDOWS\SYSTEM32\nvoglv64.DLL
0x00007ffde4550000 - 0x00007ffde4979000 	C:\WINDOWS\system32\SETUPAPI.dll
0x00007ffddf2f0000 - 0x00007ffddf303000 	C:\WINDOWS\SYSTEM32\WTSAPI32.dll
0x00007ffddf9a0000 - 0x00007ffddf9c7000 	C:\WINDOWS\SYSTEM32\DEVOBJ.dll
0x00007ffde1170000 - 0x00007ffde11c5000 	C:\WINDOWS\system32\WINTRUST.dll
0x00007ffde0fa0000 - 0x00007ffde0fb0000 	C:\WINDOWS\system32\MSASN1.dll
0x00007ffde1820000 - 0x00007ffde19e7000 	C:\WINDOWS\system32\CRYPT32.dll
0x00007ffde04d0000 - 0x00007ffde0501000 	C:\WINDOWS\SYSTEM32\ntmarta.dll
0x00007ffde0220000 - 0x00007ffde0276000 	C:\WINDOWS\SYSTEM32\WINSTA.dll
0x00007ffde38a0000 - 0x00007ffde3947000 	C:\WINDOWS\system32\clbcatq.dll
0x00007ffdb9de0000 - 0x00007ffdb9f6c000 	C:\WINDOWS\SYSTEM32\dbghelp.dll

VM Arguments:
jvm_args: -agentlib:jdwp=transport=dt_socket,address=127.0.0.1:50130,suspend=y,server=n -Djava.library.path=lib/native/ -Dfile.encoding=UTF-8 
java_command: main.Main
java_class_path (initial): C:\Program Files\Java\jdk1.8.0_65\jre\lib\charsets.jar;C:\Program Files\Java\jdk1.8.0_65\jre\lib\deploy.jar;C:\Program Files\Java\jdk1.8.0_65\jre\lib\ext\access-bridge-64.jar;C:\Program Files\Java\jdk1.8.0_65\jre\lib\ext\cldrdata.jar;C:\Program Files\Java\jdk1.8.0_65\jre\lib\ext\dnsns.jar;C:\Program Files\Java\jdk1.8.0_65\jre\lib\ext\jaccess.jar;C:\Program Files\Java\jdk1.8.0_65\jre\lib\ext\jfxrt.jar;C:\Program Files\Java\jdk1.8.0_65\jre\lib\ext\localedata.jar;C:\Program Files\Java\jdk1.8.0_65\jre\lib\ext\nashorn.jar;C:\Program Files\Java\jdk1.8.0_65\jre\lib\ext\sunec.jar;C:\Program Files\Java\jdk1.8.0_65\jre\lib\ext\sunjce_provider.jar;C:\Program Files\Java\jdk1.8.0_65\jre\lib\ext\sunmscapi.jar;C:\Program Files\Java\jdk1.8.0_65\jre\lib\ext\sunpkcs11.jar;C:\Program Files\Java\jdk1.8.0_65\jre\lib\ext\zipfs.jar;C:\Program Files\Java\jdk1.8.0_65\jre\lib\javaws.jar;C:\Program Files\Java\jdk1.8.0_65\jre\lib\jce.jar;C:\Program Files\Java\jdk1.8.0_65\jre\lib\jfr.jar;C:\Program Files\Java\jdk1.8.0_65\jre\lib\jfxswt.jar;C:\Program Files\Java\jdk1.8.0_65\jre\lib\jsse.jar;C:\Program Files\Java\jdk1.8.0_65\jre\lib\management-agent.jar;C:\Program Files\Java\jdk1.8.0_65\jre\lib\plugin.jar;C:\Program Files\Java\jdk1.8.0_65\jre\lib\resources.jar;C:\Program Files\Java\jdk1.8.0_65\jre\lib\rt.jar;D:\Code\Java\Projects\WireEngine20\out\production\WireEngine20;D:\Code\Java\Projects\WireEngine20\lib\jar\lwjgl.jar;D:\Program Files (x86)\JetBrains\IntelliJ IDEA 2016.1\lib\idea_rt.jar
Launcher Type: SUN_STANDARD

Environment Variables:
JAVA_HOME=C:\Program Files\Java\jdk1.8.0_65
PATH=C:\ProgramData\Oracle\Java\javapath;C:\Program Files (x86)\Razer Chroma SDK\bin;C:\Program Files\Razer Chroma SDK\bin;C:\Program Files (x86)\NVIDIA Corporation\PhysX\Common;C:\Program Files (x86)\Intel\iCLS Client\;C:\Program Files\Intel\iCLS Client\;C:\Windows\system32;C:\Windows;C:\Windows\System32\Wbem;C:\Windows\System32\WindowsPowerShell\v1.0\;C:\Program Files\Intel\Intel(R) Management Engine Components\DAL;C:\Program Files (x86)\Intel\Intel(R) Management Engine Components\DAL;C:\Program Files\Intel\Intel(R) Management Engine Components\IPT;C:\Program Files (x86)\Intel\Intel(R) Management Engine Components\IPT;C:\Program Files\Java\jre1.8.0_65\bin;C:\MinGW\bin;C:\WINDOWS\system32;C:\WINDOWS;C:\WINDOWS\System32\Wbem;C:\WINDOWS\System32\WindowsPowerShell\v1.0\;D:\Program Files (x86)\CMake\bin;D:\Program Files\Programs\Python\Python35-32;D:\Program Files\Programs\Python\Python35-32\Scripts;C:\Program Files (x86)\Skype\Phone\;D:\Program Files\Programs\Python\Python35-32\Scripts\;D:\Program Files\Programs\Python\Python35-32\
USERNAME=Kelan
OS=Windows_NT
PROCESSOR_IDENTIFIER=Intel64 Family 6 Model 60 Stepping 3, GenuineIntel



---------------  S Y S T E M  ---------------

OS: Windows 10.0 , 64 bit Build 10586 (10.0.10586.0)

CPU:total 8 (4 cores per cpu, 2 threads per core) family 6 model 60 stepping 3, cmov, cx8, fxsr, mmx, sse, sse2, sse3, ssse3, sse4.1, sse4.2, popcnt, avx, avx2, aes, clmul, erms, lzcnt, ht, tsc, tscinvbit, bmi1, bmi2

Memory: 4k page, physical 16609500k(4269660k free), swap 33386716k(18248204k free)

vm_info: Java HotSpot(TM) 64-Bit Server VM (25.65-b01) for windows-amd64 JRE (1.8.0_65-b17), built on Oct  6 2015 16:39:20 by "java_re" with MS VC++ 10.0 (VS2010)

time: Sun Apr 10 13:24:31 2016
elapsed time: 4 seconds (0d 0h 0m 4s)

