#
# A fatal error has been detected by the Java Runtime Environment:
#
#  EXCEPTION_ACCESS_VIOLATION (0xc0000005) at pc=0x00007ffdd3df24b9, pid=11940, tid=3528
#
# JRE version: Java(TM) SE Runtime Environment (8.0_65-b17) (build 1.8.0_65-b17)
# Java VM: Java HotSpot(TM) 64-Bit Server VM (25.65-b01 mixed mode windows-amd64 compressed oops)
# Problematic frame:
# C  [glfw.dll+0x24b9]
#
# Failed to write core dump. Minidumps are not enabled by default on client versions of Windows
#
# If you would like to submit a bug report, please visit:
#   http://bugreport.java.com/bugreport/crash.jsp
# The crash happened outside the Java Virtual Machine in native code.
# See problematic frame for where to report the bug.
#

---------------  T H R E A D  ---------------

Current thread (0x000000001e226000):  JavaThread "CLIENT" [_thread_in_native, id=3528, stack(0x000000001ef40000,0x000000001f040000)]

siginfo: ExceptionCode=0xc0000005, reading address 0x0000000000000000

Registers:
RAX=0x0000000000000000, RBX=0x000000001ba06d70, RCX=0x0000000000000000, RDX=0x0000000000000000
RSP=0x000000001f03f2a0, RBP=0x000000001f03f350, RSI=0x0000000000000108, RDI=0x00000000006a6350
R8 =0x000000001f03f298, R9 =0x000000001f03f350, R10=0x0000000000000000, R11=0x0000000000000246
R12=0x0000000000000000, R13=0x000000001ba06d70, R14=0x000000001f03f388, R15=0x000000001e226000
RIP=0x00007ffdd3df24b9, EFLAGS=0x0000000000010283

Top of Stack: (sp=0x000000001f03f2a0)
0x000000001f03f2a0:   000000001e226000 000000001e226000
0x000000001f03f2b0:   000000001ba20ce0 000000007052d610
0x000000001f03f2c0:   0000000000000175 000000000260dfcc
0x000000001f03f2d0:   000000001ba06d70 000000001bf900f0
0x000000001f03f2e0:   000000000000000e 000000001e226000
0x000000001f03f2f0:   000000001ba20ce0 000000007052aea4
0x000000001f03f300:   000000001e226000 000000001e226000
0x000000001f03f310:   000000001f03f310 0000000000000000
0x000000001f03f320:   000000001f03f388 000000001ba07510
0x000000001f03f330:   0000000000000000 000000001ba06d70
0x000000001f03f340:   0000000000000000 000000001f03f370
0x000000001f03f350:   000000001f03f3d0 00000000025f7d8d
0x000000001f03f360:   00000006c2806118 00000000026042f8
0x000000001f03f370:   00000000006a6350 00000000025f78a0
0x000000001f03f380:   00007ffdd3df2420 0000000000000001
0x000000001f03f390:   000000001f03f390 000000001ba20cb4 

Instructions: (pc=0x00007ffdd3df24b9)
0x00007ffdd3df2499:   48 8b cf e8 1f 3a 00 00 48 39 3d f0 d5 02 00 48
0x00007ffdd3df24a9:   8d 0d e9 d5 02 00 48 8b 5c 24 30 74 08 48 8b 09
0x00007ffdd3df24b9:   48 39 39 75 f8 48 8b 07 48 89 01 48 8b cf 48 83
0x00007ffdd3df24c9:   c4 20 5f e9 5b fe 00 00 48 83 c4 20 5f c3 cc cc 


Register to memory mapping:

RAX=0x0000000000000000 is an unknown value
RBX={method} {0x000000001ba06d78} 'invokePV' '(JJ)V' in 'org/lwjgl/system/JNI'
RCX=0x0000000000000000 is an unknown value
RDX=0x0000000000000000 is an unknown value
RSP=0x000000001f03f2a0 is pointing into the stack for thread: 0x000000001e226000
RBP=0x000000001f03f350 is pointing into the stack for thread: 0x000000001e226000
RSI=0x0000000000000108 is an unknown value
RDI=0x00000000006a6350 is an unknown value
R8 =0x000000001f03f298 is pointing into the stack for thread: 0x000000001e226000
R9 =0x000000001f03f350 is pointing into the stack for thread: 0x000000001e226000
R10=0x0000000000000000 is an unknown value
R11=0x0000000000000246 is an unknown value
R12=0x0000000000000000 is an unknown value
R13={method} {0x000000001ba06d78} 'invokePV' '(JJ)V' in 'org/lwjgl/system/JNI'
R14=0x000000001f03f388 is pointing into the stack for thread: 0x000000001e226000
R15=0x000000001e226000 is a thread


Stack: [0x000000001ef40000,0x000000001f040000],  sp=0x000000001f03f2a0,  free space=1020k
Native frames: (J=compiled Java code, j=interpreted, Vv=VM code, C=native code)
C  [glfw.dll+0x24b9]
C  0x000000000260dfcc

Java frames: (J=compiled Java code, j=interpreted, Vv=VM code)
j  org.lwjgl.system.JNI.invokePV(JJ)V+0
j  org.lwjgl.glfw.GLFW.glfwDestroyCursor(J)V+20
j  main.client.Window.destroyWindow()V+9
j  main.coreEngine.Engine.stop()V+70
j  main.client.Window.update()V+43
j  main.client.renderEngine.RenderEngine.render()V+29
j  main.client.ClientThread.tick()V+12
J 442% C1 main.coreEngine.TickableThread.run()V (481 bytes) @ 0x000000000285651c [0x0000000002851c40+0x48dc]
v  ~StubRoutines::call_stub

---------------  P R O C E S S  ---------------

Java Threads: ( => current thread )
  0x000000001e226800 JavaThread "SERVER" [_thread_in_Java, id=6420, stack(0x000000001f040000,0x000000001f140000)]
=>0x000000001e226000 JavaThread "CLIENT" [_thread_in_native, id=3528, stack(0x000000001ef40000,0x000000001f040000)]
  0x000000001e129000 JavaThread "Service Thread" daemon [_thread_blocked, id=12924, stack(0x000000001ed40000,0x000000001ee40000)]
  0x000000001e0a1800 JavaThread "C1 CompilerThread3" daemon [_thread_blocked, id=10656, stack(0x000000001ec40000,0x000000001ed40000)]
  0x000000001e093000 JavaThread "C2 CompilerThread2" daemon [_thread_blocked, id=2108, stack(0x000000001eb40000,0x000000001ec40000)]
  0x000000001e092800 JavaThread "C2 CompilerThread1" daemon [_thread_blocked, id=1768, stack(0x000000001ea40000,0x000000001eb40000)]
  0x000000001e09c800 JavaThread "C2 CompilerThread0" daemon [_thread_blocked, id=10608, stack(0x000000001e940000,0x000000001ea40000)]
  0x000000001e082000 JavaThread "JDWP Command Reader" daemon [_thread_in_native, id=3800, stack(0x000000001e840000,0x000000001e940000)]
  0x000000001e07f000 JavaThread "JDWP Event Helper Thread" daemon [_thread_blocked, id=6636, stack(0x000000001e740000,0x000000001e840000)]
  0x000000001e071800 JavaThread "JDWP Transport Listener: dt_socket" daemon [_thread_blocked, id=7144, stack(0x000000001e640000,0x000000001e740000)]
  0x000000001e066800 JavaThread "Attach Listener" daemon [_thread_blocked, id=11428, stack(0x000000001e540000,0x000000001e640000)]
  0x000000001e065800 JavaThread "Signal Dispatcher" daemon [_thread_blocked, id=7220, stack(0x000000001e440000,0x000000001e540000)]
  0x00000000025ea000 JavaThread "Finalizer" daemon [_thread_blocked, id=11296, stack(0x000000001de60000,0x000000001df60000)]
  0x00000000025e3000 JavaThread "Reference Handler" daemon [_thread_blocked, id=8092, stack(0x000000001dd60000,0x000000001de60000)]
  0x00000000024ee000 JavaThread "main" [_thread_in_Java, id=4268, stack(0x0000000002340000,0x0000000002440000)]

Other Threads:
  0x000000001bf89800 VMThread [stack: 0x000000001dc60000,0x000000001dd60000] [id=11080]
  0x000000001e152800 WatcherThread [stack: 0x000000001ee40000,0x000000001ef40000] [id=8744]

VM state:not at safepoint (normal execution)

VM Mutex/Monitor currently owned by a thread: None

Heap:
 PSYoungGen      total 198656K, used 77646K [0x000000076b800000, 0x0000000784c00000, 0x00000007c0000000)
  eden space 198144K, 39% used [0x000000076b800000,0x00000007703bba00,0x0000000777980000)
  from space 512K, 18% used [0x0000000784b80000,0x0000000784b98000,0x0000000784c00000)
  to   space 2048K, 0% used [0x0000000784800000,0x0000000784800000,0x0000000784a00000)
 ParOldGen       total 173568K, used 1272K [0x00000006c2800000, 0x00000006cd180000, 0x000000076b800000)
  object space 173568K, 0% used [0x00000006c2800000,0x00000006c293e070,0x00000006cd180000)
 Metaspace       used 7973K, capacity 8550K, committed 8704K, reserved 1056768K
  class space    used 642K, capacity 658K, committed 768K, reserved 1048576K

Card table byte_map: [0x00000000119b0000,0x00000000121a0000] byte_map_base: 0x000000000e39c000

Marking Bits: (ParMarkBitMap*) 0x0000000070c0a5b0
 Begin Bits: [0x0000000012ef0000, 0x0000000016e50000)
 End Bits:   [0x0000000016e50000, 0x000000001adb0000)

Polling page: 0x00000000022f0000

CodeCache: size=245760Kb used=2674Kb max_used=2674Kb free=243085Kb
 bounds [0x00000000025f0000, 0x0000000002890000, 0x00000000115f0000]
 total_blobs=1143 nmethods=500 adapters=564
 compilation: enabled

Compilation events (10 events):
Event: 2.997 Thread 0x000000001e0a1800  496       3       main.client.renderEngine.shader.AbstractShaderProgram::useProgram (16 bytes)
Event: 2.997 Thread 0x000000001e0a1800 nmethod 496 0x000000000288be10 code [0x000000000288c000, 0x000000000288c7b8]
Event: 3.013 Thread 0x000000001e0a1800  497       3       main.coreEngine.sceneGraph.Node::render (75 bytes)
Event: 3.013 Thread 0x000000001e0a1800 nmethod 497 0x000000000288cd90 code [0x000000000288cfa0, 0x000000000288d9d8]
Event: 3.013 Thread 0x000000001e0a1800  498       1       main.client.ClientThread::getRenderEngine (5 bytes)
Event: 3.013 Thread 0x000000001e0a1800 nmethod 498 0x000000000285c610 code [0x000000000285c760, 0x000000000285c870]
Event: 3.013 Thread 0x000000001e0a1800  499       1       main.client.renderEngine.RenderEngine$ModelData::getMesh (5 bytes)
Event: 3.013 Thread 0x000000001e0a1800 nmethod 499 0x000000000287fd10 code [0x000000000287fe60, 0x000000000287ff70]
Event: 3.026 Thread 0x000000001e0a1800  500       3       main.coreEngine.sceneGraph.Node::tick (75 bytes)
Event: 3.026 Thread 0x000000001e0a1800 nmethod 500 0x000000000288dd50 code [0x000000000288df60, 0x000000000288e998]

GC Heap History (10 events):
Event: 2.199 GC heap before
{Heap before GC invocations=12 (full 0):
 PSYoungGen      total 240640K, used 240224K [0x000000076b800000, 0x0000000785080000, 0x00000007c0000000)
  eden space 240128K, 100% used [0x000000076b800000,0x000000077a280000,0x000000077a280000)
  from space 512K, 18% used [0x0000000784d80000,0x0000000784d98000,0x0000000784e00000)
  to   space 2048K, 0% used [0x0000000784e80000,0x0000000784e80000,0x0000000785080000)
 ParOldGen       total 173568K, used 1272K [0x00000006c2800000, 0x00000006cd180000, 0x000000076b800000)
  object space 173568K, 0% used [0x00000006c2800000,0x00000006c293e070,0x00000006cd180000)
 Metaspace       used 7967K, capacity 8486K, committed 8704K, reserved 1056768K
  class space    used 642K, capacity 658K, committed 768K, reserved 1048576K
Event: 2.199 GC heap after
Heap after GC invocations=12 (full 0):
 PSYoungGen      total 231424K, used 32K [0x000000076b800000, 0x0000000784f00000, 0x00000007c0000000)
  eden space 230912K, 0% used [0x000000076b800000,0x000000076b800000,0x0000000779980000)
  from space 512K, 6% used [0x0000000784e80000,0x0000000784e88000,0x0000000784f00000)
  to   space 2048K, 0% used [0x0000000784b00000,0x0000000784b00000,0x0000000784d00000)
 ParOldGen       total 173568K, used 1272K [0x00000006c2800000, 0x00000006cd180000, 0x000000076b800000)
  object space 173568K, 0% used [0x00000006c2800000,0x00000006c293e070,0x00000006cd180000)
 Metaspace       used 7967K, capacity 8486K, committed 8704K, reserved 1056768K
  class space    used 642K, capacity 658K, committed 768K, reserved 1048576K
}
Event: 2.535 GC heap before
{Heap before GC invocations=13 (full 0):
 PSYoungGen      total 231424K, used 230944K [0x000000076b800000, 0x0000000784f00000, 0x00000007c0000000)
  eden space 230912K, 100% used [0x000000076b800000,0x0000000779980000,0x0000000779980000)
  from space 512K, 6% used [0x0000000784e80000,0x0000000784e88000,0x0000000784f00000)
  to   space 2048K, 0% used [0x0000000784b00000,0x0000000784b00000,0x0000000784d00000)
 ParOldGen       total 173568K, used 1272K [0x00000006c2800000, 0x00000006cd180000, 0x000000076b800000)
  object space 173568K, 0% used [0x00000006c2800000,0x00000006c293e070,0x00000006cd180000)
 Metaspace       used 7968K, capacity 8486K, committed 8704K, reserved 1056768K
  class space    used 642K, capacity 658K, committed 768K, reserved 1048576K
Event: 2.535 GC heap after
Heap after GC invocations=13 (full 0):
 PSYoungGen      total 224256K, used 64K [0x000000076b800000, 0x0000000784f00000, 0x00000007c0000000)
  eden space 222208K, 0% used [0x000000076b800000,0x000000076b800000,0x0000000779100000)
  from space 2048K, 3% used [0x0000000784b00000,0x0000000784b10000,0x0000000784d00000)
  to   space 2048K, 0% used [0x0000000784d00000,0x0000000784d00000,0x0000000784f00000)
 ParOldGen       total 173568K, used 1272K [0x00000006c2800000, 0x00000006cd180000, 0x000000076b800000)
  object space 173568K, 0% used [0x00000006c2800000,0x00000006c293e070,0x00000006cd180000)
 Metaspace       used 7968K, capacity 8486K, committed 8704K, reserved 1056768K
  class space    used 642K, capacity 658K, committed 768K, reserved 1048576K
}
Event: 2.844 GC heap before
{Heap before GC invocations=14 (full 0):
 PSYoungGen      total 224256K, used 222272K [0x000000076b800000, 0x0000000784f00000, 0x00000007c0000000)
  eden space 222208K, 100% used [0x000000076b800000,0x0000000779100000,0x0000000779100000)
  from space 2048K, 3% used [0x0000000784b00000,0x0000000784b10000,0x0000000784d00000)
  to   space 2048K, 0% used [0x0000000784d00000,0x0000000784d00000,0x0000000784f00000)
 ParOldGen       total 173568K, used 1272K [0x00000006c2800000, 0x00000006cd180000, 0x000000076b800000)
  object space 173568K, 0% used [0x00000006c2800000,0x00000006c293e070,0x00000006cd180000)
 Metaspace       used 7969K, capacity 8486K, committed 8704K, reserved 1056768K
  class space    used 642K, capacity 658K, committed 768K, reserved 1048576K
Event: 2.844 GC heap after
Heap after GC invocations=14 (full 0):
 PSYoungGen      total 214528K, used 96K [0x000000076b800000, 0x0000000784d80000, 0x00000007c0000000)
  eden space 214016K, 0% used [0x000000076b800000,0x000000076b800000,0x0000000778900000)
  from space 512K, 18% used [0x0000000784d00000,0x0000000784d18000,0x0000000784d80000)
  to   space 2048K, 0% used [0x0000000784980000,0x0000000784980000,0x0000000784b80000)
 ParOldGen       total 173568K, used 1272K [0x00000006c2800000, 0x00000006cd180000, 0x000000076b800000)
  object space 173568K, 0% used [0x00000006c2800000,0x00000006c293e070,0x00000006cd180000)
 Metaspace       used 7969K, capacity 8486K, committed 8704K, reserved 1056768K
  class space    used 642K, capacity 658K, committed 768K, reserved 1048576K
}
Event: 3.159 GC heap before
{Heap before GC invocations=15 (full 0):
 PSYoungGen      total 214528K, used 214112K [0x000000076b800000, 0x0000000784d80000, 0x00000007c0000000)
  eden space 214016K, 100% used [0x000000076b800000,0x0000000778900000,0x0000000778900000)
  from space 512K, 18% used [0x0000000784d00000,0x0000000784d18000,0x0000000784d80000)
  to   space 2048K, 0% used [0x0000000784980000,0x0000000784980000,0x0000000784b80000)
 ParOldGen       total 173568K, used 1272K [0x00000006c2800000, 0x00000006cd180000, 0x000000076b800000)
  object space 173568K, 0% used [0x00000006c2800000,0x00000006c293e070,0x00000006cd180000)
 Metaspace       used 7973K, capacity 8550K, committed 8704K, reserved 1056768K
  class space    used 642K, capacity 658K, committed 768K, reserved 1048576K
Event: 3.159 GC heap after
Heap after GC invocations=15 (full 0):
 PSYoungGen      total 207872K, used 96K [0x000000076b800000, 0x0000000784d80000, 0x00000007c0000000)
  eden space 205824K, 0% used [0x000000076b800000,0x000000076b800000,0x0000000778100000)
  from space 2048K, 4% used [0x0000000784980000,0x0000000784998000,0x0000000784b80000)
  to   space 2048K, 0% used [0x0000000784b80000,0x0000000784b80000,0x0000000784d80000)
 ParOldGen       total 173568K, used 1272K [0x00000006c2800000, 0x00000006cd180000, 0x000000076b800000)
  object space 173568K, 0% used [0x00000006c2800000,0x00000006c293e070,0x00000006cd180000)
 Metaspace       used 7973K, capacity 8550K, committed 8704K, reserved 1056768K
  class space    used 642K, capacity 658K, committed 768K, reserved 1048576K
}
Event: 3.503 GC heap before
{Heap before GC invocations=16 (full 0):
 PSYoungGen      total 207872K, used 205920K [0x000000076b800000, 0x0000000784d80000, 0x00000007c0000000)
  eden space 205824K, 100% used [0x000000076b800000,0x0000000778100000,0x0000000778100000)
  from space 2048K, 4% used [0x0000000784980000,0x0000000784998000,0x0000000784b80000)
  to   space 2048K, 0% used [0x0000000784b80000,0x0000000784b80000,0x0000000784d80000)
 ParOldGen       total 173568K, used 1272K [0x00000006c2800000, 0x00000006cd180000, 0x000000076b800000)
  object space 173568K, 0% used [0x00000006c2800000,0x00000006c293e070,0x00000006cd180000)
 Metaspace       used 7973K, capacity 8550K, committed 8704K, reserved 1056768K
  class space    used 642K, capacity 658K, committed 768K, reserved 1048576K
Event: 3.503 GC heap after
Heap after GC invocations=16 (full 0):
 PSYoungGen      total 198656K, used 96K [0x000000076b800000, 0x0000000784c00000, 0x00000007c0000000)
  eden space 198144K, 0% used [0x000000076b800000,0x000000076b800000,0x0000000777980000)
  from space 512K, 18% used [0x0000000784b80000,0x0000000784b98000,0x0000000784c00000)
  to   space 2048K, 0% used [0x0000000784800000,0x0000000784800000,0x0000000784a00000)
 ParOldGen       total 173568K, used 1272K [0x00000006c2800000, 0x00000006cd180000, 0x000000076b800000)
  object space 173568K, 0% used [0x00000006c2800000,0x00000006c293e070,0x00000006cd180000)
 Metaspace       used 7973K, capacity 8550K, committed 8704K, reserved 1056768K
  class space    used 642K, capacity 658K, committed 768K, reserved 1048576K
}

Deoptimization events (10 events):
Event: 0.125 Thread 0x000000001e226000 Uncommon trap: reason=bimorphic action=maybe_recompile pc=0x0000000002737ab4 method=java.util.HashMap.getNode(ILjava/lang/Object;)Ljava/util/HashMap$Node; @ 126
Event: 0.401 Thread 0x000000001e226000 Uncommon trap: reason=bimorphic action=maybe_recompile pc=0x0000000002737ab4 method=java.util.HashMap.getNode(ILjava/lang/Object;)Ljava/util/HashMap$Node; @ 126
Event: 0.401 Thread 0x000000001e226000 Uncommon trap: reason=bimorphic action=maybe_recompile pc=0x0000000002737ab4 method=java.util.HashMap.getNode(ILjava/lang/Object;)Ljava/util/HashMap$Node; @ 126
Event: 0.406 Thread 0x000000001e226000 Uncommon trap: reason=unstable_if action=reinterpret pc=0x000000000272b498 method=java.util.HashMap.keySet()Ljava/util/Set; @ 6
Event: 0.881 Thread 0x000000001e226000 Uncommon trap: reason=unstable_if action=reinterpret pc=0x000000000272b744 method=java.util.HashMap.clear()V @ 16
Event: 0.881 Thread 0x000000001e226000 Uncommon trap: reason=unstable_if action=reinterpret pc=0x000000000272d418 method=java.util.HashMap.clear()V @ 16
Event: 0.881 Thread 0x00000000024ee000 Uncommon trap: reason=unstable_if action=reinterpret pc=0x000000000275f970 method=main.coreEngine.TickableThread.invoke(Ljava/lang/String;[Ljava/lang/Object;)V @ 53
Event: 0.881 Thread 0x000000001e226800 Uncommon trap: reason=unstable_if action=reinterpret pc=0x000000000275e2a0 method=main.coreEngine.TickableThread.run()V @ 58
Event: 0.926 Thread 0x00000000024ee000 Uncommon trap: reason=unstable_if action=reinterpret pc=0x000000000284ed30 method=main.coreEngine.Engine.start()V @ 163
Event: 0.976 Thread 0x000000001e226800 Uncommon trap: reason=unstable_if action=reinterpret pc=0x0000000002870bb4 method=main.coreEngine.TickableThread.run()V @ 461

Internal exceptions (8 events):
Event: 0.024 Thread 0x00000000024ee000 Exception <a 'java/lang/NoSuchMethodError': Method sun.misc.Unsafe.defineClass(Ljava/lang/String;[BII)Ljava/lang/Class; name or signature does not match> (0x000000076b80d9b8) thrown at [C:\workspace\8-2-build-windows-amd64-cygwin\jdk8u65\4987\hotspot\src\so0™VF—˜?
Event: 0.024 Thread 0x00000000024ee000 Exception <a 'java/lang/NoSuchMethodError': Method sun.misc.Unsafe.prefetchRead(Ljava/lang/Object;J)V name or signature does not match> (0x000000076b80dca0) thrown at [C:\workspace\8-2-build-windows-amd64-cygwin\jdk8u65\4987\hotspot\src\share\vm\prims\jni."‰ôÅÈ$Â?
Event: 0.142 Thread 0x000000001e226000 Exception <a 'java/lang/ArrayIndexOutOfBoundsException': -1> (0x000000076c9ac6f8) thrown at [C:\workspace\8-2-build-windows-amd64-cygwin\jdk8u65\4987\hotspot\src\share\vm\interpreter\interpreterRuntime.cpp, line 366]
Event: 0.401 Thread 0x000000001e226000 Exception <a 'java/security/PrivilegedActionException'> (0x000000076c869188) thrown at [C:\workspace\8-2-build-windows-amd64-cygwin\jdk8u65\4987\hotspot\src\share\vm\prims\jvm.cpp, line 1386]
Event: 0.401 Thread 0x000000001e226000 Exception <a 'java/security/PrivilegedActionException'> (0x000000076c869580) thrown at [C:\workspace\8-2-build-windows-amd64-cygwin\jdk8u65\4987\hotspot\src\share\vm\prims\jvm.cpp, line 1386]
Event: 0.401 Thread 0x000000001e226000 Exception <a 'java/security/PrivilegedActionException'> (0x000000076c86d798) thrown at [C:\workspace\8-2-build-windows-amd64-cygwin\jdk8u65\4987\hotspot\src\share\vm\prims\jvm.cpp, line 1386]
Event: 0.401 Thread 0x000000001e226000 Exception <a 'java/security/PrivilegedActionException'> (0x000000076c86db90) thrown at [C:\workspace\8-2-build-windows-amd64-cygwin\jdk8u65\4987\hotspot\src\share\vm\prims\jvm.cpp, line 1386]
Event: 0.881 Thread 0x00000000024ee000 Implicit null exception at 0x000000000275f37c to 0x000000000275f949

Events (10 events):
Event: 2.199 Executing VM operation: ParallelGCFailedAllocation
Event: 2.199 Executing VM operation: ParallelGCFailedAllocation done
Event: 2.535 Executing VM operation: ParallelGCFailedAllocation
Event: 2.535 Executing VM operation: ParallelGCFailedAllocation done
Event: 2.844 Executing VM operation: ParallelGCFailedAllocation
Event: 2.844 Executing VM operation: ParallelGCFailedAllocation done
Event: 3.159 Executing VM operation: ParallelGCFailedAllocation
Event: 3.159 Executing VM operation: ParallelGCFailedAllocation done
Event: 3.503 Executing VM operation: ParallelGCFailedAllocation
Event: 3.503 Executing VM operation: ParallelGCFailedAllocation done


Dynamic libraries:
0x00007ff7d2c20000 - 0x00007ff7d2c57000 	C:\Program Files\Java\jdk1.8.0_65\bin\java.exe
0x00007ffde4980000 - 0x00007ffde4b41000 	C:\WINDOWS\SYSTEM32\ntdll.dll
0x00007ffde42a0000 - 0x00007ffde434d000 	C:\WINDOWS\system32\KERNEL32.DLL
0x00007ffde19f0000 - 0x00007ffde1bd8000 	C:\WINDOWS\system32\KERNELBASE.dll
0x00007ffde1e70000 - 0x00007ffde1f17000 	C:\WINDOWS\system32\ADVAPI32.dll
0x00007ffde3800000 - 0x00007ffde389d000 	C:\WINDOWS\system32\msvcrt.dll
0x00007ffde1e10000 - 0x00007ffde1e6b000 	C:\WINDOWS\system32\sechost.dll
0x00007ffde3bd0000 - 0x00007ffde3cec000 	C:\WINDOWS\system32\RPCRT4.dll
0x00007ffde3fe0000 - 0x00007ffde4136000 	C:\WINDOWS\system32\USER32.dll
0x00007ffde3cf0000 - 0x00007ffde3e76000 	C:\WINDOWS\system32\GDI32.dll
0x00007ffddd690000 - 0x00007ffddd904000 	C:\WINDOWS\WinSxS\amd64_microsoft.windows.common-controls_6595b64144ccf1df_6.0.10586.0_none_8c15ae12515e1c22\COMCTL32.dll
0x00007ffde3950000 - 0x00007ffde3bcd000 	C:\WINDOWS\system32\combase.dll
0x00007ffde1cf0000 - 0x00007ffde1d5a000 	C:\WINDOWS\system32\bcryptPrimitives.dll
0x00007ffde1dc0000 - 0x00007ffde1dfb000 	C:\WINDOWS\system32\IMM32.DLL
0x0000000070c90000 - 0x0000000070d62000 	C:\Program Files\Java\jdk1.8.0_65\jre\bin\msvcr100.dll
0x0000000070400000 - 0x0000000070c89000 	C:\Program Files\Java\jdk1.8.0_65\jre\bin\server\jvm.dll
0x00007ffde4290000 - 0x00007ffde4298000 	C:\WINDOWS\system32\PSAPI.DLL
0x00007ffdd8550000 - 0x00007ffdd8559000 	C:\WINDOWS\SYSTEM32\WSOCK32.dll
0x00007ffddf730000 - 0x00007ffddf753000 	C:\WINDOWS\SYSTEM32\WINMM.dll
0x00007ffde4470000 - 0x00007ffde44db000 	C:\WINDOWS\system32\WS2_32.dll
0x00007ffddd9c0000 - 0x00007ffddd9ca000 	C:\WINDOWS\SYSTEM32\VERSION.dll
0x00000000022c0000 - 0x00000000022ec000 	C:\WINDOWS\SYSTEM32\WINMMBASE.dll
0x00007ffde1be0000 - 0x00007ffde1c23000 	C:\WINDOWS\system32\cfgmgr32.dll
0x00000000703f0000 - 0x00000000703ff000 	C:\Program Files\Java\jdk1.8.0_65\jre\bin\verify.dll
0x00000000703c0000 - 0x00000000703e9000 	C:\Program Files\Java\jdk1.8.0_65\jre\bin\java.dll
0x0000000070380000 - 0x00000000703b5000 	C:\Program Files\Java\jdk1.8.0_65\jre\bin\jdwp.dll
0x0000000070370000 - 0x0000000070378000 	C:\Program Files\Java\jdk1.8.0_65\jre\bin\npt.dll
0x0000000070350000 - 0x0000000070366000 	C:\Program Files\Java\jdk1.8.0_65\jre\bin\zip.dll
0x00007ffde1f80000 - 0x00007ffde34dc000 	C:\WINDOWS\system32\SHELL32.dll
0x00007ffde11d0000 - 0x00007ffde1815000 	C:\WINDOWS\system32\windows.storage.dll
0x00007ffde36b0000 - 0x00007ffde3702000 	C:\WINDOWS\system32\shlwapi.dll
0x00007ffde0fb0000 - 0x00007ffde0fbf000 	C:\WINDOWS\system32\kernel.appcore.dll
0x00007ffde1c30000 - 0x00007ffde1ce5000 	C:\WINDOWS\system32\shcore.dll
0x00007ffde0fc0000 - 0x00007ffde100b000 	C:\WINDOWS\system32\powrprof.dll
0x00007ffde0f80000 - 0x00007ffde0f94000 	C:\WINDOWS\system32\profapi.dll
0x0000000070340000 - 0x0000000070349000 	C:\Program Files\Java\jdk1.8.0_65\jre\bin\dt_socket.dll
0x00007ffde08b0000 - 0x00007ffde090c000 	C:\WINDOWS\system32\mswsock.dll
0x00007ffdcfcf0000 - 0x00007ffdcfd78000 	D:\Code\Java\Projects\WireEngine20\lib\native\lwjgl.dll
0x00007ffde0a80000 - 0x00007ffde0a8b000 	C:\WINDOWS\SYSTEM32\CRYPTBASE.DLL
0x00007ffdd4190000 - 0x00007ffdd41d2000 	D:\Code\Java\Projects\WireEngine20\lib\native\jemalloc.dll
0x00007ffdd3df0000 - 0x00007ffdd3e28000 	D:\Code\Java\Projects\WireEngine20\lib\native\glfw.dll
0x00007ffddf850000 - 0x00007ffddf8e6000 	C:\WINDOWS\system32\uxtheme.dll
0x00007ffdde650000 - 0x00007ffdde672000 	C:\WINDOWS\SYSTEM32\dwmapi.dll
0x00007ffdc9d10000 - 0x00007ffdc9e39000 	C:\WINDOWS\SYSTEM32\opengl32.dll
0x00007ffdc8ba0000 - 0x00007ffdc8c9a000 	C:\WINDOWS\SYSTEM32\DDRAW.dll
0x00007ffdcc690000 - 0x00007ffdcc6be000 	C:\WINDOWS\SYSTEM32\GLU32.dll
0x00007ffdd3d80000 - 0x00007ffdd3d88000 	C:\WINDOWS\SYSTEM32\DCIMAN32.dll
0x00007ffde3e80000 - 0x00007ffde3fda000 	C:\WINDOWS\system32\MSCTF.dll
0x00007ffdc3f50000 - 0x00007ffdc3f99000 	C:\Program Files (x86)\TeamViewer\tv_x64.dll
0x00007ffde4140000 - 0x00007ffde4283000 	C:\WINDOWS\system32\ole32.dll
0x000000006e5f0000 - 0x0000000070339000 	C:\WINDOWS\SYSTEM32\nvoglv64.DLL
0x00007ffde4550000 - 0x00007ffde4979000 	C:\WINDOWS\system32\SETUPAPI.dll
0x00007ffddf2f0000 - 0x00007ffddf303000 	C:\WINDOWS\SYSTEM32\WTSAPI32.dll
0x00007ffddf9a0000 - 0x00007ffddf9c7000 	C:\WINDOWS\SYSTEM32\DEVOBJ.dll
0x00007ffde1170000 - 0x00007ffde11c5000 	C:\WINDOWS\system32\WINTRUST.dll
0x00007ffde0fa0000 - 0x00007ffde0fb0000 	C:\WINDOWS\system32\MSASN1.dll
0x00007ffde1820000 - 0x00007ffde19e7000 	C:\WINDOWS\system32\CRYPT32.dll
0x00007ffde04d0000 - 0x00007ffde0501000 	C:\WINDOWS\SYSTEM32\ntmarta.dll
0x00007ffde0220000 - 0x00007ffde0276000 	C:\WINDOWS\SYSTEM32\WINSTA.dll
0x00007ffde38a0000 - 0x00007ffde3947000 	C:\WINDOWS\system32\clbcatq.dll
0x00007ffdb9de0000 - 0x00007ffdb9f6c000 	C:\WINDOWS\SYSTEM32\dbghelp.dll

VM Arguments:
jvm_args: -agentlib:jdwp=transport=dt_socket,address=127.0.0.1:61079,suspend=y,server=n -Djava.library.path=lib/native/ -Dfile.encoding=UTF-8 
java_command: main.Main
java_class_path (initial): C:\Program Files\Java\jdk1.8.0_65\jre\lib\charsets.jar;C:\Program Files\Java\jdk1.8.0_65\jre\lib\deploy.jar;C:\Program Files\Java\jdk1.8.0_65\jre\lib\ext\access-bridge-64.jar;C:\Program Files\Java\jdk1.8.0_65\jre\lib\ext\cldrdata.jar;C:\Program Files\Java\jdk1.8.0_65\jre\lib\ext\dnsns.jar;C:\Program Files\Java\jdk1.8.0_65\jre\lib\ext\jaccess.jar;C:\Program Files\Java\jdk1.8.0_65\jre\lib\ext\jfxrt.jar;C:\Program Files\Java\jdk1.8.0_65\jre\lib\ext\localedata.jar;C:\Program Files\Java\jdk1.8.0_65\jre\lib\ext\nashorn.jar;C:\Program Files\Java\jdk1.8.0_65\jre\lib\ext\sunec.jar;C:\Program Files\Java\jdk1.8.0_65\jre\lib\ext\sunjce_provider.jar;C:\Program Files\Java\jdk1.8.0_65\jre\lib\ext\sunmscapi.jar;C:\Program Files\Java\jdk1.8.0_65\jre\lib\ext\sunpkcs11.jar;C:\Program Files\Java\jdk1.8.0_65\jre\lib\ext\zipfs.jar;C:\Program Files\Java\jdk1.8.0_65\jre\lib\javaws.jar;C:\Program Files\Java\jdk1.8.0_65\jre\lib\jce.jar;C:\Program Files\Java\jdk1.8.0_65\jre\lib\jfr.jar;C:\Program Files\Java\jdk1.8.0_65\jre\lib\jfxswt.jar;C:\Program Files\Java\jdk1.8.0_65\jre\lib\jsse.jar;C:\Program Files\Java\jdk1.8.0_65\jre\lib\management-agent.jar;C:\Program Files\Java\jdk1.8.0_65\jre\lib\plugin.jar;C:\Program Files\Java\jdk1.8.0_65\jre\lib\resources.jar;C:\Program Files\Java\jdk1.8.0_65\jre\lib\rt.jar;D:\Code\Java\Projects\WireEngine20\out\production\WireEngine20;D:\Code\Java\Projects\WireEngine20\lib\jar\lwjgl.jar;D:\Program Files (x86)\JetBrains\IntelliJ IDEA 2016.1\lib\idea_rt.jar
Launcher Type: SUN_STANDARD

Environment Variables:
JAVA_HOME=C:\Program Files\Java\jdk1.8.0_65
PATH=C:\ProgramData\Oracle\Java\javapath;C:\Program Files (x86)\Razer Chroma SDK\bin;C:\Program Files\Razer Chroma SDK\bin;C:\Program Files (x86)\NVIDIA Corporation\PhysX\Common;C:\Program Files (x86)\Intel\iCLS Client\;C:\Program Files\Intel\iCLS Client\;C:\Windows\system32;C:\Windows;C:\Windows\System32\Wbem;C:\Windows\System32\WindowsPowerShell\v1.0\;C:\Program Files\Intel\Intel(R) Management Engine Components\DAL;C:\Program Files (x86)\Intel\Intel(R) Management Engine Components\DAL;C:\Program Files\Intel\Intel(R) Management Engine Components\IPT;C:\Program Files (x86)\Intel\Intel(R) Management Engine Components\IPT;C:\Program Files\Java\jre1.8.0_65\bin;C:\MinGW\bin;C:\WINDOWS\system32;C:\WINDOWS;C:\WINDOWS\System32\Wbem;C:\WINDOWS\System32\WindowsPowerShell\v1.0\;D:\Program Files (x86)\CMake\bin;D:\Program Files\Programs\Python\Python35-32;D:\Program Files\Programs\Python\Python35-32\Scripts;C:\Program Files (x86)\Skype\Phone\;D:\Program Files\Programs\Python\Python35-32\Scripts\;D:\Program Files\Programs\Python\Python35-32\
USERNAME=Kelan
OS=Windows_NT
PROCESSOR_IDENTIFIER=Intel64 Family 6 Model 60 Stepping 3, GenuineIntel



---------------  S Y S T E M  ---------------

OS: Windows 10.0 , 64 bit Build 10586 (10.0.10586.0)

CPU:total 8 (4 cores per cpu, 2 threads per core) family 6 model 60 stepping 3, cmov, cx8, fxsr, mmx, sse, sse2, sse3, ssse3, sse4.1, sse4.2, popcnt, avx, avx2, aes, clmul, erms, lzcnt, ht, tsc, tscinvbit, bmi1, bmi2

Memory: 4k page, physical 16609500k(5305776k free), swap 33386716k(19346596k free)

vm_info: Java HotSpot(TM) 64-Bit Server VM (25.65-b01) for windows-amd64 JRE (1.8.0_65-b17), built on Oct  6 2015 16:39:20 by "java_re" with MS VC++ 10.0 (VS2010)

time: Sat Apr 09 16:13:25 2016
elapsed time: 3 seconds (0d 0h 0m 3s)

