#
# A fatal error has been detected by the Java Runtime Environment:
#
#  EXCEPTION_ACCESS_VIOLATION (0xc0000005) at pc=0x00007ffdc78224b9, pid=13160, tid=7668
#
# JRE version: Java(TM) SE Runtime Environment (8.0_65-b17) (build 1.8.0_65-b17)
# Java VM: Java HotSpot(TM) 64-Bit Server VM (25.65-b01 mixed mode windows-amd64 compressed oops)
# Problematic frame:
# C  [glfw.dll+0x24b9]
#
# Failed to write core dump. Minidumps are not enabled by default on client versions of Windows
#
# If you would like to submit a bug report, please visit:
#   http://bugreport.java.com/bugreport/crash.jsp
# The crash happened outside the Java Virtual Machine in native code.
# See problematic frame for where to report the bug.
#

---------------  T H R E A D  ---------------

Current thread (0x000000001e290800):  JavaThread "CLIENT" [_thread_in_native, id=7668, stack(0x000000001efa0000,0x000000001f0a0000)]

siginfo: ExceptionCode=0xc0000005, reading address 0x0000000000000000

Registers:
RAX=0x0000000000000000, RBX=0x000000001ba5ff50, RCX=0x0000000000000000, RDX=0x0000000000000000
RSP=0x000000001f09ea20, RBP=0x000000001f09eab0, RSI=0x0000000000000108, RDI=0x000000000044fd00
R8 =0x000000001f09ea18, R9 =0x000000001f09eab0, R10=0x0000000000000000, R11=0x0000000000000246
R12=0x0000000000000000, R13=0x000000001f09eac8, R14=0x000000001f09eaa0, R15=0x000000001e290800
RIP=0x00007ffdc78224b9, EFLAGS=0x0000000000010287

Top of Stack: (sp=0x000000001f09ea20)
0x000000001f09ea20:   0000000000000000 0000000000000108
0x000000001f09ea30:   000000001ba06180 000000001bfe1600
0x000000001f09ea40:   0000000000000601 0000000002a5284a
0x000000001f09ea50:   000000001ba5ff50 000000007052aea4
0x000000001f09ea60:   000000001e290800 000000001e290800
0x000000001f09ea70:   000000001e290800 0000000000000000
0x000000001f09ea80:   000000001e2554e0 00000000704b5eba
0x000000001f09ea90:   000000001f09f058 000000001f09eb28
0x000000001f09eaa0:   00000006c2841710 0000000000000600
0x000000001f09eab0:   000000001f09eb28 0000000002647d8d
0x000000001f09eac0:   0000000002647d8d 000000000044fd00
0x000000001f09ead0:   00000000026478a0 00007ffdc7822420
0x000000001f09eae0:   0000000000000001 000000001f09eae8
0x000000001f09eaf0:   000000001ba79ce4 000000001f09eb50
0x000000001f09eb00:   000000001ba7bca8 0000000000000000
0x000000001f09eb10:   000000001ba79d10 000000001f09eac8 

Instructions: (pc=0x00007ffdc78224b9)
0x00007ffdc7822499:   48 8b cf e8 1f 3a 00 00 48 39 3d f0 d5 02 00 48
0x00007ffdc78224a9:   8d 0d e9 d5 02 00 48 8b 5c 24 30 74 08 48 8b 09
0x00007ffdc78224b9:   48 39 39 75 f8 48 8b 07 48 89 01 48 8b cf 48 83
0x00007ffdc78224c9:   c4 20 5f e9 5b fe 00 00 48 83 c4 20 5f c3 cc cc 


Register to memory mapping:

RAX=0x0000000000000000 is an unknown value
RBX={method} {0x000000001ba5ff58} 'invokePV' '(JJ)V' in 'org/lwjgl/system/JNI'
RCX=0x0000000000000000 is an unknown value
RDX=0x0000000000000000 is an unknown value
RSP=0x000000001f09ea20 is pointing into the stack for thread: 0x000000001e290800
RBP=0x000000001f09eab0 is pointing into the stack for thread: 0x000000001e290800
RSI=0x0000000000000108 is an unknown value
RDI=0x000000000044fd00 is an unknown value
R8 =0x000000001f09ea18 is pointing into the stack for thread: 0x000000001e290800
R9 =0x000000001f09eab0 is pointing into the stack for thread: 0x000000001e290800
R10=0x0000000000000000 is an unknown value
R11=0x0000000000000246 is an unknown value
R12=0x0000000000000000 is an unknown value
R13=0x000000001f09eac8 is pointing into the stack for thread: 0x000000001e290800
R14=0x000000001f09eaa0 is pointing into the stack for thread: 0x000000001e290800
R15=0x000000001e290800 is a thread


Stack: [0x000000001efa0000,0x000000001f0a0000],  sp=0x000000001f09ea20,  free space=1018k
Native frames: (J=compiled Java code, j=interpreted, Vv=VM code, C=native code)
C  [glfw.dll+0x24b9]
C  0x0000000002a5284a

Java frames: (J=compiled Java code, j=interpreted, Vv=VM code)
J 772  org.lwjgl.system.JNI.invokePV(JJ)V (0 bytes) @ 0x0000000002a527c4 [0x0000000002a52780+0x44]
j  org.lwjgl.glfw.GLFW.glfwDestroyCursor(J)V+20
j  main.client.Window.destroyWindow()V+9
j  main.coreEngine.Engine.stop()V+70
j  main.client.Window.update()V+43
j  main.client.renderEngine.RenderEngine.render()V+38
J 774 C1 main.client.ClientThread.tick()V (64 bytes) @ 0x0000000002a575f4 [0x0000000002a570c0+0x534]
j  main.coreEngine.TickableThread.run()V+465
v  ~StubRoutines::call_stub

---------------  P R O C E S S  ---------------

Java Threads: ( => current thread )
  0x000000001e292800 JavaThread "SERVER" [_thread_in_Java, id=14036, stack(0x000000001f0a0000,0x000000001f1a0000)]
=>0x000000001e290800 JavaThread "CLIENT" [_thread_in_native, id=7668, stack(0x000000001efa0000,0x000000001f0a0000)]
  0x000000001e193000 JavaThread "Service Thread" daemon [_thread_blocked, id=13024, stack(0x000000001eda0000,0x000000001eea0000)]
  0x000000001e103800 JavaThread "C1 CompilerThread3" daemon [_thread_blocked, id=1412, stack(0x000000001eca0000,0x000000001eda0000)]
  0x000000001e0fb000 JavaThread "C2 CompilerThread2" daemon [_thread_blocked, id=12440, stack(0x000000001eba0000,0x000000001eca0000)]
  0x000000001e0fa000 JavaThread "C2 CompilerThread1" daemon [_thread_blocked, id=1868, stack(0x000000001eaa0000,0x000000001eba0000)]
  0x000000001e0fe800 JavaThread "C2 CompilerThread0" daemon [_thread_blocked, id=9028, stack(0x000000001e9a0000,0x000000001eaa0000)]
  0x000000001e0df800 JavaThread "JDWP Command Reader" daemon [_thread_in_native, id=10040, stack(0x000000001e8a0000,0x000000001e9a0000)]
  0x000000001e0de800 JavaThread "JDWP Event Helper Thread" daemon [_thread_blocked, id=1944, stack(0x000000001e7a0000,0x000000001e8a0000)]
  0x000000001e0dc800 JavaThread "JDWP Transport Listener: dt_socket" daemon [_thread_blocked, id=8680, stack(0x000000001e6a0000,0x000000001e7a0000)]
  0x000000001e0c7800 JavaThread "Attach Listener" daemon [_thread_blocked, id=7872, stack(0x000000001e5a0000,0x000000001e6a0000)]
  0x000000001e0c6000 JavaThread "Signal Dispatcher" daemon [_thread_blocked, id=12188, stack(0x000000001e4a0000,0x000000001e5a0000)]
  0x000000000263b000 JavaThread "Finalizer" daemon [_thread_blocked, id=7364, stack(0x000000001dec0000,0x000000001dfc0000)]
  0x000000001bfdd000 JavaThread "Reference Handler" daemon [_thread_blocked, id=5292, stack(0x000000001ddc0000,0x000000001dec0000)]
  0x000000000253e000 JavaThread "main" [_thread_in_Java, id=7144, stack(0x0000000002360000,0x0000000002460000)]

Other Threads:
  0x000000001bfd9000 VMThread [stack: 0x000000001dcc0000,0x000000001ddc0000] [id=12212]
  0x000000001e1bd800 WatcherThread [stack: 0x000000001eea0000,0x000000001efa0000] [id=13756]

VM state:not at safepoint (normal execution)

VM Mutex/Monitor currently owned by a thread: None

Heap:
 PSYoungGen      total 1232896K, used 1121771K [0x000000076b800000, 0x00000007be880000, 0x00000007c0000000)
  eden space 1232384K, 91% used [0x000000076b800000,0x00000007aff42fe0,0x00000007b6b80000)
  from space 512K, 43% used [0x00000007be800000,0x00000007be838000,0x00000007be880000)
  to   space 11264K, 0% used [0x00000007bd280000,0x00000007bd280000,0x00000007bdd80000)
 ParOldGen       total 173568K, used 34622K [0x00000006c2800000, 0x00000006cd180000, 0x000000076b800000)
  object space 173568K, 19% used [0x00000006c2800000,0x00000006c49cf8c8,0x00000006cd180000)
 Metaspace       used 8281K, capacity 8710K, committed 8960K, reserved 1056768K
  class space    used 655K, capacity 690K, committed 768K, reserved 1048576K

Card table byte_map: [0x0000000011a00000,0x00000000121f0000] byte_map_base: 0x000000000e3ec000

Marking Bits: (ParMarkBitMap*) 0x0000000070c0a5b0
 Begin Bits: [0x0000000012f40000, 0x0000000016ea0000)
 End Bits:   [0x0000000016ea0000, 0x000000001ae00000)

Polling page: 0x0000000000b90000

CodeCache: size=245760Kb used=4206Kb max_used=4213Kb free=241553Kb
 bounds [0x0000000002640000, 0x0000000002a70000, 0x0000000011640000]
 total_blobs=1436 nmethods=783 adapters=574
 compilation: enabled

Compilation events (10 events):
Event: 5.566 Thread 0x000000001e103800  781       3       main.game.TestGame::onTick (30 bytes)
Event: 5.566 Thread 0x000000001e103800 nmethod 781 0x0000000002a5ced0 code [0x0000000002a5d080, 0x0000000002a5d538]
Event: 5.964 Thread 0x000000001e103800  782       3       org.lwjgl.system.MemoryUtil::memGetInt (8 bytes)
Event: 5.964 Thread 0x000000001e103800 nmethod 782 0x0000000002a5db90 code [0x0000000002a5dd00, 0x0000000002a5deb0]
Event: 5.964 Thread 0x000000001e103800  783       3       org.lwjgl.system.MemoryAccess$MemoryAccessorUnsafe::memGetInt (8 bytes)
Event: 5.964 Thread 0x000000001e103800 nmethod 783 0x0000000002a5df90 code [0x0000000002a5e0e0, 0x0000000002a5e230]
Event: 6.264 Thread 0x000000001e0fa000  785       4       main.coreEngine.util.maths.Matrix4f::setIdentity (82 bytes)
Event: 6.264 Thread 0x000000001e0fa000 nmethod 785 0x00000000029805d0 code [0x0000000002980700, 0x00000000029807b8]
Event: 6.697 Thread 0x000000001e103800  786       3       main.coreEngine.sceneGraph.Node::input (75 bytes)
Event: 6.697 Thread 0x000000001e103800 nmethod 786 0x0000000002a5ffd0 code [0x0000000002a601e0, 0x0000000002a60c18]

GC Heap History (10 events):
Event: 2.768 GC heap before
{Heap before GC invocations=14 (full 0):
 PSYoungGen      total 663552K, used 649856K [0x000000076b800000, 0x00000007aca80000, 0x00000007c0000000)
  eden space 649728K, 100% used [0x000000076b800000,0x0000000793280000,0x0000000793280000)
  from space 13824K, 0% used [0x0000000793280000,0x00000007932a0000,0x0000000794000000)
  to   space 13824K, 0% used [0x00000007abd00000,0x00000007abd00000,0x00000007aca80000)
 ParOldGen       total 173568K, used 34582K [0x00000006c2800000, 0x00000006cd180000, 0x000000076b800000)
  object space 173568K, 19% used [0x00000006c2800000,0x00000006c49c58c8,0x00000006cd180000)
 Metaspace       used 8247K, capacity 8646K, committed 8960K, reserved 1056768K
  class space    used 655K, capacity 690K, committed 768K, reserved 1048576K
Event: 2.769 GC heap after
Heap after GC invocations=14 (full 0):
 PSYoungGen      total 1052672K, used 224K [0x000000076b800000, 0x00000007ac980000, 0x00000007c0000000)
  eden space 1039872K, 0% used [0x000000076b800000,0x000000076b800000,0x00000007aaf80000)
  from space 12800K, 1% used [0x00000007abd00000,0x00000007abd38000,0x00000007ac980000)
  to   space 13312K, 0% used [0x00000007aaf80000,0x00000007aaf80000,0x00000007abc80000)
 ParOldGen       total 173568K, used 34582K [0x00000006c2800000, 0x00000006cd180000, 0x000000076b800000)
  object space 173568K, 19% used [0x00000006c2800000,0x00000006c49c58c8,0x00000006cd180000)
 Metaspace       used 8247K, capacity 8646K, committed 8960K, reserved 1056768K
  class space    used 655K, capacity 690K, committed 768K, reserved 1048576K
}
Event: 3.618 GC heap before
{Heap before GC invocations=15 (full 0):
 PSYoungGen      total 1052672K, used 1040096K [0x000000076b800000, 0x00000007ac980000, 0x00000007c0000000)
  eden space 1039872K, 100% used [0x000000076b800000,0x00000007aaf80000,0x00000007aaf80000)
  from space 12800K, 1% used [0x00000007abd00000,0x00000007abd38000,0x00000007ac980000)
  to   space 13312K, 0% used [0x00000007aaf80000,0x00000007aaf80000,0x00000007abc80000)
 ParOldGen       total 173568K, used 34582K [0x00000006c2800000, 0x00000006cd180000, 0x000000076b800000)
  object space 173568K, 19% used [0x00000006c2800000,0x00000006c49c58c8,0x00000006cd180000)
 Metaspace       used 8269K, capacity 8646K, committed 8960K, reserved 1056768K
  class space    used 655K, capacity 690K, committed 768K, reserved 1048576K
Event: 3.619 GC heap after
Heap after GC invocations=15 (full 0):
 PSYoungGen      total 1053184K, used 128K [0x000000076b800000, 0x00000007bff80000, 0x00000007c0000000)
  eden space 1039872K, 0% used [0x000000076b800000,0x000000076b800000,0x00000007aaf80000)
  from space 13312K, 0% used [0x00000007aaf80000,0x00000007aafa0000,0x00000007abc80000)
  to   space 12800K, 0% used [0x00000007bf300000,0x00000007bf300000,0x00000007bff80000)
 ParOldGen       total 173568K, used 34590K [0x00000006c2800000, 0x00000006cd180000, 0x000000076b800000)
  object space 173568K, 19% used [0x00000006c2800000,0x00000006c49c78c8,0x00000006cd180000)
 Metaspace       used 8269K, capacity 8646K, committed 8960K, reserved 1056768K
  class space    used 655K, capacity 690K, committed 768K, reserved 1048576K
}
Event: 4.404 GC heap before
{Heap before GC invocations=16 (full 0):
 PSYoungGen      total 1053184K, used 1040000K [0x000000076b800000, 0x00000007bff80000, 0x00000007c0000000)
  eden space 1039872K, 100% used [0x000000076b800000,0x00000007aaf80000,0x00000007aaf80000)
  from space 13312K, 0% used [0x00000007aaf80000,0x00000007aafa0000,0x00000007abc80000)
  to   space 12800K, 0% used [0x00000007bf300000,0x00000007bf300000,0x00000007bff80000)
 ParOldGen       total 173568K, used 34590K [0x00000006c2800000, 0x00000006cd180000, 0x000000076b800000)
  object space 173568K, 19% used [0x00000006c2800000,0x00000006c49c78c8,0x00000006cd180000)
 Metaspace       used 8270K, capacity 8646K, committed 8960K, reserved 1056768K
  class space    used 655K, capacity 690K, committed 768K, reserved 1048576K
Event: 4.405 GC heap after
Heap after GC invocations=16 (full 0):
 PSYoungGen      total 1370112K, used 224K [0x000000076b800000, 0x00000007bfe80000, 0x00000007c0000000)
  eden space 1358336K, 0% used [0x000000076b800000,0x000000076b800000,0x00000007be680000)
  from space 11776K, 1% used [0x00000007bf300000,0x00000007bf338000,0x00000007bfe80000)
  to   space 12288K, 0% used [0x00000007be680000,0x00000007be680000,0x00000007bf280000)
 ParOldGen       total 173568K, used 34606K [0x00000006c2800000, 0x00000006cd180000, 0x000000076b800000)
  object space 173568K, 19% used [0x00000006c2800000,0x00000006c49cb8c8,0x00000006cd180000)
 Metaspace       used 8270K, capacity 8646K, committed 8960K, reserved 1056768K
  class space    used 655K, capacity 690K, committed 768K, reserved 1048576K
}
Event: 5.665 GC heap before
{Heap before GC invocations=17 (full 0):
 PSYoungGen      total 1370112K, used 1358560K [0x000000076b800000, 0x00000007bfe80000, 0x00000007c0000000)
  eden space 1358336K, 100% used [0x000000076b800000,0x00000007be680000,0x00000007be680000)
  from space 11776K, 1% used [0x00000007bf300000,0x00000007bf338000,0x00000007bfe80000)
  to   space 12288K, 0% used [0x00000007be680000,0x00000007be680000,0x00000007bf280000)
 ParOldGen       total 173568K, used 34606K [0x00000006c2800000, 0x00000006cd180000, 0x000000076b800000)
  object space 173568K, 19% used [0x00000006c2800000,0x00000006c49cb8c8,0x00000006cd180000)
 Metaspace       used 8279K, capacity 8710K, committed 8960K, reserved 1056768K
  class space    used 655K, capacity 690K, committed 768K, reserved 1048576K
Event: 5.665 GC heap after
Heap after GC invocations=17 (full 0):
 PSYoungGen      total 1294336K, used 224K [0x000000076b800000, 0x00000007bf380000, 0x00000007c0000000)
  eden space 1293824K, 0% used [0x000000076b800000,0x000000076b800000,0x00000007ba780000)
  from space 512K, 43% used [0x00000007be680000,0x00000007be6b8000,0x00000007be700000)
  to   space 11776K, 0% used [0x00000007be800000,0x00000007be800000,0x00000007bf380000)
 ParOldGen       total 173568K, used 34622K [0x00000006c2800000, 0x00000006cd180000, 0x000000076b800000)
  object space 173568K, 19% used [0x00000006c2800000,0x00000006c49cf8c8,0x00000006cd180000)
 Metaspace       used 8279K, capacity 8710K, committed 8960K, reserved 1056768K
  class space    used 655K, capacity 690K, committed 768K, reserved 1048576K
}
Event: 6.630 GC heap before
{Heap before GC invocations=18 (full 0):
 PSYoungGen      total 1294336K, used 1294048K [0x000000076b800000, 0x00000007bf380000, 0x00000007c0000000)
  eden space 1293824K, 100% used [0x000000076b800000,0x00000007ba780000,0x00000007ba780000)
  from space 512K, 43% used [0x00000007be680000,0x00000007be6b8000,0x00000007be700000)
  to   space 11776K, 0% used [0x00000007be800000,0x00000007be800000,0x00000007bf380000)
 ParOldGen       total 173568K, used 34622K [0x00000006c2800000, 0x00000006cd180000, 0x000000076b800000)
  object space 173568K, 19% used [0x00000006c2800000,0x00000006c49cf8c8,0x00000006cd180000)
 Metaspace       used 8280K, capacity 8710K, committed 8960K, reserved 1056768K
  class space    used 655K, capacity 690K, committed 768K, reserved 1048576K
Event: 6.631 GC heap after
Heap after GC invocations=18 (full 0):
 PSYoungGen      total 1232896K, used 224K [0x000000076b800000, 0x00000007be880000, 0x00000007c0000000)
  eden space 1232384K, 0% used [0x000000076b800000,0x000000076b800000,0x00000007b6b80000)
  from space 512K, 43% used [0x00000007be800000,0x00000007be838000,0x00000007be880000)
  to   space 11264K, 0% used [0x00000007bd280000,0x00000007bd280000,0x00000007bdd80000)
 ParOldGen       total 173568K, used 34622K [0x00000006c2800000, 0x00000006cd180000, 0x000000076b800000)
  object space 173568K, 19% used [0x00000006c2800000,0x00000006c49cf8c8,0x00000006cd180000)
 Metaspace       used 8280K, capacity 8710K, committed 8960K, reserved 1056768K
  class space    used 655K, capacity 690K, committed 768K, reserved 1048576K
}

Deoptimization events (10 events):
Event: 1.198 Thread 0x000000001e290800 Uncommon trap: reason=class_check action=maybe_recompile pc=0x00000000029a2b48 method=java.util.HashMap.putVal(ILjava/lang/Object;Ljava/lang/Object;ZZ)Ljava/lang/Object; @ 203
Event: 1.201 Thread 0x000000001e290800 Uncommon trap: reason=bimorphic action=maybe_recompile pc=0x000000000278f2d8 method=java.util.HashMap.getNode(ILjava/lang/Object;)Ljava/util/HashMap$Node; @ 126
Event: 1.201 Thread 0x000000001e290800 Uncommon trap: reason=class_check action=maybe_recompile pc=0x00000000029a2b48 method=java.util.HashMap.putVal(ILjava/lang/Object;Ljava/lang/Object;ZZ)Ljava/lang/Object; @ 203
Event: 1.204 Thread 0x000000001e290800 Uncommon trap: reason=bimorphic action=maybe_recompile pc=0x000000000278e938 method=java.util.HashMap.getNode(ILjava/lang/Object;)Ljava/util/HashMap$Node; @ 126
Event: 1.204 Thread 0x000000001e290800 Uncommon trap: reason=class_check action=maybe_recompile pc=0x00000000029a2b48 method=java.util.HashMap.putVal(ILjava/lang/Object;Ljava/lang/Object;ZZ)Ljava/lang/Object; @ 203
Event: 1.245 Thread 0x000000001e290800 Uncommon trap: reason=unstable_if action=reinterpret pc=0x00000000029e9518 method=main.client.renderEngine.mesh.Mesh.compile(ILjava/util/List;)Lmain/client/renderEngine/mesh/Mesh; @ 219
Event: 1.291 Thread 0x000000001e290800 Uncommon trap: reason=unstable_if action=reinterpret pc=0x00000000029fda40 method=main.client.renderEngine.mesh.Mesh.compile(ILjava/util/List;)Lmain/client/renderEngine/mesh/Mesh; @ 559
Event: 1.307 Thread 0x000000001e290800 Uncommon trap: reason=unstable_if action=reinterpret pc=0x000000000294886c method=main.coreEngine.TickableThread.run()V @ 461
Event: 1.315 Thread 0x000000001e292800 Uncommon trap: reason=unstable_if action=reinterpret pc=0x000000000294886c method=main.coreEngine.TickableThread.run()V @ 461
Event: 1.323 Thread 0x000000000253e000 Uncommon trap: reason=unstable_if action=reinterpret pc=0x0000000002a10aa4 method=main.coreEngine.Engine.start()V @ 163

Internal exceptions (10 events):
Event: 0.023 Thread 0x000000000253e000 Exception <a 'java/lang/NoSuchMethodError': Method sun.misc.Unsafe.defineClass(Ljava/lang/String;[BII)Ljava/lang/Class; name or signature does not match> (0x000000076b80d9b8) thrown at [C:\workspace\8-2-build-windows-amd64-cygwin\jdk8u65\4987\hotspot\src\sÍý¢AF—?
Event: 0.023 Thread 0x000000000253e000 Exception <a 'java/lang/NoSuchMethodError': Method sun.misc.Unsafe.prefetchRead(Ljava/lang/Object;J)V name or signature does not match> (0x000000076b80dca0) thrown at [C:\workspace\8-2-build-windows-amd64-cygwin\jdk8u65\4987\hotspot\src\share\vm\prims\jni.HØrNÄ?
Event: 0.159 Thread 0x000000001e290800 Exception <a 'java/lang/ArrayIndexOutOfBoundsException': -1> (0x000000076cd837b8) thrown at [C:\workspace\8-2-build-windows-amd64-cygwin\jdk8u65\4987\hotspot\src\share\vm\interpreter\interpreterRuntime.cpp, line 366]
Event: 0.420 Thread 0x000000001e290800 Exception <a 'java/security/PrivilegedActionException'> (0x000000076db0e860) thrown at [C:\workspace\8-2-build-windows-amd64-cygwin\jdk8u65\4987\hotspot\src\share\vm\prims\jvm.cpp, line 1386]
Event: 0.420 Thread 0x000000001e290800 Exception <a 'java/security/PrivilegedActionException'> (0x000000076db0ec58) thrown at [C:\workspace\8-2-build-windows-amd64-cygwin\jdk8u65\4987\hotspot\src\share\vm\prims\jvm.cpp, line 1386]
Event: 0.420 Thread 0x000000001e290800 Exception <a 'java/security/PrivilegedActionException'> (0x000000076db12e70) thrown at [C:\workspace\8-2-build-windows-amd64-cygwin\jdk8u65\4987\hotspot\src\share\vm\prims\jvm.cpp, line 1386]
Event: 0.420 Thread 0x000000001e290800 Exception <a 'java/security/PrivilegedActionException'> (0x000000076db13268) thrown at [C:\workspace\8-2-build-windows-amd64-cygwin\jdk8u65\4987\hotspot\src\share\vm\prims\jvm.cpp, line 1386]
Event: 0.733 Thread 0x000000000253e000 Implicit null exception at 0x00000000027b027c to 0x00000000027b0849
Event: 0.733 Thread 0x000000000253e000 Implicit null exception at 0x00000000027c2281 to 0x00000000027c2853
Event: 1.102 Thread 0x000000001e290800 Implicit null exception at 0x000000000298fe3c to 0x0000000002990361

Events (10 events):
Event: 4.069 Executing VM operation: EnableBiasedLocking
Event: 4.070 Executing VM operation: EnableBiasedLocking done
Event: 4.404 Executing VM operation: ParallelGCFailedAllocation
Event: 4.405 Executing VM operation: ParallelGCFailedAllocation done
Event: 4.580 Thread 0x000000001e290800 DEOPT PACKING pc=0x0000000002a407e0 sp=0x000000001f09ec50
Event: 4.580 Thread 0x000000001e290800 DEOPT UNPACKING pc=0x000000000268787f sp=0x000000001f09e978 mode 0
Event: 5.664 Executing VM operation: ParallelGCFailedAllocation
Event: 5.665 Executing VM operation: ParallelGCFailedAllocation done
Event: 6.630 Executing VM operation: ParallelGCFailedAllocation
Event: 6.631 Executing VM operation: ParallelGCFailedAllocation done


Dynamic libraries:
0x00007ff75ee90000 - 0x00007ff75eec7000 	C:\Program Files\Java\jdk1.8.0_65\bin\java.exe
0x00007ffde4980000 - 0x00007ffde4b41000 	C:\WINDOWS\SYSTEM32\ntdll.dll
0x00007ffde42a0000 - 0x00007ffde434d000 	C:\WINDOWS\system32\KERNEL32.DLL
0x00007ffde19f0000 - 0x00007ffde1bd8000 	C:\WINDOWS\system32\KERNELBASE.dll
0x00007ffde1e70000 - 0x00007ffde1f17000 	C:\WINDOWS\system32\ADVAPI32.dll
0x00007ffde3800000 - 0x00007ffde389d000 	C:\WINDOWS\system32\msvcrt.dll
0x00007ffde1e10000 - 0x00007ffde1e6b000 	C:\WINDOWS\system32\sechost.dll
0x00007ffde3bd0000 - 0x00007ffde3cec000 	C:\WINDOWS\system32\RPCRT4.dll
0x00007ffde3fe0000 - 0x00007ffde4136000 	C:\WINDOWS\system32\USER32.dll
0x00007ffde3cf0000 - 0x00007ffde3e76000 	C:\WINDOWS\system32\GDI32.dll
0x00007ffddd690000 - 0x00007ffddd904000 	C:\WINDOWS\WinSxS\amd64_microsoft.windows.common-controls_6595b64144ccf1df_6.0.10586.0_none_8c15ae12515e1c22\COMCTL32.dll
0x00007ffde3950000 - 0x00007ffde3bcd000 	C:\WINDOWS\system32\combase.dll
0x00007ffde1cf0000 - 0x00007ffde1d5a000 	C:\WINDOWS\system32\bcryptPrimitives.dll
0x00007ffde1dc0000 - 0x00007ffde1dfb000 	C:\WINDOWS\system32\IMM32.DLL
0x0000000070c90000 - 0x0000000070d62000 	C:\Program Files\Java\jdk1.8.0_65\jre\bin\msvcr100.dll
0x0000000070400000 - 0x0000000070c89000 	C:\Program Files\Java\jdk1.8.0_65\jre\bin\server\jvm.dll
0x00007ffde4290000 - 0x00007ffde4298000 	C:\WINDOWS\system32\PSAPI.DLL
0x00007ffdd8550000 - 0x00007ffdd8559000 	C:\WINDOWS\SYSTEM32\WSOCK32.dll
0x00007ffddd9c0000 - 0x00007ffddd9ca000 	C:\WINDOWS\SYSTEM32\VERSION.dll
0x00007ffddf730000 - 0x00007ffddf753000 	C:\WINDOWS\SYSTEM32\WINMM.dll
0x00007ffde4470000 - 0x00007ffde44db000 	C:\WINDOWS\system32\WS2_32.dll
0x00007ffddf6d0000 - 0x00007ffddf6fc000 	C:\WINDOWS\SYSTEM32\WINMMBASE.dll
0x00007ffde1be0000 - 0x00007ffde1c23000 	C:\WINDOWS\system32\cfgmgr32.dll
0x00000000703f0000 - 0x00000000703ff000 	C:\Program Files\Java\jdk1.8.0_65\jre\bin\verify.dll
0x00000000703c0000 - 0x00000000703e9000 	C:\Program Files\Java\jdk1.8.0_65\jre\bin\java.dll
0x0000000070380000 - 0x00000000703b5000 	C:\Program Files\Java\jdk1.8.0_65\jre\bin\jdwp.dll
0x0000000070370000 - 0x0000000070378000 	C:\Program Files\Java\jdk1.8.0_65\jre\bin\npt.dll
0x0000000070350000 - 0x0000000070366000 	C:\Program Files\Java\jdk1.8.0_65\jre\bin\zip.dll
0x00007ffde1f80000 - 0x00007ffde34dc000 	C:\WINDOWS\system32\SHELL32.dll
0x00007ffde11d0000 - 0x00007ffde1815000 	C:\WINDOWS\system32\windows.storage.dll
0x00007ffde36b0000 - 0x00007ffde3702000 	C:\WINDOWS\system32\shlwapi.dll
0x00007ffde0fb0000 - 0x00007ffde0fbf000 	C:\WINDOWS\system32\kernel.appcore.dll
0x00007ffde1c30000 - 0x00007ffde1ce5000 	C:\WINDOWS\system32\shcore.dll
0x00007ffde0fc0000 - 0x00007ffde100b000 	C:\WINDOWS\system32\powrprof.dll
0x00007ffde0f80000 - 0x00007ffde0f94000 	C:\WINDOWS\system32\profapi.dll
0x0000000070340000 - 0x0000000070349000 	C:\Program Files\Java\jdk1.8.0_65\jre\bin\dt_socket.dll
0x00007ffde08b0000 - 0x00007ffde090c000 	C:\WINDOWS\system32\mswsock.dll
0x00007ffdcf260000 - 0x00007ffdcf2e8000 	D:\Code\Java\Projects\WireEngine20\lib\native\lwjgl.dll
0x00007ffde0a80000 - 0x00007ffde0a8b000 	C:\WINDOWS\SYSTEM32\CRYPTBASE.DLL
0x00007ffdc7860000 - 0x00007ffdc78a2000 	D:\Code\Java\Projects\WireEngine20\lib\native\jemalloc.dll
0x00007ffdc7820000 - 0x00007ffdc7858000 	D:\Code\Java\Projects\WireEngine20\lib\native\glfw.dll
0x00007ffddf850000 - 0x00007ffddf8e6000 	C:\WINDOWS\system32\uxtheme.dll
0x00007ffdde650000 - 0x00007ffdde672000 	C:\WINDOWS\SYSTEM32\dwmapi.dll
0x00007ffdc8b70000 - 0x00007ffdc8c99000 	C:\WINDOWS\SYSTEM32\opengl32.dll
0x00007ffdcd0c0000 - 0x00007ffdcd0ee000 	C:\WINDOWS\SYSTEM32\GLU32.dll
0x00007ffdc6920000 - 0x00007ffdc6a1a000 	C:\WINDOWS\SYSTEM32\DDRAW.dll
0x00007ffddaa30000 - 0x00007ffddaa38000 	C:\WINDOWS\SYSTEM32\DCIMAN32.dll
0x00007ffde3e80000 - 0x00007ffde3fda000 	C:\WINDOWS\system32\MSCTF.dll
0x00007ffdc9cc0000 - 0x00007ffdc9d09000 	C:\Program Files (x86)\TeamViewer\tv_x64.dll
0x00007ffde4140000 - 0x00007ffde4283000 	C:\WINDOWS\system32\ole32.dll
0x000000006e5f0000 - 0x0000000070339000 	C:\WINDOWS\SYSTEM32\nvoglv64.DLL
0x00007ffde4550000 - 0x00007ffde4979000 	C:\WINDOWS\system32\SETUPAPI.dll
0x00007ffddf2f0000 - 0x00007ffddf303000 	C:\WINDOWS\SYSTEM32\WTSAPI32.dll
0x00007ffddf9a0000 - 0x00007ffddf9c7000 	C:\WINDOWS\SYSTEM32\DEVOBJ.dll
0x00007ffde1170000 - 0x00007ffde11c5000 	C:\WINDOWS\system32\WINTRUST.dll
0x00007ffde0fa0000 - 0x00007ffde0fb0000 	C:\WINDOWS\system32\MSASN1.dll
0x00007ffde1820000 - 0x00007ffde19e7000 	C:\WINDOWS\system32\CRYPT32.dll
0x00007ffde04d0000 - 0x00007ffde0501000 	C:\WINDOWS\SYSTEM32\ntmarta.dll
0x00007ffde0220000 - 0x00007ffde0276000 	C:\WINDOWS\SYSTEM32\WINSTA.dll
0x00007ffde38a0000 - 0x00007ffde3947000 	C:\WINDOWS\system32\clbcatq.dll
0x00007ffdbf660000 - 0x00007ffdbf685000 	C:\Program Files (x86)\Samsung\Easy Printer Manager\SmartScreenPrint\CDAKEYMonitor64.dll
0x00007ffde3730000 - 0x00007ffde37f1000 	C:\WINDOWS\system32\OLEAUT32.dll
0x00007ffdb9de0000 - 0x00007ffdb9f6c000 	C:\WINDOWS\SYSTEM32\dbghelp.dll

VM Arguments:
jvm_args: -agentlib:jdwp=transport=dt_socket,address=127.0.0.1:55175,suspend=y,server=n -Djava.library.path=lib/native/ -Dfile.encoding=UTF-8 
java_command: main.Main
java_class_path (initial): C:\Program Files\Java\jdk1.8.0_65\jre\lib\charsets.jar;C:\Program Files\Java\jdk1.8.0_65\jre\lib\deploy.jar;C:\Program Files\Java\jdk1.8.0_65\jre\lib\ext\access-bridge-64.jar;C:\Program Files\Java\jdk1.8.0_65\jre\lib\ext\cldrdata.jar;C:\Program Files\Java\jdk1.8.0_65\jre\lib\ext\dnsns.jar;C:\Program Files\Java\jdk1.8.0_65\jre\lib\ext\jaccess.jar;C:\Program Files\Java\jdk1.8.0_65\jre\lib\ext\jfxrt.jar;C:\Program Files\Java\jdk1.8.0_65\jre\lib\ext\localedata.jar;C:\Program Files\Java\jdk1.8.0_65\jre\lib\ext\nashorn.jar;C:\Program Files\Java\jdk1.8.0_65\jre\lib\ext\sunec.jar;C:\Program Files\Java\jdk1.8.0_65\jre\lib\ext\sunjce_provider.jar;C:\Program Files\Java\jdk1.8.0_65\jre\lib\ext\sunmscapi.jar;C:\Program Files\Java\jdk1.8.0_65\jre\lib\ext\sunpkcs11.jar;C:\Program Files\Java\jdk1.8.0_65\jre\lib\ext\zipfs.jar;C:\Program Files\Java\jdk1.8.0_65\jre\lib\javaws.jar;C:\Program Files\Java\jdk1.8.0_65\jre\lib\jce.jar;C:\Program Files\Java\jdk1.8.0_65\jre\lib\jfr.jar;C:\Program Files\Java\jdk1.8.0_65\jre\lib\jfxswt.jar;C:\Program Files\Java\jdk1.8.0_65\jre\lib\jsse.jar;C:\Program Files\Java\jdk1.8.0_65\jre\lib\management-agent.jar;C:\Program Files\Java\jdk1.8.0_65\jre\lib\plugin.jar;C:\Program Files\Java\jdk1.8.0_65\jre\lib\resources.jar;C:\Program Files\Java\jdk1.8.0_65\jre\lib\rt.jar;D:\Code\Java\Projects\WireEngine20\out\production\WireEngine20;D:\Code\Java\Projects\WireEngine20\lib\jar\lwjgl.jar;D:\Program Files (x86)\JetBrains\IntelliJ IDEA 2016.1\lib\idea_rt.jar
Launcher Type: SUN_STANDARD

Environment Variables:
JAVA_HOME=C:\Program Files\Java\jdk1.8.0_65
PATH=C:\ProgramData\Oracle\Java\javapath;C:\Program Files (x86)\Razer Chroma SDK\bin;C:\Program Files\Razer Chroma SDK\bin;C:\Program Files (x86)\NVIDIA Corporation\PhysX\Common;C:\Program Files (x86)\Intel\iCLS Client\;C:\Program Files\Intel\iCLS Client\;C:\Windows\system32;C:\Windows;C:\Windows\System32\Wbem;C:\Windows\System32\WindowsPowerShell\v1.0\;C:\Program Files\Intel\Intel(R) Management Engine Components\DAL;C:\Program Files (x86)\Intel\Intel(R) Management Engine Components\DAL;C:\Program Files\Intel\Intel(R) Management Engine Components\IPT;C:\Program Files (x86)\Intel\Intel(R) Management Engine Components\IPT;C:\Program Files\Java\jre1.8.0_65\bin;C:\MinGW\bin;C:\WINDOWS\system32;C:\WINDOWS;C:\WINDOWS\System32\Wbem;C:\WINDOWS\System32\WindowsPowerShell\v1.0\;D:\Program Files (x86)\CMake\bin;D:\Program Files\Programs\Python\Python35-32;D:\Program Files\Programs\Python\Python35-32\Scripts;C:\Program Files (x86)\Skype\Phone\;D:\Program Files\Programs\Python\Python35-32\Scripts\;D:\Program Files\Programs\Python\Python35-32\
USERNAME=Kelan
OS=Windows_NT
PROCESSOR_IDENTIFIER=Intel64 Family 6 Model 60 Stepping 3, GenuineIntel



---------------  S Y S T E M  ---------------

OS: Windows 10.0 , 64 bit Build 10586 (10.0.10586.0)

CPU:total 8 (4 cores per cpu, 2 threads per core) family 6 model 60 stepping 3, cmov, cx8, fxsr, mmx, sse, sse2, sse3, ssse3, sse4.1, sse4.2, popcnt, avx, avx2, aes, clmul, erms, lzcnt, ht, tsc, tscinvbit, bmi1, bmi2

Memory: 4k page, physical 16609500k(2732896k free), swap 33386716k(16061832k free)

vm_info: Java HotSpot(TM) 64-Bit Server VM (25.65-b01) for windows-amd64 JRE (1.8.0_65-b17), built on Oct  6 2015 16:39:20 by "java_re" with MS VC++ 10.0 (VS2010)

time: Sun Apr 10 23:17:04 2016
elapsed time: 7 seconds (0d 0h 0m 7s)

