#
# A fatal error has been detected by the Java Runtime Environment:
#
#  EXCEPTION_ACCESS_VIOLATION (0xc0000005) at pc=0x00007ffb39e424b9, pid=6876, tid=13120
#
# JRE version: Java(TM) SE Runtime Environment (8.0_65-b17) (build 1.8.0_65-b17)
# Java VM: Java HotSpot(TM) 64-Bit Server VM (25.65-b01 mixed mode windows-amd64 compressed oops)
# Problematic frame:
# C  [glfw.dll+0x24b9]
#
# Failed to write core dump. Minidumps are not enabled by default on client versions of Windows
#
# If you would like to submit a bug report, please visit:
#   http://bugreport.java.com/bugreport/crash.jsp
# The crash happened outside the Java Virtual Machine in native code.
# See problematic frame for where to report the bug.
#

---------------  T H R E A D  ---------------

Current thread (0x000000001e25c000):  JavaThread "CLIENT" [_thread_in_native, id=13120, stack(0x000000001ef60000,0x000000001f060000)]

siginfo: ExceptionCode=0xc0000005, reading address 0x0000000000000000

Registers:
RAX=0x0000000000000000, RBX=0x000000001ba23030, RCX=0x0000000000000000, RDX=0x0000000000000000
RSP=0x000000001f05f0f0, RBP=0x000000001f05f1a8, RSI=0x0000000000000108, RDI=0x00000000005dba10
R8 =0x000000001f05f0e8, R9 =0x000000001f05f1a8, R10=0x0000000000000000, R11=0x0000000000000246
R12=0x0000000000000000, R13=0x000000001ba23030, R14=0x000000001f05f1e0, R15=0x000000001e25c000
RIP=0x00007ffb39e424b9, EFLAGS=0x0000000000010287

Top of Stack: (sp=0x000000001f05f0f0)
0x000000001f05f0f0:   000000001e25c000 000000001e25c000
0x000000001f05f100:   000000001e25c000 000000001e25c000
0x000000001f05f110:   0000000000000d6f 000000000261dfcc
0x000000001f05f120:   000000001ba23030 000000006c7e5005
0x000000001f05f130:   000000001b9c7bf0 0000000000fdef30
0x000000001f05f140:   000000000000000e 000000001e25c000
0x000000001f05f150:   000000001ba3f0e8 000000006c6faea4
0x000000001f05f160:   000000001e25c000 000000001f05f168
0x000000001f05f170:   0000000000000000 000000001f05f1e0
0x000000001f05f180:   000000001ba237d0 0000000000000000
0x000000001f05f190:   000000001ba23030 0000000000000000
0x000000001f05f1a0:   000000001f05f1c8 000000001f05f228
0x000000001f05f1b0:   0000000002607d8d 00000006c28381e8
0x000000001f05f1c0:   00000000026142f8 00000000005dba10
0x000000001f05f1d0:   00000000026078a0 00007ffb39e42420
0x000000001f05f1e0:   0000000000000001 000000001f05f1e8 

Instructions: (pc=0x00007ffb39e424b9)
0x00007ffb39e42499:   48 8b cf e8 1f 3a 00 00 48 39 3d f0 d5 02 00 48
0x00007ffb39e424a9:   8d 0d e9 d5 02 00 48 8b 5c 24 30 74 08 48 8b 09
0x00007ffb39e424b9:   48 39 39 75 f8 48 8b 07 48 89 01 48 8b cf 48 83
0x00007ffb39e424c9:   c4 20 5f e9 5b fe 00 00 48 83 c4 20 5f c3 cc cc 


Register to memory mapping:

RAX=0x0000000000000000 is an unknown value
RBX={method} {0x000000001ba23038} 'invokePV' '(JJ)V' in 'org/lwjgl/system/JNI'
RCX=0x0000000000000000 is an unknown value
RDX=0x0000000000000000 is an unknown value
RSP=0x000000001f05f0f0 is pointing into the stack for thread: 0x000000001e25c000
RBP=0x000000001f05f1a8 is pointing into the stack for thread: 0x000000001e25c000
RSI=0x0000000000000108 is an unknown value
RDI=0x00000000005dba10 is an unknown value
R8 =0x000000001f05f0e8 is pointing into the stack for thread: 0x000000001e25c000
R9 =0x000000001f05f1a8 is pointing into the stack for thread: 0x000000001e25c000
R10=0x0000000000000000 is an unknown value
R11=0x0000000000000246 is an unknown value
R12=0x0000000000000000 is an unknown value
R13={method} {0x000000001ba23038} 'invokePV' '(JJ)V' in 'org/lwjgl/system/JNI'
R14=0x000000001f05f1e0 is pointing into the stack for thread: 0x000000001e25c000
R15=0x000000001e25c000 is a thread


Stack: [0x000000001ef60000,0x000000001f060000],  sp=0x000000001f05f0f0,  free space=1020k
Native frames: (J=compiled Java code, j=interpreted, Vv=VM code, C=native code)
C  [glfw.dll+0x24b9]
C  0x000000000261dfcc

Java frames: (J=compiled Java code, j=interpreted, Vv=VM code)
j  org.lwjgl.system.JNI.invokePV(JJ)V+0
j  org.lwjgl.glfw.GLFW.glfwDestroyCursor(J)V+20
j  main.client.Window.destroyWindow()V+9
j  main.coreEngine.Engine.stop()V+70
j  main.client.Window.update()V+33
j  main.client.renderEngine.RenderEngine.render()V+32
j  main.client.ClientThread.tick()V+12
j  main.coreEngine.TickableThread.run()V+469
v  ~StubRoutines::call_stub

---------------  P R O C E S S  ---------------

Java Threads: ( => current thread )
  0x000000001e25e000 JavaThread "SERVER" [_thread_in_Java, id=2808, stack(0x000000001f060000,0x000000001f160000)]
=>0x000000001e25c000 JavaThread "CLIENT" [_thread_in_native, id=13120, stack(0x000000001ef60000,0x000000001f060000)]
  0x000000001e15b000 JavaThread "Service Thread" daemon [_thread_blocked, id=1716, stack(0x000000001ed60000,0x000000001ee60000)]
  0x000000001e0c4800 JavaThread "C1 CompilerThread3" daemon [_thread_blocked, id=9436, stack(0x000000001ec60000,0x000000001ed60000)]
  0x000000001e0bb800 JavaThread "C2 CompilerThread2" daemon [_thread_blocked, id=5164, stack(0x000000001eb60000,0x000000001ec60000)]
  0x000000001e0ba800 JavaThread "C2 CompilerThread1" daemon [_thread_blocked, id=6540, stack(0x000000001ea60000,0x000000001eb60000)]
  0x000000001e0bf800 JavaThread "C2 CompilerThread0" daemon [_thread_blocked, id=5532, stack(0x000000001e960000,0x000000001ea60000)]
  0x000000001e0a3800 JavaThread "JDWP Command Reader" daemon [_thread_in_native, id=9340, stack(0x000000001e860000,0x000000001e960000)]
  0x000000001e09e800 JavaThread "JDWP Event Helper Thread" daemon [_thread_blocked, id=5044, stack(0x000000001e760000,0x000000001e860000)]
  0x000000001e09c800 JavaThread "JDWP Transport Listener: dt_socket" daemon [_thread_blocked, id=5472, stack(0x000000001e660000,0x000000001e760000)]
  0x000000001e087000 JavaThread "Attach Listener" daemon [_thread_blocked, id=12976, stack(0x000000001e560000,0x000000001e660000)]
  0x000000001e086000 JavaThread "Signal Dispatcher" daemon [_thread_blocked, id=5324, stack(0x000000001e460000,0x000000001e560000)]
  0x0000000000fdb000 JavaThread "Finalizer" daemon [_thread_blocked, id=9620, stack(0x000000001de80000,0x000000001df80000)]
  0x000000001bf9d000 JavaThread "Reference Handler" daemon [_thread_blocked, id=10296, stack(0x000000001dd80000,0x000000001de80000)]
  0x0000000000dde000 JavaThread "main" [_thread_in_Java, id=11116, stack(0x0000000000cc0000,0x0000000000dc0000)]

Other Threads:
  0x000000001bf98800 VMThread [stack: 0x000000001dc80000,0x000000001dd80000] [id=11620]
  0x000000001e17d800 WatcherThread [stack: 0x000000001ee60000,0x000000001ef60000] [id=13176]

VM state:not at safepoint (normal execution)

VM Mutex/Monitor currently owned by a thread: None

Heap:
 PSYoungGen      total 1200128K, used 624854K [0x000000076b800000, 0x00000007bc400000, 0x00000007c0000000)
  eden space 1199616K, 52% used [0x000000076b800000,0x0000000791a0d8f0,0x00000007b4b80000)
  from space 512K, 31% used [0x00000007bc380000,0x00000007bc3a8000,0x00000007bc400000)
  to   space 4608K, 0% used [0x00000007bbb00000,0x00000007bbb00000,0x00000007bbf80000)
 ParOldGen       total 173568K, used 7599K [0x00000006c2800000, 0x00000006cd180000, 0x000000076b800000)
  object space 173568K, 4% used [0x00000006c2800000,0x00000006c2f6bf08,0x00000006cd180000)
 Metaspace       used 8384K, capacity 8774K, committed 8960K, reserved 1056768K
  class space    used 661K, capacity 690K, committed 768K, reserved 1048576K

Card table byte_map: [0x00000000119c0000,0x00000000121b0000] byte_map_base: 0x000000000e3ac000

Marking Bits: (ParMarkBitMap*) 0x000000006cdda5b0
 Begin Bits: [0x0000000012f00000, 0x0000000016e60000)
 End Bits:   [0x0000000016e60000, 0x000000001adc0000)

Polling page: 0x00000000007a0000

CodeCache: size=245760Kb used=4594Kb max_used=4606Kb free=241165Kb
 bounds [0x0000000002600000, 0x0000000002a90000, 0x0000000011600000]
 total_blobs=1476 nmethods=818 adapters=579
 compilation: enabled

Compilation events (10 events):
Event: 4.906 Thread 0x000000001e0c4800  820       3       main.client.renderEngine.RenderEngine$ModelData::<init> (32 bytes)
Event: 4.906 Thread 0x000000001e0c4800 nmethod 820 0x0000000002a75c50 code [0x0000000002a75da0, 0x0000000002a75fd0]
Event: 4.906 Thread 0x000000001e0c4800  819       3       main.coreEngine.sceneGraph.components.ControllerComponent::input (675 bytes)
Event: 4.909 Thread 0x000000001e0c4800 nmethod 819 0x0000000002a76090 code [0x0000000002a768a0, 0x0000000002a7d138]
Event: 4.922 Thread 0x000000001e0bb800  821       4       org.lwjgl.opengl.GL20::getInstance (7 bytes)
Event: 4.923 Thread 0x000000001e0bb800 nmethod 821 0x0000000002a82950 code [0x0000000002a82aa0, 0x0000000002a82c38]
Event: 5.056 Thread 0x000000001e0ba800  822       4       main.coreEngine.util.maths.Matrix4f::setIdentity (82 bytes)
Event: 5.056 Thread 0x000000001e0ba800 nmethod 822 0x0000000002a1c150 code [0x0000000002a1c280, 0x0000000002a1c338]
Event: 6.072 Thread 0x000000001e0bf800  823       4       java.nio.Buffer::limit (62 bytes)
Event: 6.073 Thread 0x000000001e0bf800 nmethod 823 0x0000000002a82f90 code [0x0000000002a830e0, 0x0000000002a831b8]

GC Heap History (10 events):
Event: 2.487 GC heap before
{Heap before GC invocations=10 (full 0):
 PSYoungGen      total 521216K, used 516928K [0x000000076b800000, 0x000000079e880000, 0x00000007c0000000)
  eden space 516096K, 100% used [0x000000076b800000,0x000000078b000000,0x000000078b000000)
  from space 5120K, 16% used [0x000000078b000000,0x000000078b0d0000,0x000000078b500000)
  to   space 5120K, 0% used [0x000000079e380000,0x000000079e380000,0x000000079e880000)
 ParOldGen       total 173568K, used 6867K [0x00000006c2800000, 0x00000006cd180000, 0x000000076b800000)
  object space 173568K, 3% used [0x00000006c2800000,0x00000006c2eb4ef8,0x00000006cd180000)
 Metaspace       used 8351K, capacity 8774K, committed 8960K, reserved 1056768K
  class space    used 661K, capacity 690K, committed 768K, reserved 1048576K
Event: 2.489 GC heap after
Heap after GC invocations=10 (full 0):
 PSYoungGen      total 830976K, used 288K [0x000000076b800000, 0x000000079e880000, 0x00000007c0000000)
  eden space 825856K, 0% used [0x000000076b800000,0x000000076b800000,0x000000079de80000)
  from space 5120K, 5% used [0x000000079e380000,0x000000079e3c8000,0x000000079e880000)
  to   space 5120K, 0% used [0x000000079de80000,0x000000079de80000,0x000000079e380000)
 ParOldGen       total 173568K, used 7551K [0x00000006c2800000, 0x00000006cd180000, 0x000000076b800000)
  object space 173568K, 4% used [0x00000006c2800000,0x00000006c2f5ff08,0x00000006cd180000)
 Metaspace       used 8351K, capacity 8774K, committed 8960K, reserved 1056768K
  class space    used 661K, capacity 690K, committed 768K, reserved 1048576K
}
Event: 3.141 GC heap before
{Heap before GC invocations=11 (full 0):
 PSYoungGen      total 830976K, used 826144K [0x000000076b800000, 0x000000079e880000, 0x00000007c0000000)
  eden space 825856K, 100% used [0x000000076b800000,0x000000079de80000,0x000000079de80000)
  from space 5120K, 5% used [0x000000079e380000,0x000000079e3c8000,0x000000079e880000)
  to   space 5120K, 0% used [0x000000079de80000,0x000000079de80000,0x000000079e380000)
 ParOldGen       total 173568K, used 7551K [0x00000006c2800000, 0x00000006cd180000, 0x000000076b800000)
  object space 173568K, 4% used [0x00000006c2800000,0x00000006c2f5ff08,0x00000006cd180000)
 Metaspace       used 8368K, capacity 8774K, committed 8960K, reserved 1056768K
  class space    used 661K, capacity 690K, committed 768K, reserved 1048576K
Event: 3.142 GC heap after
Heap after GC invocations=11 (full 0):
 PSYoungGen      total 830976K, used 96K [0x000000076b800000, 0x00000007bcc80000, 0x00000007c0000000)
  eden space 825856K, 0% used [0x000000076b800000,0x000000076b800000,0x000000079de80000)
  from space 5120K, 1% used [0x000000079de80000,0x000000079de98000,0x000000079e380000)
  to   space 5120K, 0% used [0x00000007bc780000,0x00000007bc780000,0x00000007bcc80000)
 ParOldGen       total 173568K, used 7583K [0x00000006c2800000, 0x00000006cd180000, 0x000000076b800000)
  object space 173568K, 4% used [0x00000006c2800000,0x00000006c2f67f08,0x00000006cd180000)
 Metaspace       used 8368K, capacity 8774K, committed 8960K, reserved 1056768K
  class space    used 661K, capacity 690K, committed 768K, reserved 1048576K
}
Event: 3.729 GC heap before
{Heap before GC invocations=12 (full 0):
 PSYoungGen      total 830976K, used 825952K [0x000000076b800000, 0x00000007bcc80000, 0x00000007c0000000)
  eden space 825856K, 100% used [0x000000076b800000,0x000000079de80000,0x000000079de80000)
  from space 5120K, 1% used [0x000000079de80000,0x000000079de98000,0x000000079e380000)
  to   space 5120K, 0% used [0x00000007bc780000,0x00000007bc780000,0x00000007bcc80000)
 ParOldGen       total 173568K, used 7583K [0x00000006c2800000, 0x00000006cd180000, 0x000000076b800000)
  object space 173568K, 4% used [0x00000006c2800000,0x00000006c2f67f08,0x00000006cd180000)
 Metaspace       used 8374K, capacity 8774K, committed 8960K, reserved 1056768K
  class space    used 661K, capacity 690K, committed 768K, reserved 1048576K
Event: 3.730 GC heap after
Heap after GC invocations=12 (full 0):
 PSYoungGen      total 1325568K, used 128K [0x000000076b800000, 0x00000007bcb80000, 0x00000007c0000000)
  eden space 1321472K, 0% used [0x000000076b800000,0x000000076b800000,0x00000007bc280000)
  from space 4096K, 3% used [0x00000007bc780000,0x00000007bc7a0000,0x00000007bcb80000)
  to   space 4608K, 0% used [0x00000007bc280000,0x00000007bc280000,0x00000007bc700000)
 ParOldGen       total 173568K, used 7591K [0x00000006c2800000, 0x00000006cd180000, 0x000000076b800000)
  object space 173568K, 4% used [0x00000006c2800000,0x00000006c2f69f08,0x00000006cd180000)
 Metaspace       used 8374K, capacity 8774K, committed 8960K, reserved 1056768K
  class space    used 661K, capacity 690K, committed 768K, reserved 1048576K
}
Event: 4.911 GC heap before
{Heap before GC invocations=13 (full 0):
 PSYoungGen      total 1325568K, used 1321600K [0x000000076b800000, 0x00000007bcb80000, 0x00000007c0000000)
  eden space 1321472K, 100% used [0x000000076b800000,0x00000007bc280000,0x00000007bc280000)
  from space 4096K, 3% used [0x00000007bc780000,0x00000007bc7a0000,0x00000007bcb80000)
  to   space 4608K, 0% used [0x00000007bc280000,0x00000007bc280000,0x00000007bc700000)
 ParOldGen       total 173568K, used 7591K [0x00000006c2800000, 0x00000006cd180000, 0x000000076b800000)
  object space 173568K, 4% used [0x00000006c2800000,0x00000006c2f69f08,0x00000006cd180000)
 Metaspace       used 8384K, capacity 8774K, committed 8960K, reserved 1056768K
  class space    used 661K, capacity 690K, committed 768K, reserved 1048576K
Event: 4.911 GC heap after
Heap after GC invocations=13 (full 0):
 PSYoungGen      total 1259520K, used 224K [0x000000076b800000, 0x00000007bc800000, 0x00000007c0000000)
  eden space 1259008K, 0% used [0x000000076b800000,0x000000076b800000,0x00000007b8580000)
  from space 512K, 43% used [0x00000007bc280000,0x00000007bc2b8000,0x00000007bc300000)
  to   space 4608K, 0% used [0x00000007bc380000,0x00000007bc380000,0x00000007bc800000)
 ParOldGen       total 173568K, used 7591K [0x00000006c2800000, 0x00000006cd180000, 0x000000076b800000)
  object space 173568K, 4% used [0x00000006c2800000,0x00000006c2f69f08,0x00000006cd180000)
 Metaspace       used 8384K, capacity 8774K, committed 8960K, reserved 1056768K
  class space    used 661K, capacity 690K, committed 768K, reserved 1048576K
}
Event: 5.879 GC heap before
{Heap before GC invocations=14 (full 0):
 PSYoungGen      total 1259520K, used 1259232K [0x000000076b800000, 0x00000007bc800000, 0x00000007c0000000)
  eden space 1259008K, 100% used [0x000000076b800000,0x00000007b8580000,0x00000007b8580000)
  from space 512K, 43% used [0x00000007bc280000,0x00000007bc2b8000,0x00000007bc300000)
  to   space 4608K, 0% used [0x00000007bc380000,0x00000007bc380000,0x00000007bc800000)
 ParOldGen       total 173568K, used 7591K [0x00000006c2800000, 0x00000006cd180000, 0x000000076b800000)
  object space 173568K, 4% used [0x00000006c2800000,0x00000006c2f69f08,0x00000006cd180000)
 Metaspace       used 8384K, capacity 8774K, committed 8960K, reserved 1056768K
  class space    used 661K, capacity 690K, committed 768K, reserved 1048576K
Event: 5.880 GC heap after
Heap after GC invocations=14 (full 0):
 PSYoungGen      total 1200128K, used 160K [0x000000076b800000, 0x00000007bc400000, 0x00000007c0000000)
  eden space 1199616K, 0% used [0x000000076b800000,0x000000076b800000,0x00000007b4b80000)
  from space 512K, 31% used [0x00000007bc380000,0x00000007bc3a8000,0x00000007bc400000)
  to   space 4608K, 0% used [0x00000007bbb00000,0x00000007bbb00000,0x00000007bbf80000)
 ParOldGen       total 173568K, used 7599K [0x00000006c2800000, 0x00000006cd180000, 0x000000076b800000)
  object space 173568K, 4% used [0x00000006c2800000,0x00000006c2f6bf08,0x00000006cd180000)
 Metaspace       used 8384K, capacity 8774K, committed 8960K, reserved 1056768K
  class space    used 661K, capacity 690K, committed 768K, reserved 1048576K
}

Deoptimization events (10 events):
Event: 2.051 Thread 0x000000001e25c000 Uncommon trap: reason=class_check action=maybe_recompile pc=0x00000000028d1e44 method=sun.misc.FloatingDecimal.parseFloat(Ljava/lang/String;)F @ 4
Event: 2.051 Thread 0x000000001e25c000 Uncommon trap: reason=class_check action=maybe_recompile pc=0x00000000028d1e44 method=sun.misc.FloatingDecimal.parseFloat(Ljava/lang/String;)F @ 4
Event: 2.051 Thread 0x000000001e25c000 Uncommon trap: reason=class_check action=maybe_recompile pc=0x00000000028d1e44 method=sun.misc.FloatingDecimal.parseFloat(Ljava/lang/String;)F @ 4
Event: 2.051 Thread 0x000000001e25c000 Uncommon trap: reason=class_check action=maybe_recompile pc=0x00000000028d1e44 method=sun.misc.FloatingDecimal.parseFloat(Ljava/lang/String;)F @ 4
Event: 2.051 Thread 0x000000001e25c000 Uncommon trap: reason=unstable_if action=reinterpret pc=0x0000000002932b30 method=main.client.renderEngine.mesh.MeshBuilder.processFace(Ljava/lang/String;Lmain/client/renderEngine/mesh/MeshBuilder;)Z @ 114
Event: 2.060 Thread 0x000000001e25c000 Uncommon trap: reason=bimorphic action=maybe_recompile pc=0x0000000002751dc0 method=java.util.HashMap.getNode(ILjava/lang/Object;)Ljava/util/HashMap$Node; @ 126
Event: 2.137 Thread 0x000000001e25c000 Uncommon trap: reason=unstable_if action=reinterpret pc=0x00000000028d466c method=main.coreEngine.TickableThread.run()V @ 461
Event: 2.146 Thread 0x000000001e25e000 Uncommon trap: reason=unstable_if action=reinterpret pc=0x00000000028d466c method=main.coreEngine.TickableThread.run()V @ 461
Event: 2.159 Thread 0x000000001e25c000 Uncommon trap: reason=unstable_if action=reinterpret pc=0x0000000002921630 method=java.lang.Integer.valueOf(I)Ljava/lang/Integer; @ 10
Event: 2.162 Thread 0x0000000000dde000 Uncommon trap: reason=unstable_if action=reinterpret pc=0x0000000002a039b0 method=main.coreEngine.Engine.start()V @ 163

Internal exceptions (8 events):
Event: 0.036 Thread 0x0000000000dde000 Exception <a 'java/lang/NoSuchMethodError': Method sun.misc.Unsafe.defineClass(Ljava/lang/String;[BII)Ljava/lang/Class; name or signature does not match> (0x000000076b80da30) thrown at [C:\workspace\8-2-build-windows-amd64-cygwin\jdk8u65\4987\hotspot\src\s0øè÷†¢?
Event: 0.036 Thread 0x0000000000dde000 Exception <a 'java/lang/NoSuchMethodError': Method sun.misc.Unsafe.prefetchRead(Ljava/lang/Object;J)V name or signature does not match> (0x000000076b80dd18) thrown at [C:\workspace\8-2-build-windows-amd64-cygwin\jdk8u65\4987\hotspot\src\share\vm\prims\jni.+¬≈>∏‚?
Event: 0.585 Thread 0x000000001e25c000 Implicit null exception at 0x0000000002758acf to 0x0000000002758e35
Event: 0.586 Thread 0x000000001e25c000 Exception <a 'java/security/PrivilegedActionException'> (0x000000076e79ea60) thrown at [C:\workspace\8-2-build-windows-amd64-cygwin\jdk8u65\4987\hotspot\src\share\vm\prims\jvm.cpp, line 1386]
Event: 0.586 Thread 0x000000001e25c000 Exception <a 'java/security/PrivilegedActionException'> (0x000000076e79ee58) thrown at [C:\workspace\8-2-build-windows-amd64-cygwin\jdk8u65\4987\hotspot\src\share\vm\prims\jvm.cpp, line 1386]
Event: 0.588 Thread 0x000000001e25c000 Exception <a 'java/security/PrivilegedActionException'> (0x000000076e7a3070) thrown at [C:\workspace\8-2-build-windows-amd64-cygwin\jdk8u65\4987\hotspot\src\share\vm\prims\jvm.cpp, line 1386]
Event: 0.588 Thread 0x000000001e25c000 Exception <a 'java/security/PrivilegedActionException'> (0x000000076e7a3468) thrown at [C:\workspace\8-2-build-windows-amd64-cygwin\jdk8u65\4987\hotspot\src\share\vm\prims\jvm.cpp, line 1386]
Event: 1.410 Thread 0x0000000000dde000 Implicit null exception at 0x0000000002765704 to 0x0000000002765c95

Events (10 events):
Event: 3.141 Executing VM operation: ParallelGCFailedAllocation
Event: 3.142 Executing VM operation: ParallelGCFailedAllocation done
Event: 3.729 Executing VM operation: ParallelGCFailedAllocation
Event: 3.730 Executing VM operation: ParallelGCFailedAllocation done
Event: 4.093 Executing VM operation: EnableBiasedLocking
Event: 4.093 Executing VM operation: EnableBiasedLocking done
Event: 4.911 Executing VM operation: ParallelGCFailedAllocation
Event: 4.911 Executing VM operation: ParallelGCFailedAllocation done
Event: 5.879 Executing VM operation: ParallelGCFailedAllocation
Event: 5.880 Executing VM operation: ParallelGCFailedAllocation done


Dynamic libraries:
0x00007ff603aa0000 - 0x00007ff603ad7000 	C:\Program Files\Java\jdk1.8.0_65\bin\java.exe
0x00007ffb48720000 - 0x00007ffb488e1000 	C:\WINDOWS\SYSTEM32\ntdll.dll
0x00007ffb48170000 - 0x00007ffb4821d000 	C:\WINDOWS\system32\KERNEL32.DLL
0x00007ffb45560000 - 0x00007ffb45748000 	C:\WINDOWS\system32\KERNELBASE.dll
0x00007ffb47a50000 - 0x00007ffb47af7000 	C:\WINDOWS\system32\ADVAPI32.dll
0x00007ffb480d0000 - 0x00007ffb4816d000 	C:\WINDOWS\system32\msvcrt.dll
0x00007ffb47b00000 - 0x00007ffb47b5b000 	C:\WINDOWS\system32\sechost.dll
0x00007ffb47700000 - 0x00007ffb4781c000 	C:\WINDOWS\system32\RPCRT4.dll
0x00007ffb485c0000 - 0x00007ffb48716000 	C:\WINDOWS\system32\USER32.dll
0x00007ffb48220000 - 0x00007ffb483a6000 	C:\WINDOWS\system32\GDI32.dll
0x00007ffb41530000 - 0x00007ffb417a4000 	C:\WINDOWS\WinSxS\amd64_microsoft.windows.common-controls_6595b64144ccf1df_6.0.10586.0_none_8c15ae12515e1c22\COMCTL32.dll
0x00007ffb45b00000 - 0x00007ffb45d7d000 	C:\WINDOWS\system32\combase.dll
0x00007ffb45920000 - 0x00007ffb4598a000 	C:\WINDOWS\system32\bcryptPrimitives.dll
0x00007ffb45f90000 - 0x00007ffb45fcb000 	C:\WINDOWS\system32\IMM32.DLL
0x000000006ce60000 - 0x000000006cf32000 	C:\Program Files\Java\jdk1.8.0_65\jre\bin\msvcr100.dll
0x000000006c5d0000 - 0x000000006ce59000 	C:\Program Files\Java\jdk1.8.0_65\jre\bin\server\jvm.dll
0x00007ffb475a0000 - 0x00007ffb475a8000 	C:\WINDOWS\system32\PSAPI.DLL
0x00007ffb3c060000 - 0x00007ffb3c069000 	C:\WINDOWS\SYSTEM32\WSOCK32.dll
0x00007ffb48420000 - 0x00007ffb4848b000 	C:\WINDOWS\system32\WS2_32.dll
0x00007ffb42fa0000 - 0x00007ffb42fc3000 	C:\WINDOWS\SYSTEM32\WINMM.dll
0x00007ffb418d0000 - 0x00007ffb418da000 	C:\WINDOWS\SYSTEM32\VERSION.dll
0x00007ffb42f40000 - 0x00007ffb42f6c000 	C:\WINDOWS\SYSTEM32\WINMMBASE.dll
0x00007ffb45ab0000 - 0x00007ffb45af3000 	C:\WINDOWS\system32\cfgmgr32.dll
0x000000006c5c0000 - 0x000000006c5cf000 	C:\Program Files\Java\jdk1.8.0_65\jre\bin\verify.dll
0x000000006c590000 - 0x000000006c5b9000 	C:\Program Files\Java\jdk1.8.0_65\jre\bin\java.dll
0x000000006c550000 - 0x000000006c585000 	C:\Program Files\Java\jdk1.8.0_65\jre\bin\jdwp.dll
0x000000006c540000 - 0x000000006c548000 	C:\Program Files\Java\jdk1.8.0_65\jre\bin\npt.dll
0x000000006c520000 - 0x000000006c536000 	C:\Program Files\Java\jdk1.8.0_65\jre\bin\zip.dll
0x00007ffb45fd0000 - 0x00007ffb4752c000 	C:\WINDOWS\system32\SHELL32.dll
0x00007ffb44ef0000 - 0x00007ffb45535000 	C:\WINDOWS\system32\windows.storage.dll
0x00007ffb483c0000 - 0x00007ffb48412000 	C:\WINDOWS\system32\shlwapi.dll
0x00007ffb44da0000 - 0x00007ffb44daf000 	C:\WINDOWS\system32\kernel.appcore.dll
0x00007ffb459f0000 - 0x00007ffb45aa5000 	C:\WINDOWS\system32\shcore.dll
0x00007ffb44d50000 - 0x00007ffb44d9b000 	C:\WINDOWS\system32\powrprof.dll
0x00007ffb44d20000 - 0x00007ffb44d34000 	C:\WINDOWS\system32\profapi.dll
0x000000006c2f0000 - 0x000000006c2f9000 	C:\Program Files\Java\jdk1.8.0_65\jre\bin\dt_socket.dll
0x00007ffb44650000 - 0x00007ffb446ac000 	C:\WINDOWS\system32\mswsock.dll
0x00007ffb31ec0000 - 0x00007ffb31f48000 	D:\Code\Java\Projects\WireEngine20\lib\native\lwjgl.dll
0x00007ffb44820000 - 0x00007ffb4482b000 	C:\WINDOWS\SYSTEM32\CRYPTBASE.DLL
0x00007ffb400c0000 - 0x00007ffb40102000 	D:\Code\Java\Projects\WireEngine20\lib\native\jemalloc.dll
0x00007ffb39e40000 - 0x00007ffb39e78000 	D:\Code\Java\Projects\WireEngine20\lib\native\glfw.dll
0x00007ffb436a0000 - 0x00007ffb43736000 	C:\WINDOWS\system32\uxtheme.dll
0x00007ffb42950000 - 0x00007ffb42972000 	C:\WINDOWS\SYSTEM32\dwmapi.dll
0x00007ffb2da30000 - 0x00007ffb2db59000 	C:\WINDOWS\SYSTEM32\opengl32.dll
0x00007ffb3a050000 - 0x00007ffb3a07e000 	C:\WINDOWS\SYSTEM32\GLU32.dll
0x00007ffb2fd50000 - 0x00007ffb2fe4a000 	C:\WINDOWS\SYSTEM32\DDRAW.dll
0x00007ffb40230000 - 0x00007ffb40238000 	C:\WINDOWS\SYSTEM32\DCIMAN32.dll
0x00007ffb478f0000 - 0x00007ffb47a4a000 	C:\WINDOWS\system32\MSCTF.dll
0x00007ffb2cbb0000 - 0x00007ffb2cbf9000 	C:\Program Files (x86)\TeamViewer\tv_x64.dll
0x00007ffb475b0000 - 0x00007ffb476f3000 	C:\WINDOWS\system32\ole32.dll
0x000000006a5a0000 - 0x000000006c2e9000 	C:\WINDOWS\SYSTEM32\nvoglv64.DLL
0x00007ffb47c20000 - 0x00007ffb48049000 	C:\WINDOWS\system32\SETUPAPI.dll
0x00007ffb42d00000 - 0x00007ffb42d13000 	C:\WINDOWS\SYSTEM32\WTSAPI32.dll
0x00007ffb437f0000 - 0x00007ffb43817000 	C:\WINDOWS\SYSTEM32\DEVOBJ.dll
0x00007ffb45990000 - 0x00007ffb459e5000 	C:\WINDOWS\system32\WINTRUST.dll
0x00007ffb44d40000 - 0x00007ffb44d50000 	C:\WINDOWS\system32\MSASN1.dll
0x00007ffb45750000 - 0x00007ffb45917000 	C:\WINDOWS\system32\CRYPT32.dll
0x00007ffb44270000 - 0x00007ffb442a1000 	C:\WINDOWS\SYSTEM32\ntmarta.dll
0x00007ffb43fc0000 - 0x00007ffb44016000 	C:\WINDOWS\SYSTEM32\WINSTA.dll
0x00007ffb47b70000 - 0x00007ffb47c17000 	C:\WINDOWS\system32\clbcatq.dll
0x00007ffb3d0b0000 - 0x00007ffb3d0d5000 	C:\Program Files (x86)\Samsung\Easy Printer Manager\SmartScreenPrint\CDAKEYMonitor64.dll
0x00007ffb47820000 - 0x00007ffb478e1000 	C:\WINDOWS\system32\OLEAUT32.dll
0x00007ffb2ca20000 - 0x00007ffb2cbac000 	C:\WINDOWS\SYSTEM32\dbghelp.dll

VM Arguments:
jvm_args: -agentlib:jdwp=transport=dt_socket,address=127.0.0.1:64213,suspend=y,server=n -Djava.library.path=lib/native/ -Dfile.encoding=UTF-8 
java_command: main.Main
java_class_path (initial): C:\Program Files\Java\jdk1.8.0_65\jre\lib\charsets.jar;C:\Program Files\Java\jdk1.8.0_65\jre\lib\deploy.jar;C:\Program Files\Java\jdk1.8.0_65\jre\lib\ext\access-bridge-64.jar;C:\Program Files\Java\jdk1.8.0_65\jre\lib\ext\cldrdata.jar;C:\Program Files\Java\jdk1.8.0_65\jre\lib\ext\dnsns.jar;C:\Program Files\Java\jdk1.8.0_65\jre\lib\ext\jaccess.jar;C:\Program Files\Java\jdk1.8.0_65\jre\lib\ext\jfxrt.jar;C:\Program Files\Java\jdk1.8.0_65\jre\lib\ext\localedata.jar;C:\Program Files\Java\jdk1.8.0_65\jre\lib\ext\nashorn.jar;C:\Program Files\Java\jdk1.8.0_65\jre\lib\ext\sunec.jar;C:\Program Files\Java\jdk1.8.0_65\jre\lib\ext\sunjce_provider.jar;C:\Program Files\Java\jdk1.8.0_65\jre\lib\ext\sunmscapi.jar;C:\Program Files\Java\jdk1.8.0_65\jre\lib\ext\sunpkcs11.jar;C:\Program Files\Java\jdk1.8.0_65\jre\lib\ext\zipfs.jar;C:\Program Files\Java\jdk1.8.0_65\jre\lib\javaws.jar;C:\Program Files\Java\jdk1.8.0_65\jre\lib\jce.jar;C:\Program Files\Java\jdk1.8.0_65\jre\lib\jfr.jar;C:\Program Files\Java\jdk1.8.0_65\jre\lib\jfxswt.jar;C:\Program Files\Java\jdk1.8.0_65\jre\lib\jsse.jar;C:\Program Files\Java\jdk1.8.0_65\jre\lib\management-agent.jar;C:\Program Files\Java\jdk1.8.0_65\jre\lib\plugin.jar;C:\Program Files\Java\jdk1.8.0_65\jre\lib\resources.jar;C:\Program Files\Java\jdk1.8.0_65\jre\lib\rt.jar;D:\Code\Java\Projects\WireEngine20\out\production\WireEngine20;D:\Code\Java\Projects\WireEngine20\lib\jar\lwjgl.jar;D:\Code\Java\Projects\WireEngine20\lib\jar\slick-util.jar;D:\Program Files (x86)\JetBrains\IntelliJ IDEA 2016.1\lib\idea_rt.jar
Launcher Type: SUN_STANDARD

Environment Variables:
JAVA_HOME=C:\Program Files\Java\jdk1.8.0_65
PATH=C:\ProgramData\Oracle\Java\javapath;C:\Program Files (x86)\Razer Chroma SDK\bin;C:\Program Files\Razer Chroma SDK\bin;C:\Program Files (x86)\NVIDIA Corporation\PhysX\Common;C:\Program Files (x86)\Intel\iCLS Client\;C:\Program Files\Intel\iCLS Client\;C:\Windows\system32;C:\Windows;C:\Windows\System32\Wbem;C:\Windows\System32\WindowsPowerShell\v1.0\;C:\Program Files\Intel\Intel(R) Management Engine Components\DAL;C:\Program Files (x86)\Intel\Intel(R) Management Engine Components\DAL;C:\Program Files\Intel\Intel(R) Management Engine Components\IPT;C:\Program Files (x86)\Intel\Intel(R) Management Engine Components\IPT;C:\Program Files\Java\jre1.8.0_65\bin;C:\MinGW\bin;C:\WINDOWS\system32;C:\WINDOWS;C:\WINDOWS\System32\Wbem;C:\WINDOWS\System32\WindowsPowerShell\v1.0\;D:\Program Files (x86)\CMake\bin;D:\Program Files\Programs\Python\Python35-32;D:\Program Files\Programs\Python\Python35-32\Scripts;C:\Program Files (x86)\Skype\Phone\;D:\Program Files\Programs\Python\Python35-32\Scripts\;D:\Program Files\Programs\Python\Python35-32\
USERNAME=Kelan
OS=Windows_NT
PROCESSOR_IDENTIFIER=Intel64 Family 6 Model 60 Stepping 3, GenuineIntel



---------------  S Y S T E M  ---------------

OS: Windows 10.0 , 64 bit Build 10586 (10.0.10586.0)

CPU:total 8 (4 cores per cpu, 2 threads per core) family 6 model 60 stepping 3, cmov, cx8, fxsr, mmx, sse, sse2, sse3, ssse3, sse4.1, sse4.2, popcnt, avx, avx2, aes, clmul, erms, lzcnt, ht, tsc, tscinvbit, bmi1, bmi2

Memory: 4k page, physical 16609500k(5894820k free), swap 33386716k(18516712k free)

vm_info: Java HotSpot(TM) 64-Bit Server VM (25.65-b01) for windows-amd64 JRE (1.8.0_65-b17), built on Oct  6 2015 16:39:20 by "java_re" with MS VC++ 10.0 (VS2010)

time: Tue Apr 19 17:15:45 2016
elapsed time: 6 seconds (0d 0h 0m 6s)

