#
# A fatal error has been detected by the Java Runtime Environment:
#
#  EXCEPTION_ACCESS_VIOLATION (0xc0000005) at pc=0x00007ffdd9dc24b9, pid=12616, tid=12860
#
# JRE version: Java(TM) SE Runtime Environment (8.0_65-b17) (build 1.8.0_65-b17)
# Java VM: Java HotSpot(TM) 64-Bit Server VM (25.65-b01 mixed mode windows-amd64 compressed oops)
# Problematic frame:
# C  [glfw.dll+0x24b9]
#
# Failed to write core dump. Minidumps are not enabled by default on client versions of Windows
#
# If you would like to submit a bug report, please visit:
#   http://bugreport.java.com/bugreport/crash.jsp
# The crash happened outside the Java Virtual Machine in native code.
# See problematic frame for where to report the bug.
#

---------------  T H R E A D  ---------------

Current thread (0x000000001e342800):  JavaThread "CLIENT" [_thread_in_native, id=12860, stack(0x000000001f060000,0x000000001f160000)]

siginfo: ExceptionCode=0xc0000005, reading address 0x0000000000000000

Registers:
RAX=0x0000000000000000, RBX=0x000000001bb1d260, RCX=0x0000000000000000, RDX=0x0000000000000000
RSP=0x000000001f15eb30, RBP=0x000000001f15ebe0, RSI=0x0000000000000108, RDI=0x00000000005db7b0
R8 =0x000000001f15eb28, R9 =0x000000001f15ebe0, R10=0x0000000000000000, R11=0x0000000000000246
R12=0x0000000000000000, R13=0x000000001bb1d260, R14=0x000000001f15ec18, R15=0x000000001e342800
RIP=0x00007ffdd9dc24b9, EFLAGS=0x0000000000010287

Top of Stack: (sp=0x000000001f15eb30)
0x000000001f15eb30:   000000001e342800 000000001e342800
0x000000001f15eb40:   000000001bb37080 000000007052d610
0x000000001f15eb50:   00000000000002ab 000000000271dfcc
0x000000001f15eb60:   000000001bb1d260 000000001c0a13a0
0x000000001f15eb70:   000000000000000e 000000001e342800
0x000000001f15eb80:   000000001bb37080 000000007052aea4
0x000000001f15eb90:   000000001e342800 000000001e342800
0x000000001f15eba0:   000000001f15eba0 0000000000000000
0x000000001f15ebb0:   000000001f15ec18 000000001bb1da00
0x000000001f15ebc0:   0000000000000000 000000001bb1d260
0x000000001f15ebd0:   0000000000000000 000000001f15ec00
0x000000001f15ebe0:   000000001f15ec60 0000000002707d8d
0x000000001f15ebf0:   00000006c280e1c8 00000000027142f8
0x000000001f15ec00:   00000000005db7b0 00000000027078a0
0x000000001f15ec10:   00007ffdd9dc2420 0000000000000001
0x000000001f15ec20:   000000001f15ec20 000000001bb37054 

Instructions: (pc=0x00007ffdd9dc24b9)
0x00007ffdd9dc2499:   48 8b cf e8 1f 3a 00 00 48 39 3d f0 d5 02 00 48
0x00007ffdd9dc24a9:   8d 0d e9 d5 02 00 48 8b 5c 24 30 74 08 48 8b 09
0x00007ffdd9dc24b9:   48 39 39 75 f8 48 8b 07 48 89 01 48 8b cf 48 83
0x00007ffdd9dc24c9:   c4 20 5f e9 5b fe 00 00 48 83 c4 20 5f c3 cc cc 


Register to memory mapping:

RAX=0x0000000000000000 is an unknown value
RBX={method} {0x000000001bb1d268} 'invokePV' '(JJ)V' in 'org/lwjgl/system/JNI'
RCX=0x0000000000000000 is an unknown value
RDX=0x0000000000000000 is an unknown value
RSP=0x000000001f15eb30 is pointing into the stack for thread: 0x000000001e342800
RBP=0x000000001f15ebe0 is pointing into the stack for thread: 0x000000001e342800
RSI=0x0000000000000108 is an unknown value
RDI=0x00000000005db7b0 is an unknown value
R8 =0x000000001f15eb28 is pointing into the stack for thread: 0x000000001e342800
R9 =0x000000001f15ebe0 is pointing into the stack for thread: 0x000000001e342800
R10=0x0000000000000000 is an unknown value
R11=0x0000000000000246 is an unknown value
R12=0x0000000000000000 is an unknown value
R13={method} {0x000000001bb1d268} 'invokePV' '(JJ)V' in 'org/lwjgl/system/JNI'
R14=0x000000001f15ec18 is pointing into the stack for thread: 0x000000001e342800
R15=0x000000001e342800 is a thread


Stack: [0x000000001f060000,0x000000001f160000],  sp=0x000000001f15eb30,  free space=1018k
Native frames: (J=compiled Java code, j=interpreted, Vv=VM code, C=native code)
C  [glfw.dll+0x24b9]
C  0x000000000271dfcc

Java frames: (J=compiled Java code, j=interpreted, Vv=VM code)
j  org.lwjgl.system.JNI.invokePV(JJ)V+0
j  org.lwjgl.glfw.GLFW.glfwDestroyCursor(J)V+20
j  main.client.Window.destroyWindow()V+9
j  main.coreEngine.Engine.stop()V+70
j  main.client.Window.update()V+43
j  main.client.renderEngine.RenderEngine.render()V+32
j  main.client.ClientThread.tick()V+12
J 448% C1 main.coreEngine.TickableThread.run()V (481 bytes) @ 0x000000000295549c [0x0000000002950bc0+0x48dc]
v  ~StubRoutines::call_stub

---------------  P R O C E S S  ---------------

Java Threads: ( => current thread )
  0x000000001e343000 JavaThread "SERVER" [_thread_in_Java, id=13740, stack(0x000000001f160000,0x000000001f260000)]
=>0x000000001e342800 JavaThread "CLIENT" [_thread_in_native, id=12860, stack(0x000000001f060000,0x000000001f160000)]
  0x000000001e20d800 JavaThread "Service Thread" daemon [_thread_blocked, id=896, stack(0x000000001ee60000,0x000000001ef60000)]
  0x000000001e1c3800 JavaThread "C1 CompilerThread3" daemon [_thread_blocked, id=11428, stack(0x000000001ed60000,0x000000001ee60000)]
  0x000000001e1c3000 JavaThread "C2 CompilerThread2" daemon [_thread_blocked, id=6228, stack(0x000000001ec60000,0x000000001ed60000)]
  0x000000001e1b6000 JavaThread "C2 CompilerThread1" daemon [_thread_blocked, id=11304, stack(0x000000001eb60000,0x000000001ec60000)]
  0x000000001e1ba000 JavaThread "C2 CompilerThread0" daemon [_thread_blocked, id=12868, stack(0x000000001ea60000,0x000000001eb60000)]
  0x000000001e19f800 JavaThread "JDWP Command Reader" daemon [_thread_in_native, id=9316, stack(0x000000001e960000,0x000000001ea60000)]
  0x000000001e19e800 JavaThread "JDWP Event Helper Thread" daemon [_thread_blocked, id=796, stack(0x000000001e860000,0x000000001e960000)]
  0x000000001e191800 JavaThread "JDWP Transport Listener: dt_socket" daemon [_thread_blocked, id=9008, stack(0x000000001e760000,0x000000001e860000)]
  0x000000001e187800 JavaThread "Attach Listener" daemon [_thread_blocked, id=4440, stack(0x000000001e660000,0x000000001e760000)]
  0x000000001e186800 JavaThread "Signal Dispatcher" daemon [_thread_blocked, id=6132, stack(0x000000001e560000,0x000000001e660000)]
  0x00000000026fb000 JavaThread "Finalizer" daemon [_thread_blocked, id=6752, stack(0x000000001df80000,0x000000001e080000)]
  0x000000001c09d800 JavaThread "Reference Handler" daemon [_thread_blocked, id=13700, stack(0x000000001de80000,0x000000001df80000)]
  0x0000000000cce000 JavaThread "main" [_thread_in_Java, id=12888, stack(0x0000000002440000,0x0000000002540000)]

Other Threads:
  0x000000001c099000 VMThread [stack: 0x000000001dd80000,0x000000001de80000] [id=6848]
  0x000000001e214000 WatcherThread [stack: 0x000000001ef60000,0x000000001f060000] [id=7316]

VM state:not at safepoint (normal execution)

VM Mutex/Monitor currently owned by a thread: None

Heap:
 PSYoungGen      total 155648K, used 121591K [0x000000076b800000, 0x0000000784900000, 0x00000007c0000000)
  eden space 154112K, 78% used [0x000000076b800000,0x0000000772e8de60,0x0000000774e80000)
  from space 1536K, 12% used [0x0000000784600000,0x0000000784630000,0x0000000784780000)
  to   space 1536K, 0% used [0x0000000784780000,0x0000000784780000,0x0000000784900000)
 ParOldGen       total 173568K, used 1463K [0x00000006c2800000, 0x00000006cd180000, 0x000000076b800000)
  object space 173568K, 0% used [0x00000006c2800000,0x00000006c296dc30,0x00000006cd180000)
 Metaspace       used 8038K, capacity 8550K, committed 8704K, reserved 1056768K
  class space    used 644K, capacity 658K, committed 768K, reserved 1048576K

Card table byte_map: [0x0000000011ac0000,0x00000000122b0000] byte_map_base: 0x000000000e4ac000

Marking Bits: (ParMarkBitMap*) 0x0000000070c0a5b0
 Begin Bits: [0x0000000013000000, 0x0000000016f60000)
 End Bits:   [0x0000000016f60000, 0x000000001aec0000)

Polling page: 0x0000000000590000

CodeCache: size=245760Kb used=2646Kb max_used=2646Kb free=243113Kb
 bounds [0x0000000002700000, 0x00000000029a0000, 0x0000000011700000]
 total_blobs=1191 nmethods=545 adapters=567
 compilation: enabled

Compilation events (10 events):
Event: 3.050 Thread 0x000000001e1c3800  541   !   3       sun.misc.Cleaner::clean (35 bytes)
Event: 3.050 Thread 0x000000001e1c3800 nmethod 541 0x0000000002995ed0 code [0x0000000002996080, 0x0000000002996418]
Event: 3.050 Thread 0x000000001e1c3800  542  s    3       sun.misc.Cleaner::remove (89 bytes)
Event: 3.050 Thread 0x000000001e1c3800 nmethod 542 0x0000000002996590 code [0x0000000002996700, 0x0000000002996c30]
Event: 3.372 Thread 0x000000001e1c3800  543       1       java.nio.Buffer::remaining (10 bytes)
Event: 3.372 Thread 0x000000001e1c3800 nmethod 543 0x0000000002996d50 code [0x0000000002996ea0, 0x0000000002996fb0]
Event: 3.389 Thread 0x000000001e1c3800  544       3       main.coreEngine.util.maths.Matrix4f::setIdentity (5 bytes)
Event: 3.389 Thread 0x000000001e1c3800 nmethod 544 0x0000000002997010 code [0x0000000002997180, 0x0000000002997308]
Event: 3.389 Thread 0x000000001e1c3800  545       3       main.coreEngine.util.maths.Matrix4f::setIdentity (82 bytes)
Event: 3.389 Thread 0x000000001e1c3800 nmethod 545 0x0000000002997390 code [0x00000000029974e0, 0x0000000002997690]

GC Heap History (10 events):
Event: 2.898 GC heap before
{Heap before GC invocations=19 (full 0):
 PSYoungGen      total 184832K, used 184512K [0x000000076b800000, 0x0000000784b00000, 0x00000007c0000000)
  eden space 184320K, 100% used [0x000000076b800000,0x0000000776c00000,0x0000000776c00000)
  from space 512K, 37% used [0x0000000784a80000,0x0000000784ab0000,0x0000000784b00000)
  to   space 1536K, 0% used [0x0000000784800000,0x0000000784800000,0x0000000784980000)
 ParOldGen       total 173568K, used 1463K [0x00000006c2800000, 0x00000006cd180000, 0x000000076b800000)
  object space 173568K, 0% used [0x00000006c2800000,0x00000006c296dc30,0x00000006cd180000)
 Metaspace       used 8026K, capacity 8550K, committed 8704K, reserved 1056768K
  class space    used 644K, capacity 658K, committed 768K, reserved 1048576K
Event: 2.898 GC heap after
Heap after GC invocations=19 (full 0):
 PSYoungGen      total 179200K, used 160K [0x000000076b800000, 0x0000000784b00000, 0x00000007c0000000)
  eden space 177664K, 0% used [0x000000076b800000,0x000000076b800000,0x0000000776580000)
  from space 1536K, 10% used [0x0000000784800000,0x0000000784828000,0x0000000784980000)
  to   space 1536K, 0% used [0x0000000784980000,0x0000000784980000,0x0000000784b00000)
 ParOldGen       total 173568K, used 1463K [0x00000006c2800000, 0x00000006cd180000, 0x000000076b800000)
  object space 173568K, 0% used [0x00000006c2800000,0x00000006c296dc30,0x00000006cd180000)
 Metaspace       used 8026K, capacity 8550K, committed 8704K, reserved 1056768K
  class space    used 644K, capacity 658K, committed 768K, reserved 1048576K
}
Event: 3.049 GC heap before
{Heap before GC invocations=20 (full 0):
 PSYoungGen      total 179200K, used 177824K [0x000000076b800000, 0x0000000784b00000, 0x00000007c0000000)
  eden space 177664K, 100% used [0x000000076b800000,0x0000000776580000,0x0000000776580000)
  from space 1536K, 10% used [0x0000000784800000,0x0000000784828000,0x0000000784980000)
  to   space 1536K, 0% used [0x0000000784980000,0x0000000784980000,0x0000000784b00000)
 ParOldGen       total 173568K, used 1463K [0x00000006c2800000, 0x00000006cd180000, 0x000000076b800000)
  object space 173568K, 0% used [0x00000006c2800000,0x00000006c296dc30,0x00000006cd180000)
 Metaspace       used 8037K, capacity 8550K, committed 8704K, reserved 1056768K
  class space    used 644K, capacity 658K, committed 768K, reserved 1048576K
Event: 3.049 GC heap after
Heap after GC invocations=20 (full 0):
 PSYoungGen      total 172032K, used 128K [0x000000076b800000, 0x0000000784a00000, 0x00000007c0000000)
  eden space 171520K, 0% used [0x000000076b800000,0x000000076b800000,0x0000000775f80000)
  from space 512K, 25% used [0x0000000784980000,0x00000007849a0000,0x0000000784a00000)
  to   space 1536K, 0% used [0x0000000784700000,0x0000000784700000,0x0000000784880000)
 ParOldGen       total 173568K, used 1463K [0x00000006c2800000, 0x00000006cd180000, 0x000000076b800000)
  object space 173568K, 0% used [0x00000006c2800000,0x00000006c296dc30,0x00000006cd180000)
 Metaspace       used 8037K, capacity 8550K, committed 8704K, reserved 1056768K
  class space    used 644K, capacity 658K, committed 768K, reserved 1048576K
}
Event: 3.202 GC heap before
{Heap before GC invocations=21 (full 0):
 PSYoungGen      total 172032K, used 171648K [0x000000076b800000, 0x0000000784a00000, 0x00000007c0000000)
  eden space 171520K, 100% used [0x000000076b800000,0x0000000775f80000,0x0000000775f80000)
  from space 512K, 25% used [0x0000000784980000,0x00000007849a0000,0x0000000784a00000)
  to   space 1536K, 0% used [0x0000000784700000,0x0000000784700000,0x0000000784880000)
 ParOldGen       total 173568K, used 1463K [0x00000006c2800000, 0x00000006cd180000, 0x000000076b800000)
  object space 173568K, 0% used [0x00000006c2800000,0x00000006c296dc30,0x00000006cd180000)
 Metaspace       used 8038K, capacity 8550K, committed 8704K, reserved 1056768K
  class space    used 644K, capacity 658K, committed 768K, reserved 1048576K
Event: 3.202 GC heap after
Heap after GC invocations=21 (full 0):
 PSYoungGen      total 166912K, used 192K [0x000000076b800000, 0x0000000784a00000, 0x00000007c0000000)
  eden space 165376K, 0% used [0x000000076b800000,0x000000076b800000,0x0000000775980000)
  from space 1536K, 12% used [0x0000000784700000,0x0000000784730000,0x0000000784880000)
  to   space 1536K, 0% used [0x0000000784880000,0x0000000784880000,0x0000000784a00000)
 ParOldGen       total 173568K, used 1463K [0x00000006c2800000, 0x00000006cd180000, 0x000000076b800000)
  object space 173568K, 0% used [0x00000006c2800000,0x00000006c296dc30,0x00000006cd180000)
 Metaspace       used 8038K, capacity 8550K, committed 8704K, reserved 1056768K
  class space    used 644K, capacity 658K, committed 768K, reserved 1048576K
}
Event: 3.329 GC heap before
{Heap before GC invocations=22 (full 0):
 PSYoungGen      total 166912K, used 165568K [0x000000076b800000, 0x0000000784a00000, 0x00000007c0000000)
  eden space 165376K, 100% used [0x000000076b800000,0x0000000775980000,0x0000000775980000)
  from space 1536K, 12% used [0x0000000784700000,0x0000000784730000,0x0000000784880000)
  to   space 1536K, 0% used [0x0000000784880000,0x0000000784880000,0x0000000784a00000)
 ParOldGen       total 173568K, used 1463K [0x00000006c2800000, 0x00000006cd180000, 0x000000076b800000)
  object space 173568K, 0% used [0x00000006c2800000,0x00000006c296dc30,0x00000006cd180000)
 Metaspace       used 8038K, capacity 8550K, committed 8704K, reserved 1056768K
  class space    used 644K, capacity 658K, committed 768K, reserved 1048576K
Event: 3.329 GC heap after
Heap after GC invocations=22 (full 0):
 PSYoungGen      total 160256K, used 192K [0x000000076b800000, 0x0000000784900000, 0x00000007c0000000)
  eden space 159744K, 0% used [0x000000076b800000,0x000000076b800000,0x0000000775400000)
  from space 512K, 37% used [0x0000000784880000,0x00000007848b0000,0x0000000784900000)
  to   space 1536K, 0% used [0x0000000784600000,0x0000000784600000,0x0000000784780000)
 ParOldGen       total 173568K, used 1463K [0x00000006c2800000, 0x00000006cd180000, 0x000000076b800000)
  object space 173568K, 0% used [0x00000006c2800000,0x00000006c296dc30,0x00000006cd180000)
 Metaspace       used 8038K, capacity 8550K, committed 8704K, reserved 1056768K
  class space    used 644K, capacity 658K, committed 768K, reserved 1048576K
}
Event: 3.483 GC heap before
{Heap before GC invocations=23 (full 0):
 PSYoungGen      total 160256K, used 159936K [0x000000076b800000, 0x0000000784900000, 0x00000007c0000000)
  eden space 159744K, 100% used [0x000000076b800000,0x0000000775400000,0x0000000775400000)
  from space 512K, 37% used [0x0000000784880000,0x00000007848b0000,0x0000000784900000)
  to   space 1536K, 0% used [0x0000000784600000,0x0000000784600000,0x0000000784780000)
 ParOldGen       total 173568K, used 1463K [0x00000006c2800000, 0x00000006cd180000, 0x000000076b800000)
  object space 173568K, 0% used [0x00000006c2800000,0x00000006c296dc30,0x00000006cd180000)
 Metaspace       used 8038K, capacity 8550K, committed 8704K, reserved 1056768K
  class space    used 644K, capacity 658K, committed 768K, reserved 1048576K
Event: 3.484 GC heap after
Heap after GC invocations=23 (full 0):
 PSYoungGen      total 155648K, used 192K [0x000000076b800000, 0x0000000784900000, 0x00000007c0000000)
  eden space 154112K, 0% used [0x000000076b800000,0x000000076b800000,0x0000000774e80000)
  from space 1536K, 12% used [0x0000000784600000,0x0000000784630000,0x0000000784780000)
  to   space 1536K, 0% used [0x0000000784780000,0x0000000784780000,0x0000000784900000)
 ParOldGen       total 173568K, used 1463K [0x00000006c2800000, 0x00000006cd180000, 0x000000076b800000)
  object space 173568K, 0% used [0x00000006c2800000,0x00000006c296dc30,0x00000006cd180000)
 Metaspace       used 8038K, capacity 8550K, committed 8704K, reserved 1056768K
  class space    used 644K, capacity 658K, committed 768K, reserved 1048576K
}

Deoptimization events (10 events):
Event: 0.463 Thread 0x000000001e342800 Uncommon trap: reason=bimorphic action=maybe_recompile pc=0x000000000284b334 method=java.util.HashMap.getNode(ILjava/lang/Object;)Ljava/util/HashMap$Node; @ 126
Event: 0.464 Thread 0x000000001e342800 Uncommon trap: reason=bimorphic action=maybe_recompile pc=0x000000000284b334 method=java.util.HashMap.getNode(ILjava/lang/Object;)Ljava/util/HashMap$Node; @ 126
Event: 0.469 Thread 0x000000001e342800 Uncommon trap: reason=unstable_if action=reinterpret pc=0x000000000284fc78 method=java.util.HashMap.containsKey(Ljava/lang/Object;)Z @ 9
Event: 0.469 Thread 0x000000001e342800 Uncommon trap: reason=unstable_if action=reinterpret pc=0x000000000283e7d8 method=java.util.HashMap.keySet()Ljava/util/Set; @ 6
Event: 0.893 Thread 0x000000001e342800 Uncommon trap: reason=unstable_if action=reinterpret pc=0x000000000283ddc4 method=java.util.HashMap.clear()V @ 16
Event: 0.893 Thread 0x000000001e342800 Uncommon trap: reason=unstable_if action=reinterpret pc=0x000000000283ea18 method=java.util.HashMap.clear()V @ 16
Event: 0.893 Thread 0x0000000000cce000 Uncommon trap: reason=unstable_if action=reinterpret pc=0x000000000286d670 method=main.coreEngine.TickableThread.invoke(Ljava/lang/String;[Ljava/lang/Object;)V @ 53
Event: 0.893 Thread 0x000000001e343000 Uncommon trap: reason=unstable_if action=reinterpret pc=0x0000000002869b64 method=main.coreEngine.TickableThread.run()V @ 58
Event: 0.923 Thread 0x0000000000cce000 Uncommon trap: reason=unstable_if action=reinterpret pc=0x000000000296ac70 method=main.coreEngine.Engine.start()V @ 163
Event: 0.981 Thread 0x000000001e343000 Uncommon trap: reason=predicate action=maybe_recompile pc=0x0000000002976e7c method=main.coreEngine.TickableThread.run()V @ 464

Internal exceptions (9 events):
Event: 0.032 Thread 0x0000000000cce000 Exception <a 'java/lang/NoSuchMethodError': Method sun.misc.Unsafe.defineClass(Ljava/lang/String;[BII)Ljava/lang/Class; name or signature does not match> (0x000000076b80d9b8) thrown at [C:\workspace\8-2-build-windows-amd64-cygwin\jdk8u65\4987\hotspot\src\soH+«}3†?
Event: 0.032 Thread 0x0000000000cce000 Exception <a 'java/lang/NoSuchMethodError': Method sun.misc.Unsafe.prefetchRead(Ljava/lang/Object;J)V name or signature does not match> (0x000000076b80dca0) thrown at [C:\workspace\8-2-build-windows-amd64-cygwin\jdk8u65\4987\hotspot\src\share\vm\prims\jni.T¬ùvΩƒ?
Event: 0.162 Thread 0x000000001e342800 Exception <a 'java/lang/ArrayIndexOutOfBoundsException': -1> (0x000000076c9b1e08) thrown at [C:\workspace\8-2-build-windows-amd64-cygwin\jdk8u65\4987\hotspot\src\share\vm\interpreter\interpreterRuntime.cpp, line 366]
Event: 0.464 Thread 0x000000001e342800 Exception <a 'java/security/PrivilegedActionException'> (0x000000076baac1f0) thrown at [C:\workspace\8-2-build-windows-amd64-cygwin\jdk8u65\4987\hotspot\src\share\vm\prims\jvm.cpp, line 1386]
Event: 0.464 Thread 0x000000001e342800 Exception <a 'java/security/PrivilegedActionException'> (0x000000076baac5e8) thrown at [C:\workspace\8-2-build-windows-amd64-cygwin\jdk8u65\4987\hotspot\src\share\vm\prims\jvm.cpp, line 1386]
Event: 0.464 Thread 0x000000001e342800 Exception <a 'java/security/PrivilegedActionException'> (0x000000076bab0800) thrown at [C:\workspace\8-2-build-windows-amd64-cygwin\jdk8u65\4987\hotspot\src\share\vm\prims\jvm.cpp, line 1386]
Event: 0.464 Thread 0x000000001e342800 Exception <a 'java/security/PrivilegedActionException'> (0x000000076bab0bf8) thrown at [C:\workspace\8-2-build-windows-amd64-cygwin\jdk8u65\4987\hotspot\src\share\vm\prims\jvm.cpp, line 1386]
Event: 0.469 Thread 0x000000001e342800 Implicit null exception at 0x000000000284f84a to 0x000000000284fc59
Event: 0.893 Thread 0x0000000000cce000 Implicit null exception at 0x000000000286d07c to 0x000000000286d649

Events (10 events):
Event: 2.898 Executing VM operation: ParallelGCFailedAllocation
Event: 2.898 Executing VM operation: ParallelGCFailedAllocation done
Event: 3.049 Executing VM operation: ParallelGCFailedAllocation
Event: 3.049 Executing VM operation: ParallelGCFailedAllocation done
Event: 3.201 Executing VM operation: ParallelGCFailedAllocation
Event: 3.202 Executing VM operation: ParallelGCFailedAllocation done
Event: 3.329 Executing VM operation: ParallelGCFailedAllocation
Event: 3.329 Executing VM operation: ParallelGCFailedAllocation done
Event: 3.483 Executing VM operation: ParallelGCFailedAllocation
Event: 3.484 Executing VM operation: ParallelGCFailedAllocation done


Dynamic libraries:
0x00007ff75ee90000 - 0x00007ff75eec7000 	C:\Program Files\Java\jdk1.8.0_65\bin\java.exe
0x00007ffde4980000 - 0x00007ffde4b41000 	C:\WINDOWS\SYSTEM32\ntdll.dll
0x00007ffde42a0000 - 0x00007ffde434d000 	C:\WINDOWS\system32\KERNEL32.DLL
0x00007ffde19f0000 - 0x00007ffde1bd8000 	C:\WINDOWS\system32\KERNELBASE.dll
0x00007ffde1e70000 - 0x00007ffde1f17000 	C:\WINDOWS\system32\ADVAPI32.dll
0x00007ffde3800000 - 0x00007ffde389d000 	C:\WINDOWS\system32\msvcrt.dll
0x00007ffde1e10000 - 0x00007ffde1e6b000 	C:\WINDOWS\system32\sechost.dll
0x00007ffde3bd0000 - 0x00007ffde3cec000 	C:\WINDOWS\system32\RPCRT4.dll
0x00007ffde3fe0000 - 0x00007ffde4136000 	C:\WINDOWS\system32\USER32.dll
0x00007ffde3cf0000 - 0x00007ffde3e76000 	C:\WINDOWS\system32\GDI32.dll
0x00007ffddd690000 - 0x00007ffddd904000 	C:\WINDOWS\WinSxS\amd64_microsoft.windows.common-controls_6595b64144ccf1df_6.0.10586.0_none_8c15ae12515e1c22\COMCTL32.dll
0x00007ffde3950000 - 0x00007ffde3bcd000 	C:\WINDOWS\system32\combase.dll
0x00007ffde1cf0000 - 0x00007ffde1d5a000 	C:\WINDOWS\system32\bcryptPrimitives.dll
0x00007ffde1dc0000 - 0x00007ffde1dfb000 	C:\WINDOWS\system32\IMM32.DLL
0x0000000070c90000 - 0x0000000070d62000 	C:\Program Files\Java\jdk1.8.0_65\jre\bin\msvcr100.dll
0x0000000070400000 - 0x0000000070c89000 	C:\Program Files\Java\jdk1.8.0_65\jre\bin\server\jvm.dll
0x00007ffde4290000 - 0x00007ffde4298000 	C:\WINDOWS\system32\PSAPI.DLL
0x00007ffdd8550000 - 0x00007ffdd8559000 	C:\WINDOWS\SYSTEM32\WSOCK32.dll
0x00007ffddd9c0000 - 0x00007ffddd9ca000 	C:\WINDOWS\SYSTEM32\VERSION.dll
0x00007ffddf730000 - 0x00007ffddf753000 	C:\WINDOWS\SYSTEM32\WINMM.dll
0x00007ffde4470000 - 0x00007ffde44db000 	C:\WINDOWS\system32\WS2_32.dll
0x00007ffddf6d0000 - 0x00007ffddf6fc000 	C:\WINDOWS\SYSTEM32\WINMMBASE.dll
0x00007ffde1be0000 - 0x00007ffde1c23000 	C:\WINDOWS\system32\cfgmgr32.dll
0x00000000703f0000 - 0x00000000703ff000 	C:\Program Files\Java\jdk1.8.0_65\jre\bin\verify.dll
0x00000000703c0000 - 0x00000000703e9000 	C:\Program Files\Java\jdk1.8.0_65\jre\bin\java.dll
0x0000000070310000 - 0x0000000070345000 	C:\Program Files\Java\jdk1.8.0_65\jre\bin\jdwp.dll
0x00000000702f0000 - 0x00000000702f8000 	C:\Program Files\Java\jdk1.8.0_65\jre\bin\npt.dll
0x00000000703a0000 - 0x00000000703b6000 	C:\Program Files\Java\jdk1.8.0_65\jre\bin\zip.dll
0x00007ffde1f80000 - 0x00007ffde34dc000 	C:\WINDOWS\system32\SHELL32.dll
0x00007ffde11d0000 - 0x00007ffde1815000 	C:\WINDOWS\system32\windows.storage.dll
0x00007ffde36b0000 - 0x00007ffde3702000 	C:\WINDOWS\system32\shlwapi.dll
0x00007ffde0fb0000 - 0x00007ffde0fbf000 	C:\WINDOWS\system32\kernel.appcore.dll
0x00007ffde1c30000 - 0x00007ffde1ce5000 	C:\WINDOWS\system32\shcore.dll
0x00007ffde0fc0000 - 0x00007ffde100b000 	C:\WINDOWS\system32\powrprof.dll
0x00007ffde0f80000 - 0x00007ffde0f94000 	C:\WINDOWS\system32\profapi.dll
0x0000000070390000 - 0x0000000070399000 	C:\Program Files\Java\jdk1.8.0_65\jre\bin\dt_socket.dll
0x00007ffde08b0000 - 0x00007ffde090c000 	C:\WINDOWS\system32\mswsock.dll
0x00007ffdd4080000 - 0x00007ffdd4108000 	D:\Code\Java\Projects\WireEngine20\lib\native\lwjgl.dll
0x00007ffde0a80000 - 0x00007ffde0a8b000 	C:\WINDOWS\SYSTEM32\CRYPTBASE.DLL
0x00007ffdcfa40000 - 0x00007ffdcfa82000 	D:\Code\Java\Projects\WireEngine20\lib\native\jemalloc.dll
0x00007ffdd9dc0000 - 0x00007ffdd9df8000 	D:\Code\Java\Projects\WireEngine20\lib\native\glfw.dll
0x00007ffddf850000 - 0x00007ffddf8e6000 	C:\WINDOWS\system32\uxtheme.dll
0x00007ffdde650000 - 0x00007ffdde672000 	C:\WINDOWS\SYSTEM32\dwmapi.dll
0x00007ffdc8b70000 - 0x00007ffdc8c99000 	C:\WINDOWS\SYSTEM32\opengl32.dll
0x00007ffdcd0c0000 - 0x00007ffdcd0ee000 	C:\WINDOWS\SYSTEM32\GLU32.dll
0x00007ffdc6920000 - 0x00007ffdc6a1a000 	C:\WINDOWS\SYSTEM32\DDRAW.dll
0x00007ffddaa30000 - 0x00007ffddaa38000 	C:\WINDOWS\SYSTEM32\DCIMAN32.dll
0x00007ffde3e80000 - 0x00007ffde3fda000 	C:\WINDOWS\system32\MSCTF.dll
0x00007ffdc9cc0000 - 0x00007ffdc9d09000 	C:\Program Files (x86)\TeamViewer\tv_x64.dll
0x00007ffde4140000 - 0x00007ffde4283000 	C:\WINDOWS\system32\ole32.dll
0x000000006e5a0000 - 0x00000000702e9000 	C:\WINDOWS\SYSTEM32\nvoglv64.DLL
0x00007ffde4550000 - 0x00007ffde4979000 	C:\WINDOWS\system32\SETUPAPI.dll
0x00007ffddf2f0000 - 0x00007ffddf303000 	C:\WINDOWS\SYSTEM32\WTSAPI32.dll
0x00007ffddf9a0000 - 0x00007ffddf9c7000 	C:\WINDOWS\SYSTEM32\DEVOBJ.dll
0x00007ffde1170000 - 0x00007ffde11c5000 	C:\WINDOWS\system32\WINTRUST.dll
0x00007ffde0fa0000 - 0x00007ffde0fb0000 	C:\WINDOWS\system32\MSASN1.dll
0x00007ffde1820000 - 0x00007ffde19e7000 	C:\WINDOWS\system32\CRYPT32.dll
0x00007ffde04d0000 - 0x00007ffde0501000 	C:\WINDOWS\SYSTEM32\ntmarta.dll
0x00007ffde0220000 - 0x00007ffde0276000 	C:\WINDOWS\SYSTEM32\WINSTA.dll
0x00007ffde38a0000 - 0x00007ffde3947000 	C:\WINDOWS\system32\clbcatq.dll
0x00007ffdb9de0000 - 0x00007ffdb9f6c000 	C:\WINDOWS\SYSTEM32\dbghelp.dll

VM Arguments:
jvm_args: -agentlib:jdwp=transport=dt_socket,address=127.0.0.1:65156,suspend=y,server=n -Djava.library.path=lib/native/ -Dfile.encoding=UTF-8 
java_command: main.Main
java_class_path (initial): C:\Program Files\Java\jdk1.8.0_65\jre\lib\charsets.jar;C:\Program Files\Java\jdk1.8.0_65\jre\lib\deploy.jar;C:\Program Files\Java\jdk1.8.0_65\jre\lib\ext\access-bridge-64.jar;C:\Program Files\Java\jdk1.8.0_65\jre\lib\ext\cldrdata.jar;C:\Program Files\Java\jdk1.8.0_65\jre\lib\ext\dnsns.jar;C:\Program Files\Java\jdk1.8.0_65\jre\lib\ext\jaccess.jar;C:\Program Files\Java\jdk1.8.0_65\jre\lib\ext\jfxrt.jar;C:\Program Files\Java\jdk1.8.0_65\jre\lib\ext\localedata.jar;C:\Program Files\Java\jdk1.8.0_65\jre\lib\ext\nashorn.jar;C:\Program Files\Java\jdk1.8.0_65\jre\lib\ext\sunec.jar;C:\Program Files\Java\jdk1.8.0_65\jre\lib\ext\sunjce_provider.jar;C:\Program Files\Java\jdk1.8.0_65\jre\lib\ext\sunmscapi.jar;C:\Program Files\Java\jdk1.8.0_65\jre\lib\ext\sunpkcs11.jar;C:\Program Files\Java\jdk1.8.0_65\jre\lib\ext\zipfs.jar;C:\Program Files\Java\jdk1.8.0_65\jre\lib\javaws.jar;C:\Program Files\Java\jdk1.8.0_65\jre\lib\jce.jar;C:\Program Files\Java\jdk1.8.0_65\jre\lib\jfr.jar;C:\Program Files\Java\jdk1.8.0_65\jre\lib\jfxswt.jar;C:\Program Files\Java\jdk1.8.0_65\jre\lib\jsse.jar;C:\Program Files\Java\jdk1.8.0_65\jre\lib\management-agent.jar;C:\Program Files\Java\jdk1.8.0_65\jre\lib\plugin.jar;C:\Program Files\Java\jdk1.8.0_65\jre\lib\resources.jar;C:\Program Files\Java\jdk1.8.0_65\jre\lib\rt.jar;D:\Code\Java\Projects\WireEngine20\out\production\WireEngine20;D:\Code\Java\Projects\WireEngine20\lib\jar\lwjgl.jar;D:\Program Files (x86)\JetBrains\IntelliJ IDEA 2016.1\lib\idea_rt.jar
Launcher Type: SUN_STANDARD

Environment Variables:
JAVA_HOME=C:\Program Files\Java\jdk1.8.0_65
PATH=C:\ProgramData\Oracle\Java\javapath;C:\Program Files (x86)\Razer Chroma SDK\bin;C:\Program Files\Razer Chroma SDK\bin;C:\Program Files (x86)\NVIDIA Corporation\PhysX\Common;C:\Program Files (x86)\Intel\iCLS Client\;C:\Program Files\Intel\iCLS Client\;C:\Windows\system32;C:\Windows;C:\Windows\System32\Wbem;C:\Windows\System32\WindowsPowerShell\v1.0\;C:\Program Files\Intel\Intel(R) Management Engine Components\DAL;C:\Program Files (x86)\Intel\Intel(R) Management Engine Components\DAL;C:\Program Files\Intel\Intel(R) Management Engine Components\IPT;C:\Program Files (x86)\Intel\Intel(R) Management Engine Components\IPT;C:\Program Files\Java\jre1.8.0_65\bin;C:\MinGW\bin;C:\WINDOWS\system32;C:\WINDOWS;C:\WINDOWS\System32\Wbem;C:\WINDOWS\System32\WindowsPowerShell\v1.0\;D:\Program Files (x86)\CMake\bin;D:\Program Files\Programs\Python\Python35-32;D:\Program Files\Programs\Python\Python35-32\Scripts;C:\Program Files (x86)\Skype\Phone\;D:\Program Files\Programs\Python\Python35-32\Scripts\;D:\Program Files\Programs\Python\Python35-32\
USERNAME=Kelan
OS=Windows_NT
PROCESSOR_IDENTIFIER=Intel64 Family 6 Model 60 Stepping 3, GenuineIntel



---------------  S Y S T E M  ---------------

OS: Windows 10.0 , 64 bit Build 10586 (10.0.10586.0)

CPU:total 8 (4 cores per cpu, 2 threads per core) family 6 model 60 stepping 3, cmov, cx8, fxsr, mmx, sse, sse2, sse3, ssse3, sse4.1, sse4.2, popcnt, avx, avx2, aes, clmul, erms, lzcnt, ht, tsc, tscinvbit, bmi1, bmi2

Memory: 4k page, physical 16609500k(4912716k free), swap 33386716k(19004856k free)

vm_info: Java HotSpot(TM) 64-Bit Server VM (25.65-b01) for windows-amd64 JRE (1.8.0_65-b17), built on Oct  6 2015 16:39:20 by "java_re" with MS VC++ 10.0 (VS2010)

time: Sun Apr 10 10:57:26 2016
elapsed time: 3 seconds (0d 0h 0m 3s)

