#
# A fatal error has been detected by the Java Runtime Environment:
#
#  EXCEPTION_ACCESS_VIOLATION (0xc0000005) at pc=0x00007ffb2f2124b9, pid=6644, tid=12776
#
# JRE version: Java(TM) SE Runtime Environment (8.0_65-b17) (build 1.8.0_65-b17)
# Java VM: Java HotSpot(TM) 64-Bit Server VM (25.65-b01 mixed mode windows-amd64 compressed oops)
# Problematic frame:
# C  [glfw.dll+0x24b9]
#
# Failed to write core dump. Minidumps are not enabled by default on client versions of Windows
#
# If you would like to submit a bug report, please visit:
#   http://bugreport.java.com/bugreport/crash.jsp
# The crash happened outside the Java Virtual Machine in native code.
# See problematic frame for where to report the bug.
#

---------------  T H R E A D  ---------------

Current thread (0x000000001e249000):  JavaThread "CLIENT" [_thread_in_native, id=12776, stack(0x000000001ed50000,0x000000001ee50000)]

siginfo: ExceptionCode=0xc0000005, reading address 0x0000000000000000

Registers:
RAX=0x0000000000000000, RBX=0x000000001ba15ca0, RCX=0x0000000000000000, RDX=0x0000000000000000
RSP=0x000000001ee4ee30, RBP=0x000000001ee4eec0, RSI=0x0000000000000108, RDI=0x00000000005d58c0
R8 =0x000000001ee4ee28, R9 =0x000000001ee4eec0, R10=0x0000000000000000, R11=0x0000000000000246
R12=0x0000000000000000, R13=0x000000001ee4eed8, R14=0x000000001ee4eeb0, R15=0x000000001e249000
RIP=0x00007ffb2f2124b9, EFLAGS=0x0000000000010283

Top of Stack: (sp=0x000000001ee4ee30)
0x000000001ee4ee30:   0000000000000000 0000000000000108
0x000000001ee4ee40:   000000001b9b95a0 000000001e141c30
0x000000001ee4ee50:   000000000000391c 0000000002a38a8a
0x000000001ee4ee60:   000000001ba15ca0 000000006c6caea4
0x000000001ee4ee70:   000000001e249000 000000001e249000
0x000000001ee4ee80:   000000001e249000 0000000000000000
0x000000001ee4ee90:   000000001e1fd820 000000006c655eba
0x000000001ee4eea0:   000000001ee4f588 000000001ee4ef38
0x000000001ee4eeb0:   00000006c2801798 000000000000391b
0x000000001ee4eec0:   000000001ee4ef38 00000000025f7ced
0x000000001ee4eed0:   00000000025f7ced 00000000005d58c0
0x000000001ee4eee0:   00000000025f7800 00007ffb2f212420
0x000000001ee4eef0:   0000000000000001 000000001ee4eef8
0x000000001ee4ef00:   000000001ba31664 000000001ee4ef60
0x000000001ee4ef10:   000000001ba33448 0000000000000000
0x000000001ee4ef20:   000000001ba31690 000000001ee4eed8 

Instructions: (pc=0x00007ffb2f2124b9)
0x00007ffb2f212499:   48 8b cf e8 1f 3a 00 00 48 39 3d f0 d5 02 00 48
0x00007ffb2f2124a9:   8d 0d e9 d5 02 00 48 8b 5c 24 30 74 08 48 8b 09
0x00007ffb2f2124b9:   48 39 39 75 f8 48 8b 07 48 89 01 48 8b cf 48 83
0x00007ffb2f2124c9:   c4 20 5f e9 5b fe 00 00 48 83 c4 20 5f c3 cc cc 


Register to memory mapping:

RAX=0x0000000000000000 is an unknown value
RBX={method} {0x000000001ba15ca8} 'invokePV' '(JJ)V' in 'org/lwjgl/system/JNI'
RCX=0x0000000000000000 is an unknown value
RDX=0x0000000000000000 is an unknown value
RSP=0x000000001ee4ee30 is pointing into the stack for thread: 0x000000001e249000
RBP=0x000000001ee4eec0 is pointing into the stack for thread: 0x000000001e249000
RSI=0x0000000000000108 is an unknown value
RDI=0x00000000005d58c0 is an unknown value
R8 =0x000000001ee4ee28 is pointing into the stack for thread: 0x000000001e249000
R9 =0x000000001ee4eec0 is pointing into the stack for thread: 0x000000001e249000
R10=0x0000000000000000 is an unknown value
R11=0x0000000000000246 is an unknown value
R12=0x0000000000000000 is an unknown value
R13=0x000000001ee4eed8 is pointing into the stack for thread: 0x000000001e249000
R14=0x000000001ee4eeb0 is pointing into the stack for thread: 0x000000001e249000
R15=0x000000001e249000 is a thread


Stack: [0x000000001ed50000,0x000000001ee50000],  sp=0x000000001ee4ee30,  free space=1019k
Native frames: (J=compiled Java code, j=interpreted, Vv=VM code, C=native code)
C  [glfw.dll+0x24b9]
C  0x0000000002a38a8a

Java frames: (J=compiled Java code, j=interpreted, Vv=VM code)
J 848  org.lwjgl.system.JNI.invokePV(JJ)V (0 bytes) @ 0x0000000002a38a04 [0x0000000002a389c0+0x44]
j  org.lwjgl.glfw.GLFW.glfwDestroyCursor(J)V+20
j  main.client.Window.destroyWindow()V+9
j  main.coreEngine.Engine.stop()V+70
J 890 C1 main.client.Window.update()V (37 bytes) @ 0x0000000002a60e04 [0x0000000002a60980+0x484]
J 865 C1 main.client.renderEngine.RenderEngine.render()V (60 bytes) @ 0x0000000002a575a4 [0x0000000002a564c0+0x10e4]
J 851 C1 main.client.ClientThread.tick()V (16 bytes) @ 0x0000000002a42414 [0x0000000002a41f60+0x4b4]
j  main.coreEngine.TickableThread.run()V+469
v  ~StubRoutines::call_stub

---------------  P R O C E S S  ---------------

Java Threads: ( => current thread )
  0x000000001e24b000 JavaThread "SERVER" [_thread_in_Java, id=7128, stack(0x000000001ee50000,0x000000001ef50000)]
=>0x000000001e249000 JavaThread "CLIENT" [_thread_in_native, id=12776, stack(0x000000001ed50000,0x000000001ee50000)]
  0x000000001e1fa800 JavaThread "Monitor Ctrl-Break" daemon [_thread_in_native, id=6004, stack(0x000000001ec50000,0x000000001ed50000)]
  0x000000001e128800 JavaThread "Service Thread" daemon [_thread_blocked, id=5440, stack(0x000000001ea50000,0x000000001eb50000)]
  0x000000001e09b800 JavaThread "C1 CompilerThread3" daemon [_thread_blocked, id=4196, stack(0x000000001e950000,0x000000001ea50000)]
  0x000000001e084000 JavaThread "C2 CompilerThread2" daemon [_thread_blocked, id=6516, stack(0x000000001e850000,0x000000001e950000)]
  0x000000001e07f800 JavaThread "C2 CompilerThread1" daemon [_thread_blocked, id=12840, stack(0x000000001e750000,0x000000001e850000)]
  0x000000001e077000 JavaThread "C2 CompilerThread0" daemon [_thread_blocked, id=8424, stack(0x000000001e650000,0x000000001e750000)]
  0x000000001e075800 JavaThread "Attach Listener" daemon [_thread_blocked, id=1852, stack(0x000000001e550000,0x000000001e650000)]
  0x000000001e075000 JavaThread "Signal Dispatcher" daemon [_thread_blocked, id=10864, stack(0x000000001e450000,0x000000001e550000)]
  0x00000000025ea800 JavaThread "Finalizer" daemon [_thread_blocked, id=92, stack(0x000000001de70000,0x000000001df70000)]
  0x00000000025e4000 JavaThread "Reference Handler" daemon [_thread_blocked, id=1576, stack(0x000000001dd70000,0x000000001de70000)]
  0x000000000249e000 JavaThread "main" [_thread_in_Java, id=10880, stack(0x0000000002320000,0x0000000002420000)]

Other Threads:
  0x000000001bf89000 VMThread [stack: 0x000000001dc70000,0x000000001dd70000] [id=12456]
  0x000000001e144000 WatcherThread [stack: 0x000000001eb50000,0x000000001ec50000] [id=96]

VM state:not at safepoint (normal execution)

VM Mutex/Monitor currently owned by a thread: None

Heap:
 PSYoungGen      total 1362944K, used 53791K [0x000000076b800000, 0x00000007bfe80000, 0x00000007c0000000)
  eden space 1344000K, 3% used [0x000000076b800000,0x000000076ec17e08,0x00000007bd880000)
  from space 18944K, 2% used [0x00000007bec00000,0x00000007bec70000,0x00000007bfe80000)
  to   space 19456K, 0% used [0x00000007bd880000,0x00000007bd880000,0x00000007beb80000)
 ParOldGen       total 173568K, used 21900K [0x00000006c2800000, 0x00000006cd180000, 0x000000076b800000)
  object space 173568K, 12% used [0x00000006c2800000,0x00000006c3d63060,0x00000006cd180000)
 Metaspace       used 8550K, capacity 8806K, committed 8960K, reserved 1056768K
  class space    used 687K, capacity 722K, committed 768K, reserved 1048576K

Card table byte_map: [0x00000000119b0000,0x00000000121a0000] byte_map_base: 0x000000000e39c000

Marking Bits: (ParMarkBitMap*) 0x000000006cdaa5b0
 Begin Bits: [0x0000000012ef0000, 0x0000000016e50000)
 End Bits:   [0x0000000016e50000, 0x000000001adb0000)

Polling page: 0x00000000007a0000

CodeCache: size=245760Kb used=4595Kb max_used=4606Kb free=241165Kb
 bounds [0x00000000025f0000, 0x0000000002a80000, 0x00000000115f0000]
 total_blobs=1580 nmethods=909 adapters=584
 compilation: enabled

Compilation events (10 events):
Event: 24.612 Thread 0x000000001e09b800  905       3       org.lwjgl.system.MemoryUtil::memGetInt (8 bytes)
Event: 24.612 Thread 0x000000001e077000  908       4       main.coreEngine.util.maths.Matrix4f::translate (166 bytes)
Event: 24.612 Thread 0x000000001e09b800 nmethod 905 0x0000000002a63c10 code [0x0000000002a63d80, 0x0000000002a63f30]
Event: 24.612 Thread 0x000000001e09b800  906       3       org.lwjgl.system.MemoryAccess$MemoryAccessorUnsafe::memGetInt (8 bytes)
Event: 24.612 Thread 0x000000001e09b800 nmethod 906 0x0000000002a660d0 code [0x0000000002a66220, 0x0000000002a66370]
Event: 24.613 Thread 0x000000001e077000 nmethod 908 0x0000000002a686d0 code [0x0000000002a68800, 0x0000000002a68938]
Event: 24.923 Thread 0x000000001e09b800  909       1       main.coreEngine.sceneGraph.components.LightComponent::tick (1 bytes)
Event: 24.923 Thread 0x000000001e09b800 nmethod 909 0x0000000002a68410 code [0x0000000002a68560, 0x0000000002a68670]
Event: 26.296 Thread 0x000000001e084000  910       4       main.client.InputHandler::resetMouse (45 bytes)
Event: 26.297 Thread 0x000000001e084000 nmethod 910 0x0000000002a68150 code [0x0000000002a68280, 0x0000000002a68358]

GC Heap History (10 events):
Event: 6.923 GC heap before
{Heap before GC invocations=10 (full 0):
 PSYoungGen      total 524800K, used 503616K [0x000000076b800000, 0x000000079f400000, 0x00000007c0000000)
  eden space 502784K, 100% used [0x000000076b800000,0x000000078a300000,0x000000078a300000)
  from space 22016K, 3% used [0x000000078a300000,0x000000078a3d0000,0x000000078b880000)
  to   space 21504K, 0% used [0x000000079df00000,0x000000079df00000,0x000000079f400000)
 ParOldGen       total 173568K, used 21100K [0x00000006c2800000, 0x00000006cd180000, 0x000000076b800000)
  object space 173568K, 12% used [0x00000006c2800000,0x00000006c3c9b060,0x00000006cd180000)
 Metaspace       used 8532K, capacity 8742K, committed 8960K, reserved 1056768K
  class space    used 687K, capacity 722K, committed 768K, reserved 1048576K
Event: 6.925 GC heap after
Heap after GC invocations=10 (full 0):
 PSYoungGen      total 826368K, used 256K [0x000000076b800000, 0x000000079f400000, 0x00000007c0000000)
  eden space 804864K, 0% used [0x000000076b800000,0x000000076b800000,0x000000079ca00000)
  from space 21504K, 1% used [0x000000079df00000,0x000000079df40000,0x000000079f400000)
  to   space 21504K, 0% used [0x000000079ca00000,0x000000079ca00000,0x000000079df00000)
 ParOldGen       total 173568K, used 21756K [0x00000006c2800000, 0x00000006cd180000, 0x000000076b800000)
  object space 173568K, 12% used [0x00000006c2800000,0x00000006c3d3f060,0x00000006cd180000)
 Metaspace       used 8532K, capacity 8742K, committed 8960K, reserved 1056768K
  class space    used 687K, capacity 722K, committed 768K, reserved 1048576K
}
Event: 10.424 GC heap before
{Heap before GC invocations=11 (full 0):
 PSYoungGen      total 826368K, used 805120K [0x000000076b800000, 0x000000079f400000, 0x00000007c0000000)
  eden space 804864K, 100% used [0x000000076b800000,0x000000079ca00000,0x000000079ca00000)
  from space 21504K, 1% used [0x000000079df00000,0x000000079df40000,0x000000079f400000)
  to   space 21504K, 0% used [0x000000079ca00000,0x000000079ca00000,0x000000079df00000)
 ParOldGen       total 173568K, used 21756K [0x00000006c2800000, 0x00000006cd180000, 0x000000076b800000)
  object space 173568K, 12% used [0x00000006c2800000,0x00000006c3d3f060,0x00000006cd180000)
 Metaspace       used 8547K, capacity 8806K, committed 8960K, reserved 1056768K
  class space    used 687K, capacity 722K, committed 768K, reserved 1048576K
Event: 10.425 GC heap after
Heap after GC invocations=11 (full 0):
 PSYoungGen      total 826368K, used 256K [0x000000076b800000, 0x00000007bcb00000, 0x00000007c0000000)
  eden space 804864K, 0% used [0x000000076b800000,0x000000076b800000,0x000000079ca00000)
  from space 21504K, 1% used [0x000000079ca00000,0x000000079ca40000,0x000000079df00000)
  to   space 20992K, 0% used [0x00000007bb680000,0x00000007bb680000,0x00000007bcb00000)
 ParOldGen       total 173568K, used 21812K [0x00000006c2800000, 0x00000006cd180000, 0x000000076b800000)
  object space 173568K, 12% used [0x00000006c2800000,0x00000006c3d4d060,0x00000006cd180000)
 Metaspace       used 8547K, capacity 8806K, committed 8960K, reserved 1056768K
  class space    used 687K, capacity 722K, committed 768K, reserved 1048576K
}
Event: 14.410 GC heap before
{Heap before GC invocations=12 (full 0):
 PSYoungGen      total 826368K, used 805120K [0x000000076b800000, 0x00000007bcb00000, 0x00000007c0000000)
  eden space 804864K, 100% used [0x000000076b800000,0x000000079ca00000,0x000000079ca00000)
  from space 21504K, 1% used [0x000000079ca00000,0x000000079ca40000,0x000000079df00000)
  to   space 20992K, 0% used [0x00000007bb680000,0x00000007bb680000,0x00000007bcb00000)
 ParOldGen       total 173568K, used 21812K [0x00000006c2800000, 0x00000006cd180000, 0x000000076b800000)
  object space 173568K, 12% used [0x00000006c2800000,0x00000006c3d4d060,0x00000006cd180000)
 Metaspace       used 8549K, capacity 8806K, committed 8960K, reserved 1056768K
  class space    used 687K, capacity 722K, committed 768K, reserved 1048576K
Event: 14.411 GC heap after
Heap after GC invocations=12 (full 0):
 PSYoungGen      total 1308160K, used 224K [0x000000076b800000, 0x00000007bca00000, 0x00000007c0000000)
  eden space 1288192K, 0% used [0x000000076b800000,0x000000076b800000,0x00000007ba200000)
  from space 19968K, 1% used [0x00000007bb680000,0x00000007bb6b8000,0x00000007bca00000)
  to   space 20480K, 0% used [0x00000007ba200000,0x00000007ba200000,0x00000007bb600000)
 ParOldGen       total 173568K, used 21836K [0x00000006c2800000, 0x00000006cd180000, 0x000000076b800000)
  object space 173568K, 12% used [0x00000006c2800000,0x00000006c3d53060,0x00000006cd180000)
 Metaspace       used 8549K, capacity 8806K, committed 8960K, reserved 1056768K
  class space    used 687K, capacity 722K, committed 768K, reserved 1048576K
}
Event: 21.585 GC heap before
{Heap before GC invocations=13 (full 0):
 PSYoungGen      total 1308160K, used 1288416K [0x000000076b800000, 0x00000007bca00000, 0x00000007c0000000)
  eden space 1288192K, 100% used [0x000000076b800000,0x00000007ba200000,0x00000007ba200000)
  from space 19968K, 1% used [0x00000007bb680000,0x00000007bb6b8000,0x00000007bca00000)
  to   space 20480K, 0% used [0x00000007ba200000,0x00000007ba200000,0x00000007bb600000)
 ParOldGen       total 173568K, used 21836K [0x00000006c2800000, 0x00000006cd180000, 0x000000076b800000)
  object space 173568K, 12% used [0x00000006c2800000,0x00000006c3d53060,0x00000006cd180000)
 Metaspace       used 8549K, capacity 8806K, committed 8960K, reserved 1056768K
  class space    used 687K, capacity 722K, committed 768K, reserved 1048576K
Event: 21.587 GC heap after
Heap after GC invocations=13 (full 0):
 PSYoungGen      total 1308672K, used 480K [0x000000076b800000, 0x00000007bff80000, 0x00000007c0000000)
  eden space 1288192K, 0% used [0x000000076b800000,0x000000076b800000,0x00000007ba200000)
  from space 20480K, 2% used [0x00000007ba200000,0x00000007ba278000,0x00000007bb600000)
  to   space 19968K, 0% used [0x00000007bec00000,0x00000007bec00000,0x00000007bff80000)
 ParOldGen       total 173568K, used 21876K [0x00000006c2800000, 0x00000006cd180000, 0x000000076b800000)
  object space 173568K, 12% used [0x00000006c2800000,0x00000006c3d5d060,0x00000006cd180000)
 Metaspace       used 8549K, capacity 8806K, committed 8960K, reserved 1056768K
  class space    used 687K, capacity 722K, committed 768K, reserved 1048576K
}
Event: 28.963 GC heap before
{Heap before GC invocations=14 (full 0):
 PSYoungGen      total 1308672K, used 1288672K [0x000000076b800000, 0x00000007bff80000, 0x00000007c0000000)
  eden space 1288192K, 100% used [0x000000076b800000,0x00000007ba200000,0x00000007ba200000)
  from space 20480K, 2% used [0x00000007ba200000,0x00000007ba278000,0x00000007bb600000)
  to   space 19968K, 0% used [0x00000007bec00000,0x00000007bec00000,0x00000007bff80000)
 ParOldGen       total 173568K, used 21876K [0x00000006c2800000, 0x00000006cd180000, 0x000000076b800000)
  object space 173568K, 12% used [0x00000006c2800000,0x00000006c3d5d060,0x00000006cd180000)
 Metaspace       used 8550K, capacity 8806K, committed 8960K, reserved 1056768K
  class space    used 687K, capacity 722K, committed 768K, reserved 1048576K
Event: 28.964 GC heap after
Heap after GC invocations=14 (full 0):
 PSYoungGen      total 1362944K, used 448K [0x000000076b800000, 0x00000007bfe80000, 0x00000007c0000000)
  eden space 1344000K, 0% used [0x000000076b800000,0x000000076b800000,0x00000007bd880000)
  from space 18944K, 2% used [0x00000007bec00000,0x00000007bec70000,0x00000007bfe80000)
  to   space 19456K, 0% used [0x00000007bd880000,0x00000007bd880000,0x00000007beb80000)
 ParOldGen       total 173568K, used 21900K [0x00000006c2800000, 0x00000006cd180000, 0x000000076b800000)
  object space 173568K, 12% used [0x00000006c2800000,0x00000006c3d63060,0x00000006cd180000)
 Metaspace       used 8550K, capacity 8806K, committed 8960K, reserved 1056768K
  class space    used 687K, capacity 722K, committed 768K, reserved 1048576K
}

Deoptimization events (10 events):
Event: 1.403 Thread 0x000000001e249000 Uncommon trap: reason=class_check action=maybe_recompile pc=0x00000000028c03a8 method=sun.misc.FloatingDecimal.parseFloat(Ljava/lang/String;)F @ 4
Event: 1.403 Thread 0x000000001e249000 Uncommon trap: reason=class_check action=maybe_recompile pc=0x00000000028c03a8 method=sun.misc.FloatingDecimal.parseFloat(Ljava/lang/String;)F @ 4
Event: 1.403 Thread 0x000000001e249000 Uncommon trap: reason=class_check action=maybe_recompile pc=0x00000000028c03a8 method=sun.misc.FloatingDecimal.parseFloat(Ljava/lang/String;)F @ 4
Event: 1.403 Thread 0x000000001e249000 Uncommon trap: reason=class_check action=maybe_recompile pc=0x00000000028c03a8 method=sun.misc.FloatingDecimal.parseFloat(Ljava/lang/String;)F @ 4
Event: 1.404 Thread 0x000000001e249000 Uncommon trap: reason=unstable_if action=reinterpret pc=0x0000000002918d00 method=main.client.renderEngine.mesh.MeshBuilder.processFace(Ljava/lang/String;Lmain/client/renderEngine/mesh/MeshBuilder;)Z @ 114
Event: 1.405 Thread 0x000000001e249000 Uncommon trap: reason=bimorphic action=maybe_recompile pc=0x000000000274b064 method=java.util.HashMap.getNode(ILjava/lang/Object;)Ljava/util/HashMap$Node; @ 126
Event: 1.465 Thread 0x000000001e249000 Uncommon trap: reason=unstable_if action=reinterpret pc=0x00000000028bb914 method=main.coreEngine.TickableThread.run()V @ 461
Event: 1.473 Thread 0x000000001e24b000 Uncommon trap: reason=unstable_if action=reinterpret pc=0x00000000028bb914 method=main.coreEngine.TickableThread.run()V @ 461
Event: 1.481 Thread 0x000000000249e000 Uncommon trap: reason=unstable_if action=reinterpret pc=0x00000000029a9bd4 method=main.coreEngine.Engine.start()V @ 163
Event: 1.500 Thread 0x000000001e249000 Uncommon trap: reason=unstable_if action=reinterpret pc=0x0000000002906d70 method=java.lang.Integer.valueOf(I)Ljava/lang/Integer; @ 10

Internal exceptions (10 events):
Event: 0.031 Thread 0x000000000249e000 Exception <a 'java/lang/NoSuchMethodError': Method sun.misc.Unsafe.defineClass(Ljava/lang/String;[BII)Ljava/lang/Class; name or signature does not match> (0x000000076b80dc80) thrown at [C:\workspace\8-2-build-windows-amd64-cygwin\jdk8u65\4987\hotspot\src\s[ôs{’£Ÿ?
Event: 0.031 Thread 0x000000000249e000 Exception <a 'java/lang/NoSuchMethodError': Method sun.misc.Unsafe.prefetchRead(Ljava/lang/Object;J)V name or signature does not match> (0x000000076b80df68) thrown at [C:\workspace\8-2-build-windows-amd64-cygwin\jdk8u65\4987\hotspot\src\share\vm\prims\jni..Äz—.Ú?
Event: 0.407 Thread 0x000000001e249000 Implicit null exception at 0x000000000274554d to 0x000000000274583d
Event: 0.408 Thread 0x000000001e249000 Exception <a 'java/security/PrivilegedActionException'> (0x000000076c788ae0) thrown at [C:\workspace\8-2-build-windows-amd64-cygwin\jdk8u65\4987\hotspot\src\share\vm\prims\jvm.cpp, line 1386]
Event: 0.408 Thread 0x000000001e249000 Exception <a 'java/security/PrivilegedActionException'> (0x000000076c788ed8) thrown at [C:\workspace\8-2-build-windows-amd64-cygwin\jdk8u65\4987\hotspot\src\share\vm\prims\jvm.cpp, line 1386]
Event: 0.408 Thread 0x000000001e249000 Exception <a 'java/security/PrivilegedActionException'> (0x000000076c78d190) thrown at [C:\workspace\8-2-build-windows-amd64-cygwin\jdk8u65\4987\hotspot\src\share\vm\prims\jvm.cpp, line 1386]
Event: 0.408 Thread 0x000000001e249000 Exception <a 'java/security/PrivilegedActionException'> (0x000000076c78d588) thrown at [C:\workspace\8-2-build-windows-amd64-cygwin\jdk8u65\4987\hotspot\src\share\vm\prims\jvm.cpp, line 1386]
Event: 0.412 Thread 0x000000001e249000 Implicit null exception at 0x000000000274f7d4 to 0x000000000274fa99
Event: 0.821 Thread 0x000000000249e000 Implicit null exception at 0x000000000275e78f to 0x000000000275ea61
Event: 1.196 Thread 0x000000001e249000 Implicit null exception at 0x000000000291c31c to 0x000000000291d58d

Events (10 events):
Event: 9.862 loading class java/nio/DirectByteBuffer$1
Event: 9.863 loading class java/nio/DirectByteBuffer$1 done
Event: 10.424 Executing VM operation: ParallelGCFailedAllocation
Event: 10.425 Executing VM operation: ParallelGCFailedAllocation done
Event: 14.410 Executing VM operation: ParallelGCFailedAllocation
Event: 14.411 Executing VM operation: ParallelGCFailedAllocation done
Event: 21.585 Executing VM operation: ParallelGCFailedAllocation
Event: 21.587 Executing VM operation: ParallelGCFailedAllocation done
Event: 28.962 Executing VM operation: ParallelGCFailedAllocation
Event: 28.964 Executing VM operation: ParallelGCFailedAllocation done


Dynamic libraries:
0x00007ff603aa0000 - 0x00007ff603ad7000 	C:\Program Files\Java\jdk1.8.0_65\bin\java.exe
0x00007ffb48720000 - 0x00007ffb488e1000 	C:\WINDOWS\SYSTEM32\ntdll.dll
0x00007ffb48170000 - 0x00007ffb4821d000 	C:\WINDOWS\system32\KERNEL32.DLL
0x00007ffb45560000 - 0x00007ffb45748000 	C:\WINDOWS\system32\KERNELBASE.dll
0x00007ffb47a50000 - 0x00007ffb47af7000 	C:\WINDOWS\system32\ADVAPI32.dll
0x00007ffb480d0000 - 0x00007ffb4816d000 	C:\WINDOWS\system32\msvcrt.dll
0x00007ffb47b00000 - 0x00007ffb47b5b000 	C:\WINDOWS\system32\sechost.dll
0x00007ffb47700000 - 0x00007ffb4781c000 	C:\WINDOWS\system32\RPCRT4.dll
0x00007ffb485c0000 - 0x00007ffb48716000 	C:\WINDOWS\system32\USER32.dll
0x00007ffb48220000 - 0x00007ffb483a6000 	C:\WINDOWS\system32\GDI32.dll
0x00007ffb41530000 - 0x00007ffb417a4000 	C:\WINDOWS\WinSxS\amd64_microsoft.windows.common-controls_6595b64144ccf1df_6.0.10586.0_none_8c15ae12515e1c22\COMCTL32.dll
0x00007ffb45b00000 - 0x00007ffb45d7d000 	C:\WINDOWS\system32\combase.dll
0x00007ffb45920000 - 0x00007ffb4598a000 	C:\WINDOWS\system32\bcryptPrimitives.dll
0x00007ffb45f90000 - 0x00007ffb45fcb000 	C:\WINDOWS\system32\IMM32.DLL
0x000000006ce30000 - 0x000000006cf02000 	C:\Program Files\Java\jdk1.8.0_65\jre\bin\msvcr100.dll
0x000000006c5a0000 - 0x000000006ce29000 	C:\Program Files\Java\jdk1.8.0_65\jre\bin\server\jvm.dll
0x00007ffb475a0000 - 0x00007ffb475a8000 	C:\WINDOWS\system32\PSAPI.DLL
0x00007ffb3c060000 - 0x00007ffb3c069000 	C:\WINDOWS\SYSTEM32\WSOCK32.dll
0x00007ffb418d0000 - 0x00007ffb418da000 	C:\WINDOWS\SYSTEM32\VERSION.dll
0x00007ffb42fa0000 - 0x00007ffb42fc3000 	C:\WINDOWS\SYSTEM32\WINMM.dll
0x00007ffb48420000 - 0x00007ffb4848b000 	C:\WINDOWS\system32\WS2_32.dll
0x00007ffb42f40000 - 0x00007ffb42f6c000 	C:\WINDOWS\SYSTEM32\WINMMBASE.dll
0x00007ffb45ab0000 - 0x00007ffb45af3000 	C:\WINDOWS\system32\cfgmgr32.dll
0x000000006cf30000 - 0x000000006cf3f000 	C:\Program Files\Java\jdk1.8.0_65\jre\bin\verify.dll
0x000000006c570000 - 0x000000006c599000 	C:\Program Files\Java\jdk1.8.0_65\jre\bin\java.dll
0x000000006c510000 - 0x000000006c526000 	C:\Program Files\Java\jdk1.8.0_65\jre\bin\zip.dll
0x00007ffb45fd0000 - 0x00007ffb4752c000 	C:\WINDOWS\system32\SHELL32.dll
0x00007ffb44ef0000 - 0x00007ffb45535000 	C:\WINDOWS\system32\windows.storage.dll
0x00007ffb483c0000 - 0x00007ffb48412000 	C:\WINDOWS\system32\shlwapi.dll
0x00007ffb44da0000 - 0x00007ffb44daf000 	C:\WINDOWS\system32\kernel.appcore.dll
0x00007ffb459f0000 - 0x00007ffb45aa5000 	C:\WINDOWS\system32\shcore.dll
0x00007ffb44d50000 - 0x00007ffb44d9b000 	C:\WINDOWS\system32\powrprof.dll
0x00007ffb44d20000 - 0x00007ffb44d34000 	C:\WINDOWS\system32\profapi.dll
0x00007ffb41c20000 - 0x00007ffb41c30000 	D:\Program Files (x86)\JetBrains\IntelliJ IDEA 2016.1\bin\breakgen64.dll
0x000000006cf10000 - 0x000000006cf2a000 	C:\Program Files\Java\jdk1.8.0_65\jre\bin\net.dll
0x00007ffb44650000 - 0x00007ffb446ac000 	C:\WINDOWS\system32\mswsock.dll
0x00007ffb26e40000 - 0x00007ffb26ec8000 	D:\Code\Java\Projects\WireEngine20\lib\native\lwjgl.dll
0x00007ffb44820000 - 0x00007ffb4482b000 	C:\WINDOWS\SYSTEM32\CRYPTBASE.DLL
0x00007ffb31e50000 - 0x00007ffb31e92000 	D:\Code\Java\Projects\WireEngine20\lib\native\jemalloc.dll
0x00007ffb2f210000 - 0x00007ffb2f248000 	D:\Code\Java\Projects\WireEngine20\lib\native\glfw.dll
0x00007ffb436a0000 - 0x00007ffb43736000 	C:\WINDOWS\system32\uxtheme.dll
0x00007ffb42950000 - 0x00007ffb42972000 	C:\WINDOWS\SYSTEM32\dwmapi.dll
0x00007ffb2da30000 - 0x00007ffb2db59000 	C:\WINDOWS\SYSTEM32\opengl32.dll
0x00007ffb3a050000 - 0x00007ffb3a07e000 	C:\WINDOWS\SYSTEM32\GLU32.dll
0x00007ffb2fd50000 - 0x00007ffb2fe4a000 	C:\WINDOWS\SYSTEM32\DDRAW.dll
0x00007ffb40230000 - 0x00007ffb40238000 	C:\WINDOWS\SYSTEM32\DCIMAN32.dll
0x00007ffb478f0000 - 0x00007ffb47a4a000 	C:\WINDOWS\system32\MSCTF.dll
0x00007ffb2cbb0000 - 0x00007ffb2cbf9000 	C:\Program Files (x86)\TeamViewer\tv_x64.dll
0x00007ffb475b0000 - 0x00007ffb476f3000 	C:\WINDOWS\system32\ole32.dll
0x000000006a7c0000 - 0x000000006c509000 	C:\WINDOWS\SYSTEM32\nvoglv64.DLL
0x00007ffb47c20000 - 0x00007ffb48049000 	C:\WINDOWS\system32\SETUPAPI.dll
0x00007ffb42d00000 - 0x00007ffb42d13000 	C:\WINDOWS\SYSTEM32\WTSAPI32.dll
0x00007ffb437f0000 - 0x00007ffb43817000 	C:\WINDOWS\SYSTEM32\DEVOBJ.dll
0x00007ffb45990000 - 0x00007ffb459e5000 	C:\WINDOWS\system32\WINTRUST.dll
0x00007ffb44d40000 - 0x00007ffb44d50000 	C:\WINDOWS\system32\MSASN1.dll
0x00007ffb45750000 - 0x00007ffb45917000 	C:\WINDOWS\system32\CRYPT32.dll
0x00007ffb44270000 - 0x00007ffb442a1000 	C:\WINDOWS\SYSTEM32\ntmarta.dll
0x00007ffb43fc0000 - 0x00007ffb44016000 	C:\WINDOWS\SYSTEM32\WINSTA.dll
0x00007ffb47b70000 - 0x00007ffb47c17000 	C:\WINDOWS\system32\clbcatq.dll
0x00007ffb3d0b0000 - 0x00007ffb3d0d5000 	C:\Program Files (x86)\Samsung\Easy Printer Manager\SmartScreenPrint\CDAKEYMonitor64.dll
0x00007ffb47820000 - 0x00007ffb478e1000 	C:\WINDOWS\system32\OLEAUT32.dll
0x00007ffb2ca20000 - 0x00007ffb2cbac000 	C:\WINDOWS\SYSTEM32\dbghelp.dll

VM Arguments:
jvm_args: -Djava.library.path=lib/native/ -Didea.launcher.port=7532 -Didea.launcher.bin.path=D:\Program Files (x86)\JetBrains\IntelliJ IDEA 2016.1\bin -Dfile.encoding=UTF-8 
java_command: com.intellij.rt.execution.application.AppMain main.Main
java_class_path (initial): C:\Program Files\Java\jdk1.8.0_65\jre\lib\charsets.jar;C:\Program Files\Java\jdk1.8.0_65\jre\lib\deploy.jar;C:\Program Files\Java\jdk1.8.0_65\jre\lib\ext\access-bridge-64.jar;C:\Program Files\Java\jdk1.8.0_65\jre\lib\ext\cldrdata.jar;C:\Program Files\Java\jdk1.8.0_65\jre\lib\ext\dnsns.jar;C:\Program Files\Java\jdk1.8.0_65\jre\lib\ext\jaccess.jar;C:\Program Files\Java\jdk1.8.0_65\jre\lib\ext\jfxrt.jar;C:\Program Files\Java\jdk1.8.0_65\jre\lib\ext\localedata.jar;C:\Program Files\Java\jdk1.8.0_65\jre\lib\ext\nashorn.jar;C:\Program Files\Java\jdk1.8.0_65\jre\lib\ext\sunec.jar;C:\Program Files\Java\jdk1.8.0_65\jre\lib\ext\sunjce_provider.jar;C:\Program Files\Java\jdk1.8.0_65\jre\lib\ext\sunmscapi.jar;C:\Program Files\Java\jdk1.8.0_65\jre\lib\ext\sunpkcs11.jar;C:\Program Files\Java\jdk1.8.0_65\jre\lib\ext\zipfs.jar;C:\Program Files\Java\jdk1.8.0_65\jre\lib\javaws.jar;C:\Program Files\Java\jdk1.8.0_65\jre\lib\jce.jar;C:\Program Files\Java\jdk1.8.0_65\jre\lib\jfr.jar;C:\Program Files\Java\jdk1.8.0_65\jre\lib\jfxswt.jar;C:\Program Files\Java\jdk1.8.0_65\jre\lib\jsse.jar;C:\Program Files\Java\jdk1.8.0_65\jre\lib\management-agent.jar;C:\Program Files\Java\jdk1.8.0_65\jre\lib\plugin.jar;C:\Program Files\Java\jdk1.8.0_65\jre\lib\resources.jar;C:\Program Files\Java\jdk1.8.0_65\jre\lib\rt.jar;D:\Code\Java\Projects\WireEngine20\out\production\WireEngine20;D:\Code\Java\Projects\WireEngine20\lib\jar\lwjgl.jar;D:\Code\Java\Projects\WireEngine20\lib\jar\slick-util.jar;D:\Program Files (x86)\JetBrains\IntelliJ IDEA 2016.1\lib\idea_rt.jar
Launcher Type: SUN_STANDARD

Environment Variables:
JAVA_HOME=C:\Program Files\Java\jdk1.8.0_65
PATH=C:\ProgramData\Oracle\Java\javapath;C:\Program Files (x86)\Razer Chroma SDK\bin;C:\Program Files\Razer Chroma SDK\bin;C:\Program Files (x86)\NVIDIA Corporation\PhysX\Common;C:\Program Files (x86)\Intel\iCLS Client\;C:\Program Files\Intel\iCLS Client\;C:\Windows\system32;C:\Windows;C:\Windows\System32\Wbem;C:\Windows\System32\WindowsPowerShell\v1.0\;C:\Program Files\Intel\Intel(R) Management Engine Components\DAL;C:\Program Files (x86)\Intel\Intel(R) Management Engine Components\DAL;C:\Program Files\Intel\Intel(R) Management Engine Components\IPT;C:\Program Files (x86)\Intel\Intel(R) Management Engine Components\IPT;C:\Program Files\Java\jre1.8.0_65\bin;C:\MinGW\bin;C:\WINDOWS\system32;C:\WINDOWS;C:\WINDOWS\System32\Wbem;C:\WINDOWS\System32\WindowsPowerShell\v1.0\;D:\Program Files (x86)\CMake\bin;D:\Program Files\Programs\Python\Python35-32;D:\Program Files\Programs\Python\Python35-32\Scripts;C:\Program Files (x86)\Skype\Phone\;D:\Program Files\Programs\Python\Python35-32\Scripts\;D:\Program Files\Programs\Python\Python35-32\
USERNAME=Kelan
OS=Windows_NT
PROCESSOR_IDENTIFIER=Intel64 Family 6 Model 60 Stepping 3, GenuineIntel



---------------  S Y S T E M  ---------------

OS: Windows 10.0 , 64 bit Build 10586 (10.0.10586.0)

CPU:total 8 (4 cores per cpu, 2 threads per core) family 6 model 60 stepping 3, cmov, cx8, fxsr, mmx, sse, sse2, sse3, ssse3, sse4.1, sse4.2, popcnt, avx, avx2, aes, clmul, erms, lzcnt, ht, tsc, tscinvbit, bmi1, bmi2

Memory: 4k page, physical 16609500k(7401084k free), swap 33386716k(21057652k free)

vm_info: Java HotSpot(TM) 64-Bit Server VM (25.65-b01) for windows-amd64 JRE (1.8.0_65-b17), built on Oct  6 2015 16:39:20 by "java_re" with MS VC++ 10.0 (VS2010)

time: Tue Apr 19 16:11:02 2016
elapsed time: 29 seconds (0d 0h 0m 29s)

