#
# A fatal error has been detected by the Java Runtime Environment:
#
#  EXCEPTION_ACCESS_VIOLATION (0xc0000005) at pc=0x00007ffdbf8724b9, pid=6348, tid=8096
#
# JRE version: Java(TM) SE Runtime Environment (8.0_65-b17) (build 1.8.0_65-b17)
# Java VM: Java HotSpot(TM) 64-Bit Server VM (25.65-b01 mixed mode windows-amd64 compressed oops)
# Problematic frame:
# C  [glfw.dll+0x24b9]
#
# Failed to write core dump. Minidumps are not enabled by default on client versions of Windows
#
# If you would like to submit a bug report, please visit:
#   http://bugreport.java.com/bugreport/crash.jsp
# The crash happened outside the Java Virtual Machine in native code.
# See problematic frame for where to report the bug.
#

---------------  T H R E A D  ---------------

Current thread (0x000000001e1ea000):  JavaThread "CLIENT" [_thread_in_native, id=8096, stack(0x000000001eee0000,0x000000001efe0000)]

siginfo: ExceptionCode=0xc0000005, reading address 0x0000000000000000

Registers:
RAX=0x0000000000000000, RBX=0x000000001b9af308, RCX=0x0000000000000000, RDX=0x0000000000000000
RSP=0x000000001efdf200, RBP=0x000000001efdf290, RSI=0x0000000000000108, RDI=0x000000000044cc30
R8 =0x000000001efdf1f8, R9 =0x000000001efdf290, R10=0x0000000000000000, R11=0x0000000000000246
R12=0x0000000000000000, R13=0x000000001efdf2a8, R14=0x000000001efdf280, R15=0x000000001e1ea000
RIP=0x00007ffdbf8724b9, EFLAGS=0x0000000000010283

Top of Stack: (sp=0x000000001efdf200)
0x000000001efdf200:   0000000000000000 0000000000000108
0x000000001efdf210:   000000001b955250 000000000258e8b0
0x000000001efdf220:   0000000000002142 000000000284de8a
0x000000001efdf230:   000000001b9af308 000000007052aea4
0x000000001efdf240:   000000001e1ea000 000000001e1ea000
0x000000001efdf250:   000000001e1ea000 0000000000000000
0x000000001efdf260:   000000001e1b7380 00000000704b5eba
0x000000001efdf270:   000000001efdf9e8 000000001efdf308
0x000000001efdf280:   00000006c280c780 0000000000002141
0x000000001efdf290:   000000001efdf308 0000000002597d8d
0x000000001efdf2a0:   0000000002597d8d 000000000044cc30
0x000000001efdf2b0:   00000000025978a0 00007ffdbf872420
0x000000001efdf2c0:   0000000000000001 000000001efdf2c8
0x000000001efdf2d0:   000000001b9cb99c 000000001efdf330
0x000000001efdf2e0:   000000001b9cd980 0000000000000000
0x000000001efdf2f0:   000000001b9cb9c8 000000001efdf2a8 

Instructions: (pc=0x00007ffdbf8724b9)
0x00007ffdbf872499:   48 8b cf e8 1f 3a 00 00 48 39 3d f0 d5 02 00 48
0x00007ffdbf8724a9:   8d 0d e9 d5 02 00 48 8b 5c 24 30 74 08 48 8b 09
0x00007ffdbf8724b9:   48 39 39 75 f8 48 8b 07 48 89 01 48 8b cf 48 83
0x00007ffdbf8724c9:   c4 20 5f e9 5b fe 00 00 48 83 c4 20 5f c3 cc cc 


Register to memory mapping:

RAX=0x0000000000000000 is an unknown value
RBX={method} {0x000000001b9af310} 'invokePV' '(JJ)V' in 'org/lwjgl/system/JNI'
RCX=0x0000000000000000 is an unknown value
RDX=0x0000000000000000 is an unknown value
RSP=0x000000001efdf200 is pointing into the stack for thread: 0x000000001e1ea000
RBP=0x000000001efdf290 is pointing into the stack for thread: 0x000000001e1ea000
RSI=0x0000000000000108 is an unknown value
RDI=0x000000000044cc30 is an unknown value
R8 =0x000000001efdf1f8 is pointing into the stack for thread: 0x000000001e1ea000
R9 =0x000000001efdf290 is pointing into the stack for thread: 0x000000001e1ea000
R10=0x0000000000000000 is an unknown value
R11=0x0000000000000246 is an unknown value
R12=0x0000000000000000 is an unknown value
R13=0x000000001efdf2a8 is pointing into the stack for thread: 0x000000001e1ea000
R14=0x000000001efdf280 is pointing into the stack for thread: 0x000000001e1ea000
R15=0x000000001e1ea000 is a thread


Stack: [0x000000001eee0000,0x000000001efe0000],  sp=0x000000001efdf200,  free space=1020k
Native frames: (J=compiled Java code, j=interpreted, Vv=VM code, C=native code)
C  [glfw.dll+0x24b9]
C  0x000000000284de8a

Java frames: (J=compiled Java code, j=interpreted, Vv=VM code)
J 603  org.lwjgl.system.JNI.invokePV(JJ)V (0 bytes) @ 0x000000000284de04 [0x000000000284ddc0+0x44]
j  org.lwjgl.glfw.GLFW.glfwDestroyCursor(J)V+20
j  main.client.Window.destroyWindow()V+9
j  main.coreEngine.Engine.stop()V+70
J 656 C1 main.client.Window.update()V (37 bytes) @ 0x00000000026d376c [0x00000000026d32c0+0x4ac]
J 641 C1 main.client.renderEngine.RenderEngine.render()V (51 bytes) @ 0x0000000002867a7c [0x0000000002866940+0x113c]
J 608 C1 main.client.ClientThread.tick()V (16 bytes) @ 0x000000000284f034 [0x000000000284eb80+0x4b4]
j  main.coreEngine.TickableThread.run()V+469
v  ~StubRoutines::call_stub

---------------  P R O C E S S  ---------------

Java Threads: ( => current thread )
  0x000000001e1eb800 JavaThread "SERVER" [_thread_in_Java, id=5524, stack(0x000000001efe0000,0x000000001f0e0000)]
=>0x000000001e1ea000 JavaThread "CLIENT" [_thread_in_native, id=8096, stack(0x000000001eee0000,0x000000001efe0000)]
  0x000000001e0db000 JavaThread "Service Thread" daemon [_thread_blocked, id=13784, stack(0x000000001ece0000,0x000000001ede0000)]
  0x000000001e044800 JavaThread "C1 CompilerThread3" daemon [_thread_blocked, id=2584, stack(0x000000001ebe0000,0x000000001ece0000)]
  0x000000001e03b800 JavaThread "C2 CompilerThread2" daemon [_thread_blocked, id=9724, stack(0x000000001eae0000,0x000000001ebe0000)]
  0x000000001e03b000 JavaThread "C2 CompilerThread1" daemon [_thread_blocked, id=4848, stack(0x000000001e9e0000,0x000000001eae0000)]
  0x000000001e03f800 JavaThread "C2 CompilerThread0" daemon [_thread_blocked, id=12904, stack(0x000000001e8e0000,0x000000001e9e0000)]
  0x000000001e023800 JavaThread "JDWP Command Reader" daemon [_thread_in_native, id=14204, stack(0x000000001e7e0000,0x000000001e8e0000)]
  0x000000001e01e800 JavaThread "JDWP Event Helper Thread" daemon [_thread_blocked, id=12472, stack(0x000000001e6e0000,0x000000001e7e0000)]
  0x000000001e01c800 JavaThread "JDWP Transport Listener: dt_socket" daemon [_thread_blocked, id=10124, stack(0x000000001e5e0000,0x000000001e6e0000)]
  0x000000001e007000 JavaThread "Attach Listener" daemon [_thread_blocked, id=9880, stack(0x000000001e4e0000,0x000000001e5e0000)]
  0x000000001e006000 JavaThread "Signal Dispatcher" daemon [_thread_blocked, id=9788, stack(0x000000001e3e0000,0x000000001e4e0000)]
  0x000000000258b000 JavaThread "Finalizer" daemon [_thread_blocked, id=13376, stack(0x000000001de00000,0x000000001df00000)]
  0x000000001bf2d000 JavaThread "Reference Handler" daemon [_thread_blocked, id=12208, stack(0x000000001dd00000,0x000000001de00000)]
  0x00000000009ae000 JavaThread "main" [_thread_in_Java, id=3700, stack(0x0000000002390000,0x0000000002490000)]

Other Threads:
  0x000000001bf28800 VMThread [stack: 0x000000001dc00000,0x000000001dd00000] [id=6508]
  0x000000001e0f4000 WatcherThread [stack: 0x000000001ede0000,0x000000001eee0000] [id=6212]

VM state:not at safepoint (normal execution)

VM Mutex/Monitor currently owned by a thread: None

Heap:
 PSYoungGen      total 57344K, used 56780K [0x000000076b800000, 0x000000077a700000, 0x00000007c0000000)
  eden space 56832K, 99% used [0x000000076b800000,0x000000076ef5b108,0x000000076ef80000)
  from space 512K, 18% used [0x000000077a600000,0x000000077a618000,0x000000077a680000)
  to   space 512K, 0% used [0x000000077a680000,0x000000077a680000,0x000000077a700000)
 ParOldGen       total 173568K, used 1428K [0x00000006c2800000, 0x00000006cd180000, 0x000000076b800000)
  object space 173568K, 0% used [0x00000006c2800000,0x00000006c2965060,0x00000006cd180000)
 Metaspace       used 8180K, capacity 8710K, committed 8960K, reserved 1056768K
  class space    used 651K, capacity 690K, committed 768K, reserved 1048576K

Card table byte_map: [0x0000000011950000,0x0000000012140000] byte_map_base: 0x000000000e33c000

Marking Bits: (ParMarkBitMap*) 0x0000000070c0a5b0
 Begin Bits: [0x0000000012e90000, 0x0000000016df0000)
 End Bits:   [0x0000000016df0000, 0x000000001ad50000)

Polling page: 0x00000000009b0000

CodeCache: size=245760Kb used=3005Kb max_used=3008Kb free=242754Kb
 bounds [0x0000000002590000, 0x0000000002890000, 0x0000000011590000]
 total_blobs=1275 nmethods=626 adapters=570
 compilation: enabled

Compilation events (10 events):
Event: 10.554 Thread 0x000000001e03b000  653       4       java.lang.ref.Reference::<init> (25 bytes)
Event: 10.555 Thread 0x000000001e03b000 nmethod 653 0x000000000283d810 code [0x000000000283d940, 0x000000000283d9f8]
Event: 11.614 Thread 0x000000001e044800  655       3       main.client.renderEngine.RenderEngine::render3D (138 bytes)
Event: 11.616 Thread 0x000000001e044800 nmethod 655 0x000000000287ef90 code [0x000000000287f540, 0x00000000028821f8]
Event: 11.616 Thread 0x000000001e044800  654       3       main.client.renderEngine.RenderEngine::setupProjection3D (161 bytes)
Event: 11.618 Thread 0x000000001e044800 nmethod 654 0x0000000002884650 code [0x0000000002884ba0, 0x0000000002887468]
Event: 11.618 Thread 0x000000001e044800  656       3       main.client.Window::update (37 bytes)
Event: 11.618 Thread 0x000000001e044800 nmethod 656 0x00000000026d3090 code [0x00000000026d32c0, 0x00000000026d3ba8]
Event: 11.621 Thread 0x000000001e044800  657       3       org.lwjgl.glfw.GLFW::glfwSwapBuffers (24 bytes)
Event: 11.621 Thread 0x000000001e044800 nmethod 657 0x00000000026b1b10 code [0x00000000026b1ca0, 0x00000000026b1ff8]

GC Heap History (10 events):
Event: 11.414 GC heap before
{Heap before GC invocations=137 (full 0):
 PSYoungGen      total 62464K, used 62144K [0x000000076b800000, 0x000000077a700000, 0x00000007c0000000)
  eden space 61952K, 100% used [0x000000076b800000,0x000000076f480000,0x000000076f480000)
  from space 512K, 37% used [0x000000077a680000,0x000000077a6b0000,0x000000077a700000)
  to   space 512K, 0% used [0x000000077a600000,0x000000077a600000,0x000000077a680000)
 ParOldGen       total 173568K, used 1428K [0x00000006c2800000, 0x00000006cd180000, 0x000000076b800000)
  object space 173568K, 0% used [0x00000006c2800000,0x00000006c2965060,0x00000006cd180000)
 Metaspace       used 8179K, capacity 8710K, committed 8960K, reserved 1056768K
  class space    used 651K, capacity 690K, committed 768K, reserved 1048576K
Event: 11.414 GC heap after
Heap after GC invocations=137 (full 0):
 PSYoungGen      total 61440K, used 160K [0x000000076b800000, 0x000000077a700000, 0x00000007c0000000)
  eden space 60928K, 0% used [0x000000076b800000,0x000000076b800000,0x000000076f380000)
  from space 512K, 31% used [0x000000077a600000,0x000000077a628000,0x000000077a680000)
  to   space 512K, 0% used [0x000000077a680000,0x000000077a680000,0x000000077a700000)
 ParOldGen       total 173568K, used 1428K [0x00000006c2800000, 0x00000006cd180000, 0x000000076b800000)
  object space 173568K, 0% used [0x00000006c2800000,0x00000006c2965060,0x00000006cd180000)
 Metaspace       used 8179K, capacity 8710K, committed 8960K, reserved 1056768K
  class space    used 651K, capacity 690K, committed 768K, reserved 1048576K
}
Event: 11.486 GC heap before
{Heap before GC invocations=138 (full 0):
 PSYoungGen      total 61440K, used 61088K [0x000000076b800000, 0x000000077a700000, 0x00000007c0000000)
  eden space 60928K, 100% used [0x000000076b800000,0x000000076f380000,0x000000076f380000)
  from space 512K, 31% used [0x000000077a600000,0x000000077a628000,0x000000077a680000)
  to   space 512K, 0% used [0x000000077a680000,0x000000077a680000,0x000000077a700000)
 ParOldGen       total 173568K, used 1428K [0x00000006c2800000, 0x00000006cd180000, 0x000000076b800000)
  object space 173568K, 0% used [0x00000006c2800000,0x00000006c2965060,0x00000006cd180000)
 Metaspace       used 8179K, capacity 8710K, committed 8960K, reserved 1056768K
  class space    used 651K, capacity 690K, committed 768K, reserved 1048576K
Event: 11.487 GC heap after
Heap after GC invocations=138 (full 0):
 PSYoungGen      total 60416K, used 192K [0x000000076b800000, 0x000000077a700000, 0x00000007c0000000)
  eden space 59904K, 0% used [0x000000076b800000,0x000000076b800000,0x000000076f280000)
  from space 512K, 37% used [0x000000077a680000,0x000000077a6b0000,0x000000077a700000)
  to   space 512K, 0% used [0x000000077a600000,0x000000077a600000,0x000000077a680000)
 ParOldGen       total 173568K, used 1428K [0x00000006c2800000, 0x00000006cd180000, 0x000000076b800000)
  object space 173568K, 0% used [0x00000006c2800000,0x00000006c2965060,0x00000006cd180000)
 Metaspace       used 8179K, capacity 8710K, committed 8960K, reserved 1056768K
  class space    used 651K, capacity 690K, committed 768K, reserved 1048576K
}
Event: 11.532 GC heap before
{Heap before GC invocations=139 (full 0):
 PSYoungGen      total 60416K, used 60096K [0x000000076b800000, 0x000000077a700000, 0x00000007c0000000)
  eden space 59904K, 100% used [0x000000076b800000,0x000000076f280000,0x000000076f280000)
  from space 512K, 37% used [0x000000077a680000,0x000000077a6b0000,0x000000077a700000)
  to   space 512K, 0% used [0x000000077a600000,0x000000077a600000,0x000000077a680000)
 ParOldGen       total 173568K, used 1428K [0x00000006c2800000, 0x00000006cd180000, 0x000000076b800000)
  object space 173568K, 0% used [0x00000006c2800000,0x00000006c2965060,0x00000006cd180000)
 Metaspace       used 8179K, capacity 8710K, committed 8960K, reserved 1056768K
  class space    used 651K, capacity 690K, committed 768K, reserved 1048576K
Event: 11.532 GC heap after
Heap after GC invocations=139 (full 0):
 PSYoungGen      total 59392K, used 224K [0x000000076b800000, 0x000000077a700000, 0x00000007c0000000)
  eden space 58880K, 0% used [0x000000076b800000,0x000000076b800000,0x000000076f180000)
  from space 512K, 43% used [0x000000077a600000,0x000000077a638000,0x000000077a680000)
  to   space 512K, 0% used [0x000000077a680000,0x000000077a680000,0x000000077a700000)
 ParOldGen       total 173568K, used 1428K [0x00000006c2800000, 0x00000006cd180000, 0x000000076b800000)
  object space 173568K, 0% used [0x00000006c2800000,0x00000006c2965060,0x00000006cd180000)
 Metaspace       used 8179K, capacity 8710K, committed 8960K, reserved 1056768K
  class space    used 651K, capacity 690K, committed 768K, reserved 1048576K
}
Event: 11.585 GC heap before
{Heap before GC invocations=140 (full 0):
 PSYoungGen      total 59392K, used 59104K [0x000000076b800000, 0x000000077a700000, 0x00000007c0000000)
  eden space 58880K, 100% used [0x000000076b800000,0x000000076f180000,0x000000076f180000)
  from space 512K, 43% used [0x000000077a600000,0x000000077a638000,0x000000077a680000)
  to   space 512K, 0% used [0x000000077a680000,0x000000077a680000,0x000000077a700000)
 ParOldGen       total 173568K, used 1428K [0x00000006c2800000, 0x00000006cd180000, 0x000000076b800000)
  object space 173568K, 0% used [0x00000006c2800000,0x00000006c2965060,0x00000006cd180000)
 Metaspace       used 8179K, capacity 8710K, committed 8960K, reserved 1056768K
  class space    used 651K, capacity 690K, committed 768K, reserved 1048576K
Event: 11.586 GC heap after
Heap after GC invocations=140 (full 0):
 PSYoungGen      total 58368K, used 128K [0x000000076b800000, 0x000000077a700000, 0x00000007c0000000)
  eden space 57856K, 0% used [0x000000076b800000,0x000000076b800000,0x000000076f080000)
  from space 512K, 25% used [0x000000077a680000,0x000000077a6a0000,0x000000077a700000)
  to   space 512K, 0% used [0x000000077a600000,0x000000077a600000,0x000000077a680000)
 ParOldGen       total 173568K, used 1428K [0x00000006c2800000, 0x00000006cd180000, 0x000000076b800000)
  object space 173568K, 0% used [0x00000006c2800000,0x00000006c2965060,0x00000006cd180000)
 Metaspace       used 8179K, capacity 8710K, committed 8960K, reserved 1056768K
  class space    used 651K, capacity 690K, committed 768K, reserved 1048576K
}
Event: 11.648 GC heap before
{Heap before GC invocations=141 (full 0):
 PSYoungGen      total 58368K, used 57984K [0x000000076b800000, 0x000000077a700000, 0x00000007c0000000)
  eden space 57856K, 100% used [0x000000076b800000,0x000000076f080000,0x000000076f080000)
  from space 512K, 25% used [0x000000077a680000,0x000000077a6a0000,0x000000077a700000)
  to   space 512K, 0% used [0x000000077a600000,0x000000077a600000,0x000000077a680000)
 ParOldGen       total 173568K, used 1428K [0x00000006c2800000, 0x00000006cd180000, 0x000000076b800000)
  object space 173568K, 0% used [0x00000006c2800000,0x00000006c2965060,0x00000006cd180000)
 Metaspace       used 8180K, capacity 8710K, committed 8960K, reserved 1056768K
  class space    used 651K, capacity 690K, committed 768K, reserved 1048576K
Event: 11.648 GC heap after
Heap after GC invocations=141 (full 0):
 PSYoungGen      total 57344K, used 96K [0x000000076b800000, 0x000000077a700000, 0x00000007c0000000)
  eden space 56832K, 0% used [0x000000076b800000,0x000000076b800000,0x000000076ef80000)
  from space 512K, 18% used [0x000000077a600000,0x000000077a618000,0x000000077a680000)
  to   space 512K, 0% used [0x000000077a680000,0x000000077a680000,0x000000077a700000)
 ParOldGen       total 173568K, used 1428K [0x00000006c2800000, 0x00000006cd180000, 0x000000076b800000)
  object space 173568K, 0% used [0x00000006c2800000,0x00000006c2965060,0x00000006cd180000)
 Metaspace       used 8180K, capacity 8710K, committed 8960K, reserved 1056768K
  class space    used 651K, capacity 690K, committed 768K, reserved 1048576K
}

Deoptimization events (10 events):
Event: 0.138 Thread 0x000000001e1ea000 Uncommon trap: reason=bimorphic action=maybe_recompile pc=0x00000000026e4800 method=java.util.HashMap.getNode(ILjava/lang/Object;)Ljava/util/HashMap$Node; @ 126
Event: 0.418 Thread 0x000000001e1ea000 Uncommon trap: reason=bimorphic action=maybe_recompile pc=0x00000000026e4800 method=java.util.HashMap.getNode(ILjava/lang/Object;)Ljava/util/HashMap$Node; @ 126
Event: 0.419 Thread 0x000000001e1ea000 Uncommon trap: reason=bimorphic action=maybe_recompile pc=0x00000000026e4800 method=java.util.HashMap.getNode(ILjava/lang/Object;)Ljava/util/HashMap$Node; @ 126
Event: 0.424 Thread 0x000000001e1ea000 Uncommon trap: reason=unstable_if action=reinterpret pc=0x00000000026d93d8 method=java.util.HashMap.keySet()Ljava/util/Set; @ 6
Event: 0.892 Thread 0x000000001e1ea000 Uncommon trap: reason=unstable_if action=reinterpret pc=0x00000000026dc204 method=java.util.HashMap.clear()V @ 16
Event: 0.892 Thread 0x000000001e1ea000 Uncommon trap: reason=unstable_if action=reinterpret pc=0x00000000026d64d8 method=java.util.HashMap.clear()V @ 16
Event: 0.892 Thread 0x00000000009ae000 Uncommon trap: reason=unstable_if action=reinterpret pc=0x00000000026f8e40 method=main.coreEngine.TickableThread.invoke(Ljava/lang/String;[Ljava/lang/Object;)V @ 53
Event: 0.892 Thread 0x000000001e1eb800 Uncommon trap: reason=unstable_if action=reinterpret pc=0x0000000002739134 method=main.coreEngine.TickableThread.run()V @ 58
Event: 0.985 Thread 0x00000000009ae000 Uncommon trap: reason=unstable_if action=reinterpret pc=0x00000000027f1d7c method=main.coreEngine.Engine.start()V @ 163
Event: 1.010 Thread 0x000000001e1eb800 Uncommon trap: reason=unstable_if action=reinterpret pc=0x00000000027fd62c method=main.coreEngine.TickableThread.run()V @ 461

Internal exceptions (7 events):
Event: 0.028 Thread 0x00000000009ae000 Exception <a 'java/lang/NoSuchMethodError': Method sun.misc.Unsafe.defineClass(Ljava/lang/String;[BII)Ljava/lang/Class; name or signature does not match> (0x000000076b80da30) thrown at [C:\workspace\8-2-build-windows-amd64-cygwin\jdk8u65\4987\hotspot\src\sßófó½³œ?
Event: 0.028 Thread 0x00000000009ae000 Exception <a 'java/lang/NoSuchMethodError': Method sun.misc.Unsafe.prefetchRead(Ljava/lang/Object;J)V name or signature does not match> (0x000000076b80dd18) thrown at [C:\workspace\8-2-build-windows-amd64-cygwin\jdk8u65\4987\hotspot\src\share\vm\prims\jni.ÇÕñé*ÇÚ?
Event: 0.418 Thread 0x000000001e1ea000 Exception <a 'java/security/PrivilegedActionException'> (0x000000076b865ae0) thrown at [C:\workspace\8-2-build-windows-amd64-cygwin\jdk8u65\4987\hotspot\src\share\vm\prims\jvm.cpp, line 1386]
Event: 0.418 Thread 0x000000001e1ea000 Exception <a 'java/security/PrivilegedActionException'> (0x000000076b865ed8) thrown at [C:\workspace\8-2-build-windows-amd64-cygwin\jdk8u65\4987\hotspot\src\share\vm\prims\jvm.cpp, line 1386]
Event: 0.419 Thread 0x000000001e1ea000 Exception <a 'java/security/PrivilegedActionException'> (0x000000076b86a0f0) thrown at [C:\workspace\8-2-build-windows-amd64-cygwin\jdk8u65\4987\hotspot\src\share\vm\prims\jvm.cpp, line 1386]
Event: 0.419 Thread 0x000000001e1ea000 Exception <a 'java/security/PrivilegedActionException'> (0x000000076b86a4e8) thrown at [C:\workspace\8-2-build-windows-amd64-cygwin\jdk8u65\4987\hotspot\src\share\vm\prims\jvm.cpp, line 1386]
Event: 0.892 Thread 0x00000000009ae000 Implicit null exception at 0x00000000026f887c to 0x00000000026f8e19

Events (10 events):
Event: 11.585 Executing VM operation: ParallelGCFailedAllocation
Event: 11.586 Executing VM operation: ParallelGCFailedAllocation done
Event: 11.616 Thread 0x000000001e044800 flushing nmethod 0x00000000026b1b10
Event: 11.616 Thread 0x000000001e044800 flushing nmethod 0x00000000026b5210
Event: 11.618 Thread 0x000000001e044800 flushing nmethod 0x00000000026c2650
Event: 11.618 Thread 0x000000001e044800 flushing nmethod 0x00000000026c2d90
Event: 11.618 Thread 0x000000001e044800 flushing nmethod 0x00000000026d6090
Event: 11.621 Thread 0x000000001e044800 flushing nmethod 0x00000000026e35d0
Event: 11.648 Executing VM operation: ParallelGCFailedAllocation
Event: 11.648 Executing VM operation: ParallelGCFailedAllocation done


Dynamic libraries:
0x00007ff76c070000 - 0x00007ff76c0a7000 	C:\Program Files\Java\jdk1.8.0_65\bin\java.exe
0x00007ffde4980000 - 0x00007ffde4b41000 	C:\WINDOWS\SYSTEM32\ntdll.dll
0x00007ffde42a0000 - 0x00007ffde434d000 	C:\WINDOWS\system32\KERNEL32.DLL
0x00007ffde19f0000 - 0x00007ffde1bd8000 	C:\WINDOWS\system32\KERNELBASE.dll
0x00007ffde1e70000 - 0x00007ffde1f17000 	C:\WINDOWS\system32\ADVAPI32.dll
0x00007ffde3800000 - 0x00007ffde389d000 	C:\WINDOWS\system32\msvcrt.dll
0x00007ffde1e10000 - 0x00007ffde1e6b000 	C:\WINDOWS\system32\sechost.dll
0x00007ffde3bd0000 - 0x00007ffde3cec000 	C:\WINDOWS\system32\RPCRT4.dll
0x00007ffde3fe0000 - 0x00007ffde4136000 	C:\WINDOWS\system32\USER32.dll
0x00007ffde3cf0000 - 0x00007ffde3e76000 	C:\WINDOWS\system32\GDI32.dll
0x00007ffddd690000 - 0x00007ffddd904000 	C:\WINDOWS\WinSxS\amd64_microsoft.windows.common-controls_6595b64144ccf1df_6.0.10586.0_none_8c15ae12515e1c22\COMCTL32.dll
0x00007ffde3950000 - 0x00007ffde3bcd000 	C:\WINDOWS\system32\combase.dll
0x00007ffde1cf0000 - 0x00007ffde1d5a000 	C:\WINDOWS\system32\bcryptPrimitives.dll
0x00007ffde1dc0000 - 0x00007ffde1dfb000 	C:\WINDOWS\system32\IMM32.DLL
0x0000000070c90000 - 0x0000000070d62000 	C:\Program Files\Java\jdk1.8.0_65\jre\bin\msvcr100.dll
0x0000000070400000 - 0x0000000070c89000 	C:\Program Files\Java\jdk1.8.0_65\jre\bin\server\jvm.dll
0x00007ffde4290000 - 0x00007ffde4298000 	C:\WINDOWS\system32\PSAPI.DLL
0x00007ffdd8550000 - 0x00007ffdd8559000 	C:\WINDOWS\SYSTEM32\WSOCK32.dll
0x00007ffddf730000 - 0x00007ffddf753000 	C:\WINDOWS\SYSTEM32\WINMM.dll
0x00007ffddd9c0000 - 0x00007ffddd9ca000 	C:\WINDOWS\SYSTEM32\VERSION.dll
0x00007ffde4470000 - 0x00007ffde44db000 	C:\WINDOWS\system32\WS2_32.dll
0x00007ffddf6d0000 - 0x00007ffddf6fc000 	C:\WINDOWS\SYSTEM32\WINMMBASE.dll
0x00007ffde1be0000 - 0x00007ffde1c23000 	C:\WINDOWS\system32\cfgmgr32.dll
0x00000000703f0000 - 0x00000000703ff000 	C:\Program Files\Java\jdk1.8.0_65\jre\bin\verify.dll
0x00000000703c0000 - 0x00000000703e9000 	C:\Program Files\Java\jdk1.8.0_65\jre\bin\java.dll
0x0000000070380000 - 0x00000000703b5000 	C:\Program Files\Java\jdk1.8.0_65\jre\bin\jdwp.dll
0x0000000070370000 - 0x0000000070378000 	C:\Program Files\Java\jdk1.8.0_65\jre\bin\npt.dll
0x0000000070350000 - 0x0000000070366000 	C:\Program Files\Java\jdk1.8.0_65\jre\bin\zip.dll
0x00007ffde1f80000 - 0x00007ffde34dc000 	C:\WINDOWS\system32\SHELL32.dll
0x00007ffde11d0000 - 0x00007ffde1815000 	C:\WINDOWS\system32\windows.storage.dll
0x00007ffde36b0000 - 0x00007ffde3702000 	C:\WINDOWS\system32\shlwapi.dll
0x00007ffde0fb0000 - 0x00007ffde0fbf000 	C:\WINDOWS\system32\kernel.appcore.dll
0x00007ffde1c30000 - 0x00007ffde1ce5000 	C:\WINDOWS\system32\shcore.dll
0x00007ffde0fc0000 - 0x00007ffde100b000 	C:\WINDOWS\system32\powrprof.dll
0x00007ffde0f80000 - 0x00007ffde0f94000 	C:\WINDOWS\system32\profapi.dll
0x0000000070230000 - 0x0000000070239000 	C:\Program Files\Java\jdk1.8.0_65\jre\bin\dt_socket.dll
0x00007ffde08b0000 - 0x00007ffde090c000 	C:\WINDOWS\system32\mswsock.dll
0x00007ffdba510000 - 0x00007ffdba598000 	D:\Code\Java\Projects\WireEngine20\lib\native\lwjgl.dll
0x00007ffde0a80000 - 0x00007ffde0a8b000 	C:\WINDOWS\SYSTEM32\CRYPTBASE.DLL
0x00007ffdbfc10000 - 0x00007ffdbfc52000 	D:\Code\Java\Projects\WireEngine20\lib\native\jemalloc.dll
0x00007ffdbf870000 - 0x00007ffdbf8a8000 	D:\Code\Java\Projects\WireEngine20\lib\native\glfw.dll
0x00007ffddf850000 - 0x00007ffddf8e6000 	C:\WINDOWS\system32\uxtheme.dll
0x00007ffdde650000 - 0x00007ffdde672000 	C:\WINDOWS\SYSTEM32\dwmapi.dll
0x00007ffdc9d10000 - 0x00007ffdc9e39000 	C:\WINDOWS\SYSTEM32\opengl32.dll
0x00007ffdcc520000 - 0x00007ffdcc61a000 	C:\WINDOWS\SYSTEM32\DDRAW.dll
0x00007ffdcfb20000 - 0x00007ffdcfb4e000 	C:\WINDOWS\SYSTEM32\GLU32.dll
0x00007ffdd96b0000 - 0x00007ffdd96b8000 	C:\WINDOWS\SYSTEM32\DCIMAN32.dll
0x00007ffde3e80000 - 0x00007ffde3fda000 	C:\WINDOWS\system32\MSCTF.dll
0x00007ffdd2dd0000 - 0x00007ffdd2e19000 	C:\Program Files (x86)\TeamViewer\tv_x64.dll
0x00007ffde4140000 - 0x00007ffde4283000 	C:\WINDOWS\system32\ole32.dll
0x000000006e4e0000 - 0x0000000070229000 	C:\WINDOWS\SYSTEM32\nvoglv64.DLL
0x00007ffde4550000 - 0x00007ffde4979000 	C:\WINDOWS\system32\SETUPAPI.dll
0x00007ffddf2f0000 - 0x00007ffddf303000 	C:\WINDOWS\SYSTEM32\WTSAPI32.dll
0x00007ffddf9a0000 - 0x00007ffddf9c7000 	C:\WINDOWS\SYSTEM32\DEVOBJ.dll
0x00007ffde1170000 - 0x00007ffde11c5000 	C:\WINDOWS\system32\WINTRUST.dll
0x00007ffde0fa0000 - 0x00007ffde0fb0000 	C:\WINDOWS\system32\MSASN1.dll
0x00007ffde1820000 - 0x00007ffde19e7000 	C:\WINDOWS\system32\CRYPT32.dll
0x00007ffde04d0000 - 0x00007ffde0501000 	C:\WINDOWS\SYSTEM32\ntmarta.dll
0x00007ffde0220000 - 0x00007ffde0276000 	C:\WINDOWS\SYSTEM32\WINSTA.dll
0x00007ffde38a0000 - 0x00007ffde3947000 	C:\WINDOWS\system32\clbcatq.dll
0x00007ffddc360000 - 0x00007ffddc385000 	C:\Program Files (x86)\Samsung\Easy Printer Manager\SmartScreenPrint\CDAKEYMonitor64.dll
0x00007ffde3730000 - 0x00007ffde37f1000 	C:\WINDOWS\system32\OLEAUT32.dll
0x00007ffdb9de0000 - 0x00007ffdb9f6c000 	C:\WINDOWS\SYSTEM32\dbghelp.dll

VM Arguments:
jvm_args: -agentlib:jdwp=transport=dt_socket,address=127.0.0.1:65486,suspend=y,server=n -Djava.library.path=lib/native/ -Dfile.encoding=UTF-8 
java_command: main.Main
java_class_path (initial): C:\Program Files\Java\jdk1.8.0_65\jre\lib\charsets.jar;C:\Program Files\Java\jdk1.8.0_65\jre\lib\deploy.jar;C:\Program Files\Java\jdk1.8.0_65\jre\lib\ext\access-bridge-64.jar;C:\Program Files\Java\jdk1.8.0_65\jre\lib\ext\cldrdata.jar;C:\Program Files\Java\jdk1.8.0_65\jre\lib\ext\dnsns.jar;C:\Program Files\Java\jdk1.8.0_65\jre\lib\ext\jaccess.jar;C:\Program Files\Java\jdk1.8.0_65\jre\lib\ext\jfxrt.jar;C:\Program Files\Java\jdk1.8.0_65\jre\lib\ext\localedata.jar;C:\Program Files\Java\jdk1.8.0_65\jre\lib\ext\nashorn.jar;C:\Program Files\Java\jdk1.8.0_65\jre\lib\ext\sunec.jar;C:\Program Files\Java\jdk1.8.0_65\jre\lib\ext\sunjce_provider.jar;C:\Program Files\Java\jdk1.8.0_65\jre\lib\ext\sunmscapi.jar;C:\Program Files\Java\jdk1.8.0_65\jre\lib\ext\sunpkcs11.jar;C:\Program Files\Java\jdk1.8.0_65\jre\lib\ext\zipfs.jar;C:\Program Files\Java\jdk1.8.0_65\jre\lib\javaws.jar;C:\Program Files\Java\jdk1.8.0_65\jre\lib\jce.jar;C:\Program Files\Java\jdk1.8.0_65\jre\lib\jfr.jar;C:\Program Files\Java\jdk1.8.0_65\jre\lib\jfxswt.jar;C:\Program Files\Java\jdk1.8.0_65\jre\lib\jsse.jar;C:\Program Files\Java\jdk1.8.0_65\jre\lib\management-agent.jar;C:\Program Files\Java\jdk1.8.0_65\jre\lib\plugin.jar;C:\Program Files\Java\jdk1.8.0_65\jre\lib\resources.jar;C:\Program Files\Java\jdk1.8.0_65\jre\lib\rt.jar;D:\Code\Java\Projects\WireEngine20\out\production\WireEngine20;D:\Code\Java\Projects\WireEngine20\lib\jar\lwjgl.jar;D:\Code\Java\Projects\WireEngine20\lib\jar\slick-util.jar;D:\Program Files (x86)\JetBrains\IntelliJ IDEA 2016.1\lib\idea_rt.jar
Launcher Type: SUN_STANDARD

Environment Variables:
JAVA_HOME=C:\Program Files\Java\jdk1.8.0_65
PATH=C:\ProgramData\Oracle\Java\javapath;C:\Program Files (x86)\Razer Chroma SDK\bin;C:\Program Files\Razer Chroma SDK\bin;C:\Program Files (x86)\NVIDIA Corporation\PhysX\Common;C:\Program Files (x86)\Intel\iCLS Client\;C:\Program Files\Intel\iCLS Client\;C:\Windows\system32;C:\Windows;C:\Windows\System32\Wbem;C:\Windows\System32\WindowsPowerShell\v1.0\;C:\Program Files\Intel\Intel(R) Management Engine Components\DAL;C:\Program Files (x86)\Intel\Intel(R) Management Engine Components\DAL;C:\Program Files\Intel\Intel(R) Management Engine Components\IPT;C:\Program Files (x86)\Intel\Intel(R) Management Engine Components\IPT;C:\Program Files\Java\jre1.8.0_65\bin;C:\MinGW\bin;C:\WINDOWS\system32;C:\WINDOWS;C:\WINDOWS\System32\Wbem;C:\WINDOWS\System32\WindowsPowerShell\v1.0\;D:\Program Files (x86)\CMake\bin;D:\Program Files\Programs\Python\Python35-32;D:\Program Files\Programs\Python\Python35-32\Scripts;C:\Program Files (x86)\Skype\Phone\;D:\Program Files\Programs\Python\Python35-32\Scripts\;D:\Program Files\Programs\Python\Python35-32\
USERNAME=Kelan
OS=Windows_NT
PROCESSOR_IDENTIFIER=Intel64 Family 6 Model 60 Stepping 3, GenuineIntel



---------------  S Y S T E M  ---------------

OS: Windows 10.0 , 64 bit Build 10586 (10.0.10586.0)

CPU:total 8 (4 cores per cpu, 2 threads per core) family 6 model 60 stepping 3, cmov, cx8, fxsr, mmx, sse, sse2, sse3, ssse3, sse4.1, sse4.2, popcnt, avx, avx2, aes, clmul, erms, lzcnt, ht, tsc, tscinvbit, bmi1, bmi2

Memory: 4k page, physical 16609500k(3138400k free), swap 33386716k(16714108k free)

vm_info: Java HotSpot(TM) 64-Bit Server VM (25.65-b01) for windows-amd64 JRE (1.8.0_65-b17), built on Oct  6 2015 16:39:20 by "java_re" with MS VC++ 10.0 (VS2010)

time: Tue Apr 12 15:42:26 2016
elapsed time: 11 seconds (0d 0h 0m 11s)

