#
# A fatal error has been detected by the Java Runtime Environment:
#
#  EXCEPTION_ACCESS_VIOLATION (0xc0000005) at pc=0x00007ffdc00824b9, pid=2376, tid=12376
#
# JRE version: Java(TM) SE Runtime Environment (8.0_65-b17) (build 1.8.0_65-b17)
# Java VM: Java HotSpot(TM) 64-Bit Server VM (25.65-b01 mixed mode windows-amd64 compressed oops)
# Problematic frame:
# C  [glfw.dll+0x24b9]
#
# Failed to write core dump. Minidumps are not enabled by default on client versions of Windows
#
# If you would like to submit a bug report, please visit:
#   http://bugreport.java.com/bugreport/crash.jsp
# The crash happened outside the Java Virtual Machine in native code.
# See problematic frame for where to report the bug.
#

---------------  T H R E A D  ---------------

Current thread (0x000000001e1bf000):  JavaThread "CLIENT" [_thread_in_native, id=12376, stack(0x000000001eee0000,0x000000001efe0000)]

siginfo: ExceptionCode=0xc0000005, reading address 0x0000000000000000

Registers:
RAX=0x0000000000000000, RBX=0x000000001b99ff50, RCX=0x0000000000000000, RDX=0x0000000000000000
RSP=0x000000001efdf230, RBP=0x000000001efdf2e8, RSI=0x0000000000000108, RDI=0x00000000007dba10
R8 =0x000000001efdf228, R9 =0x000000001efdf2e8, R10=0x0000000000000000, R11=0x0000000000000246
R12=0x0000000000000000, R13=0x000000001b99ff50, R14=0x000000001efdf320, R15=0x000000001e1bf000
RIP=0x00007ffdc00824b9, EFLAGS=0x0000000000010287

Top of Stack: (sp=0x000000001efdf230)
0x000000001efdf230:   000000001e1bf000 000000001e1bf000
0x000000001efdf240:   000000001e1bf000 000000001e1bf000
0x000000001efdf250:   0000000000000d2b 000000000259dfcc
0x000000001efdf260:   000000001b99ff50 0000000070615005
0x000000001efdf270:   000000001b945390 000000001bf20430
0x000000001efdf280:   000000000000000e 000000001e1bf000
0x000000001efdf290:   000000001b9be710 000000007052aea4
0x000000001efdf2a0:   000000001e1bf000 000000001efdf2a8
0x000000001efdf2b0:   0000000000000000 000000001efdf320
0x000000001efdf2c0:   000000001b9a06f0 0000000000000000
0x000000001efdf2d0:   000000001b99ff50 0000000000000000
0x000000001efdf2e0:   000000001efdf308 000000001efdf368
0x000000001efdf2f0:   0000000002587d8d 00000006c28080c8
0x000000001efdf300:   00000000025942f8 00000000007dba10
0x000000001efdf310:   00000000025878a0 00007ffdc0082420
0x000000001efdf320:   0000000000000001 000000001efdf328 

Instructions: (pc=0x00007ffdc00824b9)
0x00007ffdc0082499:   48 8b cf e8 1f 3a 00 00 48 39 3d f0 d5 02 00 48
0x00007ffdc00824a9:   8d 0d e9 d5 02 00 48 8b 5c 24 30 74 08 48 8b 09
0x00007ffdc00824b9:   48 39 39 75 f8 48 8b 07 48 89 01 48 8b cf 48 83
0x00007ffdc00824c9:   c4 20 5f e9 5b fe 00 00 48 83 c4 20 5f c3 cc cc 


Register to memory mapping:

RAX=0x0000000000000000 is an unknown value
RBX={method} {0x000000001b99ff58} 'invokePV' '(JJ)V' in 'org/lwjgl/system/JNI'
RCX=0x0000000000000000 is an unknown value
RDX=0x0000000000000000 is an unknown value
RSP=0x000000001efdf230 is pointing into the stack for thread: 0x000000001e1bf000
RBP=0x000000001efdf2e8 is pointing into the stack for thread: 0x000000001e1bf000
RSI=0x0000000000000108 is an unknown value
RDI=0x00000000007dba10 is an unknown value
R8 =0x000000001efdf228 is pointing into the stack for thread: 0x000000001e1bf000
R9 =0x000000001efdf2e8 is pointing into the stack for thread: 0x000000001e1bf000
R10=0x0000000000000000 is an unknown value
R11=0x0000000000000246 is an unknown value
R12=0x0000000000000000 is an unknown value
R13={method} {0x000000001b99ff58} 'invokePV' '(JJ)V' in 'org/lwjgl/system/JNI'
R14=0x000000001efdf320 is pointing into the stack for thread: 0x000000001e1bf000
R15=0x000000001e1bf000 is a thread


Stack: [0x000000001eee0000,0x000000001efe0000],  sp=0x000000001efdf230,  free space=1020k
Native frames: (J=compiled Java code, j=interpreted, Vv=VM code, C=native code)
C  [glfw.dll+0x24b9]
C  0x000000000259dfcc

Java frames: (J=compiled Java code, j=interpreted, Vv=VM code)
j  org.lwjgl.system.JNI.invokePV(JJ)V+0
j  org.lwjgl.glfw.GLFW.glfwDestroyCursor(J)V+20
j  main.client.Window.destroyWindow()V+9
j  main.coreEngine.Engine.stop()V+70
j  main.client.Window.update()V+33
j  main.client.renderEngine.RenderEngine.render()V+38
j  main.client.ClientThread.tick()V+12
j  main.coreEngine.TickableThread.run()V+469
v  ~StubRoutines::call_stub

---------------  P R O C E S S  ---------------

Java Threads: ( => current thread )
  0x000000001e1c0000 JavaThread "SERVER" [_thread_in_Java, id=12028, stack(0x000000001efe0000,0x000000001f0e0000)]
=>0x000000001e1bf000 JavaThread "CLIENT" [_thread_in_native, id=12376, stack(0x000000001eee0000,0x000000001efe0000)]
  0x000000001e0df800 JavaThread "Service Thread" daemon [_thread_blocked, id=13532, stack(0x000000001ece0000,0x000000001ede0000)]
  0x000000001e042000 JavaThread "C1 CompilerThread3" daemon [_thread_blocked, id=9084, stack(0x000000001ebe0000,0x000000001ece0000)]
  0x000000001e039000 JavaThread "C2 CompilerThread2" daemon [_thread_blocked, id=13704, stack(0x000000001eae0000,0x000000001ebe0000)]
  0x000000001e038000 JavaThread "C2 CompilerThread1" daemon [_thread_blocked, id=1852, stack(0x000000001e9e0000,0x000000001eae0000)]
  0x000000001e03d000 JavaThread "C2 CompilerThread0" daemon [_thread_blocked, id=9728, stack(0x000000001e8e0000,0x000000001e9e0000)]
  0x000000001e023000 JavaThread "JDWP Command Reader" daemon [_thread_in_native, id=6124, stack(0x000000001e7e0000,0x000000001e8e0000)]
  0x000000001e022000 JavaThread "JDWP Event Helper Thread" daemon [_thread_blocked, id=7444, stack(0x000000001e6e0000,0x000000001e7e0000)]
  0x000000001e014800 JavaThread "JDWP Transport Listener: dt_socket" daemon [_thread_blocked, id=9928, stack(0x000000001e5e0000,0x000000001e6e0000)]
  0x000000001e006800 JavaThread "Attach Listener" daemon [_thread_blocked, id=8392, stack(0x000000001e4e0000,0x000000001e5e0000)]
  0x000000001e005800 JavaThread "Signal Dispatcher" daemon [_thread_blocked, id=1636, stack(0x000000001e3e0000,0x000000001e4e0000)]
  0x000000000251a800 JavaThread "Finalizer" daemon [_thread_blocked, id=12744, stack(0x000000001de00000,0x000000001df00000)]
  0x000000001bf1d800 JavaThread "Reference Handler" daemon [_thread_blocked, id=5840, stack(0x000000001dd00000,0x000000001de00000)]
  0x0000000000cee000 JavaThread "main" [_thread_in_Java, id=7420, stack(0x0000000000ba0000,0x0000000000ca0000)]

Other Threads:
  0x000000001bf19000 VMThread [stack: 0x000000001dc00000,0x000000001dd00000] [id=4088]
  0x000000001e0fd000 WatcherThread [stack: 0x000000001ede0000,0x000000001eee0000] [id=8468]

VM state:not at safepoint (normal execution)

VM Mutex/Monitor currently owned by a thread: None

Heap:
 PSYoungGen      total 236032K, used 44288K [0x000000076b800000, 0x0000000793380000, 0x00000007c0000000)
  eden space 232960K, 18% used [0x000000076b800000,0x000000076e308178,0x0000000779b80000)
  from space 3072K, 7% used [0x0000000792d80000,0x0000000792db8000,0x0000000793080000)
  to   space 3072K, 0% used [0x0000000793080000,0x0000000793080000,0x0000000793380000)
 ParOldGen       total 173568K, used 8418K [0x00000006c2800000, 0x00000006cd180000, 0x000000076b800000)
  object space 173568K, 4% used [0x00000006c2800000,0x00000006c3038a90,0x00000006cd180000)
 Metaspace       used 8345K, capacity 8710K, committed 8960K, reserved 1056768K
  class space    used 660K, capacity 690K, committed 768K, reserved 1048576K

Card table byte_map: [0x0000000011940000,0x0000000012130000] byte_map_base: 0x000000000e32c000

Marking Bits: (ParMarkBitMap*) 0x0000000070c0a5b0
 Begin Bits: [0x0000000012e80000, 0x0000000016de0000)
 End Bits:   [0x0000000016de0000, 0x000000001ad40000)

Polling page: 0x0000000000790000

CodeCache: size=245760Kb used=4056Kb max_used=4067Kb free=241703Kb
 bounds [0x0000000002580000, 0x0000000002980000, 0x0000000011580000]
 total_blobs=1454 nmethods=798 adapters=577
 compilation: enabled

Compilation events (10 events):
Event: 4.688 Thread 0x000000001e039000  796       4       org.lwjgl.opengl.GL::getCapabilities (26 bytes)
Event: 4.689 Thread 0x000000001e039000 nmethod 796 0x0000000002975ad0 code [0x0000000002975c20, 0x0000000002975d98]
Event: 5.088 Thread 0x000000001e03d000  797       4       java.nio.Buffer::limit (62 bytes)
Event: 5.088 Thread 0x000000001e03d000 nmethod 797 0x0000000002975450 code [0x00000000029755a0, 0x0000000002975678]
Event: 5.354 Thread 0x000000001e042000  798       3       java.lang.Boolean::valueOf (14 bytes)
Event: 5.355 Thread 0x000000001e042000 nmethod 798 0x0000000002975090 code [0x00000000029751e0, 0x0000000002975370]
Event: 5.371 Thread 0x000000001e042000  799       3       java.util.ArrayList::clear (39 bytes)
Event: 5.371 Thread 0x000000001e042000 nmethod 799 0x000000000297d510 code [0x000000000297d680, 0x000000000297d9f0]
Event: 5.438 Thread 0x000000001e038000  800       4       java.nio.Bits::byteOrder (20 bytes)
Event: 5.438 Thread 0x000000001e038000 nmethod 800 0x00000000028b60d0 code [0x00000000028b6200, 0x00000000028b6258]

GC Heap History (10 events):
Event: 4.471 GC heap before
{Heap before GC invocations=21 (full 0):
 PSYoungGen      total 284672K, used 284384K [0x000000076b800000, 0x0000000793900000, 0x00000007c0000000)
  eden space 284160K, 100% used [0x000000076b800000,0x000000077cd80000,0x000000077cd80000)
  from space 512K, 43% used [0x0000000793880000,0x00000007938b8000,0x0000000793900000)
  to   space 3584K, 0% used [0x0000000793200000,0x0000000793200000,0x0000000793580000)
 ParOldGen       total 173568K, used 8386K [0x00000006c2800000, 0x00000006cd180000, 0x000000076b800000)
  object space 173568K, 4% used [0x00000006c2800000,0x00000006c3030a90,0x00000006cd180000)
 Metaspace       used 8343K, capacity 8710K, committed 8960K, reserved 1056768K
  class space    used 660K, capacity 690K, committed 768K, reserved 1048576K
Event: 4.471 GC heap after
Heap after GC invocations=21 (full 0):
 PSYoungGen      total 276480K, used 192K [0x000000076b800000, 0x0000000793900000, 0x00000007c0000000)
  eden space 272896K, 0% used [0x000000076b800000,0x000000076b800000,0x000000077c280000)
  from space 3584K, 5% used [0x0000000793200000,0x0000000793230000,0x0000000793580000)
  to   space 3584K, 0% used [0x0000000793580000,0x0000000793580000,0x0000000793900000)
 ParOldGen       total 173568K, used 8386K [0x00000006c2800000, 0x00000006cd180000, 0x000000076b800000)
  object space 173568K, 4% used [0x00000006c2800000,0x00000006c3030a90,0x00000006cd180000)
 Metaspace       used 8343K, capacity 8710K, committed 8960K, reserved 1056768K
  class space    used 660K, capacity 690K, committed 768K, reserved 1048576K
}
Event: 4.679 GC heap before
{Heap before GC invocations=22 (full 0):
 PSYoungGen      total 276480K, used 273088K [0x000000076b800000, 0x0000000793900000, 0x00000007c0000000)
  eden space 272896K, 100% used [0x000000076b800000,0x000000077c280000,0x000000077c280000)
  from space 3584K, 5% used [0x0000000793200000,0x0000000793230000,0x0000000793580000)
  to   space 3584K, 0% used [0x0000000793580000,0x0000000793580000,0x0000000793900000)
 ParOldGen       total 173568K, used 8386K [0x00000006c2800000, 0x00000006cd180000, 0x000000076b800000)
  object space 173568K, 4% used [0x00000006c2800000,0x00000006c3030a90,0x00000006cd180000)
 Metaspace       used 8344K, capacity 8710K, committed 8960K, reserved 1056768K
  class space    used 660K, capacity 690K, committed 768K, reserved 1048576K
Event: 4.679 GC heap after
Heap after GC invocations=22 (full 0):
 PSYoungGen      total 262656K, used 224K [0x000000076b800000, 0x0000000793600000, 0x00000007c0000000)
  eden space 262144K, 0% used [0x000000076b800000,0x000000076b800000,0x000000077b800000)
  from space 512K, 43% used [0x0000000793580000,0x00000007935b8000,0x0000000793600000)
  to   space 3072K, 0% used [0x0000000793000000,0x0000000793000000,0x0000000793300000)
 ParOldGen       total 173568K, used 8386K [0x00000006c2800000, 0x00000006cd180000, 0x000000076b800000)
  object space 173568K, 4% used [0x00000006c2800000,0x00000006c3030a90,0x00000006cd180000)
 Metaspace       used 8344K, capacity 8710K, committed 8960K, reserved 1056768K
  class space    used 660K, capacity 690K, committed 768K, reserved 1048576K
}
Event: 4.970 GC heap before
{Heap before GC invocations=23 (full 0):
 PSYoungGen      total 262656K, used 262368K [0x000000076b800000, 0x0000000793600000, 0x00000007c0000000)
  eden space 262144K, 100% used [0x000000076b800000,0x000000077b800000,0x000000077b800000)
  from space 512K, 43% used [0x0000000793580000,0x00000007935b8000,0x0000000793600000)
  to   space 3072K, 0% used [0x0000000793000000,0x0000000793000000,0x0000000793300000)
 ParOldGen       total 173568K, used 8386K [0x00000006c2800000, 0x00000006cd180000, 0x000000076b800000)
  object space 173568K, 4% used [0x00000006c2800000,0x00000006c3030a90,0x00000006cd180000)
 Metaspace       used 8344K, capacity 8710K, committed 8960K, reserved 1056768K
  class space    used 660K, capacity 690K, committed 768K, reserved 1048576K
Event: 4.971 GC heap after
Heap after GC invocations=23 (full 0):
 PSYoungGen      total 254976K, used 192K [0x000000076b800000, 0x0000000793600000, 0x00000007c0000000)
  eden space 251904K, 0% used [0x000000076b800000,0x000000076b800000,0x000000077ae00000)
  from space 3072K, 6% used [0x0000000793000000,0x0000000793030000,0x0000000793300000)
  to   space 3072K, 0% used [0x0000000793300000,0x0000000793300000,0x0000000793600000)
 ParOldGen       total 173568K, used 8386K [0x00000006c2800000, 0x00000006cd180000, 0x000000076b800000)
  object space 173568K, 4% used [0x00000006c2800000,0x00000006c3030a90,0x00000006cd180000)
 Metaspace       used 8344K, capacity 8710K, committed 8960K, reserved 1056768K
  class space    used 660K, capacity 690K, committed 768K, reserved 1048576K
}
Event: 5.224 GC heap before
{Heap before GC invocations=24 (full 0):
 PSYoungGen      total 254976K, used 252096K [0x000000076b800000, 0x0000000793600000, 0x00000007c0000000)
  eden space 251904K, 100% used [0x000000076b800000,0x000000077ae00000,0x000000077ae00000)
  from space 3072K, 6% used [0x0000000793000000,0x0000000793030000,0x0000000793300000)
  to   space 3072K, 0% used [0x0000000793300000,0x0000000793300000,0x0000000793600000)
 ParOldGen       total 173568K, used 8386K [0x00000006c2800000, 0x00000006cd180000, 0x000000076b800000)
  object space 173568K, 4% used [0x00000006c2800000,0x00000006c3030a90,0x00000006cd180000)
 Metaspace       used 8344K, capacity 8710K, committed 8960K, reserved 1056768K
  class space    used 660K, capacity 690K, committed 768K, reserved 1048576K
Event: 5.225 GC heap after
Heap after GC invocations=24 (full 0):
 PSYoungGen      total 242688K, used 192K [0x000000076b800000, 0x0000000793380000, 0x00000007c0000000)
  eden space 242176K, 0% used [0x000000076b800000,0x000000076b800000,0x000000077a480000)
  from space 512K, 37% used [0x0000000793300000,0x0000000793330000,0x0000000793380000)
  to   space 3072K, 0% used [0x0000000792d80000,0x0000000792d80000,0x0000000793080000)
 ParOldGen       total 173568K, used 8418K [0x00000006c2800000, 0x00000006cd180000, 0x000000076b800000)
  object space 173568K, 4% used [0x00000006c2800000,0x00000006c3038a90,0x00000006cd180000)
 Metaspace       used 8344K, capacity 8710K, committed 8960K, reserved 1056768K
  class space    used 660K, capacity 690K, committed 768K, reserved 1048576K
}
Event: 5.446 GC heap before
{Heap before GC invocations=25 (full 0):
 PSYoungGen      total 242688K, used 242368K [0x000000076b800000, 0x0000000793380000, 0x00000007c0000000)
  eden space 242176K, 100% used [0x000000076b800000,0x000000077a480000,0x000000077a480000)
  from space 512K, 37% used [0x0000000793300000,0x0000000793330000,0x0000000793380000)
  to   space 3072K, 0% used [0x0000000792d80000,0x0000000792d80000,0x0000000793080000)
 ParOldGen       total 173568K, used 8418K [0x00000006c2800000, 0x00000006cd180000, 0x000000076b800000)
  object space 173568K, 4% used [0x00000006c2800000,0x00000006c3038a90,0x00000006cd180000)
 Metaspace       used 8344K, capacity 8710K, committed 8960K, reserved 1056768K
  class space    used 660K, capacity 690K, committed 768K, reserved 1048576K
Event: 5.447 GC heap after
Heap after GC invocations=25 (full 0):
 PSYoungGen      total 236032K, used 224K [0x000000076b800000, 0x0000000793380000, 0x00000007c0000000)
  eden space 232960K, 0% used [0x000000076b800000,0x000000076b800000,0x0000000779b80000)
  from space 3072K, 7% used [0x0000000792d80000,0x0000000792db8000,0x0000000793080000)
  to   space 3072K, 0% used [0x0000000793080000,0x0000000793080000,0x0000000793380000)
 ParOldGen       total 173568K, used 8418K [0x00000006c2800000, 0x00000006cd180000, 0x000000076b800000)
  object space 173568K, 4% used [0x00000006c2800000,0x00000006c3038a90,0x00000006cd180000)
 Metaspace       used 8344K, capacity 8710K, committed 8960K, reserved 1056768K
  class space    used 660K, capacity 690K, committed 768K, reserved 1048576K
}

Deoptimization events (10 events):
Event: 1.207 Thread 0x000000001e1bf000 Uncommon trap: reason=class_check action=maybe_recompile pc=0x00000000028c56c8 method=java.util.HashMap.putVal(ILjava/lang/Object;Ljava/lang/Object;ZZ)Ljava/lang/Object; @ 203
Event: 1.241 Thread 0x000000001e1bf000 Uncommon trap: reason=bimorphic action=maybe_recompile pc=0x00000000026d3290 method=java.util.HashMap.getNode(ILjava/lang/Object;)Ljava/util/HashMap$Node; @ 126
Event: 1.241 Thread 0x000000001e1bf000 Uncommon trap: reason=class_check action=maybe_recompile pc=0x00000000028c56c8 method=java.util.HashMap.putVal(ILjava/lang/Object;Ljava/lang/Object;ZZ)Ljava/lang/Object; @ 203
Event: 1.269 Thread 0x000000001e1bf000 Uncommon trap: reason=class_check action=maybe_recompile pc=0x00000000028c56c8 method=java.util.HashMap.putVal(ILjava/lang/Object;Ljava/lang/Object;ZZ)Ljava/lang/Object; @ 203
Event: 1.270 Thread 0x000000001e1bf000 Uncommon trap: reason=unstable_if action=reinterpret pc=0x00000000028e7a00 method=main.client.renderEngine.mesh.Mesh.compile(Ljava/util/List;)Lmain/client/renderEngine/mesh/Mesh; @ 101
Event: 1.305 Thread 0x000000001e1bf000 Uncommon trap: reason=unstable_if action=reinterpret pc=0x00000000028e4fc4 method=main.client.renderEngine.mesh.Mesh.compile(Ljava/util/List;)Lmain/client/renderEngine/mesh/Mesh; @ 216
Event: 1.349 Thread 0x000000001e1bf000 Uncommon trap: reason=unstable_if action=reinterpret pc=0x0000000002910534 method=main.client.renderEngine.mesh.Mesh.compile(Ljava/util/List;)Lmain/client/renderEngine/mesh/Mesh; @ 550
Event: 1.379 Thread 0x000000001e1bf000 Uncommon trap: reason=unstable_if action=reinterpret pc=0x00000000028377dc method=main.coreEngine.TickableThread.run()V @ 461
Event: 1.387 Thread 0x000000001e1c0000 Uncommon trap: reason=unstable_if action=reinterpret pc=0x00000000028377dc method=main.coreEngine.TickableThread.run()V @ 461
Event: 1.395 Thread 0x0000000000cee000 Uncommon trap: reason=unstable_if action=reinterpret pc=0x0000000002916124 method=main.coreEngine.Engine.start()V @ 163

Internal exceptions (8 events):
Event: 0.023 Thread 0x0000000000cee000 Exception <a 'java/lang/NoSuchMethodError': Method sun.misc.Unsafe.defineClass(Ljava/lang/String;[BII)Ljava/lang/Class; name or signature does not match> (0x000000076b80da30) thrown at [C:\workspace\8-2-build-windows-amd64-cygwin\jdk8u65\4987\hotspot\src\s"8G_l—?
Event: 0.023 Thread 0x0000000000cee000 Exception <a 'java/lang/NoSuchMethodError': Method sun.misc.Unsafe.prefetchRead(Ljava/lang/Object;J)V name or signature does not match> (0x000000076b80dd18) thrown at [C:\workspace\8-2-build-windows-amd64-cygwin\jdk8u65\4987\hotspot\src\share\vm\prims\jni.cE>˜ýØ?
Event: 0.390 Thread 0x000000001e1bf000 Exception <a 'java/security/PrivilegedActionException'> (0x000000076e390ac8) thrown at [C:\workspace\8-2-build-windows-amd64-cygwin\jdk8u65\4987\hotspot\src\share\vm\prims\jvm.cpp, line 1386]
Event: 0.391 Thread 0x000000001e1bf000 Exception <a 'java/security/PrivilegedActionException'> (0x000000076e390ec0) thrown at [C:\workspace\8-2-build-windows-amd64-cygwin\jdk8u65\4987\hotspot\src\share\vm\prims\jvm.cpp, line 1386]
Event: 0.391 Thread 0x000000001e1bf000 Exception <a 'java/security/PrivilegedActionException'> (0x000000076e3950d8) thrown at [C:\workspace\8-2-build-windows-amd64-cygwin\jdk8u65\4987\hotspot\src\share\vm\prims\jvm.cpp, line 1386]
Event: 0.391 Thread 0x000000001e1bf000 Exception <a 'java/security/PrivilegedActionException'> (0x000000076e3954d0) thrown at [C:\workspace\8-2-build-windows-amd64-cygwin\jdk8u65\4987\hotspot\src\share\vm\prims\jvm.cpp, line 1386]
Event: 0.852 Thread 0x0000000000cee000 Implicit null exception at 0x00000000026e4284 to 0x00000000026e4845
Event: 1.168 Thread 0x000000001e1bf000 Implicit null exception at 0x00000000028b3ee4 to 0x00000000028b445d

Events (10 events):
Event: 4.654 Thread 0x000000001e1bf000 DEOPT PACKING pc=0x0000000002959b2a sp=0x000000001efdf3b0
Event: 4.654 Thread 0x000000001e1bf000 DEOPT UNPACKING pc=0x00000000025c787f sp=0x000000001efdf0d8 mode 0
Event: 4.679 Executing VM operation: ParallelGCFailedAllocation
Event: 4.679 Executing VM operation: ParallelGCFailedAllocation done
Event: 4.970 Executing VM operation: ParallelGCFailedAllocation
Event: 4.971 Executing VM operation: ParallelGCFailedAllocation done
Event: 5.224 Executing VM operation: ParallelGCFailedAllocation
Event: 5.225 Executing VM operation: ParallelGCFailedAllocation done
Event: 5.446 Executing VM operation: ParallelGCFailedAllocation
Event: 5.447 Executing VM operation: ParallelGCFailedAllocation done


Dynamic libraries:
0x00007ff630290000 - 0x00007ff6302c7000 	C:\Program Files\Java\jdk1.8.0_65\bin\java.exe
0x00007ffde4980000 - 0x00007ffde4b41000 	C:\WINDOWS\SYSTEM32\ntdll.dll
0x00007ffde42a0000 - 0x00007ffde434d000 	C:\WINDOWS\system32\KERNEL32.DLL
0x00007ffde19f0000 - 0x00007ffde1bd8000 	C:\WINDOWS\system32\KERNELBASE.dll
0x00007ffde1e70000 - 0x00007ffde1f17000 	C:\WINDOWS\system32\ADVAPI32.dll
0x00007ffde3800000 - 0x00007ffde389d000 	C:\WINDOWS\system32\msvcrt.dll
0x00007ffde1e10000 - 0x00007ffde1e6b000 	C:\WINDOWS\system32\sechost.dll
0x00007ffde3bd0000 - 0x00007ffde3cec000 	C:\WINDOWS\system32\RPCRT4.dll
0x00007ffde3fe0000 - 0x00007ffde4136000 	C:\WINDOWS\system32\USER32.dll
0x00007ffde3cf0000 - 0x00007ffde3e76000 	C:\WINDOWS\system32\GDI32.dll
0x00007ffddd690000 - 0x00007ffddd904000 	C:\WINDOWS\WinSxS\amd64_microsoft.windows.common-controls_6595b64144ccf1df_6.0.10586.0_none_8c15ae12515e1c22\COMCTL32.dll
0x00007ffde3950000 - 0x00007ffde3bcd000 	C:\WINDOWS\system32\combase.dll
0x00007ffde1cf0000 - 0x00007ffde1d5a000 	C:\WINDOWS\system32\bcryptPrimitives.dll
0x00007ffde1dc0000 - 0x00007ffde1dfb000 	C:\WINDOWS\system32\IMM32.DLL
0x0000000070c90000 - 0x0000000070d62000 	C:\Program Files\Java\jdk1.8.0_65\jre\bin\msvcr100.dll
0x0000000070400000 - 0x0000000070c89000 	C:\Program Files\Java\jdk1.8.0_65\jre\bin\server\jvm.dll
0x00007ffde4290000 - 0x00007ffde4298000 	C:\WINDOWS\system32\PSAPI.DLL
0x00007ffdd8550000 - 0x00007ffdd8559000 	C:\WINDOWS\SYSTEM32\WSOCK32.dll
0x00007ffddd9c0000 - 0x00007ffddd9ca000 	C:\WINDOWS\SYSTEM32\VERSION.dll
0x00007ffddf730000 - 0x00007ffddf753000 	C:\WINDOWS\SYSTEM32\WINMM.dll
0x00007ffde4470000 - 0x00007ffde44db000 	C:\WINDOWS\system32\WS2_32.dll
0x00007ffddf6d0000 - 0x00007ffddf6fc000 	C:\WINDOWS\SYSTEM32\WINMMBASE.dll
0x00007ffde1be0000 - 0x00007ffde1c23000 	C:\WINDOWS\system32\cfgmgr32.dll
0x00000000703f0000 - 0x00000000703ff000 	C:\Program Files\Java\jdk1.8.0_65\jre\bin\verify.dll
0x00000000703c0000 - 0x00000000703e9000 	C:\Program Files\Java\jdk1.8.0_65\jre\bin\java.dll
0x0000000070380000 - 0x00000000703b5000 	C:\Program Files\Java\jdk1.8.0_65\jre\bin\jdwp.dll
0x0000000070370000 - 0x0000000070378000 	C:\Program Files\Java\jdk1.8.0_65\jre\bin\npt.dll
0x0000000070350000 - 0x0000000070366000 	C:\Program Files\Java\jdk1.8.0_65\jre\bin\zip.dll
0x00007ffde1f80000 - 0x00007ffde34dc000 	C:\WINDOWS\system32\SHELL32.dll
0x00007ffde11d0000 - 0x00007ffde1815000 	C:\WINDOWS\system32\windows.storage.dll
0x00007ffde36b0000 - 0x00007ffde3702000 	C:\WINDOWS\system32\shlwapi.dll
0x00007ffde0fb0000 - 0x00007ffde0fbf000 	C:\WINDOWS\system32\kernel.appcore.dll
0x00007ffde1c30000 - 0x00007ffde1ce5000 	C:\WINDOWS\system32\shcore.dll
0x00007ffde0fc0000 - 0x00007ffde100b000 	C:\WINDOWS\system32\powrprof.dll
0x00007ffde0f80000 - 0x00007ffde0f94000 	C:\WINDOWS\system32\profapi.dll
0x0000000070230000 - 0x0000000070239000 	C:\Program Files\Java\jdk1.8.0_65\jre\bin\dt_socket.dll
0x00007ffde08b0000 - 0x00007ffde090c000 	C:\WINDOWS\system32\mswsock.dll
0x00007ffdbb740000 - 0x00007ffdbb7c8000 	D:\Code\Java\Projects\WireEngine20\lib\native\lwjgl.dll
0x00007ffde0a80000 - 0x00007ffde0a8b000 	C:\WINDOWS\SYSTEM32\CRYPTBASE.DLL
0x00007ffdc2b50000 - 0x00007ffdc2b92000 	D:\Code\Java\Projects\WireEngine20\lib\native\jemalloc.dll
0x00007ffdc0080000 - 0x00007ffdc00b8000 	D:\Code\Java\Projects\WireEngine20\lib\native\glfw.dll
0x00007ffddf850000 - 0x00007ffddf8e6000 	C:\WINDOWS\system32\uxtheme.dll
0x00007ffdde650000 - 0x00007ffdde672000 	C:\WINDOWS\SYSTEM32\dwmapi.dll
0x00007ffdc9d10000 - 0x00007ffdc9e39000 	C:\WINDOWS\SYSTEM32\opengl32.dll
0x00007ffdcfb20000 - 0x00007ffdcfb4e000 	C:\WINDOWS\SYSTEM32\GLU32.dll
0x00007ffdcc520000 - 0x00007ffdcc61a000 	C:\WINDOWS\SYSTEM32\DDRAW.dll
0x00007ffdd96b0000 - 0x00007ffdd96b8000 	C:\WINDOWS\SYSTEM32\DCIMAN32.dll
0x00007ffde3e80000 - 0x00007ffde3fda000 	C:\WINDOWS\system32\MSCTF.dll
0x00007ffdd2dd0000 - 0x00007ffdd2e19000 	C:\Program Files (x86)\TeamViewer\tv_x64.dll
0x00007ffde4140000 - 0x00007ffde4283000 	C:\WINDOWS\system32\ole32.dll
0x000000006e4e0000 - 0x0000000070229000 	C:\WINDOWS\SYSTEM32\nvoglv64.DLL
0x00007ffde4550000 - 0x00007ffde4979000 	C:\WINDOWS\system32\SETUPAPI.dll
0x00007ffddf2f0000 - 0x00007ffddf303000 	C:\WINDOWS\SYSTEM32\WTSAPI32.dll
0x00007ffddf9a0000 - 0x00007ffddf9c7000 	C:\WINDOWS\SYSTEM32\DEVOBJ.dll
0x00007ffde1170000 - 0x00007ffde11c5000 	C:\WINDOWS\system32\WINTRUST.dll
0x00007ffde0fa0000 - 0x00007ffde0fb0000 	C:\WINDOWS\system32\MSASN1.dll
0x00007ffde1820000 - 0x00007ffde19e7000 	C:\WINDOWS\system32\CRYPT32.dll
0x00007ffde04d0000 - 0x00007ffde0501000 	C:\WINDOWS\SYSTEM32\ntmarta.dll
0x00007ffde0220000 - 0x00007ffde0276000 	C:\WINDOWS\SYSTEM32\WINSTA.dll
0x00007ffde38a0000 - 0x00007ffde3947000 	C:\WINDOWS\system32\clbcatq.dll
0x00007ffddc360000 - 0x00007ffddc385000 	C:\Program Files (x86)\Samsung\Easy Printer Manager\SmartScreenPrint\CDAKEYMonitor64.dll
0x00007ffde3730000 - 0x00007ffde37f1000 	C:\WINDOWS\system32\OLEAUT32.dll
0x00007ffdb9de0000 - 0x00007ffdb9f6c000 	C:\WINDOWS\SYSTEM32\dbghelp.dll

VM Arguments:
jvm_args: -agentlib:jdwp=transport=dt_socket,address=127.0.0.1:52117,suspend=y,server=n -Djava.library.path=lib/native/ -Dfile.encoding=UTF-8 
java_command: main.Main
java_class_path (initial): C:\Program Files\Java\jdk1.8.0_65\jre\lib\charsets.jar;C:\Program Files\Java\jdk1.8.0_65\jre\lib\deploy.jar;C:\Program Files\Java\jdk1.8.0_65\jre\lib\ext\access-bridge-64.jar;C:\Program Files\Java\jdk1.8.0_65\jre\lib\ext\cldrdata.jar;C:\Program Files\Java\jdk1.8.0_65\jre\lib\ext\dnsns.jar;C:\Program Files\Java\jdk1.8.0_65\jre\lib\ext\jaccess.jar;C:\Program Files\Java\jdk1.8.0_65\jre\lib\ext\jfxrt.jar;C:\Program Files\Java\jdk1.8.0_65\jre\lib\ext\localedata.jar;C:\Program Files\Java\jdk1.8.0_65\jre\lib\ext\nashorn.jar;C:\Program Files\Java\jdk1.8.0_65\jre\lib\ext\sunec.jar;C:\Program Files\Java\jdk1.8.0_65\jre\lib\ext\sunjce_provider.jar;C:\Program Files\Java\jdk1.8.0_65\jre\lib\ext\sunmscapi.jar;C:\Program Files\Java\jdk1.8.0_65\jre\lib\ext\sunpkcs11.jar;C:\Program Files\Java\jdk1.8.0_65\jre\lib\ext\zipfs.jar;C:\Program Files\Java\jdk1.8.0_65\jre\lib\javaws.jar;C:\Program Files\Java\jdk1.8.0_65\jre\lib\jce.jar;C:\Program Files\Java\jdk1.8.0_65\jre\lib\jfr.jar;C:\Program Files\Java\jdk1.8.0_65\jre\lib\jfxswt.jar;C:\Program Files\Java\jdk1.8.0_65\jre\lib\jsse.jar;C:\Program Files\Java\jdk1.8.0_65\jre\lib\management-agent.jar;C:\Program Files\Java\jdk1.8.0_65\jre\lib\plugin.jar;C:\Program Files\Java\jdk1.8.0_65\jre\lib\resources.jar;C:\Program Files\Java\jdk1.8.0_65\jre\lib\rt.jar;D:\Code\Java\Projects\WireEngine20\out\production\WireEngine20;D:\Code\Java\Projects\WireEngine20\lib\jar\lwjgl.jar;D:\Code\Java\Projects\WireEngine20\lib\jar\slick-util.jar;D:\Program Files (x86)\JetBrains\IntelliJ IDEA 2016.1\lib\idea_rt.jar
Launcher Type: SUN_STANDARD

Environment Variables:
JAVA_HOME=C:\Program Files\Java\jdk1.8.0_65
PATH=C:\ProgramData\Oracle\Java\javapath;C:\Program Files (x86)\Razer Chroma SDK\bin;C:\Program Files\Razer Chroma SDK\bin;C:\Program Files (x86)\NVIDIA Corporation\PhysX\Common;C:\Program Files (x86)\Intel\iCLS Client\;C:\Program Files\Intel\iCLS Client\;C:\Windows\system32;C:\Windows;C:\Windows\System32\Wbem;C:\Windows\System32\WindowsPowerShell\v1.0\;C:\Program Files\Intel\Intel(R) Management Engine Components\DAL;C:\Program Files (x86)\Intel\Intel(R) Management Engine Components\DAL;C:\Program Files\Intel\Intel(R) Management Engine Components\IPT;C:\Program Files (x86)\Intel\Intel(R) Management Engine Components\IPT;C:\Program Files\Java\jre1.8.0_65\bin;C:\MinGW\bin;C:\WINDOWS\system32;C:\WINDOWS;C:\WINDOWS\System32\Wbem;C:\WINDOWS\System32\WindowsPowerShell\v1.0\;D:\Program Files (x86)\CMake\bin;D:\Program Files\Programs\Python\Python35-32;D:\Program Files\Programs\Python\Python35-32\Scripts;C:\Program Files (x86)\Skype\Phone\;D:\Program Files\Programs\Python\Python35-32\Scripts\;D:\Program Files\Programs\Python\Python35-32\
USERNAME=Kelan
OS=Windows_NT
PROCESSOR_IDENTIFIER=Intel64 Family 6 Model 60 Stepping 3, GenuineIntel



---------------  S Y S T E M  ---------------

OS: Windows 10.0 , 64 bit Build 10586 (10.0.10586.0)

CPU:total 8 (4 cores per cpu, 2 threads per core) family 6 model 60 stepping 3, cmov, cx8, fxsr, mmx, sse, sse2, sse3, ssse3, sse4.1, sse4.2, popcnt, avx, avx2, aes, clmul, erms, lzcnt, ht, tsc, tscinvbit, bmi1, bmi2

Memory: 4k page, physical 16609500k(2892572k free), swap 33386716k(16170360k free)

vm_info: Java HotSpot(TM) 64-Bit Server VM (25.65-b01) for windows-amd64 JRE (1.8.0_65-b17), built on Oct  6 2015 16:39:20 by "java_re" with MS VC++ 10.0 (VS2010)

time: Tue Apr 12 18:09:03 2016
elapsed time: 5 seconds (0d 0h 0m 5s)

