#
# A fatal error has been detected by the Java Runtime Environment:
#
#  EXCEPTION_ACCESS_VIOLATION (0xc0000005) at pc=0x00007ffd11dd24b9, pid=10100, tid=4712
#
# JRE version: Java(TM) SE Runtime Environment (8.0_65-b17) (build 1.8.0_65-b17)
# Java VM: Java HotSpot(TM) 64-Bit Server VM (25.65-b01 mixed mode windows-amd64 compressed oops)
# Problematic frame:
# C  [glfw.dll+0x24b9]
#
# Failed to write core dump. Minidumps are not enabled by default on client versions of Windows
#
# If you would like to submit a bug report, please visit:
#   http://bugreport.java.com/bugreport/crash.jsp
# The crash happened outside the Java Virtual Machine in native code.
# See problematic frame for where to report the bug.
#

---------------  T H R E A D  ---------------

Current thread (0x000000001e2df000):  JavaThread "CLIENT" [_thread_in_native, id=4712, stack(0x000000001efe0000,0x000000001f0e0000)]

siginfo: ExceptionCode=0xc0000005, reading address 0x0000000000000000

Registers:
RAX=0x0000000000000000, RBX=0x000000001ba90868, RCX=0x0000000000000000, RDX=0x0000000000000000
RSP=0x000000001f0df220, RBP=0x000000001f0df2b0, RSI=0x0000000000000108, RDI=0x000000000044b750
R8 =0x000000001f0df218, R9 =0x000000001f0df2b0, R10=0x0000000000000000, R11=0x0000000000000246
R12=0x0000000000000000, R13=0x000000001f0df2c8, R14=0x000000001f0df2a0, R15=0x000000001e2df000
RIP=0x00007ffd11dd24b9, EFLAGS=0x0000000000010283

Top of Stack: (sp=0x000000001f0df220)
0x000000001f0df220:   0000000000000000 0000000000000108
0x000000001f0df230:   000000001ba35ef0 000000000266d7a0
0x000000001f0df240:   00000000000021d7 0000000002a3e60a
0x000000001f0df250:   000000001ba90868 000000005a88aea4
0x000000001f0df260:   000000001e2df000 000000001e2df000
0x000000001f0df270:   000000001e2df000 0000000000000000
0x000000001f0df280:   000000001e29b470 000000005a815eba
0x000000001f0df290:   000000001f0df988 000000001f0df328
0x000000001f0df2a0:   00000006c2804010 00000000000021d6
0x000000001f0df2b0:   000000001f0df328 0000000002677d8d
0x000000001f0df2c0:   0000000002677d8d 000000000044b750
0x000000001f0df2d0:   00000000026778a0 00007ffd11dd2420
0x000000001f0df2e0:   0000000000000001 000000001f0df2e8
0x000000001f0df2f0:   000000001baae6e4 000000001f0df350
0x000000001f0df300:   000000001bab06c8 0000000000000000
0x000000001f0df310:   000000001baae710 000000001f0df2c8 

Instructions: (pc=0x00007ffd11dd24b9)
0x00007ffd11dd2499:   48 8b cf e8 1f 3a 00 00 48 39 3d f0 d5 02 00 48
0x00007ffd11dd24a9:   8d 0d e9 d5 02 00 48 8b 5c 24 30 74 08 48 8b 09
0x00007ffd11dd24b9:   48 39 39 75 f8 48 8b 07 48 89 01 48 8b cf 48 83
0x00007ffd11dd24c9:   c4 20 5f e9 5b fe 00 00 48 83 c4 20 5f c3 cc cc 


Register to memory mapping:

RAX=0x0000000000000000 is an unknown value
RBX={method} {0x000000001ba90870} 'invokePV' '(JJ)V' in 'org/lwjgl/system/JNI'
RCX=0x0000000000000000 is an unknown value
RDX=0x0000000000000000 is an unknown value
RSP=0x000000001f0df220 is pointing into the stack for thread: 0x000000001e2df000
RBP=0x000000001f0df2b0 is pointing into the stack for thread: 0x000000001e2df000
RSI=0x0000000000000108 is an unknown value
RDI=0x000000000044b750 is an unknown value
R8 =0x000000001f0df218 is pointing into the stack for thread: 0x000000001e2df000
R9 =0x000000001f0df2b0 is pointing into the stack for thread: 0x000000001e2df000
R10=0x0000000000000000 is an unknown value
R11=0x0000000000000246 is an unknown value
R12=0x0000000000000000 is an unknown value
R13=0x000000001f0df2c8 is pointing into the stack for thread: 0x000000001e2df000
R14=0x000000001f0df2a0 is pointing into the stack for thread: 0x000000001e2df000
R15=0x000000001e2df000 is a thread


Stack: [0x000000001efe0000,0x000000001f0e0000],  sp=0x000000001f0df220,  free space=1020k
Native frames: (J=compiled Java code, j=interpreted, Vv=VM code, C=native code)
C  [glfw.dll+0x24b9]
C  0x0000000002a3e60a

Java frames: (J=compiled Java code, j=interpreted, Vv=VM code)
J 785  org.lwjgl.system.JNI.invokePV(JJ)V (0 bytes) @ 0x0000000002a3e584 [0x0000000002a3e540+0x44]
j  org.lwjgl.glfw.GLFW.glfwDestroyCursor(J)V+20
j  main.client.Window.destroyWindow()V+9
j  main.coreEngine.Engine.stop()V+70
j  main.client.Window.update()V+33
J 808 C1 main.client.renderEngine.RenderEngine.render()V (51 bytes) @ 0x0000000002a4d1bc [0x0000000002a4c080+0x113c]
J 791 C1 main.client.ClientThread.tick()V (16 bytes) @ 0x0000000002a4001c [0x0000000002a3fa80+0x59c]
j  main.coreEngine.TickableThread.run()V+469
v  ~StubRoutines::call_stub

---------------  P R O C E S S  ---------------

Java Threads: ( => current thread )
  0x000000001e2df800 JavaThread "SERVER" [_thread_in_Java, id=7164, stack(0x000000001f0e0000,0x000000001f1e0000)]
=>0x000000001e2df000 JavaThread "CLIENT" [_thread_in_native, id=4712, stack(0x000000001efe0000,0x000000001f0e0000)]
  0x000000001e1dd800 JavaThread "Service Thread" daemon [_thread_blocked, id=11744, stack(0x000000001ede0000,0x000000001eee0000)]
  0x000000001e144000 JavaThread "C1 CompilerThread3" daemon [_thread_blocked, id=7308, stack(0x000000001ece0000,0x000000001ede0000)]
  0x000000001e137000 JavaThread "C2 CompilerThread2" daemon [_thread_blocked, id=6368, stack(0x000000001ebe0000,0x000000001ece0000)]
  0x000000001e136000 JavaThread "C2 CompilerThread1" daemon [_thread_blocked, id=3724, stack(0x000000001eae0000,0x000000001ebe0000)]
  0x000000001e13b000 JavaThread "C2 CompilerThread0" daemon [_thread_blocked, id=12848, stack(0x000000001e9e0000,0x000000001eae0000)]
  0x000000001e121000 JavaThread "JDWP Command Reader" daemon [_thread_in_native, id=2600, stack(0x000000001e8e0000,0x000000001e9e0000)]
  0x000000001e120000 JavaThread "JDWP Event Helper Thread" daemon [_thread_blocked, id=9084, stack(0x000000001e7e0000,0x000000001e8e0000)]
  0x000000001c01d800 JavaThread "JDWP Transport Listener: dt_socket" daemon [_thread_blocked, id=11904, stack(0x000000001e6e0000,0x000000001e7e0000)]
  0x000000001e10f800 JavaThread "Attach Listener" daemon [_thread_blocked, id=8520, stack(0x000000001e5e0000,0x000000001e6e0000)]
  0x000000001e10e800 JavaThread "Signal Dispatcher" daemon [_thread_blocked, id=6264, stack(0x000000001e4e0000,0x000000001e5e0000)]
  0x000000000266c800 JavaThread "Finalizer" daemon [_thread_blocked, id=4480, stack(0x000000001df00000,0x000000001e000000)]
  0x0000000002666000 JavaThread "Reference Handler" daemon [_thread_blocked, id=13320, stack(0x000000001de00000,0x000000001df00000)]
  0x0000000000b6e000 JavaThread "main" [_thread_in_Java, id=14064, stack(0x0000000002390000,0x0000000002490000)]

Other Threads:
  0x000000001c009000 VMThread [stack: 0x000000001dd00000,0x000000001de00000] [id=12100]
  0x000000001e1f8800 WatcherThread [stack: 0x000000001eee0000,0x000000001efe0000] [id=9868]

VM state:not at safepoint (normal execution)

VM Mutex/Monitor currently owned by a thread: None

Heap:
 PSYoungGen      total 302080K, used 204263K [0x000000076b800000, 0x0000000792a00000, 0x00000007c0000000)
  eden space 301568K, 67% used [0x000000076b800000,0x0000000777f41d20,0x000000077de80000)
  from space 512K, 43% used [0x0000000792980000,0x00000007929b8000,0x0000000792a00000)
  to   space 2560K, 0% used [0x0000000792500000,0x0000000792500000,0x0000000792780000)
 ParOldGen       total 173568K, used 9156K [0x00000006c2800000, 0x00000006cd180000, 0x000000076b800000)
  object space 173568K, 5% used [0x00000006c2800000,0x00000006c30f1080,0x00000006cd180000)
 Metaspace       used 8346K, capacity 8710K, committed 8960K, reserved 1056768K
  class space    used 658K, capacity 690K, committed 768K, reserved 1048576K

Card table byte_map: [0x0000000011a30000,0x0000000012220000] byte_map_base: 0x000000000e41c000

Marking Bits: (ParMarkBitMap*) 0x000000005af6a5b0
 Begin Bits: [0x0000000012f70000, 0x0000000016ed0000)
 End Bits:   [0x0000000016ed0000, 0x000000001ae30000)

Polling page: 0x0000000000b10000

CodeCache: size=245760Kb used=3980Kb max_used=3991Kb free=241779Kb
 bounds [0x0000000002670000, 0x0000000002a60000, 0x0000000011670000]
 total_blobs=1476 nmethods=820 adapters=577
 compilation: enabled

Compilation events (10 events):
Event: 7.683 Thread 0x000000001e144000  818       3       main.coreEngine.sceneGraph.components.ModelComponent::tick (1 bytes)
Event: 7.683 Thread 0x000000001e144000 nmethod 818 0x0000000002a53510 code [0x0000000002a53660, 0x0000000002a537b0]
Event: 8.311 Thread 0x000000001e13b000  819       4       org.lwjgl.opengl.GL::getCapabilities (26 bytes)
Event: 8.312 Thread 0x000000001e13b000 nmethod 819 0x0000000002a52f90 code [0x0000000002a530e0, 0x0000000002a53258]
Event: 8.744 Thread 0x000000001e137000  820       4       java.nio.DirectIntBufferU::get (16 bytes)
Event: 8.745 Thread 0x000000001e137000 nmethod 820 0x0000000002a52cd0 code [0x0000000002a52e00, 0x0000000002a52eb8]
Event: 8.761 Thread 0x000000001e136000  821       4       org.lwjgl.glfw.GLFW::glfwGetWindowSize (37 bytes)
Event: 8.762 Thread 0x000000001e136000 nmethod 821 0x0000000002a527d0 code [0x0000000002a52920, 0x0000000002a52aa8]
Event: 8.878 Thread 0x000000001e13b000  822       4       java.nio.ByteBuffer::order (48 bytes)
Event: 8.879 Thread 0x000000001e13b000 nmethod 822 0x0000000002a48cd0 code [0x0000000002a48e00, 0x0000000002a48e98]

GC Heap History (10 events):
Event: 7.606 GC heap before
{Heap before GC invocations=26 (full 0):
 PSYoungGen      total 375296K, used 372448K [0x000000076b800000, 0x0000000793100000, 0x00000007c0000000)
  eden space 372224K, 100% used [0x000000076b800000,0x0000000782380000,0x0000000782380000)
  from space 3072K, 7% used [0x0000000792b00000,0x0000000792b38000,0x0000000792e00000)
  to   space 3072K, 0% used [0x0000000792e00000,0x0000000792e00000,0x0000000793100000)
 ParOldGen       total 173568K, used 9076K [0x00000006c2800000, 0x00000006cd180000, 0x000000076b800000)
  object space 173568K, 5% used [0x00000006c2800000,0x00000006c30dd080,0x00000006cd180000)
 Metaspace       used 8338K, capacity 8710K, committed 8960K, reserved 1056768K
  class space    used 658K, capacity 690K, committed 768K, reserved 1048576K
Event: 7.606 GC heap after
Heap after GC invocations=26 (full 0):
 PSYoungGen      total 357376K, used 224K [0x000000076b800000, 0x0000000792e80000, 0x00000007c0000000)
  eden space 356864K, 0% used [0x000000076b800000,0x000000076b800000,0x0000000781480000)
  from space 512K, 43% used [0x0000000792e00000,0x0000000792e38000,0x0000000792e80000)
  to   space 3072K, 0% used [0x0000000792880000,0x0000000792880000,0x0000000792b80000)
 ParOldGen       total 173568K, used 9076K [0x00000006c2800000, 0x00000006cd180000, 0x000000076b800000)
  object space 173568K, 5% used [0x00000006c2800000,0x00000006c30dd080,0x00000006cd180000)
 Metaspace       used 8338K, capacity 8710K, committed 8960K, reserved 1056768K
  class space    used 658K, capacity 690K, committed 768K, reserved 1048576K
}
Event: 7.911 GC heap before
{Heap before GC invocations=27 (full 0):
 PSYoungGen      total 357376K, used 357088K [0x000000076b800000, 0x0000000792e80000, 0x00000007c0000000)
  eden space 356864K, 100% used [0x000000076b800000,0x0000000781480000,0x0000000781480000)
  from space 512K, 43% used [0x0000000792e00000,0x0000000792e38000,0x0000000792e80000)
  to   space 3072K, 0% used [0x0000000792880000,0x0000000792880000,0x0000000792b80000)
 ParOldGen       total 173568K, used 9076K [0x00000006c2800000, 0x00000006cd180000, 0x000000076b800000)
  object space 173568K, 5% used [0x00000006c2800000,0x00000006c30dd080,0x00000006cd180000)
 Metaspace       used 8346K, capacity 8710K, committed 8960K, reserved 1056768K
  class space    used 658K, capacity 690K, committed 768K, reserved 1048576K
Event: 7.912 GC heap after
Heap after GC invocations=27 (full 0):
 PSYoungGen      total 345088K, used 160K [0x000000076b800000, 0x0000000792e80000, 0x00000007c0000000)
  eden space 342016K, 0% used [0x000000076b800000,0x000000076b800000,0x0000000780600000)
  from space 3072K, 5% used [0x0000000792880000,0x00000007928a8000,0x0000000792b80000)
  to   space 3072K, 0% used [0x0000000792b80000,0x0000000792b80000,0x0000000792e80000)
 ParOldGen       total 173568K, used 9076K [0x00000006c2800000, 0x00000006cd180000, 0x000000076b800000)
  object space 173568K, 5% used [0x00000006c2800000,0x00000006c30dd080,0x00000006cd180000)
 Metaspace       used 8346K, capacity 8710K, committed 8960K, reserved 1056768K
  class space    used 658K, capacity 690K, committed 768K, reserved 1048576K
}
Event: 8.164 GC heap before
{Heap before GC invocations=28 (full 0):
 PSYoungGen      total 345088K, used 342176K [0x000000076b800000, 0x0000000792e80000, 0x00000007c0000000)
  eden space 342016K, 100% used [0x000000076b800000,0x0000000780600000,0x0000000780600000)
  from space 3072K, 5% used [0x0000000792880000,0x00000007928a8000,0x0000000792b80000)
  to   space 3072K, 0% used [0x0000000792b80000,0x0000000792b80000,0x0000000792e80000)
 ParOldGen       total 173568K, used 9076K [0x00000006c2800000, 0x00000006cd180000, 0x000000076b800000)
  object space 173568K, 5% used [0x00000006c2800000,0x00000006c30dd080,0x00000006cd180000)
 Metaspace       used 8346K, capacity 8710K, committed 8960K, reserved 1056768K
  class space    used 658K, capacity 690K, committed 768K, reserved 1048576K
Event: 8.164 GC heap after
Heap after GC invocations=28 (full 0):
 PSYoungGen      total 328192K, used 224K [0x000000076b800000, 0x0000000792c00000, 0x00000007c0000000)
  eden space 327680K, 0% used [0x000000076b800000,0x000000076b800000,0x000000077f800000)
  from space 512K, 43% used [0x0000000792b80000,0x0000000792bb8000,0x0000000792c00000)
  to   space 2560K, 0% used [0x0000000792700000,0x0000000792700000,0x0000000792980000)
 ParOldGen       total 173568K, used 9108K [0x00000006c2800000, 0x00000006cd180000, 0x000000076b800000)
  object space 173568K, 5% used [0x00000006c2800000,0x00000006c30e5080,0x00000006cd180000)
 Metaspace       used 8346K, capacity 8710K, committed 8960K, reserved 1056768K
  class space    used 658K, capacity 690K, committed 768K, reserved 1048576K
}
Event: 8.495 GC heap before
{Heap before GC invocations=29 (full 0):
 PSYoungGen      total 328192K, used 327904K [0x000000076b800000, 0x0000000792c00000, 0x00000007c0000000)
  eden space 327680K, 100% used [0x000000076b800000,0x000000077f800000,0x000000077f800000)
  from space 512K, 43% used [0x0000000792b80000,0x0000000792bb8000,0x0000000792c00000)
  to   space 2560K, 0% used [0x0000000792700000,0x0000000792700000,0x0000000792980000)
 ParOldGen       total 173568K, used 9108K [0x00000006c2800000, 0x00000006cd180000, 0x000000076b800000)
  object space 173568K, 5% used [0x00000006c2800000,0x00000006c30e5080,0x00000006cd180000)
 Metaspace       used 8346K, capacity 8710K, committed 8960K, reserved 1056768K
  class space    used 658K, capacity 690K, committed 768K, reserved 1048576K
Event: 8.495 GC heap after
Heap after GC invocations=29 (full 0):
 PSYoungGen      total 316928K, used 192K [0x000000076b800000, 0x0000000792c00000, 0x00000007c0000000)
  eden space 314368K, 0% used [0x000000076b800000,0x000000076b800000,0x000000077eb00000)
  from space 2560K, 7% used [0x0000000792700000,0x0000000792730000,0x0000000792980000)
  to   space 2560K, 0% used [0x0000000792980000,0x0000000792980000,0x0000000792c00000)
 ParOldGen       total 173568K, used 9108K [0x00000006c2800000, 0x00000006cd180000, 0x000000076b800000)
  object space 173568K, 5% used [0x00000006c2800000,0x00000006c30e5080,0x00000006cd180000)
 Metaspace       used 8346K, capacity 8710K, committed 8960K, reserved 1056768K
  class space    used 658K, capacity 690K, committed 768K, reserved 1048576K
}
Event: 8.817 GC heap before
{Heap before GC invocations=30 (full 0):
 PSYoungGen      total 316928K, used 314560K [0x000000076b800000, 0x0000000792c00000, 0x00000007c0000000)
  eden space 314368K, 100% used [0x000000076b800000,0x000000077eb00000,0x000000077eb00000)
  from space 2560K, 7% used [0x0000000792700000,0x0000000792730000,0x0000000792980000)
  to   space 2560K, 0% used [0x0000000792980000,0x0000000792980000,0x0000000792c00000)
 ParOldGen       total 173568K, used 9108K [0x00000006c2800000, 0x00000006cd180000, 0x000000076b800000)
  object space 173568K, 5% used [0x00000006c2800000,0x00000006c30e5080,0x00000006cd180000)
 Metaspace       used 8346K, capacity 8710K, committed 8960K, reserved 1056768K
  class space    used 658K, capacity 690K, committed 768K, reserved 1048576K
Event: 8.818 GC heap after
Heap after GC invocations=30 (full 0):
 PSYoungGen      total 302080K, used 224K [0x000000076b800000, 0x0000000792a00000, 0x00000007c0000000)
  eden space 301568K, 0% used [0x000000076b800000,0x000000076b800000,0x000000077de80000)
  from space 512K, 43% used [0x0000000792980000,0x00000007929b8000,0x0000000792a00000)
  to   space 2560K, 0% used [0x0000000792500000,0x0000000792500000,0x0000000792780000)
 ParOldGen       total 173568K, used 9156K [0x00000006c2800000, 0x00000006cd180000, 0x000000076b800000)
  object space 173568K, 5% used [0x00000006c2800000,0x00000006c30f1080,0x00000006cd180000)
 Metaspace       used 8346K, capacity 8710K, committed 8960K, reserved 1056768K
  class space    used 658K, capacity 690K, committed 768K, reserved 1048576K
}

Deoptimization events (10 events):
Event: 0.837 Thread 0x000000001e2df000 Uncommon trap: reason=array_check action=maybe_recompile pc=0x0000000002932280 method=java.util.AbstractCollection.toArray([Ljava/lang/Object;)[Ljava/lang/Object; @ 119
Event: 0.837 Thread 0x000000001e2df000 Uncommon trap: reason=array_check action=maybe_recompile pc=0x0000000002932280 method=java.util.AbstractCollection.toArray([Ljava/lang/Object;)[Ljava/lang/Object; @ 119
Event: 0.837 Thread 0x000000001e2df000 Uncommon trap: reason=unstable_if action=reinterpret pc=0x00000000029069b0 method=sun.misc.FloatingDecimal.readJavaFormatString(Ljava/lang/String;)Lsun/misc/FloatingDecimal$ASCIIToBinaryConverter; @ 327
Event: 0.923 Thread 0x000000001e2df000 Uncommon trap: reason=unstable_if action=reinterpret pc=0x000000000294e25c method=sun.misc.FloatingDecimal.readJavaFormatString(Ljava/lang/String;)Lsun/misc/FloatingDecimal$ASCIIToBinaryConverter; @ 445
Event: 0.923 Thread 0x000000001e2df000 Uncommon trap: reason=unstable_if action=reinterpret pc=0x000000000293e8a4 method=sun.misc.FloatingDecimal$ASCIIToBinaryBuffer.floatValue()F @ 190
Event: 1.227 Thread 0x000000001e2df000 Uncommon trap: reason=unstable_if action=reinterpret pc=0x00000000029a9948 method=main.client.renderEngine.mesh.Mesh.compile(Ljava/util/List;)Lmain/client/renderEngine/mesh/Mesh; @ 52
Event: 1.280 Thread 0x000000001e2df000 Uncommon trap: reason=unstable_if action=reinterpret pc=0x00000000029e2158 method=main.client.renderEngine.mesh.Mesh.compile(Ljava/util/List;)Lmain/client/renderEngine/mesh/Mesh; @ 536
Event: 1.291 Thread 0x000000001e2df000 Uncommon trap: reason=unstable_if action=reinterpret pc=0x0000000002911c2c method=main.coreEngine.TickableThread.run()V @ 461
Event: 1.299 Thread 0x000000001e2df800 Uncommon trap: reason=unstable_if action=reinterpret pc=0x0000000002911c2c method=main.coreEngine.TickableThread.run()V @ 461
Event: 1.308 Thread 0x0000000000b6e000 Uncommon trap: reason=unstable_if action=reinterpret pc=0x00000000029ae094 method=main.coreEngine.Engine.start()V @ 163

Internal exceptions (8 events):
Event: 0.027 Thread 0x0000000000b6e000 Exception <a 'java/lang/NoSuchMethodError': Method sun.misc.Unsafe.defineClass(Ljava/lang/String;[BII)Ljava/lang/Class; name or signature does not match> (0x000000076b80d8f8) thrown at [C:\workspace\8-2-build-windows-amd64-cygwin\jdk8u65\4987\hotspot\src\sºa	^£¥›?
Event: 0.027 Thread 0x0000000000b6e000 Exception <a 'java/lang/NoSuchMethodError': Method sun.misc.Unsafe.prefetchRead(Ljava/lang/Object;J)V name or signature does not match> (0x000000076b80dbe0) thrown at [C:\workspace\8-2-build-windows-amd64-cygwin\jdk8u65\4987\hotspot\src\share\vm\prims\jni.îwk{¼Ø?
Event: 0.387 Thread 0x000000001e2df000 Implicit null exception at 0x00000000027c2a4f to 0x00000000027c2db1
Event: 0.387 Thread 0x000000001e2df000 Exception <a 'java/security/PrivilegedActionException'> (0x000000076d4c3ca8) thrown at [C:\workspace\8-2-build-windows-amd64-cygwin\jdk8u65\4987\hotspot\src\share\vm\prims\jvm.cpp, line 1386]
Event: 0.387 Thread 0x000000001e2df000 Exception <a 'java/security/PrivilegedActionException'> (0x000000076d4c40a0) thrown at [C:\workspace\8-2-build-windows-amd64-cygwin\jdk8u65\4987\hotspot\src\share\vm\prims\jvm.cpp, line 1386]
Event: 0.388 Thread 0x000000001e2df000 Exception <a 'java/security/PrivilegedActionException'> (0x000000076d4c82b8) thrown at [C:\workspace\8-2-build-windows-amd64-cygwin\jdk8u65\4987\hotspot\src\share\vm\prims\jvm.cpp, line 1386]
Event: 0.388 Thread 0x000000001e2df000 Exception <a 'java/security/PrivilegedActionException'> (0x000000076d4c86b0) thrown at [C:\workspace\8-2-build-windows-amd64-cygwin\jdk8u65\4987\hotspot\src\share\vm\prims\jvm.cpp, line 1386]
Event: 0.694 Thread 0x0000000000b6e000 Implicit null exception at 0x00000000027d6c3c to 0x00000000027d71d9

Events (10 events):
Event: 7.605 Executing VM operation: ParallelGCFailedAllocation
Event: 7.606 Executing VM operation: ParallelGCFailedAllocation done
Event: 7.911 Executing VM operation: ParallelGCFailedAllocation
Event: 7.912 Executing VM operation: ParallelGCFailedAllocation done
Event: 8.164 Executing VM operation: ParallelGCFailedAllocation
Event: 8.164 Executing VM operation: ParallelGCFailedAllocation done
Event: 8.494 Executing VM operation: ParallelGCFailedAllocation
Event: 8.495 Executing VM operation: ParallelGCFailedAllocation done
Event: 8.817 Executing VM operation: ParallelGCFailedAllocation
Event: 8.818 Executing VM operation: ParallelGCFailedAllocation done


Dynamic libraries:
0x00007ff75d350000 - 0x00007ff75d387000 	C:\Program Files\Java\jdk1.8.0_65\bin\java.exe
0x00007ffd2b8f0000 - 0x00007ffd2bab1000 	C:\WINDOWS\SYSTEM32\ntdll.dll
0x00007ffd29160000 - 0x00007ffd2920d000 	C:\WINDOWS\system32\KERNEL32.DLL
0x00007ffd28890000 - 0x00007ffd28a78000 	C:\WINDOWS\system32\KERNELBASE.dll
0x00007ffd296a0000 - 0x00007ffd29747000 	C:\WINDOWS\system32\ADVAPI32.dll
0x00007ffd29430000 - 0x00007ffd294cd000 	C:\WINDOWS\system32\msvcrt.dll
0x00007ffd29510000 - 0x00007ffd2956b000 	C:\WINDOWS\system32\sechost.dll
0x00007ffd29580000 - 0x00007ffd2969c000 	C:\WINDOWS\system32\RPCRT4.dll
0x00007ffd28e50000 - 0x00007ffd28fa6000 	C:\WINDOWS\system32\USER32.dll
0x00007ffd299d0000 - 0x00007ffd29b56000 	C:\WINDOWS\system32\GDI32.dll
0x00007ffd24690000 - 0x00007ffd24904000 	C:\WINDOWS\WinSxS\amd64_microsoft.windows.common-controls_6595b64144ccf1df_6.0.10586.0_none_8c15ae12515e1c22\COMCTL32.dll
0x00007ffd29750000 - 0x00007ffd299cd000 	C:\WINDOWS\system32\combase.dll
0x00007ffd27f80000 - 0x00007ffd27fea000 	C:\WINDOWS\system32\bcryptPrimitives.dll
0x00007ffd294d0000 - 0x00007ffd2950b000 	C:\WINDOWS\system32\IMM32.DLL
0x000000005b5d0000 - 0x000000005b6a2000 	C:\Program Files\Java\jdk1.8.0_65\jre\bin\msvcr100.dll
0x000000005a760000 - 0x000000005afe9000 	C:\Program Files\Java\jdk1.8.0_65\jre\bin\server\jvm.dll
0x00007ffd29b60000 - 0x00007ffd29b68000 	C:\WINDOWS\system32\PSAPI.DLL
0x00007ffd1e6b0000 - 0x00007ffd1e6b9000 	C:\WINDOWS\SYSTEM32\WSOCK32.dll
0x00007ffd26170000 - 0x00007ffd26193000 	C:\WINDOWS\SYSTEM32\WINMM.dll
0x00007ffd249f0000 - 0x00007ffd249fa000 	C:\WINDOWS\SYSTEM32\VERSION.dll
0x00007ffd29cd0000 - 0x00007ffd29d3b000 	C:\WINDOWS\system32\WS2_32.dll
0x00007ffd26110000 - 0x00007ffd2613c000 	C:\WINDOWS\SYSTEM32\WINMMBASE.dll
0x00007ffd28a80000 - 0x00007ffd28ac3000 	C:\WINDOWS\system32\cfgmgr32.dll
0x000000005b5c0000 - 0x000000005b5cf000 	C:\Program Files\Java\jdk1.8.0_65\jre\bin\verify.dll
0x000000005b590000 - 0x000000005b5b9000 	C:\Program Files\Java\jdk1.8.0_65\jre\bin\java.dll
0x000000005b4c0000 - 0x000000005b4f5000 	C:\Program Files\Java\jdk1.8.0_65\jre\bin\jdwp.dll
0x000000005b580000 - 0x000000005b588000 	C:\Program Files\Java\jdk1.8.0_65\jre\bin\npt.dll
0x000000005b540000 - 0x000000005b556000 	C:\Program Files\Java\jdk1.8.0_65\jre\bin\zip.dll
0x00007ffd2a2c0000 - 0x00007ffd2b81c000 	C:\WINDOWS\system32\SHELL32.dll
0x00007ffd28070000 - 0x00007ffd286b5000 	C:\WINDOWS\system32\windows.storage.dll
0x00007ffd2a250000 - 0x00007ffd2a2a2000 	C:\WINDOWS\system32\shlwapi.dll
0x00007ffd27f70000 - 0x00007ffd27f7f000 	C:\WINDOWS\system32\kernel.appcore.dll
0x00007ffd28c10000 - 0x00007ffd28cc5000 	C:\WINDOWS\system32\shcore.dll
0x00007ffd27ef0000 - 0x00007ffd27f3b000 	C:\WINDOWS\system32\powrprof.dll
0x00007ffd27f40000 - 0x00007ffd27f54000 	C:\WINDOWS\system32\profapi.dll
0x000000005b570000 - 0x000000005b579000 	C:\Program Files\Java\jdk1.8.0_65\jre\bin\dt_socket.dll
0x00007ffd27820000 - 0x00007ffd2787c000 	C:\WINDOWS\system32\mswsock.dll
0x00007ffd0c4b0000 - 0x00007ffd0c538000 	D:\Code\Java\Projects\WireEngine20\lib\native\lwjgl.dll
0x00007ffd279f0000 - 0x00007ffd279fb000 	C:\WINDOWS\SYSTEM32\CRYPTBASE.DLL
0x00007ffd0f000000 - 0x00007ffd0f042000 	D:\Code\Java\Projects\WireEngine20\lib\native\jemalloc.dll
0x00007ffd11dd0000 - 0x00007ffd11e08000 	D:\Code\Java\Projects\WireEngine20\lib\native\glfw.dll
0x00007ffd26870000 - 0x00007ffd26906000 	C:\WINDOWS\system32\uxtheme.dll
0x00007ffd25f20000 - 0x00007ffd25f42000 	C:\WINDOWS\SYSTEM32\dwmapi.dll
0x00007ffd18b80000 - 0x00007ffd18ca9000 	C:\WINDOWS\SYSTEM32\opengl32.dll
0x00007ffd18a80000 - 0x00007ffd18b7a000 	C:\WINDOWS\SYSTEM32\DDRAW.dll
0x00007ffd1c880000 - 0x00007ffd1c8ae000 	C:\WINDOWS\SYSTEM32\GLU32.dll
0x00007ffd1d2d0000 - 0x00007ffd1d2d8000 	C:\WINDOWS\SYSTEM32\DCIMAN32.dll
0x00007ffd29b70000 - 0x00007ffd29cca000 	C:\WINDOWS\system32\MSCTF.dll
0x00007ffd15240000 - 0x00007ffd15289000 	C:\Program Files (x86)\TeamViewer\tv_x64.dll
0x00007ffd29210000 - 0x00007ffd29353000 	C:\WINDOWS\system32\ole32.dll
0x0000000058a10000 - 0x000000005a759000 	C:\WINDOWS\SYSTEM32\nvoglv64.DLL
0x00007ffd29d60000 - 0x00007ffd2a189000 	C:\WINDOWS\system32\SETUPAPI.dll
0x00007ffd25f70000 - 0x00007ffd25f83000 	C:\WINDOWS\SYSTEM32\WTSAPI32.dll
0x00007ffd269c0000 - 0x00007ffd269e7000 	C:\WINDOWS\SYSTEM32\DEVOBJ.dll
0x00007ffd27ff0000 - 0x00007ffd28045000 	C:\WINDOWS\system32\WINTRUST.dll
0x00007ffd27f60000 - 0x00007ffd27f70000 	C:\WINDOWS\system32\MSASN1.dll
0x00007ffd286c0000 - 0x00007ffd28887000 	C:\WINDOWS\system32\CRYPT32.dll
0x00007ffd27440000 - 0x00007ffd27471000 	C:\WINDOWS\SYSTEM32\ntmarta.dll
0x00007ffd27190000 - 0x00007ffd271e6000 	C:\WINDOWS\SYSTEM32\WINSTA.dll
0x00007ffd2b840000 - 0x00007ffd2b8e7000 	C:\WINDOWS\system32\clbcatq.dll
0x00007ffd231a0000 - 0x00007ffd231c5000 	C:\Program Files (x86)\Samsung\Easy Printer Manager\SmartScreenPrint\CDAKEYMonitor64.dll
0x00007ffd29360000 - 0x00007ffd29421000 	C:\WINDOWS\system32\OLEAUT32.dll
0x00007ffd238a0000 - 0x00007ffd23a2c000 	C:\WINDOWS\SYSTEM32\dbghelp.dll

VM Arguments:
jvm_args: -agentlib:jdwp=transport=dt_socket,address=127.0.0.1:49224,suspend=y,server=n -Djava.library.path=lib/native/ -Dfile.encoding=UTF-8 
java_command: main.Main
java_class_path (initial): C:\Program Files\Java\jdk1.8.0_65\jre\lib\charsets.jar;C:\Program Files\Java\jdk1.8.0_65\jre\lib\deploy.jar;C:\Program Files\Java\jdk1.8.0_65\jre\lib\ext\access-bridge-64.jar;C:\Program Files\Java\jdk1.8.0_65\jre\lib\ext\cldrdata.jar;C:\Program Files\Java\jdk1.8.0_65\jre\lib\ext\dnsns.jar;C:\Program Files\Java\jdk1.8.0_65\jre\lib\ext\jaccess.jar;C:\Program Files\Java\jdk1.8.0_65\jre\lib\ext\jfxrt.jar;C:\Program Files\Java\jdk1.8.0_65\jre\lib\ext\localedata.jar;C:\Program Files\Java\jdk1.8.0_65\jre\lib\ext\nashorn.jar;C:\Program Files\Java\jdk1.8.0_65\jre\lib\ext\sunec.jar;C:\Program Files\Java\jdk1.8.0_65\jre\lib\ext\sunjce_provider.jar;C:\Program Files\Java\jdk1.8.0_65\jre\lib\ext\sunmscapi.jar;C:\Program Files\Java\jdk1.8.0_65\jre\lib\ext\sunpkcs11.jar;C:\Program Files\Java\jdk1.8.0_65\jre\lib\ext\zipfs.jar;C:\Program Files\Java\jdk1.8.0_65\jre\lib\javaws.jar;C:\Program Files\Java\jdk1.8.0_65\jre\lib\jce.jar;C:\Program Files\Java\jdk1.8.0_65\jre\lib\jfr.jar;C:\Program Files\Java\jdk1.8.0_65\jre\lib\jfxswt.jar;C:\Program Files\Java\jdk1.8.0_65\jre\lib\jsse.jar;C:\Program Files\Java\jdk1.8.0_65\jre\lib\management-agent.jar;C:\Program Files\Java\jdk1.8.0_65\jre\lib\plugin.jar;C:\Program Files\Java\jdk1.8.0_65\jre\lib\resources.jar;C:\Program Files\Java\jdk1.8.0_65\jre\lib\rt.jar;D:\Code\Java\Projects\WireEngine20\out\production\WireEngine20;D:\Code\Java\Projects\WireEngine20\lib\jar\lwjgl.jar;D:\Code\Java\Projects\WireEngine20\lib\jar\slick-util.jar;D:\Program Files (x86)\JetBrains\IntelliJ IDEA 2016.1\lib\idea_rt.jar
Launcher Type: SUN_STANDARD

Environment Variables:
JAVA_HOME=C:\Program Files\Java\jdk1.8.0_65
PATH=C:\ProgramData\Oracle\Java\javapath;C:\Program Files (x86)\Razer Chroma SDK\bin;C:\Program Files\Razer Chroma SDK\bin;C:\Program Files (x86)\NVIDIA Corporation\PhysX\Common;C:\Program Files (x86)\Intel\iCLS Client\;C:\Program Files\Intel\iCLS Client\;C:\Windows\system32;C:\Windows;C:\Windows\System32\Wbem;C:\Windows\System32\WindowsPowerShell\v1.0\;C:\Program Files\Intel\Intel(R) Management Engine Components\DAL;C:\Program Files (x86)\Intel\Intel(R) Management Engine Components\DAL;C:\Program Files\Intel\Intel(R) Management Engine Components\IPT;C:\Program Files (x86)\Intel\Intel(R) Management Engine Components\IPT;C:\Program Files\Java\jre1.8.0_65\bin;C:\MinGW\bin;C:\WINDOWS\system32;C:\WINDOWS;C:\WINDOWS\System32\Wbem;C:\WINDOWS\System32\WindowsPowerShell\v1.0\;D:\Program Files (x86)\CMake\bin;D:\Program Files\Programs\Python\Python35-32;D:\Program Files\Programs\Python\Python35-32\Scripts;C:\Program Files (x86)\Skype\Phone\;D:\Program Files\Programs\Python\Python35-32\Scripts\;D:\Program Files\Programs\Python\Python35-32\
USERNAME=Kelan
OS=Windows_NT
PROCESSOR_IDENTIFIER=Intel64 Family 6 Model 60 Stepping 3, GenuineIntel



---------------  S Y S T E M  ---------------

OS: Windows 10.0 , 64 bit Build 10586 (10.0.10586.0)

CPU:total 8 (4 cores per cpu, 2 threads per core) family 6 model 60 stepping 3, cmov, cx8, fxsr, mmx, sse, sse2, sse3, ssse3, sse4.1, sse4.2, popcnt, avx, avx2, aes, clmul, erms, lzcnt, ht, tsc, tscinvbit, bmi1, bmi2

Memory: 4k page, physical 16609500k(8502220k free), swap 33386716k(22403856k free)

vm_info: Java HotSpot(TM) 64-Bit Server VM (25.65-b01) for windows-amd64 JRE (1.8.0_65-b17), built on Oct  6 2015 16:39:20 by "java_re" with MS VC++ 10.0 (VS2010)

time: Fri Apr 15 22:47:12 2016
elapsed time: 9 seconds (0d 0h 0m 9s)

