#
# A fatal error has been detected by the Java Runtime Environment:
#
#  EXCEPTION_ACCESS_VIOLATION (0xc0000005) at pc=0x00007ffdd3df24b9, pid=9148, tid=6804
#
# JRE version: Java(TM) SE Runtime Environment (8.0_65-b17) (build 1.8.0_65-b17)
# Java VM: Java HotSpot(TM) 64-Bit Server VM (25.65-b01 mixed mode windows-amd64 compressed oops)
# Problematic frame:
# C  [glfw.dll+0x24b9]
#
# Failed to write core dump. Minidumps are not enabled by default on client versions of Windows
#
# If you would like to submit a bug report, please visit:
#   http://bugreport.java.com/bugreport/crash.jsp
# The crash happened outside the Java Virtual Machine in native code.
# See problematic frame for where to report the bug.
#

---------------  T H R E A D  ---------------

Current thread (0x000000001e285800):  JavaThread "CLIENT" [_thread_in_native, id=6804, stack(0x000000001efa0000,0x000000001f0a0000)]

siginfo: ExceptionCode=0xc0000005, reading address 0x0000000000000000

Registers:
RAX=0x0000000000000000, RBX=0x000000001ba76d70, RCX=0x0000000000000000, RDX=0x0000000000000000
RSP=0x000000001f09f050, RBP=0x000000001f09f100, RSI=0x0000000000000108, RDI=0x000000000082cb90
R8 =0x000000001f09f048, R9 =0x000000001f09f100, R10=0x0000000000000000, R11=0x0000000000000246
R12=0x0000000000000000, R13=0x000000001ba76d70, R14=0x000000001f09f138, R15=0x000000001e285800
RIP=0x00007ffdd3df24b9, EFLAGS=0x0000000000010283

Top of Stack: (sp=0x000000001f09f050)
0x000000001f09f050:   000000001e285800 000000001e285800
0x000000001f09f060:   000000001ba90ce0 000000007052d610
0x000000001f09f070:   000000000000022c 000000000267dfcc
0x000000001f09f080:   000000001ba76d70 000000001c001ab0
0x000000001f09f090:   000000000000000e 000000001e285800
0x000000001f09f0a0:   000000001ba90ce0 000000007052aea4
0x000000001f09f0b0:   000000001e285800 000000001e285800
0x000000001f09f0c0:   000000001f09f0c0 0000000000000000
0x000000001f09f0d0:   000000001f09f138 000000001ba77510
0x000000001f09f0e0:   0000000000000000 000000001ba76d70
0x000000001f09f0f0:   0000000000000000 000000001f09f120
0x000000001f09f100:   000000001f09f180 0000000002667d8d
0x000000001f09f110:   00000006c2810190 00000000026742f8
0x000000001f09f120:   000000000082cb90 00000000026678a0
0x000000001f09f130:   00007ffdd3df2420 0000000000000001
0x000000001f09f140:   000000001f09f140 000000001ba90cb4 

Instructions: (pc=0x00007ffdd3df24b9)
0x00007ffdd3df2499:   48 8b cf e8 1f 3a 00 00 48 39 3d f0 d5 02 00 48
0x00007ffdd3df24a9:   8d 0d e9 d5 02 00 48 8b 5c 24 30 74 08 48 8b 09
0x00007ffdd3df24b9:   48 39 39 75 f8 48 8b 07 48 89 01 48 8b cf 48 83
0x00007ffdd3df24c9:   c4 20 5f e9 5b fe 00 00 48 83 c4 20 5f c3 cc cc 


Register to memory mapping:

RAX=0x0000000000000000 is an unknown value
RBX={method} {0x000000001ba76d78} 'invokePV' '(JJ)V' in 'org/lwjgl/system/JNI'
RCX=0x0000000000000000 is an unknown value
RDX=0x0000000000000000 is an unknown value
RSP=0x000000001f09f050 is pointing into the stack for thread: 0x000000001e285800
RBP=0x000000001f09f100 is pointing into the stack for thread: 0x000000001e285800
RSI=0x0000000000000108 is an unknown value
RDI=0x000000000082cb90 is an unknown value
R8 =0x000000001f09f048 is pointing into the stack for thread: 0x000000001e285800
R9 =0x000000001f09f100 is pointing into the stack for thread: 0x000000001e285800
R10=0x0000000000000000 is an unknown value
R11=0x0000000000000246 is an unknown value
R12=0x0000000000000000 is an unknown value
R13={method} {0x000000001ba76d78} 'invokePV' '(JJ)V' in 'org/lwjgl/system/JNI'
R14=0x000000001f09f138 is pointing into the stack for thread: 0x000000001e285800
R15=0x000000001e285800 is a thread


Stack: [0x000000001efa0000,0x000000001f0a0000],  sp=0x000000001f09f050,  free space=1020k
Native frames: (J=compiled Java code, j=interpreted, Vv=VM code, C=native code)
C  [glfw.dll+0x24b9]
C  0x000000000267dfcc

Java frames: (J=compiled Java code, j=interpreted, Vv=VM code)
j  org.lwjgl.system.JNI.invokePV(JJ)V+0
j  org.lwjgl.glfw.GLFW.glfwDestroyCursor(J)V+20
j  main.client.Window.destroyWindow()V+9
j  main.coreEngine.Engine.stop()V+70
j  main.client.Window.update()V+43
j  main.client.renderEngine.RenderEngine.render()V+32
j  main.client.ClientThread.tick()V+12
J 435% C1 main.coreEngine.TickableThread.run()V (481 bytes) @ 0x00000000028bfa5c [0x00000000028bb180+0x48dc]
v  ~StubRoutines::call_stub

---------------  P R O C E S S  ---------------

Java Threads: ( => current thread )
  0x000000001e289000 JavaThread "SERVER" [_thread_in_Java, id=3360, stack(0x000000001f0a0000,0x000000001f1a0000)]
=>0x000000001e285800 JavaThread "CLIENT" [_thread_in_native, id=6804, stack(0x000000001efa0000,0x000000001f0a0000)]
  0x000000001e192000 JavaThread "Service Thread" daemon [_thread_blocked, id=9852, stack(0x000000001eda0000,0x000000001eea0000)]
  0x000000001e103800 JavaThread "C1 CompilerThread3" daemon [_thread_blocked, id=12984, stack(0x000000001eca0000,0x000000001eda0000)]
  0x000000001e0fb000 JavaThread "C2 CompilerThread2" daemon [_thread_blocked, id=10900, stack(0x000000001eba0000,0x000000001eca0000)]
  0x000000001e0fa000 JavaThread "C2 CompilerThread1" daemon [_thread_blocked, id=8732, stack(0x000000001eaa0000,0x000000001eba0000)]
  0x000000001e0fe800 JavaThread "C2 CompilerThread0" daemon [_thread_blocked, id=2424, stack(0x000000001e9a0000,0x000000001eaa0000)]
  0x000000001e0e5000 JavaThread "JDWP Command Reader" daemon [_thread_in_native, id=4228, stack(0x000000001e8a0000,0x000000001e9a0000)]
  0x000000001e0e4000 JavaThread "JDWP Event Helper Thread" daemon [_thread_blocked, id=7604, stack(0x000000001e7a0000,0x000000001e8a0000)]
  0x000000001e0d2000 JavaThread "JDWP Transport Listener: dt_socket" daemon [_thread_blocked, id=5696, stack(0x000000001e6a0000,0x000000001e7a0000)]
  0x000000001e0c8000 JavaThread "Attach Listener" daemon [_thread_blocked, id=8980, stack(0x000000001e5a0000,0x000000001e6a0000)]
  0x000000001e0c6800 JavaThread "Signal Dispatcher" daemon [_thread_blocked, id=12316, stack(0x000000001e4a0000,0x000000001e5a0000)]
  0x000000000258c000 JavaThread "Finalizer" daemon [_thread_blocked, id=13332, stack(0x000000001dec0000,0x000000001dfc0000)]
  0x0000000002585000 JavaThread "Reference Handler" daemon [_thread_blocked, id=596, stack(0x000000001ddc0000,0x000000001dec0000)]
  0x000000000265e000 JavaThread "main" [_thread_in_Java, id=13804, stack(0x0000000002350000,0x0000000002450000)]

Other Threads:
  0x000000001bff9800 VMThread [stack: 0x000000001dcc0000,0x000000001ddc0000] [id=11528]
  0x000000001e1bc000 WatcherThread [stack: 0x000000001eea0000,0x000000001efa0000] [id=13832]

VM state:not at safepoint (normal execution)

VM Mutex/Monitor currently owned by a thread: None

Heap:
 PSYoungGen      total 87040K, used 45421K [0x000000076b800000, 0x000000078a400000, 0x00000007c0000000)
  eden space 86528K, 52% used [0x000000076b800000,0x000000076e453480,0x0000000770c80000)
  from space 512K, 6% used [0x000000078a380000,0x000000078a388000,0x000000078a400000)
  to   space 512K, 0% used [0x000000078a300000,0x000000078a300000,0x000000078a380000)
 ParOldGen       total 173568K, used 1244K [0x00000006c2800000, 0x00000006cd180000, 0x000000076b800000)
  object space 173568K, 0% used [0x00000006c2800000,0x00000006c2937080,0x00000006cd180000)
 Metaspace       used 7980K, capacity 8550K, committed 8704K, reserved 1056768K
  class space    used 642K, capacity 658K, committed 768K, reserved 1048576K

Card table byte_map: [0x0000000011a20000,0x0000000012210000] byte_map_base: 0x000000000e40c000

Marking Bits: (ParMarkBitMap*) 0x0000000070c0a5b0
 Begin Bits: [0x0000000012f60000, 0x0000000016ec0000)
 End Bits:   [0x0000000016ec0000, 0x000000001ae20000)

Polling page: 0x0000000000b90000

CodeCache: size=245760Kb used=2690Kb max_used=2690Kb free=243069Kb
 bounds [0x0000000002660000, 0x0000000002910000, 0x0000000011660000]
 total_blobs=1138 nmethods=495 adapters=564
 compilation: enabled

Compilation events (10 events):
Event: 4.347 Thread 0x000000001e103800  490       1       main.client.ClientThread::getRenderEngine (5 bytes)
Event: 4.347 Thread 0x000000001e103800 nmethod 490 0x00000000028ddd10 code [0x00000000028dde60, 0x00000000028ddf70]
Event: 4.347 Thread 0x000000001e103800  491       1       main.client.renderEngine.RenderEngine$ModelData::getMesh (5 bytes)
Event: 4.348 Thread 0x000000001e103800 nmethod 491 0x00000000028f5750 code [0x00000000028f58a0, 0x00000000028f59b0]
Event: 5.034 Thread 0x000000001e103800  492       3       main.server.ServerThread::tick (9 bytes)
Event: 5.035 Thread 0x000000001e103800 nmethod 492 0x00000000028dfa50 code [0x00000000028dfc40, 0x00000000028e0458]
Event: 5.035 Thread 0x000000001e103800  493       3       main.game.TestGame::onTick (9 bytes)
Event: 5.035 Thread 0x000000001e103800 nmethod 493 0x0000000002901810 code [0x0000000002901980, 0x0000000002901b48]
Event: 5.414 Thread 0x000000001e103800  494       3       org.lwjgl.opengl.GL11::glClearColor (18 bytes)
Event: 5.414 Thread 0x000000001e103800 nmethod 494 0x0000000002901c10 code [0x0000000002901e00, 0x0000000002902518]

GC Heap History (10 events):
Event: 5.262 GC heap before
{Heap before GC invocations=36 (full 0):
 PSYoungGen      total 100352K, used 99424K [0x000000076b800000, 0x000000078a500000, 0x00000007c0000000)
  eden space 99328K, 100% used [0x000000076b800000,0x0000000771900000,0x0000000771900000)
  from space 1024K, 9% used [0x000000078a300000,0x000000078a318000,0x000000078a400000)
  to   space 1024K, 0% used [0x000000078a400000,0x000000078a400000,0x000000078a500000)
 ParOldGen       total 173568K, used 1236K [0x00000006c2800000, 0x00000006cd180000, 0x000000076b800000)
  object space 173568K, 0% used [0x00000006c2800000,0x00000006c2935080,0x00000006cd180000)
 Metaspace       used 7980K, capacity 8550K, committed 8704K, reserved 1056768K
  class space    used 642K, capacity 658K, committed 768K, reserved 1048576K
Event: 5.262 GC heap after
Heap after GC invocations=36 (full 0):
 PSYoungGen      total 97280K, used 64K [0x000000076b800000, 0x000000078a480000, 0x00000007c0000000)
  eden space 96768K, 0% used [0x000000076b800000,0x000000076b800000,0x0000000771680000)
  from space 512K, 12% used [0x000000078a400000,0x000000078a410000,0x000000078a480000)
  to   space 1024K, 0% used [0x000000078a280000,0x000000078a280000,0x000000078a380000)
 ParOldGen       total 173568K, used 1236K [0x00000006c2800000, 0x00000006cd180000, 0x000000076b800000)
  object space 173568K, 0% used [0x00000006c2800000,0x00000006c2935080,0x00000006cd180000)
 Metaspace       used 7980K, capacity 8550K, committed 8704K, reserved 1056768K
  class space    used 642K, capacity 658K, committed 768K, reserved 1048576K
}
Event: 5.342 GC heap before
{Heap before GC invocations=37 (full 0):
 PSYoungGen      total 97280K, used 96832K [0x000000076b800000, 0x000000078a480000, 0x00000007c0000000)
  eden space 96768K, 100% used [0x000000076b800000,0x0000000771680000,0x0000000771680000)
  from space 512K, 12% used [0x000000078a400000,0x000000078a410000,0x000000078a480000)
  to   space 1024K, 0% used [0x000000078a280000,0x000000078a280000,0x000000078a380000)
 ParOldGen       total 173568K, used 1236K [0x00000006c2800000, 0x00000006cd180000, 0x000000076b800000)
  object space 173568K, 0% used [0x00000006c2800000,0x00000006c2935080,0x00000006cd180000)
 Metaspace       used 7980K, capacity 8550K, committed 8704K, reserved 1056768K
  class space    used 642K, capacity 658K, committed 768K, reserved 1048576K
Event: 5.342 GC heap after
Heap after GC invocations=37 (full 0):
 PSYoungGen      total 95232K, used 64K [0x000000076b800000, 0x000000078a480000, 0x00000007c0000000)
  eden space 94208K, 0% used [0x000000076b800000,0x000000076b800000,0x0000000771400000)
  from space 1024K, 6% used [0x000000078a280000,0x000000078a290000,0x000000078a380000)
  to   space 1024K, 0% used [0x000000078a380000,0x000000078a380000,0x000000078a480000)
 ParOldGen       total 173568K, used 1236K [0x00000006c2800000, 0x00000006cd180000, 0x000000076b800000)
  object space 173568K, 0% used [0x00000006c2800000,0x00000006c2935080,0x00000006cd180000)
 Metaspace       used 7980K, capacity 8550K, committed 8704K, reserved 1056768K
  class space    used 642K, capacity 658K, committed 768K, reserved 1048576K
}
Event: 5.420 GC heap before
{Heap before GC invocations=38 (full 0):
 PSYoungGen      total 95232K, used 94272K [0x000000076b800000, 0x000000078a480000, 0x00000007c0000000)
  eden space 94208K, 100% used [0x000000076b800000,0x0000000771400000,0x0000000771400000)
  from space 1024K, 6% used [0x000000078a280000,0x000000078a290000,0x000000078a380000)
  to   space 1024K, 0% used [0x000000078a380000,0x000000078a380000,0x000000078a480000)
 ParOldGen       total 173568K, used 1236K [0x00000006c2800000, 0x00000006cd180000, 0x000000076b800000)
  object space 173568K, 0% used [0x00000006c2800000,0x00000006c2935080,0x00000006cd180000)
 Metaspace       used 7980K, capacity 8550K, committed 8704K, reserved 1056768K
  class space    used 642K, capacity 658K, committed 768K, reserved 1048576K
Event: 5.420 GC heap after
Heap after GC invocations=38 (full 0):
 PSYoungGen      total 92160K, used 96K [0x000000076b800000, 0x000000078a400000, 0x00000007c0000000)
  eden space 91648K, 0% used [0x000000076b800000,0x000000076b800000,0x0000000771180000)
  from space 512K, 18% used [0x000000078a380000,0x000000078a398000,0x000000078a400000)
  to   space 1024K, 0% used [0x000000078a200000,0x000000078a200000,0x000000078a300000)
 ParOldGen       total 173568K, used 1236K [0x00000006c2800000, 0x00000006cd180000, 0x000000076b800000)
  object space 173568K, 0% used [0x00000006c2800000,0x00000006c2935080,0x00000006cd180000)
 Metaspace       used 7980K, capacity 8550K, committed 8704K, reserved 1056768K
  class space    used 642K, capacity 658K, committed 768K, reserved 1048576K
}
Event: 5.497 GC heap before
{Heap before GC invocations=39 (full 0):
 PSYoungGen      total 92160K, used 91744K [0x000000076b800000, 0x000000078a400000, 0x00000007c0000000)
  eden space 91648K, 100% used [0x000000076b800000,0x0000000771180000,0x0000000771180000)
  from space 512K, 18% used [0x000000078a380000,0x000000078a398000,0x000000078a400000)
  to   space 1024K, 0% used [0x000000078a200000,0x000000078a200000,0x000000078a300000)
 ParOldGen       total 173568K, used 1236K [0x00000006c2800000, 0x00000006cd180000, 0x000000076b800000)
  object space 173568K, 0% used [0x00000006c2800000,0x00000006c2935080,0x00000006cd180000)
 Metaspace       used 7980K, capacity 8550K, committed 8704K, reserved 1056768K
  class space    used 642K, capacity 658K, committed 768K, reserved 1048576K
Event: 5.498 GC heap after
Heap after GC invocations=39 (full 0):
 PSYoungGen      total 90112K, used 96K [0x000000076b800000, 0x000000078a400000, 0x00000007c0000000)
  eden space 89088K, 0% used [0x000000076b800000,0x000000076b800000,0x0000000770f00000)
  from space 1024K, 9% used [0x000000078a200000,0x000000078a218000,0x000000078a300000)
  to   space 512K, 0% used [0x000000078a380000,0x000000078a380000,0x000000078a400000)
 ParOldGen       total 173568K, used 1236K [0x00000006c2800000, 0x00000006cd180000, 0x000000076b800000)
  object space 173568K, 0% used [0x00000006c2800000,0x00000006c2935080,0x00000006cd180000)
 Metaspace       used 7980K, capacity 8550K, committed 8704K, reserved 1056768K
  class space    used 642K, capacity 658K, committed 768K, reserved 1048576K
}
Event: 5.570 GC heap before
{Heap before GC invocations=40 (full 0):
 PSYoungGen      total 90112K, used 89184K [0x000000076b800000, 0x000000078a400000, 0x00000007c0000000)
  eden space 89088K, 100% used [0x000000076b800000,0x0000000770f00000,0x0000000770f00000)
  from space 1024K, 9% used [0x000000078a200000,0x000000078a218000,0x000000078a300000)
  to   space 512K, 0% used [0x000000078a380000,0x000000078a380000,0x000000078a400000)
 ParOldGen       total 173568K, used 1236K [0x00000006c2800000, 0x00000006cd180000, 0x000000076b800000)
  object space 173568K, 0% used [0x00000006c2800000,0x00000006c2935080,0x00000006cd180000)
 Metaspace       used 7980K, capacity 8550K, committed 8704K, reserved 1056768K
  class space    used 642K, capacity 658K, committed 768K, reserved 1048576K
Event: 5.570 GC heap after
Heap after GC invocations=40 (full 0):
 PSYoungGen      total 87040K, used 32K [0x000000076b800000, 0x000000078a400000, 0x00000007c0000000)
  eden space 86528K, 0% used [0x000000076b800000,0x000000076b800000,0x0000000770c80000)
  from space 512K, 6% used [0x000000078a380000,0x000000078a388000,0x000000078a400000)
  to   space 512K, 0% used [0x000000078a300000,0x000000078a300000,0x000000078a380000)
 ParOldGen       total 173568K, used 1244K [0x00000006c2800000, 0x00000006cd180000, 0x000000076b800000)
  object space 173568K, 0% used [0x00000006c2800000,0x00000006c2937080,0x00000006cd180000)
 Metaspace       used 7980K, capacity 8550K, committed 8704K, reserved 1056768K
  class space    used 642K, capacity 658K, committed 768K, reserved 1048576K
}

Deoptimization events (10 events):
Event: 0.378 Thread 0x000000001e285800 Uncommon trap: reason=unstable_if action=reinterpret pc=0x00000000027a50c4 method=java.util.HashMap.containsKey(Ljava/lang/Object;)Z @ 9
Event: 0.378 Thread 0x000000001e285800 Uncommon trap: reason=bimorphic action=maybe_recompile pc=0x00000000027a60b4 method=java.util.HashMap.getNode(ILjava/lang/Object;)Ljava/util/HashMap$Node; @ 126
Event: 0.378 Thread 0x000000001e285800 Uncommon trap: reason=bimorphic action=maybe_recompile pc=0x00000000027a60b4 method=java.util.HashMap.getNode(ILjava/lang/Object;)Ljava/util/HashMap$Node; @ 126
Event: 0.383 Thread 0x000000001e285800 Uncommon trap: reason=unstable_if action=reinterpret pc=0x000000000279ee18 method=java.util.HashMap.keySet()Ljava/util/Set; @ 6
Event: 0.759 Thread 0x000000001e285800 Uncommon trap: reason=unstable_if action=reinterpret pc=0x000000000279e044 method=java.util.HashMap.clear()V @ 16
Event: 0.759 Thread 0x000000001e285800 Uncommon trap: reason=unstable_if action=reinterpret pc=0x000000000279d718 method=java.util.HashMap.clear()V @ 16
Event: 0.760 Thread 0x000000000265e000 Uncommon trap: reason=unstable_if action=reinterpret pc=0x00000000027d1180 method=main.coreEngine.TickableThread.invoke(Ljava/lang/String;[Ljava/lang/Object;)V @ 53
Event: 0.760 Thread 0x000000001e289000 Uncommon trap: reason=unstable_if action=reinterpret pc=0x00000000027cfab4 method=main.coreEngine.TickableThread.run()V @ 58
Event: 0.792 Thread 0x000000000265e000 Uncommon trap: reason=unstable_if action=reinterpret pc=0x00000000028d85f0 method=main.coreEngine.Engine.start()V @ 163
Event: 0.867 Thread 0x000000001e289000 Uncommon trap: reason=unstable_if action=reinterpret pc=0x00000000028e46c4 method=main.coreEngine.TickableThread.run()V @ 461

Internal exceptions (9 events):
Event: 0.024 Thread 0x000000000265e000 Exception <a 'java/lang/NoSuchMethodError': Method sun.misc.Unsafe.defineClass(Ljava/lang/String;[BII)Ljava/lang/Class; name or signature does not match> (0x000000076b80d9b8) thrown at [C:\workspace\8-2-build-windows-amd64-cygwin\jdk8u65\4987\hotspot\src\s~aÖê9gò?
Event: 0.024 Thread 0x000000000265e000 Exception <a 'java/lang/NoSuchMethodError': Method sun.misc.Unsafe.prefetchRead(Ljava/lang/Object;J)V name or signature does not match> (0x000000076b80dca0) thrown at [C:\workspace\8-2-build-windows-amd64-cygwin\jdk8u65\4987\hotspot\src\share\vm\prims\jni. €äú.√?
Event: 0.150 Thread 0x000000001e285800 Exception <a 'java/lang/ArrayIndexOutOfBoundsException': -1> (0x000000076ce99a48) thrown at [C:\workspace\8-2-build-windows-amd64-cygwin\jdk8u65\4987\hotspot\src\share\vm\interpreter\interpreterRuntime.cpp, line 366]
Event: 0.378 Thread 0x000000001e285800 Implicit null exception at 0x00000000027a4d19 to 0x00000000027a50b5
Event: 0.378 Thread 0x000000001e285800 Exception <a 'java/security/PrivilegedActionException'> (0x000000076c239810) thrown at [C:\workspace\8-2-build-windows-amd64-cygwin\jdk8u65\4987\hotspot\src\share\vm\prims\jvm.cpp, line 1386]
Event: 0.378 Thread 0x000000001e285800 Exception <a 'java/security/PrivilegedActionException'> (0x000000076c239c08) thrown at [C:\workspace\8-2-build-windows-amd64-cygwin\jdk8u65\4987\hotspot\src\share\vm\prims\jvm.cpp, line 1386]
Event: 0.378 Thread 0x000000001e285800 Exception <a 'java/security/PrivilegedActionException'> (0x000000076c23de20) thrown at [C:\workspace\8-2-build-windows-amd64-cygwin\jdk8u65\4987\hotspot\src\share\vm\prims\jvm.cpp, line 1386]
Event: 0.378 Thread 0x000000001e285800 Exception <a 'java/security/PrivilegedActionException'> (0x000000076c23e218) thrown at [C:\workspace\8-2-build-windows-amd64-cygwin\jdk8u65\4987\hotspot\src\share\vm\prims\jvm.cpp, line 1386]
Event: 0.760 Thread 0x000000000265e000 Implicit null exception at 0x00000000027d0bbc to 0x00000000027d1159

Events (10 events):
Event: 5.262 Executing VM operation: ParallelGCFailedAllocation
Event: 5.263 Executing VM operation: ParallelGCFailedAllocation done
Event: 5.341 Executing VM operation: ParallelGCFailedAllocation
Event: 5.342 Executing VM operation: ParallelGCFailedAllocation done
Event: 5.420 Executing VM operation: ParallelGCFailedAllocation
Event: 5.421 Executing VM operation: ParallelGCFailedAllocation done
Event: 5.497 Executing VM operation: ParallelGCFailedAllocation
Event: 5.498 Executing VM operation: ParallelGCFailedAllocation done
Event: 5.570 Executing VM operation: ParallelGCFailedAllocation
Event: 5.570 Executing VM operation: ParallelGCFailedAllocation done


Dynamic libraries:
0x00007ff7d2c20000 - 0x00007ff7d2c57000 	C:\Program Files\Java\jdk1.8.0_65\bin\java.exe
0x00007ffde4980000 - 0x00007ffde4b41000 	C:\WINDOWS\SYSTEM32\ntdll.dll
0x00007ffde42a0000 - 0x00007ffde434d000 	C:\WINDOWS\system32\KERNEL32.DLL
0x00007ffde19f0000 - 0x00007ffde1bd8000 	C:\WINDOWS\system32\KERNELBASE.dll
0x00007ffde1e70000 - 0x00007ffde1f17000 	C:\WINDOWS\system32\ADVAPI32.dll
0x00007ffde3800000 - 0x00007ffde389d000 	C:\WINDOWS\system32\msvcrt.dll
0x00007ffde1e10000 - 0x00007ffde1e6b000 	C:\WINDOWS\system32\sechost.dll
0x00007ffde3bd0000 - 0x00007ffde3cec000 	C:\WINDOWS\system32\RPCRT4.dll
0x00007ffde3fe0000 - 0x00007ffde4136000 	C:\WINDOWS\system32\USER32.dll
0x00007ffde3cf0000 - 0x00007ffde3e76000 	C:\WINDOWS\system32\GDI32.dll
0x00007ffddd690000 - 0x00007ffddd904000 	C:\WINDOWS\WinSxS\amd64_microsoft.windows.common-controls_6595b64144ccf1df_6.0.10586.0_none_8c15ae12515e1c22\COMCTL32.dll
0x00007ffde3950000 - 0x00007ffde3bcd000 	C:\WINDOWS\system32\combase.dll
0x00007ffde1cf0000 - 0x00007ffde1d5a000 	C:\WINDOWS\system32\bcryptPrimitives.dll
0x00007ffde1dc0000 - 0x00007ffde1dfb000 	C:\WINDOWS\system32\IMM32.DLL
0x0000000070c90000 - 0x0000000070d62000 	C:\Program Files\Java\jdk1.8.0_65\jre\bin\msvcr100.dll
0x0000000070400000 - 0x0000000070c89000 	C:\Program Files\Java\jdk1.8.0_65\jre\bin\server\jvm.dll
0x00007ffde4290000 - 0x00007ffde4298000 	C:\WINDOWS\system32\PSAPI.DLL
0x00007ffdd8550000 - 0x00007ffdd8559000 	C:\WINDOWS\SYSTEM32\WSOCK32.dll
0x00007ffddf730000 - 0x00007ffddf753000 	C:\WINDOWS\SYSTEM32\WINMM.dll
0x00007ffddd9c0000 - 0x00007ffddd9ca000 	C:\WINDOWS\SYSTEM32\VERSION.dll
0x00007ffde4470000 - 0x00007ffde44db000 	C:\WINDOWS\system32\WS2_32.dll
0x00007ffddf6d0000 - 0x00007ffddf6fc000 	C:\WINDOWS\SYSTEM32\WINMMBASE.dll
0x00007ffde1be0000 - 0x00007ffde1c23000 	C:\WINDOWS\system32\cfgmgr32.dll
0x00000000703f0000 - 0x00000000703ff000 	C:\Program Files\Java\jdk1.8.0_65\jre\bin\verify.dll
0x00000000703c0000 - 0x00000000703e9000 	C:\Program Files\Java\jdk1.8.0_65\jre\bin\java.dll
0x0000000070380000 - 0x00000000703b5000 	C:\Program Files\Java\jdk1.8.0_65\jre\bin\jdwp.dll
0x0000000070370000 - 0x0000000070378000 	C:\Program Files\Java\jdk1.8.0_65\jre\bin\npt.dll
0x0000000070350000 - 0x0000000070366000 	C:\Program Files\Java\jdk1.8.0_65\jre\bin\zip.dll
0x00007ffde1f80000 - 0x00007ffde34dc000 	C:\WINDOWS\system32\SHELL32.dll
0x00007ffde11d0000 - 0x00007ffde1815000 	C:\WINDOWS\system32\windows.storage.dll
0x00007ffde36b0000 - 0x00007ffde3702000 	C:\WINDOWS\system32\shlwapi.dll
0x00007ffde0fb0000 - 0x00007ffde0fbf000 	C:\WINDOWS\system32\kernel.appcore.dll
0x00007ffde1c30000 - 0x00007ffde1ce5000 	C:\WINDOWS\system32\shcore.dll
0x00007ffde0fc0000 - 0x00007ffde100b000 	C:\WINDOWS\system32\powrprof.dll
0x00007ffde0f80000 - 0x00007ffde0f94000 	C:\WINDOWS\system32\profapi.dll
0x0000000070340000 - 0x0000000070349000 	C:\Program Files\Java\jdk1.8.0_65\jre\bin\dt_socket.dll
0x00007ffde08b0000 - 0x00007ffde090c000 	C:\WINDOWS\system32\mswsock.dll
0x00007ffdd4590000 - 0x00007ffdd4618000 	D:\Code\Java\Projects\WireEngine20\lib\native\lwjgl.dll
0x00007ffde0a80000 - 0x00007ffde0a8b000 	C:\WINDOWS\SYSTEM32\CRYPTBASE.DLL
0x00007ffdd4190000 - 0x00007ffdd41d2000 	D:\Code\Java\Projects\WireEngine20\lib\native\jemalloc.dll
0x00007ffdd3df0000 - 0x00007ffdd3e28000 	D:\Code\Java\Projects\WireEngine20\lib\native\glfw.dll
0x00007ffddf850000 - 0x00007ffddf8e6000 	C:\WINDOWS\system32\uxtheme.dll
0x00007ffdde650000 - 0x00007ffdde672000 	C:\WINDOWS\SYSTEM32\dwmapi.dll
0x00007ffdc9d10000 - 0x00007ffdc9e39000 	C:\WINDOWS\SYSTEM32\opengl32.dll
0x00007ffdc8ba0000 - 0x00007ffdc8c9a000 	C:\WINDOWS\SYSTEM32\DDRAW.dll
0x00007ffdcc690000 - 0x00007ffdcc6be000 	C:\WINDOWS\SYSTEM32\GLU32.dll
0x00007ffdd3d80000 - 0x00007ffdd3d88000 	C:\WINDOWS\SYSTEM32\DCIMAN32.dll
0x00007ffde3e80000 - 0x00007ffde3fda000 	C:\WINDOWS\system32\MSCTF.dll
0x00007ffdc3f50000 - 0x00007ffdc3f99000 	C:\Program Files (x86)\TeamViewer\tv_x64.dll
0x00007ffde4140000 - 0x00007ffde4283000 	C:\WINDOWS\system32\ole32.dll
0x000000006e5f0000 - 0x0000000070339000 	C:\WINDOWS\SYSTEM32\nvoglv64.DLL
0x00007ffde4550000 - 0x00007ffde4979000 	C:\WINDOWS\system32\SETUPAPI.dll
0x00007ffddf2f0000 - 0x00007ffddf303000 	C:\WINDOWS\SYSTEM32\WTSAPI32.dll
0x00007ffddf9a0000 - 0x00007ffddf9c7000 	C:\WINDOWS\SYSTEM32\DEVOBJ.dll
0x00007ffde1170000 - 0x00007ffde11c5000 	C:\WINDOWS\system32\WINTRUST.dll
0x00007ffde0fa0000 - 0x00007ffde0fb0000 	C:\WINDOWS\system32\MSASN1.dll
0x00007ffde1820000 - 0x00007ffde19e7000 	C:\WINDOWS\system32\CRYPT32.dll
0x00007ffde04d0000 - 0x00007ffde0501000 	C:\WINDOWS\SYSTEM32\ntmarta.dll
0x00007ffde0220000 - 0x00007ffde0276000 	C:\WINDOWS\SYSTEM32\WINSTA.dll
0x00007ffde38a0000 - 0x00007ffde3947000 	C:\WINDOWS\system32\clbcatq.dll
0x00007ffdb9de0000 - 0x00007ffdb9f6c000 	C:\WINDOWS\SYSTEM32\dbghelp.dll

VM Arguments:
jvm_args: -agentlib:jdwp=transport=dt_socket,address=127.0.0.1:62524,suspend=y,server=n -Djava.library.path=lib/native/ -Dfile.encoding=UTF-8 
java_command: main.Main
java_class_path (initial): C:\Program Files\Java\jdk1.8.0_65\jre\lib\charsets.jar;C:\Program Files\Java\jdk1.8.0_65\jre\lib\deploy.jar;C:\Program Files\Java\jdk1.8.0_65\jre\lib\ext\access-bridge-64.jar;C:\Program Files\Java\jdk1.8.0_65\jre\lib\ext\cldrdata.jar;C:\Program Files\Java\jdk1.8.0_65\jre\lib\ext\dnsns.jar;C:\Program Files\Java\jdk1.8.0_65\jre\lib\ext\jaccess.jar;C:\Program Files\Java\jdk1.8.0_65\jre\lib\ext\jfxrt.jar;C:\Program Files\Java\jdk1.8.0_65\jre\lib\ext\localedata.jar;C:\Program Files\Java\jdk1.8.0_65\jre\lib\ext\nashorn.jar;C:\Program Files\Java\jdk1.8.0_65\jre\lib\ext\sunec.jar;C:\Program Files\Java\jdk1.8.0_65\jre\lib\ext\sunjce_provider.jar;C:\Program Files\Java\jdk1.8.0_65\jre\lib\ext\sunmscapi.jar;C:\Program Files\Java\jdk1.8.0_65\jre\lib\ext\sunpkcs11.jar;C:\Program Files\Java\jdk1.8.0_65\jre\lib\ext\zipfs.jar;C:\Program Files\Java\jdk1.8.0_65\jre\lib\javaws.jar;C:\Program Files\Java\jdk1.8.0_65\jre\lib\jce.jar;C:\Program Files\Java\jdk1.8.0_65\jre\lib\jfr.jar;C:\Program Files\Java\jdk1.8.0_65\jre\lib\jfxswt.jar;C:\Program Files\Java\jdk1.8.0_65\jre\lib\jsse.jar;C:\Program Files\Java\jdk1.8.0_65\jre\lib\management-agent.jar;C:\Program Files\Java\jdk1.8.0_65\jre\lib\plugin.jar;C:\Program Files\Java\jdk1.8.0_65\jre\lib\resources.jar;C:\Program Files\Java\jdk1.8.0_65\jre\lib\rt.jar;D:\Code\Java\Projects\WireEngine20\out\production\WireEngine20;D:\Code\Java\Projects\WireEngine20\lib\jar\lwjgl.jar;D:\Program Files (x86)\JetBrains\IntelliJ IDEA 2016.1\lib\idea_rt.jar
Launcher Type: SUN_STANDARD

Environment Variables:
JAVA_HOME=C:\Program Files\Java\jdk1.8.0_65
PATH=C:\ProgramData\Oracle\Java\javapath;C:\Program Files (x86)\Razer Chroma SDK\bin;C:\Program Files\Razer Chroma SDK\bin;C:\Program Files (x86)\NVIDIA Corporation\PhysX\Common;C:\Program Files (x86)\Intel\iCLS Client\;C:\Program Files\Intel\iCLS Client\;C:\Windows\system32;C:\Windows;C:\Windows\System32\Wbem;C:\Windows\System32\WindowsPowerShell\v1.0\;C:\Program Files\Intel\Intel(R) Management Engine Components\DAL;C:\Program Files (x86)\Intel\Intel(R) Management Engine Components\DAL;C:\Program Files\Intel\Intel(R) Management Engine Components\IPT;C:\Program Files (x86)\Intel\Intel(R) Management Engine Components\IPT;C:\Program Files\Java\jre1.8.0_65\bin;C:\MinGW\bin;C:\WINDOWS\system32;C:\WINDOWS;C:\WINDOWS\System32\Wbem;C:\WINDOWS\System32\WindowsPowerShell\v1.0\;D:\Program Files (x86)\CMake\bin;D:\Program Files\Programs\Python\Python35-32;D:\Program Files\Programs\Python\Python35-32\Scripts;C:\Program Files (x86)\Skype\Phone\;D:\Program Files\Programs\Python\Python35-32\Scripts\;D:\Program Files\Programs\Python\Python35-32\
USERNAME=Kelan
OS=Windows_NT
PROCESSOR_IDENTIFIER=Intel64 Family 6 Model 60 Stepping 3, GenuineIntel



---------------  S Y S T E M  ---------------

OS: Windows 10.0 , 64 bit Build 10586 (10.0.10586.0)

CPU:total 8 (4 cores per cpu, 2 threads per core) family 6 model 60 stepping 3, cmov, cx8, fxsr, mmx, sse, sse2, sse3, ssse3, sse4.1, sse4.2, popcnt, avx, avx2, aes, clmul, erms, lzcnt, ht, tsc, tscinvbit, bmi1, bmi2

Memory: 4k page, physical 16609500k(4902384k free), swap 33386716k(18958008k free)

vm_info: Java HotSpot(TM) 64-Bit Server VM (25.65-b01) for windows-amd64 JRE (1.8.0_65-b17), built on Oct  6 2015 16:39:20 by "java_re" with MS VC++ 10.0 (VS2010)

time: Sat Apr 09 19:03:35 2016
elapsed time: 5 seconds (0d 0h 0m 5s)

