#
# A fatal error has been detected by the Java Runtime Environment:
#
#  EXCEPTION_ACCESS_VIOLATION (0xc0000005) at pc=0x00007ffdd9dc24b9, pid=5268, tid=5400
#
# JRE version: Java(TM) SE Runtime Environment (8.0_65-b17) (build 1.8.0_65-b17)
# Java VM: Java HotSpot(TM) 64-Bit Server VM (25.65-b01 mixed mode windows-amd64 compressed oops)
# Problematic frame:
# C  [glfw.dll+0x24b9]
#
# Failed to write core dump. Minidumps are not enabled by default on client versions of Windows
#
# If you would like to submit a bug report, please visit:
#   http://bugreport.java.com/bugreport/crash.jsp
# The crash happened outside the Java Virtual Machine in native code.
# See problematic frame for where to report the bug.
#

---------------  T H R E A D  ---------------

Current thread (0x000000001e232000):  JavaThread "CLIENT" [_thread_in_native, id=5400, stack(0x000000001ef50000,0x000000001f050000)]

siginfo: ExceptionCode=0xc0000005, reading address 0x0000000000000000

Registers:
RAX=0x0000000000000000, RBX=0x000000001ba2d260, RCX=0x0000000000000000, RDX=0x0000000000000000
RSP=0x000000001f04f2a0, RBP=0x000000001f04f330, RSI=0x0000000000000108, RDI=0x000000000052c780
R8 =0x000000001f04f298, R9 =0x000000001f04f330, R10=0x0000000000000000, R11=0x0000000000000246
R12=0x0000000000000000, R13=0x000000001f04f348, R14=0x000000001f04f320, R15=0x000000001e232000
RIP=0x00007ffdd9dc24b9, EFLAGS=0x0000000000010283

Top of Stack: (sp=0x000000001f04f2a0)
0x000000001f04f2a0:   0000000000000000 0000000000000108
0x000000001f04f2b0:   000000001b9d25c8 000000001bfb1330
0x000000001f04f2c0:   00000000000004c3 00000000028cb78a
0x000000001f04f2d0:   000000001ba2d260 000000007052aea4
0x000000001f04f2e0:   000000001e232000 000000001e232000
0x000000001f04f2f0:   000000001e232000 0000000000000000
0x000000001f04f300:   000000001e204400 00000000704b5eba
0x000000001f04f310:   000000001f04f9a8 000000001f04f3a8
0x000000001f04f320:   00000006c28042c0 00000000000004c2
0x000000001f04f330:   000000001f04f3a8 0000000002617d8d
0x000000001f04f340:   0000000002617d8d 000000000052c780
0x000000001f04f350:   00000000026178a0 00007ffdd9dc2420
0x000000001f04f360:   0000000000000001 000000001f04f368
0x000000001f04f370:   000000001ba47054 000000001f04f3d0
0x000000001f04f380:   000000001ba49018 0000000000000000
0x000000001f04f390:   000000001ba47080 000000001f04f348 

Instructions: (pc=0x00007ffdd9dc24b9)
0x00007ffdd9dc2499:   48 8b cf e8 1f 3a 00 00 48 39 3d f0 d5 02 00 48
0x00007ffdd9dc24a9:   8d 0d e9 d5 02 00 48 8b 5c 24 30 74 08 48 8b 09
0x00007ffdd9dc24b9:   48 39 39 75 f8 48 8b 07 48 89 01 48 8b cf 48 83
0x00007ffdd9dc24c9:   c4 20 5f e9 5b fe 00 00 48 83 c4 20 5f c3 cc cc 


Register to memory mapping:

RAX=0x0000000000000000 is an unknown value
RBX={method} {0x000000001ba2d268} 'invokePV' '(JJ)V' in 'org/lwjgl/system/JNI'
RCX=0x0000000000000000 is an unknown value
RDX=0x0000000000000000 is an unknown value
RSP=0x000000001f04f2a0 is pointing into the stack for thread: 0x000000001e232000
RBP=0x000000001f04f330 is pointing into the stack for thread: 0x000000001e232000
RSI=0x0000000000000108 is an unknown value
RDI=0x000000000052c780 is an unknown value
R8 =0x000000001f04f298 is pointing into the stack for thread: 0x000000001e232000
R9 =0x000000001f04f330 is pointing into the stack for thread: 0x000000001e232000
R10=0x0000000000000000 is an unknown value
R11=0x0000000000000246 is an unknown value
R12=0x0000000000000000 is an unknown value
R13=0x000000001f04f348 is pointing into the stack for thread: 0x000000001e232000
R14=0x000000001f04f320 is pointing into the stack for thread: 0x000000001e232000
R15=0x000000001e232000 is a thread


Stack: [0x000000001ef50000,0x000000001f050000],  sp=0x000000001f04f2a0,  free space=1020k
Native frames: (J=compiled Java code, j=interpreted, Vv=VM code, C=native code)
C  [glfw.dll+0x24b9]
C  0x00000000028cb78a

Java frames: (J=compiled Java code, j=interpreted, Vv=VM code)
J 567  org.lwjgl.system.JNI.invokePV(JJ)V (0 bytes) @ 0x00000000028cb704 [0x00000000028cb6c0+0x44]
j  org.lwjgl.glfw.GLFW.glfwDestroyCursor(J)V+20
j  main.client.Window.destroyWindow()V+9
j  main.coreEngine.Engine.stop()V+70
j  main.client.Window.update()V+43
j  main.client.renderEngine.RenderEngine.render()V+32
J 571 C1 main.client.ClientThread.tick()V (64 bytes) @ 0x00000000028cd934 [0x00000000028cd400+0x534]
J 447% C1 main.coreEngine.TickableThread.run()V (481 bytes) @ 0x000000000286abdc [0x0000000002866300+0x48dc]
v  ~StubRoutines::call_stub

---------------  P R O C E S S  ---------------

Java Threads: ( => current thread )
  0x000000001e232800 JavaThread "SERVER" [_thread_in_Java, id=6732, stack(0x000000001f050000,0x000000001f150000)]
=>0x000000001e232000 JavaThread "CLIENT" [_thread_in_native, id=5400, stack(0x000000001ef50000,0x000000001f050000)]
  0x000000001e13d800 JavaThread "Service Thread" daemon [_thread_blocked, id=13280, stack(0x000000001ed50000,0x000000001ee50000)]
  0x000000001e0b2800 JavaThread "C1 CompilerThread3" daemon [_thread_blocked, id=2036, stack(0x000000001ec50000,0x000000001ed50000)]
  0x000000001e0aa000 JavaThread "C2 CompilerThread2" daemon [_thread_blocked, id=13740, stack(0x000000001eb50000,0x000000001ec50000)]
  0x000000001e0a9000 JavaThread "C2 CompilerThread1" daemon [_thread_blocked, id=7316, stack(0x000000001ea50000,0x000000001eb50000)]
  0x000000001e0ad800 JavaThread "C2 CompilerThread0" daemon [_thread_blocked, id=896, stack(0x000000001e950000,0x000000001ea50000)]
  0x000000001e093800 JavaThread "JDWP Command Reader" daemon [_thread_in_native, id=9008, stack(0x000000001e850000,0x000000001e950000)]
  0x000000001e08e800 JavaThread "JDWP Event Helper Thread" daemon [_thread_blocked, id=796, stack(0x000000001e750000,0x000000001e850000)]
  0x000000001e08c800 JavaThread "JDWP Transport Listener: dt_socket" daemon [_thread_blocked, id=12888, stack(0x000000001e650000,0x000000001e750000)]
  0x000000001e077000 JavaThread "Attach Listener" daemon [_thread_blocked, id=4440, stack(0x000000001e550000,0x000000001e650000)]
  0x000000001e076000 JavaThread "Signal Dispatcher" daemon [_thread_blocked, id=6132, stack(0x000000001e450000,0x000000001e550000)]
  0x000000000260b000 JavaThread "Finalizer" daemon [_thread_blocked, id=8048, stack(0x000000001de70000,0x000000001df70000)]
  0x000000001bfad000 JavaThread "Reference Handler" daemon [_thread_blocked, id=1876, stack(0x000000001dd70000,0x000000001de70000)]
  0x000000000250e000 JavaThread "main" [_thread_blocked, id=7152, stack(0x0000000002380000,0x0000000002480000)]

Other Threads:
  0x000000001bfa8800 VMThread [stack: 0x000000001dc70000,0x000000001dd70000] [id=6848]
  0x000000001e163000 WatcherThread [stack: 0x000000001ee50000,0x000000001ef50000] [id=13608]

VM state:at safepoint (normal execution)

VM Mutex/Monitor currently owned by a thread:  ([mutex/lock_event])
[0x000000000250d4b0] Threads_lock - owner thread: 0x000000001bfa8800
[0x000000000250db30] Heap_lock - owner thread: 0x000000001e232800

Heap:
 PSYoungGen      total 97280K, used 96896K [0x000000076b800000, 0x000000078a480000, 0x00000007c0000000)
  eden space 96768K, 100% used [0x000000076b800000,0x0000000771680000,0x0000000771680000)
  from space 512K, 25% used [0x000000078a400000,0x000000078a420000,0x000000078a480000)
  to   space 1024K, 6% used [0x000000078a280000,0x000000078a290000,0x000000078a380000)
 ParOldGen       total 173568K, used 1280K [0x00000006c2800000, 0x00000006cd180000, 0x000000076b800000)
  object space 173568K, 0% used [0x00000006c2800000,0x00000006c2940070,0x00000006cd180000)
 Metaspace       used 8072K, capacity 8614K, committed 8960K, reserved 1056768K
  class space    used 644K, capacity 658K, committed 768K, reserved 1048576K

Card table byte_map: [0x00000000119d0000,0x00000000121c0000] byte_map_base: 0x000000000e3bc000

Marking Bits: (ParMarkBitMap*) 0x0000000070c0a5b0
 Begin Bits: [0x0000000012f10000, 0x0000000016e70000)
 End Bits:   [0x0000000016e70000, 0x000000001add0000)

Polling page: 0x0000000000b90000

CodeCache: size=245760Kb used=2824Kb max_used=2824Kb free=242935Kb
 bounds [0x0000000002610000, 0x00000000028e0000, 0x0000000011610000]
 total_blobs=1223 nmethods=577 adapters=567
 compilation: enabled

Compilation events (10 events):
Event: 5.095 Thread 0x000000001e0b2800  573       3       main.server.ServerThread::tick (9 bytes)
Event: 5.095 Thread 0x000000001e0b2800 nmethod 573 0x00000000028d0710 code [0x00000000028d0940, 0x00000000028d1448]
Event: 5.095 Thread 0x000000001e0b2800  574       3       main.game.TestGame::onTick (31 bytes)
Event: 5.095 Thread 0x000000001e0b2800 nmethod 574 0x00000000028d1ad0 code [0x00000000028d1c80, 0x00000000028d2138]
Event: 5.107 Thread 0x000000001e0b2800  575       3       org.lwjgl.glfw.GLFW::glfwPollEvents (15 bytes)
Event: 5.107 Thread 0x000000001e0b2800 nmethod 575 0x00000000028d2410 code [0x00000000028d2580, 0x00000000028d27c8]
Event: 5.107 Thread 0x000000001e0b2800  577       3       main.client.Window::isCloseRequested (16 bytes)
Event: 5.108 Thread 0x000000001e0b2800 nmethod 577 0x00000000028d2c50 code [0x00000000028d2e00, 0x00000000028d3238]
Event: 5.108 Thread 0x000000001e0b2800  578       3       org.lwjgl.glfw.GLFW::glfwWindowShouldClose (24 bytes)
Event: 5.108 Thread 0x000000001e0b2800 nmethod 578 0x00000000028d3490 code [0x00000000028d3620, 0x00000000028d3978]

GC Heap History (10 events):
Event: 4.787 GC heap before
{Heap before GC invocations=32 (full 0):
 PSYoungGen      total 112640K, used 111744K [0x000000076b800000, 0x000000078a600000, 0x00000007c0000000)
  eden space 111616K, 100% used [0x000000076b800000,0x0000000772500000,0x0000000772500000)
  from space 1024K, 12% used [0x000000078a400000,0x000000078a420000,0x000000078a500000)
  to   space 1024K, 0% used [0x000000078a500000,0x000000078a500000,0x000000078a600000)
 ParOldGen       total 173568K, used 1272K [0x00000006c2800000, 0x00000006cd180000, 0x000000076b800000)
  object space 173568K, 0% used [0x00000006c2800000,0x00000006c293e070,0x00000006cd180000)
 Metaspace       used 8063K, capacity 8614K, committed 8960K, reserved 1056768K
  class space    used 644K, capacity 658K, committed 768K, reserved 1048576K
Event: 4.788 GC heap after
Heap after GC invocations=32 (full 0):
 PSYoungGen      total 109056K, used 160K [0x000000076b800000, 0x000000078a580000, 0x00000007c0000000)
  eden space 108544K, 0% used [0x000000076b800000,0x000000076b800000,0x0000000772200000)
  from space 512K, 31% used [0x000000078a500000,0x000000078a528000,0x000000078a580000)
  to   space 1024K, 0% used [0x000000078a380000,0x000000078a380000,0x000000078a480000)
 ParOldGen       total 173568K, used 1272K [0x00000006c2800000, 0x00000006cd180000, 0x000000076b800000)
  object space 173568K, 0% used [0x00000006c2800000,0x00000006c293e070,0x00000006cd180000)
 Metaspace       used 8063K, capacity 8614K, committed 8960K, reserved 1056768K
  class space    used 644K, capacity 658K, committed 768K, reserved 1048576K
}
Event: 4.905 GC heap before
{Heap before GC invocations=33 (full 0):
 PSYoungGen      total 109056K, used 108704K [0x000000076b800000, 0x000000078a580000, 0x00000007c0000000)
  eden space 108544K, 100% used [0x000000076b800000,0x0000000772200000,0x0000000772200000)
  from space 512K, 31% used [0x000000078a500000,0x000000078a528000,0x000000078a580000)
  to   space 1024K, 0% used [0x000000078a380000,0x000000078a380000,0x000000078a480000)
 ParOldGen       total 173568K, used 1272K [0x00000006c2800000, 0x00000006cd180000, 0x000000076b800000)
  object space 173568K, 0% used [0x00000006c2800000,0x00000006c293e070,0x00000006cd180000)
 Metaspace       used 8064K, capacity 8614K, committed 8960K, reserved 1056768K
  class space    used 644K, capacity 658K, committed 768K, reserved 1048576K
Event: 4.905 GC heap after
Heap after GC invocations=33 (full 0):
 PSYoungGen      total 106496K, used 160K [0x000000076b800000, 0x000000078a580000, 0x00000007c0000000)
  eden space 105472K, 0% used [0x000000076b800000,0x000000076b800000,0x0000000771f00000)
  from space 1024K, 15% used [0x000000078a380000,0x000000078a3a8000,0x000000078a480000)
  to   space 1024K, 0% used [0x000000078a480000,0x000000078a480000,0x000000078a580000)
 ParOldGen       total 173568K, used 1272K [0x00000006c2800000, 0x00000006cd180000, 0x000000076b800000)
  object space 173568K, 0% used [0x00000006c2800000,0x00000006c293e070,0x00000006cd180000)
 Metaspace       used 8064K, capacity 8614K, committed 8960K, reserved 1056768K
  class space    used 644K, capacity 658K, committed 768K, reserved 1048576K
}
Event: 5.008 GC heap before
{Heap before GC invocations=34 (full 0):
 PSYoungGen      total 106496K, used 105632K [0x000000076b800000, 0x000000078a580000, 0x00000007c0000000)
  eden space 105472K, 100% used [0x000000076b800000,0x0000000771f00000,0x0000000771f00000)
  from space 1024K, 15% used [0x000000078a380000,0x000000078a3a8000,0x000000078a480000)
  to   space 1024K, 0% used [0x000000078a480000,0x000000078a480000,0x000000078a580000)
 ParOldGen       total 173568K, used 1272K [0x00000006c2800000, 0x00000006cd180000, 0x000000076b800000)
  object space 173568K, 0% used [0x00000006c2800000,0x00000006c293e070,0x00000006cd180000)
 Metaspace       used 8064K, capacity 8614K, committed 8960K, reserved 1056768K
  class space    used 644K, capacity 658K, committed 768K, reserved 1048576K
Event: 5.009 GC heap after
Heap after GC invocations=34 (full 0):
 PSYoungGen      total 102912K, used 128K [0x000000076b800000, 0x000000078a500000, 0x00000007c0000000)
  eden space 102400K, 0% used [0x000000076b800000,0x000000076b800000,0x0000000771c00000)
  from space 512K, 25% used [0x000000078a480000,0x000000078a4a0000,0x000000078a500000)
  to   space 1024K, 0% used [0x000000078a300000,0x000000078a300000,0x000000078a400000)
 ParOldGen       total 173568K, used 1272K [0x00000006c2800000, 0x00000006cd180000, 0x000000076b800000)
  object space 173568K, 0% used [0x00000006c2800000,0x00000006c293e070,0x00000006cd180000)
 Metaspace       used 8064K, capacity 8614K, committed 8960K, reserved 1056768K
  class space    used 644K, capacity 658K, committed 768K, reserved 1048576K
}
Event: 5.123 GC heap before
{Heap before GC invocations=35 (full 0):
 PSYoungGen      total 102912K, used 102528K [0x000000076b800000, 0x000000078a500000, 0x00000007c0000000)
  eden space 102400K, 100% used [0x000000076b800000,0x0000000771c00000,0x0000000771c00000)
  from space 512K, 25% used [0x000000078a480000,0x000000078a4a0000,0x000000078a500000)
  to   space 1024K, 0% used [0x000000078a300000,0x000000078a300000,0x000000078a400000)
 ParOldGen       total 173568K, used 1272K [0x00000006c2800000, 0x00000006cd180000, 0x000000076b800000)
  object space 173568K, 0% used [0x00000006c2800000,0x00000006c293e070,0x00000006cd180000)
 Metaspace       used 8072K, capacity 8614K, committed 8960K, reserved 1056768K
  class space    used 644K, capacity 658K, committed 768K, reserved 1048576K
Event: 5.123 GC heap after
Heap after GC invocations=35 (full 0):
 PSYoungGen      total 100352K, used 160K [0x000000076b800000, 0x000000078a500000, 0x00000007c0000000)
  eden space 99328K, 0% used [0x000000076b800000,0x000000076b800000,0x0000000771900000)
  from space 1024K, 15% used [0x000000078a300000,0x000000078a328000,0x000000078a400000)
  to   space 1024K, 0% used [0x000000078a400000,0x000000078a400000,0x000000078a500000)
 ParOldGen       total 173568K, used 1272K [0x00000006c2800000, 0x00000006cd180000, 0x000000076b800000)
  object space 173568K, 0% used [0x00000006c2800000,0x00000006c293e070,0x00000006cd180000)
 Metaspace       used 8072K, capacity 8614K, committed 8960K, reserved 1056768K
  class space    used 644K, capacity 658K, committed 768K, reserved 1048576K
}
Event: 5.232 GC heap before
{Heap before GC invocations=36 (full 0):
 PSYoungGen      total 100352K, used 99488K [0x000000076b800000, 0x000000078a500000, 0x00000007c0000000)
  eden space 99328K, 100% used [0x000000076b800000,0x0000000771900000,0x0000000771900000)
  from space 1024K, 15% used [0x000000078a300000,0x000000078a328000,0x000000078a400000)
  to   space 1024K, 0% used [0x000000078a400000,0x000000078a400000,0x000000078a500000)
 ParOldGen       total 173568K, used 1272K [0x00000006c2800000, 0x00000006cd180000, 0x000000076b800000)
  object space 173568K, 0% used [0x00000006c2800000,0x00000006c293e070,0x00000006cd180000)
 Metaspace       used 8072K, capacity 8614K, committed 8960K, reserved 1056768K
  class space    used 644K, capacity 658K, committed 768K, reserved 1048576K
Event: 5.232 GC heap after
Heap after GC invocations=36 (full 0):
 PSYoungGen      total 97280K, used 128K [0x000000076b800000, 0x000000078a480000, 0x00000007c0000000)
  eden space 96768K, 0% used [0x000000076b800000,0x000000076b800000,0x0000000771680000)
  from space 512K, 25% used [0x000000078a400000,0x000000078a420000,0x000000078a480000)
  to   space 1024K, 0% used [0x000000078a280000,0x000000078a280000,0x000000078a380000)
 ParOldGen       total 173568K, used 1272K [0x00000006c2800000, 0x00000006cd180000, 0x000000076b800000)
  object space 173568K, 0% used [0x00000006c2800000,0x00000006c293e070,0x00000006cd180000)
 Metaspace       used 8072K, capacity 8614K, committed 8960K, reserved 1056768K
  class space    used 644K, capacity 658K, committed 768K, reserved 1048576K
}

Deoptimization events (10 events):
Event: 0.139 Thread 0x000000001e232000 Uncommon trap: reason=bimorphic action=maybe_recompile pc=0x00000000027595b4 method=java.util.HashMap.getNode(ILjava/lang/Object;)Ljava/util/HashMap$Node; @ 126
Event: 0.382 Thread 0x000000001e232000 Uncommon trap: reason=bimorphic action=maybe_recompile pc=0x00000000027595b4 method=java.util.HashMap.getNode(ILjava/lang/Object;)Ljava/util/HashMap$Node; @ 126
Event: 0.383 Thread 0x000000001e232000 Uncommon trap: reason=bimorphic action=maybe_recompile pc=0x00000000027595b4 method=java.util.HashMap.getNode(ILjava/lang/Object;)Ljava/util/HashMap$Node; @ 126
Event: 0.387 Thread 0x000000001e232000 Uncommon trap: reason=unstable_if action=reinterpret pc=0x0000000002743d98 method=java.util.HashMap.keySet()Ljava/util/Set; @ 6
Event: 0.820 Thread 0x000000001e232000 Uncommon trap: reason=unstable_if action=reinterpret pc=0x000000000274db84 method=java.util.HashMap.clear()V @ 16
Event: 0.820 Thread 0x000000001e232000 Uncommon trap: reason=unstable_if action=reinterpret pc=0x0000000002753598 method=java.util.HashMap.clear()V @ 16
Event: 0.820 Thread 0x000000000250e000 Uncommon trap: reason=unstable_if action=reinterpret pc=0x0000000002774930 method=main.coreEngine.TickableThread.invoke(Ljava/lang/String;[Ljava/lang/Object;)V @ 53
Event: 0.820 Thread 0x000000001e232800 Uncommon trap: reason=unstable_if action=reinterpret pc=0x00000000027796a4 method=main.coreEngine.TickableThread.run()V @ 58
Event: 0.853 Thread 0x000000000250e000 Uncommon trap: reason=unstable_if action=reinterpret pc=0x0000000002877934 method=main.coreEngine.Engine.start()V @ 163
Event: 0.911 Thread 0x000000001e232800 Uncommon trap: reason=unstable_if action=reinterpret pc=0x0000000002881c44 method=main.coreEngine.TickableThread.run()V @ 461

Internal exceptions (8 events):
Event: 0.033 Thread 0x000000000250e000 Exception <a 'java/lang/NoSuchMethodError': Method sun.misc.Unsafe.defineClass(Ljava/lang/String;[BII)Ljava/lang/Class; name or signature does not match> (0x000000076b80d818) thrown at [C:\workspace\8-2-build-windows-amd64-cygwin\jdk8u65\4987\hotspot\src\s‚ñëãªÇ ?
Event: 0.033 Thread 0x000000000250e000 Exception <a 'java/lang/NoSuchMethodError': Method sun.misc.Unsafe.prefetchRead(Ljava/lang/Object;J)V name or signature does not match> (0x000000076b80db00) thrown at [C:\workspace\8-2-build-windows-amd64-cygwin\jdk8u65\4987\hotspot\src\share\vm\prims\jni.PQ¼'OûÃ?
Event: 0.156 Thread 0x000000001e232000 Exception <a 'java/lang/ArrayIndexOutOfBoundsException': -1> (0x000000076c71a018) thrown at [C:\workspace\8-2-build-windows-amd64-cygwin\jdk8u65\4987\hotspot\src\share\vm\interpreter\interpreterRuntime.cpp, line 366]
Event: 0.383 Thread 0x000000001e232000 Exception <a 'java/security/PrivilegedActionException'> (0x000000076c232670) thrown at [C:\workspace\8-2-build-windows-amd64-cygwin\jdk8u65\4987\hotspot\src\share\vm\prims\jvm.cpp, line 1386]
Event: 0.383 Thread 0x000000001e232000 Exception <a 'java/security/PrivilegedActionException'> (0x000000076c232a68) thrown at [C:\workspace\8-2-build-windows-amd64-cygwin\jdk8u65\4987\hotspot\src\share\vm\prims\jvm.cpp, line 1386]
Event: 0.383 Thread 0x000000001e232000 Exception <a 'java/security/PrivilegedActionException'> (0x000000076c236c80) thrown at [C:\workspace\8-2-build-windows-amd64-cygwin\jdk8u65\4987\hotspot\src\share\vm\prims\jvm.cpp, line 1386]
Event: 0.383 Thread 0x000000001e232000 Exception <a 'java/security/PrivilegedActionException'> (0x000000076c237078) thrown at [C:\workspace\8-2-build-windows-amd64-cygwin\jdk8u65\4987\hotspot\src\share\vm\prims\jvm.cpp, line 1386]
Event: 0.820 Thread 0x000000000250e000 Implicit null exception at 0x000000000277433c to 0x0000000002774909

Events (10 events):
Event: 4.787 Executing VM operation: ParallelGCFailedAllocation
Event: 4.788 Executing VM operation: ParallelGCFailedAllocation done
Event: 4.905 Executing VM operation: ParallelGCFailedAllocation
Event: 4.905 Executing VM operation: ParallelGCFailedAllocation done
Event: 5.008 Executing VM operation: ParallelGCFailedAllocation
Event: 5.009 Executing VM operation: ParallelGCFailedAllocation done
Event: 5.122 Executing VM operation: ParallelGCFailedAllocation
Event: 5.123 Executing VM operation: ParallelGCFailedAllocation done
Event: 5.232 Executing VM operation: ParallelGCFailedAllocation
Event: 5.232 Executing VM operation: ParallelGCFailedAllocation done


Dynamic libraries:
0x00007ff75ee90000 - 0x00007ff75eec7000 	C:\Program Files\Java\jdk1.8.0_65\bin\java.exe
0x00007ffde4980000 - 0x00007ffde4b41000 	C:\WINDOWS\SYSTEM32\ntdll.dll
0x00007ffde42a0000 - 0x00007ffde434d000 	C:\WINDOWS\system32\KERNEL32.DLL
0x00007ffde19f0000 - 0x00007ffde1bd8000 	C:\WINDOWS\system32\KERNELBASE.dll
0x00007ffde1e70000 - 0x00007ffde1f17000 	C:\WINDOWS\system32\ADVAPI32.dll
0x00007ffde3800000 - 0x00007ffde389d000 	C:\WINDOWS\system32\msvcrt.dll
0x00007ffde1e10000 - 0x00007ffde1e6b000 	C:\WINDOWS\system32\sechost.dll
0x00007ffde3bd0000 - 0x00007ffde3cec000 	C:\WINDOWS\system32\RPCRT4.dll
0x00007ffde3fe0000 - 0x00007ffde4136000 	C:\WINDOWS\system32\USER32.dll
0x00007ffde3cf0000 - 0x00007ffde3e76000 	C:\WINDOWS\system32\GDI32.dll
0x00007ffddd690000 - 0x00007ffddd904000 	C:\WINDOWS\WinSxS\amd64_microsoft.windows.common-controls_6595b64144ccf1df_6.0.10586.0_none_8c15ae12515e1c22\COMCTL32.dll
0x00007ffde3950000 - 0x00007ffde3bcd000 	C:\WINDOWS\system32\combase.dll
0x00007ffde1cf0000 - 0x00007ffde1d5a000 	C:\WINDOWS\system32\bcryptPrimitives.dll
0x00007ffde1dc0000 - 0x00007ffde1dfb000 	C:\WINDOWS\system32\IMM32.DLL
0x0000000070c90000 - 0x0000000070d62000 	C:\Program Files\Java\jdk1.8.0_65\jre\bin\msvcr100.dll
0x0000000070400000 - 0x0000000070c89000 	C:\Program Files\Java\jdk1.8.0_65\jre\bin\server\jvm.dll
0x00007ffde4290000 - 0x00007ffde4298000 	C:\WINDOWS\system32\PSAPI.DLL
0x00007ffdd8550000 - 0x00007ffdd8559000 	C:\WINDOWS\SYSTEM32\WSOCK32.dll
0x00007ffddd9c0000 - 0x00007ffddd9ca000 	C:\WINDOWS\SYSTEM32\VERSION.dll
0x00007ffddf730000 - 0x00007ffddf753000 	C:\WINDOWS\SYSTEM32\WINMM.dll
0x00007ffde4470000 - 0x00007ffde44db000 	C:\WINDOWS\system32\WS2_32.dll
0x00007ffddf6d0000 - 0x00007ffddf6fc000 	C:\WINDOWS\SYSTEM32\WINMMBASE.dll
0x00007ffde1be0000 - 0x00007ffde1c23000 	C:\WINDOWS\system32\cfgmgr32.dll
0x00000000703f0000 - 0x00000000703ff000 	C:\Program Files\Java\jdk1.8.0_65\jre\bin\verify.dll
0x00000000703c0000 - 0x00000000703e9000 	C:\Program Files\Java\jdk1.8.0_65\jre\bin\java.dll
0x0000000070380000 - 0x00000000703b5000 	C:\Program Files\Java\jdk1.8.0_65\jre\bin\jdwp.dll
0x0000000070370000 - 0x0000000070378000 	C:\Program Files\Java\jdk1.8.0_65\jre\bin\npt.dll
0x0000000070350000 - 0x0000000070366000 	C:\Program Files\Java\jdk1.8.0_65\jre\bin\zip.dll
0x00007ffde1f80000 - 0x00007ffde34dc000 	C:\WINDOWS\system32\SHELL32.dll
0x00007ffde11d0000 - 0x00007ffde1815000 	C:\WINDOWS\system32\windows.storage.dll
0x00007ffde36b0000 - 0x00007ffde3702000 	C:\WINDOWS\system32\shlwapi.dll
0x00007ffde0fb0000 - 0x00007ffde0fbf000 	C:\WINDOWS\system32\kernel.appcore.dll
0x00007ffde1c30000 - 0x00007ffde1ce5000 	C:\WINDOWS\system32\shcore.dll
0x00007ffde0fc0000 - 0x00007ffde100b000 	C:\WINDOWS\system32\powrprof.dll
0x00007ffde0f80000 - 0x00007ffde0f94000 	C:\WINDOWS\system32\profapi.dll
0x0000000070340000 - 0x0000000070349000 	C:\Program Files\Java\jdk1.8.0_65\jre\bin\dt_socket.dll
0x00007ffde08b0000 - 0x00007ffde090c000 	C:\WINDOWS\system32\mswsock.dll
0x00007ffdd4080000 - 0x00007ffdd4108000 	D:\Code\Java\Projects\WireEngine20\lib\native\lwjgl.dll
0x00007ffde0a80000 - 0x00007ffde0a8b000 	C:\WINDOWS\SYSTEM32\CRYPTBASE.DLL
0x00007ffdcfa40000 - 0x00007ffdcfa82000 	D:\Code\Java\Projects\WireEngine20\lib\native\jemalloc.dll
0x00007ffdd9dc0000 - 0x00007ffdd9df8000 	D:\Code\Java\Projects\WireEngine20\lib\native\glfw.dll
0x00007ffddf850000 - 0x00007ffddf8e6000 	C:\WINDOWS\system32\uxtheme.dll
0x00007ffdde650000 - 0x00007ffdde672000 	C:\WINDOWS\SYSTEM32\dwmapi.dll
0x00007ffdc8b70000 - 0x00007ffdc8c99000 	C:\WINDOWS\SYSTEM32\opengl32.dll
0x00007ffdcd0c0000 - 0x00007ffdcd0ee000 	C:\WINDOWS\SYSTEM32\GLU32.dll
0x00007ffdc6920000 - 0x00007ffdc6a1a000 	C:\WINDOWS\SYSTEM32\DDRAW.dll
0x00007ffddaa30000 - 0x00007ffddaa38000 	C:\WINDOWS\SYSTEM32\DCIMAN32.dll
0x00007ffde3e80000 - 0x00007ffde3fda000 	C:\WINDOWS\system32\MSCTF.dll
0x00007ffdc9cc0000 - 0x00007ffdc9d09000 	C:\Program Files (x86)\TeamViewer\tv_x64.dll
0x00007ffde4140000 - 0x00007ffde4283000 	C:\WINDOWS\system32\ole32.dll
0x000000006e5f0000 - 0x0000000070339000 	C:\WINDOWS\SYSTEM32\nvoglv64.DLL
0x00007ffde4550000 - 0x00007ffde4979000 	C:\WINDOWS\system32\SETUPAPI.dll
0x00007ffddf2f0000 - 0x00007ffddf303000 	C:\WINDOWS\SYSTEM32\WTSAPI32.dll
0x00007ffddf9a0000 - 0x00007ffddf9c7000 	C:\WINDOWS\SYSTEM32\DEVOBJ.dll
0x00007ffde1170000 - 0x00007ffde11c5000 	C:\WINDOWS\system32\WINTRUST.dll
0x00007ffde0fa0000 - 0x00007ffde0fb0000 	C:\WINDOWS\system32\MSASN1.dll
0x00007ffde1820000 - 0x00007ffde19e7000 	C:\WINDOWS\system32\CRYPT32.dll
0x00007ffde04d0000 - 0x00007ffde0501000 	C:\WINDOWS\SYSTEM32\ntmarta.dll
0x00007ffde0220000 - 0x00007ffde0276000 	C:\WINDOWS\SYSTEM32\WINSTA.dll
0x00007ffde38a0000 - 0x00007ffde3947000 	C:\WINDOWS\system32\clbcatq.dll
0x00007ffdb9de0000 - 0x00007ffdb9f6c000 	C:\WINDOWS\SYSTEM32\dbghelp.dll

VM Arguments:
jvm_args: -agentlib:jdwp=transport=dt_socket,address=127.0.0.1:65225,suspend=y,server=n -Djava.library.path=lib/native/ -Dfile.encoding=UTF-8 
java_command: main.Main
java_class_path (initial): C:\Program Files\Java\jdk1.8.0_65\jre\lib\charsets.jar;C:\Program Files\Java\jdk1.8.0_65\jre\lib\deploy.jar;C:\Program Files\Java\jdk1.8.0_65\jre\lib\ext\access-bridge-64.jar;C:\Program Files\Java\jdk1.8.0_65\jre\lib\ext\cldrdata.jar;C:\Program Files\Java\jdk1.8.0_65\jre\lib\ext\dnsns.jar;C:\Program Files\Java\jdk1.8.0_65\jre\lib\ext\jaccess.jar;C:\Program Files\Java\jdk1.8.0_65\jre\lib\ext\jfxrt.jar;C:\Program Files\Java\jdk1.8.0_65\jre\lib\ext\localedata.jar;C:\Program Files\Java\jdk1.8.0_65\jre\lib\ext\nashorn.jar;C:\Program Files\Java\jdk1.8.0_65\jre\lib\ext\sunec.jar;C:\Program Files\Java\jdk1.8.0_65\jre\lib\ext\sunjce_provider.jar;C:\Program Files\Java\jdk1.8.0_65\jre\lib\ext\sunmscapi.jar;C:\Program Files\Java\jdk1.8.0_65\jre\lib\ext\sunpkcs11.jar;C:\Program Files\Java\jdk1.8.0_65\jre\lib\ext\zipfs.jar;C:\Program Files\Java\jdk1.8.0_65\jre\lib\javaws.jar;C:\Program Files\Java\jdk1.8.0_65\jre\lib\jce.jar;C:\Program Files\Java\jdk1.8.0_65\jre\lib\jfr.jar;C:\Program Files\Java\jdk1.8.0_65\jre\lib\jfxswt.jar;C:\Program Files\Java\jdk1.8.0_65\jre\lib\jsse.jar;C:\Program Files\Java\jdk1.8.0_65\jre\lib\management-agent.jar;C:\Program Files\Java\jdk1.8.0_65\jre\lib\plugin.jar;C:\Program Files\Java\jdk1.8.0_65\jre\lib\resources.jar;C:\Program Files\Java\jdk1.8.0_65\jre\lib\rt.jar;D:\Code\Java\Projects\WireEngine20\out\production\WireEngine20;D:\Code\Java\Projects\WireEngine20\lib\jar\lwjgl.jar;D:\Program Files (x86)\JetBrains\IntelliJ IDEA 2016.1\lib\idea_rt.jar
Launcher Type: SUN_STANDARD

Environment Variables:
JAVA_HOME=C:\Program Files\Java\jdk1.8.0_65
PATH=C:\ProgramData\Oracle\Java\javapath;C:\Program Files (x86)\Razer Chroma SDK\bin;C:\Program Files\Razer Chroma SDK\bin;C:\Program Files (x86)\NVIDIA Corporation\PhysX\Common;C:\Program Files (x86)\Intel\iCLS Client\;C:\Program Files\Intel\iCLS Client\;C:\Windows\system32;C:\Windows;C:\Windows\System32\Wbem;C:\Windows\System32\WindowsPowerShell\v1.0\;C:\Program Files\Intel\Intel(R) Management Engine Components\DAL;C:\Program Files (x86)\Intel\Intel(R) Management Engine Components\DAL;C:\Program Files\Intel\Intel(R) Management Engine Components\IPT;C:\Program Files (x86)\Intel\Intel(R) Management Engine Components\IPT;C:\Program Files\Java\jre1.8.0_65\bin;C:\MinGW\bin;C:\WINDOWS\system32;C:\WINDOWS;C:\WINDOWS\System32\Wbem;C:\WINDOWS\System32\WindowsPowerShell\v1.0\;D:\Program Files (x86)\CMake\bin;D:\Program Files\Programs\Python\Python35-32;D:\Program Files\Programs\Python\Python35-32\Scripts;C:\Program Files (x86)\Skype\Phone\;D:\Program Files\Programs\Python\Python35-32\Scripts\;D:\Program Files\Programs\Python\Python35-32\
USERNAME=Kelan
OS=Windows_NT
PROCESSOR_IDENTIFIER=Intel64 Family 6 Model 60 Stepping 3, GenuineIntel



---------------  S Y S T E M  ---------------

OS: Windows 10.0 , 64 bit Build 10586 (10.0.10586.0)

CPU:total 8 (4 cores per cpu, 2 threads per core) family 6 model 60 stepping 3, cmov, cx8, fxsr, mmx, sse, sse2, sse3, ssse3, sse4.1, sse4.2, popcnt, avx, avx2, aes, clmul, erms, lzcnt, ht, tsc, tscinvbit, bmi1, bmi2

Memory: 4k page, physical 16609500k(4916128k free), swap 33386716k(18977248k free)

vm_info: Java HotSpot(TM) 64-Bit Server VM (25.65-b01) for windows-amd64 JRE (1.8.0_65-b17), built on Oct  6 2015 16:39:20 by "java_re" with MS VC++ 10.0 (VS2010)

time: Sun Apr 10 11:04:50 2016
elapsed time: 5 seconds (0d 0h 0m 5s)

