#
# A fatal error has been detected by the Java Runtime Environment:
#
#  EXCEPTION_ACCESS_VIOLATION (0xc0000005) at pc=0x00007ffdd40d24b9, pid=13692, tid=13116
#
# JRE version: Java(TM) SE Runtime Environment (8.0_65-b17) (build 1.8.0_65-b17)
# Java VM: Java HotSpot(TM) 64-Bit Server VM (25.65-b01 mixed mode windows-amd64 compressed oops)
# Problematic frame:
# C  [glfw.dll+0x24b9]
#
# Failed to write core dump. Minidumps are not enabled by default on client versions of Windows
#
# If you would like to submit a bug report, please visit:
#   http://bugreport.java.com/bugreport/crash.jsp
# The crash happened outside the Java Virtual Machine in native code.
# See problematic frame for where to report the bug.
#

---------------  T H R E A D  ---------------

Current thread (0x000000001e1d1000):  JavaThread "CLIENT" [_thread_in_native, id=13116, stack(0x000000001eed0000,0x000000001efd0000)]

siginfo: ExceptionCode=0xc0000005, reading address 0x0000000000000000

Registers:
RAX=0x0000000000000000, RBX=0x000000001b97ec50, RCX=0x0000000000000000, RDX=0x0000000000000000
RSP=0x000000001efcf310, RBP=0x000000001efcf3c8, RSI=0x0000000000000108, RDI=0x000000000046ef50
R8 =0x000000001efcf308, R9 =0x000000001efcf3c8, R10=0x0000000000000000, R11=0x0000000000000246
R12=0x0000000000000000, R13=0x000000001b97ec50, R14=0x000000001efcf400, R15=0x000000001e1d1000
RIP=0x00007ffdd40d24b9, EFLAGS=0x0000000000010283

Top of Stack: (sp=0x000000001efcf310)
0x000000001efcf310:   000000001e1d1000 000000001e1d1000
0x000000001efcf320:   000000001e1d1000 000000001e1d1000
0x000000001efcf330:   0000000000000424 000000000257dfcc
0x000000001efcf340:   000000001b97ec50 0000000070615005
0x000000001efcf350:   000000001b9253e8 000000000255e450
0x000000001efcf360:   000000000000000e 000000001e1d1000
0x000000001efcf370:   000000001b998ab8 000000007052aea4
0x000000001efcf380:   000000001e1d1000 000000001efcf388
0x000000001efcf390:   0000000000000000 000000001efcf400
0x000000001efcf3a0:   000000001b97f3f0 0000000000000000
0x000000001efcf3b0:   000000001b97ec50 0000000000000000
0x000000001efcf3c0:   000000001efcf3e8 000000001efcf448
0x000000001efcf3d0:   0000000002567d8d 00000006c28060d0
0x000000001efcf3e0:   00000000025742f8 000000000046ef50
0x000000001efcf3f0:   00000000025678a0 00007ffdd40d2420
0x000000001efcf400:   0000000000000001 000000001efcf408 

Instructions: (pc=0x00007ffdd40d24b9)
0x00007ffdd40d2499:   48 8b cf e8 1f 3a 00 00 48 39 3d f0 d5 02 00 48
0x00007ffdd40d24a9:   8d 0d e9 d5 02 00 48 8b 5c 24 30 74 08 48 8b 09
0x00007ffdd40d24b9:   48 39 39 75 f8 48 8b 07 48 89 01 48 8b cf 48 83
0x00007ffdd40d24c9:   c4 20 5f e9 5b fe 00 00 48 83 c4 20 5f c3 cc cc 


Register to memory mapping:

RAX=0x0000000000000000 is an unknown value
RBX={method} {0x000000001b97ec58} 'invokePV' '(JJ)V' in 'org/lwjgl/system/JNI'
RCX=0x0000000000000000 is an unknown value
RDX=0x0000000000000000 is an unknown value
RSP=0x000000001efcf310 is pointing into the stack for thread: 0x000000001e1d1000
RBP=0x000000001efcf3c8 is pointing into the stack for thread: 0x000000001e1d1000
RSI=0x0000000000000108 is an unknown value
RDI=0x000000000046ef50 is an unknown value
R8 =0x000000001efcf308 is pointing into the stack for thread: 0x000000001e1d1000
R9 =0x000000001efcf3c8 is pointing into the stack for thread: 0x000000001e1d1000
R10=0x0000000000000000 is an unknown value
R11=0x0000000000000246 is an unknown value
R12=0x0000000000000000 is an unknown value
R13={method} {0x000000001b97ec58} 'invokePV' '(JJ)V' in 'org/lwjgl/system/JNI'
R14=0x000000001efcf400 is pointing into the stack for thread: 0x000000001e1d1000
R15=0x000000001e1d1000 is a thread


Stack: [0x000000001eed0000,0x000000001efd0000],  sp=0x000000001efcf310,  free space=1020k
Native frames: (J=compiled Java code, j=interpreted, Vv=VM code, C=native code)
C  [glfw.dll+0x24b9]
C  0x000000000257dfcc

Java frames: (J=compiled Java code, j=interpreted, Vv=VM code)
j  org.lwjgl.system.JNI.invokePV(JJ)V+0
j  org.lwjgl.glfw.GLFW.glfwDestroyCursor(J)V+20
j  main.client.Window.destroyWindow()V+9
j  main.coreEngine.Engine.stop()V+70
j  main.client.Window.update()V+43
j  main.client.renderEngine.RenderEngine.render()V+38
j  main.client.ClientThread.tick()V+12
j  main.coreEngine.TickableThread.run()V+465
v  ~StubRoutines::call_stub

---------------  P R O C E S S  ---------------

Java Threads: ( => current thread )
  0x000000001e1d2000 JavaThread "SERVER" [_thread_in_Java, id=6216, stack(0x000000001efd0000,0x000000001f0d0000)]
=>0x000000001e1d1000 JavaThread "CLIENT" [_thread_in_native, id=13116, stack(0x000000001eed0000,0x000000001efd0000)]
  0x000000001e05b000 JavaThread "Service Thread" daemon [_thread_blocked, id=4256, stack(0x000000001ecd0000,0x000000001edd0000)]
  0x000000001e035800 JavaThread "C1 CompilerThread3" daemon [_thread_blocked, id=13356, stack(0x000000001ebd0000,0x000000001ecd0000)]
  0x000000001e028800 JavaThread "C2 CompilerThread2" daemon [_thread_blocked, id=5784, stack(0x000000001ead0000,0x000000001ebd0000)]
  0x000000001e027800 JavaThread "C2 CompilerThread1" daemon [_thread_blocked, id=9820, stack(0x000000001e9d0000,0x000000001ead0000)]
  0x000000001e02c800 JavaThread "C2 CompilerThread0" daemon [_thread_blocked, id=13484, stack(0x000000001e8d0000,0x000000001e9d0000)]
  0x000000001e012000 JavaThread "JDWP Command Reader" daemon [_thread_in_native, id=6920, stack(0x000000001e7d0000,0x000000001e8d0000)]
  0x000000001e011000 JavaThread "JDWP Event Helper Thread" daemon [_thread_blocked, id=9844, stack(0x000000001e6d0000,0x000000001e7d0000)]
  0x000000001e00f000 JavaThread "JDWP Transport Listener: dt_socket" daemon [_thread_blocked, id=10280, stack(0x000000001e5d0000,0x000000001e6d0000)]
  0x000000001e000000 JavaThread "Attach Listener" daemon [_thread_blocked, id=13280, stack(0x000000001e4d0000,0x000000001e5d0000)]
  0x000000001dffe800 JavaThread "Signal Dispatcher" daemon [_thread_blocked, id=7656, stack(0x000000001e3d0000,0x000000001e4d0000)]
  0x000000000255c800 JavaThread "Finalizer" daemon [_thread_blocked, id=7524, stack(0x000000001dde0000,0x000000001dee0000)]
  0x0000000002556000 JavaThread "Reference Handler" daemon [_thread_blocked, id=1312, stack(0x000000001dce0000,0x000000001dde0000)]
  0x00000000022be000 JavaThread "main" [_thread_in_Java, id=13876, stack(0x0000000002360000,0x0000000002460000)]

Other Threads:
  0x000000001bef9800 VMThread [stack: 0x000000001dbe0000,0x000000001dce0000] [id=9048]
  0x000000001e061800 WatcherThread [stack: 0x000000001edd0000,0x000000001eed0000] [id=1420]

VM state:not at safepoint (normal execution)

VM Mutex/Monitor currently owned by a thread: None

Heap:
 PSYoungGen      total 99328K, used 14725K [0x000000076b800000, 0x0000000781f00000, 0x00000007c0000000)
  eden space 98304K, 14% used [0x000000076b800000,0x000000076c6594f8,0x0000000771800000)
  from space 1024K, 3% used [0x0000000781d00000,0x0000000781d08000,0x0000000781e00000)
  to   space 1024K, 0% used [0x0000000781e00000,0x0000000781e00000,0x0000000781f00000)
 ParOldGen       total 173568K, used 1372K [0x00000006c2800000, 0x00000006cd180000, 0x000000076b800000)
  object space 173568K, 0% used [0x00000006c2800000,0x00000006c2957060,0x00000006cd180000)
 Metaspace       used 8225K, capacity 8646K, committed 8960K, reserved 1056768K
  class space    used 655K, capacity 690K, committed 768K, reserved 1048576K

Card table byte_map: [0x0000000011920000,0x0000000012110000] byte_map_base: 0x000000000e30c000

Marking Bits: (ParMarkBitMap*) 0x0000000070c0a5b0
 Begin Bits: [0x0000000012e60000, 0x0000000016dc0000)
 End Bits:   [0x0000000016dc0000, 0x000000001ad20000)

Polling page: 0x0000000002280000

CodeCache: size=245760Kb used=3249Kb max_used=3249Kb free=242510Kb
 bounds [0x0000000002560000, 0x0000000002890000, 0x0000000011560000]
 total_blobs=1322 nmethods=669 adapters=574
 compilation: enabled

Compilation events (10 events):
Event: 3.163 Thread 0x000000001e035800  668       3       main.coreEngine.util.maths.Matrix4f::store (146 bytes)
Event: 3.163 Thread 0x000000001e035800 nmethod 668 0x000000000288ccd0 code [0x000000000288cf20, 0x000000000288dcf8]
Event: 3.632 Thread 0x000000001e035800  669       1       java.lang.ref.Reference::access$100 (4 bytes)
Event: 3.632 Thread 0x000000001e035800 nmethod 669 0x000000000288ca10 code [0x000000000288cb60, 0x000000000288cc50]
Event: 4.048 Thread 0x000000001e035800  672       3       main.coreEngine.util.maths.MathUtil::cotf (9 bytes)
Event: 4.048 Thread 0x000000001e035800 nmethod 672 0x000000000288bc10 code [0x000000000288bda0, 0x000000000288c250]
Event: 4.048 Thread 0x000000001e035800  673       3       main.coreEngine.util.maths.Matrix4f::translate (166 bytes)
Event: 4.048 Thread 0x000000001e035800 nmethod 673 0x000000000288b310 code [0x000000000288b4a0, 0x000000000288b948]
Event: 4.048 Thread 0x000000001e035800  674       3       org.lwjgl.opengl.GL11::glClearColor (18 bytes)
Event: 4.048 Thread 0x000000001e035800 nmethod 674 0x000000000288df90 code [0x000000000288e180, 0x000000000288e898]

GC Heap History (10 events):
Event: 4.238 GC heap before
{Heap before GC invocations=32 (full 0):
 PSYoungGen      total 118272K, used 117408K [0x000000076b800000, 0x0000000782080000, 0x00000007c0000000)
  eden space 117248K, 100% used [0x000000076b800000,0x0000000772a80000,0x0000000772a80000)
  from space 1024K, 15% used [0x0000000781e80000,0x0000000781ea8000,0x0000000781f80000)
  to   space 1024K, 0% used [0x0000000781f80000,0x0000000781f80000,0x0000000782080000)
 ParOldGen       total 173568K, used 1340K [0x00000006c2800000, 0x00000006cd180000, 0x000000076b800000)
  object space 173568K, 0% used [0x00000006c2800000,0x00000006c294f060,0x00000006cd180000)
 Metaspace       used 8224K, capacity 8646K, committed 8960K, reserved 1056768K
  class space    used 655K, capacity 690K, committed 768K, reserved 1048576K
Event: 4.238 GC heap after
Heap after GC invocations=32 (full 0):
 PSYoungGen      total 114176K, used 192K [0x000000076b800000, 0x0000000782000000, 0x00000007c0000000)
  eden space 113664K, 0% used [0x000000076b800000,0x000000076b800000,0x0000000772700000)
  from space 512K, 37% used [0x0000000781f80000,0x0000000781fb0000,0x0000000782000000)
  to   space 1024K, 0% used [0x0000000781e00000,0x0000000781e00000,0x0000000781f00000)
 ParOldGen       total 173568K, used 1340K [0x00000006c2800000, 0x00000006cd180000, 0x000000076b800000)
  object space 173568K, 0% used [0x00000006c2800000,0x00000006c294f060,0x00000006cd180000)
 Metaspace       used 8224K, capacity 8646K, committed 8960K, reserved 1056768K
  class space    used 655K, capacity 690K, committed 768K, reserved 1048576K
}
Event: 4.324 GC heap before
{Heap before GC invocations=33 (full 0):
 PSYoungGen      total 114176K, used 113856K [0x000000076b800000, 0x0000000782000000, 0x00000007c0000000)
  eden space 113664K, 100% used [0x000000076b800000,0x0000000772700000,0x0000000772700000)
  from space 512K, 37% used [0x0000000781f80000,0x0000000781fb0000,0x0000000782000000)
  to   space 1024K, 0% used [0x0000000781e00000,0x0000000781e00000,0x0000000781f00000)
 ParOldGen       total 173568K, used 1340K [0x00000006c2800000, 0x00000006cd180000, 0x000000076b800000)
  object space 173568K, 0% used [0x00000006c2800000,0x00000006c294f060,0x00000006cd180000)
 Metaspace       used 8224K, capacity 8646K, committed 8960K, reserved 1056768K
  class space    used 655K, capacity 690K, committed 768K, reserved 1048576K
Event: 4.324 GC heap after
Heap after GC invocations=33 (full 0):
 PSYoungGen      total 111104K, used 160K [0x000000076b800000, 0x0000000782000000, 0x00000007c0000000)
  eden space 110080K, 0% used [0x000000076b800000,0x000000076b800000,0x0000000772380000)
  from space 1024K, 15% used [0x0000000781e00000,0x0000000781e28000,0x0000000781f00000)
  to   space 1024K, 0% used [0x0000000781f00000,0x0000000781f00000,0x0000000782000000)
 ParOldGen       total 173568K, used 1340K [0x00000006c2800000, 0x00000006cd180000, 0x000000076b800000)
  object space 173568K, 0% used [0x00000006c2800000,0x00000006c294f060,0x00000006cd180000)
 Metaspace       used 8224K, capacity 8646K, committed 8960K, reserved 1056768K
  class space    used 655K, capacity 690K, committed 768K, reserved 1048576K
}
Event: 4.445 GC heap before
{Heap before GC invocations=34 (full 0):
 PSYoungGen      total 111104K, used 110240K [0x000000076b800000, 0x0000000782000000, 0x00000007c0000000)
  eden space 110080K, 100% used [0x000000076b800000,0x0000000772380000,0x0000000772380000)
  from space 1024K, 15% used [0x0000000781e00000,0x0000000781e28000,0x0000000781f00000)
  to   space 1024K, 0% used [0x0000000781f00000,0x0000000781f00000,0x0000000782000000)
 ParOldGen       total 173568K, used 1340K [0x00000006c2800000, 0x00000006cd180000, 0x000000076b800000)
  object space 173568K, 0% used [0x00000006c2800000,0x00000006c294f060,0x00000006cd180000)
 Metaspace       used 8224K, capacity 8646K, committed 8960K, reserved 1056768K
  class space    used 655K, capacity 690K, committed 768K, reserved 1048576K
Event: 4.445 GC heap after
Heap after GC invocations=34 (full 0):
 PSYoungGen      total 107520K, used 96K [0x000000076b800000, 0x0000000781f80000, 0x00000007c0000000)
  eden space 107008K, 0% used [0x000000076b800000,0x000000076b800000,0x0000000772080000)
  from space 512K, 18% used [0x0000000781f00000,0x0000000781f18000,0x0000000781f80000)
  to   space 1024K, 0% used [0x0000000781d80000,0x0000000781d80000,0x0000000781e80000)
 ParOldGen       total 173568K, used 1340K [0x00000006c2800000, 0x00000006cd180000, 0x000000076b800000)
  object space 173568K, 0% used [0x00000006c2800000,0x00000006c294f060,0x00000006cd180000)
 Metaspace       used 8224K, capacity 8646K, committed 8960K, reserved 1056768K
  class space    used 655K, capacity 690K, committed 768K, reserved 1048576K
}
Event: 4.570 GC heap before
{Heap before GC invocations=35 (full 0):
 PSYoungGen      total 107520K, used 107104K [0x000000076b800000, 0x0000000781f80000, 0x00000007c0000000)
  eden space 107008K, 100% used [0x000000076b800000,0x0000000772080000,0x0000000772080000)
  from space 512K, 18% used [0x0000000781f00000,0x0000000781f18000,0x0000000781f80000)
  to   space 1024K, 0% used [0x0000000781d80000,0x0000000781d80000,0x0000000781e80000)
 ParOldGen       total 173568K, used 1340K [0x00000006c2800000, 0x00000006cd180000, 0x000000076b800000)
  object space 173568K, 0% used [0x00000006c2800000,0x00000006c294f060,0x00000006cd180000)
 Metaspace       used 8224K, capacity 8646K, committed 8960K, reserved 1056768K
  class space    used 655K, capacity 690K, committed 768K, reserved 1048576K
Event: 4.571 GC heap after
Heap after GC invocations=35 (full 0):
 PSYoungGen      total 104960K, used 192K [0x000000076b800000, 0x0000000781f80000, 0x00000007c0000000)
  eden space 103936K, 0% used [0x000000076b800000,0x000000076b800000,0x0000000771d80000)
  from space 1024K, 18% used [0x0000000781d80000,0x0000000781db0000,0x0000000781e80000)
  to   space 1024K, 0% used [0x0000000781e80000,0x0000000781e80000,0x0000000781f80000)
 ParOldGen       total 173568K, used 1340K [0x00000006c2800000, 0x00000006cd180000, 0x000000076b800000)
  object space 173568K, 0% used [0x00000006c2800000,0x00000006c294f060,0x00000006cd180000)
 Metaspace       used 8224K, capacity 8646K, committed 8960K, reserved 1056768K
  class space    used 655K, capacity 690K, committed 768K, reserved 1048576K
}
Event: 4.654 GC heap before
{Heap before GC invocations=36 (full 0):
 PSYoungGen      total 104960K, used 104128K [0x000000076b800000, 0x0000000781f80000, 0x00000007c0000000)
  eden space 103936K, 100% used [0x000000076b800000,0x0000000771d80000,0x0000000771d80000)
  from space 1024K, 18% used [0x0000000781d80000,0x0000000781db0000,0x0000000781e80000)
  to   space 1024K, 0% used [0x0000000781e80000,0x0000000781e80000,0x0000000781f80000)
 ParOldGen       total 173568K, used 1340K [0x00000006c2800000, 0x00000006cd180000, 0x000000076b800000)
  object space 173568K, 0% used [0x00000006c2800000,0x00000006c294f060,0x00000006cd180000)
 Metaspace       used 8225K, capacity 8646K, committed 8960K, reserved 1056768K
  class space    used 655K, capacity 690K, committed 768K, reserved 1048576K
Event: 4.654 GC heap after
Heap after GC invocations=36 (full 0):
 PSYoungGen      total 101376K, used 64K [0x000000076b800000, 0x0000000781f00000, 0x00000007c0000000)
  eden space 100864K, 0% used [0x000000076b800000,0x000000076b800000,0x0000000771a80000)
  from space 512K, 12% used [0x0000000781e80000,0x0000000781e90000,0x0000000781f00000)
  to   space 1024K, 0% used [0x0000000781d00000,0x0000000781d00000,0x0000000781e00000)
 ParOldGen       total 173568K, used 1364K [0x00000006c2800000, 0x00000006cd180000, 0x000000076b800000)
  object space 173568K, 0% used [0x00000006c2800000,0x00000006c2955060,0x00000006cd180000)
 Metaspace       used 8225K, capacity 8646K, committed 8960K, reserved 1056768K
  class space    used 655K, capacity 690K, committed 768K, reserved 1048576K
}

Deoptimization events (10 events):
Event: 0.417 Thread 0x000000001e1d1000 Uncommon trap: reason=bimorphic action=maybe_recompile pc=0x00000000026b1640 method=java.util.HashMap.getNode(ILjava/lang/Object;)Ljava/util/HashMap$Node; @ 126
Event: 0.421 Thread 0x000000001e1d1000 Uncommon trap: reason=unstable_if action=reinterpret pc=0x00000000026a1cd8 method=java.util.HashMap.keySet()Ljava/util/Set; @ 6
Event: 0.750 Thread 0x000000001e1d1000 Uncommon trap: reason=unstable_if action=reinterpret pc=0x00000000026a2a44 method=java.util.HashMap.clear()V @ 16
Event: 0.750 Thread 0x000000001e1d1000 Uncommon trap: reason=unstable_if action=reinterpret pc=0x00000000026aa308 method=java.util.HashMap$HashIterator.<init>(Ljava/util/HashMap;)V @ 38
Event: 0.750 Thread 0x00000000022be000 Uncommon trap: reason=unstable_if action=reinterpret pc=0x00000000026cdd70 method=main.coreEngine.TickableThread.invoke(Ljava/lang/String;[Ljava/lang/Object;)V @ 53
Event: 0.750 Thread 0x000000001e1d1000 Uncommon trap: reason=unstable_if action=reinterpret pc=0x00000000026a4418 method=java.util.HashMap.clear()V @ 16
Event: 0.750 Thread 0x000000001e1d1000 Uncommon trap: reason=unstable_if action=reinterpret pc=0x00000000026a8920 method=java.util.HashMap$HashIterator.<init>(Ljava/util/HashMap;)V @ 38
Event: 0.750 Thread 0x000000001e1d2000 Uncommon trap: reason=unstable_if action=reinterpret pc=0x00000000026d1ab4 method=main.coreEngine.TickableThread.run()V @ 58
Event: 0.871 Thread 0x000000001e1d1000 Uncommon trap: reason=unstable_if action=reinterpret pc=0x000000000282f5a4 method=main.coreEngine.TickableThread.run()V @ 461
Event: 0.879 Thread 0x000000001e1d2000 Uncommon trap: reason=unstable_if action=reinterpret pc=0x000000000282f5a4 method=main.coreEngine.TickableThread.run()V @ 461

Internal exceptions (8 events):
Event: 0.030 Thread 0x00000000022be000 Exception <a 'java/lang/NoSuchMethodError': Method sun.misc.Unsafe.defineClass(Ljava/lang/String;[BII)Ljava/lang/Class; name or signature does not match> (0x000000076b80d6c0) thrown at [C:\workspace\8-2-build-windows-amd64-cygwin\jdk8u65\4987\hotspot\src\sóL;,ýmž?
Event: 0.030 Thread 0x00000000022be000 Exception <a 'java/lang/NoSuchMethodError': Method sun.misc.Unsafe.prefetchRead(Ljava/lang/Object;J)V name or signature does not match> (0x000000076b80d9a8) thrown at [C:\workspace\8-2-build-windows-amd64-cygwin\jdk8u65\4987\hotspot\src\share\vm\prims\jni.Fj¦¦ÉÃ?
Event: 0.155 Thread 0x000000001e1d1000 Exception <a 'java/lang/ArrayIndexOutOfBoundsException': -1> (0x000000076c83ad48) thrown at [C:\workspace\8-2-build-windows-amd64-cygwin\jdk8u65\4987\hotspot\src\share\vm\interpreter\interpreterRuntime.cpp, line 366]
Event: 0.416 Thread 0x000000001e1d1000 Exception <a 'java/security/PrivilegedActionException'> (0x000000076e79dd70) thrown at [C:\workspace\8-2-build-windows-amd64-cygwin\jdk8u65\4987\hotspot\src\share\vm\prims\jvm.cpp, line 1386]
Event: 0.416 Thread 0x000000001e1d1000 Exception <a 'java/security/PrivilegedActionException'> (0x000000076e79e168) thrown at [C:\workspace\8-2-build-windows-amd64-cygwin\jdk8u65\4987\hotspot\src\share\vm\prims\jvm.cpp, line 1386]
Event: 0.417 Thread 0x000000001e1d1000 Exception <a 'java/security/PrivilegedActionException'> (0x000000076e7a2380) thrown at [C:\workspace\8-2-build-windows-amd64-cygwin\jdk8u65\4987\hotspot\src\share\vm\prims\jvm.cpp, line 1386]
Event: 0.417 Thread 0x000000001e1d1000 Exception <a 'java/security/PrivilegedActionException'> (0x000000076e7a2778) thrown at [C:\workspace\8-2-build-windows-amd64-cygwin\jdk8u65\4987\hotspot\src\share\vm\prims\jvm.cpp, line 1386]
Event: 0.750 Thread 0x00000000022be000 Implicit null exception at 0x00000000026cd77c to 0x00000000026cdd49

Events (10 events):
Event: 4.238 Executing VM operation: ParallelGCFailedAllocation
Event: 4.239 Executing VM operation: ParallelGCFailedAllocation done
Event: 4.324 Executing VM operation: ParallelGCFailedAllocation
Event: 4.324 Executing VM operation: ParallelGCFailedAllocation done
Event: 4.445 Executing VM operation: ParallelGCFailedAllocation
Event: 4.445 Executing VM operation: ParallelGCFailedAllocation done
Event: 4.570 Executing VM operation: ParallelGCFailedAllocation
Event: 4.571 Executing VM operation: ParallelGCFailedAllocation done
Event: 4.654 Executing VM operation: ParallelGCFailedAllocation
Event: 4.654 Executing VM operation: ParallelGCFailedAllocation done


Dynamic libraries:
0x00007ff75ee90000 - 0x00007ff75eec7000 	C:\Program Files\Java\jdk1.8.0_65\bin\java.exe
0x00007ffde4980000 - 0x00007ffde4b41000 	C:\WINDOWS\SYSTEM32\ntdll.dll
0x00007ffde42a0000 - 0x00007ffde434d000 	C:\WINDOWS\system32\KERNEL32.DLL
0x00007ffde19f0000 - 0x00007ffde1bd8000 	C:\WINDOWS\system32\KERNELBASE.dll
0x00007ffde1e70000 - 0x00007ffde1f17000 	C:\WINDOWS\system32\ADVAPI32.dll
0x00007ffde3800000 - 0x00007ffde389d000 	C:\WINDOWS\system32\msvcrt.dll
0x00007ffde1e10000 - 0x00007ffde1e6b000 	C:\WINDOWS\system32\sechost.dll
0x00007ffde3bd0000 - 0x00007ffde3cec000 	C:\WINDOWS\system32\RPCRT4.dll
0x00007ffde3fe0000 - 0x00007ffde4136000 	C:\WINDOWS\system32\USER32.dll
0x00007ffde3cf0000 - 0x00007ffde3e76000 	C:\WINDOWS\system32\GDI32.dll
0x00007ffddd690000 - 0x00007ffddd904000 	C:\WINDOWS\WinSxS\amd64_microsoft.windows.common-controls_6595b64144ccf1df_6.0.10586.0_none_8c15ae12515e1c22\COMCTL32.dll
0x00007ffde3950000 - 0x00007ffde3bcd000 	C:\WINDOWS\system32\combase.dll
0x00007ffde1cf0000 - 0x00007ffde1d5a000 	C:\WINDOWS\system32\bcryptPrimitives.dll
0x00007ffde1dc0000 - 0x00007ffde1dfb000 	C:\WINDOWS\system32\IMM32.DLL
0x0000000070c90000 - 0x0000000070d62000 	C:\Program Files\Java\jdk1.8.0_65\jre\bin\msvcr100.dll
0x0000000070400000 - 0x0000000070c89000 	C:\Program Files\Java\jdk1.8.0_65\jre\bin\server\jvm.dll
0x00007ffde4290000 - 0x00007ffde4298000 	C:\WINDOWS\system32\PSAPI.DLL
0x00007ffddd9c0000 - 0x00007ffddd9ca000 	C:\WINDOWS\SYSTEM32\VERSION.dll
0x00007ffddf730000 - 0x00007ffddf753000 	C:\WINDOWS\SYSTEM32\WINMM.dll
0x00007ffdd8550000 - 0x00007ffdd8559000 	C:\WINDOWS\SYSTEM32\WSOCK32.dll
0x00007ffde4470000 - 0x00007ffde44db000 	C:\WINDOWS\system32\WS2_32.dll
0x00007ffddf6d0000 - 0x00007ffddf6fc000 	C:\WINDOWS\SYSTEM32\WINMMBASE.dll
0x00007ffde1be0000 - 0x00007ffde1c23000 	C:\WINDOWS\system32\cfgmgr32.dll
0x00000000703f0000 - 0x00000000703ff000 	C:\Program Files\Java\jdk1.8.0_65\jre\bin\verify.dll
0x00000000703c0000 - 0x00000000703e9000 	C:\Program Files\Java\jdk1.8.0_65\jre\bin\java.dll
0x0000000070380000 - 0x00000000703b5000 	C:\Program Files\Java\jdk1.8.0_65\jre\bin\jdwp.dll
0x0000000070370000 - 0x0000000070378000 	C:\Program Files\Java\jdk1.8.0_65\jre\bin\npt.dll
0x0000000070350000 - 0x0000000070366000 	C:\Program Files\Java\jdk1.8.0_65\jre\bin\zip.dll
0x00007ffde1f80000 - 0x00007ffde34dc000 	C:\WINDOWS\system32\SHELL32.dll
0x00007ffde11d0000 - 0x00007ffde1815000 	C:\WINDOWS\system32\windows.storage.dll
0x00007ffde36b0000 - 0x00007ffde3702000 	C:\WINDOWS\system32\shlwapi.dll
0x00007ffde0fb0000 - 0x00007ffde0fbf000 	C:\WINDOWS\system32\kernel.appcore.dll
0x00007ffde1c30000 - 0x00007ffde1ce5000 	C:\WINDOWS\system32\shcore.dll
0x00007ffde0fc0000 - 0x00007ffde100b000 	C:\WINDOWS\system32\powrprof.dll
0x00007ffde0f80000 - 0x00007ffde0f94000 	C:\WINDOWS\system32\profapi.dll
0x0000000070340000 - 0x0000000070349000 	C:\Program Files\Java\jdk1.8.0_65\jre\bin\dt_socket.dll
0x00007ffde08b0000 - 0x00007ffde090c000 	C:\WINDOWS\system32\mswsock.dll
0x00007ffdb7d20000 - 0x00007ffdb7da8000 	D:\Code\Java\Projects\WireEngine20\lib\native\lwjgl.dll
0x00007ffde0a80000 - 0x00007ffde0a8b000 	C:\WINDOWS\SYSTEM32\CRYPTBASE.DLL
0x00007ffdbfbb0000 - 0x00007ffdbfbf2000 	D:\Code\Java\Projects\WireEngine20\lib\native\jemalloc.dll
0x00007ffdd40d0000 - 0x00007ffdd4108000 	D:\Code\Java\Projects\WireEngine20\lib\native\glfw.dll
0x00007ffddf850000 - 0x00007ffddf8e6000 	C:\WINDOWS\system32\uxtheme.dll
0x00007ffdde650000 - 0x00007ffdde672000 	C:\WINDOWS\SYSTEM32\dwmapi.dll
0x00007ffdc8b70000 - 0x00007ffdc8c99000 	C:\WINDOWS\SYSTEM32\opengl32.dll
0x00007ffdc6920000 - 0x00007ffdc6a1a000 	C:\WINDOWS\SYSTEM32\DDRAW.dll
0x00007ffdcd0c0000 - 0x00007ffdcd0ee000 	C:\WINDOWS\SYSTEM32\GLU32.dll
0x00007ffddaa30000 - 0x00007ffddaa38000 	C:\WINDOWS\SYSTEM32\DCIMAN32.dll
0x00007ffde3e80000 - 0x00007ffde3fda000 	C:\WINDOWS\system32\MSCTF.dll
0x00007ffdc9cc0000 - 0x00007ffdc9d09000 	C:\Program Files (x86)\TeamViewer\tv_x64.dll
0x00007ffde4140000 - 0x00007ffde4283000 	C:\WINDOWS\system32\ole32.dll
0x000000006e5f0000 - 0x0000000070339000 	C:\WINDOWS\SYSTEM32\nvoglv64.DLL
0x00007ffde4550000 - 0x00007ffde4979000 	C:\WINDOWS\system32\SETUPAPI.dll
0x00007ffddf2f0000 - 0x00007ffddf303000 	C:\WINDOWS\SYSTEM32\WTSAPI32.dll
0x00007ffddf9a0000 - 0x00007ffddf9c7000 	C:\WINDOWS\SYSTEM32\DEVOBJ.dll
0x00007ffde1170000 - 0x00007ffde11c5000 	C:\WINDOWS\system32\WINTRUST.dll
0x00007ffde0fa0000 - 0x00007ffde0fb0000 	C:\WINDOWS\system32\MSASN1.dll
0x00007ffde1820000 - 0x00007ffde19e7000 	C:\WINDOWS\system32\CRYPT32.dll
0x00007ffde04d0000 - 0x00007ffde0501000 	C:\WINDOWS\SYSTEM32\ntmarta.dll
0x00007ffde0220000 - 0x00007ffde0276000 	C:\WINDOWS\SYSTEM32\WINSTA.dll
0x00007ffde38a0000 - 0x00007ffde3947000 	C:\WINDOWS\system32\clbcatq.dll
0x00007ffdb9de0000 - 0x00007ffdb9f6c000 	C:\WINDOWS\SYSTEM32\dbghelp.dll

VM Arguments:
jvm_args: -agentlib:jdwp=transport=dt_socket,address=127.0.0.1:54155,suspend=y,server=n -Djava.library.path=lib/native/ -Dfile.encoding=UTF-8 
java_command: main.Main
java_class_path (initial): C:\Program Files\Java\jdk1.8.0_65\jre\lib\charsets.jar;C:\Program Files\Java\jdk1.8.0_65\jre\lib\deploy.jar;C:\Program Files\Java\jdk1.8.0_65\jre\lib\ext\access-bridge-64.jar;C:\Program Files\Java\jdk1.8.0_65\jre\lib\ext\cldrdata.jar;C:\Program Files\Java\jdk1.8.0_65\jre\lib\ext\dnsns.jar;C:\Program Files\Java\jdk1.8.0_65\jre\lib\ext\jaccess.jar;C:\Program Files\Java\jdk1.8.0_65\jre\lib\ext\jfxrt.jar;C:\Program Files\Java\jdk1.8.0_65\jre\lib\ext\localedata.jar;C:\Program Files\Java\jdk1.8.0_65\jre\lib\ext\nashorn.jar;C:\Program Files\Java\jdk1.8.0_65\jre\lib\ext\sunec.jar;C:\Program Files\Java\jdk1.8.0_65\jre\lib\ext\sunjce_provider.jar;C:\Program Files\Java\jdk1.8.0_65\jre\lib\ext\sunmscapi.jar;C:\Program Files\Java\jdk1.8.0_65\jre\lib\ext\sunpkcs11.jar;C:\Program Files\Java\jdk1.8.0_65\jre\lib\ext\zipfs.jar;C:\Program Files\Java\jdk1.8.0_65\jre\lib\javaws.jar;C:\Program Files\Java\jdk1.8.0_65\jre\lib\jce.jar;C:\Program Files\Java\jdk1.8.0_65\jre\lib\jfr.jar;C:\Program Files\Java\jdk1.8.0_65\jre\lib\jfxswt.jar;C:\Program Files\Java\jdk1.8.0_65\jre\lib\jsse.jar;C:\Program Files\Java\jdk1.8.0_65\jre\lib\management-agent.jar;C:\Program Files\Java\jdk1.8.0_65\jre\lib\plugin.jar;C:\Program Files\Java\jdk1.8.0_65\jre\lib\resources.jar;C:\Program Files\Java\jdk1.8.0_65\jre\lib\rt.jar;D:\Code\Java\Projects\WireEngine20\out\production\WireEngine20;D:\Code\Java\Projects\WireEngine20\lib\jar\lwjgl.jar;D:\Program Files (x86)\JetBrains\IntelliJ IDEA 2016.1\lib\idea_rt.jar
Launcher Type: SUN_STANDARD

Environment Variables:
JAVA_HOME=C:\Program Files\Java\jdk1.8.0_65
PATH=C:\ProgramData\Oracle\Java\javapath;C:\Program Files (x86)\Razer Chroma SDK\bin;C:\Program Files\Razer Chroma SDK\bin;C:\Program Files (x86)\NVIDIA Corporation\PhysX\Common;C:\Program Files (x86)\Intel\iCLS Client\;C:\Program Files\Intel\iCLS Client\;C:\Windows\system32;C:\Windows;C:\Windows\System32\Wbem;C:\Windows\System32\WindowsPowerShell\v1.0\;C:\Program Files\Intel\Intel(R) Management Engine Components\DAL;C:\Program Files (x86)\Intel\Intel(R) Management Engine Components\DAL;C:\Program Files\Intel\Intel(R) Management Engine Components\IPT;C:\Program Files (x86)\Intel\Intel(R) Management Engine Components\IPT;C:\Program Files\Java\jre1.8.0_65\bin;C:\MinGW\bin;C:\WINDOWS\system32;C:\WINDOWS;C:\WINDOWS\System32\Wbem;C:\WINDOWS\System32\WindowsPowerShell\v1.0\;D:\Program Files (x86)\CMake\bin;D:\Program Files\Programs\Python\Python35-32;D:\Program Files\Programs\Python\Python35-32\Scripts;C:\Program Files (x86)\Skype\Phone\;D:\Program Files\Programs\Python\Python35-32\Scripts\;D:\Program Files\Programs\Python\Python35-32\
USERNAME=Kelan
OS=Windows_NT
PROCESSOR_IDENTIFIER=Intel64 Family 6 Model 60 Stepping 3, GenuineIntel



---------------  S Y S T E M  ---------------

OS: Windows 10.0 , 64 bit Build 10586 (10.0.10586.0)

CPU:total 8 (4 cores per cpu, 2 threads per core) family 6 model 60 stepping 3, cmov, cx8, fxsr, mmx, sse, sse2, sse3, ssse3, sse4.1, sse4.2, popcnt, avx, avx2, aes, clmul, erms, lzcnt, ht, tsc, tscinvbit, bmi1, bmi2

Memory: 4k page, physical 16609500k(3951296k free), swap 33386716k(17401692k free)

vm_info: Java HotSpot(TM) 64-Bit Server VM (25.65-b01) for windows-amd64 JRE (1.8.0_65-b17), built on Oct  6 2015 16:39:20 by "java_re" with MS VC++ 10.0 (VS2010)

time: Sun Apr 10 21:56:39 2016
elapsed time: 4 seconds (0d 0h 0m 4s)

