#
# A fatal error has been detected by the Java Runtime Environment:
#
#  EXCEPTION_ACCESS_VIOLATION (0xc0000005) at pc=0x00007ffdd3df24b9, pid=5828, tid=13524
#
# JRE version: Java(TM) SE Runtime Environment (8.0_65-b17) (build 1.8.0_65-b17)
# Java VM: Java HotSpot(TM) 64-Bit Server VM (25.65-b01 mixed mode windows-amd64 compressed oops)
# Problematic frame:
# C  [glfw.dll+0x24b9]
#
# Failed to write core dump. Minidumps are not enabled by default on client versions of Windows
#
# If you would like to submit a bug report, please visit:
#   http://bugreport.java.com/bugreport/crash.jsp
# The crash happened outside the Java Virtual Machine in native code.
# See problematic frame for where to report the bug.
#

---------------  T H R E A D  ---------------

Current thread (0x000000001e1ca000):  JavaThread "CLIENT" [_thread_in_native, id=13524, stack(0x000000001ef10000,0x000000001f010000)]

siginfo: ExceptionCode=0xc0000005, reading address 0x0000000000000000

Registers:
RAX=0x0000000000000000, RBX=0x000000001b9c7888, RCX=0x0000000000000000, RDX=0x0000000000000000
RSP=0x000000001f00f260, RBP=0x000000001f00f310, RSI=0x0000000000000108, RDI=0x000000000095d2b0
R8 =0x000000001f00f258, R9 =0x000000001f00f310, R10=0x0000000000000000, R11=0x0000000000000246
R12=0x0000000000000000, R13=0x000000001b9c7888, R14=0x000000001f00f348, R15=0x000000001e1ca000
RIP=0x00007ffdd3df24b9, EFLAGS=0x0000000000010287

Top of Stack: (sp=0x000000001f00f260)
0x000000001f00f260:   000000001e1ca000 000000001e1ca000
0x000000001f00f270:   000000001b9e1608 000000007052d610
0x000000001f00f280:   000000000000012a 000000000257dfcc
0x000000001f00f290:   000000001b9c7888 000000001bf515d0
0x000000001f00f2a0:   000000000000000e 000000001e1ca000
0x000000001f00f2b0:   000000001b9e1608 000000007052aea4
0x000000001f00f2c0:   000000001e1ca000 000000001e1ca000
0x000000001f00f2d0:   000000001f00f2d0 0000000000000000
0x000000001f00f2e0:   000000001f00f348 000000001b9c8028
0x000000001f00f2f0:   0000000000000000 000000001b9c7888
0x000000001f00f300:   0000000000000000 000000001f00f330
0x000000001f00f310:   000000001f00f390 0000000002567d8d
0x000000001f00f320:   00000006c2810000 00000000025742f8
0x000000001f00f330:   000000000095d2b0 00000000025678a0
0x000000001f00f340:   00007ffdd3df2420 0000000000000001
0x000000001f00f350:   000000001f00f350 000000001b9e15dc 

Instructions: (pc=0x00007ffdd3df24b9)
0x00007ffdd3df2499:   48 8b cf e8 1f 3a 00 00 48 39 3d f0 d5 02 00 48
0x00007ffdd3df24a9:   8d 0d e9 d5 02 00 48 8b 5c 24 30 74 08 48 8b 09
0x00007ffdd3df24b9:   48 39 39 75 f8 48 8b 07 48 89 01 48 8b cf 48 83
0x00007ffdd3df24c9:   c4 20 5f e9 5b fe 00 00 48 83 c4 20 5f c3 cc cc 


Register to memory mapping:

RAX=0x0000000000000000 is an unknown value
RBX={method} {0x000000001b9c7890} 'invokePV' '(JJ)V' in 'org/lwjgl/system/JNI'
RCX=0x0000000000000000 is an unknown value
RDX=0x0000000000000000 is an unknown value
RSP=0x000000001f00f260 is pointing into the stack for thread: 0x000000001e1ca000
RBP=0x000000001f00f310 is pointing into the stack for thread: 0x000000001e1ca000
RSI=0x0000000000000108 is an unknown value
RDI=0x000000000095d2b0 is an unknown value
R8 =0x000000001f00f258 is pointing into the stack for thread: 0x000000001e1ca000
R9 =0x000000001f00f310 is pointing into the stack for thread: 0x000000001e1ca000
R10=0x0000000000000000 is an unknown value
R11=0x0000000000000246 is an unknown value
R12=0x0000000000000000 is an unknown value
R13={method} {0x000000001b9c7890} 'invokePV' '(JJ)V' in 'org/lwjgl/system/JNI'
R14=0x000000001f00f348 is pointing into the stack for thread: 0x000000001e1ca000
R15=0x000000001e1ca000 is a thread


Stack: [0x000000001ef10000,0x000000001f010000],  sp=0x000000001f00f260,  free space=1020k
Native frames: (J=compiled Java code, j=interpreted, Vv=VM code, C=native code)
C  [glfw.dll+0x24b9]
C  0x000000000257dfcc

Java frames: (J=compiled Java code, j=interpreted, Vv=VM code)
j  org.lwjgl.system.JNI.invokePV(JJ)V+0
j  org.lwjgl.glfw.GLFW.glfwDestroyCursor(J)V+20
j  main.client.Window.destroyWindow()V+9
j  main.coreEngine.Engine.stop()V+70
j  main.client.Window.update()V+43
j  main.client.renderEngine.RenderEngine.render()V+29
j  main.client.ClientThread.tick()V+12
J 435% C1 main.coreEngine.TickableThread.run()V (481 bytes) @ 0x00000000027bf0dc [0x00000000027ba800+0x48dc]
v  ~StubRoutines::call_stub

---------------  P R O C E S S  ---------------

Java Threads: ( => current thread )
  0x000000001e1cb000 JavaThread "SERVER" [_thread_in_Java, id=912, stack(0x000000001f010000,0x000000001f110000)]
=>0x000000001e1ca000 JavaThread "CLIENT" [_thread_in_native, id=13524, stack(0x000000001ef10000,0x000000001f010000)]
  0x000000001e08b800 JavaThread "Service Thread" daemon [_thread_blocked, id=12908, stack(0x000000001ed10000,0x000000001ee10000)]
  0x000000001e073000 JavaThread "C1 CompilerThread3" daemon [_thread_blocked, id=7088, stack(0x000000001ec10000,0x000000001ed10000)]
  0x000000001e066000 JavaThread "C2 CompilerThread2" daemon [_thread_blocked, id=4192, stack(0x000000001eb10000,0x000000001ec10000)]
  0x000000001e065800 JavaThread "C2 CompilerThread1" daemon [_thread_blocked, id=7036, stack(0x000000001ea10000,0x000000001eb10000)]
  0x000000001e06a800 JavaThread "C2 CompilerThread0" daemon [_thread_blocked, id=11676, stack(0x000000001e910000,0x000000001ea10000)]
  0x000000001e050000 JavaThread "JDWP Command Reader" daemon [_thread_in_native, id=14036, stack(0x000000001e810000,0x000000001e910000)]
  0x000000001e04f000 JavaThread "JDWP Event Helper Thread" daemon [_thread_blocked, id=1788, stack(0x000000001e710000,0x000000001e810000)]
  0x000000001e041800 JavaThread "JDWP Transport Listener: dt_socket" daemon [_thread_blocked, id=4420, stack(0x000000001e610000,0x000000001e710000)]
  0x000000001e037800 JavaThread "Attach Listener" daemon [_thread_blocked, id=12796, stack(0x000000001e510000,0x000000001e610000)]
  0x000000001e036800 JavaThread "Signal Dispatcher" daemon [_thread_blocked, id=11848, stack(0x000000001e410000,0x000000001e510000)]
  0x000000000255b800 JavaThread "Finalizer" daemon [_thread_blocked, id=14060, stack(0x000000001de30000,0x000000001df30000)]
  0x000000001bf4d800 JavaThread "Reference Handler" daemon [_thread_blocked, id=7860, stack(0x000000001dd30000,0x000000001de30000)]
  0x000000000235e000 JavaThread "main" [_thread_in_Java, id=936, stack(0x0000000002360000,0x0000000002460000)]

Other Threads:
  0x000000001bf49000 VMThread [stack: 0x000000001dc30000,0x000000001dd30000] [id=4932]
  0x000000001e12b800 WatcherThread [stack: 0x000000001ee10000,0x000000001ef10000] [id=12124]

VM state:not at safepoint (normal execution)

VM Mutex/Monitor currently owned by a thread: None

Heap:
 PSYoungGen      total 191488K, used 97047K [0x000000076b800000, 0x000000077b180000, 0x00000007c0000000)
  eden space 190976K, 50% used [0x000000076b800000,0x00000007716b5fb0,0x0000000777280000)
  from space 512K, 12% used [0x000000077b100000,0x000000077b110000,0x000000077b180000)
  to   space 2560K, 0% used [0x000000077ac80000,0x000000077ac80000,0x000000077af00000)
 ParOldGen       total 173568K, used 1224K [0x00000006c2800000, 0x00000006cd180000, 0x000000076b800000)
  object space 173568K, 0% used [0x00000006c2800000,0x00000006c2932070,0x00000006cd180000)
 Metaspace       used 7966K, capacity 8486K, committed 8704K, reserved 1056768K
  class space    used 642K, capacity 658K, committed 768K, reserved 1048576K

Card table byte_map: [0x0000000011920000,0x0000000012110000] byte_map_base: 0x000000000e30c000

Marking Bits: (ParMarkBitMap*) 0x0000000070c0a5b0
 Begin Bits: [0x0000000012e60000, 0x0000000016dc0000)
 End Bits:   [0x0000000016dc0000, 0x000000001ad20000)

Polling page: 0x0000000002240000

CodeCache: size=245760Kb used=2636Kb max_used=2650Kb free=243123Kb
 bounds [0x0000000002560000, 0x0000000002810000, 0x0000000011560000]
 total_blobs=1112 nmethods=469 adapters=564
 compilation: enabled

Compilation events (10 events):
Event: 0.995 Thread 0x000000001e065800  464       4       java.util.ArrayList::get (11 bytes)
Event: 0.995 Thread 0x000000001e065800 nmethod 464 0x00000000027d0b10 code [0x00000000027d0c60, 0x00000000027d0d78]
Event: 1.028 Thread 0x000000001e073000  465       3       org.lwjgl.opengl.GL11::getInstance (7 bytes)
Event: 1.029 Thread 0x000000001e073000 nmethod 465 0x00000000027d8e10 code [0x00000000027d8fe0, 0x00000000027d9608]
Event: 1.029 Thread 0x000000001e073000  466       3       org.lwjgl.opengl.GL11::getInstance (11 bytes)
Event: 1.029 Thread 0x000000001e073000 nmethod 466 0x00000000027d7810 code [0x00000000027d79a0, 0x00000000027d7c68]
Event: 1.062 Thread 0x000000001e073000  467       3       org.lwjgl.system.Checks::checkFunctionAddress (18 bytes)
Event: 1.062 Thread 0x000000001e073000 nmethod 467 0x00000000027d7310 code [0x00000000027d7480, 0x00000000027d76e8]
Event: 1.112 Thread 0x000000001e066000  468       4       java.util.ArrayList::set (20 bytes)
Event: 1.113 Thread 0x000000001e066000 nmethod 468 0x00000000027d59d0 code [0x00000000027d5b20, 0x00000000027d5c98]

GC Heap History (10 events):
Event: 1.471 GC heap before
{Heap before GC invocations=10 (full 0):
 PSYoungGen      total 233472K, used 231040K [0x000000076b800000, 0x000000077b780000, 0x00000007c0000000)
  eden space 230912K, 100% used [0x000000076b800000,0x0000000779980000,0x0000000779980000)
  from space 2560K, 5% used [0x000000077b280000,0x000000077b2a0000,0x000000077b500000)
  to   space 2560K, 0% used [0x000000077b500000,0x000000077b500000,0x000000077b780000)
 ParOldGen       total 173568K, used 1200K [0x00000006c2800000, 0x00000006cd180000, 0x000000076b800000)
  object space 173568K, 0% used [0x00000006c2800000,0x00000006c292c070,0x00000006cd180000)
 Metaspace       used 7966K, capacity 8486K, committed 8704K, reserved 1056768K
  class space    used 642K, capacity 658K, committed 768K, reserved 1048576K
Event: 1.472 GC heap after
Heap after GC invocations=10 (full 0):
 PSYoungGen      total 222720K, used 96K [0x000000076b800000, 0x000000077b580000, 0x00000007c0000000)
  eden space 222208K, 0% used [0x000000076b800000,0x000000076b800000,0x0000000779100000)
  from space 512K, 18% used [0x000000077b500000,0x000000077b518000,0x000000077b580000)
  to   space 2560K, 0% used [0x000000077b080000,0x000000077b080000,0x000000077b300000)
 ParOldGen       total 173568K, used 1224K [0x00000006c2800000, 0x00000006cd180000, 0x000000076b800000)
  object space 173568K, 0% used [0x00000006c2800000,0x00000006c2932070,0x00000006cd180000)
 Metaspace       used 7966K, capacity 8486K, committed 8704K, reserved 1056768K
  class space    used 642K, capacity 658K, committed 768K, reserved 1048576K
}
Event: 1.572 GC heap before
{Heap before GC invocations=11 (full 0):
 PSYoungGen      total 222720K, used 222304K [0x000000076b800000, 0x000000077b580000, 0x00000007c0000000)
  eden space 222208K, 100% used [0x000000076b800000,0x0000000779100000,0x0000000779100000)
  from space 512K, 18% used [0x000000077b500000,0x000000077b518000,0x000000077b580000)
  to   space 2560K, 0% used [0x000000077b080000,0x000000077b080000,0x000000077b300000)
 ParOldGen       total 173568K, used 1224K [0x00000006c2800000, 0x00000006cd180000, 0x000000076b800000)
  object space 173568K, 0% used [0x00000006c2800000,0x00000006c2932070,0x00000006cd180000)
 Metaspace       used 7966K, capacity 8486K, committed 8704K, reserved 1056768K
  class space    used 642K, capacity 658K, committed 768K, reserved 1048576K
Event: 1.573 GC heap after
Heap after GC invocations=11 (full 0):
 PSYoungGen      total 216576K, used 64K [0x000000076b800000, 0x000000077b580000, 0x00000007c0000000)
  eden space 214016K, 0% used [0x000000076b800000,0x000000076b800000,0x0000000778900000)
  from space 2560K, 2% used [0x000000077b080000,0x000000077b090000,0x000000077b300000)
  to   space 2560K, 0% used [0x000000077b300000,0x000000077b300000,0x000000077b580000)
 ParOldGen       total 173568K, used 1224K [0x00000006c2800000, 0x00000006cd180000, 0x000000076b800000)
  object space 173568K, 0% used [0x00000006c2800000,0x00000006c2932070,0x00000006cd180000)
 Metaspace       used 7966K, capacity 8486K, committed 8704K, reserved 1056768K
  class space    used 642K, capacity 658K, committed 768K, reserved 1048576K
}
Event: 1.668 GC heap before
{Heap before GC invocations=12 (full 0):
 PSYoungGen      total 216576K, used 214080K [0x000000076b800000, 0x000000077b580000, 0x00000007c0000000)
  eden space 214016K, 100% used [0x000000076b800000,0x0000000778900000,0x0000000778900000)
  from space 2560K, 2% used [0x000000077b080000,0x000000077b090000,0x000000077b300000)
  to   space 2560K, 0% used [0x000000077b300000,0x000000077b300000,0x000000077b580000)
 ParOldGen       total 173568K, used 1224K [0x00000006c2800000, 0x00000006cd180000, 0x000000076b800000)
  object space 173568K, 0% used [0x00000006c2800000,0x00000006c2932070,0x00000006cd180000)
 Metaspace       used 7966K, capacity 8486K, committed 8704K, reserved 1056768K
  class space    used 642K, capacity 658K, committed 768K, reserved 1048576K
Event: 1.668 GC heap after
Heap after GC invocations=12 (full 0):
 PSYoungGen      total 206336K, used 96K [0x000000076b800000, 0x000000077b380000, 0x00000007c0000000)
  eden space 205824K, 0% used [0x000000076b800000,0x000000076b800000,0x0000000778100000)
  from space 512K, 18% used [0x000000077b300000,0x000000077b318000,0x000000077b380000)
  to   space 2560K, 0% used [0x000000077ae80000,0x000000077ae80000,0x000000077b100000)
 ParOldGen       total 173568K, used 1224K [0x00000006c2800000, 0x00000006cd180000, 0x000000076b800000)
  object space 173568K, 0% used [0x00000006c2800000,0x00000006c2932070,0x00000006cd180000)
 Metaspace       used 7966K, capacity 8486K, committed 8704K, reserved 1056768K
  class space    used 642K, capacity 658K, committed 768K, reserved 1048576K
}
Event: 1.763 GC heap before
{Heap before GC invocations=13 (full 0):
 PSYoungGen      total 206336K, used 205920K [0x000000076b800000, 0x000000077b380000, 0x00000007c0000000)
  eden space 205824K, 100% used [0x000000076b800000,0x0000000778100000,0x0000000778100000)
  from space 512K, 18% used [0x000000077b300000,0x000000077b318000,0x000000077b380000)
  to   space 2560K, 0% used [0x000000077ae80000,0x000000077ae80000,0x000000077b100000)
 ParOldGen       total 173568K, used 1224K [0x00000006c2800000, 0x00000006cd180000, 0x000000076b800000)
  object space 173568K, 0% used [0x00000006c2800000,0x00000006c2932070,0x00000006cd180000)
 Metaspace       used 7966K, capacity 8486K, committed 8704K, reserved 1056768K
  class space    used 642K, capacity 658K, committed 768K, reserved 1048576K
Event: 1.763 GC heap after
Heap after GC invocations=13 (full 0):
 PSYoungGen      total 200704K, used 32K [0x000000076b800000, 0x000000077b380000, 0x00000007c0000000)
  eden space 198144K, 0% used [0x000000076b800000,0x000000076b800000,0x0000000777980000)
  from space 2560K, 1% used [0x000000077ae80000,0x000000077ae88000,0x000000077b100000)
  to   space 2560K, 0% used [0x000000077b100000,0x000000077b100000,0x000000077b380000)
 ParOldGen       total 173568K, used 1224K [0x00000006c2800000, 0x00000006cd180000, 0x000000076b800000)
  object space 173568K, 0% used [0x00000006c2800000,0x00000006c2932070,0x00000006cd180000)
 Metaspace       used 7966K, capacity 8486K, committed 8704K, reserved 1056768K
  class space    used 642K, capacity 658K, committed 768K, reserved 1048576K
}
Event: 1.857 GC heap before
{Heap before GC invocations=14 (full 0):
 PSYoungGen      total 200704K, used 198176K [0x000000076b800000, 0x000000077b380000, 0x00000007c0000000)
  eden space 198144K, 100% used [0x000000076b800000,0x0000000777980000,0x0000000777980000)
  from space 2560K, 1% used [0x000000077ae80000,0x000000077ae88000,0x000000077b100000)
  to   space 2560K, 0% used [0x000000077b100000,0x000000077b100000,0x000000077b380000)
 ParOldGen       total 173568K, used 1224K [0x00000006c2800000, 0x00000006cd180000, 0x000000076b800000)
  object space 173568K, 0% used [0x00000006c2800000,0x00000006c2932070,0x00000006cd180000)
 Metaspace       used 7966K, capacity 8486K, committed 8704K, reserved 1056768K
  class space    used 642K, capacity 658K, committed 768K, reserved 1048576K
Event: 1.857 GC heap after
Heap after GC invocations=14 (full 0):
 PSYoungGen      total 191488K, used 64K [0x000000076b800000, 0x000000077b180000, 0x00000007c0000000)
  eden space 190976K, 0% used [0x000000076b800000,0x000000076b800000,0x0000000777280000)
  from space 512K, 12% used [0x000000077b100000,0x000000077b110000,0x000000077b180000)
  to   space 2560K, 0% used [0x000000077ac80000,0x000000077ac80000,0x000000077af00000)
 ParOldGen       total 173568K, used 1224K [0x00000006c2800000, 0x00000006cd180000, 0x000000076b800000)
  object space 173568K, 0% used [0x00000006c2800000,0x00000006c2932070,0x00000006cd180000)
 Metaspace       used 7966K, capacity 8486K, committed 8704K, reserved 1056768K
  class space    used 642K, capacity 658K, committed 768K, reserved 1048576K
}

Deoptimization events (10 events):
Event: 0.124 Thread 0x000000001e1ca000 Uncommon trap: reason=unstable_if action=reinterpret pc=0x000000000269a9e4 method=java.util.HashMap$HashIterator.<init>(Ljava/util/HashMap;)V @ 38
Event: 0.132 Thread 0x000000001e1ca000 Uncommon trap: reason=bimorphic action=maybe_recompile pc=0x00000000026a2e74 method=java.util.HashMap.getNode(ILjava/lang/Object;)Ljava/util/HashMap$Node; @ 126
Event: 0.360 Thread 0x000000001e1ca000 Uncommon trap: reason=bimorphic action=maybe_recompile pc=0x00000000026a2e74 method=java.util.HashMap.getNode(ILjava/lang/Object;)Ljava/util/HashMap$Node; @ 126
Event: 0.361 Thread 0x000000001e1ca000 Uncommon trap: reason=bimorphic action=maybe_recompile pc=0x00000000026a2e74 method=java.util.HashMap.getNode(ILjava/lang/Object;)Ljava/util/HashMap$Node; @ 126
Event: 0.365 Thread 0x000000001e1ca000 Uncommon trap: reason=unstable_if action=reinterpret pc=0x000000000269ff58 method=java.util.HashMap.keySet()Ljava/util/Set; @ 6
Event: 0.767 Thread 0x000000001e1ca000 Uncommon trap: reason=unstable_if action=reinterpret pc=0x000000000269b0c4 method=java.util.HashMap.clear()V @ 16
Event: 0.767 Thread 0x000000001e1ca000 Uncommon trap: reason=unstable_if action=reinterpret pc=0x00000000026a0198 method=java.util.HashMap.clear()V @ 16
Event: 0.767 Thread 0x000000000235e000 Uncommon trap: reason=unstable_if action=reinterpret pc=0x00000000026cc0ac method=main.coreEngine.TickableThread.invoke(Ljava/lang/String;[Ljava/lang/Object;)V @ 53
Event: 0.767 Thread 0x000000001e1cb000 Uncommon trap: reason=unstable_if action=reinterpret pc=0x00000000026d39f4 method=main.coreEngine.TickableThread.run()V @ 58
Event: 0.866 Thread 0x000000001e1cb000 Uncommon trap: reason=unstable_if action=reinterpret pc=0x00000000027e4e64 method=main.coreEngine.TickableThread.run()V @ 461

Internal exceptions (8 events):
Event: 0.023 Thread 0x000000000235e000 Exception <a 'java/lang/NoSuchMethodError': Method sun.misc.Unsafe.defineClass(Ljava/lang/String;[BII)Ljava/lang/Class; name or signature does not match> (0x000000076b80d9b8) thrown at [C:\workspace\8-2-build-windows-amd64-cygwin\jdk8u65\4987\hotspot\src\s¡T^6'÷—?
Event: 0.023 Thread 0x000000000235e000 Exception <a 'java/lang/NoSuchMethodError': Method sun.misc.Unsafe.prefetchRead(Ljava/lang/Object;J)V name or signature does not match> (0x000000076b80dca0) thrown at [C:\workspace\8-2-build-windows-amd64-cygwin\jdk8u65\4987\hotspot\src\share\vm\prims\jni.p°;‰7Ã?
Event: 0.150 Thread 0x000000001e1ca000 Exception <a 'java/lang/ArrayIndexOutOfBoundsException': -1> (0x000000076cbfe6e8) thrown at [C:\workspace\8-2-build-windows-amd64-cygwin\jdk8u65\4987\hotspot\src\share\vm\interpreter\interpreterRuntime.cpp, line 366]
Event: 0.360 Thread 0x000000001e1ca000 Exception <a 'java/security/PrivilegedActionException'> (0x000000076d37cbb0) thrown at [C:\workspace\8-2-build-windows-amd64-cygwin\jdk8u65\4987\hotspot\src\share\vm\prims\jvm.cpp, line 1386]
Event: 0.360 Thread 0x000000001e1ca000 Exception <a 'java/security/PrivilegedActionException'> (0x000000076d37cfa8) thrown at [C:\workspace\8-2-build-windows-amd64-cygwin\jdk8u65\4987\hotspot\src\share\vm\prims\jvm.cpp, line 1386]
Event: 0.361 Thread 0x000000001e1ca000 Exception <a 'java/security/PrivilegedActionException'> (0x000000076d3811c0) thrown at [C:\workspace\8-2-build-windows-amd64-cygwin\jdk8u65\4987\hotspot\src\share\vm\prims\jvm.cpp, line 1386]
Event: 0.361 Thread 0x000000001e1ca000 Exception <a 'java/security/PrivilegedActionException'> (0x000000076d3815b8) thrown at [C:\workspace\8-2-build-windows-amd64-cygwin\jdk8u65\4987\hotspot\src\share\vm\prims\jvm.cpp, line 1386]
Event: 0.767 Thread 0x000000000235e000 Implicit null exception at 0x00000000026cbac4 to 0x00000000026cc085

Events (10 events):
Event: 1.471 Executing VM operation: ParallelGCFailedAllocation
Event: 1.472 Executing VM operation: ParallelGCFailedAllocation done
Event: 1.572 Executing VM operation: ParallelGCFailedAllocation
Event: 1.573 Executing VM operation: ParallelGCFailedAllocation done
Event: 1.668 Executing VM operation: ParallelGCFailedAllocation
Event: 1.668 Executing VM operation: ParallelGCFailedAllocation done
Event: 1.762 Executing VM operation: ParallelGCFailedAllocation
Event: 1.763 Executing VM operation: ParallelGCFailedAllocation done
Event: 1.857 Executing VM operation: ParallelGCFailedAllocation
Event: 1.857 Executing VM operation: ParallelGCFailedAllocation done


Dynamic libraries:
0x00007ff7d2c20000 - 0x00007ff7d2c57000 	C:\Program Files\Java\jdk1.8.0_65\bin\java.exe
0x00007ffde4980000 - 0x00007ffde4b41000 	C:\WINDOWS\SYSTEM32\ntdll.dll
0x00007ffde42a0000 - 0x00007ffde434d000 	C:\WINDOWS\system32\KERNEL32.DLL
0x00007ffde19f0000 - 0x00007ffde1bd8000 	C:\WINDOWS\system32\KERNELBASE.dll
0x00007ffde1e70000 - 0x00007ffde1f17000 	C:\WINDOWS\system32\ADVAPI32.dll
0x00007ffde3800000 - 0x00007ffde389d000 	C:\WINDOWS\system32\msvcrt.dll
0x00007ffde1e10000 - 0x00007ffde1e6b000 	C:\WINDOWS\system32\sechost.dll
0x00007ffde3bd0000 - 0x00007ffde3cec000 	C:\WINDOWS\system32\RPCRT4.dll
0x00007ffde3fe0000 - 0x00007ffde4136000 	C:\WINDOWS\system32\USER32.dll
0x00007ffde3cf0000 - 0x00007ffde3e76000 	C:\WINDOWS\system32\GDI32.dll
0x00007ffddd690000 - 0x00007ffddd904000 	C:\WINDOWS\WinSxS\amd64_microsoft.windows.common-controls_6595b64144ccf1df_6.0.10586.0_none_8c15ae12515e1c22\COMCTL32.dll
0x00007ffde3950000 - 0x00007ffde3bcd000 	C:\WINDOWS\system32\combase.dll
0x00007ffde1cf0000 - 0x00007ffde1d5a000 	C:\WINDOWS\system32\bcryptPrimitives.dll
0x00007ffde1dc0000 - 0x00007ffde1dfb000 	C:\WINDOWS\system32\IMM32.DLL
0x0000000070c90000 - 0x0000000070d62000 	C:\Program Files\Java\jdk1.8.0_65\jre\bin\msvcr100.dll
0x0000000070400000 - 0x0000000070c89000 	C:\Program Files\Java\jdk1.8.0_65\jre\bin\server\jvm.dll
0x00007ffde4290000 - 0x00007ffde4298000 	C:\WINDOWS\system32\PSAPI.DLL
0x00007ffddd9c0000 - 0x00007ffddd9ca000 	C:\WINDOWS\SYSTEM32\VERSION.dll
0x00007ffdd8550000 - 0x00007ffdd8559000 	C:\WINDOWS\SYSTEM32\WSOCK32.dll
0x00007ffddf730000 - 0x00007ffddf753000 	C:\WINDOWS\SYSTEM32\WINMM.dll
0x00007ffde4470000 - 0x00007ffde44db000 	C:\WINDOWS\system32\WS2_32.dll
0x00000000022f0000 - 0x000000000231c000 	C:\WINDOWS\SYSTEM32\WINMMBASE.dll
0x00007ffde1be0000 - 0x00007ffde1c23000 	C:\WINDOWS\system32\cfgmgr32.dll
0x00000000703f0000 - 0x00000000703ff000 	C:\Program Files\Java\jdk1.8.0_65\jre\bin\verify.dll
0x00000000703c0000 - 0x00000000703e9000 	C:\Program Files\Java\jdk1.8.0_65\jre\bin\java.dll
0x0000000070380000 - 0x00000000703b5000 	C:\Program Files\Java\jdk1.8.0_65\jre\bin\jdwp.dll
0x0000000070370000 - 0x0000000070378000 	C:\Program Files\Java\jdk1.8.0_65\jre\bin\npt.dll
0x0000000070350000 - 0x0000000070366000 	C:\Program Files\Java\jdk1.8.0_65\jre\bin\zip.dll
0x00007ffde1f80000 - 0x00007ffde34dc000 	C:\WINDOWS\system32\SHELL32.dll
0x00007ffde11d0000 - 0x00007ffde1815000 	C:\WINDOWS\system32\windows.storage.dll
0x00007ffde36b0000 - 0x00007ffde3702000 	C:\WINDOWS\system32\shlwapi.dll
0x00007ffde0fb0000 - 0x00007ffde0fbf000 	C:\WINDOWS\system32\kernel.appcore.dll
0x00007ffde1c30000 - 0x00007ffde1ce5000 	C:\WINDOWS\system32\shcore.dll
0x00007ffde0fc0000 - 0x00007ffde100b000 	C:\WINDOWS\system32\powrprof.dll
0x00007ffde0f80000 - 0x00007ffde0f94000 	C:\WINDOWS\system32\profapi.dll
0x0000000070340000 - 0x0000000070349000 	C:\Program Files\Java\jdk1.8.0_65\jre\bin\dt_socket.dll
0x00007ffde08b0000 - 0x00007ffde090c000 	C:\WINDOWS\system32\mswsock.dll
0x00007ffdcfcf0000 - 0x00007ffdcfd78000 	D:\Code\Java\Projects\WireEngine20\lib\native\lwjgl.dll
0x00007ffde0a80000 - 0x00007ffde0a8b000 	C:\WINDOWS\SYSTEM32\CRYPTBASE.DLL
0x00007ffdd4190000 - 0x00007ffdd41d2000 	D:\Code\Java\Projects\WireEngine20\lib\native\jemalloc.dll
0x00007ffdd3df0000 - 0x00007ffdd3e28000 	D:\Code\Java\Projects\WireEngine20\lib\native\glfw.dll
0x00007ffddf850000 - 0x00007ffddf8e6000 	C:\WINDOWS\system32\uxtheme.dll
0x00007ffdde650000 - 0x00007ffdde672000 	C:\WINDOWS\SYSTEM32\dwmapi.dll
0x00007ffdc9d10000 - 0x00007ffdc9e39000 	C:\WINDOWS\SYSTEM32\opengl32.dll
0x00007ffdcc690000 - 0x00007ffdcc6be000 	C:\WINDOWS\SYSTEM32\GLU32.dll
0x00007ffdc8ba0000 - 0x00007ffdc8c9a000 	C:\WINDOWS\SYSTEM32\DDRAW.dll
0x00007ffdd3d80000 - 0x00007ffdd3d88000 	C:\WINDOWS\SYSTEM32\DCIMAN32.dll
0x00007ffde3e80000 - 0x00007ffde3fda000 	C:\WINDOWS\system32\MSCTF.dll
0x00007ffdc3f50000 - 0x00007ffdc3f99000 	C:\Program Files (x86)\TeamViewer\tv_x64.dll
0x00007ffde4140000 - 0x00007ffde4283000 	C:\WINDOWS\system32\ole32.dll
0x000000006e5f0000 - 0x0000000070339000 	C:\WINDOWS\SYSTEM32\nvoglv64.DLL
0x00007ffde4550000 - 0x00007ffde4979000 	C:\WINDOWS\system32\SETUPAPI.dll
0x00007ffddf2f0000 - 0x00007ffddf303000 	C:\WINDOWS\SYSTEM32\WTSAPI32.dll
0x00007ffddf9a0000 - 0x00007ffddf9c7000 	C:\WINDOWS\SYSTEM32\DEVOBJ.dll
0x00007ffde1170000 - 0x00007ffde11c5000 	C:\WINDOWS\system32\WINTRUST.dll
0x00007ffde0fa0000 - 0x00007ffde0fb0000 	C:\WINDOWS\system32\MSASN1.dll
0x00007ffde1820000 - 0x00007ffde19e7000 	C:\WINDOWS\system32\CRYPT32.dll
0x00007ffde04d0000 - 0x00007ffde0501000 	C:\WINDOWS\SYSTEM32\ntmarta.dll
0x00007ffde0220000 - 0x00007ffde0276000 	C:\WINDOWS\SYSTEM32\WINSTA.dll
0x00007ffde38a0000 - 0x00007ffde3947000 	C:\WINDOWS\system32\clbcatq.dll
0x00007ffdb9de0000 - 0x00007ffdb9f6c000 	C:\WINDOWS\SYSTEM32\dbghelp.dll

VM Arguments:
jvm_args: -agentlib:jdwp=transport=dt_socket,address=127.0.0.1:61125,suspend=y,server=n -Djava.library.path=lib/native/ -Dfile.encoding=UTF-8 
java_command: main.Main
java_class_path (initial): C:\Program Files\Java\jdk1.8.0_65\jre\lib\charsets.jar;C:\Program Files\Java\jdk1.8.0_65\jre\lib\deploy.jar;C:\Program Files\Java\jdk1.8.0_65\jre\lib\ext\access-bridge-64.jar;C:\Program Files\Java\jdk1.8.0_65\jre\lib\ext\cldrdata.jar;C:\Program Files\Java\jdk1.8.0_65\jre\lib\ext\dnsns.jar;C:\Program Files\Java\jdk1.8.0_65\jre\lib\ext\jaccess.jar;C:\Program Files\Java\jdk1.8.0_65\jre\lib\ext\jfxrt.jar;C:\Program Files\Java\jdk1.8.0_65\jre\lib\ext\localedata.jar;C:\Program Files\Java\jdk1.8.0_65\jre\lib\ext\nashorn.jar;C:\Program Files\Java\jdk1.8.0_65\jre\lib\ext\sunec.jar;C:\Program Files\Java\jdk1.8.0_65\jre\lib\ext\sunjce_provider.jar;C:\Program Files\Java\jdk1.8.0_65\jre\lib\ext\sunmscapi.jar;C:\Program Files\Java\jdk1.8.0_65\jre\lib\ext\sunpkcs11.jar;C:\Program Files\Java\jdk1.8.0_65\jre\lib\ext\zipfs.jar;C:\Program Files\Java\jdk1.8.0_65\jre\lib\javaws.jar;C:\Program Files\Java\jdk1.8.0_65\jre\lib\jce.jar;C:\Program Files\Java\jdk1.8.0_65\jre\lib\jfr.jar;C:\Program Files\Java\jdk1.8.0_65\jre\lib\jfxswt.jar;C:\Program Files\Java\jdk1.8.0_65\jre\lib\jsse.jar;C:\Program Files\Java\jdk1.8.0_65\jre\lib\management-agent.jar;C:\Program Files\Java\jdk1.8.0_65\jre\lib\plugin.jar;C:\Program Files\Java\jdk1.8.0_65\jre\lib\resources.jar;C:\Program Files\Java\jdk1.8.0_65\jre\lib\rt.jar;D:\Code\Java\Projects\WireEngine20\out\production\WireEngine20;D:\Code\Java\Projects\WireEngine20\lib\jar\lwjgl.jar;D:\Program Files (x86)\JetBrains\IntelliJ IDEA 2016.1\lib\idea_rt.jar
Launcher Type: SUN_STANDARD

Environment Variables:
JAVA_HOME=C:\Program Files\Java\jdk1.8.0_65
PATH=C:\ProgramData\Oracle\Java\javapath;C:\Program Files (x86)\Razer Chroma SDK\bin;C:\Program Files\Razer Chroma SDK\bin;C:\Program Files (x86)\NVIDIA Corporation\PhysX\Common;C:\Program Files (x86)\Intel\iCLS Client\;C:\Program Files\Intel\iCLS Client\;C:\Windows\system32;C:\Windows;C:\Windows\System32\Wbem;C:\Windows\System32\WindowsPowerShell\v1.0\;C:\Program Files\Intel\Intel(R) Management Engine Components\DAL;C:\Program Files (x86)\Intel\Intel(R) Management Engine Components\DAL;C:\Program Files\Intel\Intel(R) Management Engine Components\IPT;C:\Program Files (x86)\Intel\Intel(R) Management Engine Components\IPT;C:\Program Files\Java\jre1.8.0_65\bin;C:\MinGW\bin;C:\WINDOWS\system32;C:\WINDOWS;C:\WINDOWS\System32\Wbem;C:\WINDOWS\System32\WindowsPowerShell\v1.0\;D:\Program Files (x86)\CMake\bin;D:\Program Files\Programs\Python\Python35-32;D:\Program Files\Programs\Python\Python35-32\Scripts;C:\Program Files (x86)\Skype\Phone\;D:\Program Files\Programs\Python\Python35-32\Scripts\;D:\Program Files\Programs\Python\Python35-32\
USERNAME=Kelan
OS=Windows_NT
PROCESSOR_IDENTIFIER=Intel64 Family 6 Model 60 Stepping 3, GenuineIntel



---------------  S Y S T E M  ---------------

OS: Windows 10.0 , 64 bit Build 10586 (10.0.10586.0)

CPU:total 8 (4 cores per cpu, 2 threads per core) family 6 model 60 stepping 3, cmov, cx8, fxsr, mmx, sse, sse2, sse3, ssse3, sse4.1, sse4.2, popcnt, avx, avx2, aes, clmul, erms, lzcnt, ht, tsc, tscinvbit, bmi1, bmi2

Memory: 4k page, physical 16609500k(5373236k free), swap 33386716k(19501164k free)

vm_info: Java HotSpot(TM) 64-Bit Server VM (25.65-b01) for windows-amd64 JRE (1.8.0_65-b17), built on Oct  6 2015 16:39:20 by "java_re" with MS VC++ 10.0 (VS2010)

time: Sat Apr 09 16:17:22 2016
elapsed time: 1 seconds (0d 0h 0m 1s)

