#
# A fatal error has been detected by the Java Runtime Environment:
#
#  EXCEPTION_ACCESS_VIOLATION (0xc0000005) at pc=0x00007ffdd40d24b9, pid=9260, tid=11052
#
# JRE version: Java(TM) SE Runtime Environment (8.0_65-b17) (build 1.8.0_65-b17)
# Java VM: Java HotSpot(TM) 64-Bit Server VM (25.65-b01 mixed mode windows-amd64 compressed oops)
# Problematic frame:
# C  [glfw.dll+0x24b9]
#
# Failed to write core dump. Minidumps are not enabled by default on client versions of Windows
#
# If you would like to submit a bug report, please visit:
#   http://bugreport.java.com/bugreport/crash.jsp
# The crash happened outside the Java Virtual Machine in native code.
# See problematic frame for where to report the bug.
#

---------------  T H R E A D  ---------------

Current thread (0x000000001e29d000):  JavaThread "CLIENT" [_thread_in_native, id=11052, stack(0x000000001edc0000,0x000000001eec0000)]

siginfo: ExceptionCode=0xc0000005, reading address 0x0000000000000000

Registers:
RAX=0x0000000000000000, RBX=0x000000001ba8f2d8, RCX=0x0000000000000000, RDX=0x0000000000000000
RSP=0x000000001eebf480, RBP=0x000000001eebf510, RSI=0x0000000000000108, RDI=0x0000000000609240
R8 =0x000000001eebf478, R9 =0x000000001eebf510, R10=0x0000000000000000, R11=0x0000000000000246
R12=0x0000000000000000, R13=0x000000001eebf528, R14=0x000000001eebf500, R15=0x000000001e29d000
RIP=0x00007ffdd40d24b9, EFLAGS=0x0000000000010287

Top of Stack: (sp=0x000000001eebf480)
0x000000001eebf480:   0000000000000000 0000000000000108
0x000000001eebf490:   000000001ba36b08 000000001e123c90
0x000000001eebf4a0:   00000000000005a9 00000000029a2d8a
0x000000001eebf4b0:   000000001ba8f2d8 000000007052aea4
0x000000001eebf4c0:   000000001e29d000 000000001e29d000
0x000000001eebf4d0:   000000001e29d000 0000000000000000
0x000000001eebf4e0:   000000001e26e840 00000000704b5eba
0x000000001eebf4f0:   000000001eebfa98 000000001eebf588
0x000000001eebf500:   00000006c2801b60 00000000000005a8
0x000000001eebf510:   000000001eebf588 0000000002677ced
0x000000001eebf520:   0000000002677ced 0000000000609240
0x000000001eebf530:   0000000002677800 00007ffdd40d2420
0x000000001eebf540:   0000000000000001 000000001eebf548
0x000000001eebf550:   000000001baa878c 000000001eebf5b0
0x000000001eebf560:   000000001baaa550 0000000000000000
0x000000001eebf570:   000000001baa87b8 000000001eebf528 

Instructions: (pc=0x00007ffdd40d24b9)
0x00007ffdd40d2499:   48 8b cf e8 1f 3a 00 00 48 39 3d f0 d5 02 00 48
0x00007ffdd40d24a9:   8d 0d e9 d5 02 00 48 8b 5c 24 30 74 08 48 8b 09
0x00007ffdd40d24b9:   48 39 39 75 f8 48 8b 07 48 89 01 48 8b cf 48 83
0x00007ffdd40d24c9:   c4 20 5f e9 5b fe 00 00 48 83 c4 20 5f c3 cc cc 


Register to memory mapping:

RAX=0x0000000000000000 is an unknown value
RBX={method} {0x000000001ba8f2e0} 'invokePV' '(JJ)V' in 'org/lwjgl/system/JNI'
RCX=0x0000000000000000 is an unknown value
RDX=0x0000000000000000 is an unknown value
RSP=0x000000001eebf480 is pointing into the stack for thread: 0x000000001e29d000
RBP=0x000000001eebf510 is pointing into the stack for thread: 0x000000001e29d000
RSI=0x0000000000000108 is an unknown value
RDI=0x0000000000609240 is an unknown value
R8 =0x000000001eebf478 is pointing into the stack for thread: 0x000000001e29d000
R9 =0x000000001eebf510 is pointing into the stack for thread: 0x000000001e29d000
R10=0x0000000000000000 is an unknown value
R11=0x0000000000000246 is an unknown value
R12=0x0000000000000000 is an unknown value
R13=0x000000001eebf528 is pointing into the stack for thread: 0x000000001e29d000
R14=0x000000001eebf500 is pointing into the stack for thread: 0x000000001e29d000
R15=0x000000001e29d000 is a thread


Stack: [0x000000001edc0000,0x000000001eec0000],  sp=0x000000001eebf480,  free space=1021k
Native frames: (J=compiled Java code, j=interpreted, Vv=VM code, C=native code)
C  [glfw.dll+0x24b9]
C  0x00000000029a2d8a

Java frames: (J=compiled Java code, j=interpreted, Vv=VM code)
J 675  org.lwjgl.system.JNI.invokePV(JJ)V (0 bytes) @ 0x00000000029a2d04 [0x00000000029a2cc0+0x44]
j  org.lwjgl.glfw.GLFW.glfwDestroyCursor(J)V+20
j  main.client.Window.destroyWindow()V+9
j  main.coreEngine.Engine.stop()V+70
j  main.client.Window.update()V+43
j  main.client.renderEngine.RenderEngine.render()V+38
J 679 C1 main.client.ClientThread.tick()V (64 bytes) @ 0x00000000029a560c [0x00000000029a50e0+0x52c]
j  main.coreEngine.TickableThread.run()V+465
v  ~StubRoutines::call_stub

---------------  P R O C E S S  ---------------

Java Threads: ( => current thread )
  0x000000001e29e000 JavaThread "SERVER" [_thread_in_Java, id=7248, stack(0x000000001eec0000,0x000000001efc0000)]
=>0x000000001e29d000 JavaThread "CLIENT" [_thread_in_native, id=11052, stack(0x000000001edc0000,0x000000001eec0000)]
  0x000000001e26b800 JavaThread "Monitor Ctrl-Break" daemon [_thread_in_native, id=2184, stack(0x000000001ecc0000,0x000000001edc0000)]
  0x000000001e120800 JavaThread "Service Thread" daemon [_thread_blocked, id=13328, stack(0x000000001eac0000,0x000000001ebc0000)]
  0x000000001e108800 JavaThread "C1 CompilerThread3" daemon [_thread_blocked, id=1884, stack(0x000000001e9c0000,0x000000001eac0000)]
  0x000000001e0f2000 JavaThread "C2 CompilerThread2" daemon [_thread_blocked, id=8628, stack(0x000000001e8c0000,0x000000001e9c0000)]
  0x000000001e0eb800 JavaThread "C2 CompilerThread1" daemon [_thread_blocked, id=1552, stack(0x000000001e7c0000,0x000000001e8c0000)]
  0x000000001e0e8000 JavaThread "C2 CompilerThread0" daemon [_thread_blocked, id=5040, stack(0x000000001e6c0000,0x000000001e7c0000)]
  0x000000001e0e5800 JavaThread "Attach Listener" daemon [_thread_blocked, id=6444, stack(0x000000001e5c0000,0x000000001e6c0000)]
  0x000000001e0e4800 JavaThread "Signal Dispatcher" daemon [_thread_blocked, id=6504, stack(0x000000001e4c0000,0x000000001e5c0000)]
  0x000000000258a800 JavaThread "Finalizer" daemon [_thread_blocked, id=12132, stack(0x000000001dee0000,0x000000001dfe0000)]
  0x0000000002584000 JavaThread "Reference Handler" daemon [_thread_blocked, id=6064, stack(0x000000001dde0000,0x000000001dee0000)]
  0x000000000266e000 JavaThread "main" [_thread_in_Java, id=7784, stack(0x0000000002320000,0x0000000002420000)]

Other Threads:
  0x000000001c009000 VMThread [stack: 0x000000001dce0000,0x000000001dde0000] [id=10464]
  0x000000001e126000 WatcherThread [stack: 0x000000001ebc0000,0x000000001ecc0000] [id=5448]

VM state:not at safepoint (normal execution)

VM Mutex/Monitor currently owned by a thread: None

Heap:
 PSYoungGen      total 58368K, used 37123K [0x000000076b800000, 0x0000000788e80000, 0x00000007c0000000)
  eden space 57856K, 63% used [0x000000076b800000,0x000000076dc28e58,0x000000076f080000)
  from space 512K, 18% used [0x0000000788e00000,0x0000000788e18000,0x0000000788e80000)
  to   space 512K, 0% used [0x0000000788d80000,0x0000000788d80000,0x0000000788e00000)
 ParOldGen       total 173568K, used 1320K [0x00000006c2800000, 0x00000006cd180000, 0x000000076b800000)
  object space 173568K, 0% used [0x00000006c2800000,0x00000006c294a070,0x00000006cd180000)
 Metaspace       used 8371K, capacity 8678K, committed 8960K, reserved 1056768K
  class space    used 680K, capacity 722K, committed 768K, reserved 1048576K

Card table byte_map: [0x0000000011a30000,0x0000000012220000] byte_map_base: 0x000000000e41c000

Marking Bits: (ParMarkBitMap*) 0x0000000070c0a5b0
 Begin Bits: [0x0000000012f70000, 0x0000000016ed0000)
 End Bits:   [0x0000000016ed0000, 0x000000001ae30000)

Polling page: 0x0000000000990000

CodeCache: size=245760Kb used=3294Kb max_used=3305Kb free=242465Kb
 bounds [0x0000000002670000, 0x00000000029b0000, 0x0000000011670000]
 total_blobs=1352 nmethods=686 adapters=579
 compilation: enabled

Compilation events (10 events):
Event: 5.254 Thread 0x000000001e108800  681       3       org.lwjgl.glfw.GLFW::glfwPollEvents (15 bytes)
Event: 5.254 Thread 0x000000001e108800 nmethod 681 0x00000000029a7f50 code [0x00000000029a80c0, 0x00000000029a82e8]
Event: 5.255 Thread 0x000000001e108800  683       3       main.client.Window::isCloseRequested (16 bytes)
Event: 5.255 Thread 0x000000001e108800 nmethod 683 0x00000000029a8790 code [0x00000000029a8940, 0x00000000029a8d78]
Event: 5.255 Thread 0x000000001e108800  684       3       org.lwjgl.glfw.GLFW::glfwWindowShouldClose (24 bytes)
Event: 5.255 Thread 0x000000001e108800 nmethod 684 0x00000000029a8f90 code [0x00000000029a9120, 0x00000000029a9478]
Event: 5.370 Thread 0x000000001e0eb800  685 %     4       main.client.Window::resetKeys @ 2 (29 bytes)
Event: 5.373 Thread 0x000000001e0eb800 nmethod 685% 0x00000000029ac510 code [0x00000000029ac680, 0x00000000029ac938]
Event: 5.904 Thread 0x000000001e0e8000  686       4       main.client.Window::resetKeys (29 bytes)
Event: 5.907 Thread 0x000000001e0e8000 nmethod 686 0x00000000029acb10 code [0x00000000029acc80, 0x00000000029ace98]

GC Heap History (10 events):
Event: 6.550 GC heap before
{Heap before GC invocations=54 (full 0):
 PSYoungGen      total 64000K, used 63584K [0x000000076b800000, 0x0000000788e80000, 0x00000007c0000000)
  eden space 63488K, 100% used [0x000000076b800000,0x000000076f600000,0x000000076f600000)
  from space 512K, 18% used [0x0000000788d80000,0x0000000788d98000,0x0000000788e00000)
  to   space 512K, 0% used [0x0000000788e00000,0x0000000788e00000,0x0000000788e80000)
 ParOldGen       total 173568K, used 1320K [0x00000006c2800000, 0x00000006cd180000, 0x000000076b800000)
  object space 173568K, 0% used [0x00000006c2800000,0x00000006c294a070,0x00000006cd180000)
 Metaspace       used 8371K, capacity 8678K, committed 8960K, reserved 1056768K
  class space    used 680K, capacity 722K, committed 768K, reserved 1048576K
Event: 6.551 GC heap after
Heap after GC invocations=54 (full 0):
 PSYoungGen      total 62464K, used 128K [0x000000076b800000, 0x0000000788e80000, 0x00000007c0000000)
  eden space 61952K, 0% used [0x000000076b800000,0x000000076b800000,0x000000076f480000)
  from space 512K, 25% used [0x0000000788e00000,0x0000000788e20000,0x0000000788e80000)
  to   space 512K, 0% used [0x0000000788d80000,0x0000000788d80000,0x0000000788e00000)
 ParOldGen       total 173568K, used 1320K [0x00000006c2800000, 0x00000006cd180000, 0x000000076b800000)
  object space 173568K, 0% used [0x00000006c2800000,0x00000006c294a070,0x00000006cd180000)
 Metaspace       used 8371K, capacity 8678K, committed 8960K, reserved 1056768K
  class space    used 680K, capacity 722K, committed 768K, reserved 1048576K
}
Event: 6.628 GC heap before
{Heap before GC invocations=55 (full 0):
 PSYoungGen      total 62464K, used 62080K [0x000000076b800000, 0x0000000788e80000, 0x00000007c0000000)
  eden space 61952K, 100% used [0x000000076b800000,0x000000076f480000,0x000000076f480000)
  from space 512K, 25% used [0x0000000788e00000,0x0000000788e20000,0x0000000788e80000)
  to   space 512K, 0% used [0x0000000788d80000,0x0000000788d80000,0x0000000788e00000)
 ParOldGen       total 173568K, used 1320K [0x00000006c2800000, 0x00000006cd180000, 0x000000076b800000)
  object space 173568K, 0% used [0x00000006c2800000,0x00000006c294a070,0x00000006cd180000)
 Metaspace       used 8371K, capacity 8678K, committed 8960K, reserved 1056768K
  class space    used 680K, capacity 722K, committed 768K, reserved 1048576K
Event: 6.628 GC heap after
Heap after GC invocations=55 (full 0):
 PSYoungGen      total 61440K, used 128K [0x000000076b800000, 0x0000000788e80000, 0x00000007c0000000)
  eden space 60928K, 0% used [0x000000076b800000,0x000000076b800000,0x000000076f380000)
  from space 512K, 25% used [0x0000000788d80000,0x0000000788da0000,0x0000000788e00000)
  to   space 512K, 0% used [0x0000000788e00000,0x0000000788e00000,0x0000000788e80000)
 ParOldGen       total 173568K, used 1320K [0x00000006c2800000, 0x00000006cd180000, 0x000000076b800000)
  object space 173568K, 0% used [0x00000006c2800000,0x00000006c294a070,0x00000006cd180000)
 Metaspace       used 8371K, capacity 8678K, committed 8960K, reserved 1056768K
  class space    used 680K, capacity 722K, committed 768K, reserved 1048576K
}
Event: 6.684 GC heap before
{Heap before GC invocations=56 (full 0):
 PSYoungGen      total 61440K, used 61056K [0x000000076b800000, 0x0000000788e80000, 0x00000007c0000000)
  eden space 60928K, 100% used [0x000000076b800000,0x000000076f380000,0x000000076f380000)
  from space 512K, 25% used [0x0000000788d80000,0x0000000788da0000,0x0000000788e00000)
  to   space 512K, 0% used [0x0000000788e00000,0x0000000788e00000,0x0000000788e80000)
 ParOldGen       total 173568K, used 1320K [0x00000006c2800000, 0x00000006cd180000, 0x000000076b800000)
  object space 173568K, 0% used [0x00000006c2800000,0x00000006c294a070,0x00000006cd180000)
 Metaspace       used 8371K, capacity 8678K, committed 8960K, reserved 1056768K
  class space    used 680K, capacity 722K, committed 768K, reserved 1048576K
Event: 6.685 GC heap after
Heap after GC invocations=56 (full 0):
 PSYoungGen      total 60416K, used 128K [0x000000076b800000, 0x0000000788e80000, 0x00000007c0000000)
  eden space 59904K, 0% used [0x000000076b800000,0x000000076b800000,0x000000076f280000)
  from space 512K, 25% used [0x0000000788e00000,0x0000000788e20000,0x0000000788e80000)
  to   space 512K, 0% used [0x0000000788d80000,0x0000000788d80000,0x0000000788e00000)
 ParOldGen       total 173568K, used 1320K [0x00000006c2800000, 0x00000006cd180000, 0x000000076b800000)
  object space 173568K, 0% used [0x00000006c2800000,0x00000006c294a070,0x00000006cd180000)
 Metaspace       used 8371K, capacity 8678K, committed 8960K, reserved 1056768K
  class space    used 680K, capacity 722K, committed 768K, reserved 1048576K
}
Event: 6.734 GC heap before
{Heap before GC invocations=57 (full 0):
 PSYoungGen      total 60416K, used 60032K [0x000000076b800000, 0x0000000788e80000, 0x00000007c0000000)
  eden space 59904K, 100% used [0x000000076b800000,0x000000076f280000,0x000000076f280000)
  from space 512K, 25% used [0x0000000788e00000,0x0000000788e20000,0x0000000788e80000)
  to   space 512K, 0% used [0x0000000788d80000,0x0000000788d80000,0x0000000788e00000)
 ParOldGen       total 173568K, used 1320K [0x00000006c2800000, 0x00000006cd180000, 0x000000076b800000)
  object space 173568K, 0% used [0x00000006c2800000,0x00000006c294a070,0x00000006cd180000)
 Metaspace       used 8371K, capacity 8678K, committed 8960K, reserved 1056768K
  class space    used 680K, capacity 722K, committed 768K, reserved 1048576K
Event: 6.734 GC heap after
Heap after GC invocations=57 (full 0):
 PSYoungGen      total 59392K, used 128K [0x000000076b800000, 0x0000000788e80000, 0x00000007c0000000)
  eden space 58880K, 0% used [0x000000076b800000,0x000000076b800000,0x000000076f180000)
  from space 512K, 25% used [0x0000000788d80000,0x0000000788da0000,0x0000000788e00000)
  to   space 512K, 0% used [0x0000000788e00000,0x0000000788e00000,0x0000000788e80000)
 ParOldGen       total 173568K, used 1320K [0x00000006c2800000, 0x00000006cd180000, 0x000000076b800000)
  object space 173568K, 0% used [0x00000006c2800000,0x00000006c294a070,0x00000006cd180000)
 Metaspace       used 8371K, capacity 8678K, committed 8960K, reserved 1056768K
  class space    used 680K, capacity 722K, committed 768K, reserved 1048576K
}
Event: 6.836 GC heap before
{Heap before GC invocations=58 (full 0):
 PSYoungGen      total 59392K, used 59008K [0x000000076b800000, 0x0000000788e80000, 0x00000007c0000000)
  eden space 58880K, 100% used [0x000000076b800000,0x000000076f180000,0x000000076f180000)
  from space 512K, 25% used [0x0000000788d80000,0x0000000788da0000,0x0000000788e00000)
  to   space 512K, 0% used [0x0000000788e00000,0x0000000788e00000,0x0000000788e80000)
 ParOldGen       total 173568K, used 1320K [0x00000006c2800000, 0x00000006cd180000, 0x000000076b800000)
  object space 173568K, 0% used [0x00000006c2800000,0x00000006c294a070,0x00000006cd180000)
 Metaspace       used 8371K, capacity 8678K, committed 8960K, reserved 1056768K
  class space    used 680K, capacity 722K, committed 768K, reserved 1048576K
Event: 6.837 GC heap after
Heap after GC invocations=58 (full 0):
 PSYoungGen      total 58368K, used 96K [0x000000076b800000, 0x0000000788e80000, 0x00000007c0000000)
  eden space 57856K, 0% used [0x000000076b800000,0x000000076b800000,0x000000076f080000)
  from space 512K, 18% used [0x0000000788e00000,0x0000000788e18000,0x0000000788e80000)
  to   space 512K, 0% used [0x0000000788d80000,0x0000000788d80000,0x0000000788e00000)
 ParOldGen       total 173568K, used 1320K [0x00000006c2800000, 0x00000006cd180000, 0x000000076b800000)
  object space 173568K, 0% used [0x00000006c2800000,0x00000006c294a070,0x00000006cd180000)
 Metaspace       used 8371K, capacity 8678K, committed 8960K, reserved 1056768K
  class space    used 680K, capacity 722K, committed 768K, reserved 1048576K
}

Deoptimization events (10 events):
Event: 0.452 Thread 0x000000001e29d000 Uncommon trap: reason=bimorphic action=maybe_recompile pc=0x00000000027be72c method=java.util.HashMap.getNode(ILjava/lang/Object;)Ljava/util/HashMap$Node; @ 126
Event: 0.456 Thread 0x000000001e29d000 Uncommon trap: reason=unstable_if action=reinterpret pc=0x00000000027c1b6c method=java.util.HashMap.containsKey(Ljava/lang/Object;)Z @ 9
Event: 0.456 Thread 0x000000001e29d000 Uncommon trap: reason=unstable_if action=reinterpret pc=0x00000000027b3d58 method=java.util.HashMap.keySet()Ljava/util/Set; @ 6
Event: 0.843 Thread 0x000000001e29d000 Uncommon trap: reason=unstable_if action=reinterpret pc=0x00000000027b32d8 method=java.util.HashMap.clear()V @ 16
Event: 0.843 Thread 0x000000001e29d000 Uncommon trap: reason=unstable_if action=reinterpret pc=0x00000000027b8558 method=java.util.HashMap.clear()V @ 16
Event: 0.843 Thread 0x000000000266e000 Uncommon trap: reason=unstable_if action=reinterpret pc=0x00000000027c93f4 method=java.util.HashMap.containsKey(Ljava/lang/Object;)Z @ 9
Event: 0.843 Thread 0x000000001e29e000 Uncommon trap: reason=unstable_if action=reinterpret pc=0x00000000027e6080 method=main.coreEngine.TickableThread.run()V @ 58
Event: 0.968 Thread 0x000000001e29d000 Uncommon trap: reason=unstable_if action=reinterpret pc=0x000000000294265c method=main.coreEngine.TickableThread.run()V @ 461
Event: 0.977 Thread 0x000000001e29e000 Uncommon trap: reason=unstable_if action=reinterpret pc=0x000000000294265c method=main.coreEngine.TickableThread.run()V @ 461
Event: 0.985 Thread 0x000000000266e000 Uncommon trap: reason=unstable_if action=reinterpret pc=0x0000000002964744 method=main.coreEngine.Engine.start()V @ 163

Internal exceptions (10 events):
Event: 0.032 Thread 0x000000000266e000 Exception <a 'java/lang/NoSuchMethodError': Method sun.misc.Unsafe.defineClass(Ljava/lang/String;[BII)Ljava/lang/Class; name or signature does not match> (0x000000076b80da68) thrown at [C:\workspace\8-2-build-windows-amd64-cygwin\jdk8u65\4987\hotspot\src\sﬁ√~÷Ê{†?
Event: 0.032 Thread 0x000000000266e000 Exception <a 'java/lang/NoSuchMethodError': Method sun.misc.Unsafe.prefetchRead(Ljava/lang/Object;J)V name or signature does not match> (0x000000076b80dd50) thrown at [C:\workspace\8-2-build-windows-amd64-cygwin\jdk8u65\4987\hotspot\src\share\vm\prims\jni.<t>ﬂX…?
Event: 0.198 Thread 0x000000001e29d000 Exception <a 'java/lang/ArrayIndexOutOfBoundsException': -1> (0x000000076c851530) thrown at [C:\workspace\8-2-build-windows-amd64-cygwin\jdk8u65\4987\hotspot\src\share\vm\interpreter\interpreterRuntime.cpp, line 366]
Event: 0.451 Thread 0x000000001e29d000 Implicit null exception at 0x00000000027c61cd to 0x00000000027c64c5
Event: 0.452 Thread 0x000000001e29d000 Exception <a 'java/security/PrivilegedActionException'> (0x000000076cb55c48) thrown at [C:\workspace\8-2-build-windows-amd64-cygwin\jdk8u65\4987\hotspot\src\share\vm\prims\jvm.cpp, line 1386]
Event: 0.452 Thread 0x000000001e29d000 Exception <a 'java/security/PrivilegedActionException'> (0x000000076cb56040) thrown at [C:\workspace\8-2-build-windows-amd64-cygwin\jdk8u65\4987\hotspot\src\share\vm\prims\jvm.cpp, line 1386]
Event: 0.452 Thread 0x000000001e29d000 Exception <a 'java/security/PrivilegedActionException'> (0x000000076cb5a258) thrown at [C:\workspace\8-2-build-windows-amd64-cygwin\jdk8u65\4987\hotspot\src\share\vm\prims\jvm.cpp, line 1386]
Event: 0.452 Thread 0x000000001e29d000 Exception <a 'java/security/PrivilegedActionException'> (0x000000076cb5a650) thrown at [C:\workspace\8-2-build-windows-amd64-cygwin\jdk8u65\4987\hotspot\src\share\vm\prims\jvm.cpp, line 1386]
Event: 0.456 Thread 0x000000001e29d000 Implicit null exception at 0x00000000027c1894 to 0x00000000027c1b61
Event: 0.843 Thread 0x000000000266e000 Implicit null exception at 0x00000000027c9112 to 0x00000000027c93e0

Events (10 events):
Event: 6.550 Executing VM operation: ParallelGCFailedAllocation
Event: 6.551 Executing VM operation: ParallelGCFailedAllocation done
Event: 6.628 Executing VM operation: ParallelGCFailedAllocation
Event: 6.628 Executing VM operation: ParallelGCFailedAllocation done
Event: 6.684 Executing VM operation: ParallelGCFailedAllocation
Event: 6.685 Executing VM operation: ParallelGCFailedAllocation done
Event: 6.733 Executing VM operation: ParallelGCFailedAllocation
Event: 6.734 Executing VM operation: ParallelGCFailedAllocation done
Event: 6.836 Executing VM operation: ParallelGCFailedAllocation
Event: 6.837 Executing VM operation: ParallelGCFailedAllocation done


Dynamic libraries:
0x00007ff75ee90000 - 0x00007ff75eec7000 	C:\Program Files\Java\jdk1.8.0_65\bin\java.exe
0x00007ffde4980000 - 0x00007ffde4b41000 	C:\WINDOWS\SYSTEM32\ntdll.dll
0x00007ffde42a0000 - 0x00007ffde434d000 	C:\WINDOWS\system32\KERNEL32.DLL
0x00007ffde19f0000 - 0x00007ffde1bd8000 	C:\WINDOWS\system32\KERNELBASE.dll
0x00007ffde1e70000 - 0x00007ffde1f17000 	C:\WINDOWS\system32\ADVAPI32.dll
0x00007ffde3800000 - 0x00007ffde389d000 	C:\WINDOWS\system32\msvcrt.dll
0x00007ffde1e10000 - 0x00007ffde1e6b000 	C:\WINDOWS\system32\sechost.dll
0x00007ffde3bd0000 - 0x00007ffde3cec000 	C:\WINDOWS\system32\RPCRT4.dll
0x00007ffde3fe0000 - 0x00007ffde4136000 	C:\WINDOWS\system32\USER32.dll
0x00007ffde3cf0000 - 0x00007ffde3e76000 	C:\WINDOWS\system32\GDI32.dll
0x00007ffddd690000 - 0x00007ffddd904000 	C:\WINDOWS\WinSxS\amd64_microsoft.windows.common-controls_6595b64144ccf1df_6.0.10586.0_none_8c15ae12515e1c22\COMCTL32.dll
0x00007ffde3950000 - 0x00007ffde3bcd000 	C:\WINDOWS\system32\combase.dll
0x00007ffde1cf0000 - 0x00007ffde1d5a000 	C:\WINDOWS\system32\bcryptPrimitives.dll
0x00007ffde1dc0000 - 0x00007ffde1dfb000 	C:\WINDOWS\system32\IMM32.DLL
0x0000000070c90000 - 0x0000000070d62000 	C:\Program Files\Java\jdk1.8.0_65\jre\bin\msvcr100.dll
0x0000000070400000 - 0x0000000070c89000 	C:\Program Files\Java\jdk1.8.0_65\jre\bin\server\jvm.dll
0x00007ffde4290000 - 0x00007ffde4298000 	C:\WINDOWS\system32\PSAPI.DLL
0x00007ffdd8550000 - 0x00007ffdd8559000 	C:\WINDOWS\SYSTEM32\WSOCK32.dll
0x00007ffddf730000 - 0x00007ffddf753000 	C:\WINDOWS\SYSTEM32\WINMM.dll
0x00007ffddd9c0000 - 0x00007ffddd9ca000 	C:\WINDOWS\SYSTEM32\VERSION.dll
0x00007ffde4470000 - 0x00007ffde44db000 	C:\WINDOWS\system32\WS2_32.dll
0x00007ffddf6d0000 - 0x00007ffddf6fc000 	C:\WINDOWS\SYSTEM32\WINMMBASE.dll
0x00007ffde1be0000 - 0x00007ffde1c23000 	C:\WINDOWS\system32\cfgmgr32.dll
0x00000000703f0000 - 0x00000000703ff000 	C:\Program Files\Java\jdk1.8.0_65\jre\bin\verify.dll
0x00000000703c0000 - 0x00000000703e9000 	C:\Program Files\Java\jdk1.8.0_65\jre\bin\java.dll
0x0000000070350000 - 0x0000000070366000 	C:\Program Files\Java\jdk1.8.0_65\jre\bin\zip.dll
0x00007ffde1f80000 - 0x00007ffde34dc000 	C:\WINDOWS\system32\SHELL32.dll
0x00007ffde11d0000 - 0x00007ffde1815000 	C:\WINDOWS\system32\windows.storage.dll
0x00007ffde36b0000 - 0x00007ffde3702000 	C:\WINDOWS\system32\shlwapi.dll
0x00007ffde0fb0000 - 0x00007ffde0fbf000 	C:\WINDOWS\system32\kernel.appcore.dll
0x00007ffde1c30000 - 0x00007ffde1ce5000 	C:\WINDOWS\system32\shcore.dll
0x00007ffde0fc0000 - 0x00007ffde100b000 	C:\WINDOWS\system32\powrprof.dll
0x00007ffde0f80000 - 0x00007ffde0f94000 	C:\WINDOWS\system32\profapi.dll
0x00007ffddf530000 - 0x00007ffddf540000 	D:\Program Files (x86)\JetBrains\IntelliJ IDEA 2016.1\bin\breakgen64.dll
0x00000000703a0000 - 0x00000000703ba000 	C:\Program Files\Java\jdk1.8.0_65\jre\bin\net.dll
0x00007ffde08b0000 - 0x00007ffde090c000 	C:\WINDOWS\system32\mswsock.dll
0x00007ffdb7d20000 - 0x00007ffdb7da8000 	D:\Code\Java\Projects\WireEngine20\lib\native\lwjgl.dll
0x00007ffde0a80000 - 0x00007ffde0a8b000 	C:\WINDOWS\SYSTEM32\CRYPTBASE.DLL
0x00007ffdbfbb0000 - 0x00007ffdbfbf2000 	D:\Code\Java\Projects\WireEngine20\lib\native\jemalloc.dll
0x00007ffdd40d0000 - 0x00007ffdd4108000 	D:\Code\Java\Projects\WireEngine20\lib\native\glfw.dll
0x00007ffddf850000 - 0x00007ffddf8e6000 	C:\WINDOWS\system32\uxtheme.dll
0x00007ffdde650000 - 0x00007ffdde672000 	C:\WINDOWS\SYSTEM32\dwmapi.dll
0x00007ffdc8b70000 - 0x00007ffdc8c99000 	C:\WINDOWS\SYSTEM32\opengl32.dll
0x00007ffdc6920000 - 0x00007ffdc6a1a000 	C:\WINDOWS\SYSTEM32\DDRAW.dll
0x00007ffdcd0c0000 - 0x00007ffdcd0ee000 	C:\WINDOWS\SYSTEM32\GLU32.dll
0x00007ffddaa30000 - 0x00007ffddaa38000 	C:\WINDOWS\SYSTEM32\DCIMAN32.dll
0x00007ffde3e80000 - 0x00007ffde3fda000 	C:\WINDOWS\system32\MSCTF.dll
0x00007ffdc9cc0000 - 0x00007ffdc9d09000 	C:\Program Files (x86)\TeamViewer\tv_x64.dll
0x00007ffde4140000 - 0x00007ffde4283000 	C:\WINDOWS\system32\ole32.dll
0x000000006e600000 - 0x0000000070349000 	C:\WINDOWS\SYSTEM32\nvoglv64.DLL
0x00007ffde4550000 - 0x00007ffde4979000 	C:\WINDOWS\system32\SETUPAPI.dll
0x00007ffddf2f0000 - 0x00007ffddf303000 	C:\WINDOWS\SYSTEM32\WTSAPI32.dll
0x00007ffddf9a0000 - 0x00007ffddf9c7000 	C:\WINDOWS\SYSTEM32\DEVOBJ.dll
0x00007ffde1170000 - 0x00007ffde11c5000 	C:\WINDOWS\system32\WINTRUST.dll
0x00007ffde0fa0000 - 0x00007ffde0fb0000 	C:\WINDOWS\system32\MSASN1.dll
0x00007ffde1820000 - 0x00007ffde19e7000 	C:\WINDOWS\system32\CRYPT32.dll
0x00007ffde04d0000 - 0x00007ffde0501000 	C:\WINDOWS\SYSTEM32\ntmarta.dll
0x00007ffde0220000 - 0x00007ffde0276000 	C:\WINDOWS\SYSTEM32\WINSTA.dll
0x00007ffde38a0000 - 0x00007ffde3947000 	C:\WINDOWS\system32\clbcatq.dll
0x00007ffdbf660000 - 0x00007ffdbf685000 	C:\Program Files (x86)\Samsung\Easy Printer Manager\SmartScreenPrint\CDAKEYMonitor64.dll
0x00007ffde3730000 - 0x00007ffde37f1000 	C:\WINDOWS\system32\OLEAUT32.dll
0x00007ffdb9de0000 - 0x00007ffdb9f6c000 	C:\WINDOWS\SYSTEM32\dbghelp.dll

VM Arguments:
jvm_args: -Djava.library.path=lib/native/ -Didea.launcher.port=7533 -Didea.launcher.bin.path=D:\Program Files (x86)\JetBrains\IntelliJ IDEA 2016.1\bin -Dfile.encoding=UTF-8 
java_command: com.intellij.rt.execution.application.AppMain main.Main
java_class_path (initial): C:\Program Files\Java\jdk1.8.0_65\jre\lib\charsets.jar;C:\Program Files\Java\jdk1.8.0_65\jre\lib\deploy.jar;C:\Program Files\Java\jdk1.8.0_65\jre\lib\ext\access-bridge-64.jar;C:\Program Files\Java\jdk1.8.0_65\jre\lib\ext\cldrdata.jar;C:\Program Files\Java\jdk1.8.0_65\jre\lib\ext\dnsns.jar;C:\Program Files\Java\jdk1.8.0_65\jre\lib\ext\jaccess.jar;C:\Program Files\Java\jdk1.8.0_65\jre\lib\ext\jfxrt.jar;C:\Program Files\Java\jdk1.8.0_65\jre\lib\ext\localedata.jar;C:\Program Files\Java\jdk1.8.0_65\jre\lib\ext\nashorn.jar;C:\Program Files\Java\jdk1.8.0_65\jre\lib\ext\sunec.jar;C:\Program Files\Java\jdk1.8.0_65\jre\lib\ext\sunjce_provider.jar;C:\Program Files\Java\jdk1.8.0_65\jre\lib\ext\sunmscapi.jar;C:\Program Files\Java\jdk1.8.0_65\jre\lib\ext\sunpkcs11.jar;C:\Program Files\Java\jdk1.8.0_65\jre\lib\ext\zipfs.jar;C:\Program Files\Java\jdk1.8.0_65\jre\lib\javaws.jar;C:\Program Files\Java\jdk1.8.0_65\jre\lib\jce.jar;C:\Program Files\Java\jdk1.8.0_65\jre\lib\jfr.jar;C:\Program Files\Java\jdk1.8.0_65\jre\lib\jfxswt.jar;C:\Program Files\Java\jdk1.8.0_65\jre\lib\jsse.jar;C:\Program Files\Java\jdk1.8.0_65\jre\lib\management-agent.jar;C:\Program Files\Java\jdk1.8.0_65\jre\lib\plugin.jar;C:\Program Files\Java\jdk1.8.0_65\jre\lib\resources.jar;C:\Program Files\Java\jdk1.8.0_65\jre\lib\rt.jar;D:\Code\Java\Projects\WireEngine20\out\production\WireEngine20;D:\Code\Java\Projects\WireEngine20\lib\jar\lwjgl.jar;D:\Program Files (x86)\JetBrains\IntelliJ IDEA 2016.1\lib\idea_rt.jar
Launcher Type: SUN_STANDARD

Environment Variables:
JAVA_HOME=C:\Program Files\Java\jdk1.8.0_65
PATH=C:\ProgramData\Oracle\Java\javapath;C:\Program Files (x86)\Razer Chroma SDK\bin;C:\Program Files\Razer Chroma SDK\bin;C:\Program Files (x86)\NVIDIA Corporation\PhysX\Common;C:\Program Files (x86)\Intel\iCLS Client\;C:\Program Files\Intel\iCLS Client\;C:\Windows\system32;C:\Windows;C:\Windows\System32\Wbem;C:\Windows\System32\WindowsPowerShell\v1.0\;C:\Program Files\Intel\Intel(R) Management Engine Components\DAL;C:\Program Files (x86)\Intel\Intel(R) Management Engine Components\DAL;C:\Program Files\Intel\Intel(R) Management Engine Components\IPT;C:\Program Files (x86)\Intel\Intel(R) Management Engine Components\IPT;C:\Program Files\Java\jre1.8.0_65\bin;C:\MinGW\bin;C:\WINDOWS\system32;C:\WINDOWS;C:\WINDOWS\System32\Wbem;C:\WINDOWS\System32\WindowsPowerShell\v1.0\;D:\Program Files (x86)\CMake\bin;D:\Program Files\Programs\Python\Python35-32;D:\Program Files\Programs\Python\Python35-32\Scripts;C:\Program Files (x86)\Skype\Phone\;D:\Program Files\Programs\Python\Python35-32\Scripts\;D:\Program Files\Programs\Python\Python35-32\
USERNAME=Kelan
OS=Windows_NT
PROCESSOR_IDENTIFIER=Intel64 Family 6 Model 60 Stepping 3, GenuineIntel



---------------  S Y S T E M  ---------------

OS: Windows 10.0 , 64 bit Build 10586 (10.0.10586.0)

CPU:total 8 (4 cores per cpu, 2 threads per core) family 6 model 60 stepping 3, cmov, cx8, fxsr, mmx, sse, sse2, sse3, ssse3, sse4.1, sse4.2, popcnt, avx, avx2, aes, clmul, erms, lzcnt, ht, tsc, tscinvbit, bmi1, bmi2

Memory: 4k page, physical 16609500k(3981168k free), swap 33386716k(17311404k free)

vm_info: Java HotSpot(TM) 64-Bit Server VM (25.65-b01) for windows-amd64 JRE (1.8.0_65-b17), built on Oct  6 2015 16:39:20 by "java_re" with MS VC++ 10.0 (VS2010)

time: Sun Apr 10 22:00:02 2016
elapsed time: 6 seconds (0d 0h 0m 6s)

