#
# A fatal error has been detected by the Java Runtime Environment:
#
#  EXCEPTION_ACCESS_VIOLATION (0xc0000005) at pc=0x00007ffb41b124b9, pid=9540, tid=7956
#
# JRE version: Java(TM) SE Runtime Environment (8.0_65-b17) (build 1.8.0_65-b17)
# Java VM: Java HotSpot(TM) 64-Bit Server VM (25.65-b01 mixed mode windows-amd64 compressed oops)
# Problematic frame:
# C  [glfw.dll+0x24b9]
#
# Failed to write core dump. Minidumps are not enabled by default on client versions of Windows
#
# If you would like to submit a bug report, please visit:
#   http://bugreport.java.com/bugreport/crash.jsp
# The crash happened outside the Java Virtual Machine in native code.
# See problematic frame for where to report the bug.
#

---------------  T H R E A D  ---------------

Current thread (0x000000001e1b5800):  JavaThread "CLIENT" [_thread_in_native, id=7956, stack(0x000000001eeb0000,0x000000001efb0000)]

siginfo: ExceptionCode=0xc0000005, reading address 0x0000000000000000

Registers:
RAX=0x0000000000000000, RBX=0x000000001b982bd8, RCX=0x0000000000000000, RDX=0x0000000000000000
RSP=0x000000001efaed60, RBP=0x000000001efaedf0, RSI=0x0000000000000108, RDI=0x0000000000688f70
R8 =0x000000001efaed58, R9 =0x000000001efaedf0, R10=0x0000000000000000, R11=0x0000000000000246
R12=0x0000000000000000, R13=0x000000001efaee08, R14=0x000000001efaede0, R15=0x000000001e1b5800
RIP=0x00007ffb41b124b9, EFLAGS=0x0000000000010287

Top of Stack: (sp=0x000000001efaed60)
0x000000001efaed60:   0000000000000000 0000000000000108
0x000000001efaed70:   000000001b927980 000000001bf01960
0x000000001efaed80:   00000000000024ec 0000000002974d8a
0x000000001efaed90:   000000001b982bd8 000000006c71aea4
0x000000001efaeda0:   000000001e1b5800 000000001e1b5800
0x000000001efaedb0:   000000001e1b5800 0000000000000000
0x000000001efaedc0:   000000001e1b68d0 000000006c6a5eba
0x000000001efaedd0:   000000001efaf538 000000001efaee68
0x000000001efaede0:   00000006c28080c8 00000000000024eb
0x000000001efaedf0:   000000001efaee68 0000000002517d8d
0x000000001efaee00:   0000000002517d8d 0000000000688f70
0x000000001efaee10:   00000000025178a0 00007ffb41b12420
0x000000001efaee20:   0000000000000001 000000001efaee28
0x000000001efaee30:   000000001b99ec8c 000000001efaee90
0x000000001efaee40:   000000001b9a0c70 0000000000000000
0x000000001efaee50:   000000001b99ecb8 000000001efaee08 

Instructions: (pc=0x00007ffb41b124b9)
0x00007ffb41b12499:   48 8b cf e8 1f 3a 00 00 48 39 3d f0 d5 02 00 48
0x00007ffb41b124a9:   8d 0d e9 d5 02 00 48 8b 5c 24 30 74 08 48 8b 09
0x00007ffb41b124b9:   48 39 39 75 f8 48 8b 07 48 89 01 48 8b cf 48 83
0x00007ffb41b124c9:   c4 20 5f e9 5b fe 00 00 48 83 c4 20 5f c3 cc cc 


Register to memory mapping:

RAX=0x0000000000000000 is an unknown value
RBX={method} {0x000000001b982be0} 'invokePV' '(JJ)V' in 'org/lwjgl/system/JNI'
RCX=0x0000000000000000 is an unknown value
RDX=0x0000000000000000 is an unknown value
RSP=0x000000001efaed60 is pointing into the stack for thread: 0x000000001e1b5800
RBP=0x000000001efaedf0 is pointing into the stack for thread: 0x000000001e1b5800
RSI=0x0000000000000108 is an unknown value
RDI=0x0000000000688f70 is an unknown value
R8 =0x000000001efaed58 is pointing into the stack for thread: 0x000000001e1b5800
R9 =0x000000001efaedf0 is pointing into the stack for thread: 0x000000001e1b5800
R10=0x0000000000000000 is an unknown value
R11=0x0000000000000246 is an unknown value
R12=0x0000000000000000 is an unknown value
R13=0x000000001efaee08 is pointing into the stack for thread: 0x000000001e1b5800
R14=0x000000001efaede0 is pointing into the stack for thread: 0x000000001e1b5800
R15=0x000000001e1b5800 is a thread


Stack: [0x000000001eeb0000,0x000000001efb0000],  sp=0x000000001efaed60,  free space=1019k
Native frames: (J=compiled Java code, j=interpreted, Vv=VM code, C=native code)
C  [glfw.dll+0x24b9]
C  0x0000000002974d8a

Java frames: (J=compiled Java code, j=interpreted, Vv=VM code)
J 829  org.lwjgl.system.JNI.invokePV(JJ)V (0 bytes) @ 0x0000000002974d04 [0x0000000002974cc0+0x44]
j  org.lwjgl.glfw.GLFW.glfwDestroyCursor(J)V+20
j  main.client.Window.destroyWindow()V+9
j  main.coreEngine.Engine.stop()V+70
J 868 C1 main.client.Window.update()V (37 bytes) @ 0x0000000002998cec [0x0000000002998840+0x4ac]
J 848 C1 main.client.renderEngine.RenderEngine.render()V (60 bytes) @ 0x0000000002982d5c [0x0000000002981c20+0x113c]
J 833 C1 main.client.ClientThread.tick()V (16 bytes) @ 0x0000000002973b34 [0x0000000002973680+0x4b4]
j  main.coreEngine.TickableThread.run()V+469
v  ~StubRoutines::call_stub

---------------  P R O C E S S  ---------------

Java Threads: ( => current thread )
  0x000000001e1b7800 JavaThread "SERVER" [_thread_in_Java, id=5244, stack(0x000000001efb0000,0x000000001f0b0000)]
=>0x000000001e1b5800 JavaThread "CLIENT" [_thread_in_native, id=7956, stack(0x000000001eeb0000,0x000000001efb0000)]
  0x000000001e0af000 JavaThread "Service Thread" daemon [_thread_blocked, id=10400, stack(0x000000001ecb0000,0x000000001edb0000)]
  0x000000001e014800 JavaThread "C1 CompilerThread3" daemon [_thread_blocked, id=6400, stack(0x000000001ebb0000,0x000000001ecb0000)]
  0x000000001e00b800 JavaThread "C2 CompilerThread2" daemon [_thread_blocked, id=11240, stack(0x000000001eab0000,0x000000001ebb0000)]
  0x000000001e00b000 JavaThread "C2 CompilerThread1" daemon [_thread_blocked, id=5452, stack(0x000000001e9b0000,0x000000001eab0000)]
  0x000000001e010000 JavaThread "C2 CompilerThread0" daemon [_thread_blocked, id=11384, stack(0x000000001e8b0000,0x000000001e9b0000)]
  0x000000001dff0000 JavaThread "JDWP Command Reader" daemon [_thread_in_native, id=5644, stack(0x000000001e7b0000,0x000000001e8b0000)]
  0x000000001dfee800 JavaThread "JDWP Event Helper Thread" daemon [_thread_blocked, id=13048, stack(0x000000001e6b0000,0x000000001e7b0000)]
  0x000000001dfec800 JavaThread "JDWP Transport Listener: dt_socket" daemon [_thread_blocked, id=7820, stack(0x000000001e5b0000,0x000000001e6b0000)]
  0x000000001dfd7800 JavaThread "Attach Listener" daemon [_thread_blocked, id=6728, stack(0x000000001e4b0000,0x000000001e5b0000)]
  0x000000001dfd6800 JavaThread "Signal Dispatcher" daemon [_thread_blocked, id=7772, stack(0x000000001e3b0000,0x000000001e4b0000)]
  0x00000000024fb000 JavaThread "Finalizer" daemon [_thread_blocked, id=11312, stack(0x000000001ddc0000,0x000000001dec0000)]
  0x000000001befd000 JavaThread "Reference Handler" daemon [_thread_blocked, id=1312, stack(0x000000001dcc0000,0x000000001ddc0000)]
  0x00000000022de000 JavaThread "main" [_thread_in_Java, id=1868, stack(0x00000000022f0000,0x00000000023f0000)]

Other Threads:
  0x000000001bef9000 VMThread [stack: 0x000000001dbc0000,0x000000001dcc0000] [id=9608]
  0x000000001e0b9800 WatcherThread [stack: 0x000000001edb0000,0x000000001eeb0000] [id=7304]

VM state:not at safepoint (normal execution)

VM Mutex/Monitor currently owned by a thread: None

Heap:
 PSYoungGen      total 624128K, used 267092K [0x000000076b800000, 0x00000007bd200000, 0x00000007c0000000)
  eden space 623616K, 42% used [0x000000076b800000,0x000000077bc9d0b0,0x0000000791900000)
  from space 512K, 43% used [0x00000007bd180000,0x00000007bd1b8000,0x00000007bd200000)
  to   space 5632K, 0% used [0x00000007bc700000,0x00000007bc700000,0x00000007bcc80000)
 ParOldGen       total 173568K, used 26456K [0x00000006c2800000, 0x00000006cd180000, 0x000000076b800000)
  object space 173568K, 15% used [0x00000006c2800000,0x00000006c41d6348,0x00000006cd180000)
 Metaspace       used 8399K, capacity 8774K, committed 8960K, reserved 1056768K
  class space    used 662K, capacity 690K, committed 768K, reserved 1048576K

Card table byte_map: [0x00000000118d0000,0x00000000120c0000] byte_map_base: 0x000000000e2bc000

Marking Bits: (ParMarkBitMap*) 0x000000006cdfa5b0
 Begin Bits: [0x0000000012e10000, 0x0000000016d70000)
 End Bits:   [0x0000000016d70000, 0x000000001acd0000)

Polling page: 0x00000000022c0000

CodeCache: size=245760Kb used=4632Kb max_used=4632Kb free=241127Kb
 bounds [0x0000000002510000, 0x00000000029a0000, 0x0000000011510000]
 total_blobs=1522 nmethods=864 adapters=579
 compilation: enabled

Compilation events (10 events):
Event: 8.976 Thread 0x000000001e00b000  864       4       java.nio.DirectIntBufferU::get (16 bytes)
Event: 8.976 Thread 0x000000001e00b000 nmethod 864 0x0000000002993c10 code [0x0000000002993d40, 0x0000000002993df8]
Event: 8.993 Thread 0x000000001e010000  865       4       org.lwjgl.glfw.GLFW::glfwGetWindowSize (37 bytes)
Event: 8.994 Thread 0x000000001e010000 nmethod 865 0x0000000002996390 code [0x00000000029964e0, 0x0000000002996668]
Event: 9.976 Thread 0x000000001e00b800  866       4       java.nio.Buffer::limit (62 bytes)
Event: 9.976 Thread 0x000000001e00b800 nmethod 866 0x0000000002993910 code [0x0000000002993a60, 0x0000000002993b38]
Event: 10.026 Thread 0x000000001e014800  867       3       main.client.renderEngine.RenderEngine::setupProjection3D (148 bytes)
Event: 10.027 Thread 0x000000001e014800 nmethod 867 0x0000000002999610 code [0x0000000002999a20, 0x000000000299b6e8]
Event: 10.027 Thread 0x000000001e014800  868       3       main.client.Window::update (37 bytes)
Event: 10.027 Thread 0x000000001e014800 nmethod 868 0x0000000002998610 code [0x0000000002998840, 0x0000000002999128]

GC Heap History (10 events):
Event: 8.598 GC heap before
{Heap before GC invocations=22 (full 0):
 PSYoungGen      total 795136K, used 787200K [0x000000076b800000, 0x00000007be500000, 0x00000007c0000000)
  eden space 786944K, 100% used [0x000000076b800000,0x000000079b880000,0x000000079b880000)
  from space 8192K, 3% used [0x00000007bd500000,0x00000007bd540000,0x00000007bdd00000)
  to   space 7680K, 0% used [0x00000007bdd80000,0x00000007bdd80000,0x00000007be500000)
 ParOldGen       total 173568K, used 26400K [0x00000006c2800000, 0x00000006cd180000, 0x000000076b800000)
  object space 173568K, 15% used [0x00000006c2800000,0x00000006c41c8348,0x00000006cd180000)
 Metaspace       used 8398K, capacity 8774K, committed 8960K, reserved 1056768K
  class space    used 662K, capacity 690K, committed 768K, reserved 1048576K
Event: 8.599 GC heap after
Heap after GC invocations=22 (full 0):
 PSYoungGen      total 751616K, used 256K [0x000000076b800000, 0x00000007bde00000, 0x00000007c0000000)
  eden space 751104K, 0% used [0x000000076b800000,0x000000076b800000,0x0000000799580000)
  from space 512K, 50% used [0x00000007bdd80000,0x00000007bddc0000,0x00000007bde00000)
  to   space 7168K, 0% used [0x00000007bd000000,0x00000007bd000000,0x00000007bd700000)
 ParOldGen       total 173568K, used 26400K [0x00000006c2800000, 0x00000006cd180000, 0x000000076b800000)
  object space 173568K, 15% used [0x00000006c2800000,0x00000006c41c8348,0x00000006cd180000)
 Metaspace       used 8398K, capacity 8774K, committed 8960K, reserved 1056768K
  class space    used 662K, capacity 690K, committed 768K, reserved 1048576K
}
Event: 9.174 GC heap before
{Heap before GC invocations=23 (full 0):
 PSYoungGen      total 751616K, used 751360K [0x000000076b800000, 0x00000007bde00000, 0x00000007c0000000)
  eden space 751104K, 100% used [0x000000076b800000,0x0000000799580000,0x0000000799580000)
  from space 512K, 50% used [0x00000007bdd80000,0x00000007bddc0000,0x00000007bde00000)
  to   space 7168K, 0% used [0x00000007bd000000,0x00000007bd000000,0x00000007bd700000)
 ParOldGen       total 173568K, used 26400K [0x00000006c2800000, 0x00000006cd180000, 0x000000076b800000)
  object space 173568K, 15% used [0x00000006c2800000,0x00000006c41c8348,0x00000006cd180000)
 Metaspace       used 8398K, capacity 8774K, committed 8960K, reserved 1056768K
  class space    used 662K, capacity 690K, committed 768K, reserved 1048576K
Event: 9.174 GC heap after
Heap after GC invocations=23 (full 0):
 PSYoungGen      total 723968K, used 224K [0x000000076b800000, 0x00000007bde00000, 0x00000007c0000000)
  eden space 716800K, 0% used [0x000000076b800000,0x000000076b800000,0x0000000797400000)
  from space 7168K, 3% used [0x00000007bd000000,0x00000007bd038000,0x00000007bd700000)
  to   space 7168K, 0% used [0x00000007bd700000,0x00000007bd700000,0x00000007bde00000)
 ParOldGen       total 173568K, used 26440K [0x00000006c2800000, 0x00000006cd180000, 0x000000076b800000)
  object space 173568K, 15% used [0x00000006c2800000,0x00000006c41d2348,0x00000006cd180000)
 Metaspace       used 8398K, capacity 8774K, committed 8960K, reserved 1056768K
  class space    used 662K, capacity 690K, committed 768K, reserved 1048576K
}
Event: 9.716 GC heap before
{Heap before GC invocations=24 (full 0):
 PSYoungGen      total 723968K, used 717024K [0x000000076b800000, 0x00000007bde00000, 0x00000007c0000000)
  eden space 716800K, 100% used [0x000000076b800000,0x0000000797400000,0x0000000797400000)
  from space 7168K, 3% used [0x00000007bd000000,0x00000007bd038000,0x00000007bd700000)
  to   space 7168K, 0% used [0x00000007bd700000,0x00000007bd700000,0x00000007bde00000)
 ParOldGen       total 173568K, used 26440K [0x00000006c2800000, 0x00000006cd180000, 0x000000076b800000)
  object space 173568K, 15% used [0x00000006c2800000,0x00000006c41d2348,0x00000006cd180000)
 Metaspace       used 8398K, capacity 8774K, committed 8960K, reserved 1056768K
  class space    used 662K, capacity 690K, committed 768K, reserved 1048576K
Event: 9.717 GC heap after
Heap after GC invocations=24 (full 0):
 PSYoungGen      total 684544K, used 192K [0x000000076b800000, 0x00000007bd780000, 0x00000007c0000000)
  eden space 684032K, 0% used [0x000000076b800000,0x000000076b800000,0x0000000795400000)
  from space 512K, 37% used [0x00000007bd700000,0x00000007bd730000,0x00000007bd780000)
  to   space 6656K, 0% used [0x00000007bca80000,0x00000007bca80000,0x00000007bd100000)
 ParOldGen       total 173568K, used 26448K [0x00000006c2800000, 0x00000006cd180000, 0x000000076b800000)
  object space 173568K, 15% used [0x00000006c2800000,0x00000006c41d4348,0x00000006cd180000)
 Metaspace       used 8398K, capacity 8774K, committed 8960K, reserved 1056768K
  class space    used 662K, capacity 690K, committed 768K, reserved 1048576K
}
Event: 10.249 GC heap before
{Heap before GC invocations=25 (full 0):
 PSYoungGen      total 684544K, used 684224K [0x000000076b800000, 0x00000007bd780000, 0x00000007c0000000)
  eden space 684032K, 100% used [0x000000076b800000,0x0000000795400000,0x0000000795400000)
  from space 512K, 37% used [0x00000007bd700000,0x00000007bd730000,0x00000007bd780000)
  to   space 6656K, 0% used [0x00000007bca80000,0x00000007bca80000,0x00000007bd100000)
 ParOldGen       total 173568K, used 26448K [0x00000006c2800000, 0x00000006cd180000, 0x000000076b800000)
  object space 173568K, 15% used [0x00000006c2800000,0x00000006c41d4348,0x00000006cd180000)
 Metaspace       used 8399K, capacity 8774K, committed 8960K, reserved 1056768K
  class space    used 662K, capacity 690K, committed 768K, reserved 1048576K
Event: 10.250 GC heap after
Heap after GC invocations=25 (full 0):
 PSYoungGen      total 659456K, used 224K [0x000000076b800000, 0x00000007bd780000, 0x00000007c0000000)
  eden space 652800K, 0% used [0x000000076b800000,0x000000076b800000,0x0000000793580000)
  from space 6656K, 3% used [0x00000007bca80000,0x00000007bcab8000,0x00000007bd100000)
  to   space 6144K, 0% used [0x00000007bd180000,0x00000007bd180000,0x00000007bd780000)
 ParOldGen       total 173568K, used 26448K [0x00000006c2800000, 0x00000006cd180000, 0x000000076b800000)
  object space 173568K, 15% used [0x00000006c2800000,0x00000006c41d4348,0x00000006cd180000)
 Metaspace       used 8399K, capacity 8774K, committed 8960K, reserved 1056768K
  class space    used 662K, capacity 690K, committed 768K, reserved 1048576K
}
Event: 10.826 GC heap before
{Heap before GC invocations=26 (full 0):
 PSYoungGen      total 659456K, used 653024K [0x000000076b800000, 0x00000007bd780000, 0x00000007c0000000)
  eden space 652800K, 100% used [0x000000076b800000,0x0000000793580000,0x0000000793580000)
  from space 6656K, 3% used [0x00000007bca80000,0x00000007bcab8000,0x00000007bd100000)
  to   space 6144K, 0% used [0x00000007bd180000,0x00000007bd180000,0x00000007bd780000)
 ParOldGen       total 173568K, used 26448K [0x00000006c2800000, 0x00000006cd180000, 0x000000076b800000)
  object space 173568K, 15% used [0x00000006c2800000,0x00000006c41d4348,0x00000006cd180000)
 Metaspace       used 8399K, capacity 8774K, committed 8960K, reserved 1056768K
  class space    used 662K, capacity 690K, committed 768K, reserved 1048576K
Event: 10.826 GC heap after
Heap after GC invocations=26 (full 0):
 PSYoungGen      total 624128K, used 224K [0x000000076b800000, 0x00000007bd200000, 0x00000007c0000000)
  eden space 623616K, 0% used [0x000000076b800000,0x000000076b800000,0x0000000791900000)
  from space 512K, 43% used [0x00000007bd180000,0x00000007bd1b8000,0x00000007bd200000)
  to   space 5632K, 0% used [0x00000007bc700000,0x00000007bc700000,0x00000007bcc80000)
 ParOldGen       total 173568K, used 26456K [0x00000006c2800000, 0x00000006cd180000, 0x000000076b800000)
  object space 173568K, 15% used [0x00000006c2800000,0x00000006c41d6348,0x00000006cd180000)
 Metaspace       used 8399K, capacity 8774K, committed 8960K, reserved 1056768K
  class space    used 662K, capacity 690K, committed 768K, reserved 1048576K
}

Deoptimization events (10 events):
Event: 1.362 Thread 0x000000001e1b5800 Uncommon trap: reason=unstable_if action=reinterpret pc=0x00000000028873fc method=main.client.renderEngine.mesh.Mesh.compile(Ljava/util/List;)Lmain/client/renderEngine/mesh/Mesh; @ 52
Event: 1.398 Thread 0x000000001e1b5800 Uncommon trap: reason=unstable_if action=reinterpret pc=0x00000000028a74d0 method=main.client.renderEngine.mesh.Mesh.compile(Ljava/util/List;)Lmain/client/renderEngine/mesh/Mesh; @ 202
Event: 1.450 Thread 0x000000001e1b5800 Uncommon trap: reason=unstable_if action=reinterpret pc=0x00000000028d1064 method=main.client.renderEngine.mesh.Mesh.compile(Ljava/util/List;)Lmain/client/renderEngine/mesh/Mesh; @ 536
Event: 1.464 Thread 0x000000001e1b5800 Uncommon trap: reason=unstable_if action=reinterpret pc=0x00000000028232a4 method=sun.misc.FloatingDecimal.readJavaFormatString(Ljava/lang/String;)Lsun/misc/FloatingDecimal$ASCIIToBinaryConverter; @ 235
Event: 1.464 Thread 0x000000001e1b5800 Uncommon trap: reason=unstable_if action=reinterpret pc=0x0000000002842968 method=main.client.renderEngine.mesh.MeshBuilder.processFace(Ljava/lang/String;Lmain/client/renderEngine/mesh/MeshBuilder;)Z @ 114
Event: 1.467 Thread 0x000000001e1b5800 Uncommon trap: reason=bimorphic action=maybe_recompile pc=0x0000000002668778 method=java.util.HashMap.getNode(ILjava/lang/Object;)Ljava/util/HashMap$Node; @ 126
Event: 1.521 Thread 0x000000001e1b5800 Uncommon trap: reason=unstable_if action=reinterpret pc=0x00000000027e6150 method=main.coreEngine.TickableThread.run()V @ 461
Event: 1.529 Thread 0x000000001e1b7800 Uncommon trap: reason=unstable_if action=reinterpret pc=0x00000000027e6150 method=main.coreEngine.TickableThread.run()V @ 461
Event: 1.530 Thread 0x000000001e1b5800 Uncommon trap: reason=unstable_if action=reinterpret pc=0x000000000283b7f0 method=java.lang.Integer.valueOf(I)Ljava/lang/Integer; @ 10
Event: 1.537 Thread 0x00000000022de000 Uncommon trap: reason=unstable_if action=reinterpret pc=0x00000000028f5d64 method=main.coreEngine.Engine.start()V @ 163

Internal exceptions (8 events):
Event: 0.034 Thread 0x00000000022de000 Exception <a 'java/lang/NoSuchMethodError': Method sun.misc.Unsafe.defineClass(Ljava/lang/String;[BII)Ljava/lang/Class; name or signature does not match> (0x000000076b80d8f8) thrown at [C:\workspace\8-2-build-windows-amd64-cygwin\jdk8u65\4987\hotspot\src\s	oø­K¡?
Event: 0.034 Thread 0x00000000022de000 Exception <a 'java/lang/NoSuchMethodError': Method sun.misc.Unsafe.prefetchRead(Ljava/lang/Object;J)V name or signature does not match> (0x000000076b80dbe0) thrown at [C:\workspace\8-2-build-windows-amd64-cygwin\jdk8u65\4987\hotspot\src\share\vm\prims\jni.ò7Ð†€xÝ?
Event: 0.460 Thread 0x000000001e1b5800 Implicit null exception at 0x0000000002669e0f to 0x000000000266a175
Event: 0.461 Thread 0x000000001e1b5800 Exception <a 'java/security/PrivilegedActionException'> (0x000000076b957ef0) thrown at [C:\workspace\8-2-build-windows-amd64-cygwin\jdk8u65\4987\hotspot\src\share\vm\prims\jvm.cpp, line 1386]
Event: 0.461 Thread 0x000000001e1b5800 Exception <a 'java/security/PrivilegedActionException'> (0x000000076b9582e8) thrown at [C:\workspace\8-2-build-windows-amd64-cygwin\jdk8u65\4987\hotspot\src\share\vm\prims\jvm.cpp, line 1386]
Event: 0.462 Thread 0x000000001e1b5800 Exception <a 'java/security/PrivilegedActionException'> (0x000000076b95c500) thrown at [C:\workspace\8-2-build-windows-amd64-cygwin\jdk8u65\4987\hotspot\src\share\vm\prims\jvm.cpp, line 1386]
Event: 0.462 Thread 0x000000001e1b5800 Exception <a 'java/security/PrivilegedActionException'> (0x000000076b95c8f8) thrown at [C:\workspace\8-2-build-windows-amd64-cygwin\jdk8u65\4987\hotspot\src\share\vm\prims\jvm.cpp, line 1386]
Event: 0.905 Thread 0x00000000022de000 Implicit null exception at 0x000000000267657c to 0x0000000002676b19

Events (10 events):
Event: 8.598 Executing VM operation: ParallelGCFailedAllocation
Event: 8.599 Executing VM operation: ParallelGCFailedAllocation done
Event: 9.174 Executing VM operation: ParallelGCFailedAllocation
Event: 9.174 Executing VM operation: ParallelGCFailedAllocation done
Event: 9.716 Executing VM operation: ParallelGCFailedAllocation
Event: 9.717 Executing VM operation: ParallelGCFailedAllocation done
Event: 10.249 Executing VM operation: ParallelGCFailedAllocation
Event: 10.250 Executing VM operation: ParallelGCFailedAllocation done
Event: 10.826 Executing VM operation: ParallelGCFailedAllocation
Event: 10.827 Executing VM operation: ParallelGCFailedAllocation done


Dynamic libraries:
0x00007ff665e60000 - 0x00007ff665e97000 	C:\Program Files\Java\jdk1.8.0_65\bin\java.exe
0x00007ffb48720000 - 0x00007ffb488e1000 	C:\WINDOWS\SYSTEM32\ntdll.dll
0x00007ffb48170000 - 0x00007ffb4821d000 	C:\WINDOWS\system32\KERNEL32.DLL
0x00007ffb45560000 - 0x00007ffb45748000 	C:\WINDOWS\system32\KERNELBASE.dll
0x00007ffb47a50000 - 0x00007ffb47af7000 	C:\WINDOWS\system32\ADVAPI32.dll
0x00007ffb480d0000 - 0x00007ffb4816d000 	C:\WINDOWS\system32\msvcrt.dll
0x00007ffb47b00000 - 0x00007ffb47b5b000 	C:\WINDOWS\system32\sechost.dll
0x00007ffb47700000 - 0x00007ffb4781c000 	C:\WINDOWS\system32\RPCRT4.dll
0x00007ffb485c0000 - 0x00007ffb48716000 	C:\WINDOWS\system32\USER32.dll
0x00007ffb48220000 - 0x00007ffb483a6000 	C:\WINDOWS\system32\GDI32.dll
0x00007ffb41530000 - 0x00007ffb417a4000 	C:\WINDOWS\WinSxS\amd64_microsoft.windows.common-controls_6595b64144ccf1df_6.0.10586.0_none_8c15ae12515e1c22\COMCTL32.dll
0x00007ffb45b00000 - 0x00007ffb45d7d000 	C:\WINDOWS\system32\combase.dll
0x00007ffb45920000 - 0x00007ffb4598a000 	C:\WINDOWS\system32\bcryptPrimitives.dll
0x00007ffb45f90000 - 0x00007ffb45fcb000 	C:\WINDOWS\system32\IMM32.DLL
0x000000006ce80000 - 0x000000006cf52000 	C:\Program Files\Java\jdk1.8.0_65\jre\bin\msvcr100.dll
0x000000006c5f0000 - 0x000000006ce79000 	C:\Program Files\Java\jdk1.8.0_65\jre\bin\server\jvm.dll
0x00007ffb475a0000 - 0x00007ffb475a8000 	C:\WINDOWS\system32\PSAPI.DLL
0x00007ffb3c060000 - 0x00007ffb3c069000 	C:\WINDOWS\SYSTEM32\WSOCK32.dll
0x00007ffb42fa0000 - 0x00007ffb42fc3000 	C:\WINDOWS\SYSTEM32\WINMM.dll
0x00007ffb48420000 - 0x00007ffb4848b000 	C:\WINDOWS\system32\WS2_32.dll
0x00007ffb418d0000 - 0x00007ffb418da000 	C:\WINDOWS\SYSTEM32\VERSION.dll
0x00007ffb42f40000 - 0x00007ffb42f6c000 	C:\WINDOWS\SYSTEM32\WINMMBASE.dll
0x00007ffb45ab0000 - 0x00007ffb45af3000 	C:\WINDOWS\system32\cfgmgr32.dll
0x000000006c5e0000 - 0x000000006c5ef000 	C:\Program Files\Java\jdk1.8.0_65\jre\bin\verify.dll
0x000000006c5b0000 - 0x000000006c5d9000 	C:\Program Files\Java\jdk1.8.0_65\jre\bin\java.dll
0x000000006c570000 - 0x000000006c5a5000 	C:\Program Files\Java\jdk1.8.0_65\jre\bin\jdwp.dll
0x000000006c560000 - 0x000000006c568000 	C:\Program Files\Java\jdk1.8.0_65\jre\bin\npt.dll
0x000000006c540000 - 0x000000006c556000 	C:\Program Files\Java\jdk1.8.0_65\jre\bin\zip.dll
0x00007ffb45fd0000 - 0x00007ffb4752c000 	C:\WINDOWS\system32\SHELL32.dll
0x00007ffb44ef0000 - 0x00007ffb45535000 	C:\WINDOWS\system32\windows.storage.dll
0x00007ffb483c0000 - 0x00007ffb48412000 	C:\WINDOWS\system32\shlwapi.dll
0x00007ffb44da0000 - 0x00007ffb44daf000 	C:\WINDOWS\system32\kernel.appcore.dll
0x00007ffb459f0000 - 0x00007ffb45aa5000 	C:\WINDOWS\system32\shcore.dll
0x00007ffb44d50000 - 0x00007ffb44d9b000 	C:\WINDOWS\system32\powrprof.dll
0x00007ffb44d20000 - 0x00007ffb44d34000 	C:\WINDOWS\system32\profapi.dll
0x000000006c530000 - 0x000000006c539000 	C:\Program Files\Java\jdk1.8.0_65\jre\bin\dt_socket.dll
0x00007ffb44650000 - 0x00007ffb446ac000 	C:\WINDOWS\system32\mswsock.dll
0x00007ffb41b70000 - 0x00007ffb41bf8000 	D:\Code\Java\Projects\WireEngine20\lib\native\lwjgl.dll
0x00007ffb44820000 - 0x00007ffb4482b000 	C:\WINDOWS\SYSTEM32\CRYPTBASE.DLL
0x00007ffb3fd60000 - 0x00007ffb3fda2000 	D:\Code\Java\Projects\WireEngine20\lib\native\jemalloc.dll
0x00007ffb41b10000 - 0x00007ffb41b48000 	D:\Code\Java\Projects\WireEngine20\lib\native\glfw.dll
0x00007ffb436a0000 - 0x00007ffb43736000 	C:\WINDOWS\system32\uxtheme.dll
0x00007ffb42950000 - 0x00007ffb42972000 	C:\WINDOWS\SYSTEM32\dwmapi.dll
0x00007ffb275e0000 - 0x00007ffb27709000 	C:\WINDOWS\SYSTEM32\opengl32.dll
0x00007ffb3c6f0000 - 0x00007ffb3c71e000 	C:\WINDOWS\SYSTEM32\GLU32.dll
0x00007ffb26dd0000 - 0x00007ffb26eca000 	C:\WINDOWS\SYSTEM32\DDRAW.dll
0x00007ffb3f5a0000 - 0x00007ffb3f5a8000 	C:\WINDOWS\SYSTEM32\DCIMAN32.dll
0x00007ffb478f0000 - 0x00007ffb47a4a000 	C:\WINDOWS\system32\MSCTF.dll
0x00007ffb2cbb0000 - 0x00007ffb2cbf9000 	C:\Program Files (x86)\TeamViewer\tv_x64.dll
0x00007ffb475b0000 - 0x00007ffb476f3000 	C:\WINDOWS\system32\ole32.dll
0x000000006a7e0000 - 0x000000006c529000 	C:\WINDOWS\SYSTEM32\nvoglv64.DLL
0x00007ffb47c20000 - 0x00007ffb48049000 	C:\WINDOWS\system32\SETUPAPI.dll
0x00007ffb42d00000 - 0x00007ffb42d13000 	C:\WINDOWS\SYSTEM32\WTSAPI32.dll
0x00007ffb437f0000 - 0x00007ffb43817000 	C:\WINDOWS\SYSTEM32\DEVOBJ.dll
0x00007ffb45990000 - 0x00007ffb459e5000 	C:\WINDOWS\system32\WINTRUST.dll
0x00007ffb44d40000 - 0x00007ffb44d50000 	C:\WINDOWS\system32\MSASN1.dll
0x00007ffb45750000 - 0x00007ffb45917000 	C:\WINDOWS\system32\CRYPT32.dll
0x00007ffb44270000 - 0x00007ffb442a1000 	C:\WINDOWS\SYSTEM32\ntmarta.dll
0x00007ffb43fc0000 - 0x00007ffb44016000 	C:\WINDOWS\SYSTEM32\WINSTA.dll
0x00007ffb47b70000 - 0x00007ffb47c17000 	C:\WINDOWS\system32\clbcatq.dll
0x00007ffb3f6b0000 - 0x00007ffb3f6d5000 	C:\Program Files (x86)\Samsung\Easy Printer Manager\SmartScreenPrint\CDAKEYMonitor64.dll
0x00007ffb47820000 - 0x00007ffb478e1000 	C:\WINDOWS\system32\OLEAUT32.dll
0x00007ffb2ca20000 - 0x00007ffb2cbac000 	C:\WINDOWS\SYSTEM32\dbghelp.dll

VM Arguments:
jvm_args: -agentlib:jdwp=transport=dt_socket,address=127.0.0.1:55868,suspend=y,server=n -Djava.library.path=lib/native/ -Dfile.encoding=UTF-8 
java_command: main.Main
java_class_path (initial): C:\Program Files\Java\jdk1.8.0_65\jre\lib\charsets.jar;C:\Program Files\Java\jdk1.8.0_65\jre\lib\deploy.jar;C:\Program Files\Java\jdk1.8.0_65\jre\lib\ext\access-bridge-64.jar;C:\Program Files\Java\jdk1.8.0_65\jre\lib\ext\cldrdata.jar;C:\Program Files\Java\jdk1.8.0_65\jre\lib\ext\dnsns.jar;C:\Program Files\Java\jdk1.8.0_65\jre\lib\ext\jaccess.jar;C:\Program Files\Java\jdk1.8.0_65\jre\lib\ext\jfxrt.jar;C:\Program Files\Java\jdk1.8.0_65\jre\lib\ext\localedata.jar;C:\Program Files\Java\jdk1.8.0_65\jre\lib\ext\nashorn.jar;C:\Program Files\Java\jdk1.8.0_65\jre\lib\ext\sunec.jar;C:\Program Files\Java\jdk1.8.0_65\jre\lib\ext\sunjce_provider.jar;C:\Program Files\Java\jdk1.8.0_65\jre\lib\ext\sunmscapi.jar;C:\Program Files\Java\jdk1.8.0_65\jre\lib\ext\sunpkcs11.jar;C:\Program Files\Java\jdk1.8.0_65\jre\lib\ext\zipfs.jar;C:\Program Files\Java\jdk1.8.0_65\jre\lib\javaws.jar;C:\Program Files\Java\jdk1.8.0_65\jre\lib\jce.jar;C:\Program Files\Java\jdk1.8.0_65\jre\lib\jfr.jar;C:\Program Files\Java\jdk1.8.0_65\jre\lib\jfxswt.jar;C:\Program Files\Java\jdk1.8.0_65\jre\lib\jsse.jar;C:\Program Files\Java\jdk1.8.0_65\jre\lib\management-agent.jar;C:\Program Files\Java\jdk1.8.0_65\jre\lib\plugin.jar;C:\Program Files\Java\jdk1.8.0_65\jre\lib\resources.jar;C:\Program Files\Java\jdk1.8.0_65\jre\lib\rt.jar;D:\Code\Java\Projects\WireEngine20\out\production\WireEngine20;D:\Code\Java\Projects\WireEngine20\lib\jar\lwjgl.jar;D:\Code\Java\Projects\WireEngine20\lib\jar\slick-util.jar;D:\Program Files (x86)\JetBrains\IntelliJ IDEA 2016.1\lib\idea_rt.jar
Launcher Type: SUN_STANDARD

Environment Variables:
JAVA_HOME=C:\Program Files\Java\jdk1.8.0_65
PATH=C:\ProgramData\Oracle\Java\javapath;C:\Program Files (x86)\Razer Chroma SDK\bin;C:\Program Files\Razer Chroma SDK\bin;C:\Program Files (x86)\NVIDIA Corporation\PhysX\Common;C:\Program Files (x86)\Intel\iCLS Client\;C:\Program Files\Intel\iCLS Client\;C:\Windows\system32;C:\Windows;C:\Windows\System32\Wbem;C:\Windows\System32\WindowsPowerShell\v1.0\;C:\Program Files\Intel\Intel(R) Management Engine Components\DAL;C:\Program Files (x86)\Intel\Intel(R) Management Engine Components\DAL;C:\Program Files\Intel\Intel(R) Management Engine Components\IPT;C:\Program Files (x86)\Intel\Intel(R) Management Engine Components\IPT;C:\Program Files\Java\jre1.8.0_65\bin;C:\MinGW\bin;C:\WINDOWS\system32;C:\WINDOWS;C:\WINDOWS\System32\Wbem;C:\WINDOWS\System32\WindowsPowerShell\v1.0\;D:\Program Files (x86)\CMake\bin;D:\Program Files\Programs\Python\Python35-32;D:\Program Files\Programs\Python\Python35-32\Scripts;C:\Program Files (x86)\Skype\Phone\;D:\Program Files\Programs\Python\Python35-32\Scripts\;D:\Program Files\Programs\Python\Python35-32\
USERNAME=Kelan
OS=Windows_NT
PROCESSOR_IDENTIFIER=Intel64 Family 6 Model 60 Stepping 3, GenuineIntel



---------------  S Y S T E M  ---------------

OS: Windows 10.0 , 64 bit Build 10586 (10.0.10586.0)

CPU:total 8 (4 cores per cpu, 2 threads per core) family 6 model 60 stepping 3, cmov, cx8, fxsr, mmx, sse, sse2, sse3, ssse3, sse4.1, sse4.2, popcnt, avx, avx2, aes, clmul, erms, lzcnt, ht, tsc, tscinvbit, bmi1, bmi2

Memory: 4k page, physical 16609500k(9254404k free), swap 33386716k(24042828k free)

vm_info: Java HotSpot(TM) 64-Bit Server VM (25.65-b01) for windows-amd64 JRE (1.8.0_65-b17), built on Oct  6 2015 16:39:20 by "java_re" with MS VC++ 10.0 (VS2010)

time: Mon Apr 18 13:32:10 2016
elapsed time: 11 seconds (0d 0h 0m 11s)

