#
# A fatal error has been detected by the Java Runtime Environment:
#
#  EXCEPTION_ACCESS_VIOLATION (0xc0000005) at pc=0x00007ffb39e424b9, pid=7940, tid=10416
#
# JRE version: Java(TM) SE Runtime Environment (8.0_65-b17) (build 1.8.0_65-b17)
# Java VM: Java HotSpot(TM) 64-Bit Server VM (25.65-b01 mixed mode windows-amd64 compressed oops)
# Problematic frame:
# C  [glfw.dll+0x24b9]
#
# Failed to write core dump. Minidumps are not enabled by default on client versions of Windows
#
# If you would like to submit a bug report, please visit:
#   http://bugreport.java.com/bugreport/crash.jsp
# The crash happened outside the Java Virtual Machine in native code.
# See problematic frame for where to report the bug.
#

---------------  T H R E A D  ---------------

Current thread (0x000000001e212000):  JavaThread "CLIENT" [_thread_in_native, id=10416, stack(0x000000001ef10000,0x000000001f010000)]

siginfo: ExceptionCode=0xc0000005, reading address 0x0000000000000000

Registers:
RAX=0x0000000000000000, RBX=0x000000001b9f3030, RCX=0x0000000000000000, RDX=0x0000000000000000
RSP=0x000000001f00f360, RBP=0x000000001f00f3f0, RSI=0x0000000000001fe0, RDI=0x00000000008106a0
R8 =0x000000001f00f358, R9 =0x000000001f00f3f0, R10=0x0000000000000000, R11=0x0000000000000246
R12=0x0000000000000000, R13=0x000000001f00f408, R14=0x000000001f00f3e0, R15=0x000000001e212000
RIP=0x00007ffb39e424b9, EFLAGS=0x0000000000010287

Top of Stack: (sp=0x000000001f00f360)
0x000000001f00f360:   0000000000000000 0000000000001fd8
0x000000001f00f370:   000000001b997d38 000000001bf70340
0x000000001f00f380:   00000000025d7d8d 0000000002a51f0a
0x000000001f00f390:   000000001b9f3030 000000006c6faea4
0x000000001f00f3a0:   000000001e212000 000000001e212000
0x000000001f00f3b0:   000000001e212000 0000000000000000
0x000000001f00f3c0:   000000001e213950 000000006c685eba
0x000000001f00f3d0:   000000001f00f958 000000001f00f468
0x000000001f00f3e0:   00000006c28132e8 00000000025d7d8d
0x000000001f00f3f0:   000000001f00f468 00000000025d7d8d
0x000000001f00f400:   00000000025d7d8d 00000000008106a0
0x000000001f00f410:   00000000025d78a0 00007ffb39e42420
0x000000001f00f420:   0000000000000001 000000001f00f428
0x000000001f00f430:   000000001ba0f0bc 000000001f00f490
0x000000001f00f440:   000000001ba110a0 0000000000000000
0x000000001f00f450:   000000001ba0f0e8 000000001f00f408 

Instructions: (pc=0x00007ffb39e424b9)
0x00007ffb39e42499:   48 8b cf e8 1f 3a 00 00 48 39 3d f0 d5 02 00 48
0x00007ffb39e424a9:   8d 0d e9 d5 02 00 48 8b 5c 24 30 74 08 48 8b 09
0x00007ffb39e424b9:   48 39 39 75 f8 48 8b 07 48 89 01 48 8b cf 48 83
0x00007ffb39e424c9:   c4 20 5f e9 5b fe 00 00 48 83 c4 20 5f c3 cc cc 


Register to memory mapping:

RAX=0x0000000000000000 is an unknown value
RBX={method} {0x000000001b9f3038} 'invokePV' '(JJ)V' in 'org/lwjgl/system/JNI'
RCX=0x0000000000000000 is an unknown value
RDX=0x0000000000000000 is an unknown value
RSP=0x000000001f00f360 is pointing into the stack for thread: 0x000000001e212000
RBP=0x000000001f00f3f0 is pointing into the stack for thread: 0x000000001e212000
RSI=0x0000000000001fe0 is an unknown value
RDI=0x00000000008106a0 is an unknown value
R8 =0x000000001f00f358 is pointing into the stack for thread: 0x000000001e212000
R9 =0x000000001f00f3f0 is pointing into the stack for thread: 0x000000001e212000
R10=0x0000000000000000 is an unknown value
R11=0x0000000000000246 is an unknown value
R12=0x0000000000000000 is an unknown value
R13=0x000000001f00f408 is pointing into the stack for thread: 0x000000001e212000
R14=0x000000001f00f3e0 is pointing into the stack for thread: 0x000000001e212000
R15=0x000000001e212000 is a thread


Stack: [0x000000001ef10000,0x000000001f010000],  sp=0x000000001f00f360,  free space=1020k
Native frames: (J=compiled Java code, j=interpreted, Vv=VM code, C=native code)
C  [glfw.dll+0x24b9]
C  0x0000000002a51f0a

Java frames: (J=compiled Java code, j=interpreted, Vv=VM code)
J 841  org.lwjgl.system.JNI.invokePV(JJ)V (0 bytes) @ 0x0000000002a51e84 [0x0000000002a51e40+0x44]
j  org.lwjgl.glfw.GLFW.glfwDestroyCursor(J)V+20
j  main.client.Window.destroyWindow()V+9
j  main.coreEngine.Engine.stop()V+70
j  main.client.Window.update()V+33
j  main.client.renderEngine.RenderEngine.render()V+32
J 844 C1 main.client.ClientThread.tick()V (16 bytes) @ 0x0000000002a50fb4 [0x0000000002a50b00+0x4b4]
j  main.coreEngine.TickableThread.run()V+469
v  ~StubRoutines::call_stub

---------------  P R O C E S S  ---------------

Java Threads: ( => current thread )
  0x000000001e214000 JavaThread "SERVER" [_thread_in_Java, id=9348, stack(0x000000001f010000,0x000000001f110000)]
=>0x000000001e212000 JavaThread "CLIENT" [_thread_in_native, id=10416, stack(0x000000001ef10000,0x000000001f010000)]
  0x000000001e0ac000 JavaThread "Service Thread" daemon [_thread_blocked, id=9488, stack(0x000000001ed10000,0x000000001ee10000)]
  0x000000001e071800 JavaThread "C1 CompilerThread3" daemon [_thread_blocked, id=2220, stack(0x000000001ec10000,0x000000001ed10000)]
  0x000000001e068800 JavaThread "C2 CompilerThread2" daemon [_thread_blocked, id=5660, stack(0x000000001eb10000,0x000000001ec10000)]
  0x000000001e067800 JavaThread "C2 CompilerThread1" daemon [_thread_blocked, id=6896, stack(0x000000001ea10000,0x000000001eb10000)]
  0x000000001e06c800 JavaThread "C2 CompilerThread0" daemon [_thread_blocked, id=2204, stack(0x000000001e910000,0x000000001ea10000)]
  0x000000001e05b800 JavaThread "JDWP Command Reader" daemon [_thread_in_native, id=3700, stack(0x000000001e810000,0x000000001e910000)]
  0x000000001e04f000 JavaThread "JDWP Event Helper Thread" daemon [_thread_blocked, id=8364, stack(0x000000001e710000,0x000000001e810000)]
  0x000000001e041800 JavaThread "JDWP Transport Listener: dt_socket" daemon [_thread_blocked, id=3108, stack(0x000000001e610000,0x000000001e710000)]
  0x000000001e036800 JavaThread "Attach Listener" daemon [_thread_blocked, id=696, stack(0x000000001e510000,0x000000001e610000)]
  0x000000001e035800 JavaThread "Signal Dispatcher" daemon [_thread_blocked, id=3868, stack(0x000000001e410000,0x000000001e510000)]
  0x00000000025ca000 JavaThread "Finalizer" daemon [_thread_blocked, id=10176, stack(0x000000001de30000,0x000000001df30000)]
  0x00000000025c3000 JavaThread "Reference Handler" daemon [_thread_blocked, id=10520, stack(0x000000001dd30000,0x000000001de30000)]
  0x00000000023ce000 JavaThread "main" [_thread_in_Java, id=4816, stack(0x00000000023d0000,0x00000000024d0000)]

Other Threads:
  0x000000001bf69800 VMThread [stack: 0x000000001dc30000,0x000000001dd30000] [id=6172]
  0x000000001e122800 WatcherThread [stack: 0x000000001ee10000,0x000000001ef10000] [id=13232]

VM state:not at safepoint (normal execution)

VM Mutex/Monitor currently owned by a thread: None

Heap:
 PSYoungGen      total 121344K, used 95635K [0x000000076b800000, 0x00000007aa200000, 0x00000007c0000000)
  eden space 120832K, 79% used [0x000000076b800000,0x0000000771554d90,0x0000000772e00000)
  from space 512K, 12% used [0x00000007aa180000,0x00000007aa190000,0x00000007aa200000)
  to   space 512K, 0% used [0x00000007aa100000,0x00000007aa100000,0x00000007aa180000)
 ParOldGen       total 173568K, used 11144K [0x00000006c2800000, 0x00000006cd180000, 0x000000076b800000)
  object space 173568K, 6% used [0x00000006c2800000,0x00000006c32e22d0,0x00000006cd180000)
 Metaspace       used 8390K, capacity 8774K, committed 8960K, reserved 1056768K
  class space    used 661K, capacity 690K, committed 768K, reserved 1048576K

Card table byte_map: [0x0000000011990000,0x0000000012180000] byte_map_base: 0x000000000e37c000

Marking Bits: (ParMarkBitMap*) 0x000000006cdda5b0
 Begin Bits: [0x0000000012ed0000, 0x0000000016e30000)
 End Bits:   [0x0000000016e30000, 0x000000001ad90000)

Polling page: 0x0000000000a50000

CodeCache: size=245760Kb used=4664Kb max_used=4675Kb free=241095Kb
 bounds [0x00000000025d0000, 0x0000000002a70000, 0x00000000115d0000]
 total_blobs=1510 nmethods=852 adapters=579
 compilation: enabled

Compilation events (10 events):
Event: 11.241 Thread 0x000000001e068800  850       4       java.lang.Number::<init> (5 bytes)
Event: 11.241 Thread 0x000000001e068800 nmethod 850 0x0000000002a09dd0 code [0x0000000002a09f00, 0x0000000002a09f58]
Event: 12.174 Thread 0x000000001e071800  851       3       java.nio.DirectByteBuffer$Deallocator::<init> (9 bytes)
Event: 12.174 Thread 0x000000001e071800 nmethod 851 0x0000000002a63290 code [0x0000000002a63400, 0x0000000002a635c8]
Event: 12.760 Thread 0x000000001e071800  852       1       main.coreEngine.sceneGraph.components.CameraComponent::tick (1 bytes)
Event: 12.760 Thread 0x000000001e071800 nmethod 852 0x0000000002a62fd0 code [0x0000000002a63120, 0x0000000002a63230]
Event: 12.760 Thread 0x000000001e071800  853       1       main.coreEngine.sceneGraph.components.ControllerComponent::tick (1 bytes)
Event: 12.760 Thread 0x000000001e071800 nmethod 853 0x0000000002a62d10 code [0x0000000002a62e60, 0x0000000002a62f70]
Event: 12.924 Thread 0x000000001e067800  854       4       org.lwjgl.opengl.GL::getCapabilities (26 bytes)
Event: 12.926 Thread 0x000000001e067800 nmethod 854 0x0000000002a530d0 code [0x0000000002a53220, 0x0000000002a53398]

GC Heap History (10 events):
Event: 12.983 GC heap before
{Heap before GC invocations=52 (full 0):
 PSYoungGen      total 143360K, used 142528K [0x000000076b800000, 0x00000007aa280000, 0x00000007c0000000)
  eden space 142336K, 100% used [0x000000076b800000,0x0000000774300000,0x0000000774300000)
  from space 1024K, 18% used [0x00000007aa080000,0x00000007aa0b0000,0x00000007aa180000)
  to   space 1024K, 0% used [0x00000007aa180000,0x00000007aa180000,0x00000007aa280000)
 ParOldGen       total 173568K, used 11016K [0x00000006c2800000, 0x00000006cd180000, 0x000000076b800000)
  object space 173568K, 6% used [0x00000006c2800000,0x00000006c32c22d0,0x00000006cd180000)
 Metaspace       used 8390K, capacity 8774K, committed 8960K, reserved 1056768K
  class space    used 661K, capacity 690K, committed 768K, reserved 1048576K
Event: 12.984 GC heap after
Heap after GC invocations=52 (full 0):
 PSYoungGen      total 138240K, used 160K [0x000000076b800000, 0x00000007aa200000, 0x00000007c0000000)
  eden space 137728K, 0% used [0x000000076b800000,0x000000076b800000,0x0000000773e80000)
  from space 512K, 31% used [0x00000007aa180000,0x00000007aa1a8000,0x00000007aa200000)
  to   space 1024K, 0% used [0x00000007aa000000,0x00000007aa000000,0x00000007aa100000)
 ParOldGen       total 173568K, used 11016K [0x00000006c2800000, 0x00000006cd180000, 0x000000076b800000)
  object space 173568K, 6% used [0x00000006c2800000,0x00000006c32c22d0,0x00000006cd180000)
 Metaspace       used 8390K, capacity 8774K, committed 8960K, reserved 1056768K
  class space    used 661K, capacity 690K, committed 768K, reserved 1048576K
}
Event: 13.143 GC heap before
{Heap before GC invocations=53 (full 0):
 PSYoungGen      total 138240K, used 137888K [0x000000076b800000, 0x00000007aa200000, 0x00000007c0000000)
  eden space 137728K, 100% used [0x000000076b800000,0x0000000773e80000,0x0000000773e80000)
  from space 512K, 31% used [0x00000007aa180000,0x00000007aa1a8000,0x00000007aa200000)
  to   space 1024K, 0% used [0x00000007aa000000,0x00000007aa000000,0x00000007aa100000)
 ParOldGen       total 173568K, used 11016K [0x00000006c2800000, 0x00000006cd180000, 0x000000076b800000)
  object space 173568K, 6% used [0x00000006c2800000,0x00000006c32c22d0,0x00000006cd180000)
 Metaspace       used 8390K, capacity 8774K, committed 8960K, reserved 1056768K
  class space    used 661K, capacity 690K, committed 768K, reserved 1048576K
Event: 13.143 GC heap after
Heap after GC invocations=53 (full 0):
 PSYoungGen      total 134144K, used 160K [0x000000076b800000, 0x00000007aa200000, 0x00000007c0000000)
  eden space 133120K, 0% used [0x000000076b800000,0x000000076b800000,0x0000000773a00000)
  from space 1024K, 15% used [0x00000007aa000000,0x00000007aa028000,0x00000007aa100000)
  to   space 512K, 0% used [0x00000007aa180000,0x00000007aa180000,0x00000007aa200000)
 ParOldGen       total 173568K, used 11040K [0x00000006c2800000, 0x00000006cd180000, 0x000000076b800000)
  object space 173568K, 6% used [0x00000006c2800000,0x00000006c32c82d0,0x00000006cd180000)
 Metaspace       used 8390K, capacity 8774K, committed 8960K, reserved 1056768K
  class space    used 661K, capacity 690K, committed 768K, reserved 1048576K
}
Event: 13.254 GC heap before
{Heap before GC invocations=54 (full 0):
 PSYoungGen      total 134144K, used 133280K [0x000000076b800000, 0x00000007aa200000, 0x00000007c0000000)
  eden space 133120K, 100% used [0x000000076b800000,0x0000000773a00000,0x0000000773a00000)
  from space 1024K, 15% used [0x00000007aa000000,0x00000007aa028000,0x00000007aa100000)
  to   space 512K, 0% used [0x00000007aa180000,0x00000007aa180000,0x00000007aa200000)
 ParOldGen       total 173568K, used 11040K [0x00000006c2800000, 0x00000006cd180000, 0x000000076b800000)
  object space 173568K, 6% used [0x00000006c2800000,0x00000006c32c82d0,0x00000006cd180000)
 Metaspace       used 8390K, capacity 8774K, committed 8960K, reserved 1056768K
  class space    used 661K, capacity 690K, committed 768K, reserved 1048576K
Event: 13.254 GC heap after
Heap after GC invocations=54 (full 0):
 PSYoungGen      total 129536K, used 64K [0x000000076b800000, 0x00000007aa200000, 0x00000007c0000000)
  eden space 129024K, 0% used [0x000000076b800000,0x000000076b800000,0x0000000773600000)
  from space 512K, 12% used [0x00000007aa180000,0x00000007aa190000,0x00000007aa200000)
  to   space 512K, 0% used [0x00000007aa100000,0x00000007aa100000,0x00000007aa180000)
 ParOldGen       total 173568K, used 11088K [0x00000006c2800000, 0x00000006cd180000, 0x000000076b800000)
  object space 173568K, 6% used [0x00000006c2800000,0x00000006c32d42d0,0x00000006cd180000)
 Metaspace       used 8390K, capacity 8774K, committed 8960K, reserved 1056768K
  class space    used 661K, capacity 690K, committed 768K, reserved 1048576K
}
Event: 13.355 GC heap before
{Heap before GC invocations=55 (full 0):
 PSYoungGen      total 129536K, used 129088K [0x000000076b800000, 0x00000007aa200000, 0x00000007c0000000)
  eden space 129024K, 100% used [0x000000076b800000,0x0000000773600000,0x0000000773600000)
  from space 512K, 12% used [0x00000007aa180000,0x00000007aa190000,0x00000007aa200000)
  to   space 512K, 0% used [0x00000007aa100000,0x00000007aa100000,0x00000007aa180000)
 ParOldGen       total 173568K, used 11088K [0x00000006c2800000, 0x00000006cd180000, 0x000000076b800000)
  object space 173568K, 6% used [0x00000006c2800000,0x00000006c32d42d0,0x00000006cd180000)
 Metaspace       used 8390K, capacity 8774K, committed 8960K, reserved 1056768K
  class space    used 661K, capacity 690K, committed 768K, reserved 1048576K
Event: 13.356 GC heap after
Heap after GC invocations=55 (full 0):
 PSYoungGen      total 125440K, used 192K [0x000000076b800000, 0x00000007aa200000, 0x00000007c0000000)
  eden space 124928K, 0% used [0x000000076b800000,0x000000076b800000,0x0000000773200000)
  from space 512K, 37% used [0x00000007aa100000,0x00000007aa130000,0x00000007aa180000)
  to   space 512K, 0% used [0x00000007aa180000,0x00000007aa180000,0x00000007aa200000)
 ParOldGen       total 173568K, used 11088K [0x00000006c2800000, 0x00000006cd180000, 0x000000076b800000)
  object space 173568K, 6% used [0x00000006c2800000,0x00000006c32d42d0,0x00000006cd180000)
 Metaspace       used 8390K, capacity 8774K, committed 8960K, reserved 1056768K
  class space    used 661K, capacity 690K, committed 768K, reserved 1048576K
}
Event: 13.451 GC heap before
{Heap before GC invocations=56 (full 0):
 PSYoungGen      total 125440K, used 125120K [0x000000076b800000, 0x00000007aa200000, 0x00000007c0000000)
  eden space 124928K, 100% used [0x000000076b800000,0x0000000773200000,0x0000000773200000)
  from space 512K, 37% used [0x00000007aa100000,0x00000007aa130000,0x00000007aa180000)
  to   space 512K, 0% used [0x00000007aa180000,0x00000007aa180000,0x00000007aa200000)
 ParOldGen       total 173568K, used 11088K [0x00000006c2800000, 0x00000006cd180000, 0x000000076b800000)
  object space 173568K, 6% used [0x00000006c2800000,0x00000006c32d42d0,0x00000006cd180000)
 Metaspace       used 8390K, capacity 8774K, committed 8960K, reserved 1056768K
  class space    used 661K, capacity 690K, committed 768K, reserved 1048576K
Event: 13.452 GC heap after
Heap after GC invocations=56 (full 0):
 PSYoungGen      total 121344K, used 64K [0x000000076b800000, 0x00000007aa200000, 0x00000007c0000000)
  eden space 120832K, 0% used [0x000000076b800000,0x000000076b800000,0x0000000772e00000)
  from space 512K, 12% used [0x00000007aa180000,0x00000007aa190000,0x00000007aa200000)
  to   space 512K, 0% used [0x00000007aa100000,0x00000007aa100000,0x00000007aa180000)
 ParOldGen       total 173568K, used 11144K [0x00000006c2800000, 0x00000006cd180000, 0x000000076b800000)
  object space 173568K, 6% used [0x00000006c2800000,0x00000006c32e22d0,0x00000006cd180000)
 Metaspace       used 8390K, capacity 8774K, committed 8960K, reserved 1056768K
  class space    used 661K, capacity 690K, committed 768K, reserved 1048576K
}

Deoptimization events (10 events):
Event: 2.001 Thread 0x000000001e212000 Uncommon trap: reason=unstable_if action=reinterpret pc=0x00000000028ccf34 method=sun.misc.FloatingDecimal.readJavaFormatString(Ljava/lang/String;)Lsun/misc/FloatingDecimal$ASCIIToBinaryConverter; @ 235
Event: 2.001 Thread 0x000000001e212000 Uncommon trap: reason=class_check action=maybe_recompile pc=0x00000000028952c4 method=sun.misc.FloatingDecimal.parseFloat(Ljava/lang/String;)F @ 4
Event: 2.002 Thread 0x000000001e212000 Uncommon trap: reason=class_check action=maybe_recompile pc=0x00000000028952c4 method=sun.misc.FloatingDecimal.parseFloat(Ljava/lang/String;)F @ 4
Event: 2.002 Thread 0x000000001e212000 Uncommon trap: reason=class_check action=maybe_recompile pc=0x00000000028952c4 method=sun.misc.FloatingDecimal.parseFloat(Ljava/lang/String;)F @ 4
Event: 2.002 Thread 0x000000001e212000 Uncommon trap: reason=class_check action=maybe_recompile pc=0x00000000028952c4 method=sun.misc.FloatingDecimal.parseFloat(Ljava/lang/String;)F @ 4
Event: 2.002 Thread 0x000000001e212000 Uncommon trap: reason=unstable_if action=reinterpret pc=0x0000000002904bc4 method=main.client.renderEngine.mesh.MeshBuilder.processFace(Ljava/lang/String;Lmain/client/renderEngine/mesh/MeshBuilder;)Z @ 114
Event: 2.012 Thread 0x000000001e212000 Uncommon trap: reason=bimorphic action=maybe_recompile pc=0x0000000002723780 method=java.util.HashMap.getNode(ILjava/lang/Object;)Ljava/util/HashMap$Node; @ 126
Event: 2.101 Thread 0x000000001e212000 Uncommon trap: reason=unstable_if action=reinterpret pc=0x000000000289f4ec method=main.coreEngine.TickableThread.run()V @ 461
Event: 2.110 Thread 0x000000001e214000 Uncommon trap: reason=unstable_if action=reinterpret pc=0x000000000289f4ec method=main.coreEngine.TickableThread.run()V @ 461
Event: 2.116 Thread 0x000000001e212000 Uncommon trap: reason=unstable_if action=reinterpret pc=0x00000000028e9cf0 method=java.lang.Integer.valueOf(I)Ljava/lang/Integer; @ 10

Internal exceptions (8 events):
Event: 0.026 Thread 0x00000000023ce000 Exception <a 'java/lang/NoSuchMethodError': Method sun.misc.Unsafe.defineClass(Ljava/lang/String;[BII)Ljava/lang/Class; name or signature does not match> (0x000000076b80da30) thrown at [C:\workspace\8-2-build-windows-amd64-cygwin\jdk8u65\4987\hotspot\src\sžXÆ‘›?
Event: 0.026 Thread 0x00000000023ce000 Exception <a 'java/lang/NoSuchMethodError': Method sun.misc.Unsafe.prefetchRead(Ljava/lang/Object;J)V name or signature does not match> (0x000000076b80dd18) thrown at [C:\workspace\8-2-build-windows-amd64-cygwin\jdk8u65\4987\hotspot\src\share\vm\prims\jni.ñïD[.à?
Event: 0.506 Thread 0x000000001e212000 Exception <a 'java/security/PrivilegedActionException'> (0x000000076c243ac0) thrown at [C:\workspace\8-2-build-windows-amd64-cygwin\jdk8u65\4987\hotspot\src\share\vm\prims\jvm.cpp, line 1386]
Event: 0.506 Thread 0x000000001e212000 Exception <a 'java/security/PrivilegedActionException'> (0x000000076c243eb8) thrown at [C:\workspace\8-2-build-windows-amd64-cygwin\jdk8u65\4987\hotspot\src\share\vm\prims\jvm.cpp, line 1386]
Event: 0.508 Thread 0x000000001e212000 Exception <a 'java/security/PrivilegedActionException'> (0x000000076c2480d0) thrown at [C:\workspace\8-2-build-windows-amd64-cygwin\jdk8u65\4987\hotspot\src\share\vm\prims\jvm.cpp, line 1386]
Event: 0.508 Thread 0x000000001e212000 Exception <a 'java/security/PrivilegedActionException'> (0x000000076c2484c8) thrown at [C:\workspace\8-2-build-windows-amd64-cygwin\jdk8u65\4987\hotspot\src\share\vm\prims\jvm.cpp, line 1386]
Event: 0.517 Thread 0x000000001e212000 Implicit null exception at 0x0000000002724239 to 0x00000000027245fd
Event: 1.320 Thread 0x00000000023ce000 Implicit null exception at 0x000000000273707c to 0x0000000002737619

Events (10 events):
Event: 12.983 Executing VM operation: ParallelGCFailedAllocation
Event: 12.984 Executing VM operation: ParallelGCFailedAllocation done
Event: 13.143 Executing VM operation: ParallelGCFailedAllocation
Event: 13.143 Executing VM operation: ParallelGCFailedAllocation done
Event: 13.254 Executing VM operation: ParallelGCFailedAllocation
Event: 13.254 Executing VM operation: ParallelGCFailedAllocation done
Event: 13.355 Executing VM operation: ParallelGCFailedAllocation
Event: 13.356 Executing VM operation: ParallelGCFailedAllocation done
Event: 13.451 Executing VM operation: ParallelGCFailedAllocation
Event: 13.452 Executing VM operation: ParallelGCFailedAllocation done


Dynamic libraries:
0x00007ff603aa0000 - 0x00007ff603ad7000 	C:\Program Files\Java\jdk1.8.0_65\bin\java.exe
0x00007ffb48720000 - 0x00007ffb488e1000 	C:\WINDOWS\SYSTEM32\ntdll.dll
0x00007ffb48170000 - 0x00007ffb4821d000 	C:\WINDOWS\system32\KERNEL32.DLL
0x00007ffb45560000 - 0x00007ffb45748000 	C:\WINDOWS\system32\KERNELBASE.dll
0x00007ffb47a50000 - 0x00007ffb47af7000 	C:\WINDOWS\system32\ADVAPI32.dll
0x00007ffb480d0000 - 0x00007ffb4816d000 	C:\WINDOWS\system32\msvcrt.dll
0x00007ffb47b00000 - 0x00007ffb47b5b000 	C:\WINDOWS\system32\sechost.dll
0x00007ffb47700000 - 0x00007ffb4781c000 	C:\WINDOWS\system32\RPCRT4.dll
0x00007ffb485c0000 - 0x00007ffb48716000 	C:\WINDOWS\system32\USER32.dll
0x00007ffb48220000 - 0x00007ffb483a6000 	C:\WINDOWS\system32\GDI32.dll
0x00007ffb41530000 - 0x00007ffb417a4000 	C:\WINDOWS\WinSxS\amd64_microsoft.windows.common-controls_6595b64144ccf1df_6.0.10586.0_none_8c15ae12515e1c22\COMCTL32.dll
0x00007ffb45b00000 - 0x00007ffb45d7d000 	C:\WINDOWS\system32\combase.dll
0x00007ffb45920000 - 0x00007ffb4598a000 	C:\WINDOWS\system32\bcryptPrimitives.dll
0x00007ffb45f90000 - 0x00007ffb45fcb000 	C:\WINDOWS\system32\IMM32.DLL
0x000000006ce60000 - 0x000000006cf32000 	C:\Program Files\Java\jdk1.8.0_65\jre\bin\msvcr100.dll
0x000000006c5d0000 - 0x000000006ce59000 	C:\Program Files\Java\jdk1.8.0_65\jre\bin\server\jvm.dll
0x00007ffb475a0000 - 0x00007ffb475a8000 	C:\WINDOWS\system32\PSAPI.DLL
0x00007ffb3c060000 - 0x00007ffb3c069000 	C:\WINDOWS\SYSTEM32\WSOCK32.dll
0x00007ffb42fa0000 - 0x00007ffb42fc3000 	C:\WINDOWS\SYSTEM32\WINMM.dll
0x00007ffb418d0000 - 0x00007ffb418da000 	C:\WINDOWS\SYSTEM32\VERSION.dll
0x00007ffb48420000 - 0x00007ffb4848b000 	C:\WINDOWS\system32\WS2_32.dll
0x00007ffb42f40000 - 0x00007ffb42f6c000 	C:\WINDOWS\SYSTEM32\WINMMBASE.dll
0x00007ffb45ab0000 - 0x00007ffb45af3000 	C:\WINDOWS\system32\cfgmgr32.dll
0x000000006c5c0000 - 0x000000006c5cf000 	C:\Program Files\Java\jdk1.8.0_65\jre\bin\verify.dll
0x000000006c590000 - 0x000000006c5b9000 	C:\Program Files\Java\jdk1.8.0_65\jre\bin\java.dll
0x000000006c550000 - 0x000000006c585000 	C:\Program Files\Java\jdk1.8.0_65\jre\bin\jdwp.dll
0x000000006c540000 - 0x000000006c548000 	C:\Program Files\Java\jdk1.8.0_65\jre\bin\npt.dll
0x000000006c520000 - 0x000000006c536000 	C:\Program Files\Java\jdk1.8.0_65\jre\bin\zip.dll
0x00007ffb45fd0000 - 0x00007ffb4752c000 	C:\WINDOWS\system32\SHELL32.dll
0x00007ffb44ef0000 - 0x00007ffb45535000 	C:\WINDOWS\system32\windows.storage.dll
0x00007ffb483c0000 - 0x00007ffb48412000 	C:\WINDOWS\system32\shlwapi.dll
0x00007ffb44da0000 - 0x00007ffb44daf000 	C:\WINDOWS\system32\kernel.appcore.dll
0x00007ffb459f0000 - 0x00007ffb45aa5000 	C:\WINDOWS\system32\shcore.dll
0x00007ffb44d50000 - 0x00007ffb44d9b000 	C:\WINDOWS\system32\powrprof.dll
0x00007ffb44d20000 - 0x00007ffb44d34000 	C:\WINDOWS\system32\profapi.dll
0x000000006c2f0000 - 0x000000006c2f9000 	C:\Program Files\Java\jdk1.8.0_65\jre\bin\dt_socket.dll
0x00007ffb44650000 - 0x00007ffb446ac000 	C:\WINDOWS\system32\mswsock.dll
0x00007ffb31ec0000 - 0x00007ffb31f48000 	D:\Code\Java\Projects\WireEngine20\lib\native\lwjgl.dll
0x00007ffb44820000 - 0x00007ffb4482b000 	C:\WINDOWS\SYSTEM32\CRYPTBASE.DLL
0x00007ffb400c0000 - 0x00007ffb40102000 	D:\Code\Java\Projects\WireEngine20\lib\native\jemalloc.dll
0x00007ffb39e40000 - 0x00007ffb39e78000 	D:\Code\Java\Projects\WireEngine20\lib\native\glfw.dll
0x00007ffb436a0000 - 0x00007ffb43736000 	C:\WINDOWS\system32\uxtheme.dll
0x00007ffb42950000 - 0x00007ffb42972000 	C:\WINDOWS\SYSTEM32\dwmapi.dll
0x00007ffb2da30000 - 0x00007ffb2db59000 	C:\WINDOWS\SYSTEM32\opengl32.dll
0x00007ffb3a050000 - 0x00007ffb3a07e000 	C:\WINDOWS\SYSTEM32\GLU32.dll
0x00007ffb2fd50000 - 0x00007ffb2fe4a000 	C:\WINDOWS\SYSTEM32\DDRAW.dll
0x00007ffb40230000 - 0x00007ffb40238000 	C:\WINDOWS\SYSTEM32\DCIMAN32.dll
0x00007ffb478f0000 - 0x00007ffb47a4a000 	C:\WINDOWS\system32\MSCTF.dll
0x00007ffb2cbb0000 - 0x00007ffb2cbf9000 	C:\Program Files (x86)\TeamViewer\tv_x64.dll
0x00007ffb475b0000 - 0x00007ffb476f3000 	C:\WINDOWS\system32\ole32.dll
0x000000006a5a0000 - 0x000000006c2e9000 	C:\WINDOWS\SYSTEM32\nvoglv64.DLL
0x00007ffb47c20000 - 0x00007ffb48049000 	C:\WINDOWS\system32\SETUPAPI.dll
0x00007ffb42d00000 - 0x00007ffb42d13000 	C:\WINDOWS\SYSTEM32\WTSAPI32.dll
0x00007ffb437f0000 - 0x00007ffb43817000 	C:\WINDOWS\SYSTEM32\DEVOBJ.dll
0x00007ffb45990000 - 0x00007ffb459e5000 	C:\WINDOWS\system32\WINTRUST.dll
0x00007ffb44d40000 - 0x00007ffb44d50000 	C:\WINDOWS\system32\MSASN1.dll
0x00007ffb45750000 - 0x00007ffb45917000 	C:\WINDOWS\system32\CRYPT32.dll
0x00007ffb44270000 - 0x00007ffb442a1000 	C:\WINDOWS\SYSTEM32\ntmarta.dll
0x00007ffb43fc0000 - 0x00007ffb44016000 	C:\WINDOWS\SYSTEM32\WINSTA.dll
0x00007ffb47b70000 - 0x00007ffb47c17000 	C:\WINDOWS\system32\clbcatq.dll
0x00007ffb3d0b0000 - 0x00007ffb3d0d5000 	C:\Program Files (x86)\Samsung\Easy Printer Manager\SmartScreenPrint\CDAKEYMonitor64.dll
0x00007ffb47820000 - 0x00007ffb478e1000 	C:\WINDOWS\system32\OLEAUT32.dll
0x00007ffb2ca20000 - 0x00007ffb2cbac000 	C:\WINDOWS\SYSTEM32\dbghelp.dll

VM Arguments:
jvm_args: -agentlib:jdwp=transport=dt_socket,address=127.0.0.1:64193,suspend=y,server=n -Djava.library.path=lib/native/ -Dfile.encoding=UTF-8 
java_command: main.Main
java_class_path (initial): C:\Program Files\Java\jdk1.8.0_65\jre\lib\charsets.jar;C:\Program Files\Java\jdk1.8.0_65\jre\lib\deploy.jar;C:\Program Files\Java\jdk1.8.0_65\jre\lib\ext\access-bridge-64.jar;C:\Program Files\Java\jdk1.8.0_65\jre\lib\ext\cldrdata.jar;C:\Program Files\Java\jdk1.8.0_65\jre\lib\ext\dnsns.jar;C:\Program Files\Java\jdk1.8.0_65\jre\lib\ext\jaccess.jar;C:\Program Files\Java\jdk1.8.0_65\jre\lib\ext\jfxrt.jar;C:\Program Files\Java\jdk1.8.0_65\jre\lib\ext\localedata.jar;C:\Program Files\Java\jdk1.8.0_65\jre\lib\ext\nashorn.jar;C:\Program Files\Java\jdk1.8.0_65\jre\lib\ext\sunec.jar;C:\Program Files\Java\jdk1.8.0_65\jre\lib\ext\sunjce_provider.jar;C:\Program Files\Java\jdk1.8.0_65\jre\lib\ext\sunmscapi.jar;C:\Program Files\Java\jdk1.8.0_65\jre\lib\ext\sunpkcs11.jar;C:\Program Files\Java\jdk1.8.0_65\jre\lib\ext\zipfs.jar;C:\Program Files\Java\jdk1.8.0_65\jre\lib\javaws.jar;C:\Program Files\Java\jdk1.8.0_65\jre\lib\jce.jar;C:\Program Files\Java\jdk1.8.0_65\jre\lib\jfr.jar;C:\Program Files\Java\jdk1.8.0_65\jre\lib\jfxswt.jar;C:\Program Files\Java\jdk1.8.0_65\jre\lib\jsse.jar;C:\Program Files\Java\jdk1.8.0_65\jre\lib\management-agent.jar;C:\Program Files\Java\jdk1.8.0_65\jre\lib\plugin.jar;C:\Program Files\Java\jdk1.8.0_65\jre\lib\resources.jar;C:\Program Files\Java\jdk1.8.0_65\jre\lib\rt.jar;D:\Code\Java\Projects\WireEngine20\out\production\WireEngine20;D:\Code\Java\Projects\WireEngine20\lib\jar\lwjgl.jar;D:\Code\Java\Projects\WireEngine20\lib\jar\slick-util.jar;D:\Program Files (x86)\JetBrains\IntelliJ IDEA 2016.1\lib\idea_rt.jar
Launcher Type: SUN_STANDARD

Environment Variables:
JAVA_HOME=C:\Program Files\Java\jdk1.8.0_65
PATH=C:\ProgramData\Oracle\Java\javapath;C:\Program Files (x86)\Razer Chroma SDK\bin;C:\Program Files\Razer Chroma SDK\bin;C:\Program Files (x86)\NVIDIA Corporation\PhysX\Common;C:\Program Files (x86)\Intel\iCLS Client\;C:\Program Files\Intel\iCLS Client\;C:\Windows\system32;C:\Windows;C:\Windows\System32\Wbem;C:\Windows\System32\WindowsPowerShell\v1.0\;C:\Program Files\Intel\Intel(R) Management Engine Components\DAL;C:\Program Files (x86)\Intel\Intel(R) Management Engine Components\DAL;C:\Program Files\Intel\Intel(R) Management Engine Components\IPT;C:\Program Files (x86)\Intel\Intel(R) Management Engine Components\IPT;C:\Program Files\Java\jre1.8.0_65\bin;C:\MinGW\bin;C:\WINDOWS\system32;C:\WINDOWS;C:\WINDOWS\System32\Wbem;C:\WINDOWS\System32\WindowsPowerShell\v1.0\;D:\Program Files (x86)\CMake\bin;D:\Program Files\Programs\Python\Python35-32;D:\Program Files\Programs\Python\Python35-32\Scripts;C:\Program Files (x86)\Skype\Phone\;D:\Program Files\Programs\Python\Python35-32\Scripts\;D:\Program Files\Programs\Python\Python35-32\
USERNAME=Kelan
OS=Windows_NT
PROCESSOR_IDENTIFIER=Intel64 Family 6 Model 60 Stepping 3, GenuineIntel



---------------  S Y S T E M  ---------------

OS: Windows 10.0 , 64 bit Build 10586 (10.0.10586.0)

CPU:total 8 (4 cores per cpu, 2 threads per core) family 6 model 60 stepping 3, cmov, cx8, fxsr, mmx, sse, sse2, sse3, ssse3, sse4.1, sse4.2, popcnt, avx, avx2, aes, clmul, erms, lzcnt, ht, tsc, tscinvbit, bmi1, bmi2

Memory: 4k page, physical 16609500k(6550144k free), swap 33386716k(18825672k free)

vm_info: Java HotSpot(TM) 64-Bit Server VM (25.65-b01) for windows-amd64 JRE (1.8.0_65-b17), built on Oct  6 2015 16:39:20 by "java_re" with MS VC++ 10.0 (VS2010)

time: Tue Apr 19 17:13:03 2016
elapsed time: 13 seconds (0d 0h 0m 13s)

