#
# A fatal error has been detected by the Java Runtime Environment:
#
#  EXCEPTION_ACCESS_VIOLATION (0xc0000005) at pc=0x00007ffdd3e624b9, pid=11488, tid=13112
#
# JRE version: Java(TM) SE Runtime Environment (8.0_65-b17) (build 1.8.0_65-b17)
# Java VM: Java HotSpot(TM) 64-Bit Server VM (25.65-b01 mixed mode windows-amd64 compressed oops)
# Problematic frame:
# C  [glfw.dll+0x24b9]
#
# Failed to write core dump. Minidumps are not enabled by default on client versions of Windows
#
# If you would like to submit a bug report, please visit:
#   http://bugreport.java.com/bugreport/crash.jsp
# The crash happened outside the Java Virtual Machine in native code.
# See problematic frame for where to report the bug.
#

---------------  T H R E A D  ---------------

Current thread (0x000000001e286800):  JavaThread "CLIENT" [_thread_in_native, id=13112, stack(0x000000001efa0000,0x000000001f0a0000)]

siginfo: ExceptionCode=0xc0000005, reading address 0x0000000000000000

Registers:
RAX=0x0000000000000000, RBX=0x000000001ba5f240, RCX=0x0000000000000000, RDX=0x0000000000000000
RSP=0x000000001f09edf0, RBP=0x000000001f09eea8, RSI=0x0000000000000108, RDI=0x00000000006d2da0
R8 =0x000000001f09ede8, R9 =0x000000001f09eea8, R10=0x0000000000000000, R11=0x0000000000000246
R12=0x0000000000000000, R13=0x000000001ba5f240, R14=0x000000001f09eee0, R15=0x000000001e286800
RIP=0x00007ffdd3e624b9, EFLAGS=0x0000000000010287

Top of Stack: (sp=0x000000001f09edf0)
0x000000001f09edf0:   000000001e286800 000000001e286800
0x000000001f09ee00:   000000001e286800 000000001e286800
0x000000001f09ee10:   0000000000000524 000000000265dfcc
0x000000001f09ee20:   000000001ba5f240 0000000070615005
0x000000001f09ee30:   000000001ba050c8 000000001bfe1930
0x000000001f09ee40:   000000000000000e 000000001e286800
0x000000001f09ee50:   000000001ba7b9c8 000000007052aea4
0x000000001f09ee60:   000000001e286800 000000001f09ee68
0x000000001f09ee70:   0000000000000000 000000001f09eee0
0x000000001f09ee80:   000000001ba5f9e0 0000000000000000
0x000000001f09ee90:   000000001ba5f240 0000000000000000
0x000000001f09eea0:   000000001f09eec8 000000001f09ef28
0x000000001f09eeb0:   0000000002647d8d 00000006c2808228
0x000000001f09eec0:   00000000026542f8 00000000006d2da0
0x000000001f09eed0:   00000000026478a0 00007ffdd3e62420
0x000000001f09eee0:   0000000000000001 000000001f09eee8 

Instructions: (pc=0x00007ffdd3e624b9)
0x00007ffdd3e62499:   48 8b cf e8 1f 3a 00 00 48 39 3d f0 d5 02 00 48
0x00007ffdd3e624a9:   8d 0d e9 d5 02 00 48 8b 5c 24 30 74 08 48 8b 09
0x00007ffdd3e624b9:   48 39 39 75 f8 48 8b 07 48 89 01 48 8b cf 48 83
0x00007ffdd3e624c9:   c4 20 5f e9 5b fe 00 00 48 83 c4 20 5f c3 cc cc 


Register to memory mapping:

RAX=0x0000000000000000 is an unknown value
RBX={method} {0x000000001ba5f248} 'invokePV' '(JJ)V' in 'org/lwjgl/system/JNI'
RCX=0x0000000000000000 is an unknown value
RDX=0x0000000000000000 is an unknown value
RSP=0x000000001f09edf0 is pointing into the stack for thread: 0x000000001e286800
RBP=0x000000001f09eea8 is pointing into the stack for thread: 0x000000001e286800
RSI=0x0000000000000108 is an unknown value
RDI=0x00000000006d2da0 is an unknown value
R8 =0x000000001f09ede8 is pointing into the stack for thread: 0x000000001e286800
R9 =0x000000001f09eea8 is pointing into the stack for thread: 0x000000001e286800
R10=0x0000000000000000 is an unknown value
R11=0x0000000000000246 is an unknown value
R12=0x0000000000000000 is an unknown value
R13={method} {0x000000001ba5f248} 'invokePV' '(JJ)V' in 'org/lwjgl/system/JNI'
R14=0x000000001f09eee0 is pointing into the stack for thread: 0x000000001e286800
R15=0x000000001e286800 is a thread


Stack: [0x000000001efa0000,0x000000001f0a0000],  sp=0x000000001f09edf0,  free space=1019k
Native frames: (J=compiled Java code, j=interpreted, Vv=VM code, C=native code)
C  [glfw.dll+0x24b9]
C  0x000000000265dfcc

Java frames: (J=compiled Java code, j=interpreted, Vv=VM code)
j  org.lwjgl.system.JNI.invokePV(JJ)V+0
j  org.lwjgl.glfw.GLFW.glfwDestroyCursor(J)V+20
j  main.client.Window.destroyWindow()V+9
j  main.coreEngine.Engine.stop()V+70
j  main.client.Window.update()V+33
j  main.client.renderEngine.RenderEngine.render()V+38
j  main.client.ClientThread.tick()V+12
j  main.coreEngine.TickableThread.run()V+469
v  ~StubRoutines::call_stub

---------------  P R O C E S S  ---------------

Java Threads: ( => current thread )
  0x000000001e287800 JavaThread "SERVER" [_thread_in_Java, id=8408, stack(0x000000001f0a0000,0x000000001f1a0000)]
=>0x000000001e286800 JavaThread "CLIENT" [_thread_in_native, id=13112, stack(0x000000001efa0000,0x000000001f0a0000)]
  0x000000001e199800 JavaThread "Service Thread" daemon [_thread_blocked, id=13940, stack(0x000000001eda0000,0x000000001eea0000)]
  0x000000001e103800 JavaThread "C1 CompilerThread3" daemon [_thread_blocked, id=5960, stack(0x000000001eca0000,0x000000001eda0000)]
  0x000000001e103000 JavaThread "C2 CompilerThread2" daemon [_thread_blocked, id=13544, stack(0x000000001eba0000,0x000000001eca0000)]
  0x000000001e0f6000 JavaThread "C2 CompilerThread1" daemon [_thread_blocked, id=4896, stack(0x000000001eaa0000,0x000000001eba0000)]
  0x000000001e0fa000 JavaThread "C2 CompilerThread0" daemon [_thread_blocked, id=436, stack(0x000000001e9a0000,0x000000001eaa0000)]
  0x000000001e0e0000 JavaThread "JDWP Command Reader" daemon [_thread_in_native, id=11348, stack(0x000000001e8a0000,0x000000001e9a0000)]
  0x000000001e0df000 JavaThread "JDWP Event Helper Thread" daemon [_thread_blocked, id=14284, stack(0x000000001e7a0000,0x000000001e8a0000)]
  0x000000001e0d1800 JavaThread "JDWP Transport Listener: dt_socket" daemon [_thread_blocked, id=8984, stack(0x000000001e6a0000,0x000000001e7a0000)]
  0x000000001e0c7800 JavaThread "Attach Listener" daemon [_thread_blocked, id=5764, stack(0x000000001e5a0000,0x000000001e6a0000)]
  0x000000001e0c6800 JavaThread "Signal Dispatcher" daemon [_thread_blocked, id=12396, stack(0x000000001e4a0000,0x000000001e5a0000)]
  0x000000000263b800 JavaThread "Finalizer" daemon [_thread_blocked, id=12420, stack(0x000000001dec0000,0x000000001dfc0000)]
  0x000000001bfdd800 JavaThread "Reference Handler" daemon [_thread_blocked, id=6708, stack(0x000000001ddc0000,0x000000001dec0000)]
  0x000000000243e000 JavaThread "main" [_thread_in_Java, id=7392, stack(0x0000000002440000,0x0000000002540000)]

Other Threads:
  0x000000001bfd9000 VMThread [stack: 0x000000001dcc0000,0x000000001ddc0000] [id=9344]
  0x000000001e1a3000 WatcherThread [stack: 0x000000001eea0000,0x000000001efa0000] [id=9616]

VM state:not at safepoint (normal execution)

VM Mutex/Monitor currently owned by a thread: None

Heap:
 PSYoungGen      total 207872K, used 49915K [0x000000076b800000, 0x0000000784e00000, 0x00000007c0000000)
  eden space 205824K, 24% used [0x000000076b800000,0x000000076e886ce0,0x0000000778100000)
  from space 2048K, 10% used [0x0000000784a00000,0x0000000784a38000,0x0000000784c00000)
  to   space 2048K, 0% used [0x0000000784c00000,0x0000000784c00000,0x0000000784e00000)
 ParOldGen       total 173568K, used 1340K [0x00000006c2800000, 0x00000006cd180000, 0x000000076b800000)
  object space 173568K, 0% used [0x00000006c2800000,0x00000006c294f060,0x00000006cd180000)
 Metaspace       used 8200K, capacity 8646K, committed 8960K, reserved 1056768K
  class space    used 658K, capacity 690K, committed 768K, reserved 1048576K

Card table byte_map: [0x0000000011a00000,0x00000000121f0000] byte_map_base: 0x000000000e3ec000

Marking Bits: (ParMarkBitMap*) 0x0000000070c0a5b0
 Begin Bits: [0x0000000012f40000, 0x0000000016ea0000)
 End Bits:   [0x0000000016ea0000, 0x000000001ae00000)

Polling page: 0x0000000000a90000

CodeCache: size=245760Kb used=2683Kb max_used=2683Kb free=243076Kb
 bounds [0x0000000002640000, 0x00000000028f0000, 0x0000000011640000]
 total_blobs=1213 nmethods=557 adapters=577
 compilation: enabled

Compilation events (10 events):
Event: 2.246 Thread 0x000000001e103800  554       3       main.coreEngine.util.maths.Matrix4f::rotate (563 bytes)
Event: 2.247 Thread 0x000000001e103800 nmethod 554 0x00000000028dd150 code [0x00000000028dd320, 0x00000000028de208]
Event: 2.247 Thread 0x000000001e103800  555       3       org.lwjgl.opengl.GL11::glDisable (13 bytes)
Event: 2.247 Thread 0x000000001e103800 nmethod 555 0x00000000028de710 code [0x00000000028de900, 0x00000000028deff8]
Event: 2.251 Thread 0x000000001e103800  557       3       main.coreEngine.sceneGraph.Node::tick (75 bytes)
Event: 2.251 Thread 0x000000001e103800 nmethod 557 0x00000000028df490 code [0x00000000028df6a0, 0x00000000028e0138]
Event: 2.251 Thread 0x000000001e103800  556   !   3       main.coreEngine.TickableThread::scheduleTick (25 bytes)
Event: 2.251 Thread 0x000000001e103800 nmethod 556 0x00000000028e0490 code [0x00000000028e0600, 0x00000000028e0910]
Event: 2.262 Thread 0x000000001e103800  558       3       main.coreEngine.sceneGraph.Node::input (75 bytes)
Event: 2.263 Thread 0x000000001e103800 nmethod 558 0x00000000028e09d0 code [0x00000000028e0be0, 0x00000000028e1678]

GC Heap History (10 events):
Event: 1.537 GC heap before
{Heap before GC invocations=11 (full 0):
 PSYoungGen      total 250368K, used 250048K [0x000000076b800000, 0x0000000785100000, 0x00000007c0000000)
  eden space 249856K, 100% used [0x000000076b800000,0x000000077ac00000,0x000000077ac00000)
  from space 512K, 37% used [0x0000000785080000,0x00000007850b0000,0x0000000785100000)
  to   space 2048K, 0% used [0x0000000784d00000,0x0000000784d00000,0x0000000784f00000)
 ParOldGen       total 173568K, used 1284K [0x00000006c2800000, 0x00000006cd180000, 0x000000076b800000)
  object space 173568K, 0% used [0x00000006c2800000,0x00000006c2941060,0x00000006cd180000)
 Metaspace       used 8174K, capacity 8646K, committed 8960K, reserved 1056768K
  class space    used 658K, capacity 690K, committed 768K, reserved 1048576K
Event: 1.538 GC heap after
Heap after GC invocations=11 (full 0):
 PSYoungGen      total 242176K, used 224K [0x000000076b800000, 0x0000000785100000, 0x00000007c0000000)
  eden space 240128K, 0% used [0x000000076b800000,0x000000076b800000,0x000000077a280000)
  from space 2048K, 10% used [0x0000000784d00000,0x0000000784d38000,0x0000000784f00000)
  to   space 2048K, 0% used [0x0000000784f00000,0x0000000784f00000,0x0000000785100000)
 ParOldGen       total 173568K, used 1308K [0x00000006c2800000, 0x00000006cd180000, 0x000000076b800000)
  object space 173568K, 0% used [0x00000006c2800000,0x00000006c2947060,0x00000006cd180000)
 Metaspace       used 8174K, capacity 8646K, committed 8960K, reserved 1056768K
  class space    used 658K, capacity 690K, committed 768K, reserved 1048576K
}
Event: 1.734 GC heap before
{Heap before GC invocations=12 (full 0):
 PSYoungGen      total 242176K, used 240352K [0x000000076b800000, 0x0000000785100000, 0x00000007c0000000)
  eden space 240128K, 100% used [0x000000076b800000,0x000000077a280000,0x000000077a280000)
  from space 2048K, 10% used [0x0000000784d00000,0x0000000784d38000,0x0000000784f00000)
  to   space 2048K, 0% used [0x0000000784f00000,0x0000000784f00000,0x0000000785100000)
 ParOldGen       total 173568K, used 1308K [0x00000006c2800000, 0x00000006cd180000, 0x000000076b800000)
  object space 173568K, 0% used [0x00000006c2800000,0x00000006c2947060,0x00000006cd180000)
 Metaspace       used 8177K, capacity 8646K, committed 8960K, reserved 1056768K
  class space    used 658K, capacity 690K, committed 768K, reserved 1048576K
Event: 1.734 GC heap after
Heap after GC invocations=12 (full 0):
 PSYoungGen      total 231424K, used 192K [0x000000076b800000, 0x0000000784f80000, 0x00000007c0000000)
  eden space 230912K, 0% used [0x000000076b800000,0x000000076b800000,0x0000000779980000)
  from space 512K, 37% used [0x0000000784f00000,0x0000000784f30000,0x0000000784f80000)
  to   space 2048K, 0% used [0x0000000784b80000,0x0000000784b80000,0x0000000784d80000)
 ParOldGen       total 173568K, used 1308K [0x00000006c2800000, 0x00000006cd180000, 0x000000076b800000)
  object space 173568K, 0% used [0x00000006c2800000,0x00000006c2947060,0x00000006cd180000)
 Metaspace       used 8177K, capacity 8646K, committed 8960K, reserved 1056768K
  class space    used 658K, capacity 690K, committed 768K, reserved 1048576K
}
Event: 1.903 GC heap before
{Heap before GC invocations=13 (full 0):
 PSYoungGen      total 231424K, used 231104K [0x000000076b800000, 0x0000000784f80000, 0x00000007c0000000)
  eden space 230912K, 100% used [0x000000076b800000,0x0000000779980000,0x0000000779980000)
  from space 512K, 37% used [0x0000000784f00000,0x0000000784f30000,0x0000000784f80000)
  to   space 2048K, 0% used [0x0000000784b80000,0x0000000784b80000,0x0000000784d80000)
 ParOldGen       total 173568K, used 1308K [0x00000006c2800000, 0x00000006cd180000, 0x000000076b800000)
  object space 173568K, 0% used [0x00000006c2800000,0x00000006c2947060,0x00000006cd180000)
 Metaspace       used 8194K, capacity 8646K, committed 8960K, reserved 1056768K
  class space    used 658K, capacity 690K, committed 768K, reserved 1048576K
Event: 1.903 GC heap after
Heap after GC invocations=13 (full 0):
 PSYoungGen      total 224256K, used 256K [0x000000076b800000, 0x0000000784f80000, 0x00000007c0000000)
  eden space 222208K, 0% used [0x000000076b800000,0x000000076b800000,0x0000000779100000)
  from space 2048K, 12% used [0x0000000784b80000,0x0000000784bc0000,0x0000000784d80000)
  to   space 2048K, 0% used [0x0000000784d80000,0x0000000784d80000,0x0000000784f80000)
 ParOldGen       total 173568K, used 1316K [0x00000006c2800000, 0x00000006cd180000, 0x000000076b800000)
  object space 173568K, 0% used [0x00000006c2800000,0x00000006c2949060,0x00000006cd180000)
 Metaspace       used 8194K, capacity 8646K, committed 8960K, reserved 1056768K
  class space    used 658K, capacity 690K, committed 768K, reserved 1048576K
}
Event: 2.082 GC heap before
{Heap before GC invocations=14 (full 0):
 PSYoungGen      total 224256K, used 222464K [0x000000076b800000, 0x0000000784f80000, 0x00000007c0000000)
  eden space 222208K, 100% used [0x000000076b800000,0x0000000779100000,0x0000000779100000)
  from space 2048K, 12% used [0x0000000784b80000,0x0000000784bc0000,0x0000000784d80000)
  to   space 2048K, 0% used [0x0000000784d80000,0x0000000784d80000,0x0000000784f80000)
 ParOldGen       total 173568K, used 1316K [0x00000006c2800000, 0x00000006cd180000, 0x000000076b800000)
  object space 173568K, 0% used [0x00000006c2800000,0x00000006c2949060,0x00000006cd180000)
 Metaspace       used 8194K, capacity 8646K, committed 8960K, reserved 1056768K
  class space    used 658K, capacity 690K, committed 768K, reserved 1048576K
Event: 2.082 GC heap after
Heap after GC invocations=14 (full 0):
 PSYoungGen      total 214528K, used 128K [0x000000076b800000, 0x0000000784e00000, 0x00000007c0000000)
  eden space 214016K, 0% used [0x000000076b800000,0x000000076b800000,0x0000000778900000)
  from space 512K, 25% used [0x0000000784d80000,0x0000000784da0000,0x0000000784e00000)
  to   space 2048K, 0% used [0x0000000784a00000,0x0000000784a00000,0x0000000784c00000)
 ParOldGen       total 173568K, used 1340K [0x00000006c2800000, 0x00000006cd180000, 0x000000076b800000)
  object space 173568K, 0% used [0x00000006c2800000,0x00000006c294f060,0x00000006cd180000)
 Metaspace       used 8194K, capacity 8646K, committed 8960K, reserved 1056768K
  class space    used 658K, capacity 690K, committed 768K, reserved 1048576K
}
Event: 2.244 GC heap before
{Heap before GC invocations=15 (full 0):
 PSYoungGen      total 214528K, used 214144K [0x000000076b800000, 0x0000000784e00000, 0x00000007c0000000)
  eden space 214016K, 100% used [0x000000076b800000,0x0000000778900000,0x0000000778900000)
  from space 512K, 25% used [0x0000000784d80000,0x0000000784da0000,0x0000000784e00000)
  to   space 2048K, 0% used [0x0000000784a00000,0x0000000784a00000,0x0000000784c00000)
 ParOldGen       total 173568K, used 1340K [0x00000006c2800000, 0x00000006cd180000, 0x000000076b800000)
  object space 173568K, 0% used [0x00000006c2800000,0x00000006c294f060,0x00000006cd180000)
 Metaspace       used 8195K, capacity 8646K, committed 8960K, reserved 1056768K
  class space    used 658K, capacity 690K, committed 768K, reserved 1048576K
Event: 2.244 GC heap after
Heap after GC invocations=15 (full 0):
 PSYoungGen      total 207872K, used 224K [0x000000076b800000, 0x0000000784e00000, 0x00000007c0000000)
  eden space 205824K, 0% used [0x000000076b800000,0x000000076b800000,0x0000000778100000)
  from space 2048K, 10% used [0x0000000784a00000,0x0000000784a38000,0x0000000784c00000)
  to   space 2048K, 0% used [0x0000000784c00000,0x0000000784c00000,0x0000000784e00000)
 ParOldGen       total 173568K, used 1340K [0x00000006c2800000, 0x00000006cd180000, 0x000000076b800000)
  object space 173568K, 0% used [0x00000006c2800000,0x00000006c294f060,0x00000006cd180000)
 Metaspace       used 8195K, capacity 8646K, committed 8960K, reserved 1056768K
  class space    used 658K, capacity 690K, committed 768K, reserved 1048576K
}

Deoptimization events (10 events):
Event: 0.429 Thread 0x000000001e286800 Uncommon trap: reason=unstable_if action=reinterpret pc=0x000000000278f800 method=java.util.HashMap.containsKey(Ljava/lang/Object;)Z @ 9
Event: 0.429 Thread 0x000000001e286800 Uncommon trap: reason=bimorphic action=maybe_recompile pc=0x0000000002790e40 method=java.util.HashMap.getNode(ILjava/lang/Object;)Ljava/util/HashMap$Node; @ 126
Event: 0.430 Thread 0x000000001e286800 Uncommon trap: reason=bimorphic action=maybe_recompile pc=0x0000000002790e40 method=java.util.HashMap.getNode(ILjava/lang/Object;)Ljava/util/HashMap$Node; @ 126
Event: 0.436 Thread 0x000000001e286800 Uncommon trap: reason=unstable_if action=reinterpret pc=0x000000000278a698 method=java.util.HashMap.keySet()Ljava/util/Set; @ 6
Event: 0.808 Thread 0x000000001e286800 Uncommon trap: reason=unstable_if action=reinterpret pc=0x0000000002782f04 method=java.util.HashMap.clear()V @ 16
Event: 0.808 Thread 0x000000001e286800 Uncommon trap: reason=unstable_if action=reinterpret pc=0x0000000002784698 method=java.util.HashMap.clear()V @ 16
Event: 0.808 Thread 0x000000000243e000 Uncommon trap: reason=unstable_if action=reinterpret pc=0x00000000027a45c0 method=main.coreEngine.TickableThread.invoke(Ljava/lang/String;[Ljava/lang/Object;)V @ 53
Event: 0.808 Thread 0x000000001e287800 Uncommon trap: reason=unstable_if action=reinterpret pc=0x00000000027e36f4 method=main.coreEngine.TickableThread.run()V @ 58
Event: 0.842 Thread 0x000000000243e000 Uncommon trap: reason=unstable_if action=reinterpret pc=0x000000000289ed10 method=main.coreEngine.Engine.start()V @ 163
Event: 0.901 Thread 0x000000001e287800 Uncommon trap: reason=unstable_if action=reinterpret pc=0x00000000028ad844 method=main.coreEngine.TickableThread.run()V @ 461

Internal exceptions (8 events):
Event: 0.024 Thread 0x000000000243e000 Exception <a 'java/lang/NoSuchMethodError': Method sun.misc.Unsafe.defineClass(Ljava/lang/String;[BII)Ljava/lang/Class; name or signature does not match> (0x000000076b80da30) thrown at [C:\workspace\8-2-build-windows-amd64-cygwin\jdk8u65\4987\hotspot\src\sêÙ#n˜?
Event: 0.024 Thread 0x000000000243e000 Exception <a 'java/lang/NoSuchMethodError': Method sun.misc.Unsafe.prefetchRead(Ljava/lang/Object;J)V name or signature does not match> (0x000000076b80dd18) thrown at [C:\workspace\8-2-build-windows-amd64-cygwin\jdk8u65\4987\hotspot\src\share\vm\prims\jni.¤D5$†sÛ?
Event: 0.429 Thread 0x000000001e286800 Implicit null exception at 0x000000000278f48f to 0x000000000278f7f1
Event: 0.430 Thread 0x000000001e286800 Exception <a 'java/security/PrivilegedActionException'> (0x000000076e49a5a0) thrown at [C:\workspace\8-2-build-windows-amd64-cygwin\jdk8u65\4987\hotspot\src\share\vm\prims\jvm.cpp, line 1386]
Event: 0.430 Thread 0x000000001e286800 Exception <a 'java/security/PrivilegedActionException'> (0x000000076e49a998) thrown at [C:\workspace\8-2-build-windows-amd64-cygwin\jdk8u65\4987\hotspot\src\share\vm\prims\jvm.cpp, line 1386]
Event: 0.430 Thread 0x000000001e286800 Exception <a 'java/security/PrivilegedActionException'> (0x000000076e49ebb0) thrown at [C:\workspace\8-2-build-windows-amd64-cygwin\jdk8u65\4987\hotspot\src\share\vm\prims\jvm.cpp, line 1386]
Event: 0.430 Thread 0x000000001e286800 Exception <a 'java/security/PrivilegedActionException'> (0x000000076e49efa8) thrown at [C:\workspace\8-2-build-windows-amd64-cygwin\jdk8u65\4987\hotspot\src\share\vm\prims\jvm.cpp, line 1386]
Event: 0.808 Thread 0x000000000243e000 Implicit null exception at 0x00000000027a3ffc to 0x00000000027a4599

Events (10 events):
Event: 1.537 Executing VM operation: ParallelGCFailedAllocation
Event: 1.538 Executing VM operation: ParallelGCFailedAllocation done
Event: 1.734 Executing VM operation: ParallelGCFailedAllocation
Event: 1.734 Executing VM operation: ParallelGCFailedAllocation done
Event: 1.903 Executing VM operation: ParallelGCFailedAllocation
Event: 1.903 Executing VM operation: ParallelGCFailedAllocation done
Event: 2.082 Executing VM operation: ParallelGCFailedAllocation
Event: 2.082 Executing VM operation: ParallelGCFailedAllocation done
Event: 2.243 Executing VM operation: ParallelGCFailedAllocation
Event: 2.244 Executing VM operation: ParallelGCFailedAllocation done


Dynamic libraries:
0x00007ff67ba00000 - 0x00007ff67ba37000 	C:\Program Files\Java\jdk1.8.0_65\bin\java.exe
0x00007ffde4980000 - 0x00007ffde4b41000 	C:\WINDOWS\SYSTEM32\ntdll.dll
0x00007ffde42a0000 - 0x00007ffde434d000 	C:\WINDOWS\system32\KERNEL32.DLL
0x00007ffde19f0000 - 0x00007ffde1bd8000 	C:\WINDOWS\system32\KERNELBASE.dll
0x00007ffde1e70000 - 0x00007ffde1f17000 	C:\WINDOWS\system32\ADVAPI32.dll
0x00007ffde3800000 - 0x00007ffde389d000 	C:\WINDOWS\system32\msvcrt.dll
0x00007ffde1e10000 - 0x00007ffde1e6b000 	C:\WINDOWS\system32\sechost.dll
0x00007ffde3bd0000 - 0x00007ffde3cec000 	C:\WINDOWS\system32\RPCRT4.dll
0x00007ffde3fe0000 - 0x00007ffde4136000 	C:\WINDOWS\system32\USER32.dll
0x00007ffde3cf0000 - 0x00007ffde3e76000 	C:\WINDOWS\system32\GDI32.dll
0x00007ffddd690000 - 0x00007ffddd904000 	C:\WINDOWS\WinSxS\amd64_microsoft.windows.common-controls_6595b64144ccf1df_6.0.10586.0_none_8c15ae12515e1c22\COMCTL32.dll
0x00007ffde3950000 - 0x00007ffde3bcd000 	C:\WINDOWS\system32\combase.dll
0x00007ffde1cf0000 - 0x00007ffde1d5a000 	C:\WINDOWS\system32\bcryptPrimitives.dll
0x00007ffde1dc0000 - 0x00007ffde1dfb000 	C:\WINDOWS\system32\IMM32.DLL
0x0000000070c90000 - 0x0000000070d62000 	C:\Program Files\Java\jdk1.8.0_65\jre\bin\msvcr100.dll
0x0000000070400000 - 0x0000000070c89000 	C:\Program Files\Java\jdk1.8.0_65\jre\bin\server\jvm.dll
0x00007ffde4290000 - 0x00007ffde4298000 	C:\WINDOWS\system32\PSAPI.DLL
0x00007ffddd9c0000 - 0x00007ffddd9ca000 	C:\WINDOWS\SYSTEM32\VERSION.dll
0x00007ffdd8550000 - 0x00007ffdd8559000 	C:\WINDOWS\SYSTEM32\WSOCK32.dll
0x00007ffddf730000 - 0x00007ffddf753000 	C:\WINDOWS\SYSTEM32\WINMM.dll
0x00007ffde4470000 - 0x00007ffde44db000 	C:\WINDOWS\system32\WS2_32.dll
0x0000000002340000 - 0x000000000236c000 	C:\WINDOWS\SYSTEM32\WINMMBASE.dll
0x00007ffde1be0000 - 0x00007ffde1c23000 	C:\WINDOWS\system32\cfgmgr32.dll
0x00000000703f0000 - 0x00000000703ff000 	C:\Program Files\Java\jdk1.8.0_65\jre\bin\verify.dll
0x00000000703c0000 - 0x00000000703e9000 	C:\Program Files\Java\jdk1.8.0_65\jre\bin\java.dll
0x00000000700d0000 - 0x0000000070105000 	C:\Program Files\Java\jdk1.8.0_65\jre\bin\jdwp.dll
0x0000000070340000 - 0x0000000070348000 	C:\Program Files\Java\jdk1.8.0_65\jre\bin\npt.dll
0x0000000070350000 - 0x0000000070366000 	C:\Program Files\Java\jdk1.8.0_65\jre\bin\zip.dll
0x00007ffde1f80000 - 0x00007ffde34dc000 	C:\WINDOWS\system32\SHELL32.dll
0x00007ffde11d0000 - 0x00007ffde1815000 	C:\WINDOWS\system32\windows.storage.dll
0x00007ffde36b0000 - 0x00007ffde3702000 	C:\WINDOWS\system32\shlwapi.dll
0x00007ffde0fb0000 - 0x00007ffde0fbf000 	C:\WINDOWS\system32\kernel.appcore.dll
0x00007ffde1c30000 - 0x00007ffde1ce5000 	C:\WINDOWS\system32\shcore.dll
0x00007ffde0fc0000 - 0x00007ffde100b000 	C:\WINDOWS\system32\powrprof.dll
0x00007ffde0f80000 - 0x00007ffde0f94000 	C:\WINDOWS\system32\profapi.dll
0x00000000703b0000 - 0x00000000703b9000 	C:\Program Files\Java\jdk1.8.0_65\jre\bin\dt_socket.dll
0x00007ffde08b0000 - 0x00007ffde090c000 	C:\WINDOWS\system32\mswsock.dll
0x00007ffdd43a0000 - 0x00007ffdd4428000 	D:\Code\Java\Projects\WireEngine20\lib\native\lwjgl.dll
0x00007ffde0a80000 - 0x00007ffde0a8b000 	C:\WINDOWS\SYSTEM32\CRYPTBASE.DLL
0x00007ffdd45f0000 - 0x00007ffdd4632000 	D:\Code\Java\Projects\WireEngine20\lib\native\jemalloc.dll
0x00007ffdd3e60000 - 0x00007ffdd3e98000 	D:\Code\Java\Projects\WireEngine20\lib\native\glfw.dll
0x00007ffddf850000 - 0x00007ffddf8e6000 	C:\WINDOWS\system32\uxtheme.dll
0x00007ffdde650000 - 0x00007ffdde672000 	C:\WINDOWS\SYSTEM32\dwmapi.dll
0x00007ffdc8b70000 - 0x00007ffdc8c99000 	C:\WINDOWS\SYSTEM32\opengl32.dll
0x00007ffdc68b0000 - 0x00007ffdc69aa000 	C:\WINDOWS\SYSTEM32\DDRAW.dll
0x00007ffdcfb70000 - 0x00007ffdcfb9e000 	C:\WINDOWS\SYSTEM32\GLU32.dll
0x00007ffdd47a0000 - 0x00007ffdd47a8000 	C:\WINDOWS\SYSTEM32\DCIMAN32.dll
0x00007ffde3e80000 - 0x00007ffde3fda000 	C:\WINDOWS\system32\MSCTF.dll
0x00007ffdcb820000 - 0x00007ffdcb869000 	C:\Program Files (x86)\TeamViewer\tv_x64.dll
0x00007ffde4140000 - 0x00007ffde4283000 	C:\WINDOWS\system32\ole32.dll
0x000000006e380000 - 0x00000000700c9000 	C:\WINDOWS\SYSTEM32\nvoglv64.DLL
0x00007ffde4550000 - 0x00007ffde4979000 	C:\WINDOWS\system32\SETUPAPI.dll
0x00007ffddf2f0000 - 0x00007ffddf303000 	C:\WINDOWS\SYSTEM32\WTSAPI32.dll
0x00007ffddf9a0000 - 0x00007ffddf9c7000 	C:\WINDOWS\SYSTEM32\DEVOBJ.dll
0x00007ffde1170000 - 0x00007ffde11c5000 	C:\WINDOWS\system32\WINTRUST.dll
0x00007ffde0fa0000 - 0x00007ffde0fb0000 	C:\WINDOWS\system32\MSASN1.dll
0x00007ffde1820000 - 0x00007ffde19e7000 	C:\WINDOWS\system32\CRYPT32.dll
0x00007ffde04d0000 - 0x00007ffde0501000 	C:\WINDOWS\SYSTEM32\ntmarta.dll
0x00007ffde0220000 - 0x00007ffde0276000 	C:\WINDOWS\SYSTEM32\WINSTA.dll
0x00007ffde38a0000 - 0x00007ffde3947000 	C:\WINDOWS\system32\clbcatq.dll
0x00007ffdddd50000 - 0x00007ffdddd75000 	C:\Program Files (x86)\Samsung\Easy Printer Manager\SmartScreenPrint\CDAKEYMonitor64.dll
0x00007ffde3730000 - 0x00007ffde37f1000 	C:\WINDOWS\system32\OLEAUT32.dll
0x00007ffdb9de0000 - 0x00007ffdb9f6c000 	C:\WINDOWS\SYSTEM32\dbghelp.dll

VM Arguments:
jvm_args: -agentlib:jdwp=transport=dt_socket,address=127.0.0.1:65279,suspend=y,server=n -Djava.library.path=lib/native/ -Dfile.encoding=UTF-8 
java_command: main.Main
java_class_path (initial): C:\Program Files\Java\jdk1.8.0_65\jre\lib\charsets.jar;C:\Program Files\Java\jdk1.8.0_65\jre\lib\deploy.jar;C:\Program Files\Java\jdk1.8.0_65\jre\lib\ext\access-bridge-64.jar;C:\Program Files\Java\jdk1.8.0_65\jre\lib\ext\cldrdata.jar;C:\Program Files\Java\jdk1.8.0_65\jre\lib\ext\dnsns.jar;C:\Program Files\Java\jdk1.8.0_65\jre\lib\ext\jaccess.jar;C:\Program Files\Java\jdk1.8.0_65\jre\lib\ext\jfxrt.jar;C:\Program Files\Java\jdk1.8.0_65\jre\lib\ext\localedata.jar;C:\Program Files\Java\jdk1.8.0_65\jre\lib\ext\nashorn.jar;C:\Program Files\Java\jdk1.8.0_65\jre\lib\ext\sunec.jar;C:\Program Files\Java\jdk1.8.0_65\jre\lib\ext\sunjce_provider.jar;C:\Program Files\Java\jdk1.8.0_65\jre\lib\ext\sunmscapi.jar;C:\Program Files\Java\jdk1.8.0_65\jre\lib\ext\sunpkcs11.jar;C:\Program Files\Java\jdk1.8.0_65\jre\lib\ext\zipfs.jar;C:\Program Files\Java\jdk1.8.0_65\jre\lib\javaws.jar;C:\Program Files\Java\jdk1.8.0_65\jre\lib\jce.jar;C:\Program Files\Java\jdk1.8.0_65\jre\lib\jfr.jar;C:\Program Files\Java\jdk1.8.0_65\jre\lib\jfxswt.jar;C:\Program Files\Java\jdk1.8.0_65\jre\lib\jsse.jar;C:\Program Files\Java\jdk1.8.0_65\jre\lib\management-agent.jar;C:\Program Files\Java\jdk1.8.0_65\jre\lib\plugin.jar;C:\Program Files\Java\jdk1.8.0_65\jre\lib\resources.jar;C:\Program Files\Java\jdk1.8.0_65\jre\lib\rt.jar;D:\Code\Java\Projects\WireEngine20\out\production\WireEngine20;D:\Code\Java\Projects\WireEngine20\lib\jar\lwjgl.jar;D:\Code\Java\Projects\WireEngine20\lib\jar\slick-util.jar;D:\Program Files (x86)\JetBrains\IntelliJ IDEA 2016.1\lib\idea_rt.jar
Launcher Type: SUN_STANDARD

Environment Variables:
JAVA_HOME=C:\Program Files\Java\jdk1.8.0_65
PATH=C:\ProgramData\Oracle\Java\javapath;C:\Program Files (x86)\Razer Chroma SDK\bin;C:\Program Files\Razer Chroma SDK\bin;C:\Program Files (x86)\NVIDIA Corporation\PhysX\Common;C:\Program Files (x86)\Intel\iCLS Client\;C:\Program Files\Intel\iCLS Client\;C:\Windows\system32;C:\Windows;C:\Windows\System32\Wbem;C:\Windows\System32\WindowsPowerShell\v1.0\;C:\Program Files\Intel\Intel(R) Management Engine Components\DAL;C:\Program Files (x86)\Intel\Intel(R) Management Engine Components\DAL;C:\Program Files\Intel\Intel(R) Management Engine Components\IPT;C:\Program Files (x86)\Intel\Intel(R) Management Engine Components\IPT;C:\Program Files\Java\jre1.8.0_65\bin;C:\MinGW\bin;C:\WINDOWS\system32;C:\WINDOWS;C:\WINDOWS\System32\Wbem;C:\WINDOWS\System32\WindowsPowerShell\v1.0\;D:\Program Files (x86)\CMake\bin;D:\Program Files\Programs\Python\Python35-32;D:\Program Files\Programs\Python\Python35-32\Scripts;C:\Program Files (x86)\Skype\Phone\;D:\Program Files\Programs\Python\Python35-32\Scripts\;D:\Program Files\Programs\Python\Python35-32\
USERNAME=Kelan
OS=Windows_NT
PROCESSOR_IDENTIFIER=Intel64 Family 6 Model 60 Stepping 3, GenuineIntel



---------------  S Y S T E M  ---------------

OS: Windows 10.0 , 64 bit Build 10586 (10.0.10586.0)

CPU:total 8 (4 cores per cpu, 2 threads per core) family 6 model 60 stepping 3, cmov, cx8, fxsr, mmx, sse, sse2, sse3, ssse3, sse4.1, sse4.2, popcnt, avx, avx2, aes, clmul, erms, lzcnt, ht, tsc, tscinvbit, bmi1, bmi2

Memory: 4k page, physical 16609500k(1226552k free), swap 33386716k(13778504k free)

vm_info: Java HotSpot(TM) 64-Bit Server VM (25.65-b01) for windows-amd64 JRE (1.8.0_65-b17), built on Oct  6 2015 16:39:20 by "java_re" with MS VC++ 10.0 (VS2010)

time: Thu Apr 14 15:36:10 2016
elapsed time: 2 seconds (0d 0h 0m 2s)

