#
# A fatal error has been detected by the Java Runtime Environment:
#
#  EXCEPTION_ACCESS_VIOLATION (0xc0000005) at pc=0x00007ffb41b124b9, pid=11992, tid=8252
#
# JRE version: Java(TM) SE Runtime Environment (8.0_65-b17) (build 1.8.0_65-b17)
# Java VM: Java HotSpot(TM) 64-Bit Server VM (25.65-b01 mixed mode windows-amd64 compressed oops)
# Problematic frame:
# C  [glfw.dll+0x24b9]
#
# Failed to write core dump. Minidumps are not enabled by default on client versions of Windows
#
# If you would like to submit a bug report, please visit:
#   http://bugreport.java.com/bugreport/crash.jsp
# The crash happened outside the Java Virtual Machine in native code.
# See problematic frame for where to report the bug.
#

---------------  T H R E A D  ---------------

Current thread (0x000000001e22f800):  JavaThread "CLIENT" [_thread_in_native, id=8252, stack(0x000000001ef30000,0x000000001f030000)]

siginfo: ExceptionCode=0xc0000005, reading address 0x0000000000000000

Registers:
RAX=0x0000000000000000, RBX=0x000000001ba12bd8, RCX=0x0000000000000000, RDX=0x0000000000000000
RSP=0x000000001f02ec90, RBP=0x000000001f02ed20, RSI=0x0000000000000108, RDI=0x000000000066ea40
R8 =0x000000001f02ec88, R9 =0x000000001f02ed20, R10=0x0000000000000000, R11=0x0000000000000246
R12=0x0000000000000000, R13=0x000000001f02ed38, R14=0x000000001f02ed10, R15=0x000000001e22f800
RIP=0x00007ffb41b124b9, EFLAGS=0x0000000000010287

Top of Stack: (sp=0x000000001f02ec90)
0x000000001f02ec90:   0000000000000000 0000000000000108
0x000000001f02eca0:   000000001b9b7980 000000001bf909f0
0x000000001f02ecb0:   00000000000017f8 0000000002a1904a
0x000000001f02ecc0:   000000001ba12bd8 000000006c71aea4
0x000000001f02ecd0:   000000001e22f800 000000001e22f800
0x000000001f02ece0:   000000001e22f800 0000000000000000
0x000000001f02ecf0:   000000001e1ba8d0 000000006c6a5eba
0x000000001f02ed00:   000000001f02f288 000000001f02ed98
0x000000001f02ed10:   00000006c2806250 00000000000017f7
0x000000001f02ed20:   000000001f02ed98 00000000025a7d8d
0x000000001f02ed30:   00000000025a7d8d 000000000066ea40
0x000000001f02ed40:   00000000025a78a0 00007ffb41b12420
0x000000001f02ed50:   0000000000000001 000000001f02ed58
0x000000001f02ed60:   000000001ba2ec8c 000000001f02edc0
0x000000001f02ed70:   000000001ba30c70 0000000000000000
0x000000001f02ed80:   000000001ba2ecb8 000000001f02ed38 

Instructions: (pc=0x00007ffb41b124b9)
0x00007ffb41b12499:   48 8b cf e8 1f 3a 00 00 48 39 3d f0 d5 02 00 48
0x00007ffb41b124a9:   8d 0d e9 d5 02 00 48 8b 5c 24 30 74 08 48 8b 09
0x00007ffb41b124b9:   48 39 39 75 f8 48 8b 07 48 89 01 48 8b cf 48 83
0x00007ffb41b124c9:   c4 20 5f e9 5b fe 00 00 48 83 c4 20 5f c3 cc cc 


Register to memory mapping:

RAX=0x0000000000000000 is an unknown value
RBX={method} {0x000000001ba12be0} 'invokePV' '(JJ)V' in 'org/lwjgl/system/JNI'
RCX=0x0000000000000000 is an unknown value
RDX=0x0000000000000000 is an unknown value
RSP=0x000000001f02ec90 is pointing into the stack for thread: 0x000000001e22f800
RBP=0x000000001f02ed20 is pointing into the stack for thread: 0x000000001e22f800
RSI=0x0000000000000108 is an unknown value
RDI=0x000000000066ea40 is an unknown value
R8 =0x000000001f02ec88 is pointing into the stack for thread: 0x000000001e22f800
R9 =0x000000001f02ed20 is pointing into the stack for thread: 0x000000001e22f800
R10=0x0000000000000000 is an unknown value
R11=0x0000000000000246 is an unknown value
R12=0x0000000000000000 is an unknown value
R13=0x000000001f02ed38 is pointing into the stack for thread: 0x000000001e22f800
R14=0x000000001f02ed10 is pointing into the stack for thread: 0x000000001e22f800
R15=0x000000001e22f800 is a thread


Stack: [0x000000001ef30000,0x000000001f030000],  sp=0x000000001f02ec90,  free space=1019k
Native frames: (J=compiled Java code, j=interpreted, Vv=VM code, C=native code)
C  [glfw.dll+0x24b9]
C  0x0000000002a1904a

Java frames: (J=compiled Java code, j=interpreted, Vv=VM code)
J 828  org.lwjgl.system.JNI.invokePV(JJ)V (0 bytes) @ 0x0000000002a18fc4 [0x0000000002a18f80+0x44]
j  org.lwjgl.glfw.GLFW.glfwDestroyCursor(J)V+20
j  main.client.Window.destroyWindow()V+9
j  main.coreEngine.Engine.stop()V+70
j  main.client.Window.update()V+33
j  main.client.renderEngine.RenderEngine.render()V+38
J 834 C1 main.client.ClientThread.tick()V (16 bytes) @ 0x0000000002a16a74 [0x0000000002a165c0+0x4b4]
j  main.coreEngine.TickableThread.run()V+469
v  ~StubRoutines::call_stub

---------------  P R O C E S S  ---------------

Java Threads: ( => current thread )
  0x000000001e232800 JavaThread "SERVER" [_thread_in_Java, id=936, stack(0x000000001f030000,0x000000001f130000)]
=>0x000000001e22f800 JavaThread "CLIENT" [_thread_in_native, id=8252, stack(0x000000001ef30000,0x000000001f030000)]
  0x000000001e123000 JavaThread "Service Thread" daemon [_thread_blocked, id=7304, stack(0x000000001ed30000,0x000000001ee30000)]
  0x000000001e093800 JavaThread "C1 CompilerThread3" daemon [_thread_blocked, id=10400, stack(0x000000001ec30000,0x000000001ed30000)]
  0x000000001e089000 JavaThread "C2 CompilerThread2" daemon [_thread_blocked, id=6400, stack(0x000000001eb30000,0x000000001ec30000)]
  0x000000001e088000 JavaThread "C2 CompilerThread1" daemon [_thread_blocked, id=11240, stack(0x000000001ea30000,0x000000001eb30000)]
  0x000000001e08c800 JavaThread "C2 CompilerThread0" daemon [_thread_blocked, id=5452, stack(0x000000001e930000,0x000000001ea30000)]
  0x000000001e072800 JavaThread "JDWP Command Reader" daemon [_thread_in_native, id=11384, stack(0x000000001e830000,0x000000001e930000)]
  0x000000001e06f800 JavaThread "JDWP Event Helper Thread" daemon [_thread_blocked, id=5644, stack(0x000000001e730000,0x000000001e830000)]
  0x000000001e06d000 JavaThread "JDWP Transport Listener: dt_socket" daemon [_thread_blocked, id=1868, stack(0x000000001e630000,0x000000001e730000)]
  0x000000001e056800 JavaThread "Attach Listener" daemon [_thread_blocked, id=6728, stack(0x000000001e530000,0x000000001e630000)]
  0x000000001e055800 JavaThread "Signal Dispatcher" daemon [_thread_blocked, id=7772, stack(0x000000001e430000,0x000000001e530000)]
  0x000000000259a000 JavaThread "Finalizer" daemon [_thread_blocked, id=11312, stack(0x000000001de50000,0x000000001df50000)]
  0x0000000002593000 JavaThread "Reference Handler" daemon [_thread_blocked, id=1312, stack(0x000000001dd50000,0x000000001de50000)]
  0x000000000236e000 JavaThread "main" [_thread_in_Java, id=5316, stack(0x00000000023a0000,0x00000000024a0000)]

Other Threads:
  0x000000001bf89800 VMThread [stack: 0x000000001dc50000,0x000000001dd50000] [id=9608]
  0x000000001e14d800 WatcherThread [stack: 0x000000001ee30000,0x000000001ef30000] [id=5244]

VM state:not at safepoint (normal execution)

VM Mutex/Monitor currently owned by a thread: None

Heap:
 PSYoungGen      total 1134080K, used 35055K [0x000000076b800000, 0x00000007bef00000, 0x00000007c0000000)
  eden space 1133568K, 3% used [0x000000076b800000,0x000000076d9fbcc8,0x00000007b0b00000)
  from space 512K, 50% used [0x00000007bee80000,0x00000007beec0000,0x00000007bef00000)
  to   space 8704K, 0% used [0x00000007bde00000,0x00000007bde00000,0x00000007be680000)
 ParOldGen       total 173568K, used 18460K [0x00000006c2800000, 0x00000006cd180000, 0x000000076b800000)
  object space 173568K, 10% used [0x00000006c2800000,0x00000006c3a07338,0x00000006cd180000)
 Metaspace       used 8395K, capacity 8774K, committed 8960K, reserved 1056768K
  class space    used 661K, capacity 690K, committed 768K, reserved 1048576K

Card table byte_map: [0x0000000011960000,0x0000000012150000] byte_map_base: 0x000000000e34c000

Marking Bits: (ParMarkBitMap*) 0x000000006cdfa5b0
 Begin Bits: [0x0000000012ea0000, 0x0000000016e00000)
 End Bits:   [0x0000000016e00000, 0x000000001ad60000)

Polling page: 0x00000000022f0000

CodeCache: size=245760Kb used=4650Kb max_used=4674Kb free=241109Kb
 bounds [0x00000000025a0000, 0x0000000002a40000, 0x00000000115a0000]
 total_blobs=1499 nmethods=841 adapters=579
 compilation: enabled

Compilation events (10 events):
Event: 5.772 Thread 0x000000001e093800  839       3       main.coreEngine.Engine::getInput (9 bytes)
Event: 5.772 Thread 0x000000001e093800 nmethod 839 0x0000000002a23350 code [0x0000000002a23520, 0x0000000002a23c58]
Event: 6.220 Thread 0x000000001e088000  840       4       main.client.renderEngine.shader.AbstractShaderProgram::setUniform (715 bytes)
Event: 6.269 Thread 0x000000001e089000  841       4       java.lang.ref.Reference::<init> (25 bytes)
Event: 6.270 Thread 0x000000001e089000 nmethod 841 0x0000000002a26c50 code [0x0000000002a26d80, 0x0000000002a26e38]
Event: 6.306 Thread 0x000000001e088000 nmethod 840 0x0000000002a2c310 code [0x0000000002a2c7e0, 0x0000000002a30460]
Event: 6.470 Thread 0x000000001e08c800  842       4       main.coreEngine.util.maths.Matrix4f::rotate (563 bytes)
Event: 6.473 Thread 0x000000001e08c800 nmethod 842 0x0000000002a251d0 code [0x0000000002a25340, 0x0000000002a25878]
Event: 6.808 Thread 0x000000001e093800  843       1       main.coreEngine.sceneGraph.components.ModelComponent::tick (1 bytes)
Event: 6.809 Thread 0x000000001e093800 nmethod 843 0x0000000002a26990 code [0x0000000002a26ae0, 0x0000000002a26bf0]

GC Heap History (10 events):
Event: 3.088 GC heap before
{Heap before GC invocations=12 (full 0):
 PSYoungGen      total 829440K, used 819424K [0x000000076b800000, 0x00000007bcc00000, 0x00000007c0000000)
  eden space 819200K, 100% used [0x000000076b800000,0x000000079d800000,0x000000079d800000)
  from space 10240K, 2% used [0x000000079d800000,0x000000079d838000,0x000000079e200000)
  to   space 10240K, 0% used [0x00000007bc200000,0x00000007bc200000,0x00000007bcc00000)
 ParOldGen       total 173568K, used 18404K [0x00000006c2800000, 0x00000006cd180000, 0x000000076b800000)
  object space 173568K, 10% used [0x00000006c2800000,0x00000006c39f9338,0x00000006cd180000)
 Metaspace       used 8376K, capacity 8774K, committed 8960K, reserved 1056768K
  class space    used 661K, capacity 690K, committed 768K, reserved 1048576K
Event: 3.089 GC heap after
Heap after GC invocations=12 (full 0):
 PSYoungGen      total 1319936K, used 224K [0x000000076b800000, 0x00000007bcb00000, 0x00000007c0000000)
  eden space 1310720K, 0% used [0x000000076b800000,0x000000076b800000,0x00000007bb800000)
  from space 9216K, 2% used [0x00000007bc200000,0x00000007bc238000,0x00000007bcb00000)
  to   space 9728K, 0% used [0x00000007bb800000,0x00000007bb800000,0x00000007bc180000)
 ParOldGen       total 173568K, used 18412K [0x00000006c2800000, 0x00000006cd180000, 0x000000076b800000)
  object space 173568K, 10% used [0x00000006c2800000,0x00000006c39fb338,0x00000006cd180000)
 Metaspace       used 8376K, capacity 8774K, committed 8960K, reserved 1056768K
  class space    used 661K, capacity 690K, committed 768K, reserved 1048576K
}
Event: 4.103 GC heap before
{Heap before GC invocations=13 (full 0):
 PSYoungGen      total 1319936K, used 1310944K [0x000000076b800000, 0x00000007bcb00000, 0x00000007c0000000)
  eden space 1310720K, 100% used [0x000000076b800000,0x00000007bb800000,0x00000007bb800000)
  from space 9216K, 2% used [0x00000007bc200000,0x00000007bc238000,0x00000007bcb00000)
  to   space 9728K, 0% used [0x00000007bb800000,0x00000007bb800000,0x00000007bc180000)
 ParOldGen       total 173568K, used 18412K [0x00000006c2800000, 0x00000006cd180000, 0x000000076b800000)
  object space 173568K, 10% used [0x00000006c2800000,0x00000006c39fb338,0x00000006cd180000)
 Metaspace       used 8386K, capacity 8774K, committed 8960K, reserved 1056768K
  class space    used 661K, capacity 690K, committed 768K, reserved 1048576K
Event: 4.104 GC heap after
Heap after GC invocations=13 (full 0):
 PSYoungGen      total 1320448K, used 224K [0x000000076b800000, 0x00000007c0000000, 0x00000007c0000000)
  eden space 1310720K, 0% used [0x000000076b800000,0x000000076b800000,0x00000007bb800000)
  from space 9728K, 2% used [0x00000007bb800000,0x00000007bb838000,0x00000007bc180000)
  to   space 9728K, 0% used [0x00000007bf680000,0x00000007bf680000,0x00000007c0000000)
 ParOldGen       total 173568K, used 18420K [0x00000006c2800000, 0x00000006cd180000, 0x000000076b800000)
  object space 173568K, 10% used [0x00000006c2800000,0x00000006c39fd338,0x00000006cd180000)
 Metaspace       used 8386K, capacity 8774K, committed 8960K, reserved 1056768K
  class space    used 661K, capacity 690K, committed 768K, reserved 1048576K
}
Event: 5.041 GC heap before
{Heap before GC invocations=14 (full 0):
 PSYoungGen      total 1320448K, used 1310944K [0x000000076b800000, 0x00000007c0000000, 0x00000007c0000000)
  eden space 1310720K, 100% used [0x000000076b800000,0x00000007bb800000,0x00000007bb800000)
  from space 9728K, 2% used [0x00000007bb800000,0x00000007bb838000,0x00000007bc180000)
  to   space 9728K, 0% used [0x00000007bf680000,0x00000007bf680000,0x00000007c0000000)
 ParOldGen       total 173568K, used 18420K [0x00000006c2800000, 0x00000006cd180000, 0x000000076b800000)
  object space 173568K, 10% used [0x00000006c2800000,0x00000006c39fd338,0x00000006cd180000)
 Metaspace       used 8388K, capacity 8774K, committed 8960K, reserved 1056768K
  class space    used 661K, capacity 690K, committed 768K, reserved 1048576K
Event: 5.042 GC heap after
Heap after GC invocations=14 (full 0):
 PSYoungGen      total 1249280K, used 256K [0x000000076b800000, 0x00000007bf700000, 0x00000007c0000000)
  eden space 1248768K, 0% used [0x000000076b800000,0x000000076b800000,0x00000007b7b80000)
  from space 512K, 50% used [0x00000007bf680000,0x00000007bf6c0000,0x00000007bf700000)
  to   space 9216K, 0% used [0x00000007be500000,0x00000007be500000,0x00000007bee00000)
 ParOldGen       total 173568K, used 18460K [0x00000006c2800000, 0x00000006cd180000, 0x000000076b800000)
  object space 173568K, 10% used [0x00000006c2800000,0x00000006c3a07338,0x00000006cd180000)
 Metaspace       used 8388K, capacity 8774K, committed 8960K, reserved 1056768K
  class space    used 661K, capacity 690K, committed 768K, reserved 1048576K
}
Event: 5.967 GC heap before
{Heap before GC invocations=15 (full 0):
 PSYoungGen      total 1249280K, used 1249024K [0x000000076b800000, 0x00000007bf700000, 0x00000007c0000000)
  eden space 1248768K, 100% used [0x000000076b800000,0x00000007b7b80000,0x00000007b7b80000)
  from space 512K, 50% used [0x00000007bf680000,0x00000007bf6c0000,0x00000007bf700000)
  to   space 9216K, 0% used [0x00000007be500000,0x00000007be500000,0x00000007bee00000)
 ParOldGen       total 173568K, used 18460K [0x00000006c2800000, 0x00000006cd180000, 0x000000076b800000)
  object space 173568K, 10% used [0x00000006c2800000,0x00000006c3a07338,0x00000006cd180000)
 Metaspace       used 8394K, capacity 8774K, committed 8960K, reserved 1056768K
  class space    used 661K, capacity 690K, committed 768K, reserved 1048576K
Event: 5.968 GC heap after
Heap after GC invocations=15 (full 0):
 PSYoungGen      total 1199104K, used 256K [0x000000076b800000, 0x00000007bf700000, 0x00000007c0000000)
  eden space 1189888K, 0% used [0x000000076b800000,0x000000076b800000,0x00000007b4200000)
  from space 9216K, 2% used [0x00000007be500000,0x00000007be540000,0x00000007bee00000)
  to   space 8704K, 0% used [0x00000007bee80000,0x00000007bee80000,0x00000007bf700000)
 ParOldGen       total 173568K, used 18460K [0x00000006c2800000, 0x00000006cd180000, 0x000000076b800000)
  object space 173568K, 10% used [0x00000006c2800000,0x00000006c3a07338,0x00000006cd180000)
 Metaspace       used 8394K, capacity 8774K, committed 8960K, reserved 1056768K
  class space    used 661K, capacity 690K, committed 768K, reserved 1048576K
}
Event: 6.833 GC heap before
{Heap before GC invocations=16 (full 0):
 PSYoungGen      total 1199104K, used 1190144K [0x000000076b800000, 0x00000007bf700000, 0x00000007c0000000)
  eden space 1189888K, 100% used [0x000000076b800000,0x00000007b4200000,0x00000007b4200000)
  from space 9216K, 2% used [0x00000007be500000,0x00000007be540000,0x00000007bee00000)
  to   space 8704K, 0% used [0x00000007bee80000,0x00000007bee80000,0x00000007bf700000)
 ParOldGen       total 173568K, used 18460K [0x00000006c2800000, 0x00000006cd180000, 0x000000076b800000)
  object space 173568K, 10% used [0x00000006c2800000,0x00000006c3a07338,0x00000006cd180000)
 Metaspace       used 8394K, capacity 8774K, committed 8960K, reserved 1056768K
  class space    used 661K, capacity 690K, committed 768K, reserved 1048576K
Event: 6.834 GC heap after
Heap after GC invocations=16 (full 0):
 PSYoungGen      total 1134080K, used 256K [0x000000076b800000, 0x00000007bef00000, 0x00000007c0000000)
  eden space 1133568K, 0% used [0x000000076b800000,0x000000076b800000,0x00000007b0b00000)
  from space 512K, 50% used [0x00000007bee80000,0x00000007beec0000,0x00000007bef00000)
  to   space 8704K, 0% used [0x00000007bde00000,0x00000007bde00000,0x00000007be680000)
 ParOldGen       total 173568K, used 18460K [0x00000006c2800000, 0x00000006cd180000, 0x000000076b800000)
  object space 173568K, 10% used [0x00000006c2800000,0x00000006c3a07338,0x00000006cd180000)
 Metaspace       used 8394K, capacity 8774K, committed 8960K, reserved 1056768K
  class space    used 661K, capacity 690K, committed 768K, reserved 1048576K
}

Deoptimization events (10 events):
Event: 1.419 Thread 0x000000001e22f800 Uncommon trap: reason=class_check action=maybe_recompile pc=0x0000000002872084 method=sun.misc.FloatingDecimal.parseFloat(Ljava/lang/String;)F @ 4
Event: 1.419 Thread 0x000000001e22f800 Uncommon trap: reason=class_check action=maybe_recompile pc=0x0000000002872084 method=sun.misc.FloatingDecimal.parseFloat(Ljava/lang/String;)F @ 4
Event: 1.419 Thread 0x000000001e22f800 Uncommon trap: reason=class_check action=maybe_recompile pc=0x0000000002872084 method=sun.misc.FloatingDecimal.parseFloat(Ljava/lang/String;)F @ 4
Event: 1.419 Thread 0x000000001e22f800 Uncommon trap: reason=class_check action=maybe_recompile pc=0x0000000002872084 method=sun.misc.FloatingDecimal.parseFloat(Ljava/lang/String;)F @ 4
Event: 1.419 Thread 0x000000001e22f800 Uncommon trap: reason=unstable_if action=reinterpret pc=0x00000000028cd0d4 method=main.client.renderEngine.mesh.MeshBuilder.processFace(Ljava/lang/String;Lmain/client/renderEngine/mesh/MeshBuilder;)Z @ 114
Event: 1.422 Thread 0x000000001e22f800 Uncommon trap: reason=bimorphic action=maybe_recompile pc=0x00000000026f20c0 method=java.util.HashMap.getNode(ILjava/lang/Object;)Ljava/util/HashMap$Node; @ 126
Event: 1.483 Thread 0x000000001e22f800 Uncommon trap: reason=unstable_if action=reinterpret pc=0x000000000286d0b4 method=main.coreEngine.TickableThread.run()V @ 461
Event: 1.492 Thread 0x000000001e232800 Uncommon trap: reason=unstable_if action=reinterpret pc=0x000000000286d0b4 method=main.coreEngine.TickableThread.run()V @ 461
Event: 1.500 Thread 0x000000000236e000 Uncommon trap: reason=unstable_if action=reinterpret pc=0x0000000002995c94 method=main.coreEngine.Engine.start()V @ 163
Event: 1.501 Thread 0x000000001e22f800 Uncommon trap: reason=unstable_if action=reinterpret pc=0x00000000028ae070 method=java.lang.Integer.valueOf(I)Ljava/lang/Integer; @ 10

Internal exceptions (8 events):
Event: 0.031 Thread 0x000000000236e000 Exception <a 'java/lang/NoSuchMethodError': Method sun.misc.Unsafe.defineClass(Ljava/lang/String;[BII)Ljava/lang/Class; name or signature does not match> (0x000000076b80d890) thrown at [C:\workspace\8-2-build-windows-amd64-cygwin\jdk8u65\4987\hotspot\src\sæ°'xü?
Event: 0.031 Thread 0x000000000236e000 Exception <a 'java/lang/NoSuchMethodError': Method sun.misc.Unsafe.prefetchRead(Ljava/lang/Object;J)V name or signature does not match> (0x000000076b80db78) thrown at [C:\workspace\8-2-build-windows-amd64-cygwin\jdk8u65\4987\hotspot\src\share\vm\prims\jni.s“}[Ç€?
Event: 0.430 Thread 0x000000001e22f800 Exception <a 'java/security/PrivilegedActionException'> (0x000000076e254a70) thrown at [C:\workspace\8-2-build-windows-amd64-cygwin\jdk8u65\4987\hotspot\src\share\vm\prims\jvm.cpp, line 1386]
Event: 0.430 Thread 0x000000001e22f800 Exception <a 'java/security/PrivilegedActionException'> (0x000000076e254e68) thrown at [C:\workspace\8-2-build-windows-amd64-cygwin\jdk8u65\4987\hotspot\src\share\vm\prims\jvm.cpp, line 1386]
Event: 0.430 Thread 0x000000001e22f800 Exception <a 'java/security/PrivilegedActionException'> (0x000000076e259080) thrown at [C:\workspace\8-2-build-windows-amd64-cygwin\jdk8u65\4987\hotspot\src\share\vm\prims\jvm.cpp, line 1386]
Event: 0.430 Thread 0x000000001e22f800 Exception <a 'java/security/PrivilegedActionException'> (0x000000076e259478) thrown at [C:\workspace\8-2-build-windows-amd64-cygwin\jdk8u65\4987\hotspot\src\share\vm\prims\jvm.cpp, line 1386]
Event: 0.436 Thread 0x000000001e22f800 Implicit null exception at 0x00000000026f7839 to 0x00000000026f7bfd
Event: 0.839 Thread 0x000000000236e000 Implicit null exception at 0x0000000002705704 to 0x0000000002705cc5

Events (10 events):
Event: 4.103 Executing VM operation: ParallelGCFailedAllocation
Event: 4.104 Executing VM operation: ParallelGCFailedAllocation done
Event: 4.786 Thread 0x000000001e22f800 DEOPT PACKING pc=0x0000000002a03f2a sp=0x000000001f02ee40
Event: 4.786 Thread 0x000000001e22f800 DEOPT UNPACKING pc=0x00000000025e787f sp=0x000000001f02eb68 mode 0
Event: 5.041 Executing VM operation: ParallelGCFailedAllocation
Event: 5.042 Executing VM operation: ParallelGCFailedAllocation done
Event: 5.967 Executing VM operation: ParallelGCFailedAllocation
Event: 5.968 Executing VM operation: ParallelGCFailedAllocation done
Event: 6.833 Executing VM operation: ParallelGCFailedAllocation
Event: 6.834 Executing VM operation: ParallelGCFailedAllocation done


Dynamic libraries:
0x00007ff665e60000 - 0x00007ff665e97000 	C:\Program Files\Java\jdk1.8.0_65\bin\java.exe
0x00007ffb48720000 - 0x00007ffb488e1000 	C:\WINDOWS\SYSTEM32\ntdll.dll
0x00007ffb48170000 - 0x00007ffb4821d000 	C:\WINDOWS\system32\KERNEL32.DLL
0x00007ffb45560000 - 0x00007ffb45748000 	C:\WINDOWS\system32\KERNELBASE.dll
0x00007ffb47a50000 - 0x00007ffb47af7000 	C:\WINDOWS\system32\ADVAPI32.dll
0x00007ffb480d0000 - 0x00007ffb4816d000 	C:\WINDOWS\system32\msvcrt.dll
0x00007ffb47b00000 - 0x00007ffb47b5b000 	C:\WINDOWS\system32\sechost.dll
0x00007ffb47700000 - 0x00007ffb4781c000 	C:\WINDOWS\system32\RPCRT4.dll
0x00007ffb485c0000 - 0x00007ffb48716000 	C:\WINDOWS\system32\USER32.dll
0x00007ffb48220000 - 0x00007ffb483a6000 	C:\WINDOWS\system32\GDI32.dll
0x00007ffb41530000 - 0x00007ffb417a4000 	C:\WINDOWS\WinSxS\amd64_microsoft.windows.common-controls_6595b64144ccf1df_6.0.10586.0_none_8c15ae12515e1c22\COMCTL32.dll
0x00007ffb45b00000 - 0x00007ffb45d7d000 	C:\WINDOWS\system32\combase.dll
0x00007ffb45920000 - 0x00007ffb4598a000 	C:\WINDOWS\system32\bcryptPrimitives.dll
0x00007ffb45f90000 - 0x00007ffb45fcb000 	C:\WINDOWS\system32\IMM32.DLL
0x000000006ce80000 - 0x000000006cf52000 	C:\Program Files\Java\jdk1.8.0_65\jre\bin\msvcr100.dll
0x000000006c5f0000 - 0x000000006ce79000 	C:\Program Files\Java\jdk1.8.0_65\jre\bin\server\jvm.dll
0x00007ffb475a0000 - 0x00007ffb475a8000 	C:\WINDOWS\system32\PSAPI.DLL
0x00007ffb3c060000 - 0x00007ffb3c069000 	C:\WINDOWS\SYSTEM32\WSOCK32.dll
0x00007ffb418d0000 - 0x00007ffb418da000 	C:\WINDOWS\SYSTEM32\VERSION.dll
0x00007ffb42fa0000 - 0x00007ffb42fc3000 	C:\WINDOWS\SYSTEM32\WINMM.dll
0x00007ffb48420000 - 0x00007ffb4848b000 	C:\WINDOWS\system32\WS2_32.dll
0x00000000022c0000 - 0x00000000022ec000 	C:\WINDOWS\SYSTEM32\WINMMBASE.dll
0x00007ffb45ab0000 - 0x00007ffb45af3000 	C:\WINDOWS\system32\cfgmgr32.dll
0x000000006c5e0000 - 0x000000006c5ef000 	C:\Program Files\Java\jdk1.8.0_65\jre\bin\verify.dll
0x000000006c5b0000 - 0x000000006c5d9000 	C:\Program Files\Java\jdk1.8.0_65\jre\bin\java.dll
0x000000006c570000 - 0x000000006c5a5000 	C:\Program Files\Java\jdk1.8.0_65\jre\bin\jdwp.dll
0x000000006c560000 - 0x000000006c568000 	C:\Program Files\Java\jdk1.8.0_65\jre\bin\npt.dll
0x000000006c540000 - 0x000000006c556000 	C:\Program Files\Java\jdk1.8.0_65\jre\bin\zip.dll
0x00007ffb45fd0000 - 0x00007ffb4752c000 	C:\WINDOWS\system32\SHELL32.dll
0x00007ffb44ef0000 - 0x00007ffb45535000 	C:\WINDOWS\system32\windows.storage.dll
0x00007ffb483c0000 - 0x00007ffb48412000 	C:\WINDOWS\system32\shlwapi.dll
0x00007ffb44da0000 - 0x00007ffb44daf000 	C:\WINDOWS\system32\kernel.appcore.dll
0x00007ffb459f0000 - 0x00007ffb45aa5000 	C:\WINDOWS\system32\shcore.dll
0x00007ffb44d50000 - 0x00007ffb44d9b000 	C:\WINDOWS\system32\powrprof.dll
0x00007ffb44d20000 - 0x00007ffb44d34000 	C:\WINDOWS\system32\profapi.dll
0x000000006c530000 - 0x000000006c539000 	C:\Program Files\Java\jdk1.8.0_65\jre\bin\dt_socket.dll
0x00007ffb44650000 - 0x00007ffb446ac000 	C:\WINDOWS\system32\mswsock.dll
0x00007ffb41b70000 - 0x00007ffb41bf8000 	D:\Code\Java\Projects\WireEngine20\lib\native\lwjgl.dll
0x00007ffb44820000 - 0x00007ffb4482b000 	C:\WINDOWS\SYSTEM32\CRYPTBASE.DLL
0x00007ffb3fd60000 - 0x00007ffb3fda2000 	D:\Code\Java\Projects\WireEngine20\lib\native\jemalloc.dll
0x00007ffb41b10000 - 0x00007ffb41b48000 	D:\Code\Java\Projects\WireEngine20\lib\native\glfw.dll
0x00007ffb436a0000 - 0x00007ffb43736000 	C:\WINDOWS\system32\uxtheme.dll
0x00007ffb42950000 - 0x00007ffb42972000 	C:\WINDOWS\SYSTEM32\dwmapi.dll
0x00007ffb275e0000 - 0x00007ffb27709000 	C:\WINDOWS\SYSTEM32\opengl32.dll
0x00007ffb26dd0000 - 0x00007ffb26eca000 	C:\WINDOWS\SYSTEM32\DDRAW.dll
0x00007ffb3c6f0000 - 0x00007ffb3c71e000 	C:\WINDOWS\SYSTEM32\GLU32.dll
0x00007ffb3f5a0000 - 0x00007ffb3f5a8000 	C:\WINDOWS\SYSTEM32\DCIMAN32.dll
0x00007ffb478f0000 - 0x00007ffb47a4a000 	C:\WINDOWS\system32\MSCTF.dll
0x00007ffb2cbb0000 - 0x00007ffb2cbf9000 	C:\Program Files (x86)\TeamViewer\tv_x64.dll
0x00007ffb475b0000 - 0x00007ffb476f3000 	C:\WINDOWS\system32\ole32.dll
0x000000006a7e0000 - 0x000000006c529000 	C:\WINDOWS\SYSTEM32\nvoglv64.DLL
0x00007ffb47c20000 - 0x00007ffb48049000 	C:\WINDOWS\system32\SETUPAPI.dll
0x00007ffb42d00000 - 0x00007ffb42d13000 	C:\WINDOWS\SYSTEM32\WTSAPI32.dll
0x00007ffb437f0000 - 0x00007ffb43817000 	C:\WINDOWS\SYSTEM32\DEVOBJ.dll
0x00007ffb45990000 - 0x00007ffb459e5000 	C:\WINDOWS\system32\WINTRUST.dll
0x00007ffb44d40000 - 0x00007ffb44d50000 	C:\WINDOWS\system32\MSASN1.dll
0x00007ffb45750000 - 0x00007ffb45917000 	C:\WINDOWS\system32\CRYPT32.dll
0x00007ffb44270000 - 0x00007ffb442a1000 	C:\WINDOWS\SYSTEM32\ntmarta.dll
0x00007ffb43fc0000 - 0x00007ffb44016000 	C:\WINDOWS\SYSTEM32\WINSTA.dll
0x00007ffb47b70000 - 0x00007ffb47c17000 	C:\WINDOWS\system32\clbcatq.dll
0x00007ffb3f6b0000 - 0x00007ffb3f6d5000 	C:\Program Files (x86)\Samsung\Easy Printer Manager\SmartScreenPrint\CDAKEYMonitor64.dll
0x00007ffb47820000 - 0x00007ffb478e1000 	C:\WINDOWS\system32\OLEAUT32.dll
0x00007ffb2ca20000 - 0x00007ffb2cbac000 	C:\WINDOWS\SYSTEM32\dbghelp.dll

VM Arguments:
jvm_args: -agentlib:jdwp=transport=dt_socket,address=127.0.0.1:55920,suspend=y,server=n -Djava.library.path=lib/native/ -Dfile.encoding=UTF-8 
java_command: main.Main
java_class_path (initial): C:\Program Files\Java\jdk1.8.0_65\jre\lib\charsets.jar;C:\Program Files\Java\jdk1.8.0_65\jre\lib\deploy.jar;C:\Program Files\Java\jdk1.8.0_65\jre\lib\ext\access-bridge-64.jar;C:\Program Files\Java\jdk1.8.0_65\jre\lib\ext\cldrdata.jar;C:\Program Files\Java\jdk1.8.0_65\jre\lib\ext\dnsns.jar;C:\Program Files\Java\jdk1.8.0_65\jre\lib\ext\jaccess.jar;C:\Program Files\Java\jdk1.8.0_65\jre\lib\ext\jfxrt.jar;C:\Program Files\Java\jdk1.8.0_65\jre\lib\ext\localedata.jar;C:\Program Files\Java\jdk1.8.0_65\jre\lib\ext\nashorn.jar;C:\Program Files\Java\jdk1.8.0_65\jre\lib\ext\sunec.jar;C:\Program Files\Java\jdk1.8.0_65\jre\lib\ext\sunjce_provider.jar;C:\Program Files\Java\jdk1.8.0_65\jre\lib\ext\sunmscapi.jar;C:\Program Files\Java\jdk1.8.0_65\jre\lib\ext\sunpkcs11.jar;C:\Program Files\Java\jdk1.8.0_65\jre\lib\ext\zipfs.jar;C:\Program Files\Java\jdk1.8.0_65\jre\lib\javaws.jar;C:\Program Files\Java\jdk1.8.0_65\jre\lib\jce.jar;C:\Program Files\Java\jdk1.8.0_65\jre\lib\jfr.jar;C:\Program Files\Java\jdk1.8.0_65\jre\lib\jfxswt.jar;C:\Program Files\Java\jdk1.8.0_65\jre\lib\jsse.jar;C:\Program Files\Java\jdk1.8.0_65\jre\lib\management-agent.jar;C:\Program Files\Java\jdk1.8.0_65\jre\lib\plugin.jar;C:\Program Files\Java\jdk1.8.0_65\jre\lib\resources.jar;C:\Program Files\Java\jdk1.8.0_65\jre\lib\rt.jar;D:\Code\Java\Projects\WireEngine20\out\production\WireEngine20;D:\Code\Java\Projects\WireEngine20\lib\jar\lwjgl.jar;D:\Code\Java\Projects\WireEngine20\lib\jar\slick-util.jar;D:\Program Files (x86)\JetBrains\IntelliJ IDEA 2016.1\lib\idea_rt.jar
Launcher Type: SUN_STANDARD

Environment Variables:
JAVA_HOME=C:\Program Files\Java\jdk1.8.0_65
PATH=C:\ProgramData\Oracle\Java\javapath;C:\Program Files (x86)\Razer Chroma SDK\bin;C:\Program Files\Razer Chroma SDK\bin;C:\Program Files (x86)\NVIDIA Corporation\PhysX\Common;C:\Program Files (x86)\Intel\iCLS Client\;C:\Program Files\Intel\iCLS Client\;C:\Windows\system32;C:\Windows;C:\Windows\System32\Wbem;C:\Windows\System32\WindowsPowerShell\v1.0\;C:\Program Files\Intel\Intel(R) Management Engine Components\DAL;C:\Program Files (x86)\Intel\Intel(R) Management Engine Components\DAL;C:\Program Files\Intel\Intel(R) Management Engine Components\IPT;C:\Program Files (x86)\Intel\Intel(R) Management Engine Components\IPT;C:\Program Files\Java\jre1.8.0_65\bin;C:\MinGW\bin;C:\WINDOWS\system32;C:\WINDOWS;C:\WINDOWS\System32\Wbem;C:\WINDOWS\System32\WindowsPowerShell\v1.0\;D:\Program Files (x86)\CMake\bin;D:\Program Files\Programs\Python\Python35-32;D:\Program Files\Programs\Python\Python35-32\Scripts;C:\Program Files (x86)\Skype\Phone\;D:\Program Files\Programs\Python\Python35-32\Scripts\;D:\Program Files\Programs\Python\Python35-32\
USERNAME=Kelan
OS=Windows_NT
PROCESSOR_IDENTIFIER=Intel64 Family 6 Model 60 Stepping 3, GenuineIntel



---------------  S Y S T E M  ---------------

OS: Windows 10.0 , 64 bit Build 10586 (10.0.10586.0)

CPU:total 8 (4 cores per cpu, 2 threads per core) family 6 model 60 stepping 3, cmov, cx8, fxsr, mmx, sse, sse2, sse3, ssse3, sse4.1, sse4.2, popcnt, avx, avx2, aes, clmul, erms, lzcnt, ht, tsc, tscinvbit, bmi1, bmi2

Memory: 4k page, physical 16609500k(8724764k free), swap 33386716k(23744800k free)

vm_info: Java HotSpot(TM) 64-Bit Server VM (25.65-b01) for windows-amd64 JRE (1.8.0_65-b17), built on Oct  6 2015 16:39:20 by "java_re" with MS VC++ 10.0 (VS2010)

time: Mon Apr 18 13:34:31 2016
elapsed time: 6 seconds (0d 0h 0m 6s)

