#
# A fatal error has been detected by the Java Runtime Environment:
#
#  EXCEPTION_ACCESS_VIOLATION (0xc0000005) at pc=0x00007ffdd3dd24b9, pid=7720, tid=5308
#
# JRE version: Java(TM) SE Runtime Environment (8.0_65-b17) (build 1.8.0_65-b17)
# Java VM: Java HotSpot(TM) 64-Bit Server VM (25.65-b01 mixed mode windows-amd64 compressed oops)
# Problematic frame:
# C  [glfw.dll+0x24b9]
#
# Failed to write core dump. Minidumps are not enabled by default on client versions of Windows
#
# If you would like to submit a bug report, please visit:
#   http://bugreport.java.com/bugreport/crash.jsp
# The crash happened outside the Java Virtual Machine in native code.
# See problematic frame for where to report the bug.
#

---------------  T H R E A D  ---------------

Current thread (0x000000001e2fe800):  JavaThread "CLIENT" [_thread_in_native, id=5308, stack(0x000000001f010000,0x000000001f110000)]

siginfo: ExceptionCode=0xc0000005, reading address 0x0000000000000000

Registers:
RAX=0x0000000000000000, RBX=0x000000001bacff50, RCX=0x0000000000000000, RDX=0x0000000000000000
RSP=0x000000001f10e960, RBP=0x000000001f10e9f0, RSI=0x0000000000000108, RDI=0x000000000050c9a0
R8 =0x000000001f10e958, R9 =0x000000001f10e9f0, R10=0x0000000000000000, R11=0x0000000000000246
R12=0x0000000000000000, R13=0x000000001f10ea08, R14=0x000000001f10e9e0, R15=0x000000001e2fe800
RIP=0x00007ffdd3dd24b9, EFLAGS=0x0000000000010287

Top of Stack: (sp=0x000000001f10e960)
0x000000001f10e960:   0000000000000000 0000000000000108
0x000000001f10e970:   000000001ba75390 00000000026ad5f0
0x000000001f10e980:   0000000000005055 0000000002aa7f0a
0x000000001f10e990:   000000001bacff50 000000007052aea4
0x000000001f10e9a0:   000000001e2fe800 000000001e2fe800
0x000000001f10e9b0:   000000001e2fe800 0000000000000000
0x000000001f10e9c0:   000000001e2c7330 00000000704b5eba
0x000000001f10e9d0:   000000001f10f118 000000001f10ea68
0x000000001f10e9e0:   00000006c2806310 0000000000005054
0x000000001f10e9f0:   000000001f10ea68 00000000026b7d8d
0x000000001f10ea00:   00000000026b7d8d 000000000050c9a0
0x000000001f10ea10:   00000000026b78a0 00007ffdd3dd2420
0x000000001f10ea20:   0000000000000001 000000001f10ea28
0x000000001f10ea30:   000000001baee6e4 000000001f10ea90
0x000000001f10ea40:   000000001baf06c8 0000000000000000
0x000000001f10ea50:   000000001baee710 000000001f10ea08 

Instructions: (pc=0x00007ffdd3dd24b9)
0x00007ffdd3dd2499:   48 8b cf e8 1f 3a 00 00 48 39 3d f0 d5 02 00 48
0x00007ffdd3dd24a9:   8d 0d e9 d5 02 00 48 8b 5c 24 30 74 08 48 8b 09
0x00007ffdd3dd24b9:   48 39 39 75 f8 48 8b 07 48 89 01 48 8b cf 48 83
0x00007ffdd3dd24c9:   c4 20 5f e9 5b fe 00 00 48 83 c4 20 5f c3 cc cc 


Register to memory mapping:

RAX=0x0000000000000000 is an unknown value
RBX={method} {0x000000001bacff58} 'invokePV' '(JJ)V' in 'org/lwjgl/system/JNI'
RCX=0x0000000000000000 is an unknown value
RDX=0x0000000000000000 is an unknown value
RSP=0x000000001f10e960 is pointing into the stack for thread: 0x000000001e2fe800
RBP=0x000000001f10e9f0 is pointing into the stack for thread: 0x000000001e2fe800
RSI=0x0000000000000108 is an unknown value
RDI=0x000000000050c9a0 is an unknown value
R8 =0x000000001f10e958 is pointing into the stack for thread: 0x000000001e2fe800
R9 =0x000000001f10e9f0 is pointing into the stack for thread: 0x000000001e2fe800
R10=0x0000000000000000 is an unknown value
R11=0x0000000000000246 is an unknown value
R12=0x0000000000000000 is an unknown value
R13=0x000000001f10ea08 is pointing into the stack for thread: 0x000000001e2fe800
R14=0x000000001f10e9e0 is pointing into the stack for thread: 0x000000001e2fe800
R15=0x000000001e2fe800 is a thread


Stack: [0x000000001f010000,0x000000001f110000],  sp=0x000000001f10e960,  free space=1018k
Native frames: (J=compiled Java code, j=interpreted, Vv=VM code, C=native code)
C  [glfw.dll+0x24b9]
C  0x0000000002aa7f0a

Java frames: (J=compiled Java code, j=interpreted, Vv=VM code)
J 801  org.lwjgl.system.JNI.invokePV(JJ)V (0 bytes) @ 0x0000000002aa7e84 [0x0000000002aa7e40+0x44]
j  org.lwjgl.glfw.GLFW.glfwDestroyCursor(J)V+20
j  main.client.Window.destroyWindow()V+9
j  main.coreEngine.Engine.stop()V+70
J 843 C1 main.client.Window.update()V (37 bytes) @ 0x0000000002ac612c [0x0000000002ac5c80+0x4ac]
J 821 C1 main.client.renderEngine.RenderEngine.render()V (51 bytes) @ 0x0000000002ab50bc [0x0000000002ab3f80+0x113c]
J 856% C2 main.coreEngine.TickableThread.run()V (500 bytes) @ 0x0000000002adb5e0 [0x0000000002adb4c0+0x120]
v  ~StubRoutines::call_stub

---------------  P R O C E S S  ---------------

Java Threads: ( => current thread )
  0x000000001e30f000 JavaThread "SERVER" [_thread_in_Java, id=9972, stack(0x000000001f110000,0x000000001f210000)]
=>0x000000001e2fe800 JavaThread "CLIENT" [_thread_in_native, id=5308, stack(0x000000001f010000,0x000000001f110000)]
  0x000000001e211800 JavaThread "Service Thread" daemon [_thread_blocked, id=3712, stack(0x000000001ee10000,0x000000001ef10000)]
  0x000000001e178000 JavaThread "C1 CompilerThread3" daemon [_thread_blocked, id=14024, stack(0x000000001ed10000,0x000000001ee10000)]
  0x000000001e167000 JavaThread "C2 CompilerThread2" daemon [_thread_blocked, id=11324, stack(0x000000001ec10000,0x000000001ed10000)]
  0x000000001e166000 JavaThread "C2 CompilerThread1" daemon [_thread_blocked, id=13768, stack(0x000000001eb10000,0x000000001ec10000)]
  0x000000001e16b000 JavaThread "C2 CompilerThread0" daemon [_thread_blocked, id=8272, stack(0x000000001ea10000,0x000000001eb10000)]
  0x000000001e151000 JavaThread "JDWP Command Reader" daemon [_thread_in_native, id=12264, stack(0x000000001e910000,0x000000001ea10000)]
  0x000000001e14f800 JavaThread "JDWP Event Helper Thread" daemon [_thread_blocked, id=10912, stack(0x000000001e810000,0x000000001e910000)]
  0x000000001e142800 JavaThread "JDWP Transport Listener: dt_socket" daemon [_thread_blocked, id=9248, stack(0x000000001e710000,0x000000001e810000)]
  0x000000001c05d800 JavaThread "Attach Listener" daemon [_thread_blocked, id=1192, stack(0x000000001e610000,0x000000001e710000)]
  0x000000001c05c800 JavaThread "Signal Dispatcher" daemon [_thread_blocked, id=8880, stack(0x000000001e510000,0x000000001e610000)]
  0x00000000026ac800 JavaThread "Finalizer" daemon [_thread_blocked, id=11096, stack(0x000000001df30000,0x000000001e030000)]
  0x00000000026a6000 JavaThread "Reference Handler" daemon [_thread_blocked, id=13240, stack(0x000000001de30000,0x000000001df30000)]
  0x00000000023fe000 JavaThread "main" [_thread_in_Java, id=4736, stack(0x00000000024b0000,0x00000000025b0000)]

Other Threads:
  0x000000001c049000 VMThread [stack: 0x000000001dd30000,0x000000001de30000] [id=11052]
  0x000000001e214000 WatcherThread [stack: 0x000000001ef10000,0x000000001f010000] [id=13900]

VM state:not at safepoint (normal execution)

VM Mutex/Monitor currently owned by a thread: None

Heap:
 PSYoungGen      total 60928K, used 34736K [0x000000076b800000, 0x00000007a5600000, 0x00000007c0000000)
  eden space 60416K, 57% used [0x000000076b800000,0x000000076d9bc1a8,0x000000076f300000)
  from space 512K, 37% used [0x00000007a5500000,0x00000007a5530000,0x00000007a5580000)
  to   space 512K, 0% used [0x00000007a5580000,0x00000007a5580000,0x00000007a5600000)
 ParOldGen       total 173568K, used 32275K [0x00000006c2800000, 0x00000006cd180000, 0x000000076b800000)
  object space 173568K, 18% used [0x00000006c2800000,0x00000006c4784d48,0x00000006cd180000)
 Metaspace       used 8366K, capacity 8774K, committed 8960K, reserved 1056768K
  class space    used 661K, capacity 690K, committed 768K, reserved 1048576K

Card table byte_map: [0x0000000011a70000,0x0000000012260000] byte_map_base: 0x000000000e45c000

Marking Bits: (ParMarkBitMap*) 0x0000000070c0a5b0
 Begin Bits: [0x0000000012fb0000, 0x0000000016f10000)
 End Bits:   [0x0000000016f10000, 0x000000001ae70000)

Polling page: 0x0000000000b90000

CodeCache: size=245760Kb used=4324Kb max_used=4330Kb free=241436Kb
 bounds [0x00000000026b0000, 0x0000000002b00000, 0x00000000116b0000]
 total_blobs=1508 nmethods=852 adapters=577
 compilation: enabled

Compilation events (10 events):
Event: 31.961 Thread 0x000000001e167000 nmethod 873 0x0000000002ad12d0 code [0x0000000002ad1440, 0x0000000002ad1a58]
Event: 31.966 Thread 0x000000001e16b000 nmethod 872 0x0000000002aee450 code [0x0000000002aee8a0, 0x0000000002af1038]
Event: 45.904 Thread 0x000000001e178000  875       3       org.lwjgl.glfw.GLFWKeyCallback::callback (75 bytes)
Event: 45.905 Thread 0x000000001e178000 nmethod 875 0x0000000002ad22d0 code [0x0000000002ad2520, 0x0000000002ad3428]
Event: 45.905 Thread 0x000000001e178000  876       3       main.client.InputHandler$1::invoke (23 bytes)
Event: 45.906 Thread 0x000000001e178000 nmethod 876 0x00000000027bbfd0 code [0x00000000027bc140, 0x00000000027bc410]
Event: 46.171 Thread 0x000000001e167000  877       4       main.client.InputHandler::cursorPosition (60 bytes)
Event: 46.171 Thread 0x000000001e16b000  878       4       org.lwjgl.glfw.GLFW::glfwGetCursorPos (37 bytes)
Event: 46.173 Thread 0x000000001e16b000 nmethod 878 0x00000000027aea90 code [0x00000000027aebe0, 0x00000000027aed68]
Event: 46.179 Thread 0x000000001e167000 nmethod 877 0x0000000002aec4d0 code [0x0000000002aec700, 0x0000000002aed3e0]

GC Heap History (10 events):
Event: 54.650 GC heap before
{Heap before GC invocations=607 (full 0):
 PSYoungGen      total 67584K, used 67232K [0x000000076b800000, 0x00000007a5600000, 0x00000007c0000000)
  eden space 67072K, 100% used [0x000000076b800000,0x000000076f980000,0x000000076f980000)
  from space 512K, 31% used [0x00000007a5580000,0x00000007a55a8000,0x00000007a5600000)
  to   space 512K, 0% used [0x00000007a5500000,0x00000007a5500000,0x00000007a5580000)
 ParOldGen       total 173568K, used 32275K [0x00000006c2800000, 0x00000006cd180000, 0x000000076b800000)
  object space 173568K, 18% used [0x00000006c2800000,0x00000006c4784d48,0x00000006cd180000)
 Metaspace       used 8366K, capacity 8774K, committed 8960K, reserved 1056768K
  class space    used 661K, capacity 690K, committed 768K, reserved 1048576K
Event: 54.650 GC heap after
Heap after GC invocations=607 (full 0):
 PSYoungGen      total 66048K, used 224K [0x000000076b800000, 0x00000007a5600000, 0x00000007c0000000)
  eden space 65536K, 0% used [0x000000076b800000,0x000000076b800000,0x000000076f800000)
  from space 512K, 43% used [0x00000007a5500000,0x00000007a5538000,0x00000007a5580000)
  to   space 512K, 0% used [0x00000007a5580000,0x00000007a5580000,0x00000007a5600000)
 ParOldGen       total 173568K, used 32275K [0x00000006c2800000, 0x00000006cd180000, 0x000000076b800000)
  object space 173568K, 18% used [0x00000006c2800000,0x00000006c4784d48,0x00000006cd180000)
 Metaspace       used 8366K, capacity 8774K, committed 8960K, reserved 1056768K
  class space    used 661K, capacity 690K, committed 768K, reserved 1048576K
}
Event: 54.718 GC heap before
{Heap before GC invocations=608 (full 0):
 PSYoungGen      total 66048K, used 65760K [0x000000076b800000, 0x00000007a5600000, 0x00000007c0000000)
  eden space 65536K, 100% used [0x000000076b800000,0x000000076f800000,0x000000076f800000)
  from space 512K, 43% used [0x00000007a5500000,0x00000007a5538000,0x00000007a5580000)
  to   space 512K, 0% used [0x00000007a5580000,0x00000007a5580000,0x00000007a5600000)
 ParOldGen       total 173568K, used 32275K [0x00000006c2800000, 0x00000006cd180000, 0x000000076b800000)
  object space 173568K, 18% used [0x00000006c2800000,0x00000006c4784d48,0x00000006cd180000)
 Metaspace       used 8366K, capacity 8774K, committed 8960K, reserved 1056768K
  class space    used 661K, capacity 690K, committed 768K, reserved 1048576K
Event: 54.719 GC heap after
Heap after GC invocations=608 (full 0):
 PSYoungGen      total 64512K, used 224K [0x000000076b800000, 0x00000007a5600000, 0x00000007c0000000)
  eden space 64000K, 0% used [0x000000076b800000,0x000000076b800000,0x000000076f680000)
  from space 512K, 43% used [0x00000007a5580000,0x00000007a55b8000,0x00000007a5600000)
  to   space 512K, 0% used [0x00000007a5500000,0x00000007a5500000,0x00000007a5580000)
 ParOldGen       total 173568K, used 32275K [0x00000006c2800000, 0x00000006cd180000, 0x000000076b800000)
  object space 173568K, 18% used [0x00000006c2800000,0x00000006c4784d48,0x00000006cd180000)
 Metaspace       used 8366K, capacity 8774K, committed 8960K, reserved 1056768K
  class space    used 661K, capacity 690K, committed 768K, reserved 1048576K
}
Event: 54.785 GC heap before
{Heap before GC invocations=609 (full 0):
 PSYoungGen      total 64512K, used 64224K [0x000000076b800000, 0x00000007a5600000, 0x00000007c0000000)
  eden space 64000K, 100% used [0x000000076b800000,0x000000076f680000,0x000000076f680000)
  from space 512K, 43% used [0x00000007a5580000,0x00000007a55b8000,0x00000007a5600000)
  to   space 512K, 0% used [0x00000007a5500000,0x00000007a5500000,0x00000007a5580000)
 ParOldGen       total 173568K, used 32275K [0x00000006c2800000, 0x00000006cd180000, 0x000000076b800000)
  object space 173568K, 18% used [0x00000006c2800000,0x00000006c4784d48,0x00000006cd180000)
 Metaspace       used 8366K, capacity 8774K, committed 8960K, reserved 1056768K
  class space    used 661K, capacity 690K, committed 768K, reserved 1048576K
Event: 54.786 GC heap after
Heap after GC invocations=609 (full 0):
 PSYoungGen      total 62976K, used 192K [0x000000076b800000, 0x00000007a5600000, 0x00000007c0000000)
  eden space 62464K, 0% used [0x000000076b800000,0x000000076b800000,0x000000076f500000)
  from space 512K, 37% used [0x00000007a5500000,0x00000007a5530000,0x00000007a5580000)
  to   space 512K, 0% used [0x00000007a5580000,0x00000007a5580000,0x00000007a5600000)
 ParOldGen       total 173568K, used 32275K [0x00000006c2800000, 0x00000006cd180000, 0x000000076b800000)
  object space 173568K, 18% used [0x00000006c2800000,0x00000006c4784d48,0x00000006cd180000)
 Metaspace       used 8366K, capacity 8774K, committed 8960K, reserved 1056768K
  class space    used 661K, capacity 690K, committed 768K, reserved 1048576K
}
Event: 54.836 GC heap before
{Heap before GC invocations=610 (full 0):
 PSYoungGen      total 62976K, used 62656K [0x000000076b800000, 0x00000007a5600000, 0x00000007c0000000)
  eden space 62464K, 100% used [0x000000076b800000,0x000000076f500000,0x000000076f500000)
  from space 512K, 37% used [0x00000007a5500000,0x00000007a5530000,0x00000007a5580000)
  to   space 512K, 0% used [0x00000007a5580000,0x00000007a5580000,0x00000007a5600000)
 ParOldGen       total 173568K, used 32275K [0x00000006c2800000, 0x00000006cd180000, 0x000000076b800000)
  object space 173568K, 18% used [0x00000006c2800000,0x00000006c4784d48,0x00000006cd180000)
 Metaspace       used 8366K, capacity 8774K, committed 8960K, reserved 1056768K
  class space    used 661K, capacity 690K, committed 768K, reserved 1048576K
Event: 54.836 GC heap after
Heap after GC invocations=610 (full 0):
 PSYoungGen      total 61952K, used 224K [0x000000076b800000, 0x00000007a5600000, 0x00000007c0000000)
  eden space 61440K, 0% used [0x000000076b800000,0x000000076b800000,0x000000076f400000)
  from space 512K, 43% used [0x00000007a5580000,0x00000007a55b8000,0x00000007a5600000)
  to   space 512K, 0% used [0x00000007a5500000,0x00000007a5500000,0x00000007a5580000)
 ParOldGen       total 173568K, used 32275K [0x00000006c2800000, 0x00000006cd180000, 0x000000076b800000)
  object space 173568K, 18% used [0x00000006c2800000,0x00000006c4784d48,0x00000006cd180000)
 Metaspace       used 8366K, capacity 8774K, committed 8960K, reserved 1056768K
  class space    used 661K, capacity 690K, committed 768K, reserved 1048576K
}
Event: 54.902 GC heap before
{Heap before GC invocations=611 (full 0):
 PSYoungGen      total 61952K, used 61664K [0x000000076b800000, 0x00000007a5600000, 0x00000007c0000000)
  eden space 61440K, 100% used [0x000000076b800000,0x000000076f400000,0x000000076f400000)
  from space 512K, 43% used [0x00000007a5580000,0x00000007a55b8000,0x00000007a5600000)
  to   space 512K, 0% used [0x00000007a5500000,0x00000007a5500000,0x00000007a5580000)
 ParOldGen       total 173568K, used 32275K [0x00000006c2800000, 0x00000006cd180000, 0x000000076b800000)
  object space 173568K, 18% used [0x00000006c2800000,0x00000006c4784d48,0x00000006cd180000)
 Metaspace       used 8366K, capacity 8774K, committed 8960K, reserved 1056768K
  class space    used 661K, capacity 690K, committed 768K, reserved 1048576K
Event: 54.902 GC heap after
Heap after GC invocations=611 (full 0):
 PSYoungGen      total 60928K, used 192K [0x000000076b800000, 0x00000007a5600000, 0x00000007c0000000)
  eden space 60416K, 0% used [0x000000076b800000,0x000000076b800000,0x000000076f300000)
  from space 512K, 37% used [0x00000007a5500000,0x00000007a5530000,0x00000007a5580000)
  to   space 512K, 0% used [0x00000007a5580000,0x00000007a5580000,0x00000007a5600000)
 ParOldGen       total 173568K, used 32275K [0x00000006c2800000, 0x00000006cd180000, 0x000000076b800000)
  object space 173568K, 18% used [0x00000006c2800000,0x00000006c4784d48,0x00000006cd180000)
 Metaspace       used 8366K, capacity 8774K, committed 8960K, reserved 1056768K
  class space    used 661K, capacity 690K, committed 768K, reserved 1048576K
}

Deoptimization events (10 events):
Event: 1.168 Thread 0x000000001e2fe800 Uncommon trap: reason=unstable_if action=reinterpret pc=0x00000000029f2970 method=java.util.HashMap.getNode(ILjava/lang/Object;)Ljava/util/HashMap$Node; @ 129
Event: 1.168 Thread 0x000000001e2fe800 Uncommon trap: reason=class_check action=maybe_recompile pc=0x00000000029e81c8 method=java.util.HashMap.putVal(ILjava/lang/Object;Ljava/lang/Object;ZZ)Ljava/lang/Object; @ 203
Event: 1.189 Thread 0x000000001e2fe800 Uncommon trap: reason=bimorphic action=maybe_recompile pc=0x0000000002804fd0 method=java.util.HashMap.getNode(ILjava/lang/Object;)Ljava/util/HashMap$Node; @ 126
Event: 1.189 Thread 0x000000001e2fe800 Uncommon trap: reason=class_check action=maybe_recompile pc=0x00000000029e81c8 method=java.util.HashMap.putVal(ILjava/lang/Object;Ljava/lang/Object;ZZ)Ljava/lang/Object; @ 203
Event: 1.237 Thread 0x000000001e2fe800 Uncommon trap: reason=unstable_if action=reinterpret pc=0x0000000002a0aefc method=main.client.renderEngine.mesh.Mesh.compile(Ljava/util/List;)Lmain/client/renderEngine/mesh/Mesh; @ 101
Event: 1.288 Thread 0x000000001e2fe800 Uncommon trap: reason=unstable_if action=reinterpret pc=0x0000000002a1ee84 method=main.client.renderEngine.mesh.Mesh.compile(Ljava/util/List;)Lmain/client/renderEngine/mesh/Mesh; @ 216
Event: 1.342 Thread 0x000000001e2fe800 Uncommon trap: reason=unstable_if action=reinterpret pc=0x0000000002a357f4 method=main.client.renderEngine.mesh.Mesh.compile(Ljava/util/List;)Lmain/client/renderEngine/mesh/Mesh; @ 550
Event: 1.359 Thread 0x000000001e2fe800 Uncommon trap: reason=unstable_if action=reinterpret pc=0x0000000002965d2c method=main.coreEngine.TickableThread.run()V @ 461
Event: 1.368 Thread 0x000000001e30f000 Uncommon trap: reason=unstable_if action=reinterpret pc=0x0000000002965d2c method=main.coreEngine.TickableThread.run()V @ 461
Event: 1.376 Thread 0x00000000023fe000 Uncommon trap: reason=unstable_if action=reinterpret pc=0x0000000002a37c30 method=main.coreEngine.Engine.start()V @ 163

Internal exceptions (8 events):
Event: 0.025 Thread 0x00000000023fe000 Exception <a 'java/lang/NoSuchMethodError': Method sun.misc.Unsafe.defineClass(Ljava/lang/String;[BII)Ljava/lang/Class; name or signature does not match> (0x000000076b80da30) thrown at [C:\workspace\8-2-build-windows-amd64-cygwin\jdk8u65\4987\hotspot\src\sqò%Gö?
Event: 0.025 Thread 0x00000000023fe000 Exception <a 'java/lang/NoSuchMethodError': Method sun.misc.Unsafe.prefetchRead(Ljava/lang/Object;J)V name or signature does not match> (0x000000076b80dd18) thrown at [C:\workspace\8-2-build-windows-amd64-cygwin\jdk8u65\4987\hotspot\src\share\vm\prims\jni.Å˙Ë'˙ú⁄?
Event: 0.416 Thread 0x000000001e2fe800 Exception <a 'java/security/PrivilegedActionException'> (0x000000076ba95af0) thrown at [C:\workspace\8-2-build-windows-amd64-cygwin\jdk8u65\4987\hotspot\src\share\vm\prims\jvm.cpp, line 1386]
Event: 0.416 Thread 0x000000001e2fe800 Exception <a 'java/security/PrivilegedActionException'> (0x000000076ba95ee8) thrown at [C:\workspace\8-2-build-windows-amd64-cygwin\jdk8u65\4987\hotspot\src\share\vm\prims\jvm.cpp, line 1386]
Event: 0.416 Thread 0x000000001e2fe800 Exception <a 'java/security/PrivilegedActionException'> (0x000000076ba9a100) thrown at [C:\workspace\8-2-build-windows-amd64-cygwin\jdk8u65\4987\hotspot\src\share\vm\prims\jvm.cpp, line 1386]
Event: 0.416 Thread 0x000000001e2fe800 Exception <a 'java/security/PrivilegedActionException'> (0x000000076ba9a4f8) thrown at [C:\workspace\8-2-build-windows-amd64-cygwin\jdk8u65\4987\hotspot\src\share\vm\prims\jvm.cpp, line 1386]
Event: 0.750 Thread 0x00000000023fe000 Implicit null exception at 0x0000000002818d7c to 0x0000000002819349
Event: 1.097 Thread 0x000000001e2fe800 Implicit null exception at 0x00000000029da4a4 to 0x00000000029daa1d

Events (10 events):
Event: 54.649 Executing VM operation: ParallelGCFailedAllocation
Event: 54.650 Executing VM operation: ParallelGCFailedAllocation done
Event: 54.718 Executing VM operation: ParallelGCFailedAllocation
Event: 54.719 Executing VM operation: ParallelGCFailedAllocation done
Event: 54.785 Executing VM operation: ParallelGCFailedAllocation
Event: 54.786 Executing VM operation: ParallelGCFailedAllocation done
Event: 54.836 Executing VM operation: ParallelGCFailedAllocation
Event: 54.836 Executing VM operation: ParallelGCFailedAllocation done
Event: 54.902 Executing VM operation: ParallelGCFailedAllocation
Event: 54.902 Executing VM operation: ParallelGCFailedAllocation done


Dynamic libraries:
0x00007ff630290000 - 0x00007ff6302c7000 	C:\Program Files\Java\jdk1.8.0_65\bin\java.exe
0x00007ffde4980000 - 0x00007ffde4b41000 	C:\WINDOWS\SYSTEM32\ntdll.dll
0x00007ffde42a0000 - 0x00007ffde434d000 	C:\WINDOWS\system32\KERNEL32.DLL
0x00007ffde19f0000 - 0x00007ffde1bd8000 	C:\WINDOWS\system32\KERNELBASE.dll
0x00007ffde1e70000 - 0x00007ffde1f17000 	C:\WINDOWS\system32\ADVAPI32.dll
0x00007ffde3800000 - 0x00007ffde389d000 	C:\WINDOWS\system32\msvcrt.dll
0x00007ffde1e10000 - 0x00007ffde1e6b000 	C:\WINDOWS\system32\sechost.dll
0x00007ffde3bd0000 - 0x00007ffde3cec000 	C:\WINDOWS\system32\RPCRT4.dll
0x00007ffde3fe0000 - 0x00007ffde4136000 	C:\WINDOWS\system32\USER32.dll
0x00007ffde3cf0000 - 0x00007ffde3e76000 	C:\WINDOWS\system32\GDI32.dll
0x00007ffddd690000 - 0x00007ffddd904000 	C:\WINDOWS\WinSxS\amd64_microsoft.windows.common-controls_6595b64144ccf1df_6.0.10586.0_none_8c15ae12515e1c22\COMCTL32.dll
0x00007ffde3950000 - 0x00007ffde3bcd000 	C:\WINDOWS\system32\combase.dll
0x00007ffde1cf0000 - 0x00007ffde1d5a000 	C:\WINDOWS\system32\bcryptPrimitives.dll
0x00007ffde1dc0000 - 0x00007ffde1dfb000 	C:\WINDOWS\system32\IMM32.DLL
0x0000000070c90000 - 0x0000000070d62000 	C:\Program Files\Java\jdk1.8.0_65\jre\bin\msvcr100.dll
0x0000000070400000 - 0x0000000070c89000 	C:\Program Files\Java\jdk1.8.0_65\jre\bin\server\jvm.dll
0x00007ffde4290000 - 0x00007ffde4298000 	C:\WINDOWS\system32\PSAPI.DLL
0x00007ffdd8550000 - 0x00007ffdd8559000 	C:\WINDOWS\SYSTEM32\WSOCK32.dll
0x00007ffddf730000 - 0x00007ffddf753000 	C:\WINDOWS\SYSTEM32\WINMM.dll
0x00007ffddd9c0000 - 0x00007ffddd9ca000 	C:\WINDOWS\SYSTEM32\VERSION.dll
0x00007ffde4470000 - 0x00007ffde44db000 	C:\WINDOWS\system32\WS2_32.dll
0x00007ffddf6d0000 - 0x00007ffddf6fc000 	C:\WINDOWS\SYSTEM32\WINMMBASE.dll
0x00007ffde1be0000 - 0x00007ffde1c23000 	C:\WINDOWS\system32\cfgmgr32.dll
0x00000000703f0000 - 0x00000000703ff000 	C:\Program Files\Java\jdk1.8.0_65\jre\bin\verify.dll
0x00000000703c0000 - 0x00000000703e9000 	C:\Program Files\Java\jdk1.8.0_65\jre\bin\java.dll
0x0000000070380000 - 0x00000000703b5000 	C:\Program Files\Java\jdk1.8.0_65\jre\bin\jdwp.dll
0x0000000070370000 - 0x0000000070378000 	C:\Program Files\Java\jdk1.8.0_65\jre\bin\npt.dll
0x0000000070350000 - 0x0000000070366000 	C:\Program Files\Java\jdk1.8.0_65\jre\bin\zip.dll
0x00007ffde1f80000 - 0x00007ffde34dc000 	C:\WINDOWS\system32\SHELL32.dll
0x00007ffde11d0000 - 0x00007ffde1815000 	C:\WINDOWS\system32\windows.storage.dll
0x00007ffde36b0000 - 0x00007ffde3702000 	C:\WINDOWS\system32\shlwapi.dll
0x00007ffde0fb0000 - 0x00007ffde0fbf000 	C:\WINDOWS\system32\kernel.appcore.dll
0x00007ffde1c30000 - 0x00007ffde1ce5000 	C:\WINDOWS\system32\shcore.dll
0x00007ffde0fc0000 - 0x00007ffde100b000 	C:\WINDOWS\system32\powrprof.dll
0x00007ffde0f80000 - 0x00007ffde0f94000 	C:\WINDOWS\system32\profapi.dll
0x0000000070340000 - 0x0000000070349000 	C:\Program Files\Java\jdk1.8.0_65\jre\bin\dt_socket.dll
0x00007ffde08b0000 - 0x00007ffde090c000 	C:\WINDOWS\system32\mswsock.dll
0x00007ffdc6000000 - 0x00007ffdc6088000 	D:\Code\Java\Projects\WireEngine20\lib\native\lwjgl.dll
0x00007ffde0a80000 - 0x00007ffde0a8b000 	C:\WINDOWS\SYSTEM32\CRYPTBASE.DLL
0x00007ffdd3f50000 - 0x00007ffdd3f92000 	D:\Code\Java\Projects\WireEngine20\lib\native\jemalloc.dll
0x00007ffdd3dd0000 - 0x00007ffdd3e08000 	D:\Code\Java\Projects\WireEngine20\lib\native\glfw.dll
0x00007ffddf850000 - 0x00007ffddf8e6000 	C:\WINDOWS\system32\uxtheme.dll
0x00007ffdde650000 - 0x00007ffdde672000 	C:\WINDOWS\SYSTEM32\dwmapi.dll
0x00007ffdc9d10000 - 0x00007ffdc9e39000 	C:\WINDOWS\SYSTEM32\opengl32.dll
0x00007ffdcfb20000 - 0x00007ffdcfb4e000 	C:\WINDOWS\SYSTEM32\GLU32.dll
0x00007ffdcc520000 - 0x00007ffdcc61a000 	C:\WINDOWS\SYSTEM32\DDRAW.dll
0x00007ffdd96b0000 - 0x00007ffdd96b8000 	C:\WINDOWS\SYSTEM32\DCIMAN32.dll
0x00007ffde3e80000 - 0x00007ffde3fda000 	C:\WINDOWS\system32\MSCTF.dll
0x00007ffdd2dd0000 - 0x00007ffdd2e19000 	C:\Program Files (x86)\TeamViewer\tv_x64.dll
0x00007ffde4140000 - 0x00007ffde4283000 	C:\WINDOWS\system32\ole32.dll
0x000000006e5f0000 - 0x0000000070339000 	C:\WINDOWS\SYSTEM32\nvoglv64.DLL
0x00007ffde4550000 - 0x00007ffde4979000 	C:\WINDOWS\system32\SETUPAPI.dll
0x00007ffddf2f0000 - 0x00007ffddf303000 	C:\WINDOWS\SYSTEM32\WTSAPI32.dll
0x00007ffddf9a0000 - 0x00007ffddf9c7000 	C:\WINDOWS\SYSTEM32\DEVOBJ.dll
0x00007ffde1170000 - 0x00007ffde11c5000 	C:\WINDOWS\system32\WINTRUST.dll
0x00007ffde0fa0000 - 0x00007ffde0fb0000 	C:\WINDOWS\system32\MSASN1.dll
0x00007ffde1820000 - 0x00007ffde19e7000 	C:\WINDOWS\system32\CRYPT32.dll
0x00007ffde04d0000 - 0x00007ffde0501000 	C:\WINDOWS\SYSTEM32\ntmarta.dll
0x00007ffde0220000 - 0x00007ffde0276000 	C:\WINDOWS\SYSTEM32\WINSTA.dll
0x00007ffde38a0000 - 0x00007ffde3947000 	C:\WINDOWS\system32\clbcatq.dll
0x00007ffddc360000 - 0x00007ffddc385000 	C:\Program Files (x86)\Samsung\Easy Printer Manager\SmartScreenPrint\CDAKEYMonitor64.dll
0x00007ffde3730000 - 0x00007ffde37f1000 	C:\WINDOWS\system32\OLEAUT32.dll
0x00007ffdb9de0000 - 0x00007ffdb9f6c000 	C:\WINDOWS\SYSTEM32\dbghelp.dll

VM Arguments:
jvm_args: -agentlib:jdwp=transport=dt_socket,address=127.0.0.1:50683,suspend=y,server=n -Djava.library.path=lib/native/ -Dfile.encoding=UTF-8 
java_command: main.Main
java_class_path (initial): C:\Program Files\Java\jdk1.8.0_65\jre\lib\charsets.jar;C:\Program Files\Java\jdk1.8.0_65\jre\lib\deploy.jar;C:\Program Files\Java\jdk1.8.0_65\jre\lib\ext\access-bridge-64.jar;C:\Program Files\Java\jdk1.8.0_65\jre\lib\ext\cldrdata.jar;C:\Program Files\Java\jdk1.8.0_65\jre\lib\ext\dnsns.jar;C:\Program Files\Java\jdk1.8.0_65\jre\lib\ext\jaccess.jar;C:\Program Files\Java\jdk1.8.0_65\jre\lib\ext\jfxrt.jar;C:\Program Files\Java\jdk1.8.0_65\jre\lib\ext\localedata.jar;C:\Program Files\Java\jdk1.8.0_65\jre\lib\ext\nashorn.jar;C:\Program Files\Java\jdk1.8.0_65\jre\lib\ext\sunec.jar;C:\Program Files\Java\jdk1.8.0_65\jre\lib\ext\sunjce_provider.jar;C:\Program Files\Java\jdk1.8.0_65\jre\lib\ext\sunmscapi.jar;C:\Program Files\Java\jdk1.8.0_65\jre\lib\ext\sunpkcs11.jar;C:\Program Files\Java\jdk1.8.0_65\jre\lib\ext\zipfs.jar;C:\Program Files\Java\jdk1.8.0_65\jre\lib\javaws.jar;C:\Program Files\Java\jdk1.8.0_65\jre\lib\jce.jar;C:\Program Files\Java\jdk1.8.0_65\jre\lib\jfr.jar;C:\Program Files\Java\jdk1.8.0_65\jre\lib\jfxswt.jar;C:\Program Files\Java\jdk1.8.0_65\jre\lib\jsse.jar;C:\Program Files\Java\jdk1.8.0_65\jre\lib\management-agent.jar;C:\Program Files\Java\jdk1.8.0_65\jre\lib\plugin.jar;C:\Program Files\Java\jdk1.8.0_65\jre\lib\resources.jar;C:\Program Files\Java\jdk1.8.0_65\jre\lib\rt.jar;D:\Code\Java\Projects\WireEngine20\out\production\WireEngine20;D:\Code\Java\Projects\WireEngine20\lib\jar\lwjgl.jar;D:\Code\Java\Projects\WireEngine20\lib\jar\slick-util.jar;D:\Program Files (x86)\JetBrains\IntelliJ IDEA 2016.1\lib\idea_rt.jar
Launcher Type: SUN_STANDARD

Environment Variables:
JAVA_HOME=C:\Program Files\Java\jdk1.8.0_65
PATH=C:\ProgramData\Oracle\Java\javapath;C:\Program Files (x86)\Razer Chroma SDK\bin;C:\Program Files\Razer Chroma SDK\bin;C:\Program Files (x86)\NVIDIA Corporation\PhysX\Common;C:\Program Files (x86)\Intel\iCLS Client\;C:\Program Files\Intel\iCLS Client\;C:\Windows\system32;C:\Windows;C:\Windows\System32\Wbem;C:\Windows\System32\WindowsPowerShell\v1.0\;C:\Program Files\Intel\Intel(R) Management Engine Components\DAL;C:\Program Files (x86)\Intel\Intel(R) Management Engine Components\DAL;C:\Program Files\Intel\Intel(R) Management Engine Components\IPT;C:\Program Files (x86)\Intel\Intel(R) Management Engine Components\IPT;C:\Program Files\Java\jre1.8.0_65\bin;C:\MinGW\bin;C:\WINDOWS\system32;C:\WINDOWS;C:\WINDOWS\System32\Wbem;C:\WINDOWS\System32\WindowsPowerShell\v1.0\;D:\Program Files (x86)\CMake\bin;D:\Program Files\Programs\Python\Python35-32;D:\Program Files\Programs\Python\Python35-32\Scripts;C:\Program Files (x86)\Skype\Phone\;D:\Program Files\Programs\Python\Python35-32\Scripts\;D:\Program Files\Programs\Python\Python35-32\
USERNAME=Kelan
OS=Windows_NT
PROCESSOR_IDENTIFIER=Intel64 Family 6 Model 60 Stepping 3, GenuineIntel



---------------  S Y S T E M  ---------------

OS: Windows 10.0 , 64 bit Build 10586 (10.0.10586.0)

CPU:total 8 (4 cores per cpu, 2 threads per core) family 6 model 60 stepping 3, cmov, cx8, fxsr, mmx, sse, sse2, sse3, ssse3, sse4.1, sse4.2, popcnt, avx, avx2, aes, clmul, erms, lzcnt, ht, tsc, tscinvbit, bmi1, bmi2

Memory: 4k page, physical 16609500k(2198420k free), swap 33386716k(16415720k free)

vm_info: Java HotSpot(TM) 64-Bit Server VM (25.65-b01) for windows-amd64 JRE (1.8.0_65-b17), built on Oct  6 2015 16:39:20 by "java_re" with MS VC++ 10.0 (VS2010)

time: Tue Apr 12 17:02:44 2016
elapsed time: 54 seconds (0d 0h 0m 54s)

