#
# A fatal error has been detected by the Java Runtime Environment:
#
#  EXCEPTION_ACCESS_VIOLATION (0xc0000005) at pc=0x00007ffb27d724b9, pid=11872, tid=4692
#
# JRE version: Java(TM) SE Runtime Environment (8.0_65-b17) (build 1.8.0_65-b17)
# Java VM: Java HotSpot(TM) 64-Bit Server VM (25.65-b01 mixed mode windows-amd64 compressed oops)
# Problematic frame:
# C  [glfw.dll+0x24b9]
#
# Failed to write core dump. Minidumps are not enabled by default on client versions of Windows
#
# If you would like to submit a bug report, please visit:
#   http://bugreport.java.com/bugreport/crash.jsp
# The crash happened outside the Java Virtual Machine in native code.
# See problematic frame for where to report the bug.
#

---------------  T H R E A D  ---------------

Current thread (0x000000001e2fd000):  JavaThread "CLIENT" [_thread_in_native, id=4692, stack(0x000000001f000000,0x000000001f100000)]

siginfo: ExceptionCode=0xc0000005, reading address 0x0000000000000000

Registers:
RAX=0x0000000000000000, RBX=0x000000001bac3030, RCX=0x0000000000000000, RDX=0x0000000000000000
RSP=0x000000001f0fec90, RBP=0x000000001f0fed48, RSI=0x0000000000000108, RDI=0x00000000006bd980
R8 =0x000000001f0fec88, R9 =0x000000001f0fed48, R10=0x0000000000000000, R11=0x0000000000000246
R12=0x0000000000000000, R13=0x000000001bac3030, R14=0x000000001f0fed80, R15=0x000000001e2fd000
RIP=0x00007ffb27d724b9, EFLAGS=0x0000000000010283

Top of Stack: (sp=0x000000001f0fec90)
0x000000001f0fec90:   000000001e2fd000 000000001e2fd000
0x000000001f0feca0:   000000001e2fd000 000000001e2fd000
0x000000001f0fecb0:   0000000000001178 00000000026bdfcc
0x000000001f0fecc0:   000000001bac3030 000000006c7e5005
0x000000001f0fecd0:   000000001ba67bd0 000000001c041710
0x000000001f0fece0:   000000000000000e 000000001e2fd000
0x000000001f0fecf0:   000000001badf0e8 000000006c6faea4
0x000000001f0fed00:   000000001e2fd000 000000001f0fed08
0x000000001f0fed10:   0000000000000000 000000001f0fed80
0x000000001f0fed20:   000000001bac37d0 0000000000000000
0x000000001f0fed30:   000000001bac3030 0000000000000000
0x000000001f0fed40:   000000001f0fed68 000000001f0fedc8
0x000000001f0fed50:   00000000026a7d8d 00000006c28061d0
0x000000001f0fed60:   00000000026b42f8 00000000006bd980
0x000000001f0fed70:   00000000026a78a0 00007ffb27d72420
0x000000001f0fed80:   0000000000000001 000000001f0fed88 

Instructions: (pc=0x00007ffb27d724b9)
0x00007ffb27d72499:   48 8b cf e8 1f 3a 00 00 48 39 3d f0 d5 02 00 48
0x00007ffb27d724a9:   8d 0d e9 d5 02 00 48 8b 5c 24 30 74 08 48 8b 09
0x00007ffb27d724b9:   48 39 39 75 f8 48 8b 07 48 89 01 48 8b cf 48 83
0x00007ffb27d724c9:   c4 20 5f e9 5b fe 00 00 48 83 c4 20 5f c3 cc cc 


Register to memory mapping:

RAX=0x0000000000000000 is an unknown value
RBX={method} {0x000000001bac3038} 'invokePV' '(JJ)V' in 'org/lwjgl/system/JNI'
RCX=0x0000000000000000 is an unknown value
RDX=0x0000000000000000 is an unknown value
RSP=0x000000001f0fec90 is pointing into the stack for thread: 0x000000001e2fd000
RBP=0x000000001f0fed48 is pointing into the stack for thread: 0x000000001e2fd000
RSI=0x0000000000000108 is an unknown value
RDI=0x00000000006bd980 is an unknown value
R8 =0x000000001f0fec88 is pointing into the stack for thread: 0x000000001e2fd000
R9 =0x000000001f0fed48 is pointing into the stack for thread: 0x000000001e2fd000
R10=0x0000000000000000 is an unknown value
R11=0x0000000000000246 is an unknown value
R12=0x0000000000000000 is an unknown value
R13={method} {0x000000001bac3038} 'invokePV' '(JJ)V' in 'org/lwjgl/system/JNI'
R14=0x000000001f0fed80 is pointing into the stack for thread: 0x000000001e2fd000
R15=0x000000001e2fd000 is a thread


Stack: [0x000000001f000000,0x000000001f100000],  sp=0x000000001f0fec90,  free space=1019k
Native frames: (J=compiled Java code, j=interpreted, Vv=VM code, C=native code)
C  [glfw.dll+0x24b9]
C  0x00000000026bdfcc

Java frames: (J=compiled Java code, j=interpreted, Vv=VM code)
j  org.lwjgl.system.JNI.invokePV(JJ)V+0
j  org.lwjgl.glfw.GLFW.glfwDestroyCursor(J)V+20
j  main.client.Window.destroyWindow()V+9
j  main.coreEngine.Engine.stop()V+70
j  main.client.Window.update()V+33
j  main.client.renderEngine.RenderEngine.render()V+32
j  main.client.ClientThread.tick()V+12
j  main.coreEngine.TickableThread.run()V+469
v  ~StubRoutines::call_stub

---------------  P R O C E S S  ---------------

Java Threads: ( => current thread )
  0x000000001e303800 JavaThread "SERVER" [_thread_in_Java, id=240, stack(0x000000001f100000,0x000000001f200000)]
=>0x000000001e2fd000 JavaThread "CLIENT" [_thread_in_native, id=4692, stack(0x000000001f000000,0x000000001f100000)]
  0x000000001e1f8800 JavaThread "Service Thread" daemon [_thread_blocked, id=3956, stack(0x000000001ee00000,0x000000001ef00000)]
  0x000000001e163000 JavaThread "C1 CompilerThread3" daemon [_thread_blocked, id=9692, stack(0x000000001ed00000,0x000000001ee00000)]
  0x000000001e15a000 JavaThread "C2 CompilerThread2" daemon [_thread_blocked, id=11880, stack(0x000000001ec00000,0x000000001ed00000)]
  0x000000001e159000 JavaThread "C2 CompilerThread1" daemon [_thread_blocked, id=4972, stack(0x000000001eb00000,0x000000001ec00000)]
  0x000000001e15e000 JavaThread "C2 CompilerThread0" daemon [_thread_blocked, id=10324, stack(0x000000001ea00000,0x000000001eb00000)]
  0x000000001e13f800 JavaThread "JDWP Command Reader" daemon [_thread_in_native, id=2384, stack(0x000000001e900000,0x000000001ea00000)]
  0x000000001e13e800 JavaThread "JDWP Event Helper Thread" daemon [_thread_blocked, id=10856, stack(0x000000001e800000,0x000000001e900000)]
  0x000000001e131000 JavaThread "JDWP Transport Listener: dt_socket" daemon [_thread_blocked, id=8008, stack(0x000000001e700000,0x000000001e800000)]
  0x000000001e127800 JavaThread "Attach Listener" daemon [_thread_blocked, id=600, stack(0x000000001e600000,0x000000001e700000)]
  0x000000001e126000 JavaThread "Signal Dispatcher" daemon [_thread_blocked, id=2076, stack(0x000000001e500000,0x000000001e600000)]
  0x000000000269b000 JavaThread "Finalizer" daemon [_thread_blocked, id=9924, stack(0x000000001df20000,0x000000001e020000)]
  0x000000001c03d000 JavaThread "Reference Handler" daemon [_thread_blocked, id=4688, stack(0x000000001de20000,0x000000001df20000)]
  0x0000000000c5e000 JavaThread "main" [_thread_in_Java, id=10836, stack(0x00000000023c0000,0x00000000024c0000)]

Other Threads:
  0x000000001c039000 VMThread [stack: 0x000000001dd20000,0x000000001de20000] [id=1240]
  0x000000001e21d000 WatcherThread [stack: 0x000000001ef00000,0x000000001f000000] [id=3864]

VM state:not at safepoint (normal execution)

VM Mutex/Monitor currently owned by a thread: None

Heap:
 PSYoungGen      total 573440K, used 106658K [0x000000076b800000, 0x00000007baf80000, 0x00000007c0000000)
  eden space 566784K, 18% used [0x000000076b800000,0x0000000771ff0810,0x000000078e180000)
  from space 6656K, 3% used [0x00000007ba280000,0x00000007ba2b8000,0x00000007ba900000)
  to   space 6144K, 0% used [0x00000007ba980000,0x00000007ba980000,0x00000007baf80000)
 ParOldGen       total 173568K, used 15116K [0x00000006c2800000, 0x00000006cd180000, 0x000000076b800000)
  object space 173568K, 8% used [0x00000006c2800000,0x00000006c36c3158,0x00000006cd180000)
 Metaspace       used 8391K, capacity 8774K, committed 8960K, reserved 1056768K
  class space    used 661K, capacity 690K, committed 768K, reserved 1048576K

Card table byte_map: [0x0000000011a60000,0x0000000012250000] byte_map_base: 0x000000000e44c000

Marking Bits: (ParMarkBitMap*) 0x000000006cdda5b0
 Begin Bits: [0x0000000012fa0000, 0x0000000016f00000)
 End Bits:   [0x0000000016f00000, 0x000000001ae60000)

Polling page: 0x0000000000b90000

CodeCache: size=245760Kb used=4443Kb max_used=4453Kb free=241316Kb
 bounds [0x00000000026a0000, 0x0000000002b00000, 0x00000000116a0000]
 total_blobs=1478 nmethods=820 adapters=579
 compilation: enabled

Compilation events (10 events):
Event: 6.230 Thread 0x000000001e163000  821       3       main.coreEngine.util.maths.MathUtil::cotf (9 bytes)
Event: 6.230 Thread 0x000000001e163000 nmethod 821 0x0000000002af6cd0 code [0x0000000002af6e60, 0x0000000002af7310]
Event: 6.230 Thread 0x000000001e163000  823       3       main.client.renderEngine.shader.AbstractShaderProgram::useProgram (16 bytes)
Event: 6.231 Thread 0x000000001e163000 nmethod 823 0x0000000002af5d50 code [0x0000000002af5f40, 0x0000000002af66f8]
Event: 6.231 Thread 0x000000001e163000  824       3       org.lwjgl.opengl.GL20::glUseProgram (13 bytes)
Event: 6.231 Thread 0x000000001e163000 nmethod 824 0x0000000002af8510 code [0x0000000002af8700, 0x0000000002af8df8]
Event: 6.579 Thread 0x000000001e15a000  825       4       main.client.InputHandler::resetKeyboard (25 bytes)
Event: 6.580 Thread 0x000000001e15a000 nmethod 825 0x0000000002af5a90 code [0x0000000002af5bc0, 0x0000000002af5c78]
Event: 6.697 Thread 0x000000001e163000  826       1       org.lwjgl.glfw.GLFW::getInstance (4 bytes)
Event: 6.697 Thread 0x000000001e163000 nmethod 826 0x0000000002af5750 code [0x0000000002af58a0, 0x0000000002af5990]

GC Heap History (10 events):
Event: 5.155 GC heap before
{Heap before GC invocations=15 (full 0):
 PSYoungGen      total 713728K, used 713440K [0x000000076b800000, 0x00000007bbd00000, 0x00000007c0000000)
  eden space 713216K, 100% used [0x000000076b800000,0x0000000797080000,0x0000000797080000)
  from space 512K, 43% used [0x00000007bbc80000,0x00000007bbcb8000,0x00000007bbd00000)
  to   space 8192K, 0% used [0x00000007bad00000,0x00000007bad00000,0x00000007bb500000)
 ParOldGen       total 173568K, used 15100K [0x00000006c2800000, 0x00000006cd180000, 0x000000076b800000)
  object space 173568K, 8% used [0x00000006c2800000,0x00000006c36bf158,0x00000006cd180000)
 Metaspace       used 8387K, capacity 8774K, committed 8960K, reserved 1056768K
  class space    used 661K, capacity 690K, committed 768K, reserved 1048576K
Event: 5.156 GC heap after
Heap after GC invocations=15 (full 0):
 PSYoungGen      total 689152K, used 192K [0x000000076b800000, 0x00000007bbd00000, 0x00000007c0000000)
  eden space 680960K, 0% used [0x000000076b800000,0x000000076b800000,0x0000000795100000)
  from space 8192K, 2% used [0x00000007bad00000,0x00000007bad30000,0x00000007bb500000)
  to   space 7680K, 0% used [0x00000007bb580000,0x00000007bb580000,0x00000007bbd00000)
 ParOldGen       total 173568K, used 15116K [0x00000006c2800000, 0x00000006cd180000, 0x000000076b800000)
  object space 173568K, 8% used [0x00000006c2800000,0x00000006c36c3158,0x00000006cd180000)
 Metaspace       used 8387K, capacity 8774K, committed 8960K, reserved 1056768K
  class space    used 661K, capacity 690K, committed 768K, reserved 1048576K
}
Event: 5.698 GC heap before
{Heap before GC invocations=16 (full 0):
 PSYoungGen      total 689152K, used 681152K [0x000000076b800000, 0x00000007bbd00000, 0x00000007c0000000)
  eden space 680960K, 100% used [0x000000076b800000,0x0000000795100000,0x0000000795100000)
  from space 8192K, 2% used [0x00000007bad00000,0x00000007bad30000,0x00000007bb500000)
  to   space 7680K, 0% used [0x00000007bb580000,0x00000007bb580000,0x00000007bbd00000)
 ParOldGen       total 173568K, used 15116K [0x00000006c2800000, 0x00000006cd180000, 0x000000076b800000)
  object space 173568K, 8% used [0x00000006c2800000,0x00000006c36c3158,0x00000006cd180000)
 Metaspace       used 8389K, capacity 8774K, committed 8960K, reserved 1056768K
  class space    used 661K, capacity 690K, committed 768K, reserved 1048576K
Event: 5.699 GC heap after
Heap after GC invocations=16 (full 0):
 PSYoungGen      total 650752K, used 224K [0x000000076b800000, 0x00000007bb600000, 0x00000007c0000000)
  eden space 650240K, 0% used [0x000000076b800000,0x000000076b800000,0x0000000793300000)
  from space 512K, 43% used [0x00000007bb580000,0x00000007bb5b8000,0x00000007bb600000)
  to   space 7168K, 0% used [0x00000007ba800000,0x00000007ba800000,0x00000007baf00000)
 ParOldGen       total 173568K, used 15116K [0x00000006c2800000, 0x00000006cd180000, 0x000000076b800000)
  object space 173568K, 8% used [0x00000006c2800000,0x00000006c36c3158,0x00000006cd180000)
 Metaspace       used 8389K, capacity 8774K, committed 8960K, reserved 1056768K
  class space    used 661K, capacity 690K, committed 768K, reserved 1048576K
}
Event: 6.173 GC heap before
{Heap before GC invocations=17 (full 0):
 PSYoungGen      total 650752K, used 650464K [0x000000076b800000, 0x00000007bb600000, 0x00000007c0000000)
  eden space 650240K, 100% used [0x000000076b800000,0x0000000793300000,0x0000000793300000)
  from space 512K, 43% used [0x00000007bb580000,0x00000007bb5b8000,0x00000007bb600000)
  to   space 7168K, 0% used [0x00000007ba800000,0x00000007ba800000,0x00000007baf00000)
 ParOldGen       total 173568K, used 15116K [0x00000006c2800000, 0x00000006cd180000, 0x000000076b800000)
  object space 173568K, 8% used [0x00000006c2800000,0x00000006c36c3158,0x00000006cd180000)
 Metaspace       used 8390K, capacity 8774K, committed 8960K, reserved 1056768K
  class space    used 661K, capacity 690K, committed 768K, reserved 1048576K
Event: 6.173 GC heap after
Heap after GC invocations=17 (full 0):
 PSYoungGen      total 628224K, used 224K [0x000000076b800000, 0x00000007bb600000, 0x00000007c0000000)
  eden space 621056K, 0% used [0x000000076b800000,0x000000076b800000,0x0000000791680000)
  from space 7168K, 3% used [0x00000007ba800000,0x00000007ba838000,0x00000007baf00000)
  to   space 7168K, 0% used [0x00000007baf00000,0x00000007baf00000,0x00000007bb600000)
 ParOldGen       total 173568K, used 15116K [0x00000006c2800000, 0x00000006cd180000, 0x000000076b800000)
  object space 173568K, 8% used [0x00000006c2800000,0x00000006c36c3158,0x00000006cd180000)
 Metaspace       used 8390K, capacity 8774K, committed 8960K, reserved 1056768K
  class space    used 661K, capacity 690K, committed 768K, reserved 1048576K
}
Event: 6.645 GC heap before
{Heap before GC invocations=18 (full 0):
 PSYoungGen      total 628224K, used 621280K [0x000000076b800000, 0x00000007bb600000, 0x00000007c0000000)
  eden space 621056K, 100% used [0x000000076b800000,0x0000000791680000,0x0000000791680000)
  from space 7168K, 3% used [0x00000007ba800000,0x00000007ba838000,0x00000007baf00000)
  to   space 7168K, 0% used [0x00000007baf00000,0x00000007baf00000,0x00000007bb600000)
 ParOldGen       total 173568K, used 15116K [0x00000006c2800000, 0x00000006cd180000, 0x000000076b800000)
  object space 173568K, 8% used [0x00000006c2800000,0x00000006c36c3158,0x00000006cd180000)
 Metaspace       used 8391K, capacity 8774K, committed 8960K, reserved 1056768K
  class space    used 661K, capacity 690K, committed 768K, reserved 1048576K
Event: 6.645 GC heap after
Heap after GC invocations=18 (full 0):
 PSYoungGen      total 593920K, used 192K [0x000000076b800000, 0x00000007baf80000, 0x00000007c0000000)
  eden space 593408K, 0% used [0x000000076b800000,0x000000076b800000,0x000000078fb80000)
  from space 512K, 37% used [0x00000007baf00000,0x00000007baf30000,0x00000007baf80000)
  to   space 6656K, 0% used [0x00000007ba280000,0x00000007ba280000,0x00000007ba900000)
 ParOldGen       total 173568K, used 15116K [0x00000006c2800000, 0x00000006cd180000, 0x000000076b800000)
  object space 173568K, 8% used [0x00000006c2800000,0x00000006c36c3158,0x00000006cd180000)
 Metaspace       used 8391K, capacity 8774K, committed 8960K, reserved 1056768K
  class space    used 661K, capacity 690K, committed 768K, reserved 1048576K
}
Event: 7.131 GC heap before
{Heap before GC invocations=19 (full 0):
 PSYoungGen      total 593920K, used 593600K [0x000000076b800000, 0x00000007baf80000, 0x00000007c0000000)
  eden space 593408K, 100% used [0x000000076b800000,0x000000078fb80000,0x000000078fb80000)
  from space 512K, 37% used [0x00000007baf00000,0x00000007baf30000,0x00000007baf80000)
  to   space 6656K, 0% used [0x00000007ba280000,0x00000007ba280000,0x00000007ba900000)
 ParOldGen       total 173568K, used 15116K [0x00000006c2800000, 0x00000006cd180000, 0x000000076b800000)
  object space 173568K, 8% used [0x00000006c2800000,0x00000006c36c3158,0x00000006cd180000)
 Metaspace       used 8391K, capacity 8774K, committed 8960K, reserved 1056768K
  class space    used 661K, capacity 690K, committed 768K, reserved 1048576K
Event: 7.131 GC heap after
Heap after GC invocations=19 (full 0):
 PSYoungGen      total 573440K, used 224K [0x000000076b800000, 0x00000007baf80000, 0x00000007c0000000)
  eden space 566784K, 0% used [0x000000076b800000,0x000000076b800000,0x000000078e180000)
  from space 6656K, 3% used [0x00000007ba280000,0x00000007ba2b8000,0x00000007ba900000)
  to   space 6144K, 0% used [0x00000007ba980000,0x00000007ba980000,0x00000007baf80000)
 ParOldGen       total 173568K, used 15116K [0x00000006c2800000, 0x00000006cd180000, 0x000000076b800000)
  object space 173568K, 8% used [0x00000006c2800000,0x00000006c36c3158,0x00000006cd180000)
 Metaspace       used 8391K, capacity 8774K, committed 8960K, reserved 1056768K
  class space    used 661K, capacity 690K, committed 768K, reserved 1048576K
}

Deoptimization events (10 events):
Event: 1.401 Thread 0x000000001e2fd000 Uncommon trap: reason=unstable_if action=reinterpret pc=0x0000000002a12ffc method=main.client.renderEngine.mesh.Mesh.compile(Ljava/util/List;)Lmain/client/renderEngine/mesh/Mesh; @ 52
Event: 1.436 Thread 0x000000001e2fd000 Uncommon trap: reason=unstable_if action=reinterpret pc=0x0000000002a1a450 method=main.client.renderEngine.mesh.Mesh.compile(Ljava/util/List;)Lmain/client/renderEngine/mesh/Mesh; @ 202
Event: 1.490 Thread 0x000000001e2fd000 Uncommon trap: reason=unstable_if action=reinterpret pc=0x0000000002a5a324 method=main.client.renderEngine.mesh.Mesh.compile(Ljava/util/List;)Lmain/client/renderEngine/mesh/Mesh; @ 536
Event: 1.503 Thread 0x000000001e2fd000 Uncommon trap: reason=unstable_if action=reinterpret pc=0x0000000002992844 method=sun.misc.FloatingDecimal.readJavaFormatString(Ljava/lang/String;)Lsun/misc/FloatingDecimal$ASCIIToBinaryConverter; @ 235
Event: 1.503 Thread 0x000000001e2fd000 Uncommon trap: reason=unstable_if action=reinterpret pc=0x00000000029ce548 method=main.client.renderEngine.mesh.MeshBuilder.processFace(Ljava/lang/String;Lmain/client/renderEngine/mesh/MeshBuilder;)Z @ 114
Event: 1.506 Thread 0x000000001e2fd000 Uncommon trap: reason=bimorphic action=maybe_recompile pc=0x00000000027f2300 method=java.util.HashMap.getNode(ILjava/lang/Object;)Ljava/util/HashMap$Node; @ 126
Event: 1.563 Thread 0x000000001e2fd000 Uncommon trap: reason=unstable_if action=reinterpret pc=0x000000000297a22c method=main.coreEngine.TickableThread.run()V @ 461
Event: 1.571 Thread 0x000000001e303800 Uncommon trap: reason=unstable_if action=reinterpret pc=0x000000000297a22c method=main.coreEngine.TickableThread.run()V @ 461
Event: 1.573 Thread 0x000000001e2fd000 Uncommon trap: reason=unstable_if action=reinterpret pc=0x00000000029c7430 method=java.lang.Integer.valueOf(I)Ljava/lang/Integer; @ 10
Event: 1.580 Thread 0x0000000000c5e000 Uncommon trap: reason=unstable_if action=reinterpret pc=0x0000000002a7d884 method=main.coreEngine.Engine.start()V @ 163

Internal exceptions (8 events):
Event: 0.029 Thread 0x0000000000c5e000 Exception <a 'java/lang/NoSuchMethodError': Method sun.misc.Unsafe.defineClass(Ljava/lang/String;[BII)Ljava/lang/Class; name or signature does not match> (0x000000076b80da30) thrown at [C:\workspace\8-2-build-windows-amd64-cygwin\jdk8u65\4987\hotspot\src\sã†–FJù?
Event: 0.029 Thread 0x0000000000c5e000 Exception <a 'java/lang/NoSuchMethodError': Method sun.misc.Unsafe.prefetchRead(Ljava/lang/Object;J)V name or signature does not match> (0x000000076b80dd18) thrown at [C:\workspace\8-2-build-windows-amd64-cygwin\jdk8u65\4987\hotspot\src\share\vm\prims\jni.–™cÁ ›?
Event: 0.454 Thread 0x000000001e2fd000 Implicit null exception at 0x00000000027f6ccf to 0x00000000027f7035
Event: 0.455 Thread 0x000000001e2fd000 Exception <a 'java/security/PrivilegedActionException'> (0x000000076ba96508) thrown at [C:\workspace\8-2-build-windows-amd64-cygwin\jdk8u65\4987\hotspot\src\share\vm\prims\jvm.cpp, line 1386]
Event: 0.455 Thread 0x000000001e2fd000 Exception <a 'java/security/PrivilegedActionException'> (0x000000076ba96900) thrown at [C:\workspace\8-2-build-windows-amd64-cygwin\jdk8u65\4987\hotspot\src\share\vm\prims\jvm.cpp, line 1386]
Event: 0.455 Thread 0x000000001e2fd000 Exception <a 'java/security/PrivilegedActionException'> (0x000000076ba9ab18) thrown at [C:\workspace\8-2-build-windows-amd64-cygwin\jdk8u65\4987\hotspot\src\share\vm\prims\jvm.cpp, line 1386]
Event: 0.455 Thread 0x000000001e2fd000 Exception <a 'java/security/PrivilegedActionException'> (0x000000076ba9af10) thrown at [C:\workspace\8-2-build-windows-amd64-cygwin\jdk8u65\4987\hotspot\src\share\vm\prims\jvm.cpp, line 1386]
Event: 0.931 Thread 0x0000000000c5e000 Implicit null exception at 0x00000000028050bc to 0x0000000002805659

Events (10 events):
Event: 5.698 Executing VM operation: ParallelGCFailedAllocation
Event: 5.699 Executing VM operation: ParallelGCFailedAllocation done
Event: 6.172 Executing VM operation: ParallelGCFailedAllocation
Event: 6.173 Executing VM operation: ParallelGCFailedAllocation done
Event: 6.579 Thread 0x000000001e2fd000 DEOPT PACKING pc=0x0000000002ad08aa sp=0x000000001f0fee10
Event: 6.579 Thread 0x000000001e2fd000 DEOPT UNPACKING pc=0x00000000026e787f sp=0x000000001f0feb38 mode 0
Event: 6.645 Executing VM operation: ParallelGCFailedAllocation
Event: 6.645 Executing VM operation: ParallelGCFailedAllocation done
Event: 7.131 Executing VM operation: ParallelGCFailedAllocation
Event: 7.131 Executing VM operation: ParallelGCFailedAllocation done


Dynamic libraries:
0x00007ff603aa0000 - 0x00007ff603ad7000 	C:\Program Files\Java\jdk1.8.0_65\bin\java.exe
0x00007ffb48720000 - 0x00007ffb488e1000 	C:\WINDOWS\SYSTEM32\ntdll.dll
0x00007ffb48170000 - 0x00007ffb4821d000 	C:\WINDOWS\system32\KERNEL32.DLL
0x00007ffb45560000 - 0x00007ffb45748000 	C:\WINDOWS\system32\KERNELBASE.dll
0x00007ffb47a50000 - 0x00007ffb47af7000 	C:\WINDOWS\system32\ADVAPI32.dll
0x00007ffb480d0000 - 0x00007ffb4816d000 	C:\WINDOWS\system32\msvcrt.dll
0x00007ffb47b00000 - 0x00007ffb47b5b000 	C:\WINDOWS\system32\sechost.dll
0x00007ffb47700000 - 0x00007ffb4781c000 	C:\WINDOWS\system32\RPCRT4.dll
0x00007ffb485c0000 - 0x00007ffb48716000 	C:\WINDOWS\system32\USER32.dll
0x00007ffb48220000 - 0x00007ffb483a6000 	C:\WINDOWS\system32\GDI32.dll
0x00007ffb41530000 - 0x00007ffb417a4000 	C:\WINDOWS\WinSxS\amd64_microsoft.windows.common-controls_6595b64144ccf1df_6.0.10586.0_none_8c15ae12515e1c22\COMCTL32.dll
0x00007ffb45b00000 - 0x00007ffb45d7d000 	C:\WINDOWS\system32\combase.dll
0x00007ffb45920000 - 0x00007ffb4598a000 	C:\WINDOWS\system32\bcryptPrimitives.dll
0x00007ffb45f90000 - 0x00007ffb45fcb000 	C:\WINDOWS\system32\IMM32.DLL
0x000000006ce60000 - 0x000000006cf32000 	C:\Program Files\Java\jdk1.8.0_65\jre\bin\msvcr100.dll
0x000000006c5d0000 - 0x000000006ce59000 	C:\Program Files\Java\jdk1.8.0_65\jre\bin\server\jvm.dll
0x00007ffb475a0000 - 0x00007ffb475a8000 	C:\WINDOWS\system32\PSAPI.DLL
0x00007ffb3c060000 - 0x00007ffb3c069000 	C:\WINDOWS\SYSTEM32\WSOCK32.dll
0x00007ffb42fa0000 - 0x00007ffb42fc3000 	C:\WINDOWS\SYSTEM32\WINMM.dll
0x00007ffb418d0000 - 0x00007ffb418da000 	C:\WINDOWS\SYSTEM32\VERSION.dll
0x00007ffb48420000 - 0x00007ffb4848b000 	C:\WINDOWS\system32\WS2_32.dll
0x00007ffb42f40000 - 0x00007ffb42f6c000 	C:\WINDOWS\SYSTEM32\WINMMBASE.dll
0x00007ffb45ab0000 - 0x00007ffb45af3000 	C:\WINDOWS\system32\cfgmgr32.dll
0x000000006c5c0000 - 0x000000006c5cf000 	C:\Program Files\Java\jdk1.8.0_65\jre\bin\verify.dll
0x000000006c590000 - 0x000000006c5b9000 	C:\Program Files\Java\jdk1.8.0_65\jre\bin\java.dll
0x000000006c550000 - 0x000000006c585000 	C:\Program Files\Java\jdk1.8.0_65\jre\bin\jdwp.dll
0x000000006c540000 - 0x000000006c548000 	C:\Program Files\Java\jdk1.8.0_65\jre\bin\npt.dll
0x000000006c520000 - 0x000000006c536000 	C:\Program Files\Java\jdk1.8.0_65\jre\bin\zip.dll
0x00007ffb45fd0000 - 0x00007ffb4752c000 	C:\WINDOWS\system32\SHELL32.dll
0x00007ffb44ef0000 - 0x00007ffb45535000 	C:\WINDOWS\system32\windows.storage.dll
0x00007ffb483c0000 - 0x00007ffb48412000 	C:\WINDOWS\system32\shlwapi.dll
0x00007ffb44da0000 - 0x00007ffb44daf000 	C:\WINDOWS\system32\kernel.appcore.dll
0x00007ffb459f0000 - 0x00007ffb45aa5000 	C:\WINDOWS\system32\shcore.dll
0x00007ffb44d50000 - 0x00007ffb44d9b000 	C:\WINDOWS\system32\powrprof.dll
0x00007ffb44d20000 - 0x00007ffb44d34000 	C:\WINDOWS\system32\profapi.dll
0x000000006c2f0000 - 0x000000006c2f9000 	C:\Program Files\Java\jdk1.8.0_65\jre\bin\dt_socket.dll
0x00007ffb44650000 - 0x00007ffb446ac000 	C:\WINDOWS\system32\mswsock.dll
0x00007ffb31e40000 - 0x00007ffb31ec8000 	D:\Code\Java\Projects\WireEngine20\lib\native\lwjgl.dll
0x00007ffb44820000 - 0x00007ffb4482b000 	C:\WINDOWS\SYSTEM32\CRYPTBASE.DLL
0x00007ffb2f200000 - 0x00007ffb2f242000 	D:\Code\Java\Projects\WireEngine20\lib\native\jemalloc.dll
0x00007ffb27d70000 - 0x00007ffb27da8000 	D:\Code\Java\Projects\WireEngine20\lib\native\glfw.dll
0x00007ffb436a0000 - 0x00007ffb43736000 	C:\WINDOWS\system32\uxtheme.dll
0x00007ffb42950000 - 0x00007ffb42972000 	C:\WINDOWS\SYSTEM32\dwmapi.dll
0x00007ffb2da30000 - 0x00007ffb2db59000 	C:\WINDOWS\SYSTEM32\opengl32.dll
0x00007ffb3a050000 - 0x00007ffb3a07e000 	C:\WINDOWS\SYSTEM32\GLU32.dll
0x00007ffb2fd50000 - 0x00007ffb2fe4a000 	C:\WINDOWS\SYSTEM32\DDRAW.dll
0x00007ffb40230000 - 0x00007ffb40238000 	C:\WINDOWS\SYSTEM32\DCIMAN32.dll
0x00007ffb478f0000 - 0x00007ffb47a4a000 	C:\WINDOWS\system32\MSCTF.dll
0x00007ffb2cbb0000 - 0x00007ffb2cbf9000 	C:\Program Files (x86)\TeamViewer\tv_x64.dll
0x00007ffb475b0000 - 0x00007ffb476f3000 	C:\WINDOWS\system32\ole32.dll
0x000000006a5a0000 - 0x000000006c2e9000 	C:\WINDOWS\SYSTEM32\nvoglv64.DLL
0x00007ffb47c20000 - 0x00007ffb48049000 	C:\WINDOWS\system32\SETUPAPI.dll
0x00007ffb42d00000 - 0x00007ffb42d13000 	C:\WINDOWS\SYSTEM32\WTSAPI32.dll
0x00007ffb437f0000 - 0x00007ffb43817000 	C:\WINDOWS\SYSTEM32\DEVOBJ.dll
0x00007ffb45990000 - 0x00007ffb459e5000 	C:\WINDOWS\system32\WINTRUST.dll
0x00007ffb44d40000 - 0x00007ffb44d50000 	C:\WINDOWS\system32\MSASN1.dll
0x00007ffb45750000 - 0x00007ffb45917000 	C:\WINDOWS\system32\CRYPT32.dll
0x00007ffb44270000 - 0x00007ffb442a1000 	C:\WINDOWS\SYSTEM32\ntmarta.dll
0x00007ffb43fc0000 - 0x00007ffb44016000 	C:\WINDOWS\SYSTEM32\WINSTA.dll
0x00007ffb47b70000 - 0x00007ffb47c17000 	C:\WINDOWS\system32\clbcatq.dll
0x00007ffb3d0b0000 - 0x00007ffb3d0d5000 	C:\Program Files (x86)\Samsung\Easy Printer Manager\SmartScreenPrint\CDAKEYMonitor64.dll
0x00007ffb47820000 - 0x00007ffb478e1000 	C:\WINDOWS\system32\OLEAUT32.dll
0x00007ffb2ca20000 - 0x00007ffb2cbac000 	C:\WINDOWS\SYSTEM32\dbghelp.dll

VM Arguments:
jvm_args: -agentlib:jdwp=transport=dt_socket,address=127.0.0.1:63857,suspend=y,server=n -Djava.library.path=lib/native/ -Dfile.encoding=UTF-8 
java_command: main.Main
java_class_path (initial): C:\Program Files\Java\jdk1.8.0_65\jre\lib\charsets.jar;C:\Program Files\Java\jdk1.8.0_65\jre\lib\deploy.jar;C:\Program Files\Java\jdk1.8.0_65\jre\lib\ext\access-bridge-64.jar;C:\Program Files\Java\jdk1.8.0_65\jre\lib\ext\cldrdata.jar;C:\Program Files\Java\jdk1.8.0_65\jre\lib\ext\dnsns.jar;C:\Program Files\Java\jdk1.8.0_65\jre\lib\ext\jaccess.jar;C:\Program Files\Java\jdk1.8.0_65\jre\lib\ext\jfxrt.jar;C:\Program Files\Java\jdk1.8.0_65\jre\lib\ext\localedata.jar;C:\Program Files\Java\jdk1.8.0_65\jre\lib\ext\nashorn.jar;C:\Program Files\Java\jdk1.8.0_65\jre\lib\ext\sunec.jar;C:\Program Files\Java\jdk1.8.0_65\jre\lib\ext\sunjce_provider.jar;C:\Program Files\Java\jdk1.8.0_65\jre\lib\ext\sunmscapi.jar;C:\Program Files\Java\jdk1.8.0_65\jre\lib\ext\sunpkcs11.jar;C:\Program Files\Java\jdk1.8.0_65\jre\lib\ext\zipfs.jar;C:\Program Files\Java\jdk1.8.0_65\jre\lib\javaws.jar;C:\Program Files\Java\jdk1.8.0_65\jre\lib\jce.jar;C:\Program Files\Java\jdk1.8.0_65\jre\lib\jfr.jar;C:\Program Files\Java\jdk1.8.0_65\jre\lib\jfxswt.jar;C:\Program Files\Java\jdk1.8.0_65\jre\lib\jsse.jar;C:\Program Files\Java\jdk1.8.0_65\jre\lib\management-agent.jar;C:\Program Files\Java\jdk1.8.0_65\jre\lib\plugin.jar;C:\Program Files\Java\jdk1.8.0_65\jre\lib\resources.jar;C:\Program Files\Java\jdk1.8.0_65\jre\lib\rt.jar;D:\Code\Java\Projects\WireEngine20\out\production\WireEngine20;D:\Code\Java\Projects\WireEngine20\lib\jar\lwjgl.jar;D:\Code\Java\Projects\WireEngine20\lib\jar\slick-util.jar;D:\Program Files (x86)\JetBrains\IntelliJ IDEA 2016.1\lib\idea_rt.jar
Launcher Type: SUN_STANDARD

Environment Variables:
JAVA_HOME=C:\Program Files\Java\jdk1.8.0_65
PATH=C:\ProgramData\Oracle\Java\javapath;C:\Program Files (x86)\Razer Chroma SDK\bin;C:\Program Files\Razer Chroma SDK\bin;C:\Program Files (x86)\NVIDIA Corporation\PhysX\Common;C:\Program Files (x86)\Intel\iCLS Client\;C:\Program Files\Intel\iCLS Client\;C:\Windows\system32;C:\Windows;C:\Windows\System32\Wbem;C:\Windows\System32\WindowsPowerShell\v1.0\;C:\Program Files\Intel\Intel(R) Management Engine Components\DAL;C:\Program Files (x86)\Intel\Intel(R) Management Engine Components\DAL;C:\Program Files\Intel\Intel(R) Management Engine Components\IPT;C:\Program Files (x86)\Intel\Intel(R) Management Engine Components\IPT;C:\Program Files\Java\jre1.8.0_65\bin;C:\MinGW\bin;C:\WINDOWS\system32;C:\WINDOWS;C:\WINDOWS\System32\Wbem;C:\WINDOWS\System32\WindowsPowerShell\v1.0\;D:\Program Files (x86)\CMake\bin;D:\Program Files\Programs\Python\Python35-32;D:\Program Files\Programs\Python\Python35-32\Scripts;C:\Program Files (x86)\Skype\Phone\;D:\Program Files\Programs\Python\Python35-32\Scripts\;D:\Program Files\Programs\Python\Python35-32\
USERNAME=Kelan
OS=Windows_NT
PROCESSOR_IDENTIFIER=Intel64 Family 6 Model 60 Stepping 3, GenuineIntel



---------------  S Y S T E M  ---------------

OS: Windows 10.0 , 64 bit Build 10586 (10.0.10586.0)

CPU:total 8 (4 cores per cpu, 2 threads per core) family 6 model 60 stepping 3, cmov, cx8, fxsr, mmx, sse, sse2, sse3, ssse3, sse4.1, sse4.2, popcnt, avx, avx2, aes, clmul, erms, lzcnt, ht, tsc, tscinvbit, bmi1, bmi2

Memory: 4k page, physical 16609500k(7538864k free), swap 33386716k(20738992k free)

vm_info: Java HotSpot(TM) 64-Bit Server VM (25.65-b01) for windows-amd64 JRE (1.8.0_65-b17), built on Oct  6 2015 16:39:20 by "java_re" with MS VC++ 10.0 (VS2010)

time: Tue Apr 19 16:46:02 2016
elapsed time: 7 seconds (0d 0h 0m 7s)

