#
# A fatal error has been detected by the Java Runtime Environment:
#
#  EXCEPTION_ACCESS_VIOLATION (0xc0000005) at pc=0x00007ffb31e824b9, pid=9548, tid=9876
#
# JRE version: Java(TM) SE Runtime Environment (8.0_65-b17) (build 1.8.0_65-b17)
# Java VM: Java HotSpot(TM) 64-Bit Server VM (25.65-b01 mixed mode windows-amd64 compressed oops)
# Problematic frame:
# C  [glfw.dll+0x24b9]
#
# Failed to write core dump. Minidumps are not enabled by default on client versions of Windows
#
# If you would like to submit a bug report, please visit:
#   http://bugreport.java.com/bugreport/crash.jsp
# The crash happened outside the Java Virtual Machine in native code.
# See problematic frame for where to report the bug.
#

---------------  T H R E A D  ---------------

Current thread (0x000000001e2b6000):  JavaThread "CLIENT" [_thread_in_native, id=9876, stack(0x000000001efc0000,0x000000001f0c0000)]

siginfo: ExceptionCode=0xc0000005, reading address 0x0000000000000000

Registers:
RAX=0x0000000000000000, RBX=0x000000001bb73030, RCX=0x0000000000000000, RDX=0x0000000000000000
RSP=0x000000001f0bebb0, RBP=0x000000001f0bec40, RSI=0x0000000000000e58, RDI=0x00000000005ebf20
R8 =0x000000001f0beba8, R9 =0x000000001f0bec40, R10=0x0000000000000000, R11=0x0000000000000246
R12=0x0000000000000000, R13=0x000000001f0bec58, R14=0x000000001f0bec30, R15=0x000000001e2b6000
RIP=0x00007ffb31e824b9, EFLAGS=0x0000000000010283

Top of Stack: (sp=0x000000001f0bebb0)
0x000000001f0bebb0:   0000000000000000 0000000000000e58
0x000000001f0bebc0:   000000001bb17bf0 000000001c0f1890
0x000000001f0bebd0:   0000000002757d8d 0000000002bdb2ca
0x000000001f0bebe0:   000000001bb73030 000000006c6faea4
0x000000001f0bebf0:   000000001e2b6000 000000001e2b6000
0x000000001f0bec00:   000000001e2b6000 0000000000000000
0x000000001f0bec10:   000000001e29c9f0 000000006c685eba
0x000000001f0bec20:   000000001f0bf358 000000001f0becb8
0x000000001f0bec30:   00000006c2804320 0000000002757d8d
0x000000001f0bec40:   000000001f0becb8 0000000002757d8d
0x000000001f0bec50:   0000000002757d8d 00000000005ebf20
0x000000001f0bec60:   00000000027578a0 00007ffb31e82420
0x000000001f0bec70:   0000000000000001 000000001f0bec78
0x000000001f0bec80:   000000001bb8f0bc 000000001f0bece0
0x000000001f0bec90:   000000001bb910a0 0000000000000000
0x000000001f0beca0:   000000001bb8f0e8 000000001f0bec58 

Instructions: (pc=0x00007ffb31e824b9)
0x00007ffb31e82499:   48 8b cf e8 1f 3a 00 00 48 39 3d f0 d5 02 00 48
0x00007ffb31e824a9:   8d 0d e9 d5 02 00 48 8b 5c 24 30 74 08 48 8b 09
0x00007ffb31e824b9:   48 39 39 75 f8 48 8b 07 48 89 01 48 8b cf 48 83
0x00007ffb31e824c9:   c4 20 5f e9 5b fe 00 00 48 83 c4 20 5f c3 cc cc 


Register to memory mapping:

RAX=0x0000000000000000 is an unknown value
RBX={method} {0x000000001bb73038} 'invokePV' '(JJ)V' in 'org/lwjgl/system/JNI'
RCX=0x0000000000000000 is an unknown value
RDX=0x0000000000000000 is an unknown value
RSP=0x000000001f0bebb0 is pointing into the stack for thread: 0x000000001e2b6000
RBP=0x000000001f0bec40 is pointing into the stack for thread: 0x000000001e2b6000
RSI=0x0000000000000e58 is an unknown value
RDI=0x00000000005ebf20 is an unknown value
R8 =0x000000001f0beba8 is pointing into the stack for thread: 0x000000001e2b6000
R9 =0x000000001f0bec40 is pointing into the stack for thread: 0x000000001e2b6000
R10=0x0000000000000000 is an unknown value
R11=0x0000000000000246 is an unknown value
R12=0x0000000000000000 is an unknown value
R13=0x000000001f0bec58 is pointing into the stack for thread: 0x000000001e2b6000
R14=0x000000001f0bec30 is pointing into the stack for thread: 0x000000001e2b6000
R15=0x000000001e2b6000 is a thread


Stack: [0x000000001efc0000,0x000000001f0c0000],  sp=0x000000001f0bebb0,  free space=1018k
Native frames: (J=compiled Java code, j=interpreted, Vv=VM code, C=native code)
C  [glfw.dll+0x24b9]
C  0x0000000002bdb2ca

Java frames: (J=compiled Java code, j=interpreted, Vv=VM code)
J 837  org.lwjgl.system.JNI.invokePV(JJ)V (0 bytes) @ 0x0000000002bdb244 [0x0000000002bdb200+0x44]
j  org.lwjgl.glfw.GLFW.glfwDestroyCursor(J)V+20
j  main.client.Window.destroyWindow()V+9
j  main.coreEngine.Engine.stop()V+70
J 858 C1 main.client.Window.update()V (37 bytes) @ 0x0000000002bffdec [0x0000000002bff940+0x4ac]
J 853 C1 main.client.renderEngine.RenderEngine.render()V (54 bytes) @ 0x0000000002bfd57c [0x0000000002bfc880+0xcfc]
J 840 C1 main.client.ClientThread.tick()V (16 bytes) @ 0x0000000002bdeeb4 [0x0000000002bdea00+0x4b4]
j  main.coreEngine.TickableThread.run()V+469
v  ~StubRoutines::call_stub

---------------  P R O C E S S  ---------------

Java Threads: ( => current thread )
  0x000000001e2b7800 JavaThread "SERVER" [_thread_in_Java, id=5044, stack(0x000000001f0c0000,0x000000001f1c0000)]
=>0x000000001e2b6000 JavaThread "CLIENT" [_thread_in_native, id=9876, stack(0x000000001efc0000,0x000000001f0c0000)]
  0x000000001e1ba800 JavaThread "Service Thread" daemon [_thread_blocked, id=13120, stack(0x000000001edc0000,0x000000001eec0000)]
  0x000000001e122000 JavaThread "C1 CompilerThread3" daemon [_thread_blocked, id=5264, stack(0x000000001ecc0000,0x000000001edc0000)]
  0x000000001e117000 JavaThread "C2 CompilerThread2" daemon [_thread_blocked, id=8892, stack(0x000000001ebc0000,0x000000001ecc0000)]
  0x000000001e116000 JavaThread "C2 CompilerThread1" daemon [_thread_blocked, id=2832, stack(0x000000001eac0000,0x000000001ebc0000)]
  0x000000001e11b000 JavaThread "C2 CompilerThread0" daemon [_thread_blocked, id=9704, stack(0x000000001e9c0000,0x000000001eac0000)]
  0x000000001e100800 JavaThread "JDWP Command Reader" daemon [_thread_in_native, id=5976, stack(0x000000001e8c0000,0x000000001e9c0000)]
  0x000000001e0ff800 JavaThread "JDWP Event Helper Thread" daemon [_thread_blocked, id=2956, stack(0x000000001e7c0000,0x000000001e8c0000)]
  0x000000001e0f2800 JavaThread "JDWP Transport Listener: dt_socket" daemon [_thread_blocked, id=13196, stack(0x000000001e6c0000,0x000000001e7c0000)]
  0x000000001e0e8800 JavaThread "Attach Listener" daemon [_thread_blocked, id=12372, stack(0x000000001e5c0000,0x000000001e6c0000)]
  0x000000001e0e7800 JavaThread "Signal Dispatcher" daemon [_thread_blocked, id=9340, stack(0x000000001e4c0000,0x000000001e5c0000)]
  0x000000000265b000 JavaThread "Finalizer" daemon [_thread_blocked, id=6004, stack(0x000000001dfc0000,0x000000001e0c0000)]
  0x000000001c0ed800 JavaThread "Reference Handler" daemon [_thread_blocked, id=32, stack(0x000000001dec0000,0x000000001dfc0000)]
  0x000000000274e000 JavaThread "main" [_thread_in_Java, id=4344, stack(0x0000000002400000,0x0000000002500000)]

Other Threads:
  0x000000001c0e9000 VMThread [stack: 0x000000001ddc0000,0x000000001dec0000] [id=5204]
  0x000000001e1dd000 WatcherThread [stack: 0x000000001eec0000,0x000000001efc0000] [id=6108]

VM state:not at safepoint (normal execution)

VM Mutex/Monitor currently owned by a thread: None

Heap:
 PSYoungGen      total 204800K, used 169571K [0x000000076b800000, 0x00000007b7680000, 0x00000007c0000000)
  eden space 204288K, 83% used [0x000000076b800000,0x0000000775f62868,0x0000000777f80000)
  from space 512K, 43% used [0x00000007b7600000,0x00000007b7638000,0x00000007b7680000)
  to   space 1024K, 0% used [0x00000007b7480000,0x00000007b7480000,0x00000007b7580000)
 ParOldGen       total 173568K, used 20220K [0x00000006c2800000, 0x00000006cd180000, 0x000000076b800000)
  object space 173568K, 11% used [0x00000006c2800000,0x00000006c3bbf180,0x00000006cd180000)
 Metaspace       used 8396K, capacity 8774K, committed 8960K, reserved 1056768K
  class space    used 662K, capacity 690K, committed 768K, reserved 1048576K

Card table byte_map: [0x0000000011b10000,0x0000000012300000] byte_map_base: 0x000000000e4fc000

Marking Bits: (ParMarkBitMap*) 0x000000006cdda5b0
 Begin Bits: [0x0000000013050000, 0x0000000016fb0000)
 End Bits:   [0x0000000016fb0000, 0x000000001af10000)

Polling page: 0x0000000000590000

CodeCache: size=245760Kb used=4824Kb max_used=4825Kb free=240935Kb
 bounds [0x0000000002750000, 0x0000000002c10000, 0x0000000011750000]
 total_blobs=1535 nmethods=877 adapters=579
 compilation: enabled

Compilation events (10 events):
Event: 19.866 Thread 0x000000001e116000  875       4       java.nio.ByteBuffer::order (48 bytes)
Event: 19.867 Thread 0x000000001e116000 nmethod 875 0x0000000002c02a50 code [0x0000000002c02b80, 0x0000000002c02c18]
Event: 19.950 Thread 0x000000001e11b000  876       4       java.nio.ByteBuffer::<init> (45 bytes)
Event: 19.951 Thread 0x000000001e11b000 nmethod 876 0x0000000002c06050 code [0x0000000002c061a0, 0x0000000002c06418]
Event: 20.015 Thread 0x000000001e117000  877   !   4       java.nio.DirectByteBuffer::<init> (146 bytes)
Event: 20.020 Thread 0x000000001e117000 nmethod 877 0x0000000002c07e50 code [0x0000000002c08020, 0x0000000002c08a48]
Event: 20.666 Thread 0x000000001e122000  878       3       main.client.renderEngine.RenderEngine::setupProjection3D (148 bytes)
Event: 20.667 Thread 0x000000001e122000 nmethod 878 0x0000000002c0b250 code [0x0000000002c0b660, 0x0000000002c0d328]
Event: 22.826 Thread 0x000000001e122000  879       1       main.coreEngine.sceneGraph.components.LightComponent::tick (1 bytes)
Event: 22.826 Thread 0x000000001e122000 nmethod 879 0x0000000002c05d10 code [0x0000000002c05e60, 0x0000000002c05f70]

GC Heap History (10 events):
Event: 22.337 GC heap before
{Heap before GC invocations=50 (full 0):
 PSYoungGen      total 249344K, used 248032K [0x000000076b800000, 0x00000007b7800000, 0x00000007c0000000)
  eden space 247808K, 100% used [0x000000076b800000,0x000000077aa00000,0x000000077aa00000)
  from space 1536K, 14% used [0x00000007b7500000,0x00000007b7538000,0x00000007b7680000)
  to   space 1024K, 0% used [0x00000007b7700000,0x00000007b7700000,0x00000007b7800000)
 ParOldGen       total 173568K, used 20220K [0x00000006c2800000, 0x00000006cd180000, 0x000000076b800000)
  object space 173568K, 11% used [0x00000006c2800000,0x00000006c3bbf180,0x00000006cd180000)
 Metaspace       used 8396K, capacity 8774K, committed 8960K, reserved 1056768K
  class space    used 662K, capacity 690K, committed 768K, reserved 1048576K
Event: 22.338 GC heap after
Heap after GC invocations=50 (full 0):
 PSYoungGen      total 238592K, used 192K [0x000000076b800000, 0x00000007b7780000, 0x00000007c0000000)
  eden space 238080K, 0% used [0x000000076b800000,0x000000076b800000,0x000000077a080000)
  from space 512K, 37% used [0x00000007b7700000,0x00000007b7730000,0x00000007b7780000)
  to   space 1024K, 0% used [0x00000007b7580000,0x00000007b7580000,0x00000007b7680000)
 ParOldGen       total 173568K, used 20220K [0x00000006c2800000, 0x00000006cd180000, 0x000000076b800000)
  object space 173568K, 11% used [0x00000006c2800000,0x00000006c3bbf180,0x00000006cd180000)
 Metaspace       used 8396K, capacity 8774K, committed 8960K, reserved 1056768K
  class space    used 662K, capacity 690K, committed 768K, reserved 1048576K
}
Event: 22.518 GC heap before
{Heap before GC invocations=51 (full 0):
 PSYoungGen      total 238592K, used 238272K [0x000000076b800000, 0x00000007b7780000, 0x00000007c0000000)
  eden space 238080K, 100% used [0x000000076b800000,0x000000077a080000,0x000000077a080000)
  from space 512K, 37% used [0x00000007b7700000,0x00000007b7730000,0x00000007b7780000)
  to   space 1024K, 0% used [0x00000007b7580000,0x00000007b7580000,0x00000007b7680000)
 ParOldGen       total 173568K, used 20220K [0x00000006c2800000, 0x00000006cd180000, 0x000000076b800000)
  object space 173568K, 11% used [0x00000006c2800000,0x00000006c3bbf180,0x00000006cd180000)
 Metaspace       used 8396K, capacity 8774K, committed 8960K, reserved 1056768K
  class space    used 662K, capacity 690K, committed 768K, reserved 1048576K
Event: 22.519 GC heap after
Heap after GC invocations=51 (full 0):
 PSYoungGen      total 229888K, used 224K [0x000000076b800000, 0x00000007b7780000, 0x00000007c0000000)
  eden space 228864K, 0% used [0x000000076b800000,0x000000076b800000,0x0000000779780000)
  from space 1024K, 21% used [0x00000007b7580000,0x00000007b75b8000,0x00000007b7680000)
  to   space 1024K, 0% used [0x00000007b7680000,0x00000007b7680000,0x00000007b7780000)
 ParOldGen       total 173568K, used 20220K [0x00000006c2800000, 0x00000006cd180000, 0x000000076b800000)
  object space 173568K, 11% used [0x00000006c2800000,0x00000006c3bbf180,0x00000006cd180000)
 Metaspace       used 8396K, capacity 8774K, committed 8960K, reserved 1056768K
  class space    used 662K, capacity 690K, committed 768K, reserved 1048576K
}
Event: 22.697 GC heap before
{Heap before GC invocations=52 (full 0):
 PSYoungGen      total 229888K, used 229088K [0x000000076b800000, 0x00000007b7780000, 0x00000007c0000000)
  eden space 228864K, 100% used [0x000000076b800000,0x0000000779780000,0x0000000779780000)
  from space 1024K, 21% used [0x00000007b7580000,0x00000007b75b8000,0x00000007b7680000)
  to   space 1024K, 0% used [0x00000007b7680000,0x00000007b7680000,0x00000007b7780000)
 ParOldGen       total 173568K, used 20220K [0x00000006c2800000, 0x00000006cd180000, 0x000000076b800000)
  object space 173568K, 11% used [0x00000006c2800000,0x00000006c3bbf180,0x00000006cd180000)
 Metaspace       used 8396K, capacity 8774K, committed 8960K, reserved 1056768K
  class space    used 662K, capacity 690K, committed 768K, reserved 1048576K
Event: 22.698 GC heap after
Heap after GC invocations=52 (full 0):
 PSYoungGen      total 220672K, used 192K [0x000000076b800000, 0x00000007b7700000, 0x00000007c0000000)
  eden space 220160K, 0% used [0x000000076b800000,0x000000076b800000,0x0000000778f00000)
  from space 512K, 37% used [0x00000007b7680000,0x00000007b76b0000,0x00000007b7700000)
  to   space 1024K, 0% used [0x00000007b7500000,0x00000007b7500000,0x00000007b7600000)
 ParOldGen       total 173568K, used 20220K [0x00000006c2800000, 0x00000006cd180000, 0x000000076b800000)
  object space 173568K, 11% used [0x00000006c2800000,0x00000006c3bbf180,0x00000006cd180000)
 Metaspace       used 8396K, capacity 8774K, committed 8960K, reserved 1056768K
  class space    used 662K, capacity 690K, committed 768K, reserved 1048576K
}
Event: 22.874 GC heap before
{Heap before GC invocations=53 (full 0):
 PSYoungGen      total 220672K, used 220352K [0x000000076b800000, 0x00000007b7700000, 0x00000007c0000000)
  eden space 220160K, 100% used [0x000000076b800000,0x0000000778f00000,0x0000000778f00000)
  from space 512K, 37% used [0x00000007b7680000,0x00000007b76b0000,0x00000007b7700000)
  to   space 1024K, 0% used [0x00000007b7500000,0x00000007b7500000,0x00000007b7600000)
 ParOldGen       total 173568K, used 20220K [0x00000006c2800000, 0x00000006cd180000, 0x000000076b800000)
  object space 173568K, 11% used [0x00000006c2800000,0x00000006c3bbf180,0x00000006cd180000)
 Metaspace       used 8396K, capacity 8774K, committed 8960K, reserved 1056768K
  class space    used 662K, capacity 690K, committed 768K, reserved 1048576K
Event: 22.874 GC heap after
Heap after GC invocations=53 (full 0):
 PSYoungGen      total 212992K, used 192K [0x000000076b800000, 0x00000007b7700000, 0x00000007c0000000)
  eden space 211968K, 0% used [0x000000076b800000,0x000000076b800000,0x0000000778700000)
  from space 1024K, 18% used [0x00000007b7500000,0x00000007b7530000,0x00000007b7600000)
  to   space 1024K, 0% used [0x00000007b7600000,0x00000007b7600000,0x00000007b7700000)
 ParOldGen       total 173568K, used 20220K [0x00000006c2800000, 0x00000006cd180000, 0x000000076b800000)
  object space 173568K, 11% used [0x00000006c2800000,0x00000006c3bbf180,0x00000006cd180000)
 Metaspace       used 8396K, capacity 8774K, committed 8960K, reserved 1056768K
  class space    used 662K, capacity 690K, committed 768K, reserved 1048576K
}
Event: 23.080 GC heap before
{Heap before GC invocations=54 (full 0):
 PSYoungGen      total 212992K, used 212160K [0x000000076b800000, 0x00000007b7700000, 0x00000007c0000000)
  eden space 211968K, 100% used [0x000000076b800000,0x0000000778700000,0x0000000778700000)
  from space 1024K, 18% used [0x00000007b7500000,0x00000007b7530000,0x00000007b7600000)
  to   space 1024K, 0% used [0x00000007b7600000,0x00000007b7600000,0x00000007b7700000)
 ParOldGen       total 173568K, used 20220K [0x00000006c2800000, 0x00000006cd180000, 0x000000076b800000)
  object space 173568K, 11% used [0x00000006c2800000,0x00000006c3bbf180,0x00000006cd180000)
 Metaspace       used 8396K, capacity 8774K, committed 8960K, reserved 1056768K
  class space    used 662K, capacity 690K, committed 768K, reserved 1048576K
Event: 23.081 GC heap after
Heap after GC invocations=54 (full 0):
 PSYoungGen      total 204800K, used 224K [0x000000076b800000, 0x00000007b7680000, 0x00000007c0000000)
  eden space 204288K, 0% used [0x000000076b800000,0x000000076b800000,0x0000000777f80000)
  from space 512K, 43% used [0x00000007b7600000,0x00000007b7638000,0x00000007b7680000)
  to   space 1024K, 0% used [0x00000007b7480000,0x00000007b7480000,0x00000007b7580000)
 ParOldGen       total 173568K, used 20220K [0x00000006c2800000, 0x00000006cd180000, 0x000000076b800000)
  object space 173568K, 11% used [0x00000006c2800000,0x00000006c3bbf180,0x00000006cd180000)
 Metaspace       used 8396K, capacity 8774K, committed 8960K, reserved 1056768K
  class space    used 662K, capacity 690K, committed 768K, reserved 1048576K
}

Deoptimization events (10 events):
Event: 1.442 Thread 0x000000001e2b6000 Uncommon trap: reason=class_check action=maybe_recompile pc=0x0000000002a33604 method=sun.misc.FloatingDecimal.parseFloat(Ljava/lang/String;)F @ 4
Event: 1.442 Thread 0x000000001e2b6000 Uncommon trap: reason=class_check action=maybe_recompile pc=0x0000000002a33604 method=sun.misc.FloatingDecimal.parseFloat(Ljava/lang/String;)F @ 4
Event: 1.442 Thread 0x000000001e2b6000 Uncommon trap: reason=class_check action=maybe_recompile pc=0x0000000002a33604 method=sun.misc.FloatingDecimal.parseFloat(Ljava/lang/String;)F @ 4
Event: 1.442 Thread 0x000000001e2b6000 Uncommon trap: reason=class_check action=maybe_recompile pc=0x0000000002a33604 method=sun.misc.FloatingDecimal.parseFloat(Ljava/lang/String;)F @ 4
Event: 1.442 Thread 0x000000001e2b6000 Uncommon trap: reason=unstable_if action=reinterpret pc=0x0000000002a8e5fc method=main.client.renderEngine.mesh.MeshBuilder.processFace(Ljava/lang/String;Lmain/client/renderEngine/mesh/MeshBuilder;)Z @ 114
Event: 1.445 Thread 0x000000001e2b6000 Uncommon trap: reason=bimorphic action=maybe_recompile pc=0x000000000289e478 method=java.util.HashMap.getNode(ILjava/lang/Object;)Ljava/util/HashMap$Node; @ 126
Event: 1.501 Thread 0x000000001e2b6000 Uncommon trap: reason=unstable_if action=reinterpret pc=0x0000000002a2922c method=main.coreEngine.TickableThread.run()V @ 461
Event: 1.509 Thread 0x000000001e2b7800 Uncommon trap: reason=unstable_if action=reinterpret pc=0x0000000002a2922c method=main.coreEngine.TickableThread.run()V @ 461
Event: 1.511 Thread 0x000000001e2b6000 Uncommon trap: reason=unstable_if action=reinterpret pc=0x0000000002a874f0 method=java.lang.Integer.valueOf(I)Ljava/lang/Integer; @ 10
Event: 1.518 Thread 0x000000000274e000 Uncommon trap: reason=unstable_if action=reinterpret pc=0x0000000002b5c650 method=main.coreEngine.Engine.start()V @ 163

Internal exceptions (8 events):
Event: 0.028 Thread 0x000000000274e000 Exception <a 'java/lang/NoSuchMethodError': Method sun.misc.Unsafe.defineClass(Ljava/lang/String;[BII)Ljava/lang/Class; name or signature does not match> (0x000000076b80da30) thrown at [C:\workspace\8-2-build-windows-amd64-cygwin\jdk8u65\4987\hotspot\src\sÉ½‡°£˜œ?
Event: 0.028 Thread 0x000000000274e000 Exception <a 'java/lang/NoSuchMethodError': Method sun.misc.Unsafe.prefetchRead(Ljava/lang/Object;J)V name or signature does not match> (0x000000076b80dd18) thrown at [C:\workspace\8-2-build-windows-amd64-cygwin\jdk8u65\4987\hotspot\src\share\vm\prims\jni.Þy‹m'Ú?
Event: 0.409 Thread 0x000000001e2b6000 Implicit null exception at 0x00000000028a228f to 0x00000000028a25f5
Event: 0.409 Thread 0x000000001e2b6000 Exception <a 'java/security/PrivilegedActionException'> (0x000000076d24c410) thrown at [C:\workspace\8-2-build-windows-amd64-cygwin\jdk8u65\4987\hotspot\src\share\vm\prims\jvm.cpp, line 1386]
Event: 0.409 Thread 0x000000001e2b6000 Exception <a 'java/security/PrivilegedActionException'> (0x000000076d24c808) thrown at [C:\workspace\8-2-build-windows-amd64-cygwin\jdk8u65\4987\hotspot\src\share\vm\prims\jvm.cpp, line 1386]
Event: 0.410 Thread 0x000000001e2b6000 Exception <a 'java/security/PrivilegedActionException'> (0x000000076d250a20) thrown at [C:\workspace\8-2-build-windows-amd64-cygwin\jdk8u65\4987\hotspot\src\share\vm\prims\jvm.cpp, line 1386]
Event: 0.410 Thread 0x000000001e2b6000 Exception <a 'java/security/PrivilegedActionException'> (0x000000076d250e18) thrown at [C:\workspace\8-2-build-windows-amd64-cygwin\jdk8u65\4987\hotspot\src\share\vm\prims\jvm.cpp, line 1386]
Event: 0.828 Thread 0x000000000274e000 Implicit null exception at 0x00000000028b3504 to 0x00000000028b3a95

Events (10 events):
Event: 22.337 Executing VM operation: ParallelGCFailedAllocation
Event: 22.338 Executing VM operation: ParallelGCFailedAllocation done
Event: 22.518 Executing VM operation: ParallelGCFailedAllocation
Event: 22.519 Executing VM operation: ParallelGCFailedAllocation done
Event: 22.697 Executing VM operation: ParallelGCFailedAllocation
Event: 22.698 Executing VM operation: ParallelGCFailedAllocation done
Event: 22.873 Executing VM operation: ParallelGCFailedAllocation
Event: 22.874 Executing VM operation: ParallelGCFailedAllocation done
Event: 23.080 Executing VM operation: ParallelGCFailedAllocation
Event: 23.081 Executing VM operation: ParallelGCFailedAllocation done


Dynamic libraries:
0x00007ff603aa0000 - 0x00007ff603ad7000 	C:\Program Files\Java\jdk1.8.0_65\bin\java.exe
0x00007ffb48720000 - 0x00007ffb488e1000 	C:\WINDOWS\SYSTEM32\ntdll.dll
0x00007ffb48170000 - 0x00007ffb4821d000 	C:\WINDOWS\system32\KERNEL32.DLL
0x00007ffb45560000 - 0x00007ffb45748000 	C:\WINDOWS\system32\KERNELBASE.dll
0x00007ffb47a50000 - 0x00007ffb47af7000 	C:\WINDOWS\system32\ADVAPI32.dll
0x00007ffb480d0000 - 0x00007ffb4816d000 	C:\WINDOWS\system32\msvcrt.dll
0x00007ffb47b00000 - 0x00007ffb47b5b000 	C:\WINDOWS\system32\sechost.dll
0x00007ffb47700000 - 0x00007ffb4781c000 	C:\WINDOWS\system32\RPCRT4.dll
0x00007ffb485c0000 - 0x00007ffb48716000 	C:\WINDOWS\system32\USER32.dll
0x00007ffb48220000 - 0x00007ffb483a6000 	C:\WINDOWS\system32\GDI32.dll
0x00007ffb41530000 - 0x00007ffb417a4000 	C:\WINDOWS\WinSxS\amd64_microsoft.windows.common-controls_6595b64144ccf1df_6.0.10586.0_none_8c15ae12515e1c22\COMCTL32.dll
0x00007ffb45b00000 - 0x00007ffb45d7d000 	C:\WINDOWS\system32\combase.dll
0x00007ffb45920000 - 0x00007ffb4598a000 	C:\WINDOWS\system32\bcryptPrimitives.dll
0x00007ffb45f90000 - 0x00007ffb45fcb000 	C:\WINDOWS\system32\IMM32.DLL
0x000000006ce60000 - 0x000000006cf32000 	C:\Program Files\Java\jdk1.8.0_65\jre\bin\msvcr100.dll
0x000000006c5d0000 - 0x000000006ce59000 	C:\Program Files\Java\jdk1.8.0_65\jre\bin\server\jvm.dll
0x00007ffb475a0000 - 0x00007ffb475a8000 	C:\WINDOWS\system32\PSAPI.DLL
0x00007ffb3c060000 - 0x00007ffb3c069000 	C:\WINDOWS\SYSTEM32\WSOCK32.dll
0x00007ffb42fa0000 - 0x00007ffb42fc3000 	C:\WINDOWS\SYSTEM32\WINMM.dll
0x00007ffb418d0000 - 0x00007ffb418da000 	C:\WINDOWS\SYSTEM32\VERSION.dll
0x00007ffb48420000 - 0x00007ffb4848b000 	C:\WINDOWS\system32\WS2_32.dll
0x00007ffb42f40000 - 0x00007ffb42f6c000 	C:\WINDOWS\SYSTEM32\WINMMBASE.dll
0x00007ffb45ab0000 - 0x00007ffb45af3000 	C:\WINDOWS\system32\cfgmgr32.dll
0x000000006c5c0000 - 0x000000006c5cf000 	C:\Program Files\Java\jdk1.8.0_65\jre\bin\verify.dll
0x000000006c590000 - 0x000000006c5b9000 	C:\Program Files\Java\jdk1.8.0_65\jre\bin\java.dll
0x000000006c550000 - 0x000000006c585000 	C:\Program Files\Java\jdk1.8.0_65\jre\bin\jdwp.dll
0x000000006c540000 - 0x000000006c548000 	C:\Program Files\Java\jdk1.8.0_65\jre\bin\npt.dll
0x000000006c520000 - 0x000000006c536000 	C:\Program Files\Java\jdk1.8.0_65\jre\bin\zip.dll
0x00007ffb45fd0000 - 0x00007ffb4752c000 	C:\WINDOWS\system32\SHELL32.dll
0x00007ffb44ef0000 - 0x00007ffb45535000 	C:\WINDOWS\system32\windows.storage.dll
0x00007ffb483c0000 - 0x00007ffb48412000 	C:\WINDOWS\system32\shlwapi.dll
0x00007ffb44da0000 - 0x00007ffb44daf000 	C:\WINDOWS\system32\kernel.appcore.dll
0x00007ffb459f0000 - 0x00007ffb45aa5000 	C:\WINDOWS\system32\shcore.dll
0x00007ffb44d50000 - 0x00007ffb44d9b000 	C:\WINDOWS\system32\powrprof.dll
0x00007ffb44d20000 - 0x00007ffb44d34000 	C:\WINDOWS\system32\profapi.dll
0x000000006c2f0000 - 0x000000006c2f9000 	C:\Program Files\Java\jdk1.8.0_65\jre\bin\dt_socket.dll
0x00007ffb44650000 - 0x00007ffb446ac000 	C:\WINDOWS\system32\mswsock.dll
0x00007ffb31ec0000 - 0x00007ffb31f48000 	D:\Code\Java\Projects\WireEngine20\lib\native\lwjgl.dll
0x00007ffb44820000 - 0x00007ffb4482b000 	C:\WINDOWS\SYSTEM32\CRYPTBASE.DLL
0x00007ffb39e30000 - 0x00007ffb39e72000 	D:\Code\Java\Projects\WireEngine20\lib\native\jemalloc.dll
0x00007ffb31e80000 - 0x00007ffb31eb8000 	D:\Code\Java\Projects\WireEngine20\lib\native\glfw.dll
0x00007ffb436a0000 - 0x00007ffb43736000 	C:\WINDOWS\system32\uxtheme.dll
0x00007ffb42950000 - 0x00007ffb42972000 	C:\WINDOWS\SYSTEM32\dwmapi.dll
0x00007ffb2da30000 - 0x00007ffb2db59000 	C:\WINDOWS\SYSTEM32\opengl32.dll
0x00007ffb3a050000 - 0x00007ffb3a07e000 	C:\WINDOWS\SYSTEM32\GLU32.dll
0x00007ffb2fd50000 - 0x00007ffb2fe4a000 	C:\WINDOWS\SYSTEM32\DDRAW.dll
0x00007ffb40230000 - 0x00007ffb40238000 	C:\WINDOWS\SYSTEM32\DCIMAN32.dll
0x00007ffb478f0000 - 0x00007ffb47a4a000 	C:\WINDOWS\system32\MSCTF.dll
0x00007ffb2cbb0000 - 0x00007ffb2cbf9000 	C:\Program Files (x86)\TeamViewer\tv_x64.dll
0x00007ffb475b0000 - 0x00007ffb476f3000 	C:\WINDOWS\system32\ole32.dll
0x000000006a5a0000 - 0x000000006c2e9000 	C:\WINDOWS\SYSTEM32\nvoglv64.DLL
0x00007ffb47c20000 - 0x00007ffb48049000 	C:\WINDOWS\system32\SETUPAPI.dll
0x00007ffb42d00000 - 0x00007ffb42d13000 	C:\WINDOWS\SYSTEM32\WTSAPI32.dll
0x00007ffb437f0000 - 0x00007ffb43817000 	C:\WINDOWS\SYSTEM32\DEVOBJ.dll
0x00007ffb45990000 - 0x00007ffb459e5000 	C:\WINDOWS\system32\WINTRUST.dll
0x00007ffb44d40000 - 0x00007ffb44d50000 	C:\WINDOWS\system32\MSASN1.dll
0x00007ffb45750000 - 0x00007ffb45917000 	C:\WINDOWS\system32\CRYPT32.dll
0x00007ffb44270000 - 0x00007ffb442a1000 	C:\WINDOWS\SYSTEM32\ntmarta.dll
0x00007ffb43fc0000 - 0x00007ffb44016000 	C:\WINDOWS\SYSTEM32\WINSTA.dll
0x00007ffb47b70000 - 0x00007ffb47c17000 	C:\WINDOWS\system32\clbcatq.dll
0x00007ffb3d0b0000 - 0x00007ffb3d0d5000 	C:\Program Files (x86)\Samsung\Easy Printer Manager\SmartScreenPrint\CDAKEYMonitor64.dll
0x00007ffb47820000 - 0x00007ffb478e1000 	C:\WINDOWS\system32\OLEAUT32.dll
0x00007ffb2ca20000 - 0x00007ffb2cbac000 	C:\WINDOWS\SYSTEM32\dbghelp.dll

VM Arguments:
jvm_args: -agentlib:jdwp=transport=dt_socket,address=127.0.0.1:64060,suspend=y,server=n -Djava.library.path=lib/native/ -Dfile.encoding=UTF-8 
java_command: main.Main
java_class_path (initial): C:\Program Files\Java\jdk1.8.0_65\jre\lib\charsets.jar;C:\Program Files\Java\jdk1.8.0_65\jre\lib\deploy.jar;C:\Program Files\Java\jdk1.8.0_65\jre\lib\ext\access-bridge-64.jar;C:\Program Files\Java\jdk1.8.0_65\jre\lib\ext\cldrdata.jar;C:\Program Files\Java\jdk1.8.0_65\jre\lib\ext\dnsns.jar;C:\Program Files\Java\jdk1.8.0_65\jre\lib\ext\jaccess.jar;C:\Program Files\Java\jdk1.8.0_65\jre\lib\ext\jfxrt.jar;C:\Program Files\Java\jdk1.8.0_65\jre\lib\ext\localedata.jar;C:\Program Files\Java\jdk1.8.0_65\jre\lib\ext\nashorn.jar;C:\Program Files\Java\jdk1.8.0_65\jre\lib\ext\sunec.jar;C:\Program Files\Java\jdk1.8.0_65\jre\lib\ext\sunjce_provider.jar;C:\Program Files\Java\jdk1.8.0_65\jre\lib\ext\sunmscapi.jar;C:\Program Files\Java\jdk1.8.0_65\jre\lib\ext\sunpkcs11.jar;C:\Program Files\Java\jdk1.8.0_65\jre\lib\ext\zipfs.jar;C:\Program Files\Java\jdk1.8.0_65\jre\lib\javaws.jar;C:\Program Files\Java\jdk1.8.0_65\jre\lib\jce.jar;C:\Program Files\Java\jdk1.8.0_65\jre\lib\jfr.jar;C:\Program Files\Java\jdk1.8.0_65\jre\lib\jfxswt.jar;C:\Program Files\Java\jdk1.8.0_65\jre\lib\jsse.jar;C:\Program Files\Java\jdk1.8.0_65\jre\lib\management-agent.jar;C:\Program Files\Java\jdk1.8.0_65\jre\lib\plugin.jar;C:\Program Files\Java\jdk1.8.0_65\jre\lib\resources.jar;C:\Program Files\Java\jdk1.8.0_65\jre\lib\rt.jar;D:\Code\Java\Projects\WireEngine20\out\production\WireEngine20;D:\Code\Java\Projects\WireEngine20\lib\jar\lwjgl.jar;D:\Code\Java\Projects\WireEngine20\lib\jar\slick-util.jar;D:\Program Files (x86)\JetBrains\IntelliJ IDEA 2016.1\lib\idea_rt.jar
Launcher Type: SUN_STANDARD

Environment Variables:
JAVA_HOME=C:\Program Files\Java\jdk1.8.0_65
PATH=C:\ProgramData\Oracle\Java\javapath;C:\Program Files (x86)\Razer Chroma SDK\bin;C:\Program Files\Razer Chroma SDK\bin;C:\Program Files (x86)\NVIDIA Corporation\PhysX\Common;C:\Program Files (x86)\Intel\iCLS Client\;C:\Program Files\Intel\iCLS Client\;C:\Windows\system32;C:\Windows;C:\Windows\System32\Wbem;C:\Windows\System32\WindowsPowerShell\v1.0\;C:\Program Files\Intel\Intel(R) Management Engine Components\DAL;C:\Program Files (x86)\Intel\Intel(R) Management Engine Components\DAL;C:\Program Files\Intel\Intel(R) Management Engine Components\IPT;C:\Program Files (x86)\Intel\Intel(R) Management Engine Components\IPT;C:\Program Files\Java\jre1.8.0_65\bin;C:\MinGW\bin;C:\WINDOWS\system32;C:\WINDOWS;C:\WINDOWS\System32\Wbem;C:\WINDOWS\System32\WindowsPowerShell\v1.0\;D:\Program Files (x86)\CMake\bin;D:\Program Files\Programs\Python\Python35-32;D:\Program Files\Programs\Python\Python35-32\Scripts;C:\Program Files (x86)\Skype\Phone\;D:\Program Files\Programs\Python\Python35-32\Scripts\;D:\Program Files\Programs\Python\Python35-32\
USERNAME=Kelan
OS=Windows_NT
PROCESSOR_IDENTIFIER=Intel64 Family 6 Model 60 Stepping 3, GenuineIntel



---------------  S Y S T E M  ---------------

OS: Windows 10.0 , 64 bit Build 10586 (10.0.10586.0)

CPU:total 8 (4 cores per cpu, 2 threads per core) family 6 model 60 stepping 3, cmov, cx8, fxsr, mmx, sse, sse2, sse3, ssse3, sse4.1, sse4.2, popcnt, avx, avx2, aes, clmul, erms, lzcnt, ht, tsc, tscinvbit, bmi1, bmi2

Memory: 4k page, physical 16609500k(7235656k free), swap 33386716k(20430016k free)

vm_info: Java HotSpot(TM) 64-Bit Server VM (25.65-b01) for windows-amd64 JRE (1.8.0_65-b17), built on Oct  6 2015 16:39:20 by "java_re" with MS VC++ 10.0 (VS2010)

time: Tue Apr 19 17:05:01 2016
elapsed time: 23 seconds (0d 0h 0m 23s)

