#
# A fatal error has been detected by the Java Runtime Environment:
#
#  EXCEPTION_ACCESS_VIOLATION (0xc0000005) at pc=0x00007ffdcf9f24b9, pid=4044, tid=6444
#
# JRE version: Java(TM) SE Runtime Environment (8.0_65-b17) (build 1.8.0_65-b17)
# Java VM: Java HotSpot(TM) 64-Bit Server VM (25.65-b01 mixed mode windows-amd64 compressed oops)
# Problematic frame:
# C  [glfw.dll+0x24b9]
#
# Failed to write core dump. Minidumps are not enabled by default on client versions of Windows
#
# If you would like to submit a bug report, please visit:
#   http://bugreport.java.com/bugreport/crash.jsp
# The crash happened outside the Java Virtual Machine in native code.
# See problematic frame for where to report the bug.
#

---------------  T H R E A D  ---------------

Current thread (0x000000001e235800):  JavaThread "CLIENT" [_thread_in_native, id=6444, stack(0x000000001ef40000,0x000000001f040000)]

siginfo: ExceptionCode=0xc0000005, reading address 0x0000000000000000

Registers:
RAX=0x0000000000000000, RBX=0x000000001ba1ff50, RCX=0x0000000000000000, RDX=0x0000000000000000
RSP=0x000000001f03f110, RBP=0x000000001f03f1c0, RSI=0x0000000000000108, RDI=0x000000000048f810
R8 =0x000000001f03f108, R9 =0x000000001f03f1c0, R10=0x0000000000000000, R11=0x0000000000000246
R12=0x0000000000000000, R13=0x000000001ba1ff50, R14=0x000000001f03f1f8, R15=0x000000001e235800
RIP=0x00007ffdcf9f24b9, EFLAGS=0x0000000000010287

Top of Stack: (sp=0x000000001f03f110)
0x000000001f03f110:   000000001e235800 000000001e235800
0x000000001f03f120:   000000001ba39d10 000000007052d610
0x000000001f03f130:   000000000000047f 000000000261dfcc
0x000000001f03f140:   000000001ba1ff50 000000001be25bf0
0x000000001f03f150:   000000000000000e 000000001e235800
0x000000001f03f160:   000000001ba39d10 000000007052aea4
0x000000001f03f170:   000000001e235800 000000001e235800
0x000000001f03f180:   000000001f03f180 0000000000000000
0x000000001f03f190:   000000001f03f1f8 000000001ba206f0
0x000000001f03f1a0:   0000000000000000 000000001ba1ff50
0x000000001f03f1b0:   0000000000000000 000000001f03f1e0
0x000000001f03f1c0:   000000001f03f240 0000000002607d8d
0x000000001f03f1d0:   00000006c2810408 00000000026142f8
0x000000001f03f1e0:   000000000048f810 00000000026078a0
0x000000001f03f1f0:   00007ffdcf9f2420 0000000000000001
0x000000001f03f200:   000000001f03f200 000000001ba39ce4 

Instructions: (pc=0x00007ffdcf9f24b9)
0x00007ffdcf9f2499:   48 8b cf e8 1f 3a 00 00 48 39 3d f0 d5 02 00 48
0x00007ffdcf9f24a9:   8d 0d e9 d5 02 00 48 8b 5c 24 30 74 08 48 8b 09
0x00007ffdcf9f24b9:   48 39 39 75 f8 48 8b 07 48 89 01 48 8b cf 48 83
0x00007ffdcf9f24c9:   c4 20 5f e9 5b fe 00 00 48 83 c4 20 5f c3 cc cc 


Register to memory mapping:

RAX=0x0000000000000000 is an unknown value
RBX={method} {0x000000001ba1ff58} 'invokePV' '(JJ)V' in 'org/lwjgl/system/JNI'
RCX=0x0000000000000000 is an unknown value
RDX=0x0000000000000000 is an unknown value
RSP=0x000000001f03f110 is pointing into the stack for thread: 0x000000001e235800
RBP=0x000000001f03f1c0 is pointing into the stack for thread: 0x000000001e235800
RSI=0x0000000000000108 is an unknown value
RDI=0x000000000048f810 is an unknown value
R8 =0x000000001f03f108 is pointing into the stack for thread: 0x000000001e235800
R9 =0x000000001f03f1c0 is pointing into the stack for thread: 0x000000001e235800
R10=0x0000000000000000 is an unknown value
R11=0x0000000000000246 is an unknown value
R12=0x0000000000000000 is an unknown value
R13={method} {0x000000001ba1ff58} 'invokePV' '(JJ)V' in 'org/lwjgl/system/JNI'
R14=0x000000001f03f1f8 is pointing into the stack for thread: 0x000000001e235800
R15=0x000000001e235800 is a thread


Stack: [0x000000001ef40000,0x000000001f040000],  sp=0x000000001f03f110,  free space=1020k
Native frames: (J=compiled Java code, j=interpreted, Vv=VM code, C=native code)
C  [glfw.dll+0x24b9]
C  0x000000000261dfcc

Java frames: (J=compiled Java code, j=interpreted, Vv=VM code)
j  org.lwjgl.system.JNI.invokePV(JJ)V+0
j  org.lwjgl.glfw.GLFW.glfwDestroyCursor(J)V+20
j  main.client.Window.destroyWindow()V+9
j  main.coreEngine.Engine.stop()V+70
j  main.client.Window.update()V+43
j  main.client.renderEngine.RenderEngine.render()V+32
j  main.client.ClientThread.tick()V+12
J 449% C1 main.coreEngine.TickableThread.run()V (481 bytes) @ 0x000000000286385c [0x000000000285ef80+0x48dc]
v  ~StubRoutines::call_stub

---------------  P R O C E S S  ---------------

Java Threads: ( => current thread )
  0x000000001e236800 JavaThread "SERVER" [_thread_in_Java, id=7632, stack(0x000000001f040000,0x000000001f140000)]
=>0x000000001e235800 JavaThread "CLIENT" [_thread_in_native, id=6444, stack(0x000000001ef40000,0x000000001f040000)]
  0x000000001e125800 JavaThread "Service Thread" daemon [_thread_blocked, id=11764, stack(0x000000001ed40000,0x000000001ee40000)]
  0x000000001e0a0000 JavaThread "C1 CompilerThread3" daemon [_thread_blocked, id=11716, stack(0x000000001ec40000,0x000000001ed40000)]
  0x000000001e097000 JavaThread "C2 CompilerThread2" daemon [_thread_blocked, id=1244, stack(0x000000001eb40000,0x000000001ec40000)]
  0x000000001e096800 JavaThread "C2 CompilerThread1" daemon [_thread_blocked, id=11388, stack(0x000000001ea40000,0x000000001eb40000)]
  0x000000001e09b800 JavaThread "C2 CompilerThread0" daemon [_thread_blocked, id=11292, stack(0x000000001e940000,0x000000001ea40000)]
  0x000000001e081000 JavaThread "JDWP Command Reader" daemon [_thread_in_native, id=11984, stack(0x000000001e840000,0x000000001e940000)]
  0x000000001e07e000 JavaThread "JDWP Event Helper Thread" daemon [_thread_blocked, id=11160, stack(0x000000001e740000,0x000000001e840000)]
  0x000000001e070800 JavaThread "JDWP Transport Listener: dt_socket" daemon [_thread_blocked, id=14164, stack(0x000000001e640000,0x000000001e740000)]
  0x000000001e066800 JavaThread "Attach Listener" daemon [_thread_blocked, id=740, stack(0x000000001e540000,0x000000001e640000)]
  0x000000001e065000 JavaThread "Signal Dispatcher" daemon [_thread_blocked, id=3832, stack(0x000000001e440000,0x000000001e540000)]
  0x0000000000f5a800 JavaThread "Finalizer" daemon [_thread_blocked, id=4348, stack(0x000000001de60000,0x000000001df60000)]
  0x000000001bf9d800 JavaThread "Reference Handler" daemon [_thread_blocked, id=6576, stack(0x000000001dd60000,0x000000001de60000)]
  0x0000000000fbe000 JavaThread "main" [_thread_in_Java, id=14220, stack(0x0000000000d10000,0x0000000000e10000)]

Other Threads:
  0x000000001bf99000 VMThread [stack: 0x000000001dc60000,0x000000001dd60000] [id=9100]
  0x000000001e14f800 WatcherThread [stack: 0x000000001ee40000,0x000000001ef40000] [id=236]

VM state:not at safepoint (normal execution)

VM Mutex/Monitor currently owned by a thread: None

Heap:
 PSYoungGen      total 92160K, used 18586K [0x000000076b800000, 0x0000000779180000, 0x00000007c0000000)
  eden space 91648K, 20% used [0x000000076b800000,0x000000076ca16948,0x0000000771180000)
  from space 512K, 12% used [0x0000000779080000,0x0000000779090000,0x0000000779100000)
  to   space 512K, 0% used [0x0000000779100000,0x0000000779100000,0x0000000779180000)
 ParOldGen       total 173568K, used 1344K [0x00000006c2800000, 0x00000006cd180000, 0x000000076b800000)
  object space 173568K, 0% used [0x00000006c2800000,0x00000006c2950050,0x00000006cd180000)
 Metaspace       used 8076K, capacity 8646K, committed 8960K, reserved 1056768K
  class space    used 646K, capacity 690K, committed 768K, reserved 1048576K

Card table byte_map: [0x00000000119c0000,0x00000000121b0000] byte_map_base: 0x000000000e3ac000

Marking Bits: (ParMarkBitMap*) 0x0000000070c0a5b0
 Begin Bits: [0x0000000012f00000, 0x0000000016e60000)
 End Bits:   [0x0000000016e60000, 0x000000001adc0000)

Polling page: 0x0000000000990000

CodeCache: size=245760Kb used=2826Kb max_used=2851Kb free=242933Kb
 bounds [0x0000000002600000, 0x00000000028d0000, 0x0000000011600000]
 total_blobs=1197 nmethods=551 adapters=567
 compilation: enabled

Compilation events (10 events):
Event: 4.005 Thread 0x000000001e0a0000  569       3       main.coreEngine.util.maths.MathUtil::cotf (9 bytes)
Event: 4.006 Thread 0x000000001e0a0000 nmethod 569 0x00000000028cad90 code [0x00000000028caf20, 0x00000000028cb3d0]
Event: 4.006 Thread 0x000000001e0a0000  570       3       main.coreEngine.util.maths.Matrix4f::translate (166 bytes)
Event: 4.006 Thread 0x000000001e0a0000 nmethod 570 0x00000000026fea90 code [0x00000000026fec20, 0x00000000026ff0c8]
Event: 4.006 Thread 0x000000001e0a0000  571       3       org.lwjgl.opengl.GL11::glClearColor (18 bytes)
Event: 4.006 Thread 0x000000001e0a0000 nmethod 571 0x00000000028cb450 code [0x00000000028cb640, 0x00000000028cbd58]
Event: 4.671 Thread 0x000000001e0a0000  573       3       main.coreEngine.util.maths.Vector3f::<init> (5 bytes)
Event: 4.671 Thread 0x000000001e0a0000 nmethod 573 0x00000000027189d0 code [0x0000000002718b40, 0x0000000002718d50]
Event: 4.821 Thread 0x000000001e0a0000  574       3       java.util.ArrayList::clear (39 bytes)
Event: 4.821 Thread 0x000000001e0a0000 nmethod 574 0x000000000270e3d0 code [0x000000000270e540, 0x000000000270e8b0]

GC Heap History (10 events):
Event: 4.838 GC heap before
{Heap before GC invocations=81 (full 0):
 PSYoungGen      total 69120K, used 68704K [0x000000076b800000, 0x0000000779180000, 0x00000007c0000000)
  eden space 68608K, 100% used [0x000000076b800000,0x000000076fb00000,0x000000076fb00000)
  from space 512K, 18% used [0x0000000779100000,0x0000000779118000,0x0000000779180000)
  to   space 512K, 0% used [0x0000000779080000,0x0000000779080000,0x0000000779100000)
 ParOldGen       total 173568K, used 1320K [0x00000006c2800000, 0x00000006cd180000, 0x000000076b800000)
  object space 173568K, 0% used [0x00000006c2800000,0x00000006c294a050,0x00000006cd180000)
 Metaspace       used 8075K, capacity 8646K, committed 8960K, reserved 1056768K
  class space    used 646K, capacity 690K, committed 768K, reserved 1048576K
Event: 4.838 GC heap after
Heap after GC invocations=81 (full 0):
 PSYoungGen      total 82944K, used 160K [0x000000076b800000, 0x0000000779180000, 0x00000007c0000000)
  eden space 82432K, 0% used [0x000000076b800000,0x000000076b800000,0x0000000770880000)
  from space 512K, 31% used [0x0000000779080000,0x00000007790a8000,0x0000000779100000)
  to   space 512K, 0% used [0x0000000779100000,0x0000000779100000,0x0000000779180000)
 ParOldGen       total 173568K, used 1320K [0x00000006c2800000, 0x00000006cd180000, 0x000000076b800000)
  object space 173568K, 0% used [0x00000006c2800000,0x00000006c294a050,0x00000006cd180000)
 Metaspace       used 8075K, capacity 8646K, committed 8960K, reserved 1056768K
  class space    used 646K, capacity 690K, committed 768K, reserved 1048576K
}
Event: 4.879 GC heap before
{Heap before GC invocations=82 (full 0):
 PSYoungGen      total 82944K, used 82592K [0x000000076b800000, 0x0000000779180000, 0x00000007c0000000)
  eden space 82432K, 100% used [0x000000076b800000,0x0000000770880000,0x0000000770880000)
  from space 512K, 31% used [0x0000000779080000,0x00000007790a8000,0x0000000779100000)
  to   space 512K, 0% used [0x0000000779100000,0x0000000779100000,0x0000000779180000)
 ParOldGen       total 173568K, used 1320K [0x00000006c2800000, 0x00000006cd180000, 0x000000076b800000)
  object space 173568K, 0% used [0x00000006c2800000,0x00000006c294a050,0x00000006cd180000)
 Metaspace       used 8075K, capacity 8646K, committed 8960K, reserved 1056768K
  class space    used 646K, capacity 690K, committed 768K, reserved 1048576K
Event: 4.879 GC heap after
Heap after GC invocations=82 (full 0):
 PSYoungGen      total 99840K, used 128K [0x000000076b800000, 0x0000000779180000, 0x00000007c0000000)
  eden space 99328K, 0% used [0x000000076b800000,0x000000076b800000,0x0000000771900000)
  from space 512K, 25% used [0x0000000779100000,0x0000000779120000,0x0000000779180000)
  to   space 512K, 0% used [0x0000000779080000,0x0000000779080000,0x0000000779100000)
 ParOldGen       total 173568K, used 1320K [0x00000006c2800000, 0x00000006cd180000, 0x000000076b800000)
  object space 173568K, 0% used [0x00000006c2800000,0x00000006c294a050,0x00000006cd180000)
 Metaspace       used 8075K, capacity 8646K, committed 8960K, reserved 1056768K
  class space    used 646K, capacity 690K, committed 768K, reserved 1048576K
}
Event: 4.935 GC heap before
{Heap before GC invocations=83 (full 0):
 PSYoungGen      total 99840K, used 99456K [0x000000076b800000, 0x0000000779180000, 0x00000007c0000000)
  eden space 99328K, 100% used [0x000000076b800000,0x0000000771900000,0x0000000771900000)
  from space 512K, 25% used [0x0000000779100000,0x0000000779120000,0x0000000779180000)
  to   space 512K, 0% used [0x0000000779080000,0x0000000779080000,0x0000000779100000)
 ParOldGen       total 173568K, used 1320K [0x00000006c2800000, 0x00000006cd180000, 0x000000076b800000)
  object space 173568K, 0% used [0x00000006c2800000,0x00000006c294a050,0x00000006cd180000)
 Metaspace       used 8075K, capacity 8646K, committed 8960K, reserved 1056768K
  class space    used 646K, capacity 690K, committed 768K, reserved 1048576K
Event: 4.935 GC heap after
Heap after GC invocations=83 (full 0):
 PSYoungGen      total 97280K, used 128K [0x000000076b800000, 0x0000000779180000, 0x00000007c0000000)
  eden space 96768K, 0% used [0x000000076b800000,0x000000076b800000,0x0000000771680000)
  from space 512K, 25% used [0x0000000779080000,0x00000007790a0000,0x0000000779100000)
  to   space 512K, 0% used [0x0000000779100000,0x0000000779100000,0x0000000779180000)
 ParOldGen       total 173568K, used 1320K [0x00000006c2800000, 0x00000006cd180000, 0x000000076b800000)
  object space 173568K, 0% used [0x00000006c2800000,0x00000006c294a050,0x00000006cd180000)
 Metaspace       used 8075K, capacity 8646K, committed 8960K, reserved 1056768K
  class space    used 646K, capacity 690K, committed 768K, reserved 1048576K
}
Event: 4.996 GC heap before
{Heap before GC invocations=84 (full 0):
 PSYoungGen      total 97280K, used 96896K [0x000000076b800000, 0x0000000779180000, 0x00000007c0000000)
  eden space 96768K, 100% used [0x000000076b800000,0x0000000771680000,0x0000000771680000)
  from space 512K, 25% used [0x0000000779080000,0x00000007790a0000,0x0000000779100000)
  to   space 512K, 0% used [0x0000000779100000,0x0000000779100000,0x0000000779180000)
 ParOldGen       total 173568K, used 1320K [0x00000006c2800000, 0x00000006cd180000, 0x000000076b800000)
  object space 173568K, 0% used [0x00000006c2800000,0x00000006c294a050,0x00000006cd180000)
 Metaspace       used 8075K, capacity 8646K, committed 8960K, reserved 1056768K
  class space    used 646K, capacity 690K, committed 768K, reserved 1048576K
Event: 4.997 GC heap after
Heap after GC invocations=84 (full 0):
 PSYoungGen      total 94720K, used 32K [0x000000076b800000, 0x0000000779180000, 0x00000007c0000000)
  eden space 94208K, 0% used [0x000000076b800000,0x000000076b800000,0x0000000771400000)
  from space 512K, 6% used [0x0000000779100000,0x0000000779108000,0x0000000779180000)
  to   space 512K, 0% used [0x0000000779080000,0x0000000779080000,0x0000000779100000)
 ParOldGen       total 173568K, used 1344K [0x00000006c2800000, 0x00000006cd180000, 0x000000076b800000)
  object space 173568K, 0% used [0x00000006c2800000,0x00000006c2950050,0x00000006cd180000)
 Metaspace       used 8075K, capacity 8646K, committed 8960K, reserved 1056768K
  class space    used 646K, capacity 690K, committed 768K, reserved 1048576K
}
Event: 5.039 GC heap before
{Heap before GC invocations=85 (full 0):
 PSYoungGen      total 94720K, used 94240K [0x000000076b800000, 0x0000000779180000, 0x00000007c0000000)
  eden space 94208K, 100% used [0x000000076b800000,0x0000000771400000,0x0000000771400000)
  from space 512K, 6% used [0x0000000779100000,0x0000000779108000,0x0000000779180000)
  to   space 512K, 0% used [0x0000000779080000,0x0000000779080000,0x0000000779100000)
 ParOldGen       total 173568K, used 1344K [0x00000006c2800000, 0x00000006cd180000, 0x000000076b800000)
  object space 173568K, 0% used [0x00000006c2800000,0x00000006c2950050,0x00000006cd180000)
 Metaspace       used 8075K, capacity 8646K, committed 8960K, reserved 1056768K
  class space    used 646K, capacity 690K, committed 768K, reserved 1048576K
Event: 5.040 GC heap after
Heap after GC invocations=85 (full 0):
 PSYoungGen      total 92160K, used 64K [0x000000076b800000, 0x0000000779180000, 0x00000007c0000000)
  eden space 91648K, 0% used [0x000000076b800000,0x000000076b800000,0x0000000771180000)
  from space 512K, 12% used [0x0000000779080000,0x0000000779090000,0x0000000779100000)
  to   space 512K, 0% used [0x0000000779100000,0x0000000779100000,0x0000000779180000)
 ParOldGen       total 173568K, used 1344K [0x00000006c2800000, 0x00000006cd180000, 0x000000076b800000)
  object space 173568K, 0% used [0x00000006c2800000,0x00000006c2950050,0x00000006cd180000)
 Metaspace       used 8075K, capacity 8646K, committed 8960K, reserved 1056768K
  class space    used 646K, capacity 690K, committed 768K, reserved 1048576K
}

Deoptimization events (10 events):
Event: 0.142 Thread 0x000000001e235800 Uncommon trap: reason=bimorphic action=maybe_recompile pc=0x000000000274f580 method=java.util.HashMap.getNode(ILjava/lang/Object;)Ljava/util/HashMap$Node; @ 126
Event: 0.416 Thread 0x000000001e235800 Uncommon trap: reason=bimorphic action=maybe_recompile pc=0x000000000274f580 method=java.util.HashMap.getNode(ILjava/lang/Object;)Ljava/util/HashMap$Node; @ 126
Event: 0.417 Thread 0x000000001e235800 Uncommon trap: reason=bimorphic action=maybe_recompile pc=0x000000000274f580 method=java.util.HashMap.getNode(ILjava/lang/Object;)Ljava/util/HashMap$Node; @ 126
Event: 0.421 Thread 0x000000001e235800 Uncommon trap: reason=unstable_if action=reinterpret pc=0x0000000002747998 method=java.util.HashMap.keySet()Ljava/util/Set; @ 6
Event: 0.814 Thread 0x000000001e235800 Uncommon trap: reason=unstable_if action=reinterpret pc=0x00000000027496c4 method=java.util.HashMap.clear()V @ 16
Event: 0.814 Thread 0x000000001e235800 Uncommon trap: reason=unstable_if action=reinterpret pc=0x0000000002746118 method=java.util.HashMap.clear()V @ 16
Event: 0.814 Thread 0x0000000000fbe000 Uncommon trap: reason=unstable_if action=reinterpret pc=0x00000000027750b0 method=main.coreEngine.TickableThread.invoke(Ljava/lang/String;[Ljava/lang/Object;)V @ 53
Event: 0.814 Thread 0x000000001e236800 Uncommon trap: reason=unstable_if action=reinterpret pc=0x00000000027769b4 method=main.coreEngine.TickableThread.run()V @ 58
Event: 0.843 Thread 0x0000000000fbe000 Uncommon trap: reason=unstable_if action=reinterpret pc=0x0000000002876fbc method=main.coreEngine.Engine.start()V @ 163
Event: 0.918 Thread 0x000000001e236800 Uncommon trap: reason=unstable_if action=reinterpret pc=0x0000000002882a04 method=main.coreEngine.TickableThread.run()V @ 461

Internal exceptions (8 events):
Event: 0.027 Thread 0x0000000000fbe000 Exception <a 'java/lang/NoSuchMethodError': Method sun.misc.Unsafe.defineClass(Ljava/lang/String;[BII)Ljava/lang/Class; name or signature does not match> (0x000000076b80d9b8) thrown at [C:\workspace\8-2-build-windows-amd64-cygwin\jdk8u65\4987\hotspot\src\s„éV›?
Event: 0.027 Thread 0x0000000000fbe000 Exception <a 'java/lang/NoSuchMethodError': Method sun.misc.Unsafe.prefetchRead(Ljava/lang/Object;J)V name or signature does not match> (0x000000076b80dca0) thrown at [C:\workspace\8-2-build-windows-amd64-cygwin\jdk8u65\4987\hotspot\src\share\vm\prims\jni.’®N(éDÄ?
Event: 0.158 Thread 0x000000001e235800 Exception <a 'java/lang/ArrayIndexOutOfBoundsException': -1> (0x000000076d108ed0) thrown at [C:\workspace\8-2-build-windows-amd64-cygwin\jdk8u65\4987\hotspot\src\share\vm\interpreter\interpreterRuntime.cpp, line 366]
Event: 0.416 Thread 0x000000001e235800 Exception <a 'java/security/PrivilegedActionException'> (0x000000076dda59e0) thrown at [C:\workspace\8-2-build-windows-amd64-cygwin\jdk8u65\4987\hotspot\src\share\vm\prims\jvm.cpp, line 1386]
Event: 0.416 Thread 0x000000001e235800 Exception <a 'java/security/PrivilegedActionException'> (0x000000076dda5dd8) thrown at [C:\workspace\8-2-build-windows-amd64-cygwin\jdk8u65\4987\hotspot\src\share\vm\prims\jvm.cpp, line 1386]
Event: 0.417 Thread 0x000000001e235800 Exception <a 'java/security/PrivilegedActionException'> (0x000000076dda9ff0) thrown at [C:\workspace\8-2-build-windows-amd64-cygwin\jdk8u65\4987\hotspot\src\share\vm\prims\jvm.cpp, line 1386]
Event: 0.417 Thread 0x000000001e235800 Exception <a 'java/security/PrivilegedActionException'> (0x000000076ddaa3e8) thrown at [C:\workspace\8-2-build-windows-amd64-cygwin\jdk8u65\4987\hotspot\src\share\vm\prims\jvm.cpp, line 1386]
Event: 0.814 Thread 0x0000000000fbe000 Implicit null exception at 0x0000000002774abc to 0x0000000002775089

Events (10 events):
Event: 4.838 Executing VM operation: ParallelGCFailedAllocation
Event: 4.838 Executing VM operation: ParallelGCFailedAllocation done
Event: 4.878 Executing VM operation: ParallelGCFailedAllocation
Event: 4.879 Executing VM operation: ParallelGCFailedAllocation done
Event: 4.935 Executing VM operation: ParallelGCFailedAllocation
Event: 4.935 Executing VM operation: ParallelGCFailedAllocation done
Event: 4.996 Executing VM operation: ParallelGCFailedAllocation
Event: 4.997 Executing VM operation: ParallelGCFailedAllocation done
Event: 5.039 Executing VM operation: ParallelGCFailedAllocation
Event: 5.040 Executing VM operation: ParallelGCFailedAllocation done


Dynamic libraries:
0x00007ff75ee90000 - 0x00007ff75eec7000 	C:\Program Files\Java\jdk1.8.0_65\bin\java.exe
0x00007ffde4980000 - 0x00007ffde4b41000 	C:\WINDOWS\SYSTEM32\ntdll.dll
0x00007ffde42a0000 - 0x00007ffde434d000 	C:\WINDOWS\system32\KERNEL32.DLL
0x00007ffde19f0000 - 0x00007ffde1bd8000 	C:\WINDOWS\system32\KERNELBASE.dll
0x00007ffde1e70000 - 0x00007ffde1f17000 	C:\WINDOWS\system32\ADVAPI32.dll
0x00007ffde3800000 - 0x00007ffde389d000 	C:\WINDOWS\system32\msvcrt.dll
0x00007ffde1e10000 - 0x00007ffde1e6b000 	C:\WINDOWS\system32\sechost.dll
0x00007ffde3bd0000 - 0x00007ffde3cec000 	C:\WINDOWS\system32\RPCRT4.dll
0x00007ffde3fe0000 - 0x00007ffde4136000 	C:\WINDOWS\system32\USER32.dll
0x00007ffde3cf0000 - 0x00007ffde3e76000 	C:\WINDOWS\system32\GDI32.dll
0x00007ffddd690000 - 0x00007ffddd904000 	C:\WINDOWS\WinSxS\amd64_microsoft.windows.common-controls_6595b64144ccf1df_6.0.10586.0_none_8c15ae12515e1c22\COMCTL32.dll
0x00007ffde3950000 - 0x00007ffde3bcd000 	C:\WINDOWS\system32\combase.dll
0x00007ffde1cf0000 - 0x00007ffde1d5a000 	C:\WINDOWS\system32\bcryptPrimitives.dll
0x00007ffde1dc0000 - 0x00007ffde1dfb000 	C:\WINDOWS\system32\IMM32.DLL
0x0000000070c90000 - 0x0000000070d62000 	C:\Program Files\Java\jdk1.8.0_65\jre\bin\msvcr100.dll
0x0000000070400000 - 0x0000000070c89000 	C:\Program Files\Java\jdk1.8.0_65\jre\bin\server\jvm.dll
0x00007ffde4290000 - 0x00007ffde4298000 	C:\WINDOWS\system32\PSAPI.DLL
0x00007ffdd8550000 - 0x00007ffdd8559000 	C:\WINDOWS\SYSTEM32\WSOCK32.dll
0x00007ffddd9c0000 - 0x00007ffddd9ca000 	C:\WINDOWS\SYSTEM32\VERSION.dll
0x00007ffddf730000 - 0x00007ffddf753000 	C:\WINDOWS\SYSTEM32\WINMM.dll
0x00007ffde4470000 - 0x00007ffde44db000 	C:\WINDOWS\system32\WS2_32.dll
0x0000000000e10000 - 0x0000000000e3c000 	C:\WINDOWS\SYSTEM32\WINMMBASE.dll
0x00007ffde1be0000 - 0x00007ffde1c23000 	C:\WINDOWS\system32\cfgmgr32.dll
0x00000000703f0000 - 0x00000000703ff000 	C:\Program Files\Java\jdk1.8.0_65\jre\bin\verify.dll
0x00000000703c0000 - 0x00000000703e9000 	C:\Program Files\Java\jdk1.8.0_65\jre\bin\java.dll
0x0000000070380000 - 0x00000000703b5000 	C:\Program Files\Java\jdk1.8.0_65\jre\bin\jdwp.dll
0x0000000070370000 - 0x0000000070378000 	C:\Program Files\Java\jdk1.8.0_65\jre\bin\npt.dll
0x0000000070350000 - 0x0000000070366000 	C:\Program Files\Java\jdk1.8.0_65\jre\bin\zip.dll
0x00007ffde1f80000 - 0x00007ffde34dc000 	C:\WINDOWS\system32\SHELL32.dll
0x00007ffde11d0000 - 0x00007ffde1815000 	C:\WINDOWS\system32\windows.storage.dll
0x00007ffde36b0000 - 0x00007ffde3702000 	C:\WINDOWS\system32\shlwapi.dll
0x00007ffde0fb0000 - 0x00007ffde0fbf000 	C:\WINDOWS\system32\kernel.appcore.dll
0x00007ffde1c30000 - 0x00007ffde1ce5000 	C:\WINDOWS\system32\shcore.dll
0x00007ffde0fc0000 - 0x00007ffde100b000 	C:\WINDOWS\system32\powrprof.dll
0x00007ffde0f80000 - 0x00007ffde0f94000 	C:\WINDOWS\system32\profapi.dll
0x0000000070340000 - 0x0000000070349000 	C:\Program Files\Java\jdk1.8.0_65\jre\bin\dt_socket.dll
0x00007ffde08b0000 - 0x00007ffde090c000 	C:\WINDOWS\system32\mswsock.dll
0x00007ffdd4080000 - 0x00007ffdd4108000 	D:\Code\Java\Projects\WireEngine20\lib\native\lwjgl.dll
0x00007ffde0a80000 - 0x00007ffde0a8b000 	C:\WINDOWS\SYSTEM32\CRYPTBASE.DLL
0x00007ffdcf2a0000 - 0x00007ffdcf2e2000 	D:\Code\Java\Projects\WireEngine20\lib\native\jemalloc.dll
0x00007ffdcf9f0000 - 0x00007ffdcfa28000 	D:\Code\Java\Projects\WireEngine20\lib\native\glfw.dll
0x00007ffddf850000 - 0x00007ffddf8e6000 	C:\WINDOWS\system32\uxtheme.dll
0x00007ffdde650000 - 0x00007ffdde672000 	C:\WINDOWS\SYSTEM32\dwmapi.dll
0x00007ffdc8b70000 - 0x00007ffdc8c99000 	C:\WINDOWS\SYSTEM32\opengl32.dll
0x00007ffdc6920000 - 0x00007ffdc6a1a000 	C:\WINDOWS\SYSTEM32\DDRAW.dll
0x00007ffdcd0c0000 - 0x00007ffdcd0ee000 	C:\WINDOWS\SYSTEM32\GLU32.dll
0x00007ffddaa30000 - 0x00007ffddaa38000 	C:\WINDOWS\SYSTEM32\DCIMAN32.dll
0x00007ffde3e80000 - 0x00007ffde3fda000 	C:\WINDOWS\system32\MSCTF.dll
0x00007ffdc9cc0000 - 0x00007ffdc9d09000 	C:\Program Files (x86)\TeamViewer\tv_x64.dll
0x00007ffde4140000 - 0x00007ffde4283000 	C:\WINDOWS\system32\ole32.dll
0x000000006e5f0000 - 0x0000000070339000 	C:\WINDOWS\SYSTEM32\nvoglv64.DLL
0x00007ffde4550000 - 0x00007ffde4979000 	C:\WINDOWS\system32\SETUPAPI.dll
0x00007ffddf2f0000 - 0x00007ffddf303000 	C:\WINDOWS\SYSTEM32\WTSAPI32.dll
0x00007ffddf9a0000 - 0x00007ffddf9c7000 	C:\WINDOWS\SYSTEM32\DEVOBJ.dll
0x00007ffde1170000 - 0x00007ffde11c5000 	C:\WINDOWS\system32\WINTRUST.dll
0x00007ffde0fa0000 - 0x00007ffde0fb0000 	C:\WINDOWS\system32\MSASN1.dll
0x00007ffde1820000 - 0x00007ffde19e7000 	C:\WINDOWS\system32\CRYPT32.dll
0x00007ffde04d0000 - 0x00007ffde0501000 	C:\WINDOWS\SYSTEM32\ntmarta.dll
0x00007ffde0220000 - 0x00007ffde0276000 	C:\WINDOWS\SYSTEM32\WINSTA.dll
0x00007ffde38a0000 - 0x00007ffde3947000 	C:\WINDOWS\system32\clbcatq.dll
0x00007ffdb9de0000 - 0x00007ffdb9f6c000 	C:\WINDOWS\SYSTEM32\dbghelp.dll

VM Arguments:
jvm_args: -agentlib:jdwp=transport=dt_socket,address=127.0.0.1:49542,suspend=y,server=n -Djava.library.path=lib/native/ -Dfile.encoding=UTF-8 
java_command: main.Main
java_class_path (initial): C:\Program Files\Java\jdk1.8.0_65\jre\lib\charsets.jar;C:\Program Files\Java\jdk1.8.0_65\jre\lib\deploy.jar;C:\Program Files\Java\jdk1.8.0_65\jre\lib\ext\access-bridge-64.jar;C:\Program Files\Java\jdk1.8.0_65\jre\lib\ext\cldrdata.jar;C:\Program Files\Java\jdk1.8.0_65\jre\lib\ext\dnsns.jar;C:\Program Files\Java\jdk1.8.0_65\jre\lib\ext\jaccess.jar;C:\Program Files\Java\jdk1.8.0_65\jre\lib\ext\jfxrt.jar;C:\Program Files\Java\jdk1.8.0_65\jre\lib\ext\localedata.jar;C:\Program Files\Java\jdk1.8.0_65\jre\lib\ext\nashorn.jar;C:\Program Files\Java\jdk1.8.0_65\jre\lib\ext\sunec.jar;C:\Program Files\Java\jdk1.8.0_65\jre\lib\ext\sunjce_provider.jar;C:\Program Files\Java\jdk1.8.0_65\jre\lib\ext\sunmscapi.jar;C:\Program Files\Java\jdk1.8.0_65\jre\lib\ext\sunpkcs11.jar;C:\Program Files\Java\jdk1.8.0_65\jre\lib\ext\zipfs.jar;C:\Program Files\Java\jdk1.8.0_65\jre\lib\javaws.jar;C:\Program Files\Java\jdk1.8.0_65\jre\lib\jce.jar;C:\Program Files\Java\jdk1.8.0_65\jre\lib\jfr.jar;C:\Program Files\Java\jdk1.8.0_65\jre\lib\jfxswt.jar;C:\Program Files\Java\jdk1.8.0_65\jre\lib\jsse.jar;C:\Program Files\Java\jdk1.8.0_65\jre\lib\management-agent.jar;C:\Program Files\Java\jdk1.8.0_65\jre\lib\plugin.jar;C:\Program Files\Java\jdk1.8.0_65\jre\lib\resources.jar;C:\Program Files\Java\jdk1.8.0_65\jre\lib\rt.jar;D:\Code\Java\Projects\WireEngine20\out\production\WireEngine20;D:\Code\Java\Projects\WireEngine20\lib\jar\lwjgl.jar;D:\Program Files (x86)\JetBrains\IntelliJ IDEA 2016.1\lib\idea_rt.jar
Launcher Type: SUN_STANDARD

Environment Variables:
JAVA_HOME=C:\Program Files\Java\jdk1.8.0_65
PATH=C:\ProgramData\Oracle\Java\javapath;C:\Program Files (x86)\Razer Chroma SDK\bin;C:\Program Files\Razer Chroma SDK\bin;C:\Program Files (x86)\NVIDIA Corporation\PhysX\Common;C:\Program Files (x86)\Intel\iCLS Client\;C:\Program Files\Intel\iCLS Client\;C:\Windows\system32;C:\Windows;C:\Windows\System32\Wbem;C:\Windows\System32\WindowsPowerShell\v1.0\;C:\Program Files\Intel\Intel(R) Management Engine Components\DAL;C:\Program Files (x86)\Intel\Intel(R) Management Engine Components\DAL;C:\Program Files\Intel\Intel(R) Management Engine Components\IPT;C:\Program Files (x86)\Intel\Intel(R) Management Engine Components\IPT;C:\Program Files\Java\jre1.8.0_65\bin;C:\MinGW\bin;C:\WINDOWS\system32;C:\WINDOWS;C:\WINDOWS\System32\Wbem;C:\WINDOWS\System32\WindowsPowerShell\v1.0\;D:\Program Files (x86)\CMake\bin;D:\Program Files\Programs\Python\Python35-32;D:\Program Files\Programs\Python\Python35-32\Scripts;C:\Program Files (x86)\Skype\Phone\;D:\Program Files\Programs\Python\Python35-32\Scripts\;D:\Program Files\Programs\Python\Python35-32\
USERNAME=Kelan
OS=Windows_NT
PROCESSOR_IDENTIFIER=Intel64 Family 6 Model 60 Stepping 3, GenuineIntel



---------------  S Y S T E M  ---------------

OS: Windows 10.0 , 64 bit Build 10586 (10.0.10586.0)

CPU:total 8 (4 cores per cpu, 2 threads per core) family 6 model 60 stepping 3, cmov, cx8, fxsr, mmx, sse, sse2, sse3, ssse3, sse4.1, sse4.2, popcnt, avx, avx2, aes, clmul, erms, lzcnt, ht, tsc, tscinvbit, bmi1, bmi2

Memory: 4k page, physical 16609500k(4622148k free), swap 33386716k(18704124k free)

vm_info: Java HotSpot(TM) 64-Bit Server VM (25.65-b01) for windows-amd64 JRE (1.8.0_65-b17), built on Oct  6 2015 16:39:20 by "java_re" with MS VC++ 10.0 (VS2010)

time: Sun Apr 10 12:16:28 2016
elapsed time: 5 seconds (0d 0h 0m 5s)

