#
# A fatal error has been detected by the Java Runtime Environment:
#
#  EXCEPTION_ACCESS_VIOLATION (0xc0000005) at pc=0x00007ffd0eeb24b9, pid=13928, tid=9460
#
# JRE version: Java(TM) SE Runtime Environment (8.0_65-b17) (build 1.8.0_65-b17)
# Java VM: Java HotSpot(TM) 64-Bit Server VM (25.65-b01 mixed mode windows-amd64 compressed oops)
# Problematic frame:
# C  [glfw.dll+0x24b9]
#
# Failed to write core dump. Minidumps are not enabled by default on client versions of Windows
#
# If you would like to submit a bug report, please visit:
#   http://bugreport.java.com/bugreport/crash.jsp
# The crash happened outside the Java Virtual Machine in native code.
# See problematic frame for where to report the bug.
#

---------------  T H R E A D  ---------------

Current thread (0x000000001e237000):  JavaThread "CLIENT" [_thread_in_native, id=9460, stack(0x000000001ef50000,0x000000001f050000)]

siginfo: ExceptionCode=0xc0000005, reading address 0x0000000000000000

Registers:
RAX=0x0000000000000000, RBX=0x000000001b9f0868, RCX=0x0000000000000000, RDX=0x0000000000000000
RSP=0x000000001f04f260, RBP=0x000000001f04f318, RSI=0x0000000000000108, RDI=0x0000000000783940
R8 =0x000000001f04f258, R9 =0x000000001f04f318, R10=0x0000000000000000, R11=0x0000000000000246
R12=0x0000000000000000, R13=0x000000001b9f0868, R14=0x000000001f04f350, R15=0x000000001e237000
RIP=0x00007ffd0eeb24b9, EFLAGS=0x0000000000010287

Top of Stack: (sp=0x000000001f04f260)
0x000000001f04f260:   000000001e237000 000000001e237000
0x000000001f04f270:   000000001e237000 000000001e237000
0x000000001f04f280:   0000000000000e9e 000000000259dfcc
0x000000001f04f290:   000000001b9f0868 000000005a975005
0x000000001f04f2a0:   000000001b995f48 000000001bf705d0
0x000000001f04f2b0:   000000000000000e 000000001e237000
0x000000001f04f2c0:   000000001ba0e710 000000005a88aea4
0x000000001f04f2d0:   000000001e237000 000000001f04f2d8
0x000000001f04f2e0:   0000000000000000 000000001f04f350
0x000000001f04f2f0:   000000001b9f1008 0000000000000000
0x000000001f04f300:   000000001b9f0868 0000000000000000
0x000000001f04f310:   000000001f04f338 000000001f04f398
0x000000001f04f320:   0000000002587d8d 00000006c28020b0
0x000000001f04f330:   00000000025942f8 0000000000783940
0x000000001f04f340:   00000000025878a0 00007ffd0eeb2420
0x000000001f04f350:   0000000000000001 000000001f04f358 

Instructions: (pc=0x00007ffd0eeb24b9)
0x00007ffd0eeb2499:   48 8b cf e8 1f 3a 00 00 48 39 3d f0 d5 02 00 48
0x00007ffd0eeb24a9:   8d 0d e9 d5 02 00 48 8b 5c 24 30 74 08 48 8b 09
0x00007ffd0eeb24b9:   48 39 39 75 f8 48 8b 07 48 89 01 48 8b cf 48 83
0x00007ffd0eeb24c9:   c4 20 5f e9 5b fe 00 00 48 83 c4 20 5f c3 cc cc 


Register to memory mapping:

RAX=0x0000000000000000 is an unknown value
RBX={method} {0x000000001b9f0870} 'invokePV' '(JJ)V' in 'org/lwjgl/system/JNI'
RCX=0x0000000000000000 is an unknown value
RDX=0x0000000000000000 is an unknown value
RSP=0x000000001f04f260 is pointing into the stack for thread: 0x000000001e237000
RBP=0x000000001f04f318 is pointing into the stack for thread: 0x000000001e237000
RSI=0x0000000000000108 is an unknown value
RDI=0x0000000000783940 is an unknown value
R8 =0x000000001f04f258 is pointing into the stack for thread: 0x000000001e237000
R9 =0x000000001f04f318 is pointing into the stack for thread: 0x000000001e237000
R10=0x0000000000000000 is an unknown value
R11=0x0000000000000246 is an unknown value
R12=0x0000000000000000 is an unknown value
R13={method} {0x000000001b9f0870} 'invokePV' '(JJ)V' in 'org/lwjgl/system/JNI'
R14=0x000000001f04f350 is pointing into the stack for thread: 0x000000001e237000
R15=0x000000001e237000 is a thread


Stack: [0x000000001ef50000,0x000000001f050000],  sp=0x000000001f04f260,  free space=1020k
Native frames: (J=compiled Java code, j=interpreted, Vv=VM code, C=native code)
C  [glfw.dll+0x24b9]
C  0x000000000259dfcc

Java frames: (J=compiled Java code, j=interpreted, Vv=VM code)
j  org.lwjgl.system.JNI.invokePV(JJ)V+0
j  org.lwjgl.glfw.GLFW.glfwDestroyCursor(J)V+20
j  main.client.Window.destroyWindow()V+9
j  main.coreEngine.Engine.stop()V+70
j  main.client.Window.update()V+33
j  main.client.renderEngine.RenderEngine.render()V+38
j  main.client.ClientThread.tick()V+12
j  main.coreEngine.TickableThread.run()V+469
v  ~StubRoutines::call_stub

---------------  P R O C E S S  ---------------

Java Threads: ( => current thread )
  0x000000001e238800 JavaThread "SERVER" [_thread_in_Java, id=9056, stack(0x000000001f050000,0x000000001f150000)]
=>0x000000001e237000 JavaThread "CLIENT" [_thread_in_native, id=9460, stack(0x000000001ef50000,0x000000001f050000)]
  0x000000001e09e000 JavaThread "Service Thread" daemon [_thread_blocked, id=13588, stack(0x000000001ed50000,0x000000001ee50000)]
  0x000000001e0b1000 JavaThread "C1 CompilerThread3" daemon [_thread_blocked, id=9568, stack(0x000000001ec50000,0x000000001ed50000)]
  0x000000001e0b0000 JavaThread "C2 CompilerThread2" daemon [_thread_blocked, id=5348, stack(0x000000001eb50000,0x000000001ec50000)]
  0x000000001e0a7800 JavaThread "C2 CompilerThread1" daemon [_thread_blocked, id=2396, stack(0x000000001ea50000,0x000000001eb50000)]
  0x000000001e0ab800 JavaThread "C2 CompilerThread0" daemon [_thread_blocked, id=14248, stack(0x000000001e950000,0x000000001ea50000)]
  0x000000001e091000 JavaThread "JDWP Command Reader" daemon [_thread_in_native, id=7808, stack(0x000000001e850000,0x000000001e950000)]
  0x000000001e08e800 JavaThread "JDWP Event Helper Thread" daemon [_thread_blocked, id=7828, stack(0x000000001e750000,0x000000001e850000)]
  0x000000001e080800 JavaThread "JDWP Transport Listener: dt_socket" daemon [_thread_blocked, id=11740, stack(0x000000001e650000,0x000000001e750000)]
  0x000000001e076800 JavaThread "Attach Listener" daemon [_thread_blocked, id=32, stack(0x000000001e550000,0x000000001e650000)]
  0x000000001e075000 JavaThread "Signal Dispatcher" daemon [_thread_blocked, id=4864, stack(0x000000001e450000,0x000000001e550000)]
  0x000000000257a000 JavaThread "Finalizer" daemon [_thread_blocked, id=7668, stack(0x000000001de70000,0x000000001df70000)]
  0x0000000002573000 JavaThread "Reference Handler" daemon [_thread_blocked, id=4016, stack(0x000000001dd70000,0x000000001de70000)]
  0x0000000000c0e000 JavaThread "main" [_thread_in_Java, id=8996, stack(0x0000000002380000,0x0000000002480000)]

Other Threads:
  0x000000001bf69800 VMThread [stack: 0x000000001dc70000,0x000000001dd70000] [id=4724]
  0x000000001e15d000 WatcherThread [stack: 0x000000001ee50000,0x000000001ef50000] [id=9960]

VM state:not at safepoint (normal execution)

VM Mutex/Monitor currently owned by a thread: None

Heap:
 PSYoungGen      total 836096K, used 33356K [0x000000076b800000, 0x00000007ab680000, 0x00000007c0000000)
  eden space 829440K, 3% used [0x000000076b800000,0x000000076d85b2e0,0x000000079e200000)
  from space 6656K, 3% used [0x00000007aa980000,0x00000007aa9b8000,0x00000007ab000000)
  to   space 6656K, 0% used [0x00000007ab000000,0x00000007ab000000,0x00000007ab680000)
 ParOldGen       total 173568K, used 17473K [0x00000006c2800000, 0x00000006cd180000, 0x000000076b800000)
  object space 173568K, 10% used [0x00000006c2800000,0x00000006c39105b0,0x00000006cd180000)
 Metaspace       used 8334K, capacity 8710K, committed 8960K, reserved 1056768K
  class space    used 658K, capacity 690K, committed 768K, reserved 1048576K

Card table byte_map: [0x0000000011940000,0x0000000012130000] byte_map_base: 0x000000000e32c000

Marking Bits: (ParMarkBitMap*) 0x000000005af6a5b0
 Begin Bits: [0x0000000012e80000, 0x0000000016de0000)
 End Bits:   [0x0000000016de0000, 0x000000001ad40000)

Polling page: 0x0000000000740000

CodeCache: size=245760Kb used=3989Kb max_used=3990Kb free=241771Kb
 bounds [0x0000000002580000, 0x0000000002970000, 0x0000000011580000]
 total_blobs=1442 nmethods=786 adapters=577
 compilation: enabled

Compilation events (10 events):
Event: 4.302 Thread 0x000000001e0a7800  784 %     4       main.client.InputHandler::resetKeyboard @ 2 (25 bytes)
Event: 4.304 Thread 0x000000001e0a7800 nmethod 784% 0x0000000002951250 code [0x0000000002951380, 0x0000000002951518]
Event: 4.469 Thread 0x000000001e0b1000  785       3       main.coreEngine.sceneGraph.components.ControllerComponent::render (1 bytes)
Event: 4.469 Thread 0x000000001e0b1000 nmethod 785 0x0000000002952850 code [0x00000000029529a0, 0x0000000002952af0]
Event: 4.469 Thread 0x000000001e0b1000  786       3       main.coreEngine.util.maths.MathUtil::cotf (9 bytes)
Event: 4.470 Thread 0x000000001e0b1000 nmethod 786 0x0000000002952150 code [0x00000000029522e0, 0x0000000002952790]
Event: 4.470 Thread 0x000000001e0b1000  787       3       main.client.renderEngine.shader.AbstractShaderProgram::useProgram (16 bytes)
Event: 4.470 Thread 0x000000001e0b1000 nmethod 787 0x00000000029677d0 code [0x00000000029679c0, 0x0000000002968178]
Event: 4.470 Thread 0x000000001e0b1000  788       3       org.lwjgl.opengl.GL20::glUseProgram (13 bytes)
Event: 4.470 Thread 0x000000001e0b1000 nmethod 788 0x0000000002966a50 code [0x0000000002966c40, 0x0000000002967338]

GC Heap History (10 events):
Event: 2.308 GC heap before
{Heap before GC invocations=14 (full 0):
 PSYoungGen      total 665600K, used 657632K [0x000000076b800000, 0x00000007acb80000, 0x00000007c0000000)
  eden space 657408K, 100% used [0x000000076b800000,0x0000000793a00000,0x0000000793a00000)
  from space 8192K, 2% used [0x0000000793a00000,0x0000000793a38000,0x0000000794200000)
  to   space 8192K, 0% used [0x00000007ac380000,0x00000007ac380000,0x00000007acb80000)
 ParOldGen       total 173568K, used 17393K [0x00000006c2800000, 0x00000006cd180000, 0x000000076b800000)
  object space 173568K, 10% used [0x00000006c2800000,0x00000006c38fc5b0,0x00000006cd180000)
 Metaspace       used 8314K, capacity 8710K, committed 8960K, reserved 1056768K
  class space    used 658K, capacity 690K, committed 768K, reserved 1048576K
Event: 2.308 GC heap after
Heap after GC invocations=14 (full 0):
 PSYoungGen      total 1060352K, used 192K [0x000000076b800000, 0x00000007acb80000, 0x00000007c0000000)
  eden space 1052160K, 0% used [0x000000076b800000,0x000000076b800000,0x00000007abb80000)
  from space 8192K, 2% used [0x00000007ac380000,0x00000007ac3b0000,0x00000007acb80000)
  to   space 8192K, 0% used [0x00000007abb80000,0x00000007abb80000,0x00000007ac380000)
 ParOldGen       total 173568K, used 17425K [0x00000006c2800000, 0x00000006cd180000, 0x000000076b800000)
  object space 173568K, 10% used [0x00000006c2800000,0x00000006c39045b0,0x00000006cd180000)
 Metaspace       used 8314K, capacity 8710K, committed 8960K, reserved 1056768K
  class space    used 658K, capacity 690K, committed 768K, reserved 1048576K
}
Event: 2.794 GC heap before
{Heap before GC invocations=15 (full 0):
 PSYoungGen      total 1060352K, used 1052352K [0x000000076b800000, 0x00000007acb80000, 0x00000007c0000000)
  eden space 1052160K, 100% used [0x000000076b800000,0x00000007abb80000,0x00000007abb80000)
  from space 8192K, 2% used [0x00000007ac380000,0x00000007ac3b0000,0x00000007acb80000)
  to   space 8192K, 0% used [0x00000007abb80000,0x00000007abb80000,0x00000007ac380000)
 ParOldGen       total 173568K, used 17425K [0x00000006c2800000, 0x00000006cd180000, 0x000000076b800000)
  object space 173568K, 10% used [0x00000006c2800000,0x00000006c39045b0,0x00000006cd180000)
 Metaspace       used 8320K, capacity 8710K, committed 8960K, reserved 1056768K
  class space    used 658K, capacity 690K, committed 768K, reserved 1048576K
Event: 2.794 GC heap after
Heap after GC invocations=15 (full 0):
 PSYoungGen      total 1003520K, used 192K [0x000000076b800000, 0x00000007ac400000, 0x00000007c0000000)
  eden space 1003008K, 0% used [0x000000076b800000,0x000000076b800000,0x00000007a8b80000)
  from space 512K, 37% used [0x00000007abb80000,0x00000007abbb0000,0x00000007abc00000)
  to   space 7680K, 0% used [0x00000007abc80000,0x00000007abc80000,0x00000007ac400000)
 ParOldGen       total 173568K, used 17425K [0x00000006c2800000, 0x00000006cd180000, 0x000000076b800000)
  object space 173568K, 10% used [0x00000006c2800000,0x00000006c39045b0,0x00000006cd180000)
 Metaspace       used 8320K, capacity 8710K, committed 8960K, reserved 1056768K
  class space    used 658K, capacity 690K, committed 768K, reserved 1048576K
}
Event: 3.265 GC heap before
{Heap before GC invocations=16 (full 0):
 PSYoungGen      total 1003520K, used 1003200K [0x000000076b800000, 0x00000007ac400000, 0x00000007c0000000)
  eden space 1003008K, 100% used [0x000000076b800000,0x00000007a8b80000,0x00000007a8b80000)
  from space 512K, 37% used [0x00000007abb80000,0x00000007abbb0000,0x00000007abc00000)
  to   space 7680K, 0% used [0x00000007abc80000,0x00000007abc80000,0x00000007ac400000)
 ParOldGen       total 173568K, used 17425K [0x00000006c2800000, 0x00000006cd180000, 0x000000076b800000)
  object space 173568K, 10% used [0x00000006c2800000,0x00000006c39045b0,0x00000006cd180000)
 Metaspace       used 8321K, capacity 8710K, committed 8960K, reserved 1056768K
  class space    used 658K, capacity 690K, committed 768K, reserved 1048576K
Event: 3.265 GC heap after
Heap after GC invocations=16 (full 0):
 PSYoungGen      total 956928K, used 224K [0x000000076b800000, 0x00000007abd00000, 0x00000007c0000000)
  eden space 956416K, 0% used [0x000000076b800000,0x000000076b800000,0x00000007a5e00000)
  from space 512K, 43% used [0x00000007abc80000,0x00000007abcb8000,0x00000007abd00000)
  to   space 7680K, 0% used [0x00000007aae00000,0x00000007aae00000,0x00000007ab580000)
 ParOldGen       total 173568K, used 17425K [0x00000006c2800000, 0x00000006cd180000, 0x000000076b800000)
  object space 173568K, 10% used [0x00000006c2800000,0x00000006c39045b0,0x00000006cd180000)
 Metaspace       used 8321K, capacity 8710K, committed 8960K, reserved 1056768K
  class space    used 658K, capacity 690K, committed 768K, reserved 1048576K
}
Event: 3.682 GC heap before
{Heap before GC invocations=17 (full 0):
 PSYoungGen      total 956928K, used 956640K [0x000000076b800000, 0x00000007abd00000, 0x00000007c0000000)
  eden space 956416K, 100% used [0x000000076b800000,0x00000007a5e00000,0x00000007a5e00000)
  from space 512K, 43% used [0x00000007abc80000,0x00000007abcb8000,0x00000007abd00000)
  to   space 7680K, 0% used [0x00000007aae00000,0x00000007aae00000,0x00000007ab580000)
 ParOldGen       total 173568K, used 17425K [0x00000006c2800000, 0x00000006cd180000, 0x000000076b800000)
  object space 173568K, 10% used [0x00000006c2800000,0x00000006c39045b0,0x00000006cd180000)
 Metaspace       used 8330K, capacity 8710K, committed 8960K, reserved 1056768K
  class space    used 658K, capacity 690K, committed 768K, reserved 1048576K
Event: 3.683 GC heap after
Heap after GC invocations=17 (full 0):
 PSYoungGen      total 919552K, used 224K [0x000000076b800000, 0x00000007abd00000, 0x00000007c0000000)
  eden space 911872K, 0% used [0x000000076b800000,0x000000076b800000,0x00000007a3280000)
  from space 7680K, 2% used [0x00000007aae00000,0x00000007aae38000,0x00000007ab580000)
  to   space 7168K, 0% used [0x00000007ab600000,0x00000007ab600000,0x00000007abd00000)
 ParOldGen       total 173568K, used 17425K [0x00000006c2800000, 0x00000006cd180000, 0x000000076b800000)
  object space 173568K, 10% used [0x00000006c2800000,0x00000006c39045b0,0x00000006cd180000)
 Metaspace       used 8330K, capacity 8710K, committed 8960K, reserved 1056768K
  class space    used 658K, capacity 690K, committed 768K, reserved 1048576K
}
Event: 4.147 GC heap before
{Heap before GC invocations=18 (full 0):
 PSYoungGen      total 919552K, used 912096K [0x000000076b800000, 0x00000007abd00000, 0x00000007c0000000)
  eden space 911872K, 100% used [0x000000076b800000,0x00000007a3280000,0x00000007a3280000)
  from space 7680K, 2% used [0x00000007aae00000,0x00000007aae38000,0x00000007ab580000)
  to   space 7168K, 0% used [0x00000007ab600000,0x00000007ab600000,0x00000007abd00000)
 ParOldGen       total 173568K, used 17425K [0x00000006c2800000, 0x00000006cd180000, 0x000000076b800000)
  object space 173568K, 10% used [0x00000006c2800000,0x00000006c39045b0,0x00000006cd180000)
 Metaspace       used 8332K, capacity 8710K, committed 8960K, reserved 1056768K
  class space    used 658K, capacity 690K, committed 768K, reserved 1048576K
Event: 4.148 GC heap after
Heap after GC invocations=18 (full 0):
 PSYoungGen      total 869888K, used 224K [0x000000076b800000, 0x00000007ab680000, 0x00000007c0000000)
  eden space 869376K, 0% used [0x000000076b800000,0x000000076b800000,0x00000007a0900000)
  from space 512K, 43% used [0x00000007ab600000,0x00000007ab638000,0x00000007ab680000)
  to   space 6656K, 0% used [0x00000007aa980000,0x00000007aa980000,0x00000007ab000000)
 ParOldGen       total 173568K, used 17449K [0x00000006c2800000, 0x00000006cd180000, 0x000000076b800000)
  object space 173568K, 10% used [0x00000006c2800000,0x00000006c390a5b0,0x00000006cd180000)
 Metaspace       used 8332K, capacity 8710K, committed 8960K, reserved 1056768K
  class space    used 658K, capacity 690K, committed 768K, reserved 1048576K
}

Deoptimization events (10 events):
Event: 0.798 Thread 0x000000001e237000 Uncommon trap: reason=array_check action=maybe_recompile pc=0x0000000002833300 method=java.util.AbstractCollection.toArray([Ljava/lang/Object;)[Ljava/lang/Object; @ 119
Event: 0.799 Thread 0x000000001e237000 Uncommon trap: reason=unstable_if action=reinterpret pc=0x0000000002818d7c method=sun.misc.FloatingDecimal.readJavaFormatString(Ljava/lang/String;)Lsun/misc/FloatingDecimal$ASCIIToBinaryConverter; @ 327
Event: 0.886 Thread 0x000000001e237000 Uncommon trap: reason=unstable_if action=reinterpret pc=0x000000000284ca64 method=sun.misc.FloatingDecimal.readJavaFormatString(Ljava/lang/String;)Lsun/misc/FloatingDecimal$ASCIIToBinaryConverter; @ 445
Event: 0.887 Thread 0x000000001e237000 Uncommon trap: reason=unstable_if action=reinterpret pc=0x000000000283cfe4 method=sun.misc.FloatingDecimal$ASCIIToBinaryBuffer.floatValue()F @ 190
Event: 1.204 Thread 0x000000001e237000 Uncommon trap: reason=unstable_if action=reinterpret pc=0x00000000028bd2cc method=main.client.renderEngine.mesh.Mesh.compile(Ljava/util/List;)Lmain/client/renderEngine/mesh/Mesh; @ 52
Event: 1.272 Thread 0x000000001e237000 Uncommon trap: reason=unstable_if action=reinterpret pc=0x00000000028f12d8 method=main.client.renderEngine.mesh.Mesh.compile(Ljava/util/List;)Lmain/client/renderEngine/mesh/Mesh; @ 536
Event: 1.275 Thread 0x000000001e237000 Uncommon trap: reason=unstable_if action=reinterpret pc=0x00000000028b88d0 method=main.client.renderEngine.mesh.Mesh.compile(Ljava/util/List;)Lmain/client/renderEngine/mesh/Mesh; @ 52
Event: 1.284 Thread 0x000000001e237000 Uncommon trap: reason=unstable_if action=reinterpret pc=0x0000000002854e9c method=main.coreEngine.TickableThread.run()V @ 461
Event: 1.292 Thread 0x000000001e238800 Uncommon trap: reason=unstable_if action=reinterpret pc=0x0000000002854e9c method=main.coreEngine.TickableThread.run()V @ 461
Event: 1.301 Thread 0x0000000000c0e000 Uncommon trap: reason=unstable_if action=reinterpret pc=0x00000000028c39f0 method=main.coreEngine.Engine.start()V @ 163

Internal exceptions (8 events):
Event: 0.029 Thread 0x0000000000c0e000 Exception <a 'java/lang/NoSuchMethodError': Method sun.misc.Unsafe.defineClass(Ljava/lang/String;[BII)Ljava/lang/Class; name or signature does not match> (0x000000076b80da30) thrown at [C:\workspace\8-2-build-windows-amd64-cygwin\jdk8u65\4987\hotspot\src\sè8c±YKù?
Event: 0.029 Thread 0x0000000000c0e000 Exception <a 'java/lang/NoSuchMethodError': Method sun.misc.Unsafe.prefetchRead(Ljava/lang/Object;J)V name or signature does not match> (0x000000076b80dd18) thrown at [C:\workspace\8-2-build-windows-amd64-cygwin\jdk8u65\4987\hotspot\src\share\vm\prims\jni.6xààáÊŸ?
Event: 0.405 Thread 0x000000001e237000 Implicit null exception at 0x00000000026cf3cf to 0x00000000026cf731
Event: 0.405 Thread 0x000000001e237000 Exception <a 'java/security/PrivilegedActionException'> (0x000000076b981820) thrown at [C:\workspace\8-2-build-windows-amd64-cygwin\jdk8u65\4987\hotspot\src\share\vm\prims\jvm.cpp, line 1386]
Event: 0.405 Thread 0x000000001e237000 Exception <a 'java/security/PrivilegedActionException'> (0x000000076b981c18) thrown at [C:\workspace\8-2-build-windows-amd64-cygwin\jdk8u65\4987\hotspot\src\share\vm\prims\jvm.cpp, line 1386]
Event: 0.406 Thread 0x000000001e237000 Exception <a 'java/security/PrivilegedActionException'> (0x000000076b985e30) thrown at [C:\workspace\8-2-build-windows-amd64-cygwin\jdk8u65\4987\hotspot\src\share\vm\prims\jvm.cpp, line 1386]
Event: 0.406 Thread 0x000000001e237000 Exception <a 'java/security/PrivilegedActionException'> (0x000000076b986228) thrown at [C:\workspace\8-2-build-windows-amd64-cygwin\jdk8u65\4987\hotspot\src\share\vm\prims\jvm.cpp, line 1386]
Event: 0.717 Thread 0x0000000000c0e000 Implicit null exception at 0x00000000026e3d7c to 0x00000000026e4349

Events (10 events):
Event: 2.794 Executing VM operation: ParallelGCFailedAllocation
Event: 2.795 Executing VM operation: ParallelGCFailedAllocation done
Event: 3.264 Executing VM operation: ParallelGCFailedAllocation
Event: 3.265 Executing VM operation: ParallelGCFailedAllocation done
Event: 3.682 Executing VM operation: ParallelGCFailedAllocation
Event: 3.683 Executing VM operation: ParallelGCFailedAllocation done
Event: 4.074 Executing VM operation: EnableBiasedLocking
Event: 4.074 Executing VM operation: EnableBiasedLocking done
Event: 4.147 Executing VM operation: ParallelGCFailedAllocation
Event: 4.148 Executing VM operation: ParallelGCFailedAllocation done


Dynamic libraries:
0x00007ff75d350000 - 0x00007ff75d387000 	C:\Program Files\Java\jdk1.8.0_65\bin\java.exe
0x00007ffd2b8f0000 - 0x00007ffd2bab1000 	C:\WINDOWS\SYSTEM32\ntdll.dll
0x00007ffd29160000 - 0x00007ffd2920d000 	C:\WINDOWS\system32\KERNEL32.DLL
0x00007ffd28890000 - 0x00007ffd28a78000 	C:\WINDOWS\system32\KERNELBASE.dll
0x00007ffd296a0000 - 0x00007ffd29747000 	C:\WINDOWS\system32\ADVAPI32.dll
0x00007ffd29430000 - 0x00007ffd294cd000 	C:\WINDOWS\system32\msvcrt.dll
0x00007ffd29510000 - 0x00007ffd2956b000 	C:\WINDOWS\system32\sechost.dll
0x00007ffd29580000 - 0x00007ffd2969c000 	C:\WINDOWS\system32\RPCRT4.dll
0x00007ffd28e50000 - 0x00007ffd28fa6000 	C:\WINDOWS\system32\USER32.dll
0x00007ffd299d0000 - 0x00007ffd29b56000 	C:\WINDOWS\system32\GDI32.dll
0x00007ffd24690000 - 0x00007ffd24904000 	C:\WINDOWS\WinSxS\amd64_microsoft.windows.common-controls_6595b64144ccf1df_6.0.10586.0_none_8c15ae12515e1c22\COMCTL32.dll
0x00007ffd29750000 - 0x00007ffd299cd000 	C:\WINDOWS\system32\combase.dll
0x00007ffd27f80000 - 0x00007ffd27fea000 	C:\WINDOWS\system32\bcryptPrimitives.dll
0x00007ffd294d0000 - 0x00007ffd2950b000 	C:\WINDOWS\system32\IMM32.DLL
0x000000005b5d0000 - 0x000000005b6a2000 	C:\Program Files\Java\jdk1.8.0_65\jre\bin\msvcr100.dll
0x000000005a760000 - 0x000000005afe9000 	C:\Program Files\Java\jdk1.8.0_65\jre\bin\server\jvm.dll
0x00007ffd29b60000 - 0x00007ffd29b68000 	C:\WINDOWS\system32\PSAPI.DLL
0x00007ffd1e6b0000 - 0x00007ffd1e6b9000 	C:\WINDOWS\SYSTEM32\WSOCK32.dll
0x00007ffd249f0000 - 0x00007ffd249fa000 	C:\WINDOWS\SYSTEM32\VERSION.dll
0x00007ffd26170000 - 0x00007ffd26193000 	C:\WINDOWS\SYSTEM32\WINMM.dll
0x00007ffd29cd0000 - 0x00007ffd29d3b000 	C:\WINDOWS\system32\WS2_32.dll
0x0000000000b90000 - 0x0000000000bbc000 	C:\WINDOWS\SYSTEM32\WINMMBASE.dll
0x00007ffd28a80000 - 0x00007ffd28ac3000 	C:\WINDOWS\system32\cfgmgr32.dll
0x000000005b5c0000 - 0x000000005b5cf000 	C:\Program Files\Java\jdk1.8.0_65\jre\bin\verify.dll
0x000000005b590000 - 0x000000005b5b9000 	C:\Program Files\Java\jdk1.8.0_65\jre\bin\java.dll
0x000000005b550000 - 0x000000005b585000 	C:\Program Files\Java\jdk1.8.0_65\jre\bin\jdwp.dll
0x000000005b540000 - 0x000000005b548000 	C:\Program Files\Java\jdk1.8.0_65\jre\bin\npt.dll
0x000000005b520000 - 0x000000005b536000 	C:\Program Files\Java\jdk1.8.0_65\jre\bin\zip.dll
0x00007ffd2a2c0000 - 0x00007ffd2b81c000 	C:\WINDOWS\system32\SHELL32.dll
0x00007ffd28070000 - 0x00007ffd286b5000 	C:\WINDOWS\system32\windows.storage.dll
0x00007ffd2a250000 - 0x00007ffd2a2a2000 	C:\WINDOWS\system32\shlwapi.dll
0x00007ffd27f70000 - 0x00007ffd27f7f000 	C:\WINDOWS\system32\kernel.appcore.dll
0x00007ffd28c10000 - 0x00007ffd28cc5000 	C:\WINDOWS\system32\shcore.dll
0x00007ffd27ef0000 - 0x00007ffd27f3b000 	C:\WINDOWS\system32\powrprof.dll
0x00007ffd27f40000 - 0x00007ffd27f54000 	C:\WINDOWS\system32\profapi.dll
0x000000005b510000 - 0x000000005b519000 	C:\Program Files\Java\jdk1.8.0_65\jre\bin\dt_socket.dll
0x00007ffd27820000 - 0x00007ffd2787c000 	C:\WINDOWS\system32\mswsock.dll
0x00007ffd0dd80000 - 0x00007ffd0de08000 	D:\Code\Java\Projects\WireEngine20\lib\native\lwjgl.dll
0x00007ffd279f0000 - 0x00007ffd279fb000 	C:\WINDOWS\SYSTEM32\CRYPTBASE.DLL
0x00007ffd0e4a0000 - 0x00007ffd0e4e2000 	D:\Code\Java\Projects\WireEngine20\lib\native\jemalloc.dll
0x00007ffd0eeb0000 - 0x00007ffd0eee8000 	D:\Code\Java\Projects\WireEngine20\lib\native\glfw.dll
0x00007ffd26870000 - 0x00007ffd26906000 	C:\WINDOWS\system32\uxtheme.dll
0x00007ffd25f20000 - 0x00007ffd25f42000 	C:\WINDOWS\SYSTEM32\dwmapi.dll
0x00007ffd18b80000 - 0x00007ffd18ca9000 	C:\WINDOWS\SYSTEM32\opengl32.dll
0x00007ffd1c880000 - 0x00007ffd1c8ae000 	C:\WINDOWS\SYSTEM32\GLU32.dll
0x00007ffd18a80000 - 0x00007ffd18b7a000 	C:\WINDOWS\SYSTEM32\DDRAW.dll
0x00007ffd1d2d0000 - 0x00007ffd1d2d8000 	C:\WINDOWS\SYSTEM32\DCIMAN32.dll
0x00007ffd29b70000 - 0x00007ffd29cca000 	C:\WINDOWS\system32\MSCTF.dll
0x00007ffd15240000 - 0x00007ffd15289000 	C:\Program Files (x86)\TeamViewer\tv_x64.dll
0x00007ffd29210000 - 0x00007ffd29353000 	C:\WINDOWS\system32\ole32.dll
0x0000000058a10000 - 0x000000005a759000 	C:\WINDOWS\SYSTEM32\nvoglv64.DLL
0x00007ffd29d60000 - 0x00007ffd2a189000 	C:\WINDOWS\system32\SETUPAPI.dll
0x00007ffd25f70000 - 0x00007ffd25f83000 	C:\WINDOWS\SYSTEM32\WTSAPI32.dll
0x00007ffd269c0000 - 0x00007ffd269e7000 	C:\WINDOWS\SYSTEM32\DEVOBJ.dll
0x00007ffd27ff0000 - 0x00007ffd28045000 	C:\WINDOWS\system32\WINTRUST.dll
0x00007ffd27f60000 - 0x00007ffd27f70000 	C:\WINDOWS\system32\MSASN1.dll
0x00007ffd286c0000 - 0x00007ffd28887000 	C:\WINDOWS\system32\CRYPT32.dll
0x00007ffd27440000 - 0x00007ffd27471000 	C:\WINDOWS\SYSTEM32\ntmarta.dll
0x00007ffd27190000 - 0x00007ffd271e6000 	C:\WINDOWS\SYSTEM32\WINSTA.dll
0x00007ffd2b840000 - 0x00007ffd2b8e7000 	C:\WINDOWS\system32\clbcatq.dll
0x00007ffd231a0000 - 0x00007ffd231c5000 	C:\Program Files (x86)\Samsung\Easy Printer Manager\SmartScreenPrint\CDAKEYMonitor64.dll
0x00007ffd29360000 - 0x00007ffd29421000 	C:\WINDOWS\system32\OLEAUT32.dll
0x00007ffd238a0000 - 0x00007ffd23a2c000 	C:\WINDOWS\SYSTEM32\dbghelp.dll

VM Arguments:
jvm_args: -agentlib:jdwp=transport=dt_socket,address=127.0.0.1:49469,suspend=y,server=n -Djava.library.path=lib/native/ -Dfile.encoding=UTF-8 
java_command: main.Main
java_class_path (initial): C:\Program Files\Java\jdk1.8.0_65\jre\lib\charsets.jar;C:\Program Files\Java\jdk1.8.0_65\jre\lib\deploy.jar;C:\Program Files\Java\jdk1.8.0_65\jre\lib\ext\access-bridge-64.jar;C:\Program Files\Java\jdk1.8.0_65\jre\lib\ext\cldrdata.jar;C:\Program Files\Java\jdk1.8.0_65\jre\lib\ext\dnsns.jar;C:\Program Files\Java\jdk1.8.0_65\jre\lib\ext\jaccess.jar;C:\Program Files\Java\jdk1.8.0_65\jre\lib\ext\jfxrt.jar;C:\Program Files\Java\jdk1.8.0_65\jre\lib\ext\localedata.jar;C:\Program Files\Java\jdk1.8.0_65\jre\lib\ext\nashorn.jar;C:\Program Files\Java\jdk1.8.0_65\jre\lib\ext\sunec.jar;C:\Program Files\Java\jdk1.8.0_65\jre\lib\ext\sunjce_provider.jar;C:\Program Files\Java\jdk1.8.0_65\jre\lib\ext\sunmscapi.jar;C:\Program Files\Java\jdk1.8.0_65\jre\lib\ext\sunpkcs11.jar;C:\Program Files\Java\jdk1.8.0_65\jre\lib\ext\zipfs.jar;C:\Program Files\Java\jdk1.8.0_65\jre\lib\javaws.jar;C:\Program Files\Java\jdk1.8.0_65\jre\lib\jce.jar;C:\Program Files\Java\jdk1.8.0_65\jre\lib\jfr.jar;C:\Program Files\Java\jdk1.8.0_65\jre\lib\jfxswt.jar;C:\Program Files\Java\jdk1.8.0_65\jre\lib\jsse.jar;C:\Program Files\Java\jdk1.8.0_65\jre\lib\management-agent.jar;C:\Program Files\Java\jdk1.8.0_65\jre\lib\plugin.jar;C:\Program Files\Java\jdk1.8.0_65\jre\lib\resources.jar;C:\Program Files\Java\jdk1.8.0_65\jre\lib\rt.jar;D:\Code\Java\Projects\WireEngine20\out\production\WireEngine20;D:\Code\Java\Projects\WireEngine20\lib\jar\lwjgl.jar;D:\Code\Java\Projects\WireEngine20\lib\jar\slick-util.jar;D:\Program Files (x86)\JetBrains\IntelliJ IDEA 2016.1\lib\idea_rt.jar
Launcher Type: SUN_STANDARD

Environment Variables:
JAVA_HOME=C:\Program Files\Java\jdk1.8.0_65
PATH=C:\ProgramData\Oracle\Java\javapath;C:\Program Files (x86)\Razer Chroma SDK\bin;C:\Program Files\Razer Chroma SDK\bin;C:\Program Files (x86)\NVIDIA Corporation\PhysX\Common;C:\Program Files (x86)\Intel\iCLS Client\;C:\Program Files\Intel\iCLS Client\;C:\Windows\system32;C:\Windows;C:\Windows\System32\Wbem;C:\Windows\System32\WindowsPowerShell\v1.0\;C:\Program Files\Intel\Intel(R) Management Engine Components\DAL;C:\Program Files (x86)\Intel\Intel(R) Management Engine Components\DAL;C:\Program Files\Intel\Intel(R) Management Engine Components\IPT;C:\Program Files (x86)\Intel\Intel(R) Management Engine Components\IPT;C:\Program Files\Java\jre1.8.0_65\bin;C:\MinGW\bin;C:\WINDOWS\system32;C:\WINDOWS;C:\WINDOWS\System32\Wbem;C:\WINDOWS\System32\WindowsPowerShell\v1.0\;D:\Program Files (x86)\CMake\bin;D:\Program Files\Programs\Python\Python35-32;D:\Program Files\Programs\Python\Python35-32\Scripts;C:\Program Files (x86)\Skype\Phone\;D:\Program Files\Programs\Python\Python35-32\Scripts\;D:\Program Files\Programs\Python\Python35-32\
USERNAME=Kelan
OS=Windows_NT
PROCESSOR_IDENTIFIER=Intel64 Family 6 Model 60 Stepping 3, GenuineIntel



---------------  S Y S T E M  ---------------

OS: Windows 10.0 , 64 bit Build 10586 (10.0.10586.0)

CPU:total 8 (4 cores per cpu, 2 threads per core) family 6 model 60 stepping 3, cmov, cx8, fxsr, mmx, sse, sse2, sse3, ssse3, sse4.1, sse4.2, popcnt, avx, avx2, aes, clmul, erms, lzcnt, ht, tsc, tscinvbit, bmi1, bmi2

Memory: 4k page, physical 16609500k(8006532k free), swap 33386716k(21938204k free)

vm_info: Java HotSpot(TM) 64-Bit Server VM (25.65-b01) for windows-amd64 JRE (1.8.0_65-b17), built on Oct  6 2015 16:39:20 by "java_re" with MS VC++ 10.0 (VS2010)

time: Fri Apr 15 22:59:15 2016
elapsed time: 4 seconds (0d 0h 0m 4s)

