#
# A fatal error has been detected by the Java Runtime Environment:
#
#  EXCEPTION_ACCESS_VIOLATION (0xc0000005) at pc=0x00007ffdd78c24b9, pid=10688, tid=6776
#
# JRE version: Java(TM) SE Runtime Environment (8.0_65-b17) (build 1.8.0_65-b17)
# Java VM: Java HotSpot(TM) 64-Bit Server VM (25.65-b01 mixed mode windows-amd64 compressed oops)
# Problematic frame:
# C  [glfw.dll+0x24b9]
#
# Failed to write core dump. Minidumps are not enabled by default on client versions of Windows
#
# If you would like to submit a bug report, please visit:
#   http://bugreport.java.com/bugreport/crash.jsp
# The crash happened outside the Java Virtual Machine in native code.
# See problematic frame for where to report the bug.
#

---------------  T H R E A D  ---------------

Current thread (0x000000001e245000):  JavaThread "CLIENT" [_thread_in_native, id=6776, stack(0x000000001ef50000,0x000000001f050000)]

siginfo: ExceptionCode=0xc0000005, reading address 0x0000000000000000

Registers:
RAX=0x0000000000000000, RBX=0x000000001b9ff240, RCX=0x0000000000000000, RDX=0x0000000000000000
RSP=0x000000001f04eaf0, RBP=0x000000001f04eb80, RSI=0x0000000000000108, RDI=0x000000000050c0b0
R8 =0x000000001f04eae8, R9 =0x000000001f04eb80, R10=0x0000000000000000, R11=0x0000000000000246
R12=0x0000000000000000, R13=0x000000001f04eb98, R14=0x000000001f04eb70, R15=0x000000001e245000
RIP=0x00007ffdd78c24b9, EFLAGS=0x0000000000010287

Top of Stack: (sp=0x000000001f04eaf0)
0x000000001f04eaf0:   0000000000000000 0000000000000108
0x000000001f04eb00:   000000001b9a5058 000000001bf80920
0x000000001f04eb10:   00000000000018d9 00000000029ed2ca
0x000000001f04eb20:   000000001b9ff240 000000007052aea4
0x000000001f04eb30:   000000001e245000 000000001e245000
0x000000001f04eb40:   000000001e245000 0000000000000000
0x000000001f04eb50:   000000001e1fffa0 00000000704b5eba
0x000000001f04eb60:   000000001f04f0f8 000000001f04ebf8
0x000000001f04eb70:   00000006c2808300 00000000000018d8
0x000000001f04eb80:   000000001f04ebf8 00000000025e7d8d
0x000000001f04eb90:   00000000025e7d8d 000000000050c0b0
0x000000001f04eba0:   00000000025e78a0 00007ffdd78c2420
0x000000001f04ebb0:   0000000000000001 000000001f04ebb8
0x000000001f04ebc0:   000000001ba1b99c 000000001f04ec20
0x000000001f04ebd0:   000000001ba1d980 0000000000000000
0x000000001f04ebe0:   000000001ba1b9c8 000000001f04eb98 

Instructions: (pc=0x00007ffdd78c24b9)
0x00007ffdd78c2499:   48 8b cf e8 1f 3a 00 00 48 39 3d f0 d5 02 00 48
0x00007ffdd78c24a9:   8d 0d e9 d5 02 00 48 8b 5c 24 30 74 08 48 8b 09
0x00007ffdd78c24b9:   48 39 39 75 f8 48 8b 07 48 89 01 48 8b cf 48 83
0x00007ffdd78c24c9:   c4 20 5f e9 5b fe 00 00 48 83 c4 20 5f c3 cc cc 


Register to memory mapping:

RAX=0x0000000000000000 is an unknown value
RBX={method} {0x000000001b9ff248} 'invokePV' '(JJ)V' in 'org/lwjgl/system/JNI'
RCX=0x0000000000000000 is an unknown value
RDX=0x0000000000000000 is an unknown value
RSP=0x000000001f04eaf0 is pointing into the stack for thread: 0x000000001e245000
RBP=0x000000001f04eb80 is pointing into the stack for thread: 0x000000001e245000
RSI=0x0000000000000108 is an unknown value
RDI=0x000000000050c0b0 is an unknown value
R8 =0x000000001f04eae8 is pointing into the stack for thread: 0x000000001e245000
R9 =0x000000001f04eb80 is pointing into the stack for thread: 0x000000001e245000
R10=0x0000000000000000 is an unknown value
R11=0x0000000000000246 is an unknown value
R12=0x0000000000000000 is an unknown value
R13=0x000000001f04eb98 is pointing into the stack for thread: 0x000000001e245000
R14=0x000000001f04eb70 is pointing into the stack for thread: 0x000000001e245000
R15=0x000000001e245000 is a thread


Stack: [0x000000001ef50000,0x000000001f050000],  sp=0x000000001f04eaf0,  free space=1018k
Native frames: (J=compiled Java code, j=interpreted, Vv=VM code, C=native code)
C  [glfw.dll+0x24b9]
C  0x00000000029ed2ca

Java frames: (J=compiled Java code, j=interpreted, Vv=VM code)
J 832  org.lwjgl.system.JNI.invokePV(JJ)V (0 bytes) @ 0x00000000029ed244 [0x00000000029ed200+0x44]
j  org.lwjgl.glfw.GLFW.glfwDestroyCursor(J)V+20
j  main.client.Window.destroyWindow()V+9
j  main.coreEngine.Engine.stop()V+70
j  main.client.Window.update()V+33
j  main.client.renderEngine.RenderEngine.render()V+38
J 835 C1 main.client.ClientThread.tick()V (16 bytes) @ 0x00000000029f235c [0x00000000029f1dc0+0x59c]
j  main.coreEngine.TickableThread.run()V+469
v  ~StubRoutines::call_stub

---------------  P R O C E S S  ---------------

Java Threads: ( => current thread )
  0x000000001e247000 JavaThread "SERVER" [_thread_in_Java, id=5804, stack(0x000000001f050000,0x000000001f150000)]
=>0x000000001e245000 JavaThread "CLIENT" [_thread_in_native, id=6776, stack(0x000000001ef50000,0x000000001f050000)]
  0x000000001e140000 JavaThread "Service Thread" daemon [_thread_blocked, id=12568, stack(0x000000001ed50000,0x000000001ee50000)]
  0x000000001e0b1800 JavaThread "C1 CompilerThread3" daemon [_thread_blocked, id=10124, stack(0x000000001ec50000,0x000000001ed50000)]
  0x000000001e0a9000 JavaThread "C2 CompilerThread2" daemon [_thread_blocked, id=1344, stack(0x000000001eb50000,0x000000001ec50000)]
  0x000000001e0a8000 JavaThread "C2 CompilerThread1" daemon [_thread_blocked, id=12432, stack(0x000000001ea50000,0x000000001eb50000)]
  0x000000001e0ac800 JavaThread "C2 CompilerThread0" daemon [_thread_blocked, id=11720, stack(0x000000001e950000,0x000000001ea50000)]
  0x000000001e092800 JavaThread "JDWP Command Reader" daemon [_thread_in_native, id=6052, stack(0x000000001e850000,0x000000001e950000)]
  0x000000001e08f800 JavaThread "JDWP Event Helper Thread" daemon [_thread_blocked, id=11708, stack(0x000000001e750000,0x000000001e850000)]
  0x000000001e080000 JavaThread "JDWP Transport Listener: dt_socket" daemon [_thread_blocked, id=12992, stack(0x000000001e650000,0x000000001e750000)]
  0x000000001e077000 JavaThread "Attach Listener" daemon [_thread_blocked, id=14248, stack(0x000000001e550000,0x000000001e650000)]
  0x000000001e075800 JavaThread "Signal Dispatcher" daemon [_thread_blocked, id=100, stack(0x000000001e450000,0x000000001e550000)]
  0x00000000025da000 JavaThread "Finalizer" daemon [_thread_blocked, id=11804, stack(0x000000001de70000,0x000000001df70000)]
  0x000000001bf7d000 JavaThread "Reference Handler" daemon [_thread_blocked, id=9352, stack(0x000000001dd70000,0x000000001de70000)]
  0x00000000023de000 JavaThread "main" [_thread_in_Java, id=6180, stack(0x00000000023e0000,0x00000000024e0000)]

Other Threads:
  0x000000001bf78800 VMThread [stack: 0x000000001dc70000,0x000000001dd70000] [id=11776]
  0x000000001e161000 WatcherThread [stack: 0x000000001ee50000,0x000000001ef50000] [id=244]

VM state:not at safepoint (normal execution)

VM Mutex/Monitor currently owned by a thread: None

Heap:
 PSYoungGen      total 1120256K, used 849067K [0x000000076b800000, 0x00000007be000000, 0x00000007c0000000)
  eden space 1119744K, 75% used [0x000000076b800000,0x000000079f4f2e98,0x00000007afd80000)
  from space 512K, 43% used [0x00000007bdf80000,0x00000007bdfb8000,0x00000007be000000)
  to   space 9728K, 0% used [0x00000007bcd00000,0x00000007bcd00000,0x00000007bd680000)
 ParOldGen       total 173568K, used 34127K [0x00000006c2800000, 0x00000006cd180000, 0x000000076b800000)
  object space 173568K, 19% used [0x00000006c2800000,0x00000006c4953c68,0x00000006cd180000)
 Metaspace       used 8366K, capacity 8710K, committed 8960K, reserved 1056768K
  class space    used 659K, capacity 690K, committed 768K, reserved 1048576K

Card table byte_map: [0x00000000119a0000,0x0000000012190000] byte_map_base: 0x000000000e38c000

Marking Bits: (ParMarkBitMap*) 0x0000000070c0a5b0
 Begin Bits: [0x0000000012ee0000, 0x0000000016e40000)
 End Bits:   [0x0000000016e40000, 0x000000001ada0000)

Polling page: 0x0000000000990000

CodeCache: size=245760Kb used=4271Kb max_used=4271Kb free=241488Kb
 bounds [0x00000000025e0000, 0x0000000002a10000, 0x00000000115e0000]
 total_blobs=1522 nmethods=867 adapters=576
 compilation: enabled

Compilation events (10 events):
Event: 7.708 Thread 0x000000001e0b1800  865       3       main.client.InputHandler::isCursorGrabbed (4 bytes)
Event: 7.708 Thread 0x000000001e0b1800 nmethod 865 0x0000000002a0d050 code [0x0000000002a0d1a0, 0x0000000002a0d2f0]
Event: 7.708 Thread 0x000000001e0b1800  866       3       main.coreEngine.util.maths.Vector::length (10 bytes)
Event: 7.709 Thread 0x000000001e0b1800 nmethod 866 0x0000000002a0d350 code [0x0000000002a0d4c0, 0x0000000002a0d708]
Event: 7.709 Thread 0x000000001e0b1800  867   !   3       java.io.PrintStream::println (24 bytes)
Event: 7.709 Thread 0x000000001e0b1800 nmethod 867 0x0000000002a0d790 code [0x0000000002a0d960, 0x0000000002a0dfd8]
Event: 8.554 Thread 0x000000001e0b1800  868       3       sun.misc.FloatingDecimal$BinaryToASCIIBuffer::access$100 (11 bytes)
Event: 8.555 Thread 0x000000001e0b1800 nmethod 868 0x0000000002a0e410 code [0x0000000002a0e580, 0x0000000002a0e728]
Event: 8.938 Thread 0x000000001e0b1800  869       1       java.io.OutputStream::flush (1 bytes)
Event: 8.938 Thread 0x000000001e0b1800 nmethod 869 0x0000000002a0e810 code [0x0000000002a0e960, 0x0000000002a0ea70]

GC Heap History (10 events):
Event: 4.407 GC heap before
{Heap before GC invocations=16 (full 0):
 PSYoungGen      total 1052672K, used 1040096K [0x000000076b800000, 0x00000007bff80000, 0x00000007c0000000)
  eden space 1039872K, 100% used [0x000000076b800000,0x00000007aaf80000,0x00000007aaf80000)
  from space 12800K, 1% used [0x00000007aaf80000,0x00000007aafb8000,0x00000007abc00000)
  to   space 12288K, 0% used [0x00000007bf380000,0x00000007bf380000,0x00000007bff80000)
 ParOldGen       total 173568K, used 34087K [0x00000006c2800000, 0x00000006cd180000, 0x000000076b800000)
  object space 173568K, 19% used [0x00000006c2800000,0x00000006c4949c68,0x00000006cd180000)
 Metaspace       used 8329K, capacity 8710K, committed 8960K, reserved 1056768K
  class space    used 659K, capacity 690K, committed 768K, reserved 1048576K
Event: 4.408 GC heap after
Heap after GC invocations=16 (full 0):
 PSYoungGen      total 1370624K, used 224K [0x000000076b800000, 0x00000007bfe80000, 0x00000007c0000000)
  eden space 1359360K, 0% used [0x000000076b800000,0x000000076b800000,0x00000007be780000)
  from space 11264K, 1% used [0x00000007bf380000,0x00000007bf3b8000,0x00000007bfe80000)
  to   space 11776K, 0% used [0x00000007be780000,0x00000007be780000,0x00000007bf300000)
 ParOldGen       total 173568K, used 34087K [0x00000006c2800000, 0x00000006cd180000, 0x000000076b800000)
  object space 173568K, 19% used [0x00000006c2800000,0x00000006c4949c68,0x00000006cd180000)
 Metaspace       used 8329K, capacity 8710K, committed 8960K, reserved 1056768K
  class space    used 659K, capacity 690K, committed 768K, reserved 1048576K
}
Event: 5.488 GC heap before
{Heap before GC invocations=17 (full 0):
 PSYoungGen      total 1370624K, used 1359584K [0x000000076b800000, 0x00000007bfe80000, 0x00000007c0000000)
  eden space 1359360K, 100% used [0x000000076b800000,0x00000007be780000,0x00000007be780000)
  from space 11264K, 1% used [0x00000007bf380000,0x00000007bf3b8000,0x00000007bfe80000)
  to   space 11776K, 0% used [0x00000007be780000,0x00000007be780000,0x00000007bf300000)
 ParOldGen       total 173568K, used 34087K [0x00000006c2800000, 0x00000006cd180000, 0x000000076b800000)
  object space 173568K, 19% used [0x00000006c2800000,0x00000006c4949c68,0x00000006cd180000)
 Metaspace       used 8337K, capacity 8710K, committed 8960K, reserved 1056768K
  class space    used 659K, capacity 690K, committed 768K, reserved 1048576K
Event: 5.489 GC heap after
Heap after GC invocations=17 (full 0):
 PSYoungGen      total 1295360K, used 224K [0x000000076b800000, 0x00000007bf400000, 0x00000007c0000000)
  eden space 1294848K, 0% used [0x000000076b800000,0x000000076b800000,0x00000007ba880000)
  from space 512K, 43% used [0x00000007be780000,0x00000007be7b8000,0x00000007be800000)
  to   space 11264K, 0% used [0x00000007be900000,0x00000007be900000,0x00000007bf400000)
 ParOldGen       total 173568K, used 34087K [0x00000006c2800000, 0x00000006cd180000, 0x000000076b800000)
  object space 173568K, 19% used [0x00000006c2800000,0x00000006c4949c68,0x00000006cd180000)
 Metaspace       used 8337K, capacity 8710K, committed 8960K, reserved 1056768K
  class space    used 659K, capacity 690K, committed 768K, reserved 1048576K
}
Event: 6.559 GC heap before
{Heap before GC invocations=18 (full 0):
 PSYoungGen      total 1295360K, used 1295072K [0x000000076b800000, 0x00000007bf400000, 0x00000007c0000000)
  eden space 1294848K, 100% used [0x000000076b800000,0x00000007ba880000,0x00000007ba880000)
  from space 512K, 43% used [0x00000007be780000,0x00000007be7b8000,0x00000007be800000)
  to   space 11264K, 0% used [0x00000007be900000,0x00000007be900000,0x00000007bf400000)
 ParOldGen       total 173568K, used 34087K [0x00000006c2800000, 0x00000006cd180000, 0x000000076b800000)
  object space 173568K, 19% used [0x00000006c2800000,0x00000006c4949c68,0x00000006cd180000)
 Metaspace       used 8343K, capacity 8710K, committed 8960K, reserved 1056768K
  class space    used 659K, capacity 690K, committed 768K, reserved 1048576K
Event: 6.560 GC heap after
Heap after GC invocations=18 (full 0):
 PSYoungGen      total 1233920K, used 224K [0x000000076b800000, 0x00000007be980000, 0x00000007c0000000)
  eden space 1233408K, 0% used [0x000000076b800000,0x000000076b800000,0x00000007b6c80000)
  from space 512K, 43% used [0x00000007be900000,0x00000007be938000,0x00000007be980000)
  to   space 10752K, 0% used [0x00000007bd480000,0x00000007bd480000,0x00000007bdf00000)
 ParOldGen       total 173568K, used 34095K [0x00000006c2800000, 0x00000006cd180000, 0x000000076b800000)
  object space 173568K, 19% used [0x00000006c2800000,0x00000006c494bc68,0x00000006cd180000)
 Metaspace       used 8343K, capacity 8710K, committed 8960K, reserved 1056768K
  class space    used 659K, capacity 690K, committed 768K, reserved 1048576K
}
Event: 7.706 GC heap before
{Heap before GC invocations=19 (full 0):
 PSYoungGen      total 1233920K, used 1233632K [0x000000076b800000, 0x00000007be980000, 0x00000007c0000000)
  eden space 1233408K, 100% used [0x000000076b800000,0x00000007b6c80000,0x00000007b6c80000)
  from space 512K, 43% used [0x00000007be900000,0x00000007be938000,0x00000007be980000)
  to   space 10752K, 0% used [0x00000007bd480000,0x00000007bd480000,0x00000007bdf00000)
 ParOldGen       total 173568K, used 34095K [0x00000006c2800000, 0x00000006cd180000, 0x000000076b800000)
  object space 173568K, 19% used [0x00000006c2800000,0x00000006c494bc68,0x00000006cd180000)
 Metaspace       used 8358K, capacity 8710K, committed 8960K, reserved 1056768K
  class space    used 659K, capacity 690K, committed 768K, reserved 1048576K
Event: 7.706 GC heap after
Heap after GC invocations=19 (full 0):
 PSYoungGen      total 1185792K, used 224K [0x000000076b800000, 0x00000007be980000, 0x00000007c0000000)
  eden space 1175040K, 0% used [0x000000076b800000,0x000000076b800000,0x00000007b3380000)
  from space 10752K, 2% used [0x00000007bd480000,0x00000007bd4b8000,0x00000007bdf00000)
  to   space 10240K, 0% used [0x00000007bdf80000,0x00000007bdf80000,0x00000007be980000)
 ParOldGen       total 173568K, used 34095K [0x00000006c2800000, 0x00000006cd180000, 0x000000076b800000)
  object space 173568K, 19% used [0x00000006c2800000,0x00000006c494bc68,0x00000006cd180000)
 Metaspace       used 8358K, capacity 8710K, committed 8960K, reserved 1056768K
  class space    used 659K, capacity 690K, committed 768K, reserved 1048576K
}
Event: 8.610 GC heap before
{Heap before GC invocations=20 (full 0):
 PSYoungGen      total 1185792K, used 1175264K [0x000000076b800000, 0x00000007be980000, 0x00000007c0000000)
  eden space 1175040K, 100% used [0x000000076b800000,0x00000007b3380000,0x00000007b3380000)
  from space 10752K, 2% used [0x00000007bd480000,0x00000007bd4b8000,0x00000007bdf00000)
  to   space 10240K, 0% used [0x00000007bdf80000,0x00000007bdf80000,0x00000007be980000)
 ParOldGen       total 173568K, used 34095K [0x00000006c2800000, 0x00000006cd180000, 0x000000076b800000)
  object space 173568K, 19% used [0x00000006c2800000,0x00000006c494bc68,0x00000006cd180000)
 Metaspace       used 8365K, capacity 8710K, committed 8960K, reserved 1056768K
  class space    used 659K, capacity 690K, committed 768K, reserved 1048576K
Event: 8.611 GC heap after
Heap after GC invocations=20 (full 0):
 PSYoungGen      total 1120256K, used 224K [0x000000076b800000, 0x00000007be000000, 0x00000007c0000000)
  eden space 1119744K, 0% used [0x000000076b800000,0x000000076b800000,0x00000007afd80000)
  from space 512K, 43% used [0x00000007bdf80000,0x00000007bdfb8000,0x00000007be000000)
  to   space 9728K, 0% used [0x00000007bcd00000,0x00000007bcd00000,0x00000007bd680000)
 ParOldGen       total 173568K, used 34127K [0x00000006c2800000, 0x00000006cd180000, 0x000000076b800000)
  object space 173568K, 19% used [0x00000006c2800000,0x00000006c4953c68,0x00000006cd180000)
 Metaspace       used 8365K, capacity 8710K, committed 8960K, reserved 1056768K
  class space    used 659K, capacity 690K, committed 768K, reserved 1048576K
}

Deoptimization events (10 events):
Event: 1.126 Thread 0x000000001e245000 Uncommon trap: reason=class_check action=maybe_recompile pc=0x000000000291ad08 method=java.util.HashMap.putVal(ILjava/lang/Object;Ljava/lang/Object;ZZ)Ljava/lang/Object; @ 203
Event: 1.189 Thread 0x000000001e245000 Uncommon trap: reason=class_check action=maybe_recompile pc=0x000000000291ad08 method=java.util.HashMap.putVal(ILjava/lang/Object;Ljava/lang/Object;ZZ)Ljava/lang/Object; @ 203
Event: 1.195 Thread 0x000000001e245000 Uncommon trap: reason=class_check action=maybe_recompile pc=0x000000000291ad08 method=java.util.HashMap.putVal(ILjava/lang/Object;Ljava/lang/Object;ZZ)Ljava/lang/Object; @ 203
Event: 1.195 Thread 0x000000001e245000 Uncommon trap: reason=class_check action=maybe_recompile pc=0x000000000291ad08 method=java.util.HashMap.putVal(ILjava/lang/Object;Ljava/lang/Object;ZZ)Ljava/lang/Object; @ 203
Event: 1.209 Thread 0x000000001e245000 Uncommon trap: reason=unstable_if action=reinterpret pc=0x0000000002958fa8 method=main.client.renderEngine.mesh.Mesh.compile(ILjava/util/List;)Lmain/client/renderEngine/mesh/Mesh; @ 102
Event: 1.238 Thread 0x000000001e245000 Uncommon trap: reason=unstable_if action=reinterpret pc=0x000000000296d118 method=main.client.renderEngine.mesh.Mesh.compile(ILjava/util/List;)Lmain/client/renderEngine/mesh/Mesh; @ 219
Event: 1.287 Thread 0x000000001e245000 Uncommon trap: reason=unstable_if action=reinterpret pc=0x0000000002986bf4 method=main.client.renderEngine.mesh.Mesh.compile(ILjava/util/List;)Lmain/client/renderEngine/mesh/Mesh; @ 559
Event: 1.304 Thread 0x000000001e245000 Uncommon trap: reason=unstable_if action=reinterpret pc=0x00000000028aadec method=main.coreEngine.TickableThread.run()V @ 461
Event: 1.312 Thread 0x000000001e247000 Uncommon trap: reason=unstable_if action=reinterpret pc=0x00000000028aadec method=main.coreEngine.TickableThread.run()V @ 461
Event: 1.320 Thread 0x00000000023de000 Uncommon trap: reason=unstable_if action=reinterpret pc=0x0000000002957148 method=main.coreEngine.Engine.start()V @ 163

Internal exceptions (8 events):
Event: 0.022 Thread 0x00000000023de000 Exception <a 'java/lang/NoSuchMethodError': Method sun.misc.Unsafe.defineClass(Ljava/lang/String;[BII)Ljava/lang/Class; name or signature does not match> (0x000000076b80d9b8) thrown at [C:\workspace\8-2-build-windows-amd64-cygwin\jdk8u65\4987\hotspot\src\sZ∫Ôı‹ñ?
Event: 0.022 Thread 0x00000000023de000 Exception <a 'java/lang/NoSuchMethodError': Method sun.misc.Unsafe.prefetchRead(Ljava/lang/Object;J)V name or signature does not match> (0x000000076b80dca0) thrown at [C:\workspace\8-2-build-windows-amd64-cygwin\jdk8u65\4987\hotspot\src\share\vm\prims\jni.òqe;Ÿ?
Event: 0.392 Thread 0x000000001e245000 Exception <a 'java/security/PrivilegedActionException'> (0x000000076d9b2c08) thrown at [C:\workspace\8-2-build-windows-amd64-cygwin\jdk8u65\4987\hotspot\src\share\vm\prims\jvm.cpp, line 1386]
Event: 0.392 Thread 0x000000001e245000 Exception <a 'java/security/PrivilegedActionException'> (0x000000076d9b3000) thrown at [C:\workspace\8-2-build-windows-amd64-cygwin\jdk8u65\4987\hotspot\src\share\vm\prims\jvm.cpp, line 1386]
Event: 0.393 Thread 0x000000001e245000 Exception <a 'java/security/PrivilegedActionException'> (0x000000076d9b7218) thrown at [C:\workspace\8-2-build-windows-amd64-cygwin\jdk8u65\4987\hotspot\src\share\vm\prims\jvm.cpp, line 1386]
Event: 0.393 Thread 0x000000001e245000 Exception <a 'java/security/PrivilegedActionException'> (0x000000076d9b7610) thrown at [C:\workspace\8-2-build-windows-amd64-cygwin\jdk8u65\4987\hotspot\src\share\vm\prims\jvm.cpp, line 1386]
Event: 0.742 Thread 0x00000000023de000 Implicit null exception at 0x000000000274687c to 0x0000000002746e49
Event: 1.104 Thread 0x000000001e245000 Implicit null exception at 0x0000000002909c7c to 0x000000000290a1a1

Events (10 events):
Event: 4.588 Thread 0x000000001e245000 DEOPT PACKING pc=0x00000000029cd1ea sp=0x000000001f04ecb0
Event: 4.588 Thread 0x000000001e245000 DEOPT UNPACKING pc=0x000000000262787f sp=0x000000001f04e9d8 mode 0
Event: 5.488 Executing VM operation: ParallelGCFailedAllocation
Event: 5.489 Executing VM operation: ParallelGCFailedAllocation done
Event: 6.559 Executing VM operation: ParallelGCFailedAllocation
Event: 6.560 Executing VM operation: ParallelGCFailedAllocation done
Event: 7.706 Executing VM operation: ParallelGCFailedAllocation
Event: 7.706 Executing VM operation: ParallelGCFailedAllocation done
Event: 8.610 Executing VM operation: ParallelGCFailedAllocation
Event: 8.611 Executing VM operation: ParallelGCFailedAllocation done


Dynamic libraries:
0x00007ff76c070000 - 0x00007ff76c0a7000 	C:\Program Files\Java\jdk1.8.0_65\bin\java.exe
0x00007ffde4980000 - 0x00007ffde4b41000 	C:\WINDOWS\SYSTEM32\ntdll.dll
0x00007ffde42a0000 - 0x00007ffde434d000 	C:\WINDOWS\system32\KERNEL32.DLL
0x00007ffde19f0000 - 0x00007ffde1bd8000 	C:\WINDOWS\system32\KERNELBASE.dll
0x00007ffde1e70000 - 0x00007ffde1f17000 	C:\WINDOWS\system32\ADVAPI32.dll
0x00007ffde3800000 - 0x00007ffde389d000 	C:\WINDOWS\system32\msvcrt.dll
0x00007ffde1e10000 - 0x00007ffde1e6b000 	C:\WINDOWS\system32\sechost.dll
0x00007ffde3bd0000 - 0x00007ffde3cec000 	C:\WINDOWS\system32\RPCRT4.dll
0x00007ffde3fe0000 - 0x00007ffde4136000 	C:\WINDOWS\system32\USER32.dll
0x00007ffde3cf0000 - 0x00007ffde3e76000 	C:\WINDOWS\system32\GDI32.dll
0x00007ffddd690000 - 0x00007ffddd904000 	C:\WINDOWS\WinSxS\amd64_microsoft.windows.common-controls_6595b64144ccf1df_6.0.10586.0_none_8c15ae12515e1c22\COMCTL32.dll
0x00007ffde3950000 - 0x00007ffde3bcd000 	C:\WINDOWS\system32\combase.dll
0x00007ffde1cf0000 - 0x00007ffde1d5a000 	C:\WINDOWS\system32\bcryptPrimitives.dll
0x00007ffde1dc0000 - 0x00007ffde1dfb000 	C:\WINDOWS\system32\IMM32.DLL
0x0000000070c90000 - 0x0000000070d62000 	C:\Program Files\Java\jdk1.8.0_65\jre\bin\msvcr100.dll
0x0000000070400000 - 0x0000000070c89000 	C:\Program Files\Java\jdk1.8.0_65\jre\bin\server\jvm.dll
0x00007ffde4290000 - 0x00007ffde4298000 	C:\WINDOWS\system32\PSAPI.DLL
0x00007ffdd8550000 - 0x00007ffdd8559000 	C:\WINDOWS\SYSTEM32\WSOCK32.dll
0x00007ffddf730000 - 0x00007ffddf753000 	C:\WINDOWS\SYSTEM32\WINMM.dll
0x00007ffddd9c0000 - 0x00007ffddd9ca000 	C:\WINDOWS\SYSTEM32\VERSION.dll
0x00007ffde4470000 - 0x00007ffde44db000 	C:\WINDOWS\system32\WS2_32.dll
0x0000000002320000 - 0x000000000234c000 	C:\WINDOWS\SYSTEM32\WINMMBASE.dll
0x00007ffde1be0000 - 0x00007ffde1c23000 	C:\WINDOWS\system32\cfgmgr32.dll
0x00000000703f0000 - 0x00000000703ff000 	C:\Program Files\Java\jdk1.8.0_65\jre\bin\verify.dll
0x00000000703c0000 - 0x00000000703e9000 	C:\Program Files\Java\jdk1.8.0_65\jre\bin\java.dll
0x0000000070360000 - 0x0000000070395000 	C:\Program Files\Java\jdk1.8.0_65\jre\bin\jdwp.dll
0x0000000070350000 - 0x0000000070358000 	C:\Program Files\Java\jdk1.8.0_65\jre\bin\npt.dll
0x00000000703a0000 - 0x00000000703b6000 	C:\Program Files\Java\jdk1.8.0_65\jre\bin\zip.dll
0x00007ffde1f80000 - 0x00007ffde34dc000 	C:\WINDOWS\system32\SHELL32.dll
0x00007ffde11d0000 - 0x00007ffde1815000 	C:\WINDOWS\system32\windows.storage.dll
0x00007ffde36b0000 - 0x00007ffde3702000 	C:\WINDOWS\system32\shlwapi.dll
0x00007ffde0fb0000 - 0x00007ffde0fbf000 	C:\WINDOWS\system32\kernel.appcore.dll
0x00007ffde1c30000 - 0x00007ffde1ce5000 	C:\WINDOWS\system32\shcore.dll
0x00007ffde0fc0000 - 0x00007ffde100b000 	C:\WINDOWS\system32\powrprof.dll
0x00007ffde0f80000 - 0x00007ffde0f94000 	C:\WINDOWS\system32\profapi.dll
0x0000000070340000 - 0x0000000070349000 	C:\Program Files\Java\jdk1.8.0_65\jre\bin\dt_socket.dll
0x00007ffde08b0000 - 0x00007ffde090c000 	C:\WINDOWS\system32\mswsock.dll
0x00007ffdc5f70000 - 0x00007ffdc5ff8000 	D:\Code\Java\Projects\WireEngine20\lib\native\lwjgl.dll
0x00007ffde0a80000 - 0x00007ffde0a8b000 	C:\WINDOWS\SYSTEM32\CRYPTBASE.DLL
0x00007ffdd3df0000 - 0x00007ffdd3e32000 	D:\Code\Java\Projects\WireEngine20\lib\native\jemalloc.dll
0x00007ffdd78c0000 - 0x00007ffdd78f8000 	D:\Code\Java\Projects\WireEngine20\lib\native\glfw.dll
0x00007ffddf850000 - 0x00007ffddf8e6000 	C:\WINDOWS\system32\uxtheme.dll
0x00007ffdde650000 - 0x00007ffdde672000 	C:\WINDOWS\SYSTEM32\dwmapi.dll
0x00007ffdc9d10000 - 0x00007ffdc9e39000 	C:\WINDOWS\SYSTEM32\opengl32.dll
0x00007ffdcfb20000 - 0x00007ffdcfb4e000 	C:\WINDOWS\SYSTEM32\GLU32.dll
0x00007ffdcc520000 - 0x00007ffdcc61a000 	C:\WINDOWS\SYSTEM32\DDRAW.dll
0x00007ffdd96b0000 - 0x00007ffdd96b8000 	C:\WINDOWS\SYSTEM32\DCIMAN32.dll
0x00007ffde3e80000 - 0x00007ffde3fda000 	C:\WINDOWS\system32\MSCTF.dll
0x00007ffdd2dd0000 - 0x00007ffdd2e19000 	C:\Program Files (x86)\TeamViewer\tv_x64.dll
0x00007ffde4140000 - 0x00007ffde4283000 	C:\WINDOWS\system32\ole32.dll
0x000000006e5f0000 - 0x0000000070339000 	C:\WINDOWS\SYSTEM32\nvoglv64.DLL
0x00007ffde4550000 - 0x00007ffde4979000 	C:\WINDOWS\system32\SETUPAPI.dll
0x00007ffddf2f0000 - 0x00007ffddf303000 	C:\WINDOWS\SYSTEM32\WTSAPI32.dll
0x00007ffddf9a0000 - 0x00007ffddf9c7000 	C:\WINDOWS\SYSTEM32\DEVOBJ.dll
0x00007ffde1170000 - 0x00007ffde11c5000 	C:\WINDOWS\system32\WINTRUST.dll
0x00007ffde0fa0000 - 0x00007ffde0fb0000 	C:\WINDOWS\system32\MSASN1.dll
0x00007ffde1820000 - 0x00007ffde19e7000 	C:\WINDOWS\system32\CRYPT32.dll
0x00007ffde04d0000 - 0x00007ffde0501000 	C:\WINDOWS\SYSTEM32\ntmarta.dll
0x00007ffde0220000 - 0x00007ffde0276000 	C:\WINDOWS\SYSTEM32\WINSTA.dll
0x00007ffde38a0000 - 0x00007ffde3947000 	C:\WINDOWS\system32\clbcatq.dll
0x00007ffddc360000 - 0x00007ffddc385000 	C:\Program Files (x86)\Samsung\Easy Printer Manager\SmartScreenPrint\CDAKEYMonitor64.dll
0x00007ffde3730000 - 0x00007ffde37f1000 	C:\WINDOWS\system32\OLEAUT32.dll
0x00007ffdb9de0000 - 0x00007ffdb9f6c000 	C:\WINDOWS\SYSTEM32\dbghelp.dll

VM Arguments:
jvm_args: -agentlib:jdwp=transport=dt_socket,address=127.0.0.1:61843,suspend=y,server=n -Djava.library.path=lib/native/ -Dfile.encoding=UTF-8 
java_command: main.Main
java_class_path (initial): C:\Program Files\Java\jdk1.8.0_65\jre\lib\charsets.jar;C:\Program Files\Java\jdk1.8.0_65\jre\lib\deploy.jar;C:\Program Files\Java\jdk1.8.0_65\jre\lib\ext\access-bridge-64.jar;C:\Program Files\Java\jdk1.8.0_65\jre\lib\ext\cldrdata.jar;C:\Program Files\Java\jdk1.8.0_65\jre\lib\ext\dnsns.jar;C:\Program Files\Java\jdk1.8.0_65\jre\lib\ext\jaccess.jar;C:\Program Files\Java\jdk1.8.0_65\jre\lib\ext\jfxrt.jar;C:\Program Files\Java\jdk1.8.0_65\jre\lib\ext\localedata.jar;C:\Program Files\Java\jdk1.8.0_65\jre\lib\ext\nashorn.jar;C:\Program Files\Java\jdk1.8.0_65\jre\lib\ext\sunec.jar;C:\Program Files\Java\jdk1.8.0_65\jre\lib\ext\sunjce_provider.jar;C:\Program Files\Java\jdk1.8.0_65\jre\lib\ext\sunmscapi.jar;C:\Program Files\Java\jdk1.8.0_65\jre\lib\ext\sunpkcs11.jar;C:\Program Files\Java\jdk1.8.0_65\jre\lib\ext\zipfs.jar;C:\Program Files\Java\jdk1.8.0_65\jre\lib\javaws.jar;C:\Program Files\Java\jdk1.8.0_65\jre\lib\jce.jar;C:\Program Files\Java\jdk1.8.0_65\jre\lib\jfr.jar;C:\Program Files\Java\jdk1.8.0_65\jre\lib\jfxswt.jar;C:\Program Files\Java\jdk1.8.0_65\jre\lib\jsse.jar;C:\Program Files\Java\jdk1.8.0_65\jre\lib\management-agent.jar;C:\Program Files\Java\jdk1.8.0_65\jre\lib\plugin.jar;C:\Program Files\Java\jdk1.8.0_65\jre\lib\resources.jar;C:\Program Files\Java\jdk1.8.0_65\jre\lib\rt.jar;D:\Code\Java\Projects\WireEngine20\out\production\WireEngine20;D:\Code\Java\Projects\WireEngine20\lib\jar\lwjgl.jar;D:\Program Files (x86)\JetBrains\IntelliJ IDEA 2016.1\lib\idea_rt.jar
Launcher Type: SUN_STANDARD

Environment Variables:
JAVA_HOME=C:\Program Files\Java\jdk1.8.0_65
PATH=C:\ProgramData\Oracle\Java\javapath;C:\Program Files (x86)\Razer Chroma SDK\bin;C:\Program Files\Razer Chroma SDK\bin;C:\Program Files (x86)\NVIDIA Corporation\PhysX\Common;C:\Program Files (x86)\Intel\iCLS Client\;C:\Program Files\Intel\iCLS Client\;C:\Windows\system32;C:\Windows;C:\Windows\System32\Wbem;C:\Windows\System32\WindowsPowerShell\v1.0\;C:\Program Files\Intel\Intel(R) Management Engine Components\DAL;C:\Program Files (x86)\Intel\Intel(R) Management Engine Components\DAL;C:\Program Files\Intel\Intel(R) Management Engine Components\IPT;C:\Program Files (x86)\Intel\Intel(R) Management Engine Components\IPT;C:\Program Files\Java\jre1.8.0_65\bin;C:\MinGW\bin;C:\WINDOWS\system32;C:\WINDOWS;C:\WINDOWS\System32\Wbem;C:\WINDOWS\System32\WindowsPowerShell\v1.0\;D:\Program Files (x86)\CMake\bin;D:\Program Files\Programs\Python\Python35-32;D:\Program Files\Programs\Python\Python35-32\Scripts;C:\Program Files (x86)\Skype\Phone\;D:\Program Files\Programs\Python\Python35-32\Scripts\;D:\Program Files\Programs\Python\Python35-32\
USERNAME=Kelan
OS=Windows_NT
PROCESSOR_IDENTIFIER=Intel64 Family 6 Model 60 Stepping 3, GenuineIntel



---------------  S Y S T E M  ---------------

OS: Windows 10.0 , 64 bit Build 10586 (10.0.10586.0)

CPU:total 8 (4 cores per cpu, 2 threads per core) family 6 model 60 stepping 3, cmov, cx8, fxsr, mmx, sse, sse2, sse3, ssse3, sse4.1, sse4.2, popcnt, avx, avx2, aes, clmul, erms, lzcnt, ht, tsc, tscinvbit, bmi1, bmi2

Memory: 4k page, physical 16609500k(2457188k free), swap 33386716k(17132056k free)

vm_info: Java HotSpot(TM) 64-Bit Server VM (25.65-b01) for windows-amd64 JRE (1.8.0_65-b17), built on Oct  6 2015 16:39:20 by "java_re" with MS VC++ 10.0 (VS2010)

time: Tue Apr 12 11:24:18 2016
elapsed time: 9 seconds (0d 0h 0m 9s)

