#
# A fatal error has been detected by the Java Runtime Environment:
#
#  EXCEPTION_ACCESS_VIOLATION (0xc0000005) at pc=0x00007ffb31d024b9, pid=13280, tid=1892
#
# JRE version: Java(TM) SE Runtime Environment (8.0_65-b17) (build 1.8.0_65-b17)
# Java VM: Java HotSpot(TM) 64-Bit Server VM (25.65-b01 mixed mode windows-amd64 compressed oops)
# Problematic frame:
# C  [glfw.dll+0x24b9]
#
# Failed to write core dump. Minidumps are not enabled by default on client versions of Windows
#
# If you would like to submit a bug report, please visit:
#   http://bugreport.java.com/bugreport/crash.jsp
# The crash happened outside the Java Virtual Machine in native code.
# See problematic frame for where to report the bug.
#

---------------  T H R E A D  ---------------

Current thread (0x000000001e2d0000):  JavaThread "CLIENT" [_thread_in_native, id=1892, stack(0x000000001efd0000,0x000000001f0d0000)]

siginfo: ExceptionCode=0xc0000005, reading address 0x0000000000000000

Registers:
RAX=0x0000000000000000, RBX=0x000000001bab3030, RCX=0x0000000000000000, RDX=0x0000000000000000
RSP=0x000000001f0ced50, RBP=0x000000001f0cede0, RSI=0x0000000000000108, RDI=0x0000000000680810
R8 =0x000000001f0ced48, R9 =0x000000001f0cede0, R10=0x0000000000000000, R11=0x0000000000000246
R12=0x0000000000000000, R13=0x000000001f0cedf8, R14=0x000000001f0cedd0, R15=0x000000001e2d0000
RIP=0x00007ffb31d024b9, EFLAGS=0x0000000000010287

Top of Stack: (sp=0x000000001f0ced50)
0x000000001f0ced50:   0000000000000000 0000000000000108
0x000000001f0ced60:   000000001ba57d10 000000001c0315d0
0x000000001f0ced70:   000000000000320f 0000000002b1240a
0x000000001f0ced80:   000000001bab3030 000000006c6caea4
0x000000001f0ced90:   000000001e2d0000 000000001e2d0000
0x000000001f0ceda0:   000000001e2d0000 0000000000000000
0x000000001f0cedb0:   000000001e2ac0c0 000000006c655eba
0x000000001f0cedc0:   000000001f0cf528 000000001f0cee58
0x000000001f0cedd0:   00000006c2804098 000000000000320e
0x000000001f0cede0:   000000001f0cee58 0000000002697d8d
0x000000001f0cedf0:   0000000002697d8d 0000000000680810
0x000000001f0cee00:   00000000026978a0 00007ffb31d02420
0x000000001f0cee10:   0000000000000001 000000001f0cee18
0x000000001f0cee20:   000000001bacf0bc 000000001f0cee80
0x000000001f0cee30:   000000001bad10a0 0000000000000000
0x000000001f0cee40:   000000001bacf0e8 000000001f0cedf8 

Instructions: (pc=0x00007ffb31d024b9)
0x00007ffb31d02499:   48 8b cf e8 1f 3a 00 00 48 39 3d f0 d5 02 00 48
0x00007ffb31d024a9:   8d 0d e9 d5 02 00 48 8b 5c 24 30 74 08 48 8b 09
0x00007ffb31d024b9:   48 39 39 75 f8 48 8b 07 48 89 01 48 8b cf 48 83
0x00007ffb31d024c9:   c4 20 5f e9 5b fe 00 00 48 83 c4 20 5f c3 cc cc 


Register to memory mapping:

RAX=0x0000000000000000 is an unknown value
RBX={method} {0x000000001bab3038} 'invokePV' '(JJ)V' in 'org/lwjgl/system/JNI'
RCX=0x0000000000000000 is an unknown value
RDX=0x0000000000000000 is an unknown value
RSP=0x000000001f0ced50 is pointing into the stack for thread: 0x000000001e2d0000
RBP=0x000000001f0cede0 is pointing into the stack for thread: 0x000000001e2d0000
RSI=0x0000000000000108 is an unknown value
RDI=0x0000000000680810 is an unknown value
R8 =0x000000001f0ced48 is pointing into the stack for thread: 0x000000001e2d0000
R9 =0x000000001f0cede0 is pointing into the stack for thread: 0x000000001e2d0000
R10=0x0000000000000000 is an unknown value
R11=0x0000000000000246 is an unknown value
R12=0x0000000000000000 is an unknown value
R13=0x000000001f0cedf8 is pointing into the stack for thread: 0x000000001e2d0000
R14=0x000000001f0cedd0 is pointing into the stack for thread: 0x000000001e2d0000
R15=0x000000001e2d0000 is a thread


Stack: [0x000000001efd0000,0x000000001f0d0000],  sp=0x000000001f0ced50,  free space=1019k
Native frames: (J=compiled Java code, j=interpreted, Vv=VM code, C=native code)
C  [glfw.dll+0x24b9]
C  0x0000000002b1240a

Java frames: (J=compiled Java code, j=interpreted, Vv=VM code)
J 839  org.lwjgl.system.JNI.invokePV(JJ)V (0 bytes) @ 0x0000000002b12384 [0x0000000002b12340+0x44]
j  org.lwjgl.glfw.GLFW.glfwDestroyCursor(J)V+20
j  main.client.Window.destroyWindow()V+9
j  main.coreEngine.Engine.stop()V+70
J 862 C1 main.client.Window.update()V (37 bytes) @ 0x0000000002b3386c [0x0000000002b333c0+0x4ac]
J 844 C1 main.client.renderEngine.RenderEngine.render()V (60 bytes) @ 0x0000000002b1719c [0x0000000002b16060+0x113c]
J 842 C1 main.client.ClientThread.tick()V (16 bytes) @ 0x0000000002b154b4 [0x0000000002b15000+0x4b4]
j  main.coreEngine.TickableThread.run()V+469
v  ~StubRoutines::call_stub

---------------  P R O C E S S  ---------------

Java Threads: ( => current thread )
  0x000000001e2d2000 JavaThread "SERVER" [_thread_in_Java, id=6428, stack(0x000000001f0d0000,0x000000001f1d0000)]
=>0x000000001e2d0000 JavaThread "CLIENT" [_thread_in_native, id=1892, stack(0x000000001efd0000,0x000000001f0d0000)]
  0x000000001e1ca000 JavaThread "Service Thread" daemon [_thread_blocked, id=10620, stack(0x000000001edd0000,0x000000001eed0000)]
  0x000000001e133800 JavaThread "C1 CompilerThread3" daemon [_thread_blocked, id=7400, stack(0x000000001ecd0000,0x000000001edd0000)]
  0x000000001e12b000 JavaThread "C2 CompilerThread2" daemon [_thread_blocked, id=11764, stack(0x000000001ebd0000,0x000000001ecd0000)]
  0x000000001e12a000 JavaThread "C2 CompilerThread1" daemon [_thread_blocked, id=11124, stack(0x000000001ead0000,0x000000001ebd0000)]
  0x000000001e12e800 JavaThread "C2 CompilerThread0" daemon [_thread_blocked, id=7096, stack(0x000000001e9d0000,0x000000001ead0000)]
  0x000000001e114800 JavaThread "JDWP Command Reader" daemon [_thread_in_native, id=9904, stack(0x000000001e8d0000,0x000000001e9d0000)]
  0x000000001e113800 JavaThread "JDWP Event Helper Thread" daemon [_thread_blocked, id=11648, stack(0x000000001e7d0000,0x000000001e8d0000)]
  0x000000001e100000 JavaThread "JDWP Transport Listener: dt_socket" daemon [_thread_blocked, id=12564, stack(0x000000001e6d0000,0x000000001e7d0000)]
  0x000000001e0f7800 JavaThread "Attach Listener" daemon [_thread_blocked, id=2728, stack(0x000000001e5d0000,0x000000001e6d0000)]
  0x000000001e0f6000 JavaThread "Signal Dispatcher" daemon [_thread_blocked, id=5976, stack(0x000000001e4d0000,0x000000001e5d0000)]
  0x00000000025bb800 JavaThread "Finalizer" daemon [_thread_blocked, id=13000, stack(0x000000001def0000,0x000000001dff0000)]
  0x00000000025b4800 JavaThread "Reference Handler" daemon [_thread_blocked, id=3828, stack(0x000000001ddf0000,0x000000001def0000)]
  0x000000000268e000 JavaThread "main" [_thread_in_Java, id=7344, stack(0x0000000002370000,0x0000000002470000)]

Other Threads:
  0x000000001c02a000 VMThread [stack: 0x000000001dcf0000,0x000000001ddf0000] [id=11716]
  0x000000001e1eb800 WatcherThread [stack: 0x000000001eed0000,0x000000001efd0000] [id=1296]

VM state:not at safepoint (normal execution)

VM Mutex/Monitor currently owned by a thread: None

Heap:
 PSYoungGen      total 152576K, used 47983K [0x000000076b800000, 0x00000007bab80000, 0x00000007c0000000)
  eden space 152064K, 31% used [0x000000076b800000,0x000000076e6a3f78,0x0000000774c80000)
  from space 512K, 43% used [0x00000007baa80000,0x00000007baab8000,0x00000007bab00000)
  to   space 512K, 0% used [0x00000007bab00000,0x00000007bab00000,0x00000007bab80000)
 ParOldGen       total 173568K, used 30559K [0x00000006c2800000, 0x00000006cd180000, 0x000000076b800000)
  object space 173568K, 17% used [0x00000006c2800000,0x00000006c45d7ea0,0x00000006cd180000)
 Metaspace       used 8404K, capacity 8774K, committed 8960K, reserved 1056768K
  class space    used 662K, capacity 690K, committed 768K, reserved 1048576K

Card table byte_map: [0x0000000011a50000,0x0000000012240000] byte_map_base: 0x000000000e43c000

Marking Bits: (ParMarkBitMap*) 0x000000006cdaa5b0
 Begin Bits: [0x0000000012f90000, 0x0000000016ef0000)
 End Bits:   [0x0000000016ef0000, 0x000000001ae50000)

Polling page: 0x0000000000b90000

CodeCache: size=245760Kb used=4792Kb max_used=4805Kb free=240967Kb
 bounds [0x0000000002690000, 0x0000000002b50000, 0x0000000011690000]
 total_blobs=1522 nmethods=864 adapters=579
 compilation: enabled

Compilation events (10 events):
Event: 14.775 Thread 0x000000001e133800  886       1       main.coreEngine.sceneGraph.components.ControllerComponent::render (1 bytes)
Event: 14.775 Thread 0x000000001e133800 nmethod 886 0x000000000279e210 code [0x000000000279e360, 0x000000000279e470]
Event: 16.430 Thread 0x000000001e12e800  887       4       main.coreEngine.sceneGraph.Node::tick (75 bytes)
Event: 16.440 Thread 0x000000001e12e800 nmethod 887 0x0000000002b414d0 code [0x0000000002b41700, 0x0000000002b42b28]
Event: 19.409 Thread 0x000000001e12a000  888       4       main.coreEngine.sceneGraph.Node::render (75 bytes)
Event: 19.419 Thread 0x000000001e12a000 nmethod 888 0x0000000002b44110 code [0x0000000002b44340, 0x0000000002b45768]
Event: 19.425 Thread 0x000000001e12b000  889       4       main.coreEngine.sceneGraph.Node::input (75 bytes)
Event: 19.435 Thread 0x000000001e12b000 nmethod 889 0x0000000002b46d50 code [0x0000000002b46f80, 0x0000000002b483a8]
Event: 23.192 Thread 0x000000001e12e800  890 % !   4       main.coreEngine.TickableThread::run @ 457 (500 bytes)
Event: 23.234 Thread 0x000000001e12e800 nmethod 890% 0x0000000002b49990 code [0x0000000002b49da0, 0x0000000002b4c5c0]

GC Heap History (10 events):
Event: 23.083 GC heap before
{Heap before GC invocations=205 (full 0):
 PSYoungGen      total 181248K, used 180960K [0x000000076b800000, 0x00000007bab80000, 0x00000007c0000000)
  eden space 180736K, 100% used [0x000000076b800000,0x0000000776880000,0x0000000776880000)
  from space 512K, 43% used [0x00000007bab00000,0x00000007bab38000,0x00000007bab80000)
  to   space 512K, 0% used [0x00000007baa80000,0x00000007baa80000,0x00000007bab00000)
 ParOldGen       total 173568K, used 30559K [0x00000006c2800000, 0x00000006cd180000, 0x000000076b800000)
  object space 173568K, 17% used [0x00000006c2800000,0x00000006c45d7ea0,0x00000006cd180000)
 Metaspace       used 8404K, capacity 8774K, committed 8960K, reserved 1056768K
  class space    used 662K, capacity 690K, committed 768K, reserved 1048576K
Event: 23.084 GC heap after
Heap after GC invocations=205 (full 0):
 PSYoungGen      total 175104K, used 224K [0x000000076b800000, 0x00000007bab80000, 0x00000007c0000000)
  eden space 174592K, 0% used [0x000000076b800000,0x000000076b800000,0x0000000776280000)
  from space 512K, 43% used [0x00000007baa80000,0x00000007baab8000,0x00000007bab00000)
  to   space 512K, 0% used [0x00000007bab00000,0x00000007bab00000,0x00000007bab80000)
 ParOldGen       total 173568K, used 30559K [0x00000006c2800000, 0x00000006cd180000, 0x000000076b800000)
  object space 173568K, 17% used [0x00000006c2800000,0x00000006c45d7ea0,0x00000006cd180000)
 Metaspace       used 8404K, capacity 8774K, committed 8960K, reserved 1056768K
  class space    used 662K, capacity 690K, committed 768K, reserved 1048576K
}
Event: 23.186 GC heap before
{Heap before GC invocations=206 (full 0):
 PSYoungGen      total 175104K, used 174816K [0x000000076b800000, 0x00000007bab80000, 0x00000007c0000000)
  eden space 174592K, 100% used [0x000000076b800000,0x0000000776280000,0x0000000776280000)
  from space 512K, 43% used [0x00000007baa80000,0x00000007baab8000,0x00000007bab00000)
  to   space 512K, 0% used [0x00000007bab00000,0x00000007bab00000,0x00000007bab80000)
 ParOldGen       total 173568K, used 30559K [0x00000006c2800000, 0x00000006cd180000, 0x000000076b800000)
  object space 173568K, 17% used [0x00000006c2800000,0x00000006c45d7ea0,0x00000006cd180000)
 Metaspace       used 8404K, capacity 8774K, committed 8960K, reserved 1056768K
  class space    used 662K, capacity 690K, committed 768K, reserved 1048576K
Event: 23.186 GC heap after
Heap after GC invocations=206 (full 0):
 PSYoungGen      total 168960K, used 224K [0x000000076b800000, 0x00000007bab80000, 0x00000007c0000000)
  eden space 168448K, 0% used [0x000000076b800000,0x000000076b800000,0x0000000775c80000)
  from space 512K, 43% used [0x00000007bab00000,0x00000007bab38000,0x00000007bab80000)
  to   space 512K, 0% used [0x00000007baa80000,0x00000007baa80000,0x00000007bab00000)
 ParOldGen       total 173568K, used 30559K [0x00000006c2800000, 0x00000006cd180000, 0x000000076b800000)
  object space 173568K, 17% used [0x00000006c2800000,0x00000006c45d7ea0,0x00000006cd180000)
 Metaspace       used 8404K, capacity 8774K, committed 8960K, reserved 1056768K
  class space    used 662K, capacity 690K, committed 768K, reserved 1048576K
}
Event: 23.286 GC heap before
{Heap before GC invocations=207 (full 0):
 PSYoungGen      total 168960K, used 168672K [0x000000076b800000, 0x00000007bab80000, 0x00000007c0000000)
  eden space 168448K, 100% used [0x000000076b800000,0x0000000775c80000,0x0000000775c80000)
  from space 512K, 43% used [0x00000007bab00000,0x00000007bab38000,0x00000007bab80000)
  to   space 512K, 0% used [0x00000007baa80000,0x00000007baa80000,0x00000007bab00000)
 ParOldGen       total 173568K, used 30559K [0x00000006c2800000, 0x00000006cd180000, 0x000000076b800000)
  object space 173568K, 17% used [0x00000006c2800000,0x00000006c45d7ea0,0x00000006cd180000)
 Metaspace       used 8404K, capacity 8774K, committed 8960K, reserved 1056768K
  class space    used 662K, capacity 690K, committed 768K, reserved 1048576K
Event: 23.287 GC heap after
Heap after GC invocations=207 (full 0):
 PSYoungGen      total 163328K, used 192K [0x000000076b800000, 0x00000007bab80000, 0x00000007c0000000)
  eden space 162816K, 0% used [0x000000076b800000,0x000000076b800000,0x0000000775700000)
  from space 512K, 37% used [0x00000007baa80000,0x00000007baab0000,0x00000007bab00000)
  to   space 512K, 0% used [0x00000007bab00000,0x00000007bab00000,0x00000007bab80000)
 ParOldGen       total 173568K, used 30559K [0x00000006c2800000, 0x00000006cd180000, 0x000000076b800000)
  object space 173568K, 17% used [0x00000006c2800000,0x00000006c45d7ea0,0x00000006cd180000)
 Metaspace       used 8404K, capacity 8774K, committed 8960K, reserved 1056768K
  class space    used 662K, capacity 690K, committed 768K, reserved 1048576K
}
Event: 23.363 GC heap before
{Heap before GC invocations=208 (full 0):
 PSYoungGen      total 163328K, used 163008K [0x000000076b800000, 0x00000007bab80000, 0x00000007c0000000)
  eden space 162816K, 100% used [0x000000076b800000,0x0000000775700000,0x0000000775700000)
  from space 512K, 37% used [0x00000007baa80000,0x00000007baab0000,0x00000007bab00000)
  to   space 512K, 0% used [0x00000007bab00000,0x00000007bab00000,0x00000007bab80000)
 ParOldGen       total 173568K, used 30559K [0x00000006c2800000, 0x00000006cd180000, 0x000000076b800000)
  object space 173568K, 17% used [0x00000006c2800000,0x00000006c45d7ea0,0x00000006cd180000)
 Metaspace       used 8404K, capacity 8774K, committed 8960K, reserved 1056768K
  class space    used 662K, capacity 690K, committed 768K, reserved 1048576K
Event: 23.364 GC heap after
Heap after GC invocations=208 (full 0):
 PSYoungGen      total 157696K, used 224K [0x000000076b800000, 0x00000007bab80000, 0x00000007c0000000)
  eden space 157184K, 0% used [0x000000076b800000,0x000000076b800000,0x0000000775180000)
  from space 512K, 43% used [0x00000007bab00000,0x00000007bab38000,0x00000007bab80000)
  to   space 512K, 0% used [0x00000007baa80000,0x00000007baa80000,0x00000007bab00000)
 ParOldGen       total 173568K, used 30559K [0x00000006c2800000, 0x00000006cd180000, 0x000000076b800000)
  object space 173568K, 17% used [0x00000006c2800000,0x00000006c45d7ea0,0x00000006cd180000)
 Metaspace       used 8404K, capacity 8774K, committed 8960K, reserved 1056768K
  class space    used 662K, capacity 690K, committed 768K, reserved 1048576K
}
Event: 23.441 GC heap before
{Heap before GC invocations=209 (full 0):
 PSYoungGen      total 157696K, used 157408K [0x000000076b800000, 0x00000007bab80000, 0x00000007c0000000)
  eden space 157184K, 100% used [0x000000076b800000,0x0000000775180000,0x0000000775180000)
  from space 512K, 43% used [0x00000007bab00000,0x00000007bab38000,0x00000007bab80000)
  to   space 512K, 0% used [0x00000007baa80000,0x00000007baa80000,0x00000007bab00000)
 ParOldGen       total 173568K, used 30559K [0x00000006c2800000, 0x00000006cd180000, 0x000000076b800000)
  object space 173568K, 17% used [0x00000006c2800000,0x00000006c45d7ea0,0x00000006cd180000)
 Metaspace       used 8404K, capacity 8774K, committed 8960K, reserved 1056768K
  class space    used 662K, capacity 690K, committed 768K, reserved 1048576K
Event: 23.442 GC heap after
Heap after GC invocations=209 (full 0):
 PSYoungGen      total 152576K, used 224K [0x000000076b800000, 0x00000007bab80000, 0x00000007c0000000)
  eden space 152064K, 0% used [0x000000076b800000,0x000000076b800000,0x0000000774c80000)
  from space 512K, 43% used [0x00000007baa80000,0x00000007baab8000,0x00000007bab00000)
  to   space 512K, 0% used [0x00000007bab00000,0x00000007bab00000,0x00000007bab80000)
 ParOldGen       total 173568K, used 30559K [0x00000006c2800000, 0x00000006cd180000, 0x000000076b800000)
  object space 173568K, 17% used [0x00000006c2800000,0x00000006c45d7ea0,0x00000006cd180000)
 Metaspace       used 8404K, capacity 8774K, committed 8960K, reserved 1056768K
  class space    used 662K, capacity 690K, committed 768K, reserved 1048576K
}

Deoptimization events (10 events):
Event: 1.430 Thread 0x000000001e2d0000 Uncommon trap: reason=class_check action=maybe_recompile pc=0x0000000002960f04 method=sun.misc.FloatingDecimal.parseFloat(Ljava/lang/String;)F @ 4
Event: 1.430 Thread 0x000000001e2d0000 Uncommon trap: reason=class_check action=maybe_recompile pc=0x0000000002960f04 method=sun.misc.FloatingDecimal.parseFloat(Ljava/lang/String;)F @ 4
Event: 1.430 Thread 0x000000001e2d0000 Uncommon trap: reason=class_check action=maybe_recompile pc=0x0000000002960f04 method=sun.misc.FloatingDecimal.parseFloat(Ljava/lang/String;)F @ 4
Event: 1.430 Thread 0x000000001e2d0000 Uncommon trap: reason=class_check action=maybe_recompile pc=0x0000000002960f04 method=sun.misc.FloatingDecimal.parseFloat(Ljava/lang/String;)F @ 4
Event: 1.431 Thread 0x000000001e2d0000 Uncommon trap: reason=unstable_if action=reinterpret pc=0x00000000029b3060 method=main.client.renderEngine.mesh.MeshBuilder.processFace(Ljava/lang/String;Lmain/client/renderEngine/mesh/MeshBuilder;)Z @ 114
Event: 1.433 Thread 0x000000001e2d0000 Uncommon trap: reason=bimorphic action=maybe_recompile pc=0x00000000027e9bb8 method=java.util.HashMap.getNode(ILjava/lang/Object;)Ljava/util/HashMap$Node; @ 126
Event: 1.488 Thread 0x000000001e2d0000 Uncommon trap: reason=unstable_if action=reinterpret pc=0x000000000295bcec method=main.coreEngine.TickableThread.run()V @ 461
Event: 1.497 Thread 0x000000001e2d2000 Uncommon trap: reason=unstable_if action=reinterpret pc=0x000000000295bcec method=main.coreEngine.TickableThread.run()V @ 461
Event: 1.498 Thread 0x000000001e2d0000 Uncommon trap: reason=unstable_if action=reinterpret pc=0x00000000029ac2f0 method=java.lang.Integer.valueOf(I)Ljava/lang/Integer; @ 10
Event: 1.505 Thread 0x000000000268e000 Uncommon trap: reason=unstable_if action=reinterpret pc=0x0000000002a96204 method=main.coreEngine.Engine.start()V @ 163

Internal exceptions (9 events):
Event: 0.028 Thread 0x000000000268e000 Exception <a 'java/lang/NoSuchMethodError': Method sun.misc.Unsafe.defineClass(Ljava/lang/String;[BII)Ljava/lang/Class; name or signature does not match> (0x000000076b80da30) thrown at [C:\workspace\8-2-build-windows-amd64-cygwin\jdk8u65\4987\hotspot\src\s| U3˜}œ?
Event: 0.028 Thread 0x000000000268e000 Exception <a 'java/lang/NoSuchMethodError': Method sun.misc.Unsafe.prefetchRead(Ljava/lang/Object;J)V name or signature does not match> (0x000000076b80dd18) thrown at [C:\workspace\8-2-build-windows-amd64-cygwin\jdk8u65\4987\hotspot\src\share\vm\prims\jni.7£ZmûÙ?
Event: 0.406 Thread 0x000000001e2d0000 Implicit null exception at 0x00000000027e5ecf to 0x00000000027e6235
Event: 0.407 Thread 0x000000001e2d0000 Exception <a 'java/security/PrivilegedActionException'> (0x000000076c9aa1d0) thrown at [C:\workspace\8-2-build-windows-amd64-cygwin\jdk8u65\4987\hotspot\src\share\vm\prims\jvm.cpp, line 1386]
Event: 0.407 Thread 0x000000001e2d0000 Exception <a 'java/security/PrivilegedActionException'> (0x000000076c9aa5c8) thrown at [C:\workspace\8-2-build-windows-amd64-cygwin\jdk8u65\4987\hotspot\src\share\vm\prims\jvm.cpp, line 1386]
Event: 0.407 Thread 0x000000001e2d0000 Exception <a 'java/security/PrivilegedActionException'> (0x000000076c9ae7e0) thrown at [C:\workspace\8-2-build-windows-amd64-cygwin\jdk8u65\4987\hotspot\src\share\vm\prims\jvm.cpp, line 1386]
Event: 0.407 Thread 0x000000001e2d0000 Exception <a 'java/security/PrivilegedActionException'> (0x000000076c9aebd8) thrown at [C:\workspace\8-2-build-windows-amd64-cygwin\jdk8u65\4987\hotspot\src\share\vm\prims\jvm.cpp, line 1386]
Event: 0.886 Thread 0x000000000268e000 Implicit null exception at 0x00000000027f8304 to 0x00000000027f8895
Event: 1.203 Thread 0x000000001e2d0000 Implicit null exception at 0x00000000029b7d34 to 0x00000000029b9935

Events (10 events):
Event: 23.083 Executing VM operation: ParallelGCFailedAllocation
Event: 23.084 Executing VM operation: ParallelGCFailedAllocation done
Event: 23.186 Executing VM operation: ParallelGCFailedAllocation
Event: 23.186 Executing VM operation: ParallelGCFailedAllocation done
Event: 23.286 Executing VM operation: ParallelGCFailedAllocation
Event: 23.287 Executing VM operation: ParallelGCFailedAllocation done
Event: 23.363 Executing VM operation: ParallelGCFailedAllocation
Event: 23.364 Executing VM operation: ParallelGCFailedAllocation done
Event: 23.441 Executing VM operation: ParallelGCFailedAllocation
Event: 23.442 Executing VM operation: ParallelGCFailedAllocation done


Dynamic libraries:
0x00007ff603aa0000 - 0x00007ff603ad7000 	C:\Program Files\Java\jdk1.8.0_65\bin\java.exe
0x00007ffb48720000 - 0x00007ffb488e1000 	C:\WINDOWS\SYSTEM32\ntdll.dll
0x00007ffb48170000 - 0x00007ffb4821d000 	C:\WINDOWS\system32\KERNEL32.DLL
0x00007ffb45560000 - 0x00007ffb45748000 	C:\WINDOWS\system32\KERNELBASE.dll
0x00007ffb47a50000 - 0x00007ffb47af7000 	C:\WINDOWS\system32\ADVAPI32.dll
0x00007ffb480d0000 - 0x00007ffb4816d000 	C:\WINDOWS\system32\msvcrt.dll
0x00007ffb47b00000 - 0x00007ffb47b5b000 	C:\WINDOWS\system32\sechost.dll
0x00007ffb47700000 - 0x00007ffb4781c000 	C:\WINDOWS\system32\RPCRT4.dll
0x00007ffb485c0000 - 0x00007ffb48716000 	C:\WINDOWS\system32\USER32.dll
0x00007ffb48220000 - 0x00007ffb483a6000 	C:\WINDOWS\system32\GDI32.dll
0x00007ffb41530000 - 0x00007ffb417a4000 	C:\WINDOWS\WinSxS\amd64_microsoft.windows.common-controls_6595b64144ccf1df_6.0.10586.0_none_8c15ae12515e1c22\COMCTL32.dll
0x00007ffb45b00000 - 0x00007ffb45d7d000 	C:\WINDOWS\system32\combase.dll
0x00007ffb45920000 - 0x00007ffb4598a000 	C:\WINDOWS\system32\bcryptPrimitives.dll
0x00007ffb45f90000 - 0x00007ffb45fcb000 	C:\WINDOWS\system32\IMM32.DLL
0x000000006ce30000 - 0x000000006cf02000 	C:\Program Files\Java\jdk1.8.0_65\jre\bin\msvcr100.dll
0x000000006c5a0000 - 0x000000006ce29000 	C:\Program Files\Java\jdk1.8.0_65\jre\bin\server\jvm.dll
0x00007ffb475a0000 - 0x00007ffb475a8000 	C:\WINDOWS\system32\PSAPI.DLL
0x00007ffb3c060000 - 0x00007ffb3c069000 	C:\WINDOWS\SYSTEM32\WSOCK32.dll
0x00007ffb42fa0000 - 0x00007ffb42fc3000 	C:\WINDOWS\SYSTEM32\WINMM.dll
0x00007ffb418d0000 - 0x00007ffb418da000 	C:\WINDOWS\SYSTEM32\VERSION.dll
0x00007ffb48420000 - 0x00007ffb4848b000 	C:\WINDOWS\system32\WS2_32.dll
0x00007ffb42f40000 - 0x00007ffb42f6c000 	C:\WINDOWS\SYSTEM32\WINMMBASE.dll
0x00007ffb45ab0000 - 0x00007ffb45af3000 	C:\WINDOWS\system32\cfgmgr32.dll
0x000000006c590000 - 0x000000006c59f000 	C:\Program Files\Java\jdk1.8.0_65\jre\bin\verify.dll
0x000000006c560000 - 0x000000006c589000 	C:\Program Files\Java\jdk1.8.0_65\jre\bin\java.dll
0x000000006c520000 - 0x000000006c555000 	C:\Program Files\Java\jdk1.8.0_65\jre\bin\jdwp.dll
0x000000006c510000 - 0x000000006c518000 	C:\Program Files\Java\jdk1.8.0_65\jre\bin\npt.dll
0x000000006c4f0000 - 0x000000006c506000 	C:\Program Files\Java\jdk1.8.0_65\jre\bin\zip.dll
0x00007ffb45fd0000 - 0x00007ffb4752c000 	C:\WINDOWS\system32\SHELL32.dll
0x00007ffb44ef0000 - 0x00007ffb45535000 	C:\WINDOWS\system32\windows.storage.dll
0x00007ffb483c0000 - 0x00007ffb48412000 	C:\WINDOWS\system32\shlwapi.dll
0x00007ffb44da0000 - 0x00007ffb44daf000 	C:\WINDOWS\system32\kernel.appcore.dll
0x00007ffb459f0000 - 0x00007ffb45aa5000 	C:\WINDOWS\system32\shcore.dll
0x00007ffb44d50000 - 0x00007ffb44d9b000 	C:\WINDOWS\system32\powrprof.dll
0x00007ffb44d20000 - 0x00007ffb44d34000 	C:\WINDOWS\system32\profapi.dll
0x000000006c4e0000 - 0x000000006c4e9000 	C:\Program Files\Java\jdk1.8.0_65\jre\bin\dt_socket.dll
0x00007ffb44650000 - 0x00007ffb446ac000 	C:\WINDOWS\system32\mswsock.dll
0x00007ffb31d90000 - 0x00007ffb31e18000 	D:\Code\Java\Projects\WireEngine20\lib\native\lwjgl.dll
0x00007ffb44820000 - 0x00007ffb4482b000 	C:\WINDOWS\SYSTEM32\CRYPTBASE.DLL
0x00007ffb31d40000 - 0x00007ffb31d82000 	D:\Code\Java\Projects\WireEngine20\lib\native\jemalloc.dll
0x00007ffb31d00000 - 0x00007ffb31d38000 	D:\Code\Java\Projects\WireEngine20\lib\native\glfw.dll
0x00007ffb436a0000 - 0x00007ffb43736000 	C:\WINDOWS\system32\uxtheme.dll
0x00007ffb42950000 - 0x00007ffb42972000 	C:\WINDOWS\SYSTEM32\dwmapi.dll
0x00007ffb2da30000 - 0x00007ffb2db59000 	C:\WINDOWS\SYSTEM32\opengl32.dll
0x00007ffb3a050000 - 0x00007ffb3a07e000 	C:\WINDOWS\SYSTEM32\GLU32.dll
0x00007ffb2fd50000 - 0x00007ffb2fe4a000 	C:\WINDOWS\SYSTEM32\DDRAW.dll
0x00007ffb40230000 - 0x00007ffb40238000 	C:\WINDOWS\SYSTEM32\DCIMAN32.dll
0x00007ffb478f0000 - 0x00007ffb47a4a000 	C:\WINDOWS\system32\MSCTF.dll
0x00007ffb2cbb0000 - 0x00007ffb2cbf9000 	C:\Program Files (x86)\TeamViewer\tv_x64.dll
0x00007ffb475b0000 - 0x00007ffb476f3000 	C:\WINDOWS\system32\ole32.dll
0x000000006a790000 - 0x000000006c4d9000 	C:\WINDOWS\SYSTEM32\nvoglv64.DLL
0x00007ffb47c20000 - 0x00007ffb48049000 	C:\WINDOWS\system32\SETUPAPI.dll
0x00007ffb42d00000 - 0x00007ffb42d13000 	C:\WINDOWS\SYSTEM32\WTSAPI32.dll
0x00007ffb437f0000 - 0x00007ffb43817000 	C:\WINDOWS\SYSTEM32\DEVOBJ.dll
0x00007ffb45990000 - 0x00007ffb459e5000 	C:\WINDOWS\system32\WINTRUST.dll
0x00007ffb44d40000 - 0x00007ffb44d50000 	C:\WINDOWS\system32\MSASN1.dll
0x00007ffb45750000 - 0x00007ffb45917000 	C:\WINDOWS\system32\CRYPT32.dll
0x00007ffb44270000 - 0x00007ffb442a1000 	C:\WINDOWS\SYSTEM32\ntmarta.dll
0x00007ffb43fc0000 - 0x00007ffb44016000 	C:\WINDOWS\SYSTEM32\WINSTA.dll
0x00007ffb47b70000 - 0x00007ffb47c17000 	C:\WINDOWS\system32\clbcatq.dll
0x00007ffb3d0b0000 - 0x00007ffb3d0d5000 	C:\Program Files (x86)\Samsung\Easy Printer Manager\SmartScreenPrint\CDAKEYMonitor64.dll
0x00007ffb47820000 - 0x00007ffb478e1000 	C:\WINDOWS\system32\OLEAUT32.dll
0x00007ffb2ca20000 - 0x00007ffb2cbac000 	C:\WINDOWS\SYSTEM32\dbghelp.dll

VM Arguments:
jvm_args: -agentlib:jdwp=transport=dt_socket,address=127.0.0.1:62113,suspend=y,server=n -Djava.library.path=lib/native/ -Dfile.encoding=UTF-8 
java_command: main.Main
java_class_path (initial): C:\Program Files\Java\jdk1.8.0_65\jre\lib\charsets.jar;C:\Program Files\Java\jdk1.8.0_65\jre\lib\deploy.jar;C:\Program Files\Java\jdk1.8.0_65\jre\lib\ext\access-bridge-64.jar;C:\Program Files\Java\jdk1.8.0_65\jre\lib\ext\cldrdata.jar;C:\Program Files\Java\jdk1.8.0_65\jre\lib\ext\dnsns.jar;C:\Program Files\Java\jdk1.8.0_65\jre\lib\ext\jaccess.jar;C:\Program Files\Java\jdk1.8.0_65\jre\lib\ext\jfxrt.jar;C:\Program Files\Java\jdk1.8.0_65\jre\lib\ext\localedata.jar;C:\Program Files\Java\jdk1.8.0_65\jre\lib\ext\nashorn.jar;C:\Program Files\Java\jdk1.8.0_65\jre\lib\ext\sunec.jar;C:\Program Files\Java\jdk1.8.0_65\jre\lib\ext\sunjce_provider.jar;C:\Program Files\Java\jdk1.8.0_65\jre\lib\ext\sunmscapi.jar;C:\Program Files\Java\jdk1.8.0_65\jre\lib\ext\sunpkcs11.jar;C:\Program Files\Java\jdk1.8.0_65\jre\lib\ext\zipfs.jar;C:\Program Files\Java\jdk1.8.0_65\jre\lib\javaws.jar;C:\Program Files\Java\jdk1.8.0_65\jre\lib\jce.jar;C:\Program Files\Java\jdk1.8.0_65\jre\lib\jfr.jar;C:\Program Files\Java\jdk1.8.0_65\jre\lib\jfxswt.jar;C:\Program Files\Java\jdk1.8.0_65\jre\lib\jsse.jar;C:\Program Files\Java\jdk1.8.0_65\jre\lib\management-agent.jar;C:\Program Files\Java\jdk1.8.0_65\jre\lib\plugin.jar;C:\Program Files\Java\jdk1.8.0_65\jre\lib\resources.jar;C:\Program Files\Java\jdk1.8.0_65\jre\lib\rt.jar;D:\Code\Java\Projects\WireEngine20\out\production\WireEngine20;D:\Code\Java\Projects\WireEngine20\lib\jar\lwjgl.jar;D:\Code\Java\Projects\WireEngine20\lib\jar\slick-util.jar;D:\Program Files (x86)\JetBrains\IntelliJ IDEA 2016.1\lib\idea_rt.jar
Launcher Type: SUN_STANDARD

Environment Variables:
JAVA_HOME=C:\Program Files\Java\jdk1.8.0_65
PATH=C:\ProgramData\Oracle\Java\javapath;C:\Program Files (x86)\Razer Chroma SDK\bin;C:\Program Files\Razer Chroma SDK\bin;C:\Program Files (x86)\NVIDIA Corporation\PhysX\Common;C:\Program Files (x86)\Intel\iCLS Client\;C:\Program Files\Intel\iCLS Client\;C:\Windows\system32;C:\Windows;C:\Windows\System32\Wbem;C:\Windows\System32\WindowsPowerShell\v1.0\;C:\Program Files\Intel\Intel(R) Management Engine Components\DAL;C:\Program Files (x86)\Intel\Intel(R) Management Engine Components\DAL;C:\Program Files\Intel\Intel(R) Management Engine Components\IPT;C:\Program Files (x86)\Intel\Intel(R) Management Engine Components\IPT;C:\Program Files\Java\jre1.8.0_65\bin;C:\MinGW\bin;C:\WINDOWS\system32;C:\WINDOWS;C:\WINDOWS\System32\Wbem;C:\WINDOWS\System32\WindowsPowerShell\v1.0\;D:\Program Files (x86)\CMake\bin;D:\Program Files\Programs\Python\Python35-32;D:\Program Files\Programs\Python\Python35-32\Scripts;C:\Program Files (x86)\Skype\Phone\;D:\Program Files\Programs\Python\Python35-32\Scripts\;D:\Program Files\Programs\Python\Python35-32\
USERNAME=Kelan
OS=Windows_NT
PROCESSOR_IDENTIFIER=Intel64 Family 6 Model 60 Stepping 3, GenuineIntel



---------------  S Y S T E M  ---------------

OS: Windows 10.0 , 64 bit Build 10586 (10.0.10586.0)

CPU:total 8 (4 cores per cpu, 2 threads per core) family 6 model 60 stepping 3, cmov, cx8, fxsr, mmx, sse, sse2, sse3, ssse3, sse4.1, sse4.2, popcnt, avx, avx2, aes, clmul, erms, lzcnt, ht, tsc, tscinvbit, bmi1, bmi2

Memory: 4k page, physical 16609500k(8295316k free), swap 33386716k(22219016k free)

vm_info: Java HotSpot(TM) 64-Bit Server VM (25.65-b01) for windows-amd64 JRE (1.8.0_65-b17), built on Oct  6 2015 16:39:20 by "java_re" with MS VC++ 10.0 (VS2010)

time: Tue Apr 19 13:50:55 2016
elapsed time: 23 seconds (0d 0h 0m 23s)

