#
# A fatal error has been detected by the Java Runtime Environment:
#
#  EXCEPTION_ACCESS_VIOLATION (0xc0000005) at pc=0x00007ffdd3df24b9, pid=1004, tid=1172
#
# JRE version: Java(TM) SE Runtime Environment (8.0_65-b17) (build 1.8.0_65-b17)
# Java VM: Java HotSpot(TM) 64-Bit Server VM (25.65-b01 mixed mode windows-amd64 compressed oops)
# Problematic frame:
# C  [glfw.dll+0x24b9]
#
# Failed to write core dump. Minidumps are not enabled by default on client versions of Windows
#
# If you would like to submit a bug report, please visit:
#   http://bugreport.java.com/bugreport/crash.jsp
# The crash happened outside the Java Virtual Machine in native code.
# See problematic frame for where to report the bug.
#

---------------  T H R E A D  ---------------

Current thread (0x000000001e3be800):  JavaThread "CLIENT" [_thread_in_native, id=1172, stack(0x000000001f0b0000,0x000000001f1b0000)]

siginfo: ExceptionCode=0xc0000005, reading address 0x0000000000000000

Registers:
RAX=0x0000000000000000, RBX=0x000000001bb46d70, RCX=0x0000000000000000, RDX=0x0000000000000000
RSP=0x000000001f1aeef0, RBP=0x000000001f1aefa0, RSI=0x0000000000000108, RDI=0x00000000005ac1e0
R8 =0x000000001f1aeee8, R9 =0x000000001f1aefa0, R10=0x0000000000000000, R11=0x0000000000000246
R12=0x0000000000000000, R13=0x000000001bb46d70, R14=0x000000001f1aefd8, R15=0x000000001e3be800
RIP=0x00007ffdd3df24b9, EFLAGS=0x0000000000010283

Top of Stack: (sp=0x000000001f1aeef0)
0x000000001f1aeef0:   000000001e3be800 000000001e3be800
0x000000001f1aef00:   000000001bb60ce0 000000007052d610
0x000000001f1aef10:   0000000000000118 000000000274dfcc
0x000000001f1aef20:   000000001bb46d70 000000000272e920
0x000000001f1aef30:   000000000000000e 000000001e3be800
0x000000001f1aef40:   000000001bb60ce0 000000007052aea4
0x000000001f1aef50:   000000001e3be800 000000001e3be800
0x000000001f1aef60:   000000001f1aef60 0000000000000000
0x000000001f1aef70:   000000001f1aefd8 000000001bb47510
0x000000001f1aef80:   0000000000000000 000000001bb46d70
0x000000001f1aef90:   0000000000000000 000000001f1aefc0
0x000000001f1aefa0:   000000001f1af020 0000000002737d8d
0x000000001f1aefb0:   00000006c2804128 00000000027442f8
0x000000001f1aefc0:   00000000005ac1e0 00000000027378a0
0x000000001f1aefd0:   00007ffdd3df2420 0000000000000001
0x000000001f1aefe0:   000000001f1aefe0 000000001bb60cb4 

Instructions: (pc=0x00007ffdd3df24b9)
0x00007ffdd3df2499:   48 8b cf e8 1f 3a 00 00 48 39 3d f0 d5 02 00 48
0x00007ffdd3df24a9:   8d 0d e9 d5 02 00 48 8b 5c 24 30 74 08 48 8b 09
0x00007ffdd3df24b9:   48 39 39 75 f8 48 8b 07 48 89 01 48 8b cf 48 83
0x00007ffdd3df24c9:   c4 20 5f e9 5b fe 00 00 48 83 c4 20 5f c3 cc cc 


Register to memory mapping:

RAX=0x0000000000000000 is an unknown value
RBX={method} {0x000000001bb46d78} 'invokePV' '(JJ)V' in 'org/lwjgl/system/JNI'
RCX=0x0000000000000000 is an unknown value
RDX=0x0000000000000000 is an unknown value
RSP=0x000000001f1aeef0 is pointing into the stack for thread: 0x000000001e3be800
RBP=0x000000001f1aefa0 is pointing into the stack for thread: 0x000000001e3be800
RSI=0x0000000000000108 is an unknown value
RDI=0x00000000005ac1e0 is an unknown value
R8 =0x000000001f1aeee8 is pointing into the stack for thread: 0x000000001e3be800
R9 =0x000000001f1aefa0 is pointing into the stack for thread: 0x000000001e3be800
R10=0x0000000000000000 is an unknown value
R11=0x0000000000000246 is an unknown value
R12=0x0000000000000000 is an unknown value
R13={method} {0x000000001bb46d78} 'invokePV' '(JJ)V' in 'org/lwjgl/system/JNI'
R14=0x000000001f1aefd8 is pointing into the stack for thread: 0x000000001e3be800
R15=0x000000001e3be800 is a thread


Stack: [0x000000001f0b0000,0x000000001f1b0000],  sp=0x000000001f1aeef0,  free space=1019k
Native frames: (J=compiled Java code, j=interpreted, Vv=VM code, C=native code)
C  [glfw.dll+0x24b9]
C  0x000000000274dfcc

Java frames: (J=compiled Java code, j=interpreted, Vv=VM code)
j  org.lwjgl.system.JNI.invokePV(JJ)V+0
j  org.lwjgl.glfw.GLFW.glfwDestroyCursor(J)V+20
j  main.client.Window.destroyWindow()V+9
j  main.coreEngine.Engine.stop()V+70
j  main.client.Window.update()V+43
j  main.client.renderEngine.RenderEngine.render()V+29
j  main.client.ClientThread.tick()V+12
J 425% C1 main.coreEngine.TickableThread.run()V (481 bytes) @ 0x000000000298049c [0x000000000297bbc0+0x48dc]
v  ~StubRoutines::call_stub

---------------  P R O C E S S  ---------------

Java Threads: ( => current thread )
  0x000000001e3bb800 JavaThread "SERVER" [_thread_in_Java, id=14160, stack(0x000000001f1b0000,0x000000001f2b0000)]
=>0x000000001e3be800 JavaThread "CLIENT" [_thread_in_native, id=1172, stack(0x000000001f0b0000,0x000000001f1b0000)]
  0x000000001e2a1000 JavaThread "Service Thread" daemon [_thread_blocked, id=10004, stack(0x000000001eeb0000,0x000000001efb0000)]
  0x000000001e213800 JavaThread "C1 CompilerThread3" daemon [_thread_blocked, id=11304, stack(0x000000001edb0000,0x000000001eeb0000)]
  0x000000001e20a800 JavaThread "C2 CompilerThread2" daemon [_thread_blocked, id=8432, stack(0x000000001ecb0000,0x000000001edb0000)]
  0x000000001e209800 JavaThread "C2 CompilerThread1" daemon [_thread_blocked, id=6996, stack(0x000000001ebb0000,0x000000001ecb0000)]
  0x000000001e20e800 JavaThread "C2 CompilerThread0" daemon [_thread_blocked, id=8160, stack(0x000000001eab0000,0x000000001ebb0000)]
  0x000000001e1f4000 JavaThread "JDWP Command Reader" daemon [_thread_in_native, id=11944, stack(0x000000001e9b0000,0x000000001eab0000)]
  0x000000001e1f3000 JavaThread "JDWP Event Helper Thread" daemon [_thread_blocked, id=8388, stack(0x000000001e8b0000,0x000000001e9b0000)]
  0x000000001e1e2000 JavaThread "JDWP Transport Listener: dt_socket" daemon [_thread_blocked, id=6232, stack(0x000000001e7b0000,0x000000001e8b0000)]
  0x000000001e1d7000 JavaThread "Attach Listener" daemon [_thread_blocked, id=9780, stack(0x000000001e6b0000,0x000000001e7b0000)]
  0x000000001e1d6000 JavaThread "Signal Dispatcher" daemon [_thread_blocked, id=8556, stack(0x000000001e5b0000,0x000000001e6b0000)]
  0x000000000272a800 JavaThread "Finalizer" daemon [_thread_blocked, id=8820, stack(0x000000001dfd0000,0x000000001e0d0000)]
  0x0000000002724000 JavaThread "Reference Handler" daemon [_thread_blocked, id=3456, stack(0x000000001ded0000,0x000000001dfd0000)]
  0x0000000000f6e000 JavaThread "main" [_thread_in_Java, id=5136, stack(0x0000000000dc0000,0x0000000000ec0000)]

Other Threads:
  0x000000001c0c9800 VMThread [stack: 0x000000001ddd0000,0x000000001ded0000] [id=11048]
  0x000000001e2b4800 WatcherThread [stack: 0x000000001efb0000,0x000000001f0b0000] [id=10420]

VM state:not at safepoint (normal execution)

VM Mutex/Monitor currently owned by a thread: None

Heap:
 PSYoungGen      total 190976K, used 50139K [0x000000076b800000, 0x000000077b100000, 0x00000007c0000000)
  eden space 190464K, 26% used [0x000000076b800000,0x000000076e8e6d58,0x0000000777200000)
  from space 512K, 12% used [0x000000077b080000,0x000000077b090000,0x000000077b100000)
  to   space 2560K, 0% used [0x000000077ac00000,0x000000077ac00000,0x000000077ae80000)
 ParOldGen       total 173568K, used 2019K [0x00000006c2800000, 0x00000006cd180000, 0x000000076b800000)
  object space 173568K, 1% used [0x00000006c2800000,0x00000006c29f8db8,0x00000006cd180000)
 Metaspace       used 7956K, capacity 8486K, committed 8704K, reserved 1056768K
  class space    used 642K, capacity 658K, committed 768K, reserved 1048576K

Card table byte_map: [0x0000000011af0000,0x00000000122e0000] byte_map_base: 0x000000000e4dc000

Marking Bits: (ParMarkBitMap*) 0x0000000070c0a5b0
 Begin Bits: [0x0000000013030000, 0x0000000016f90000)
 End Bits:   [0x0000000016f90000, 0x000000001aef0000)

Polling page: 0x0000000000560000

CodeCache: size=245760Kb used=2568Kb max_used=2572Kb free=243191Kb
 bounds [0x0000000002730000, 0x00000000029c0000, 0x0000000011730000]
 total_blobs=1112 nmethods=469 adapters=564
 compilation: enabled

Compilation events (10 events):
Event: 0.997 Thread 0x000000001e20a800  464       4       java.util.ArrayList::set (20 bytes)
Event: 0.998 Thread 0x000000001e20a800 nmethod 464 0x0000000002991490 code [0x00000000029915e0, 0x0000000002991758]
Event: 1.514 Thread 0x000000001e213800  465       3       org.lwjgl.opengl.GLChecks::ensureBufferObject (73 bytes)
Event: 1.514 Thread 0x000000001e213800 nmethod 465 0x0000000002994310 code [0x0000000002994460, 0x00000000029945b0]
Event: 1.614 Thread 0x000000001e213800  466       3       org.lwjgl.system.Checks::checkPointer (16 bytes)
Event: 1.614 Thread 0x000000001e213800 nmethod 466 0x0000000002993e50 code [0x0000000002993fc0, 0x0000000002994208]
Event: 1.714 Thread 0x000000001e213800  467       3       org.lwjgl.opengl.GL11::glEnableClientState (24 bytes)
Event: 1.715 Thread 0x000000001e213800 nmethod 467 0x0000000002992e10 code [0x0000000002993020, 0x00000000029938a8]
Event: 1.715 Thread 0x000000001e213800  469       3       org.lwjgl.opengl.GL11::glDisableClientState (24 bytes)
Event: 1.716 Thread 0x000000001e213800 nmethod 469 0x0000000002991a10 code [0x0000000002991c20, 0x00000000029924a8]

GC Heap History (10 events):
Event: 1.216 GC heap before
{Heap before GC invocations=10 (full 0):
 PSYoungGen      total 230400K, used 230144K [0x000000076b800000, 0x000000077b700000, 0x00000007c0000000)
  eden space 229888K, 100% used [0x000000076b800000,0x0000000779880000,0x0000000779880000)
  from space 512K, 50% used [0x000000077b380000,0x000000077b3c0000,0x000000077b400000)
  to   space 2560K, 0% used [0x000000077b480000,0x000000077b480000,0x000000077b700000)
 ParOldGen       total 173568K, used 1859K [0x00000006c2800000, 0x00000006cd180000, 0x000000076b800000)
  object space 173568K, 1% used [0x00000006c2800000,0x00000006c29d0db8,0x00000006cd180000)
 Metaspace       used 7954K, capacity 8486K, committed 8704K, reserved 1056768K
  class space    used 642K, capacity 658K, committed 768K, reserved 1048576K
Event: 1.217 GC heap after
Heap after GC invocations=10 (full 0):
 PSYoungGen      total 221696K, used 96K [0x000000076b800000, 0x000000077b500000, 0x00000007c0000000)
  eden space 221184K, 0% used [0x000000076b800000,0x000000076b800000,0x0000000779000000)
  from space 512K, 18% used [0x000000077b480000,0x000000077b498000,0x000000077b500000)
  to   space 2560K, 0% used [0x000000077b000000,0x000000077b000000,0x000000077b280000)
 ParOldGen       total 173568K, used 2019K [0x00000006c2800000, 0x00000006cd180000, 0x000000076b800000)
  object space 173568K, 1% used [0x00000006c2800000,0x00000006c29f8db8,0x00000006cd180000)
 Metaspace       used 7954K, capacity 8486K, committed 8704K, reserved 1056768K
  class space    used 642K, capacity 658K, committed 768K, reserved 1048576K
}
Event: 1.389 GC heap before
{Heap before GC invocations=11 (full 0):
 PSYoungGen      total 221696K, used 221280K [0x000000076b800000, 0x000000077b500000, 0x00000007c0000000)
  eden space 221184K, 100% used [0x000000076b800000,0x0000000779000000,0x0000000779000000)
  from space 512K, 18% used [0x000000077b480000,0x000000077b498000,0x000000077b500000)
  to   space 2560K, 0% used [0x000000077b000000,0x000000077b000000,0x000000077b280000)
 ParOldGen       total 173568K, used 2019K [0x00000006c2800000, 0x00000006cd180000, 0x000000076b800000)
  object space 173568K, 1% used [0x00000006c2800000,0x00000006c29f8db8,0x00000006cd180000)
 Metaspace       used 7954K, capacity 8486K, committed 8704K, reserved 1056768K
  class space    used 642K, capacity 658K, committed 768K, reserved 1048576K
Event: 1.389 GC heap after
Heap after GC invocations=11 (full 0):
 PSYoungGen      total 215552K, used 64K [0x000000076b800000, 0x000000077b500000, 0x00000007c0000000)
  eden space 212992K, 0% used [0x000000076b800000,0x000000076b800000,0x0000000778800000)
  from space 2560K, 2% used [0x000000077b000000,0x000000077b010000,0x000000077b280000)
  to   space 2560K, 0% used [0x000000077b280000,0x000000077b280000,0x000000077b500000)
 ParOldGen       total 173568K, used 2019K [0x00000006c2800000, 0x00000006cd180000, 0x000000076b800000)
  object space 173568K, 1% used [0x00000006c2800000,0x00000006c29f8db8,0x00000006cd180000)
 Metaspace       used 7954K, capacity 8486K, committed 8704K, reserved 1056768K
  class space    used 642K, capacity 658K, committed 768K, reserved 1048576K
}
Event: 1.552 GC heap before
{Heap before GC invocations=12 (full 0):
 PSYoungGen      total 215552K, used 213056K [0x000000076b800000, 0x000000077b500000, 0x00000007c0000000)
  eden space 212992K, 100% used [0x000000076b800000,0x0000000778800000,0x0000000778800000)
  from space 2560K, 2% used [0x000000077b000000,0x000000077b010000,0x000000077b280000)
  to   space 2560K, 0% used [0x000000077b280000,0x000000077b280000,0x000000077b500000)
 ParOldGen       total 173568K, used 2019K [0x00000006c2800000, 0x00000006cd180000, 0x000000076b800000)
  object space 173568K, 1% used [0x00000006c2800000,0x00000006c29f8db8,0x00000006cd180000)
 Metaspace       used 7955K, capacity 8486K, committed 8704K, reserved 1056768K
  class space    used 642K, capacity 658K, committed 768K, reserved 1048576K
Event: 1.553 GC heap after
Heap after GC invocations=12 (full 0):
 PSYoungGen      total 205824K, used 64K [0x000000076b800000, 0x000000077b300000, 0x00000007c0000000)
  eden space 205312K, 0% used [0x000000076b800000,0x000000076b800000,0x0000000778080000)
  from space 512K, 12% used [0x000000077b280000,0x000000077b290000,0x000000077b300000)
  to   space 2560K, 0% used [0x000000077ae00000,0x000000077ae00000,0x000000077b080000)
 ParOldGen       total 173568K, used 2019K [0x00000006c2800000, 0x00000006cd180000, 0x000000076b800000)
  object space 173568K, 1% used [0x00000006c2800000,0x00000006c29f8db8,0x00000006cd180000)
 Metaspace       used 7955K, capacity 8486K, committed 8704K, reserved 1056768K
  class space    used 642K, capacity 658K, committed 768K, reserved 1048576K
}
Event: 1.707 GC heap before
{Heap before GC invocations=13 (full 0):
 PSYoungGen      total 205824K, used 205376K [0x000000076b800000, 0x000000077b300000, 0x00000007c0000000)
  eden space 205312K, 100% used [0x000000076b800000,0x0000000778080000,0x0000000778080000)
  from space 512K, 12% used [0x000000077b280000,0x000000077b290000,0x000000077b300000)
  to   space 2560K, 0% used [0x000000077ae00000,0x000000077ae00000,0x000000077b080000)
 ParOldGen       total 173568K, used 2019K [0x00000006c2800000, 0x00000006cd180000, 0x000000076b800000)
  object space 173568K, 1% used [0x00000006c2800000,0x00000006c29f8db8,0x00000006cd180000)
 Metaspace       used 7955K, capacity 8486K, committed 8704K, reserved 1056768K
  class space    used 642K, capacity 658K, committed 768K, reserved 1048576K
Event: 1.708 GC heap after
Heap after GC invocations=13 (full 0):
 PSYoungGen      total 200192K, used 64K [0x000000076b800000, 0x000000077b300000, 0x00000007c0000000)
  eden space 197632K, 0% used [0x000000076b800000,0x000000076b800000,0x0000000777900000)
  from space 2560K, 2% used [0x000000077ae00000,0x000000077ae10000,0x000000077b080000)
  to   space 2560K, 0% used [0x000000077b080000,0x000000077b080000,0x000000077b300000)
 ParOldGen       total 173568K, used 2019K [0x00000006c2800000, 0x00000006cd180000, 0x000000076b800000)
  object space 173568K, 1% used [0x00000006c2800000,0x00000006c29f8db8,0x00000006cd180000)
 Metaspace       used 7955K, capacity 8486K, committed 8704K, reserved 1056768K
  class space    used 642K, capacity 658K, committed 768K, reserved 1048576K
}
Event: 1.857 GC heap before
{Heap before GC invocations=14 (full 0):
 PSYoungGen      total 200192K, used 197696K [0x000000076b800000, 0x000000077b300000, 0x00000007c0000000)
  eden space 197632K, 100% used [0x000000076b800000,0x0000000777900000,0x0000000777900000)
  from space 2560K, 2% used [0x000000077ae00000,0x000000077ae10000,0x000000077b080000)
  to   space 2560K, 0% used [0x000000077b080000,0x000000077b080000,0x000000077b300000)
 ParOldGen       total 173568K, used 2019K [0x00000006c2800000, 0x00000006cd180000, 0x000000076b800000)
  object space 173568K, 1% used [0x00000006c2800000,0x00000006c29f8db8,0x00000006cd180000)
 Metaspace       used 7956K, capacity 8486K, committed 8704K, reserved 1056768K
  class space    used 642K, capacity 658K, committed 768K, reserved 1048576K
Event: 1.858 GC heap after
Heap after GC invocations=14 (full 0):
 PSYoungGen      total 190976K, used 64K [0x000000076b800000, 0x000000077b100000, 0x00000007c0000000)
  eden space 190464K, 0% used [0x000000076b800000,0x000000076b800000,0x0000000777200000)
  from space 512K, 12% used [0x000000077b080000,0x000000077b090000,0x000000077b100000)
  to   space 2560K, 0% used [0x000000077ac00000,0x000000077ac00000,0x000000077ae80000)
 ParOldGen       total 173568K, used 2019K [0x00000006c2800000, 0x00000006cd180000, 0x000000076b800000)
  object space 173568K, 1% used [0x00000006c2800000,0x00000006c29f8db8,0x00000006cd180000)
 Metaspace       used 7956K, capacity 8486K, committed 8704K, reserved 1056768K
  class space    used 642K, capacity 658K, committed 768K, reserved 1048576K
}

Deoptimization events (10 events):
Event: 0.127 Thread 0x000000001e3be800 Uncommon trap: reason=unstable_if action=reinterpret pc=0x000000000286be24 method=java.util.HashMap$HashIterator.<init>(Ljava/util/HashMap;)V @ 38
Event: 0.135 Thread 0x000000001e3be800 Uncommon trap: reason=bimorphic action=maybe_recompile pc=0x0000000002873f34 method=java.util.HashMap.getNode(ILjava/lang/Object;)Ljava/util/HashMap$Node; @ 126
Event: 0.377 Thread 0x000000001e3be800 Uncommon trap: reason=bimorphic action=maybe_recompile pc=0x0000000002873f34 method=java.util.HashMap.getNode(ILjava/lang/Object;)Ljava/util/HashMap$Node; @ 126
Event: 0.377 Thread 0x000000001e3be800 Uncommon trap: reason=bimorphic action=maybe_recompile pc=0x0000000002873f34 method=java.util.HashMap.getNode(ILjava/lang/Object;)Ljava/util/HashMap$Node; @ 126
Event: 0.382 Thread 0x000000001e3be800 Uncommon trap: reason=unstable_if action=reinterpret pc=0x000000000286b198 method=java.util.HashMap.keySet()Ljava/util/Set; @ 6
Event: 0.646 Thread 0x000000001e3be800 Uncommon trap: reason=unstable_if action=reinterpret pc=0x000000000286c104 method=java.util.HashMap.clear()V @ 16
Event: 0.646 Thread 0x000000001e3be800 Uncommon trap: reason=unstable_if action=reinterpret pc=0x000000000286af58 method=java.util.HashMap.clear()V @ 16
Event: 0.646 Thread 0x0000000000f6e000 Uncommon trap: reason=unstable_if action=reinterpret pc=0x000000000288def0 method=main.coreEngine.TickableThread.invoke(Ljava/lang/String;[Ljava/lang/Object;)V @ 53
Event: 0.646 Thread 0x000000001e3bb800 Uncommon trap: reason=unstable_if action=reinterpret pc=0x0000000002896ff4 method=main.coreEngine.TickableThread.run()V @ 58
Event: 0.740 Thread 0x000000001e3bb800 Uncommon trap: reason=unstable_if action=reinterpret pc=0x00000000029a3330 method=main.coreEngine.TickableThread.run()V @ 461

Internal exceptions (8 events):
Event: 0.024 Thread 0x0000000000f6e000 Exception <a 'java/lang/NoSuchMethodError': Method sun.misc.Unsafe.defineClass(Ljava/lang/String;[BII)Ljava/lang/Class; name or signature does not match> (0x000000076b80d9b8) thrown at [C:\workspace\8-2-build-windows-amd64-cygwin\jdk8u65\4987\hotspot\src\sŽ_»º•Ú˜?
Event: 0.024 Thread 0x0000000000f6e000 Exception <a 'java/lang/NoSuchMethodError': Method sun.misc.Unsafe.prefetchRead(Ljava/lang/Object;J)V name or signature does not match> (0x000000076b80dca0) thrown at [C:\workspace\8-2-build-windows-amd64-cygwin\jdk8u65\4987\hotspot\src\share\vm\prims\jni.y4ï7
qÃ?
Event: 0.152 Thread 0x000000001e3be800 Exception <a 'java/lang/ArrayIndexOutOfBoundsException': -1> (0x000000076cae96d8) thrown at [C:\workspace\8-2-build-windows-amd64-cygwin\jdk8u65\4987\hotspot\src\share\vm\interpreter\interpreterRuntime.cpp, line 366]
Event: 0.377 Thread 0x000000001e3be800 Exception <a 'java/security/PrivilegedActionException'> (0x000000076d608770) thrown at [C:\workspace\8-2-build-windows-amd64-cygwin\jdk8u65\4987\hotspot\src\share\vm\prims\jvm.cpp, line 1386]
Event: 0.377 Thread 0x000000001e3be800 Exception <a 'java/security/PrivilegedActionException'> (0x000000076d608b68) thrown at [C:\workspace\8-2-build-windows-amd64-cygwin\jdk8u65\4987\hotspot\src\share\vm\prims\jvm.cpp, line 1386]
Event: 0.378 Thread 0x000000001e3be800 Exception <a 'java/security/PrivilegedActionException'> (0x000000076d60ce10) thrown at [C:\workspace\8-2-build-windows-amd64-cygwin\jdk8u65\4987\hotspot\src\share\vm\prims\jvm.cpp, line 1386]
Event: 0.378 Thread 0x000000001e3be800 Exception <a 'java/security/PrivilegedActionException'> (0x000000076d60d208) thrown at [C:\workspace\8-2-build-windows-amd64-cygwin\jdk8u65\4987\hotspot\src\share\vm\prims\jvm.cpp, line 1386]
Event: 0.646 Thread 0x0000000000f6e000 Implicit null exception at 0x000000000288d8fc to 0x000000000288dec9

Events (10 events):
Event: 1.216 Executing VM operation: ParallelGCFailedAllocation
Event: 1.217 Executing VM operation: ParallelGCFailedAllocation done
Event: 1.389 Executing VM operation: ParallelGCFailedAllocation
Event: 1.390 Executing VM operation: ParallelGCFailedAllocation done
Event: 1.552 Executing VM operation: ParallelGCFailedAllocation
Event: 1.553 Executing VM operation: ParallelGCFailedAllocation done
Event: 1.707 Executing VM operation: ParallelGCFailedAllocation
Event: 1.708 Executing VM operation: ParallelGCFailedAllocation done
Event: 1.857 Executing VM operation: ParallelGCFailedAllocation
Event: 1.858 Executing VM operation: ParallelGCFailedAllocation done


Dynamic libraries:
0x00007ff7d2c20000 - 0x00007ff7d2c57000 	C:\Program Files\Java\jdk1.8.0_65\bin\java.exe
0x00007ffde4980000 - 0x00007ffde4b41000 	C:\WINDOWS\SYSTEM32\ntdll.dll
0x00007ffde42a0000 - 0x00007ffde434d000 	C:\WINDOWS\system32\KERNEL32.DLL
0x00007ffde19f0000 - 0x00007ffde1bd8000 	C:\WINDOWS\system32\KERNELBASE.dll
0x00007ffde1e70000 - 0x00007ffde1f17000 	C:\WINDOWS\system32\ADVAPI32.dll
0x00007ffde3800000 - 0x00007ffde389d000 	C:\WINDOWS\system32\msvcrt.dll
0x00007ffde1e10000 - 0x00007ffde1e6b000 	C:\WINDOWS\system32\sechost.dll
0x00007ffde3bd0000 - 0x00007ffde3cec000 	C:\WINDOWS\system32\RPCRT4.dll
0x00007ffde3fe0000 - 0x00007ffde4136000 	C:\WINDOWS\system32\USER32.dll
0x00007ffde3cf0000 - 0x00007ffde3e76000 	C:\WINDOWS\system32\GDI32.dll
0x00007ffddd690000 - 0x00007ffddd904000 	C:\WINDOWS\WinSxS\amd64_microsoft.windows.common-controls_6595b64144ccf1df_6.0.10586.0_none_8c15ae12515e1c22\COMCTL32.dll
0x00007ffde3950000 - 0x00007ffde3bcd000 	C:\WINDOWS\system32\combase.dll
0x00007ffde1cf0000 - 0x00007ffde1d5a000 	C:\WINDOWS\system32\bcryptPrimitives.dll
0x00007ffde1dc0000 - 0x00007ffde1dfb000 	C:\WINDOWS\system32\IMM32.DLL
0x0000000070c90000 - 0x0000000070d62000 	C:\Program Files\Java\jdk1.8.0_65\jre\bin\msvcr100.dll
0x0000000070400000 - 0x0000000070c89000 	C:\Program Files\Java\jdk1.8.0_65\jre\bin\server\jvm.dll
0x00007ffde4290000 - 0x00007ffde4298000 	C:\WINDOWS\system32\PSAPI.DLL
0x00007ffdd8550000 - 0x00007ffdd8559000 	C:\WINDOWS\SYSTEM32\WSOCK32.dll
0x00007ffddd9c0000 - 0x00007ffddd9ca000 	C:\WINDOWS\SYSTEM32\VERSION.dll
0x00007ffddf730000 - 0x00007ffddf753000 	C:\WINDOWS\SYSTEM32\WINMM.dll
0x00007ffde4470000 - 0x00007ffde44db000 	C:\WINDOWS\system32\WS2_32.dll
0x0000000002600000 - 0x000000000262c000 	C:\WINDOWS\SYSTEM32\WINMMBASE.dll
0x00007ffde1be0000 - 0x00007ffde1c23000 	C:\WINDOWS\system32\cfgmgr32.dll
0x00000000703f0000 - 0x00000000703ff000 	C:\Program Files\Java\jdk1.8.0_65\jre\bin\verify.dll
0x00000000703c0000 - 0x00000000703e9000 	C:\Program Files\Java\jdk1.8.0_65\jre\bin\java.dll
0x0000000070380000 - 0x00000000703b5000 	C:\Program Files\Java\jdk1.8.0_65\jre\bin\jdwp.dll
0x0000000070370000 - 0x0000000070378000 	C:\Program Files\Java\jdk1.8.0_65\jre\bin\npt.dll
0x0000000070350000 - 0x0000000070366000 	C:\Program Files\Java\jdk1.8.0_65\jre\bin\zip.dll
0x00007ffde1f80000 - 0x00007ffde34dc000 	C:\WINDOWS\system32\SHELL32.dll
0x00007ffde11d0000 - 0x00007ffde1815000 	C:\WINDOWS\system32\windows.storage.dll
0x00007ffde36b0000 - 0x00007ffde3702000 	C:\WINDOWS\system32\shlwapi.dll
0x00007ffde0fb0000 - 0x00007ffde0fbf000 	C:\WINDOWS\system32\kernel.appcore.dll
0x00007ffde1c30000 - 0x00007ffde1ce5000 	C:\WINDOWS\system32\shcore.dll
0x00007ffde0fc0000 - 0x00007ffde100b000 	C:\WINDOWS\system32\powrprof.dll
0x00007ffde0f80000 - 0x00007ffde0f94000 	C:\WINDOWS\system32\profapi.dll
0x0000000070340000 - 0x0000000070349000 	C:\Program Files\Java\jdk1.8.0_65\jre\bin\dt_socket.dll
0x00007ffde08b0000 - 0x00007ffde090c000 	C:\WINDOWS\system32\mswsock.dll
0x00007ffdd2a90000 - 0x00007ffdd2b18000 	D:\Code\Java\Projects\WireEngine20\lib\native\lwjgl.dll
0x00007ffde0a80000 - 0x00007ffde0a8b000 	C:\WINDOWS\SYSTEM32\CRYPTBASE.DLL
0x00007ffdd4190000 - 0x00007ffdd41d2000 	D:\Code\Java\Projects\WireEngine20\lib\native\jemalloc.dll
0x00007ffdd3df0000 - 0x00007ffdd3e28000 	D:\Code\Java\Projects\WireEngine20\lib\native\glfw.dll
0x00007ffddf850000 - 0x00007ffddf8e6000 	C:\WINDOWS\system32\uxtheme.dll
0x00007ffdde650000 - 0x00007ffdde672000 	C:\WINDOWS\SYSTEM32\dwmapi.dll
0x00007ffdc9d10000 - 0x00007ffdc9e39000 	C:\WINDOWS\SYSTEM32\opengl32.dll
0x00007ffdc8ba0000 - 0x00007ffdc8c9a000 	C:\WINDOWS\SYSTEM32\DDRAW.dll
0x00007ffdcc690000 - 0x00007ffdcc6be000 	C:\WINDOWS\SYSTEM32\GLU32.dll
0x00007ffdd3d80000 - 0x00007ffdd3d88000 	C:\WINDOWS\SYSTEM32\DCIMAN32.dll
0x00007ffde3e80000 - 0x00007ffde3fda000 	C:\WINDOWS\system32\MSCTF.dll
0x00007ffdc3f50000 - 0x00007ffdc3f99000 	C:\Program Files (x86)\TeamViewer\tv_x64.dll
0x00007ffde4140000 - 0x00007ffde4283000 	C:\WINDOWS\system32\ole32.dll
0x000000006e5f0000 - 0x0000000070339000 	C:\WINDOWS\SYSTEM32\nvoglv64.DLL
0x00007ffde4550000 - 0x00007ffde4979000 	C:\WINDOWS\system32\SETUPAPI.dll
0x00007ffddf2f0000 - 0x00007ffddf303000 	C:\WINDOWS\SYSTEM32\WTSAPI32.dll
0x00007ffddf9a0000 - 0x00007ffddf9c7000 	C:\WINDOWS\SYSTEM32\DEVOBJ.dll
0x00007ffde1170000 - 0x00007ffde11c5000 	C:\WINDOWS\system32\WINTRUST.dll
0x00007ffde0fa0000 - 0x00007ffde0fb0000 	C:\WINDOWS\system32\MSASN1.dll
0x00007ffde1820000 - 0x00007ffde19e7000 	C:\WINDOWS\system32\CRYPT32.dll
0x00007ffde04d0000 - 0x00007ffde0501000 	C:\WINDOWS\SYSTEM32\ntmarta.dll
0x00007ffde0220000 - 0x00007ffde0276000 	C:\WINDOWS\SYSTEM32\WINSTA.dll
0x00007ffde38a0000 - 0x00007ffde3947000 	C:\WINDOWS\system32\clbcatq.dll
0x00007ffdb9de0000 - 0x00007ffdb9f6c000 	C:\WINDOWS\SYSTEM32\dbghelp.dll

VM Arguments:
jvm_args: -agentlib:jdwp=transport=dt_socket,address=127.0.0.1:61388,suspend=y,server=n -Djava.library.path=lib/native/ -Dfile.encoding=UTF-8 
java_command: main.Main
java_class_path (initial): C:\Program Files\Java\jdk1.8.0_65\jre\lib\charsets.jar;C:\Program Files\Java\jdk1.8.0_65\jre\lib\deploy.jar;C:\Program Files\Java\jdk1.8.0_65\jre\lib\ext\access-bridge-64.jar;C:\Program Files\Java\jdk1.8.0_65\jre\lib\ext\cldrdata.jar;C:\Program Files\Java\jdk1.8.0_65\jre\lib\ext\dnsns.jar;C:\Program Files\Java\jdk1.8.0_65\jre\lib\ext\jaccess.jar;C:\Program Files\Java\jdk1.8.0_65\jre\lib\ext\jfxrt.jar;C:\Program Files\Java\jdk1.8.0_65\jre\lib\ext\localedata.jar;C:\Program Files\Java\jdk1.8.0_65\jre\lib\ext\nashorn.jar;C:\Program Files\Java\jdk1.8.0_65\jre\lib\ext\sunec.jar;C:\Program Files\Java\jdk1.8.0_65\jre\lib\ext\sunjce_provider.jar;C:\Program Files\Java\jdk1.8.0_65\jre\lib\ext\sunmscapi.jar;C:\Program Files\Java\jdk1.8.0_65\jre\lib\ext\sunpkcs11.jar;C:\Program Files\Java\jdk1.8.0_65\jre\lib\ext\zipfs.jar;C:\Program Files\Java\jdk1.8.0_65\jre\lib\javaws.jar;C:\Program Files\Java\jdk1.8.0_65\jre\lib\jce.jar;C:\Program Files\Java\jdk1.8.0_65\jre\lib\jfr.jar;C:\Program Files\Java\jdk1.8.0_65\jre\lib\jfxswt.jar;C:\Program Files\Java\jdk1.8.0_65\jre\lib\jsse.jar;C:\Program Files\Java\jdk1.8.0_65\jre\lib\management-agent.jar;C:\Program Files\Java\jdk1.8.0_65\jre\lib\plugin.jar;C:\Program Files\Java\jdk1.8.0_65\jre\lib\resources.jar;C:\Program Files\Java\jdk1.8.0_65\jre\lib\rt.jar;D:\Code\Java\Projects\WireEngine20\out\production\WireEngine20;D:\Code\Java\Projects\WireEngine20\lib\jar\lwjgl.jar;D:\Program Files (x86)\JetBrains\IntelliJ IDEA 2016.1\lib\idea_rt.jar
Launcher Type: SUN_STANDARD

Environment Variables:
JAVA_HOME=C:\Program Files\Java\jdk1.8.0_65
PATH=C:\ProgramData\Oracle\Java\javapath;C:\Program Files (x86)\Razer Chroma SDK\bin;C:\Program Files\Razer Chroma SDK\bin;C:\Program Files (x86)\NVIDIA Corporation\PhysX\Common;C:\Program Files (x86)\Intel\iCLS Client\;C:\Program Files\Intel\iCLS Client\;C:\Windows\system32;C:\Windows;C:\Windows\System32\Wbem;C:\Windows\System32\WindowsPowerShell\v1.0\;C:\Program Files\Intel\Intel(R) Management Engine Components\DAL;C:\Program Files (x86)\Intel\Intel(R) Management Engine Components\DAL;C:\Program Files\Intel\Intel(R) Management Engine Components\IPT;C:\Program Files (x86)\Intel\Intel(R) Management Engine Components\IPT;C:\Program Files\Java\jre1.8.0_65\bin;C:\MinGW\bin;C:\WINDOWS\system32;C:\WINDOWS;C:\WINDOWS\System32\Wbem;C:\WINDOWS\System32\WindowsPowerShell\v1.0\;D:\Program Files (x86)\CMake\bin;D:\Program Files\Programs\Python\Python35-32;D:\Program Files\Programs\Python\Python35-32\Scripts;C:\Program Files (x86)\Skype\Phone\;D:\Program Files\Programs\Python\Python35-32\Scripts\;D:\Program Files\Programs\Python\Python35-32\
USERNAME=Kelan
OS=Windows_NT
PROCESSOR_IDENTIFIER=Intel64 Family 6 Model 60 Stepping 3, GenuineIntel



---------------  S Y S T E M  ---------------

OS: Windows 10.0 , 64 bit Build 10586 (10.0.10586.0)

CPU:total 8 (4 cores per cpu, 2 threads per core) family 6 model 60 stepping 3, cmov, cx8, fxsr, mmx, sse, sse2, sse3, ssse3, sse4.1, sse4.2, popcnt, avx, avx2, aes, clmul, erms, lzcnt, ht, tsc, tscinvbit, bmi1, bmi2

Memory: 4k page, physical 16609500k(5383596k free), swap 33386716k(19499620k free)

vm_info: Java HotSpot(TM) 64-Bit Server VM (25.65-b01) for windows-amd64 JRE (1.8.0_65-b17), built on Oct  6 2015 16:39:20 by "java_re" with MS VC++ 10.0 (VS2010)

time: Sat Apr 09 16:39:23 2016
elapsed time: 1 seconds (0d 0h 0m 1s)

